<?xml version="1.0" encoding="UTF-8" ?>
<testsuite tests="13" failures="0" name="org.jfree.data.xy.XIntervalSeriesTest" time="0.005" errors="0" skipped="0">
  <properties>
    <property name="java.runtime.name" value="Java(TM) SE Runtime Environment"/>
    <property name="java.vm.version" value="11.0.2+7-LTS"/>
    <property name="sun.boot.library.path" value="C:\Program Files\Java\jdk-11.0.2\bin"/>
    <property name="maven.multiModuleProjectDirectory" value="C:\Users\ankit\IdeaProjects\SOEN6611\jfreechart\jfreechart-master"/>
    <property name="java.vm.vendor" value="Oracle Corporation"/>
    <property name="java.vendor.url" value="http://java.oracle.com/"/>
    <property name="guice.disable.misplaced.annotation.check" value="true"/>
    <property name="path.separator" value=";"/>
    <property name="java.vm.name" value="Java HotSpot(TM) 64-Bit Server VM"/>
    <property name="sun.os.patch.level" value=""/>
    <property name="user.script" value=""/>
    <property name="user.country" value="US"/>
    <property name="sun.java.launcher" value="SUN_STANDARD"/>
    <property name="java.vm.specification.name" value="Java Virtual Machine Specification"/>
    <property name="user.dir" value="C:\Users\ankit\IdeaProjects\SOEN6611\jfreechart\jfreechart-master"/>
    <property name="java.vm.compressedOopsMode" value="32-bit"/>
    <property name="java.runtime.version" value="11.0.2+7-LTS"/>
    <property name="java.awt.graphicsenv" value="sun.awt.Win32GraphicsEnvironment"/>
    <property name="os.arch" value="amd64"/>
    <property name="java.io.tmpdir" value="C:\Users\ankit\AppData\Local\Temp\"/>
    <property name="line.separator" value="
"/>
    <property name="java.vm.specification.vendor" value="Oracle Corporation"/>
    <property name="user.variant" value=""/>
    <property name="os.name" value="Windows 10"/>
    <property name="classworlds.conf" value="C:\Users\ankit\ideaIC-2019.1.3-jbr11.win\plugins\maven\lib\maven3\bin\m2.conf"/>
    <property name="sun.jnu.encoding" value="Cp1252"/>
    <property name="java.library.path" value="C:\Program Files\Java\jdk-11.0.2\bin;C:\Windows\Sun\Java\bin;C:\Windows\system32;C:\Windows;C:\Windows\system32;C:\Windows;C:\Windows\System32\Wbem;C:\Windows\System32\WindowsPowerShell\v1.0\;C:\Windows\System32\OpenSSH\;C:\Program Files\Git\cmd;C:\Program Files\Java\jdk-11.0.2\bin;C:\HashiCorp\Vagrant\bin;C:\Program Files\nodejs\;C:\Users\ankit\AppData\Local\Programs\Python\Python36\Scripts\;C:\Users\ankit\AppData\Local\Programs\Python\Python36\;C:\Users\ankit\AppData\Local\Microsoft\WindowsApps;C:\Users\ankit\Downloads\curl-7.61.1_5-win64-mingw\curl-7.61.1-win64-mingw\bin;C:\Program Files\JetBrains\PyCharm 2018.3\bin;;C:\Program Files\Java\jdk-11.0.2\bin;C:\Program Files\Java\jdk-11.0.2\lib;C:\Users\ankit\AppData\Roaming\npm;."/>
    <property name="jdk.debug" value="release"/>
    <property name="java.class.version" value="55.0"/>
    <property name="java.specification.name" value="Java Platform API Specification"/>
    <property name="sun.management.compiler" value="HotSpot 64-Bit Tiered Compilers"/>
    <property name="os.version" value="10.0"/>
    <property name="user.home" value="C:\Users\ankit"/>
    <property name="user.timezone" value="America/New_York"/>
    <property name="java.awt.printerjob" value="sun.awt.windows.WPrinterJob"/>
    <property name="file.encoding" value="UTF-8"/>
    <property name="java.specification.version" value="11"/>
    <property name="user.name" value="ankit"/>
    <property name="java.class.path" value="C:\Users\ankit\ideaIC-2019.1.3-jbr11.win\plugins\maven\lib\maven3\boot\plexus-classworlds-2.5.2.jar"/>
    <property name="java.vm.specification.version" value="11"/>
    <property name="sun.arch.data.model" value="64"/>
    <property name="sun.java.command" value="org.codehaus.classworlds.Launcher -Didea.version2019.1.3 test"/>
    <property name="java.home" value="C:\Program Files\Java\jdk-11.0.2"/>
    <property name="user.language" value="en"/>
    <property name="java.specification.vendor" value="Oracle Corporation"/>
    <property name="idea.version2019.1.3" value="true"/>
    <property name="awt.toolkit" value="sun.awt.windows.WToolkit"/>
    <property name="java.vm.info" value="mixed mode"/>
    <property name="java.version" value="11.0.2"/>
    <property name="java.vendor" value="Oracle Corporation"/>
    <property name="maven.home" value="C:\Users\ankit\ideaIC-2019.1.3-jbr11.win\plugins\maven\lib\maven3"/>
    <property name="file.separator" value="\"/>
    <property name="java.version.date" value="2018-10-16"/>
    <property name="java.vendor.url.bug" value="http://bugreport.java.com/bugreport/"/>
    <property name="sun.io.unicode.encoding" value="UnicodeLittle"/>
    <property name="sun.cpu.endian" value="little"/>
    <property name="java.vendor.version" value="18.9"/>
    <property name="sun.desktop" value="windows"/>
    <property name="sun.cpu.isalist" value="amd64"/>
  </properties>
  <testcase classname="org.jfree.data.xy.XIntervalSeriesTest" name="testSerialization" time="0"/>
  <testcase classname="org.jfree.data.xy.XIntervalSeriesTest" name="testAdd" time="0"/>
  <testcase classname="org.jfree.data.xy.XIntervalSeriesTest" name="testSetMaximumItemCount2" time="0"/>
  <testcase classname="org.jfree.data.xy.XIntervalSeriesTest" name="testClear" time="0"/>
  <testcase classname="org.jfree.data.xy.XIntervalSeriesTest" name="testSetMaximumItemCount" time="0"/>
  <testcase classname="org.jfree.data.xy.XIntervalSeriesTest" name="testCloning" time="0"/>
  <testcase classname="org.jfree.data.xy.XIntervalSeriesTest" name="testAdditionOfDuplicateXValues" time="0"/>
  <testcase classname="org.jfree.data.xy.XIntervalSeriesTest" name="testGetXHighValue" time="0"/>
  <testcase classname="org.jfree.data.xy.XIntervalSeriesTest" name="testIndexOf2" time="0"/>
  <testcase classname="org.jfree.data.xy.XIntervalSeriesTest" name="testEquals" time="0"/>
  <testcase classname="org.jfree.data.xy.XIntervalSeriesTest" name="testGetXLowValue" time="0"/>
  <testcase classname="org.jfree.data.xy.XIntervalSeriesTest" name="testIndexOf" time="0"/>
  <testcase classname="org.jfree.data.xy.XIntervalSeriesTest" name="testRemove" time="0"/>
</testsuite>