<?xml version="1.0" encoding="UTF-8" ?>
<testsuite tests="60" failures="0" name="org.jfree.data.general.DatasetUtilsTest" time="0.007" errors="0" skipped="0">
  <properties>
    <property name="java.runtime.name" value="Java(TM) SE Runtime Environment"/>
    <property name="java.vm.version" value="11.0.2+7-LTS"/>
    <property name="sun.boot.library.path" value="C:\Program Files\Java\jdk-11.0.2\bin"/>
    <property name="maven.multiModuleProjectDirectory" value="C:\Users\ankit\IdeaProjects\SOEN6611\jfreechart\jfreechart-master"/>
    <property name="java.vm.vendor" value="Oracle Corporation"/>
    <property name="java.vendor.url" value="http://java.oracle.com/"/>
    <property name="guice.disable.misplaced.annotation.check" value="true"/>
    <property name="path.separator" value=";"/>
    <property name="java.vm.name" value="Java HotSpot(TM) 64-Bit Server VM"/>
    <property name="sun.os.patch.level" value=""/>
    <property name="user.script" value=""/>
    <property name="user.country" value="US"/>
    <property name="sun.java.launcher" value="SUN_STANDARD"/>
    <property name="java.vm.specification.name" value="Java Virtual Machine Specification"/>
    <property name="user.dir" value="C:\Users\ankit\IdeaProjects\SOEN6611\jfreechart\jfreechart-master"/>
    <property name="java.vm.compressedOopsMode" value="32-bit"/>
    <property name="java.runtime.version" value="11.0.2+7-LTS"/>
    <property name="java.awt.graphicsenv" value="sun.awt.Win32GraphicsEnvironment"/>
    <property name="os.arch" value="amd64"/>
    <property name="java.io.tmpdir" value="C:\Users\ankit\AppData\Local\Temp\"/>
    <property name="line.separator" value="
"/>
    <property name="java.vm.specification.vendor" value="Oracle Corporation"/>
    <property name="user.variant" value=""/>
    <property name="os.name" value="Windows 10"/>
    <property name="classworlds.conf" value="C:\Users\ankit\ideaIC-2019.1.3-jbr11.win\plugins\maven\lib\maven3\bin\m2.conf"/>
    <property name="sun.jnu.encoding" value="Cp1252"/>
    <property name="java.library.path" value="C:\Program Files\Java\jdk-11.0.2\bin;C:\Windows\Sun\Java\bin;C:\Windows\system32;C:\Windows;C:\Windows\system32;C:\Windows;C:\Windows\System32\Wbem;C:\Windows\System32\WindowsPowerShell\v1.0\;C:\Windows\System32\OpenSSH\;C:\Program Files\Git\cmd;C:\Program Files\Java\jdk-11.0.2\bin;C:\HashiCorp\Vagrant\bin;C:\Program Files\nodejs\;C:\Users\ankit\AppData\Local\Programs\Python\Python36\Scripts\;C:\Users\ankit\AppData\Local\Programs\Python\Python36\;C:\Users\ankit\AppData\Local\Microsoft\WindowsApps;C:\Users\ankit\Downloads\curl-7.61.1_5-win64-mingw\curl-7.61.1-win64-mingw\bin;C:\Program Files\JetBrains\PyCharm 2018.3\bin;;C:\Program Files\Java\jdk-11.0.2\bin;C:\Program Files\Java\jdk-11.0.2\lib;C:\Users\ankit\AppData\Roaming\npm;."/>
    <property name="jdk.debug" value="release"/>
    <property name="java.class.version" value="55.0"/>
    <property name="java.specification.name" value="Java Platform API Specification"/>
    <property name="sun.management.compiler" value="HotSpot 64-Bit Tiered Compilers"/>
    <property name="os.version" value="10.0"/>
    <property name="user.home" value="C:\Users\ankit"/>
    <property name="user.timezone" value="America/New_York"/>
    <property name="java.awt.printerjob" value="sun.awt.windows.WPrinterJob"/>
    <property name="file.encoding" value="UTF-8"/>
    <property name="java.specification.version" value="11"/>
    <property name="user.name" value="ankit"/>
    <property name="java.class.path" value="C:\Users\ankit\ideaIC-2019.1.3-jbr11.win\plugins\maven\lib\maven3\boot\plexus-classworlds-2.5.2.jar"/>
    <property name="java.vm.specification.version" value="11"/>
    <property name="sun.arch.data.model" value="64"/>
    <property name="sun.java.command" value="org.codehaus.classworlds.Launcher -Didea.version2019.1.3 test"/>
    <property name="java.home" value="C:\Program Files\Java\jdk-11.0.2"/>
    <property name="user.language" value="en"/>
    <property name="java.specification.vendor" value="Oracle Corporation"/>
    <property name="idea.version2019.1.3" value="true"/>
    <property name="awt.toolkit" value="sun.awt.windows.WToolkit"/>
    <property name="java.vm.info" value="mixed mode"/>
    <property name="java.version" value="11.0.2"/>
    <property name="java.vendor" value="Oracle Corporation"/>
    <property name="maven.home" value="C:\Users\ankit\ideaIC-2019.1.3-jbr11.win\plugins\maven\lib\maven3"/>
    <property name="file.separator" value="\"/>
    <property name="java.version.date" value="2018-10-16"/>
    <property name="java.vendor.url.bug" value="http://bugreport.java.com/bugreport/"/>
    <property name="sun.io.unicode.encoding" value="UnicodeLittle"/>
    <property name="sun.cpu.endian" value="little"/>
    <property name="java.vendor.version" value="18.9"/>
    <property name="sun.desktop" value="windows"/>
    <property name="sun.cpu.isalist" value="amd64"/>
  </properties>
  <testcase classname="org.jfree.data.general.DatasetUtilsTest" name="testIterateDomainBounds_NaN2" time="0"/>
  <testcase classname="org.jfree.data.general.DatasetUtilsTest" name="testIterateToFindDomainBounds_IntervalXYDataset" time="0"/>
  <testcase classname="org.jfree.data.general.DatasetUtilsTest" name="testIterateToFindRangeBounds_StatisticalCategoryDataset" time="0"/>
  <testcase classname="org.jfree.data.general.DatasetUtilsTest" name="testFindStackedRangeBoundsForTableXYDataset1" time="0"/>
  <testcase classname="org.jfree.data.general.DatasetUtilsTest" name="testFindStackedRangeBoundsForTableXYDataset2" time="0"/>
  <testcase classname="org.jfree.data.general.DatasetUtilsTest" name="testLimitPieDataset" time="0"/>
  <testcase classname="org.jfree.data.general.DatasetUtilsTest" name="testIterateRangeBounds" time="0"/>
  <testcase classname="org.jfree.data.general.DatasetUtilsTest" name="testMaximumStackedRangeValue" time="0"/>
  <testcase classname="org.jfree.data.general.DatasetUtilsTest" name="testFindRangeBounds2" time="0"/>
  <testcase classname="org.jfree.data.general.DatasetUtilsTest" name="testBug2849731" time="0"/>
  <testcase classname="org.jfree.data.general.DatasetUtilsTest" name="testFindYValueNonSorted" time="0"/>
  <testcase classname="org.jfree.data.general.DatasetUtilsTest" name="testIterateRangeBounds_CategoryDataset" time="0"/>
  <testcase classname="org.jfree.data.general.DatasetUtilsTest" name="testIterateToFindRangeBounds1_XYDataset" time="0"/>
  <testcase classname="org.jfree.data.general.DatasetUtilsTest" name="testIterateRangeBounds2" time="0"/>
  <testcase classname="org.jfree.data.general.DatasetUtilsTest" name="testIterateRangeBounds3" time="0"/>
  <testcase classname="org.jfree.data.general.DatasetUtilsTest" name="testIterateRangeBounds4" time="0"/>
  <testcase classname="org.jfree.data.general.DatasetUtilsTest" name="testCumulativeRange1" time="0"/>
  <testcase classname="org.jfree.data.general.DatasetUtilsTest" name="testCumulativeRange2" time="0"/>
  <testcase classname="org.jfree.data.general.DatasetUtilsTest" name="testCumulativeRange3" time="0"/>
  <testcase classname="org.jfree.data.general.DatasetUtilsTest" name="testJava" time="0"/>
  <testcase classname="org.jfree.data.general.DatasetUtilsTest" name="testFindMinimumRangeValue" time="0"/>
  <testcase classname="org.jfree.data.general.DatasetUtilsTest" name="testFindStackedRangeBounds_CategoryDataset1" time="0"/>
  <testcase classname="org.jfree.data.general.DatasetUtilsTest" name="testFindStackedRangeBounds_CategoryDataset2" time="0"/>
  <testcase classname="org.jfree.data.general.DatasetUtilsTest" name="testFindStackedRangeBounds_CategoryDataset3" time="0"/>
  <testcase classname="org.jfree.data.general.DatasetUtilsTest" name="testFindMaximumDomainValue" time="0"/>
  <testcase classname="org.jfree.data.general.DatasetUtilsTest" name="testIterateToFindRangeBounds_BoxAndWhiskerXYDataset" time="0"/>
  <testcase classname="org.jfree.data.general.DatasetUtilsTest" name="testIterateRangeBounds2_CategoryDataset" time="0"/>
  <testcase classname="org.jfree.data.general.DatasetUtilsTest" name="testStackedRangeWithMap" time="0"/>
  <testcase classname="org.jfree.data.general.DatasetUtilsTest" name="testFindYValue" time="0"/>
  <testcase classname="org.jfree.data.general.DatasetUtilsTest" name="testFindYValueWithDuplicates" time="0"/>
  <testcase classname="org.jfree.data.general.DatasetUtilsTest" name="testFindMaximumStackedRangeValue" time="0"/>
  <testcase classname="org.jfree.data.general.DatasetUtilsTest" name="testFindMinimumStackedRangeValue" time="0"/>
  <testcase classname="org.jfree.data.general.DatasetUtilsTest" name="testFindDomainBounds_NaN" time="0"/>
  <testcase classname="org.jfree.data.general.DatasetUtilsTest" name="testFindRangeBounds" time="0"/>
  <testcase classname="org.jfree.data.general.DatasetUtilsTest" name="testIterateDomainBounds_NaN" time="0"/>
  <testcase classname="org.jfree.data.general.DatasetUtilsTest" name="testFindMinimumStackedRangeValue2" time="0"/>
  <testcase classname="org.jfree.data.general.DatasetUtilsTest" name="testSampleFunction2D" time="0"/>
  <testcase classname="org.jfree.data.general.DatasetUtilsTest" name="testIterateToFindRangeBounds_MultiValueCategoryDataset" time="0"/>
  <testcase classname="org.jfree.data.general.DatasetUtilsTest" name="testFindMaximumStackedRangeValue2" time="0"/>
  <testcase classname="org.jfree.data.general.DatasetUtilsTest" name="testIterateRangeBounds3_CategoryDataset" time="0"/>
  <testcase classname="org.jfree.data.general.DatasetUtilsTest" name="testIsEmptyOrNullXYDataset" time="0"/>
  <testcase classname="org.jfree.data.general.DatasetUtilsTest" name="test803660" time="0"/>
  <testcase classname="org.jfree.data.general.DatasetUtilsTest" name="testFindMaximumRangeValue" time="0"/>
  <testcase classname="org.jfree.data.general.DatasetUtilsTest" name="testMinMaxRange" time="0"/>
  <testcase classname="org.jfree.data.general.DatasetUtilsTest" name="testIterateToFindRangeBounds_IntervalXYDataset" time="0"/>
  <testcase classname="org.jfree.data.general.DatasetUtilsTest" name="testIterateToFindRangeBounds2_XYDataset" time="0"/>
  <testcase classname="org.jfree.data.general.DatasetUtilsTest" name="testCalculatePieDatasetTotal" time="0"/>
  <testcase classname="org.jfree.data.general.DatasetUtilsTest" name="testFindRangeBounds_CategoryDataset" time="0"/>
  <testcase classname="org.jfree.data.general.DatasetUtilsTest" name="testFindDomainBounds" time="0"/>
  <testcase classname="org.jfree.data.general.DatasetUtilsTest" name="testCreateCategoryDataset1" time="0"/>
  <testcase classname="org.jfree.data.general.DatasetUtilsTest" name="testCreateCategoryDataset2" time="0"/>
  <testcase classname="org.jfree.data.general.DatasetUtilsTest" name="testIterateRangeBounds_IntervalCategoryDataset" time="0"/>
  <testcase classname="org.jfree.data.general.DatasetUtilsTest" name="testBug2849731_2" time="0"/>
  <testcase classname="org.jfree.data.general.DatasetUtilsTest" name="testBug2849731_3" time="0"/>
  <testcase classname="org.jfree.data.general.DatasetUtilsTest" name="testIterateDomainBounds" time="0"/>
  <testcase classname="org.jfree.data.general.DatasetUtilsTest" name="testCumulativeRange_NaN" time="0"/>
  <testcase classname="org.jfree.data.general.DatasetUtilsTest" name="testFindDomainBounds2" time="0"/>
  <testcase classname="org.jfree.data.general.DatasetUtilsTest" name="testFindDomainBounds3" time="0"/>
  <testcase classname="org.jfree.data.general.DatasetUtilsTest" name="testFindDomainBounds4" time="0"/>
  <testcase classname="org.jfree.data.general.DatasetUtilsTest" name="testFindMinimumDomainValue" time="0"/>
</testsuite>