<?xml version="1.0" encoding="UTF-8" ?>
<testsuite tests="16" failures="0" name="org.apache.log4j.PatternLayoutTestCase" time="0.499" errors="0" skipped="0">
  <properties>
    <property name="java.runtime.name" value="Java(TM) SE Runtime Environment"/>
    <property name="sun.boot.library.path" value="C:\Program Files\Java\jdk1.8.0_211\jre\bin"/>
    <property name="java.vm.version" value="25.211-b12"/>
    <property name="java.vm.vendor" value="Oracle Corporation"/>
    <property name="java.vendor.url" value="http://java.oracle.com/"/>
    <property name="path.separator" value=";"/>
    <property name="java.vm.name" value="Java HotSpot(TM) 64-Bit Server VM"/>
    <property name="file.encoding.pkg" value="sun.io"/>
    <property name="user.script" value=""/>
    <property name="user.country" value="US"/>
    <property name="sun.java.launcher" value="SUN_STANDARD"/>
    <property name="sun.os.patch.level" value=""/>
    <property name="java.vm.specification.name" value="Java Virtual Machine Specification"/>
    <property name="user.dir" value="C:\Users\jiangyuhua\Documents\Academic\6611 measurement\project\log4j-trunk\log4j-trunk\tests"/>
    <property name="java.runtime.version" value="1.8.0_211-b12"/>
    <property name="java.awt.graphicsenv" value="sun.awt.Win32GraphicsEnvironment"/>
    <property name="basedir" value="C:\Users\jiangyuhua\Documents\Academic\6611 measurement\project\log4j-trunk\log4j-trunk"/>
    <property name="java.endorsed.dirs" value="C:\Program Files\Java\jdk1.8.0_211\jre\lib\endorsed"/>
    <property name="os.arch" value="amd64"/>
    <property name="java.io.tmpdir" value="C:\Users\JIANGY~1\AppData\Local\Temp\"/>
    <property name="line.separator" value="
"/>
    <property name="java.vm.specification.vendor" value="Oracle Corporation"/>
    <property name="user.variant" value=""/>
    <property name="os.name" value="Windows 10"/>
    <property name="sun.jnu.encoding" value="Cp1252"/>
    <property name="java.library.path" value="C:\Program Files\Java\jdk1.8.0_211\jre\bin;C:\WINDOWS\Sun\Java\bin;C:\WINDOWS\system32;C:\WINDOWS;C:\Program Files (x86)\Common Files\Oracle\Java\javapath;C:\Program Files (x86)\Intel\Intel(R) Management Engine Components\iCLS\;C:\Program Files\Intel\Intel(R) Management Engine Components\iCLS\;C:\WINDOWS\system32;C:\WINDOWS;C:\WINDOWS\System32\Wbem;C:\WINDOWS\System32\WindowsPowerShell\v1.0\;C:\Program Files (x86)\Intel\Intel(R) Management Engine Components\DAL;C:\Program Files\Intel\Intel(R) Management Engine Components\DAL;C:\Program Files (x86)\Intel\Intel(R) Management Engine Components\IPT;C:\Program Files\Intel\Intel(R) Management Engine Components\IPT;C:\Program Files\Git\cmd;C:\WINDOWS\System32\OpenSSH\;C:\Program Files\Intel\WiFi\bin\;C:\Program Files\Common Files\Intel\WirelessCommon\;C:\Program Files\Java\jdk-10.0.2\bin;;C:\Users\jiangyuhua\AppData\Local\Microsoft\WindowsApps;C:\Program Files\Microsoft VS Code\bin;."/>
    <property name="java.specification.name" value="Java Platform API Specification"/>
    <property name="java.class.version" value="52.0"/>
    <property name="sun.management.compiler" value="HotSpot 64-Bit Tiered Compilers"/>
    <property name="os.version" value="10.0"/>
    <property name="user.home" value="C:\Users\jiangyuhua"/>
    <property name="user.timezone" value="America/New_York"/>
    <property name="java.awt.printerjob" value="sun.awt.windows.WPrinterJob"/>
    <property name="file.encoding" value="Cp1252"/>
    <property name="java.specification.version" value="1.8"/>
    <property name="user.name" value="jiangyuhua"/>
    <property name="java.class.path" value="C:\Users\JIANGY~1\AppData\Local\Temp\surefirebooter748569938920990488.jar;C:\\Users\\jiangyuhua\\.m2\\repository\\org\\jacoco\\org.jacoco.agent\\0.8.2\\org.jacoco.agent-0.8.2-runtime.jar"/>
    <property name="java.vm.specification.version" value="1.8"/>
    <property name="sun.arch.data.model" value="64"/>
    <property name="java.home" value="C:\Program Files\Java\jdk1.8.0_211\jre"/>
    <property name="sun.java.command" value="C:\Users\JIANGY~1\AppData\Local\Temp\surefirebooter748569938920990488.jar C:\Users\JIANGY~1\AppData\Local\Temp\surefire391157266897154811tmp C:\Users\JIANGY~1\AppData\Local\Temp\surefire6094448619019377967tmp"/>
    <property name="java.specification.vendor" value="Oracle Corporation"/>
    <property name="user.language" value="en"/>
    <property name="awt.toolkit" value="sun.awt.windows.WToolkit"/>
    <property name="java.vm.info" value="mixed mode"/>
    <property name="java.version" value="1.8.0_211"/>
    <property name="java.ext.dirs" value="C:\Program Files\Java\jdk1.8.0_211\jre\lib\ext;C:\WINDOWS\Sun\Java\lib\ext"/>
    <property name="sun.boot.class.path" value="C:\Program Files\Java\jdk1.8.0_211\jre\lib\resources.jar;C:\Program Files\Java\jdk1.8.0_211\jre\lib\rt.jar;C:\Program Files\Java\jdk1.8.0_211\jre\lib\sunrsasign.jar;C:\Program Files\Java\jdk1.8.0_211\jre\lib\jsse.jar;C:\Program Files\Java\jdk1.8.0_211\jre\lib\jce.jar;C:\Program Files\Java\jdk1.8.0_211\jre\lib\charsets.jar;C:\Program Files\Java\jdk1.8.0_211\jre\lib\jfr.jar;C:\Program Files\Java\jdk1.8.0_211\jre\classes"/>
    <property name="java.vendor" value="Oracle Corporation"/>
    <property name="localRepository" value="C:\Users\jiangyuhua\.m2\repository"/>
    <property name="file.separator" value="\"/>
    <property name="java.vendor.url.bug" value="http://bugreport.sun.com/bugreport/"/>
    <property name="sun.cpu.endian" value="little"/>
    <property name="sun.io.unicode.encoding" value="UnicodeLittle"/>
    <property name="sun.desktop" value="windows"/>
    <property name="sun.cpu.isalist" value="amd64"/>
  </properties>
  <testcase classname="org.apache.log4j.PatternLayoutTestCase" name="test2" time="0.249"/>
  <testcase classname="org.apache.log4j.PatternLayoutTestCase" name="test1" time="0.024"/>
  <testcase classname="org.apache.log4j.PatternLayoutTestCase" name="test3" time="0.022"/>
  <testcase classname="org.apache.log4j.PatternLayoutTestCase" name="test6" time="0.017"/>
  <testcase classname="org.apache.log4j.PatternLayoutTestCase" name="test4" time="0.021"/>
  <testcase classname="org.apache.log4j.PatternLayoutTestCase" name="test5" time="0.016"/>
  <testcase classname="org.apache.log4j.PatternLayoutTestCase" name="test7" time="0.016"/>
  <testcase classname="org.apache.log4j.PatternLayoutTestCase" name="test8" time="0.012"/>
  <testcase classname="org.apache.log4j.PatternLayoutTestCase" name="testMDCClear" time="0.006"/>
  <testcase classname="org.apache.log4j.PatternLayoutTestCase" name="test12" time="0.018"/>
  <testcase classname="org.apache.log4j.PatternLayoutTestCase" name="test9" time="0.009"/>
  <testcase classname="org.apache.log4j.PatternLayoutTestCase" name="test11" time="0.01"/>
  <testcase classname="org.apache.log4j.PatternLayoutTestCase" name="test13" time="0.019"/>
  <testcase classname="org.apache.log4j.PatternLayoutTestCase" name="test14" time="0.01"/>
  <testcase classname="org.apache.log4j.PatternLayoutTestCase" name="testMDC1" time="0.004"/>
  <testcase classname="org.apache.log4j.PatternLayoutTestCase" name="test10" time="0.012"/>
</testsuite>