<?xml version="1.0" encoding="UTF-8"?>
<testsuite name="org.apache.commons.io.input.ReversedLinesFileReaderTestParamBlockSize" time="0.456" tests="85" errors="0" skipped="0" failures="0">
  <properties>
    <property name="java.runtime.name" value="Java(TM) SE Runtime Environment"/>
    <property name="sun.boot.library.path" value="C:\Program Files\Java\jdk1.8.0_45\jre\bin"/>
    <property name="java.vm.version" value="25.45-b02"/>
    <property name="java.vm.vendor" value="Oracle Corporation"/>
    <property name="maven.multiModuleProjectDirectory" value="F:\sd\commons-io-commons-io-2.5"/>
    <property name="java.vendor.url" value="http://java.oracle.com/"/>
    <property name="path.separator" value=";"/>
    <property name="guice.disable.misplaced.annotation.check" value="true"/>
    <property name="java.vm.name" value="Java HotSpot(TM) 64-Bit Server VM"/>
    <property name="file.encoding.pkg" value="sun.io"/>
    <property name="user.script" value=""/>
    <property name="user.country" value="IN"/>
    <property name="sun.java.launcher" value="SUN_STANDARD"/>
    <property name="sun.os.patch.level" value=""/>
    <property name="java.vm.specification.name" value="Java Virtual Machine Specification"/>
    <property name="user.dir" value="F:\sd\commons-io-commons-io-2.5"/>
    <property name="java.runtime.version" value="1.8.0_45-b15"/>
    <property name="java.awt.graphicsenv" value="sun.awt.Win32GraphicsEnvironment"/>
    <property name="java.endorsed.dirs" value="C:\Program Files\Java\jdk1.8.0_45\jre\lib\endorsed"/>
    <property name="os.arch" value="amd64"/>
    <property name="java.io.tmpdir" value="C:\Users\RAVNEE~1\AppData\Local\Temp\"/>
    <property name="line.separator" value="&#10;"/>
    <property name="java.vm.specification.vendor" value="Oracle Corporation"/>
    <property name="user.variant" value=""/>
    <property name="os.name" value="Windows 8.1"/>
    <property name="classworlds.conf" value="C:\Program Files\JetBrains\IntelliJ IDEA Community Edition 2019.1.2\plugins\maven\lib\maven3\bin\m2.conf"/>
    <property name="sun.jnu.encoding" value="Cp1252"/>
    <property name="java.library.path" value="C:\Program Files\Java\jdk1.8.0_45\bin;C:\WINDOWS\Sun\Java\bin;C:\WINDOWS\system32;C:\WINDOWS;C:\Program Files (x86)\Common Files\Oracle\Java\javapath;E:\app\RAVNEET\product\11.2.0\dbhome_1\bin;C:\ProgramData\Oracle\Java\javapath;C:\Program Files (x86)\Intel\iCLS Client\;C:\Program Files\Intel\iCLS Client\;C:\Program Files (x86)\NVIDIA Corporation\PhysX\Common;C:\Windows\system32;C:\Windows;C:\Windows\System32\Wbem;C:\Windows\System32\WindowsPowerShell\v1.0\;C:\Program Files\Intel\Intel(R) Management Engine Components\DAL;C:\Program Files (x86)\Intel\Intel(R) Management Engine Components\DAL;C:\Program Files\Intel\Intel(R) Management Engine Components\IPT;C:\Program Files (x86)\Intel\Intel(R) Management Engine Components\IPT;C:\Program Files\Java\jdk1.8.0_45\bin;C:\Program Files\Java\jre1.8.0_45\bin;C:\Program Files\Microsoft SQL Server\Client SDK\ODBC\110\Tools\Binn\;C:\Program Files (x86)\Microsoft SQL Server\120\Tools\Binn\;C:\Program Files\Microsoft SQL Server\120\Tools\Binn\;C:\Program Files\Microsoft SQL Server\120\DTS\Binn\;C:\Program Files (x86)\Microsoft SQL Server\120\Tools\Binn\ManagementStudio\;C:\Program Files (x86)\Microsoft SQL Server\120\DTS\Binn\;C:\WINDOWS\system32;C:\WINDOWS;C:\WINDOWS\System32\Wbem;C:\WINDOWS\System32\WindowsPowerShell\v1.0\;C:\WINDOWS\System32\OpenSSH\;;C:\Program Files\NVIDIA Corporation\NVIDIA NvDLISR;C:\Users\RAVNEET SINGH BRAR\AppData\Local\Programs\Python\Python37-32\Scripts\;C:\Users\RAVNEET SINGH BRAR\AppData\Local\Programs\Python\Python37-32\;C:\Users\RAVNEET SINGH BRAR\AppData\Local\Microsoft\WindowsApps;C:\Users\RAVNEET SINGH BRAR\AppData\Local\atom\bin;C:\Program Files\JetBrains\PyCharm Community Edition 2019.1.2\bin;;C:\Program Files\JetBrains\IntelliJ IDEA Community Edition 2019.1.2\bin;;."/>
    <property name="java.specification.name" value="Java Platform API Specification"/>
    <property name="java.class.version" value="52.0"/>
    <property name="sun.management.compiler" value="HotSpot 64-Bit Tiered Compilers"/>
    <property name="os.version" value="6.3"/>
    <property name="user.home" value="C:\Users\RAVNEET SINGH BRAR"/>
    <property name="user.timezone" value="America/New_York"/>
    <property name="java.awt.printerjob" value="sun.awt.windows.WPrinterJob"/>
    <property name="java.specification.version" value="1.8"/>
    <property name="file.encoding" value="UTF-8"/>
    <property name="user.name" value="RAVNEET SINGH BRAR"/>
    <property name="java.class.path" value="C:\Program Files\JetBrains\IntelliJ IDEA Community Edition 2019.1.2\plugins\maven\lib\maven3\boot\plexus-classworlds-2.5.2.jar;C:\Program Files\JetBrains\IntelliJ IDEA Community Edition 2019.1.2\lib\idea_rt.jar"/>
    <property name="java.vm.specification.version" value="1.8"/>
    <property name="sun.arch.data.model" value="64"/>
    <property name="java.home" value="C:\Program Files\Java\jdk1.8.0_45\jre"/>
    <property name="sun.java.command" value="org.codehaus.classworlds.Launcher -Didea.version2019.1.2 test"/>
    <property name="java.specification.vendor" value="Oracle Corporation"/>
    <property name="user.language" value="en"/>
    <property name="awt.toolkit" value="sun.awt.windows.WToolkit"/>
    <property name="java.vm.info" value="mixed mode"/>
    <property name="idea.version2019.1.2" value="true"/>
    <property name="java.version" value="1.8.0_45"/>
    <property name="java.ext.dirs" value="C:\Program Files\Java\jdk1.8.0_45\jre\lib\ext;C:\WINDOWS\Sun\Java\lib\ext"/>
    <property name="sun.boot.class.path" value="C:\Program Files\Java\jdk1.8.0_45\jre\lib\resources.jar;C:\Program Files\Java\jdk1.8.0_45\jre\lib\rt.jar;C:\Program Files\Java\jdk1.8.0_45\jre\lib\sunrsasign.jar;C:\Program Files\Java\jdk1.8.0_45\jre\lib\jsse.jar;C:\Program Files\Java\jdk1.8.0_45\jre\lib\jce.jar;C:\Program Files\Java\jdk1.8.0_45\jre\lib\charsets.jar;C:\Program Files\Java\jdk1.8.0_45\jre\lib\jfr.jar;C:\Program Files\Java\jdk1.8.0_45\jre\classes"/>
    <property name="java.vendor" value="Oracle Corporation"/>
    <property name="maven.home" value="C:\Program Files\JetBrains\IntelliJ IDEA Community Edition 2019.1.2\plugins\maven\lib\maven3"/>
    <property name="file.separator" value="\"/>
    <property name="java.vendor.url.bug" value="http://bugreport.sun.com/bugreport/"/>
    <property name="sun.cpu.endian" value="little"/>
    <property name="sun.io.unicode.encoding" value="UnicodeLittle"/>
    <property name="sun.desktop" value="windows"/>
    <property name="sun.cpu.isalist" value="amd64"/>
  </properties>
  <testcase name="testIsoFileDefaults[BlockSize=1]" classname="org.apache.commons.io.input.ReversedLinesFileReaderTestParamBlockSize" time="0.048"/>
  <testcase name="testUTF8FileCRBreaks[BlockSize=1]" classname="org.apache.commons.io.input.ReversedLinesFileReaderTestParamBlockSize" time="0.024"/>
  <testcase name="testUnsupportedEncodingUTF16[BlockSize=1]" classname="org.apache.commons.io.input.ReversedLinesFileReaderTestParamBlockSize" time="0.02"/>
  <testcase name="testGBK[BlockSize=1]" classname="org.apache.commons.io.input.ReversedLinesFileReaderTestParamBlockSize" time="0.016"/>
  <testcase name="testEmptyFile[BlockSize=1]" classname="org.apache.commons.io.input.ReversedLinesFileReaderTestParamBlockSize" time="0"/>
  <testcase name="testFileSizeIsExactMultipleOfBlockSize[BlockSize=1]" classname="org.apache.commons.io.input.ReversedLinesFileReaderTestParamBlockSize" time="0"/>
  <testcase name="testUTF8FileWindowsBreaksSmallBlockSize2VerifyBlockSpanningNewLines[BlockSize=1]" classname="org.apache.commons.io.input.ReversedLinesFileReaderTestParamBlockSize" time="0.02"/>
  <testcase name="testxWindows949File[BlockSize=1]" classname="org.apache.commons.io.input.ReversedLinesFileReaderTestParamBlockSize" time="0.008"/>
  <testcase name="testxWindows950File[BlockSize=1]" classname="org.apache.commons.io.input.ReversedLinesFileReaderTestParamBlockSize" time="0.016"/>
  <testcase name="testUTF8FileWindowsBreaks[BlockSize=1]" classname="org.apache.commons.io.input.ReversedLinesFileReaderTestParamBlockSize" time="0.032"/>
  <testcase name="testUTF16BEFile[BlockSize=1]" classname="org.apache.commons.io.input.ReversedLinesFileReaderTestParamBlockSize" time="0.032"/>
  <testcase name="testIsoFileManyWindowsBreaksSmallBlockSize2VerifyBlockSpanningNewLines[BlockSize=1]" classname="org.apache.commons.io.input.ReversedLinesFileReaderTestParamBlockSize" time="0.004"/>
  <testcase name="testUTF16LEFile[BlockSize=1]" classname="org.apache.commons.io.input.ReversedLinesFileReaderTestParamBlockSize" time="0.036"/>
  <testcase name="testShiftJISFile[BlockSize=1]" classname="org.apache.commons.io.input.ReversedLinesFileReaderTestParamBlockSize" time="0"/>
  <testcase name="testWindows31jFile[BlockSize=1]" classname="org.apache.commons.io.input.ReversedLinesFileReaderTestParamBlockSize" time="0.004"/>
  <testcase name="testUnsupportedEncodingBig5[BlockSize=1]" classname="org.apache.commons.io.input.ReversedLinesFileReaderTestParamBlockSize" time="0.004"/>
  <testcase name="testUTF8File[BlockSize=1]" classname="org.apache.commons.io.input.ReversedLinesFileReaderTestParamBlockSize" time="0.024"/>
  <testcase name="testIsoFileDefaults[BlockSize=3]" classname="org.apache.commons.io.input.ReversedLinesFileReaderTestParamBlockSize" time="0.004"/>
  <testcase name="testUTF8FileCRBreaks[BlockSize=3]" classname="org.apache.commons.io.input.ReversedLinesFileReaderTestParamBlockSize" time="0.008"/>
  <testcase name="testUnsupportedEncodingUTF16[BlockSize=3]" classname="org.apache.commons.io.input.ReversedLinesFileReaderTestParamBlockSize" time="0"/>
  <testcase name="testGBK[BlockSize=3]" classname="org.apache.commons.io.input.ReversedLinesFileReaderTestParamBlockSize" time="0"/>
  <testcase name="testEmptyFile[BlockSize=3]" classname="org.apache.commons.io.input.ReversedLinesFileReaderTestParamBlockSize" time="0"/>
  <testcase name="testFileSizeIsExactMultipleOfBlockSize[BlockSize=3]" classname="org.apache.commons.io.input.ReversedLinesFileReaderTestParamBlockSize" time="0.004"/>
  <testcase name="testUTF8FileWindowsBreaksSmallBlockSize2VerifyBlockSpanningNewLines[BlockSize=3]" classname="org.apache.commons.io.input.ReversedLinesFileReaderTestParamBlockSize" time="0.004"/>
  <testcase name="testxWindows949File[BlockSize=3]" classname="org.apache.commons.io.input.ReversedLinesFileReaderTestParamBlockSize" time="0"/>
  <testcase name="testxWindows950File[BlockSize=3]" classname="org.apache.commons.io.input.ReversedLinesFileReaderTestParamBlockSize" time="0"/>
  <testcase name="testUTF8FileWindowsBreaks[BlockSize=3]" classname="org.apache.commons.io.input.ReversedLinesFileReaderTestParamBlockSize" time="0.008"/>
  <testcase name="testUTF16BEFile[BlockSize=3]" classname="org.apache.commons.io.input.ReversedLinesFileReaderTestParamBlockSize" time="0.02"/>
  <testcase name="testIsoFileManyWindowsBreaksSmallBlockSize2VerifyBlockSpanningNewLines[BlockSize=3]" classname="org.apache.commons.io.input.ReversedLinesFileReaderTestParamBlockSize" time="0"/>
  <testcase name="testUTF16LEFile[BlockSize=3]" classname="org.apache.commons.io.input.ReversedLinesFileReaderTestParamBlockSize" time="0.02"/>
  <testcase name="testShiftJISFile[BlockSize=3]" classname="org.apache.commons.io.input.ReversedLinesFileReaderTestParamBlockSize" time="0"/>
  <testcase name="testWindows31jFile[BlockSize=3]" classname="org.apache.commons.io.input.ReversedLinesFileReaderTestParamBlockSize" time="0"/>
  <testcase name="testUnsupportedEncodingBig5[BlockSize=3]" classname="org.apache.commons.io.input.ReversedLinesFileReaderTestParamBlockSize" time="0"/>
  <testcase name="testUTF8File[BlockSize=3]" classname="org.apache.commons.io.input.ReversedLinesFileReaderTestParamBlockSize" time="0.004"/>
  <testcase name="testIsoFileDefaults[BlockSize=8]" classname="org.apache.commons.io.input.ReversedLinesFileReaderTestParamBlockSize" time="0.004"/>
  <testcase name="testUTF8FileCRBreaks[BlockSize=8]" classname="org.apache.commons.io.input.ReversedLinesFileReaderTestParamBlockSize" time="0.004"/>
  <testcase name="testUnsupportedEncodingUTF16[BlockSize=8]" classname="org.apache.commons.io.input.ReversedLinesFileReaderTestParamBlockSize" time="0"/>
  <testcase name="testGBK[BlockSize=8]" classname="org.apache.commons.io.input.ReversedLinesFileReaderTestParamBlockSize" time="0"/>
  <testcase name="testEmptyFile[BlockSize=8]" classname="org.apache.commons.io.input.ReversedLinesFileReaderTestParamBlockSize" time="0"/>
  <testcase name="testFileSizeIsExactMultipleOfBlockSize[BlockSize=8]" classname="org.apache.commons.io.input.ReversedLinesFileReaderTestParamBlockSize" time="0"/>
  <testcase name="testUTF8FileWindowsBreaksSmallBlockSize2VerifyBlockSpanningNewLines[BlockSize=8]" classname="org.apache.commons.io.input.ReversedLinesFileReaderTestParamBlockSize" time="0.004"/>
  <testcase name="testxWindows949File[BlockSize=8]" classname="org.apache.commons.io.input.ReversedLinesFileReaderTestParamBlockSize" time="0"/>
  <testcase name="testxWindows950File[BlockSize=8]" classname="org.apache.commons.io.input.ReversedLinesFileReaderTestParamBlockSize" time="0"/>
  <testcase name="testUTF8FileWindowsBreaks[BlockSize=8]" classname="org.apache.commons.io.input.ReversedLinesFileReaderTestParamBlockSize" time="0.004"/>
  <testcase name="testUTF16BEFile[BlockSize=8]" classname="org.apache.commons.io.input.ReversedLinesFileReaderTestParamBlockSize" time="0.004"/>
  <testcase name="testIsoFileManyWindowsBreaksSmallBlockSize2VerifyBlockSpanningNewLines[BlockSize=8]" classname="org.apache.commons.io.input.ReversedLinesFileReaderTestParamBlockSize" time="0"/>
  <testcase name="testUTF16LEFile[BlockSize=8]" classname="org.apache.commons.io.input.ReversedLinesFileReaderTestParamBlockSize" time="0.004"/>
  <testcase name="testShiftJISFile[BlockSize=8]" classname="org.apache.commons.io.input.ReversedLinesFileReaderTestParamBlockSize" time="0"/>
  <testcase name="testWindows31jFile[BlockSize=8]" classname="org.apache.commons.io.input.ReversedLinesFileReaderTestParamBlockSize" time="0"/>
  <testcase name="testUnsupportedEncodingBig5[BlockSize=8]" classname="org.apache.commons.io.input.ReversedLinesFileReaderTestParamBlockSize" time="0"/>
  <testcase name="testUTF8File[BlockSize=8]" classname="org.apache.commons.io.input.ReversedLinesFileReaderTestParamBlockSize" time="0.004"/>
  <testcase name="testIsoFileDefaults[BlockSize=256]" classname="org.apache.commons.io.input.ReversedLinesFileReaderTestParamBlockSize" time="0"/>
  <testcase name="testUTF8FileCRBreaks[BlockSize=256]" classname="org.apache.commons.io.input.ReversedLinesFileReaderTestParamBlockSize" time="0"/>
  <testcase name="testUnsupportedEncodingUTF16[BlockSize=256]" classname="org.apache.commons.io.input.ReversedLinesFileReaderTestParamBlockSize" time="0"/>
  <testcase name="testGBK[BlockSize=256]" classname="org.apache.commons.io.input.ReversedLinesFileReaderTestParamBlockSize" time="0.004"/>
  <testcase name="testEmptyFile[BlockSize=256]" classname="org.apache.commons.io.input.ReversedLinesFileReaderTestParamBlockSize" time="0"/>
  <testcase name="testFileSizeIsExactMultipleOfBlockSize[BlockSize=256]" classname="org.apache.commons.io.input.ReversedLinesFileReaderTestParamBlockSize" time="0"/>
  <testcase name="testUTF8FileWindowsBreaksSmallBlockSize2VerifyBlockSpanningNewLines[BlockSize=256]" classname="org.apache.commons.io.input.ReversedLinesFileReaderTestParamBlockSize" time="0"/>
  <testcase name="testxWindows949File[BlockSize=256]" classname="org.apache.commons.io.input.ReversedLinesFileReaderTestParamBlockSize" time="0"/>
  <testcase name="testxWindows950File[BlockSize=256]" classname="org.apache.commons.io.input.ReversedLinesFileReaderTestParamBlockSize" time="0.004"/>
  <testcase name="testUTF8FileWindowsBreaks[BlockSize=256]" classname="org.apache.commons.io.input.ReversedLinesFileReaderTestParamBlockSize" time="0"/>
  <testcase name="testUTF16BEFile[BlockSize=256]" classname="org.apache.commons.io.input.ReversedLinesFileReaderTestParamBlockSize" time="0.004"/>
  <testcase name="testIsoFileManyWindowsBreaksSmallBlockSize2VerifyBlockSpanningNewLines[BlockSize=256]" classname="org.apache.commons.io.input.ReversedLinesFileReaderTestParamBlockSize" time="0"/>
  <testcase name="testUTF16LEFile[BlockSize=256]" classname="org.apache.commons.io.input.ReversedLinesFileReaderTestParamBlockSize" time="0"/>
  <testcase name="testShiftJISFile[BlockSize=256]" classname="org.apache.commons.io.input.ReversedLinesFileReaderTestParamBlockSize" time="0"/>
  <testcase name="testWindows31jFile[BlockSize=256]" classname="org.apache.commons.io.input.ReversedLinesFileReaderTestParamBlockSize" time="0"/>
  <testcase name="testUnsupportedEncodingBig5[BlockSize=256]" classname="org.apache.commons.io.input.ReversedLinesFileReaderTestParamBlockSize" time="0.004"/>
  <testcase name="testUTF8File[BlockSize=256]" classname="org.apache.commons.io.input.ReversedLinesFileReaderTestParamBlockSize" time="0"/>
  <testcase name="testIsoFileDefaults[BlockSize=4,096]" classname="org.apache.commons.io.input.ReversedLinesFileReaderTestParamBlockSize" time="0"/>
  <testcase name="testUTF8FileCRBreaks[BlockSize=4,096]" classname="org.apache.commons.io.input.ReversedLinesFileReaderTestParamBlockSize" time="0"/>
  <testcase name="testUnsupportedEncodingUTF16[BlockSize=4,096]" classname="org.apache.commons.io.input.ReversedLinesFileReaderTestParamBlockSize" time="0"/>
  <testcase name="testGBK[BlockSize=4,096]" classname="org.apache.commons.io.input.ReversedLinesFileReaderTestParamBlockSize" time="0.028"/>
  <testcase name="testEmptyFile[BlockSize=4,096]" classname="org.apache.commons.io.input.ReversedLinesFileReaderTestParamBlockSize" time="0"/>
  <testcase name="testFileSizeIsExactMultipleOfBlockSize[BlockSize=4,096]" classname="org.apache.commons.io.input.ReversedLinesFileReaderTestParamBlockSize" time="0"/>
  <testcase name="testUTF8FileWindowsBreaksSmallBlockSize2VerifyBlockSpanningNewLines[BlockSize=4,096]" classname="org.apache.commons.io.input.ReversedLinesFileReaderTestParamBlockSize" time="0"/>
  <testcase name="testxWindows949File[BlockSize=4,096]" classname="org.apache.commons.io.input.ReversedLinesFileReaderTestParamBlockSize" time="0"/>
  <testcase name="testxWindows950File[BlockSize=4,096]" classname="org.apache.commons.io.input.ReversedLinesFileReaderTestParamBlockSize" time="0"/>
  <testcase name="testUTF8FileWindowsBreaks[BlockSize=4,096]" classname="org.apache.commons.io.input.ReversedLinesFileReaderTestParamBlockSize" time="0"/>
  <testcase name="testUTF16BEFile[BlockSize=4,096]" classname="org.apache.commons.io.input.ReversedLinesFileReaderTestParamBlockSize" time="0.004"/>
  <testcase name="testIsoFileManyWindowsBreaksSmallBlockSize2VerifyBlockSpanningNewLines[BlockSize=4,096]" classname="org.apache.commons.io.input.ReversedLinesFileReaderTestParamBlockSize" time="0"/>
  <testcase name="testUTF16LEFile[BlockSize=4,096]" classname="org.apache.commons.io.input.ReversedLinesFileReaderTestParamBlockSize" time="0.008"/>
  <testcase name="testShiftJISFile[BlockSize=4,096]" classname="org.apache.commons.io.input.ReversedLinesFileReaderTestParamBlockSize" time="0"/>
  <testcase name="testWindows31jFile[BlockSize=4,096]" classname="org.apache.commons.io.input.ReversedLinesFileReaderTestParamBlockSize" time="0"/>
  <testcase name="testUnsupportedEncodingBig5[BlockSize=4,096]" classname="org.apache.commons.io.input.ReversedLinesFileReaderTestParamBlockSize" time="0"/>
  <testcase name="testUTF8File[BlockSize=4,096]" classname="org.apache.commons.io.input.ReversedLinesFileReaderTestParamBlockSize" time="0.012"/>
</testsuite>