<?xml version="1.0" encoding="UTF-8"?>
<testsuite name="org.apache.commons.io.IOUtilsTestCase" time="1.632" tests="80" errors="0" skipped="0" failures="0">
  <properties>
    <property name="java.runtime.name" value="Java(TM) SE Runtime Environment"/>
    <property name="sun.boot.library.path" value="C:\Program Files\Java\jdk1.8.0_45\jre\bin"/>
    <property name="java.vm.version" value="25.45-b02"/>
    <property name="java.vm.vendor" value="Oracle Corporation"/>
    <property name="maven.multiModuleProjectDirectory" value="F:\sd\commons-io-commons-io-2.5"/>
    <property name="java.vendor.url" value="http://java.oracle.com/"/>
    <property name="path.separator" value=";"/>
    <property name="guice.disable.misplaced.annotation.check" value="true"/>
    <property name="java.vm.name" value="Java HotSpot(TM) 64-Bit Server VM"/>
    <property name="file.encoding.pkg" value="sun.io"/>
    <property name="user.script" value=""/>
    <property name="user.country" value="IN"/>
    <property name="sun.java.launcher" value="SUN_STANDARD"/>
    <property name="sun.os.patch.level" value=""/>
    <property name="java.vm.specification.name" value="Java Virtual Machine Specification"/>
    <property name="user.dir" value="F:\sd\commons-io-commons-io-2.5"/>
    <property name="java.runtime.version" value="1.8.0_45-b15"/>
    <property name="java.awt.graphicsenv" value="sun.awt.Win32GraphicsEnvironment"/>
    <property name="java.endorsed.dirs" value="C:\Program Files\Java\jdk1.8.0_45\jre\lib\endorsed"/>
    <property name="os.arch" value="amd64"/>
    <property name="java.io.tmpdir" value="C:\Users\RAVNEE~1\AppData\Local\Temp\"/>
    <property name="line.separator" value="&#10;"/>
    <property name="java.vm.specification.vendor" value="Oracle Corporation"/>
    <property name="user.variant" value=""/>
    <property name="os.name" value="Windows 8.1"/>
    <property name="classworlds.conf" value="C:\Program Files\JetBrains\IntelliJ IDEA Community Edition 2019.1.2\plugins\maven\lib\maven3\bin\m2.conf"/>
    <property name="sun.jnu.encoding" value="Cp1252"/>
    <property name="java.library.path" value="C:\Program Files\Java\jdk1.8.0_45\bin;C:\WINDOWS\Sun\Java\bin;C:\WINDOWS\system32;C:\WINDOWS;C:\Program Files (x86)\Common Files\Oracle\Java\javapath;E:\app\RAVNEET\product\11.2.0\dbhome_1\bin;C:\ProgramData\Oracle\Java\javapath;C:\Program Files (x86)\Intel\iCLS Client\;C:\Program Files\Intel\iCLS Client\;C:\Program Files (x86)\NVIDIA Corporation\PhysX\Common;C:\Windows\system32;C:\Windows;C:\Windows\System32\Wbem;C:\Windows\System32\WindowsPowerShell\v1.0\;C:\Program Files\Intel\Intel(R) Management Engine Components\DAL;C:\Program Files (x86)\Intel\Intel(R) Management Engine Components\DAL;C:\Program Files\Intel\Intel(R) Management Engine Components\IPT;C:\Program Files (x86)\Intel\Intel(R) Management Engine Components\IPT;C:\Program Files\Java\jdk1.8.0_45\bin;C:\Program Files\Java\jre1.8.0_45\bin;C:\Program Files\Microsoft SQL Server\Client SDK\ODBC\110\Tools\Binn\;C:\Program Files (x86)\Microsoft SQL Server\120\Tools\Binn\;C:\Program Files\Microsoft SQL Server\120\Tools\Binn\;C:\Program Files\Microsoft SQL Server\120\DTS\Binn\;C:\Program Files (x86)\Microsoft SQL Server\120\Tools\Binn\ManagementStudio\;C:\Program Files (x86)\Microsoft SQL Server\120\DTS\Binn\;C:\WINDOWS\system32;C:\WINDOWS;C:\WINDOWS\System32\Wbem;C:\WINDOWS\System32\WindowsPowerShell\v1.0\;C:\WINDOWS\System32\OpenSSH\;;C:\Program Files\NVIDIA Corporation\NVIDIA NvDLISR;C:\Users\RAVNEET SINGH BRAR\AppData\Local\Programs\Python\Python37-32\Scripts\;C:\Users\RAVNEET SINGH BRAR\AppData\Local\Programs\Python\Python37-32\;C:\Users\RAVNEET SINGH BRAR\AppData\Local\Microsoft\WindowsApps;C:\Users\RAVNEET SINGH BRAR\AppData\Local\atom\bin;C:\Program Files\JetBrains\PyCharm Community Edition 2019.1.2\bin;;C:\Program Files\JetBrains\IntelliJ IDEA Community Edition 2019.1.2\bin;;."/>
    <property name="java.specification.name" value="Java Platform API Specification"/>
    <property name="java.class.version" value="52.0"/>
    <property name="sun.management.compiler" value="HotSpot 64-Bit Tiered Compilers"/>
    <property name="os.version" value="6.3"/>
    <property name="user.home" value="C:\Users\RAVNEET SINGH BRAR"/>
    <property name="user.timezone" value="America/New_York"/>
    <property name="java.awt.printerjob" value="sun.awt.windows.WPrinterJob"/>
    <property name="java.specification.version" value="1.8"/>
    <property name="file.encoding" value="UTF-8"/>
    <property name="user.name" value="RAVNEET SINGH BRAR"/>
    <property name="java.class.path" value="C:\Program Files\JetBrains\IntelliJ IDEA Community Edition 2019.1.2\plugins\maven\lib\maven3\boot\plexus-classworlds-2.5.2.jar;C:\Program Files\JetBrains\IntelliJ IDEA Community Edition 2019.1.2\lib\idea_rt.jar"/>
    <property name="java.vm.specification.version" value="1.8"/>
    <property name="sun.arch.data.model" value="64"/>
    <property name="java.home" value="C:\Program Files\Java\jdk1.8.0_45\jre"/>
    <property name="sun.java.command" value="org.codehaus.classworlds.Launcher -Didea.version2019.1.2 test"/>
    <property name="java.specification.vendor" value="Oracle Corporation"/>
    <property name="user.language" value="en"/>
    <property name="awt.toolkit" value="sun.awt.windows.WToolkit"/>
    <property name="java.vm.info" value="mixed mode"/>
    <property name="idea.version2019.1.2" value="true"/>
    <property name="java.version" value="1.8.0_45"/>
    <property name="java.ext.dirs" value="C:\Program Files\Java\jdk1.8.0_45\jre\lib\ext;C:\WINDOWS\Sun\Java\lib\ext"/>
    <property name="sun.boot.class.path" value="C:\Program Files\Java\jdk1.8.0_45\jre\lib\resources.jar;C:\Program Files\Java\jdk1.8.0_45\jre\lib\rt.jar;C:\Program Files\Java\jdk1.8.0_45\jre\lib\sunrsasign.jar;C:\Program Files\Java\jdk1.8.0_45\jre\lib\jsse.jar;C:\Program Files\Java\jdk1.8.0_45\jre\lib\jce.jar;C:\Program Files\Java\jdk1.8.0_45\jre\lib\charsets.jar;C:\Program Files\Java\jdk1.8.0_45\jre\lib\jfr.jar;C:\Program Files\Java\jdk1.8.0_45\jre\classes"/>
    <property name="java.vendor" value="Oracle Corporation"/>
    <property name="maven.home" value="C:\Program Files\JetBrains\IntelliJ IDEA Community Edition 2019.1.2\plugins\maven\lib\maven3"/>
    <property name="file.separator" value="\"/>
    <property name="java.vendor.url.bug" value="http://bugreport.sun.com/bugreport/"/>
    <property name="sun.cpu.endian" value="little"/>
    <property name="sun.io.unicode.encoding" value="UnicodeLittle"/>
    <property name="sun.desktop" value="windows"/>
    <property name="sun.cpu.isalist" value="amd64"/>
  </properties>
  <testcase name="testToCharArray_Reader" classname="org.apache.commons.io.IOUtilsTestCase" time="0.184"/>
  <testcase name="testToString_InputStream" classname="org.apache.commons.io.IOUtilsTestCase" time="0.032"/>
  <testcase name="testContentEqualsIgnoreEOL" classname="org.apache.commons.io.IOUtilsTestCase" time="0.008"/>
  <testcase name="testCopyLarge_FullLength" classname="org.apache.commons.io.IOUtilsTestCase" time="0.008"/>
  <testcase name="testCloseQuietly_SelectorNull" classname="org.apache.commons.io.IOUtilsTestCase" time="0.008"/>
  <testcase name="testCopy_String_Writer" classname="org.apache.commons.io.IOUtilsTestCase" time="0.016"/>
  <testcase name="testToByteArray_InputStream_NegativeSize" classname="org.apache.commons.io.IOUtilsTestCase" time="0.012"/>
  <testcase name="testToString_Reader" classname="org.apache.commons.io.IOUtilsTestCase" time="0.008"/>
  <testcase name="testReadFully_InputStream_Offset" classname="org.apache.commons.io.IOUtilsTestCase" time="0.008"/>
  <testcase name="testCopyLarge_CharExtraLength" classname="org.apache.commons.io.IOUtilsTestCase" time="0.008"/>
  <testcase name="testSkip_ReadableByteChannel" classname="org.apache.commons.io.IOUtilsTestCase" time="0.012"/>
  <testcase name="testAsBufferedReaderWithBufferSize" classname="org.apache.commons.io.IOUtilsTestCase" time="0.016"/>
  <testcase name="testSkipFully_Reader" classname="org.apache.commons.io.IOUtilsTestCase" time="0.016"/>
  <testcase name="testToString_URL_CharsetNameNull" classname="org.apache.commons.io.IOUtilsTestCase" time="0.016"/>
  <testcase name="testToInputStream_String" classname="org.apache.commons.io.IOUtilsTestCase" time="0.148"/>
  <testcase name="testToByteArray_URI" classname="org.apache.commons.io.IOUtilsTestCase" time="0.564"/>
  <testcase name="testToByteArray_URL" classname="org.apache.commons.io.IOUtilsTestCase" time="0.016"/>
  <testcase name="testAsBufferedOutputStreamWithBufferSize" classname="org.apache.commons.io.IOUtilsTestCase" time="0.008"/>
  <testcase name="testToString_URL_CharsetName" classname="org.apache.commons.io.IOUtilsTestCase" time="0.008"/>
  <testcase name="testToByteArray_InputStream_SizeLong" classname="org.apache.commons.io.IOUtilsTestCase" time="0.008"/>
  <testcase name="testToByteArray_InputStream_SizeZero" classname="org.apache.commons.io.IOUtilsTestCase" time="0.004"/>
  <testcase name="testCloseQuietly_Socket" classname="org.apache.commons.io.IOUtilsTestCase" time="0.008"/>
  <testcase name="testToString_ByteArray" classname="org.apache.commons.io.IOUtilsTestCase" time="0.012"/>
  <testcase name="testToString_URI_CharsetNameNull" classname="org.apache.commons.io.IOUtilsTestCase" time="0.008"/>
  <testcase name="testCopy_ByteArray_Writer" classname="org.apache.commons.io.IOUtilsTestCase" time="0.016"/>
  <testcase name="testCopyLarge_NoSkip" classname="org.apache.commons.io.IOUtilsTestCase" time="0.008"/>
  <testcase name="testToInputStream_CharSequence" classname="org.apache.commons.io.IOUtilsTestCase" time="0.008"/>
  <testcase name="testSkip_InputStream" classname="org.apache.commons.io.IOUtilsTestCase" time="0.008"/>
  <testcase name="testCloseQuietly_SelectorIOException" classname="org.apache.commons.io.IOUtilsTestCase" time="0.008"/>
  <testcase name="testAsBufferedWriterWithBufferSize" classname="org.apache.commons.io.IOUtilsTestCase" time="0.004"/>
  <testcase name="testAsBufferedReader" classname="org.apache.commons.io.IOUtilsTestCase" time="0.008"/>
  <testcase name="testToByteArray_InputStream" classname="org.apache.commons.io.IOUtilsTestCase" time="0.008"/>
  <testcase name="testCopyLarge_CharFullLength" classname="org.apache.commons.io.IOUtilsTestCase" time="0.004"/>
  <testcase name="testAsBufferedWriter" classname="org.apache.commons.io.IOUtilsTestCase" time="0.008"/>
  <testcase name="testToString_URI_CharsetName" classname="org.apache.commons.io.IOUtilsTestCase" time="0.008"/>
  <testcase name="testCloseQuietly_SocketIOException" classname="org.apache.commons.io.IOUtilsTestCase" time="0.004"/>
  <testcase name="testSkipFully_ReadableByteChannel" classname="org.apache.commons.io.IOUtilsTestCase" time="0.008"/>
  <testcase name="testToByteArray_InputStream_Size" classname="org.apache.commons.io.IOUtilsTestCase" time="0.008"/>
  <testcase name="testCopyLarge_SkipInvalid" classname="org.apache.commons.io.IOUtilsTestCase" time="0.004"/>
  <testcase name="testCopyLarge_CharNoSkip" classname="org.apache.commons.io.IOUtilsTestCase" time="0.004"/>
  <testcase name="testCopy_ByteArray_OutputStream" classname="org.apache.commons.io.IOUtilsTestCase" time="0.012"/>
  <testcase name="testSkip_FileReader" classname="org.apache.commons.io.IOUtilsTestCase" time="0.004"/>
  <testcase name="testConstants" classname="org.apache.commons.io.IOUtilsTestCase" time="0.004"/>
  <testcase name="testReadFully_InputStream__ReturnByteArray" classname="org.apache.commons.io.IOUtilsTestCase" time="0.004"/>
  <testcase name="testReadLines_Reader" classname="org.apache.commons.io.IOUtilsTestCase" time="0.008"/>
  <testcase name="testAsBufferedOutputStream" classname="org.apache.commons.io.IOUtilsTestCase" time="0.004"/>
  <testcase name="testAsBufferedNull" classname="org.apache.commons.io.IOUtilsTestCase" time="0.004"/>
  <testcase name="testSkipFully_InputStream" classname="org.apache.commons.io.IOUtilsTestCase" time="0.008"/>
  <testcase name="testCloseQuietly_SelectorTwice" classname="org.apache.commons.io.IOUtilsTestCase" time="0.092"/>
  <testcase name="testStringToOutputStream" classname="org.apache.commons.io.IOUtilsTestCase" time="0.012"/>
  <testcase name="testReadFully_Reader_Offset" classname="org.apache.commons.io.IOUtilsTestCase" time="0.004"/>
  <testcase name="testCloseQuietly_ServerSocketIOException" classname="org.apache.commons.io.IOUtilsTestCase" time="0.004"/>
  <testcase name="testCopyLarge_ExtraLength" classname="org.apache.commons.io.IOUtilsTestCase" time="0.008"/>
  <testcase name="testCopyLarge_Skip" classname="org.apache.commons.io.IOUtilsTestCase" time="0.004"/>
  <testcase name="testRead_ReadableByteChannel" classname="org.apache.commons.io.IOUtilsTestCase" time="0.024"/>
  <testcase name="testToBufferedInputStream_InputStream" classname="org.apache.commons.io.IOUtilsTestCase" time="0.008"/>
  <testcase name="testCloseQuietly_Selector" classname="org.apache.commons.io.IOUtilsTestCase" time="0.008"/>
  <testcase name="testCloseQuietly_AllCloseableIOException" classname="org.apache.commons.io.IOUtilsTestCase" time="0.004"/>
  <testcase name="testContentEquals_Reader_Reader" classname="org.apache.commons.io.IOUtilsTestCase" time="0.004"/>
  <testcase name="testAsBufferedInputStreamWithBufferSize" classname="org.apache.commons.io.IOUtilsTestCase" time="0.008"/>
  <testcase name="testAsBufferedInputStream" classname="org.apache.commons.io.IOUtilsTestCase" time="0.004"/>
  <testcase name="testReadFully_InputStream_ByteArray" classname="org.apache.commons.io.IOUtilsTestCase" time="0.004"/>
  <testcase name="testToByteArray_Reader" classname="org.apache.commons.io.IOUtilsTestCase" time="0.012"/>
  <testcase name="testToCharArray_InputStream" classname="org.apache.commons.io.IOUtilsTestCase" time="0.008"/>
  <testcase name="testReadLines_InputStream" classname="org.apache.commons.io.IOUtilsTestCase" time="0.016"/>
  <testcase name="testToByteArray_String" classname="org.apache.commons.io.IOUtilsTestCase" time="0.008"/>
  <testcase name="testCopyLarge_CharSkip" classname="org.apache.commons.io.IOUtilsTestCase" time="0.004"/>
  <testcase name="testReadFully_ReadableByteChannel" classname="org.apache.commons.io.IOUtilsTestCase" time="0.008"/>
  <testcase name="testToByteArray_URLConnection" classname="org.apache.commons.io.IOUtilsTestCase" time="0.004"/>
  <testcase name="testToBufferedInputStreamWithBufferSize_InputStream" classname="org.apache.commons.io.IOUtilsTestCase" time="0.008"/>
  <testcase name="testToByteArray_InputStream_SizeIllegal" classname="org.apache.commons.io.IOUtilsTestCase" time="0.008"/>
  <testcase name="testToString_URI" classname="org.apache.commons.io.IOUtilsTestCase" time="0.008"/>
  <testcase name="testToString_URL" classname="org.apache.commons.io.IOUtilsTestCase" time="0.008"/>
  <testcase name="testReadLines_InputStream_String" classname="org.apache.commons.io.IOUtilsTestCase" time="0.008"/>
  <testcase name="testCloseQuietly_ServerSocket" classname="org.apache.commons.io.IOUtilsTestCase" time="0.008"/>
  <testcase name="testCloseQuietly_CloseableIOException" classname="org.apache.commons.io.IOUtilsTestCase" time="0.008"/>
  <testcase name="testContentEquals_InputStream_InputStream" classname="org.apache.commons.io.IOUtilsTestCase" time="0.004"/>
  <testcase name="testReadFully_Reader" classname="org.apache.commons.io.IOUtilsTestCase" time="0.008"/>
  <testcase name="testToCharArray_InputStream_CharsetName" classname="org.apache.commons.io.IOUtilsTestCase" time="0.012"/>
  <testcase name="testCopyLarge_CharSkipInvalid" classname="org.apache.commons.io.IOUtilsTestCase" time="0.004"/>
</testsuite>