<?xml version="1.0" encoding="UTF-8"?>
<testsuite name="org.apache.commons.io.FileUtilsTestCase" time="4.762" tests="135" errors="0" skipped="1" failures="0">
  <properties>
    <property name="java.runtime.name" value="Java(TM) SE Runtime Environment"/>
    <property name="sun.boot.library.path" value="C:\Program Files\Java\jdk1.8.0_45\jre\bin"/>
    <property name="java.vm.version" value="25.45-b02"/>
    <property name="java.vm.vendor" value="Oracle Corporation"/>
    <property name="maven.multiModuleProjectDirectory" value="F:\sd\commons-io-commons-io-2.5"/>
    <property name="java.vendor.url" value="http://java.oracle.com/"/>
    <property name="path.separator" value=";"/>
    <property name="guice.disable.misplaced.annotation.check" value="true"/>
    <property name="java.vm.name" value="Java HotSpot(TM) 64-Bit Server VM"/>
    <property name="file.encoding.pkg" value="sun.io"/>
    <property name="user.script" value=""/>
    <property name="user.country" value="IN"/>
    <property name="sun.java.launcher" value="SUN_STANDARD"/>
    <property name="sun.os.patch.level" value=""/>
    <property name="java.vm.specification.name" value="Java Virtual Machine Specification"/>
    <property name="user.dir" value="F:\sd\commons-io-commons-io-2.5"/>
    <property name="java.runtime.version" value="1.8.0_45-b15"/>
    <property name="java.awt.graphicsenv" value="sun.awt.Win32GraphicsEnvironment"/>
    <property name="java.endorsed.dirs" value="C:\Program Files\Java\jdk1.8.0_45\jre\lib\endorsed"/>
    <property name="os.arch" value="amd64"/>
    <property name="java.io.tmpdir" value="C:\Users\RAVNEE~1\AppData\Local\Temp\"/>
    <property name="line.separator" value="&#10;"/>
    <property name="java.vm.specification.vendor" value="Oracle Corporation"/>
    <property name="user.variant" value=""/>
    <property name="os.name" value="Windows 8.1"/>
    <property name="classworlds.conf" value="C:\Program Files\JetBrains\IntelliJ IDEA Community Edition 2019.1.2\plugins\maven\lib\maven3\bin\m2.conf"/>
    <property name="sun.jnu.encoding" value="Cp1252"/>
    <property name="java.library.path" value="C:\Program Files\Java\jdk1.8.0_45\bin;C:\WINDOWS\Sun\Java\bin;C:\WINDOWS\system32;C:\WINDOWS;C:\Program Files (x86)\Common Files\Oracle\Java\javapath;E:\app\RAVNEET\product\11.2.0\dbhome_1\bin;C:\ProgramData\Oracle\Java\javapath;C:\Program Files (x86)\Intel\iCLS Client\;C:\Program Files\Intel\iCLS Client\;C:\Program Files (x86)\NVIDIA Corporation\PhysX\Common;C:\Windows\system32;C:\Windows;C:\Windows\System32\Wbem;C:\Windows\System32\WindowsPowerShell\v1.0\;C:\Program Files\Intel\Intel(R) Management Engine Components\DAL;C:\Program Files (x86)\Intel\Intel(R) Management Engine Components\DAL;C:\Program Files\Intel\Intel(R) Management Engine Components\IPT;C:\Program Files (x86)\Intel\Intel(R) Management Engine Components\IPT;C:\Program Files\Java\jdk1.8.0_45\bin;C:\Program Files\Java\jre1.8.0_45\bin;C:\Program Files\Microsoft SQL Server\Client SDK\ODBC\110\Tools\Binn\;C:\Program Files (x86)\Microsoft SQL Server\120\Tools\Binn\;C:\Program Files\Microsoft SQL Server\120\Tools\Binn\;C:\Program Files\Microsoft SQL Server\120\DTS\Binn\;C:\Program Files (x86)\Microsoft SQL Server\120\Tools\Binn\ManagementStudio\;C:\Program Files (x86)\Microsoft SQL Server\120\DTS\Binn\;C:\WINDOWS\system32;C:\WINDOWS;C:\WINDOWS\System32\Wbem;C:\WINDOWS\System32\WindowsPowerShell\v1.0\;C:\WINDOWS\System32\OpenSSH\;;C:\Program Files\NVIDIA Corporation\NVIDIA NvDLISR;C:\Users\RAVNEET SINGH BRAR\AppData\Local\Programs\Python\Python37-32\Scripts\;C:\Users\RAVNEET SINGH BRAR\AppData\Local\Programs\Python\Python37-32\;C:\Users\RAVNEET SINGH BRAR\AppData\Local\Microsoft\WindowsApps;C:\Users\RAVNEET SINGH BRAR\AppData\Local\atom\bin;C:\Program Files\JetBrains\PyCharm Community Edition 2019.1.2\bin;;C:\Program Files\JetBrains\IntelliJ IDEA Community Edition 2019.1.2\bin;;."/>
    <property name="java.specification.name" value="Java Platform API Specification"/>
    <property name="java.class.version" value="52.0"/>
    <property name="sun.management.compiler" value="HotSpot 64-Bit Tiered Compilers"/>
    <property name="os.version" value="6.3"/>
    <property name="user.home" value="C:\Users\RAVNEET SINGH BRAR"/>
    <property name="user.timezone" value="America/New_York"/>
    <property name="java.awt.printerjob" value="sun.awt.windows.WPrinterJob"/>
    <property name="java.specification.version" value="1.8"/>
    <property name="file.encoding" value="UTF-8"/>
    <property name="user.name" value="RAVNEET SINGH BRAR"/>
    <property name="java.class.path" value="C:\Program Files\JetBrains\IntelliJ IDEA Community Edition 2019.1.2\plugins\maven\lib\maven3\boot\plexus-classworlds-2.5.2.jar;C:\Program Files\JetBrains\IntelliJ IDEA Community Edition 2019.1.2\lib\idea_rt.jar"/>
    <property name="java.vm.specification.version" value="1.8"/>
    <property name="sun.arch.data.model" value="64"/>
    <property name="java.home" value="C:\Program Files\Java\jdk1.8.0_45\jre"/>
    <property name="sun.java.command" value="org.codehaus.classworlds.Launcher -Didea.version2019.1.2 test"/>
    <property name="java.specification.vendor" value="Oracle Corporation"/>
    <property name="user.language" value="en"/>
    <property name="awt.toolkit" value="sun.awt.windows.WToolkit"/>
    <property name="java.vm.info" value="mixed mode"/>
    <property name="idea.version2019.1.2" value="true"/>
    <property name="java.version" value="1.8.0_45"/>
    <property name="java.ext.dirs" value="C:\Program Files\Java\jdk1.8.0_45\jre\lib\ext;C:\WINDOWS\Sun\Java\lib\ext"/>
    <property name="sun.boot.class.path" value="C:\Program Files\Java\jdk1.8.0_45\jre\lib\resources.jar;C:\Program Files\Java\jdk1.8.0_45\jre\lib\rt.jar;C:\Program Files\Java\jdk1.8.0_45\jre\lib\sunrsasign.jar;C:\Program Files\Java\jdk1.8.0_45\jre\lib\jsse.jar;C:\Program Files\Java\jdk1.8.0_45\jre\lib\jce.jar;C:\Program Files\Java\jdk1.8.0_45\jre\lib\charsets.jar;C:\Program Files\Java\jdk1.8.0_45\jre\lib\jfr.jar;C:\Program Files\Java\jdk1.8.0_45\jre\classes"/>
    <property name="java.vendor" value="Oracle Corporation"/>
    <property name="maven.home" value="C:\Program Files\JetBrains\IntelliJ IDEA Community Edition 2019.1.2\plugins\maven\lib\maven3"/>
    <property name="file.separator" value="\"/>
    <property name="java.vendor.url.bug" value="http://bugreport.sun.com/bugreport/"/>
    <property name="sun.cpu.endian" value="little"/>
    <property name="sun.io.unicode.encoding" value="UnicodeLittle"/>
    <property name="sun.desktop" value="windows"/>
    <property name="sun.cpu.isalist" value="amd64"/>
  </properties>
  <testcase name="testCopyFile1" classname="org.apache.commons.io.FileUtilsTestCase" time="0.184"/>
  <testcase name="testCopyFile2" classname="org.apache.commons.io.FileUtilsTestCase" time="0.02"/>
  <testcase name="testChecksumOnDirectory" classname="org.apache.commons.io.FileUtilsTestCase" time="0.004"/>
  <testcase name="testWriteLines_3arg_nullSeparator" classname="org.apache.commons.io.FileUtilsTestCase" time="0.012"/>
  <testcase name="testChecksum" classname="org.apache.commons.io.FileUtilsTestCase" time="0.012"/>
  <testcase name="testGetUserDirectoryPath" classname="org.apache.commons.io.FileUtilsTestCase" time="0.008"/>
  <testcase name="testToFiles3a" classname="org.apache.commons.io.FileUtilsTestCase" time="0.008"/>
  <testcase name="testChecksumCRC32" classname="org.apache.commons.io.FileUtilsTestCase" time="0.012"/>
  <testcase name="testWriteLines_3argsWithAppendOptionTrue_ShouldNotDeletePreviousFileLines" classname="org.apache.commons.io.FileUtilsTestCase" time="0.024"/>
  <testcase name="testCopyDirectoryToChild" classname="org.apache.commons.io.FileUtilsTestCase" time="0.1"/>
  <testcase name="testContentEqualsIgnoreEOL" classname="org.apache.commons.io.FileUtilsTestCase" time="0.072"/>
  <testcase name="testForceDeleteAFile1" classname="org.apache.commons.io.FileUtilsTestCase" time="0.02"/>
  <testcase name="testForceDeleteAFile2" classname="org.apache.commons.io.FileUtilsTestCase" time="0.012"/>
  <testcase name="testForceDeleteAFile3" classname="org.apache.commons.io.FileUtilsTestCase" time="0.008"/>
  <testcase name="testCopyToSelf" classname="org.apache.commons.io.FileUtilsTestCase" time="0.016"/>
  <testcase name="testDeleteQuietlyForNull" classname="org.apache.commons.io.FileUtilsTestCase" time="0.012"/>
  <testcase name="testToFile1" classname="org.apache.commons.io.FileUtilsTestCase" time="0.008"/>
  <testcase name="testToFile2" classname="org.apache.commons.io.FileUtilsTestCase" time="0.008"/>
  <testcase name="testToFile3" classname="org.apache.commons.io.FileUtilsTestCase" time="0.008"/>
  <testcase name="testToFile4" classname="org.apache.commons.io.FileUtilsTestCase" time="0.008"/>
  <testcase name="testToFile5" classname="org.apache.commons.io.FileUtilsTestCase" time="0.008"/>
  <testcase name="testToURLs1" classname="org.apache.commons.io.FileUtilsTestCase" time="0.008"/>
  <testcase name="testDeleteQuietlyNonExistent" classname="org.apache.commons.io.FileUtilsTestCase" time="0.008"/>
  <testcase name="test_openInputStream_existsButIsDirectory" classname="org.apache.commons.io.FileUtilsTestCase" time="0.016"/>
  <testcase name="testToFileUtf8" classname="org.apache.commons.io.FileUtilsTestCase" time="0.008"/>
  <testcase name="testCopyDirectoryToNonExistingDest" classname="org.apache.commons.io.FileUtilsTestCase" time="0.064"/>
  <testcase name="testToFiles1" classname="org.apache.commons.io.FileUtilsTestCase" time="0.008"/>
  <testcase name="testToFiles2" classname="org.apache.commons.io.FileUtilsTestCase" time="0.008"/>
  <testcase name="testToFiles3" classname="org.apache.commons.io.FileUtilsTestCase" time="0.008"/>
  <testcase name="testToFiles4" classname="org.apache.commons.io.FileUtilsTestCase" time="0.008"/>
  <testcase name="testWriteByteArrayToFile" classname="org.apache.commons.io.FileUtilsTestCase" time="0.012"/>
  <testcase name="testMoveFile_CopyDelete_Failed" classname="org.apache.commons.io.FileUtilsTestCase" time="0.016"/>
  <testcase name="testWriteLines_5argsWithAppendOptionTrue_ShouldNotDeletePreviousFileLines" classname="org.apache.commons.io.FileUtilsTestCase" time="0.016"/>
  <testcase name="testWriteLines_4arg_Writer_nullData" classname="org.apache.commons.io.FileUtilsTestCase" time="0.024"/>
  <testcase name="testMoveFile_Errors" classname="org.apache.commons.io.FileUtilsTestCase" time="0.016"/>
  <testcase name="testWriteStringToFile_WithAppendOptionFalse_ShouldDeletePreviousFileLines" classname="org.apache.commons.io.FileUtilsTestCase" time="0.032"/>
  <testcase name="test_openOutputStream_exists" classname="org.apache.commons.io.FileUtilsTestCase" time="0.016"/>
  <testcase name="testListFilesWithDirs" classname="org.apache.commons.io.FileUtilsTestCase" time="0.076"/>
  <testcase name="testWriteLines_3argsWithAppendOptionFalse_ShouldDeletePreviousFileLines" classname="org.apache.commons.io.FileUtilsTestCase" time="0.024"/>
  <testcase name="testWriteLines_4argsWithAppendOptionFalse_ShouldDeletePreviousFileLines" classname="org.apache.commons.io.FileUtilsTestCase" time="0.016"/>
  <testcase name="testIO276" classname="org.apache.commons.io.FileUtilsTestCase" time="0.008"/>
  <testcase name="testIO300" classname="org.apache.commons.io.FileUtilsTestCase" time="0.012"/>
  <testcase name="testWriteLines_5argsWithAppendOptionFalse_ShouldDeletePreviousFileLines" classname="org.apache.commons.io.FileUtilsTestCase" time="0.024"/>
  <testcase name="testTouch" classname="org.apache.commons.io.FileUtilsTestCase" time="0.064"/>
  <testcase name="testIncorrectOutputSize" classname="org.apache.commons.io.FileUtilsTestCase" time="0.084"/>
  <testcase name="testGetUserDirectory" classname="org.apache.commons.io.FileUtilsTestCase" time="0.008"/>
  <testcase name="testChecksumDouble" classname="org.apache.commons.io.FileUtilsTestCase" time="0.016"/>
  <testcase name="testToURLs3a" classname="org.apache.commons.io.FileUtilsTestCase" time="0.015"/>
  <testcase name="testMoveFile_Rename" classname="org.apache.commons.io.FileUtilsTestCase" time="0.016"/>
  <testcase name="testCopyFileLarge" classname="org.apache.commons.io.FileUtilsTestCase" time="0">
    <skipped/>
  </testcase>
  <testcase name="testWriteByteArrayToFile_WithAppendOptionFalse_ShouldDeletePreviousFileLines" classname="org.apache.commons.io.FileUtilsTestCase" time="0.015"/>
  <testcase name="testCopyDirectoryToDirectory_NonExistingDest" classname="org.apache.commons.io.FileUtilsTestCase" time="0.047"/>
  <testcase name="testMoveDirectory_CopyDelete" classname="org.apache.commons.io.FileUtilsTestCase" time="0.016"/>
  <testcase name="testGetFile_Parent" classname="org.apache.commons.io.FileUtilsTestCase" time="0.016"/>
  <testcase name="test_openOutputStream_noParentNoFile" classname="org.apache.commons.io.FileUtilsTestCase" time="0.015"/>
  <testcase name="testWriteWithEncoding_WithAppendOptionFalse_ShouldDeletePreviousFileLines" classname="org.apache.commons.io.FileUtilsTestCase" time="0.016"/>
  <testcase name="testCopyFile2WithoutFileDatePreservation" classname="org.apache.commons.io.FileUtilsTestCase" time="0.015"/>
  <testcase name="testMoveFile_CopyDelete" classname="org.apache.commons.io.FileUtilsTestCase" time="0.016"/>
  <testcase name="testFileUtils" classname="org.apache.commons.io.FileUtilsTestCase" time="0.016"/>
  <testcase name="testForceMkdir" classname="org.apache.commons.io.FileUtilsTestCase" time="0.047"/>
  <testcase name="testCopyFile1ToDir" classname="org.apache.commons.io.FileUtilsTestCase" time="0.015"/>
  <testcase name="testListFiles" classname="org.apache.commons.io.FileUtilsTestCase" time="0.047"/>
  <testcase name="testMoveDirectoryToDirectory_Errors" classname="org.apache.commons.io.FileUtilsTestCase" time="0.016"/>
  <testcase name="testCopyFile2ToDir" classname="org.apache.commons.io.FileUtilsTestCase" time="0.015"/>
  <testcase name="testForceDeleteDir" classname="org.apache.commons.io.FileUtilsTestCase" time="0"/>
  <testcase name="testGetFile" classname="org.apache.commons.io.FileUtilsTestCase" time="0.016"/>
  <testcase name="testWriteByteArrayToFile_WithOffsetAndLength" classname="org.apache.commons.io.FileUtilsTestCase" time="0"/>
  <testcase name="testReadLines" classname="org.apache.commons.io.FileUtilsTestCase" time="0.016"/>
  <testcase name="testWriteStringToFileWithEncoding_WithAppendOptionTrue_ShouldNotDeletePreviousFileLines" classname="org.apache.commons.io.FileUtilsTestCase" time="0.015"/>
  <testcase name="testGetTempDirectoryPath" classname="org.apache.commons.io.FileUtilsTestCase" time="0.016"/>
  <testcase name="test_openOutputStream_notExists" classname="org.apache.commons.io.FileUtilsTestCase" time="0"/>
  <testcase name="testMoveDirectory_Errors" classname="org.apache.commons.io.FileUtilsTestCase" time="0.015"/>
  <testcase name="testReadFileToStringWithEncoding" classname="org.apache.commons.io.FileUtilsTestCase" time="0.032"/>
  <testcase name="testSizeOfAsBigInteger" classname="org.apache.commons.io.FileUtilsTestCase" time="0"/>
  <testcase name="testCopyURLToFileWithTimeout" classname="org.apache.commons.io.FileUtilsTestCase" time="0.016"/>
  <testcase name="test_openOutputStream_notExistsCannotCreate" classname="org.apache.commons.io.FileUtilsTestCase" time="0"/>
  <testcase name="testForceMkdirParent" classname="org.apache.commons.io.FileUtilsTestCase" time="0"/>
  <testcase name="testCopyDirectoryToItself" classname="org.apache.commons.io.FileUtilsTestCase" time="0.016"/>
  <testcase name="testWriteStringToFileWithEncoding_WithAppendOptionFalse_ShouldDeletePreviousFileLines" classname="org.apache.commons.io.FileUtilsTestCase" time="0.063"/>
  <testcase name="testWriteLines_4arg" classname="org.apache.commons.io.FileUtilsTestCase" time="0.031"/>
  <testcase name="test_openOutputStream_noParentCreateFile" classname="org.apache.commons.io.FileUtilsTestCase" time="0.015"/>
  <testcase name="testCopyFileToOutputStream" classname="org.apache.commons.io.FileUtilsTestCase" time="0"/>
  <testcase name="testMoveDirectory_Rename" classname="org.apache.commons.io.FileUtilsTestCase" time="0.016"/>
  <testcase name="testWrite_WithAppendOptionFalse_ShouldDeletePreviousFileLines" classname="org.apache.commons.io.FileUtilsTestCase" time="0.016"/>
  <testcase name="testCopyDirectoryToGrandChild" classname="org.apache.commons.io.FileUtilsTestCase" time="0.16"/>
  <testcase name="testDeleteDirectoryWithNonDirectory" classname="org.apache.commons.io.FileUtilsTestCase" time="0.016"/>
  <testcase name="testWriteByteArrayToFile_WithAppendOptionTrue_ShouldNotDeletePreviousFileLines" classname="org.apache.commons.io.FileUtilsTestCase" time="0.02"/>
  <testcase name="testReadFileToByteArray" classname="org.apache.commons.io.FileUtilsTestCase" time="0.008"/>
  <testcase name="testIsFileNewerOlder" classname="org.apache.commons.io.FileUtilsTestCase" time="2.024"/>
  <testcase name="testByteCountToDisplaySizeLong" classname="org.apache.commons.io.FileUtilsTestCase" time="0.008"/>
  <testcase name="testSizeOfDirectoryAsBigInteger" classname="org.apache.commons.io.FileUtilsTestCase" time="0.032"/>
  <testcase name="testGetTempDirectory" classname="org.apache.commons.io.FileUtilsTestCase" time="0.008"/>
  <testcase name="testWriteLines_4argsWithAppendOptionTrue_ShouldNotDeletePreviousFileLines" classname="org.apache.commons.io.FileUtilsTestCase" time="0.012"/>
  <testcase name="testMoveToDirectory" classname="org.apache.commons.io.FileUtilsTestCase" time="0.012"/>
  <testcase name="testReadFileToStringWithDefaultEncoding" classname="org.apache.commons.io.FileUtilsTestCase" time="0.008"/>
  <testcase name="testCompareSizeOf" classname="org.apache.commons.io.FileUtilsTestCase" time="0.084"/>
  <testcase name="testWriteStringToFile1" classname="org.apache.commons.io.FileUtilsTestCase" time="0.008"/>
  <testcase name="testWriteStringToFile2" classname="org.apache.commons.io.FileUtilsTestCase" time="0.012"/>
  <testcase name="testWriteStringToFile3" classname="org.apache.commons.io.FileUtilsTestCase" time="0.016"/>
  <testcase name="testWriteByteArrayToFile_WithOffsetAndLength_WithAppendOptionTrue_ShouldDeletePreviousFileLines" classname="org.apache.commons.io.FileUtilsTestCase" time="0.012"/>
  <testcase name="testMoveToDirectory_Errors" classname="org.apache.commons.io.FileUtilsTestCase" time="0.008"/>
  <testcase name="testSizeOfDirectory" classname="org.apache.commons.io.FileUtilsTestCase" time="0.012"/>
  <testcase name="testDecodeUrlLenient" classname="org.apache.commons.io.FileUtilsTestCase" time="0.004"/>
  <testcase name="testWriteCharSequence1" classname="org.apache.commons.io.FileUtilsTestCase" time="0.008"/>
  <testcase name="testWriteCharSequence2" classname="org.apache.commons.io.FileUtilsTestCase" time="0.008"/>
  <testcase name="testDecodeUrlNullSafe" classname="org.apache.commons.io.FileUtilsTestCase" time="0.004"/>
  <testcase name="testChecksumOnNullFile" classname="org.apache.commons.io.FileUtilsTestCase" time="0.004"/>
  <testcase name="testWriteLinesEncoding_WithAppendOptionFalse_ShouldDeletePreviousFileLines" classname="org.apache.commons.io.FileUtilsTestCase" time="0.012"/>
  <testcase name="testCopyDirectoryToExistingDest" classname="org.apache.commons.io.FileUtilsTestCase" time="0.036"/>
  <testcase name="testDeleteQuietlyDir" classname="org.apache.commons.io.FileUtilsTestCase" time="0.008"/>
  <testcase name="testContentEquals" classname="org.apache.commons.io.FileUtilsTestCase" time="0.036"/>
  <testcase name="testDecodeUrl" classname="org.apache.commons.io.FileUtilsTestCase" time="0.012"/>
  <testcase name="test_openInputStream_notExists" classname="org.apache.commons.io.FileUtilsTestCase" time="0.012"/>
  <testcase name="testWriteLines_4arg_nullSeparator" classname="org.apache.commons.io.FileUtilsTestCase" time="0.016"/>
  <testcase name="testIterateFiles" classname="org.apache.commons.io.FileUtilsTestCase" time="0.044"/>
  <testcase name="testCopyDirectoryFiltered" classname="org.apache.commons.io.FileUtilsTestCase" time="0.076"/>
  <testcase name="testWriteWithEncoding_WithAppendOptionTrue_ShouldNotDeletePreviousFileLines" classname="org.apache.commons.io.FileUtilsTestCase" time="0.016"/>
  <testcase name="testByteCountToDisplaySizeBigInteger" classname="org.apache.commons.io.FileUtilsTestCase" time="0.008"/>
  <testcase name="testCopyDirectoryErrors" classname="org.apache.commons.io.FileUtilsTestCase" time="0.008"/>
  <testcase name="testWriteByteArrayToFile_WithOffsetAndLength_WithAppendOptionTrue_ShouldNotDeletePreviousFileLines" classname="org.apache.commons.io.FileUtilsTestCase" time="0.012"/>
  <testcase name="testChecksumOnNullChecksum" classname="org.apache.commons.io.FileUtilsTestCase" time="0.008"/>
  <testcase name="testIterateFilesAndDirs" classname="org.apache.commons.io.FileUtilsTestCase" time="0.016"/>
  <testcase name="testDeleteQuietlyFile" classname="org.apache.commons.io.FileUtilsTestCase" time="0.008"/>
  <testcase name="testWriteStringToFile_WithAppendOptionTrue_ShouldNotDeletePreviousFileLines" classname="org.apache.commons.io.FileUtilsTestCase" time="0.012"/>
  <testcase name="test_openOutputStream_existsButIsDirectory" classname="org.apache.commons.io.FileUtilsTestCase" time="0.008"/>
  <testcase name="testMoveDirectoryToDirectory" classname="org.apache.commons.io.FileUtilsTestCase" time="0.012"/>
  <testcase name="testSizeOf" classname="org.apache.commons.io.FileUtilsTestCase" time="0.008"/>
  <testcase name="testMoveFileToDirectory_Errors" classname="org.apache.commons.io.FileUtilsTestCase" time="0.008"/>
  <testcase name="testCopyURLToFile" classname="org.apache.commons.io.FileUtilsTestCase" time="0.012"/>
  <testcase name="testWriteLinesEncoding_WithAppendOptionTrue_ShouldNotDeletePreviousFileLines" classname="org.apache.commons.io.FileUtilsTestCase" time="0.012"/>
  <testcase name="test_openInputStream_exists" classname="org.apache.commons.io.FileUtilsTestCase" time="0.012"/>
  <testcase name="testMoveFileToDirectory" classname="org.apache.commons.io.FileUtilsTestCase" time="0.008"/>
  <testcase name="testCopyDirectoryPreserveDates" classname="org.apache.commons.io.FileUtilsTestCase" time="0.052"/>
  <testcase name="testDecodeUrlEncodingUtf8" classname="org.apache.commons.io.FileUtilsTestCase" time="0.004"/>
  <testcase name="testWrite_WithAppendOptionTrue_ShouldNotDeletePreviousFileLines" classname="org.apache.commons.io.FileUtilsTestCase" time="0.008"/>
</testsuite>