<?xml version="1.0" encoding="UTF-8"?>
<testsuite xmlns:xsi="http://www.w3.org/2001/XMLSchema-instance" xsi:noNamespaceSchemaLocation="https://maven.apache.org/surefire/maven-surefire-plugin/xsd/surefire-test-report.xsd" name="com.puppycrawl.tools.checkstyle.AstTreeStringPrinterTest" time="0.333" tests="12" errors="0" skipped="0" failures="10">
  <properties>
    <property name="sun.desktop" value="windows"/>
    <property name="awt.toolkit" value="sun.awt.windows.WToolkit"/>
    <property name="java.specification.version" value="11"/>
    <property name="sun.cpu.isalist" value="amd64"/>
    <property name="sun.jnu.encoding" value="Cp1252"/>
    <property name="java.class.path" value="C:\Users\Farzad Omarzadeh\Desktop\Project-SM\checkstyle-checkstyle-8.21\target\test-classes;C:\Users\Farzad Omarzadeh\Desktop\Project-SM\checkstyle-checkstyle-8.21\target\classes;C:\Users\Farzad Omarzadeh\.m2\repository\info\picocli\picocli\3.9.6\picocli-3.9.6.jar;C:\Users\Farzad Omarzadeh\.m2\repository\antlr\antlr\2.7.7\antlr-2.7.7.jar;C:\Users\Farzad Omarzadeh\.m2\repository\org\antlr\antlr4-runtime\4.7.2\antlr4-runtime-4.7.2.jar;C:\Users\Farzad Omarzadeh\.m2\repository\commons-beanutils\commons-beanutils\1.9.3\commons-beanutils-1.9.3.jar;C:\Users\Farzad Omarzadeh\.m2\repository\commons-logging\commons-logging\1.2\commons-logging-1.2.jar;C:\Users\Farzad Omarzadeh\.m2\repository\commons-collections\commons-collections\3.2.2\commons-collections-3.2.2.jar;C:\Users\Farzad Omarzadeh\.m2\repository\com\google\guava\guava\27.1-jre\guava-27.1-jre.jar;C:\Users\Farzad Omarzadeh\.m2\repository\com\google\guava\failureaccess\1.0.1\failureaccess-1.0.1.jar;C:\Users\Farzad Omarzadeh\.m2\repository\com\google\guava\listenablefuture\9999.0-empty-to-avoid-conflict-with-guava\listenablefuture-9999.0-empty-to-avoid-conflict-with-guava.jar;C:\Users\Farzad Omarzadeh\.m2\repository\com\google\code\findbugs\jsr305\3.0.2\jsr305-3.0.2.jar;C:\Users\Farzad Omarzadeh\.m2\repository\org\checkerframework\checker-qual\2.5.2\checker-qual-2.5.2.jar;C:\Users\Farzad Omarzadeh\.m2\repository\com\google\errorprone\error_prone_annotations\2.2.0\error_prone_annotations-2.2.0.jar;C:\Users\Farzad Omarzadeh\.m2\repository\com\google\j2objc\j2objc-annotations\1.1\j2objc-annotations-1.1.jar;C:\Users\Farzad Omarzadeh\.m2\repository\org\codehaus\mojo\animal-sniffer-annotations\1.17\animal-sniffer-annotations-1.17.jar;C:\Users\Farzad Omarzadeh\.m2\repository\org\apache\ant\ant\1.10.6\ant-1.10.6.jar;C:\Users\Farzad Omarzadeh\.m2\repository\org\apache\ant\ant-launcher\1.10.6\ant-launcher-1.10.6.jar;C:\Users\Farzad Omarzadeh\.m2\repository\junit\junit\4.12\junit-4.12.jar;C:\Users\Farzad Omarzadeh\.m2\repository\org\hamcrest\hamcrest-core\1.3\hamcrest-core-1.3.jar;C:\Users\Farzad Omarzadeh\.m2\repository\com\github\stefanbirkner\system-rules\1.19.0\system-rules-1.19.0.jar;C:\Users\Farzad Omarzadeh\.m2\repository\nl\jqno\equalsverifier\equalsverifier\3.1.8\equalsverifier-3.1.8.jar;C:\Users\Farzad Omarzadeh\.m2\repository\org\powermock\powermock-api-mockito2\2.0.2\powermock-api-mockito2-2.0.2.jar;C:\Users\Farzad Omarzadeh\.m2\repository\org\powermock\powermock-api-support\2.0.2\powermock-api-support-2.0.2.jar;C:\Users\Farzad Omarzadeh\.m2\repository\org\powermock\powermock-reflect\2.0.2\powermock-reflect-2.0.2.jar;C:\Users\Farzad Omarzadeh\.m2\repository\net\bytebuddy\byte-buddy\1.9.3\byte-buddy-1.9.3.jar;C:\Users\Farzad Omarzadeh\.m2\repository\net\bytebuddy\byte-buddy-agent\1.9.3\byte-buddy-agent-1.9.3.jar;C:\Users\Farzad Omarzadeh\.m2\repository\org\powermock\powermock-core\2.0.2\powermock-core-2.0.2.jar;C:\Users\Farzad Omarzadeh\.m2\repository\org\javassist\javassist\3.24.0-GA\javassist-3.24.0-GA.jar;C:\Users\Farzad Omarzadeh\.m2\repository\org\mockito\mockito-core\2.23.0\mockito-core-2.23.0.jar;C:\Users\Farzad Omarzadeh\.m2\repository\org\objenesis\objenesis\2.6\objenesis-2.6.jar;C:\Users\Farzad Omarzadeh\.m2\repository\org\powermock\powermock-module-junit4\2.0.2\powermock-module-junit4-2.0.2.jar;C:\Users\Farzad Omarzadeh\.m2\repository\org\powermock\powermock-module-junit4-common\2.0.2\powermock-module-junit4-common-2.0.2.jar;C:\Users\Farzad Omarzadeh\.m2\repository\commons-io\commons-io\2.6\commons-io-2.6.jar;C:\Users\Farzad Omarzadeh\.m2\repository\org\eclipse\jgit\org.eclipse.jgit\5.3.1.201904271842-r\org.eclipse.jgit-5.3.1.201904271842-r.jar;C:\Users\Farzad Omarzadeh\.m2\repository\com\jcraft\jsch\0.1.54\jsch-0.1.54.jar;C:\Users\Farzad Omarzadeh\.m2\repository\com\jcraft\jzlib\1.1.1\jzlib-1.1.1.jar;C:\Users\Farzad Omarzadeh\.m2\repository\com\googlecode\javaewah\JavaEWAH\1.1.6\JavaEWAH-1.1.6.jar;C:\Users\Farzad Omarzadeh\.m2\repository\org\slf4j\slf4j-api\1.7.2\slf4j-api-1.7.2.jar;C:\Users\Farzad Omarzadeh\.m2\repository\org\bouncycastle\bcpg-jdk15on\1.60\bcpg-jdk15on-1.60.jar;C:\Users\Farzad Omarzadeh\.m2\repository\org\bouncycastle\bcprov-jdk15on\1.60\bcprov-jdk15on-1.60.jar;C:\Users\Farzad Omarzadeh\.m2\repository\org\bouncycastle\bcpkix-jdk15on\1.60\bcpkix-jdk15on-1.60.jar;C:\Users\Farzad Omarzadeh\.m2\repository\org\slf4j\slf4j-simple\1.7.26\slf4j-simple-1.7.26.jar;C:\Users\Farzad Omarzadeh\.m2\repository\org\jacoco\org.jacoco.agent\0.8.3\org.jacoco.agent-0.8.3-runtime.jar;C:\Users\Farzad Omarzadeh\.m2\repository\net\sf\saxon\Saxon-HE\9.9.1-2\Saxon-HE-9.9.1-2.jar;src/test/resources-noncompilable;"/>
    <property name="java.vm.vendor" value="Oracle Corporation"/>
    <property name="sun.arch.data.model" value="64"/>
    <property name="user.variant" value=""/>
    <property name="java.vendor.url" value="http://java.oracle.com/"/>
    <property name="user.timezone" value="America/New_York"/>
    <property name="java.vm.specification.version" value="11"/>
    <property name="os.name" value="Windows 10"/>
    <property name="sun.java.launcher" value="SUN_STANDARD"/>
    <property name="user.country" value="US"/>
    <property name="sun.boot.library.path" value="C:\Program Files\Java\jdk-11\bin"/>
    <property name="sun.java.command" value="C:\Users\FARZAD~1\AppData\Local\Temp\surefire9051892076776103498\surefirebooter12149655432264947610.jar C:\Users\Farzad Omarzadeh\AppData\Local\Temp\surefire9051892076776103498 2019-06-01T17-27-44_190-jvmRun1 surefire11323186388476848417tmp surefire_07657420768074746620tmp"/>
    <property name="jdk.debug" value="release"/>
    <property name="surefire.test.class.path" value="C:\Users\Farzad Omarzadeh\Desktop\Project-SM\checkstyle-checkstyle-8.21\target\test-classes;C:\Users\Farzad Omarzadeh\Desktop\Project-SM\checkstyle-checkstyle-8.21\target\classes;C:\Users\Farzad Omarzadeh\.m2\repository\info\picocli\picocli\3.9.6\picocli-3.9.6.jar;C:\Users\Farzad Omarzadeh\.m2\repository\antlr\antlr\2.7.7\antlr-2.7.7.jar;C:\Users\Farzad Omarzadeh\.m2\repository\org\antlr\antlr4-runtime\4.7.2\antlr4-runtime-4.7.2.jar;C:\Users\Farzad Omarzadeh\.m2\repository\commons-beanutils\commons-beanutils\1.9.3\commons-beanutils-1.9.3.jar;C:\Users\Farzad Omarzadeh\.m2\repository\commons-logging\commons-logging\1.2\commons-logging-1.2.jar;C:\Users\Farzad Omarzadeh\.m2\repository\commons-collections\commons-collections\3.2.2\commons-collections-3.2.2.jar;C:\Users\Farzad Omarzadeh\.m2\repository\com\google\guava\guava\27.1-jre\guava-27.1-jre.jar;C:\Users\Farzad Omarzadeh\.m2\repository\com\google\guava\failureaccess\1.0.1\failureaccess-1.0.1.jar;C:\Users\Farzad Omarzadeh\.m2\repository\com\google\guava\listenablefuture\9999.0-empty-to-avoid-conflict-with-guava\listenablefuture-9999.0-empty-to-avoid-conflict-with-guava.jar;C:\Users\Farzad Omarzadeh\.m2\repository\com\google\code\findbugs\jsr305\3.0.2\jsr305-3.0.2.jar;C:\Users\Farzad Omarzadeh\.m2\repository\org\checkerframework\checker-qual\2.5.2\checker-qual-2.5.2.jar;C:\Users\Farzad Omarzadeh\.m2\repository\com\google\errorprone\error_prone_annotations\2.2.0\error_prone_annotations-2.2.0.jar;C:\Users\Farzad Omarzadeh\.m2\repository\com\google\j2objc\j2objc-annotations\1.1\j2objc-annotations-1.1.jar;C:\Users\Farzad Omarzadeh\.m2\repository\org\codehaus\mojo\animal-sniffer-annotations\1.17\animal-sniffer-annotations-1.17.jar;C:\Users\Farzad Omarzadeh\.m2\repository\org\apache\ant\ant\1.10.6\ant-1.10.6.jar;C:\Users\Farzad Omarzadeh\.m2\repository\org\apache\ant\ant-launcher\1.10.6\ant-launcher-1.10.6.jar;C:\Users\Farzad Omarzadeh\.m2\repository\junit\junit\4.12\junit-4.12.jar;C:\Users\Farzad Omarzadeh\.m2\repository\org\hamcrest\hamcrest-core\1.3\hamcrest-core-1.3.jar;C:\Users\Farzad Omarzadeh\.m2\repository\com\github\stefanbirkner\system-rules\1.19.0\system-rules-1.19.0.jar;C:\Users\Farzad Omarzadeh\.m2\repository\nl\jqno\equalsverifier\equalsverifier\3.1.8\equalsverifier-3.1.8.jar;C:\Users\Farzad Omarzadeh\.m2\repository\org\powermock\powermock-api-mockito2\2.0.2\powermock-api-mockito2-2.0.2.jar;C:\Users\Farzad Omarzadeh\.m2\repository\org\powermock\powermock-api-support\2.0.2\powermock-api-support-2.0.2.jar;C:\Users\Farzad Omarzadeh\.m2\repository\org\powermock\powermock-reflect\2.0.2\powermock-reflect-2.0.2.jar;C:\Users\Farzad Omarzadeh\.m2\repository\net\bytebuddy\byte-buddy\1.9.3\byte-buddy-1.9.3.jar;C:\Users\Farzad Omarzadeh\.m2\repository\net\bytebuddy\byte-buddy-agent\1.9.3\byte-buddy-agent-1.9.3.jar;C:\Users\Farzad Omarzadeh\.m2\repository\org\powermock\powermock-core\2.0.2\powermock-core-2.0.2.jar;C:\Users\Farzad Omarzadeh\.m2\repository\org\javassist\javassist\3.24.0-GA\javassist-3.24.0-GA.jar;C:\Users\Farzad Omarzadeh\.m2\repository\org\mockito\mockito-core\2.23.0\mockito-core-2.23.0.jar;C:\Users\Farzad Omarzadeh\.m2\repository\org\objenesis\objenesis\2.6\objenesis-2.6.jar;C:\Users\Farzad Omarzadeh\.m2\repository\org\powermock\powermock-module-junit4\2.0.2\powermock-module-junit4-2.0.2.jar;C:\Users\Farzad Omarzadeh\.m2\repository\org\powermock\powermock-module-junit4-common\2.0.2\powermock-module-junit4-common-2.0.2.jar;C:\Users\Farzad Omarzadeh\.m2\repository\commons-io\commons-io\2.6\commons-io-2.6.jar;C:\Users\Farzad Omarzadeh\.m2\repository\org\eclipse\jgit\org.eclipse.jgit\5.3.1.201904271842-r\org.eclipse.jgit-5.3.1.201904271842-r.jar;C:\Users\Farzad Omarzadeh\.m2\repository\com\jcraft\jsch\0.1.54\jsch-0.1.54.jar;C:\Users\Farzad Omarzadeh\.m2\repository\com\jcraft\jzlib\1.1.1\jzlib-1.1.1.jar;C:\Users\Farzad Omarzadeh\.m2\repository\com\googlecode\javaewah\JavaEWAH\1.1.6\JavaEWAH-1.1.6.jar;C:\Users\Farzad Omarzadeh\.m2\repository\org\slf4j\slf4j-api\1.7.2\slf4j-api-1.7.2.jar;C:\Users\Farzad Omarzadeh\.m2\repository\org\bouncycastle\bcpg-jdk15on\1.60\bcpg-jdk15on-1.60.jar;C:\Users\Farzad Omarzadeh\.m2\repository\org\bouncycastle\bcprov-jdk15on\1.60\bcprov-jdk15on-1.60.jar;C:\Users\Farzad Omarzadeh\.m2\repository\org\bouncycastle\bcpkix-jdk15on\1.60\bcpkix-jdk15on-1.60.jar;C:\Users\Farzad Omarzadeh\.m2\repository\org\slf4j\slf4j-simple\1.7.26\slf4j-simple-1.7.26.jar;C:\Users\Farzad Omarzadeh\.m2\repository\org\jacoco\org.jacoco.agent\0.8.3\org.jacoco.agent-0.8.3-runtime.jar;C:\Users\Farzad Omarzadeh\.m2\repository\net\sf\saxon\Saxon-HE\9.9.1-2\Saxon-HE-9.9.1-2.jar;src/test/resources-noncompilable;"/>
    <property name="sun.cpu.endian" value="little"/>
    <property name="user.home" value="C:\Users\Farzad Omarzadeh"/>
    <property name="user.language" value="en"/>
    <property name="java.specification.vendor" value="Oracle Corporation"/>
    <property name="java.version.date" value="2018-09-25"/>
    <property name="java.home" value="C:\Program Files\Java\jdk-11"/>
    <property name="file.separator" value="\"/>
    <property name="basedir" value="C:\Users\Farzad Omarzadeh\Desktop\Project-SM\checkstyle-checkstyle-8.21"/>
    <property name="java.vm.compressedOopsMode" value="32-bit"/>
    <property name="line.separator" value="&#10;"/>
    <property name="java.specification.name" value="Java Platform API Specification"/>
    <property name="java.vm.specification.vendor" value="Oracle Corporation"/>
    <property name="java.awt.graphicsenv" value="sun.awt.Win32GraphicsEnvironment"/>
    <property name="surefire.real.class.path" value="C:\Users\FARZAD~1\AppData\Local\Temp\surefire9051892076776103498\surefirebooter12149655432264947610.jar"/>
    <property name="user.script" value=""/>
    <property name="sun.management.compiler" value="HotSpot 64-Bit Tiered Compilers"/>
    <property name="java.runtime.version" value="11+28"/>
    <property name="user.name" value="Farzad Omarzadeh"/>
    <property name="path.separator" value=";"/>
    <property name="os.version" value="10.0"/>
    <property name="java.runtime.name" value="Java(TM) SE Runtime Environment"/>
    <property name="file.encoding" value="Cp1252"/>
    <property name="java.vm.name" value="Java HotSpot(TM) 64-Bit Server VM"/>
    <property name="java.vendor.version" value="18.9"/>
    <property name="localRepository" value="C:\Users\Farzad Omarzadeh\.m2\repository"/>
    <property name="java.vendor.url.bug" value="http://bugreport.java.com/bugreport/"/>
    <property name="java.io.tmpdir" value="C:\Users\FARZAD~1\AppData\Local\Temp\"/>
    <property name="idea.version" value="2018.3.1"/>
    <property name="java.version" value="11"/>
    <property name="user.dir" value="C:\Users\Farzad Omarzadeh\Desktop\Project-SM\checkstyle-checkstyle-8.21"/>
    <property name="os.arch" value="amd64"/>
    <property name="java.vm.specification.name" value="Java Virtual Machine Specification"/>
    <property name="java.awt.printerjob" value="sun.awt.windows.WPrinterJob"/>
    <property name="sun.os.patch.level" value=""/>
    <property name="java.library.path" value="C:\Program Files\Java\jdk-11\bin;C:\WINDOWS\Sun\Java\bin;C:\WINDOWS\system32;C:\WINDOWS;C:\Program Files (x86)\Common Files\Oracle\Java\javapath;C:\WINDOWS\system32;C:\WINDOWS;C:\WINDOWS\System32\Wbem;C:\WINDOWS\System32\WindowsPowerShell\v1.0\;C:\Program Files (x86)\Common Files\Acronis\VirtualFile\;C:\Program Files (x86)\Common Files\Acronis\VirtualFile64\;C:\Program Files (x86)\Common Files\Acronis\FileProtector\;C:\Program Files (x86)\Common Files\Acronis\FileProtector64\;C:\Program Files (x86)\Common Files\Acronis\SnapAPI\;C:\WINDOWS\System32\OpenSSH\;C:\Program Files\Microsoft SQL Server\Client SDK\ODBC\130\Tools\Binn\;C:\Program Files (x86)\Microsoft SQL Server\140\Tools\Binn\;C:\Program Files\Microsoft SQL Server\140\Tools\Binn\;C:\Program Files\Microsoft SQL Server\140\DTS\Binn\;C:\Program Files (x86)\Microsoft SQL Server\Client SDK\ODBC\130\Tools\Binn\;C:\Program Files (x86)\Microsoft SQL Server\140\DTS\Binn\;C:\Program Files (x86)\Microsoft SQL Server\140\Tools\Binn\ManagementStudio\;C:\Program Files\Java\jdk1.8.0_181\bin;C:\Program Files\dotnet\;C:\Program Files\Microsoft SQL Server\130\Tools\Binn\;C:\Program Files\nodejs\;C:\Users\Farzad Omarzadeh\AppData\Local\Microsoft\WindowsApps;C:\Program Files\JetBrains\IntelliJ IDEA 2018.3.1\bin;;C:\Program Files\JetBrains\WebStorm 2018.3.5\bin;;C:\Users\Farzad Omarzadeh\AppData\Roaming\npm;C:\Program Files\MySQL\MySQL Server 8.0\bin;;."/>
    <property name="java.vendor" value="Oracle Corporation"/>
    <property name="java.vm.info" value="mixed mode"/>
    <property name="java.vm.version" value="11+28"/>
    <property name="sun.io.unicode.encoding" value="UnicodeLittle"/>
    <property name="java.class.version" value="55.0"/>
    <property name="jacoco-agent.destfile" value="C:\Users\Farzad Omarzadeh\Desktop\Project-SM\checkstyle-checkstyle-8.21\target/jacoco.exec"/>
  </properties>
  <testcase name="testIsProperUtilsClass" classname="com.puppycrawl.tools.checkstyle.AstTreeStringPrinterTest" time="0"/>
  <testcase name="testAstTreeBlockCommentsCarriageReturn" classname="com.puppycrawl.tools.checkstyle.AstTreeStringPrinterTest" time="0">
    <failure message="Generated AST from Java file should match pre-defined AST expected:&lt;...DEF -&gt; package [1:0][&#10;|--ANNOTATIONS -&gt; ANNOTATIONS [1:43]&#10;|--DOT -&gt; . [1:43]&#10;|   |--DOT -&gt; . [1:32]&#10;|   |   |--DOT -&gt; . [1:26]&#10;|   |   |   |--DOT -&gt; . [1:15]&#10;|   |   |   |   |--BLOCK_COMMENT_BEGIN -&gt; /* [1:7]&#10;|   |   |   |   |   |--COMMENT_CONTENT -&gt; 2 [1:9]&#10;|   |   |   |   |   `--BLOCK_COMMENT_END -&gt; */ [1:9]&#10;|   |   |   |   |--IDENT -&gt; com [1:12]&#10;|   |   |   |   `--IDENT -&gt; puppycrawl [1:16]&#10;|   |   |   `--IDENT -&gt; tools [1:27]&#10;|   |   `--IDENT -&gt; checkstyle [1:33]&#10;|   `--IDENT -&gt; asttreestringprinter [1:44]&#10;`--SEMI -&gt; ; [1:64]&#10;CLASS_DEF -&gt; CLASS_DEF [3:0]&#10;|--MODIFIERS -&gt; MODIFIERS [3:0]&#10;|   |--BLOCK_COMMENT_BEGIN -&gt; /* [2:0]&#10;|   |   |--COMMENT_CONTENT -&gt; 13 [2:2]&#10;|   |   `--BLOCK_COMMENT_END -&gt; */ [2:3]&#10;|   `--LITERAL_PUBLIC -&gt; public [3:0]&#10;|--BLOCK_COMMENT_BEGIN -&gt; /* [3:6]&#10;|   |--COMMENT_CONTENT -&gt; 15 [3:8]&#10;|   `--BLOCK_COMMENT_END -&gt; */ [3:9]&#10;|--LITERAL_CLASS -&gt; class [3:12]&#10;|--BLOCK_COMMENT_BEGIN -&gt; /* [3:17]&#10;|   |--COMMENT_CONTENT -&gt; 16 [3:19]&#10;|   `--BLOCK_COMMENT_END -&gt; */ [3:20]&#10;|--IDENT -&gt; InputAstTreeStringPrinterFullOfBlockCommentsCR [3:23]&#10;`--OBJBLOCK -&gt; OBJBLOCK [3:75]&#10;    |--BLOCK_COMMENT_BEGIN -&gt; /* [3:69]&#10;    |   |--COMMENT_CONTENT -&gt; 49 [3:71]&#10;    |   `--BLOCK_COMMENT_END -&gt; */ [3:72]&#10;    |--LCURLY -&gt; { [3:75]&#10;    |--BLOCK_COMMENT_BEGIN -&gt; /* [3:76]&#10;    |   |--COMMENT_CONTENT -&gt; \r21\r [3:78]&#10;    |   `--BLOCK_COMMENT_END -&gt; */ [5:0]&#10;    `--RCURLY -&gt; } [5:2]]&#10;&gt; but was:&lt;...DEF -&gt; package [1:0][&#10;|--ANNOTATIONS -&gt; ANNOTATIONS [1:43]&#10;|--DOT -&gt; . [1:43]&#10;|   |--DOT -&gt; . [1:32]&#10;|   |   |--DOT -&gt; . [1:26]&#10;|   |   |   |--DOT -&gt; . [1:15]&#10;|   |   |   |   |--BLOCK_COMMENT_BEGIN -&gt; /* [1:7]&#10;|   |   |   |   |   |--COMMENT_CONTENT -&gt; 2 [1:9]&#10;|   |   |   |   |   `--BLOCK_COMMENT_END -&gt; */ [1:9]&#10;|   |   |   |   |--IDENT -&gt; com [1:12]&#10;|   |   |   |   `--IDENT -&gt; puppycrawl [1:16]&#10;|   |   |   `--IDENT -&gt; tools [1:27]&#10;|   |   `--IDENT -&gt; checkstyle [1:33]&#10;|   `--IDENT -&gt; asttreestringprinter [1:44]&#10;`--SEMI -&gt; ; [1:64]&#10;CLASS_DEF -&gt; CLASS_DEF [3:0]&#10;|--MODIFIERS -&gt; MODIFIERS [3:0]&#10;|   |--BLOCK_COMMENT_BEGIN -&gt; /* [2:0]&#10;|   |   |--COMMENT_CONTENT -&gt; 13 [2:2]&#10;|   |   `--BLOCK_COMMENT_END -&gt; */ [2:3]&#10;|   `--LITERAL_PUBLIC -&gt; public [3:0]&#10;|--BLOCK_COMMENT_BEGIN -&gt; /* [3:6]&#10;|   |--COMMENT_CONTENT -&gt; 15 [3:8]&#10;|   `--BLOCK_COMMENT_END -&gt; */ [3:9]&#10;|--LITERAL_CLASS -&gt; class [3:12]&#10;|--BLOCK_COMMENT_BEGIN -&gt; /* [3:17]&#10;|   |--COMMENT_CONTENT -&gt; 16 [3:19]&#10;|   `--BLOCK_COMMENT_END -&gt; */ [3:20]&#10;|--IDENT -&gt; InputAstTreeStringPrinterFullOfBlockCommentsCR [3:23]&#10;`--OBJBLOCK -&gt; OBJBLOCK [3:75]&#10;    |--BLOCK_COMMENT_BEGIN -&gt; /* [3:69]&#10;    |   |--COMMENT_CONTENT -&gt; 49 [3:71]&#10;    |   `--BLOCK_COMMENT_END -&gt; */ [3:72]&#10;    |--LCURLY -&gt; { [3:75]&#10;    |--BLOCK_COMMENT_BEGIN -&gt; /* [3:76]&#10;    |   |--COMMENT_CONTENT -&gt; \r21\r [3:78]&#10;    |   `--BLOCK_COMMENT_END -&gt; */ [5:0]&#10;    `--RCURLY -&gt; } [5:2]&#13;]&#10;&gt;" type="org.junit.ComparisonFailure"><![CDATA[org.junit.ComparisonFailure: 
Generated AST from Java file should match pre-defined AST expected:<...DEF -> package [1:0][
|--ANNOTATIONS -> ANNOTATIONS [1:43]
|--DOT -> . [1:43]
|   |--DOT -> . [1:32]
|   |   |--DOT -> . [1:26]
|   |   |   |--DOT -> . [1:15]
|   |   |   |   |--BLOCK_COMMENT_BEGIN -> /* [1:7]
|   |   |   |   |   |--COMMENT_CONTENT -> 2 [1:9]
|   |   |   |   |   `--BLOCK_COMMENT_END -> */ [1:9]
|   |   |   |   |--IDENT -> com [1:12]
|   |   |   |   `--IDENT -> puppycrawl [1:16]
|   |   |   `--IDENT -> tools [1:27]
|   |   `--IDENT -> checkstyle [1:33]
|   `--IDENT -> asttreestringprinter [1:44]
`--SEMI -> ; [1:64]
CLASS_DEF -> CLASS_DEF [3:0]
|--MODIFIERS -> MODIFIERS [3:0]
|   |--BLOCK_COMMENT_BEGIN -> /* [2:0]
|   |   |--COMMENT_CONTENT -> 13 [2:2]
|   |   `--BLOCK_COMMENT_END -> */ [2:3]
|   `--LITERAL_PUBLIC -> public [3:0]
|--BLOCK_COMMENT_BEGIN -> /* [3:6]
|   |--COMMENT_CONTENT -> 15 [3:8]
|   `--BLOCK_COMMENT_END -> */ [3:9]
|--LITERAL_CLASS -> class [3:12]
|--BLOCK_COMMENT_BEGIN -> /* [3:17]
|   |--COMMENT_CONTENT -> 16 [3:19]
|   `--BLOCK_COMMENT_END -> */ [3:20]
|--IDENT -> InputAstTreeStringPrinterFullOfBlockCommentsCR [3:23]
`--OBJBLOCK -> OBJBLOCK [3:75]
    |--BLOCK_COMMENT_BEGIN -> /* [3:69]
    |   |--COMMENT_CONTENT -> 49 [3:71]
    |   `--BLOCK_COMMENT_END -> */ [3:72]
    |--LCURLY -> { [3:75]
    |--BLOCK_COMMENT_BEGIN -> /* [3:76]
    |   |--COMMENT_CONTENT -> \r21\r [3:78]
    |   `--BLOCK_COMMENT_END -> */ [5:0]
    `--RCURLY -> } [5:2]]
> but was:<...DEF -> package [1:0][
|--ANNOTATIONS -> ANNOTATIONS [1:43]
|--DOT -> . [1:43]
|   |--DOT -> . [1:32]
|   |   |--DOT -> . [1:26]
|   |   |   |--DOT -> . [1:15]
|   |   |   |   |--BLOCK_COMMENT_BEGIN -> /* [1:7]
|   |   |   |   |   |--COMMENT_CONTENT -> 2 [1:9]
|   |   |   |   |   `--BLOCK_COMMENT_END -> */ [1:9]
|   |   |   |   |--IDENT -> com [1:12]
|   |   |   |   `--IDENT -> puppycrawl [1:16]
|   |   |   `--IDENT -> tools [1:27]
|   |   `--IDENT -> checkstyle [1:33]
|   `--IDENT -> asttreestringprinter [1:44]
`--SEMI -> ; [1:64]
CLASS_DEF -> CLASS_DEF [3:0]
|--MODIFIERS -> MODIFIERS [3:0]
|   |--BLOCK_COMMENT_BEGIN -> /* [2:0]
|   |   |--COMMENT_CONTENT -> 13 [2:2]
|   |   `--BLOCK_COMMENT_END -> */ [2:3]
|   `--LITERAL_PUBLIC -> public [3:0]
|--BLOCK_COMMENT_BEGIN -> /* [3:6]
|   |--COMMENT_CONTENT -> 15 [3:8]
|   `--BLOCK_COMMENT_END -> */ [3:9]
|--LITERAL_CLASS -> class [3:12]
|--BLOCK_COMMENT_BEGIN -> /* [3:17]
|   |--COMMENT_CONTENT -> 16 [3:19]
|   `--BLOCK_COMMENT_END -> */ [3:20]
|--IDENT -> InputAstTreeStringPrinterFullOfBlockCommentsCR [3:23]
`--OBJBLOCK -> OBJBLOCK [3:75]
    |--BLOCK_COMMENT_BEGIN -> /* [3:69]
    |   |--COMMENT_CONTENT -> 49 [3:71]
    |   `--BLOCK_COMMENT_END -> */ [3:72]
    |--LCURLY -> { [3:75]
    |--BLOCK_COMMENT_BEGIN -> /* [3:76]
    |   |--COMMENT_CONTENT -> \r21\r [3:78]
    |   `--BLOCK_COMMENT_END -> */ [5:0]
    `--RCURLY -> } [5:2]]
>
	at com.puppycrawl.tools.checkstyle.AstTreeStringPrinterTest.testAstTreeBlockCommentsCarriageReturn(AstTreeStringPrinterTest.java:128)
]]></failure>
  </testcase>
  <testcase name="testParseFile" classname="com.puppycrawl.tools.checkstyle.AstTreeStringPrinterTest" time="0">
    <failure message="Generated AST from Java file should match pre-defined AST expected:&lt;...DEF -&gt; package [1:0][&#10;|--ANNOTATIONS -&gt; ANNOTATIONS [1:39]&#10;|--DOT -&gt; . [1:39]&#10;|   |--DOT -&gt; . [1:28]&#10;|   |   |--DOT -&gt; . [1:22]&#10;|   |   |   |--DOT -&gt; . [1:11]&#10;|   |   |   |   |--IDENT -&gt; com [1:8]&#10;|   |   |   |   `--IDENT -&gt; puppycrawl [1:12]&#10;|   |   |   `--IDENT -&gt; tools [1:23]&#10;|   |   `--IDENT -&gt; checkstyle [1:29]&#10;|   `--IDENT -&gt; asttreestringprinter [1:40]&#10;`--SEMI -&gt; ; [1:60]&#10;CLASS_DEF -&gt; CLASS_DEF [4:0]&#10;|--MODIFIERS -&gt; MODIFIERS [4:0]&#10;|--LITERAL_CLASS -&gt; class [4:0]&#10;|--IDENT -&gt; InputAstTreeStringPrinterComments [4:6]&#10;`--OBJBLOCK -&gt; OBJBLOCK [4:40]&#10;    |--LCURLY -&gt; { [4:40]&#10;    `--RCURLY -&gt; } [6:0]]&#10;&gt; but was:&lt;...DEF -&gt; package [1:0][&#10;|--ANNOTATIONS -&gt; ANNOTATIONS [1:39]&#10;|--DOT -&gt; . [1:39]&#10;|   |--DOT -&gt; . [1:28]&#10;|   |   |--DOT -&gt; . [1:22]&#10;|   |   |   |--DOT -&gt; . [1:11]&#10;|   |   |   |   |--IDENT -&gt; com [1:8]&#10;|   |   |   |   `--IDENT -&gt; puppycrawl [1:12]&#10;|   |   |   `--IDENT -&gt; tools [1:23]&#10;|   |   `--IDENT -&gt; checkstyle [1:29]&#10;|   `--IDENT -&gt; asttreestringprinter [1:40]&#10;`--SEMI -&gt; ; [1:60]&#10;CLASS_DEF -&gt; CLASS_DEF [4:0]&#10;|--MODIFIERS -&gt; MODIFIERS [4:0]&#10;|--LITERAL_CLASS -&gt; class [4:0]&#10;|--IDENT -&gt; InputAstTreeStringPrinterComments [4:6]&#10;`--OBJBLOCK -&gt; OBJBLOCK [4:40]&#10;    |--LCURLY -&gt; { [4:40]&#10;    `--RCURLY -&gt; } [6:0]&#13;]&#10;&gt;" type="org.junit.ComparisonFailure"><![CDATA[org.junit.ComparisonFailure: 
Generated AST from Java file should match pre-defined AST expected:<...DEF -> package [1:0][
|--ANNOTATIONS -> ANNOTATIONS [1:39]
|--DOT -> . [1:39]
|   |--DOT -> . [1:28]
|   |   |--DOT -> . [1:22]
|   |   |   |--DOT -> . [1:11]
|   |   |   |   |--IDENT -> com [1:8]
|   |   |   |   `--IDENT -> puppycrawl [1:12]
|   |   |   `--IDENT -> tools [1:23]
|   |   `--IDENT -> checkstyle [1:29]
|   `--IDENT -> asttreestringprinter [1:40]
`--SEMI -> ; [1:60]
CLASS_DEF -> CLASS_DEF [4:0]
|--MODIFIERS -> MODIFIERS [4:0]
|--LITERAL_CLASS -> class [4:0]
|--IDENT -> InputAstTreeStringPrinterComments [4:6]
`--OBJBLOCK -> OBJBLOCK [4:40]
    |--LCURLY -> { [4:40]
    `--RCURLY -> } [6:0]]
> but was:<...DEF -> package [1:0][
|--ANNOTATIONS -> ANNOTATIONS [1:39]
|--DOT -> . [1:39]
|   |--DOT -> . [1:28]
|   |   |--DOT -> . [1:22]
|   |   |   |--DOT -> . [1:11]
|   |   |   |   |--IDENT -> com [1:8]
|   |   |   |   `--IDENT -> puppycrawl [1:12]
|   |   |   `--IDENT -> tools [1:23]
|   |   `--IDENT -> checkstyle [1:29]
|   `--IDENT -> asttreestringprinter [1:40]
`--SEMI -> ; [1:60]
CLASS_DEF -> CLASS_DEF [4:0]
|--MODIFIERS -> MODIFIERS [4:0]
|--LITERAL_CLASS -> class [4:0]
|--IDENT -> InputAstTreeStringPrinterComments [4:6]
`--OBJBLOCK -> OBJBLOCK [4:40]
    |--LCURLY -> { [4:40]
    `--RCURLY -> } [6:0]]
>
	at com.puppycrawl.tools.checkstyle.AstTreeStringPrinterTest.testParseFile(AstTreeStringPrinterTest.java:68)
]]></failure>
  </testcase>
  <testcase name="testParseFileThrowable" classname="com.puppycrawl.tools.checkstyle.AstTreeStringPrinterTest" time="0"/>
  <testcase name="testPrintAst" classname="com.puppycrawl.tools.checkstyle.AstTreeStringPrinterTest" time="0">
    <failure message="Print AST output is invalid expected:&lt;...DEF -&gt; package [1:0][&#10;|--ANNOTATIONS -&gt; ANNOTATIONS [1:39]&#10;|--DOT -&gt; . [1:39]&#10;|   |--DOT -&gt; . [1:28]&#10;|   |   |--DOT -&gt; . [1:22]&#10;|   |   |   |--DOT -&gt; . [1:11]&#10;|   |   |   |   |--IDENT -&gt; com [1:8]&#10;|   |   |   |   `--IDENT -&gt; puppycrawl [1:12]&#10;|   |   |   `--IDENT -&gt; tools [1:23]&#10;|   |   `--IDENT -&gt; checkstyle [1:29]&#10;|   `--IDENT -&gt; asttreestringprinter [1:40]&#10;`--SEMI -&gt; ; [1:60]&#10;CLASS_DEF -&gt; CLASS_DEF [4:0]&#10;|--MODIFIERS -&gt; MODIFIERS [4:0]&#10;|--LITERAL_CLASS -&gt; class [4:0]&#10;|--IDENT -&gt; InputAstTreeStringPrinterComments [4:6]&#10;`--OBJBLOCK -&gt; OBJBLOCK [4:40]&#10;    |--LCURLY -&gt; { [4:40]&#10;    `--RCURLY -&gt; } [6:0]]&#10;&gt; but was:&lt;...DEF -&gt; package [1:0][&#10;|--ANNOTATIONS -&gt; ANNOTATIONS [1:39]&#10;|--DOT -&gt; . [1:39]&#10;|   |--DOT -&gt; . [1:28]&#10;|   |   |--DOT -&gt; . [1:22]&#10;|   |   |   |--DOT -&gt; . [1:11]&#10;|   |   |   |   |--IDENT -&gt; com [1:8]&#10;|   |   |   |   `--IDENT -&gt; puppycrawl [1:12]&#10;|   |   |   `--IDENT -&gt; tools [1:23]&#10;|   |   `--IDENT -&gt; checkstyle [1:29]&#10;|   `--IDENT -&gt; asttreestringprinter [1:40]&#10;`--SEMI -&gt; ; [1:60]&#10;CLASS_DEF -&gt; CLASS_DEF [4:0]&#10;|--MODIFIERS -&gt; MODIFIERS [4:0]&#10;|--LITERAL_CLASS -&gt; class [4:0]&#10;|--IDENT -&gt; InputAstTreeStringPrinterComments [4:6]&#10;`--OBJBLOCK -&gt; OBJBLOCK [4:40]&#10;    |--LCURLY -&gt; { [4:40]&#10;    `--RCURLY -&gt; } [6:0]&#13;]&#10;&gt;" type="org.junit.ComparisonFailure"><![CDATA[org.junit.ComparisonFailure: 
Print AST output is invalid expected:<...DEF -> package [1:0][
|--ANNOTATIONS -> ANNOTATIONS [1:39]
|--DOT -> . [1:39]
|   |--DOT -> . [1:28]
|   |   |--DOT -> . [1:22]
|   |   |   |--DOT -> . [1:11]
|   |   |   |   |--IDENT -> com [1:8]
|   |   |   |   `--IDENT -> puppycrawl [1:12]
|   |   |   `--IDENT -> tools [1:23]
|   |   `--IDENT -> checkstyle [1:29]
|   `--IDENT -> asttreestringprinter [1:40]
`--SEMI -> ; [1:60]
CLASS_DEF -> CLASS_DEF [4:0]
|--MODIFIERS -> MODIFIERS [4:0]
|--LITERAL_CLASS -> class [4:0]
|--IDENT -> InputAstTreeStringPrinterComments [4:6]
`--OBJBLOCK -> OBJBLOCK [4:40]
    |--LCURLY -> { [4:40]
    `--RCURLY -> } [6:0]]
> but was:<...DEF -> package [1:0][
|--ANNOTATIONS -> ANNOTATIONS [1:39]
|--DOT -> . [1:39]
|   |--DOT -> . [1:28]
|   |   |--DOT -> . [1:22]
|   |   |   |--DOT -> . [1:11]
|   |   |   |   |--IDENT -> com [1:8]
|   |   |   |   `--IDENT -> puppycrawl [1:12]
|   |   |   `--IDENT -> tools [1:23]
|   |   `--IDENT -> checkstyle [1:29]
|   `--IDENT -> asttreestringprinter [1:40]
`--SEMI -> ; [1:60]
CLASS_DEF -> CLASS_DEF [4:0]
|--MODIFIERS -> MODIFIERS [4:0]
|--LITERAL_CLASS -> class [4:0]
|--IDENT -> InputAstTreeStringPrinterComments [4:6]
`--OBJBLOCK -> OBJBLOCK [4:40]
    |--LCURLY -> { [4:40]
    `--RCURLY -> } [6:0]]
>
	at com.puppycrawl.tools.checkstyle.AstTreeStringPrinterTest.testPrintAst(AstTreeStringPrinterTest.java:83)
]]></failure>
  </testcase>
  <testcase name="testAstTreeSingleLineComments" classname="com.puppycrawl.tools.checkstyle.AstTreeStringPrinterTest" time="0.015">
    <failure message="Generated AST from Java file should match pre-defined AST expected:&lt;..._COMMENT -&gt; // [1:0][&#10;`--COMMENT_CONTENT -&gt; 0\n [1:2]&#10;PACKAGE_DEF -&gt; package [2:0]&#10;|--ANNOTATIONS -&gt; ANNOTATIONS [10:0]&#10;|--SINGLE_LINE_COMMENT -&gt; // [9:10]&#10;|   `--COMMENT_CONTENT -&gt; 8\n [9:12]&#10;|--DOT -&gt; . [10:0]&#10;|   |--SINGLE_LINE_COMMENT -&gt; // [7:5]&#10;|   |   `--COMMENT_CONTENT -&gt; 6\n [7:7]&#10;|   |--DOT -&gt; . [8:0]&#10;|   |   |--SINGLE_LINE_COMMENT -&gt; // [5:10]&#10;|   |   |   `--COMMENT_CONTENT -&gt; 4\n [5:12]&#10;|   |   |--DOT -&gt; . [6:0]&#10;|   |   |   |--SINGLE_LINE_COMMENT -&gt; // [3:3]&#10;|   |   |   |   `--COMMENT_CONTENT -&gt; 2\n [3:5]&#10;|   |   |   |--DOT -&gt; . [4:0]&#10;|   |   |   |   |--SINGLE_LINE_COMMENT -&gt; // [2:7]&#10;|   |   |   |   |   `--COMMENT_CONTENT -&gt; 1\n [2:9]&#10;|   |   |   |   |--IDENT -&gt; com [3:0]&#10;|   |   |   |   |--SINGLE_LINE_COMMENT -&gt; // [4:1]&#10;|   |   |   |   |   `--COMMENT_CONTENT -&gt; 3\n [4:3]&#10;|   |   |   |   `--IDENT -&gt; puppycrawl [5:0]&#10;|   |   |   |--SINGLE_LINE_COMMENT -&gt; // [6:1]&#10;|   |   |   |   `--COMMENT_CONTENT -&gt; 5\n [6:3]&#10;|   |   |   `--IDENT -&gt; tools [7:0]&#10;|   |   |--SINGLE_LINE_COMMENT -&gt; // [8:1]&#10;|   |   |   `--COMMENT_CONTENT -&gt; 7\n [8:3]&#10;|   |   `--IDENT -&gt; checkstyle [9:0]&#10;|   |--SINGLE_LINE_COMMENT -&gt; // [10:1]&#10;|   |   `--COMMENT_CONTENT -&gt; 9\n [10:3]&#10;|   `--IDENT -&gt; asttreestringprinter [11:0]&#10;|--SINGLE_LINE_COMMENT -&gt; // [11:20]&#10;|   `--COMMENT_CONTENT -&gt; 10\n [11:22]&#10;|--SINGLE_LINE_COMMENT -&gt; // [12:0]&#10;|   `--COMMENT_CONTENT -&gt; 11\n [12:2]&#10;|--SINGLE_LINE_COMMENT -&gt; // [13:0]&#10;|   `--COMMENT_CONTENT -&gt; 12\n [13:2]&#10;`--SEMI -&gt; ; [14:0]&#10;CLASS_DEF -&gt; CLASS_DEF [16:0]&#10;|--MODIFIERS -&gt; MODIFIERS [16:0]&#10;|   |--SINGLE_LINE_COMMENT -&gt; // [14:1]&#10;|   |   `--COMMENT_CONTENT -&gt; 13\n [14:3]&#10;|   |--SINGLE_LINE_COMMENT -&gt; // [15:0]&#10;|   |   `--COMMENT_CONTENT -&gt; 14\n [15:2]&#10;|   `--LITERAL_PUBLIC -&gt; public [16:0]&#10;|--SINGLE_LINE_COMMENT -&gt; // [16:6]&#10;|   `--COMMENT_CONTENT -&gt; 15\n [16:8]&#10;|--LITERAL_CLASS -&gt; class [17:0]&#10;|--SINGLE_LINE_COMMENT -&gt; // [17:5]&#10;|   `--COMMENT_CONTENT -&gt; 16\n [17:7]&#10;|--IDENT -&gt; InputAstTreeStringPrinterFullOfSinglelineComments [18:0]&#10;`--OBJBLOCK -&gt; OBJBLOCK [19:0]&#10;    |--SINGLE_LINE_COMMENT -&gt; // [18:49]&#10;    |   `--COMMENT_CONTENT -&gt; 17\n [18:51]&#10;    |--LCURLY -&gt; { [19:0]&#10;    |--METHOD_DEF -&gt; METHOD_DEF [20:0]&#10;    |   |--MODIFIERS -&gt; MODIFIERS [20:0]&#10;    |   |   |--SINGLE_LINE_COMMENT -&gt; // [19:1]&#10;    |   |   |   `--COMMENT_CONTENT -&gt; 18\n [19:3]&#10;    |   |   |--LITERAL_PUBLIC -&gt; public [20:0]&#10;    |   |   |--SINGLE_LINE_COMMENT -&gt; // [20:6]&#10;    |   |   |   `--COMMENT_CONTENT -&gt; 19\n [20:8]&#10;    |   |   `--LITERAL_STATIC -&gt; static [21:0]&#10;    |   |--TYPE -&gt; TYPE [22:0]&#10;    |   |   |--SINGLE_LINE_COMMENT -&gt; // [21:6]&#10;    |   |   |   `--COMMENT_CONTENT -&gt; 20\n [21:8]&#10;    |   |   `--LITERAL_VOID -&gt; void [22:0]&#10;    |   |--SINGLE_LINE_COMMENT -&gt; // [22:4]&#10;    |   |   `--COMMENT_CONTENT -&gt; 21\n [22:6]&#10;    |   |--IDENT -&gt; main [23:0]&#10;    |   |--SINGLE_LINE_COMMENT -&gt; // [23:4]&#10;    |   |   `--COMMENT_CONTENT -&gt; 22\n [23:6]&#10;    |   |--LPAREN -&gt; ( [24:0]&#10;    |   |--PARAMETERS -&gt; PARAMETERS [26:0]&#10;    |   |   `--PARAMETER_DEF -&gt; PARAMETER_DEF [26:0]&#10;    |   |       |--MODIFIERS -&gt; MODIFIERS [26:0]&#10;    |   |       |--TYPE -&gt; TYPE [26:0]&#10;    |   |       |   |--SINGLE_LINE_COMMENT -&gt; // [25:6]&#10;    |   |       |   |   `--COMMENT_CONTENT -&gt; 24\n [25:8]&#10;    |   |       |   `--ARRAY_DECLARATOR -&gt; [ [26:0]&#10;    |   |       |       |--SINGLE_LINE_COMMENT -&gt; // [24:1]&#10;    |   |       |       |   `--COMMENT_CONTENT -&gt; 23\n [24:3]&#10;    |   |       |       |--IDENT -&gt; String [25:0]&#10;    |   |       |       |--SINGLE_LINE_COMMENT -&gt; // [26:1]&#10;    |   |       |       |   `--COMMENT_CONTENT -&gt; 25\n [26:3]&#10;    |   |       |       `--RBRACK -&gt; ] [27:0]&#10;    |   |       |--SINGLE_LINE_COMMENT -&gt; // [27:1]&#10;    |   |       |   `--COMMENT_CONTENT -&gt; 26\n [27:3]&#10;    |   |       `--IDENT -&gt; args [28:0]&#10;    |   |--SINGLE_LINE_COMMENT -&gt; // [28:4]&#10;    |   |   `--COMMENT_CONTENT -&gt; 27\n [28:6]&#10;    |   |--RPAREN -&gt; ) [29:0]&#10;    |   |--SINGLE_LINE_COMMENT -&gt; // [29:1]&#10;    |   |   `--COMMENT_CONTENT -&gt; 28\n [29:3]&#10;    |   `--SLIST -&gt; { [30:0]&#10;    |       |--SINGLE_LINE_COMMENT -&gt; // [30:1]&#10;    |       |   `--COMMENT_CONTENT -&gt; 29\n [30:3]&#10;    |       |--LITERAL_FOR -&gt; for [31:0]&#10;    |       |   |--SINGLE_LINE_COMMENT -&gt; // [31:3]&#10;    |       |   |   `--COMMENT_CONTENT -&gt; 30\n [31:5]&#10;    |       |   |--LPAREN -&gt; ( [32:0]&#10;    |       |   |--FOR_INIT -&gt; FOR_INIT [33:0]&#10;    |       |   |   `--VARIABLE_DEF -&gt; VARIABLE_DEF [33:0]&#10;    |       |   |       |--MODIFIERS -&gt; MODIFIERS [33:0]&#10;    |       |   |       |--TYPE -&gt; TYPE [33:0]&#10;    |       |   |       |   |--SINGLE_LINE_COMMENT -&gt; // [32:1]&#10;    |       |   |       |   |   `--COMMENT_CONTENT -&gt; 31\n [32:3]&#10;    |       |   |       |   `--LITERAL_INT -&gt; int [33:0]&#10;    |       |   |       |--SINGLE_LINE_COMMENT -&gt; // [33:3]&#10;    |       |   |       |   `--COMMENT_CONTENT -&gt; 32\n [33:5]&#10;    |       |   |       |--IDENT -&gt; i [34:0]&#10;    |       |   |       |--SINGLE_LINE_COMMENT -&gt; // [34:1]&#10;    |       |   |       |   `--COMMENT_CONTENT -&gt; 33\n [34:3]&#10;    |       |   |       `--ASSIGN -&gt; = [35:0]&#10;    |       |   |           `--EXPR -&gt; EXPR [36:0]&#10;    |       |   |               |--SINGLE_LINE_COMMENT -&gt; // [35:1]&#10;    |       |   |               |   `--COMMENT_CONTENT -&gt; 34\n [35:3]&#10;    |       |   |               `--NUM_INT -&gt; 0 [36:0]&#10;    |       |   |--SINGLE_LINE_COMMENT -&gt; // [36:1]&#10;    |       |   |   `--COMMENT_CONTENT -&gt; 35\n [36:3]&#10;    |       |   |--SEMI -&gt; ; [37:0]&#10;    |       |   |--FOR_CONDITION -&gt; FOR_CONDITION [39:0]&#10;    |       |   |   `--EXPR -&gt; EXPR [39:0]&#10;    |       |   |       |--SINGLE_LINE_COMMENT -&gt; // [38:1]&#10;    |       |   |       |   `--COMMENT_CONTENT -&gt; 37\n [38:3]&#10;    |       |   |       `--LE -&gt; &lt;= [39:0]&#10;    |       |   |           |--SINGLE_LINE_COMMENT -&gt; // [37:1]&#10;    |       |   |           |   `--COMMENT_CONTENT -&gt; 36\n [37:3]&#10;    |       |   |           |--IDENT -&gt; i [38:0]&#10;    |       |   |           |--SINGLE_LINE_COMMENT -&gt; // [39:2]&#10;    |       |   |           |   `--COMMENT_CONTENT -&gt; 38\n [39:4]&#10;    |       |   |           `--NUM_INT -&gt; 10 [40:0]&#10;    |       |   |--SINGLE_LINE_COMMENT -&gt; // [40:2]&#10;    |       |   |   `--COMMENT_CONTENT -&gt; 39\n [40:4]&#10;    |       |   |--SEMI -&gt; ; [41:0]&#10;    |       |   |--FOR_ITERATOR -&gt; FOR_ITERATOR [42:1]&#10;    |       |   |   `--ELIST -&gt; ELIST [42:1]&#10;    |       |   |       `--EXPR -&gt; EXPR [42:1]&#10;    |       |   |           `--POST_INC -&gt; ++ [42:1]&#10;    |       |   |               |--SINGLE_LINE_COMMENT -&gt; // [41:1]&#10;    |       |   |               |   `--COMMENT_CONTENT -&gt; 40\n [41:3]&#10;    |       |   |               `--IDENT -&gt; i [42:0]&#10;    |       |   |--SINGLE_LINE_COMMENT -&gt; // [42:3]&#10;    |       |   |   `--COMMENT_CONTENT -&gt; 41\n [42:5]&#10;    |       |   |--RPAREN -&gt; ) [43:0]&#10;    |       |   |--SINGLE_LINE_COMMENT -&gt; // [43:1]&#10;    |       |   |   `--COMMENT_CONTENT -&gt; 42\n [43:3]&#10;    |       |   `--SLIST -&gt; { [44:0]&#10;    |       |       |--VARIABLE_DEF -&gt; VARIABLE_DEF [45:0]&#10;    |       |       |   |--MODIFIERS -&gt; MODIFIERS [45:0]&#10;    |       |       |   |--TYPE -&gt; TYPE [45:0]&#10;    |       |       |   |   |--SINGLE_LINE_COMMENT -&gt; // [44:1]&#10;    |       |       |   |   |   `--COMMENT_CONTENT -&gt; 43\n [44:3]&#10;    |       |       |   |   `--IDENT -&gt; String [45:0]&#10;    |       |       |   |--SINGLE_LINE_COMMENT -&gt; // [45:6]&#10;    |       |       |   |   `--COMMENT_CONTENT -&gt; 44\n [45:8]&#10;    |       |       |   |--IDENT -&gt; line [46:0]&#10;    |       |       |   |--SINGLE_LINE_COMMENT -&gt; // [46:4]&#10;    |       |       |   |   `--COMMENT_CONTENT -&gt; 45\n [46:6]&#10;    |       |       |   `--ASSIGN -&gt; = [47:0]&#10;    |       |       |       `--EXPR -&gt; EXPR [49:0]&#10;    |       |       |           |--SINGLE_LINE_COMMENT -&gt; // [48:1]&#10;    |       |       |           |   `--COMMENT_CONTENT -&gt; 47\n [48:3]&#10;    |       |       |           `--PLUS -&gt; + [49:0]&#10;    |       |       |               |--SINGLE_LINE_COMMENT -&gt; // [47:1]&#10;    |       |       |               |   `--COMMENT_CONTENT -&gt; 46\n [47:3]&#10;    |       |       |               |--IDENT -&gt; i [48:0]&#10;    |       |       |               |--SINGLE_LINE_COMMENT -&gt; // [49:1]&#10;    |       |       |               |   `--COMMENT_CONTENT -&gt; 48\n [49:3]&#10;    |       |       |               `--STRING_LITERAL -&gt; &quot;&quot; [50:0]&#10;    |       |       |--SINGLE_LINE_COMMENT -&gt; // [50:2]&#10;    |       |       |   `--COMMENT_CONTENT -&gt; 49\n [50:4]&#10;    |       |       |--SEMI -&gt; ; [51:0]&#10;    |       |       |--EXPR -&gt; EXPR [57:0]&#10;    |       |       |   |--SINGLE_LINE_COMMENT -&gt; // [56:6]&#10;    |       |       |   |   `--COMMENT_CONTENT -&gt; 55\n [56:8]&#10;    |       |       |   `--METHOD_CALL -&gt; ( [57:0]&#10;    |       |       |       |--SINGLE_LINE_COMMENT -&gt; // [54:22]&#10;    |       |       |       |   `--COMMENT_CONTENT -&gt; 53\n [54:24]&#10;    |       |       |       |--DOT -&gt; . [55:0]&#10;    |       |       |       |   |--SINGLE_LINE_COMMENT -&gt; // [52:6]&#10;    |       |       |       |   |   `--COMMENT_CONTENT -&gt; 51\n [52:8]&#10;    |       |       |       |   |--DOT -&gt; . [53:0]&#10;    |       |       |       |   |   |--SINGLE_LINE_COMMENT -&gt; // [51:1]&#10;    |       |       |       |   |   |   `--COMMENT_CONTENT -&gt; 50\n [51:3]&#10;    |       |       |       |   |   |--IDENT -&gt; String [52:0]&#10;    |       |       |       |   |   |--SINGLE_LINE_COMMENT -&gt; // [53:1]&#10;    |       |       |       |   |   |   `--COMMENT_CONTENT -&gt; 52\n [53:3]&#10;    |       |       |       |   |   `--IDENT -&gt; CASE_INSENSITIVE_ORDER [54:0]&#10;    |       |       |       |   |--SINGLE_LINE_COMMENT -&gt; // [55:1]&#10;    |       |       |       |   |   `--COMMENT_CONTENT -&gt; 54\n [55:3]&#10;    |       |       |       |   `--IDENT -&gt; equals [56:0]&#10;    |       |       |       |--ELIST -&gt; ELIST [58:0]&#10;    |       |       |       |   `--EXPR -&gt; EXPR [58:0]&#10;    |       |       |       |       |--SINGLE_LINE_COMMENT -&gt; // [57:1]&#10;    |       |       |       |       |   `--COMMENT_CONTENT -&gt; 56\n [57:3]&#10;    |       |       |       |       `--IDENT -&gt; line [58:0]&#10;    |       |       |       |--SINGLE_LINE_COMMENT -&gt; // [58:4]&#10;    |       |       |       |   `--COMMENT_CONTENT -&gt; 57\n [58:6]&#10;    |       |       |       `--RPAREN -&gt; ) [59:0]&#10;    |       |       |--SINGLE_LINE_COMMENT -&gt; // [59:1]&#10;    |       |       |   `--COMMENT_CONTENT -&gt; 58\n [59:3]&#10;    |       |       |--SEMI -&gt; ; [60:0]&#10;    |       |       |--SINGLE_LINE_COMMENT -&gt; // [60:1]&#10;    |       |       |   `--COMMENT_CONTENT -&gt; 59\n [60:3]&#10;    |       |       `--RCURLY -&gt; } [61:0]&#10;    |       |--SINGLE_LINE_COMMENT -&gt; // [61:1]&#10;    |       |   `--COMMENT_CONTENT -&gt; 60\n [61:3]&#10;    |       `--RCURLY -&gt; } [62:0]&#10;    |--SINGLE_LINE_COMMENT -&gt; // [62:1]&#10;    |   `--COMMENT_CONTENT -&gt; 61\n [62:3]&#10;    |--RCURLY -&gt; } [63:0]&#10;    |--SINGLE_LINE_COMMENT -&gt; // [63:1]&#10;    |   `--COMMENT_CONTENT -&gt; 62\n [63:3]&#10;    `--SINGLE_LINE_COMMENT -&gt; // [64:0]&#10;        `--COMMENT_CONTENT -&gt; 63 [64:2]]&#10;&gt; but was:&lt;..._COMMENT -&gt; // [1:0][&#10;`--COMMENT_CONTENT -&gt; 0\n [1:2]&#10;PACKAGE_DEF -&gt; package [2:0]&#10;|--ANNOTATIONS -&gt; ANNOTATIONS [10:0]&#10;|--SINGLE_LINE_COMMENT -&gt; // [9:10]&#10;|   `--COMMENT_CONTENT -&gt; 8\n [9:12]&#10;|--DOT -&gt; . [10:0]&#10;|   |--SINGLE_LINE_COMMENT -&gt; // [7:5]&#10;|   |   `--COMMENT_CONTENT -&gt; 6\n [7:7]&#10;|   |--DOT -&gt; . [8:0]&#10;|   |   |--SINGLE_LINE_COMMENT -&gt; // [5:10]&#10;|   |   |   `--COMMENT_CONTENT -&gt; 4\n [5:12]&#10;|   |   |--DOT -&gt; . [6:0]&#10;|   |   |   |--SINGLE_LINE_COMMENT -&gt; // [3:3]&#10;|   |   |   |   `--COMMENT_CONTENT -&gt; 2\n [3:5]&#10;|   |   |   |--DOT -&gt; . [4:0]&#10;|   |   |   |   |--SINGLE_LINE_COMMENT -&gt; // [2:7]&#10;|   |   |   |   |   `--COMMENT_CONTENT -&gt; 1\n [2:9]&#10;|   |   |   |   |--IDENT -&gt; com [3:0]&#10;|   |   |   |   |--SINGLE_LINE_COMMENT -&gt; // [4:1]&#10;|   |   |   |   |   `--COMMENT_CONTENT -&gt; 3\n [4:3]&#10;|   |   |   |   `--IDENT -&gt; puppycrawl [5:0]&#10;|   |   |   |--SINGLE_LINE_COMMENT -&gt; // [6:1]&#10;|   |   |   |   `--COMMENT_CONTENT -&gt; 5\n [6:3]&#10;|   |   |   `--IDENT -&gt; tools [7:0]&#10;|   |   |--SINGLE_LINE_COMMENT -&gt; // [8:1]&#10;|   |   |   `--COMMENT_CONTENT -&gt; 7\n [8:3]&#10;|   |   `--IDENT -&gt; checkstyle [9:0]&#10;|   |--SINGLE_LINE_COMMENT -&gt; // [10:1]&#10;|   |   `--COMMENT_CONTENT -&gt; 9\n [10:3]&#10;|   `--IDENT -&gt; asttreestringprinter [11:0]&#10;|--SINGLE_LINE_COMMENT -&gt; // [11:20]&#10;|   `--COMMENT_CONTENT -&gt; 10\n [11:22]&#10;|--SINGLE_LINE_COMMENT -&gt; // [12:0]&#10;|   `--COMMENT_CONTENT -&gt; 11\n [12:2]&#10;|--SINGLE_LINE_COMMENT -&gt; // [13:0]&#10;|   `--COMMENT_CONTENT -&gt; 12\n [13:2]&#10;`--SEMI -&gt; ; [14:0]&#10;CLASS_DEF -&gt; CLASS_DEF [16:0]&#10;|--MODIFIERS -&gt; MODIFIERS [16:0]&#10;|   |--SINGLE_LINE_COMMENT -&gt; // [14:1]&#10;|   |   `--COMMENT_CONTENT -&gt; 13\n [14:3]&#10;|   |--SINGLE_LINE_COMMENT -&gt; // [15:0]&#10;|   |   `--COMMENT_CONTENT -&gt; 14\n [15:2]&#10;|   `--LITERAL_PUBLIC -&gt; public [16:0]&#10;|--SINGLE_LINE_COMMENT -&gt; // [16:6]&#10;|   `--COMMENT_CONTENT -&gt; 15\n [16:8]&#10;|--LITERAL_CLASS -&gt; class [17:0]&#10;|--SINGLE_LINE_COMMENT -&gt; // [17:5]&#10;|   `--COMMENT_CONTENT -&gt; 16\n [17:7]&#10;|--IDENT -&gt; InputAstTreeStringPrinterFullOfSinglelineComments [18:0]&#10;`--OBJBLOCK -&gt; OBJBLOCK [19:0]&#10;    |--SINGLE_LINE_COMMENT -&gt; // [18:49]&#10;    |   `--COMMENT_CONTENT -&gt; 17\n [18:51]&#10;    |--LCURLY -&gt; { [19:0]&#10;    |--METHOD_DEF -&gt; METHOD_DEF [20:0]&#10;    |   |--MODIFIERS -&gt; MODIFIERS [20:0]&#10;    |   |   |--SINGLE_LINE_COMMENT -&gt; // [19:1]&#10;    |   |   |   `--COMMENT_CONTENT -&gt; 18\n [19:3]&#10;    |   |   |--LITERAL_PUBLIC -&gt; public [20:0]&#10;    |   |   |--SINGLE_LINE_COMMENT -&gt; // [20:6]&#10;    |   |   |   `--COMMENT_CONTENT -&gt; 19\n [20:8]&#10;    |   |   `--LITERAL_STATIC -&gt; static [21:0]&#10;    |   |--TYPE -&gt; TYPE [22:0]&#10;    |   |   |--SINGLE_LINE_COMMENT -&gt; // [21:6]&#10;    |   |   |   `--COMMENT_CONTENT -&gt; 20\n [21:8]&#10;    |   |   `--LITERAL_VOID -&gt; void [22:0]&#10;    |   |--SINGLE_LINE_COMMENT -&gt; // [22:4]&#10;    |   |   `--COMMENT_CONTENT -&gt; 21\n [22:6]&#10;    |   |--IDENT -&gt; main [23:0]&#10;    |   |--SINGLE_LINE_COMMENT -&gt; // [23:4]&#10;    |   |   `--COMMENT_CONTENT -&gt; 22\n [23:6]&#10;    |   |--LPAREN -&gt; ( [24:0]&#10;    |   |--PARAMETERS -&gt; PARAMETERS [26:0]&#10;    |   |   `--PARAMETER_DEF -&gt; PARAMETER_DEF [26:0]&#10;    |   |       |--MODIFIERS -&gt; MODIFIERS [26:0]&#10;    |   |       |--TYPE -&gt; TYPE [26:0]&#10;    |   |       |   |--SINGLE_LINE_COMMENT -&gt; // [25:6]&#10;    |   |       |   |   `--COMMENT_CONTENT -&gt; 24\n [25:8]&#10;    |   |       |   `--ARRAY_DECLARATOR -&gt; [ [26:0]&#10;    |   |       |       |--SINGLE_LINE_COMMENT -&gt; // [24:1]&#10;    |   |       |       |   `--COMMENT_CONTENT -&gt; 23\n [24:3]&#10;    |   |       |       |--IDENT -&gt; String [25:0]&#10;    |   |       |       |--SINGLE_LINE_COMMENT -&gt; // [26:1]&#10;    |   |       |       |   `--COMMENT_CONTENT -&gt; 25\n [26:3]&#10;    |   |       |       `--RBRACK -&gt; ] [27:0]&#10;    |   |       |--SINGLE_LINE_COMMENT -&gt; // [27:1]&#10;    |   |       |   `--COMMENT_CONTENT -&gt; 26\n [27:3]&#10;    |   |       `--IDENT -&gt; args [28:0]&#10;    |   |--SINGLE_LINE_COMMENT -&gt; // [28:4]&#10;    |   |   `--COMMENT_CONTENT -&gt; 27\n [28:6]&#10;    |   |--RPAREN -&gt; ) [29:0]&#10;    |   |--SINGLE_LINE_COMMENT -&gt; // [29:1]&#10;    |   |   `--COMMENT_CONTENT -&gt; 28\n [29:3]&#10;    |   `--SLIST -&gt; { [30:0]&#10;    |       |--SINGLE_LINE_COMMENT -&gt; // [30:1]&#10;    |       |   `--COMMENT_CONTENT -&gt; 29\n [30:3]&#10;    |       |--LITERAL_FOR -&gt; for [31:0]&#10;    |       |   |--SINGLE_LINE_COMMENT -&gt; // [31:3]&#10;    |       |   |   `--COMMENT_CONTENT -&gt; 30\n [31:5]&#10;    |       |   |--LPAREN -&gt; ( [32:0]&#10;    |       |   |--FOR_INIT -&gt; FOR_INIT [33:0]&#10;    |       |   |   `--VARIABLE_DEF -&gt; VARIABLE_DEF [33:0]&#10;    |       |   |       |--MODIFIERS -&gt; MODIFIERS [33:0]&#10;    |       |   |       |--TYPE -&gt; TYPE [33:0]&#10;    |       |   |       |   |--SINGLE_LINE_COMMENT -&gt; // [32:1]&#10;    |       |   |       |   |   `--COMMENT_CONTENT -&gt; 31\n [32:3]&#10;    |       |   |       |   `--LITERAL_INT -&gt; int [33:0]&#10;    |       |   |       |--SINGLE_LINE_COMMENT -&gt; // [33:3]&#10;    |       |   |       |   `--COMMENT_CONTENT -&gt; 32\n [33:5]&#10;    |       |   |       |--IDENT -&gt; i [34:0]&#10;    |       |   |       |--SINGLE_LINE_COMMENT -&gt; // [34:1]&#10;    |       |   |       |   `--COMMENT_CONTENT -&gt; 33\n [34:3]&#10;    |       |   |       `--ASSIGN -&gt; = [35:0]&#10;    |       |   |           `--EXPR -&gt; EXPR [36:0]&#10;    |       |   |               |--SINGLE_LINE_COMMENT -&gt; // [35:1]&#10;    |       |   |               |   `--COMMENT_CONTENT -&gt; 34\n [35:3]&#10;    |       |   |               `--NUM_INT -&gt; 0 [36:0]&#10;    |       |   |--SINGLE_LINE_COMMENT -&gt; // [36:1]&#10;    |       |   |   `--COMMENT_CONTENT -&gt; 35\n [36:3]&#10;    |       |   |--SEMI -&gt; ; [37:0]&#10;    |       |   |--FOR_CONDITION -&gt; FOR_CONDITION [39:0]&#10;    |       |   |   `--EXPR -&gt; EXPR [39:0]&#10;    |       |   |       |--SINGLE_LINE_COMMENT -&gt; // [38:1]&#10;    |       |   |       |   `--COMMENT_CONTENT -&gt; 37\n [38:3]&#10;    |       |   |       `--LE -&gt; &lt;= [39:0]&#10;    |       |   |           |--SINGLE_LINE_COMMENT -&gt; // [37:1]&#10;    |       |   |           |   `--COMMENT_CONTENT -&gt; 36\n [37:3]&#10;    |       |   |           |--IDENT -&gt; i [38:0]&#10;    |       |   |           |--SINGLE_LINE_COMMENT -&gt; // [39:2]&#10;    |       |   |           |   `--COMMENT_CONTENT -&gt; 38\n [39:4]&#10;    |       |   |           `--NUM_INT -&gt; 10 [40:0]&#10;    |       |   |--SINGLE_LINE_COMMENT -&gt; // [40:2]&#10;    |       |   |   `--COMMENT_CONTENT -&gt; 39\n [40:4]&#10;    |       |   |--SEMI -&gt; ; [41:0]&#10;    |       |   |--FOR_ITERATOR -&gt; FOR_ITERATOR [42:1]&#10;    |       |   |   `--ELIST -&gt; ELIST [42:1]&#10;    |       |   |       `--EXPR -&gt; EXPR [42:1]&#10;    |       |   |           `--POST_INC -&gt; ++ [42:1]&#10;    |       |   |               |--SINGLE_LINE_COMMENT -&gt; // [41:1]&#10;    |       |   |               |   `--COMMENT_CONTENT -&gt; 40\n [41:3]&#10;    |       |   |               `--IDENT -&gt; i [42:0]&#10;    |       |   |--SINGLE_LINE_COMMENT -&gt; // [42:3]&#10;    |       |   |   `--COMMENT_CONTENT -&gt; 41\n [42:5]&#10;    |       |   |--RPAREN -&gt; ) [43:0]&#10;    |       |   |--SINGLE_LINE_COMMENT -&gt; // [43:1]&#10;    |       |   |   `--COMMENT_CONTENT -&gt; 42\n [43:3]&#10;    |       |   `--SLIST -&gt; { [44:0]&#10;    |       |       |--VARIABLE_DEF -&gt; VARIABLE_DEF [45:0]&#10;    |       |       |   |--MODIFIERS -&gt; MODIFIERS [45:0]&#10;    |       |       |   |--TYPE -&gt; TYPE [45:0]&#10;    |       |       |   |   |--SINGLE_LINE_COMMENT -&gt; // [44:1]&#10;    |       |       |   |   |   `--COMMENT_CONTENT -&gt; 43\n [44:3]&#10;    |       |       |   |   `--IDENT -&gt; String [45:0]&#10;    |       |       |   |--SINGLE_LINE_COMMENT -&gt; // [45:6]&#10;    |       |       |   |   `--COMMENT_CONTENT -&gt; 44\n [45:8]&#10;    |       |       |   |--IDENT -&gt; line [46:0]&#10;    |       |       |   |--SINGLE_LINE_COMMENT -&gt; // [46:4]&#10;    |       |       |   |   `--COMMENT_CONTENT -&gt; 45\n [46:6]&#10;    |       |       |   `--ASSIGN -&gt; = [47:0]&#10;    |       |       |       `--EXPR -&gt; EXPR [49:0]&#10;    |       |       |           |--SINGLE_LINE_COMMENT -&gt; // [48:1]&#10;    |       |       |           |   `--COMMENT_CONTENT -&gt; 47\n [48:3]&#10;    |       |       |           `--PLUS -&gt; + [49:0]&#10;    |       |       |               |--SINGLE_LINE_COMMENT -&gt; // [47:1]&#10;    |       |       |               |   `--COMMENT_CONTENT -&gt; 46\n [47:3]&#10;    |       |       |               |--IDENT -&gt; i [48:0]&#10;    |       |       |               |--SINGLE_LINE_COMMENT -&gt; // [49:1]&#10;    |       |       |               |   `--COMMENT_CONTENT -&gt; 48\n [49:3]&#10;    |       |       |               `--STRING_LITERAL -&gt; &quot;&quot; [50:0]&#10;    |       |       |--SINGLE_LINE_COMMENT -&gt; // [50:2]&#10;    |       |       |   `--COMMENT_CONTENT -&gt; 49\n [50:4]&#10;    |       |       |--SEMI -&gt; ; [51:0]&#10;    |       |       |--EXPR -&gt; EXPR [57:0]&#10;    |       |       |   |--SINGLE_LINE_COMMENT -&gt; // [56:6]&#10;    |       |       |   |   `--COMMENT_CONTENT -&gt; 55\n [56:8]&#10;    |       |       |   `--METHOD_CALL -&gt; ( [57:0]&#10;    |       |       |       |--SINGLE_LINE_COMMENT -&gt; // [54:22]&#10;    |       |       |       |   `--COMMENT_CONTENT -&gt; 53\n [54:24]&#10;    |       |       |       |--DOT -&gt; . [55:0]&#10;    |       |       |       |   |--SINGLE_LINE_COMMENT -&gt; // [52:6]&#10;    |       |       |       |   |   `--COMMENT_CONTENT -&gt; 51\n [52:8]&#10;    |       |       |       |   |--DOT -&gt; . [53:0]&#10;    |       |       |       |   |   |--SINGLE_LINE_COMMENT -&gt; // [51:1]&#10;    |       |       |       |   |   |   `--COMMENT_CONTENT -&gt; 50\n [51:3]&#10;    |       |       |       |   |   |--IDENT -&gt; String [52:0]&#10;    |       |       |       |   |   |--SINGLE_LINE_COMMENT -&gt; // [53:1]&#10;    |       |       |       |   |   |   `--COMMENT_CONTENT -&gt; 52\n [53:3]&#10;    |       |       |       |   |   `--IDENT -&gt; CASE_INSENSITIVE_ORDER [54:0]&#10;    |       |       |       |   |--SINGLE_LINE_COMMENT -&gt; // [55:1]&#10;    |       |       |       |   |   `--COMMENT_CONTENT -&gt; 54\n [55:3]&#10;    |       |       |       |   `--IDENT -&gt; equals [56:0]&#10;    |       |       |       |--ELIST -&gt; ELIST [58:0]&#10;    |       |       |       |   `--EXPR -&gt; EXPR [58:0]&#10;    |       |       |       |       |--SINGLE_LINE_COMMENT -&gt; // [57:1]&#10;    |       |       |       |       |   `--COMMENT_CONTENT -&gt; 56\n [57:3]&#10;    |       |       |       |       `--IDENT -&gt; line [58:0]&#10;    |       |       |       |--SINGLE_LINE_COMMENT -&gt; // [58:4]&#10;    |       |       |       |   `--COMMENT_CONTENT -&gt; 57\n [58:6]&#10;    |       |       |       `--RPAREN -&gt; ) [59:0]&#10;    |       |       |--SINGLE_LINE_COMMENT -&gt; // [59:1]&#10;    |       |       |   `--COMMENT_CONTENT -&gt; 58\n [59:3]&#10;    |       |       |--SEMI -&gt; ; [60:0]&#10;    |       |       |--SINGLE_LINE_COMMENT -&gt; // [60:1]&#10;    |       |       |   `--COMMENT_CONTENT -&gt; 59\n [60:3]&#10;    |       |       `--RCURLY -&gt; } [61:0]&#10;    |       |--SINGLE_LINE_COMMENT -&gt; // [61:1]&#10;    |       |   `--COMMENT_CONTENT -&gt; 60\n [61:3]&#10;    |       `--RCURLY -&gt; } [62:0]&#10;    |--SINGLE_LINE_COMMENT -&gt; // [62:1]&#10;    |   `--COMMENT_CONTENT -&gt; 61\n [62:3]&#10;    |--RCURLY -&gt; } [63:0]&#10;    |--SINGLE_LINE_COMMENT -&gt; // [63:1]&#10;    |   `--COMMENT_CONTENT -&gt; 62\n [63:3]&#10;    `--SINGLE_LINE_COMMENT -&gt; // [64:0]&#10;        `--COMMENT_CONTENT -&gt; 63 [64:2]&#13;]&#10;&gt;" type="org.junit.ComparisonFailure"><![CDATA[org.junit.ComparisonFailure: 
Generated AST from Java file should match pre-defined AST expected:<..._COMMENT -> // [1:0][
`--COMMENT_CONTENT -> 0\n [1:2]
PACKAGE_DEF -> package [2:0]
|--ANNOTATIONS -> ANNOTATIONS [10:0]
|--SINGLE_LINE_COMMENT -> // [9:10]
|   `--COMMENT_CONTENT -> 8\n [9:12]
|--DOT -> . [10:0]
|   |--SINGLE_LINE_COMMENT -> // [7:5]
|   |   `--COMMENT_CONTENT -> 6\n [7:7]
|   |--DOT -> . [8:0]
|   |   |--SINGLE_LINE_COMMENT -> // [5:10]
|   |   |   `--COMMENT_CONTENT -> 4\n [5:12]
|   |   |--DOT -> . [6:0]
|   |   |   |--SINGLE_LINE_COMMENT -> // [3:3]
|   |   |   |   `--COMMENT_CONTENT -> 2\n [3:5]
|   |   |   |--DOT -> . [4:0]
|   |   |   |   |--SINGLE_LINE_COMMENT -> // [2:7]
|   |   |   |   |   `--COMMENT_CONTENT -> 1\n [2:9]
|   |   |   |   |--IDENT -> com [3:0]
|   |   |   |   |--SINGLE_LINE_COMMENT -> // [4:1]
|   |   |   |   |   `--COMMENT_CONTENT -> 3\n [4:3]
|   |   |   |   `--IDENT -> puppycrawl [5:0]
|   |   |   |--SINGLE_LINE_COMMENT -> // [6:1]
|   |   |   |   `--COMMENT_CONTENT -> 5\n [6:3]
|   |   |   `--IDENT -> tools [7:0]
|   |   |--SINGLE_LINE_COMMENT -> // [8:1]
|   |   |   `--COMMENT_CONTENT -> 7\n [8:3]
|   |   `--IDENT -> checkstyle [9:0]
|   |--SINGLE_LINE_COMMENT -> // [10:1]
|   |   `--COMMENT_CONTENT -> 9\n [10:3]
|   `--IDENT -> asttreestringprinter [11:0]
|--SINGLE_LINE_COMMENT -> // [11:20]
|   `--COMMENT_CONTENT -> 10\n [11:22]
|--SINGLE_LINE_COMMENT -> // [12:0]
|   `--COMMENT_CONTENT -> 11\n [12:2]
|--SINGLE_LINE_COMMENT -> // [13:0]
|   `--COMMENT_CONTENT -> 12\n [13:2]
`--SEMI -> ; [14:0]
CLASS_DEF -> CLASS_DEF [16:0]
|--MODIFIERS -> MODIFIERS [16:0]
|   |--SINGLE_LINE_COMMENT -> // [14:1]
|   |   `--COMMENT_CONTENT -> 13\n [14:3]
|   |--SINGLE_LINE_COMMENT -> // [15:0]
|   |   `--COMMENT_CONTENT -> 14\n [15:2]
|   `--LITERAL_PUBLIC -> public [16:0]
|--SINGLE_LINE_COMMENT -> // [16:6]
|   `--COMMENT_CONTENT -> 15\n [16:8]
|--LITERAL_CLASS -> class [17:0]
|--SINGLE_LINE_COMMENT -> // [17:5]
|   `--COMMENT_CONTENT -> 16\n [17:7]
|--IDENT -> InputAstTreeStringPrinterFullOfSinglelineComments [18:0]
`--OBJBLOCK -> OBJBLOCK [19:0]
    |--SINGLE_LINE_COMMENT -> // [18:49]
    |   `--COMMENT_CONTENT -> 17\n [18:51]
    |--LCURLY -> { [19:0]
    |--METHOD_DEF -> METHOD_DEF [20:0]
    |   |--MODIFIERS -> MODIFIERS [20:0]
    |   |   |--SINGLE_LINE_COMMENT -> // [19:1]
    |   |   |   `--COMMENT_CONTENT -> 18\n [19:3]
    |   |   |--LITERAL_PUBLIC -> public [20:0]
    |   |   |--SINGLE_LINE_COMMENT -> // [20:6]
    |   |   |   `--COMMENT_CONTENT -> 19\n [20:8]
    |   |   `--LITERAL_STATIC -> static [21:0]
    |   |--TYPE -> TYPE [22:0]
    |   |   |--SINGLE_LINE_COMMENT -> // [21:6]
    |   |   |   `--COMMENT_CONTENT -> 20\n [21:8]
    |   |   `--LITERAL_VOID -> void [22:0]
    |   |--SINGLE_LINE_COMMENT -> // [22:4]
    |   |   `--COMMENT_CONTENT -> 21\n [22:6]
    |   |--IDENT -> main [23:0]
    |   |--SINGLE_LINE_COMMENT -> // [23:4]
    |   |   `--COMMENT_CONTENT -> 22\n [23:6]
    |   |--LPAREN -> ( [24:0]
    |   |--PARAMETERS -> PARAMETERS [26:0]
    |   |   `--PARAMETER_DEF -> PARAMETER_DEF [26:0]
    |   |       |--MODIFIERS -> MODIFIERS [26:0]
    |   |       |--TYPE -> TYPE [26:0]
    |   |       |   |--SINGLE_LINE_COMMENT -> // [25:6]
    |   |       |   |   `--COMMENT_CONTENT -> 24\n [25:8]
    |   |       |   `--ARRAY_DECLARATOR -> [ [26:0]
    |   |       |       |--SINGLE_LINE_COMMENT -> // [24:1]
    |   |       |       |   `--COMMENT_CONTENT -> 23\n [24:3]
    |   |       |       |--IDENT -> String [25:0]
    |   |       |       |--SINGLE_LINE_COMMENT -> // [26:1]
    |   |       |       |   `--COMMENT_CONTENT -> 25\n [26:3]
    |   |       |       `--RBRACK -> ] [27:0]
    |   |       |--SINGLE_LINE_COMMENT -> // [27:1]
    |   |       |   `--COMMENT_CONTENT -> 26\n [27:3]
    |   |       `--IDENT -> args [28:0]
    |   |--SINGLE_LINE_COMMENT -> // [28:4]
    |   |   `--COMMENT_CONTENT -> 27\n [28:6]
    |   |--RPAREN -> ) [29:0]
    |   |--SINGLE_LINE_COMMENT -> // [29:1]
    |   |   `--COMMENT_CONTENT -> 28\n [29:3]
    |   `--SLIST -> { [30:0]
    |       |--SINGLE_LINE_COMMENT -> // [30:1]
    |       |   `--COMMENT_CONTENT -> 29\n [30:3]
    |       |--LITERAL_FOR -> for [31:0]
    |       |   |--SINGLE_LINE_COMMENT -> // [31:3]
    |       |   |   `--COMMENT_CONTENT -> 30\n [31:5]
    |       |   |--LPAREN -> ( [32:0]
    |       |   |--FOR_INIT -> FOR_INIT [33:0]
    |       |   |   `--VARIABLE_DEF -> VARIABLE_DEF [33:0]
    |       |   |       |--MODIFIERS -> MODIFIERS [33:0]
    |       |   |       |--TYPE -> TYPE [33:0]
    |       |   |       |   |--SINGLE_LINE_COMMENT -> // [32:1]
    |       |   |       |   |   `--COMMENT_CONTENT -> 31\n [32:3]
    |       |   |       |   `--LITERAL_INT -> int [33:0]
    |       |   |       |--SINGLE_LINE_COMMENT -> // [33:3]
    |       |   |       |   `--COMMENT_CONTENT -> 32\n [33:5]
    |       |   |       |--IDENT -> i [34:0]
    |       |   |       |--SINGLE_LINE_COMMENT -> // [34:1]
    |       |   |       |   `--COMMENT_CONTENT -> 33\n [34:3]
    |       |   |       `--ASSIGN -> = [35:0]
    |       |   |           `--EXPR -> EXPR [36:0]
    |       |   |               |--SINGLE_LINE_COMMENT -> // [35:1]
    |       |   |               |   `--COMMENT_CONTENT -> 34\n [35:3]
    |       |   |               `--NUM_INT -> 0 [36:0]
    |       |   |--SINGLE_LINE_COMMENT -> // [36:1]
    |       |   |   `--COMMENT_CONTENT -> 35\n [36:3]
    |       |   |--SEMI -> ; [37:0]
    |       |   |--FOR_CONDITION -> FOR_CONDITION [39:0]
    |       |   |   `--EXPR -> EXPR [39:0]
    |       |   |       |--SINGLE_LINE_COMMENT -> // [38:1]
    |       |   |       |   `--COMMENT_CONTENT -> 37\n [38:3]
    |       |   |       `--LE -> <= [39:0]
    |       |   |           |--SINGLE_LINE_COMMENT -> // [37:1]
    |       |   |           |   `--COMMENT_CONTENT -> 36\n [37:3]
    |       |   |           |--IDENT -> i [38:0]
    |       |   |           |--SINGLE_LINE_COMMENT -> // [39:2]
    |       |   |           |   `--COMMENT_CONTENT -> 38\n [39:4]
    |       |   |           `--NUM_INT -> 10 [40:0]
    |       |   |--SINGLE_LINE_COMMENT -> // [40:2]
    |       |   |   `--COMMENT_CONTENT -> 39\n [40:4]
    |       |   |--SEMI -> ; [41:0]
    |       |   |--FOR_ITERATOR -> FOR_ITERATOR [42:1]
    |       |   |   `--ELIST -> ELIST [42:1]
    |       |   |       `--EXPR -> EXPR [42:1]
    |       |   |           `--POST_INC -> ++ [42:1]
    |       |   |               |--SINGLE_LINE_COMMENT -> // [41:1]
    |       |   |               |   `--COMMENT_CONTENT -> 40\n [41:3]
    |       |   |               `--IDENT -> i [42:0]
    |       |   |--SINGLE_LINE_COMMENT -> // [42:3]
    |       |   |   `--COMMENT_CONTENT -> 41\n [42:5]
    |       |   |--RPAREN -> ) [43:0]
    |       |   |--SINGLE_LINE_COMMENT -> // [43:1]
    |       |   |   `--COMMENT_CONTENT -> 42\n [43:3]
    |       |   `--SLIST -> { [44:0]
    |       |       |--VARIABLE_DEF -> VARIABLE_DEF [45:0]
    |       |       |   |--MODIFIERS -> MODIFIERS [45:0]
    |       |       |   |--TYPE -> TYPE [45:0]
    |       |       |   |   |--SINGLE_LINE_COMMENT -> // [44:1]
    |       |       |   |   |   `--COMMENT_CONTENT -> 43\n [44:3]
    |       |       |   |   `--IDENT -> String [45:0]
    |       |       |   |--SINGLE_LINE_COMMENT -> // [45:6]
    |       |       |   |   `--COMMENT_CONTENT -> 44\n [45:8]
    |       |       |   |--IDENT -> line [46:0]
    |       |       |   |--SINGLE_LINE_COMMENT -> // [46:4]
    |       |       |   |   `--COMMENT_CONTENT -> 45\n [46:6]
    |       |       |   `--ASSIGN -> = [47:0]
    |       |       |       `--EXPR -> EXPR [49:0]
    |       |       |           |--SINGLE_LINE_COMMENT -> // [48:1]
    |       |       |           |   `--COMMENT_CONTENT -> 47\n [48:3]
    |       |       |           `--PLUS -> + [49:0]
    |       |       |               |--SINGLE_LINE_COMMENT -> // [47:1]
    |       |       |               |   `--COMMENT_CONTENT -> 46\n [47:3]
    |       |       |               |--IDENT -> i [48:0]
    |       |       |               |--SINGLE_LINE_COMMENT -> // [49:1]
    |       |       |               |   `--COMMENT_CONTENT -> 48\n [49:3]
    |       |       |               `--STRING_LITERAL -> "" [50:0]
    |       |       |--SINGLE_LINE_COMMENT -> // [50:2]
    |       |       |   `--COMMENT_CONTENT -> 49\n [50:4]
    |       |       |--SEMI -> ; [51:0]
    |       |       |--EXPR -> EXPR [57:0]
    |       |       |   |--SINGLE_LINE_COMMENT -> // [56:6]
    |       |       |   |   `--COMMENT_CONTENT -> 55\n [56:8]
    |       |       |   `--METHOD_CALL -> ( [57:0]
    |       |       |       |--SINGLE_LINE_COMMENT -> // [54:22]
    |       |       |       |   `--COMMENT_CONTENT -> 53\n [54:24]
    |       |       |       |--DOT -> . [55:0]
    |       |       |       |   |--SINGLE_LINE_COMMENT -> // [52:6]
    |       |       |       |   |   `--COMMENT_CONTENT -> 51\n [52:8]
    |       |       |       |   |--DOT -> . [53:0]
    |       |       |       |   |   |--SINGLE_LINE_COMMENT -> // [51:1]
    |       |       |       |   |   |   `--COMMENT_CONTENT -> 50\n [51:3]
    |       |       |       |   |   |--IDENT -> String [52:0]
    |       |       |       |   |   |--SINGLE_LINE_COMMENT -> // [53:1]
    |       |       |       |   |   |   `--COMMENT_CONTENT -> 52\n [53:3]
    |       |       |       |   |   `--IDENT -> CASE_INSENSITIVE_ORDER [54:0]
    |       |       |       |   |--SINGLE_LINE_COMMENT -> // [55:1]
    |       |       |       |   |   `--COMMENT_CONTENT -> 54\n [55:3]
    |       |       |       |   `--IDENT -> equals [56:0]
    |       |       |       |--ELIST -> ELIST [58:0]
    |       |       |       |   `--EXPR -> EXPR [58:0]
    |       |       |       |       |--SINGLE_LINE_COMMENT -> // [57:1]
    |       |       |       |       |   `--COMMENT_CONTENT -> 56\n [57:3]
    |       |       |       |       `--IDENT -> line [58:0]
    |       |       |       |--SINGLE_LINE_COMMENT -> // [58:4]
    |       |       |       |   `--COMMENT_CONTENT -> 57\n [58:6]
    |       |       |       `--RPAREN -> ) [59:0]
    |       |       |--SINGLE_LINE_COMMENT -> // [59:1]
    |       |       |   `--COMMENT_CONTENT -> 58\n [59:3]
    |       |       |--SEMI -> ; [60:0]
    |       |       |--SINGLE_LINE_COMMENT -> // [60:1]
    |       |       |   `--COMMENT_CONTENT -> 59\n [60:3]
    |       |       `--RCURLY -> } [61:0]
    |       |--SINGLE_LINE_COMMENT -> // [61:1]
    |       |   `--COMMENT_CONTENT -> 60\n [61:3]
    |       `--RCURLY -> } [62:0]
    |--SINGLE_LINE_COMMENT -> // [62:1]
    |   `--COMMENT_CONTENT -> 61\n [62:3]
    |--RCURLY -> } [63:0]
    |--SINGLE_LINE_COMMENT -> // [63:1]
    |   `--COMMENT_CONTENT -> 62\n [63:3]
    `--SINGLE_LINE_COMMENT -> // [64:0]
        `--COMMENT_CONTENT -> 63 [64:2]]
> but was:<..._COMMENT -> // [1:0][
`--COMMENT_CONTENT -> 0\n [1:2]
PACKAGE_DEF -> package [2:0]
|--ANNOTATIONS -> ANNOTATIONS [10:0]
|--SINGLE_LINE_COMMENT -> // [9:10]
|   `--COMMENT_CONTENT -> 8\n [9:12]
|--DOT -> . [10:0]
|   |--SINGLE_LINE_COMMENT -> // [7:5]
|   |   `--COMMENT_CONTENT -> 6\n [7:7]
|   |--DOT -> . [8:0]
|   |   |--SINGLE_LINE_COMMENT -> // [5:10]
|   |   |   `--COMMENT_CONTENT -> 4\n [5:12]
|   |   |--DOT -> . [6:0]
|   |   |   |--SINGLE_LINE_COMMENT -> // [3:3]
|   |   |   |   `--COMMENT_CONTENT -> 2\n [3:5]
|   |   |   |--DOT -> . [4:0]
|   |   |   |   |--SINGLE_LINE_COMMENT -> // [2:7]
|   |   |   |   |   `--COMMENT_CONTENT -> 1\n [2:9]
|   |   |   |   |--IDENT -> com [3:0]
|   |   |   |   |--SINGLE_LINE_COMMENT -> // [4:1]
|   |   |   |   |   `--COMMENT_CONTENT -> 3\n [4:3]
|   |   |   |   `--IDENT -> puppycrawl [5:0]
|   |   |   |--SINGLE_LINE_COMMENT -> // [6:1]
|   |   |   |   `--COMMENT_CONTENT -> 5\n [6:3]
|   |   |   `--IDENT -> tools [7:0]
|   |   |--SINGLE_LINE_COMMENT -> // [8:1]
|   |   |   `--COMMENT_CONTENT -> 7\n [8:3]
|   |   `--IDENT -> checkstyle [9:0]
|   |--SINGLE_LINE_COMMENT -> // [10:1]
|   |   `--COMMENT_CONTENT -> 9\n [10:3]
|   `--IDENT -> asttreestringprinter [11:0]
|--SINGLE_LINE_COMMENT -> // [11:20]
|   `--COMMENT_CONTENT -> 10\n [11:22]
|--SINGLE_LINE_COMMENT -> // [12:0]
|   `--COMMENT_CONTENT -> 11\n [12:2]
|--SINGLE_LINE_COMMENT -> // [13:0]
|   `--COMMENT_CONTENT -> 12\n [13:2]
`--SEMI -> ; [14:0]
CLASS_DEF -> CLASS_DEF [16:0]
|--MODIFIERS -> MODIFIERS [16:0]
|   |--SINGLE_LINE_COMMENT -> // [14:1]
|   |   `--COMMENT_CONTENT -> 13\n [14:3]
|   |--SINGLE_LINE_COMMENT -> // [15:0]
|   |   `--COMMENT_CONTENT -> 14\n [15:2]
|   `--LITERAL_PUBLIC -> public [16:0]
|--SINGLE_LINE_COMMENT -> // [16:6]
|   `--COMMENT_CONTENT -> 15\n [16:8]
|--LITERAL_CLASS -> class [17:0]
|--SINGLE_LINE_COMMENT -> // [17:5]
|   `--COMMENT_CONTENT -> 16\n [17:7]
|--IDENT -> InputAstTreeStringPrinterFullOfSinglelineComments [18:0]
`--OBJBLOCK -> OBJBLOCK [19:0]
    |--SINGLE_LINE_COMMENT -> // [18:49]
    |   `--COMMENT_CONTENT -> 17\n [18:51]
    |--LCURLY -> { [19:0]
    |--METHOD_DEF -> METHOD_DEF [20:0]
    |   |--MODIFIERS -> MODIFIERS [20:0]
    |   |   |--SINGLE_LINE_COMMENT -> // [19:1]
    |   |   |   `--COMMENT_CONTENT -> 18\n [19:3]
    |   |   |--LITERAL_PUBLIC -> public [20:0]
    |   |   |--SINGLE_LINE_COMMENT -> // [20:6]
    |   |   |   `--COMMENT_CONTENT -> 19\n [20:8]
    |   |   `--LITERAL_STATIC -> static [21:0]
    |   |--TYPE -> TYPE [22:0]
    |   |   |--SINGLE_LINE_COMMENT -> // [21:6]
    |   |   |   `--COMMENT_CONTENT -> 20\n [21:8]
    |   |   `--LITERAL_VOID -> void [22:0]
    |   |--SINGLE_LINE_COMMENT -> // [22:4]
    |   |   `--COMMENT_CONTENT -> 21\n [22:6]
    |   |--IDENT -> main [23:0]
    |   |--SINGLE_LINE_COMMENT -> // [23:4]
    |   |   `--COMMENT_CONTENT -> 22\n [23:6]
    |   |--LPAREN -> ( [24:0]
    |   |--PARAMETERS -> PARAMETERS [26:0]
    |   |   `--PARAMETER_DEF -> PARAMETER_DEF [26:0]
    |   |       |--MODIFIERS -> MODIFIERS [26:0]
    |   |       |--TYPE -> TYPE [26:0]
    |   |       |   |--SINGLE_LINE_COMMENT -> // [25:6]
    |   |       |   |   `--COMMENT_CONTENT -> 24\n [25:8]
    |   |       |   `--ARRAY_DECLARATOR -> [ [26:0]
    |   |       |       |--SINGLE_LINE_COMMENT -> // [24:1]
    |   |       |       |   `--COMMENT_CONTENT -> 23\n [24:3]
    |   |       |       |--IDENT -> String [25:0]
    |   |       |       |--SINGLE_LINE_COMMENT -> // [26:1]
    |   |       |       |   `--COMMENT_CONTENT -> 25\n [26:3]
    |   |       |       `--RBRACK -> ] [27:0]
    |   |       |--SINGLE_LINE_COMMENT -> // [27:1]
    |   |       |   `--COMMENT_CONTENT -> 26\n [27:3]
    |   |       `--IDENT -> args [28:0]
    |   |--SINGLE_LINE_COMMENT -> // [28:4]
    |   |   `--COMMENT_CONTENT -> 27\n [28:6]
    |   |--RPAREN -> ) [29:0]
    |   |--SINGLE_LINE_COMMENT -> // [29:1]
    |   |   `--COMMENT_CONTENT -> 28\n [29:3]
    |   `--SLIST -> { [30:0]
    |       |--SINGLE_LINE_COMMENT -> // [30:1]
    |       |   `--COMMENT_CONTENT -> 29\n [30:3]
    |       |--LITERAL_FOR -> for [31:0]
    |       |   |--SINGLE_LINE_COMMENT -> // [31:3]
    |       |   |   `--COMMENT_CONTENT -> 30\n [31:5]
    |       |   |--LPAREN -> ( [32:0]
    |       |   |--FOR_INIT -> FOR_INIT [33:0]
    |       |   |   `--VARIABLE_DEF -> VARIABLE_DEF [33:0]
    |       |   |       |--MODIFIERS -> MODIFIERS [33:0]
    |       |   |       |--TYPE -> TYPE [33:0]
    |       |   |       |   |--SINGLE_LINE_COMMENT -> // [32:1]
    |       |   |       |   |   `--COMMENT_CONTENT -> 31\n [32:3]
    |       |   |       |   `--LITERAL_INT -> int [33:0]
    |       |   |       |--SINGLE_LINE_COMMENT -> // [33:3]
    |       |   |       |   `--COMMENT_CONTENT -> 32\n [33:5]
    |       |   |       |--IDENT -> i [34:0]
    |       |   |       |--SINGLE_LINE_COMMENT -> // [34:1]
    |       |   |       |   `--COMMENT_CONTENT -> 33\n [34:3]
    |       |   |       `--ASSIGN -> = [35:0]
    |       |   |           `--EXPR -> EXPR [36:0]
    |       |   |               |--SINGLE_LINE_COMMENT -> // [35:1]
    |       |   |               |   `--COMMENT_CONTENT -> 34\n [35:3]
    |       |   |               `--NUM_INT -> 0 [36:0]
    |       |   |--SINGLE_LINE_COMMENT -> // [36:1]
    |       |   |   `--COMMENT_CONTENT -> 35\n [36:3]
    |       |   |--SEMI -> ; [37:0]
    |       |   |--FOR_CONDITION -> FOR_CONDITION [39:0]
    |       |   |   `--EXPR -> EXPR [39:0]
    |       |   |       |--SINGLE_LINE_COMMENT -> // [38:1]
    |       |   |       |   `--COMMENT_CONTENT -> 37\n [38:3]
    |       |   |       `--LE -> <= [39:0]
    |       |   |           |--SINGLE_LINE_COMMENT -> // [37:1]
    |       |   |           |   `--COMMENT_CONTENT -> 36\n [37:3]
    |       |   |           |--IDENT -> i [38:0]
    |       |   |           |--SINGLE_LINE_COMMENT -> // [39:2]
    |       |   |           |   `--COMMENT_CONTENT -> 38\n [39:4]
    |       |   |           `--NUM_INT -> 10 [40:0]
    |       |   |--SINGLE_LINE_COMMENT -> // [40:2]
    |       |   |   `--COMMENT_CONTENT -> 39\n [40:4]
    |       |   |--SEMI -> ; [41:0]
    |       |   |--FOR_ITERATOR -> FOR_ITERATOR [42:1]
    |       |   |   `--ELIST -> ELIST [42:1]
    |       |   |       `--EXPR -> EXPR [42:1]
    |       |   |           `--POST_INC -> ++ [42:1]
    |       |   |               |--SINGLE_LINE_COMMENT -> // [41:1]
    |       |   |               |   `--COMMENT_CONTENT -> 40\n [41:3]
    |       |   |               `--IDENT -> i [42:0]
    |       |   |--SINGLE_LINE_COMMENT -> // [42:3]
    |       |   |   `--COMMENT_CONTENT -> 41\n [42:5]
    |       |   |--RPAREN -> ) [43:0]
    |       |   |--SINGLE_LINE_COMMENT -> // [43:1]
    |       |   |   `--COMMENT_CONTENT -> 42\n [43:3]
    |       |   `--SLIST -> { [44:0]
    |       |       |--VARIABLE_DEF -> VARIABLE_DEF [45:0]
    |       |       |   |--MODIFIERS -> MODIFIERS [45:0]
    |       |       |   |--TYPE -> TYPE [45:0]
    |       |       |   |   |--SINGLE_LINE_COMMENT -> // [44:1]
    |       |       |   |   |   `--COMMENT_CONTENT -> 43\n [44:3]
    |       |       |   |   `--IDENT -> String [45:0]
    |       |       |   |--SINGLE_LINE_COMMENT -> // [45:6]
    |       |       |   |   `--COMMENT_CONTENT -> 44\n [45:8]
    |       |       |   |--IDENT -> line [46:0]
    |       |       |   |--SINGLE_LINE_COMMENT -> // [46:4]
    |       |       |   |   `--COMMENT_CONTENT -> 45\n [46:6]
    |       |       |   `--ASSIGN -> = [47:0]
    |       |       |       `--EXPR -> EXPR [49:0]
    |       |       |           |--SINGLE_LINE_COMMENT -> // [48:1]
    |       |       |           |   `--COMMENT_CONTENT -> 47\n [48:3]
    |       |       |           `--PLUS -> + [49:0]
    |       |       |               |--SINGLE_LINE_COMMENT -> // [47:1]
    |       |       |               |   `--COMMENT_CONTENT -> 46\n [47:3]
    |       |       |               |--IDENT -> i [48:0]
    |       |       |               |--SINGLE_LINE_COMMENT -> // [49:1]
    |       |       |               |   `--COMMENT_CONTENT -> 48\n [49:3]
    |       |       |               `--STRING_LITERAL -> "" [50:0]
    |       |       |--SINGLE_LINE_COMMENT -> // [50:2]
    |       |       |   `--COMMENT_CONTENT -> 49\n [50:4]
    |       |       |--SEMI -> ; [51:0]
    |       |       |--EXPR -> EXPR [57:0]
    |       |       |   |--SINGLE_LINE_COMMENT -> // [56:6]
    |       |       |   |   `--COMMENT_CONTENT -> 55\n [56:8]
    |       |       |   `--METHOD_CALL -> ( [57:0]
    |       |       |       |--SINGLE_LINE_COMMENT -> // [54:22]
    |       |       |       |   `--COMMENT_CONTENT -> 53\n [54:24]
    |       |       |       |--DOT -> . [55:0]
    |       |       |       |   |--SINGLE_LINE_COMMENT -> // [52:6]
    |       |       |       |   |   `--COMMENT_CONTENT -> 51\n [52:8]
    |       |       |       |   |--DOT -> . [53:0]
    |       |       |       |   |   |--SINGLE_LINE_COMMENT -> // [51:1]
    |       |       |       |   |   |   `--COMMENT_CONTENT -> 50\n [51:3]
    |       |       |       |   |   |--IDENT -> String [52:0]
    |       |       |       |   |   |--SINGLE_LINE_COMMENT -> // [53:1]
    |       |       |       |   |   |   `--COMMENT_CONTENT -> 52\n [53:3]
    |       |       |       |   |   `--IDENT -> CASE_INSENSITIVE_ORDER [54:0]
    |       |       |       |   |--SINGLE_LINE_COMMENT -> // [55:1]
    |       |       |       |   |   `--COMMENT_CONTENT -> 54\n [55:3]
    |       |       |       |   `--IDENT -> equals [56:0]
    |       |       |       |--ELIST -> ELIST [58:0]
    |       |       |       |   `--EXPR -> EXPR [58:0]
    |       |       |       |       |--SINGLE_LINE_COMMENT -> // [57:1]
    |       |       |       |       |   `--COMMENT_CONTENT -> 56\n [57:3]
    |       |       |       |       `--IDENT -> line [58:0]
    |       |       |       |--SINGLE_LINE_COMMENT -> // [58:4]
    |       |       |       |   `--COMMENT_CONTENT -> 57\n [58:6]
    |       |       |       `--RPAREN -> ) [59:0]
    |       |       |--SINGLE_LINE_COMMENT -> // [59:1]
    |       |       |   `--COMMENT_CONTENT -> 58\n [59:3]
    |       |       |--SEMI -> ; [60:0]
    |       |       |--SINGLE_LINE_COMMENT -> // [60:1]
    |       |       |   `--COMMENT_CONTENT -> 59\n [60:3]
    |       |       `--RCURLY -> } [61:0]
    |       |--SINGLE_LINE_COMMENT -> // [61:1]
    |       |   `--COMMENT_CONTENT -> 60\n [61:3]
    |       `--RCURLY -> } [62:0]
    |--SINGLE_LINE_COMMENT -> // [62:1]
    |   `--COMMENT_CONTENT -> 61\n [62:3]
    |--RCURLY -> } [63:0]
    |--SINGLE_LINE_COMMENT -> // [63:1]
    |   `--COMMENT_CONTENT -> 62\n [63:3]
    `--SINGLE_LINE_COMMENT -> // [64:0]
        `--COMMENT_CONTENT -> 63 [64:2]]
>
	at com.puppycrawl.tools.checkstyle.AstTreeStringPrinterTest.testAstTreeSingleLineComments(AstTreeStringPrinterTest.java:135)
]]></failure>
  </testcase>
  <testcase name="testAstTreeBlockComments" classname="com.puppycrawl.tools.checkstyle.AstTreeStringPrinterTest" time="0.016">
    <failure message="Generated AST from Java file should match pre-defined AST expected:&lt;...NT_BEGIN -&gt; /* [1:0][&#10;|--COMMENT_CONTENT -&gt; 0 [1:2]&#10;`--BLOCK_COMMENT_END -&gt; */ [1:2]&#10;BLOCK_COMMENT_BEGIN -&gt; /* [1:5]&#10;|--COMMENT_CONTENT -&gt; 1 [1:7]&#10;`--BLOCK_COMMENT_END -&gt; */ [1:7]&#10;PACKAGE_DEF -&gt; package [1:10]&#10;|--ANNOTATIONS -&gt; ANNOTATIONS [1:89]&#10;|--BLOCK_COMMENT_BEGIN -&gt; /* [1:84]&#10;|   |--COMMENT_CONTENT -&gt; 9 [1:86]&#10;|   `--BLOCK_COMMENT_END -&gt; */ [1:86]&#10;|--DOT -&gt; . [1:89]&#10;|   |--BLOCK_COMMENT_BEGIN -&gt; /* [1:63]&#10;|   |   |--COMMENT_CONTENT -&gt; 7 [1:65]&#10;|   |   `--BLOCK_COMMENT_END -&gt; */ [1:65]&#10;|   |--DOT -&gt; . [1:68]&#10;|   |   |--BLOCK_COMMENT_BEGIN -&gt; /* [1:47]&#10;|   |   |   |--COMMENT_CONTENT -&gt; 5 [1:49]&#10;|   |   |   `--BLOCK_COMMENT_END -&gt; */ [1:49]&#10;|   |   |--DOT -&gt; . [1:52]&#10;|   |   |   |--BLOCK_COMMENT_BEGIN -&gt; /* [1:26]&#10;|   |   |   |   |--COMMENT_CONTENT -&gt; 3 [1:28]&#10;|   |   |   |   `--BLOCK_COMMENT_END -&gt; */ [1:28]&#10;|   |   |   |--DOT -&gt; . [1:31]&#10;|   |   |   |   |--BLOCK_COMMENT_BEGIN -&gt; /* [1:17]&#10;|   |   |   |   |   |--COMMENT_CONTENT -&gt; 2 [1:19]&#10;|   |   |   |   |   `--BLOCK_COMMENT_END -&gt; */ [1:19]&#10;|   |   |   |   |--IDENT -&gt; com [1:23]&#10;|   |   |   |   |--BLOCK_COMMENT_BEGIN -&gt; /* [1:32]&#10;|   |   |   |   |   |--COMMENT_CONTENT -&gt; 4 [1:34]&#10;|   |   |   |   |   `--BLOCK_COMMENT_END -&gt; */ [1:34]&#10;|   |   |   |   `--IDENT -&gt; puppycrawl [1:37]&#10;|   |   |   |--BLOCK_COMMENT_BEGIN -&gt; /* [1:53]&#10;|   |   |   |   |--COMMENT_CONTENT -&gt; 6 [1:55]&#10;|   |   |   |   `--BLOCK_COMMENT_END -&gt; */ [1:55]&#10;|   |   |   `--IDENT -&gt; tools [1:58]&#10;|   |   |--BLOCK_COMMENT_BEGIN -&gt; /* [1:69]&#10;|   |   |   |--COMMENT_CONTENT -&gt; 8 [1:71]&#10;|   |   |   `--BLOCK_COMMENT_END -&gt; */ [1:71]&#10;|   |   `--IDENT -&gt; checkstyle [1:74]&#10;|   |--BLOCK_COMMENT_BEGIN -&gt; /* [1:90]&#10;|   |   |--COMMENT_CONTENT -&gt; 10 [1:92]&#10;|   |   `--BLOCK_COMMENT_END -&gt; */ [1:93]&#10;|   `--IDENT -&gt; asttreestringprinter [1:96]&#10;|--BLOCK_COMMENT_BEGIN -&gt; /* [1:116]&#10;|   |--COMMENT_CONTENT -&gt; 11 [1:118]&#10;|   `--BLOCK_COMMENT_END -&gt; */ [1:119]&#10;`--SEMI -&gt; ; [1:122]&#10;CLASS_DEF -&gt; CLASS_DEF [3:6]&#10;|--MODIFIERS -&gt; MODIFIERS [3:6]&#10;|   |--BLOCK_COMMENT_BEGIN -&gt; /* [1:123]&#10;|   |   |--COMMENT_CONTENT -&gt; 12 [1:125]&#10;|   |   `--BLOCK_COMMENT_END -&gt; */ [1:126]&#10;|   |--BLOCK_COMMENT_BEGIN -&gt; /* [2:0]&#10;|   |   |--COMMENT_CONTENT -&gt; 13 [2:2]&#10;|   |   `--BLOCK_COMMENT_END -&gt; */ [2:3]&#10;|   |--BLOCK_COMMENT_BEGIN -&gt; /* [3:0]&#10;|   |   |--COMMENT_CONTENT -&gt; 14 [3:2]&#10;|   |   `--BLOCK_COMMENT_END -&gt; */ [3:3]&#10;|   `--LITERAL_PUBLIC -&gt; public [3:6]&#10;|--BLOCK_COMMENT_BEGIN -&gt; /* [3:12]&#10;|   |--COMMENT_CONTENT -&gt; 15 [3:14]&#10;|   `--BLOCK_COMMENT_END -&gt; */ [3:15]&#10;|--LITERAL_CLASS -&gt; class [3:19]&#10;|--BLOCK_COMMENT_BEGIN -&gt; /* [3:25]&#10;|   |--COMMENT_CONTENT -&gt; 16 [3:27]&#10;|   `--BLOCK_COMMENT_END -&gt; */ [3:28]&#10;|--IDENT -&gt; InputAstTreeStringPrinterFullOfBlockComments [3:31]&#10;`--OBJBLOCK -&gt; OBJBLOCK [3:82]&#10;    |--BLOCK_COMMENT_BEGIN -&gt; /* [3:76]&#10;    |   |--COMMENT_CONTENT -&gt; 49 [3:78]&#10;    |   `--BLOCK_COMMENT_END -&gt; */ [3:79]&#10;    |--LCURLY -&gt; { [3:82]&#10;    |--METHOD_DEF -&gt; METHOD_DEF [5:7]&#10;    |   |--MODIFIERS -&gt; MODIFIERS [5:7]&#10;    |   |   |--BLOCK_COMMENT_BEGIN -&gt; /* [3:83]&#10;    |   |   |   |--COMMENT_CONTENT -&gt; 17 [3:85]&#10;    |   |   |   `--BLOCK_COMMENT_END -&gt; */ [3:86]&#10;    |   |   |--BLOCK_COMMENT_BEGIN -&gt; /* [4:1]&#10;    |   |   |   |--COMMENT_CONTENT -&gt; 18 [4:3]&#10;    |   |   |   `--BLOCK_COMMENT_END -&gt; */ [4:4]&#10;    |   |   |--BLOCK_COMMENT_BEGIN -&gt; /* [5:1]&#10;    |   |   |   |--COMMENT_CONTENT -&gt; 19 [5:3]&#10;    |   |   |   `--BLOCK_COMMENT_END -&gt; */ [5:4]&#10;    |   |   |--LITERAL_PUBLIC -&gt; public [5:7]&#10;    |   |   |--BLOCK_COMMENT_BEGIN -&gt; /* [5:13]&#10;    |   |   |   |--COMMENT_CONTENT -&gt; 20 [5:15]&#10;    |   |   |   `--BLOCK_COMMENT_END -&gt; */ [5:16]&#10;    |   |   `--LITERAL_STATIC -&gt; static [5:20]&#10;    |   |--TYPE -&gt; TYPE [7:3]&#10;    |   |   |--BLOCK_COMMENT_BEGIN -&gt; /* [5:26]&#10;    |   |   |   |--COMMENT_CONTENT -&gt; \n21\n [5:28]&#10;    |   |   |   `--BLOCK_COMMENT_END -&gt; */ [7:0]&#10;    |   |   `--IDENT -&gt; String [7:3]&#10;    |   |--BLOCK_COMMENT_BEGIN -&gt; /* [7:9]&#10;    |   |   |--COMMENT_CONTENT -&gt; 22 [7:11]&#10;    |   |   `--BLOCK_COMMENT_END -&gt; */ [7:12]&#10;    |   |--IDENT -&gt; main [7:16]&#10;    |   |--BLOCK_COMMENT_BEGIN -&gt; /* [7:20]&#10;    |   |   |--COMMENT_CONTENT -&gt; 23 [7:22]&#10;    |   |   `--BLOCK_COMMENT_END -&gt; */ [7:23]&#10;    |   |--LPAREN -&gt; ( [7:26]&#10;    |   |--PARAMETERS -&gt; PARAMETERS [7:45]&#10;    |   |   `--PARAMETER_DEF -&gt; PARAMETER_DEF [7:45]&#10;    |   |       |--MODIFIERS -&gt; MODIFIERS [7:45]&#10;    |   |       |--TYPE -&gt; TYPE [7:45]&#10;    |   |       |   |--BLOCK_COMMENT_BEGIN -&gt; /* [7:39]&#10;    |   |       |   |   |--COMMENT_CONTENT -&gt; 25 [7:41]&#10;    |   |       |   |   `--BLOCK_COMMENT_END -&gt; */ [7:42]&#10;    |   |       |   `--ARRAY_DECLARATOR -&gt; [ [7:45]&#10;    |   |       |       |--BLOCK_COMMENT_BEGIN -&gt; /* [7:27]&#10;    |   |       |       |   |--COMMENT_CONTENT -&gt; 24 [7:29]&#10;    |   |       |       |   `--BLOCK_COMMENT_END -&gt; */ [7:30]&#10;    |   |       |       |--IDENT -&gt; String [7:33]&#10;    |   |       |       |--BLOCK_COMMENT_BEGIN -&gt; /* [7:46]&#10;    |   |       |       |   |--COMMENT_CONTENT -&gt; 26 [7:48]&#10;    |   |       |       |   `--BLOCK_COMMENT_END -&gt; */ [7:49]&#10;    |   |       |       `--RBRACK -&gt; ] [7:52]&#10;    |   |       |--BLOCK_COMMENT_BEGIN -&gt; /* [7:53]&#10;    |   |       |   |--COMMENT_CONTENT -&gt; 27 [7:55]&#10;    |   |       |   `--BLOCK_COMMENT_END -&gt; */ [7:56]&#10;    |   |       `--IDENT -&gt; args [7:60]&#10;    |   |--BLOCK_COMMENT_BEGIN -&gt; /* [7:64]&#10;    |   |   |--COMMENT_CONTENT -&gt; 28 [7:66]&#10;    |   |   `--BLOCK_COMMENT_END -&gt; */ [7:67]&#10;    |   |--RPAREN -&gt; ) [7:70]&#10;    |   |--BLOCK_COMMENT_BEGIN -&gt; /* [7:71]&#10;    |   |   |--COMMENT_CONTENT -&gt; 29 [7:73]&#10;    |   |   `--BLOCK_COMMENT_END -&gt; */ [7:74]&#10;    |   `--SLIST -&gt; { [7:78]&#10;    |       |--VARIABLE_DEF -&gt; VARIABLE_DEF [8:8]&#10;    |       |   |--MODIFIERS -&gt; MODIFIERS [8:8]&#10;    |       |   |--TYPE -&gt; TYPE [8:8]&#10;    |       |   |   |--BLOCK_COMMENT_BEGIN -&gt; /* [7:79]&#10;    |       |   |   |   |--COMMENT_CONTENT -&gt; 30 [7:81]&#10;    |       |   |   |   `--BLOCK_COMMENT_END -&gt; */ [7:82]&#10;    |       |   |   |--BLOCK_COMMENT_BEGIN -&gt; /* [8:2]&#10;    |       |   |   |   |--COMMENT_CONTENT -&gt; 31 [8:4]&#10;    |       |   |   |   `--BLOCK_COMMENT_END -&gt; */ [8:5]&#10;    |       |   |   `--IDENT -&gt; String [8:8]&#10;    |       |   |--BLOCK_COMMENT_BEGIN -&gt; /* [8:15]&#10;    |       |   |   |--COMMENT_CONTENT -&gt; 32 [8:17]&#10;    |       |   |   `--BLOCK_COMMENT_END -&gt; */ [8:18]&#10;    |       |   |--IDENT -&gt; line [8:21]&#10;    |       |   |--BLOCK_COMMENT_BEGIN -&gt; /* [8:26]&#10;    |       |   |   |--COMMENT_CONTENT -&gt; 33 [8:28]&#10;    |       |   |   `--BLOCK_COMMENT_END -&gt; */ [8:29]&#10;    |       |   `--ASSIGN -&gt; = [8:32]&#10;    |       |       `--EXPR -&gt; EXPR [8:40]&#10;    |       |           |--BLOCK_COMMENT_BEGIN -&gt; /* [8:34]&#10;    |       |           |   |--COMMENT_CONTENT -&gt; 34 [8:36]&#10;    |       |           |   `--BLOCK_COMMENT_END -&gt; */ [8:37]&#10;    |       |           `--STRING_LITERAL -&gt; &quot;/*I&apos;m NOT comment*/blabla&quot; [8:40]&#10;    |       |--BLOCK_COMMENT_BEGIN -&gt; /* [8:67]&#10;    |       |   |--COMMENT_CONTENT -&gt; 35 [8:69]&#10;    |       |   `--BLOCK_COMMENT_END -&gt; */ [8:70]&#10;    |       |--SEMI -&gt; ; [8:73]&#10;    |       |--EXPR -&gt; EXPR [9:78]&#10;    |       |   |--BLOCK_COMMENT_BEGIN -&gt; /* [9:72]&#10;    |       |   |   |--COMMENT_CONTENT -&gt; 42 [9:74]&#10;    |       |   |   `--BLOCK_COMMENT_END -&gt; */ [9:75]&#10;    |       |   `--METHOD_CALL -&gt; ( [9:78]&#10;    |       |       |--BLOCK_COMMENT_BEGIN -&gt; /* [9:53]&#10;    |       |       |   |--COMMENT_CONTENT -&gt; 40 [9:55]&#10;    |       |       |   `--BLOCK_COMMENT_END -&gt; */ [9:56]&#10;    |       |       |--DOT -&gt; . [9:59]&#10;    |       |       |   |--BLOCK_COMMENT_BEGIN -&gt; /* [9:14]&#10;    |       |       |   |   |--COMMENT_CONTENT -&gt; 38 [9:16]&#10;    |       |       |   |   `--BLOCK_COMMENT_END -&gt; */ [9:17]&#10;    |       |       |   |--DOT -&gt; . [9:20]&#10;    |       |       |   |   |--BLOCK_COMMENT_BEGIN -&gt; /* [8:74]&#10;    |       |       |   |   |   |--COMMENT_CONTENT -&gt; 36 [8:76]&#10;    |       |       |   |   |   `--BLOCK_COMMENT_END -&gt; */ [8:77]&#10;    |       |       |   |   |--BLOCK_COMMENT_BEGIN -&gt; /* [9:2]&#10;    |       |       |   |   |   |--COMMENT_CONTENT -&gt; 37 [9:4]&#10;    |       |       |   |   |   `--BLOCK_COMMENT_END -&gt; */ [9:5]&#10;    |       |       |   |   |--IDENT -&gt; String [9:8]&#10;    |       |       |   |   |--BLOCK_COMMENT_BEGIN -&gt; /* [9:21]&#10;    |       |       |   |   |   |--COMMENT_CONTENT -&gt;   39   [9:23]&#10;    |       |       |   |   |   `--BLOCK_COMMENT_END -&gt; */ [9:28]&#10;    |       |       |   |   `--IDENT -&gt; CASE_INSENSITIVE_ORDER [9:31]&#10;    |       |       |   |--BLOCK_COMMENT_BEGIN -&gt; /* [9:60]&#10;    |       |       |   |   |--COMMENT_CONTENT -&gt; 41 [9:62]&#10;    |       |       |   |   `--BLOCK_COMMENT_END -&gt; */ [9:63]&#10;    |       |       |   `--IDENT -&gt; equals [9:66]&#10;    |       |       |--ELIST -&gt; ELIST [9:85]&#10;    |       |       |   `--EXPR -&gt; EXPR [9:85]&#10;    |       |       |       |--BLOCK_COMMENT_BEGIN -&gt; /* [9:79]&#10;    |       |       |       |   |--COMMENT_CONTENT -&gt; 43 [9:81]&#10;    |       |       |       |   `--BLOCK_COMMENT_END -&gt; */ [9:82]&#10;    |       |       |       `--IDENT -&gt; line [9:85]&#10;    |       |       |--BLOCK_COMMENT_BEGIN -&gt; /* [9:89]&#10;    |       |       |   |--COMMENT_CONTENT -&gt; 44 [9:91]&#10;    |       |       |   `--BLOCK_COMMENT_END -&gt; */ [9:92]&#10;    |       |       `--RPAREN -&gt; ) [9:95]&#10;    |       |--BLOCK_COMMENT_BEGIN -&gt; /* [9:96]&#10;    |       |   |--COMMENT_CONTENT -&gt; 45 [9:98]&#10;    |       |   `--BLOCK_COMMENT_END -&gt; */ [9:99]&#10;    |       |--SEMI -&gt; ; [9:102]&#10;    |       |--VARIABLE_DEF -&gt; VARIABLE_DEF [10:9]&#10;    |       |   |--MODIFIERS -&gt; MODIFIERS [10:9]&#10;    |       |   |--TYPE -&gt; TYPE [10:9]&#10;    |       |   |   `--ARRAY_DECLARATOR -&gt; [ [10:9]&#10;    |       |   |       |--BLOCK_COMMENT_BEGIN -&gt; /* [9:103]&#10;    |       |   |       |   |--COMMENT_CONTENT -&gt; 46 [9:105]&#10;    |       |   |       |   `--BLOCK_COMMENT_END -&gt; */ [9:106]&#10;    |       |   |       |--IDENT -&gt; Integer [10:2]&#10;    |       |   |       `--RBRACK -&gt; ] [10:10]&#10;    |       |   |--IDENT -&gt; array [10:12]&#10;    |       |   `--ASSIGN -&gt; = [10:18]&#10;    |       |       `--EXPR -&gt; EXPR [10:20]&#10;    |       |           `--LITERAL_NULL -&gt; null [10:20]&#10;    |       |--SEMI -&gt; ; [10:24]&#10;    |       |--BLOCK_COMMENT_BEGIN -&gt; /* [11:2]&#10;    |       |   |--COMMENT_CONTENT -&gt; 50 [11:4]&#10;    |       |   `--BLOCK_COMMENT_END -&gt; */ [11:5]&#10;    |       |--LITERAL_FOR -&gt; for [11:8]&#10;    |       |   |--BLOCK_COMMENT_BEGIN -&gt; /* [11:11]&#10;    |       |   |   |--COMMENT_CONTENT -&gt; 51 [11:13]&#10;    |       |   |   `--BLOCK_COMMENT_END -&gt; */ [11:14]&#10;    |       |   |--LPAREN -&gt; ( [11:18]&#10;    |       |   |--FOR_EACH_CLAUSE -&gt; FOR_EACH_CLAUSE [11:25]&#10;    |       |   |   |--VARIABLE_DEF -&gt; VARIABLE_DEF [11:25]&#10;    |       |   |   |   |--MODIFIERS -&gt; MODIFIERS [11:25]&#10;    |       |   |   |   |--TYPE -&gt; TYPE [11:25]&#10;    |       |   |   |   |   |--BLOCK_COMMENT_BEGIN -&gt; /* [11:19]&#10;    |       |   |   |   |   |   |--COMMENT_CONTENT -&gt; 52 [11:21]&#10;    |       |   |   |   |   |   `--BLOCK_COMMENT_END -&gt; */ [11:22]&#10;    |       |   |   |   |   `--IDENT -&gt; Integer [11:25]&#10;    |       |   |   |   |--BLOCK_COMMENT_BEGIN -&gt; /* [11:32]&#10;    |       |   |   |   |   |--COMMENT_CONTENT -&gt; 53 [11:34]&#10;    |       |   |   |   |   `--BLOCK_COMMENT_END -&gt; */ [11:35]&#10;    |       |   |   |   `--IDENT -&gt; i [11:39]&#10;    |       |   |   |--BLOCK_COMMENT_BEGIN -&gt; /* [11:40]&#10;    |       |   |   |   |--COMMENT_CONTENT -&gt; 54 [11:42]&#10;    |       |   |   |   `--BLOCK_COMMENT_END -&gt; */ [11:43]&#10;    |       |   |   |--COLON -&gt; : [11:46]&#10;    |       |   |   `--EXPR -&gt; EXPR [11:54]&#10;    |       |   |       |--BLOCK_COMMENT_BEGIN -&gt; /* [11:47]&#10;    |       |   |       |   |--COMMENT_CONTENT -&gt; 55 [11:49]&#10;    |       |   |       |   `--BLOCK_COMMENT_END -&gt; */ [11:50]&#10;    |       |   |       `--IDENT -&gt; array [11:54]&#10;    |       |   |--BLOCK_COMMENT_BEGIN -&gt; /* [11:59]&#10;    |       |   |   |--COMMENT_CONTENT -&gt; 56 [11:61]&#10;    |       |   |   `--BLOCK_COMMENT_END -&gt; */ [11:62]&#10;    |       |   |--RPAREN -&gt; ) [11:65]&#10;    |       |   |--BLOCK_COMMENT_BEGIN -&gt; /* [11:66]&#10;    |       |   |   |--COMMENT_CONTENT -&gt; 57 [11:68]&#10;    |       |   |   `--BLOCK_COMMENT_END -&gt; */ [11:69]&#10;    |       |   `--SLIST -&gt; { [11:73]&#10;    |       |       |--BLOCK_COMMENT_BEGIN -&gt; /* [11:74]&#10;    |       |       |   |--COMMENT_CONTENT -&gt; 58 [11:76]&#10;    |       |       |   `--BLOCK_COMMENT_END -&gt; */ [11:77]&#10;    |       |       |--BLOCK_COMMENT_BEGIN -&gt; /* [12:6]&#10;    |       |       |   |--COMMENT_CONTENT -&gt; 59 [12:8]&#10;    |       |       |   `--BLOCK_COMMENT_END -&gt; */ [12:9]&#10;    |       |       `--RCURLY -&gt; } [13:2]&#10;    |       |--BLOCK_COMMENT_BEGIN -&gt; /* [13:3]&#10;    |       |   |--COMMENT_CONTENT -&gt; 60 [13:5]&#10;    |       |   `--BLOCK_COMMENT_END -&gt; */ [13:6]&#10;    |       |--LITERAL_RETURN -&gt; return [14:2]&#10;    |       |   |--EXPR -&gt; EXPR [14:9]&#10;    |       |   |   `--IDENT -&gt; line [14:9]&#10;    |       |   `--SEMI -&gt; ; [14:13]&#10;    |       `--RCURLY -&gt; } [15:1]&#10;    |--BLOCK_COMMENT_BEGIN -&gt; /* [15:2]&#10;    |   |--COMMENT_CONTENT -&gt; 47 [15:4]&#10;    |   `--BLOCK_COMMENT_END -&gt; */ [15:5]&#10;    |--RCURLY -&gt; } [16:0]&#10;    |--BLOCK_COMMENT_BEGIN -&gt; /* [16:1]&#10;    |   |--COMMENT_CONTENT -&gt; 48 [16:3]&#10;    |   `--BLOCK_COMMENT_END -&gt; */ [16:4]&#10;    `--BLOCK_COMMENT_BEGIN -&gt; /* [17:0]&#10;        |--COMMENT_CONTENT -&gt; 61 [17:2]&#10;        `--BLOCK_COMMENT_END -&gt; */ [17:3]]&#10;&gt; but was:&lt;...NT_BEGIN -&gt; /* [1:0][&#10;|--COMMENT_CONTENT -&gt; 0 [1:2]&#10;`--BLOCK_COMMENT_END -&gt; */ [1:2]&#10;BLOCK_COMMENT_BEGIN -&gt; /* [1:5]&#10;|--COMMENT_CONTENT -&gt; 1 [1:7]&#10;`--BLOCK_COMMENT_END -&gt; */ [1:7]&#10;PACKAGE_DEF -&gt; package [1:10]&#10;|--ANNOTATIONS -&gt; ANNOTATIONS [1:89]&#10;|--BLOCK_COMMENT_BEGIN -&gt; /* [1:84]&#10;|   |--COMMENT_CONTENT -&gt; 9 [1:86]&#10;|   `--BLOCK_COMMENT_END -&gt; */ [1:86]&#10;|--DOT -&gt; . [1:89]&#10;|   |--BLOCK_COMMENT_BEGIN -&gt; /* [1:63]&#10;|   |   |--COMMENT_CONTENT -&gt; 7 [1:65]&#10;|   |   `--BLOCK_COMMENT_END -&gt; */ [1:65]&#10;|   |--DOT -&gt; . [1:68]&#10;|   |   |--BLOCK_COMMENT_BEGIN -&gt; /* [1:47]&#10;|   |   |   |--COMMENT_CONTENT -&gt; 5 [1:49]&#10;|   |   |   `--BLOCK_COMMENT_END -&gt; */ [1:49]&#10;|   |   |--DOT -&gt; . [1:52]&#10;|   |   |   |--BLOCK_COMMENT_BEGIN -&gt; /* [1:26]&#10;|   |   |   |   |--COMMENT_CONTENT -&gt; 3 [1:28]&#10;|   |   |   |   `--BLOCK_COMMENT_END -&gt; */ [1:28]&#10;|   |   |   |--DOT -&gt; . [1:31]&#10;|   |   |   |   |--BLOCK_COMMENT_BEGIN -&gt; /* [1:17]&#10;|   |   |   |   |   |--COMMENT_CONTENT -&gt; 2 [1:19]&#10;|   |   |   |   |   `--BLOCK_COMMENT_END -&gt; */ [1:19]&#10;|   |   |   |   |--IDENT -&gt; com [1:23]&#10;|   |   |   |   |--BLOCK_COMMENT_BEGIN -&gt; /* [1:32]&#10;|   |   |   |   |   |--COMMENT_CONTENT -&gt; 4 [1:34]&#10;|   |   |   |   |   `--BLOCK_COMMENT_END -&gt; */ [1:34]&#10;|   |   |   |   `--IDENT -&gt; puppycrawl [1:37]&#10;|   |   |   |--BLOCK_COMMENT_BEGIN -&gt; /* [1:53]&#10;|   |   |   |   |--COMMENT_CONTENT -&gt; 6 [1:55]&#10;|   |   |   |   `--BLOCK_COMMENT_END -&gt; */ [1:55]&#10;|   |   |   `--IDENT -&gt; tools [1:58]&#10;|   |   |--BLOCK_COMMENT_BEGIN -&gt; /* [1:69]&#10;|   |   |   |--COMMENT_CONTENT -&gt; 8 [1:71]&#10;|   |   |   `--BLOCK_COMMENT_END -&gt; */ [1:71]&#10;|   |   `--IDENT -&gt; checkstyle [1:74]&#10;|   |--BLOCK_COMMENT_BEGIN -&gt; /* [1:90]&#10;|   |   |--COMMENT_CONTENT -&gt; 10 [1:92]&#10;|   |   `--BLOCK_COMMENT_END -&gt; */ [1:93]&#10;|   `--IDENT -&gt; asttreestringprinter [1:96]&#10;|--BLOCK_COMMENT_BEGIN -&gt; /* [1:116]&#10;|   |--COMMENT_CONTENT -&gt; 11 [1:118]&#10;|   `--BLOCK_COMMENT_END -&gt; */ [1:119]&#10;`--SEMI -&gt; ; [1:122]&#10;CLASS_DEF -&gt; CLASS_DEF [3:6]&#10;|--MODIFIERS -&gt; MODIFIERS [3:6]&#10;|   |--BLOCK_COMMENT_BEGIN -&gt; /* [1:123]&#10;|   |   |--COMMENT_CONTENT -&gt; 12 [1:125]&#10;|   |   `--BLOCK_COMMENT_END -&gt; */ [1:126]&#10;|   |--BLOCK_COMMENT_BEGIN -&gt; /* [2:0]&#10;|   |   |--COMMENT_CONTENT -&gt; 13 [2:2]&#10;|   |   `--BLOCK_COMMENT_END -&gt; */ [2:3]&#10;|   |--BLOCK_COMMENT_BEGIN -&gt; /* [3:0]&#10;|   |   |--COMMENT_CONTENT -&gt; 14 [3:2]&#10;|   |   `--BLOCK_COMMENT_END -&gt; */ [3:3]&#10;|   `--LITERAL_PUBLIC -&gt; public [3:6]&#10;|--BLOCK_COMMENT_BEGIN -&gt; /* [3:12]&#10;|   |--COMMENT_CONTENT -&gt; 15 [3:14]&#10;|   `--BLOCK_COMMENT_END -&gt; */ [3:15]&#10;|--LITERAL_CLASS -&gt; class [3:19]&#10;|--BLOCK_COMMENT_BEGIN -&gt; /* [3:25]&#10;|   |--COMMENT_CONTENT -&gt; 16 [3:27]&#10;|   `--BLOCK_COMMENT_END -&gt; */ [3:28]&#10;|--IDENT -&gt; InputAstTreeStringPrinterFullOfBlockComments [3:31]&#10;`--OBJBLOCK -&gt; OBJBLOCK [3:82]&#10;    |--BLOCK_COMMENT_BEGIN -&gt; /* [3:76]&#10;    |   |--COMMENT_CONTENT -&gt; 49 [3:78]&#10;    |   `--BLOCK_COMMENT_END -&gt; */ [3:79]&#10;    |--LCURLY -&gt; { [3:82]&#10;    |--METHOD_DEF -&gt; METHOD_DEF [5:7]&#10;    |   |--MODIFIERS -&gt; MODIFIERS [5:7]&#10;    |   |   |--BLOCK_COMMENT_BEGIN -&gt; /* [3:83]&#10;    |   |   |   |--COMMENT_CONTENT -&gt; 17 [3:85]&#10;    |   |   |   `--BLOCK_COMMENT_END -&gt; */ [3:86]&#10;    |   |   |--BLOCK_COMMENT_BEGIN -&gt; /* [4:1]&#10;    |   |   |   |--COMMENT_CONTENT -&gt; 18 [4:3]&#10;    |   |   |   `--BLOCK_COMMENT_END -&gt; */ [4:4]&#10;    |   |   |--BLOCK_COMMENT_BEGIN -&gt; /* [5:1]&#10;    |   |   |   |--COMMENT_CONTENT -&gt; 19 [5:3]&#10;    |   |   |   `--BLOCK_COMMENT_END -&gt; */ [5:4]&#10;    |   |   |--LITERAL_PUBLIC -&gt; public [5:7]&#10;    |   |   |--BLOCK_COMMENT_BEGIN -&gt; /* [5:13]&#10;    |   |   |   |--COMMENT_CONTENT -&gt; 20 [5:15]&#10;    |   |   |   `--BLOCK_COMMENT_END -&gt; */ [5:16]&#10;    |   |   `--LITERAL_STATIC -&gt; static [5:20]&#10;    |   |--TYPE -&gt; TYPE [7:3]&#10;    |   |   |--BLOCK_COMMENT_BEGIN -&gt; /* [5:26]&#10;    |   |   |   |--COMMENT_CONTENT -&gt; \n21\n [5:28]&#10;    |   |   |   `--BLOCK_COMMENT_END -&gt; */ [7:0]&#10;    |   |   `--IDENT -&gt; String [7:3]&#10;    |   |--BLOCK_COMMENT_BEGIN -&gt; /* [7:9]&#10;    |   |   |--COMMENT_CONTENT -&gt; 22 [7:11]&#10;    |   |   `--BLOCK_COMMENT_END -&gt; */ [7:12]&#10;    |   |--IDENT -&gt; main [7:16]&#10;    |   |--BLOCK_COMMENT_BEGIN -&gt; /* [7:20]&#10;    |   |   |--COMMENT_CONTENT -&gt; 23 [7:22]&#10;    |   |   `--BLOCK_COMMENT_END -&gt; */ [7:23]&#10;    |   |--LPAREN -&gt; ( [7:26]&#10;    |   |--PARAMETERS -&gt; PARAMETERS [7:45]&#10;    |   |   `--PARAMETER_DEF -&gt; PARAMETER_DEF [7:45]&#10;    |   |       |--MODIFIERS -&gt; MODIFIERS [7:45]&#10;    |   |       |--TYPE -&gt; TYPE [7:45]&#10;    |   |       |   |--BLOCK_COMMENT_BEGIN -&gt; /* [7:39]&#10;    |   |       |   |   |--COMMENT_CONTENT -&gt; 25 [7:41]&#10;    |   |       |   |   `--BLOCK_COMMENT_END -&gt; */ [7:42]&#10;    |   |       |   `--ARRAY_DECLARATOR -&gt; [ [7:45]&#10;    |   |       |       |--BLOCK_COMMENT_BEGIN -&gt; /* [7:27]&#10;    |   |       |       |   |--COMMENT_CONTENT -&gt; 24 [7:29]&#10;    |   |       |       |   `--BLOCK_COMMENT_END -&gt; */ [7:30]&#10;    |   |       |       |--IDENT -&gt; String [7:33]&#10;    |   |       |       |--BLOCK_COMMENT_BEGIN -&gt; /* [7:46]&#10;    |   |       |       |   |--COMMENT_CONTENT -&gt; 26 [7:48]&#10;    |   |       |       |   `--BLOCK_COMMENT_END -&gt; */ [7:49]&#10;    |   |       |       `--RBRACK -&gt; ] [7:52]&#10;    |   |       |--BLOCK_COMMENT_BEGIN -&gt; /* [7:53]&#10;    |   |       |   |--COMMENT_CONTENT -&gt; 27 [7:55]&#10;    |   |       |   `--BLOCK_COMMENT_END -&gt; */ [7:56]&#10;    |   |       `--IDENT -&gt; args [7:60]&#10;    |   |--BLOCK_COMMENT_BEGIN -&gt; /* [7:64]&#10;    |   |   |--COMMENT_CONTENT -&gt; 28 [7:66]&#10;    |   |   `--BLOCK_COMMENT_END -&gt; */ [7:67]&#10;    |   |--RPAREN -&gt; ) [7:70]&#10;    |   |--BLOCK_COMMENT_BEGIN -&gt; /* [7:71]&#10;    |   |   |--COMMENT_CONTENT -&gt; 29 [7:73]&#10;    |   |   `--BLOCK_COMMENT_END -&gt; */ [7:74]&#10;    |   `--SLIST -&gt; { [7:78]&#10;    |       |--VARIABLE_DEF -&gt; VARIABLE_DEF [8:8]&#10;    |       |   |--MODIFIERS -&gt; MODIFIERS [8:8]&#10;    |       |   |--TYPE -&gt; TYPE [8:8]&#10;    |       |   |   |--BLOCK_COMMENT_BEGIN -&gt; /* [7:79]&#10;    |       |   |   |   |--COMMENT_CONTENT -&gt; 30 [7:81]&#10;    |       |   |   |   `--BLOCK_COMMENT_END -&gt; */ [7:82]&#10;    |       |   |   |--BLOCK_COMMENT_BEGIN -&gt; /* [8:2]&#10;    |       |   |   |   |--COMMENT_CONTENT -&gt; 31 [8:4]&#10;    |       |   |   |   `--BLOCK_COMMENT_END -&gt; */ [8:5]&#10;    |       |   |   `--IDENT -&gt; String [8:8]&#10;    |       |   |--BLOCK_COMMENT_BEGIN -&gt; /* [8:15]&#10;    |       |   |   |--COMMENT_CONTENT -&gt; 32 [8:17]&#10;    |       |   |   `--BLOCK_COMMENT_END -&gt; */ [8:18]&#10;    |       |   |--IDENT -&gt; line [8:21]&#10;    |       |   |--BLOCK_COMMENT_BEGIN -&gt; /* [8:26]&#10;    |       |   |   |--COMMENT_CONTENT -&gt; 33 [8:28]&#10;    |       |   |   `--BLOCK_COMMENT_END -&gt; */ [8:29]&#10;    |       |   `--ASSIGN -&gt; = [8:32]&#10;    |       |       `--EXPR -&gt; EXPR [8:40]&#10;    |       |           |--BLOCK_COMMENT_BEGIN -&gt; /* [8:34]&#10;    |       |           |   |--COMMENT_CONTENT -&gt; 34 [8:36]&#10;    |       |           |   `--BLOCK_COMMENT_END -&gt; */ [8:37]&#10;    |       |           `--STRING_LITERAL -&gt; &quot;/*I&apos;m NOT comment*/blabla&quot; [8:40]&#10;    |       |--BLOCK_COMMENT_BEGIN -&gt; /* [8:67]&#10;    |       |   |--COMMENT_CONTENT -&gt; 35 [8:69]&#10;    |       |   `--BLOCK_COMMENT_END -&gt; */ [8:70]&#10;    |       |--SEMI -&gt; ; [8:73]&#10;    |       |--EXPR -&gt; EXPR [9:78]&#10;    |       |   |--BLOCK_COMMENT_BEGIN -&gt; /* [9:72]&#10;    |       |   |   |--COMMENT_CONTENT -&gt; 42 [9:74]&#10;    |       |   |   `--BLOCK_COMMENT_END -&gt; */ [9:75]&#10;    |       |   `--METHOD_CALL -&gt; ( [9:78]&#10;    |       |       |--BLOCK_COMMENT_BEGIN -&gt; /* [9:53]&#10;    |       |       |   |--COMMENT_CONTENT -&gt; 40 [9:55]&#10;    |       |       |   `--BLOCK_COMMENT_END -&gt; */ [9:56]&#10;    |       |       |--DOT -&gt; . [9:59]&#10;    |       |       |   |--BLOCK_COMMENT_BEGIN -&gt; /* [9:14]&#10;    |       |       |   |   |--COMMENT_CONTENT -&gt; 38 [9:16]&#10;    |       |       |   |   `--BLOCK_COMMENT_END -&gt; */ [9:17]&#10;    |       |       |   |--DOT -&gt; . [9:20]&#10;    |       |       |   |   |--BLOCK_COMMENT_BEGIN -&gt; /* [8:74]&#10;    |       |       |   |   |   |--COMMENT_CONTENT -&gt; 36 [8:76]&#10;    |       |       |   |   |   `--BLOCK_COMMENT_END -&gt; */ [8:77]&#10;    |       |       |   |   |--BLOCK_COMMENT_BEGIN -&gt; /* [9:2]&#10;    |       |       |   |   |   |--COMMENT_CONTENT -&gt; 37 [9:4]&#10;    |       |       |   |   |   `--BLOCK_COMMENT_END -&gt; */ [9:5]&#10;    |       |       |   |   |--IDENT -&gt; String [9:8]&#10;    |       |       |   |   |--BLOCK_COMMENT_BEGIN -&gt; /* [9:21]&#10;    |       |       |   |   |   |--COMMENT_CONTENT -&gt;   39   [9:23]&#10;    |       |       |   |   |   `--BLOCK_COMMENT_END -&gt; */ [9:28]&#10;    |       |       |   |   `--IDENT -&gt; CASE_INSENSITIVE_ORDER [9:31]&#10;    |       |       |   |--BLOCK_COMMENT_BEGIN -&gt; /* [9:60]&#10;    |       |       |   |   |--COMMENT_CONTENT -&gt; 41 [9:62]&#10;    |       |       |   |   `--BLOCK_COMMENT_END -&gt; */ [9:63]&#10;    |       |       |   `--IDENT -&gt; equals [9:66]&#10;    |       |       |--ELIST -&gt; ELIST [9:85]&#10;    |       |       |   `--EXPR -&gt; EXPR [9:85]&#10;    |       |       |       |--BLOCK_COMMENT_BEGIN -&gt; /* [9:79]&#10;    |       |       |       |   |--COMMENT_CONTENT -&gt; 43 [9:81]&#10;    |       |       |       |   `--BLOCK_COMMENT_END -&gt; */ [9:82]&#10;    |       |       |       `--IDENT -&gt; line [9:85]&#10;    |       |       |--BLOCK_COMMENT_BEGIN -&gt; /* [9:89]&#10;    |       |       |   |--COMMENT_CONTENT -&gt; 44 [9:91]&#10;    |       |       |   `--BLOCK_COMMENT_END -&gt; */ [9:92]&#10;    |       |       `--RPAREN -&gt; ) [9:95]&#10;    |       |--BLOCK_COMMENT_BEGIN -&gt; /* [9:96]&#10;    |       |   |--COMMENT_CONTENT -&gt; 45 [9:98]&#10;    |       |   `--BLOCK_COMMENT_END -&gt; */ [9:99]&#10;    |       |--SEMI -&gt; ; [9:102]&#10;    |       |--VARIABLE_DEF -&gt; VARIABLE_DEF [10:9]&#10;    |       |   |--MODIFIERS -&gt; MODIFIERS [10:9]&#10;    |       |   |--TYPE -&gt; TYPE [10:9]&#10;    |       |   |   `--ARRAY_DECLARATOR -&gt; [ [10:9]&#10;    |       |   |       |--BLOCK_COMMENT_BEGIN -&gt; /* [9:103]&#10;    |       |   |       |   |--COMMENT_CONTENT -&gt; 46 [9:105]&#10;    |       |   |       |   `--BLOCK_COMMENT_END -&gt; */ [9:106]&#10;    |       |   |       |--IDENT -&gt; Integer [10:2]&#10;    |       |   |       `--RBRACK -&gt; ] [10:10]&#10;    |       |   |--IDENT -&gt; array [10:12]&#10;    |       |   `--ASSIGN -&gt; = [10:18]&#10;    |       |       `--EXPR -&gt; EXPR [10:20]&#10;    |       |           `--LITERAL_NULL -&gt; null [10:20]&#10;    |       |--SEMI -&gt; ; [10:24]&#10;    |       |--BLOCK_COMMENT_BEGIN -&gt; /* [11:2]&#10;    |       |   |--COMMENT_CONTENT -&gt; 50 [11:4]&#10;    |       |   `--BLOCK_COMMENT_END -&gt; */ [11:5]&#10;    |       |--LITERAL_FOR -&gt; for [11:8]&#10;    |       |   |--BLOCK_COMMENT_BEGIN -&gt; /* [11:11]&#10;    |       |   |   |--COMMENT_CONTENT -&gt; 51 [11:13]&#10;    |       |   |   `--BLOCK_COMMENT_END -&gt; */ [11:14]&#10;    |       |   |--LPAREN -&gt; ( [11:18]&#10;    |       |   |--FOR_EACH_CLAUSE -&gt; FOR_EACH_CLAUSE [11:25]&#10;    |       |   |   |--VARIABLE_DEF -&gt; VARIABLE_DEF [11:25]&#10;    |       |   |   |   |--MODIFIERS -&gt; MODIFIERS [11:25]&#10;    |       |   |   |   |--TYPE -&gt; TYPE [11:25]&#10;    |       |   |   |   |   |--BLOCK_COMMENT_BEGIN -&gt; /* [11:19]&#10;    |       |   |   |   |   |   |--COMMENT_CONTENT -&gt; 52 [11:21]&#10;    |       |   |   |   |   |   `--BLOCK_COMMENT_END -&gt; */ [11:22]&#10;    |       |   |   |   |   `--IDENT -&gt; Integer [11:25]&#10;    |       |   |   |   |--BLOCK_COMMENT_BEGIN -&gt; /* [11:32]&#10;    |       |   |   |   |   |--COMMENT_CONTENT -&gt; 53 [11:34]&#10;    |       |   |   |   |   `--BLOCK_COMMENT_END -&gt; */ [11:35]&#10;    |       |   |   |   `--IDENT -&gt; i [11:39]&#10;    |       |   |   |--BLOCK_COMMENT_BEGIN -&gt; /* [11:40]&#10;    |       |   |   |   |--COMMENT_CONTENT -&gt; 54 [11:42]&#10;    |       |   |   |   `--BLOCK_COMMENT_END -&gt; */ [11:43]&#10;    |       |   |   |--COLON -&gt; : [11:46]&#10;    |       |   |   `--EXPR -&gt; EXPR [11:54]&#10;    |       |   |       |--BLOCK_COMMENT_BEGIN -&gt; /* [11:47]&#10;    |       |   |       |   |--COMMENT_CONTENT -&gt; 55 [11:49]&#10;    |       |   |       |   `--BLOCK_COMMENT_END -&gt; */ [11:50]&#10;    |       |   |       `--IDENT -&gt; array [11:54]&#10;    |       |   |--BLOCK_COMMENT_BEGIN -&gt; /* [11:59]&#10;    |       |   |   |--COMMENT_CONTENT -&gt; 56 [11:61]&#10;    |       |   |   `--BLOCK_COMMENT_END -&gt; */ [11:62]&#10;    |       |   |--RPAREN -&gt; ) [11:65]&#10;    |       |   |--BLOCK_COMMENT_BEGIN -&gt; /* [11:66]&#10;    |       |   |   |--COMMENT_CONTENT -&gt; 57 [11:68]&#10;    |       |   |   `--BLOCK_COMMENT_END -&gt; */ [11:69]&#10;    |       |   `--SLIST -&gt; { [11:73]&#10;    |       |       |--BLOCK_COMMENT_BEGIN -&gt; /* [11:74]&#10;    |       |       |   |--COMMENT_CONTENT -&gt; 58 [11:76]&#10;    |       |       |   `--BLOCK_COMMENT_END -&gt; */ [11:77]&#10;    |       |       |--BLOCK_COMMENT_BEGIN -&gt; /* [12:6]&#10;    |       |       |   |--COMMENT_CONTENT -&gt; 59 [12:8]&#10;    |       |       |   `--BLOCK_COMMENT_END -&gt; */ [12:9]&#10;    |       |       `--RCURLY -&gt; } [13:2]&#10;    |       |--BLOCK_COMMENT_BEGIN -&gt; /* [13:3]&#10;    |       |   |--COMMENT_CONTENT -&gt; 60 [13:5]&#10;    |       |   `--BLOCK_COMMENT_END -&gt; */ [13:6]&#10;    |       |--LITERAL_RETURN -&gt; return [14:2]&#10;    |       |   |--EXPR -&gt; EXPR [14:9]&#10;    |       |   |   `--IDENT -&gt; line [14:9]&#10;    |       |   `--SEMI -&gt; ; [14:13]&#10;    |       `--RCURLY -&gt; } [15:1]&#10;    |--BLOCK_COMMENT_BEGIN -&gt; /* [15:2]&#10;    |   |--COMMENT_CONTENT -&gt; 47 [15:4]&#10;    |   `--BLOCK_COMMENT_END -&gt; */ [15:5]&#10;    |--RCURLY -&gt; } [16:0]&#10;    |--BLOCK_COMMENT_BEGIN -&gt; /* [16:1]&#10;    |   |--COMMENT_CONTENT -&gt; 48 [16:3]&#10;    |   `--BLOCK_COMMENT_END -&gt; */ [16:4]&#10;    `--BLOCK_COMMENT_BEGIN -&gt; /* [17:0]&#10;        |--COMMENT_CONTENT -&gt; 61 [17:2]&#10;        `--BLOCK_COMMENT_END -&gt; */ [17:3]&#13;]&#10;&gt;" type="org.junit.ComparisonFailure"><![CDATA[org.junit.ComparisonFailure: 
Generated AST from Java file should match pre-defined AST expected:<...NT_BEGIN -> /* [1:0][
|--COMMENT_CONTENT -> 0 [1:2]
`--BLOCK_COMMENT_END -> */ [1:2]
BLOCK_COMMENT_BEGIN -> /* [1:5]
|--COMMENT_CONTENT -> 1 [1:7]
`--BLOCK_COMMENT_END -> */ [1:7]
PACKAGE_DEF -> package [1:10]
|--ANNOTATIONS -> ANNOTATIONS [1:89]
|--BLOCK_COMMENT_BEGIN -> /* [1:84]
|   |--COMMENT_CONTENT -> 9 [1:86]
|   `--BLOCK_COMMENT_END -> */ [1:86]
|--DOT -> . [1:89]
|   |--BLOCK_COMMENT_BEGIN -> /* [1:63]
|   |   |--COMMENT_CONTENT -> 7 [1:65]
|   |   `--BLOCK_COMMENT_END -> */ [1:65]
|   |--DOT -> . [1:68]
|   |   |--BLOCK_COMMENT_BEGIN -> /* [1:47]
|   |   |   |--COMMENT_CONTENT -> 5 [1:49]
|   |   |   `--BLOCK_COMMENT_END -> */ [1:49]
|   |   |--DOT -> . [1:52]
|   |   |   |--BLOCK_COMMENT_BEGIN -> /* [1:26]
|   |   |   |   |--COMMENT_CONTENT -> 3 [1:28]
|   |   |   |   `--BLOCK_COMMENT_END -> */ [1:28]
|   |   |   |--DOT -> . [1:31]
|   |   |   |   |--BLOCK_COMMENT_BEGIN -> /* [1:17]
|   |   |   |   |   |--COMMENT_CONTENT -> 2 [1:19]
|   |   |   |   |   `--BLOCK_COMMENT_END -> */ [1:19]
|   |   |   |   |--IDENT -> com [1:23]
|   |   |   |   |--BLOCK_COMMENT_BEGIN -> /* [1:32]
|   |   |   |   |   |--COMMENT_CONTENT -> 4 [1:34]
|   |   |   |   |   `--BLOCK_COMMENT_END -> */ [1:34]
|   |   |   |   `--IDENT -> puppycrawl [1:37]
|   |   |   |--BLOCK_COMMENT_BEGIN -> /* [1:53]
|   |   |   |   |--COMMENT_CONTENT -> 6 [1:55]
|   |   |   |   `--BLOCK_COMMENT_END -> */ [1:55]
|   |   |   `--IDENT -> tools [1:58]
|   |   |--BLOCK_COMMENT_BEGIN -> /* [1:69]
|   |   |   |--COMMENT_CONTENT -> 8 [1:71]
|   |   |   `--BLOCK_COMMENT_END -> */ [1:71]
|   |   `--IDENT -> checkstyle [1:74]
|   |--BLOCK_COMMENT_BEGIN -> /* [1:90]
|   |   |--COMMENT_CONTENT -> 10 [1:92]
|   |   `--BLOCK_COMMENT_END -> */ [1:93]
|   `--IDENT -> asttreestringprinter [1:96]
|--BLOCK_COMMENT_BEGIN -> /* [1:116]
|   |--COMMENT_CONTENT -> 11 [1:118]
|   `--BLOCK_COMMENT_END -> */ [1:119]
`--SEMI -> ; [1:122]
CLASS_DEF -> CLASS_DEF [3:6]
|--MODIFIERS -> MODIFIERS [3:6]
|   |--BLOCK_COMMENT_BEGIN -> /* [1:123]
|   |   |--COMMENT_CONTENT -> 12 [1:125]
|   |   `--BLOCK_COMMENT_END -> */ [1:126]
|   |--BLOCK_COMMENT_BEGIN -> /* [2:0]
|   |   |--COMMENT_CONTENT -> 13 [2:2]
|   |   `--BLOCK_COMMENT_END -> */ [2:3]
|   |--BLOCK_COMMENT_BEGIN -> /* [3:0]
|   |   |--COMMENT_CONTENT -> 14 [3:2]
|   |   `--BLOCK_COMMENT_END -> */ [3:3]
|   `--LITERAL_PUBLIC -> public [3:6]
|--BLOCK_COMMENT_BEGIN -> /* [3:12]
|   |--COMMENT_CONTENT -> 15 [3:14]
|   `--BLOCK_COMMENT_END -> */ [3:15]
|--LITERAL_CLASS -> class [3:19]
|--BLOCK_COMMENT_BEGIN -> /* [3:25]
|   |--COMMENT_CONTENT -> 16 [3:27]
|   `--BLOCK_COMMENT_END -> */ [3:28]
|--IDENT -> InputAstTreeStringPrinterFullOfBlockComments [3:31]
`--OBJBLOCK -> OBJBLOCK [3:82]
    |--BLOCK_COMMENT_BEGIN -> /* [3:76]
    |   |--COMMENT_CONTENT -> 49 [3:78]
    |   `--BLOCK_COMMENT_END -> */ [3:79]
    |--LCURLY -> { [3:82]
    |--METHOD_DEF -> METHOD_DEF [5:7]
    |   |--MODIFIERS -> MODIFIERS [5:7]
    |   |   |--BLOCK_COMMENT_BEGIN -> /* [3:83]
    |   |   |   |--COMMENT_CONTENT -> 17 [3:85]
    |   |   |   `--BLOCK_COMMENT_END -> */ [3:86]
    |   |   |--BLOCK_COMMENT_BEGIN -> /* [4:1]
    |   |   |   |--COMMENT_CONTENT -> 18 [4:3]
    |   |   |   `--BLOCK_COMMENT_END -> */ [4:4]
    |   |   |--BLOCK_COMMENT_BEGIN -> /* [5:1]
    |   |   |   |--COMMENT_CONTENT -> 19 [5:3]
    |   |   |   `--BLOCK_COMMENT_END -> */ [5:4]
    |   |   |--LITERAL_PUBLIC -> public [5:7]
    |   |   |--BLOCK_COMMENT_BEGIN -> /* [5:13]
    |   |   |   |--COMMENT_CONTENT -> 20 [5:15]
    |   |   |   `--BLOCK_COMMENT_END -> */ [5:16]
    |   |   `--LITERAL_STATIC -> static [5:20]
    |   |--TYPE -> TYPE [7:3]
    |   |   |--BLOCK_COMMENT_BEGIN -> /* [5:26]
    |   |   |   |--COMMENT_CONTENT -> \n21\n [5:28]
    |   |   |   `--BLOCK_COMMENT_END -> */ [7:0]
    |   |   `--IDENT -> String [7:3]
    |   |--BLOCK_COMMENT_BEGIN -> /* [7:9]
    |   |   |--COMMENT_CONTENT -> 22 [7:11]
    |   |   `--BLOCK_COMMENT_END -> */ [7:12]
    |   |--IDENT -> main [7:16]
    |   |--BLOCK_COMMENT_BEGIN -> /* [7:20]
    |   |   |--COMMENT_CONTENT -> 23 [7:22]
    |   |   `--BLOCK_COMMENT_END -> */ [7:23]
    |   |--LPAREN -> ( [7:26]
    |   |--PARAMETERS -> PARAMETERS [7:45]
    |   |   `--PARAMETER_DEF -> PARAMETER_DEF [7:45]
    |   |       |--MODIFIERS -> MODIFIERS [7:45]
    |   |       |--TYPE -> TYPE [7:45]
    |   |       |   |--BLOCK_COMMENT_BEGIN -> /* [7:39]
    |   |       |   |   |--COMMENT_CONTENT -> 25 [7:41]
    |   |       |   |   `--BLOCK_COMMENT_END -> */ [7:42]
    |   |       |   `--ARRAY_DECLARATOR -> [ [7:45]
    |   |       |       |--BLOCK_COMMENT_BEGIN -> /* [7:27]
    |   |       |       |   |--COMMENT_CONTENT -> 24 [7:29]
    |   |       |       |   `--BLOCK_COMMENT_END -> */ [7:30]
    |   |       |       |--IDENT -> String [7:33]
    |   |       |       |--BLOCK_COMMENT_BEGIN -> /* [7:46]
    |   |       |       |   |--COMMENT_CONTENT -> 26 [7:48]
    |   |       |       |   `--BLOCK_COMMENT_END -> */ [7:49]
    |   |       |       `--RBRACK -> ] [7:52]
    |   |       |--BLOCK_COMMENT_BEGIN -> /* [7:53]
    |   |       |   |--COMMENT_CONTENT -> 27 [7:55]
    |   |       |   `--BLOCK_COMMENT_END -> */ [7:56]
    |   |       `--IDENT -> args [7:60]
    |   |--BLOCK_COMMENT_BEGIN -> /* [7:64]
    |   |   |--COMMENT_CONTENT -> 28 [7:66]
    |   |   `--BLOCK_COMMENT_END -> */ [7:67]
    |   |--RPAREN -> ) [7:70]
    |   |--BLOCK_COMMENT_BEGIN -> /* [7:71]
    |   |   |--COMMENT_CONTENT -> 29 [7:73]
    |   |   `--BLOCK_COMMENT_END -> */ [7:74]
    |   `--SLIST -> { [7:78]
    |       |--VARIABLE_DEF -> VARIABLE_DEF [8:8]
    |       |   |--MODIFIERS -> MODIFIERS [8:8]
    |       |   |--TYPE -> TYPE [8:8]
    |       |   |   |--BLOCK_COMMENT_BEGIN -> /* [7:79]
    |       |   |   |   |--COMMENT_CONTENT -> 30 [7:81]
    |       |   |   |   `--BLOCK_COMMENT_END -> */ [7:82]
    |       |   |   |--BLOCK_COMMENT_BEGIN -> /* [8:2]
    |       |   |   |   |--COMMENT_CONTENT -> 31 [8:4]
    |       |   |   |   `--BLOCK_COMMENT_END -> */ [8:5]
    |       |   |   `--IDENT -> String [8:8]
    |       |   |--BLOCK_COMMENT_BEGIN -> /* [8:15]
    |       |   |   |--COMMENT_CONTENT -> 32 [8:17]
    |       |   |   `--BLOCK_COMMENT_END -> */ [8:18]
    |       |   |--IDENT -> line [8:21]
    |       |   |--BLOCK_COMMENT_BEGIN -> /* [8:26]
    |       |   |   |--COMMENT_CONTENT -> 33 [8:28]
    |       |   |   `--BLOCK_COMMENT_END -> */ [8:29]
    |       |   `--ASSIGN -> = [8:32]
    |       |       `--EXPR -> EXPR [8:40]
    |       |           |--BLOCK_COMMENT_BEGIN -> /* [8:34]
    |       |           |   |--COMMENT_CONTENT -> 34 [8:36]
    |       |           |   `--BLOCK_COMMENT_END -> */ [8:37]
    |       |           `--STRING_LITERAL -> "/*I'm NOT comment*/blabla" [8:40]
    |       |--BLOCK_COMMENT_BEGIN -> /* [8:67]
    |       |   |--COMMENT_CONTENT -> 35 [8:69]
    |       |   `--BLOCK_COMMENT_END -> */ [8:70]
    |       |--SEMI -> ; [8:73]
    |       |--EXPR -> EXPR [9:78]
    |       |   |--BLOCK_COMMENT_BEGIN -> /* [9:72]
    |       |   |   |--COMMENT_CONTENT -> 42 [9:74]
    |       |   |   `--BLOCK_COMMENT_END -> */ [9:75]
    |       |   `--METHOD_CALL -> ( [9:78]
    |       |       |--BLOCK_COMMENT_BEGIN -> /* [9:53]
    |       |       |   |--COMMENT_CONTENT -> 40 [9:55]
    |       |       |   `--BLOCK_COMMENT_END -> */ [9:56]
    |       |       |--DOT -> . [9:59]
    |       |       |   |--BLOCK_COMMENT_BEGIN -> /* [9:14]
    |       |       |   |   |--COMMENT_CONTENT -> 38 [9:16]
    |       |       |   |   `--BLOCK_COMMENT_END -> */ [9:17]
    |       |       |   |--DOT -> . [9:20]
    |       |       |   |   |--BLOCK_COMMENT_BEGIN -> /* [8:74]
    |       |       |   |   |   |--COMMENT_CONTENT -> 36 [8:76]
    |       |       |   |   |   `--BLOCK_COMMENT_END -> */ [8:77]
    |       |       |   |   |--BLOCK_COMMENT_BEGIN -> /* [9:2]
    |       |       |   |   |   |--COMMENT_CONTENT -> 37 [9:4]
    |       |       |   |   |   `--BLOCK_COMMENT_END -> */ [9:5]
    |       |       |   |   |--IDENT -> String [9:8]
    |       |       |   |   |--BLOCK_COMMENT_BEGIN -> /* [9:21]
    |       |       |   |   |   |--COMMENT_CONTENT ->   39   [9:23]
    |       |       |   |   |   `--BLOCK_COMMENT_END -> */ [9:28]
    |       |       |   |   `--IDENT -> CASE_INSENSITIVE_ORDER [9:31]
    |       |       |   |--BLOCK_COMMENT_BEGIN -> /* [9:60]
    |       |       |   |   |--COMMENT_CONTENT -> 41 [9:62]
    |       |       |   |   `--BLOCK_COMMENT_END -> */ [9:63]
    |       |       |   `--IDENT -> equals [9:66]
    |       |       |--ELIST -> ELIST [9:85]
    |       |       |   `--EXPR -> EXPR [9:85]
    |       |       |       |--BLOCK_COMMENT_BEGIN -> /* [9:79]
    |       |       |       |   |--COMMENT_CONTENT -> 43 [9:81]
    |       |       |       |   `--BLOCK_COMMENT_END -> */ [9:82]
    |       |       |       `--IDENT -> line [9:85]
    |       |       |--BLOCK_COMMENT_BEGIN -> /* [9:89]
    |       |       |   |--COMMENT_CONTENT -> 44 [9:91]
    |       |       |   `--BLOCK_COMMENT_END -> */ [9:92]
    |       |       `--RPAREN -> ) [9:95]
    |       |--BLOCK_COMMENT_BEGIN -> /* [9:96]
    |       |   |--COMMENT_CONTENT -> 45 [9:98]
    |       |   `--BLOCK_COMMENT_END -> */ [9:99]
    |       |--SEMI -> ; [9:102]
    |       |--VARIABLE_DEF -> VARIABLE_DEF [10:9]
    |       |   |--MODIFIERS -> MODIFIERS [10:9]
    |       |   |--TYPE -> TYPE [10:9]
    |       |   |   `--ARRAY_DECLARATOR -> [ [10:9]
    |       |   |       |--BLOCK_COMMENT_BEGIN -> /* [9:103]
    |       |   |       |   |--COMMENT_CONTENT -> 46 [9:105]
    |       |   |       |   `--BLOCK_COMMENT_END -> */ [9:106]
    |       |   |       |--IDENT -> Integer [10:2]
    |       |   |       `--RBRACK -> ] [10:10]
    |       |   |--IDENT -> array [10:12]
    |       |   `--ASSIGN -> = [10:18]
    |       |       `--EXPR -> EXPR [10:20]
    |       |           `--LITERAL_NULL -> null [10:20]
    |       |--SEMI -> ; [10:24]
    |       |--BLOCK_COMMENT_BEGIN -> /* [11:2]
    |       |   |--COMMENT_CONTENT -> 50 [11:4]
    |       |   `--BLOCK_COMMENT_END -> */ [11:5]
    |       |--LITERAL_FOR -> for [11:8]
    |       |   |--BLOCK_COMMENT_BEGIN -> /* [11:11]
    |       |   |   |--COMMENT_CONTENT -> 51 [11:13]
    |       |   |   `--BLOCK_COMMENT_END -> */ [11:14]
    |       |   |--LPAREN -> ( [11:18]
    |       |   |--FOR_EACH_CLAUSE -> FOR_EACH_CLAUSE [11:25]
    |       |   |   |--VARIABLE_DEF -> VARIABLE_DEF [11:25]
    |       |   |   |   |--MODIFIERS -> MODIFIERS [11:25]
    |       |   |   |   |--TYPE -> TYPE [11:25]
    |       |   |   |   |   |--BLOCK_COMMENT_BEGIN -> /* [11:19]
    |       |   |   |   |   |   |--COMMENT_CONTENT -> 52 [11:21]
    |       |   |   |   |   |   `--BLOCK_COMMENT_END -> */ [11:22]
    |       |   |   |   |   `--IDENT -> Integer [11:25]
    |       |   |   |   |--BLOCK_COMMENT_BEGIN -> /* [11:32]
    |       |   |   |   |   |--COMMENT_CONTENT -> 53 [11:34]
    |       |   |   |   |   `--BLOCK_COMMENT_END -> */ [11:35]
    |       |   |   |   `--IDENT -> i [11:39]
    |       |   |   |--BLOCK_COMMENT_BEGIN -> /* [11:40]
    |       |   |   |   |--COMMENT_CONTENT -> 54 [11:42]
    |       |   |   |   `--BLOCK_COMMENT_END -> */ [11:43]
    |       |   |   |--COLON -> : [11:46]
    |       |   |   `--EXPR -> EXPR [11:54]
    |       |   |       |--BLOCK_COMMENT_BEGIN -> /* [11:47]
    |       |   |       |   |--COMMENT_CONTENT -> 55 [11:49]
    |       |   |       |   `--BLOCK_COMMENT_END -> */ [11:50]
    |       |   |       `--IDENT -> array [11:54]
    |       |   |--BLOCK_COMMENT_BEGIN -> /* [11:59]
    |       |   |   |--COMMENT_CONTENT -> 56 [11:61]
    |       |   |   `--BLOCK_COMMENT_END -> */ [11:62]
    |       |   |--RPAREN -> ) [11:65]
    |       |   |--BLOCK_COMMENT_BEGIN -> /* [11:66]
    |       |   |   |--COMMENT_CONTENT -> 57 [11:68]
    |       |   |   `--BLOCK_COMMENT_END -> */ [11:69]
    |       |   `--SLIST -> { [11:73]
    |       |       |--BLOCK_COMMENT_BEGIN -> /* [11:74]
    |       |       |   |--COMMENT_CONTENT -> 58 [11:76]
    |       |       |   `--BLOCK_COMMENT_END -> */ [11:77]
    |       |       |--BLOCK_COMMENT_BEGIN -> /* [12:6]
    |       |       |   |--COMMENT_CONTENT -> 59 [12:8]
    |       |       |   `--BLOCK_COMMENT_END -> */ [12:9]
    |       |       `--RCURLY -> } [13:2]
    |       |--BLOCK_COMMENT_BEGIN -> /* [13:3]
    |       |   |--COMMENT_CONTENT -> 60 [13:5]
    |       |   `--BLOCK_COMMENT_END -> */ [13:6]
    |       |--LITERAL_RETURN -> return [14:2]
    |       |   |--EXPR -> EXPR [14:9]
    |       |   |   `--IDENT -> line [14:9]
    |       |   `--SEMI -> ; [14:13]
    |       `--RCURLY -> } [15:1]
    |--BLOCK_COMMENT_BEGIN -> /* [15:2]
    |   |--COMMENT_CONTENT -> 47 [15:4]
    |   `--BLOCK_COMMENT_END -> */ [15:5]
    |--RCURLY -> } [16:0]
    |--BLOCK_COMMENT_BEGIN -> /* [16:1]
    |   |--COMMENT_CONTENT -> 48 [16:3]
    |   `--BLOCK_COMMENT_END -> */ [16:4]
    `--BLOCK_COMMENT_BEGIN -> /* [17:0]
        |--COMMENT_CONTENT -> 61 [17:2]
        `--BLOCK_COMMENT_END -> */ [17:3]]
> but was:<...NT_BEGIN -> /* [1:0][
|--COMMENT_CONTENT -> 0 [1:2]
`--BLOCK_COMMENT_END -> */ [1:2]
BLOCK_COMMENT_BEGIN -> /* [1:5]
|--COMMENT_CONTENT -> 1 [1:7]
`--BLOCK_COMMENT_END -> */ [1:7]
PACKAGE_DEF -> package [1:10]
|--ANNOTATIONS -> ANNOTATIONS [1:89]
|--BLOCK_COMMENT_BEGIN -> /* [1:84]
|   |--COMMENT_CONTENT -> 9 [1:86]
|   `--BLOCK_COMMENT_END -> */ [1:86]
|--DOT -> . [1:89]
|   |--BLOCK_COMMENT_BEGIN -> /* [1:63]
|   |   |--COMMENT_CONTENT -> 7 [1:65]
|   |   `--BLOCK_COMMENT_END -> */ [1:65]
|   |--DOT -> . [1:68]
|   |   |--BLOCK_COMMENT_BEGIN -> /* [1:47]
|   |   |   |--COMMENT_CONTENT -> 5 [1:49]
|   |   |   `--BLOCK_COMMENT_END -> */ [1:49]
|   |   |--DOT -> . [1:52]
|   |   |   |--BLOCK_COMMENT_BEGIN -> /* [1:26]
|   |   |   |   |--COMMENT_CONTENT -> 3 [1:28]
|   |   |   |   `--BLOCK_COMMENT_END -> */ [1:28]
|   |   |   |--DOT -> . [1:31]
|   |   |   |   |--BLOCK_COMMENT_BEGIN -> /* [1:17]
|   |   |   |   |   |--COMMENT_CONTENT -> 2 [1:19]
|   |   |   |   |   `--BLOCK_COMMENT_END -> */ [1:19]
|   |   |   |   |--IDENT -> com [1:23]
|   |   |   |   |--BLOCK_COMMENT_BEGIN -> /* [1:32]
|   |   |   |   |   |--COMMENT_CONTENT -> 4 [1:34]
|   |   |   |   |   `--BLOCK_COMMENT_END -> */ [1:34]
|   |   |   |   `--IDENT -> puppycrawl [1:37]
|   |   |   |--BLOCK_COMMENT_BEGIN -> /* [1:53]
|   |   |   |   |--COMMENT_CONTENT -> 6 [1:55]
|   |   |   |   `--BLOCK_COMMENT_END -> */ [1:55]
|   |   |   `--IDENT -> tools [1:58]
|   |   |--BLOCK_COMMENT_BEGIN -> /* [1:69]
|   |   |   |--COMMENT_CONTENT -> 8 [1:71]
|   |   |   `--BLOCK_COMMENT_END -> */ [1:71]
|   |   `--IDENT -> checkstyle [1:74]
|   |--BLOCK_COMMENT_BEGIN -> /* [1:90]
|   |   |--COMMENT_CONTENT -> 10 [1:92]
|   |   `--BLOCK_COMMENT_END -> */ [1:93]
|   `--IDENT -> asttreestringprinter [1:96]
|--BLOCK_COMMENT_BEGIN -> /* [1:116]
|   |--COMMENT_CONTENT -> 11 [1:118]
|   `--BLOCK_COMMENT_END -> */ [1:119]
`--SEMI -> ; [1:122]
CLASS_DEF -> CLASS_DEF [3:6]
|--MODIFIERS -> MODIFIERS [3:6]
|   |--BLOCK_COMMENT_BEGIN -> /* [1:123]
|   |   |--COMMENT_CONTENT -> 12 [1:125]
|   |   `--BLOCK_COMMENT_END -> */ [1:126]
|   |--BLOCK_COMMENT_BEGIN -> /* [2:0]
|   |   |--COMMENT_CONTENT -> 13 [2:2]
|   |   `--BLOCK_COMMENT_END -> */ [2:3]
|   |--BLOCK_COMMENT_BEGIN -> /* [3:0]
|   |   |--COMMENT_CONTENT -> 14 [3:2]
|   |   `--BLOCK_COMMENT_END -> */ [3:3]
|   `--LITERAL_PUBLIC -> public [3:6]
|--BLOCK_COMMENT_BEGIN -> /* [3:12]
|   |--COMMENT_CONTENT -> 15 [3:14]
|   `--BLOCK_COMMENT_END -> */ [3:15]
|--LITERAL_CLASS -> class [3:19]
|--BLOCK_COMMENT_BEGIN -> /* [3:25]
|   |--COMMENT_CONTENT -> 16 [3:27]
|   `--BLOCK_COMMENT_END -> */ [3:28]
|--IDENT -> InputAstTreeStringPrinterFullOfBlockComments [3:31]
`--OBJBLOCK -> OBJBLOCK [3:82]
    |--BLOCK_COMMENT_BEGIN -> /* [3:76]
    |   |--COMMENT_CONTENT -> 49 [3:78]
    |   `--BLOCK_COMMENT_END -> */ [3:79]
    |--LCURLY -> { [3:82]
    |--METHOD_DEF -> METHOD_DEF [5:7]
    |   |--MODIFIERS -> MODIFIERS [5:7]
    |   |   |--BLOCK_COMMENT_BEGIN -> /* [3:83]
    |   |   |   |--COMMENT_CONTENT -> 17 [3:85]
    |   |   |   `--BLOCK_COMMENT_END -> */ [3:86]
    |   |   |--BLOCK_COMMENT_BEGIN -> /* [4:1]
    |   |   |   |--COMMENT_CONTENT -> 18 [4:3]
    |   |   |   `--BLOCK_COMMENT_END -> */ [4:4]
    |   |   |--BLOCK_COMMENT_BEGIN -> /* [5:1]
    |   |   |   |--COMMENT_CONTENT -> 19 [5:3]
    |   |   |   `--BLOCK_COMMENT_END -> */ [5:4]
    |   |   |--LITERAL_PUBLIC -> public [5:7]
    |   |   |--BLOCK_COMMENT_BEGIN -> /* [5:13]
    |   |   |   |--COMMENT_CONTENT -> 20 [5:15]
    |   |   |   `--BLOCK_COMMENT_END -> */ [5:16]
    |   |   `--LITERAL_STATIC -> static [5:20]
    |   |--TYPE -> TYPE [7:3]
    |   |   |--BLOCK_COMMENT_BEGIN -> /* [5:26]
    |   |   |   |--COMMENT_CONTENT -> \n21\n [5:28]
    |   |   |   `--BLOCK_COMMENT_END -> */ [7:0]
    |   |   `--IDENT -> String [7:3]
    |   |--BLOCK_COMMENT_BEGIN -> /* [7:9]
    |   |   |--COMMENT_CONTENT -> 22 [7:11]
    |   |   `--BLOCK_COMMENT_END -> */ [7:12]
    |   |--IDENT -> main [7:16]
    |   |--BLOCK_COMMENT_BEGIN -> /* [7:20]
    |   |   |--COMMENT_CONTENT -> 23 [7:22]
    |   |   `--BLOCK_COMMENT_END -> */ [7:23]
    |   |--LPAREN -> ( [7:26]
    |   |--PARAMETERS -> PARAMETERS [7:45]
    |   |   `--PARAMETER_DEF -> PARAMETER_DEF [7:45]
    |   |       |--MODIFIERS -> MODIFIERS [7:45]
    |   |       |--TYPE -> TYPE [7:45]
    |   |       |   |--BLOCK_COMMENT_BEGIN -> /* [7:39]
    |   |       |   |   |--COMMENT_CONTENT -> 25 [7:41]
    |   |       |   |   `--BLOCK_COMMENT_END -> */ [7:42]
    |   |       |   `--ARRAY_DECLARATOR -> [ [7:45]
    |   |       |       |--BLOCK_COMMENT_BEGIN -> /* [7:27]
    |   |       |       |   |--COMMENT_CONTENT -> 24 [7:29]
    |   |       |       |   `--BLOCK_COMMENT_END -> */ [7:30]
    |   |       |       |--IDENT -> String [7:33]
    |   |       |       |--BLOCK_COMMENT_BEGIN -> /* [7:46]
    |   |       |       |   |--COMMENT_CONTENT -> 26 [7:48]
    |   |       |       |   `--BLOCK_COMMENT_END -> */ [7:49]
    |   |       |       `--RBRACK -> ] [7:52]
    |   |       |--BLOCK_COMMENT_BEGIN -> /* [7:53]
    |   |       |   |--COMMENT_CONTENT -> 27 [7:55]
    |   |       |   `--BLOCK_COMMENT_END -> */ [7:56]
    |   |       `--IDENT -> args [7:60]
    |   |--BLOCK_COMMENT_BEGIN -> /* [7:64]
    |   |   |--COMMENT_CONTENT -> 28 [7:66]
    |   |   `--BLOCK_COMMENT_END -> */ [7:67]
    |   |--RPAREN -> ) [7:70]
    |   |--BLOCK_COMMENT_BEGIN -> /* [7:71]
    |   |   |--COMMENT_CONTENT -> 29 [7:73]
    |   |   `--BLOCK_COMMENT_END -> */ [7:74]
    |   `--SLIST -> { [7:78]
    |       |--VARIABLE_DEF -> VARIABLE_DEF [8:8]
    |       |   |--MODIFIERS -> MODIFIERS [8:8]
    |       |   |--TYPE -> TYPE [8:8]
    |       |   |   |--BLOCK_COMMENT_BEGIN -> /* [7:79]
    |       |   |   |   |--COMMENT_CONTENT -> 30 [7:81]
    |       |   |   |   `--BLOCK_COMMENT_END -> */ [7:82]
    |       |   |   |--BLOCK_COMMENT_BEGIN -> /* [8:2]
    |       |   |   |   |--COMMENT_CONTENT -> 31 [8:4]
    |       |   |   |   `--BLOCK_COMMENT_END -> */ [8:5]
    |       |   |   `--IDENT -> String [8:8]
    |       |   |--BLOCK_COMMENT_BEGIN -> /* [8:15]
    |       |   |   |--COMMENT_CONTENT -> 32 [8:17]
    |       |   |   `--BLOCK_COMMENT_END -> */ [8:18]
    |       |   |--IDENT -> line [8:21]
    |       |   |--BLOCK_COMMENT_BEGIN -> /* [8:26]
    |       |   |   |--COMMENT_CONTENT -> 33 [8:28]
    |       |   |   `--BLOCK_COMMENT_END -> */ [8:29]
    |       |   `--ASSIGN -> = [8:32]
    |       |       `--EXPR -> EXPR [8:40]
    |       |           |--BLOCK_COMMENT_BEGIN -> /* [8:34]
    |       |           |   |--COMMENT_CONTENT -> 34 [8:36]
    |       |           |   `--BLOCK_COMMENT_END -> */ [8:37]
    |       |           `--STRING_LITERAL -> "/*I'm NOT comment*/blabla" [8:40]
    |       |--BLOCK_COMMENT_BEGIN -> /* [8:67]
    |       |   |--COMMENT_CONTENT -> 35 [8:69]
    |       |   `--BLOCK_COMMENT_END -> */ [8:70]
    |       |--SEMI -> ; [8:73]
    |       |--EXPR -> EXPR [9:78]
    |       |   |--BLOCK_COMMENT_BEGIN -> /* [9:72]
    |       |   |   |--COMMENT_CONTENT -> 42 [9:74]
    |       |   |   `--BLOCK_COMMENT_END -> */ [9:75]
    |       |   `--METHOD_CALL -> ( [9:78]
    |       |       |--BLOCK_COMMENT_BEGIN -> /* [9:53]
    |       |       |   |--COMMENT_CONTENT -> 40 [9:55]
    |       |       |   `--BLOCK_COMMENT_END -> */ [9:56]
    |       |       |--DOT -> . [9:59]
    |       |       |   |--BLOCK_COMMENT_BEGIN -> /* [9:14]
    |       |       |   |   |--COMMENT_CONTENT -> 38 [9:16]
    |       |       |   |   `--BLOCK_COMMENT_END -> */ [9:17]
    |       |       |   |--DOT -> . [9:20]
    |       |       |   |   |--BLOCK_COMMENT_BEGIN -> /* [8:74]
    |       |       |   |   |   |--COMMENT_CONTENT -> 36 [8:76]
    |       |       |   |   |   `--BLOCK_COMMENT_END -> */ [8:77]
    |       |       |   |   |--BLOCK_COMMENT_BEGIN -> /* [9:2]
    |       |       |   |   |   |--COMMENT_CONTENT -> 37 [9:4]
    |       |       |   |   |   `--BLOCK_COMMENT_END -> */ [9:5]
    |       |       |   |   |--IDENT -> String [9:8]
    |       |       |   |   |--BLOCK_COMMENT_BEGIN -> /* [9:21]
    |       |       |   |   |   |--COMMENT_CONTENT ->   39   [9:23]
    |       |       |   |   |   `--BLOCK_COMMENT_END -> */ [9:28]
    |       |       |   |   `--IDENT -> CASE_INSENSITIVE_ORDER [9:31]
    |       |       |   |--BLOCK_COMMENT_BEGIN -> /* [9:60]
    |       |       |   |   |--COMMENT_CONTENT -> 41 [9:62]
    |       |       |   |   `--BLOCK_COMMENT_END -> */ [9:63]
    |       |       |   `--IDENT -> equals [9:66]
    |       |       |--ELIST -> ELIST [9:85]
    |       |       |   `--EXPR -> EXPR [9:85]
    |       |       |       |--BLOCK_COMMENT_BEGIN -> /* [9:79]
    |       |       |       |   |--COMMENT_CONTENT -> 43 [9:81]
    |       |       |       |   `--BLOCK_COMMENT_END -> */ [9:82]
    |       |       |       `--IDENT -> line [9:85]
    |       |       |--BLOCK_COMMENT_BEGIN -> /* [9:89]
    |       |       |   |--COMMENT_CONTENT -> 44 [9:91]
    |       |       |   `--BLOCK_COMMENT_END -> */ [9:92]
    |       |       `--RPAREN -> ) [9:95]
    |       |--BLOCK_COMMENT_BEGIN -> /* [9:96]
    |       |   |--COMMENT_CONTENT -> 45 [9:98]
    |       |   `--BLOCK_COMMENT_END -> */ [9:99]
    |       |--SEMI -> ; [9:102]
    |       |--VARIABLE_DEF -> VARIABLE_DEF [10:9]
    |       |   |--MODIFIERS -> MODIFIERS [10:9]
    |       |   |--TYPE -> TYPE [10:9]
    |       |   |   `--ARRAY_DECLARATOR -> [ [10:9]
    |       |   |       |--BLOCK_COMMENT_BEGIN -> /* [9:103]
    |       |   |       |   |--COMMENT_CONTENT -> 46 [9:105]
    |       |   |       |   `--BLOCK_COMMENT_END -> */ [9:106]
    |       |   |       |--IDENT -> Integer [10:2]
    |       |   |       `--RBRACK -> ] [10:10]
    |       |   |--IDENT -> array [10:12]
    |       |   `--ASSIGN -> = [10:18]
    |       |       `--EXPR -> EXPR [10:20]
    |       |           `--LITERAL_NULL -> null [10:20]
    |       |--SEMI -> ; [10:24]
    |       |--BLOCK_COMMENT_BEGIN -> /* [11:2]
    |       |   |--COMMENT_CONTENT -> 50 [11:4]
    |       |   `--BLOCK_COMMENT_END -> */ [11:5]
    |       |--LITERAL_FOR -> for [11:8]
    |       |   |--BLOCK_COMMENT_BEGIN -> /* [11:11]
    |       |   |   |--COMMENT_CONTENT -> 51 [11:13]
    |       |   |   `--BLOCK_COMMENT_END -> */ [11:14]
    |       |   |--LPAREN -> ( [11:18]
    |       |   |--FOR_EACH_CLAUSE -> FOR_EACH_CLAUSE [11:25]
    |       |   |   |--VARIABLE_DEF -> VARIABLE_DEF [11:25]
    |       |   |   |   |--MODIFIERS -> MODIFIERS [11:25]
    |       |   |   |   |--TYPE -> TYPE [11:25]
    |       |   |   |   |   |--BLOCK_COMMENT_BEGIN -> /* [11:19]
    |       |   |   |   |   |   |--COMMENT_CONTENT -> 52 [11:21]
    |       |   |   |   |   |   `--BLOCK_COMMENT_END -> */ [11:22]
    |       |   |   |   |   `--IDENT -> Integer [11:25]
    |       |   |   |   |--BLOCK_COMMENT_BEGIN -> /* [11:32]
    |       |   |   |   |   |--COMMENT_CONTENT -> 53 [11:34]
    |       |   |   |   |   `--BLOCK_COMMENT_END -> */ [11:35]
    |       |   |   |   `--IDENT -> i [11:39]
    |       |   |   |--BLOCK_COMMENT_BEGIN -> /* [11:40]
    |       |   |   |   |--COMMENT_CONTENT -> 54 [11:42]
    |       |   |   |   `--BLOCK_COMMENT_END -> */ [11:43]
    |       |   |   |--COLON -> : [11:46]
    |       |   |   `--EXPR -> EXPR [11:54]
    |       |   |       |--BLOCK_COMMENT_BEGIN -> /* [11:47]
    |       |   |       |   |--COMMENT_CONTENT -> 55 [11:49]
    |       |   |       |   `--BLOCK_COMMENT_END -> */ [11:50]
    |       |   |       `--IDENT -> array [11:54]
    |       |   |--BLOCK_COMMENT_BEGIN -> /* [11:59]
    |       |   |   |--COMMENT_CONTENT -> 56 [11:61]
    |       |   |   `--BLOCK_COMMENT_END -> */ [11:62]
    |       |   |--RPAREN -> ) [11:65]
    |       |   |--BLOCK_COMMENT_BEGIN -> /* [11:66]
    |       |   |   |--COMMENT_CONTENT -> 57 [11:68]
    |       |   |   `--BLOCK_COMMENT_END -> */ [11:69]
    |       |   `--SLIST -> { [11:73]
    |       |       |--BLOCK_COMMENT_BEGIN -> /* [11:74]
    |       |       |   |--COMMENT_CONTENT -> 58 [11:76]
    |       |       |   `--BLOCK_COMMENT_END -> */ [11:77]
    |       |       |--BLOCK_COMMENT_BEGIN -> /* [12:6]
    |       |       |   |--COMMENT_CONTENT -> 59 [12:8]
    |       |       |   `--BLOCK_COMMENT_END -> */ [12:9]
    |       |       `--RCURLY -> } [13:2]
    |       |--BLOCK_COMMENT_BEGIN -> /* [13:3]
    |       |   |--COMMENT_CONTENT -> 60 [13:5]
    |       |   `--BLOCK_COMMENT_END -> */ [13:6]
    |       |--LITERAL_RETURN -> return [14:2]
    |       |   |--EXPR -> EXPR [14:9]
    |       |   |   `--IDENT -> line [14:9]
    |       |   `--SEMI -> ; [14:13]
    |       `--RCURLY -> } [15:1]
    |--BLOCK_COMMENT_BEGIN -> /* [15:2]
    |   |--COMMENT_CONTENT -> 47 [15:4]
    |   `--BLOCK_COMMENT_END -> */ [15:5]
    |--RCURLY -> } [16:0]
    |--BLOCK_COMMENT_BEGIN -> /* [16:1]
    |   |--COMMENT_CONTENT -> 48 [16:3]
    |   `--BLOCK_COMMENT_END -> */ [16:4]
    `--BLOCK_COMMENT_BEGIN -> /* [17:0]
        |--COMMENT_CONTENT -> 61 [17:2]
        `--BLOCK_COMMENT_END -> */ [17:3]]
>
	at com.puppycrawl.tools.checkstyle.AstTreeStringPrinterTest.testAstTreeBlockComments(AstTreeStringPrinterTest.java:121)
]]></failure>
  </testcase>
  <testcase name="testJavadocPosition" classname="com.puppycrawl.tools.checkstyle.AstTreeStringPrinterTest" time="0">
    <failure message="Generated AST from the java file should match the pre-defined AST expected:&lt;...DEF -&gt; package [1:0][&#10;|--ANNOTATIONS -&gt; ANNOTATIONS [1:39]&#10;|--DOT -&gt; . [1:39]&#10;|   |--DOT -&gt; . [1:28]&#10;|   |   |--DOT -&gt; . [1:22]&#10;|   |   |   |--DOT -&gt; . [1:11]&#10;|   |   |   |   |--IDENT -&gt; com [1:8]&#10;|   |   |   |   `--IDENT -&gt; puppycrawl [1:12]&#10;|   |   |   `--IDENT -&gt; tools [1:23]&#10;|   |   `--IDENT -&gt; checkstyle [1:29]&#10;|   `--IDENT -&gt; asttreestringprinter [1:40]&#10;`--SEMI -&gt; ; [1:60]&#10;CLASS_DEF -&gt; CLASS_DEF [3:0]&#10;|--MODIFIERS -&gt; MODIFIERS [3:0]&#10;|   `--LITERAL_PUBLIC -&gt; public [3:0]&#10;|--LITERAL_CLASS -&gt; class [3:7]&#10;|--IDENT -&gt; InputAstTreeStringPrinterJavadocPosition [3:13]&#10;`--OBJBLOCK -&gt; OBJBLOCK [3:54]&#10;    |--LCURLY -&gt; { [3:54]&#10;    |--METHOD_DEF -&gt; METHOD_DEF [4:4]&#10;    |   |--MODIFIERS -&gt; MODIFIERS [4:4]&#10;    |   |--TYPE -&gt; TYPE [4:4]&#10;    |   |   `--LITERAL_VOID -&gt; void [4:4]&#10;    |   |--IDENT -&gt; method [4:9]&#10;    |   |--LPAREN -&gt; ( [4:15]&#10;    |   |--PARAMETERS -&gt; PARAMETERS [4:16]&#10;    |   |--RPAREN -&gt; ) [4:16]&#10;    |   `--SLIST -&gt; { [4:18]&#10;    |       |--BLOCK_COMMENT_BEGIN -&gt; /* [5:1]&#10;    |       |   |--COMMENT_CONTENT -&gt; *\n\tThis is a method\n\t@return void\n\t&lt;html\n\t [5:3]&#10;    |       |   `--BLOCK_COMMENT_END -&gt; */ [9:1]&#10;    |       `--RCURLY -&gt; } [10:4]&#10;    `--RCURLY -&gt; } [11:0]]&#10;&gt; but was:&lt;...DEF -&gt; package [1:0][&#10;|--ANNOTATIONS -&gt; ANNOTATIONS [1:39]&#10;|--DOT -&gt; . [1:39]&#10;|   |--DOT -&gt; . [1:28]&#10;|   |   |--DOT -&gt; . [1:22]&#10;|   |   |   |--DOT -&gt; . [1:11]&#10;|   |   |   |   |--IDENT -&gt; com [1:8]&#10;|   |   |   |   `--IDENT -&gt; puppycrawl [1:12]&#10;|   |   |   `--IDENT -&gt; tools [1:23]&#10;|   |   `--IDENT -&gt; checkstyle [1:29]&#10;|   `--IDENT -&gt; asttreestringprinter [1:40]&#10;`--SEMI -&gt; ; [1:60]&#10;CLASS_DEF -&gt; CLASS_DEF [3:0]&#10;|--MODIFIERS -&gt; MODIFIERS [3:0]&#10;|   `--LITERAL_PUBLIC -&gt; public [3:0]&#10;|--LITERAL_CLASS -&gt; class [3:7]&#10;|--IDENT -&gt; InputAstTreeStringPrinterJavadocPosition [3:13]&#10;`--OBJBLOCK -&gt; OBJBLOCK [3:54]&#10;    |--LCURLY -&gt; { [3:54]&#10;    |--METHOD_DEF -&gt; METHOD_DEF [4:4]&#10;    |   |--MODIFIERS -&gt; MODIFIERS [4:4]&#10;    |   |--TYPE -&gt; TYPE [4:4]&#10;    |   |   `--LITERAL_VOID -&gt; void [4:4]&#10;    |   |--IDENT -&gt; method [4:9]&#10;    |   |--LPAREN -&gt; ( [4:15]&#10;    |   |--PARAMETERS -&gt; PARAMETERS [4:16]&#10;    |   |--RPAREN -&gt; ) [4:16]&#10;    |   `--SLIST -&gt; { [4:18]&#10;    |       |--BLOCK_COMMENT_BEGIN -&gt; /* [5:1]&#10;    |       |   |--COMMENT_CONTENT -&gt; *\n\tThis is a method\n\t@return void\n\t&lt;html\n\t [5:3]&#10;    |       |   `--BLOCK_COMMENT_END -&gt; */ [9:1]&#10;    |       `--RCURLY -&gt; } [10:4]&#10;    `--RCURLY -&gt; } [11:0]&#13;]&#10;&gt;" type="org.junit.ComparisonFailure"><![CDATA[org.junit.ComparisonFailure: 
Generated AST from the java file should match the pre-defined AST expected:<...DEF -> package [1:0][
|--ANNOTATIONS -> ANNOTATIONS [1:39]
|--DOT -> . [1:39]
|   |--DOT -> . [1:28]
|   |   |--DOT -> . [1:22]
|   |   |   |--DOT -> . [1:11]
|   |   |   |   |--IDENT -> com [1:8]
|   |   |   |   `--IDENT -> puppycrawl [1:12]
|   |   |   `--IDENT -> tools [1:23]
|   |   `--IDENT -> checkstyle [1:29]
|   `--IDENT -> asttreestringprinter [1:40]
`--SEMI -> ; [1:60]
CLASS_DEF -> CLASS_DEF [3:0]
|--MODIFIERS -> MODIFIERS [3:0]
|   `--LITERAL_PUBLIC -> public [3:0]
|--LITERAL_CLASS -> class [3:7]
|--IDENT -> InputAstTreeStringPrinterJavadocPosition [3:13]
`--OBJBLOCK -> OBJBLOCK [3:54]
    |--LCURLY -> { [3:54]
    |--METHOD_DEF -> METHOD_DEF [4:4]
    |   |--MODIFIERS -> MODIFIERS [4:4]
    |   |--TYPE -> TYPE [4:4]
    |   |   `--LITERAL_VOID -> void [4:4]
    |   |--IDENT -> method [4:9]
    |   |--LPAREN -> ( [4:15]
    |   |--PARAMETERS -> PARAMETERS [4:16]
    |   |--RPAREN -> ) [4:16]
    |   `--SLIST -> { [4:18]
    |       |--BLOCK_COMMENT_BEGIN -> /* [5:1]
    |       |   |--COMMENT_CONTENT -> *\n\tThis is a method\n\t@return void\n\t<html\n\t [5:3]
    |       |   `--BLOCK_COMMENT_END -> */ [9:1]
    |       `--RCURLY -> } [10:4]
    `--RCURLY -> } [11:0]]
> but was:<...DEF -> package [1:0][
|--ANNOTATIONS -> ANNOTATIONS [1:39]
|--DOT -> . [1:39]
|   |--DOT -> . [1:28]
|   |   |--DOT -> . [1:22]
|   |   |   |--DOT -> . [1:11]
|   |   |   |   |--IDENT -> com [1:8]
|   |   |   |   `--IDENT -> puppycrawl [1:12]
|   |   |   `--IDENT -> tools [1:23]
|   |   `--IDENT -> checkstyle [1:29]
|   `--IDENT -> asttreestringprinter [1:40]
`--SEMI -> ; [1:60]
CLASS_DEF -> CLASS_DEF [3:0]
|--MODIFIERS -> MODIFIERS [3:0]
|   `--LITERAL_PUBLIC -> public [3:0]
|--LITERAL_CLASS -> class [3:7]
|--IDENT -> InputAstTreeStringPrinterJavadocPosition [3:13]
`--OBJBLOCK -> OBJBLOCK [3:54]
    |--LCURLY -> { [3:54]
    |--METHOD_DEF -> METHOD_DEF [4:4]
    |   |--MODIFIERS -> MODIFIERS [4:4]
    |   |--TYPE -> TYPE [4:4]
    |   |   `--LITERAL_VOID -> void [4:4]
    |   |--IDENT -> method [4:9]
    |   |--LPAREN -> ( [4:15]
    |   |--PARAMETERS -> PARAMETERS [4:16]
    |   |--RPAREN -> ) [4:16]
    |   `--SLIST -> { [4:18]
    |       |--BLOCK_COMMENT_BEGIN -> /* [5:1]
    |       |   |--COMMENT_CONTENT -> *\n\tThis is a method\n\t@return void\n\t<html\n\t [5:3]
    |       |   `--BLOCK_COMMENT_END -> */ [9:1]
    |       `--RCURLY -> } [10:4]
    `--RCURLY -> } [11:0]]
>
	at com.puppycrawl.tools.checkstyle.AstTreeStringPrinterTest.testJavadocPosition(AstTreeStringPrinterTest.java:115)
]]></failure>
  </testcase>
  <testcase name="testParseFileWithComments" classname="com.puppycrawl.tools.checkstyle.AstTreeStringPrinterTest" time="0">
    <failure message="Generated AST from Java file should match pre-defined AST expected:&lt;...DEF -&gt; package [1:0][&#10;|--ANNOTATIONS -&gt; ANNOTATIONS [1:39]&#10;|--DOT -&gt; . [1:39]&#10;|   |--DOT -&gt; . [1:28]&#10;|   |   |--DOT -&gt; . [1:22]&#10;|   |   |   |--DOT -&gt; . [1:11]&#10;|   |   |   |   |--IDENT -&gt; com [1:8]&#10;|   |   |   |   `--IDENT -&gt; puppycrawl [1:12]&#10;|   |   |   `--IDENT -&gt; tools [1:23]&#10;|   |   `--IDENT -&gt; checkstyle [1:29]&#10;|   `--IDENT -&gt; asttreestringprinter [1:40]&#10;`--SEMI -&gt; ; [1:60]&#10;CLASS_DEF -&gt; CLASS_DEF [4:0]&#10;|--MODIFIERS -&gt; MODIFIERS [4:0]&#10;|--BLOCK_COMMENT_BEGIN -&gt; /* [3:0]&#10;|   |--COMMENT_CONTENT -&gt; *my class [3:2]&#10;|   `--BLOCK_COMMENT_END -&gt; */ [3:10]&#10;|--LITERAL_CLASS -&gt; class [4:0]&#10;|--IDENT -&gt; InputAstTreeStringPrinterComments [4:6]&#10;`--OBJBLOCK -&gt; OBJBLOCK [4:40]&#10;    |--LCURLY -&gt; { [4:40]&#10;    |--SINGLE_LINE_COMMENT -&gt; // [5:1]&#10;    |   `--COMMENT_CONTENT -&gt;  no code\n [5:3]&#10;    `--RCURLY -&gt; } [6:0]]&#10;&gt; but was:&lt;...DEF -&gt; package [1:0][&#10;|--ANNOTATIONS -&gt; ANNOTATIONS [1:39]&#10;|--DOT -&gt; . [1:39]&#10;|   |--DOT -&gt; . [1:28]&#10;|   |   |--DOT -&gt; . [1:22]&#10;|   |   |   |--DOT -&gt; . [1:11]&#10;|   |   |   |   |--IDENT -&gt; com [1:8]&#10;|   |   |   |   `--IDENT -&gt; puppycrawl [1:12]&#10;|   |   |   `--IDENT -&gt; tools [1:23]&#10;|   |   `--IDENT -&gt; checkstyle [1:29]&#10;|   `--IDENT -&gt; asttreestringprinter [1:40]&#10;`--SEMI -&gt; ; [1:60]&#10;CLASS_DEF -&gt; CLASS_DEF [4:0]&#10;|--MODIFIERS -&gt; MODIFIERS [4:0]&#10;|--BLOCK_COMMENT_BEGIN -&gt; /* [3:0]&#10;|   |--COMMENT_CONTENT -&gt; *my class [3:2]&#10;|   `--BLOCK_COMMENT_END -&gt; */ [3:10]&#10;|--LITERAL_CLASS -&gt; class [4:0]&#10;|--IDENT -&gt; InputAstTreeStringPrinterComments [4:6]&#10;`--OBJBLOCK -&gt; OBJBLOCK [4:40]&#10;    |--LCURLY -&gt; { [4:40]&#10;    |--SINGLE_LINE_COMMENT -&gt; // [5:1]&#10;    |   `--COMMENT_CONTENT -&gt;  no code\n [5:3]&#10;    `--RCURLY -&gt; } [6:0]&#13;]&#10;&gt;" type="org.junit.ComparisonFailure"><![CDATA[org.junit.ComparisonFailure: 
Generated AST from Java file should match pre-defined AST expected:<...DEF -> package [1:0][
|--ANNOTATIONS -> ANNOTATIONS [1:39]
|--DOT -> . [1:39]
|   |--DOT -> . [1:28]
|   |   |--DOT -> . [1:22]
|   |   |   |--DOT -> . [1:11]
|   |   |   |   |--IDENT -> com [1:8]
|   |   |   |   `--IDENT -> puppycrawl [1:12]
|   |   |   `--IDENT -> tools [1:23]
|   |   `--IDENT -> checkstyle [1:29]
|   `--IDENT -> asttreestringprinter [1:40]
`--SEMI -> ; [1:60]
CLASS_DEF -> CLASS_DEF [4:0]
|--MODIFIERS -> MODIFIERS [4:0]
|--BLOCK_COMMENT_BEGIN -> /* [3:0]
|   |--COMMENT_CONTENT -> *my class [3:2]
|   `--BLOCK_COMMENT_END -> */ [3:10]
|--LITERAL_CLASS -> class [4:0]
|--IDENT -> InputAstTreeStringPrinterComments [4:6]
`--OBJBLOCK -> OBJBLOCK [4:40]
    |--LCURLY -> { [4:40]
    |--SINGLE_LINE_COMMENT -> // [5:1]
    |   `--COMMENT_CONTENT ->  no code\n [5:3]
    `--RCURLY -> } [6:0]]
> but was:<...DEF -> package [1:0][
|--ANNOTATIONS -> ANNOTATIONS [1:39]
|--DOT -> . [1:39]
|   |--DOT -> . [1:28]
|   |   |--DOT -> . [1:22]
|   |   |   |--DOT -> . [1:11]
|   |   |   |   |--IDENT -> com [1:8]
|   |   |   |   `--IDENT -> puppycrawl [1:12]
|   |   |   `--IDENT -> tools [1:23]
|   |   `--IDENT -> checkstyle [1:29]
|   `--IDENT -> asttreestringprinter [1:40]
`--SEMI -> ; [1:60]
CLASS_DEF -> CLASS_DEF [4:0]
|--MODIFIERS -> MODIFIERS [4:0]
|--BLOCK_COMMENT_BEGIN -> /* [3:0]
|   |--COMMENT_CONTENT -> *my class [3:2]
|   `--BLOCK_COMMENT_END -> */ [3:10]
|--LITERAL_CLASS -> class [4:0]
|--IDENT -> InputAstTreeStringPrinterComments [4:6]
`--OBJBLOCK -> OBJBLOCK [4:40]
    |--LCURLY -> { [4:40]
    |--SINGLE_LINE_COMMENT -> // [5:1]
    |   `--COMMENT_CONTENT ->  no code\n [5:3]
    `--RCURLY -> } [6:0]]
>
	at com.puppycrawl.tools.checkstyle.AstTreeStringPrinterTest.testParseFileWithComments(AstTreeStringPrinterTest.java:88)
]]></failure>
  </testcase>
  <testcase name="testParseFileWithJavadoc1" classname="com.puppycrawl.tools.checkstyle.AstTreeStringPrinterTest" time="0.27">
    <failure message="Generated AST from the java file should match the pre-defined AST expected:&lt;...DEF -&gt; package [1:0][&#10;|--ANNOTATIONS -&gt; ANNOTATIONS [1:39]&#10;|--DOT -&gt; . [1:39]&#10;|   |--DOT -&gt; . [1:28]&#10;|   |   |--DOT -&gt; . [1:22]&#10;|   |   |   |--DOT -&gt; . [1:11]&#10;|   |   |   |   |--IDENT -&gt; com [1:8]&#10;|   |   |   |   `--IDENT -&gt; puppycrawl [1:12]&#10;|   |   |   `--IDENT -&gt; tools [1:23]&#10;|   |   `--IDENT -&gt; checkstyle [1:29]&#10;|   `--IDENT -&gt; asttreestringprinter [1:40]&#10;`--SEMI -&gt; ; [1:60]&#10;CLASS_DEF -&gt; CLASS_DEF [4:0]&#10;|--MODIFIERS -&gt; MODIFIERS [4:0]&#10;|--BLOCK_COMMENT_BEGIN -&gt; /* [3:0]&#10;|   |--COMMENT_CONTENT -&gt; *javadoc [3:2]&#10;|   |   `--JAVADOC -&gt; JAVADOC [3:3]&#10;|   |       |--TEXT -&gt; javadoc [3:3]&#10;|   |       `--EOF -&gt; &lt;EOF&gt; [3:10]&#10;|   `--BLOCK_COMMENT_END -&gt; */ [3:9]&#10;|--LITERAL_CLASS -&gt; class [4:0]&#10;|--IDENT -&gt; InputAstTreeStringPrinterJavadoc [4:6]&#10;`--OBJBLOCK -&gt; OBJBLOCK [4:39]&#10;    |--LCURLY -&gt; { [4:39]&#10;    |--METHOD_DEF -&gt; METHOD_DEF [6:4]&#10;    |   |--MODIFIERS -&gt; MODIFIERS [6:4]&#10;    |   |--TYPE -&gt; TYPE [6:4]&#10;    |   |   |--BLOCK_COMMENT_BEGIN -&gt; /* [5:4]&#10;    |   |   |   |--COMMENT_CONTENT -&gt; not javadoc [5:6]&#10;    |   |   |   `--BLOCK_COMMENT_END -&gt; */ [5:16]&#10;    |   |   `--LITERAL_VOID -&gt; void [6:4]&#10;    |   |--IDENT -&gt; m [6:9]&#10;    |   |--LPAREN -&gt; ( [6:10]&#10;    |   |--PARAMETERS -&gt; PARAMETERS [6:11]&#10;    |   |--RPAREN -&gt; ) [6:11]&#10;    |   `--SLIST -&gt; { [6:12]&#10;    |       `--RCURLY -&gt; } [6:13]&#10;    `--RCURLY -&gt; } [7:0]]&#10;&gt; but was:&lt;...DEF -&gt; package [1:0][&#10;|--ANNOTATIONS -&gt; ANNOTATIONS [1:39]&#10;|--DOT -&gt; . [1:39]&#10;|   |--DOT -&gt; . [1:28]&#10;|   |   |--DOT -&gt; . [1:22]&#10;|   |   |   |--DOT -&gt; . [1:11]&#10;|   |   |   |   |--IDENT -&gt; com [1:8]&#10;|   |   |   |   `--IDENT -&gt; puppycrawl [1:12]&#10;|   |   |   `--IDENT -&gt; tools [1:23]&#10;|   |   `--IDENT -&gt; checkstyle [1:29]&#10;|   `--IDENT -&gt; asttreestringprinter [1:40]&#10;`--SEMI -&gt; ; [1:60]&#10;CLASS_DEF -&gt; CLASS_DEF [4:0]&#10;|--MODIFIERS -&gt; MODIFIERS [4:0]&#10;|--BLOCK_COMMENT_BEGIN -&gt; /* [3:0]&#10;|   |--COMMENT_CONTENT -&gt; *javadoc [3:2]&#10;|   |   `--JAVADOC -&gt; JAVADOC [3:3]&#10;|   |       |--TEXT -&gt; javadoc [3:3]&#10;|   |       `--EOF -&gt; &lt;EOF&gt; [3:10]&#10;|   `--BLOCK_COMMENT_END -&gt; */ [3:9]&#10;|--LITERAL_CLASS -&gt; class [4:0]&#10;|--IDENT -&gt; InputAstTreeStringPrinterJavadoc [4:6]&#10;`--OBJBLOCK -&gt; OBJBLOCK [4:39]&#10;    |--LCURLY -&gt; { [4:39]&#10;    |--METHOD_DEF -&gt; METHOD_DEF [6:4]&#10;    |   |--MODIFIERS -&gt; MODIFIERS [6:4]&#10;    |   |--TYPE -&gt; TYPE [6:4]&#10;    |   |   |--BLOCK_COMMENT_BEGIN -&gt; /* [5:4]&#10;    |   |   |   |--COMMENT_CONTENT -&gt; not javadoc [5:6]&#10;    |   |   |   `--BLOCK_COMMENT_END -&gt; */ [5:16]&#10;    |   |   `--LITERAL_VOID -&gt; void [6:4]&#10;    |   |--IDENT -&gt; m [6:9]&#10;    |   |--LPAREN -&gt; ( [6:10]&#10;    |   |--PARAMETERS -&gt; PARAMETERS [6:11]&#10;    |   |--RPAREN -&gt; ) [6:11]&#10;    |   `--SLIST -&gt; { [6:12]&#10;    |       `--RCURLY -&gt; } [6:13]&#10;    `--RCURLY -&gt; } [7:0]&#13;]&#10;&gt;" type="org.junit.ComparisonFailure"><![CDATA[org.junit.ComparisonFailure: 
Generated AST from the java file should match the pre-defined AST expected:<...DEF -> package [1:0][
|--ANNOTATIONS -> ANNOTATIONS [1:39]
|--DOT -> . [1:39]
|   |--DOT -> . [1:28]
|   |   |--DOT -> . [1:22]
|   |   |   |--DOT -> . [1:11]
|   |   |   |   |--IDENT -> com [1:8]
|   |   |   |   `--IDENT -> puppycrawl [1:12]
|   |   |   `--IDENT -> tools [1:23]
|   |   `--IDENT -> checkstyle [1:29]
|   `--IDENT -> asttreestringprinter [1:40]
`--SEMI -> ; [1:60]
CLASS_DEF -> CLASS_DEF [4:0]
|--MODIFIERS -> MODIFIERS [4:0]
|--BLOCK_COMMENT_BEGIN -> /* [3:0]
|   |--COMMENT_CONTENT -> *javadoc [3:2]
|   |   `--JAVADOC -> JAVADOC [3:3]
|   |       |--TEXT -> javadoc [3:3]
|   |       `--EOF -> <EOF> [3:10]
|   `--BLOCK_COMMENT_END -> */ [3:9]
|--LITERAL_CLASS -> class [4:0]
|--IDENT -> InputAstTreeStringPrinterJavadoc [4:6]
`--OBJBLOCK -> OBJBLOCK [4:39]
    |--LCURLY -> { [4:39]
    |--METHOD_DEF -> METHOD_DEF [6:4]
    |   |--MODIFIERS -> MODIFIERS [6:4]
    |   |--TYPE -> TYPE [6:4]
    |   |   |--BLOCK_COMMENT_BEGIN -> /* [5:4]
    |   |   |   |--COMMENT_CONTENT -> not javadoc [5:6]
    |   |   |   `--BLOCK_COMMENT_END -> */ [5:16]
    |   |   `--LITERAL_VOID -> void [6:4]
    |   |--IDENT -> m [6:9]
    |   |--LPAREN -> ( [6:10]
    |   |--PARAMETERS -> PARAMETERS [6:11]
    |   |--RPAREN -> ) [6:11]
    |   `--SLIST -> { [6:12]
    |       `--RCURLY -> } [6:13]
    `--RCURLY -> } [7:0]]
> but was:<...DEF -> package [1:0][
|--ANNOTATIONS -> ANNOTATIONS [1:39]
|--DOT -> . [1:39]
|   |--DOT -> . [1:28]
|   |   |--DOT -> . [1:22]
|   |   |   |--DOT -> . [1:11]
|   |   |   |   |--IDENT -> com [1:8]
|   |   |   |   `--IDENT -> puppycrawl [1:12]
|   |   |   `--IDENT -> tools [1:23]
|   |   `--IDENT -> checkstyle [1:29]
|   `--IDENT -> asttreestringprinter [1:40]
`--SEMI -> ; [1:60]
CLASS_DEF -> CLASS_DEF [4:0]
|--MODIFIERS -> MODIFIERS [4:0]
|--BLOCK_COMMENT_BEGIN -> /* [3:0]
|   |--COMMENT_CONTENT -> *javadoc [3:2]
|   |   `--JAVADOC -> JAVADOC [3:3]
|   |       |--TEXT -> javadoc [3:3]
|   |       `--EOF -> <EOF> [3:10]
|   `--BLOCK_COMMENT_END -> */ [3:9]
|--LITERAL_CLASS -> class [4:0]
|--IDENT -> InputAstTreeStringPrinterJavadoc [4:6]
`--OBJBLOCK -> OBJBLOCK [4:39]
    |--LCURLY -> { [4:39]
    |--METHOD_DEF -> METHOD_DEF [6:4]
    |   |--MODIFIERS -> MODIFIERS [6:4]
    |   |--TYPE -> TYPE [6:4]
    |   |   |--BLOCK_COMMENT_BEGIN -> /* [5:4]
    |   |   |   |--COMMENT_CONTENT -> not javadoc [5:6]
    |   |   |   `--BLOCK_COMMENT_END -> */ [5:16]
    |   |   `--LITERAL_VOID -> void [6:4]
    |   |--IDENT -> m [6:9]
    |   |--LPAREN -> ( [6:10]
    |   |--PARAMETERS -> PARAMETERS [6:11]
    |   |--RPAREN -> ) [6:11]
    |   `--SLIST -> { [6:12]
    |       `--RCURLY -> } [6:13]
    `--RCURLY -> } [7:0]]
>
	at com.puppycrawl.tools.checkstyle.AstTreeStringPrinterTest.testParseFileWithJavadoc1(AstTreeStringPrinterTest.java:95)
]]></failure>
  </testcase>
  <testcase name="testParseFileWithJavadoc2" classname="com.puppycrawl.tools.checkstyle.AstTreeStringPrinterTest" time="0.016">
    <failure message="Generated AST from the java file should match the pre-defined AST expected:&lt;...DEF -&gt; package [1:0][&#10;|--ANNOTATIONS -&gt; ANNOTATIONS [1:39]&#10;|--DOT -&gt; . [1:39]&#10;|   |--DOT -&gt; . [1:28]&#10;|   |   |--DOT -&gt; . [1:22]&#10;|   |   |   |--DOT -&gt; . [1:11]&#10;|   |   |   |   |--IDENT -&gt; com [1:8]&#10;|   |   |   |   `--IDENT -&gt; puppycrawl [1:12]&#10;|   |   |   `--IDENT -&gt; tools [1:23]&#10;|   |   `--IDENT -&gt; checkstyle [1:29]&#10;|   `--IDENT -&gt; asttreestringprinter [1:40]&#10;`--SEMI -&gt; ; [1:60]&#10;CLASS_DEF -&gt; CLASS_DEF [6:0]&#10;|--MODIFIERS -&gt; MODIFIERS [6:0]&#10;|   |--BLOCK_COMMENT_BEGIN -&gt; /* [3:0]&#10;|   |   |--COMMENT_CONTENT -&gt; *\n* some text\n [3:2]&#10;|   |   |   `--JAVADOC -&gt; JAVADOC [3:3]&#10;|   |   |       |--NEWLINE -&gt; \n [3:3]&#10;|   |   |       |--LEADING_ASTERISK -&gt; * [4:0]&#10;|   |   |       |--TEXT -&gt;  some text [4:1]&#10;|   |   |       |--NEWLINE -&gt; \n [4:11]&#10;|   |   |       `--EOF -&gt; &lt;EOF&gt; [5:0]&#10;|   |   `--BLOCK_COMMENT_END -&gt; */ [5:0]&#10;|   `--LITERAL_PUBLIC -&gt; public [6:0]&#10;|--LITERAL_CLASS -&gt; class [6:7]&#10;|--IDENT -&gt; InputAstTreeStringPrinterJavaAndJavadoc [6:13]&#10;`--OBJBLOCK -&gt; OBJBLOCK [6:53]&#10;    |--LCURLY -&gt; { [6:53]&#10;    `--RCURLY -&gt; } [8:0]]&#10;&gt; but was:&lt;...DEF -&gt; package [1:0][&#10;|--ANNOTATIONS -&gt; ANNOTATIONS [1:39]&#10;|--DOT -&gt; . [1:39]&#10;|   |--DOT -&gt; . [1:28]&#10;|   |   |--DOT -&gt; . [1:22]&#10;|   |   |   |--DOT -&gt; . [1:11]&#10;|   |   |   |   |--IDENT -&gt; com [1:8]&#10;|   |   |   |   `--IDENT -&gt; puppycrawl [1:12]&#10;|   |   |   `--IDENT -&gt; tools [1:23]&#10;|   |   `--IDENT -&gt; checkstyle [1:29]&#10;|   `--IDENT -&gt; asttreestringprinter [1:40]&#10;`--SEMI -&gt; ; [1:60]&#10;CLASS_DEF -&gt; CLASS_DEF [6:0]&#10;|--MODIFIERS -&gt; MODIFIERS [6:0]&#10;|   |--BLOCK_COMMENT_BEGIN -&gt; /* [3:0]&#10;|   |   |--COMMENT_CONTENT -&gt; *\n* some text\n [3:2]&#10;|   |   |   `--JAVADOC -&gt; JAVADOC [3:3]&#10;|   |   |       |--NEWLINE -&gt; \n [3:3]&#10;|   |   |       |--LEADING_ASTERISK -&gt; * [4:0]&#10;|   |   |       |--TEXT -&gt;  some text [4:1]&#10;|   |   |       |--NEWLINE -&gt; \n [4:11]&#10;|   |   |       `--EOF -&gt; &lt;EOF&gt; [5:0]&#10;|   |   `--BLOCK_COMMENT_END -&gt; */ [5:0]&#10;|   `--LITERAL_PUBLIC -&gt; public [6:0]&#10;|--LITERAL_CLASS -&gt; class [6:7]&#10;|--IDENT -&gt; InputAstTreeStringPrinterJavaAndJavadoc [6:13]&#10;`--OBJBLOCK -&gt; OBJBLOCK [6:53]&#10;    |--LCURLY -&gt; { [6:53]&#10;    `--RCURLY -&gt; } [8:0]&#13;]&#10;&gt;" type="org.junit.ComparisonFailure"><![CDATA[org.junit.ComparisonFailure: 
Generated AST from the java file should match the pre-defined AST expected:<...DEF -> package [1:0][
|--ANNOTATIONS -> ANNOTATIONS [1:39]
|--DOT -> . [1:39]
|   |--DOT -> . [1:28]
|   |   |--DOT -> . [1:22]
|   |   |   |--DOT -> . [1:11]
|   |   |   |   |--IDENT -> com [1:8]
|   |   |   |   `--IDENT -> puppycrawl [1:12]
|   |   |   `--IDENT -> tools [1:23]
|   |   `--IDENT -> checkstyle [1:29]
|   `--IDENT -> asttreestringprinter [1:40]
`--SEMI -> ; [1:60]
CLASS_DEF -> CLASS_DEF [6:0]
|--MODIFIERS -> MODIFIERS [6:0]
|   |--BLOCK_COMMENT_BEGIN -> /* [3:0]
|   |   |--COMMENT_CONTENT -> *\n* some text\n [3:2]
|   |   |   `--JAVADOC -> JAVADOC [3:3]
|   |   |       |--NEWLINE -> \n [3:3]
|   |   |       |--LEADING_ASTERISK -> * [4:0]
|   |   |       |--TEXT ->  some text [4:1]
|   |   |       |--NEWLINE -> \n [4:11]
|   |   |       `--EOF -> <EOF> [5:0]
|   |   `--BLOCK_COMMENT_END -> */ [5:0]
|   `--LITERAL_PUBLIC -> public [6:0]
|--LITERAL_CLASS -> class [6:7]
|--IDENT -> InputAstTreeStringPrinterJavaAndJavadoc [6:13]
`--OBJBLOCK -> OBJBLOCK [6:53]
    |--LCURLY -> { [6:53]
    `--RCURLY -> } [8:0]]
> but was:<...DEF -> package [1:0][
|--ANNOTATIONS -> ANNOTATIONS [1:39]
|--DOT -> . [1:39]
|   |--DOT -> . [1:28]
|   |   |--DOT -> . [1:22]
|   |   |   |--DOT -> . [1:11]
|   |   |   |   |--IDENT -> com [1:8]
|   |   |   |   `--IDENT -> puppycrawl [1:12]
|   |   |   `--IDENT -> tools [1:23]
|   |   `--IDENT -> checkstyle [1:29]
|   `--IDENT -> asttreestringprinter [1:40]
`--SEMI -> ; [1:60]
CLASS_DEF -> CLASS_DEF [6:0]
|--MODIFIERS -> MODIFIERS [6:0]
|   |--BLOCK_COMMENT_BEGIN -> /* [3:0]
|   |   |--COMMENT_CONTENT -> *\n* some text\n [3:2]
|   |   |   `--JAVADOC -> JAVADOC [3:3]
|   |   |       |--NEWLINE -> \n [3:3]
|   |   |       |--LEADING_ASTERISK -> * [4:0]
|   |   |       |--TEXT ->  some text [4:1]
|   |   |       |--NEWLINE -> \n [4:11]
|   |   |       `--EOF -> <EOF> [5:0]
|   |   `--BLOCK_COMMENT_END -> */ [5:0]
|   `--LITERAL_PUBLIC -> public [6:0]
|--LITERAL_CLASS -> class [6:7]
|--IDENT -> InputAstTreeStringPrinterJavaAndJavadoc [6:13]
`--OBJBLOCK -> OBJBLOCK [6:53]
    |--LCURLY -> { [6:53]
    `--RCURLY -> } [8:0]]
>
	at com.puppycrawl.tools.checkstyle.AstTreeStringPrinterTest.testParseFileWithJavadoc2(AstTreeStringPrinterTest.java:101)
]]></failure>
  </testcase>
  <testcase name="testParseFileWithJavadoc3" classname="com.puppycrawl.tools.checkstyle.AstTreeStringPrinterTest" time="0.016">
    <failure message="Generated AST from the java file should match the pre-defined AST expected:&lt;...DEF -&gt; package [1:0][&#10;|--ANNOTATIONS -&gt; ANNOTATIONS [1:39]&#10;|--DOT -&gt; . [1:39]&#10;|   |--DOT -&gt; . [1:28]&#10;|   |   |--DOT -&gt; . [1:22]&#10;|   |   |   |--DOT -&gt; . [1:11]&#10;|   |   |   |   |--IDENT -&gt; com [1:8]&#10;|   |   |   |   `--IDENT -&gt; puppycrawl [1:12]&#10;|   |   |   `--IDENT -&gt; tools [1:23]&#10;|   |   `--IDENT -&gt; checkstyle [1:29]&#10;|   `--IDENT -&gt; asttreestringprinter [1:40]&#10;`--SEMI -&gt; ; [1:60]&#10;CLASS_DEF -&gt; CLASS_DEF [6:0]&#10;|--MODIFIERS -&gt; MODIFIERS [6:0]&#10;|--BLOCK_COMMENT_BEGIN -&gt; /* [3:0]&#10;|   |--COMMENT_CONTENT -&gt; *\n* class javadoc\n [3:2]&#10;|   |   `--JAVADOC -&gt; JAVADOC [3:3]&#10;|   |       |--NEWLINE -&gt; \n [3:3]&#10;|   |       |--LEADING_ASTERISK -&gt; * [4:0]&#10;|   |       |--TEXT -&gt;  class javadoc [4:1]&#10;|   |       |--NEWLINE -&gt; \n [4:15]&#10;|   |       `--EOF -&gt; &lt;EOF&gt; [5:0]&#10;|   `--BLOCK_COMMENT_END -&gt; */ [5:0]&#10;|--LITERAL_CLASS -&gt; class [6:0]&#10;|--IDENT -&gt; InputAstTreeStringPrinterAttributesAndMethodsJavadoc [6:6]&#10;`--OBJBLOCK -&gt; OBJBLOCK [6:59]&#10;    |--LCURLY -&gt; { [6:59]&#10;    |--VARIABLE_DEF -&gt; VARIABLE_DEF [9:4]&#10;    |   |--MODIFIERS -&gt; MODIFIERS [9:4]&#10;    |   |--TYPE -&gt; TYPE [9:4]&#10;    |   |   |--BLOCK_COMMENT_BEGIN -&gt; /* [8:4]&#10;    |   |   |   |--COMMENT_CONTENT -&gt; * attribute javadoc [8:6]&#10;    |   |   |   |   `--JAVADOC -&gt; JAVADOC [8:7]&#10;    |   |   |   |       |--TEXT -&gt;  attribute javadoc [8:7]&#10;    |   |   |   |       `--EOF -&gt; &lt;EOF&gt; [8:25]&#10;    |   |   |   `--BLOCK_COMMENT_END -&gt; */ [8:24]&#10;    |   |   `--LITERAL_INT -&gt; int [9:4]&#10;    |   |--IDENT -&gt; attribute [9:8]&#10;    |   `--SEMI -&gt; ; [9:17]&#10;    |--METHOD_DEF -&gt; METHOD_DEF [14:4]&#10;    |   |--MODIFIERS -&gt; MODIFIERS [14:4]&#10;    |   |   |--BLOCK_COMMENT_BEGIN -&gt; /* [11:4]&#10;    |   |   |   |--COMMENT_CONTENT -&gt; *\n    * method javadoc\n     [11:6]&#10;    |   |   |   |   `--JAVADOC -&gt; JAVADOC [11:7]&#10;    |   |   |   |       |--NEWLINE -&gt; \n [11:7]&#10;    |   |   |   |       |--LEADING_ASTERISK -&gt;     * [12:0]&#10;    |   |   |   |       |--TEXT -&gt;  method javadoc [12:5]&#10;    |   |   |   |       |--NEWLINE -&gt; \n [12:20]&#10;    |   |   |   |       |--TEXT -&gt;      [13:0]&#10;    |   |   |   |       `--EOF -&gt; &lt;EOF&gt; [13:4]&#10;    |   |   |   `--BLOCK_COMMENT_END -&gt; */ [13:4]&#10;    |   |   `--LITERAL_PUBLIC -&gt; public [14:4]&#10;    |   |--TYPE -&gt; TYPE [14:11]&#10;    |   |   `--LITERAL_VOID -&gt; void [14:11]&#10;    |   |--IDENT -&gt; method [14:16]&#10;    |   |--LPAREN -&gt; ( [14:22]&#10;    |   |--PARAMETERS -&gt; PARAMETERS [14:23]&#10;    |   |--RPAREN -&gt; ) [14:23]&#10;    |   `--SLIST -&gt; { [14:25]&#10;    |       `--RCURLY -&gt; } [14:27]&#10;    `--RCURLY -&gt; } [16:0]]&#10;&gt; but was:&lt;...DEF -&gt; package [1:0][&#10;|--ANNOTATIONS -&gt; ANNOTATIONS [1:39]&#10;|--DOT -&gt; . [1:39]&#10;|   |--DOT -&gt; . [1:28]&#10;|   |   |--DOT -&gt; . [1:22]&#10;|   |   |   |--DOT -&gt; . [1:11]&#10;|   |   |   |   |--IDENT -&gt; com [1:8]&#10;|   |   |   |   `--IDENT -&gt; puppycrawl [1:12]&#10;|   |   |   `--IDENT -&gt; tools [1:23]&#10;|   |   `--IDENT -&gt; checkstyle [1:29]&#10;|   `--IDENT -&gt; asttreestringprinter [1:40]&#10;`--SEMI -&gt; ; [1:60]&#10;CLASS_DEF -&gt; CLASS_DEF [6:0]&#10;|--MODIFIERS -&gt; MODIFIERS [6:0]&#10;|--BLOCK_COMMENT_BEGIN -&gt; /* [3:0]&#10;|   |--COMMENT_CONTENT -&gt; *\n* class javadoc\n [3:2]&#10;|   |   `--JAVADOC -&gt; JAVADOC [3:3]&#10;|   |       |--NEWLINE -&gt; \n [3:3]&#10;|   |       |--LEADING_ASTERISK -&gt; * [4:0]&#10;|   |       |--TEXT -&gt;  class javadoc [4:1]&#10;|   |       |--NEWLINE -&gt; \n [4:15]&#10;|   |       `--EOF -&gt; &lt;EOF&gt; [5:0]&#10;|   `--BLOCK_COMMENT_END -&gt; */ [5:0]&#10;|--LITERAL_CLASS -&gt; class [6:0]&#10;|--IDENT -&gt; InputAstTreeStringPrinterAttributesAndMethodsJavadoc [6:6]&#10;`--OBJBLOCK -&gt; OBJBLOCK [6:59]&#10;    |--LCURLY -&gt; { [6:59]&#10;    |--VARIABLE_DEF -&gt; VARIABLE_DEF [9:4]&#10;    |   |--MODIFIERS -&gt; MODIFIERS [9:4]&#10;    |   |--TYPE -&gt; TYPE [9:4]&#10;    |   |   |--BLOCK_COMMENT_BEGIN -&gt; /* [8:4]&#10;    |   |   |   |--COMMENT_CONTENT -&gt; * attribute javadoc [8:6]&#10;    |   |   |   |   `--JAVADOC -&gt; JAVADOC [8:7]&#10;    |   |   |   |       |--TEXT -&gt;  attribute javadoc [8:7]&#10;    |   |   |   |       `--EOF -&gt; &lt;EOF&gt; [8:25]&#10;    |   |   |   `--BLOCK_COMMENT_END -&gt; */ [8:24]&#10;    |   |   `--LITERAL_INT -&gt; int [9:4]&#10;    |   |--IDENT -&gt; attribute [9:8]&#10;    |   `--SEMI -&gt; ; [9:17]&#10;    |--METHOD_DEF -&gt; METHOD_DEF [14:4]&#10;    |   |--MODIFIERS -&gt; MODIFIERS [14:4]&#10;    |   |   |--BLOCK_COMMENT_BEGIN -&gt; /* [11:4]&#10;    |   |   |   |--COMMENT_CONTENT -&gt; *\n    * method javadoc\n     [11:6]&#10;    |   |   |   |   `--JAVADOC -&gt; JAVADOC [11:7]&#10;    |   |   |   |       |--NEWLINE -&gt; \n [11:7]&#10;    |   |   |   |       |--LEADING_ASTERISK -&gt;     * [12:0]&#10;    |   |   |   |       |--TEXT -&gt;  method javadoc [12:5]&#10;    |   |   |   |       |--NEWLINE -&gt; \n [12:20]&#10;    |   |   |   |       |--TEXT -&gt;      [13:0]&#10;    |   |   |   |       `--EOF -&gt; &lt;EOF&gt; [13:4]&#10;    |   |   |   `--BLOCK_COMMENT_END -&gt; */ [13:4]&#10;    |   |   `--LITERAL_PUBLIC -&gt; public [14:4]&#10;    |   |--TYPE -&gt; TYPE [14:11]&#10;    |   |   `--LITERAL_VOID -&gt; void [14:11]&#10;    |   |--IDENT -&gt; method [14:16]&#10;    |   |--LPAREN -&gt; ( [14:22]&#10;    |   |--PARAMETERS -&gt; PARAMETERS [14:23]&#10;    |   |--RPAREN -&gt; ) [14:23]&#10;    |   `--SLIST -&gt; { [14:25]&#10;    |       `--RCURLY -&gt; } [14:27]&#10;    `--RCURLY -&gt; } [16:0]&#13;]&#10;&gt;" type="org.junit.ComparisonFailure"><![CDATA[org.junit.ComparisonFailure: 
Generated AST from the java file should match the pre-defined AST expected:<...DEF -> package [1:0][
|--ANNOTATIONS -> ANNOTATIONS [1:39]
|--DOT -> . [1:39]
|   |--DOT -> . [1:28]
|   |   |--DOT -> . [1:22]
|   |   |   |--DOT -> . [1:11]
|   |   |   |   |--IDENT -> com [1:8]
|   |   |   |   `--IDENT -> puppycrawl [1:12]
|   |   |   `--IDENT -> tools [1:23]
|   |   `--IDENT -> checkstyle [1:29]
|   `--IDENT -> asttreestringprinter [1:40]
`--SEMI -> ; [1:60]
CLASS_DEF -> CLASS_DEF [6:0]
|--MODIFIERS -> MODIFIERS [6:0]
|--BLOCK_COMMENT_BEGIN -> /* [3:0]
|   |--COMMENT_CONTENT -> *\n* class javadoc\n [3:2]
|   |   `--JAVADOC -> JAVADOC [3:3]
|   |       |--NEWLINE -> \n [3:3]
|   |       |--LEADING_ASTERISK -> * [4:0]
|   |       |--TEXT ->  class javadoc [4:1]
|   |       |--NEWLINE -> \n [4:15]
|   |       `--EOF -> <EOF> [5:0]
|   `--BLOCK_COMMENT_END -> */ [5:0]
|--LITERAL_CLASS -> class [6:0]
|--IDENT -> InputAstTreeStringPrinterAttributesAndMethodsJavadoc [6:6]
`--OBJBLOCK -> OBJBLOCK [6:59]
    |--LCURLY -> { [6:59]
    |--VARIABLE_DEF -> VARIABLE_DEF [9:4]
    |   |--MODIFIERS -> MODIFIERS [9:4]
    |   |--TYPE -> TYPE [9:4]
    |   |   |--BLOCK_COMMENT_BEGIN -> /* [8:4]
    |   |   |   |--COMMENT_CONTENT -> * attribute javadoc [8:6]
    |   |   |   |   `--JAVADOC -> JAVADOC [8:7]
    |   |   |   |       |--TEXT ->  attribute javadoc [8:7]
    |   |   |   |       `--EOF -> <EOF> [8:25]
    |   |   |   `--BLOCK_COMMENT_END -> */ [8:24]
    |   |   `--LITERAL_INT -> int [9:4]
    |   |--IDENT -> attribute [9:8]
    |   `--SEMI -> ; [9:17]
    |--METHOD_DEF -> METHOD_DEF [14:4]
    |   |--MODIFIERS -> MODIFIERS [14:4]
    |   |   |--BLOCK_COMMENT_BEGIN -> /* [11:4]
    |   |   |   |--COMMENT_CONTENT -> *\n    * method javadoc\n     [11:6]
    |   |   |   |   `--JAVADOC -> JAVADOC [11:7]
    |   |   |   |       |--NEWLINE -> \n [11:7]
    |   |   |   |       |--LEADING_ASTERISK ->     * [12:0]
    |   |   |   |       |--TEXT ->  method javadoc [12:5]
    |   |   |   |       |--NEWLINE -> \n [12:20]
    |   |   |   |       |--TEXT ->      [13:0]
    |   |   |   |       `--EOF -> <EOF> [13:4]
    |   |   |   `--BLOCK_COMMENT_END -> */ [13:4]
    |   |   `--LITERAL_PUBLIC -> public [14:4]
    |   |--TYPE -> TYPE [14:11]
    |   |   `--LITERAL_VOID -> void [14:11]
    |   |--IDENT -> method [14:16]
    |   |--LPAREN -> ( [14:22]
    |   |--PARAMETERS -> PARAMETERS [14:23]
    |   |--RPAREN -> ) [14:23]
    |   `--SLIST -> { [14:25]
    |       `--RCURLY -> } [14:27]
    `--RCURLY -> } [16:0]]
> but was:<...DEF -> package [1:0][
|--ANNOTATIONS -> ANNOTATIONS [1:39]
|--DOT -> . [1:39]
|   |--DOT -> . [1:28]
|   |   |--DOT -> . [1:22]
|   |   |   |--DOT -> . [1:11]
|   |   |   |   |--IDENT -> com [1:8]
|   |   |   |   `--IDENT -> puppycrawl [1:12]
|   |   |   `--IDENT -> tools [1:23]
|   |   `--IDENT -> checkstyle [1:29]
|   `--IDENT -> asttreestringprinter [1:40]
`--SEMI -> ; [1:60]
CLASS_DEF -> CLASS_DEF [6:0]
|--MODIFIERS -> MODIFIERS [6:0]
|--BLOCK_COMMENT_BEGIN -> /* [3:0]
|   |--COMMENT_CONTENT -> *\n* class javadoc\n [3:2]
|   |   `--JAVADOC -> JAVADOC [3:3]
|   |       |--NEWLINE -> \n [3:3]
|   |       |--LEADING_ASTERISK -> * [4:0]
|   |       |--TEXT ->  class javadoc [4:1]
|   |       |--NEWLINE -> \n [4:15]
|   |       `--EOF -> <EOF> [5:0]
|   `--BLOCK_COMMENT_END -> */ [5:0]
|--LITERAL_CLASS -> class [6:0]
|--IDENT -> InputAstTreeStringPrinterAttributesAndMethodsJavadoc [6:6]
`--OBJBLOCK -> OBJBLOCK [6:59]
    |--LCURLY -> { [6:59]
    |--VARIABLE_DEF -> VARIABLE_DEF [9:4]
    |   |--MODIFIERS -> MODIFIERS [9:4]
    |   |--TYPE -> TYPE [9:4]
    |   |   |--BLOCK_COMMENT_BEGIN -> /* [8:4]
    |   |   |   |--COMMENT_CONTENT -> * attribute javadoc [8:6]
    |   |   |   |   `--JAVADOC -> JAVADOC [8:7]
    |   |   |   |       |--TEXT ->  attribute javadoc [8:7]
    |   |   |   |       `--EOF -> <EOF> [8:25]
    |   |   |   `--BLOCK_COMMENT_END -> */ [8:24]
    |   |   `--LITERAL_INT -> int [9:4]
    |   |--IDENT -> attribute [9:8]
    |   `--SEMI -> ; [9:17]
    |--METHOD_DEF -> METHOD_DEF [14:4]
    |   |--MODIFIERS -> MODIFIERS [14:4]
    |   |   |--BLOCK_COMMENT_BEGIN -> /* [11:4]
    |   |   |   |--COMMENT_CONTENT -> *\n    * method javadoc\n     [11:6]
    |   |   |   |   `--JAVADOC -> JAVADOC [11:7]
    |   |   |   |       |--NEWLINE -> \n [11:7]
    |   |   |   |       |--LEADING_ASTERISK ->     * [12:0]
    |   |   |   |       |--TEXT ->  method javadoc [12:5]
    |   |   |   |       |--NEWLINE -> \n [12:20]
    |   |   |   |       |--TEXT ->      [13:0]
    |   |   |   |       `--EOF -> <EOF> [13:4]
    |   |   |   `--BLOCK_COMMENT_END -> */ [13:4]
    |   |   `--LITERAL_PUBLIC -> public [14:4]
    |   |--TYPE -> TYPE [14:11]
    |   |   `--LITERAL_VOID -> void [14:11]
    |   |--IDENT -> method [14:16]
    |   |--LPAREN -> ( [14:22]
    |   |--PARAMETERS -> PARAMETERS [14:23]
    |   |--RPAREN -> ) [14:23]
    |   `--SLIST -> { [14:25]
    |       `--RCURLY -> } [14:27]
    `--RCURLY -> } [16:0]]
>
	at com.puppycrawl.tools.checkstyle.AstTreeStringPrinterTest.testParseFileWithJavadoc3(AstTreeStringPrinterTest.java:107)
]]></failure>
  </testcase>
</testsuite>