<?xml version="1.0" encoding="UTF-8"?>
<testsuite xmlns:xsi="http://www.w3.org/2001/XMLSchema-instance" xsi:noNamespaceSchemaLocation="https://maven.apache.org/surefire/maven-surefire-plugin/xsd/surefire-test-report.xsd" name="com.puppycrawl.tools.checkstyle.checks.coding.PackageDeclarationCheckTest" time="0.203" tests="11" errors="0" skipped="0" failures="0">
  <properties>
    <property name="sun.desktop" value="windows"/>
    <property name="awt.toolkit" value="sun.awt.windows.WToolkit"/>
    <property name="java.specification.version" value="11"/>
    <property name="sun.cpu.isalist" value="amd64"/>
    <property name="sun.jnu.encoding" value="Cp1252"/>
    <property name="java.class.path" value="C:\Users\Farzad Omarzadeh\Desktop\Project-SM\checkstyle-checkstyle-8.21\target\test-classes;C:\Users\Farzad Omarzadeh\Desktop\Project-SM\checkstyle-checkstyle-8.21\target\classes;C:\Users\Farzad Omarzadeh\.m2\repository\info\picocli\picocli\3.9.6\picocli-3.9.6.jar;C:\Users\Farzad Omarzadeh\.m2\repository\antlr\antlr\2.7.7\antlr-2.7.7.jar;C:\Users\Farzad Omarzadeh\.m2\repository\org\antlr\antlr4-runtime\4.7.2\antlr4-runtime-4.7.2.jar;C:\Users\Farzad Omarzadeh\.m2\repository\commons-beanutils\commons-beanutils\1.9.3\commons-beanutils-1.9.3.jar;C:\Users\Farzad Omarzadeh\.m2\repository\commons-logging\commons-logging\1.2\commons-logging-1.2.jar;C:\Users\Farzad Omarzadeh\.m2\repository\commons-collections\commons-collections\3.2.2\commons-collections-3.2.2.jar;C:\Users\Farzad Omarzadeh\.m2\repository\com\google\guava\guava\27.1-jre\guava-27.1-jre.jar;C:\Users\Farzad Omarzadeh\.m2\repository\com\google\guava\failureaccess\1.0.1\failureaccess-1.0.1.jar;C:\Users\Farzad Omarzadeh\.m2\repository\com\google\guava\listenablefuture\9999.0-empty-to-avoid-conflict-with-guava\listenablefuture-9999.0-empty-to-avoid-conflict-with-guava.jar;C:\Users\Farzad Omarzadeh\.m2\repository\com\google\code\findbugs\jsr305\3.0.2\jsr305-3.0.2.jar;C:\Users\Farzad Omarzadeh\.m2\repository\org\checkerframework\checker-qual\2.5.2\checker-qual-2.5.2.jar;C:\Users\Farzad Omarzadeh\.m2\repository\com\google\errorprone\error_prone_annotations\2.2.0\error_prone_annotations-2.2.0.jar;C:\Users\Farzad Omarzadeh\.m2\repository\com\google\j2objc\j2objc-annotations\1.1\j2objc-annotations-1.1.jar;C:\Users\Farzad Omarzadeh\.m2\repository\org\codehaus\mojo\animal-sniffer-annotations\1.17\animal-sniffer-annotations-1.17.jar;C:\Users\Farzad Omarzadeh\.m2\repository\org\apache\ant\ant\1.10.6\ant-1.10.6.jar;C:\Users\Farzad Omarzadeh\.m2\repository\org\apache\ant\ant-launcher\1.10.6\ant-launcher-1.10.6.jar;C:\Users\Farzad Omarzadeh\.m2\repository\junit\junit\4.12\junit-4.12.jar;C:\Users\Farzad Omarzadeh\.m2\repository\org\hamcrest\hamcrest-core\1.3\hamcrest-core-1.3.jar;C:\Users\Farzad Omarzadeh\.m2\repository\com\github\stefanbirkner\system-rules\1.19.0\system-rules-1.19.0.jar;C:\Users\Farzad Omarzadeh\.m2\repository\nl\jqno\equalsverifier\equalsverifier\3.1.8\equalsverifier-3.1.8.jar;C:\Users\Farzad Omarzadeh\.m2\repository\org\powermock\powermock-api-mockito2\2.0.2\powermock-api-mockito2-2.0.2.jar;C:\Users\Farzad Omarzadeh\.m2\repository\org\powermock\powermock-api-support\2.0.2\powermock-api-support-2.0.2.jar;C:\Users\Farzad Omarzadeh\.m2\repository\org\powermock\powermock-reflect\2.0.2\powermock-reflect-2.0.2.jar;C:\Users\Farzad Omarzadeh\.m2\repository\net\bytebuddy\byte-buddy\1.9.3\byte-buddy-1.9.3.jar;C:\Users\Farzad Omarzadeh\.m2\repository\net\bytebuddy\byte-buddy-agent\1.9.3\byte-buddy-agent-1.9.3.jar;C:\Users\Farzad Omarzadeh\.m2\repository\org\powermock\powermock-core\2.0.2\powermock-core-2.0.2.jar;C:\Users\Farzad Omarzadeh\.m2\repository\org\javassist\javassist\3.24.0-GA\javassist-3.24.0-GA.jar;C:\Users\Farzad Omarzadeh\.m2\repository\org\mockito\mockito-core\2.23.0\mockito-core-2.23.0.jar;C:\Users\Farzad Omarzadeh\.m2\repository\org\objenesis\objenesis\2.6\objenesis-2.6.jar;C:\Users\Farzad Omarzadeh\.m2\repository\org\powermock\powermock-module-junit4\2.0.2\powermock-module-junit4-2.0.2.jar;C:\Users\Farzad Omarzadeh\.m2\repository\org\powermock\powermock-module-junit4-common\2.0.2\powermock-module-junit4-common-2.0.2.jar;C:\Users\Farzad Omarzadeh\.m2\repository\commons-io\commons-io\2.6\commons-io-2.6.jar;C:\Users\Farzad Omarzadeh\.m2\repository\org\eclipse\jgit\org.eclipse.jgit\5.3.1.201904271842-r\org.eclipse.jgit-5.3.1.201904271842-r.jar;C:\Users\Farzad Omarzadeh\.m2\repository\com\jcraft\jsch\0.1.54\jsch-0.1.54.jar;C:\Users\Farzad Omarzadeh\.m2\repository\com\jcraft\jzlib\1.1.1\jzlib-1.1.1.jar;C:\Users\Farzad Omarzadeh\.m2\repository\com\googlecode\javaewah\JavaEWAH\1.1.6\JavaEWAH-1.1.6.jar;C:\Users\Farzad Omarzadeh\.m2\repository\org\slf4j\slf4j-api\1.7.2\slf4j-api-1.7.2.jar;C:\Users\Farzad Omarzadeh\.m2\repository\org\bouncycastle\bcpg-jdk15on\1.60\bcpg-jdk15on-1.60.jar;C:\Users\Farzad Omarzadeh\.m2\repository\org\bouncycastle\bcprov-jdk15on\1.60\bcprov-jdk15on-1.60.jar;C:\Users\Farzad Omarzadeh\.m2\repository\org\bouncycastle\bcpkix-jdk15on\1.60\bcpkix-jdk15on-1.60.jar;C:\Users\Farzad Omarzadeh\.m2\repository\org\slf4j\slf4j-simple\1.7.26\slf4j-simple-1.7.26.jar;C:\Users\Farzad Omarzadeh\.m2\repository\org\jacoco\org.jacoco.agent\0.8.3\org.jacoco.agent-0.8.3-runtime.jar;C:\Users\Farzad Omarzadeh\.m2\repository\net\sf\saxon\Saxon-HE\9.9.1-2\Saxon-HE-9.9.1-2.jar;src/test/resources-noncompilable;"/>
    <property name="java.vm.vendor" value="Oracle Corporation"/>
    <property name="sun.arch.data.model" value="64"/>
    <property name="user.variant" value=""/>
    <property name="java.vendor.url" value="http://java.oracle.com/"/>
    <property name="user.timezone" value="America/New_York"/>
    <property name="java.vm.specification.version" value="11"/>
    <property name="os.name" value="Windows 10"/>
    <property name="sun.java.launcher" value="SUN_STANDARD"/>
    <property name="user.country" value="US"/>
    <property name="sun.boot.library.path" value="C:\Program Files\Java\jdk-11\bin"/>
    <property name="sun.java.command" value="C:\Users\FARZAD~1\AppData\Local\Temp\surefire9051892076776103498\surefirebooter12149655432264947610.jar C:\Users\Farzad Omarzadeh\AppData\Local\Temp\surefire9051892076776103498 2019-06-01T17-27-44_190-jvmRun1 surefire11323186388476848417tmp surefire_07657420768074746620tmp"/>
    <property name="jdk.debug" value="release"/>
    <property name="surefire.test.class.path" value="C:\Users\Farzad Omarzadeh\Desktop\Project-SM\checkstyle-checkstyle-8.21\target\test-classes;C:\Users\Farzad Omarzadeh\Desktop\Project-SM\checkstyle-checkstyle-8.21\target\classes;C:\Users\Farzad Omarzadeh\.m2\repository\info\picocli\picocli\3.9.6\picocli-3.9.6.jar;C:\Users\Farzad Omarzadeh\.m2\repository\antlr\antlr\2.7.7\antlr-2.7.7.jar;C:\Users\Farzad Omarzadeh\.m2\repository\org\antlr\antlr4-runtime\4.7.2\antlr4-runtime-4.7.2.jar;C:\Users\Farzad Omarzadeh\.m2\repository\commons-beanutils\commons-beanutils\1.9.3\commons-beanutils-1.9.3.jar;C:\Users\Farzad Omarzadeh\.m2\repository\commons-logging\commons-logging\1.2\commons-logging-1.2.jar;C:\Users\Farzad Omarzadeh\.m2\repository\commons-collections\commons-collections\3.2.2\commons-collections-3.2.2.jar;C:\Users\Farzad Omarzadeh\.m2\repository\com\google\guava\guava\27.1-jre\guava-27.1-jre.jar;C:\Users\Farzad Omarzadeh\.m2\repository\com\google\guava\failureaccess\1.0.1\failureaccess-1.0.1.jar;C:\Users\Farzad Omarzadeh\.m2\repository\com\google\guava\listenablefuture\9999.0-empty-to-avoid-conflict-with-guava\listenablefuture-9999.0-empty-to-avoid-conflict-with-guava.jar;C:\Users\Farzad Omarzadeh\.m2\repository\com\google\code\findbugs\jsr305\3.0.2\jsr305-3.0.2.jar;C:\Users\Farzad Omarzadeh\.m2\repository\org\checkerframework\checker-qual\2.5.2\checker-qual-2.5.2.jar;C:\Users\Farzad Omarzadeh\.m2\repository\com\google\errorprone\error_prone_annotations\2.2.0\error_prone_annotations-2.2.0.jar;C:\Users\Farzad Omarzadeh\.m2\repository\com\google\j2objc\j2objc-annotations\1.1\j2objc-annotations-1.1.jar;C:\Users\Farzad Omarzadeh\.m2\repository\org\codehaus\mojo\animal-sniffer-annotations\1.17\animal-sniffer-annotations-1.17.jar;C:\Users\Farzad Omarzadeh\.m2\repository\org\apache\ant\ant\1.10.6\ant-1.10.6.jar;C:\Users\Farzad Omarzadeh\.m2\repository\org\apache\ant\ant-launcher\1.10.6\ant-launcher-1.10.6.jar;C:\Users\Farzad Omarzadeh\.m2\repository\junit\junit\4.12\junit-4.12.jar;C:\Users\Farzad Omarzadeh\.m2\repository\org\hamcrest\hamcrest-core\1.3\hamcrest-core-1.3.jar;C:\Users\Farzad Omarzadeh\.m2\repository\com\github\stefanbirkner\system-rules\1.19.0\system-rules-1.19.0.jar;C:\Users\Farzad Omarzadeh\.m2\repository\nl\jqno\equalsverifier\equalsverifier\3.1.8\equalsverifier-3.1.8.jar;C:\Users\Farzad Omarzadeh\.m2\repository\org\powermock\powermock-api-mockito2\2.0.2\powermock-api-mockito2-2.0.2.jar;C:\Users\Farzad Omarzadeh\.m2\repository\org\powermock\powermock-api-support\2.0.2\powermock-api-support-2.0.2.jar;C:\Users\Farzad Omarzadeh\.m2\repository\org\powermock\powermock-reflect\2.0.2\powermock-reflect-2.0.2.jar;C:\Users\Farzad Omarzadeh\.m2\repository\net\bytebuddy\byte-buddy\1.9.3\byte-buddy-1.9.3.jar;C:\Users\Farzad Omarzadeh\.m2\repository\net\bytebuddy\byte-buddy-agent\1.9.3\byte-buddy-agent-1.9.3.jar;C:\Users\Farzad Omarzadeh\.m2\repository\org\powermock\powermock-core\2.0.2\powermock-core-2.0.2.jar;C:\Users\Farzad Omarzadeh\.m2\repository\org\javassist\javassist\3.24.0-GA\javassist-3.24.0-GA.jar;C:\Users\Farzad Omarzadeh\.m2\repository\org\mockito\mockito-core\2.23.0\mockito-core-2.23.0.jar;C:\Users\Farzad Omarzadeh\.m2\repository\org\objenesis\objenesis\2.6\objenesis-2.6.jar;C:\Users\Farzad Omarzadeh\.m2\repository\org\powermock\powermock-module-junit4\2.0.2\powermock-module-junit4-2.0.2.jar;C:\Users\Farzad Omarzadeh\.m2\repository\org\powermock\powermock-module-junit4-common\2.0.2\powermock-module-junit4-common-2.0.2.jar;C:\Users\Farzad Omarzadeh\.m2\repository\commons-io\commons-io\2.6\commons-io-2.6.jar;C:\Users\Farzad Omarzadeh\.m2\repository\org\eclipse\jgit\org.eclipse.jgit\5.3.1.201904271842-r\org.eclipse.jgit-5.3.1.201904271842-r.jar;C:\Users\Farzad Omarzadeh\.m2\repository\com\jcraft\jsch\0.1.54\jsch-0.1.54.jar;C:\Users\Farzad Omarzadeh\.m2\repository\com\jcraft\jzlib\1.1.1\jzlib-1.1.1.jar;C:\Users\Farzad Omarzadeh\.m2\repository\com\googlecode\javaewah\JavaEWAH\1.1.6\JavaEWAH-1.1.6.jar;C:\Users\Farzad Omarzadeh\.m2\repository\org\slf4j\slf4j-api\1.7.2\slf4j-api-1.7.2.jar;C:\Users\Farzad Omarzadeh\.m2\repository\org\bouncycastle\bcpg-jdk15on\1.60\bcpg-jdk15on-1.60.jar;C:\Users\Farzad Omarzadeh\.m2\repository\org\bouncycastle\bcprov-jdk15on\1.60\bcprov-jdk15on-1.60.jar;C:\Users\Farzad Omarzadeh\.m2\repository\org\bouncycastle\bcpkix-jdk15on\1.60\bcpkix-jdk15on-1.60.jar;C:\Users\Farzad Omarzadeh\.m2\repository\org\slf4j\slf4j-simple\1.7.26\slf4j-simple-1.7.26.jar;C:\Users\Farzad Omarzadeh\.m2\repository\org\jacoco\org.jacoco.agent\0.8.3\org.jacoco.agent-0.8.3-runtime.jar;C:\Users\Farzad Omarzadeh\.m2\repository\net\sf\saxon\Saxon-HE\9.9.1-2\Saxon-HE-9.9.1-2.jar;src/test/resources-noncompilable;"/>
    <property name="sun.cpu.endian" value="little"/>
    <property name="user.home" value="C:\Users\Farzad Omarzadeh"/>
    <property name="user.language" value="en"/>
    <property name="java.specification.vendor" value="Oracle Corporation"/>
    <property name="java.version.date" value="2018-09-25"/>
    <property name="java.home" value="C:\Program Files\Java\jdk-11"/>
    <property name="file.separator" value="\"/>
    <property name="basedir" value="C:\Users\Farzad Omarzadeh\Desktop\Project-SM\checkstyle-checkstyle-8.21"/>
    <property name="java.vm.compressedOopsMode" value="32-bit"/>
    <property name="line.separator" value="&#10;"/>
    <property name="java.specification.name" value="Java Platform API Specification"/>
    <property name="java.vm.specification.vendor" value="Oracle Corporation"/>
    <property name="java.awt.graphicsenv" value="sun.awt.Win32GraphicsEnvironment"/>
    <property name="surefire.real.class.path" value="C:\Users\FARZAD~1\AppData\Local\Temp\surefire9051892076776103498\surefirebooter12149655432264947610.jar"/>
    <property name="user.script" value=""/>
    <property name="sun.management.compiler" value="HotSpot 64-Bit Tiered Compilers"/>
    <property name="java.runtime.version" value="11+28"/>
    <property name="user.name" value="Farzad Omarzadeh"/>
    <property name="path.separator" value=";"/>
    <property name="os.version" value="10.0"/>
    <property name="java.runtime.name" value="Java(TM) SE Runtime Environment"/>
    <property name="file.encoding" value="Cp1252"/>
    <property name="java.vm.name" value="Java HotSpot(TM) 64-Bit Server VM"/>
    <property name="java.vendor.version" value="18.9"/>
    <property name="localRepository" value="C:\Users\Farzad Omarzadeh\.m2\repository"/>
    <property name="java.vendor.url.bug" value="http://bugreport.java.com/bugreport/"/>
    <property name="java.io.tmpdir" value="C:\Users\FARZAD~1\AppData\Local\Temp\"/>
    <property name="idea.version" value="2018.3.1"/>
    <property name="java.version" value="11"/>
    <property name="user.dir" value="C:\Users\Farzad Omarzadeh\Desktop\Project-SM\checkstyle-checkstyle-8.21"/>
    <property name="os.arch" value="amd64"/>
    <property name="java.vm.specification.name" value="Java Virtual Machine Specification"/>
    <property name="java.awt.printerjob" value="sun.awt.windows.WPrinterJob"/>
    <property name="sun.os.patch.level" value=""/>
    <property name="java.library.path" value="C:\Program Files\Java\jdk-11\bin;C:\WINDOWS\Sun\Java\bin;C:\WINDOWS\system32;C:\WINDOWS;C:\Program Files (x86)\Common Files\Oracle\Java\javapath;C:\WINDOWS\system32;C:\WINDOWS;C:\WINDOWS\System32\Wbem;C:\WINDOWS\System32\WindowsPowerShell\v1.0\;C:\Program Files (x86)\Common Files\Acronis\VirtualFile\;C:\Program Files (x86)\Common Files\Acronis\VirtualFile64\;C:\Program Files (x86)\Common Files\Acronis\FileProtector\;C:\Program Files (x86)\Common Files\Acronis\FileProtector64\;C:\Program Files (x86)\Common Files\Acronis\SnapAPI\;C:\WINDOWS\System32\OpenSSH\;C:\Program Files\Microsoft SQL Server\Client SDK\ODBC\130\Tools\Binn\;C:\Program Files (x86)\Microsoft SQL Server\140\Tools\Binn\;C:\Program Files\Microsoft SQL Server\140\Tools\Binn\;C:\Program Files\Microsoft SQL Server\140\DTS\Binn\;C:\Program Files (x86)\Microsoft SQL Server\Client SDK\ODBC\130\Tools\Binn\;C:\Program Files (x86)\Microsoft SQL Server\140\DTS\Binn\;C:\Program Files (x86)\Microsoft SQL Server\140\Tools\Binn\ManagementStudio\;C:\Program Files\Java\jdk1.8.0_181\bin;C:\Program Files\dotnet\;C:\Program Files\Microsoft SQL Server\130\Tools\Binn\;C:\Program Files\nodejs\;C:\Users\Farzad Omarzadeh\AppData\Local\Microsoft\WindowsApps;C:\Program Files\JetBrains\IntelliJ IDEA 2018.3.1\bin;;C:\Program Files\JetBrains\WebStorm 2018.3.5\bin;;C:\Users\Farzad Omarzadeh\AppData\Roaming\npm;C:\Program Files\MySQL\MySQL Server 8.0\bin;;."/>
    <property name="java.vendor" value="Oracle Corporation"/>
    <property name="java.vm.info" value="mixed mode"/>
    <property name="java.vm.version" value="11+28"/>
    <property name="sun.io.unicode.encoding" value="UnicodeLittle"/>
    <property name="java.class.version" value="55.0"/>
    <property name="jacoco-agent.destfile" value="C:\Users\Farzad Omarzadeh\Desktop\Project-SM\checkstyle-checkstyle-8.21\target/jacoco.exec"/>
  </properties>
  <testcase name="testFileIgnoreDirectoryMismatchAtSubpackage" classname="com.puppycrawl.tools.checkstyle.checks.coding.PackageDeclarationCheckTest" time="0"/>
  <testcase name="testFileIgnoreDirectoryMismatchAtParent" classname="com.puppycrawl.tools.checkstyle.checks.coding.PackageDeclarationCheckTest" time="0.016"/>
  <testcase name="testFileForDirectoryMismatchAtParent" classname="com.puppycrawl.tools.checkstyle.checks.coding.PackageDeclarationCheckTest" time="0"/>
  <testcase name="testTokensNotNull" classname="com.puppycrawl.tools.checkstyle.checks.coding.PackageDeclarationCheckTest" time="0"/>
  <testcase name="testFileForDirectoryMismatchAtSubpackage" classname="com.puppycrawl.tools.checkstyle.checks.coding.PackageDeclarationCheckTest" time="0.015"/>
  <testcase name="testFileForDiffDirectoryMismatch" classname="com.puppycrawl.tools.checkstyle.checks.coding.PackageDeclarationCheckTest" time="0.016"/>
  <testcase name="testDefaultWithPackage" classname="com.puppycrawl.tools.checkstyle.checks.coding.PackageDeclarationCheckTest" time="0.14"/>
  <testcase name="testNoPackage" classname="com.puppycrawl.tools.checkstyle.checks.coding.PackageDeclarationCheckTest" time="0"/>
  <testcase name="testDefaultNoPackage" classname="com.puppycrawl.tools.checkstyle.checks.coding.PackageDeclarationCheckTest" time="0"/>
  <testcase name="testOnFileWithCommentOnly" classname="com.puppycrawl.tools.checkstyle.checks.coding.PackageDeclarationCheckTest" time="0.016"/>
  <testcase name="testFileIgnoreDiffDirectoryMismatch" classname="com.puppycrawl.tools.checkstyle.checks.coding.PackageDeclarationCheckTest" time="0"/>
</testsuite>