<?xml version="1.0" encoding="UTF-8"?>
<testsuite xmlns:xsi="http://www.w3.org/2001/XMLSchema-instance" xsi:noNamespaceSchemaLocation="https://maven.apache.org/surefire/maven-surefire-plugin/xsd/surefire-test-report.xsd" name="com.puppycrawl.tools.checkstyle.grammar.javadoc.JavadocParseTreeTest" time="1.464" tests="57" errors="0" skipped="0" failures="57">
  <properties>
    <property name="sun.desktop" value="windows"/>
    <property name="awt.toolkit" value="sun.awt.windows.WToolkit"/>
    <property name="java.specification.version" value="11"/>
    <property name="sun.cpu.isalist" value="amd64"/>
    <property name="sun.jnu.encoding" value="Cp1252"/>
    <property name="java.class.path" value="C:\Users\Farzad Omarzadeh\Desktop\Project-SM\checkstyle-checkstyle-8.21\target\test-classes;C:\Users\Farzad Omarzadeh\Desktop\Project-SM\checkstyle-checkstyle-8.21\target\classes;C:\Users\Farzad Omarzadeh\.m2\repository\info\picocli\picocli\3.9.6\picocli-3.9.6.jar;C:\Users\Farzad Omarzadeh\.m2\repository\antlr\antlr\2.7.7\antlr-2.7.7.jar;C:\Users\Farzad Omarzadeh\.m2\repository\org\antlr\antlr4-runtime\4.7.2\antlr4-runtime-4.7.2.jar;C:\Users\Farzad Omarzadeh\.m2\repository\commons-beanutils\commons-beanutils\1.9.3\commons-beanutils-1.9.3.jar;C:\Users\Farzad Omarzadeh\.m2\repository\commons-logging\commons-logging\1.2\commons-logging-1.2.jar;C:\Users\Farzad Omarzadeh\.m2\repository\commons-collections\commons-collections\3.2.2\commons-collections-3.2.2.jar;C:\Users\Farzad Omarzadeh\.m2\repository\com\google\guava\guava\27.1-jre\guava-27.1-jre.jar;C:\Users\Farzad Omarzadeh\.m2\repository\com\google\guava\failureaccess\1.0.1\failureaccess-1.0.1.jar;C:\Users\Farzad Omarzadeh\.m2\repository\com\google\guava\listenablefuture\9999.0-empty-to-avoid-conflict-with-guava\listenablefuture-9999.0-empty-to-avoid-conflict-with-guava.jar;C:\Users\Farzad Omarzadeh\.m2\repository\com\google\code\findbugs\jsr305\3.0.2\jsr305-3.0.2.jar;C:\Users\Farzad Omarzadeh\.m2\repository\org\checkerframework\checker-qual\2.5.2\checker-qual-2.5.2.jar;C:\Users\Farzad Omarzadeh\.m2\repository\com\google\errorprone\error_prone_annotations\2.2.0\error_prone_annotations-2.2.0.jar;C:\Users\Farzad Omarzadeh\.m2\repository\com\google\j2objc\j2objc-annotations\1.1\j2objc-annotations-1.1.jar;C:\Users\Farzad Omarzadeh\.m2\repository\org\codehaus\mojo\animal-sniffer-annotations\1.17\animal-sniffer-annotations-1.17.jar;C:\Users\Farzad Omarzadeh\.m2\repository\org\apache\ant\ant\1.10.6\ant-1.10.6.jar;C:\Users\Farzad Omarzadeh\.m2\repository\org\apache\ant\ant-launcher\1.10.6\ant-launcher-1.10.6.jar;C:\Users\Farzad Omarzadeh\.m2\repository\junit\junit\4.12\junit-4.12.jar;C:\Users\Farzad Omarzadeh\.m2\repository\org\hamcrest\hamcrest-core\1.3\hamcrest-core-1.3.jar;C:\Users\Farzad Omarzadeh\.m2\repository\com\github\stefanbirkner\system-rules\1.19.0\system-rules-1.19.0.jar;C:\Users\Farzad Omarzadeh\.m2\repository\nl\jqno\equalsverifier\equalsverifier\3.1.8\equalsverifier-3.1.8.jar;C:\Users\Farzad Omarzadeh\.m2\repository\org\powermock\powermock-api-mockito2\2.0.2\powermock-api-mockito2-2.0.2.jar;C:\Users\Farzad Omarzadeh\.m2\repository\org\powermock\powermock-api-support\2.0.2\powermock-api-support-2.0.2.jar;C:\Users\Farzad Omarzadeh\.m2\repository\org\powermock\powermock-reflect\2.0.2\powermock-reflect-2.0.2.jar;C:\Users\Farzad Omarzadeh\.m2\repository\net\bytebuddy\byte-buddy\1.9.3\byte-buddy-1.9.3.jar;C:\Users\Farzad Omarzadeh\.m2\repository\net\bytebuddy\byte-buddy-agent\1.9.3\byte-buddy-agent-1.9.3.jar;C:\Users\Farzad Omarzadeh\.m2\repository\org\powermock\powermock-core\2.0.2\powermock-core-2.0.2.jar;C:\Users\Farzad Omarzadeh\.m2\repository\org\javassist\javassist\3.24.0-GA\javassist-3.24.0-GA.jar;C:\Users\Farzad Omarzadeh\.m2\repository\org\mockito\mockito-core\2.23.0\mockito-core-2.23.0.jar;C:\Users\Farzad Omarzadeh\.m2\repository\org\objenesis\objenesis\2.6\objenesis-2.6.jar;C:\Users\Farzad Omarzadeh\.m2\repository\org\powermock\powermock-module-junit4\2.0.2\powermock-module-junit4-2.0.2.jar;C:\Users\Farzad Omarzadeh\.m2\repository\org\powermock\powermock-module-junit4-common\2.0.2\powermock-module-junit4-common-2.0.2.jar;C:\Users\Farzad Omarzadeh\.m2\repository\commons-io\commons-io\2.6\commons-io-2.6.jar;C:\Users\Farzad Omarzadeh\.m2\repository\org\eclipse\jgit\org.eclipse.jgit\5.3.1.201904271842-r\org.eclipse.jgit-5.3.1.201904271842-r.jar;C:\Users\Farzad Omarzadeh\.m2\repository\com\jcraft\jsch\0.1.54\jsch-0.1.54.jar;C:\Users\Farzad Omarzadeh\.m2\repository\com\jcraft\jzlib\1.1.1\jzlib-1.1.1.jar;C:\Users\Farzad Omarzadeh\.m2\repository\com\googlecode\javaewah\JavaEWAH\1.1.6\JavaEWAH-1.1.6.jar;C:\Users\Farzad Omarzadeh\.m2\repository\org\slf4j\slf4j-api\1.7.2\slf4j-api-1.7.2.jar;C:\Users\Farzad Omarzadeh\.m2\repository\org\bouncycastle\bcpg-jdk15on\1.60\bcpg-jdk15on-1.60.jar;C:\Users\Farzad Omarzadeh\.m2\repository\org\bouncycastle\bcprov-jdk15on\1.60\bcprov-jdk15on-1.60.jar;C:\Users\Farzad Omarzadeh\.m2\repository\org\bouncycastle\bcpkix-jdk15on\1.60\bcpkix-jdk15on-1.60.jar;C:\Users\Farzad Omarzadeh\.m2\repository\org\slf4j\slf4j-simple\1.7.26\slf4j-simple-1.7.26.jar;C:\Users\Farzad Omarzadeh\.m2\repository\org\jacoco\org.jacoco.agent\0.8.3\org.jacoco.agent-0.8.3-runtime.jar;C:\Users\Farzad Omarzadeh\.m2\repository\net\sf\saxon\Saxon-HE\9.9.1-2\Saxon-HE-9.9.1-2.jar;src/test/resources-noncompilable;"/>
    <property name="java.vm.vendor" value="Oracle Corporation"/>
    <property name="sun.arch.data.model" value="64"/>
    <property name="user.variant" value=""/>
    <property name="java.vendor.url" value="http://java.oracle.com/"/>
    <property name="user.timezone" value="America/New_York"/>
    <property name="java.vm.specification.version" value="11"/>
    <property name="os.name" value="Windows 10"/>
    <property name="sun.java.launcher" value="SUN_STANDARD"/>
    <property name="user.country" value="US"/>
    <property name="sun.boot.library.path" value="C:\Program Files\Java\jdk-11\bin"/>
    <property name="sun.java.command" value="C:\Users\FARZAD~1\AppData\Local\Temp\surefire9051892076776103498\surefirebooter12149655432264947610.jar C:\Users\Farzad Omarzadeh\AppData\Local\Temp\surefire9051892076776103498 2019-06-01T17-27-44_190-jvmRun1 surefire11323186388476848417tmp surefire_07657420768074746620tmp"/>
    <property name="jdk.debug" value="release"/>
    <property name="surefire.test.class.path" value="C:\Users\Farzad Omarzadeh\Desktop\Project-SM\checkstyle-checkstyle-8.21\target\test-classes;C:\Users\Farzad Omarzadeh\Desktop\Project-SM\checkstyle-checkstyle-8.21\target\classes;C:\Users\Farzad Omarzadeh\.m2\repository\info\picocli\picocli\3.9.6\picocli-3.9.6.jar;C:\Users\Farzad Omarzadeh\.m2\repository\antlr\antlr\2.7.7\antlr-2.7.7.jar;C:\Users\Farzad Omarzadeh\.m2\repository\org\antlr\antlr4-runtime\4.7.2\antlr4-runtime-4.7.2.jar;C:\Users\Farzad Omarzadeh\.m2\repository\commons-beanutils\commons-beanutils\1.9.3\commons-beanutils-1.9.3.jar;C:\Users\Farzad Omarzadeh\.m2\repository\commons-logging\commons-logging\1.2\commons-logging-1.2.jar;C:\Users\Farzad Omarzadeh\.m2\repository\commons-collections\commons-collections\3.2.2\commons-collections-3.2.2.jar;C:\Users\Farzad Omarzadeh\.m2\repository\com\google\guava\guava\27.1-jre\guava-27.1-jre.jar;C:\Users\Farzad Omarzadeh\.m2\repository\com\google\guava\failureaccess\1.0.1\failureaccess-1.0.1.jar;C:\Users\Farzad Omarzadeh\.m2\repository\com\google\guava\listenablefuture\9999.0-empty-to-avoid-conflict-with-guava\listenablefuture-9999.0-empty-to-avoid-conflict-with-guava.jar;C:\Users\Farzad Omarzadeh\.m2\repository\com\google\code\findbugs\jsr305\3.0.2\jsr305-3.0.2.jar;C:\Users\Farzad Omarzadeh\.m2\repository\org\checkerframework\checker-qual\2.5.2\checker-qual-2.5.2.jar;C:\Users\Farzad Omarzadeh\.m2\repository\com\google\errorprone\error_prone_annotations\2.2.0\error_prone_annotations-2.2.0.jar;C:\Users\Farzad Omarzadeh\.m2\repository\com\google\j2objc\j2objc-annotations\1.1\j2objc-annotations-1.1.jar;C:\Users\Farzad Omarzadeh\.m2\repository\org\codehaus\mojo\animal-sniffer-annotations\1.17\animal-sniffer-annotations-1.17.jar;C:\Users\Farzad Omarzadeh\.m2\repository\org\apache\ant\ant\1.10.6\ant-1.10.6.jar;C:\Users\Farzad Omarzadeh\.m2\repository\org\apache\ant\ant-launcher\1.10.6\ant-launcher-1.10.6.jar;C:\Users\Farzad Omarzadeh\.m2\repository\junit\junit\4.12\junit-4.12.jar;C:\Users\Farzad Omarzadeh\.m2\repository\org\hamcrest\hamcrest-core\1.3\hamcrest-core-1.3.jar;C:\Users\Farzad Omarzadeh\.m2\repository\com\github\stefanbirkner\system-rules\1.19.0\system-rules-1.19.0.jar;C:\Users\Farzad Omarzadeh\.m2\repository\nl\jqno\equalsverifier\equalsverifier\3.1.8\equalsverifier-3.1.8.jar;C:\Users\Farzad Omarzadeh\.m2\repository\org\powermock\powermock-api-mockito2\2.0.2\powermock-api-mockito2-2.0.2.jar;C:\Users\Farzad Omarzadeh\.m2\repository\org\powermock\powermock-api-support\2.0.2\powermock-api-support-2.0.2.jar;C:\Users\Farzad Omarzadeh\.m2\repository\org\powermock\powermock-reflect\2.0.2\powermock-reflect-2.0.2.jar;C:\Users\Farzad Omarzadeh\.m2\repository\net\bytebuddy\byte-buddy\1.9.3\byte-buddy-1.9.3.jar;C:\Users\Farzad Omarzadeh\.m2\repository\net\bytebuddy\byte-buddy-agent\1.9.3\byte-buddy-agent-1.9.3.jar;C:\Users\Farzad Omarzadeh\.m2\repository\org\powermock\powermock-core\2.0.2\powermock-core-2.0.2.jar;C:\Users\Farzad Omarzadeh\.m2\repository\org\javassist\javassist\3.24.0-GA\javassist-3.24.0-GA.jar;C:\Users\Farzad Omarzadeh\.m2\repository\org\mockito\mockito-core\2.23.0\mockito-core-2.23.0.jar;C:\Users\Farzad Omarzadeh\.m2\repository\org\objenesis\objenesis\2.6\objenesis-2.6.jar;C:\Users\Farzad Omarzadeh\.m2\repository\org\powermock\powermock-module-junit4\2.0.2\powermock-module-junit4-2.0.2.jar;C:\Users\Farzad Omarzadeh\.m2\repository\org\powermock\powermock-module-junit4-common\2.0.2\powermock-module-junit4-common-2.0.2.jar;C:\Users\Farzad Omarzadeh\.m2\repository\commons-io\commons-io\2.6\commons-io-2.6.jar;C:\Users\Farzad Omarzadeh\.m2\repository\org\eclipse\jgit\org.eclipse.jgit\5.3.1.201904271842-r\org.eclipse.jgit-5.3.1.201904271842-r.jar;C:\Users\Farzad Omarzadeh\.m2\repository\com\jcraft\jsch\0.1.54\jsch-0.1.54.jar;C:\Users\Farzad Omarzadeh\.m2\repository\com\jcraft\jzlib\1.1.1\jzlib-1.1.1.jar;C:\Users\Farzad Omarzadeh\.m2\repository\com\googlecode\javaewah\JavaEWAH\1.1.6\JavaEWAH-1.1.6.jar;C:\Users\Farzad Omarzadeh\.m2\repository\org\slf4j\slf4j-api\1.7.2\slf4j-api-1.7.2.jar;C:\Users\Farzad Omarzadeh\.m2\repository\org\bouncycastle\bcpg-jdk15on\1.60\bcpg-jdk15on-1.60.jar;C:\Users\Farzad Omarzadeh\.m2\repository\org\bouncycastle\bcprov-jdk15on\1.60\bcprov-jdk15on-1.60.jar;C:\Users\Farzad Omarzadeh\.m2\repository\org\bouncycastle\bcpkix-jdk15on\1.60\bcpkix-jdk15on-1.60.jar;C:\Users\Farzad Omarzadeh\.m2\repository\org\slf4j\slf4j-simple\1.7.26\slf4j-simple-1.7.26.jar;C:\Users\Farzad Omarzadeh\.m2\repository\org\jacoco\org.jacoco.agent\0.8.3\org.jacoco.agent-0.8.3-runtime.jar;C:\Users\Farzad Omarzadeh\.m2\repository\net\sf\saxon\Saxon-HE\9.9.1-2\Saxon-HE-9.9.1-2.jar;src/test/resources-noncompilable;"/>
    <property name="sun.cpu.endian" value="little"/>
    <property name="user.home" value="C:\Users\Farzad Omarzadeh"/>
    <property name="user.language" value="en"/>
    <property name="java.specification.vendor" value="Oracle Corporation"/>
    <property name="java.version.date" value="2018-09-25"/>
    <property name="java.home" value="C:\Program Files\Java\jdk-11"/>
    <property name="file.separator" value="\"/>
    <property name="basedir" value="C:\Users\Farzad Omarzadeh\Desktop\Project-SM\checkstyle-checkstyle-8.21"/>
    <property name="java.vm.compressedOopsMode" value="32-bit"/>
    <property name="line.separator" value="&#10;"/>
    <property name="java.specification.name" value="Java Platform API Specification"/>
    <property name="java.vm.specification.vendor" value="Oracle Corporation"/>
    <property name="java.awt.graphicsenv" value="sun.awt.Win32GraphicsEnvironment"/>
    <property name="surefire.real.class.path" value="C:\Users\FARZAD~1\AppData\Local\Temp\surefire9051892076776103498\surefirebooter12149655432264947610.jar"/>
    <property name="user.script" value=""/>
    <property name="sun.management.compiler" value="HotSpot 64-Bit Tiered Compilers"/>
    <property name="java.runtime.version" value="11+28"/>
    <property name="user.name" value="Farzad Omarzadeh"/>
    <property name="path.separator" value=";"/>
    <property name="os.version" value="10.0"/>
    <property name="java.runtime.name" value="Java(TM) SE Runtime Environment"/>
    <property name="file.encoding" value="Cp1252"/>
    <property name="java.vm.name" value="Java HotSpot(TM) 64-Bit Server VM"/>
    <property name="java.vendor.version" value="18.9"/>
    <property name="localRepository" value="C:\Users\Farzad Omarzadeh\.m2\repository"/>
    <property name="java.vendor.url.bug" value="http://bugreport.java.com/bugreport/"/>
    <property name="java.io.tmpdir" value="C:\Users\FARZAD~1\AppData\Local\Temp\"/>
    <property name="idea.version" value="2018.3.1"/>
    <property name="java.version" value="11"/>
    <property name="user.dir" value="C:\Users\Farzad Omarzadeh\Desktop\Project-SM\checkstyle-checkstyle-8.21"/>
    <property name="os.arch" value="amd64"/>
    <property name="java.vm.specification.name" value="Java Virtual Machine Specification"/>
    <property name="java.awt.printerjob" value="sun.awt.windows.WPrinterJob"/>
    <property name="sun.os.patch.level" value=""/>
    <property name="java.library.path" value="C:\Program Files\Java\jdk-11\bin;C:\WINDOWS\Sun\Java\bin;C:\WINDOWS\system32;C:\WINDOWS;C:\Program Files (x86)\Common Files\Oracle\Java\javapath;C:\WINDOWS\system32;C:\WINDOWS;C:\WINDOWS\System32\Wbem;C:\WINDOWS\System32\WindowsPowerShell\v1.0\;C:\Program Files (x86)\Common Files\Acronis\VirtualFile\;C:\Program Files (x86)\Common Files\Acronis\VirtualFile64\;C:\Program Files (x86)\Common Files\Acronis\FileProtector\;C:\Program Files (x86)\Common Files\Acronis\FileProtector64\;C:\Program Files (x86)\Common Files\Acronis\SnapAPI\;C:\WINDOWS\System32\OpenSSH\;C:\Program Files\Microsoft SQL Server\Client SDK\ODBC\130\Tools\Binn\;C:\Program Files (x86)\Microsoft SQL Server\140\Tools\Binn\;C:\Program Files\Microsoft SQL Server\140\Tools\Binn\;C:\Program Files\Microsoft SQL Server\140\DTS\Binn\;C:\Program Files (x86)\Microsoft SQL Server\Client SDK\ODBC\130\Tools\Binn\;C:\Program Files (x86)\Microsoft SQL Server\140\DTS\Binn\;C:\Program Files (x86)\Microsoft SQL Server\140\Tools\Binn\ManagementStudio\;C:\Program Files\Java\jdk1.8.0_181\bin;C:\Program Files\dotnet\;C:\Program Files\Microsoft SQL Server\130\Tools\Binn\;C:\Program Files\nodejs\;C:\Users\Farzad Omarzadeh\AppData\Local\Microsoft\WindowsApps;C:\Program Files\JetBrains\IntelliJ IDEA 2018.3.1\bin;;C:\Program Files\JetBrains\WebStorm 2018.3.5\bin;;C:\Users\Farzad Omarzadeh\AppData\Roaming\npm;C:\Program Files\MySQL\MySQL Server 8.0\bin;;."/>
    <property name="java.vendor" value="Oracle Corporation"/>
    <property name="java.vm.info" value="mixed mode"/>
    <property name="java.vm.version" value="11+28"/>
    <property name="sun.io.unicode.encoding" value="UnicodeLittle"/>
    <property name="java.class.version" value="55.0"/>
    <property name="jacoco-agent.destfile" value="C:\Users\Farzad Omarzadeh\Desktop\Project-SM\checkstyle-checkstyle-8.21\target/jacoco.exec"/>
  </properties>
  <testcase name="testHtmlVoidElementKeygen" classname="com.puppycrawl.tools.checkstyle.grammar.javadoc.JavadocParseTreeTest" time="0.015">
    <failure message="Generated tree from the javadoc file should match the pre-defined tree expected:&lt;...DOC -&gt; JAVADOC [0:0][&#10;|--LEADING_ASTERISK -&gt; * [0:0]&#10;|--TEXT -&gt;   [0:1]&#10;|--HTML_ELEMENT -&gt; HTML_ELEMENT [0:2]&#10;|   `--PARAGRAPH -&gt; PARAGRAPH [0:2]&#10;|       |--P_TAG_START -&gt; P_TAG_START [0:2]&#10;|       |   |--START -&gt; &lt; [0:2]&#10;|       |   |--P_HTML_TAG_NAME -&gt; p [0:3]&#10;|       |   `--END -&gt; &gt; [0:4]&#10;|       |--TEXT -&gt;   [0:5]&#10;|       |--SINGLETON_ELEMENT -&gt; SINGLETON_ELEMENT [0:6]&#10;|       |   `--KEYGEN_TAG -&gt; KEYGEN_TAG [0:6]&#10;|       |       |--START -&gt; &lt; [0:6]&#10;|       |       |--KEYGEN_HTML_TAG_NAME -&gt; keygen [0:7]&#10;|       |       `--END -&gt; &gt; [0:13]&#10;|       |--TEXT -&gt;   [0:14]&#10;|       `--P_TAG_END -&gt; P_TAG_END [0:15]&#10;|           |--START -&gt; &lt; [0:15]&#10;|           |--SLASH -&gt; / [0:16]&#10;|           |--P_HTML_TAG_NAME -&gt; p [0:17]&#10;|           `--END -&gt; &gt; [0:18]&#10;|--NEWLINE -&gt; \n [0:19]&#10;|--LEADING_ASTERISK -&gt; * [1:0]&#10;|--TEXT -&gt;   [1:1]&#10;|--HTML_ELEMENT -&gt; HTML_ELEMENT [1:2]&#10;|   `--LI -&gt; LI [1:2]&#10;|       |--LI_TAG_START -&gt; LI_TAG_START [1:2]&#10;|       |   |--START -&gt; &lt; [1:2]&#10;|       |   |--LI_HTML_TAG_NAME -&gt; li [1:3]&#10;|       |   `--END -&gt; &gt; [1:5]&#10;|       |--TEXT -&gt;   [1:6]&#10;|       |--SINGLETON_ELEMENT -&gt; SINGLETON_ELEMENT [1:7]&#10;|       |   `--KEYGEN_TAG -&gt; KEYGEN_TAG [1:7]&#10;|       |       |--START -&gt; &lt; [1:7]&#10;|       |       |--KEYGEN_HTML_TAG_NAME -&gt; keygen [1:8]&#10;|       |       `--END -&gt; &gt; [1:14]&#10;|       |--TEXT -&gt;   [1:15]&#10;|       `--LI_TAG_END -&gt; LI_TAG_END [1:16]&#10;|           |--START -&gt; &lt; [1:16]&#10;|           |--SLASH -&gt; / [1:17]&#10;|           |--LI_HTML_TAG_NAME -&gt; li [1:18]&#10;|           `--END -&gt; &gt; [1:20]&#10;|--NEWLINE -&gt; \n [1:21]&#10;|--LEADING_ASTERISK -&gt; * [2:0]&#10;|--TEXT -&gt;   [2:1]&#10;|--HTML_ELEMENT -&gt; HTML_ELEMENT [2:2]&#10;|   `--TR -&gt; TR [2:2]&#10;|       |--TR_TAG_START -&gt; TR_TAG_START [2:2]&#10;|       |   |--START -&gt; &lt; [2:2]&#10;|       |   |--TR_HTML_TAG_NAME -&gt; tr [2:3]&#10;|       |   `--END -&gt; &gt; [2:5]&#10;|       |--TEXT -&gt;   [2:6]&#10;|       |--SINGLETON_ELEMENT -&gt; SINGLETON_ELEMENT [2:7]&#10;|       |   `--KEYGEN_TAG -&gt; KEYGEN_TAG [2:7]&#10;|       |       |--START -&gt; &lt; [2:7]&#10;|       |       |--KEYGEN_HTML_TAG_NAME -&gt; keygen [2:8]&#10;|       |       `--END -&gt; &gt; [2:14]&#10;|       |--TEXT -&gt;   [2:15]&#10;|       `--TR_TAG_END -&gt; TR_TAG_END [2:16]&#10;|           |--START -&gt; &lt; [2:16]&#10;|           |--SLASH -&gt; / [2:17]&#10;|           |--TR_HTML_TAG_NAME -&gt; tr [2:18]&#10;|           `--END -&gt; &gt; [2:20]&#10;|--NEWLINE -&gt; \n [2:21]&#10;|--LEADING_ASTERISK -&gt; * [3:0]&#10;|--TEXT -&gt;   [3:1]&#10;|--HTML_ELEMENT -&gt; HTML_ELEMENT [3:2]&#10;|   `--TD -&gt; TD [3:2]&#10;|       |--TD_TAG_START -&gt; TD_TAG_START [3:2]&#10;|       |   |--START -&gt; &lt; [3:2]&#10;|       |   |--TD_HTML_TAG_NAME -&gt; td [3:3]&#10;|       |   `--END -&gt; &gt; [3:5]&#10;|       |--TEXT -&gt;   [3:6]&#10;|       |--SINGLETON_ELEMENT -&gt; SINGLETON_ELEMENT [3:7]&#10;|       |   `--KEYGEN_TAG -&gt; KEYGEN_TAG [3:7]&#10;|       |       |--START -&gt; &lt; [3:7]&#10;|       |       |--KEYGEN_HTML_TAG_NAME -&gt; keygen [3:8]&#10;|       |       `--END -&gt; &gt; [3:14]&#10;|       |--TEXT -&gt;   [3:15]&#10;|       `--TD_TAG_END -&gt; TD_TAG_END [3:16]&#10;|           |--START -&gt; &lt; [3:16]&#10;|           |--SLASH -&gt; / [3:17]&#10;|           |--TD_HTML_TAG_NAME -&gt; td [3:18]&#10;|           `--END -&gt; &gt; [3:20]&#10;|--NEWLINE -&gt; \n [3:21]&#10;|--LEADING_ASTERISK -&gt; * [4:0]&#10;|--TEXT -&gt;   [4:1]&#10;|--HTML_ELEMENT -&gt; HTML_ELEMENT [4:2]&#10;|   `--TH -&gt; TH [4:2]&#10;|       |--TH_TAG_START -&gt; TH_TAG_START [4:2]&#10;|       |   |--START -&gt; &lt; [4:2]&#10;|       |   |--TH_HTML_TAG_NAME -&gt; th [4:3]&#10;|       |   `--END -&gt; &gt; [4:5]&#10;|       |--TEXT -&gt;   [4:6]&#10;|       |--SINGLETON_ELEMENT -&gt; SINGLETON_ELEMENT [4:7]&#10;|       |   `--KEYGEN_TAG -&gt; KEYGEN_TAG [4:7]&#10;|       |       |--START -&gt; &lt; [4:7]&#10;|       |       |--KEYGEN_HTML_TAG_NAME -&gt; keygen [4:8]&#10;|       |       `--END -&gt; &gt; [4:14]&#10;|       |--TEXT -&gt;   [4:15]&#10;|       `--TH_TAG_END -&gt; TH_TAG_END [4:16]&#10;|           |--START -&gt; &lt; [4:16]&#10;|           |--SLASH -&gt; / [4:17]&#10;|           |--TH_HTML_TAG_NAME -&gt; th [4:18]&#10;|           `--END -&gt; &gt; [4:20]&#10;|--NEWLINE -&gt; \n [4:21]&#10;|--LEADING_ASTERISK -&gt; * [5:0]&#10;|--TEXT -&gt;   [5:1]&#10;|--HTML_ELEMENT -&gt; HTML_ELEMENT [5:2]&#10;|   `--BODY -&gt; BODY [5:2]&#10;|       |--BODY_TAG_START -&gt; BODY_TAG_START [5:2]&#10;|       |   |--START -&gt; &lt; [5:2]&#10;|       |   |--BODY_HTML_TAG_NAME -&gt; body [5:3]&#10;|       |   `--END -&gt; &gt; [5:7]&#10;|       |--TEXT -&gt;   [5:8]&#10;|       |--SINGLETON_ELEMENT -&gt; SINGLETON_ELEMENT [5:9]&#10;|       |   `--KEYGEN_TAG -&gt; KEYGEN_TAG [5:9]&#10;|       |       |--START -&gt; &lt; [5:9]&#10;|       |       |--KEYGEN_HTML_TAG_NAME -&gt; keygen [5:10]&#10;|       |       `--END -&gt; &gt; [5:16]&#10;|       |--TEXT -&gt;   [5:17]&#10;|       `--BODY_TAG_END -&gt; BODY_TAG_END [5:18]&#10;|           |--START -&gt; &lt; [5:18]&#10;|           |--SLASH -&gt; / [5:19]&#10;|           |--BODY_HTML_TAG_NAME -&gt; body [5:20]&#10;|           `--END -&gt; &gt; [5:24]&#10;|--NEWLINE -&gt; \n [5:25]&#10;|--LEADING_ASTERISK -&gt; * [6:0]&#10;|--TEXT -&gt;   [6:1]&#10;|--HTML_ELEMENT -&gt; HTML_ELEMENT [6:2]&#10;|   `--COLGROUP -&gt; COLGROUP [6:2]&#10;|       |--COLGROUP_TAG_START -&gt; COLGROUP_TAG_START [6:2]&#10;|       |   |--START -&gt; &lt; [6:2]&#10;|       |   |--COLGROUP_HTML_TAG_NAME -&gt; colgroup [6:3]&#10;|       |   `--END -&gt; &gt; [6:11]&#10;|       |--TEXT -&gt;   [6:12]&#10;|       |--SINGLETON_ELEMENT -&gt; SINGLETON_ELEMENT [6:13]&#10;|       |   `--KEYGEN_TAG -&gt; KEYGEN_TAG [6:13]&#10;|       |       |--START -&gt; &lt; [6:13]&#10;|       |       |--KEYGEN_HTML_TAG_NAME -&gt; keygen [6:14]&#10;|       |       `--END -&gt; &gt; [6:20]&#10;|       |--TEXT -&gt;   [6:21]&#10;|       `--COLGROUP_TAG_END -&gt; COLGROUP_TAG_END [6:22]&#10;|           |--START -&gt; &lt; [6:22]&#10;|           |--SLASH -&gt; / [6:23]&#10;|           |--COLGROUP_HTML_TAG_NAME -&gt; colgroup [6:24]&#10;|           `--END -&gt; &gt; [6:32]&#10;|--NEWLINE -&gt; \n [6:33]&#10;|--LEADING_ASTERISK -&gt; * [7:0]&#10;|--TEXT -&gt;   [7:1]&#10;|--HTML_ELEMENT -&gt; HTML_ELEMENT [7:2]&#10;|   `--DD -&gt; DD [7:2]&#10;|       |--DD_TAG_START -&gt; DD_TAG_START [7:2]&#10;|       |   |--START -&gt; &lt; [7:2]&#10;|       |   |--DD_HTML_TAG_NAME -&gt; dd [7:3]&#10;|       |   `--END -&gt; &gt; [7:5]&#10;|       |--TEXT -&gt;   [7:6]&#10;|       |--SINGLETON_ELEMENT -&gt; SINGLETON_ELEMENT [7:7]&#10;|       |   `--KEYGEN_TAG -&gt; KEYGEN_TAG [7:7]&#10;|       |       |--START -&gt; &lt; [7:7]&#10;|       |       |--KEYGEN_HTML_TAG_NAME -&gt; keygen [7:8]&#10;|       |       `--END -&gt; &gt; [7:14]&#10;|       |--TEXT -&gt;   [7:15]&#10;|       `--DD_TAG_END -&gt; DD_TAG_END [7:16]&#10;|           |--START -&gt; &lt; [7:16]&#10;|           |--SLASH -&gt; / [7:17]&#10;|           |--DD_HTML_TAG_NAME -&gt; dd [7:18]&#10;|           `--END -&gt; &gt; [7:20]&#10;|--NEWLINE -&gt; \n [7:21]&#10;|--LEADING_ASTERISK -&gt; * [8:0]&#10;|--TEXT -&gt;   [8:1]&#10;|--HTML_ELEMENT -&gt; HTML_ELEMENT [8:2]&#10;|   `--DT -&gt; DT [8:2]&#10;|       |--DT_TAG_START -&gt; DT_TAG_START [8:2]&#10;|       |   |--START -&gt; &lt; [8:2]&#10;|       |   |--DT_HTML_TAG_NAME -&gt; dt [8:3]&#10;|       |   `--END -&gt; &gt; [8:5]&#10;|       |--TEXT -&gt;   [8:6]&#10;|       |--SINGLETON_ELEMENT -&gt; SINGLETON_ELEMENT [8:7]&#10;|       |   `--KEYGEN_TAG -&gt; KEYGEN_TAG [8:7]&#10;|       |       |--START -&gt; &lt; [8:7]&#10;|       |       |--KEYGEN_HTML_TAG_NAME -&gt; keygen [8:8]&#10;|       |       `--END -&gt; &gt; [8:14]&#10;|       |--TEXT -&gt;   [8:15]&#10;|       `--DT_TAG_END -&gt; DT_TAG_END [8:16]&#10;|           |--START -&gt; &lt; [8:16]&#10;|           |--SLASH -&gt; / [8:17]&#10;|           |--DT_HTML_TAG_NAME -&gt; dt [8:18]&#10;|           `--END -&gt; &gt; [8:20]&#10;|--NEWLINE -&gt; \n [8:21]&#10;|--LEADING_ASTERISK -&gt; * [9:0]&#10;|--TEXT -&gt;   [9:1]&#10;|--HTML_ELEMENT -&gt; HTML_ELEMENT [9:2]&#10;|   `--HEAD -&gt; HEAD [9:2]&#10;|       |--HEAD_TAG_START -&gt; HEAD_TAG_START [9:2]&#10;|       |   |--START -&gt; &lt; [9:2]&#10;|       |   |--HEAD_HTML_TAG_NAME -&gt; head [9:3]&#10;|       |   `--END -&gt; &gt; [9:7]&#10;|       |--TEXT -&gt;   [9:8]&#10;|       |--SINGLETON_ELEMENT -&gt; SINGLETON_ELEMENT [9:9]&#10;|       |   `--KEYGEN_TAG -&gt; KEYGEN_TAG [9:9]&#10;|       |       |--START -&gt; &lt; [9:9]&#10;|       |       |--KEYGEN_HTML_TAG_NAME -&gt; keygen [9:10]&#10;|       |       `--END -&gt; &gt; [9:16]&#10;|       |--TEXT -&gt;   [9:17]&#10;|       `--HEAD_TAG_END -&gt; HEAD_TAG_END [9:18]&#10;|           |--START -&gt; &lt; [9:18]&#10;|           |--SLASH -&gt; / [9:19]&#10;|           |--HEAD_HTML_TAG_NAME -&gt; head [9:20]&#10;|           `--END -&gt; &gt; [9:24]&#10;|--NEWLINE -&gt; \n [9:25]&#10;|--LEADING_ASTERISK -&gt; * [10:0]&#10;|--TEXT -&gt;   [10:1]&#10;|--HTML_ELEMENT -&gt; HTML_ELEMENT [10:2]&#10;|   `--HTML -&gt; HTML [10:2]&#10;|       |--HTML_TAG_START -&gt; HTML_TAG_START [10:2]&#10;|       |   |--START -&gt; &lt; [10:2]&#10;|       |   |--HTML_HTML_TAG_NAME -&gt; html [10:3]&#10;|       |   `--END -&gt; &gt; [10:7]&#10;|       |--TEXT -&gt;   [10:8]&#10;|       |--SINGLETON_ELEMENT -&gt; SINGLETON_ELEMENT [10:9]&#10;|       |   `--KEYGEN_TAG -&gt; KEYGEN_TAG [10:9]&#10;|       |       |--START -&gt; &lt; [10:9]&#10;|       |       |--KEYGEN_HTML_TAG_NAME -&gt; keygen [10:10]&#10;|       |       `--END -&gt; &gt; [10:16]&#10;|       |--TEXT -&gt;   [10:17]&#10;|       `--HTML_TAG_END -&gt; HTML_TAG_END [10:18]&#10;|           |--START -&gt; &lt; [10:18]&#10;|           |--SLASH -&gt; / [10:19]&#10;|           |--HTML_HTML_TAG_NAME -&gt; html [10:20]&#10;|           `--END -&gt; &gt; [10:24]&#10;|--NEWLINE -&gt; \n [10:25]&#10;|--LEADING_ASTERISK -&gt; * [11:0]&#10;|--TEXT -&gt;   [11:1]&#10;|--HTML_ELEMENT -&gt; HTML_ELEMENT [11:2]&#10;|   `--OPTION -&gt; OPTION [11:2]&#10;|       |--OPTION_TAG_START -&gt; OPTION_TAG_START [11:2]&#10;|       |   |--START -&gt; &lt; [11:2]&#10;|       |   |--OPTION_HTML_TAG_NAME -&gt; option [11:3]&#10;|       |   `--END -&gt; &gt; [11:9]&#10;|       |--TEXT -&gt;   [11:10]&#10;|       |--SINGLETON_ELEMENT -&gt; SINGLETON_ELEMENT [11:11]&#10;|       |   `--KEYGEN_TAG -&gt; KEYGEN_TAG [11:11]&#10;|       |       |--START -&gt; &lt; [11:11]&#10;|       |       |--KEYGEN_HTML_TAG_NAME -&gt; keygen [11:12]&#10;|       |       `--END -&gt; &gt; [11:18]&#10;|       |--TEXT -&gt;   [11:19]&#10;|       `--OPTION_TAG_END -&gt; OPTION_TAG_END [11:20]&#10;|           |--START -&gt; &lt; [11:20]&#10;|           |--SLASH -&gt; / [11:21]&#10;|           |--OPTION_HTML_TAG_NAME -&gt; option [11:22]&#10;|           `--END -&gt; &gt; [11:28]&#10;|--NEWLINE -&gt; \n [11:29]&#10;|--LEADING_ASTERISK -&gt; * [12:0]&#10;|--TEXT -&gt;   [12:1]&#10;|--HTML_ELEMENT -&gt; HTML_ELEMENT [12:2]&#10;|   `--TBODY -&gt; TBODY [12:2]&#10;|       |--TBODY_TAG_START -&gt; TBODY_TAG_START [12:2]&#10;|       |   |--START -&gt; &lt; [12:2]&#10;|       |   |--TBODY_HTML_TAG_NAME -&gt; tbody [12:3]&#10;|       |   `--END -&gt; &gt; [12:8]&#10;|       |--TEXT -&gt;   [12:9]&#10;|       |--SINGLETON_ELEMENT -&gt; SINGLETON_ELEMENT [12:10]&#10;|       |   `--KEYGEN_TAG -&gt; KEYGEN_TAG [12:10]&#10;|       |       |--START -&gt; &lt; [12:10]&#10;|       |       |--KEYGEN_HTML_TAG_NAME -&gt; keygen [12:11]&#10;|       |       `--END -&gt; &gt; [12:17]&#10;|       |--TEXT -&gt;   [12:18]&#10;|       `--TBODY_TAG_END -&gt; TBODY_TAG_END [12:19]&#10;|           |--START -&gt; &lt; [12:19]&#10;|           |--SLASH -&gt; / [12:20]&#10;|           |--TBODY_HTML_TAG_NAME -&gt; tbody [12:21]&#10;|           `--END -&gt; &gt; [12:26]&#10;|--NEWLINE -&gt; \n [12:27]&#10;|--LEADING_ASTERISK -&gt; * [13:0]&#10;|--TEXT -&gt;   [13:1]&#10;|--HTML_ELEMENT -&gt; HTML_ELEMENT [13:2]&#10;|   `--THEAD -&gt; THEAD [13:2]&#10;|       |--THEAD_TAG_START -&gt; THEAD_TAG_START [13:2]&#10;|       |   |--START -&gt; &lt; [13:2]&#10;|       |   |--THEAD_HTML_TAG_NAME -&gt; thead [13:3]&#10;|       |   `--END -&gt; &gt; [13:8]&#10;|       |--TEXT -&gt;   [13:9]&#10;|       |--SINGLETON_ELEMENT -&gt; SINGLETON_ELEMENT [13:10]&#10;|       |   `--KEYGEN_TAG -&gt; KEYGEN_TAG [13:10]&#10;|       |       |--START -&gt; &lt; [13:10]&#10;|       |       |--KEYGEN_HTML_TAG_NAME -&gt; keygen [13:11]&#10;|       |       `--END -&gt; &gt; [13:17]&#10;|       |--TEXT -&gt;   [13:18]&#10;|       `--THEAD_TAG_END -&gt; THEAD_TAG_END [13:19]&#10;|           |--START -&gt; &lt; [13:19]&#10;|           |--SLASH -&gt; / [13:20]&#10;|           |--THEAD_HTML_TAG_NAME -&gt; thead [13:21]&#10;|           `--END -&gt; &gt; [13:26]&#10;|--NEWLINE -&gt; \n [13:27]&#10;|--LEADING_ASTERISK -&gt; * [14:0]&#10;|--TEXT -&gt;   [14:1]&#10;|--HTML_ELEMENT -&gt; HTML_ELEMENT [14:2]&#10;|   `--TFOOT -&gt; TFOOT [14:2]&#10;|       |--TFOOT_TAG_START -&gt; TFOOT_TAG_START [14:2]&#10;|       |   |--START -&gt; &lt; [14:2]&#10;|       |   |--TFOOT_HTML_TAG_NAME -&gt; tfoot [14:3]&#10;|       |   `--END -&gt; &gt; [14:8]&#10;|       |--TEXT -&gt;   [14:9]&#10;|       |--SINGLETON_ELEMENT -&gt; SINGLETON_ELEMENT [14:10]&#10;|       |   `--KEYGEN_TAG -&gt; KEYGEN_TAG [14:10]&#10;|       |       |--START -&gt; &lt; [14:10]&#10;|       |       |--KEYGEN_HTML_TAG_NAME -&gt; keygen [14:11]&#10;|       |       `--END -&gt; &gt; [14:17]&#10;|       |--TEXT -&gt;   [14:18]&#10;|       `--TFOOT_TAG_END -&gt; TFOOT_TAG_END [14:19]&#10;|           |--START -&gt; &lt; [14:19]&#10;|           |--SLASH -&gt; / [14:20]&#10;|           |--TFOOT_HTML_TAG_NAME -&gt; tfoot [14:21]&#10;|           `--END -&gt; &gt; [14:26]&#10;|--NEWLINE -&gt; \n [14:27]&#10;|--NEWLINE -&gt; \n [15:0]&#10;|--LEADING_ASTERISK -&gt; * [16:0]&#10;|--TEXT -&gt;   [16:1]&#10;|--HTML_ELEMENT -&gt; HTML_ELEMENT [16:2]&#10;|   `--PARAGRAPH -&gt; PARAGRAPH [16:2]&#10;|       |--P_TAG_START -&gt; P_TAG_START [16:2]&#10;|       |   |--START -&gt; &lt; [16:2]&#10;|       |   |--P_HTML_TAG_NAME -&gt; p [16:3]&#10;|       |   `--END -&gt; &gt; [16:4]&#10;|       |--TEXT -&gt;   [16:5]&#10;|       |--SINGLETON_ELEMENT -&gt; SINGLETON_ELEMENT [16:6]&#10;|       |   `--KEYGEN_TAG -&gt; KEYGEN_TAG [16:6]&#10;|       |       |--START -&gt; &lt; [16:6]&#10;|       |       |--KEYGEN_HTML_TAG_NAME -&gt; keygen [16:7]&#10;|       |       `--SLASH_END -&gt; /&gt; [16:13]&#10;|       |--TEXT -&gt;   [16:15]&#10;|       `--P_TAG_END -&gt; P_TAG_END [16:16]&#10;|           |--START -&gt; &lt; [16:16]&#10;|           |--SLASH -&gt; / [16:17]&#10;|           |--P_HTML_TAG_NAME -&gt; p [16:18]&#10;|           `--END -&gt; &gt; [16:19]&#10;|--NEWLINE -&gt; \n [16:20]&#10;|--LEADING_ASTERISK -&gt; * [17:0]&#10;|--TEXT -&gt;   [17:1]&#10;|--HTML_ELEMENT -&gt; HTML_ELEMENT [17:2]&#10;|   `--LI -&gt; LI [17:2]&#10;|       |--LI_TAG_START -&gt; LI_TAG_START [17:2]&#10;|       |   |--START -&gt; &lt; [17:2]&#10;|       |   |--LI_HTML_TAG_NAME -&gt; li [17:3]&#10;|       |   `--END -&gt; &gt; [17:5]&#10;|       |--TEXT -&gt;   [17:6]&#10;|       |--SINGLETON_ELEMENT -&gt; SINGLETON_ELEMENT [17:7]&#10;|       |   `--KEYGEN_TAG -&gt; KEYGEN_TAG [17:7]&#10;|       |       |--START -&gt; &lt; [17:7]&#10;|       |       |--KEYGEN_HTML_TAG_NAME -&gt; keygen [17:8]&#10;|       |       `--SLASH_END -&gt; /&gt; [17:14]&#10;|       |--TEXT -&gt;   [17:16]&#10;|       `--LI_TAG_END -&gt; LI_TAG_END [17:17]&#10;|           |--START -&gt; &lt; [17:17]&#10;|           |--SLASH -&gt; / [17:18]&#10;|           |--LI_HTML_TAG_NAME -&gt; li [17:19]&#10;|           `--END -&gt; &gt; [17:21]&#10;|--NEWLINE -&gt; \n [17:22]&#10;|--LEADING_ASTERISK -&gt; * [18:0]&#10;|--TEXT -&gt;   [18:1]&#10;|--HTML_ELEMENT -&gt; HTML_ELEMENT [18:2]&#10;|   `--TR -&gt; TR [18:2]&#10;|       |--TR_TAG_START -&gt; TR_TAG_START [18:2]&#10;|       |   |--START -&gt; &lt; [18:2]&#10;|       |   |--TR_HTML_TAG_NAME -&gt; tr [18:3]&#10;|       |   `--END -&gt; &gt; [18:5]&#10;|       |--TEXT -&gt;   [18:6]&#10;|       |--SINGLETON_ELEMENT -&gt; SINGLETON_ELEMENT [18:7]&#10;|       |   `--KEYGEN_TAG -&gt; KEYGEN_TAG [18:7]&#10;|       |       |--START -&gt; &lt; [18:7]&#10;|       |       |--KEYGEN_HTML_TAG_NAME -&gt; keygen [18:8]&#10;|       |       `--SLASH_END -&gt; /&gt; [18:14]&#10;|       |--TEXT -&gt;   [18:16]&#10;|       `--TR_TAG_END -&gt; TR_TAG_END [18:17]&#10;|           |--START -&gt; &lt; [18:17]&#10;|           |--SLASH -&gt; / [18:18]&#10;|           |--TR_HTML_TAG_NAME -&gt; tr [18:19]&#10;|           `--END -&gt; &gt; [18:21]&#10;|--NEWLINE -&gt; \n [18:22]&#10;|--LEADING_ASTERISK -&gt; * [19:0]&#10;|--TEXT -&gt;   [19:1]&#10;|--HTML_ELEMENT -&gt; HTML_ELEMENT [19:2]&#10;|   `--TD -&gt; TD [19:2]&#10;|       |--TD_TAG_START -&gt; TD_TAG_START [19:2]&#10;|       |   |--START -&gt; &lt; [19:2]&#10;|       |   |--TD_HTML_TAG_NAME -&gt; td [19:3]&#10;|       |   `--END -&gt; &gt; [19:5]&#10;|       |--TEXT -&gt;   [19:6]&#10;|       |--SINGLETON_ELEMENT -&gt; SINGLETON_ELEMENT [19:7]&#10;|       |   `--KEYGEN_TAG -&gt; KEYGEN_TAG [19:7]&#10;|       |       |--START -&gt; &lt; [19:7]&#10;|       |       |--KEYGEN_HTML_TAG_NAME -&gt; keygen [19:8]&#10;|       |       `--SLASH_END -&gt; /&gt; [19:14]&#10;|       |--TEXT -&gt;   [19:16]&#10;|       `--TD_TAG_END -&gt; TD_TAG_END [19:17]&#10;|           |--START -&gt; &lt; [19:17]&#10;|           |--SLASH -&gt; / [19:18]&#10;|           |--TD_HTML_TAG_NAME -&gt; td [19:19]&#10;|           `--END -&gt; &gt; [19:21]&#10;|--NEWLINE -&gt; \n [19:22]&#10;|--LEADING_ASTERISK -&gt; * [20:0]&#10;|--TEXT -&gt;   [20:1]&#10;|--HTML_ELEMENT -&gt; HTML_ELEMENT [20:2]&#10;|   `--TH -&gt; TH [20:2]&#10;|       |--TH_TAG_START -&gt; TH_TAG_START [20:2]&#10;|       |   |--START -&gt; &lt; [20:2]&#10;|       |   |--TH_HTML_TAG_NAME -&gt; th [20:3]&#10;|       |   `--END -&gt; &gt; [20:5]&#10;|       |--TEXT -&gt;   [20:6]&#10;|       |--SINGLETON_ELEMENT -&gt; SINGLETON_ELEMENT [20:7]&#10;|       |   `--KEYGEN_TAG -&gt; KEYGEN_TAG [20:7]&#10;|       |       |--START -&gt; &lt; [20:7]&#10;|       |       |--KEYGEN_HTML_TAG_NAME -&gt; keygen [20:8]&#10;|       |       `--SLASH_END -&gt; /&gt; [20:14]&#10;|       |--TEXT -&gt;   [20:16]&#10;|       `--TH_TAG_END -&gt; TH_TAG_END [20:17]&#10;|           |--START -&gt; &lt; [20:17]&#10;|           |--SLASH -&gt; / [20:18]&#10;|           |--TH_HTML_TAG_NAME -&gt; th [20:19]&#10;|           `--END -&gt; &gt; [20:21]&#10;|--NEWLINE -&gt; \n [20:22]&#10;|--LEADING_ASTERISK -&gt; * [21:0]&#10;|--TEXT -&gt;   [21:1]&#10;|--HTML_ELEMENT -&gt; HTML_ELEMENT [21:2]&#10;|   `--BODY -&gt; BODY [21:2]&#10;|       |--BODY_TAG_START -&gt; BODY_TAG_START [21:2]&#10;|       |   |--START -&gt; &lt; [21:2]&#10;|       |   |--BODY_HTML_TAG_NAME -&gt; body [21:3]&#10;|       |   `--END -&gt; &gt; [21:7]&#10;|       |--TEXT -&gt;   [21:8]&#10;|       |--SINGLETON_ELEMENT -&gt; SINGLETON_ELEMENT [21:9]&#10;|       |   `--KEYGEN_TAG -&gt; KEYGEN_TAG [21:9]&#10;|       |       |--START -&gt; &lt; [21:9]&#10;|       |       |--KEYGEN_HTML_TAG_NAME -&gt; keygen [21:10]&#10;|       |       `--SLASH_END -&gt; /&gt; [21:16]&#10;|       |--TEXT -&gt;   [21:18]&#10;|       `--BODY_TAG_END -&gt; BODY_TAG_END [21:19]&#10;|           |--START -&gt; &lt; [21:19]&#10;|           |--SLASH -&gt; / [21:20]&#10;|           |--BODY_HTML_TAG_NAME -&gt; body [21:21]&#10;|           `--END -&gt; &gt; [21:25]&#10;|--NEWLINE -&gt; \n [21:26]&#10;|--LEADING_ASTERISK -&gt; * [22:0]&#10;|--TEXT -&gt;   [22:1]&#10;|--HTML_ELEMENT -&gt; HTML_ELEMENT [22:2]&#10;|   `--COLGROUP -&gt; COLGROUP [22:2]&#10;|       |--COLGROUP_TAG_START -&gt; COLGROUP_TAG_START [22:2]&#10;|       |   |--START -&gt; &lt; [22:2]&#10;|       |   |--COLGROUP_HTML_TAG_NAME -&gt; colgroup [22:3]&#10;|       |   `--END -&gt; &gt; [22:11]&#10;|       |--TEXT -&gt;   [22:12]&#10;|       |--SINGLETON_ELEMENT -&gt; SINGLETON_ELEMENT [22:13]&#10;|       |   `--KEYGEN_TAG -&gt; KEYGEN_TAG [22:13]&#10;|       |       |--START -&gt; &lt; [22:13]&#10;|       |       |--KEYGEN_HTML_TAG_NAME -&gt; keygen [22:14]&#10;|       |       `--SLASH_END -&gt; /&gt; [22:20]&#10;|       |--TEXT -&gt;   [22:22]&#10;|       `--COLGROUP_TAG_END -&gt; COLGROUP_TAG_END [22:23]&#10;|           |--START -&gt; &lt; [22:23]&#10;|           |--SLASH -&gt; / [22:24]&#10;|           |--COLGROUP_HTML_TAG_NAME -&gt; colgroup [22:25]&#10;|           `--END -&gt; &gt; [22:33]&#10;|--NEWLINE -&gt; \n [22:34]&#10;|--LEADING_ASTERISK -&gt; * [23:0]&#10;|--TEXT -&gt;   [23:1]&#10;|--HTML_ELEMENT -&gt; HTML_ELEMENT [23:2]&#10;|   `--DD -&gt; DD [23:2]&#10;|       |--DD_TAG_START -&gt; DD_TAG_START [23:2]&#10;|       |   |--START -&gt; &lt; [23:2]&#10;|       |   |--DD_HTML_TAG_NAME -&gt; dd [23:3]&#10;|       |   `--END -&gt; &gt; [23:5]&#10;|       |--TEXT -&gt;   [23:6]&#10;|       |--SINGLETON_ELEMENT -&gt; SINGLETON_ELEMENT [23:7]&#10;|       |   `--KEYGEN_TAG -&gt; KEYGEN_TAG [23:7]&#10;|       |       |--START -&gt; &lt; [23:7]&#10;|       |       |--KEYGEN_HTML_TAG_NAME -&gt; keygen [23:8]&#10;|       |       `--SLASH_END -&gt; /&gt; [23:14]&#10;|       |--TEXT -&gt;   [23:16]&#10;|       `--DD_TAG_END -&gt; DD_TAG_END [23:17]&#10;|           |--START -&gt; &lt; [23:17]&#10;|           |--SLASH -&gt; / [23:18]&#10;|           |--DD_HTML_TAG_NAME -&gt; dd [23:19]&#10;|           `--END -&gt; &gt; [23:21]&#10;|--NEWLINE -&gt; \n [23:22]&#10;|--LEADING_ASTERISK -&gt; * [24:0]&#10;|--TEXT -&gt;   [24:1]&#10;|--HTML_ELEMENT -&gt; HTML_ELEMENT [24:2]&#10;|   `--DT -&gt; DT [24:2]&#10;|       |--DT_TAG_START -&gt; DT_TAG_START [24:2]&#10;|       |   |--START -&gt; &lt; [24:2]&#10;|       |   |--DT_HTML_TAG_NAME -&gt; dt [24:3]&#10;|       |   `--END -&gt; &gt; [24:5]&#10;|       |--TEXT -&gt;   [24:6]&#10;|       |--SINGLETON_ELEMENT -&gt; SINGLETON_ELEMENT [24:7]&#10;|       |   `--KEYGEN_TAG -&gt; KEYGEN_TAG [24:7]&#10;|       |       |--START -&gt; &lt; [24:7]&#10;|       |       |--KEYGEN_HTML_TAG_NAME -&gt; keygen [24:8]&#10;|       |       `--SLASH_END -&gt; /&gt; [24:14]&#10;|       |--TEXT -&gt;   [24:16]&#10;|       `--DT_TAG_END -&gt; DT_TAG_END [24:17]&#10;|           |--START -&gt; &lt; [24:17]&#10;|           |--SLASH -&gt; / [24:18]&#10;|           |--DT_HTML_TAG_NAME -&gt; dt [24:19]&#10;|           `--END -&gt; &gt; [24:21]&#10;|--NEWLINE -&gt; \n [24:22]&#10;|--LEADING_ASTERISK -&gt; * [25:0]&#10;|--TEXT -&gt;   [25:1]&#10;|--HTML_ELEMENT -&gt; HTML_ELEMENT [25:2]&#10;|   `--HEAD -&gt; HEAD [25:2]&#10;|       |--HEAD_TAG_START -&gt; HEAD_TAG_START [25:2]&#10;|       |   |--START -&gt; &lt; [25:2]&#10;|       |   |--HEAD_HTML_TAG_NAME -&gt; head [25:3]&#10;|       |   `--END -&gt; &gt; [25:7]&#10;|       |--TEXT -&gt;   [25:8]&#10;|       |--SINGLETON_ELEMENT -&gt; SINGLETON_ELEMENT [25:9]&#10;|       |   `--KEYGEN_TAG -&gt; KEYGEN_TAG [25:9]&#10;|       |       |--START -&gt; &lt; [25:9]&#10;|       |       |--KEYGEN_HTML_TAG_NAME -&gt; keygen [25:10]&#10;|       |       `--SLASH_END -&gt; /&gt; [25:16]&#10;|       |--TEXT -&gt;   [25:18]&#10;|       `--HEAD_TAG_END -&gt; HEAD_TAG_END [25:19]&#10;|           |--START -&gt; &lt; [25:19]&#10;|           |--SLASH -&gt; / [25:20]&#10;|           |--HEAD_HTML_TAG_NAME -&gt; head [25:21]&#10;|           `--END -&gt; &gt; [25:25]&#10;|--NEWLINE -&gt; \n [25:26]&#10;|--LEADING_ASTERISK -&gt; * [26:0]&#10;|--TEXT -&gt;   [26:1]&#10;|--HTML_ELEMENT -&gt; HTML_ELEMENT [26:2]&#10;|   `--HTML -&gt; HTML [26:2]&#10;|       |--HTML_TAG_START -&gt; HTML_TAG_START [26:2]&#10;|       |   |--START -&gt; &lt; [26:2]&#10;|       |   |--HTML_HTML_TAG_NAME -&gt; html [26:3]&#10;|       |   `--END -&gt; &gt; [26:7]&#10;|       |--TEXT -&gt;   [26:8]&#10;|       |--SINGLETON_ELEMENT -&gt; SINGLETON_ELEMENT [26:9]&#10;|       |   `--KEYGEN_TAG -&gt; KEYGEN_TAG [26:9]&#10;|       |       |--START -&gt; &lt; [26:9]&#10;|       |       |--KEYGEN_HTML_TAG_NAME -&gt; keygen [26:10]&#10;|       |       `--SLASH_END -&gt; /&gt; [26:16]&#10;|       |--TEXT -&gt;   [26:18]&#10;|       `--HTML_TAG_END -&gt; HTML_TAG_END [26:19]&#10;|           |--START -&gt; &lt; [26:19]&#10;|           |--SLASH -&gt; / [26:20]&#10;|           |--HTML_HTML_TAG_NAME -&gt; html [26:21]&#10;|           `--END -&gt; &gt; [26:25]&#10;|--NEWLINE -&gt; \n [26:26]&#10;|--LEADING_ASTERISK -&gt; * [27:0]&#10;|--TEXT -&gt;   [27:1]&#10;|--HTML_ELEMENT -&gt; HTML_ELEMENT [27:2]&#10;|   `--OPTION -&gt; OPTION [27:2]&#10;|       |--OPTION_TAG_START -&gt; OPTION_TAG_START [27:2]&#10;|       |   |--START -&gt; &lt; [27:2]&#10;|       |   |--OPTION_HTML_TAG_NAME -&gt; option [27:3]&#10;|       |   `--END -&gt; &gt; [27:9]&#10;|       |--TEXT -&gt;   [27:10]&#10;|       |--SINGLETON_ELEMENT -&gt; SINGLETON_ELEMENT [27:11]&#10;|       |   `--KEYGEN_TAG -&gt; KEYGEN_TAG [27:11]&#10;|       |       |--START -&gt; &lt; [27:11]&#10;|       |       |--KEYGEN_HTML_TAG_NAME -&gt; keygen [27:12]&#10;|       |       `--SLASH_END -&gt; /&gt; [27:18]&#10;|       |--TEXT -&gt;   [27:20]&#10;|       `--OPTION_TAG_END -&gt; OPTION_TAG_END [27:21]&#10;|           |--START -&gt; &lt; [27:21]&#10;|           |--SLASH -&gt; / [27:22]&#10;|           |--OPTION_HTML_TAG_NAME -&gt; option [27:23]&#10;|           `--END -&gt; &gt; [27:29]&#10;|--NEWLINE -&gt; \n [27:30]&#10;|--LEADING_ASTERISK -&gt; * [28:0]&#10;|--TEXT -&gt;   [28:1]&#10;|--HTML_ELEMENT -&gt; HTML_ELEMENT [28:2]&#10;|   `--TBODY -&gt; TBODY [28:2]&#10;|       |--TBODY_TAG_START -&gt; TBODY_TAG_START [28:2]&#10;|       |   |--START -&gt; &lt; [28:2]&#10;|       |   |--TBODY_HTML_TAG_NAME -&gt; tbody [28:3]&#10;|       |   `--END -&gt; &gt; [28:8]&#10;|       |--TEXT -&gt;   [28:9]&#10;|       |--SINGLETON_ELEMENT -&gt; SINGLETON_ELEMENT [28:10]&#10;|       |   `--KEYGEN_TAG -&gt; KEYGEN_TAG [28:10]&#10;|       |       |--START -&gt; &lt; [28:10]&#10;|       |       |--KEYGEN_HTML_TAG_NAME -&gt; keygen [28:11]&#10;|       |       `--SLASH_END -&gt; /&gt; [28:17]&#10;|       |--TEXT -&gt;   [28:19]&#10;|       `--TBODY_TAG_END -&gt; TBODY_TAG_END [28:20]&#10;|           |--START -&gt; &lt; [28:20]&#10;|           |--SLASH -&gt; / [28:21]&#10;|           |--TBODY_HTML_TAG_NAME -&gt; tbody [28:22]&#10;|           `--END -&gt; &gt; [28:27]&#10;|--NEWLINE -&gt; \n [28:28]&#10;|--LEADING_ASTERISK -&gt; * [29:0]&#10;|--TEXT -&gt;   [29:1]&#10;|--HTML_ELEMENT -&gt; HTML_ELEMENT [29:2]&#10;|   `--THEAD -&gt; THEAD [29:2]&#10;|       |--THEAD_TAG_START -&gt; THEAD_TAG_START [29:2]&#10;|       |   |--START -&gt; &lt; [29:2]&#10;|       |   |--THEAD_HTML_TAG_NAME -&gt; thead [29:3]&#10;|       |   `--END -&gt; &gt; [29:8]&#10;|       |--TEXT -&gt;   [29:9]&#10;|       |--SINGLETON_ELEMENT -&gt; SINGLETON_ELEMENT [29:10]&#10;|       |   `--KEYGEN_TAG -&gt; KEYGEN_TAG [29:10]&#10;|       |       |--START -&gt; &lt; [29:10]&#10;|       |       |--KEYGEN_HTML_TAG_NAME -&gt; keygen [29:11]&#10;|       |       `--SLASH_END -&gt; /&gt; [29:17]&#10;|       |--TEXT -&gt;   [29:19]&#10;|       `--THEAD_TAG_END -&gt; THEAD_TAG_END [29:20]&#10;|           |--START -&gt; &lt; [29:20]&#10;|           |--SLASH -&gt; / [29:21]&#10;|           |--THEAD_HTML_TAG_NAME -&gt; thead [29:22]&#10;|           `--END -&gt; &gt; [29:27]&#10;|--NEWLINE -&gt; \n [29:28]&#10;|--LEADING_ASTERISK -&gt; * [30:0]&#10;|--TEXT -&gt;   [30:1]&#10;|--HTML_ELEMENT -&gt; HTML_ELEMENT [30:2]&#10;|   `--TFOOT -&gt; TFOOT [30:2]&#10;|       |--TFOOT_TAG_START -&gt; TFOOT_TAG_START [30:2]&#10;|       |   |--START -&gt; &lt; [30:2]&#10;|       |   |--TFOOT_HTML_TAG_NAME -&gt; tfoot [30:3]&#10;|       |   `--END -&gt; &gt; [30:8]&#10;|       |--TEXT -&gt;   [30:9]&#10;|       |--SINGLETON_ELEMENT -&gt; SINGLETON_ELEMENT [30:10]&#10;|       |   `--KEYGEN_TAG -&gt; KEYGEN_TAG [30:10]&#10;|       |       |--START -&gt; &lt; [30:10]&#10;|       |       |--KEYGEN_HTML_TAG_NAME -&gt; keygen [30:11]&#10;|       |       `--SLASH_END -&gt; /&gt; [30:17]&#10;|       |--TEXT -&gt;   [30:19]&#10;|       `--TFOOT_TAG_END -&gt; TFOOT_TAG_END [30:20]&#10;|           |--START -&gt; &lt; [30:20]&#10;|           |--SLASH -&gt; / [30:21]&#10;|           |--TFOOT_HTML_TAG_NAME -&gt; tfoot [30:22]&#10;|           `--END -&gt; &gt; [30:27]&#10;|--NEWLINE -&gt; \n [30:28]&#10;|--NEWLINE -&gt; \n [31:0]&#10;|--LEADING_ASTERISK -&gt; * [32:0]&#10;|--TEXT -&gt;   [32:1]&#10;|--HTML_ELEMENT -&gt; HTML_ELEMENT [32:2]&#10;|   `--SINGLETON_ELEMENT -&gt; SINGLETON_ELEMENT [32:2]&#10;|       `--KEYGEN_TAG -&gt; KEYGEN_TAG [32:2]&#10;|           |--START -&gt; &lt; [32:2]&#10;|           |--KEYGEN_HTML_TAG_NAME -&gt; keygen [32:3]&#10;|           `--END -&gt; &gt; [32:9]&#10;|--NEWLINE -&gt; \n [32:10]&#10;|--LEADING_ASTERISK -&gt; * [33:0]&#10;|--TEXT -&gt;   [33:1]&#10;|--HTML_ELEMENT -&gt; HTML_ELEMENT [33:2]&#10;|   `--SINGLETON_ELEMENT -&gt; SINGLETON_ELEMENT [33:2]&#10;|       `--KEYGEN_TAG -&gt; KEYGEN_TAG [33:2]&#10;|           |--START -&gt; &lt; [33:2]&#10;|           |--KEYGEN_HTML_TAG_NAME -&gt; keygen [33:3]&#10;|           `--SLASH_END -&gt; /&gt; [33:9]&#10;|--NEWLINE -&gt; \n [33:11]&#10;|--LEADING_ASTERISK -&gt; * [34:0]&#10;|--TEXT -&gt;   [34:1]&#10;|--HTML_ELEMENT -&gt; HTML_ELEMENT [34:2]&#10;|   `--SINGLETON_ELEMENT -&gt; SINGLETON_ELEMENT [34:2]&#10;|       `--KEYGEN_TAG -&gt; KEYGEN_TAG [34:2]&#10;|           |--START -&gt; &lt; [34:2]&#10;|           |--KEYGEN_HTML_TAG_NAME -&gt; keygen [34:3]&#10;|           |--WS -&gt;   [34:9]&#10;|           |--ATTRIBUTE -&gt; ATTRIBUTE [34:10]&#10;|           |   |--HTML_TAG_NAME -&gt; attr [34:10]&#10;|           |   |--EQUALS -&gt; = [34:14]&#10;|           |   `--ATTR_VALUE -&gt; &quot;something&quot; [34:15]&#10;|           `--END -&gt; &gt; [34:27]&#10;|--NEWLINE -&gt; \n [34:28]&#10;|--LEADING_ASTERISK -&gt; * [35:0]&#10;|--TEXT -&gt;   [35:1]&#10;|--HTML_ELEMENT -&gt; HTML_ELEMENT [35:2]&#10;|   `--SINGLETON_ELEMENT -&gt; SINGLETON_ELEMENT [35:2]&#10;|       `--KEYGEN_TAG -&gt; KEYGEN_TAG [35:2]&#10;|           |--START -&gt; &lt; [35:2]&#10;|           |--KEYGEN_HTML_TAG_NAME -&gt; keygen [35:3]&#10;|           |--WS -&gt;   [35:9]&#10;|           |--ATTRIBUTE -&gt; ATTRIBUTE [35:10]&#10;|           |   |--HTML_TAG_NAME -&gt; attr [35:10]&#10;|           |   |--EQUALS -&gt; = [35:14]&#10;|           |   `--ATTR_VALUE -&gt; &quot;something&quot; [35:15]&#10;|           `--SLASH_END -&gt; /&gt; [35:27]&#10;|--NEWLINE -&gt; \n [35:29]&#10;|--LEADING_ASTERISK -&gt; * [36:0]&#10;|--TEXT -&gt;   [36:1]&#10;|--HTML_ELEMENT -&gt; HTML_ELEMENT [36:2]&#10;|   `--SINGLETON_ELEMENT -&gt; SINGLETON_ELEMENT [36:2]&#10;|       `--KEYGEN_TAG -&gt; KEYGEN_TAG [36:2]&#10;|           |--START -&gt; &lt; [36:2]&#10;|           |--KEYGEN_HTML_TAG_NAME -&gt; keygen [36:3]&#10;|           |--WS -&gt;   [36:9]&#10;|           |--ATTRIBUTE -&gt; ATTRIBUTE [36:10]&#10;|           |   |--HTML_TAG_NAME -&gt; attr [36:10]&#10;|           |   |--EQUALS -&gt; = [36:14]&#10;|           |   `--ATTR_VALUE -&gt; &quot;something&quot; [36:15]&#10;|           |--WS -&gt;   [36:27]&#10;|           |--ATTRIBUTE -&gt; ATTRIBUTE [36:28]&#10;|           |   |--HTML_TAG_NAME -&gt; attr2 [36:28]&#10;|           |   |--EQUALS -&gt; = [36:33]&#10;|           |   `--ATTR_VALUE -&gt; &quot;someotherthing&quot; [36:34]&#10;|           `--END -&gt; &gt; [36:51]&#10;|--NEWLINE -&gt; \n [36:52]&#10;|--LEADING_ASTERISK -&gt; * [37:0]&#10;|--TEXT -&gt;   [37:1]&#10;|--HTML_ELEMENT -&gt; HTML_ELEMENT [37:2]&#10;|   `--SINGLETON_ELEMENT -&gt; SINGLETON_ELEMENT [37:2]&#10;|       `--KEYGEN_TAG -&gt; KEYGEN_TAG [37:2]&#10;|           |--START -&gt; &lt; [37:2]&#10;|           |--KEYGEN_HTML_TAG_NAME -&gt; keygen [37:3]&#10;|           |--WS -&gt;   [37:9]&#10;|           |--ATTRIBUTE -&gt; ATTRIBUTE [37:10]&#10;|           |   |--HTML_TAG_NAME -&gt; attr [37:10]&#10;|           |   |--EQUALS -&gt; = [37:14]&#10;|           |   `--ATTR_VALUE -&gt; &quot;something&quot; [37:15]&#10;|           |--WS -&gt;   [37:27]&#10;|           |--ATTRIBUTE -&gt; ATTRIBUTE [37:28]&#10;|           |   |--HTML_TAG_NAME -&gt; attr2 [37:28]&#10;|           |   |--EQUALS -&gt; = [37:33]&#10;|           |   `--ATTR_VALUE -&gt; &quot;someotherthing&quot; [37:34]&#10;|           `--SLASH_END -&gt; /&gt; [37:51]&#10;|--NEWLINE -&gt; \n [37:53]&#10;|--LEADING_ASTERISK -&gt; * [38:0]&#10;|--TEXT -&gt;   [38:1]&#10;|--HTML_ELEMENT -&gt; HTML_ELEMENT [38:2]&#10;|   `--SINGLETON_ELEMENT -&gt; SINGLETON_ELEMENT [38:2]&#10;|       `--KEYGEN_TAG -&gt; KEYGEN_TAG [38:2]&#10;|           |--START -&gt; &lt; [38:2]&#10;|           |--KEYGEN_HTML_TAG_NAME -&gt; keygen [38:3]&#10;|           |--WS -&gt;   [38:9]&#10;|           |--ATTRIBUTE -&gt; ATTRIBUTE [38:10]&#10;|           |   |--HTML_TAG_NAME -&gt; attr [38:10]&#10;|           |   |--EQUALS -&gt; = [38:14]&#10;|           |   `--ATTR_VALUE -&gt; &quot;something&quot; [38:15]&#10;|           |--WS -&gt;   [38:27]&#10;|           |--NEWLINE -&gt; \n [38:28]&#10;|           |--LEADING_ASTERISK -&gt; * [39:0]&#10;|           |--WS -&gt;   [39:1]&#10;|           |--ATTRIBUTE -&gt; ATTRIBUTE [39:2]&#10;|           |   |--HTML_TAG_NAME -&gt; attr2 [39:2]&#10;|           |   |--EQUALS -&gt; = [39:7]&#10;|           |   `--ATTR_VALUE -&gt; &quot;someotherting&quot; [39:8]&#10;|           `--END -&gt; &gt; [39:24]&#10;|--NEWLINE -&gt; \n [39:25]&#10;|--LEADING_ASTERISK -&gt; * [40:0]&#10;|--TEXT -&gt;   [40:1]&#10;|--HTML_ELEMENT -&gt; HTML_ELEMENT [40:2]&#10;|   `--SINGLETON_ELEMENT -&gt; SINGLETON_ELEMENT [40:2]&#10;|       `--KEYGEN_TAG -&gt; KEYGEN_TAG [40:2]&#10;|           |--START -&gt; &lt; [40:2]&#10;|           |--KEYGEN_HTML_TAG_NAME -&gt; keygen [40:3]&#10;|           |--WS -&gt;   [40:9]&#10;|           |--ATTRIBUTE -&gt; ATTRIBUTE [40:10]&#10;|           |   |--HTML_TAG_NAME -&gt; attr [40:10]&#10;|           |   |--EQUALS -&gt; = [40:14]&#10;|           |   `--ATTR_VALUE -&gt; &quot;something&quot; [40:15]&#10;|           |--WS -&gt;   [40:27]&#10;|           |--NEWLINE -&gt; \n [40:28]&#10;|           |--LEADING_ASTERISK -&gt; * [41:0]&#10;|           |--WS -&gt;   [41:1]&#10;|           |--ATTRIBUTE -&gt; ATTRIBUTE [41:2]&#10;|           |   |--HTML_TAG_NAME -&gt; attr2 [41:2]&#10;|           |   |--EQUALS -&gt; = [41:7]&#10;|           |   `--ATTR_VALUE -&gt; &quot;someotherting&quot; [41:8]&#10;|           `--SLASH_END -&gt; /&gt; [41:24]&#10;`--EOF -&gt; &lt;EOF&gt; [41:26]]&#10;&gt; but was:&lt;...DOC -&gt; JAVADOC [0:0][&#10;|--LEADING_ASTERISK -&gt; * [0:0]&#10;|--TEXT -&gt;   [0:1]&#10;|--HTML_ELEMENT -&gt; HTML_ELEMENT [0:2]&#10;|   `--PARAGRAPH -&gt; PARAGRAPH [0:2]&#10;|       |--P_TAG_START -&gt; P_TAG_START [0:2]&#10;|       |   |--START -&gt; &lt; [0:2]&#10;|       |   |--P_HTML_TAG_NAME -&gt; p [0:3]&#10;|       |   `--END -&gt; &gt; [0:4]&#10;|       |--TEXT -&gt;   [0:5]&#10;|       |--SINGLETON_ELEMENT -&gt; SINGLETON_ELEMENT [0:6]&#10;|       |   `--KEYGEN_TAG -&gt; KEYGEN_TAG [0:6]&#10;|       |       |--START -&gt; &lt; [0:6]&#10;|       |       |--KEYGEN_HTML_TAG_NAME -&gt; keygen [0:7]&#10;|       |       `--END -&gt; &gt; [0:13]&#10;|       |--TEXT -&gt;   [0:14]&#10;|       `--P_TAG_END -&gt; P_TAG_END [0:15]&#10;|           |--START -&gt; &lt; [0:15]&#10;|           |--SLASH -&gt; / [0:16]&#10;|           |--P_HTML_TAG_NAME -&gt; p [0:17]&#10;|           `--END -&gt; &gt; [0:18]&#10;|--NEWLINE -&gt; \n [0:19]&#10;|--LEADING_ASTERISK -&gt; * [1:0]&#10;|--TEXT -&gt;   [1:1]&#10;|--HTML_ELEMENT -&gt; HTML_ELEMENT [1:2]&#10;|   `--LI -&gt; LI [1:2]&#10;|       |--LI_TAG_START -&gt; LI_TAG_START [1:2]&#10;|       |   |--START -&gt; &lt; [1:2]&#10;|       |   |--LI_HTML_TAG_NAME -&gt; li [1:3]&#10;|       |   `--END -&gt; &gt; [1:5]&#10;|       |--TEXT -&gt;   [1:6]&#10;|       |--SINGLETON_ELEMENT -&gt; SINGLETON_ELEMENT [1:7]&#10;|       |   `--KEYGEN_TAG -&gt; KEYGEN_TAG [1:7]&#10;|       |       |--START -&gt; &lt; [1:7]&#10;|       |       |--KEYGEN_HTML_TAG_NAME -&gt; keygen [1:8]&#10;|       |       `--END -&gt; &gt; [1:14]&#10;|       |--TEXT -&gt;   [1:15]&#10;|       `--LI_TAG_END -&gt; LI_TAG_END [1:16]&#10;|           |--START -&gt; &lt; [1:16]&#10;|           |--SLASH -&gt; / [1:17]&#10;|           |--LI_HTML_TAG_NAME -&gt; li [1:18]&#10;|           `--END -&gt; &gt; [1:20]&#10;|--NEWLINE -&gt; \n [1:21]&#10;|--LEADING_ASTERISK -&gt; * [2:0]&#10;|--TEXT -&gt;   [2:1]&#10;|--HTML_ELEMENT -&gt; HTML_ELEMENT [2:2]&#10;|   `--TR -&gt; TR [2:2]&#10;|       |--TR_TAG_START -&gt; TR_TAG_START [2:2]&#10;|       |   |--START -&gt; &lt; [2:2]&#10;|       |   |--TR_HTML_TAG_NAME -&gt; tr [2:3]&#10;|       |   `--END -&gt; &gt; [2:5]&#10;|       |--TEXT -&gt;   [2:6]&#10;|       |--SINGLETON_ELEMENT -&gt; SINGLETON_ELEMENT [2:7]&#10;|       |   `--KEYGEN_TAG -&gt; KEYGEN_TAG [2:7]&#10;|       |       |--START -&gt; &lt; [2:7]&#10;|       |       |--KEYGEN_HTML_TAG_NAME -&gt; keygen [2:8]&#10;|       |       `--END -&gt; &gt; [2:14]&#10;|       |--TEXT -&gt;   [2:15]&#10;|       `--TR_TAG_END -&gt; TR_TAG_END [2:16]&#10;|           |--START -&gt; &lt; [2:16]&#10;|           |--SLASH -&gt; / [2:17]&#10;|           |--TR_HTML_TAG_NAME -&gt; tr [2:18]&#10;|           `--END -&gt; &gt; [2:20]&#10;|--NEWLINE -&gt; \n [2:21]&#10;|--LEADING_ASTERISK -&gt; * [3:0]&#10;|--TEXT -&gt;   [3:1]&#10;|--HTML_ELEMENT -&gt; HTML_ELEMENT [3:2]&#10;|   `--TD -&gt; TD [3:2]&#10;|       |--TD_TAG_START -&gt; TD_TAG_START [3:2]&#10;|       |   |--START -&gt; &lt; [3:2]&#10;|       |   |--TD_HTML_TAG_NAME -&gt; td [3:3]&#10;|       |   `--END -&gt; &gt; [3:5]&#10;|       |--TEXT -&gt;   [3:6]&#10;|       |--SINGLETON_ELEMENT -&gt; SINGLETON_ELEMENT [3:7]&#10;|       |   `--KEYGEN_TAG -&gt; KEYGEN_TAG [3:7]&#10;|       |       |--START -&gt; &lt; [3:7]&#10;|       |       |--KEYGEN_HTML_TAG_NAME -&gt; keygen [3:8]&#10;|       |       `--END -&gt; &gt; [3:14]&#10;|       |--TEXT -&gt;   [3:15]&#10;|       `--TD_TAG_END -&gt; TD_TAG_END [3:16]&#10;|           |--START -&gt; &lt; [3:16]&#10;|           |--SLASH -&gt; / [3:17]&#10;|           |--TD_HTML_TAG_NAME -&gt; td [3:18]&#10;|           `--END -&gt; &gt; [3:20]&#10;|--NEWLINE -&gt; \n [3:21]&#10;|--LEADING_ASTERISK -&gt; * [4:0]&#10;|--TEXT -&gt;   [4:1]&#10;|--HTML_ELEMENT -&gt; HTML_ELEMENT [4:2]&#10;|   `--TH -&gt; TH [4:2]&#10;|       |--TH_TAG_START -&gt; TH_TAG_START [4:2]&#10;|       |   |--START -&gt; &lt; [4:2]&#10;|       |   |--TH_HTML_TAG_NAME -&gt; th [4:3]&#10;|       |   `--END -&gt; &gt; [4:5]&#10;|       |--TEXT -&gt;   [4:6]&#10;|       |--SINGLETON_ELEMENT -&gt; SINGLETON_ELEMENT [4:7]&#10;|       |   `--KEYGEN_TAG -&gt; KEYGEN_TAG [4:7]&#10;|       |       |--START -&gt; &lt; [4:7]&#10;|       |       |--KEYGEN_HTML_TAG_NAME -&gt; keygen [4:8]&#10;|       |       `--END -&gt; &gt; [4:14]&#10;|       |--TEXT -&gt;   [4:15]&#10;|       `--TH_TAG_END -&gt; TH_TAG_END [4:16]&#10;|           |--START -&gt; &lt; [4:16]&#10;|           |--SLASH -&gt; / [4:17]&#10;|           |--TH_HTML_TAG_NAME -&gt; th [4:18]&#10;|           `--END -&gt; &gt; [4:20]&#10;|--NEWLINE -&gt; \n [4:21]&#10;|--LEADING_ASTERISK -&gt; * [5:0]&#10;|--TEXT -&gt;   [5:1]&#10;|--HTML_ELEMENT -&gt; HTML_ELEMENT [5:2]&#10;|   `--BODY -&gt; BODY [5:2]&#10;|       |--BODY_TAG_START -&gt; BODY_TAG_START [5:2]&#10;|       |   |--START -&gt; &lt; [5:2]&#10;|       |   |--BODY_HTML_TAG_NAME -&gt; body [5:3]&#10;|       |   `--END -&gt; &gt; [5:7]&#10;|       |--TEXT -&gt;   [5:8]&#10;|       |--SINGLETON_ELEMENT -&gt; SINGLETON_ELEMENT [5:9]&#10;|       |   `--KEYGEN_TAG -&gt; KEYGEN_TAG [5:9]&#10;|       |       |--START -&gt; &lt; [5:9]&#10;|       |       |--KEYGEN_HTML_TAG_NAME -&gt; keygen [5:10]&#10;|       |       `--END -&gt; &gt; [5:16]&#10;|       |--TEXT -&gt;   [5:17]&#10;|       `--BODY_TAG_END -&gt; BODY_TAG_END [5:18]&#10;|           |--START -&gt; &lt; [5:18]&#10;|           |--SLASH -&gt; / [5:19]&#10;|           |--BODY_HTML_TAG_NAME -&gt; body [5:20]&#10;|           `--END -&gt; &gt; [5:24]&#10;|--NEWLINE -&gt; \n [5:25]&#10;|--LEADING_ASTERISK -&gt; * [6:0]&#10;|--TEXT -&gt;   [6:1]&#10;|--HTML_ELEMENT -&gt; HTML_ELEMENT [6:2]&#10;|   `--COLGROUP -&gt; COLGROUP [6:2]&#10;|       |--COLGROUP_TAG_START -&gt; COLGROUP_TAG_START [6:2]&#10;|       |   |--START -&gt; &lt; [6:2]&#10;|       |   |--COLGROUP_HTML_TAG_NAME -&gt; colgroup [6:3]&#10;|       |   `--END -&gt; &gt; [6:11]&#10;|       |--TEXT -&gt;   [6:12]&#10;|       |--SINGLETON_ELEMENT -&gt; SINGLETON_ELEMENT [6:13]&#10;|       |   `--KEYGEN_TAG -&gt; KEYGEN_TAG [6:13]&#10;|       |       |--START -&gt; &lt; [6:13]&#10;|       |       |--KEYGEN_HTML_TAG_NAME -&gt; keygen [6:14]&#10;|       |       `--END -&gt; &gt; [6:20]&#10;|       |--TEXT -&gt;   [6:21]&#10;|       `--COLGROUP_TAG_END -&gt; COLGROUP_TAG_END [6:22]&#10;|           |--START -&gt; &lt; [6:22]&#10;|           |--SLASH -&gt; / [6:23]&#10;|           |--COLGROUP_HTML_TAG_NAME -&gt; colgroup [6:24]&#10;|           `--END -&gt; &gt; [6:32]&#10;|--NEWLINE -&gt; \n [6:33]&#10;|--LEADING_ASTERISK -&gt; * [7:0]&#10;|--TEXT -&gt;   [7:1]&#10;|--HTML_ELEMENT -&gt; HTML_ELEMENT [7:2]&#10;|   `--DD -&gt; DD [7:2]&#10;|       |--DD_TAG_START -&gt; DD_TAG_START [7:2]&#10;|       |   |--START -&gt; &lt; [7:2]&#10;|       |   |--DD_HTML_TAG_NAME -&gt; dd [7:3]&#10;|       |   `--END -&gt; &gt; [7:5]&#10;|       |--TEXT -&gt;   [7:6]&#10;|       |--SINGLETON_ELEMENT -&gt; SINGLETON_ELEMENT [7:7]&#10;|       |   `--KEYGEN_TAG -&gt; KEYGEN_TAG [7:7]&#10;|       |       |--START -&gt; &lt; [7:7]&#10;|       |       |--KEYGEN_HTML_TAG_NAME -&gt; keygen [7:8]&#10;|       |       `--END -&gt; &gt; [7:14]&#10;|       |--TEXT -&gt;   [7:15]&#10;|       `--DD_TAG_END -&gt; DD_TAG_END [7:16]&#10;|           |--START -&gt; &lt; [7:16]&#10;|           |--SLASH -&gt; / [7:17]&#10;|           |--DD_HTML_TAG_NAME -&gt; dd [7:18]&#10;|           `--END -&gt; &gt; [7:20]&#10;|--NEWLINE -&gt; \n [7:21]&#10;|--LEADING_ASTERISK -&gt; * [8:0]&#10;|--TEXT -&gt;   [8:1]&#10;|--HTML_ELEMENT -&gt; HTML_ELEMENT [8:2]&#10;|   `--DT -&gt; DT [8:2]&#10;|       |--DT_TAG_START -&gt; DT_TAG_START [8:2]&#10;|       |   |--START -&gt; &lt; [8:2]&#10;|       |   |--DT_HTML_TAG_NAME -&gt; dt [8:3]&#10;|       |   `--END -&gt; &gt; [8:5]&#10;|       |--TEXT -&gt;   [8:6]&#10;|       |--SINGLETON_ELEMENT -&gt; SINGLETON_ELEMENT [8:7]&#10;|       |   `--KEYGEN_TAG -&gt; KEYGEN_TAG [8:7]&#10;|       |       |--START -&gt; &lt; [8:7]&#10;|       |       |--KEYGEN_HTML_TAG_NAME -&gt; keygen [8:8]&#10;|       |       `--END -&gt; &gt; [8:14]&#10;|       |--TEXT -&gt;   [8:15]&#10;|       `--DT_TAG_END -&gt; DT_TAG_END [8:16]&#10;|           |--START -&gt; &lt; [8:16]&#10;|           |--SLASH -&gt; / [8:17]&#10;|           |--DT_HTML_TAG_NAME -&gt; dt [8:18]&#10;|           `--END -&gt; &gt; [8:20]&#10;|--NEWLINE -&gt; \n [8:21]&#10;|--LEADING_ASTERISK -&gt; * [9:0]&#10;|--TEXT -&gt;   [9:1]&#10;|--HTML_ELEMENT -&gt; HTML_ELEMENT [9:2]&#10;|   `--HEAD -&gt; HEAD [9:2]&#10;|       |--HEAD_TAG_START -&gt; HEAD_TAG_START [9:2]&#10;|       |   |--START -&gt; &lt; [9:2]&#10;|       |   |--HEAD_HTML_TAG_NAME -&gt; head [9:3]&#10;|       |   `--END -&gt; &gt; [9:7]&#10;|       |--TEXT -&gt;   [9:8]&#10;|       |--SINGLETON_ELEMENT -&gt; SINGLETON_ELEMENT [9:9]&#10;|       |   `--KEYGEN_TAG -&gt; KEYGEN_TAG [9:9]&#10;|       |       |--START -&gt; &lt; [9:9]&#10;|       |       |--KEYGEN_HTML_TAG_NAME -&gt; keygen [9:10]&#10;|       |       `--END -&gt; &gt; [9:16]&#10;|       |--TEXT -&gt;   [9:17]&#10;|       `--HEAD_TAG_END -&gt; HEAD_TAG_END [9:18]&#10;|           |--START -&gt; &lt; [9:18]&#10;|           |--SLASH -&gt; / [9:19]&#10;|           |--HEAD_HTML_TAG_NAME -&gt; head [9:20]&#10;|           `--END -&gt; &gt; [9:24]&#10;|--NEWLINE -&gt; \n [9:25]&#10;|--LEADING_ASTERISK -&gt; * [10:0]&#10;|--TEXT -&gt;   [10:1]&#10;|--HTML_ELEMENT -&gt; HTML_ELEMENT [10:2]&#10;|   `--HTML -&gt; HTML [10:2]&#10;|       |--HTML_TAG_START -&gt; HTML_TAG_START [10:2]&#10;|       |   |--START -&gt; &lt; [10:2]&#10;|       |   |--HTML_HTML_TAG_NAME -&gt; html [10:3]&#10;|       |   `--END -&gt; &gt; [10:7]&#10;|       |--TEXT -&gt;   [10:8]&#10;|       |--SINGLETON_ELEMENT -&gt; SINGLETON_ELEMENT [10:9]&#10;|       |   `--KEYGEN_TAG -&gt; KEYGEN_TAG [10:9]&#10;|       |       |--START -&gt; &lt; [10:9]&#10;|       |       |--KEYGEN_HTML_TAG_NAME -&gt; keygen [10:10]&#10;|       |       `--END -&gt; &gt; [10:16]&#10;|       |--TEXT -&gt;   [10:17]&#10;|       `--HTML_TAG_END -&gt; HTML_TAG_END [10:18]&#10;|           |--START -&gt; &lt; [10:18]&#10;|           |--SLASH -&gt; / [10:19]&#10;|           |--HTML_HTML_TAG_NAME -&gt; html [10:20]&#10;|           `--END -&gt; &gt; [10:24]&#10;|--NEWLINE -&gt; \n [10:25]&#10;|--LEADING_ASTERISK -&gt; * [11:0]&#10;|--TEXT -&gt;   [11:1]&#10;|--HTML_ELEMENT -&gt; HTML_ELEMENT [11:2]&#10;|   `--OPTION -&gt; OPTION [11:2]&#10;|       |--OPTION_TAG_START -&gt; OPTION_TAG_START [11:2]&#10;|       |   |--START -&gt; &lt; [11:2]&#10;|       |   |--OPTION_HTML_TAG_NAME -&gt; option [11:3]&#10;|       |   `--END -&gt; &gt; [11:9]&#10;|       |--TEXT -&gt;   [11:10]&#10;|       |--SINGLETON_ELEMENT -&gt; SINGLETON_ELEMENT [11:11]&#10;|       |   `--KEYGEN_TAG -&gt; KEYGEN_TAG [11:11]&#10;|       |       |--START -&gt; &lt; [11:11]&#10;|       |       |--KEYGEN_HTML_TAG_NAME -&gt; keygen [11:12]&#10;|       |       `--END -&gt; &gt; [11:18]&#10;|       |--TEXT -&gt;   [11:19]&#10;|       `--OPTION_TAG_END -&gt; OPTION_TAG_END [11:20]&#10;|           |--START -&gt; &lt; [11:20]&#10;|           |--SLASH -&gt; / [11:21]&#10;|           |--OPTION_HTML_TAG_NAME -&gt; option [11:22]&#10;|           `--END -&gt; &gt; [11:28]&#10;|--NEWLINE -&gt; \n [11:29]&#10;|--LEADING_ASTERISK -&gt; * [12:0]&#10;|--TEXT -&gt;   [12:1]&#10;|--HTML_ELEMENT -&gt; HTML_ELEMENT [12:2]&#10;|   `--TBODY -&gt; TBODY [12:2]&#10;|       |--TBODY_TAG_START -&gt; TBODY_TAG_START [12:2]&#10;|       |   |--START -&gt; &lt; [12:2]&#10;|       |   |--TBODY_HTML_TAG_NAME -&gt; tbody [12:3]&#10;|       |   `--END -&gt; &gt; [12:8]&#10;|       |--TEXT -&gt;   [12:9]&#10;|       |--SINGLETON_ELEMENT -&gt; SINGLETON_ELEMENT [12:10]&#10;|       |   `--KEYGEN_TAG -&gt; KEYGEN_TAG [12:10]&#10;|       |       |--START -&gt; &lt; [12:10]&#10;|       |       |--KEYGEN_HTML_TAG_NAME -&gt; keygen [12:11]&#10;|       |       `--END -&gt; &gt; [12:17]&#10;|       |--TEXT -&gt;   [12:18]&#10;|       `--TBODY_TAG_END -&gt; TBODY_TAG_END [12:19]&#10;|           |--START -&gt; &lt; [12:19]&#10;|           |--SLASH -&gt; / [12:20]&#10;|           |--TBODY_HTML_TAG_NAME -&gt; tbody [12:21]&#10;|           `--END -&gt; &gt; [12:26]&#10;|--NEWLINE -&gt; \n [12:27]&#10;|--LEADING_ASTERISK -&gt; * [13:0]&#10;|--TEXT -&gt;   [13:1]&#10;|--HTML_ELEMENT -&gt; HTML_ELEMENT [13:2]&#10;|   `--THEAD -&gt; THEAD [13:2]&#10;|       |--THEAD_TAG_START -&gt; THEAD_TAG_START [13:2]&#10;|       |   |--START -&gt; &lt; [13:2]&#10;|       |   |--THEAD_HTML_TAG_NAME -&gt; thead [13:3]&#10;|       |   `--END -&gt; &gt; [13:8]&#10;|       |--TEXT -&gt;   [13:9]&#10;|       |--SINGLETON_ELEMENT -&gt; SINGLETON_ELEMENT [13:10]&#10;|       |   `--KEYGEN_TAG -&gt; KEYGEN_TAG [13:10]&#10;|       |       |--START -&gt; &lt; [13:10]&#10;|       |       |--KEYGEN_HTML_TAG_NAME -&gt; keygen [13:11]&#10;|       |       `--END -&gt; &gt; [13:17]&#10;|       |--TEXT -&gt;   [13:18]&#10;|       `--THEAD_TAG_END -&gt; THEAD_TAG_END [13:19]&#10;|           |--START -&gt; &lt; [13:19]&#10;|           |--SLASH -&gt; / [13:20]&#10;|           |--THEAD_HTML_TAG_NAME -&gt; thead [13:21]&#10;|           `--END -&gt; &gt; [13:26]&#10;|--NEWLINE -&gt; \n [13:27]&#10;|--LEADING_ASTERISK -&gt; * [14:0]&#10;|--TEXT -&gt;   [14:1]&#10;|--HTML_ELEMENT -&gt; HTML_ELEMENT [14:2]&#10;|   `--TFOOT -&gt; TFOOT [14:2]&#10;|       |--TFOOT_TAG_START -&gt; TFOOT_TAG_START [14:2]&#10;|       |   |--START -&gt; &lt; [14:2]&#10;|       |   |--TFOOT_HTML_TAG_NAME -&gt; tfoot [14:3]&#10;|       |   `--END -&gt; &gt; [14:8]&#10;|       |--TEXT -&gt;   [14:9]&#10;|       |--SINGLETON_ELEMENT -&gt; SINGLETON_ELEMENT [14:10]&#10;|       |   `--KEYGEN_TAG -&gt; KEYGEN_TAG [14:10]&#10;|       |       |--START -&gt; &lt; [14:10]&#10;|       |       |--KEYGEN_HTML_TAG_NAME -&gt; keygen [14:11]&#10;|       |       `--END -&gt; &gt; [14:17]&#10;|       |--TEXT -&gt;   [14:18]&#10;|       `--TFOOT_TAG_END -&gt; TFOOT_TAG_END [14:19]&#10;|           |--START -&gt; &lt; [14:19]&#10;|           |--SLASH -&gt; / [14:20]&#10;|           |--TFOOT_HTML_TAG_NAME -&gt; tfoot [14:21]&#10;|           `--END -&gt; &gt; [14:26]&#10;|--NEWLINE -&gt; \n [14:27]&#10;|--NEWLINE -&gt; \n [15:0]&#10;|--LEADING_ASTERISK -&gt; * [16:0]&#10;|--TEXT -&gt;   [16:1]&#10;|--HTML_ELEMENT -&gt; HTML_ELEMENT [16:2]&#10;|   `--PARAGRAPH -&gt; PARAGRAPH [16:2]&#10;|       |--P_TAG_START -&gt; P_TAG_START [16:2]&#10;|       |   |--START -&gt; &lt; [16:2]&#10;|       |   |--P_HTML_TAG_NAME -&gt; p [16:3]&#10;|       |   `--END -&gt; &gt; [16:4]&#10;|       |--TEXT -&gt;   [16:5]&#10;|       |--SINGLETON_ELEMENT -&gt; SINGLETON_ELEMENT [16:6]&#10;|       |   `--KEYGEN_TAG -&gt; KEYGEN_TAG [16:6]&#10;|       |       |--START -&gt; &lt; [16:6]&#10;|       |       |--KEYGEN_HTML_TAG_NAME -&gt; keygen [16:7]&#10;|       |       `--SLASH_END -&gt; /&gt; [16:13]&#10;|       |--TEXT -&gt;   [16:15]&#10;|       `--P_TAG_END -&gt; P_TAG_END [16:16]&#10;|           |--START -&gt; &lt; [16:16]&#10;|           |--SLASH -&gt; / [16:17]&#10;|           |--P_HTML_TAG_NAME -&gt; p [16:18]&#10;|           `--END -&gt; &gt; [16:19]&#10;|--NEWLINE -&gt; \n [16:20]&#10;|--LEADING_ASTERISK -&gt; * [17:0]&#10;|--TEXT -&gt;   [17:1]&#10;|--HTML_ELEMENT -&gt; HTML_ELEMENT [17:2]&#10;|   `--LI -&gt; LI [17:2]&#10;|       |--LI_TAG_START -&gt; LI_TAG_START [17:2]&#10;|       |   |--START -&gt; &lt; [17:2]&#10;|       |   |--LI_HTML_TAG_NAME -&gt; li [17:3]&#10;|       |   `--END -&gt; &gt; [17:5]&#10;|       |--TEXT -&gt;   [17:6]&#10;|       |--SINGLETON_ELEMENT -&gt; SINGLETON_ELEMENT [17:7]&#10;|       |   `--KEYGEN_TAG -&gt; KEYGEN_TAG [17:7]&#10;|       |       |--START -&gt; &lt; [17:7]&#10;|       |       |--KEYGEN_HTML_TAG_NAME -&gt; keygen [17:8]&#10;|       |       `--SLASH_END -&gt; /&gt; [17:14]&#10;|       |--TEXT -&gt;   [17:16]&#10;|       `--LI_TAG_END -&gt; LI_TAG_END [17:17]&#10;|           |--START -&gt; &lt; [17:17]&#10;|           |--SLASH -&gt; / [17:18]&#10;|           |--LI_HTML_TAG_NAME -&gt; li [17:19]&#10;|           `--END -&gt; &gt; [17:21]&#10;|--NEWLINE -&gt; \n [17:22]&#10;|--LEADING_ASTERISK -&gt; * [18:0]&#10;|--TEXT -&gt;   [18:1]&#10;|--HTML_ELEMENT -&gt; HTML_ELEMENT [18:2]&#10;|   `--TR -&gt; TR [18:2]&#10;|       |--TR_TAG_START -&gt; TR_TAG_START [18:2]&#10;|       |   |--START -&gt; &lt; [18:2]&#10;|       |   |--TR_HTML_TAG_NAME -&gt; tr [18:3]&#10;|       |   `--END -&gt; &gt; [18:5]&#10;|       |--TEXT -&gt;   [18:6]&#10;|       |--SINGLETON_ELEMENT -&gt; SINGLETON_ELEMENT [18:7]&#10;|       |   `--KEYGEN_TAG -&gt; KEYGEN_TAG [18:7]&#10;|       |       |--START -&gt; &lt; [18:7]&#10;|       |       |--KEYGEN_HTML_TAG_NAME -&gt; keygen [18:8]&#10;|       |       `--SLASH_END -&gt; /&gt; [18:14]&#10;|       |--TEXT -&gt;   [18:16]&#10;|       `--TR_TAG_END -&gt; TR_TAG_END [18:17]&#10;|           |--START -&gt; &lt; [18:17]&#10;|           |--SLASH -&gt; / [18:18]&#10;|           |--TR_HTML_TAG_NAME -&gt; tr [18:19]&#10;|           `--END -&gt; &gt; [18:21]&#10;|--NEWLINE -&gt; \n [18:22]&#10;|--LEADING_ASTERISK -&gt; * [19:0]&#10;|--TEXT -&gt;   [19:1]&#10;|--HTML_ELEMENT -&gt; HTML_ELEMENT [19:2]&#10;|   `--TD -&gt; TD [19:2]&#10;|       |--TD_TAG_START -&gt; TD_TAG_START [19:2]&#10;|       |   |--START -&gt; &lt; [19:2]&#10;|       |   |--TD_HTML_TAG_NAME -&gt; td [19:3]&#10;|       |   `--END -&gt; &gt; [19:5]&#10;|       |--TEXT -&gt;   [19:6]&#10;|       |--SINGLETON_ELEMENT -&gt; SINGLETON_ELEMENT [19:7]&#10;|       |   `--KEYGEN_TAG -&gt; KEYGEN_TAG [19:7]&#10;|       |       |--START -&gt; &lt; [19:7]&#10;|       |       |--KEYGEN_HTML_TAG_NAME -&gt; keygen [19:8]&#10;|       |       `--SLASH_END -&gt; /&gt; [19:14]&#10;|       |--TEXT -&gt;   [19:16]&#10;|       `--TD_TAG_END -&gt; TD_TAG_END [19:17]&#10;|           |--START -&gt; &lt; [19:17]&#10;|           |--SLASH -&gt; / [19:18]&#10;|           |--TD_HTML_TAG_NAME -&gt; td [19:19]&#10;|           `--END -&gt; &gt; [19:21]&#10;|--NEWLINE -&gt; \n [19:22]&#10;|--LEADING_ASTERISK -&gt; * [20:0]&#10;|--TEXT -&gt;   [20:1]&#10;|--HTML_ELEMENT -&gt; HTML_ELEMENT [20:2]&#10;|   `--TH -&gt; TH [20:2]&#10;|       |--TH_TAG_START -&gt; TH_TAG_START [20:2]&#10;|       |   |--START -&gt; &lt; [20:2]&#10;|       |   |--TH_HTML_TAG_NAME -&gt; th [20:3]&#10;|       |   `--END -&gt; &gt; [20:5]&#10;|       |--TEXT -&gt;   [20:6]&#10;|       |--SINGLETON_ELEMENT -&gt; SINGLETON_ELEMENT [20:7]&#10;|       |   `--KEYGEN_TAG -&gt; KEYGEN_TAG [20:7]&#10;|       |       |--START -&gt; &lt; [20:7]&#10;|       |       |--KEYGEN_HTML_TAG_NAME -&gt; keygen [20:8]&#10;|       |       `--SLASH_END -&gt; /&gt; [20:14]&#10;|       |--TEXT -&gt;   [20:16]&#10;|       `--TH_TAG_END -&gt; TH_TAG_END [20:17]&#10;|           |--START -&gt; &lt; [20:17]&#10;|           |--SLASH -&gt; / [20:18]&#10;|           |--TH_HTML_TAG_NAME -&gt; th [20:19]&#10;|           `--END -&gt; &gt; [20:21]&#10;|--NEWLINE -&gt; \n [20:22]&#10;|--LEADING_ASTERISK -&gt; * [21:0]&#10;|--TEXT -&gt;   [21:1]&#10;|--HTML_ELEMENT -&gt; HTML_ELEMENT [21:2]&#10;|   `--BODY -&gt; BODY [21:2]&#10;|       |--BODY_TAG_START -&gt; BODY_TAG_START [21:2]&#10;|       |   |--START -&gt; &lt; [21:2]&#10;|       |   |--BODY_HTML_TAG_NAME -&gt; body [21:3]&#10;|       |   `--END -&gt; &gt; [21:7]&#10;|       |--TEXT -&gt;   [21:8]&#10;|       |--SINGLETON_ELEMENT -&gt; SINGLETON_ELEMENT [21:9]&#10;|       |   `--KEYGEN_TAG -&gt; KEYGEN_TAG [21:9]&#10;|       |       |--START -&gt; &lt; [21:9]&#10;|       |       |--KEYGEN_HTML_TAG_NAME -&gt; keygen [21:10]&#10;|       |       `--SLASH_END -&gt; /&gt; [21:16]&#10;|       |--TEXT -&gt;   [21:18]&#10;|       `--BODY_TAG_END -&gt; BODY_TAG_END [21:19]&#10;|           |--START -&gt; &lt; [21:19]&#10;|           |--SLASH -&gt; / [21:20]&#10;|           |--BODY_HTML_TAG_NAME -&gt; body [21:21]&#10;|           `--END -&gt; &gt; [21:25]&#10;|--NEWLINE -&gt; \n [21:26]&#10;|--LEADING_ASTERISK -&gt; * [22:0]&#10;|--TEXT -&gt;   [22:1]&#10;|--HTML_ELEMENT -&gt; HTML_ELEMENT [22:2]&#10;|   `--COLGROUP -&gt; COLGROUP [22:2]&#10;|       |--COLGROUP_TAG_START -&gt; COLGROUP_TAG_START [22:2]&#10;|       |   |--START -&gt; &lt; [22:2]&#10;|       |   |--COLGROUP_HTML_TAG_NAME -&gt; colgroup [22:3]&#10;|       |   `--END -&gt; &gt; [22:11]&#10;|       |--TEXT -&gt;   [22:12]&#10;|       |--SINGLETON_ELEMENT -&gt; SINGLETON_ELEMENT [22:13]&#10;|       |   `--KEYGEN_TAG -&gt; KEYGEN_TAG [22:13]&#10;|       |       |--START -&gt; &lt; [22:13]&#10;|       |       |--KEYGEN_HTML_TAG_NAME -&gt; keygen [22:14]&#10;|       |       `--SLASH_END -&gt; /&gt; [22:20]&#10;|       |--TEXT -&gt;   [22:22]&#10;|       `--COLGROUP_TAG_END -&gt; COLGROUP_TAG_END [22:23]&#10;|           |--START -&gt; &lt; [22:23]&#10;|           |--SLASH -&gt; / [22:24]&#10;|           |--COLGROUP_HTML_TAG_NAME -&gt; colgroup [22:25]&#10;|           `--END -&gt; &gt; [22:33]&#10;|--NEWLINE -&gt; \n [22:34]&#10;|--LEADING_ASTERISK -&gt; * [23:0]&#10;|--TEXT -&gt;   [23:1]&#10;|--HTML_ELEMENT -&gt; HTML_ELEMENT [23:2]&#10;|   `--DD -&gt; DD [23:2]&#10;|       |--DD_TAG_START -&gt; DD_TAG_START [23:2]&#10;|       |   |--START -&gt; &lt; [23:2]&#10;|       |   |--DD_HTML_TAG_NAME -&gt; dd [23:3]&#10;|       |   `--END -&gt; &gt; [23:5]&#10;|       |--TEXT -&gt;   [23:6]&#10;|       |--SINGLETON_ELEMENT -&gt; SINGLETON_ELEMENT [23:7]&#10;|       |   `--KEYGEN_TAG -&gt; KEYGEN_TAG [23:7]&#10;|       |       |--START -&gt; &lt; [23:7]&#10;|       |       |--KEYGEN_HTML_TAG_NAME -&gt; keygen [23:8]&#10;|       |       `--SLASH_END -&gt; /&gt; [23:14]&#10;|       |--TEXT -&gt;   [23:16]&#10;|       `--DD_TAG_END -&gt; DD_TAG_END [23:17]&#10;|           |--START -&gt; &lt; [23:17]&#10;|           |--SLASH -&gt; / [23:18]&#10;|           |--DD_HTML_TAG_NAME -&gt; dd [23:19]&#10;|           `--END -&gt; &gt; [23:21]&#10;|--NEWLINE -&gt; \n [23:22]&#10;|--LEADING_ASTERISK -&gt; * [24:0]&#10;|--TEXT -&gt;   [24:1]&#10;|--HTML_ELEMENT -&gt; HTML_ELEMENT [24:2]&#10;|   `--DT -&gt; DT [24:2]&#10;|       |--DT_TAG_START -&gt; DT_TAG_START [24:2]&#10;|       |   |--START -&gt; &lt; [24:2]&#10;|       |   |--DT_HTML_TAG_NAME -&gt; dt [24:3]&#10;|       |   `--END -&gt; &gt; [24:5]&#10;|       |--TEXT -&gt;   [24:6]&#10;|       |--SINGLETON_ELEMENT -&gt; SINGLETON_ELEMENT [24:7]&#10;|       |   `--KEYGEN_TAG -&gt; KEYGEN_TAG [24:7]&#10;|       |       |--START -&gt; &lt; [24:7]&#10;|       |       |--KEYGEN_HTML_TAG_NAME -&gt; keygen [24:8]&#10;|       |       `--SLASH_END -&gt; /&gt; [24:14]&#10;|       |--TEXT -&gt;   [24:16]&#10;|       `--DT_TAG_END -&gt; DT_TAG_END [24:17]&#10;|           |--START -&gt; &lt; [24:17]&#10;|           |--SLASH -&gt; / [24:18]&#10;|           |--DT_HTML_TAG_NAME -&gt; dt [24:19]&#10;|           `--END -&gt; &gt; [24:21]&#10;|--NEWLINE -&gt; \n [24:22]&#10;|--LEADING_ASTERISK -&gt; * [25:0]&#10;|--TEXT -&gt;   [25:1]&#10;|--HTML_ELEMENT -&gt; HTML_ELEMENT [25:2]&#10;|   `--HEAD -&gt; HEAD [25:2]&#10;|       |--HEAD_TAG_START -&gt; HEAD_TAG_START [25:2]&#10;|       |   |--START -&gt; &lt; [25:2]&#10;|       |   |--HEAD_HTML_TAG_NAME -&gt; head [25:3]&#10;|       |   `--END -&gt; &gt; [25:7]&#10;|       |--TEXT -&gt;   [25:8]&#10;|       |--SINGLETON_ELEMENT -&gt; SINGLETON_ELEMENT [25:9]&#10;|       |   `--KEYGEN_TAG -&gt; KEYGEN_TAG [25:9]&#10;|       |       |--START -&gt; &lt; [25:9]&#10;|       |       |--KEYGEN_HTML_TAG_NAME -&gt; keygen [25:10]&#10;|       |       `--SLASH_END -&gt; /&gt; [25:16]&#10;|       |--TEXT -&gt;   [25:18]&#10;|       `--HEAD_TAG_END -&gt; HEAD_TAG_END [25:19]&#10;|           |--START -&gt; &lt; [25:19]&#10;|           |--SLASH -&gt; / [25:20]&#10;|           |--HEAD_HTML_TAG_NAME -&gt; head [25:21]&#10;|           `--END -&gt; &gt; [25:25]&#10;|--NEWLINE -&gt; \n [25:26]&#10;|--LEADING_ASTERISK -&gt; * [26:0]&#10;|--TEXT -&gt;   [26:1]&#10;|--HTML_ELEMENT -&gt; HTML_ELEMENT [26:2]&#10;|   `--HTML -&gt; HTML [26:2]&#10;|       |--HTML_TAG_START -&gt; HTML_TAG_START [26:2]&#10;|       |   |--START -&gt; &lt; [26:2]&#10;|       |   |--HTML_HTML_TAG_NAME -&gt; html [26:3]&#10;|       |   `--END -&gt; &gt; [26:7]&#10;|       |--TEXT -&gt;   [26:8]&#10;|       |--SINGLETON_ELEMENT -&gt; SINGLETON_ELEMENT [26:9]&#10;|       |   `--KEYGEN_TAG -&gt; KEYGEN_TAG [26:9]&#10;|       |       |--START -&gt; &lt; [26:9]&#10;|       |       |--KEYGEN_HTML_TAG_NAME -&gt; keygen [26:10]&#10;|       |       `--SLASH_END -&gt; /&gt; [26:16]&#10;|       |--TEXT -&gt;   [26:18]&#10;|       `--HTML_TAG_END -&gt; HTML_TAG_END [26:19]&#10;|           |--START -&gt; &lt; [26:19]&#10;|           |--SLASH -&gt; / [26:20]&#10;|           |--HTML_HTML_TAG_NAME -&gt; html [26:21]&#10;|           `--END -&gt; &gt; [26:25]&#10;|--NEWLINE -&gt; \n [26:26]&#10;|--LEADING_ASTERISK -&gt; * [27:0]&#10;|--TEXT -&gt;   [27:1]&#10;|--HTML_ELEMENT -&gt; HTML_ELEMENT [27:2]&#10;|   `--OPTION -&gt; OPTION [27:2]&#10;|       |--OPTION_TAG_START -&gt; OPTION_TAG_START [27:2]&#10;|       |   |--START -&gt; &lt; [27:2]&#10;|       |   |--OPTION_HTML_TAG_NAME -&gt; option [27:3]&#10;|       |   `--END -&gt; &gt; [27:9]&#10;|       |--TEXT -&gt;   [27:10]&#10;|       |--SINGLETON_ELEMENT -&gt; SINGLETON_ELEMENT [27:11]&#10;|       |   `--KEYGEN_TAG -&gt; KEYGEN_TAG [27:11]&#10;|       |       |--START -&gt; &lt; [27:11]&#10;|       |       |--KEYGEN_HTML_TAG_NAME -&gt; keygen [27:12]&#10;|       |       `--SLASH_END -&gt; /&gt; [27:18]&#10;|       |--TEXT -&gt;   [27:20]&#10;|       `--OPTION_TAG_END -&gt; OPTION_TAG_END [27:21]&#10;|           |--START -&gt; &lt; [27:21]&#10;|           |--SLASH -&gt; / [27:22]&#10;|           |--OPTION_HTML_TAG_NAME -&gt; option [27:23]&#10;|           `--END -&gt; &gt; [27:29]&#10;|--NEWLINE -&gt; \n [27:30]&#10;|--LEADING_ASTERISK -&gt; * [28:0]&#10;|--TEXT -&gt;   [28:1]&#10;|--HTML_ELEMENT -&gt; HTML_ELEMENT [28:2]&#10;|   `--TBODY -&gt; TBODY [28:2]&#10;|       |--TBODY_TAG_START -&gt; TBODY_TAG_START [28:2]&#10;|       |   |--START -&gt; &lt; [28:2]&#10;|       |   |--TBODY_HTML_TAG_NAME -&gt; tbody [28:3]&#10;|       |   `--END -&gt; &gt; [28:8]&#10;|       |--TEXT -&gt;   [28:9]&#10;|       |--SINGLETON_ELEMENT -&gt; SINGLETON_ELEMENT [28:10]&#10;|       |   `--KEYGEN_TAG -&gt; KEYGEN_TAG [28:10]&#10;|       |       |--START -&gt; &lt; [28:10]&#10;|       |       |--KEYGEN_HTML_TAG_NAME -&gt; keygen [28:11]&#10;|       |       `--SLASH_END -&gt; /&gt; [28:17]&#10;|       |--TEXT -&gt;   [28:19]&#10;|       `--TBODY_TAG_END -&gt; TBODY_TAG_END [28:20]&#10;|           |--START -&gt; &lt; [28:20]&#10;|           |--SLASH -&gt; / [28:21]&#10;|           |--TBODY_HTML_TAG_NAME -&gt; tbody [28:22]&#10;|           `--END -&gt; &gt; [28:27]&#10;|--NEWLINE -&gt; \n [28:28]&#10;|--LEADING_ASTERISK -&gt; * [29:0]&#10;|--TEXT -&gt;   [29:1]&#10;|--HTML_ELEMENT -&gt; HTML_ELEMENT [29:2]&#10;|   `--THEAD -&gt; THEAD [29:2]&#10;|       |--THEAD_TAG_START -&gt; THEAD_TAG_START [29:2]&#10;|       |   |--START -&gt; &lt; [29:2]&#10;|       |   |--THEAD_HTML_TAG_NAME -&gt; thead [29:3]&#10;|       |   `--END -&gt; &gt; [29:8]&#10;|       |--TEXT -&gt;   [29:9]&#10;|       |--SINGLETON_ELEMENT -&gt; SINGLETON_ELEMENT [29:10]&#10;|       |   `--KEYGEN_TAG -&gt; KEYGEN_TAG [29:10]&#10;|       |       |--START -&gt; &lt; [29:10]&#10;|       |       |--KEYGEN_HTML_TAG_NAME -&gt; keygen [29:11]&#10;|       |       `--SLASH_END -&gt; /&gt; [29:17]&#10;|       |--TEXT -&gt;   [29:19]&#10;|       `--THEAD_TAG_END -&gt; THEAD_TAG_END [29:20]&#10;|           |--START -&gt; &lt; [29:20]&#10;|           |--SLASH -&gt; / [29:21]&#10;|           |--THEAD_HTML_TAG_NAME -&gt; thead [29:22]&#10;|           `--END -&gt; &gt; [29:27]&#10;|--NEWLINE -&gt; \n [29:28]&#10;|--LEADING_ASTERISK -&gt; * [30:0]&#10;|--TEXT -&gt;   [30:1]&#10;|--HTML_ELEMENT -&gt; HTML_ELEMENT [30:2]&#10;|   `--TFOOT -&gt; TFOOT [30:2]&#10;|       |--TFOOT_TAG_START -&gt; TFOOT_TAG_START [30:2]&#10;|       |   |--START -&gt; &lt; [30:2]&#10;|       |   |--TFOOT_HTML_TAG_NAME -&gt; tfoot [30:3]&#10;|       |   `--END -&gt; &gt; [30:8]&#10;|       |--TEXT -&gt;   [30:9]&#10;|       |--SINGLETON_ELEMENT -&gt; SINGLETON_ELEMENT [30:10]&#10;|       |   `--KEYGEN_TAG -&gt; KEYGEN_TAG [30:10]&#10;|       |       |--START -&gt; &lt; [30:10]&#10;|       |       |--KEYGEN_HTML_TAG_NAME -&gt; keygen [30:11]&#10;|       |       `--SLASH_END -&gt; /&gt; [30:17]&#10;|       |--TEXT -&gt;   [30:19]&#10;|       `--TFOOT_TAG_END -&gt; TFOOT_TAG_END [30:20]&#10;|           |--START -&gt; &lt; [30:20]&#10;|           |--SLASH -&gt; / [30:21]&#10;|           |--TFOOT_HTML_TAG_NAME -&gt; tfoot [30:22]&#10;|           `--END -&gt; &gt; [30:27]&#10;|--NEWLINE -&gt; \n [30:28]&#10;|--NEWLINE -&gt; \n [31:0]&#10;|--LEADING_ASTERISK -&gt; * [32:0]&#10;|--TEXT -&gt;   [32:1]&#10;|--HTML_ELEMENT -&gt; HTML_ELEMENT [32:2]&#10;|   `--SINGLETON_ELEMENT -&gt; SINGLETON_ELEMENT [32:2]&#10;|       `--KEYGEN_TAG -&gt; KEYGEN_TAG [32:2]&#10;|           |--START -&gt; &lt; [32:2]&#10;|           |--KEYGEN_HTML_TAG_NAME -&gt; keygen [32:3]&#10;|           `--END -&gt; &gt; [32:9]&#10;|--NEWLINE -&gt; \n [32:10]&#10;|--LEADING_ASTERISK -&gt; * [33:0]&#10;|--TEXT -&gt;   [33:1]&#10;|--HTML_ELEMENT -&gt; HTML_ELEMENT [33:2]&#10;|   `--SINGLETON_ELEMENT -&gt; SINGLETON_ELEMENT [33:2]&#10;|       `--KEYGEN_TAG -&gt; KEYGEN_TAG [33:2]&#10;|           |--START -&gt; &lt; [33:2]&#10;|           |--KEYGEN_HTML_TAG_NAME -&gt; keygen [33:3]&#10;|           `--SLASH_END -&gt; /&gt; [33:9]&#10;|--NEWLINE -&gt; \n [33:11]&#10;|--LEADING_ASTERISK -&gt; * [34:0]&#10;|--TEXT -&gt;   [34:1]&#10;|--HTML_ELEMENT -&gt; HTML_ELEMENT [34:2]&#10;|   `--SINGLETON_ELEMENT -&gt; SINGLETON_ELEMENT [34:2]&#10;|       `--KEYGEN_TAG -&gt; KEYGEN_TAG [34:2]&#10;|           |--START -&gt; &lt; [34:2]&#10;|           |--KEYGEN_HTML_TAG_NAME -&gt; keygen [34:3]&#10;|           |--WS -&gt;   [34:9]&#10;|           |--ATTRIBUTE -&gt; ATTRIBUTE [34:10]&#10;|           |   |--HTML_TAG_NAME -&gt; attr [34:10]&#10;|           |   |--EQUALS -&gt; = [34:14]&#10;|           |   `--ATTR_VALUE -&gt; &quot;something&quot; [34:15]&#10;|           `--END -&gt; &gt; [34:27]&#10;|--NEWLINE -&gt; \n [34:28]&#10;|--LEADING_ASTERISK -&gt; * [35:0]&#10;|--TEXT -&gt;   [35:1]&#10;|--HTML_ELEMENT -&gt; HTML_ELEMENT [35:2]&#10;|   `--SINGLETON_ELEMENT -&gt; SINGLETON_ELEMENT [35:2]&#10;|       `--KEYGEN_TAG -&gt; KEYGEN_TAG [35:2]&#10;|           |--START -&gt; &lt; [35:2]&#10;|           |--KEYGEN_HTML_TAG_NAME -&gt; keygen [35:3]&#10;|           |--WS -&gt;   [35:9]&#10;|           |--ATTRIBUTE -&gt; ATTRIBUTE [35:10]&#10;|           |   |--HTML_TAG_NAME -&gt; attr [35:10]&#10;|           |   |--EQUALS -&gt; = [35:14]&#10;|           |   `--ATTR_VALUE -&gt; &quot;something&quot; [35:15]&#10;|           `--SLASH_END -&gt; /&gt; [35:27]&#10;|--NEWLINE -&gt; \n [35:29]&#10;|--LEADING_ASTERISK -&gt; * [36:0]&#10;|--TEXT -&gt;   [36:1]&#10;|--HTML_ELEMENT -&gt; HTML_ELEMENT [36:2]&#10;|   `--SINGLETON_ELEMENT -&gt; SINGLETON_ELEMENT [36:2]&#10;|       `--KEYGEN_TAG -&gt; KEYGEN_TAG [36:2]&#10;|           |--START -&gt; &lt; [36:2]&#10;|           |--KEYGEN_HTML_TAG_NAME -&gt; keygen [36:3]&#10;|           |--WS -&gt;   [36:9]&#10;|           |--ATTRIBUTE -&gt; ATTRIBUTE [36:10]&#10;|           |   |--HTML_TAG_NAME -&gt; attr [36:10]&#10;|           |   |--EQUALS -&gt; = [36:14]&#10;|           |   `--ATTR_VALUE -&gt; &quot;something&quot; [36:15]&#10;|           |--WS -&gt;   [36:27]&#10;|           |--ATTRIBUTE -&gt; ATTRIBUTE [36:28]&#10;|           |   |--HTML_TAG_NAME -&gt; attr2 [36:28]&#10;|           |   |--EQUALS -&gt; = [36:33]&#10;|           |   `--ATTR_VALUE -&gt; &quot;someotherthing&quot; [36:34]&#10;|           `--END -&gt; &gt; [36:51]&#10;|--NEWLINE -&gt; \n [36:52]&#10;|--LEADING_ASTERISK -&gt; * [37:0]&#10;|--TEXT -&gt;   [37:1]&#10;|--HTML_ELEMENT -&gt; HTML_ELEMENT [37:2]&#10;|   `--SINGLETON_ELEMENT -&gt; SINGLETON_ELEMENT [37:2]&#10;|       `--KEYGEN_TAG -&gt; KEYGEN_TAG [37:2]&#10;|           |--START -&gt; &lt; [37:2]&#10;|           |--KEYGEN_HTML_TAG_NAME -&gt; keygen [37:3]&#10;|           |--WS -&gt;   [37:9]&#10;|           |--ATTRIBUTE -&gt; ATTRIBUTE [37:10]&#10;|           |   |--HTML_TAG_NAME -&gt; attr [37:10]&#10;|           |   |--EQUALS -&gt; = [37:14]&#10;|           |   `--ATTR_VALUE -&gt; &quot;something&quot; [37:15]&#10;|           |--WS -&gt;   [37:27]&#10;|           |--ATTRIBUTE -&gt; ATTRIBUTE [37:28]&#10;|           |   |--HTML_TAG_NAME -&gt; attr2 [37:28]&#10;|           |   |--EQUALS -&gt; = [37:33]&#10;|           |   `--ATTR_VALUE -&gt; &quot;someotherthing&quot; [37:34]&#10;|           `--SLASH_END -&gt; /&gt; [37:51]&#10;|--NEWLINE -&gt; \n [37:53]&#10;|--LEADING_ASTERISK -&gt; * [38:0]&#10;|--TEXT -&gt;   [38:1]&#10;|--HTML_ELEMENT -&gt; HTML_ELEMENT [38:2]&#10;|   `--SINGLETON_ELEMENT -&gt; SINGLETON_ELEMENT [38:2]&#10;|       `--KEYGEN_TAG -&gt; KEYGEN_TAG [38:2]&#10;|           |--START -&gt; &lt; [38:2]&#10;|           |--KEYGEN_HTML_TAG_NAME -&gt; keygen [38:3]&#10;|           |--WS -&gt;   [38:9]&#10;|           |--ATTRIBUTE -&gt; ATTRIBUTE [38:10]&#10;|           |   |--HTML_TAG_NAME -&gt; attr [38:10]&#10;|           |   |--EQUALS -&gt; = [38:14]&#10;|           |   `--ATTR_VALUE -&gt; &quot;something&quot; [38:15]&#10;|           |--WS -&gt;   [38:27]&#10;|           |--NEWLINE -&gt; \n [38:28]&#10;|           |--LEADING_ASTERISK -&gt; * [39:0]&#10;|           |--WS -&gt;   [39:1]&#10;|           |--ATTRIBUTE -&gt; ATTRIBUTE [39:2]&#10;|           |   |--HTML_TAG_NAME -&gt; attr2 [39:2]&#10;|           |   |--EQUALS -&gt; = [39:7]&#10;|           |   `--ATTR_VALUE -&gt; &quot;someotherting&quot; [39:8]&#10;|           `--END -&gt; &gt; [39:24]&#10;|--NEWLINE -&gt; \n [39:25]&#10;|--LEADING_ASTERISK -&gt; * [40:0]&#10;|--TEXT -&gt;   [40:1]&#10;|--HTML_ELEMENT -&gt; HTML_ELEMENT [40:2]&#10;|   `--SINGLETON_ELEMENT -&gt; SINGLETON_ELEMENT [40:2]&#10;|       `--KEYGEN_TAG -&gt; KEYGEN_TAG [40:2]&#10;|           |--START -&gt; &lt; [40:2]&#10;|           |--KEYGEN_HTML_TAG_NAME -&gt; keygen [40:3]&#10;|           |--WS -&gt;   [40:9]&#10;|           |--ATTRIBUTE -&gt; ATTRIBUTE [40:10]&#10;|           |   |--HTML_TAG_NAME -&gt; attr [40:10]&#10;|           |   |--EQUALS -&gt; = [40:14]&#10;|           |   `--ATTR_VALUE -&gt; &quot;something&quot; [40:15]&#10;|           |--WS -&gt;   [40:27]&#10;|           |--NEWLINE -&gt; \n [40:28]&#10;|           |--LEADING_ASTERISK -&gt; * [41:0]&#10;|           |--WS -&gt;   [41:1]&#10;|           |--ATTRIBUTE -&gt; ATTRIBUTE [41:2]&#10;|           |   |--HTML_TAG_NAME -&gt; attr2 [41:2]&#10;|           |   |--EQUALS -&gt; = [41:7]&#10;|           |   `--ATTR_VALUE -&gt; &quot;someotherting&quot; [41:8]&#10;|           `--SLASH_END -&gt; /&gt; [41:24]&#10;`--EOF -&gt; &lt;EOF&gt; [41:26]&#13;]&#10;&gt;" type="org.junit.ComparisonFailure"><![CDATA[org.junit.ComparisonFailure: 
Generated tree from the javadoc file should match the pre-defined tree expected:<...DOC -> JAVADOC [0:0][
|--LEADING_ASTERISK -> * [0:0]
|--TEXT ->   [0:1]
|--HTML_ELEMENT -> HTML_ELEMENT [0:2]
|   `--PARAGRAPH -> PARAGRAPH [0:2]
|       |--P_TAG_START -> P_TAG_START [0:2]
|       |   |--START -> < [0:2]
|       |   |--P_HTML_TAG_NAME -> p [0:3]
|       |   `--END -> > [0:4]
|       |--TEXT ->   [0:5]
|       |--SINGLETON_ELEMENT -> SINGLETON_ELEMENT [0:6]
|       |   `--KEYGEN_TAG -> KEYGEN_TAG [0:6]
|       |       |--START -> < [0:6]
|       |       |--KEYGEN_HTML_TAG_NAME -> keygen [0:7]
|       |       `--END -> > [0:13]
|       |--TEXT ->   [0:14]
|       `--P_TAG_END -> P_TAG_END [0:15]
|           |--START -> < [0:15]
|           |--SLASH -> / [0:16]
|           |--P_HTML_TAG_NAME -> p [0:17]
|           `--END -> > [0:18]
|--NEWLINE -> \n [0:19]
|--LEADING_ASTERISK -> * [1:0]
|--TEXT ->   [1:1]
|--HTML_ELEMENT -> HTML_ELEMENT [1:2]
|   `--LI -> LI [1:2]
|       |--LI_TAG_START -> LI_TAG_START [1:2]
|       |   |--START -> < [1:2]
|       |   |--LI_HTML_TAG_NAME -> li [1:3]
|       |   `--END -> > [1:5]
|       |--TEXT ->   [1:6]
|       |--SINGLETON_ELEMENT -> SINGLETON_ELEMENT [1:7]
|       |   `--KEYGEN_TAG -> KEYGEN_TAG [1:7]
|       |       |--START -> < [1:7]
|       |       |--KEYGEN_HTML_TAG_NAME -> keygen [1:8]
|       |       `--END -> > [1:14]
|       |--TEXT ->   [1:15]
|       `--LI_TAG_END -> LI_TAG_END [1:16]
|           |--START -> < [1:16]
|           |--SLASH -> / [1:17]
|           |--LI_HTML_TAG_NAME -> li [1:18]
|           `--END -> > [1:20]
|--NEWLINE -> \n [1:21]
|--LEADING_ASTERISK -> * [2:0]
|--TEXT ->   [2:1]
|--HTML_ELEMENT -> HTML_ELEMENT [2:2]
|   `--TR -> TR [2:2]
|       |--TR_TAG_START -> TR_TAG_START [2:2]
|       |   |--START -> < [2:2]
|       |   |--TR_HTML_TAG_NAME -> tr [2:3]
|       |   `--END -> > [2:5]
|       |--TEXT ->   [2:6]
|       |--SINGLETON_ELEMENT -> SINGLETON_ELEMENT [2:7]
|       |   `--KEYGEN_TAG -> KEYGEN_TAG [2:7]
|       |       |--START -> < [2:7]
|       |       |--KEYGEN_HTML_TAG_NAME -> keygen [2:8]
|       |       `--END -> > [2:14]
|       |--TEXT ->   [2:15]
|       `--TR_TAG_END -> TR_TAG_END [2:16]
|           |--START -> < [2:16]
|           |--SLASH -> / [2:17]
|           |--TR_HTML_TAG_NAME -> tr [2:18]
|           `--END -> > [2:20]
|--NEWLINE -> \n [2:21]
|--LEADING_ASTERISK -> * [3:0]
|--TEXT ->   [3:1]
|--HTML_ELEMENT -> HTML_ELEMENT [3:2]
|   `--TD -> TD [3:2]
|       |--TD_TAG_START -> TD_TAG_START [3:2]
|       |   |--START -> < [3:2]
|       |   |--TD_HTML_TAG_NAME -> td [3:3]
|       |   `--END -> > [3:5]
|       |--TEXT ->   [3:6]
|       |--SINGLETON_ELEMENT -> SINGLETON_ELEMENT [3:7]
|       |   `--KEYGEN_TAG -> KEYGEN_TAG [3:7]
|       |       |--START -> < [3:7]
|       |       |--KEYGEN_HTML_TAG_NAME -> keygen [3:8]
|       |       `--END -> > [3:14]
|       |--TEXT ->   [3:15]
|       `--TD_TAG_END -> TD_TAG_END [3:16]
|           |--START -> < [3:16]
|           |--SLASH -> / [3:17]
|           |--TD_HTML_TAG_NAME -> td [3:18]
|           `--END -> > [3:20]
|--NEWLINE -> \n [3:21]
|--LEADING_ASTERISK -> * [4:0]
|--TEXT ->   [4:1]
|--HTML_ELEMENT -> HTML_ELEMENT [4:2]
|   `--TH -> TH [4:2]
|       |--TH_TAG_START -> TH_TAG_START [4:2]
|       |   |--START -> < [4:2]
|       |   |--TH_HTML_TAG_NAME -> th [4:3]
|       |   `--END -> > [4:5]
|       |--TEXT ->   [4:6]
|       |--SINGLETON_ELEMENT -> SINGLETON_ELEMENT [4:7]
|       |   `--KEYGEN_TAG -> KEYGEN_TAG [4:7]
|       |       |--START -> < [4:7]
|       |       |--KEYGEN_HTML_TAG_NAME -> keygen [4:8]
|       |       `--END -> > [4:14]
|       |--TEXT ->   [4:15]
|       `--TH_TAG_END -> TH_TAG_END [4:16]
|           |--START -> < [4:16]
|           |--SLASH -> / [4:17]
|           |--TH_HTML_TAG_NAME -> th [4:18]
|           `--END -> > [4:20]
|--NEWLINE -> \n [4:21]
|--LEADING_ASTERISK -> * [5:0]
|--TEXT ->   [5:1]
|--HTML_ELEMENT -> HTML_ELEMENT [5:2]
|   `--BODY -> BODY [5:2]
|       |--BODY_TAG_START -> BODY_TAG_START [5:2]
|       |   |--START -> < [5:2]
|       |   |--BODY_HTML_TAG_NAME -> body [5:3]
|       |   `--END -> > [5:7]
|       |--TEXT ->   [5:8]
|       |--SINGLETON_ELEMENT -> SINGLETON_ELEMENT [5:9]
|       |   `--KEYGEN_TAG -> KEYGEN_TAG [5:9]
|       |       |--START -> < [5:9]
|       |       |--KEYGEN_HTML_TAG_NAME -> keygen [5:10]
|       |       `--END -> > [5:16]
|       |--TEXT ->   [5:17]
|       `--BODY_TAG_END -> BODY_TAG_END [5:18]
|           |--START -> < [5:18]
|           |--SLASH -> / [5:19]
|           |--BODY_HTML_TAG_NAME -> body [5:20]
|           `--END -> > [5:24]
|--NEWLINE -> \n [5:25]
|--LEADING_ASTERISK -> * [6:0]
|--TEXT ->   [6:1]
|--HTML_ELEMENT -> HTML_ELEMENT [6:2]
|   `--COLGROUP -> COLGROUP [6:2]
|       |--COLGROUP_TAG_START -> COLGROUP_TAG_START [6:2]
|       |   |--START -> < [6:2]
|       |   |--COLGROUP_HTML_TAG_NAME -> colgroup [6:3]
|       |   `--END -> > [6:11]
|       |--TEXT ->   [6:12]
|       |--SINGLETON_ELEMENT -> SINGLETON_ELEMENT [6:13]
|       |   `--KEYGEN_TAG -> KEYGEN_TAG [6:13]
|       |       |--START -> < [6:13]
|       |       |--KEYGEN_HTML_TAG_NAME -> keygen [6:14]
|       |       `--END -> > [6:20]
|       |--TEXT ->   [6:21]
|       `--COLGROUP_TAG_END -> COLGROUP_TAG_END [6:22]
|           |--START -> < [6:22]
|           |--SLASH -> / [6:23]
|           |--COLGROUP_HTML_TAG_NAME -> colgroup [6:24]
|           `--END -> > [6:32]
|--NEWLINE -> \n [6:33]
|--LEADING_ASTERISK -> * [7:0]
|--TEXT ->   [7:1]
|--HTML_ELEMENT -> HTML_ELEMENT [7:2]
|   `--DD -> DD [7:2]
|       |--DD_TAG_START -> DD_TAG_START [7:2]
|       |   |--START -> < [7:2]
|       |   |--DD_HTML_TAG_NAME -> dd [7:3]
|       |   `--END -> > [7:5]
|       |--TEXT ->   [7:6]
|       |--SINGLETON_ELEMENT -> SINGLETON_ELEMENT [7:7]
|       |   `--KEYGEN_TAG -> KEYGEN_TAG [7:7]
|       |       |--START -> < [7:7]
|       |       |--KEYGEN_HTML_TAG_NAME -> keygen [7:8]
|       |       `--END -> > [7:14]
|       |--TEXT ->   [7:15]
|       `--DD_TAG_END -> DD_TAG_END [7:16]
|           |--START -> < [7:16]
|           |--SLASH -> / [7:17]
|           |--DD_HTML_TAG_NAME -> dd [7:18]
|           `--END -> > [7:20]
|--NEWLINE -> \n [7:21]
|--LEADING_ASTERISK -> * [8:0]
|--TEXT ->   [8:1]
|--HTML_ELEMENT -> HTML_ELEMENT [8:2]
|   `--DT -> DT [8:2]
|       |--DT_TAG_START -> DT_TAG_START [8:2]
|       |   |--START -> < [8:2]
|       |   |--DT_HTML_TAG_NAME -> dt [8:3]
|       |   `--END -> > [8:5]
|       |--TEXT ->   [8:6]
|       |--SINGLETON_ELEMENT -> SINGLETON_ELEMENT [8:7]
|       |   `--KEYGEN_TAG -> KEYGEN_TAG [8:7]
|       |       |--START -> < [8:7]
|       |       |--KEYGEN_HTML_TAG_NAME -> keygen [8:8]
|       |       `--END -> > [8:14]
|       |--TEXT ->   [8:15]
|       `--DT_TAG_END -> DT_TAG_END [8:16]
|           |--START -> < [8:16]
|           |--SLASH -> / [8:17]
|           |--DT_HTML_TAG_NAME -> dt [8:18]
|           `--END -> > [8:20]
|--NEWLINE -> \n [8:21]
|--LEADING_ASTERISK -> * [9:0]
|--TEXT ->   [9:1]
|--HTML_ELEMENT -> HTML_ELEMENT [9:2]
|   `--HEAD -> HEAD [9:2]
|       |--HEAD_TAG_START -> HEAD_TAG_START [9:2]
|       |   |--START -> < [9:2]
|       |   |--HEAD_HTML_TAG_NAME -> head [9:3]
|       |   `--END -> > [9:7]
|       |--TEXT ->   [9:8]
|       |--SINGLETON_ELEMENT -> SINGLETON_ELEMENT [9:9]
|       |   `--KEYGEN_TAG -> KEYGEN_TAG [9:9]
|       |       |--START -> < [9:9]
|       |       |--KEYGEN_HTML_TAG_NAME -> keygen [9:10]
|       |       `--END -> > [9:16]
|       |--TEXT ->   [9:17]
|       `--HEAD_TAG_END -> HEAD_TAG_END [9:18]
|           |--START -> < [9:18]
|           |--SLASH -> / [9:19]
|           |--HEAD_HTML_TAG_NAME -> head [9:20]
|           `--END -> > [9:24]
|--NEWLINE -> \n [9:25]
|--LEADING_ASTERISK -> * [10:0]
|--TEXT ->   [10:1]
|--HTML_ELEMENT -> HTML_ELEMENT [10:2]
|   `--HTML -> HTML [10:2]
|       |--HTML_TAG_START -> HTML_TAG_START [10:2]
|       |   |--START -> < [10:2]
|       |   |--HTML_HTML_TAG_NAME -> html [10:3]
|       |   `--END -> > [10:7]
|       |--TEXT ->   [10:8]
|       |--SINGLETON_ELEMENT -> SINGLETON_ELEMENT [10:9]
|       |   `--KEYGEN_TAG -> KEYGEN_TAG [10:9]
|       |       |--START -> < [10:9]
|       |       |--KEYGEN_HTML_TAG_NAME -> keygen [10:10]
|       |       `--END -> > [10:16]
|       |--TEXT ->   [10:17]
|       `--HTML_TAG_END -> HTML_TAG_END [10:18]
|           |--START -> < [10:18]
|           |--SLASH -> / [10:19]
|           |--HTML_HTML_TAG_NAME -> html [10:20]
|           `--END -> > [10:24]
|--NEWLINE -> \n [10:25]
|--LEADING_ASTERISK -> * [11:0]
|--TEXT ->   [11:1]
|--HTML_ELEMENT -> HTML_ELEMENT [11:2]
|   `--OPTION -> OPTION [11:2]
|       |--OPTION_TAG_START -> OPTION_TAG_START [11:2]
|       |   |--START -> < [11:2]
|       |   |--OPTION_HTML_TAG_NAME -> option [11:3]
|       |   `--END -> > [11:9]
|       |--TEXT ->   [11:10]
|       |--SINGLETON_ELEMENT -> SINGLETON_ELEMENT [11:11]
|       |   `--KEYGEN_TAG -> KEYGEN_TAG [11:11]
|       |       |--START -> < [11:11]
|       |       |--KEYGEN_HTML_TAG_NAME -> keygen [11:12]
|       |       `--END -> > [11:18]
|       |--TEXT ->   [11:19]
|       `--OPTION_TAG_END -> OPTION_TAG_END [11:20]
|           |--START -> < [11:20]
|           |--SLASH -> / [11:21]
|           |--OPTION_HTML_TAG_NAME -> option [11:22]
|           `--END -> > [11:28]
|--NEWLINE -> \n [11:29]
|--LEADING_ASTERISK -> * [12:0]
|--TEXT ->   [12:1]
|--HTML_ELEMENT -> HTML_ELEMENT [12:2]
|   `--TBODY -> TBODY [12:2]
|       |--TBODY_TAG_START -> TBODY_TAG_START [12:2]
|       |   |--START -> < [12:2]
|       |   |--TBODY_HTML_TAG_NAME -> tbody [12:3]
|       |   `--END -> > [12:8]
|       |--TEXT ->   [12:9]
|       |--SINGLETON_ELEMENT -> SINGLETON_ELEMENT [12:10]
|       |   `--KEYGEN_TAG -> KEYGEN_TAG [12:10]
|       |       |--START -> < [12:10]
|       |       |--KEYGEN_HTML_TAG_NAME -> keygen [12:11]
|       |       `--END -> > [12:17]
|       |--TEXT ->   [12:18]
|       `--TBODY_TAG_END -> TBODY_TAG_END [12:19]
|           |--START -> < [12:19]
|           |--SLASH -> / [12:20]
|           |--TBODY_HTML_TAG_NAME -> tbody [12:21]
|           `--END -> > [12:26]
|--NEWLINE -> \n [12:27]
|--LEADING_ASTERISK -> * [13:0]
|--TEXT ->   [13:1]
|--HTML_ELEMENT -> HTML_ELEMENT [13:2]
|   `--THEAD -> THEAD [13:2]
|       |--THEAD_TAG_START -> THEAD_TAG_START [13:2]
|       |   |--START -> < [13:2]
|       |   |--THEAD_HTML_TAG_NAME -> thead [13:3]
|       |   `--END -> > [13:8]
|       |--TEXT ->   [13:9]
|       |--SINGLETON_ELEMENT -> SINGLETON_ELEMENT [13:10]
|       |   `--KEYGEN_TAG -> KEYGEN_TAG [13:10]
|       |       |--START -> < [13:10]
|       |       |--KEYGEN_HTML_TAG_NAME -> keygen [13:11]
|       |       `--END -> > [13:17]
|       |--TEXT ->   [13:18]
|       `--THEAD_TAG_END -> THEAD_TAG_END [13:19]
|           |--START -> < [13:19]
|           |--SLASH -> / [13:20]
|           |--THEAD_HTML_TAG_NAME -> thead [13:21]
|           `--END -> > [13:26]
|--NEWLINE -> \n [13:27]
|--LEADING_ASTERISK -> * [14:0]
|--TEXT ->   [14:1]
|--HTML_ELEMENT -> HTML_ELEMENT [14:2]
|   `--TFOOT -> TFOOT [14:2]
|       |--TFOOT_TAG_START -> TFOOT_TAG_START [14:2]
|       |   |--START -> < [14:2]
|       |   |--TFOOT_HTML_TAG_NAME -> tfoot [14:3]
|       |   `--END -> > [14:8]
|       |--TEXT ->   [14:9]
|       |--SINGLETON_ELEMENT -> SINGLETON_ELEMENT [14:10]
|       |   `--KEYGEN_TAG -> KEYGEN_TAG [14:10]
|       |       |--START -> < [14:10]
|       |       |--KEYGEN_HTML_TAG_NAME -> keygen [14:11]
|       |       `--END -> > [14:17]
|       |--TEXT ->   [14:18]
|       `--TFOOT_TAG_END -> TFOOT_TAG_END [14:19]
|           |--START -> < [14:19]
|           |--SLASH -> / [14:20]
|           |--TFOOT_HTML_TAG_NAME -> tfoot [14:21]
|           `--END -> > [14:26]
|--NEWLINE -> \n [14:27]
|--NEWLINE -> \n [15:0]
|--LEADING_ASTERISK -> * [16:0]
|--TEXT ->   [16:1]
|--HTML_ELEMENT -> HTML_ELEMENT [16:2]
|   `--PARAGRAPH -> PARAGRAPH [16:2]
|       |--P_TAG_START -> P_TAG_START [16:2]
|       |   |--START -> < [16:2]
|       |   |--P_HTML_TAG_NAME -> p [16:3]
|       |   `--END -> > [16:4]
|       |--TEXT ->   [16:5]
|       |--SINGLETON_ELEMENT -> SINGLETON_ELEMENT [16:6]
|       |   `--KEYGEN_TAG -> KEYGEN_TAG [16:6]
|       |       |--START -> < [16:6]
|       |       |--KEYGEN_HTML_TAG_NAME -> keygen [16:7]
|       |       `--SLASH_END -> /> [16:13]
|       |--TEXT ->   [16:15]
|       `--P_TAG_END -> P_TAG_END [16:16]
|           |--START -> < [16:16]
|           |--SLASH -> / [16:17]
|           |--P_HTML_TAG_NAME -> p [16:18]
|           `--END -> > [16:19]
|--NEWLINE -> \n [16:20]
|--LEADING_ASTERISK -> * [17:0]
|--TEXT ->   [17:1]
|--HTML_ELEMENT -> HTML_ELEMENT [17:2]
|   `--LI -> LI [17:2]
|       |--LI_TAG_START -> LI_TAG_START [17:2]
|       |   |--START -> < [17:2]
|       |   |--LI_HTML_TAG_NAME -> li [17:3]
|       |   `--END -> > [17:5]
|       |--TEXT ->   [17:6]
|       |--SINGLETON_ELEMENT -> SINGLETON_ELEMENT [17:7]
|       |   `--KEYGEN_TAG -> KEYGEN_TAG [17:7]
|       |       |--START -> < [17:7]
|       |       |--KEYGEN_HTML_TAG_NAME -> keygen [17:8]
|       |       `--SLASH_END -> /> [17:14]
|       |--TEXT ->   [17:16]
|       `--LI_TAG_END -> LI_TAG_END [17:17]
|           |--START -> < [17:17]
|           |--SLASH -> / [17:18]
|           |--LI_HTML_TAG_NAME -> li [17:19]
|           `--END -> > [17:21]
|--NEWLINE -> \n [17:22]
|--LEADING_ASTERISK -> * [18:0]
|--TEXT ->   [18:1]
|--HTML_ELEMENT -> HTML_ELEMENT [18:2]
|   `--TR -> TR [18:2]
|       |--TR_TAG_START -> TR_TAG_START [18:2]
|       |   |--START -> < [18:2]
|       |   |--TR_HTML_TAG_NAME -> tr [18:3]
|       |   `--END -> > [18:5]
|       |--TEXT ->   [18:6]
|       |--SINGLETON_ELEMENT -> SINGLETON_ELEMENT [18:7]
|       |   `--KEYGEN_TAG -> KEYGEN_TAG [18:7]
|       |       |--START -> < [18:7]
|       |       |--KEYGEN_HTML_TAG_NAME -> keygen [18:8]
|       |       `--SLASH_END -> /> [18:14]
|       |--TEXT ->   [18:16]
|       `--TR_TAG_END -> TR_TAG_END [18:17]
|           |--START -> < [18:17]
|           |--SLASH -> / [18:18]
|           |--TR_HTML_TAG_NAME -> tr [18:19]
|           `--END -> > [18:21]
|--NEWLINE -> \n [18:22]
|--LEADING_ASTERISK -> * [19:0]
|--TEXT ->   [19:1]
|--HTML_ELEMENT -> HTML_ELEMENT [19:2]
|   `--TD -> TD [19:2]
|       |--TD_TAG_START -> TD_TAG_START [19:2]
|       |   |--START -> < [19:2]
|       |   |--TD_HTML_TAG_NAME -> td [19:3]
|       |   `--END -> > [19:5]
|       |--TEXT ->   [19:6]
|       |--SINGLETON_ELEMENT -> SINGLETON_ELEMENT [19:7]
|       |   `--KEYGEN_TAG -> KEYGEN_TAG [19:7]
|       |       |--START -> < [19:7]
|       |       |--KEYGEN_HTML_TAG_NAME -> keygen [19:8]
|       |       `--SLASH_END -> /> [19:14]
|       |--TEXT ->   [19:16]
|       `--TD_TAG_END -> TD_TAG_END [19:17]
|           |--START -> < [19:17]
|           |--SLASH -> / [19:18]
|           |--TD_HTML_TAG_NAME -> td [19:19]
|           `--END -> > [19:21]
|--NEWLINE -> \n [19:22]
|--LEADING_ASTERISK -> * [20:0]
|--TEXT ->   [20:1]
|--HTML_ELEMENT -> HTML_ELEMENT [20:2]
|   `--TH -> TH [20:2]
|       |--TH_TAG_START -> TH_TAG_START [20:2]
|       |   |--START -> < [20:2]
|       |   |--TH_HTML_TAG_NAME -> th [20:3]
|       |   `--END -> > [20:5]
|       |--TEXT ->   [20:6]
|       |--SINGLETON_ELEMENT -> SINGLETON_ELEMENT [20:7]
|       |   `--KEYGEN_TAG -> KEYGEN_TAG [20:7]
|       |       |--START -> < [20:7]
|       |       |--KEYGEN_HTML_TAG_NAME -> keygen [20:8]
|       |       `--SLASH_END -> /> [20:14]
|       |--TEXT ->   [20:16]
|       `--TH_TAG_END -> TH_TAG_END [20:17]
|           |--START -> < [20:17]
|           |--SLASH -> / [20:18]
|           |--TH_HTML_TAG_NAME -> th [20:19]
|           `--END -> > [20:21]
|--NEWLINE -> \n [20:22]
|--LEADING_ASTERISK -> * [21:0]
|--TEXT ->   [21:1]
|--HTML_ELEMENT -> HTML_ELEMENT [21:2]
|   `--BODY -> BODY [21:2]
|       |--BODY_TAG_START -> BODY_TAG_START [21:2]
|       |   |--START -> < [21:2]
|       |   |--BODY_HTML_TAG_NAME -> body [21:3]
|       |   `--END -> > [21:7]
|       |--TEXT ->   [21:8]
|       |--SINGLETON_ELEMENT -> SINGLETON_ELEMENT [21:9]
|       |   `--KEYGEN_TAG -> KEYGEN_TAG [21:9]
|       |       |--START -> < [21:9]
|       |       |--KEYGEN_HTML_TAG_NAME -> keygen [21:10]
|       |       `--SLASH_END -> /> [21:16]
|       |--TEXT ->   [21:18]
|       `--BODY_TAG_END -> BODY_TAG_END [21:19]
|           |--START -> < [21:19]
|           |--SLASH -> / [21:20]
|           |--BODY_HTML_TAG_NAME -> body [21:21]
|           `--END -> > [21:25]
|--NEWLINE -> \n [21:26]
|--LEADING_ASTERISK -> * [22:0]
|--TEXT ->   [22:1]
|--HTML_ELEMENT -> HTML_ELEMENT [22:2]
|   `--COLGROUP -> COLGROUP [22:2]
|       |--COLGROUP_TAG_START -> COLGROUP_TAG_START [22:2]
|       |   |--START -> < [22:2]
|       |   |--COLGROUP_HTML_TAG_NAME -> colgroup [22:3]
|       |   `--END -> > [22:11]
|       |--TEXT ->   [22:12]
|       |--SINGLETON_ELEMENT -> SINGLETON_ELEMENT [22:13]
|       |   `--KEYGEN_TAG -> KEYGEN_TAG [22:13]
|       |       |--START -> < [22:13]
|       |       |--KEYGEN_HTML_TAG_NAME -> keygen [22:14]
|       |       `--SLASH_END -> /> [22:20]
|       |--TEXT ->   [22:22]
|       `--COLGROUP_TAG_END -> COLGROUP_TAG_END [22:23]
|           |--START -> < [22:23]
|           |--SLASH -> / [22:24]
|           |--COLGROUP_HTML_TAG_NAME -> colgroup [22:25]
|           `--END -> > [22:33]
|--NEWLINE -> \n [22:34]
|--LEADING_ASTERISK -> * [23:0]
|--TEXT ->   [23:1]
|--HTML_ELEMENT -> HTML_ELEMENT [23:2]
|   `--DD -> DD [23:2]
|       |--DD_TAG_START -> DD_TAG_START [23:2]
|       |   |--START -> < [23:2]
|       |   |--DD_HTML_TAG_NAME -> dd [23:3]
|       |   `--END -> > [23:5]
|       |--TEXT ->   [23:6]
|       |--SINGLETON_ELEMENT -> SINGLETON_ELEMENT [23:7]
|       |   `--KEYGEN_TAG -> KEYGEN_TAG [23:7]
|       |       |--START -> < [23:7]
|       |       |--KEYGEN_HTML_TAG_NAME -> keygen [23:8]
|       |       `--SLASH_END -> /> [23:14]
|       |--TEXT ->   [23:16]
|       `--DD_TAG_END -> DD_TAG_END [23:17]
|           |--START -> < [23:17]
|           |--SLASH -> / [23:18]
|           |--DD_HTML_TAG_NAME -> dd [23:19]
|           `--END -> > [23:21]
|--NEWLINE -> \n [23:22]
|--LEADING_ASTERISK -> * [24:0]
|--TEXT ->   [24:1]
|--HTML_ELEMENT -> HTML_ELEMENT [24:2]
|   `--DT -> DT [24:2]
|       |--DT_TAG_START -> DT_TAG_START [24:2]
|       |   |--START -> < [24:2]
|       |   |--DT_HTML_TAG_NAME -> dt [24:3]
|       |   `--END -> > [24:5]
|       |--TEXT ->   [24:6]
|       |--SINGLETON_ELEMENT -> SINGLETON_ELEMENT [24:7]
|       |   `--KEYGEN_TAG -> KEYGEN_TAG [24:7]
|       |       |--START -> < [24:7]
|       |       |--KEYGEN_HTML_TAG_NAME -> keygen [24:8]
|       |       `--SLASH_END -> /> [24:14]
|       |--TEXT ->   [24:16]
|       `--DT_TAG_END -> DT_TAG_END [24:17]
|           |--START -> < [24:17]
|           |--SLASH -> / [24:18]
|           |--DT_HTML_TAG_NAME -> dt [24:19]
|           `--END -> > [24:21]
|--NEWLINE -> \n [24:22]
|--LEADING_ASTERISK -> * [25:0]
|--TEXT ->   [25:1]
|--HTML_ELEMENT -> HTML_ELEMENT [25:2]
|   `--HEAD -> HEAD [25:2]
|       |--HEAD_TAG_START -> HEAD_TAG_START [25:2]
|       |   |--START -> < [25:2]
|       |   |--HEAD_HTML_TAG_NAME -> head [25:3]
|       |   `--END -> > [25:7]
|       |--TEXT ->   [25:8]
|       |--SINGLETON_ELEMENT -> SINGLETON_ELEMENT [25:9]
|       |   `--KEYGEN_TAG -> KEYGEN_TAG [25:9]
|       |       |--START -> < [25:9]
|       |       |--KEYGEN_HTML_TAG_NAME -> keygen [25:10]
|       |       `--SLASH_END -> /> [25:16]
|       |--TEXT ->   [25:18]
|       `--HEAD_TAG_END -> HEAD_TAG_END [25:19]
|           |--START -> < [25:19]
|           |--SLASH -> / [25:20]
|           |--HEAD_HTML_TAG_NAME -> head [25:21]
|           `--END -> > [25:25]
|--NEWLINE -> \n [25:26]
|--LEADING_ASTERISK -> * [26:0]
|--TEXT ->   [26:1]
|--HTML_ELEMENT -> HTML_ELEMENT [26:2]
|   `--HTML -> HTML [26:2]
|       |--HTML_TAG_START -> HTML_TAG_START [26:2]
|       |   |--START -> < [26:2]
|       |   |--HTML_HTML_TAG_NAME -> html [26:3]
|       |   `--END -> > [26:7]
|       |--TEXT ->   [26:8]
|       |--SINGLETON_ELEMENT -> SINGLETON_ELEMENT [26:9]
|       |   `--KEYGEN_TAG -> KEYGEN_TAG [26:9]
|       |       |--START -> < [26:9]
|       |       |--KEYGEN_HTML_TAG_NAME -> keygen [26:10]
|       |       `--SLASH_END -> /> [26:16]
|       |--TEXT ->   [26:18]
|       `--HTML_TAG_END -> HTML_TAG_END [26:19]
|           |--START -> < [26:19]
|           |--SLASH -> / [26:20]
|           |--HTML_HTML_TAG_NAME -> html [26:21]
|           `--END -> > [26:25]
|--NEWLINE -> \n [26:26]
|--LEADING_ASTERISK -> * [27:0]
|--TEXT ->   [27:1]
|--HTML_ELEMENT -> HTML_ELEMENT [27:2]
|   `--OPTION -> OPTION [27:2]
|       |--OPTION_TAG_START -> OPTION_TAG_START [27:2]
|       |   |--START -> < [27:2]
|       |   |--OPTION_HTML_TAG_NAME -> option [27:3]
|       |   `--END -> > [27:9]
|       |--TEXT ->   [27:10]
|       |--SINGLETON_ELEMENT -> SINGLETON_ELEMENT [27:11]
|       |   `--KEYGEN_TAG -> KEYGEN_TAG [27:11]
|       |       |--START -> < [27:11]
|       |       |--KEYGEN_HTML_TAG_NAME -> keygen [27:12]
|       |       `--SLASH_END -> /> [27:18]
|       |--TEXT ->   [27:20]
|       `--OPTION_TAG_END -> OPTION_TAG_END [27:21]
|           |--START -> < [27:21]
|           |--SLASH -> / [27:22]
|           |--OPTION_HTML_TAG_NAME -> option [27:23]
|           `--END -> > [27:29]
|--NEWLINE -> \n [27:30]
|--LEADING_ASTERISK -> * [28:0]
|--TEXT ->   [28:1]
|--HTML_ELEMENT -> HTML_ELEMENT [28:2]
|   `--TBODY -> TBODY [28:2]
|       |--TBODY_TAG_START -> TBODY_TAG_START [28:2]
|       |   |--START -> < [28:2]
|       |   |--TBODY_HTML_TAG_NAME -> tbody [28:3]
|       |   `--END -> > [28:8]
|       |--TEXT ->   [28:9]
|       |--SINGLETON_ELEMENT -> SINGLETON_ELEMENT [28:10]
|       |   `--KEYGEN_TAG -> KEYGEN_TAG [28:10]
|       |       |--START -> < [28:10]
|       |       |--KEYGEN_HTML_TAG_NAME -> keygen [28:11]
|       |       `--SLASH_END -> /> [28:17]
|       |--TEXT ->   [28:19]
|       `--TBODY_TAG_END -> TBODY_TAG_END [28:20]
|           |--START -> < [28:20]
|           |--SLASH -> / [28:21]
|           |--TBODY_HTML_TAG_NAME -> tbody [28:22]
|           `--END -> > [28:27]
|--NEWLINE -> \n [28:28]
|--LEADING_ASTERISK -> * [29:0]
|--TEXT ->   [29:1]
|--HTML_ELEMENT -> HTML_ELEMENT [29:2]
|   `--THEAD -> THEAD [29:2]
|       |--THEAD_TAG_START -> THEAD_TAG_START [29:2]
|       |   |--START -> < [29:2]
|       |   |--THEAD_HTML_TAG_NAME -> thead [29:3]
|       |   `--END -> > [29:8]
|       |--TEXT ->   [29:9]
|       |--SINGLETON_ELEMENT -> SINGLETON_ELEMENT [29:10]
|       |   `--KEYGEN_TAG -> KEYGEN_TAG [29:10]
|       |       |--START -> < [29:10]
|       |       |--KEYGEN_HTML_TAG_NAME -> keygen [29:11]
|       |       `--SLASH_END -> /> [29:17]
|       |--TEXT ->   [29:19]
|       `--THEAD_TAG_END -> THEAD_TAG_END [29:20]
|           |--START -> < [29:20]
|           |--SLASH -> / [29:21]
|           |--THEAD_HTML_TAG_NAME -> thead [29:22]
|           `--END -> > [29:27]
|--NEWLINE -> \n [29:28]
|--LEADING_ASTERISK -> * [30:0]
|--TEXT ->   [30:1]
|--HTML_ELEMENT -> HTML_ELEMENT [30:2]
|   `--TFOOT -> TFOOT [30:2]
|       |--TFOOT_TAG_START -> TFOOT_TAG_START [30:2]
|       |   |--START -> < [30:2]
|       |   |--TFOOT_HTML_TAG_NAME -> tfoot [30:3]
|       |   `--END -> > [30:8]
|       |--TEXT ->   [30:9]
|       |--SINGLETON_ELEMENT -> SINGLETON_ELEMENT [30:10]
|       |   `--KEYGEN_TAG -> KEYGEN_TAG [30:10]
|       |       |--START -> < [30:10]
|       |       |--KEYGEN_HTML_TAG_NAME -> keygen [30:11]
|       |       `--SLASH_END -> /> [30:17]
|       |--TEXT ->   [30:19]
|       `--TFOOT_TAG_END -> TFOOT_TAG_END [30:20]
|           |--START -> < [30:20]
|           |--SLASH -> / [30:21]
|           |--TFOOT_HTML_TAG_NAME -> tfoot [30:22]
|           `--END -> > [30:27]
|--NEWLINE -> \n [30:28]
|--NEWLINE -> \n [31:0]
|--LEADING_ASTERISK -> * [32:0]
|--TEXT ->   [32:1]
|--HTML_ELEMENT -> HTML_ELEMENT [32:2]
|   `--SINGLETON_ELEMENT -> SINGLETON_ELEMENT [32:2]
|       `--KEYGEN_TAG -> KEYGEN_TAG [32:2]
|           |--START -> < [32:2]
|           |--KEYGEN_HTML_TAG_NAME -> keygen [32:3]
|           `--END -> > [32:9]
|--NEWLINE -> \n [32:10]
|--LEADING_ASTERISK -> * [33:0]
|--TEXT ->   [33:1]
|--HTML_ELEMENT -> HTML_ELEMENT [33:2]
|   `--SINGLETON_ELEMENT -> SINGLETON_ELEMENT [33:2]
|       `--KEYGEN_TAG -> KEYGEN_TAG [33:2]
|           |--START -> < [33:2]
|           |--KEYGEN_HTML_TAG_NAME -> keygen [33:3]
|           `--SLASH_END -> /> [33:9]
|--NEWLINE -> \n [33:11]
|--LEADING_ASTERISK -> * [34:0]
|--TEXT ->   [34:1]
|--HTML_ELEMENT -> HTML_ELEMENT [34:2]
|   `--SINGLETON_ELEMENT -> SINGLETON_ELEMENT [34:2]
|       `--KEYGEN_TAG -> KEYGEN_TAG [34:2]
|           |--START -> < [34:2]
|           |--KEYGEN_HTML_TAG_NAME -> keygen [34:3]
|           |--WS ->   [34:9]
|           |--ATTRIBUTE -> ATTRIBUTE [34:10]
|           |   |--HTML_TAG_NAME -> attr [34:10]
|           |   |--EQUALS -> = [34:14]
|           |   `--ATTR_VALUE -> "something" [34:15]
|           `--END -> > [34:27]
|--NEWLINE -> \n [34:28]
|--LEADING_ASTERISK -> * [35:0]
|--TEXT ->   [35:1]
|--HTML_ELEMENT -> HTML_ELEMENT [35:2]
|   `--SINGLETON_ELEMENT -> SINGLETON_ELEMENT [35:2]
|       `--KEYGEN_TAG -> KEYGEN_TAG [35:2]
|           |--START -> < [35:2]
|           |--KEYGEN_HTML_TAG_NAME -> keygen [35:3]
|           |--WS ->   [35:9]
|           |--ATTRIBUTE -> ATTRIBUTE [35:10]
|           |   |--HTML_TAG_NAME -> attr [35:10]
|           |   |--EQUALS -> = [35:14]
|           |   `--ATTR_VALUE -> "something" [35:15]
|           `--SLASH_END -> /> [35:27]
|--NEWLINE -> \n [35:29]
|--LEADING_ASTERISK -> * [36:0]
|--TEXT ->   [36:1]
|--HTML_ELEMENT -> HTML_ELEMENT [36:2]
|   `--SINGLETON_ELEMENT -> SINGLETON_ELEMENT [36:2]
|       `--KEYGEN_TAG -> KEYGEN_TAG [36:2]
|           |--START -> < [36:2]
|           |--KEYGEN_HTML_TAG_NAME -> keygen [36:3]
|           |--WS ->   [36:9]
|           |--ATTRIBUTE -> ATTRIBUTE [36:10]
|           |   |--HTML_TAG_NAME -> attr [36:10]
|           |   |--EQUALS -> = [36:14]
|           |   `--ATTR_VALUE -> "something" [36:15]
|           |--WS ->   [36:27]
|           |--ATTRIBUTE -> ATTRIBUTE [36:28]
|           |   |--HTML_TAG_NAME -> attr2 [36:28]
|           |   |--EQUALS -> = [36:33]
|           |   `--ATTR_VALUE -> "someotherthing" [36:34]
|           `--END -> > [36:51]
|--NEWLINE -> \n [36:52]
|--LEADING_ASTERISK -> * [37:0]
|--TEXT ->   [37:1]
|--HTML_ELEMENT -> HTML_ELEMENT [37:2]
|   `--SINGLETON_ELEMENT -> SINGLETON_ELEMENT [37:2]
|       `--KEYGEN_TAG -> KEYGEN_TAG [37:2]
|           |--START -> < [37:2]
|           |--KEYGEN_HTML_TAG_NAME -> keygen [37:3]
|           |--WS ->   [37:9]
|           |--ATTRIBUTE -> ATTRIBUTE [37:10]
|           |   |--HTML_TAG_NAME -> attr [37:10]
|           |   |--EQUALS -> = [37:14]
|           |   `--ATTR_VALUE -> "something" [37:15]
|           |--WS ->   [37:27]
|           |--ATTRIBUTE -> ATTRIBUTE [37:28]
|           |   |--HTML_TAG_NAME -> attr2 [37:28]
|           |   |--EQUALS -> = [37:33]
|           |   `--ATTR_VALUE -> "someotherthing" [37:34]
|           `--SLASH_END -> /> [37:51]
|--NEWLINE -> \n [37:53]
|--LEADING_ASTERISK -> * [38:0]
|--TEXT ->   [38:1]
|--HTML_ELEMENT -> HTML_ELEMENT [38:2]
|   `--SINGLETON_ELEMENT -> SINGLETON_ELEMENT [38:2]
|       `--KEYGEN_TAG -> KEYGEN_TAG [38:2]
|           |--START -> < [38:2]
|           |--KEYGEN_HTML_TAG_NAME -> keygen [38:3]
|           |--WS ->   [38:9]
|           |--ATTRIBUTE -> ATTRIBUTE [38:10]
|           |   |--HTML_TAG_NAME -> attr [38:10]
|           |   |--EQUALS -> = [38:14]
|           |   `--ATTR_VALUE -> "something" [38:15]
|           |--WS ->   [38:27]
|           |--NEWLINE -> \n [38:28]
|           |--LEADING_ASTERISK -> * [39:0]
|           |--WS ->   [39:1]
|           |--ATTRIBUTE -> ATTRIBUTE [39:2]
|           |   |--HTML_TAG_NAME -> attr2 [39:2]
|           |   |--EQUALS -> = [39:7]
|           |   `--ATTR_VALUE -> "someotherting" [39:8]
|           `--END -> > [39:24]
|--NEWLINE -> \n [39:25]
|--LEADING_ASTERISK -> * [40:0]
|--TEXT ->   [40:1]
|--HTML_ELEMENT -> HTML_ELEMENT [40:2]
|   `--SINGLETON_ELEMENT -> SINGLETON_ELEMENT [40:2]
|       `--KEYGEN_TAG -> KEYGEN_TAG [40:2]
|           |--START -> < [40:2]
|           |--KEYGEN_HTML_TAG_NAME -> keygen [40:3]
|           |--WS ->   [40:9]
|           |--ATTRIBUTE -> ATTRIBUTE [40:10]
|           |   |--HTML_TAG_NAME -> attr [40:10]
|           |   |--EQUALS -> = [40:14]
|           |   `--ATTR_VALUE -> "something" [40:15]
|           |--WS ->   [40:27]
|           |--NEWLINE -> \n [40:28]
|           |--LEADING_ASTERISK -> * [41:0]
|           |--WS ->   [41:1]
|           |--ATTRIBUTE -> ATTRIBUTE [41:2]
|           |   |--HTML_TAG_NAME -> attr2 [41:2]
|           |   |--EQUALS -> = [41:7]
|           |   `--ATTR_VALUE -> "someotherting" [41:8]
|           `--SLASH_END -> /> [41:24]
`--EOF -> <EOF> [41:26]]
> but was:<...DOC -> JAVADOC [0:0][
|--LEADING_ASTERISK -> * [0:0]
|--TEXT ->   [0:1]
|--HTML_ELEMENT -> HTML_ELEMENT [0:2]
|   `--PARAGRAPH -> PARAGRAPH [0:2]
|       |--P_TAG_START -> P_TAG_START [0:2]
|       |   |--START -> < [0:2]
|       |   |--P_HTML_TAG_NAME -> p [0:3]
|       |   `--END -> > [0:4]
|       |--TEXT ->   [0:5]
|       |--SINGLETON_ELEMENT -> SINGLETON_ELEMENT [0:6]
|       |   `--KEYGEN_TAG -> KEYGEN_TAG [0:6]
|       |       |--START -> < [0:6]
|       |       |--KEYGEN_HTML_TAG_NAME -> keygen [0:7]
|       |       `--END -> > [0:13]
|       |--TEXT ->   [0:14]
|       `--P_TAG_END -> P_TAG_END [0:15]
|           |--START -> < [0:15]
|           |--SLASH -> / [0:16]
|           |--P_HTML_TAG_NAME -> p [0:17]
|           `--END -> > [0:18]
|--NEWLINE -> \n [0:19]
|--LEADING_ASTERISK -> * [1:0]
|--TEXT ->   [1:1]
|--HTML_ELEMENT -> HTML_ELEMENT [1:2]
|   `--LI -> LI [1:2]
|       |--LI_TAG_START -> LI_TAG_START [1:2]
|       |   |--START -> < [1:2]
|       |   |--LI_HTML_TAG_NAME -> li [1:3]
|       |   `--END -> > [1:5]
|       |--TEXT ->   [1:6]
|       |--SINGLETON_ELEMENT -> SINGLETON_ELEMENT [1:7]
|       |   `--KEYGEN_TAG -> KEYGEN_TAG [1:7]
|       |       |--START -> < [1:7]
|       |       |--KEYGEN_HTML_TAG_NAME -> keygen [1:8]
|       |       `--END -> > [1:14]
|       |--TEXT ->   [1:15]
|       `--LI_TAG_END -> LI_TAG_END [1:16]
|           |--START -> < [1:16]
|           |--SLASH -> / [1:17]
|           |--LI_HTML_TAG_NAME -> li [1:18]
|           `--END -> > [1:20]
|--NEWLINE -> \n [1:21]
|--LEADING_ASTERISK -> * [2:0]
|--TEXT ->   [2:1]
|--HTML_ELEMENT -> HTML_ELEMENT [2:2]
|   `--TR -> TR [2:2]
|       |--TR_TAG_START -> TR_TAG_START [2:2]
|       |   |--START -> < [2:2]
|       |   |--TR_HTML_TAG_NAME -> tr [2:3]
|       |   `--END -> > [2:5]
|       |--TEXT ->   [2:6]
|       |--SINGLETON_ELEMENT -> SINGLETON_ELEMENT [2:7]
|       |   `--KEYGEN_TAG -> KEYGEN_TAG [2:7]
|       |       |--START -> < [2:7]
|       |       |--KEYGEN_HTML_TAG_NAME -> keygen [2:8]
|       |       `--END -> > [2:14]
|       |--TEXT ->   [2:15]
|       `--TR_TAG_END -> TR_TAG_END [2:16]
|           |--START -> < [2:16]
|           |--SLASH -> / [2:17]
|           |--TR_HTML_TAG_NAME -> tr [2:18]
|           `--END -> > [2:20]
|--NEWLINE -> \n [2:21]
|--LEADING_ASTERISK -> * [3:0]
|--TEXT ->   [3:1]
|--HTML_ELEMENT -> HTML_ELEMENT [3:2]
|   `--TD -> TD [3:2]
|       |--TD_TAG_START -> TD_TAG_START [3:2]
|       |   |--START -> < [3:2]
|       |   |--TD_HTML_TAG_NAME -> td [3:3]
|       |   `--END -> > [3:5]
|       |--TEXT ->   [3:6]
|       |--SINGLETON_ELEMENT -> SINGLETON_ELEMENT [3:7]
|       |   `--KEYGEN_TAG -> KEYGEN_TAG [3:7]
|       |       |--START -> < [3:7]
|       |       |--KEYGEN_HTML_TAG_NAME -> keygen [3:8]
|       |       `--END -> > [3:14]
|       |--TEXT ->   [3:15]
|       `--TD_TAG_END -> TD_TAG_END [3:16]
|           |--START -> < [3:16]
|           |--SLASH -> / [3:17]
|           |--TD_HTML_TAG_NAME -> td [3:18]
|           `--END -> > [3:20]
|--NEWLINE -> \n [3:21]
|--LEADING_ASTERISK -> * [4:0]
|--TEXT ->   [4:1]
|--HTML_ELEMENT -> HTML_ELEMENT [4:2]
|   `--TH -> TH [4:2]
|       |--TH_TAG_START -> TH_TAG_START [4:2]
|       |   |--START -> < [4:2]
|       |   |--TH_HTML_TAG_NAME -> th [4:3]
|       |   `--END -> > [4:5]
|       |--TEXT ->   [4:6]
|       |--SINGLETON_ELEMENT -> SINGLETON_ELEMENT [4:7]
|       |   `--KEYGEN_TAG -> KEYGEN_TAG [4:7]
|       |       |--START -> < [4:7]
|       |       |--KEYGEN_HTML_TAG_NAME -> keygen [4:8]
|       |       `--END -> > [4:14]
|       |--TEXT ->   [4:15]
|       `--TH_TAG_END -> TH_TAG_END [4:16]
|           |--START -> < [4:16]
|           |--SLASH -> / [4:17]
|           |--TH_HTML_TAG_NAME -> th [4:18]
|           `--END -> > [4:20]
|--NEWLINE -> \n [4:21]
|--LEADING_ASTERISK -> * [5:0]
|--TEXT ->   [5:1]
|--HTML_ELEMENT -> HTML_ELEMENT [5:2]
|   `--BODY -> BODY [5:2]
|       |--BODY_TAG_START -> BODY_TAG_START [5:2]
|       |   |--START -> < [5:2]
|       |   |--BODY_HTML_TAG_NAME -> body [5:3]
|       |   `--END -> > [5:7]
|       |--TEXT ->   [5:8]
|       |--SINGLETON_ELEMENT -> SINGLETON_ELEMENT [5:9]
|       |   `--KEYGEN_TAG -> KEYGEN_TAG [5:9]
|       |       |--START -> < [5:9]
|       |       |--KEYGEN_HTML_TAG_NAME -> keygen [5:10]
|       |       `--END -> > [5:16]
|       |--TEXT ->   [5:17]
|       `--BODY_TAG_END -> BODY_TAG_END [5:18]
|           |--START -> < [5:18]
|           |--SLASH -> / [5:19]
|           |--BODY_HTML_TAG_NAME -> body [5:20]
|           `--END -> > [5:24]
|--NEWLINE -> \n [5:25]
|--LEADING_ASTERISK -> * [6:0]
|--TEXT ->   [6:1]
|--HTML_ELEMENT -> HTML_ELEMENT [6:2]
|   `--COLGROUP -> COLGROUP [6:2]
|       |--COLGROUP_TAG_START -> COLGROUP_TAG_START [6:2]
|       |   |--START -> < [6:2]
|       |   |--COLGROUP_HTML_TAG_NAME -> colgroup [6:3]
|       |   `--END -> > [6:11]
|       |--TEXT ->   [6:12]
|       |--SINGLETON_ELEMENT -> SINGLETON_ELEMENT [6:13]
|       |   `--KEYGEN_TAG -> KEYGEN_TAG [6:13]
|       |       |--START -> < [6:13]
|       |       |--KEYGEN_HTML_TAG_NAME -> keygen [6:14]
|       |       `--END -> > [6:20]
|       |--TEXT ->   [6:21]
|       `--COLGROUP_TAG_END -> COLGROUP_TAG_END [6:22]
|           |--START -> < [6:22]
|           |--SLASH -> / [6:23]
|           |--COLGROUP_HTML_TAG_NAME -> colgroup [6:24]
|           `--END -> > [6:32]
|--NEWLINE -> \n [6:33]
|--LEADING_ASTERISK -> * [7:0]
|--TEXT ->   [7:1]
|--HTML_ELEMENT -> HTML_ELEMENT [7:2]
|   `--DD -> DD [7:2]
|       |--DD_TAG_START -> DD_TAG_START [7:2]
|       |   |--START -> < [7:2]
|       |   |--DD_HTML_TAG_NAME -> dd [7:3]
|       |   `--END -> > [7:5]
|       |--TEXT ->   [7:6]
|       |--SINGLETON_ELEMENT -> SINGLETON_ELEMENT [7:7]
|       |   `--KEYGEN_TAG -> KEYGEN_TAG [7:7]
|       |       |--START -> < [7:7]
|       |       |--KEYGEN_HTML_TAG_NAME -> keygen [7:8]
|       |       `--END -> > [7:14]
|       |--TEXT ->   [7:15]
|       `--DD_TAG_END -> DD_TAG_END [7:16]
|           |--START -> < [7:16]
|           |--SLASH -> / [7:17]
|           |--DD_HTML_TAG_NAME -> dd [7:18]
|           `--END -> > [7:20]
|--NEWLINE -> \n [7:21]
|--LEADING_ASTERISK -> * [8:0]
|--TEXT ->   [8:1]
|--HTML_ELEMENT -> HTML_ELEMENT [8:2]
|   `--DT -> DT [8:2]
|       |--DT_TAG_START -> DT_TAG_START [8:2]
|       |   |--START -> < [8:2]
|       |   |--DT_HTML_TAG_NAME -> dt [8:3]
|       |   `--END -> > [8:5]
|       |--TEXT ->   [8:6]
|       |--SINGLETON_ELEMENT -> SINGLETON_ELEMENT [8:7]
|       |   `--KEYGEN_TAG -> KEYGEN_TAG [8:7]
|       |       |--START -> < [8:7]
|       |       |--KEYGEN_HTML_TAG_NAME -> keygen [8:8]
|       |       `--END -> > [8:14]
|       |--TEXT ->   [8:15]
|       `--DT_TAG_END -> DT_TAG_END [8:16]
|           |--START -> < [8:16]
|           |--SLASH -> / [8:17]
|           |--DT_HTML_TAG_NAME -> dt [8:18]
|           `--END -> > [8:20]
|--NEWLINE -> \n [8:21]
|--LEADING_ASTERISK -> * [9:0]
|--TEXT ->   [9:1]
|--HTML_ELEMENT -> HTML_ELEMENT [9:2]
|   `--HEAD -> HEAD [9:2]
|       |--HEAD_TAG_START -> HEAD_TAG_START [9:2]
|       |   |--START -> < [9:2]
|       |   |--HEAD_HTML_TAG_NAME -> head [9:3]
|       |   `--END -> > [9:7]
|       |--TEXT ->   [9:8]
|       |--SINGLETON_ELEMENT -> SINGLETON_ELEMENT [9:9]
|       |   `--KEYGEN_TAG -> KEYGEN_TAG [9:9]
|       |       |--START -> < [9:9]
|       |       |--KEYGEN_HTML_TAG_NAME -> keygen [9:10]
|       |       `--END -> > [9:16]
|       |--TEXT ->   [9:17]
|       `--HEAD_TAG_END -> HEAD_TAG_END [9:18]
|           |--START -> < [9:18]
|           |--SLASH -> / [9:19]
|           |--HEAD_HTML_TAG_NAME -> head [9:20]
|           `--END -> > [9:24]
|--NEWLINE -> \n [9:25]
|--LEADING_ASTERISK -> * [10:0]
|--TEXT ->   [10:1]
|--HTML_ELEMENT -> HTML_ELEMENT [10:2]
|   `--HTML -> HTML [10:2]
|       |--HTML_TAG_START -> HTML_TAG_START [10:2]
|       |   |--START -> < [10:2]
|       |   |--HTML_HTML_TAG_NAME -> html [10:3]
|       |   `--END -> > [10:7]
|       |--TEXT ->   [10:8]
|       |--SINGLETON_ELEMENT -> SINGLETON_ELEMENT [10:9]
|       |   `--KEYGEN_TAG -> KEYGEN_TAG [10:9]
|       |       |--START -> < [10:9]
|       |       |--KEYGEN_HTML_TAG_NAME -> keygen [10:10]
|       |       `--END -> > [10:16]
|       |--TEXT ->   [10:17]
|       `--HTML_TAG_END -> HTML_TAG_END [10:18]
|           |--START -> < [10:18]
|           |--SLASH -> / [10:19]
|           |--HTML_HTML_TAG_NAME -> html [10:20]
|           `--END -> > [10:24]
|--NEWLINE -> \n [10:25]
|--LEADING_ASTERISK -> * [11:0]
|--TEXT ->   [11:1]
|--HTML_ELEMENT -> HTML_ELEMENT [11:2]
|   `--OPTION -> OPTION [11:2]
|       |--OPTION_TAG_START -> OPTION_TAG_START [11:2]
|       |   |--START -> < [11:2]
|       |   |--OPTION_HTML_TAG_NAME -> option [11:3]
|       |   `--END -> > [11:9]
|       |--TEXT ->   [11:10]
|       |--SINGLETON_ELEMENT -> SINGLETON_ELEMENT [11:11]
|       |   `--KEYGEN_TAG -> KEYGEN_TAG [11:11]
|       |       |--START -> < [11:11]
|       |       |--KEYGEN_HTML_TAG_NAME -> keygen [11:12]
|       |       `--END -> > [11:18]
|       |--TEXT ->   [11:19]
|       `--OPTION_TAG_END -> OPTION_TAG_END [11:20]
|           |--START -> < [11:20]
|           |--SLASH -> / [11:21]
|           |--OPTION_HTML_TAG_NAME -> option [11:22]
|           `--END -> > [11:28]
|--NEWLINE -> \n [11:29]
|--LEADING_ASTERISK -> * [12:0]
|--TEXT ->   [12:1]
|--HTML_ELEMENT -> HTML_ELEMENT [12:2]
|   `--TBODY -> TBODY [12:2]
|       |--TBODY_TAG_START -> TBODY_TAG_START [12:2]
|       |   |--START -> < [12:2]
|       |   |--TBODY_HTML_TAG_NAME -> tbody [12:3]
|       |   `--END -> > [12:8]
|       |--TEXT ->   [12:9]
|       |--SINGLETON_ELEMENT -> SINGLETON_ELEMENT [12:10]
|       |   `--KEYGEN_TAG -> KEYGEN_TAG [12:10]
|       |       |--START -> < [12:10]
|       |       |--KEYGEN_HTML_TAG_NAME -> keygen [12:11]
|       |       `--END -> > [12:17]
|       |--TEXT ->   [12:18]
|       `--TBODY_TAG_END -> TBODY_TAG_END [12:19]
|           |--START -> < [12:19]
|           |--SLASH -> / [12:20]
|           |--TBODY_HTML_TAG_NAME -> tbody [12:21]
|           `--END -> > [12:26]
|--NEWLINE -> \n [12:27]
|--LEADING_ASTERISK -> * [13:0]
|--TEXT ->   [13:1]
|--HTML_ELEMENT -> HTML_ELEMENT [13:2]
|   `--THEAD -> THEAD [13:2]
|       |--THEAD_TAG_START -> THEAD_TAG_START [13:2]
|       |   |--START -> < [13:2]
|       |   |--THEAD_HTML_TAG_NAME -> thead [13:3]
|       |   `--END -> > [13:8]
|       |--TEXT ->   [13:9]
|       |--SINGLETON_ELEMENT -> SINGLETON_ELEMENT [13:10]
|       |   `--KEYGEN_TAG -> KEYGEN_TAG [13:10]
|       |       |--START -> < [13:10]
|       |       |--KEYGEN_HTML_TAG_NAME -> keygen [13:11]
|       |       `--END -> > [13:17]
|       |--TEXT ->   [13:18]
|       `--THEAD_TAG_END -> THEAD_TAG_END [13:19]
|           |--START -> < [13:19]
|           |--SLASH -> / [13:20]
|           |--THEAD_HTML_TAG_NAME -> thead [13:21]
|           `--END -> > [13:26]
|--NEWLINE -> \n [13:27]
|--LEADING_ASTERISK -> * [14:0]
|--TEXT ->   [14:1]
|--HTML_ELEMENT -> HTML_ELEMENT [14:2]
|   `--TFOOT -> TFOOT [14:2]
|       |--TFOOT_TAG_START -> TFOOT_TAG_START [14:2]
|       |   |--START -> < [14:2]
|       |   |--TFOOT_HTML_TAG_NAME -> tfoot [14:3]
|       |   `--END -> > [14:8]
|       |--TEXT ->   [14:9]
|       |--SINGLETON_ELEMENT -> SINGLETON_ELEMENT [14:10]
|       |   `--KEYGEN_TAG -> KEYGEN_TAG [14:10]
|       |       |--START -> < [14:10]
|       |       |--KEYGEN_HTML_TAG_NAME -> keygen [14:11]
|       |       `--END -> > [14:17]
|       |--TEXT ->   [14:18]
|       `--TFOOT_TAG_END -> TFOOT_TAG_END [14:19]
|           |--START -> < [14:19]
|           |--SLASH -> / [14:20]
|           |--TFOOT_HTML_TAG_NAME -> tfoot [14:21]
|           `--END -> > [14:26]
|--NEWLINE -> \n [14:27]
|--NEWLINE -> \n [15:0]
|--LEADING_ASTERISK -> * [16:0]
|--TEXT ->   [16:1]
|--HTML_ELEMENT -> HTML_ELEMENT [16:2]
|   `--PARAGRAPH -> PARAGRAPH [16:2]
|       |--P_TAG_START -> P_TAG_START [16:2]
|       |   |--START -> < [16:2]
|       |   |--P_HTML_TAG_NAME -> p [16:3]
|       |   `--END -> > [16:4]
|       |--TEXT ->   [16:5]
|       |--SINGLETON_ELEMENT -> SINGLETON_ELEMENT [16:6]
|       |   `--KEYGEN_TAG -> KEYGEN_TAG [16:6]
|       |       |--START -> < [16:6]
|       |       |--KEYGEN_HTML_TAG_NAME -> keygen [16:7]
|       |       `--SLASH_END -> /> [16:13]
|       |--TEXT ->   [16:15]
|       `--P_TAG_END -> P_TAG_END [16:16]
|           |--START -> < [16:16]
|           |--SLASH -> / [16:17]
|           |--P_HTML_TAG_NAME -> p [16:18]
|           `--END -> > [16:19]
|--NEWLINE -> \n [16:20]
|--LEADING_ASTERISK -> * [17:0]
|--TEXT ->   [17:1]
|--HTML_ELEMENT -> HTML_ELEMENT [17:2]
|   `--LI -> LI [17:2]
|       |--LI_TAG_START -> LI_TAG_START [17:2]
|       |   |--START -> < [17:2]
|       |   |--LI_HTML_TAG_NAME -> li [17:3]
|       |   `--END -> > [17:5]
|       |--TEXT ->   [17:6]
|       |--SINGLETON_ELEMENT -> SINGLETON_ELEMENT [17:7]
|       |   `--KEYGEN_TAG -> KEYGEN_TAG [17:7]
|       |       |--START -> < [17:7]
|       |       |--KEYGEN_HTML_TAG_NAME -> keygen [17:8]
|       |       `--SLASH_END -> /> [17:14]
|       |--TEXT ->   [17:16]
|       `--LI_TAG_END -> LI_TAG_END [17:17]
|           |--START -> < [17:17]
|           |--SLASH -> / [17:18]
|           |--LI_HTML_TAG_NAME -> li [17:19]
|           `--END -> > [17:21]
|--NEWLINE -> \n [17:22]
|--LEADING_ASTERISK -> * [18:0]
|--TEXT ->   [18:1]
|--HTML_ELEMENT -> HTML_ELEMENT [18:2]
|   `--TR -> TR [18:2]
|       |--TR_TAG_START -> TR_TAG_START [18:2]
|       |   |--START -> < [18:2]
|       |   |--TR_HTML_TAG_NAME -> tr [18:3]
|       |   `--END -> > [18:5]
|       |--TEXT ->   [18:6]
|       |--SINGLETON_ELEMENT -> SINGLETON_ELEMENT [18:7]
|       |   `--KEYGEN_TAG -> KEYGEN_TAG [18:7]
|       |       |--START -> < [18:7]
|       |       |--KEYGEN_HTML_TAG_NAME -> keygen [18:8]
|       |       `--SLASH_END -> /> [18:14]
|       |--TEXT ->   [18:16]
|       `--TR_TAG_END -> TR_TAG_END [18:17]
|           |--START -> < [18:17]
|           |--SLASH -> / [18:18]
|           |--TR_HTML_TAG_NAME -> tr [18:19]
|           `--END -> > [18:21]
|--NEWLINE -> \n [18:22]
|--LEADING_ASTERISK -> * [19:0]
|--TEXT ->   [19:1]
|--HTML_ELEMENT -> HTML_ELEMENT [19:2]
|   `--TD -> TD [19:2]
|       |--TD_TAG_START -> TD_TAG_START [19:2]
|       |   |--START -> < [19:2]
|       |   |--TD_HTML_TAG_NAME -> td [19:3]
|       |   `--END -> > [19:5]
|       |--TEXT ->   [19:6]
|       |--SINGLETON_ELEMENT -> SINGLETON_ELEMENT [19:7]
|       |   `--KEYGEN_TAG -> KEYGEN_TAG [19:7]
|       |       |--START -> < [19:7]
|       |       |--KEYGEN_HTML_TAG_NAME -> keygen [19:8]
|       |       `--SLASH_END -> /> [19:14]
|       |--TEXT ->   [19:16]
|       `--TD_TAG_END -> TD_TAG_END [19:17]
|           |--START -> < [19:17]
|           |--SLASH -> / [19:18]
|           |--TD_HTML_TAG_NAME -> td [19:19]
|           `--END -> > [19:21]
|--NEWLINE -> \n [19:22]
|--LEADING_ASTERISK -> * [20:0]
|--TEXT ->   [20:1]
|--HTML_ELEMENT -> HTML_ELEMENT [20:2]
|   `--TH -> TH [20:2]
|       |--TH_TAG_START -> TH_TAG_START [20:2]
|       |   |--START -> < [20:2]
|       |   |--TH_HTML_TAG_NAME -> th [20:3]
|       |   `--END -> > [20:5]
|       |--TEXT ->   [20:6]
|       |--SINGLETON_ELEMENT -> SINGLETON_ELEMENT [20:7]
|       |   `--KEYGEN_TAG -> KEYGEN_TAG [20:7]
|       |       |--START -> < [20:7]
|       |       |--KEYGEN_HTML_TAG_NAME -> keygen [20:8]
|       |       `--SLASH_END -> /> [20:14]
|       |--TEXT ->   [20:16]
|       `--TH_TAG_END -> TH_TAG_END [20:17]
|           |--START -> < [20:17]
|           |--SLASH -> / [20:18]
|           |--TH_HTML_TAG_NAME -> th [20:19]
|           `--END -> > [20:21]
|--NEWLINE -> \n [20:22]
|--LEADING_ASTERISK -> * [21:0]
|--TEXT ->   [21:1]
|--HTML_ELEMENT -> HTML_ELEMENT [21:2]
|   `--BODY -> BODY [21:2]
|       |--BODY_TAG_START -> BODY_TAG_START [21:2]
|       |   |--START -> < [21:2]
|       |   |--BODY_HTML_TAG_NAME -> body [21:3]
|       |   `--END -> > [21:7]
|       |--TEXT ->   [21:8]
|       |--SINGLETON_ELEMENT -> SINGLETON_ELEMENT [21:9]
|       |   `--KEYGEN_TAG -> KEYGEN_TAG [21:9]
|       |       |--START -> < [21:9]
|       |       |--KEYGEN_HTML_TAG_NAME -> keygen [21:10]
|       |       `--SLASH_END -> /> [21:16]
|       |--TEXT ->   [21:18]
|       `--BODY_TAG_END -> BODY_TAG_END [21:19]
|           |--START -> < [21:19]
|           |--SLASH -> / [21:20]
|           |--BODY_HTML_TAG_NAME -> body [21:21]
|           `--END -> > [21:25]
|--NEWLINE -> \n [21:26]
|--LEADING_ASTERISK -> * [22:0]
|--TEXT ->   [22:1]
|--HTML_ELEMENT -> HTML_ELEMENT [22:2]
|   `--COLGROUP -> COLGROUP [22:2]
|       |--COLGROUP_TAG_START -> COLGROUP_TAG_START [22:2]
|       |   |--START -> < [22:2]
|       |   |--COLGROUP_HTML_TAG_NAME -> colgroup [22:3]
|       |   `--END -> > [22:11]
|       |--TEXT ->   [22:12]
|       |--SINGLETON_ELEMENT -> SINGLETON_ELEMENT [22:13]
|       |   `--KEYGEN_TAG -> KEYGEN_TAG [22:13]
|       |       |--START -> < [22:13]
|       |       |--KEYGEN_HTML_TAG_NAME -> keygen [22:14]
|       |       `--SLASH_END -> /> [22:20]
|       |--TEXT ->   [22:22]
|       `--COLGROUP_TAG_END -> COLGROUP_TAG_END [22:23]
|           |--START -> < [22:23]
|           |--SLASH -> / [22:24]
|           |--COLGROUP_HTML_TAG_NAME -> colgroup [22:25]
|           `--END -> > [22:33]
|--NEWLINE -> \n [22:34]
|--LEADING_ASTERISK -> * [23:0]
|--TEXT ->   [23:1]
|--HTML_ELEMENT -> HTML_ELEMENT [23:2]
|   `--DD -> DD [23:2]
|       |--DD_TAG_START -> DD_TAG_START [23:2]
|       |   |--START -> < [23:2]
|       |   |--DD_HTML_TAG_NAME -> dd [23:3]
|       |   `--END -> > [23:5]
|       |--TEXT ->   [23:6]
|       |--SINGLETON_ELEMENT -> SINGLETON_ELEMENT [23:7]
|       |   `--KEYGEN_TAG -> KEYGEN_TAG [23:7]
|       |       |--START -> < [23:7]
|       |       |--KEYGEN_HTML_TAG_NAME -> keygen [23:8]
|       |       `--SLASH_END -> /> [23:14]
|       |--TEXT ->   [23:16]
|       `--DD_TAG_END -> DD_TAG_END [23:17]
|           |--START -> < [23:17]
|           |--SLASH -> / [23:18]
|           |--DD_HTML_TAG_NAME -> dd [23:19]
|           `--END -> > [23:21]
|--NEWLINE -> \n [23:22]
|--LEADING_ASTERISK -> * [24:0]
|--TEXT ->   [24:1]
|--HTML_ELEMENT -> HTML_ELEMENT [24:2]
|   `--DT -> DT [24:2]
|       |--DT_TAG_START -> DT_TAG_START [24:2]
|       |   |--START -> < [24:2]
|       |   |--DT_HTML_TAG_NAME -> dt [24:3]
|       |   `--END -> > [24:5]
|       |--TEXT ->   [24:6]
|       |--SINGLETON_ELEMENT -> SINGLETON_ELEMENT [24:7]
|       |   `--KEYGEN_TAG -> KEYGEN_TAG [24:7]
|       |       |--START -> < [24:7]
|       |       |--KEYGEN_HTML_TAG_NAME -> keygen [24:8]
|       |       `--SLASH_END -> /> [24:14]
|       |--TEXT ->   [24:16]
|       `--DT_TAG_END -> DT_TAG_END [24:17]
|           |--START -> < [24:17]
|           |--SLASH -> / [24:18]
|           |--DT_HTML_TAG_NAME -> dt [24:19]
|           `--END -> > [24:21]
|--NEWLINE -> \n [24:22]
|--LEADING_ASTERISK -> * [25:0]
|--TEXT ->   [25:1]
|--HTML_ELEMENT -> HTML_ELEMENT [25:2]
|   `--HEAD -> HEAD [25:2]
|       |--HEAD_TAG_START -> HEAD_TAG_START [25:2]
|       |   |--START -> < [25:2]
|       |   |--HEAD_HTML_TAG_NAME -> head [25:3]
|       |   `--END -> > [25:7]
|       |--TEXT ->   [25:8]
|       |--SINGLETON_ELEMENT -> SINGLETON_ELEMENT [25:9]
|       |   `--KEYGEN_TAG -> KEYGEN_TAG [25:9]
|       |       |--START -> < [25:9]
|       |       |--KEYGEN_HTML_TAG_NAME -> keygen [25:10]
|       |       `--SLASH_END -> /> [25:16]
|       |--TEXT ->   [25:18]
|       `--HEAD_TAG_END -> HEAD_TAG_END [25:19]
|           |--START -> < [25:19]
|           |--SLASH -> / [25:20]
|           |--HEAD_HTML_TAG_NAME -> head [25:21]
|           `--END -> > [25:25]
|--NEWLINE -> \n [25:26]
|--LEADING_ASTERISK -> * [26:0]
|--TEXT ->   [26:1]
|--HTML_ELEMENT -> HTML_ELEMENT [26:2]
|   `--HTML -> HTML [26:2]
|       |--HTML_TAG_START -> HTML_TAG_START [26:2]
|       |   |--START -> < [26:2]
|       |   |--HTML_HTML_TAG_NAME -> html [26:3]
|       |   `--END -> > [26:7]
|       |--TEXT ->   [26:8]
|       |--SINGLETON_ELEMENT -> SINGLETON_ELEMENT [26:9]
|       |   `--KEYGEN_TAG -> KEYGEN_TAG [26:9]
|       |       |--START -> < [26:9]
|       |       |--KEYGEN_HTML_TAG_NAME -> keygen [26:10]
|       |       `--SLASH_END -> /> [26:16]
|       |--TEXT ->   [26:18]
|       `--HTML_TAG_END -> HTML_TAG_END [26:19]
|           |--START -> < [26:19]
|           |--SLASH -> / [26:20]
|           |--HTML_HTML_TAG_NAME -> html [26:21]
|           `--END -> > [26:25]
|--NEWLINE -> \n [26:26]
|--LEADING_ASTERISK -> * [27:0]
|--TEXT ->   [27:1]
|--HTML_ELEMENT -> HTML_ELEMENT [27:2]
|   `--OPTION -> OPTION [27:2]
|       |--OPTION_TAG_START -> OPTION_TAG_START [27:2]
|       |   |--START -> < [27:2]
|       |   |--OPTION_HTML_TAG_NAME -> option [27:3]
|       |   `--END -> > [27:9]
|       |--TEXT ->   [27:10]
|       |--SINGLETON_ELEMENT -> SINGLETON_ELEMENT [27:11]
|       |   `--KEYGEN_TAG -> KEYGEN_TAG [27:11]
|       |       |--START -> < [27:11]
|       |       |--KEYGEN_HTML_TAG_NAME -> keygen [27:12]
|       |       `--SLASH_END -> /> [27:18]
|       |--TEXT ->   [27:20]
|       `--OPTION_TAG_END -> OPTION_TAG_END [27:21]
|           |--START -> < [27:21]
|           |--SLASH -> / [27:22]
|           |--OPTION_HTML_TAG_NAME -> option [27:23]
|           `--END -> > [27:29]
|--NEWLINE -> \n [27:30]
|--LEADING_ASTERISK -> * [28:0]
|--TEXT ->   [28:1]
|--HTML_ELEMENT -> HTML_ELEMENT [28:2]
|   `--TBODY -> TBODY [28:2]
|       |--TBODY_TAG_START -> TBODY_TAG_START [28:2]
|       |   |--START -> < [28:2]
|       |   |--TBODY_HTML_TAG_NAME -> tbody [28:3]
|       |   `--END -> > [28:8]
|       |--TEXT ->   [28:9]
|       |--SINGLETON_ELEMENT -> SINGLETON_ELEMENT [28:10]
|       |   `--KEYGEN_TAG -> KEYGEN_TAG [28:10]
|       |       |--START -> < [28:10]
|       |       |--KEYGEN_HTML_TAG_NAME -> keygen [28:11]
|       |       `--SLASH_END -> /> [28:17]
|       |--TEXT ->   [28:19]
|       `--TBODY_TAG_END -> TBODY_TAG_END [28:20]
|           |--START -> < [28:20]
|           |--SLASH -> / [28:21]
|           |--TBODY_HTML_TAG_NAME -> tbody [28:22]
|           `--END -> > [28:27]
|--NEWLINE -> \n [28:28]
|--LEADING_ASTERISK -> * [29:0]
|--TEXT ->   [29:1]
|--HTML_ELEMENT -> HTML_ELEMENT [29:2]
|   `--THEAD -> THEAD [29:2]
|       |--THEAD_TAG_START -> THEAD_TAG_START [29:2]
|       |   |--START -> < [29:2]
|       |   |--THEAD_HTML_TAG_NAME -> thead [29:3]
|       |   `--END -> > [29:8]
|       |--TEXT ->   [29:9]
|       |--SINGLETON_ELEMENT -> SINGLETON_ELEMENT [29:10]
|       |   `--KEYGEN_TAG -> KEYGEN_TAG [29:10]
|       |       |--START -> < [29:10]
|       |       |--KEYGEN_HTML_TAG_NAME -> keygen [29:11]
|       |       `--SLASH_END -> /> [29:17]
|       |--TEXT ->   [29:19]
|       `--THEAD_TAG_END -> THEAD_TAG_END [29:20]
|           |--START -> < [29:20]
|           |--SLASH -> / [29:21]
|           |--THEAD_HTML_TAG_NAME -> thead [29:22]
|           `--END -> > [29:27]
|--NEWLINE -> \n [29:28]
|--LEADING_ASTERISK -> * [30:0]
|--TEXT ->   [30:1]
|--HTML_ELEMENT -> HTML_ELEMENT [30:2]
|   `--TFOOT -> TFOOT [30:2]
|       |--TFOOT_TAG_START -> TFOOT_TAG_START [30:2]
|       |   |--START -> < [30:2]
|       |   |--TFOOT_HTML_TAG_NAME -> tfoot [30:3]
|       |   `--END -> > [30:8]
|       |--TEXT ->   [30:9]
|       |--SINGLETON_ELEMENT -> SINGLETON_ELEMENT [30:10]
|       |   `--KEYGEN_TAG -> KEYGEN_TAG [30:10]
|       |       |--START -> < [30:10]
|       |       |--KEYGEN_HTML_TAG_NAME -> keygen [30:11]
|       |       `--SLASH_END -> /> [30:17]
|       |--TEXT ->   [30:19]
|       `--TFOOT_TAG_END -> TFOOT_TAG_END [30:20]
|           |--START -> < [30:20]
|           |--SLASH -> / [30:21]
|           |--TFOOT_HTML_TAG_NAME -> tfoot [30:22]
|           `--END -> > [30:27]
|--NEWLINE -> \n [30:28]
|--NEWLINE -> \n [31:0]
|--LEADING_ASTERISK -> * [32:0]
|--TEXT ->   [32:1]
|--HTML_ELEMENT -> HTML_ELEMENT [32:2]
|   `--SINGLETON_ELEMENT -> SINGLETON_ELEMENT [32:2]
|       `--KEYGEN_TAG -> KEYGEN_TAG [32:2]
|           |--START -> < [32:2]
|           |--KEYGEN_HTML_TAG_NAME -> keygen [32:3]
|           `--END -> > [32:9]
|--NEWLINE -> \n [32:10]
|--LEADING_ASTERISK -> * [33:0]
|--TEXT ->   [33:1]
|--HTML_ELEMENT -> HTML_ELEMENT [33:2]
|   `--SINGLETON_ELEMENT -> SINGLETON_ELEMENT [33:2]
|       `--KEYGEN_TAG -> KEYGEN_TAG [33:2]
|           |--START -> < [33:2]
|           |--KEYGEN_HTML_TAG_NAME -> keygen [33:3]
|           `--SLASH_END -> /> [33:9]
|--NEWLINE -> \n [33:11]
|--LEADING_ASTERISK -> * [34:0]
|--TEXT ->   [34:1]
|--HTML_ELEMENT -> HTML_ELEMENT [34:2]
|   `--SINGLETON_ELEMENT -> SINGLETON_ELEMENT [34:2]
|       `--KEYGEN_TAG -> KEYGEN_TAG [34:2]
|           |--START -> < [34:2]
|           |--KEYGEN_HTML_TAG_NAME -> keygen [34:3]
|           |--WS ->   [34:9]
|           |--ATTRIBUTE -> ATTRIBUTE [34:10]
|           |   |--HTML_TAG_NAME -> attr [34:10]
|           |   |--EQUALS -> = [34:14]
|           |   `--ATTR_VALUE -> "something" [34:15]
|           `--END -> > [34:27]
|--NEWLINE -> \n [34:28]
|--LEADING_ASTERISK -> * [35:0]
|--TEXT ->   [35:1]
|--HTML_ELEMENT -> HTML_ELEMENT [35:2]
|   `--SINGLETON_ELEMENT -> SINGLETON_ELEMENT [35:2]
|       `--KEYGEN_TAG -> KEYGEN_TAG [35:2]
|           |--START -> < [35:2]
|           |--KEYGEN_HTML_TAG_NAME -> keygen [35:3]
|           |--WS ->   [35:9]
|           |--ATTRIBUTE -> ATTRIBUTE [35:10]
|           |   |--HTML_TAG_NAME -> attr [35:10]
|           |   |--EQUALS -> = [35:14]
|           |   `--ATTR_VALUE -> "something" [35:15]
|           `--SLASH_END -> /> [35:27]
|--NEWLINE -> \n [35:29]
|--LEADING_ASTERISK -> * [36:0]
|--TEXT ->   [36:1]
|--HTML_ELEMENT -> HTML_ELEMENT [36:2]
|   `--SINGLETON_ELEMENT -> SINGLETON_ELEMENT [36:2]
|       `--KEYGEN_TAG -> KEYGEN_TAG [36:2]
|           |--START -> < [36:2]
|           |--KEYGEN_HTML_TAG_NAME -> keygen [36:3]
|           |--WS ->   [36:9]
|           |--ATTRIBUTE -> ATTRIBUTE [36:10]
|           |   |--HTML_TAG_NAME -> attr [36:10]
|           |   |--EQUALS -> = [36:14]
|           |   `--ATTR_VALUE -> "something" [36:15]
|           |--WS ->   [36:27]
|           |--ATTRIBUTE -> ATTRIBUTE [36:28]
|           |   |--HTML_TAG_NAME -> attr2 [36:28]
|           |   |--EQUALS -> = [36:33]
|           |   `--ATTR_VALUE -> "someotherthing" [36:34]
|           `--END -> > [36:51]
|--NEWLINE -> \n [36:52]
|--LEADING_ASTERISK -> * [37:0]
|--TEXT ->   [37:1]
|--HTML_ELEMENT -> HTML_ELEMENT [37:2]
|   `--SINGLETON_ELEMENT -> SINGLETON_ELEMENT [37:2]
|       `--KEYGEN_TAG -> KEYGEN_TAG [37:2]
|           |--START -> < [37:2]
|           |--KEYGEN_HTML_TAG_NAME -> keygen [37:3]
|           |--WS ->   [37:9]
|           |--ATTRIBUTE -> ATTRIBUTE [37:10]
|           |   |--HTML_TAG_NAME -> attr [37:10]
|           |   |--EQUALS -> = [37:14]
|           |   `--ATTR_VALUE -> "something" [37:15]
|           |--WS ->   [37:27]
|           |--ATTRIBUTE -> ATTRIBUTE [37:28]
|           |   |--HTML_TAG_NAME -> attr2 [37:28]
|           |   |--EQUALS -> = [37:33]
|           |   `--ATTR_VALUE -> "someotherthing" [37:34]
|           `--SLASH_END -> /> [37:51]
|--NEWLINE -> \n [37:53]
|--LEADING_ASTERISK -> * [38:0]
|--TEXT ->   [38:1]
|--HTML_ELEMENT -> HTML_ELEMENT [38:2]
|   `--SINGLETON_ELEMENT -> SINGLETON_ELEMENT [38:2]
|       `--KEYGEN_TAG -> KEYGEN_TAG [38:2]
|           |--START -> < [38:2]
|           |--KEYGEN_HTML_TAG_NAME -> keygen [38:3]
|           |--WS ->   [38:9]
|           |--ATTRIBUTE -> ATTRIBUTE [38:10]
|           |   |--HTML_TAG_NAME -> attr [38:10]
|           |   |--EQUALS -> = [38:14]
|           |   `--ATTR_VALUE -> "something" [38:15]
|           |--WS ->   [38:27]
|           |--NEWLINE -> \n [38:28]
|           |--LEADING_ASTERISK -> * [39:0]
|           |--WS ->   [39:1]
|           |--ATTRIBUTE -> ATTRIBUTE [39:2]
|           |   |--HTML_TAG_NAME -> attr2 [39:2]
|           |   |--EQUALS -> = [39:7]
|           |   `--ATTR_VALUE -> "someotherting" [39:8]
|           `--END -> > [39:24]
|--NEWLINE -> \n [39:25]
|--LEADING_ASTERISK -> * [40:0]
|--TEXT ->   [40:1]
|--HTML_ELEMENT -> HTML_ELEMENT [40:2]
|   `--SINGLETON_ELEMENT -> SINGLETON_ELEMENT [40:2]
|       `--KEYGEN_TAG -> KEYGEN_TAG [40:2]
|           |--START -> < [40:2]
|           |--KEYGEN_HTML_TAG_NAME -> keygen [40:3]
|           |--WS ->   [40:9]
|           |--ATTRIBUTE -> ATTRIBUTE [40:10]
|           |   |--HTML_TAG_NAME -> attr [40:10]
|           |   |--EQUALS -> = [40:14]
|           |   `--ATTR_VALUE -> "something" [40:15]
|           |--WS ->   [40:27]
|           |--NEWLINE -> \n [40:28]
|           |--LEADING_ASTERISK -> * [41:0]
|           |--WS ->   [41:1]
|           |--ATTRIBUTE -> ATTRIBUTE [41:2]
|           |   |--HTML_TAG_NAME -> attr2 [41:2]
|           |   |--EQUALS -> = [41:7]
|           |   `--ATTR_VALUE -> "someotherting" [41:8]
|           `--SLASH_END -> /> [41:24]
`--EOF -> <EOF> [41:26]]
>
	at com.puppycrawl.tools.checkstyle.grammar.javadoc.JavadocParseTreeTest.testHtmlVoidElementKeygen(JavadocParseTreeTest.java:290)
]]></failure>
  </testcase>
  <testcase name="paramWithGeneric" classname="com.puppycrawl.tools.checkstyle.grammar.javadoc.JavadocParseTreeTest" time="0">
    <failure message="Generated tree from the javadoc file should match the pre-defined tree expected:&lt;...DOC -&gt; JAVADOC [0:0][&#10;|--JAVADOC_TAG -&gt; JAVADOC_TAG [0:0]&#10;|   |--PARAM_LITERAL -&gt; @param [0:0]&#10;|   |--WS -&gt;   [0:6]&#10;|   |--PARAMETER_NAME -&gt; &lt;E&gt; [0:7]&#10;|   |--WS -&gt;   [0:10]&#10;|   `--DESCRIPTION -&gt; DESCRIPTION [0:11]&#10;|       `--TEXT -&gt; my favorite type [0:11]&#10;`--EOF -&gt; &lt;EOF&gt; [0:27]]&#10;&gt; but was:&lt;...DOC -&gt; JAVADOC [0:0][&#10;|--JAVADOC_TAG -&gt; JAVADOC_TAG [0:0]&#10;|   |--PARAM_LITERAL -&gt; @param [0:0]&#10;|   |--WS -&gt;   [0:6]&#10;|   |--PARAMETER_NAME -&gt; &lt;E&gt; [0:7]&#10;|   |--WS -&gt;   [0:10]&#10;|   `--DESCRIPTION -&gt; DESCRIPTION [0:11]&#10;|       `--TEXT -&gt; my favorite type [0:11]&#10;`--EOF -&gt; &lt;EOF&gt; [0:27]&#13;]&#10;&gt;" type="org.junit.ComparisonFailure"><![CDATA[org.junit.ComparisonFailure: 
Generated tree from the javadoc file should match the pre-defined tree expected:<...DOC -> JAVADOC [0:0][
|--JAVADOC_TAG -> JAVADOC_TAG [0:0]
|   |--PARAM_LITERAL -> @param [0:0]
|   |--WS ->   [0:6]
|   |--PARAMETER_NAME -> <E> [0:7]
|   |--WS ->   [0:10]
|   `--DESCRIPTION -> DESCRIPTION [0:11]
|       `--TEXT -> my favorite type [0:11]
`--EOF -> <EOF> [0:27]]
> but was:<...DOC -> JAVADOC [0:0][
|--JAVADOC_TAG -> JAVADOC_TAG [0:0]
|   |--PARAM_LITERAL -> @param [0:0]
|   |--WS ->   [0:6]
|   |--PARAMETER_NAME -> <E> [0:7]
|   |--WS ->   [0:10]
|   `--DESCRIPTION -> DESCRIPTION [0:11]
|       `--TEXT -> my favorite type [0:11]
`--EOF -> <EOF> [0:27]]
>
	at com.puppycrawl.tools.checkstyle.grammar.javadoc.JavadocParseTreeTest.paramWithGeneric(JavadocParseTreeTest.java:104)
]]></failure>
  </testcase>
  <testcase name="javadocTagDescriptionWithInlineTags" classname="com.puppycrawl.tools.checkstyle.grammar.javadoc.JavadocParseTreeTest" time="0">
    <failure message="Generated tree from the javadoc file should match the pre-defined tree expected:&lt;...DOC -&gt; JAVADOC [0:0][&#10;|--JAVADOC_TAG -&gt; JAVADOC_TAG [0:0]&#10;|   |--DEPRECATED_LITERAL -&gt; @deprecated [0:0]&#10;|   |--WS -&gt;   [0:11]&#10;|   `--DESCRIPTION -&gt; DESCRIPTION [0:12]&#10;|       |--TEXT -&gt; use  [0:12]&#10;|       |--JAVADOC_INLINE_TAG -&gt; JAVADOC_INLINE_TAG [0:16]&#10;|       |   |--JAVADOC_INLINE_TAG_START -&gt; { [0:16]&#10;|       |   |--LINK_LITERAL -&gt; @link [0:17]&#10;|       |   |--WS -&gt;   [0:22]&#10;|       |   |--REFERENCE -&gt; REFERENCE [0:23]&#10;|       |   |   `--PACKAGE_CLASS -&gt; java.lang.Integer [0:23]&#10;|       |   |--WS -&gt;   [0:40]&#10;|       |   |--DESCRIPTION -&gt; DESCRIPTION [0:41]&#10;|       |   |   |--TEXT -&gt; Integer [0:41]&#10;|       |   |   `--JAVADOC_INLINE_TAG -&gt; JAVADOC_INLINE_TAG [0:48]&#10;|       |   |       |--JAVADOC_INLINE_TAG_START -&gt; { [0:48]&#10;|       |   |       |--CODE_LITERAL -&gt; @code [0:49]&#10;|       |   |       |--WS -&gt;   [0:54]&#10;|       |   |       |--TEXT -&gt; &lt;a&gt;Wat&lt;/a&gt; [0:55]&#10;|       |   |       `--JAVADOC_INLINE_TAG_END -&gt; } [0:66]&#10;|       |   `--JAVADOC_INLINE_TAG_END -&gt; } [0:67]&#10;|       `--TEXT -&gt;  instead [0:68]&#10;`--EOF -&gt; &lt;EOF&gt; [0:76]]&#10;&gt; but was:&lt;...DOC -&gt; JAVADOC [0:0][&#10;|--JAVADOC_TAG -&gt; JAVADOC_TAG [0:0]&#10;|   |--DEPRECATED_LITERAL -&gt; @deprecated [0:0]&#10;|   |--WS -&gt;   [0:11]&#10;|   `--DESCRIPTION -&gt; DESCRIPTION [0:12]&#10;|       |--TEXT -&gt; use  [0:12]&#10;|       |--JAVADOC_INLINE_TAG -&gt; JAVADOC_INLINE_TAG [0:16]&#10;|       |   |--JAVADOC_INLINE_TAG_START -&gt; { [0:16]&#10;|       |   |--LINK_LITERAL -&gt; @link [0:17]&#10;|       |   |--WS -&gt;   [0:22]&#10;|       |   |--REFERENCE -&gt; REFERENCE [0:23]&#10;|       |   |   `--PACKAGE_CLASS -&gt; java.lang.Integer [0:23]&#10;|       |   |--WS -&gt;   [0:40]&#10;|       |   |--DESCRIPTION -&gt; DESCRIPTION [0:41]&#10;|       |   |   |--TEXT -&gt; Integer [0:41]&#10;|       |   |   `--JAVADOC_INLINE_TAG -&gt; JAVADOC_INLINE_TAG [0:48]&#10;|       |   |       |--JAVADOC_INLINE_TAG_START -&gt; { [0:48]&#10;|       |   |       |--CODE_LITERAL -&gt; @code [0:49]&#10;|       |   |       |--WS -&gt;   [0:54]&#10;|       |   |       |--TEXT -&gt; &lt;a&gt;Wat&lt;/a&gt; [0:55]&#10;|       |   |       `--JAVADOC_INLINE_TAG_END -&gt; } [0:66]&#10;|       |   `--JAVADOC_INLINE_TAG_END -&gt; } [0:67]&#10;|       `--TEXT -&gt;  instead [0:68]&#10;`--EOF -&gt; &lt;EOF&gt; [0:76]&#13;]&#10;&gt;" type="org.junit.ComparisonFailure"><![CDATA[org.junit.ComparisonFailure: 
Generated tree from the javadoc file should match the pre-defined tree expected:<...DOC -> JAVADOC [0:0][
|--JAVADOC_TAG -> JAVADOC_TAG [0:0]
|   |--DEPRECATED_LITERAL -> @deprecated [0:0]
|   |--WS ->   [0:11]
|   `--DESCRIPTION -> DESCRIPTION [0:12]
|       |--TEXT -> use  [0:12]
|       |--JAVADOC_INLINE_TAG -> JAVADOC_INLINE_TAG [0:16]
|       |   |--JAVADOC_INLINE_TAG_START -> { [0:16]
|       |   |--LINK_LITERAL -> @link [0:17]
|       |   |--WS ->   [0:22]
|       |   |--REFERENCE -> REFERENCE [0:23]
|       |   |   `--PACKAGE_CLASS -> java.lang.Integer [0:23]
|       |   |--WS ->   [0:40]
|       |   |--DESCRIPTION -> DESCRIPTION [0:41]
|       |   |   |--TEXT -> Integer [0:41]
|       |   |   `--JAVADOC_INLINE_TAG -> JAVADOC_INLINE_TAG [0:48]
|       |   |       |--JAVADOC_INLINE_TAG_START -> { [0:48]
|       |   |       |--CODE_LITERAL -> @code [0:49]
|       |   |       |--WS ->   [0:54]
|       |   |       |--TEXT -> <a>Wat</a> [0:55]
|       |   |       `--JAVADOC_INLINE_TAG_END -> } [0:66]
|       |   `--JAVADOC_INLINE_TAG_END -> } [0:67]
|       `--TEXT ->  instead [0:68]
`--EOF -> <EOF> [0:76]]
> but was:<...DOC -> JAVADOC [0:0][
|--JAVADOC_TAG -> JAVADOC_TAG [0:0]
|   |--DEPRECATED_LITERAL -> @deprecated [0:0]
|   |--WS ->   [0:11]
|   `--DESCRIPTION -> DESCRIPTION [0:12]
|       |--TEXT -> use  [0:12]
|       |--JAVADOC_INLINE_TAG -> JAVADOC_INLINE_TAG [0:16]
|       |   |--JAVADOC_INLINE_TAG_START -> { [0:16]
|       |   |--LINK_LITERAL -> @link [0:17]
|       |   |--WS ->   [0:22]
|       |   |--REFERENCE -> REFERENCE [0:23]
|       |   |   `--PACKAGE_CLASS -> java.lang.Integer [0:23]
|       |   |--WS ->   [0:40]
|       |   |--DESCRIPTION -> DESCRIPTION [0:41]
|       |   |   |--TEXT -> Integer [0:41]
|       |   |   `--JAVADOC_INLINE_TAG -> JAVADOC_INLINE_TAG [0:48]
|       |   |       |--JAVADOC_INLINE_TAG_START -> { [0:48]
|       |   |       |--CODE_LITERAL -> @code [0:49]
|       |   |       |--WS ->   [0:54]
|       |   |       |--TEXT -> <a>Wat</a> [0:55]
|       |   |       `--JAVADOC_INLINE_TAG_END -> } [0:66]
|       |   `--JAVADOC_INLINE_TAG_END -> } [0:67]
|       `--TEXT ->  instead [0:68]
`--EOF -> <EOF> [0:76]]
>
	at com.puppycrawl.tools.checkstyle.grammar.javadoc.JavadocParseTreeTest.javadocTagDescriptionWithInlineTags(JavadocParseTreeTest.java:68)
]]></failure>
  </testcase>
  <testcase name="dotCharacterInCustomTags" classname="com.puppycrawl.tools.checkstyle.grammar.javadoc.JavadocParseTreeTest" time="0">
    <failure message="Generated tree from the javadoc file should match the pre-defined tree expected:&lt;...DOC -&gt; JAVADOC [0:0][&#10;|--JAVADOC_TAG -&gt; JAVADOC_TAG [0:0]&#10;|   |--CUSTOM_NAME -&gt; @ejb:bean [0:0]&#10;|   `--NEWLINE -&gt; \n [0:9]&#10;|--JAVADOC_TAG -&gt; JAVADOC_TAG [1:0]&#10;|   |--CUSTOM_NAME -&gt; @hibernate.property [1:0]&#10;|   |--WS -&gt;   [1:19]&#10;|   `--DESCRIPTION -&gt; DESCRIPTION [1:20]&#10;|       |--TEXT -&gt; myproperty [1:20]&#10;|       `--NEWLINE -&gt; \n [1:30]&#10;|--JAVADOC_TAG -&gt; JAVADOC_TAG [2:0]&#10;|   |--CUSTOM_NAME -&gt; @weblogic.cache-ref [2:0]&#10;|   `--NEWLINE -&gt; \n [2:19]&#10;|--JAVADOC_TAG -&gt; JAVADOC_TAG [3:0]&#10;|   `--CUSTOM_NAME -&gt; @my_tag [3:0]&#10;`--EOF -&gt; &lt;EOF&gt; [3:7]]&#10;&gt; but was:&lt;...DOC -&gt; JAVADOC [0:0][&#10;|--JAVADOC_TAG -&gt; JAVADOC_TAG [0:0]&#10;|   |--CUSTOM_NAME -&gt; @ejb:bean [0:0]&#10;|   `--NEWLINE -&gt; \n [0:9]&#10;|--JAVADOC_TAG -&gt; JAVADOC_TAG [1:0]&#10;|   |--CUSTOM_NAME -&gt; @hibernate.property [1:0]&#10;|   |--WS -&gt;   [1:19]&#10;|   `--DESCRIPTION -&gt; DESCRIPTION [1:20]&#10;|       |--TEXT -&gt; myproperty [1:20]&#10;|       `--NEWLINE -&gt; \n [1:30]&#10;|--JAVADOC_TAG -&gt; JAVADOC_TAG [2:0]&#10;|   |--CUSTOM_NAME -&gt; @weblogic.cache-ref [2:0]&#10;|   `--NEWLINE -&gt; \n [2:19]&#10;|--JAVADOC_TAG -&gt; JAVADOC_TAG [3:0]&#10;|   `--CUSTOM_NAME -&gt; @my_tag [3:0]&#10;`--EOF -&gt; &lt;EOF&gt; [3:7]&#13;]&#10;&gt;" type="org.junit.ComparisonFailure"><![CDATA[org.junit.ComparisonFailure: 
Generated tree from the javadoc file should match the pre-defined tree expected:<...DOC -> JAVADOC [0:0][
|--JAVADOC_TAG -> JAVADOC_TAG [0:0]
|   |--CUSTOM_NAME -> @ejb:bean [0:0]
|   `--NEWLINE -> \n [0:9]
|--JAVADOC_TAG -> JAVADOC_TAG [1:0]
|   |--CUSTOM_NAME -> @hibernate.property [1:0]
|   |--WS ->   [1:19]
|   `--DESCRIPTION -> DESCRIPTION [1:20]
|       |--TEXT -> myproperty [1:20]
|       `--NEWLINE -> \n [1:30]
|--JAVADOC_TAG -> JAVADOC_TAG [2:0]
|   |--CUSTOM_NAME -> @weblogic.cache-ref [2:0]
|   `--NEWLINE -> \n [2:19]
|--JAVADOC_TAG -> JAVADOC_TAG [3:0]
|   `--CUSTOM_NAME -> @my_tag [3:0]
`--EOF -> <EOF> [3:7]]
> but was:<...DOC -> JAVADOC [0:0][
|--JAVADOC_TAG -> JAVADOC_TAG [0:0]
|   |--CUSTOM_NAME -> @ejb:bean [0:0]
|   `--NEWLINE -> \n [0:9]
|--JAVADOC_TAG -> JAVADOC_TAG [1:0]
|   |--CUSTOM_NAME -> @hibernate.property [1:0]
|   |--WS ->   [1:19]
|   `--DESCRIPTION -> DESCRIPTION [1:20]
|       |--TEXT -> myproperty [1:20]
|       `--NEWLINE -> \n [1:30]
|--JAVADOC_TAG -> JAVADOC_TAG [2:0]
|   |--CUSTOM_NAME -> @weblogic.cache-ref [2:0]
|   `--NEWLINE -> \n [2:19]
|--JAVADOC_TAG -> JAVADOC_TAG [3:0]
|   `--CUSTOM_NAME -> @my_tag [3:0]
`--EOF -> <EOF> [3:7]]
>
	at com.puppycrawl.tools.checkstyle.grammar.javadoc.JavadocParseTreeTest.dotCharacterInCustomTags(JavadocParseTreeTest.java:182)
]]></failure>
  </testcase>
  <testcase name="testHtmlVoidElementSource" classname="com.puppycrawl.tools.checkstyle.grammar.javadoc.JavadocParseTreeTest" time="0.11">
    <failure message="Generated tree from the javadoc file should match the pre-defined tree expected:&lt;...DOC -&gt; JAVADOC [0:0][&#10;|--LEADING_ASTERISK -&gt; * [0:0]&#10;|--TEXT -&gt;   [0:1]&#10;|--HTML_ELEMENT -&gt; HTML_ELEMENT [0:2]&#10;|   `--PARAGRAPH -&gt; PARAGRAPH [0:2]&#10;|       |--P_TAG_START -&gt; P_TAG_START [0:2]&#10;|       |   |--START -&gt; &lt; [0:2]&#10;|       |   |--P_HTML_TAG_NAME -&gt; p [0:3]&#10;|       |   `--END -&gt; &gt; [0:4]&#10;|       |--TEXT -&gt;   [0:5]&#10;|       |--SINGLETON_ELEMENT -&gt; SINGLETON_ELEMENT [0:6]&#10;|       |   `--SOURCE_TAG -&gt; SOURCE_TAG [0:6]&#10;|       |       |--START -&gt; &lt; [0:6]&#10;|       |       |--SOURCE_HTML_TAG_NAME -&gt; source [0:7]&#10;|       |       `--END -&gt; &gt; [0:13]&#10;|       |--TEXT -&gt;   [0:14]&#10;|       `--P_TAG_END -&gt; P_TAG_END [0:15]&#10;|           |--START -&gt; &lt; [0:15]&#10;|           |--SLASH -&gt; / [0:16]&#10;|           |--P_HTML_TAG_NAME -&gt; p [0:17]&#10;|           `--END -&gt; &gt; [0:18]&#10;|--NEWLINE -&gt; \n [0:19]&#10;|--LEADING_ASTERISK -&gt; * [1:0]&#10;|--TEXT -&gt;   [1:1]&#10;|--HTML_ELEMENT -&gt; HTML_ELEMENT [1:2]&#10;|   `--LI -&gt; LI [1:2]&#10;|       |--LI_TAG_START -&gt; LI_TAG_START [1:2]&#10;|       |   |--START -&gt; &lt; [1:2]&#10;|       |   |--LI_HTML_TAG_NAME -&gt; li [1:3]&#10;|       |   `--END -&gt; &gt; [1:5]&#10;|       |--TEXT -&gt;   [1:6]&#10;|       |--SINGLETON_ELEMENT -&gt; SINGLETON_ELEMENT [1:7]&#10;|       |   `--SOURCE_TAG -&gt; SOURCE_TAG [1:7]&#10;|       |       |--START -&gt; &lt; [1:7]&#10;|       |       |--SOURCE_HTML_TAG_NAME -&gt; source [1:8]&#10;|       |       `--END -&gt; &gt; [1:14]&#10;|       |--TEXT -&gt;   [1:15]&#10;|       `--LI_TAG_END -&gt; LI_TAG_END [1:16]&#10;|           |--START -&gt; &lt; [1:16]&#10;|           |--SLASH -&gt; / [1:17]&#10;|           |--LI_HTML_TAG_NAME -&gt; li [1:18]&#10;|           `--END -&gt; &gt; [1:20]&#10;|--NEWLINE -&gt; \n [1:21]&#10;|--LEADING_ASTERISK -&gt; * [2:0]&#10;|--TEXT -&gt;   [2:1]&#10;|--HTML_ELEMENT -&gt; HTML_ELEMENT [2:2]&#10;|   `--TR -&gt; TR [2:2]&#10;|       |--TR_TAG_START -&gt; TR_TAG_START [2:2]&#10;|       |   |--START -&gt; &lt; [2:2]&#10;|       |   |--TR_HTML_TAG_NAME -&gt; tr [2:3]&#10;|       |   `--END -&gt; &gt; [2:5]&#10;|       |--TEXT -&gt;   [2:6]&#10;|       |--SINGLETON_ELEMENT -&gt; SINGLETON_ELEMENT [2:7]&#10;|       |   `--SOURCE_TAG -&gt; SOURCE_TAG [2:7]&#10;|       |       |--START -&gt; &lt; [2:7]&#10;|       |       |--SOURCE_HTML_TAG_NAME -&gt; source [2:8]&#10;|       |       `--END -&gt; &gt; [2:14]&#10;|       |--TEXT -&gt;   [2:15]&#10;|       `--TR_TAG_END -&gt; TR_TAG_END [2:16]&#10;|           |--START -&gt; &lt; [2:16]&#10;|           |--SLASH -&gt; / [2:17]&#10;|           |--TR_HTML_TAG_NAME -&gt; tr [2:18]&#10;|           `--END -&gt; &gt; [2:20]&#10;|--NEWLINE -&gt; \n [2:21]&#10;|--LEADING_ASTERISK -&gt; * [3:0]&#10;|--TEXT -&gt;   [3:1]&#10;|--HTML_ELEMENT -&gt; HTML_ELEMENT [3:2]&#10;|   `--TD -&gt; TD [3:2]&#10;|       |--TD_TAG_START -&gt; TD_TAG_START [3:2]&#10;|       |   |--START -&gt; &lt; [3:2]&#10;|       |   |--TD_HTML_TAG_NAME -&gt; td [3:3]&#10;|       |   `--END -&gt; &gt; [3:5]&#10;|       |--TEXT -&gt;   [3:6]&#10;|       |--SINGLETON_ELEMENT -&gt; SINGLETON_ELEMENT [3:7]&#10;|       |   `--SOURCE_TAG -&gt; SOURCE_TAG [3:7]&#10;|       |       |--START -&gt; &lt; [3:7]&#10;|       |       |--SOURCE_HTML_TAG_NAME -&gt; source [3:8]&#10;|       |       `--END -&gt; &gt; [3:14]&#10;|       |--TEXT -&gt;   [3:15]&#10;|       `--TD_TAG_END -&gt; TD_TAG_END [3:16]&#10;|           |--START -&gt; &lt; [3:16]&#10;|           |--SLASH -&gt; / [3:17]&#10;|           |--TD_HTML_TAG_NAME -&gt; td [3:18]&#10;|           `--END -&gt; &gt; [3:20]&#10;|--NEWLINE -&gt; \n [3:21]&#10;|--LEADING_ASTERISK -&gt; * [4:0]&#10;|--TEXT -&gt;   [4:1]&#10;|--HTML_ELEMENT -&gt; HTML_ELEMENT [4:2]&#10;|   `--TH -&gt; TH [4:2]&#10;|       |--TH_TAG_START -&gt; TH_TAG_START [4:2]&#10;|       |   |--START -&gt; &lt; [4:2]&#10;|       |   |--TH_HTML_TAG_NAME -&gt; th [4:3]&#10;|       |   `--END -&gt; &gt; [4:5]&#10;|       |--TEXT -&gt;   [4:6]&#10;|       |--SINGLETON_ELEMENT -&gt; SINGLETON_ELEMENT [4:7]&#10;|       |   `--SOURCE_TAG -&gt; SOURCE_TAG [4:7]&#10;|       |       |--START -&gt; &lt; [4:7]&#10;|       |       |--SOURCE_HTML_TAG_NAME -&gt; source [4:8]&#10;|       |       `--END -&gt; &gt; [4:14]&#10;|       |--TEXT -&gt;   [4:15]&#10;|       `--TH_TAG_END -&gt; TH_TAG_END [4:16]&#10;|           |--START -&gt; &lt; [4:16]&#10;|           |--SLASH -&gt; / [4:17]&#10;|           |--TH_HTML_TAG_NAME -&gt; th [4:18]&#10;|           `--END -&gt; &gt; [4:20]&#10;|--NEWLINE -&gt; \n [4:21]&#10;|--LEADING_ASTERISK -&gt; * [5:0]&#10;|--TEXT -&gt;   [5:1]&#10;|--HTML_ELEMENT -&gt; HTML_ELEMENT [5:2]&#10;|   `--BODY -&gt; BODY [5:2]&#10;|       |--BODY_TAG_START -&gt; BODY_TAG_START [5:2]&#10;|       |   |--START -&gt; &lt; [5:2]&#10;|       |   |--BODY_HTML_TAG_NAME -&gt; body [5:3]&#10;|       |   `--END -&gt; &gt; [5:7]&#10;|       |--TEXT -&gt;   [5:8]&#10;|       |--SINGLETON_ELEMENT -&gt; SINGLETON_ELEMENT [5:9]&#10;|       |   `--SOURCE_TAG -&gt; SOURCE_TAG [5:9]&#10;|       |       |--START -&gt; &lt; [5:9]&#10;|       |       |--SOURCE_HTML_TAG_NAME -&gt; source [5:10]&#10;|       |       `--END -&gt; &gt; [5:16]&#10;|       |--TEXT -&gt;   [5:17]&#10;|       `--BODY_TAG_END -&gt; BODY_TAG_END [5:18]&#10;|           |--START -&gt; &lt; [5:18]&#10;|           |--SLASH -&gt; / [5:19]&#10;|           |--BODY_HTML_TAG_NAME -&gt; body [5:20]&#10;|           `--END -&gt; &gt; [5:24]&#10;|--NEWLINE -&gt; \n [5:25]&#10;|--LEADING_ASTERISK -&gt; * [6:0]&#10;|--TEXT -&gt;   [6:1]&#10;|--HTML_ELEMENT -&gt; HTML_ELEMENT [6:2]&#10;|   `--COLGROUP -&gt; COLGROUP [6:2]&#10;|       |--COLGROUP_TAG_START -&gt; COLGROUP_TAG_START [6:2]&#10;|       |   |--START -&gt; &lt; [6:2]&#10;|       |   |--COLGROUP_HTML_TAG_NAME -&gt; colgroup [6:3]&#10;|       |   `--END -&gt; &gt; [6:11]&#10;|       |--TEXT -&gt;   [6:12]&#10;|       |--SINGLETON_ELEMENT -&gt; SINGLETON_ELEMENT [6:13]&#10;|       |   `--SOURCE_TAG -&gt; SOURCE_TAG [6:13]&#10;|       |       |--START -&gt; &lt; [6:13]&#10;|       |       |--SOURCE_HTML_TAG_NAME -&gt; source [6:14]&#10;|       |       `--END -&gt; &gt; [6:20]&#10;|       |--TEXT -&gt;   [6:21]&#10;|       `--COLGROUP_TAG_END -&gt; COLGROUP_TAG_END [6:22]&#10;|           |--START -&gt; &lt; [6:22]&#10;|           |--SLASH -&gt; / [6:23]&#10;|           |--COLGROUP_HTML_TAG_NAME -&gt; colgroup [6:24]&#10;|           `--END -&gt; &gt; [6:32]&#10;|--NEWLINE -&gt; \n [6:33]&#10;|--LEADING_ASTERISK -&gt; * [7:0]&#10;|--TEXT -&gt;   [7:1]&#10;|--HTML_ELEMENT -&gt; HTML_ELEMENT [7:2]&#10;|   `--DD -&gt; DD [7:2]&#10;|       |--DD_TAG_START -&gt; DD_TAG_START [7:2]&#10;|       |   |--START -&gt; &lt; [7:2]&#10;|       |   |--DD_HTML_TAG_NAME -&gt; dd [7:3]&#10;|       |   `--END -&gt; &gt; [7:5]&#10;|       |--TEXT -&gt;   [7:6]&#10;|       |--SINGLETON_ELEMENT -&gt; SINGLETON_ELEMENT [7:7]&#10;|       |   `--SOURCE_TAG -&gt; SOURCE_TAG [7:7]&#10;|       |       |--START -&gt; &lt; [7:7]&#10;|       |       |--SOURCE_HTML_TAG_NAME -&gt; source [7:8]&#10;|       |       `--END -&gt; &gt; [7:14]&#10;|       |--TEXT -&gt;   [7:15]&#10;|       `--DD_TAG_END -&gt; DD_TAG_END [7:16]&#10;|           |--START -&gt; &lt; [7:16]&#10;|           |--SLASH -&gt; / [7:17]&#10;|           |--DD_HTML_TAG_NAME -&gt; dd [7:18]&#10;|           `--END -&gt; &gt; [7:20]&#10;|--NEWLINE -&gt; \n [7:21]&#10;|--LEADING_ASTERISK -&gt; * [8:0]&#10;|--TEXT -&gt;   [8:1]&#10;|--HTML_ELEMENT -&gt; HTML_ELEMENT [8:2]&#10;|   `--DT -&gt; DT [8:2]&#10;|       |--DT_TAG_START -&gt; DT_TAG_START [8:2]&#10;|       |   |--START -&gt; &lt; [8:2]&#10;|       |   |--DT_HTML_TAG_NAME -&gt; dt [8:3]&#10;|       |   `--END -&gt; &gt; [8:5]&#10;|       |--TEXT -&gt;   [8:6]&#10;|       |--SINGLETON_ELEMENT -&gt; SINGLETON_ELEMENT [8:7]&#10;|       |   `--SOURCE_TAG -&gt; SOURCE_TAG [8:7]&#10;|       |       |--START -&gt; &lt; [8:7]&#10;|       |       |--SOURCE_HTML_TAG_NAME -&gt; source [8:8]&#10;|       |       `--END -&gt; &gt; [8:14]&#10;|       |--TEXT -&gt;   [8:15]&#10;|       `--DT_TAG_END -&gt; DT_TAG_END [8:16]&#10;|           |--START -&gt; &lt; [8:16]&#10;|           |--SLASH -&gt; / [8:17]&#10;|           |--DT_HTML_TAG_NAME -&gt; dt [8:18]&#10;|           `--END -&gt; &gt; [8:20]&#10;|--NEWLINE -&gt; \n [8:21]&#10;|--LEADING_ASTERISK -&gt; * [9:0]&#10;|--TEXT -&gt;   [9:1]&#10;|--HTML_ELEMENT -&gt; HTML_ELEMENT [9:2]&#10;|   `--HEAD -&gt; HEAD [9:2]&#10;|       |--HEAD_TAG_START -&gt; HEAD_TAG_START [9:2]&#10;|       |   |--START -&gt; &lt; [9:2]&#10;|       |   |--HEAD_HTML_TAG_NAME -&gt; head [9:3]&#10;|       |   `--END -&gt; &gt; [9:7]&#10;|       |--TEXT -&gt;   [9:8]&#10;|       |--SINGLETON_ELEMENT -&gt; SINGLETON_ELEMENT [9:9]&#10;|       |   `--SOURCE_TAG -&gt; SOURCE_TAG [9:9]&#10;|       |       |--START -&gt; &lt; [9:9]&#10;|       |       |--SOURCE_HTML_TAG_NAME -&gt; source [9:10]&#10;|       |       `--END -&gt; &gt; [9:16]&#10;|       |--TEXT -&gt;   [9:17]&#10;|       `--HEAD_TAG_END -&gt; HEAD_TAG_END [9:18]&#10;|           |--START -&gt; &lt; [9:18]&#10;|           |--SLASH -&gt; / [9:19]&#10;|           |--HEAD_HTML_TAG_NAME -&gt; head [9:20]&#10;|           `--END -&gt; &gt; [9:24]&#10;|--NEWLINE -&gt; \n [9:25]&#10;|--LEADING_ASTERISK -&gt; * [10:0]&#10;|--TEXT -&gt;   [10:1]&#10;|--HTML_ELEMENT -&gt; HTML_ELEMENT [10:2]&#10;|   `--HTML -&gt; HTML [10:2]&#10;|       |--HTML_TAG_START -&gt; HTML_TAG_START [10:2]&#10;|       |   |--START -&gt; &lt; [10:2]&#10;|       |   |--HTML_HTML_TAG_NAME -&gt; html [10:3]&#10;|       |   `--END -&gt; &gt; [10:7]&#10;|       |--TEXT -&gt;   [10:8]&#10;|       |--SINGLETON_ELEMENT -&gt; SINGLETON_ELEMENT [10:9]&#10;|       |   `--SOURCE_TAG -&gt; SOURCE_TAG [10:9]&#10;|       |       |--START -&gt; &lt; [10:9]&#10;|       |       |--SOURCE_HTML_TAG_NAME -&gt; source [10:10]&#10;|       |       `--END -&gt; &gt; [10:16]&#10;|       |--TEXT -&gt;   [10:17]&#10;|       `--HTML_TAG_END -&gt; HTML_TAG_END [10:18]&#10;|           |--START -&gt; &lt; [10:18]&#10;|           |--SLASH -&gt; / [10:19]&#10;|           |--HTML_HTML_TAG_NAME -&gt; html [10:20]&#10;|           `--END -&gt; &gt; [10:24]&#10;|--NEWLINE -&gt; \n [10:25]&#10;|--LEADING_ASTERISK -&gt; * [11:0]&#10;|--TEXT -&gt;   [11:1]&#10;|--HTML_ELEMENT -&gt; HTML_ELEMENT [11:2]&#10;|   `--OPTION -&gt; OPTION [11:2]&#10;|       |--OPTION_TAG_START -&gt; OPTION_TAG_START [11:2]&#10;|       |   |--START -&gt; &lt; [11:2]&#10;|       |   |--OPTION_HTML_TAG_NAME -&gt; option [11:3]&#10;|       |   `--END -&gt; &gt; [11:9]&#10;|       |--TEXT -&gt;   [11:10]&#10;|       |--SINGLETON_ELEMENT -&gt; SINGLETON_ELEMENT [11:11]&#10;|       |   `--SOURCE_TAG -&gt; SOURCE_TAG [11:11]&#10;|       |       |--START -&gt; &lt; [11:11]&#10;|       |       |--SOURCE_HTML_TAG_NAME -&gt; source [11:12]&#10;|       |       `--END -&gt; &gt; [11:18]&#10;|       |--TEXT -&gt;   [11:19]&#10;|       `--OPTION_TAG_END -&gt; OPTION_TAG_END [11:20]&#10;|           |--START -&gt; &lt; [11:20]&#10;|           |--SLASH -&gt; / [11:21]&#10;|           |--OPTION_HTML_TAG_NAME -&gt; option [11:22]&#10;|           `--END -&gt; &gt; [11:28]&#10;|--NEWLINE -&gt; \n [11:29]&#10;|--LEADING_ASTERISK -&gt; * [12:0]&#10;|--TEXT -&gt;   [12:1]&#10;|--HTML_ELEMENT -&gt; HTML_ELEMENT [12:2]&#10;|   `--TBODY -&gt; TBODY [12:2]&#10;|       |--TBODY_TAG_START -&gt; TBODY_TAG_START [12:2]&#10;|       |   |--START -&gt; &lt; [12:2]&#10;|       |   |--TBODY_HTML_TAG_NAME -&gt; tbody [12:3]&#10;|       |   `--END -&gt; &gt; [12:8]&#10;|       |--TEXT -&gt;   [12:9]&#10;|       |--SINGLETON_ELEMENT -&gt; SINGLETON_ELEMENT [12:10]&#10;|       |   `--SOURCE_TAG -&gt; SOURCE_TAG [12:10]&#10;|       |       |--START -&gt; &lt; [12:10]&#10;|       |       |--SOURCE_HTML_TAG_NAME -&gt; source [12:11]&#10;|       |       `--END -&gt; &gt; [12:17]&#10;|       |--TEXT -&gt;   [12:18]&#10;|       `--TBODY_TAG_END -&gt; TBODY_TAG_END [12:19]&#10;|           |--START -&gt; &lt; [12:19]&#10;|           |--SLASH -&gt; / [12:20]&#10;|           |--TBODY_HTML_TAG_NAME -&gt; tbody [12:21]&#10;|           `--END -&gt; &gt; [12:26]&#10;|--NEWLINE -&gt; \n [12:27]&#10;|--LEADING_ASTERISK -&gt; * [13:0]&#10;|--TEXT -&gt;   [13:1]&#10;|--HTML_ELEMENT -&gt; HTML_ELEMENT [13:2]&#10;|   `--THEAD -&gt; THEAD [13:2]&#10;|       |--THEAD_TAG_START -&gt; THEAD_TAG_START [13:2]&#10;|       |   |--START -&gt; &lt; [13:2]&#10;|       |   |--THEAD_HTML_TAG_NAME -&gt; thead [13:3]&#10;|       |   `--END -&gt; &gt; [13:8]&#10;|       |--TEXT -&gt;   [13:9]&#10;|       |--SINGLETON_ELEMENT -&gt; SINGLETON_ELEMENT [13:10]&#10;|       |   `--SOURCE_TAG -&gt; SOURCE_TAG [13:10]&#10;|       |       |--START -&gt; &lt; [13:10]&#10;|       |       |--SOURCE_HTML_TAG_NAME -&gt; source [13:11]&#10;|       |       `--END -&gt; &gt; [13:17]&#10;|       |--TEXT -&gt;   [13:18]&#10;|       `--THEAD_TAG_END -&gt; THEAD_TAG_END [13:19]&#10;|           |--START -&gt; &lt; [13:19]&#10;|           |--SLASH -&gt; / [13:20]&#10;|           |--THEAD_HTML_TAG_NAME -&gt; thead [13:21]&#10;|           `--END -&gt; &gt; [13:26]&#10;|--NEWLINE -&gt; \n [13:27]&#10;|--LEADING_ASTERISK -&gt; * [14:0]&#10;|--TEXT -&gt;   [14:1]&#10;|--HTML_ELEMENT -&gt; HTML_ELEMENT [14:2]&#10;|   `--TFOOT -&gt; TFOOT [14:2]&#10;|       |--TFOOT_TAG_START -&gt; TFOOT_TAG_START [14:2]&#10;|       |   |--START -&gt; &lt; [14:2]&#10;|       |   |--TFOOT_HTML_TAG_NAME -&gt; tfoot [14:3]&#10;|       |   `--END -&gt; &gt; [14:8]&#10;|       |--TEXT -&gt;   [14:9]&#10;|       |--SINGLETON_ELEMENT -&gt; SINGLETON_ELEMENT [14:10]&#10;|       |   `--SOURCE_TAG -&gt; SOURCE_TAG [14:10]&#10;|       |       |--START -&gt; &lt; [14:10]&#10;|       |       |--SOURCE_HTML_TAG_NAME -&gt; source [14:11]&#10;|       |       `--END -&gt; &gt; [14:17]&#10;|       |--TEXT -&gt;   [14:18]&#10;|       `--TFOOT_TAG_END -&gt; TFOOT_TAG_END [14:19]&#10;|           |--START -&gt; &lt; [14:19]&#10;|           |--SLASH -&gt; / [14:20]&#10;|           |--TFOOT_HTML_TAG_NAME -&gt; tfoot [14:21]&#10;|           `--END -&gt; &gt; [14:26]&#10;|--NEWLINE -&gt; \n [14:27]&#10;|--NEWLINE -&gt; \n [15:0]&#10;|--LEADING_ASTERISK -&gt; * [16:0]&#10;|--TEXT -&gt;   [16:1]&#10;|--HTML_ELEMENT -&gt; HTML_ELEMENT [16:2]&#10;|   `--PARAGRAPH -&gt; PARAGRAPH [16:2]&#10;|       |--P_TAG_START -&gt; P_TAG_START [16:2]&#10;|       |   |--START -&gt; &lt; [16:2]&#10;|       |   |--P_HTML_TAG_NAME -&gt; p [16:3]&#10;|       |   `--END -&gt; &gt; [16:4]&#10;|       |--TEXT -&gt;   [16:5]&#10;|       |--SINGLETON_ELEMENT -&gt; SINGLETON_ELEMENT [16:6]&#10;|       |   `--SOURCE_TAG -&gt; SOURCE_TAG [16:6]&#10;|       |       |--START -&gt; &lt; [16:6]&#10;|       |       |--SOURCE_HTML_TAG_NAME -&gt; source [16:7]&#10;|       |       `--SLASH_END -&gt; /&gt; [16:13]&#10;|       |--TEXT -&gt;   [16:15]&#10;|       `--P_TAG_END -&gt; P_TAG_END [16:16]&#10;|           |--START -&gt; &lt; [16:16]&#10;|           |--SLASH -&gt; / [16:17]&#10;|           |--P_HTML_TAG_NAME -&gt; p [16:18]&#10;|           `--END -&gt; &gt; [16:19]&#10;|--NEWLINE -&gt; \n [16:20]&#10;|--LEADING_ASTERISK -&gt; * [17:0]&#10;|--TEXT -&gt;   [17:1]&#10;|--HTML_ELEMENT -&gt; HTML_ELEMENT [17:2]&#10;|   `--LI -&gt; LI [17:2]&#10;|       |--LI_TAG_START -&gt; LI_TAG_START [17:2]&#10;|       |   |--START -&gt; &lt; [17:2]&#10;|       |   |--LI_HTML_TAG_NAME -&gt; li [17:3]&#10;|       |   `--END -&gt; &gt; [17:5]&#10;|       |--TEXT -&gt;   [17:6]&#10;|       |--SINGLETON_ELEMENT -&gt; SINGLETON_ELEMENT [17:7]&#10;|       |   `--SOURCE_TAG -&gt; SOURCE_TAG [17:7]&#10;|       |       |--START -&gt; &lt; [17:7]&#10;|       |       |--SOURCE_HTML_TAG_NAME -&gt; source [17:8]&#10;|       |       `--SLASH_END -&gt; /&gt; [17:14]&#10;|       |--TEXT -&gt;   [17:16]&#10;|       `--LI_TAG_END -&gt; LI_TAG_END [17:17]&#10;|           |--START -&gt; &lt; [17:17]&#10;|           |--SLASH -&gt; / [17:18]&#10;|           |--LI_HTML_TAG_NAME -&gt; li [17:19]&#10;|           `--END -&gt; &gt; [17:21]&#10;|--NEWLINE -&gt; \n [17:22]&#10;|--LEADING_ASTERISK -&gt; * [18:0]&#10;|--TEXT -&gt;   [18:1]&#10;|--HTML_ELEMENT -&gt; HTML_ELEMENT [18:2]&#10;|   `--TR -&gt; TR [18:2]&#10;|       |--TR_TAG_START -&gt; TR_TAG_START [18:2]&#10;|       |   |--START -&gt; &lt; [18:2]&#10;|       |   |--TR_HTML_TAG_NAME -&gt; tr [18:3]&#10;|       |   `--END -&gt; &gt; [18:5]&#10;|       |--TEXT -&gt;   [18:6]&#10;|       |--SINGLETON_ELEMENT -&gt; SINGLETON_ELEMENT [18:7]&#10;|       |   `--SOURCE_TAG -&gt; SOURCE_TAG [18:7]&#10;|       |       |--START -&gt; &lt; [18:7]&#10;|       |       |--SOURCE_HTML_TAG_NAME -&gt; source [18:8]&#10;|       |       `--SLASH_END -&gt; /&gt; [18:14]&#10;|       |--TEXT -&gt;   [18:16]&#10;|       `--TR_TAG_END -&gt; TR_TAG_END [18:17]&#10;|           |--START -&gt; &lt; [18:17]&#10;|           |--SLASH -&gt; / [18:18]&#10;|           |--TR_HTML_TAG_NAME -&gt; tr [18:19]&#10;|           `--END -&gt; &gt; [18:21]&#10;|--NEWLINE -&gt; \n [18:22]&#10;|--LEADING_ASTERISK -&gt; * [19:0]&#10;|--TEXT -&gt;   [19:1]&#10;|--HTML_ELEMENT -&gt; HTML_ELEMENT [19:2]&#10;|   `--TD -&gt; TD [19:2]&#10;|       |--TD_TAG_START -&gt; TD_TAG_START [19:2]&#10;|       |   |--START -&gt; &lt; [19:2]&#10;|       |   |--TD_HTML_TAG_NAME -&gt; td [19:3]&#10;|       |   `--END -&gt; &gt; [19:5]&#10;|       |--TEXT -&gt;   [19:6]&#10;|       |--SINGLETON_ELEMENT -&gt; SINGLETON_ELEMENT [19:7]&#10;|       |   `--SOURCE_TAG -&gt; SOURCE_TAG [19:7]&#10;|       |       |--START -&gt; &lt; [19:7]&#10;|       |       |--SOURCE_HTML_TAG_NAME -&gt; source [19:8]&#10;|       |       `--SLASH_END -&gt; /&gt; [19:14]&#10;|       |--TEXT -&gt;   [19:16]&#10;|       `--TD_TAG_END -&gt; TD_TAG_END [19:17]&#10;|           |--START -&gt; &lt; [19:17]&#10;|           |--SLASH -&gt; / [19:18]&#10;|           |--TD_HTML_TAG_NAME -&gt; td [19:19]&#10;|           `--END -&gt; &gt; [19:21]&#10;|--NEWLINE -&gt; \n [19:22]&#10;|--LEADING_ASTERISK -&gt; * [20:0]&#10;|--TEXT -&gt;   [20:1]&#10;|--HTML_ELEMENT -&gt; HTML_ELEMENT [20:2]&#10;|   `--TH -&gt; TH [20:2]&#10;|       |--TH_TAG_START -&gt; TH_TAG_START [20:2]&#10;|       |   |--START -&gt; &lt; [20:2]&#10;|       |   |--TH_HTML_TAG_NAME -&gt; th [20:3]&#10;|       |   `--END -&gt; &gt; [20:5]&#10;|       |--TEXT -&gt;   [20:6]&#10;|       |--SINGLETON_ELEMENT -&gt; SINGLETON_ELEMENT [20:7]&#10;|       |   `--SOURCE_TAG -&gt; SOURCE_TAG [20:7]&#10;|       |       |--START -&gt; &lt; [20:7]&#10;|       |       |--SOURCE_HTML_TAG_NAME -&gt; source [20:8]&#10;|       |       `--SLASH_END -&gt; /&gt; [20:14]&#10;|       |--TEXT -&gt;   [20:16]&#10;|       `--TH_TAG_END -&gt; TH_TAG_END [20:17]&#10;|           |--START -&gt; &lt; [20:17]&#10;|           |--SLASH -&gt; / [20:18]&#10;|           |--TH_HTML_TAG_NAME -&gt; th [20:19]&#10;|           `--END -&gt; &gt; [20:21]&#10;|--NEWLINE -&gt; \n [20:22]&#10;|--LEADING_ASTERISK -&gt; * [21:0]&#10;|--TEXT -&gt;   [21:1]&#10;|--HTML_ELEMENT -&gt; HTML_ELEMENT [21:2]&#10;|   `--BODY -&gt; BODY [21:2]&#10;|       |--BODY_TAG_START -&gt; BODY_TAG_START [21:2]&#10;|       |   |--START -&gt; &lt; [21:2]&#10;|       |   |--BODY_HTML_TAG_NAME -&gt; body [21:3]&#10;|       |   `--END -&gt; &gt; [21:7]&#10;|       |--TEXT -&gt;   [21:8]&#10;|       |--SINGLETON_ELEMENT -&gt; SINGLETON_ELEMENT [21:9]&#10;|       |   `--SOURCE_TAG -&gt; SOURCE_TAG [21:9]&#10;|       |       |--START -&gt; &lt; [21:9]&#10;|       |       |--SOURCE_HTML_TAG_NAME -&gt; source [21:10]&#10;|       |       `--SLASH_END -&gt; /&gt; [21:16]&#10;|       |--TEXT -&gt;   [21:18]&#10;|       `--BODY_TAG_END -&gt; BODY_TAG_END [21:19]&#10;|           |--START -&gt; &lt; [21:19]&#10;|           |--SLASH -&gt; / [21:20]&#10;|           |--BODY_HTML_TAG_NAME -&gt; body [21:21]&#10;|           `--END -&gt; &gt; [21:25]&#10;|--NEWLINE -&gt; \n [21:26]&#10;|--LEADING_ASTERISK -&gt; * [22:0]&#10;|--TEXT -&gt;   [22:1]&#10;|--HTML_ELEMENT -&gt; HTML_ELEMENT [22:2]&#10;|   `--COLGROUP -&gt; COLGROUP [22:2]&#10;|       |--COLGROUP_TAG_START -&gt; COLGROUP_TAG_START [22:2]&#10;|       |   |--START -&gt; &lt; [22:2]&#10;|       |   |--COLGROUP_HTML_TAG_NAME -&gt; colgroup [22:3]&#10;|       |   `--END -&gt; &gt; [22:11]&#10;|       |--TEXT -&gt;   [22:12]&#10;|       |--SINGLETON_ELEMENT -&gt; SINGLETON_ELEMENT [22:13]&#10;|       |   `--SOURCE_TAG -&gt; SOURCE_TAG [22:13]&#10;|       |       |--START -&gt; &lt; [22:13]&#10;|       |       |--SOURCE_HTML_TAG_NAME -&gt; source [22:14]&#10;|       |       `--SLASH_END -&gt; /&gt; [22:20]&#10;|       |--TEXT -&gt;   [22:22]&#10;|       `--COLGROUP_TAG_END -&gt; COLGROUP_TAG_END [22:23]&#10;|           |--START -&gt; &lt; [22:23]&#10;|           |--SLASH -&gt; / [22:24]&#10;|           |--COLGROUP_HTML_TAG_NAME -&gt; colgroup [22:25]&#10;|           `--END -&gt; &gt; [22:33]&#10;|--NEWLINE -&gt; \n [22:34]&#10;|--LEADING_ASTERISK -&gt; * [23:0]&#10;|--TEXT -&gt;   [23:1]&#10;|--HTML_ELEMENT -&gt; HTML_ELEMENT [23:2]&#10;|   `--DD -&gt; DD [23:2]&#10;|       |--DD_TAG_START -&gt; DD_TAG_START [23:2]&#10;|       |   |--START -&gt; &lt; [23:2]&#10;|       |   |--DD_HTML_TAG_NAME -&gt; dd [23:3]&#10;|       |   `--END -&gt; &gt; [23:5]&#10;|       |--TEXT -&gt;   [23:6]&#10;|       |--SINGLETON_ELEMENT -&gt; SINGLETON_ELEMENT [23:7]&#10;|       |   `--SOURCE_TAG -&gt; SOURCE_TAG [23:7]&#10;|       |       |--START -&gt; &lt; [23:7]&#10;|       |       |--SOURCE_HTML_TAG_NAME -&gt; source [23:8]&#10;|       |       `--SLASH_END -&gt; /&gt; [23:14]&#10;|       |--TEXT -&gt;   [23:16]&#10;|       `--DD_TAG_END -&gt; DD_TAG_END [23:17]&#10;|           |--START -&gt; &lt; [23:17]&#10;|           |--SLASH -&gt; / [23:18]&#10;|           |--DD_HTML_TAG_NAME -&gt; dd [23:19]&#10;|           `--END -&gt; &gt; [23:21]&#10;|--NEWLINE -&gt; \n [23:22]&#10;|--LEADING_ASTERISK -&gt; * [24:0]&#10;|--TEXT -&gt;   [24:1]&#10;|--HTML_ELEMENT -&gt; HTML_ELEMENT [24:2]&#10;|   `--DT -&gt; DT [24:2]&#10;|       |--DT_TAG_START -&gt; DT_TAG_START [24:2]&#10;|       |   |--START -&gt; &lt; [24:2]&#10;|       |   |--DT_HTML_TAG_NAME -&gt; dt [24:3]&#10;|       |   `--END -&gt; &gt; [24:5]&#10;|       |--TEXT -&gt;   [24:6]&#10;|       |--SINGLETON_ELEMENT -&gt; SINGLETON_ELEMENT [24:7]&#10;|       |   `--SOURCE_TAG -&gt; SOURCE_TAG [24:7]&#10;|       |       |--START -&gt; &lt; [24:7]&#10;|       |       |--SOURCE_HTML_TAG_NAME -&gt; source [24:8]&#10;|       |       `--SLASH_END -&gt; /&gt; [24:14]&#10;|       |--TEXT -&gt;   [24:16]&#10;|       `--DT_TAG_END -&gt; DT_TAG_END [24:17]&#10;|           |--START -&gt; &lt; [24:17]&#10;|           |--SLASH -&gt; / [24:18]&#10;|           |--DT_HTML_TAG_NAME -&gt; dt [24:19]&#10;|           `--END -&gt; &gt; [24:21]&#10;|--NEWLINE -&gt; \n [24:22]&#10;|--LEADING_ASTERISK -&gt; * [25:0]&#10;|--TEXT -&gt;   [25:1]&#10;|--HTML_ELEMENT -&gt; HTML_ELEMENT [25:2]&#10;|   `--HEAD -&gt; HEAD [25:2]&#10;|       |--HEAD_TAG_START -&gt; HEAD_TAG_START [25:2]&#10;|       |   |--START -&gt; &lt; [25:2]&#10;|       |   |--HEAD_HTML_TAG_NAME -&gt; head [25:3]&#10;|       |   `--END -&gt; &gt; [25:7]&#10;|       |--TEXT -&gt;   [25:8]&#10;|       |--SINGLETON_ELEMENT -&gt; SINGLETON_ELEMENT [25:9]&#10;|       |   `--SOURCE_TAG -&gt; SOURCE_TAG [25:9]&#10;|       |       |--START -&gt; &lt; [25:9]&#10;|       |       |--SOURCE_HTML_TAG_NAME -&gt; source [25:10]&#10;|       |       `--SLASH_END -&gt; /&gt; [25:16]&#10;|       |--TEXT -&gt;   [25:18]&#10;|       `--HEAD_TAG_END -&gt; HEAD_TAG_END [25:19]&#10;|           |--START -&gt; &lt; [25:19]&#10;|           |--SLASH -&gt; / [25:20]&#10;|           |--HEAD_HTML_TAG_NAME -&gt; head [25:21]&#10;|           `--END -&gt; &gt; [25:25]&#10;|--NEWLINE -&gt; \n [25:26]&#10;|--LEADING_ASTERISK -&gt; * [26:0]&#10;|--TEXT -&gt;   [26:1]&#10;|--HTML_ELEMENT -&gt; HTML_ELEMENT [26:2]&#10;|   `--HTML -&gt; HTML [26:2]&#10;|       |--HTML_TAG_START -&gt; HTML_TAG_START [26:2]&#10;|       |   |--START -&gt; &lt; [26:2]&#10;|       |   |--HTML_HTML_TAG_NAME -&gt; html [26:3]&#10;|       |   `--END -&gt; &gt; [26:7]&#10;|       |--TEXT -&gt;   [26:8]&#10;|       |--SINGLETON_ELEMENT -&gt; SINGLETON_ELEMENT [26:9]&#10;|       |   `--SOURCE_TAG -&gt; SOURCE_TAG [26:9]&#10;|       |       |--START -&gt; &lt; [26:9]&#10;|       |       |--SOURCE_HTML_TAG_NAME -&gt; source [26:10]&#10;|       |       `--SLASH_END -&gt; /&gt; [26:16]&#10;|       |--TEXT -&gt;   [26:18]&#10;|       `--HTML_TAG_END -&gt; HTML_TAG_END [26:19]&#10;|           |--START -&gt; &lt; [26:19]&#10;|           |--SLASH -&gt; / [26:20]&#10;|           |--HTML_HTML_TAG_NAME -&gt; html [26:21]&#10;|           `--END -&gt; &gt; [26:25]&#10;|--NEWLINE -&gt; \n [26:26]&#10;|--LEADING_ASTERISK -&gt; * [27:0]&#10;|--TEXT -&gt;   [27:1]&#10;|--HTML_ELEMENT -&gt; HTML_ELEMENT [27:2]&#10;|   `--OPTION -&gt; OPTION [27:2]&#10;|       |--OPTION_TAG_START -&gt; OPTION_TAG_START [27:2]&#10;|       |   |--START -&gt; &lt; [27:2]&#10;|       |   |--OPTION_HTML_TAG_NAME -&gt; option [27:3]&#10;|       |   `--END -&gt; &gt; [27:9]&#10;|       |--TEXT -&gt;   [27:10]&#10;|       |--SINGLETON_ELEMENT -&gt; SINGLETON_ELEMENT [27:11]&#10;|       |   `--SOURCE_TAG -&gt; SOURCE_TAG [27:11]&#10;|       |       |--START -&gt; &lt; [27:11]&#10;|       |       |--SOURCE_HTML_TAG_NAME -&gt; source [27:12]&#10;|       |       `--SLASH_END -&gt; /&gt; [27:18]&#10;|       |--TEXT -&gt;   [27:20]&#10;|       `--OPTION_TAG_END -&gt; OPTION_TAG_END [27:21]&#10;|           |--START -&gt; &lt; [27:21]&#10;|           |--SLASH -&gt; / [27:22]&#10;|           |--OPTION_HTML_TAG_NAME -&gt; option [27:23]&#10;|           `--END -&gt; &gt; [27:29]&#10;|--NEWLINE -&gt; \n [27:30]&#10;|--LEADING_ASTERISK -&gt; * [28:0]&#10;|--TEXT -&gt;   [28:1]&#10;|--HTML_ELEMENT -&gt; HTML_ELEMENT [28:2]&#10;|   `--TBODY -&gt; TBODY [28:2]&#10;|       |--TBODY_TAG_START -&gt; TBODY_TAG_START [28:2]&#10;|       |   |--START -&gt; &lt; [28:2]&#10;|       |   |--TBODY_HTML_TAG_NAME -&gt; tbody [28:3]&#10;|       |   `--END -&gt; &gt; [28:8]&#10;|       |--TEXT -&gt;   [28:9]&#10;|       |--SINGLETON_ELEMENT -&gt; SINGLETON_ELEMENT [28:10]&#10;|       |   `--SOURCE_TAG -&gt; SOURCE_TAG [28:10]&#10;|       |       |--START -&gt; &lt; [28:10]&#10;|       |       |--SOURCE_HTML_TAG_NAME -&gt; source [28:11]&#10;|       |       `--SLASH_END -&gt; /&gt; [28:17]&#10;|       |--TEXT -&gt;   [28:19]&#10;|       `--TBODY_TAG_END -&gt; TBODY_TAG_END [28:20]&#10;|           |--START -&gt; &lt; [28:20]&#10;|           |--SLASH -&gt; / [28:21]&#10;|           |--TBODY_HTML_TAG_NAME -&gt; tbody [28:22]&#10;|           `--END -&gt; &gt; [28:27]&#10;|--NEWLINE -&gt; \n [28:28]&#10;|--LEADING_ASTERISK -&gt; * [29:0]&#10;|--TEXT -&gt;   [29:1]&#10;|--HTML_ELEMENT -&gt; HTML_ELEMENT [29:2]&#10;|   `--THEAD -&gt; THEAD [29:2]&#10;|       |--THEAD_TAG_START -&gt; THEAD_TAG_START [29:2]&#10;|       |   |--START -&gt; &lt; [29:2]&#10;|       |   |--THEAD_HTML_TAG_NAME -&gt; thead [29:3]&#10;|       |   `--END -&gt; &gt; [29:8]&#10;|       |--TEXT -&gt;   [29:9]&#10;|       |--SINGLETON_ELEMENT -&gt; SINGLETON_ELEMENT [29:10]&#10;|       |   `--SOURCE_TAG -&gt; SOURCE_TAG [29:10]&#10;|       |       |--START -&gt; &lt; [29:10]&#10;|       |       |--SOURCE_HTML_TAG_NAME -&gt; source [29:11]&#10;|       |       `--SLASH_END -&gt; /&gt; [29:17]&#10;|       |--TEXT -&gt;   [29:19]&#10;|       `--THEAD_TAG_END -&gt; THEAD_TAG_END [29:20]&#10;|           |--START -&gt; &lt; [29:20]&#10;|           |--SLASH -&gt; / [29:21]&#10;|           |--THEAD_HTML_TAG_NAME -&gt; thead [29:22]&#10;|           `--END -&gt; &gt; [29:27]&#10;|--NEWLINE -&gt; \n [29:28]&#10;|--LEADING_ASTERISK -&gt; * [30:0]&#10;|--TEXT -&gt;   [30:1]&#10;|--HTML_ELEMENT -&gt; HTML_ELEMENT [30:2]&#10;|   `--TFOOT -&gt; TFOOT [30:2]&#10;|       |--TFOOT_TAG_START -&gt; TFOOT_TAG_START [30:2]&#10;|       |   |--START -&gt; &lt; [30:2]&#10;|       |   |--TFOOT_HTML_TAG_NAME -&gt; tfoot [30:3]&#10;|       |   `--END -&gt; &gt; [30:8]&#10;|       |--TEXT -&gt;   [30:9]&#10;|       |--SINGLETON_ELEMENT -&gt; SINGLETON_ELEMENT [30:10]&#10;|       |   `--SOURCE_TAG -&gt; SOURCE_TAG [30:10]&#10;|       |       |--START -&gt; &lt; [30:10]&#10;|       |       |--SOURCE_HTML_TAG_NAME -&gt; source [30:11]&#10;|       |       `--SLASH_END -&gt; /&gt; [30:17]&#10;|       |--TEXT -&gt;   [30:19]&#10;|       `--TFOOT_TAG_END -&gt; TFOOT_TAG_END [30:20]&#10;|           |--START -&gt; &lt; [30:20]&#10;|           |--SLASH -&gt; / [30:21]&#10;|           |--TFOOT_HTML_TAG_NAME -&gt; tfoot [30:22]&#10;|           `--END -&gt; &gt; [30:27]&#10;|--NEWLINE -&gt; \n [30:28]&#10;|--NEWLINE -&gt; \n [31:0]&#10;|--LEADING_ASTERISK -&gt; * [32:0]&#10;|--TEXT -&gt;   [32:1]&#10;|--HTML_ELEMENT -&gt; HTML_ELEMENT [32:2]&#10;|   `--SINGLETON_ELEMENT -&gt; SINGLETON_ELEMENT [32:2]&#10;|       `--SOURCE_TAG -&gt; SOURCE_TAG [32:2]&#10;|           |--START -&gt; &lt; [32:2]&#10;|           |--SOURCE_HTML_TAG_NAME -&gt; source [32:3]&#10;|           `--END -&gt; &gt; [32:9]&#10;|--NEWLINE -&gt; \n [32:10]&#10;|--LEADING_ASTERISK -&gt; * [33:0]&#10;|--TEXT -&gt;   [33:1]&#10;|--HTML_ELEMENT -&gt; HTML_ELEMENT [33:2]&#10;|   `--SINGLETON_ELEMENT -&gt; SINGLETON_ELEMENT [33:2]&#10;|       `--SOURCE_TAG -&gt; SOURCE_TAG [33:2]&#10;|           |--START -&gt; &lt; [33:2]&#10;|           |--SOURCE_HTML_TAG_NAME -&gt; source [33:3]&#10;|           `--SLASH_END -&gt; /&gt; [33:9]&#10;|--NEWLINE -&gt; \n [33:11]&#10;|--LEADING_ASTERISK -&gt; * [34:0]&#10;|--TEXT -&gt;   [34:1]&#10;|--HTML_ELEMENT -&gt; HTML_ELEMENT [34:2]&#10;|   `--SINGLETON_ELEMENT -&gt; SINGLETON_ELEMENT [34:2]&#10;|       `--SOURCE_TAG -&gt; SOURCE_TAG [34:2]&#10;|           |--START -&gt; &lt; [34:2]&#10;|           |--SOURCE_HTML_TAG_NAME -&gt; source [34:3]&#10;|           |--WS -&gt;   [34:9]&#10;|           |--ATTRIBUTE -&gt; ATTRIBUTE [34:10]&#10;|           |   |--HTML_TAG_NAME -&gt; attr [34:10]&#10;|           |   |--EQUALS -&gt; = [34:14]&#10;|           |   `--ATTR_VALUE -&gt; &quot;something&quot; [34:15]&#10;|           `--END -&gt; &gt; [34:27]&#10;|--NEWLINE -&gt; \n [34:28]&#10;|--LEADING_ASTERISK -&gt; * [35:0]&#10;|--TEXT -&gt;   [35:1]&#10;|--HTML_ELEMENT -&gt; HTML_ELEMENT [35:2]&#10;|   `--SINGLETON_ELEMENT -&gt; SINGLETON_ELEMENT [35:2]&#10;|       `--SOURCE_TAG -&gt; SOURCE_TAG [35:2]&#10;|           |--START -&gt; &lt; [35:2]&#10;|           |--SOURCE_HTML_TAG_NAME -&gt; source [35:3]&#10;|           |--WS -&gt;   [35:9]&#10;|           |--ATTRIBUTE -&gt; ATTRIBUTE [35:10]&#10;|           |   |--HTML_TAG_NAME -&gt; attr [35:10]&#10;|           |   |--EQUALS -&gt; = [35:14]&#10;|           |   `--ATTR_VALUE -&gt; &quot;something&quot; [35:15]&#10;|           `--SLASH_END -&gt; /&gt; [35:27]&#10;|--NEWLINE -&gt; \n [35:29]&#10;|--LEADING_ASTERISK -&gt; * [36:0]&#10;|--TEXT -&gt;   [36:1]&#10;|--HTML_ELEMENT -&gt; HTML_ELEMENT [36:2]&#10;|   `--SINGLETON_ELEMENT -&gt; SINGLETON_ELEMENT [36:2]&#10;|       `--SOURCE_TAG -&gt; SOURCE_TAG [36:2]&#10;|           |--START -&gt; &lt; [36:2]&#10;|           |--SOURCE_HTML_TAG_NAME -&gt; source [36:3]&#10;|           |--WS -&gt;   [36:9]&#10;|           |--ATTRIBUTE -&gt; ATTRIBUTE [36:10]&#10;|           |   |--HTML_TAG_NAME -&gt; attr [36:10]&#10;|           |   |--EQUALS -&gt; = [36:14]&#10;|           |   `--ATTR_VALUE -&gt; &quot;something&quot; [36:15]&#10;|           |--WS -&gt;   [36:27]&#10;|           |--ATTRIBUTE -&gt; ATTRIBUTE [36:28]&#10;|           |   |--HTML_TAG_NAME -&gt; attr2 [36:28]&#10;|           |   |--EQUALS -&gt; = [36:33]&#10;|           |   `--ATTR_VALUE -&gt; &quot;someotherthing&quot; [36:34]&#10;|           `--END -&gt; &gt; [36:51]&#10;|--NEWLINE -&gt; \n [36:52]&#10;|--LEADING_ASTERISK -&gt; * [37:0]&#10;|--TEXT -&gt;   [37:1]&#10;|--HTML_ELEMENT -&gt; HTML_ELEMENT [37:2]&#10;|   `--SINGLETON_ELEMENT -&gt; SINGLETON_ELEMENT [37:2]&#10;|       `--SOURCE_TAG -&gt; SOURCE_TAG [37:2]&#10;|           |--START -&gt; &lt; [37:2]&#10;|           |--SOURCE_HTML_TAG_NAME -&gt; source [37:3]&#10;|           |--WS -&gt;   [37:9]&#10;|           |--ATTRIBUTE -&gt; ATTRIBUTE [37:10]&#10;|           |   |--HTML_TAG_NAME -&gt; attr [37:10]&#10;|           |   |--EQUALS -&gt; = [37:14]&#10;|           |   `--ATTR_VALUE -&gt; &quot;something&quot; [37:15]&#10;|           |--WS -&gt;   [37:27]&#10;|           |--ATTRIBUTE -&gt; ATTRIBUTE [37:28]&#10;|           |   |--HTML_TAG_NAME -&gt; attr2 [37:28]&#10;|           |   |--EQUALS -&gt; = [37:33]&#10;|           |   `--ATTR_VALUE -&gt; &quot;someotherthing&quot; [37:34]&#10;|           `--SLASH_END -&gt; /&gt; [37:51]&#10;|--NEWLINE -&gt; \n [37:53]&#10;|--LEADING_ASTERISK -&gt; * [38:0]&#10;|--TEXT -&gt;   [38:1]&#10;|--HTML_ELEMENT -&gt; HTML_ELEMENT [38:2]&#10;|   `--SINGLETON_ELEMENT -&gt; SINGLETON_ELEMENT [38:2]&#10;|       `--SOURCE_TAG -&gt; SOURCE_TAG [38:2]&#10;|           |--START -&gt; &lt; [38:2]&#10;|           |--SOURCE_HTML_TAG_NAME -&gt; source [38:3]&#10;|           |--WS -&gt;   [38:9]&#10;|           |--ATTRIBUTE -&gt; ATTRIBUTE [38:10]&#10;|           |   |--HTML_TAG_NAME -&gt; attr [38:10]&#10;|           |   |--EQUALS -&gt; = [38:14]&#10;|           |   `--ATTR_VALUE -&gt; &quot;something&quot; [38:15]&#10;|           |--WS -&gt;   [38:27]&#10;|           |--NEWLINE -&gt; \n [38:28]&#10;|           |--LEADING_ASTERISK -&gt; * [39:0]&#10;|           |--WS -&gt;   [39:1]&#10;|           |--ATTRIBUTE -&gt; ATTRIBUTE [39:2]&#10;|           |   |--HTML_TAG_NAME -&gt; attr2 [39:2]&#10;|           |   |--EQUALS -&gt; = [39:7]&#10;|           |   `--ATTR_VALUE -&gt; &quot;someotherting&quot; [39:8]&#10;|           `--END -&gt; &gt; [39:24]&#10;|--NEWLINE -&gt; \n [39:25]&#10;|--LEADING_ASTERISK -&gt; * [40:0]&#10;|--TEXT -&gt;   [40:1]&#10;|--HTML_ELEMENT -&gt; HTML_ELEMENT [40:2]&#10;|   `--SINGLETON_ELEMENT -&gt; SINGLETON_ELEMENT [40:2]&#10;|       `--SOURCE_TAG -&gt; SOURCE_TAG [40:2]&#10;|           |--START -&gt; &lt; [40:2]&#10;|           |--SOURCE_HTML_TAG_NAME -&gt; source [40:3]&#10;|           |--WS -&gt;   [40:9]&#10;|           |--ATTRIBUTE -&gt; ATTRIBUTE [40:10]&#10;|           |   |--HTML_TAG_NAME -&gt; attr [40:10]&#10;|           |   |--EQUALS -&gt; = [40:14]&#10;|           |   `--ATTR_VALUE -&gt; &quot;something&quot; [40:15]&#10;|           |--WS -&gt;   [40:27]&#10;|           |--NEWLINE -&gt; \n [40:28]&#10;|           |--LEADING_ASTERISK -&gt; * [41:0]&#10;|           |--WS -&gt;   [41:1]&#10;|           |--ATTRIBUTE -&gt; ATTRIBUTE [41:2]&#10;|           |   |--HTML_TAG_NAME -&gt; attr2 [41:2]&#10;|           |   |--EQUALS -&gt; = [41:7]&#10;|           |   `--ATTR_VALUE -&gt; &quot;someotherting&quot; [41:8]&#10;|           `--SLASH_END -&gt; /&gt; [41:24]&#10;`--EOF -&gt; &lt;EOF&gt; [41:26]]&#10;&gt; but was:&lt;...DOC -&gt; JAVADOC [0:0][&#10;|--LEADING_ASTERISK -&gt; * [0:0]&#10;|--TEXT -&gt;   [0:1]&#10;|--HTML_ELEMENT -&gt; HTML_ELEMENT [0:2]&#10;|   `--PARAGRAPH -&gt; PARAGRAPH [0:2]&#10;|       |--P_TAG_START -&gt; P_TAG_START [0:2]&#10;|       |   |--START -&gt; &lt; [0:2]&#10;|       |   |--P_HTML_TAG_NAME -&gt; p [0:3]&#10;|       |   `--END -&gt; &gt; [0:4]&#10;|       |--TEXT -&gt;   [0:5]&#10;|       |--SINGLETON_ELEMENT -&gt; SINGLETON_ELEMENT [0:6]&#10;|       |   `--SOURCE_TAG -&gt; SOURCE_TAG [0:6]&#10;|       |       |--START -&gt; &lt; [0:6]&#10;|       |       |--SOURCE_HTML_TAG_NAME -&gt; source [0:7]&#10;|       |       `--END -&gt; &gt; [0:13]&#10;|       |--TEXT -&gt;   [0:14]&#10;|       `--P_TAG_END -&gt; P_TAG_END [0:15]&#10;|           |--START -&gt; &lt; [0:15]&#10;|           |--SLASH -&gt; / [0:16]&#10;|           |--P_HTML_TAG_NAME -&gt; p [0:17]&#10;|           `--END -&gt; &gt; [0:18]&#10;|--NEWLINE -&gt; \n [0:19]&#10;|--LEADING_ASTERISK -&gt; * [1:0]&#10;|--TEXT -&gt;   [1:1]&#10;|--HTML_ELEMENT -&gt; HTML_ELEMENT [1:2]&#10;|   `--LI -&gt; LI [1:2]&#10;|       |--LI_TAG_START -&gt; LI_TAG_START [1:2]&#10;|       |   |--START -&gt; &lt; [1:2]&#10;|       |   |--LI_HTML_TAG_NAME -&gt; li [1:3]&#10;|       |   `--END -&gt; &gt; [1:5]&#10;|       |--TEXT -&gt;   [1:6]&#10;|       |--SINGLETON_ELEMENT -&gt; SINGLETON_ELEMENT [1:7]&#10;|       |   `--SOURCE_TAG -&gt; SOURCE_TAG [1:7]&#10;|       |       |--START -&gt; &lt; [1:7]&#10;|       |       |--SOURCE_HTML_TAG_NAME -&gt; source [1:8]&#10;|       |       `--END -&gt; &gt; [1:14]&#10;|       |--TEXT -&gt;   [1:15]&#10;|       `--LI_TAG_END -&gt; LI_TAG_END [1:16]&#10;|           |--START -&gt; &lt; [1:16]&#10;|           |--SLASH -&gt; / [1:17]&#10;|           |--LI_HTML_TAG_NAME -&gt; li [1:18]&#10;|           `--END -&gt; &gt; [1:20]&#10;|--NEWLINE -&gt; \n [1:21]&#10;|--LEADING_ASTERISK -&gt; * [2:0]&#10;|--TEXT -&gt;   [2:1]&#10;|--HTML_ELEMENT -&gt; HTML_ELEMENT [2:2]&#10;|   `--TR -&gt; TR [2:2]&#10;|       |--TR_TAG_START -&gt; TR_TAG_START [2:2]&#10;|       |   |--START -&gt; &lt; [2:2]&#10;|       |   |--TR_HTML_TAG_NAME -&gt; tr [2:3]&#10;|       |   `--END -&gt; &gt; [2:5]&#10;|       |--TEXT -&gt;   [2:6]&#10;|       |--SINGLETON_ELEMENT -&gt; SINGLETON_ELEMENT [2:7]&#10;|       |   `--SOURCE_TAG -&gt; SOURCE_TAG [2:7]&#10;|       |       |--START -&gt; &lt; [2:7]&#10;|       |       |--SOURCE_HTML_TAG_NAME -&gt; source [2:8]&#10;|       |       `--END -&gt; &gt; [2:14]&#10;|       |--TEXT -&gt;   [2:15]&#10;|       `--TR_TAG_END -&gt; TR_TAG_END [2:16]&#10;|           |--START -&gt; &lt; [2:16]&#10;|           |--SLASH -&gt; / [2:17]&#10;|           |--TR_HTML_TAG_NAME -&gt; tr [2:18]&#10;|           `--END -&gt; &gt; [2:20]&#10;|--NEWLINE -&gt; \n [2:21]&#10;|--LEADING_ASTERISK -&gt; * [3:0]&#10;|--TEXT -&gt;   [3:1]&#10;|--HTML_ELEMENT -&gt; HTML_ELEMENT [3:2]&#10;|   `--TD -&gt; TD [3:2]&#10;|       |--TD_TAG_START -&gt; TD_TAG_START [3:2]&#10;|       |   |--START -&gt; &lt; [3:2]&#10;|       |   |--TD_HTML_TAG_NAME -&gt; td [3:3]&#10;|       |   `--END -&gt; &gt; [3:5]&#10;|       |--TEXT -&gt;   [3:6]&#10;|       |--SINGLETON_ELEMENT -&gt; SINGLETON_ELEMENT [3:7]&#10;|       |   `--SOURCE_TAG -&gt; SOURCE_TAG [3:7]&#10;|       |       |--START -&gt; &lt; [3:7]&#10;|       |       |--SOURCE_HTML_TAG_NAME -&gt; source [3:8]&#10;|       |       `--END -&gt; &gt; [3:14]&#10;|       |--TEXT -&gt;   [3:15]&#10;|       `--TD_TAG_END -&gt; TD_TAG_END [3:16]&#10;|           |--START -&gt; &lt; [3:16]&#10;|           |--SLASH -&gt; / [3:17]&#10;|           |--TD_HTML_TAG_NAME -&gt; td [3:18]&#10;|           `--END -&gt; &gt; [3:20]&#10;|--NEWLINE -&gt; \n [3:21]&#10;|--LEADING_ASTERISK -&gt; * [4:0]&#10;|--TEXT -&gt;   [4:1]&#10;|--HTML_ELEMENT -&gt; HTML_ELEMENT [4:2]&#10;|   `--TH -&gt; TH [4:2]&#10;|       |--TH_TAG_START -&gt; TH_TAG_START [4:2]&#10;|       |   |--START -&gt; &lt; [4:2]&#10;|       |   |--TH_HTML_TAG_NAME -&gt; th [4:3]&#10;|       |   `--END -&gt; &gt; [4:5]&#10;|       |--TEXT -&gt;   [4:6]&#10;|       |--SINGLETON_ELEMENT -&gt; SINGLETON_ELEMENT [4:7]&#10;|       |   `--SOURCE_TAG -&gt; SOURCE_TAG [4:7]&#10;|       |       |--START -&gt; &lt; [4:7]&#10;|       |       |--SOURCE_HTML_TAG_NAME -&gt; source [4:8]&#10;|       |       `--END -&gt; &gt; [4:14]&#10;|       |--TEXT -&gt;   [4:15]&#10;|       `--TH_TAG_END -&gt; TH_TAG_END [4:16]&#10;|           |--START -&gt; &lt; [4:16]&#10;|           |--SLASH -&gt; / [4:17]&#10;|           |--TH_HTML_TAG_NAME -&gt; th [4:18]&#10;|           `--END -&gt; &gt; [4:20]&#10;|--NEWLINE -&gt; \n [4:21]&#10;|--LEADING_ASTERISK -&gt; * [5:0]&#10;|--TEXT -&gt;   [5:1]&#10;|--HTML_ELEMENT -&gt; HTML_ELEMENT [5:2]&#10;|   `--BODY -&gt; BODY [5:2]&#10;|       |--BODY_TAG_START -&gt; BODY_TAG_START [5:2]&#10;|       |   |--START -&gt; &lt; [5:2]&#10;|       |   |--BODY_HTML_TAG_NAME -&gt; body [5:3]&#10;|       |   `--END -&gt; &gt; [5:7]&#10;|       |--TEXT -&gt;   [5:8]&#10;|       |--SINGLETON_ELEMENT -&gt; SINGLETON_ELEMENT [5:9]&#10;|       |   `--SOURCE_TAG -&gt; SOURCE_TAG [5:9]&#10;|       |       |--START -&gt; &lt; [5:9]&#10;|       |       |--SOURCE_HTML_TAG_NAME -&gt; source [5:10]&#10;|       |       `--END -&gt; &gt; [5:16]&#10;|       |--TEXT -&gt;   [5:17]&#10;|       `--BODY_TAG_END -&gt; BODY_TAG_END [5:18]&#10;|           |--START -&gt; &lt; [5:18]&#10;|           |--SLASH -&gt; / [5:19]&#10;|           |--BODY_HTML_TAG_NAME -&gt; body [5:20]&#10;|           `--END -&gt; &gt; [5:24]&#10;|--NEWLINE -&gt; \n [5:25]&#10;|--LEADING_ASTERISK -&gt; * [6:0]&#10;|--TEXT -&gt;   [6:1]&#10;|--HTML_ELEMENT -&gt; HTML_ELEMENT [6:2]&#10;|   `--COLGROUP -&gt; COLGROUP [6:2]&#10;|       |--COLGROUP_TAG_START -&gt; COLGROUP_TAG_START [6:2]&#10;|       |   |--START -&gt; &lt; [6:2]&#10;|       |   |--COLGROUP_HTML_TAG_NAME -&gt; colgroup [6:3]&#10;|       |   `--END -&gt; &gt; [6:11]&#10;|       |--TEXT -&gt;   [6:12]&#10;|       |--SINGLETON_ELEMENT -&gt; SINGLETON_ELEMENT [6:13]&#10;|       |   `--SOURCE_TAG -&gt; SOURCE_TAG [6:13]&#10;|       |       |--START -&gt; &lt; [6:13]&#10;|       |       |--SOURCE_HTML_TAG_NAME -&gt; source [6:14]&#10;|       |       `--END -&gt; &gt; [6:20]&#10;|       |--TEXT -&gt;   [6:21]&#10;|       `--COLGROUP_TAG_END -&gt; COLGROUP_TAG_END [6:22]&#10;|           |--START -&gt; &lt; [6:22]&#10;|           |--SLASH -&gt; / [6:23]&#10;|           |--COLGROUP_HTML_TAG_NAME -&gt; colgroup [6:24]&#10;|           `--END -&gt; &gt; [6:32]&#10;|--NEWLINE -&gt; \n [6:33]&#10;|--LEADING_ASTERISK -&gt; * [7:0]&#10;|--TEXT -&gt;   [7:1]&#10;|--HTML_ELEMENT -&gt; HTML_ELEMENT [7:2]&#10;|   `--DD -&gt; DD [7:2]&#10;|       |--DD_TAG_START -&gt; DD_TAG_START [7:2]&#10;|       |   |--START -&gt; &lt; [7:2]&#10;|       |   |--DD_HTML_TAG_NAME -&gt; dd [7:3]&#10;|       |   `--END -&gt; &gt; [7:5]&#10;|       |--TEXT -&gt;   [7:6]&#10;|       |--SINGLETON_ELEMENT -&gt; SINGLETON_ELEMENT [7:7]&#10;|       |   `--SOURCE_TAG -&gt; SOURCE_TAG [7:7]&#10;|       |       |--START -&gt; &lt; [7:7]&#10;|       |       |--SOURCE_HTML_TAG_NAME -&gt; source [7:8]&#10;|       |       `--END -&gt; &gt; [7:14]&#10;|       |--TEXT -&gt;   [7:15]&#10;|       `--DD_TAG_END -&gt; DD_TAG_END [7:16]&#10;|           |--START -&gt; &lt; [7:16]&#10;|           |--SLASH -&gt; / [7:17]&#10;|           |--DD_HTML_TAG_NAME -&gt; dd [7:18]&#10;|           `--END -&gt; &gt; [7:20]&#10;|--NEWLINE -&gt; \n [7:21]&#10;|--LEADING_ASTERISK -&gt; * [8:0]&#10;|--TEXT -&gt;   [8:1]&#10;|--HTML_ELEMENT -&gt; HTML_ELEMENT [8:2]&#10;|   `--DT -&gt; DT [8:2]&#10;|       |--DT_TAG_START -&gt; DT_TAG_START [8:2]&#10;|       |   |--START -&gt; &lt; [8:2]&#10;|       |   |--DT_HTML_TAG_NAME -&gt; dt [8:3]&#10;|       |   `--END -&gt; &gt; [8:5]&#10;|       |--TEXT -&gt;   [8:6]&#10;|       |--SINGLETON_ELEMENT -&gt; SINGLETON_ELEMENT [8:7]&#10;|       |   `--SOURCE_TAG -&gt; SOURCE_TAG [8:7]&#10;|       |       |--START -&gt; &lt; [8:7]&#10;|       |       |--SOURCE_HTML_TAG_NAME -&gt; source [8:8]&#10;|       |       `--END -&gt; &gt; [8:14]&#10;|       |--TEXT -&gt;   [8:15]&#10;|       `--DT_TAG_END -&gt; DT_TAG_END [8:16]&#10;|           |--START -&gt; &lt; [8:16]&#10;|           |--SLASH -&gt; / [8:17]&#10;|           |--DT_HTML_TAG_NAME -&gt; dt [8:18]&#10;|           `--END -&gt; &gt; [8:20]&#10;|--NEWLINE -&gt; \n [8:21]&#10;|--LEADING_ASTERISK -&gt; * [9:0]&#10;|--TEXT -&gt;   [9:1]&#10;|--HTML_ELEMENT -&gt; HTML_ELEMENT [9:2]&#10;|   `--HEAD -&gt; HEAD [9:2]&#10;|       |--HEAD_TAG_START -&gt; HEAD_TAG_START [9:2]&#10;|       |   |--START -&gt; &lt; [9:2]&#10;|       |   |--HEAD_HTML_TAG_NAME -&gt; head [9:3]&#10;|       |   `--END -&gt; &gt; [9:7]&#10;|       |--TEXT -&gt;   [9:8]&#10;|       |--SINGLETON_ELEMENT -&gt; SINGLETON_ELEMENT [9:9]&#10;|       |   `--SOURCE_TAG -&gt; SOURCE_TAG [9:9]&#10;|       |       |--START -&gt; &lt; [9:9]&#10;|       |       |--SOURCE_HTML_TAG_NAME -&gt; source [9:10]&#10;|       |       `--END -&gt; &gt; [9:16]&#10;|       |--TEXT -&gt;   [9:17]&#10;|       `--HEAD_TAG_END -&gt; HEAD_TAG_END [9:18]&#10;|           |--START -&gt; &lt; [9:18]&#10;|           |--SLASH -&gt; / [9:19]&#10;|           |--HEAD_HTML_TAG_NAME -&gt; head [9:20]&#10;|           `--END -&gt; &gt; [9:24]&#10;|--NEWLINE -&gt; \n [9:25]&#10;|--LEADING_ASTERISK -&gt; * [10:0]&#10;|--TEXT -&gt;   [10:1]&#10;|--HTML_ELEMENT -&gt; HTML_ELEMENT [10:2]&#10;|   `--HTML -&gt; HTML [10:2]&#10;|       |--HTML_TAG_START -&gt; HTML_TAG_START [10:2]&#10;|       |   |--START -&gt; &lt; [10:2]&#10;|       |   |--HTML_HTML_TAG_NAME -&gt; html [10:3]&#10;|       |   `--END -&gt; &gt; [10:7]&#10;|       |--TEXT -&gt;   [10:8]&#10;|       |--SINGLETON_ELEMENT -&gt; SINGLETON_ELEMENT [10:9]&#10;|       |   `--SOURCE_TAG -&gt; SOURCE_TAG [10:9]&#10;|       |       |--START -&gt; &lt; [10:9]&#10;|       |       |--SOURCE_HTML_TAG_NAME -&gt; source [10:10]&#10;|       |       `--END -&gt; &gt; [10:16]&#10;|       |--TEXT -&gt;   [10:17]&#10;|       `--HTML_TAG_END -&gt; HTML_TAG_END [10:18]&#10;|           |--START -&gt; &lt; [10:18]&#10;|           |--SLASH -&gt; / [10:19]&#10;|           |--HTML_HTML_TAG_NAME -&gt; html [10:20]&#10;|           `--END -&gt; &gt; [10:24]&#10;|--NEWLINE -&gt; \n [10:25]&#10;|--LEADING_ASTERISK -&gt; * [11:0]&#10;|--TEXT -&gt;   [11:1]&#10;|--HTML_ELEMENT -&gt; HTML_ELEMENT [11:2]&#10;|   `--OPTION -&gt; OPTION [11:2]&#10;|       |--OPTION_TAG_START -&gt; OPTION_TAG_START [11:2]&#10;|       |   |--START -&gt; &lt; [11:2]&#10;|       |   |--OPTION_HTML_TAG_NAME -&gt; option [11:3]&#10;|       |   `--END -&gt; &gt; [11:9]&#10;|       |--TEXT -&gt;   [11:10]&#10;|       |--SINGLETON_ELEMENT -&gt; SINGLETON_ELEMENT [11:11]&#10;|       |   `--SOURCE_TAG -&gt; SOURCE_TAG [11:11]&#10;|       |       |--START -&gt; &lt; [11:11]&#10;|       |       |--SOURCE_HTML_TAG_NAME -&gt; source [11:12]&#10;|       |       `--END -&gt; &gt; [11:18]&#10;|       |--TEXT -&gt;   [11:19]&#10;|       `--OPTION_TAG_END -&gt; OPTION_TAG_END [11:20]&#10;|           |--START -&gt; &lt; [11:20]&#10;|           |--SLASH -&gt; / [11:21]&#10;|           |--OPTION_HTML_TAG_NAME -&gt; option [11:22]&#10;|           `--END -&gt; &gt; [11:28]&#10;|--NEWLINE -&gt; \n [11:29]&#10;|--LEADING_ASTERISK -&gt; * [12:0]&#10;|--TEXT -&gt;   [12:1]&#10;|--HTML_ELEMENT -&gt; HTML_ELEMENT [12:2]&#10;|   `--TBODY -&gt; TBODY [12:2]&#10;|       |--TBODY_TAG_START -&gt; TBODY_TAG_START [12:2]&#10;|       |   |--START -&gt; &lt; [12:2]&#10;|       |   |--TBODY_HTML_TAG_NAME -&gt; tbody [12:3]&#10;|       |   `--END -&gt; &gt; [12:8]&#10;|       |--TEXT -&gt;   [12:9]&#10;|       |--SINGLETON_ELEMENT -&gt; SINGLETON_ELEMENT [12:10]&#10;|       |   `--SOURCE_TAG -&gt; SOURCE_TAG [12:10]&#10;|       |       |--START -&gt; &lt; [12:10]&#10;|       |       |--SOURCE_HTML_TAG_NAME -&gt; source [12:11]&#10;|       |       `--END -&gt; &gt; [12:17]&#10;|       |--TEXT -&gt;   [12:18]&#10;|       `--TBODY_TAG_END -&gt; TBODY_TAG_END [12:19]&#10;|           |--START -&gt; &lt; [12:19]&#10;|           |--SLASH -&gt; / [12:20]&#10;|           |--TBODY_HTML_TAG_NAME -&gt; tbody [12:21]&#10;|           `--END -&gt; &gt; [12:26]&#10;|--NEWLINE -&gt; \n [12:27]&#10;|--LEADING_ASTERISK -&gt; * [13:0]&#10;|--TEXT -&gt;   [13:1]&#10;|--HTML_ELEMENT -&gt; HTML_ELEMENT [13:2]&#10;|   `--THEAD -&gt; THEAD [13:2]&#10;|       |--THEAD_TAG_START -&gt; THEAD_TAG_START [13:2]&#10;|       |   |--START -&gt; &lt; [13:2]&#10;|       |   |--THEAD_HTML_TAG_NAME -&gt; thead [13:3]&#10;|       |   `--END -&gt; &gt; [13:8]&#10;|       |--TEXT -&gt;   [13:9]&#10;|       |--SINGLETON_ELEMENT -&gt; SINGLETON_ELEMENT [13:10]&#10;|       |   `--SOURCE_TAG -&gt; SOURCE_TAG [13:10]&#10;|       |       |--START -&gt; &lt; [13:10]&#10;|       |       |--SOURCE_HTML_TAG_NAME -&gt; source [13:11]&#10;|       |       `--END -&gt; &gt; [13:17]&#10;|       |--TEXT -&gt;   [13:18]&#10;|       `--THEAD_TAG_END -&gt; THEAD_TAG_END [13:19]&#10;|           |--START -&gt; &lt; [13:19]&#10;|           |--SLASH -&gt; / [13:20]&#10;|           |--THEAD_HTML_TAG_NAME -&gt; thead [13:21]&#10;|           `--END -&gt; &gt; [13:26]&#10;|--NEWLINE -&gt; \n [13:27]&#10;|--LEADING_ASTERISK -&gt; * [14:0]&#10;|--TEXT -&gt;   [14:1]&#10;|--HTML_ELEMENT -&gt; HTML_ELEMENT [14:2]&#10;|   `--TFOOT -&gt; TFOOT [14:2]&#10;|       |--TFOOT_TAG_START -&gt; TFOOT_TAG_START [14:2]&#10;|       |   |--START -&gt; &lt; [14:2]&#10;|       |   |--TFOOT_HTML_TAG_NAME -&gt; tfoot [14:3]&#10;|       |   `--END -&gt; &gt; [14:8]&#10;|       |--TEXT -&gt;   [14:9]&#10;|       |--SINGLETON_ELEMENT -&gt; SINGLETON_ELEMENT [14:10]&#10;|       |   `--SOURCE_TAG -&gt; SOURCE_TAG [14:10]&#10;|       |       |--START -&gt; &lt; [14:10]&#10;|       |       |--SOURCE_HTML_TAG_NAME -&gt; source [14:11]&#10;|       |       `--END -&gt; &gt; [14:17]&#10;|       |--TEXT -&gt;   [14:18]&#10;|       `--TFOOT_TAG_END -&gt; TFOOT_TAG_END [14:19]&#10;|           |--START -&gt; &lt; [14:19]&#10;|           |--SLASH -&gt; / [14:20]&#10;|           |--TFOOT_HTML_TAG_NAME -&gt; tfoot [14:21]&#10;|           `--END -&gt; &gt; [14:26]&#10;|--NEWLINE -&gt; \n [14:27]&#10;|--NEWLINE -&gt; \n [15:0]&#10;|--LEADING_ASTERISK -&gt; * [16:0]&#10;|--TEXT -&gt;   [16:1]&#10;|--HTML_ELEMENT -&gt; HTML_ELEMENT [16:2]&#10;|   `--PARAGRAPH -&gt; PARAGRAPH [16:2]&#10;|       |--P_TAG_START -&gt; P_TAG_START [16:2]&#10;|       |   |--START -&gt; &lt; [16:2]&#10;|       |   |--P_HTML_TAG_NAME -&gt; p [16:3]&#10;|       |   `--END -&gt; &gt; [16:4]&#10;|       |--TEXT -&gt;   [16:5]&#10;|       |--SINGLETON_ELEMENT -&gt; SINGLETON_ELEMENT [16:6]&#10;|       |   `--SOURCE_TAG -&gt; SOURCE_TAG [16:6]&#10;|       |       |--START -&gt; &lt; [16:6]&#10;|       |       |--SOURCE_HTML_TAG_NAME -&gt; source [16:7]&#10;|       |       `--SLASH_END -&gt; /&gt; [16:13]&#10;|       |--TEXT -&gt;   [16:15]&#10;|       `--P_TAG_END -&gt; P_TAG_END [16:16]&#10;|           |--START -&gt; &lt; [16:16]&#10;|           |--SLASH -&gt; / [16:17]&#10;|           |--P_HTML_TAG_NAME -&gt; p [16:18]&#10;|           `--END -&gt; &gt; [16:19]&#10;|--NEWLINE -&gt; \n [16:20]&#10;|--LEADING_ASTERISK -&gt; * [17:0]&#10;|--TEXT -&gt;   [17:1]&#10;|--HTML_ELEMENT -&gt; HTML_ELEMENT [17:2]&#10;|   `--LI -&gt; LI [17:2]&#10;|       |--LI_TAG_START -&gt; LI_TAG_START [17:2]&#10;|       |   |--START -&gt; &lt; [17:2]&#10;|       |   |--LI_HTML_TAG_NAME -&gt; li [17:3]&#10;|       |   `--END -&gt; &gt; [17:5]&#10;|       |--TEXT -&gt;   [17:6]&#10;|       |--SINGLETON_ELEMENT -&gt; SINGLETON_ELEMENT [17:7]&#10;|       |   `--SOURCE_TAG -&gt; SOURCE_TAG [17:7]&#10;|       |       |--START -&gt; &lt; [17:7]&#10;|       |       |--SOURCE_HTML_TAG_NAME -&gt; source [17:8]&#10;|       |       `--SLASH_END -&gt; /&gt; [17:14]&#10;|       |--TEXT -&gt;   [17:16]&#10;|       `--LI_TAG_END -&gt; LI_TAG_END [17:17]&#10;|           |--START -&gt; &lt; [17:17]&#10;|           |--SLASH -&gt; / [17:18]&#10;|           |--LI_HTML_TAG_NAME -&gt; li [17:19]&#10;|           `--END -&gt; &gt; [17:21]&#10;|--NEWLINE -&gt; \n [17:22]&#10;|--LEADING_ASTERISK -&gt; * [18:0]&#10;|--TEXT -&gt;   [18:1]&#10;|--HTML_ELEMENT -&gt; HTML_ELEMENT [18:2]&#10;|   `--TR -&gt; TR [18:2]&#10;|       |--TR_TAG_START -&gt; TR_TAG_START [18:2]&#10;|       |   |--START -&gt; &lt; [18:2]&#10;|       |   |--TR_HTML_TAG_NAME -&gt; tr [18:3]&#10;|       |   `--END -&gt; &gt; [18:5]&#10;|       |--TEXT -&gt;   [18:6]&#10;|       |--SINGLETON_ELEMENT -&gt; SINGLETON_ELEMENT [18:7]&#10;|       |   `--SOURCE_TAG -&gt; SOURCE_TAG [18:7]&#10;|       |       |--START -&gt; &lt; [18:7]&#10;|       |       |--SOURCE_HTML_TAG_NAME -&gt; source [18:8]&#10;|       |       `--SLASH_END -&gt; /&gt; [18:14]&#10;|       |--TEXT -&gt;   [18:16]&#10;|       `--TR_TAG_END -&gt; TR_TAG_END [18:17]&#10;|           |--START -&gt; &lt; [18:17]&#10;|           |--SLASH -&gt; / [18:18]&#10;|           |--TR_HTML_TAG_NAME -&gt; tr [18:19]&#10;|           `--END -&gt; &gt; [18:21]&#10;|--NEWLINE -&gt; \n [18:22]&#10;|--LEADING_ASTERISK -&gt; * [19:0]&#10;|--TEXT -&gt;   [19:1]&#10;|--HTML_ELEMENT -&gt; HTML_ELEMENT [19:2]&#10;|   `--TD -&gt; TD [19:2]&#10;|       |--TD_TAG_START -&gt; TD_TAG_START [19:2]&#10;|       |   |--START -&gt; &lt; [19:2]&#10;|       |   |--TD_HTML_TAG_NAME -&gt; td [19:3]&#10;|       |   `--END -&gt; &gt; [19:5]&#10;|       |--TEXT -&gt;   [19:6]&#10;|       |--SINGLETON_ELEMENT -&gt; SINGLETON_ELEMENT [19:7]&#10;|       |   `--SOURCE_TAG -&gt; SOURCE_TAG [19:7]&#10;|       |       |--START -&gt; &lt; [19:7]&#10;|       |       |--SOURCE_HTML_TAG_NAME -&gt; source [19:8]&#10;|       |       `--SLASH_END -&gt; /&gt; [19:14]&#10;|       |--TEXT -&gt;   [19:16]&#10;|       `--TD_TAG_END -&gt; TD_TAG_END [19:17]&#10;|           |--START -&gt; &lt; [19:17]&#10;|           |--SLASH -&gt; / [19:18]&#10;|           |--TD_HTML_TAG_NAME -&gt; td [19:19]&#10;|           `--END -&gt; &gt; [19:21]&#10;|--NEWLINE -&gt; \n [19:22]&#10;|--LEADING_ASTERISK -&gt; * [20:0]&#10;|--TEXT -&gt;   [20:1]&#10;|--HTML_ELEMENT -&gt; HTML_ELEMENT [20:2]&#10;|   `--TH -&gt; TH [20:2]&#10;|       |--TH_TAG_START -&gt; TH_TAG_START [20:2]&#10;|       |   |--START -&gt; &lt; [20:2]&#10;|       |   |--TH_HTML_TAG_NAME -&gt; th [20:3]&#10;|       |   `--END -&gt; &gt; [20:5]&#10;|       |--TEXT -&gt;   [20:6]&#10;|       |--SINGLETON_ELEMENT -&gt; SINGLETON_ELEMENT [20:7]&#10;|       |   `--SOURCE_TAG -&gt; SOURCE_TAG [20:7]&#10;|       |       |--START -&gt; &lt; [20:7]&#10;|       |       |--SOURCE_HTML_TAG_NAME -&gt; source [20:8]&#10;|       |       `--SLASH_END -&gt; /&gt; [20:14]&#10;|       |--TEXT -&gt;   [20:16]&#10;|       `--TH_TAG_END -&gt; TH_TAG_END [20:17]&#10;|           |--START -&gt; &lt; [20:17]&#10;|           |--SLASH -&gt; / [20:18]&#10;|           |--TH_HTML_TAG_NAME -&gt; th [20:19]&#10;|           `--END -&gt; &gt; [20:21]&#10;|--NEWLINE -&gt; \n [20:22]&#10;|--LEADING_ASTERISK -&gt; * [21:0]&#10;|--TEXT -&gt;   [21:1]&#10;|--HTML_ELEMENT -&gt; HTML_ELEMENT [21:2]&#10;|   `--BODY -&gt; BODY [21:2]&#10;|       |--BODY_TAG_START -&gt; BODY_TAG_START [21:2]&#10;|       |   |--START -&gt; &lt; [21:2]&#10;|       |   |--BODY_HTML_TAG_NAME -&gt; body [21:3]&#10;|       |   `--END -&gt; &gt; [21:7]&#10;|       |--TEXT -&gt;   [21:8]&#10;|       |--SINGLETON_ELEMENT -&gt; SINGLETON_ELEMENT [21:9]&#10;|       |   `--SOURCE_TAG -&gt; SOURCE_TAG [21:9]&#10;|       |       |--START -&gt; &lt; [21:9]&#10;|       |       |--SOURCE_HTML_TAG_NAME -&gt; source [21:10]&#10;|       |       `--SLASH_END -&gt; /&gt; [21:16]&#10;|       |--TEXT -&gt;   [21:18]&#10;|       `--BODY_TAG_END -&gt; BODY_TAG_END [21:19]&#10;|           |--START -&gt; &lt; [21:19]&#10;|           |--SLASH -&gt; / [21:20]&#10;|           |--BODY_HTML_TAG_NAME -&gt; body [21:21]&#10;|           `--END -&gt; &gt; [21:25]&#10;|--NEWLINE -&gt; \n [21:26]&#10;|--LEADING_ASTERISK -&gt; * [22:0]&#10;|--TEXT -&gt;   [22:1]&#10;|--HTML_ELEMENT -&gt; HTML_ELEMENT [22:2]&#10;|   `--COLGROUP -&gt; COLGROUP [22:2]&#10;|       |--COLGROUP_TAG_START -&gt; COLGROUP_TAG_START [22:2]&#10;|       |   |--START -&gt; &lt; [22:2]&#10;|       |   |--COLGROUP_HTML_TAG_NAME -&gt; colgroup [22:3]&#10;|       |   `--END -&gt; &gt; [22:11]&#10;|       |--TEXT -&gt;   [22:12]&#10;|       |--SINGLETON_ELEMENT -&gt; SINGLETON_ELEMENT [22:13]&#10;|       |   `--SOURCE_TAG -&gt; SOURCE_TAG [22:13]&#10;|       |       |--START -&gt; &lt; [22:13]&#10;|       |       |--SOURCE_HTML_TAG_NAME -&gt; source [22:14]&#10;|       |       `--SLASH_END -&gt; /&gt; [22:20]&#10;|       |--TEXT -&gt;   [22:22]&#10;|       `--COLGROUP_TAG_END -&gt; COLGROUP_TAG_END [22:23]&#10;|           |--START -&gt; &lt; [22:23]&#10;|           |--SLASH -&gt; / [22:24]&#10;|           |--COLGROUP_HTML_TAG_NAME -&gt; colgroup [22:25]&#10;|           `--END -&gt; &gt; [22:33]&#10;|--NEWLINE -&gt; \n [22:34]&#10;|--LEADING_ASTERISK -&gt; * [23:0]&#10;|--TEXT -&gt;   [23:1]&#10;|--HTML_ELEMENT -&gt; HTML_ELEMENT [23:2]&#10;|   `--DD -&gt; DD [23:2]&#10;|       |--DD_TAG_START -&gt; DD_TAG_START [23:2]&#10;|       |   |--START -&gt; &lt; [23:2]&#10;|       |   |--DD_HTML_TAG_NAME -&gt; dd [23:3]&#10;|       |   `--END -&gt; &gt; [23:5]&#10;|       |--TEXT -&gt;   [23:6]&#10;|       |--SINGLETON_ELEMENT -&gt; SINGLETON_ELEMENT [23:7]&#10;|       |   `--SOURCE_TAG -&gt; SOURCE_TAG [23:7]&#10;|       |       |--START -&gt; &lt; [23:7]&#10;|       |       |--SOURCE_HTML_TAG_NAME -&gt; source [23:8]&#10;|       |       `--SLASH_END -&gt; /&gt; [23:14]&#10;|       |--TEXT -&gt;   [23:16]&#10;|       `--DD_TAG_END -&gt; DD_TAG_END [23:17]&#10;|           |--START -&gt; &lt; [23:17]&#10;|           |--SLASH -&gt; / [23:18]&#10;|           |--DD_HTML_TAG_NAME -&gt; dd [23:19]&#10;|           `--END -&gt; &gt; [23:21]&#10;|--NEWLINE -&gt; \n [23:22]&#10;|--LEADING_ASTERISK -&gt; * [24:0]&#10;|--TEXT -&gt;   [24:1]&#10;|--HTML_ELEMENT -&gt; HTML_ELEMENT [24:2]&#10;|   `--DT -&gt; DT [24:2]&#10;|       |--DT_TAG_START -&gt; DT_TAG_START [24:2]&#10;|       |   |--START -&gt; &lt; [24:2]&#10;|       |   |--DT_HTML_TAG_NAME -&gt; dt [24:3]&#10;|       |   `--END -&gt; &gt; [24:5]&#10;|       |--TEXT -&gt;   [24:6]&#10;|       |--SINGLETON_ELEMENT -&gt; SINGLETON_ELEMENT [24:7]&#10;|       |   `--SOURCE_TAG -&gt; SOURCE_TAG [24:7]&#10;|       |       |--START -&gt; &lt; [24:7]&#10;|       |       |--SOURCE_HTML_TAG_NAME -&gt; source [24:8]&#10;|       |       `--SLASH_END -&gt; /&gt; [24:14]&#10;|       |--TEXT -&gt;   [24:16]&#10;|       `--DT_TAG_END -&gt; DT_TAG_END [24:17]&#10;|           |--START -&gt; &lt; [24:17]&#10;|           |--SLASH -&gt; / [24:18]&#10;|           |--DT_HTML_TAG_NAME -&gt; dt [24:19]&#10;|           `--END -&gt; &gt; [24:21]&#10;|--NEWLINE -&gt; \n [24:22]&#10;|--LEADING_ASTERISK -&gt; * [25:0]&#10;|--TEXT -&gt;   [25:1]&#10;|--HTML_ELEMENT -&gt; HTML_ELEMENT [25:2]&#10;|   `--HEAD -&gt; HEAD [25:2]&#10;|       |--HEAD_TAG_START -&gt; HEAD_TAG_START [25:2]&#10;|       |   |--START -&gt; &lt; [25:2]&#10;|       |   |--HEAD_HTML_TAG_NAME -&gt; head [25:3]&#10;|       |   `--END -&gt; &gt; [25:7]&#10;|       |--TEXT -&gt;   [25:8]&#10;|       |--SINGLETON_ELEMENT -&gt; SINGLETON_ELEMENT [25:9]&#10;|       |   `--SOURCE_TAG -&gt; SOURCE_TAG [25:9]&#10;|       |       |--START -&gt; &lt; [25:9]&#10;|       |       |--SOURCE_HTML_TAG_NAME -&gt; source [25:10]&#10;|       |       `--SLASH_END -&gt; /&gt; [25:16]&#10;|       |--TEXT -&gt;   [25:18]&#10;|       `--HEAD_TAG_END -&gt; HEAD_TAG_END [25:19]&#10;|           |--START -&gt; &lt; [25:19]&#10;|           |--SLASH -&gt; / [25:20]&#10;|           |--HEAD_HTML_TAG_NAME -&gt; head [25:21]&#10;|           `--END -&gt; &gt; [25:25]&#10;|--NEWLINE -&gt; \n [25:26]&#10;|--LEADING_ASTERISK -&gt; * [26:0]&#10;|--TEXT -&gt;   [26:1]&#10;|--HTML_ELEMENT -&gt; HTML_ELEMENT [26:2]&#10;|   `--HTML -&gt; HTML [26:2]&#10;|       |--HTML_TAG_START -&gt; HTML_TAG_START [26:2]&#10;|       |   |--START -&gt; &lt; [26:2]&#10;|       |   |--HTML_HTML_TAG_NAME -&gt; html [26:3]&#10;|       |   `--END -&gt; &gt; [26:7]&#10;|       |--TEXT -&gt;   [26:8]&#10;|       |--SINGLETON_ELEMENT -&gt; SINGLETON_ELEMENT [26:9]&#10;|       |   `--SOURCE_TAG -&gt; SOURCE_TAG [26:9]&#10;|       |       |--START -&gt; &lt; [26:9]&#10;|       |       |--SOURCE_HTML_TAG_NAME -&gt; source [26:10]&#10;|       |       `--SLASH_END -&gt; /&gt; [26:16]&#10;|       |--TEXT -&gt;   [26:18]&#10;|       `--HTML_TAG_END -&gt; HTML_TAG_END [26:19]&#10;|           |--START -&gt; &lt; [26:19]&#10;|           |--SLASH -&gt; / [26:20]&#10;|           |--HTML_HTML_TAG_NAME -&gt; html [26:21]&#10;|           `--END -&gt; &gt; [26:25]&#10;|--NEWLINE -&gt; \n [26:26]&#10;|--LEADING_ASTERISK -&gt; * [27:0]&#10;|--TEXT -&gt;   [27:1]&#10;|--HTML_ELEMENT -&gt; HTML_ELEMENT [27:2]&#10;|   `--OPTION -&gt; OPTION [27:2]&#10;|       |--OPTION_TAG_START -&gt; OPTION_TAG_START [27:2]&#10;|       |   |--START -&gt; &lt; [27:2]&#10;|       |   |--OPTION_HTML_TAG_NAME -&gt; option [27:3]&#10;|       |   `--END -&gt; &gt; [27:9]&#10;|       |--TEXT -&gt;   [27:10]&#10;|       |--SINGLETON_ELEMENT -&gt; SINGLETON_ELEMENT [27:11]&#10;|       |   `--SOURCE_TAG -&gt; SOURCE_TAG [27:11]&#10;|       |       |--START -&gt; &lt; [27:11]&#10;|       |       |--SOURCE_HTML_TAG_NAME -&gt; source [27:12]&#10;|       |       `--SLASH_END -&gt; /&gt; [27:18]&#10;|       |--TEXT -&gt;   [27:20]&#10;|       `--OPTION_TAG_END -&gt; OPTION_TAG_END [27:21]&#10;|           |--START -&gt; &lt; [27:21]&#10;|           |--SLASH -&gt; / [27:22]&#10;|           |--OPTION_HTML_TAG_NAME -&gt; option [27:23]&#10;|           `--END -&gt; &gt; [27:29]&#10;|--NEWLINE -&gt; \n [27:30]&#10;|--LEADING_ASTERISK -&gt; * [28:0]&#10;|--TEXT -&gt;   [28:1]&#10;|--HTML_ELEMENT -&gt; HTML_ELEMENT [28:2]&#10;|   `--TBODY -&gt; TBODY [28:2]&#10;|       |--TBODY_TAG_START -&gt; TBODY_TAG_START [28:2]&#10;|       |   |--START -&gt; &lt; [28:2]&#10;|       |   |--TBODY_HTML_TAG_NAME -&gt; tbody [28:3]&#10;|       |   `--END -&gt; &gt; [28:8]&#10;|       |--TEXT -&gt;   [28:9]&#10;|       |--SINGLETON_ELEMENT -&gt; SINGLETON_ELEMENT [28:10]&#10;|       |   `--SOURCE_TAG -&gt; SOURCE_TAG [28:10]&#10;|       |       |--START -&gt; &lt; [28:10]&#10;|       |       |--SOURCE_HTML_TAG_NAME -&gt; source [28:11]&#10;|       |       `--SLASH_END -&gt; /&gt; [28:17]&#10;|       |--TEXT -&gt;   [28:19]&#10;|       `--TBODY_TAG_END -&gt; TBODY_TAG_END [28:20]&#10;|           |--START -&gt; &lt; [28:20]&#10;|           |--SLASH -&gt; / [28:21]&#10;|           |--TBODY_HTML_TAG_NAME -&gt; tbody [28:22]&#10;|           `--END -&gt; &gt; [28:27]&#10;|--NEWLINE -&gt; \n [28:28]&#10;|--LEADING_ASTERISK -&gt; * [29:0]&#10;|--TEXT -&gt;   [29:1]&#10;|--HTML_ELEMENT -&gt; HTML_ELEMENT [29:2]&#10;|   `--THEAD -&gt; THEAD [29:2]&#10;|       |--THEAD_TAG_START -&gt; THEAD_TAG_START [29:2]&#10;|       |   |--START -&gt; &lt; [29:2]&#10;|       |   |--THEAD_HTML_TAG_NAME -&gt; thead [29:3]&#10;|       |   `--END -&gt; &gt; [29:8]&#10;|       |--TEXT -&gt;   [29:9]&#10;|       |--SINGLETON_ELEMENT -&gt; SINGLETON_ELEMENT [29:10]&#10;|       |   `--SOURCE_TAG -&gt; SOURCE_TAG [29:10]&#10;|       |       |--START -&gt; &lt; [29:10]&#10;|       |       |--SOURCE_HTML_TAG_NAME -&gt; source [29:11]&#10;|       |       `--SLASH_END -&gt; /&gt; [29:17]&#10;|       |--TEXT -&gt;   [29:19]&#10;|       `--THEAD_TAG_END -&gt; THEAD_TAG_END [29:20]&#10;|           |--START -&gt; &lt; [29:20]&#10;|           |--SLASH -&gt; / [29:21]&#10;|           |--THEAD_HTML_TAG_NAME -&gt; thead [29:22]&#10;|           `--END -&gt; &gt; [29:27]&#10;|--NEWLINE -&gt; \n [29:28]&#10;|--LEADING_ASTERISK -&gt; * [30:0]&#10;|--TEXT -&gt;   [30:1]&#10;|--HTML_ELEMENT -&gt; HTML_ELEMENT [30:2]&#10;|   `--TFOOT -&gt; TFOOT [30:2]&#10;|       |--TFOOT_TAG_START -&gt; TFOOT_TAG_START [30:2]&#10;|       |   |--START -&gt; &lt; [30:2]&#10;|       |   |--TFOOT_HTML_TAG_NAME -&gt; tfoot [30:3]&#10;|       |   `--END -&gt; &gt; [30:8]&#10;|       |--TEXT -&gt;   [30:9]&#10;|       |--SINGLETON_ELEMENT -&gt; SINGLETON_ELEMENT [30:10]&#10;|       |   `--SOURCE_TAG -&gt; SOURCE_TAG [30:10]&#10;|       |       |--START -&gt; &lt; [30:10]&#10;|       |       |--SOURCE_HTML_TAG_NAME -&gt; source [30:11]&#10;|       |       `--SLASH_END -&gt; /&gt; [30:17]&#10;|       |--TEXT -&gt;   [30:19]&#10;|       `--TFOOT_TAG_END -&gt; TFOOT_TAG_END [30:20]&#10;|           |--START -&gt; &lt; [30:20]&#10;|           |--SLASH -&gt; / [30:21]&#10;|           |--TFOOT_HTML_TAG_NAME -&gt; tfoot [30:22]&#10;|           `--END -&gt; &gt; [30:27]&#10;|--NEWLINE -&gt; \n [30:28]&#10;|--NEWLINE -&gt; \n [31:0]&#10;|--LEADING_ASTERISK -&gt; * [32:0]&#10;|--TEXT -&gt;   [32:1]&#10;|--HTML_ELEMENT -&gt; HTML_ELEMENT [32:2]&#10;|   `--SINGLETON_ELEMENT -&gt; SINGLETON_ELEMENT [32:2]&#10;|       `--SOURCE_TAG -&gt; SOURCE_TAG [32:2]&#10;|           |--START -&gt; &lt; [32:2]&#10;|           |--SOURCE_HTML_TAG_NAME -&gt; source [32:3]&#10;|           `--END -&gt; &gt; [32:9]&#10;|--NEWLINE -&gt; \n [32:10]&#10;|--LEADING_ASTERISK -&gt; * [33:0]&#10;|--TEXT -&gt;   [33:1]&#10;|--HTML_ELEMENT -&gt; HTML_ELEMENT [33:2]&#10;|   `--SINGLETON_ELEMENT -&gt; SINGLETON_ELEMENT [33:2]&#10;|       `--SOURCE_TAG -&gt; SOURCE_TAG [33:2]&#10;|           |--START -&gt; &lt; [33:2]&#10;|           |--SOURCE_HTML_TAG_NAME -&gt; source [33:3]&#10;|           `--SLASH_END -&gt; /&gt; [33:9]&#10;|--NEWLINE -&gt; \n [33:11]&#10;|--LEADING_ASTERISK -&gt; * [34:0]&#10;|--TEXT -&gt;   [34:1]&#10;|--HTML_ELEMENT -&gt; HTML_ELEMENT [34:2]&#10;|   `--SINGLETON_ELEMENT -&gt; SINGLETON_ELEMENT [34:2]&#10;|       `--SOURCE_TAG -&gt; SOURCE_TAG [34:2]&#10;|           |--START -&gt; &lt; [34:2]&#10;|           |--SOURCE_HTML_TAG_NAME -&gt; source [34:3]&#10;|           |--WS -&gt;   [34:9]&#10;|           |--ATTRIBUTE -&gt; ATTRIBUTE [34:10]&#10;|           |   |--HTML_TAG_NAME -&gt; attr [34:10]&#10;|           |   |--EQUALS -&gt; = [34:14]&#10;|           |   `--ATTR_VALUE -&gt; &quot;something&quot; [34:15]&#10;|           `--END -&gt; &gt; [34:27]&#10;|--NEWLINE -&gt; \n [34:28]&#10;|--LEADING_ASTERISK -&gt; * [35:0]&#10;|--TEXT -&gt;   [35:1]&#10;|--HTML_ELEMENT -&gt; HTML_ELEMENT [35:2]&#10;|   `--SINGLETON_ELEMENT -&gt; SINGLETON_ELEMENT [35:2]&#10;|       `--SOURCE_TAG -&gt; SOURCE_TAG [35:2]&#10;|           |--START -&gt; &lt; [35:2]&#10;|           |--SOURCE_HTML_TAG_NAME -&gt; source [35:3]&#10;|           |--WS -&gt;   [35:9]&#10;|           |--ATTRIBUTE -&gt; ATTRIBUTE [35:10]&#10;|           |   |--HTML_TAG_NAME -&gt; attr [35:10]&#10;|           |   |--EQUALS -&gt; = [35:14]&#10;|           |   `--ATTR_VALUE -&gt; &quot;something&quot; [35:15]&#10;|           `--SLASH_END -&gt; /&gt; [35:27]&#10;|--NEWLINE -&gt; \n [35:29]&#10;|--LEADING_ASTERISK -&gt; * [36:0]&#10;|--TEXT -&gt;   [36:1]&#10;|--HTML_ELEMENT -&gt; HTML_ELEMENT [36:2]&#10;|   `--SINGLETON_ELEMENT -&gt; SINGLETON_ELEMENT [36:2]&#10;|       `--SOURCE_TAG -&gt; SOURCE_TAG [36:2]&#10;|           |--START -&gt; &lt; [36:2]&#10;|           |--SOURCE_HTML_TAG_NAME -&gt; source [36:3]&#10;|           |--WS -&gt;   [36:9]&#10;|           |--ATTRIBUTE -&gt; ATTRIBUTE [36:10]&#10;|           |   |--HTML_TAG_NAME -&gt; attr [36:10]&#10;|           |   |--EQUALS -&gt; = [36:14]&#10;|           |   `--ATTR_VALUE -&gt; &quot;something&quot; [36:15]&#10;|           |--WS -&gt;   [36:27]&#10;|           |--ATTRIBUTE -&gt; ATTRIBUTE [36:28]&#10;|           |   |--HTML_TAG_NAME -&gt; attr2 [36:28]&#10;|           |   |--EQUALS -&gt; = [36:33]&#10;|           |   `--ATTR_VALUE -&gt; &quot;someotherthing&quot; [36:34]&#10;|           `--END -&gt; &gt; [36:51]&#10;|--NEWLINE -&gt; \n [36:52]&#10;|--LEADING_ASTERISK -&gt; * [37:0]&#10;|--TEXT -&gt;   [37:1]&#10;|--HTML_ELEMENT -&gt; HTML_ELEMENT [37:2]&#10;|   `--SINGLETON_ELEMENT -&gt; SINGLETON_ELEMENT [37:2]&#10;|       `--SOURCE_TAG -&gt; SOURCE_TAG [37:2]&#10;|           |--START -&gt; &lt; [37:2]&#10;|           |--SOURCE_HTML_TAG_NAME -&gt; source [37:3]&#10;|           |--WS -&gt;   [37:9]&#10;|           |--ATTRIBUTE -&gt; ATTRIBUTE [37:10]&#10;|           |   |--HTML_TAG_NAME -&gt; attr [37:10]&#10;|           |   |--EQUALS -&gt; = [37:14]&#10;|           |   `--ATTR_VALUE -&gt; &quot;something&quot; [37:15]&#10;|           |--WS -&gt;   [37:27]&#10;|           |--ATTRIBUTE -&gt; ATTRIBUTE [37:28]&#10;|           |   |--HTML_TAG_NAME -&gt; attr2 [37:28]&#10;|           |   |--EQUALS -&gt; = [37:33]&#10;|           |   `--ATTR_VALUE -&gt; &quot;someotherthing&quot; [37:34]&#10;|           `--SLASH_END -&gt; /&gt; [37:51]&#10;|--NEWLINE -&gt; \n [37:53]&#10;|--LEADING_ASTERISK -&gt; * [38:0]&#10;|--TEXT -&gt;   [38:1]&#10;|--HTML_ELEMENT -&gt; HTML_ELEMENT [38:2]&#10;|   `--SINGLETON_ELEMENT -&gt; SINGLETON_ELEMENT [38:2]&#10;|       `--SOURCE_TAG -&gt; SOURCE_TAG [38:2]&#10;|           |--START -&gt; &lt; [38:2]&#10;|           |--SOURCE_HTML_TAG_NAME -&gt; source [38:3]&#10;|           |--WS -&gt;   [38:9]&#10;|           |--ATTRIBUTE -&gt; ATTRIBUTE [38:10]&#10;|           |   |--HTML_TAG_NAME -&gt; attr [38:10]&#10;|           |   |--EQUALS -&gt; = [38:14]&#10;|           |   `--ATTR_VALUE -&gt; &quot;something&quot; [38:15]&#10;|           |--WS -&gt;   [38:27]&#10;|           |--NEWLINE -&gt; \n [38:28]&#10;|           |--LEADING_ASTERISK -&gt; * [39:0]&#10;|           |--WS -&gt;   [39:1]&#10;|           |--ATTRIBUTE -&gt; ATTRIBUTE [39:2]&#10;|           |   |--HTML_TAG_NAME -&gt; attr2 [39:2]&#10;|           |   |--EQUALS -&gt; = [39:7]&#10;|           |   `--ATTR_VALUE -&gt; &quot;someotherting&quot; [39:8]&#10;|           `--END -&gt; &gt; [39:24]&#10;|--NEWLINE -&gt; \n [39:25]&#10;|--LEADING_ASTERISK -&gt; * [40:0]&#10;|--TEXT -&gt;   [40:1]&#10;|--HTML_ELEMENT -&gt; HTML_ELEMENT [40:2]&#10;|   `--SINGLETON_ELEMENT -&gt; SINGLETON_ELEMENT [40:2]&#10;|       `--SOURCE_TAG -&gt; SOURCE_TAG [40:2]&#10;|           |--START -&gt; &lt; [40:2]&#10;|           |--SOURCE_HTML_TAG_NAME -&gt; source [40:3]&#10;|           |--WS -&gt;   [40:9]&#10;|           |--ATTRIBUTE -&gt; ATTRIBUTE [40:10]&#10;|           |   |--HTML_TAG_NAME -&gt; attr [40:10]&#10;|           |   |--EQUALS -&gt; = [40:14]&#10;|           |   `--ATTR_VALUE -&gt; &quot;something&quot; [40:15]&#10;|           |--WS -&gt;   [40:27]&#10;|           |--NEWLINE -&gt; \n [40:28]&#10;|           |--LEADING_ASTERISK -&gt; * [41:0]&#10;|           |--WS -&gt;   [41:1]&#10;|           |--ATTRIBUTE -&gt; ATTRIBUTE [41:2]&#10;|           |   |--HTML_TAG_NAME -&gt; attr2 [41:2]&#10;|           |   |--EQUALS -&gt; = [41:7]&#10;|           |   `--ATTR_VALUE -&gt; &quot;someotherting&quot; [41:8]&#10;|           `--SLASH_END -&gt; /&gt; [41:24]&#10;`--EOF -&gt; &lt;EOF&gt; [41:26]&#13;]&#10;&gt;" type="org.junit.ComparisonFailure"><![CDATA[org.junit.ComparisonFailure: 
Generated tree from the javadoc file should match the pre-defined tree expected:<...DOC -> JAVADOC [0:0][
|--LEADING_ASTERISK -> * [0:0]
|--TEXT ->   [0:1]
|--HTML_ELEMENT -> HTML_ELEMENT [0:2]
|   `--PARAGRAPH -> PARAGRAPH [0:2]
|       |--P_TAG_START -> P_TAG_START [0:2]
|       |   |--START -> < [0:2]
|       |   |--P_HTML_TAG_NAME -> p [0:3]
|       |   `--END -> > [0:4]
|       |--TEXT ->   [0:5]
|       |--SINGLETON_ELEMENT -> SINGLETON_ELEMENT [0:6]
|       |   `--SOURCE_TAG -> SOURCE_TAG [0:6]
|       |       |--START -> < [0:6]
|       |       |--SOURCE_HTML_TAG_NAME -> source [0:7]
|       |       `--END -> > [0:13]
|       |--TEXT ->   [0:14]
|       `--P_TAG_END -> P_TAG_END [0:15]
|           |--START -> < [0:15]
|           |--SLASH -> / [0:16]
|           |--P_HTML_TAG_NAME -> p [0:17]
|           `--END -> > [0:18]
|--NEWLINE -> \n [0:19]
|--LEADING_ASTERISK -> * [1:0]
|--TEXT ->   [1:1]
|--HTML_ELEMENT -> HTML_ELEMENT [1:2]
|   `--LI -> LI [1:2]
|       |--LI_TAG_START -> LI_TAG_START [1:2]
|       |   |--START -> < [1:2]
|       |   |--LI_HTML_TAG_NAME -> li [1:3]
|       |   `--END -> > [1:5]
|       |--TEXT ->   [1:6]
|       |--SINGLETON_ELEMENT -> SINGLETON_ELEMENT [1:7]
|       |   `--SOURCE_TAG -> SOURCE_TAG [1:7]
|       |       |--START -> < [1:7]
|       |       |--SOURCE_HTML_TAG_NAME -> source [1:8]
|       |       `--END -> > [1:14]
|       |--TEXT ->   [1:15]
|       `--LI_TAG_END -> LI_TAG_END [1:16]
|           |--START -> < [1:16]
|           |--SLASH -> / [1:17]
|           |--LI_HTML_TAG_NAME -> li [1:18]
|           `--END -> > [1:20]
|--NEWLINE -> \n [1:21]
|--LEADING_ASTERISK -> * [2:0]
|--TEXT ->   [2:1]
|--HTML_ELEMENT -> HTML_ELEMENT [2:2]
|   `--TR -> TR [2:2]
|       |--TR_TAG_START -> TR_TAG_START [2:2]
|       |   |--START -> < [2:2]
|       |   |--TR_HTML_TAG_NAME -> tr [2:3]
|       |   `--END -> > [2:5]
|       |--TEXT ->   [2:6]
|       |--SINGLETON_ELEMENT -> SINGLETON_ELEMENT [2:7]
|       |   `--SOURCE_TAG -> SOURCE_TAG [2:7]
|       |       |--START -> < [2:7]
|       |       |--SOURCE_HTML_TAG_NAME -> source [2:8]
|       |       `--END -> > [2:14]
|       |--TEXT ->   [2:15]
|       `--TR_TAG_END -> TR_TAG_END [2:16]
|           |--START -> < [2:16]
|           |--SLASH -> / [2:17]
|           |--TR_HTML_TAG_NAME -> tr [2:18]
|           `--END -> > [2:20]
|--NEWLINE -> \n [2:21]
|--LEADING_ASTERISK -> * [3:0]
|--TEXT ->   [3:1]
|--HTML_ELEMENT -> HTML_ELEMENT [3:2]
|   `--TD -> TD [3:2]
|       |--TD_TAG_START -> TD_TAG_START [3:2]
|       |   |--START -> < [3:2]
|       |   |--TD_HTML_TAG_NAME -> td [3:3]
|       |   `--END -> > [3:5]
|       |--TEXT ->   [3:6]
|       |--SINGLETON_ELEMENT -> SINGLETON_ELEMENT [3:7]
|       |   `--SOURCE_TAG -> SOURCE_TAG [3:7]
|       |       |--START -> < [3:7]
|       |       |--SOURCE_HTML_TAG_NAME -> source [3:8]
|       |       `--END -> > [3:14]
|       |--TEXT ->   [3:15]
|       `--TD_TAG_END -> TD_TAG_END [3:16]
|           |--START -> < [3:16]
|           |--SLASH -> / [3:17]
|           |--TD_HTML_TAG_NAME -> td [3:18]
|           `--END -> > [3:20]
|--NEWLINE -> \n [3:21]
|--LEADING_ASTERISK -> * [4:0]
|--TEXT ->   [4:1]
|--HTML_ELEMENT -> HTML_ELEMENT [4:2]
|   `--TH -> TH [4:2]
|       |--TH_TAG_START -> TH_TAG_START [4:2]
|       |   |--START -> < [4:2]
|       |   |--TH_HTML_TAG_NAME -> th [4:3]
|       |   `--END -> > [4:5]
|       |--TEXT ->   [4:6]
|       |--SINGLETON_ELEMENT -> SINGLETON_ELEMENT [4:7]
|       |   `--SOURCE_TAG -> SOURCE_TAG [4:7]
|       |       |--START -> < [4:7]
|       |       |--SOURCE_HTML_TAG_NAME -> source [4:8]
|       |       `--END -> > [4:14]
|       |--TEXT ->   [4:15]
|       `--TH_TAG_END -> TH_TAG_END [4:16]
|           |--START -> < [4:16]
|           |--SLASH -> / [4:17]
|           |--TH_HTML_TAG_NAME -> th [4:18]
|           `--END -> > [4:20]
|--NEWLINE -> \n [4:21]
|--LEADING_ASTERISK -> * [5:0]
|--TEXT ->   [5:1]
|--HTML_ELEMENT -> HTML_ELEMENT [5:2]
|   `--BODY -> BODY [5:2]
|       |--BODY_TAG_START -> BODY_TAG_START [5:2]
|       |   |--START -> < [5:2]
|       |   |--BODY_HTML_TAG_NAME -> body [5:3]
|       |   `--END -> > [5:7]
|       |--TEXT ->   [5:8]
|       |--SINGLETON_ELEMENT -> SINGLETON_ELEMENT [5:9]
|       |   `--SOURCE_TAG -> SOURCE_TAG [5:9]
|       |       |--START -> < [5:9]
|       |       |--SOURCE_HTML_TAG_NAME -> source [5:10]
|       |       `--END -> > [5:16]
|       |--TEXT ->   [5:17]
|       `--BODY_TAG_END -> BODY_TAG_END [5:18]
|           |--START -> < [5:18]
|           |--SLASH -> / [5:19]
|           |--BODY_HTML_TAG_NAME -> body [5:20]
|           `--END -> > [5:24]
|--NEWLINE -> \n [5:25]
|--LEADING_ASTERISK -> * [6:0]
|--TEXT ->   [6:1]
|--HTML_ELEMENT -> HTML_ELEMENT [6:2]
|   `--COLGROUP -> COLGROUP [6:2]
|       |--COLGROUP_TAG_START -> COLGROUP_TAG_START [6:2]
|       |   |--START -> < [6:2]
|       |   |--COLGROUP_HTML_TAG_NAME -> colgroup [6:3]
|       |   `--END -> > [6:11]
|       |--TEXT ->   [6:12]
|       |--SINGLETON_ELEMENT -> SINGLETON_ELEMENT [6:13]
|       |   `--SOURCE_TAG -> SOURCE_TAG [6:13]
|       |       |--START -> < [6:13]
|       |       |--SOURCE_HTML_TAG_NAME -> source [6:14]
|       |       `--END -> > [6:20]
|       |--TEXT ->   [6:21]
|       `--COLGROUP_TAG_END -> COLGROUP_TAG_END [6:22]
|           |--START -> < [6:22]
|           |--SLASH -> / [6:23]
|           |--COLGROUP_HTML_TAG_NAME -> colgroup [6:24]
|           `--END -> > [6:32]
|--NEWLINE -> \n [6:33]
|--LEADING_ASTERISK -> * [7:0]
|--TEXT ->   [7:1]
|--HTML_ELEMENT -> HTML_ELEMENT [7:2]
|   `--DD -> DD [7:2]
|       |--DD_TAG_START -> DD_TAG_START [7:2]
|       |   |--START -> < [7:2]
|       |   |--DD_HTML_TAG_NAME -> dd [7:3]
|       |   `--END -> > [7:5]
|       |--TEXT ->   [7:6]
|       |--SINGLETON_ELEMENT -> SINGLETON_ELEMENT [7:7]
|       |   `--SOURCE_TAG -> SOURCE_TAG [7:7]
|       |       |--START -> < [7:7]
|       |       |--SOURCE_HTML_TAG_NAME -> source [7:8]
|       |       `--END -> > [7:14]
|       |--TEXT ->   [7:15]
|       `--DD_TAG_END -> DD_TAG_END [7:16]
|           |--START -> < [7:16]
|           |--SLASH -> / [7:17]
|           |--DD_HTML_TAG_NAME -> dd [7:18]
|           `--END -> > [7:20]
|--NEWLINE -> \n [7:21]
|--LEADING_ASTERISK -> * [8:0]
|--TEXT ->   [8:1]
|--HTML_ELEMENT -> HTML_ELEMENT [8:2]
|   `--DT -> DT [8:2]
|       |--DT_TAG_START -> DT_TAG_START [8:2]
|       |   |--START -> < [8:2]
|       |   |--DT_HTML_TAG_NAME -> dt [8:3]
|       |   `--END -> > [8:5]
|       |--TEXT ->   [8:6]
|       |--SINGLETON_ELEMENT -> SINGLETON_ELEMENT [8:7]
|       |   `--SOURCE_TAG -> SOURCE_TAG [8:7]
|       |       |--START -> < [8:7]
|       |       |--SOURCE_HTML_TAG_NAME -> source [8:8]
|       |       `--END -> > [8:14]
|       |--TEXT ->   [8:15]
|       `--DT_TAG_END -> DT_TAG_END [8:16]
|           |--START -> < [8:16]
|           |--SLASH -> / [8:17]
|           |--DT_HTML_TAG_NAME -> dt [8:18]
|           `--END -> > [8:20]
|--NEWLINE -> \n [8:21]
|--LEADING_ASTERISK -> * [9:0]
|--TEXT ->   [9:1]
|--HTML_ELEMENT -> HTML_ELEMENT [9:2]
|   `--HEAD -> HEAD [9:2]
|       |--HEAD_TAG_START -> HEAD_TAG_START [9:2]
|       |   |--START -> < [9:2]
|       |   |--HEAD_HTML_TAG_NAME -> head [9:3]
|       |   `--END -> > [9:7]
|       |--TEXT ->   [9:8]
|       |--SINGLETON_ELEMENT -> SINGLETON_ELEMENT [9:9]
|       |   `--SOURCE_TAG -> SOURCE_TAG [9:9]
|       |       |--START -> < [9:9]
|       |       |--SOURCE_HTML_TAG_NAME -> source [9:10]
|       |       `--END -> > [9:16]
|       |--TEXT ->   [9:17]
|       `--HEAD_TAG_END -> HEAD_TAG_END [9:18]
|           |--START -> < [9:18]
|           |--SLASH -> / [9:19]
|           |--HEAD_HTML_TAG_NAME -> head [9:20]
|           `--END -> > [9:24]
|--NEWLINE -> \n [9:25]
|--LEADING_ASTERISK -> * [10:0]
|--TEXT ->   [10:1]
|--HTML_ELEMENT -> HTML_ELEMENT [10:2]
|   `--HTML -> HTML [10:2]
|       |--HTML_TAG_START -> HTML_TAG_START [10:2]
|       |   |--START -> < [10:2]
|       |   |--HTML_HTML_TAG_NAME -> html [10:3]
|       |   `--END -> > [10:7]
|       |--TEXT ->   [10:8]
|       |--SINGLETON_ELEMENT -> SINGLETON_ELEMENT [10:9]
|       |   `--SOURCE_TAG -> SOURCE_TAG [10:9]
|       |       |--START -> < [10:9]
|       |       |--SOURCE_HTML_TAG_NAME -> source [10:10]
|       |       `--END -> > [10:16]
|       |--TEXT ->   [10:17]
|       `--HTML_TAG_END -> HTML_TAG_END [10:18]
|           |--START -> < [10:18]
|           |--SLASH -> / [10:19]
|           |--HTML_HTML_TAG_NAME -> html [10:20]
|           `--END -> > [10:24]
|--NEWLINE -> \n [10:25]
|--LEADING_ASTERISK -> * [11:0]
|--TEXT ->   [11:1]
|--HTML_ELEMENT -> HTML_ELEMENT [11:2]
|   `--OPTION -> OPTION [11:2]
|       |--OPTION_TAG_START -> OPTION_TAG_START [11:2]
|       |   |--START -> < [11:2]
|       |   |--OPTION_HTML_TAG_NAME -> option [11:3]
|       |   `--END -> > [11:9]
|       |--TEXT ->   [11:10]
|       |--SINGLETON_ELEMENT -> SINGLETON_ELEMENT [11:11]
|       |   `--SOURCE_TAG -> SOURCE_TAG [11:11]
|       |       |--START -> < [11:11]
|       |       |--SOURCE_HTML_TAG_NAME -> source [11:12]
|       |       `--END -> > [11:18]
|       |--TEXT ->   [11:19]
|       `--OPTION_TAG_END -> OPTION_TAG_END [11:20]
|           |--START -> < [11:20]
|           |--SLASH -> / [11:21]
|           |--OPTION_HTML_TAG_NAME -> option [11:22]
|           `--END -> > [11:28]
|--NEWLINE -> \n [11:29]
|--LEADING_ASTERISK -> * [12:0]
|--TEXT ->   [12:1]
|--HTML_ELEMENT -> HTML_ELEMENT [12:2]
|   `--TBODY -> TBODY [12:2]
|       |--TBODY_TAG_START -> TBODY_TAG_START [12:2]
|       |   |--START -> < [12:2]
|       |   |--TBODY_HTML_TAG_NAME -> tbody [12:3]
|       |   `--END -> > [12:8]
|       |--TEXT ->   [12:9]
|       |--SINGLETON_ELEMENT -> SINGLETON_ELEMENT [12:10]
|       |   `--SOURCE_TAG -> SOURCE_TAG [12:10]
|       |       |--START -> < [12:10]
|       |       |--SOURCE_HTML_TAG_NAME -> source [12:11]
|       |       `--END -> > [12:17]
|       |--TEXT ->   [12:18]
|       `--TBODY_TAG_END -> TBODY_TAG_END [12:19]
|           |--START -> < [12:19]
|           |--SLASH -> / [12:20]
|           |--TBODY_HTML_TAG_NAME -> tbody [12:21]
|           `--END -> > [12:26]
|--NEWLINE -> \n [12:27]
|--LEADING_ASTERISK -> * [13:0]
|--TEXT ->   [13:1]
|--HTML_ELEMENT -> HTML_ELEMENT [13:2]
|   `--THEAD -> THEAD [13:2]
|       |--THEAD_TAG_START -> THEAD_TAG_START [13:2]
|       |   |--START -> < [13:2]
|       |   |--THEAD_HTML_TAG_NAME -> thead [13:3]
|       |   `--END -> > [13:8]
|       |--TEXT ->   [13:9]
|       |--SINGLETON_ELEMENT -> SINGLETON_ELEMENT [13:10]
|       |   `--SOURCE_TAG -> SOURCE_TAG [13:10]
|       |       |--START -> < [13:10]
|       |       |--SOURCE_HTML_TAG_NAME -> source [13:11]
|       |       `--END -> > [13:17]
|       |--TEXT ->   [13:18]
|       `--THEAD_TAG_END -> THEAD_TAG_END [13:19]
|           |--START -> < [13:19]
|           |--SLASH -> / [13:20]
|           |--THEAD_HTML_TAG_NAME -> thead [13:21]
|           `--END -> > [13:26]
|--NEWLINE -> \n [13:27]
|--LEADING_ASTERISK -> * [14:0]
|--TEXT ->   [14:1]
|--HTML_ELEMENT -> HTML_ELEMENT [14:2]
|   `--TFOOT -> TFOOT [14:2]
|       |--TFOOT_TAG_START -> TFOOT_TAG_START [14:2]
|       |   |--START -> < [14:2]
|       |   |--TFOOT_HTML_TAG_NAME -> tfoot [14:3]
|       |   `--END -> > [14:8]
|       |--TEXT ->   [14:9]
|       |--SINGLETON_ELEMENT -> SINGLETON_ELEMENT [14:10]
|       |   `--SOURCE_TAG -> SOURCE_TAG [14:10]
|       |       |--START -> < [14:10]
|       |       |--SOURCE_HTML_TAG_NAME -> source [14:11]
|       |       `--END -> > [14:17]
|       |--TEXT ->   [14:18]
|       `--TFOOT_TAG_END -> TFOOT_TAG_END [14:19]
|           |--START -> < [14:19]
|           |--SLASH -> / [14:20]
|           |--TFOOT_HTML_TAG_NAME -> tfoot [14:21]
|           `--END -> > [14:26]
|--NEWLINE -> \n [14:27]
|--NEWLINE -> \n [15:0]
|--LEADING_ASTERISK -> * [16:0]
|--TEXT ->   [16:1]
|--HTML_ELEMENT -> HTML_ELEMENT [16:2]
|   `--PARAGRAPH -> PARAGRAPH [16:2]
|       |--P_TAG_START -> P_TAG_START [16:2]
|       |   |--START -> < [16:2]
|       |   |--P_HTML_TAG_NAME -> p [16:3]
|       |   `--END -> > [16:4]
|       |--TEXT ->   [16:5]
|       |--SINGLETON_ELEMENT -> SINGLETON_ELEMENT [16:6]
|       |   `--SOURCE_TAG -> SOURCE_TAG [16:6]
|       |       |--START -> < [16:6]
|       |       |--SOURCE_HTML_TAG_NAME -> source [16:7]
|       |       `--SLASH_END -> /> [16:13]
|       |--TEXT ->   [16:15]
|       `--P_TAG_END -> P_TAG_END [16:16]
|           |--START -> < [16:16]
|           |--SLASH -> / [16:17]
|           |--P_HTML_TAG_NAME -> p [16:18]
|           `--END -> > [16:19]
|--NEWLINE -> \n [16:20]
|--LEADING_ASTERISK -> * [17:0]
|--TEXT ->   [17:1]
|--HTML_ELEMENT -> HTML_ELEMENT [17:2]
|   `--LI -> LI [17:2]
|       |--LI_TAG_START -> LI_TAG_START [17:2]
|       |   |--START -> < [17:2]
|       |   |--LI_HTML_TAG_NAME -> li [17:3]
|       |   `--END -> > [17:5]
|       |--TEXT ->   [17:6]
|       |--SINGLETON_ELEMENT -> SINGLETON_ELEMENT [17:7]
|       |   `--SOURCE_TAG -> SOURCE_TAG [17:7]
|       |       |--START -> < [17:7]
|       |       |--SOURCE_HTML_TAG_NAME -> source [17:8]
|       |       `--SLASH_END -> /> [17:14]
|       |--TEXT ->   [17:16]
|       `--LI_TAG_END -> LI_TAG_END [17:17]
|           |--START -> < [17:17]
|           |--SLASH -> / [17:18]
|           |--LI_HTML_TAG_NAME -> li [17:19]
|           `--END -> > [17:21]
|--NEWLINE -> \n [17:22]
|--LEADING_ASTERISK -> * [18:0]
|--TEXT ->   [18:1]
|--HTML_ELEMENT -> HTML_ELEMENT [18:2]
|   `--TR -> TR [18:2]
|       |--TR_TAG_START -> TR_TAG_START [18:2]
|       |   |--START -> < [18:2]
|       |   |--TR_HTML_TAG_NAME -> tr [18:3]
|       |   `--END -> > [18:5]
|       |--TEXT ->   [18:6]
|       |--SINGLETON_ELEMENT -> SINGLETON_ELEMENT [18:7]
|       |   `--SOURCE_TAG -> SOURCE_TAG [18:7]
|       |       |--START -> < [18:7]
|       |       |--SOURCE_HTML_TAG_NAME -> source [18:8]
|       |       `--SLASH_END -> /> [18:14]
|       |--TEXT ->   [18:16]
|       `--TR_TAG_END -> TR_TAG_END [18:17]
|           |--START -> < [18:17]
|           |--SLASH -> / [18:18]
|           |--TR_HTML_TAG_NAME -> tr [18:19]
|           `--END -> > [18:21]
|--NEWLINE -> \n [18:22]
|--LEADING_ASTERISK -> * [19:0]
|--TEXT ->   [19:1]
|--HTML_ELEMENT -> HTML_ELEMENT [19:2]
|   `--TD -> TD [19:2]
|       |--TD_TAG_START -> TD_TAG_START [19:2]
|       |   |--START -> < [19:2]
|       |   |--TD_HTML_TAG_NAME -> td [19:3]
|       |   `--END -> > [19:5]
|       |--TEXT ->   [19:6]
|       |--SINGLETON_ELEMENT -> SINGLETON_ELEMENT [19:7]
|       |   `--SOURCE_TAG -> SOURCE_TAG [19:7]
|       |       |--START -> < [19:7]
|       |       |--SOURCE_HTML_TAG_NAME -> source [19:8]
|       |       `--SLASH_END -> /> [19:14]
|       |--TEXT ->   [19:16]
|       `--TD_TAG_END -> TD_TAG_END [19:17]
|           |--START -> < [19:17]
|           |--SLASH -> / [19:18]
|           |--TD_HTML_TAG_NAME -> td [19:19]
|           `--END -> > [19:21]
|--NEWLINE -> \n [19:22]
|--LEADING_ASTERISK -> * [20:0]
|--TEXT ->   [20:1]
|--HTML_ELEMENT -> HTML_ELEMENT [20:2]
|   `--TH -> TH [20:2]
|       |--TH_TAG_START -> TH_TAG_START [20:2]
|       |   |--START -> < [20:2]
|       |   |--TH_HTML_TAG_NAME -> th [20:3]
|       |   `--END -> > [20:5]
|       |--TEXT ->   [20:6]
|       |--SINGLETON_ELEMENT -> SINGLETON_ELEMENT [20:7]
|       |   `--SOURCE_TAG -> SOURCE_TAG [20:7]
|       |       |--START -> < [20:7]
|       |       |--SOURCE_HTML_TAG_NAME -> source [20:8]
|       |       `--SLASH_END -> /> [20:14]
|       |--TEXT ->   [20:16]
|       `--TH_TAG_END -> TH_TAG_END [20:17]
|           |--START -> < [20:17]
|           |--SLASH -> / [20:18]
|           |--TH_HTML_TAG_NAME -> th [20:19]
|           `--END -> > [20:21]
|--NEWLINE -> \n [20:22]
|--LEADING_ASTERISK -> * [21:0]
|--TEXT ->   [21:1]
|--HTML_ELEMENT -> HTML_ELEMENT [21:2]
|   `--BODY -> BODY [21:2]
|       |--BODY_TAG_START -> BODY_TAG_START [21:2]
|       |   |--START -> < [21:2]
|       |   |--BODY_HTML_TAG_NAME -> body [21:3]
|       |   `--END -> > [21:7]
|       |--TEXT ->   [21:8]
|       |--SINGLETON_ELEMENT -> SINGLETON_ELEMENT [21:9]
|       |   `--SOURCE_TAG -> SOURCE_TAG [21:9]
|       |       |--START -> < [21:9]
|       |       |--SOURCE_HTML_TAG_NAME -> source [21:10]
|       |       `--SLASH_END -> /> [21:16]
|       |--TEXT ->   [21:18]
|       `--BODY_TAG_END -> BODY_TAG_END [21:19]
|           |--START -> < [21:19]
|           |--SLASH -> / [21:20]
|           |--BODY_HTML_TAG_NAME -> body [21:21]
|           `--END -> > [21:25]
|--NEWLINE -> \n [21:26]
|--LEADING_ASTERISK -> * [22:0]
|--TEXT ->   [22:1]
|--HTML_ELEMENT -> HTML_ELEMENT [22:2]
|   `--COLGROUP -> COLGROUP [22:2]
|       |--COLGROUP_TAG_START -> COLGROUP_TAG_START [22:2]
|       |   |--START -> < [22:2]
|       |   |--COLGROUP_HTML_TAG_NAME -> colgroup [22:3]
|       |   `--END -> > [22:11]
|       |--TEXT ->   [22:12]
|       |--SINGLETON_ELEMENT -> SINGLETON_ELEMENT [22:13]
|       |   `--SOURCE_TAG -> SOURCE_TAG [22:13]
|       |       |--START -> < [22:13]
|       |       |--SOURCE_HTML_TAG_NAME -> source [22:14]
|       |       `--SLASH_END -> /> [22:20]
|       |--TEXT ->   [22:22]
|       `--COLGROUP_TAG_END -> COLGROUP_TAG_END [22:23]
|           |--START -> < [22:23]
|           |--SLASH -> / [22:24]
|           |--COLGROUP_HTML_TAG_NAME -> colgroup [22:25]
|           `--END -> > [22:33]
|--NEWLINE -> \n [22:34]
|--LEADING_ASTERISK -> * [23:0]
|--TEXT ->   [23:1]
|--HTML_ELEMENT -> HTML_ELEMENT [23:2]
|   `--DD -> DD [23:2]
|       |--DD_TAG_START -> DD_TAG_START [23:2]
|       |   |--START -> < [23:2]
|       |   |--DD_HTML_TAG_NAME -> dd [23:3]
|       |   `--END -> > [23:5]
|       |--TEXT ->   [23:6]
|       |--SINGLETON_ELEMENT -> SINGLETON_ELEMENT [23:7]
|       |   `--SOURCE_TAG -> SOURCE_TAG [23:7]
|       |       |--START -> < [23:7]
|       |       |--SOURCE_HTML_TAG_NAME -> source [23:8]
|       |       `--SLASH_END -> /> [23:14]
|       |--TEXT ->   [23:16]
|       `--DD_TAG_END -> DD_TAG_END [23:17]
|           |--START -> < [23:17]
|           |--SLASH -> / [23:18]
|           |--DD_HTML_TAG_NAME -> dd [23:19]
|           `--END -> > [23:21]
|--NEWLINE -> \n [23:22]
|--LEADING_ASTERISK -> * [24:0]
|--TEXT ->   [24:1]
|--HTML_ELEMENT -> HTML_ELEMENT [24:2]
|   `--DT -> DT [24:2]
|       |--DT_TAG_START -> DT_TAG_START [24:2]
|       |   |--START -> < [24:2]
|       |   |--DT_HTML_TAG_NAME -> dt [24:3]
|       |   `--END -> > [24:5]
|       |--TEXT ->   [24:6]
|       |--SINGLETON_ELEMENT -> SINGLETON_ELEMENT [24:7]
|       |   `--SOURCE_TAG -> SOURCE_TAG [24:7]
|       |       |--START -> < [24:7]
|       |       |--SOURCE_HTML_TAG_NAME -> source [24:8]
|       |       `--SLASH_END -> /> [24:14]
|       |--TEXT ->   [24:16]
|       `--DT_TAG_END -> DT_TAG_END [24:17]
|           |--START -> < [24:17]
|           |--SLASH -> / [24:18]
|           |--DT_HTML_TAG_NAME -> dt [24:19]
|           `--END -> > [24:21]
|--NEWLINE -> \n [24:22]
|--LEADING_ASTERISK -> * [25:0]
|--TEXT ->   [25:1]
|--HTML_ELEMENT -> HTML_ELEMENT [25:2]
|   `--HEAD -> HEAD [25:2]
|       |--HEAD_TAG_START -> HEAD_TAG_START [25:2]
|       |   |--START -> < [25:2]
|       |   |--HEAD_HTML_TAG_NAME -> head [25:3]
|       |   `--END -> > [25:7]
|       |--TEXT ->   [25:8]
|       |--SINGLETON_ELEMENT -> SINGLETON_ELEMENT [25:9]
|       |   `--SOURCE_TAG -> SOURCE_TAG [25:9]
|       |       |--START -> < [25:9]
|       |       |--SOURCE_HTML_TAG_NAME -> source [25:10]
|       |       `--SLASH_END -> /> [25:16]
|       |--TEXT ->   [25:18]
|       `--HEAD_TAG_END -> HEAD_TAG_END [25:19]
|           |--START -> < [25:19]
|           |--SLASH -> / [25:20]
|           |--HEAD_HTML_TAG_NAME -> head [25:21]
|           `--END -> > [25:25]
|--NEWLINE -> \n [25:26]
|--LEADING_ASTERISK -> * [26:0]
|--TEXT ->   [26:1]
|--HTML_ELEMENT -> HTML_ELEMENT [26:2]
|   `--HTML -> HTML [26:2]
|       |--HTML_TAG_START -> HTML_TAG_START [26:2]
|       |   |--START -> < [26:2]
|       |   |--HTML_HTML_TAG_NAME -> html [26:3]
|       |   `--END -> > [26:7]
|       |--TEXT ->   [26:8]
|       |--SINGLETON_ELEMENT -> SINGLETON_ELEMENT [26:9]
|       |   `--SOURCE_TAG -> SOURCE_TAG [26:9]
|       |       |--START -> < [26:9]
|       |       |--SOURCE_HTML_TAG_NAME -> source [26:10]
|       |       `--SLASH_END -> /> [26:16]
|       |--TEXT ->   [26:18]
|       `--HTML_TAG_END -> HTML_TAG_END [26:19]
|           |--START -> < [26:19]
|           |--SLASH -> / [26:20]
|           |--HTML_HTML_TAG_NAME -> html [26:21]
|           `--END -> > [26:25]
|--NEWLINE -> \n [26:26]
|--LEADING_ASTERISK -> * [27:0]
|--TEXT ->   [27:1]
|--HTML_ELEMENT -> HTML_ELEMENT [27:2]
|   `--OPTION -> OPTION [27:2]
|       |--OPTION_TAG_START -> OPTION_TAG_START [27:2]
|       |   |--START -> < [27:2]
|       |   |--OPTION_HTML_TAG_NAME -> option [27:3]
|       |   `--END -> > [27:9]
|       |--TEXT ->   [27:10]
|       |--SINGLETON_ELEMENT -> SINGLETON_ELEMENT [27:11]
|       |   `--SOURCE_TAG -> SOURCE_TAG [27:11]
|       |       |--START -> < [27:11]
|       |       |--SOURCE_HTML_TAG_NAME -> source [27:12]
|       |       `--SLASH_END -> /> [27:18]
|       |--TEXT ->   [27:20]
|       `--OPTION_TAG_END -> OPTION_TAG_END [27:21]
|           |--START -> < [27:21]
|           |--SLASH -> / [27:22]
|           |--OPTION_HTML_TAG_NAME -> option [27:23]
|           `--END -> > [27:29]
|--NEWLINE -> \n [27:30]
|--LEADING_ASTERISK -> * [28:0]
|--TEXT ->   [28:1]
|--HTML_ELEMENT -> HTML_ELEMENT [28:2]
|   `--TBODY -> TBODY [28:2]
|       |--TBODY_TAG_START -> TBODY_TAG_START [28:2]
|       |   |--START -> < [28:2]
|       |   |--TBODY_HTML_TAG_NAME -> tbody [28:3]
|       |   `--END -> > [28:8]
|       |--TEXT ->   [28:9]
|       |--SINGLETON_ELEMENT -> SINGLETON_ELEMENT [28:10]
|       |   `--SOURCE_TAG -> SOURCE_TAG [28:10]
|       |       |--START -> < [28:10]
|       |       |--SOURCE_HTML_TAG_NAME -> source [28:11]
|       |       `--SLASH_END -> /> [28:17]
|       |--TEXT ->   [28:19]
|       `--TBODY_TAG_END -> TBODY_TAG_END [28:20]
|           |--START -> < [28:20]
|           |--SLASH -> / [28:21]
|           |--TBODY_HTML_TAG_NAME -> tbody [28:22]
|           `--END -> > [28:27]
|--NEWLINE -> \n [28:28]
|--LEADING_ASTERISK -> * [29:0]
|--TEXT ->   [29:1]
|--HTML_ELEMENT -> HTML_ELEMENT [29:2]
|   `--THEAD -> THEAD [29:2]
|       |--THEAD_TAG_START -> THEAD_TAG_START [29:2]
|       |   |--START -> < [29:2]
|       |   |--THEAD_HTML_TAG_NAME -> thead [29:3]
|       |   `--END -> > [29:8]
|       |--TEXT ->   [29:9]
|       |--SINGLETON_ELEMENT -> SINGLETON_ELEMENT [29:10]
|       |   `--SOURCE_TAG -> SOURCE_TAG [29:10]
|       |       |--START -> < [29:10]
|       |       |--SOURCE_HTML_TAG_NAME -> source [29:11]
|       |       `--SLASH_END -> /> [29:17]
|       |--TEXT ->   [29:19]
|       `--THEAD_TAG_END -> THEAD_TAG_END [29:20]
|           |--START -> < [29:20]
|           |--SLASH -> / [29:21]
|           |--THEAD_HTML_TAG_NAME -> thead [29:22]
|           `--END -> > [29:27]
|--NEWLINE -> \n [29:28]
|--LEADING_ASTERISK -> * [30:0]
|--TEXT ->   [30:1]
|--HTML_ELEMENT -> HTML_ELEMENT [30:2]
|   `--TFOOT -> TFOOT [30:2]
|       |--TFOOT_TAG_START -> TFOOT_TAG_START [30:2]
|       |   |--START -> < [30:2]
|       |   |--TFOOT_HTML_TAG_NAME -> tfoot [30:3]
|       |   `--END -> > [30:8]
|       |--TEXT ->   [30:9]
|       |--SINGLETON_ELEMENT -> SINGLETON_ELEMENT [30:10]
|       |   `--SOURCE_TAG -> SOURCE_TAG [30:10]
|       |       |--START -> < [30:10]
|       |       |--SOURCE_HTML_TAG_NAME -> source [30:11]
|       |       `--SLASH_END -> /> [30:17]
|       |--TEXT ->   [30:19]
|       `--TFOOT_TAG_END -> TFOOT_TAG_END [30:20]
|           |--START -> < [30:20]
|           |--SLASH -> / [30:21]
|           |--TFOOT_HTML_TAG_NAME -> tfoot [30:22]
|           `--END -> > [30:27]
|--NEWLINE -> \n [30:28]
|--NEWLINE -> \n [31:0]
|--LEADING_ASTERISK -> * [32:0]
|--TEXT ->   [32:1]
|--HTML_ELEMENT -> HTML_ELEMENT [32:2]
|   `--SINGLETON_ELEMENT -> SINGLETON_ELEMENT [32:2]
|       `--SOURCE_TAG -> SOURCE_TAG [32:2]
|           |--START -> < [32:2]
|           |--SOURCE_HTML_TAG_NAME -> source [32:3]
|           `--END -> > [32:9]
|--NEWLINE -> \n [32:10]
|--LEADING_ASTERISK -> * [33:0]
|--TEXT ->   [33:1]
|--HTML_ELEMENT -> HTML_ELEMENT [33:2]
|   `--SINGLETON_ELEMENT -> SINGLETON_ELEMENT [33:2]
|       `--SOURCE_TAG -> SOURCE_TAG [33:2]
|           |--START -> < [33:2]
|           |--SOURCE_HTML_TAG_NAME -> source [33:3]
|           `--SLASH_END -> /> [33:9]
|--NEWLINE -> \n [33:11]
|--LEADING_ASTERISK -> * [34:0]
|--TEXT ->   [34:1]
|--HTML_ELEMENT -> HTML_ELEMENT [34:2]
|   `--SINGLETON_ELEMENT -> SINGLETON_ELEMENT [34:2]
|       `--SOURCE_TAG -> SOURCE_TAG [34:2]
|           |--START -> < [34:2]
|           |--SOURCE_HTML_TAG_NAME -> source [34:3]
|           |--WS ->   [34:9]
|           |--ATTRIBUTE -> ATTRIBUTE [34:10]
|           |   |--HTML_TAG_NAME -> attr [34:10]
|           |   |--EQUALS -> = [34:14]
|           |   `--ATTR_VALUE -> "something" [34:15]
|           `--END -> > [34:27]
|--NEWLINE -> \n [34:28]
|--LEADING_ASTERISK -> * [35:0]
|--TEXT ->   [35:1]
|--HTML_ELEMENT -> HTML_ELEMENT [35:2]
|   `--SINGLETON_ELEMENT -> SINGLETON_ELEMENT [35:2]
|       `--SOURCE_TAG -> SOURCE_TAG [35:2]
|           |--START -> < [35:2]
|           |--SOURCE_HTML_TAG_NAME -> source [35:3]
|           |--WS ->   [35:9]
|           |--ATTRIBUTE -> ATTRIBUTE [35:10]
|           |   |--HTML_TAG_NAME -> attr [35:10]
|           |   |--EQUALS -> = [35:14]
|           |   `--ATTR_VALUE -> "something" [35:15]
|           `--SLASH_END -> /> [35:27]
|--NEWLINE -> \n [35:29]
|--LEADING_ASTERISK -> * [36:0]
|--TEXT ->   [36:1]
|--HTML_ELEMENT -> HTML_ELEMENT [36:2]
|   `--SINGLETON_ELEMENT -> SINGLETON_ELEMENT [36:2]
|       `--SOURCE_TAG -> SOURCE_TAG [36:2]
|           |--START -> < [36:2]
|           |--SOURCE_HTML_TAG_NAME -> source [36:3]
|           |--WS ->   [36:9]
|           |--ATTRIBUTE -> ATTRIBUTE [36:10]
|           |   |--HTML_TAG_NAME -> attr [36:10]
|           |   |--EQUALS -> = [36:14]
|           |   `--ATTR_VALUE -> "something" [36:15]
|           |--WS ->   [36:27]
|           |--ATTRIBUTE -> ATTRIBUTE [36:28]
|           |   |--HTML_TAG_NAME -> attr2 [36:28]
|           |   |--EQUALS -> = [36:33]
|           |   `--ATTR_VALUE -> "someotherthing" [36:34]
|           `--END -> > [36:51]
|--NEWLINE -> \n [36:52]
|--LEADING_ASTERISK -> * [37:0]
|--TEXT ->   [37:1]
|--HTML_ELEMENT -> HTML_ELEMENT [37:2]
|   `--SINGLETON_ELEMENT -> SINGLETON_ELEMENT [37:2]
|       `--SOURCE_TAG -> SOURCE_TAG [37:2]
|           |--START -> < [37:2]
|           |--SOURCE_HTML_TAG_NAME -> source [37:3]
|           |--WS ->   [37:9]
|           |--ATTRIBUTE -> ATTRIBUTE [37:10]
|           |   |--HTML_TAG_NAME -> attr [37:10]
|           |   |--EQUALS -> = [37:14]
|           |   `--ATTR_VALUE -> "something" [37:15]
|           |--WS ->   [37:27]
|           |--ATTRIBUTE -> ATTRIBUTE [37:28]
|           |   |--HTML_TAG_NAME -> attr2 [37:28]
|           |   |--EQUALS -> = [37:33]
|           |   `--ATTR_VALUE -> "someotherthing" [37:34]
|           `--SLASH_END -> /> [37:51]
|--NEWLINE -> \n [37:53]
|--LEADING_ASTERISK -> * [38:0]
|--TEXT ->   [38:1]
|--HTML_ELEMENT -> HTML_ELEMENT [38:2]
|   `--SINGLETON_ELEMENT -> SINGLETON_ELEMENT [38:2]
|       `--SOURCE_TAG -> SOURCE_TAG [38:2]
|           |--START -> < [38:2]
|           |--SOURCE_HTML_TAG_NAME -> source [38:3]
|           |--WS ->   [38:9]
|           |--ATTRIBUTE -> ATTRIBUTE [38:10]
|           |   |--HTML_TAG_NAME -> attr [38:10]
|           |   |--EQUALS -> = [38:14]
|           |   `--ATTR_VALUE -> "something" [38:15]
|           |--WS ->   [38:27]
|           |--NEWLINE -> \n [38:28]
|           |--LEADING_ASTERISK -> * [39:0]
|           |--WS ->   [39:1]
|           |--ATTRIBUTE -> ATTRIBUTE [39:2]
|           |   |--HTML_TAG_NAME -> attr2 [39:2]
|           |   |--EQUALS -> = [39:7]
|           |   `--ATTR_VALUE -> "someotherting" [39:8]
|           `--END -> > [39:24]
|--NEWLINE -> \n [39:25]
|--LEADING_ASTERISK -> * [40:0]
|--TEXT ->   [40:1]
|--HTML_ELEMENT -> HTML_ELEMENT [40:2]
|   `--SINGLETON_ELEMENT -> SINGLETON_ELEMENT [40:2]
|       `--SOURCE_TAG -> SOURCE_TAG [40:2]
|           |--START -> < [40:2]
|           |--SOURCE_HTML_TAG_NAME -> source [40:3]
|           |--WS ->   [40:9]
|           |--ATTRIBUTE -> ATTRIBUTE [40:10]
|           |   |--HTML_TAG_NAME -> attr [40:10]
|           |   |--EQUALS -> = [40:14]
|           |   `--ATTR_VALUE -> "something" [40:15]
|           |--WS ->   [40:27]
|           |--NEWLINE -> \n [40:28]
|           |--LEADING_ASTERISK -> * [41:0]
|           |--WS ->   [41:1]
|           |--ATTRIBUTE -> ATTRIBUTE [41:2]
|           |   |--HTML_TAG_NAME -> attr2 [41:2]
|           |   |--EQUALS -> = [41:7]
|           |   `--ATTR_VALUE -> "someotherting" [41:8]
|           `--SLASH_END -> /> [41:24]
`--EOF -> <EOF> [41:26]]
> but was:<...DOC -> JAVADOC [0:0][
|--LEADING_ASTERISK -> * [0:0]
|--TEXT ->   [0:1]
|--HTML_ELEMENT -> HTML_ELEMENT [0:2]
|   `--PARAGRAPH -> PARAGRAPH [0:2]
|       |--P_TAG_START -> P_TAG_START [0:2]
|       |   |--START -> < [0:2]
|       |   |--P_HTML_TAG_NAME -> p [0:3]
|       |   `--END -> > [0:4]
|       |--TEXT ->   [0:5]
|       |--SINGLETON_ELEMENT -> SINGLETON_ELEMENT [0:6]
|       |   `--SOURCE_TAG -> SOURCE_TAG [0:6]
|       |       |--START -> < [0:6]
|       |       |--SOURCE_HTML_TAG_NAME -> source [0:7]
|       |       `--END -> > [0:13]
|       |--TEXT ->   [0:14]
|       `--P_TAG_END -> P_TAG_END [0:15]
|           |--START -> < [0:15]
|           |--SLASH -> / [0:16]
|           |--P_HTML_TAG_NAME -> p [0:17]
|           `--END -> > [0:18]
|--NEWLINE -> \n [0:19]
|--LEADING_ASTERISK -> * [1:0]
|--TEXT ->   [1:1]
|--HTML_ELEMENT -> HTML_ELEMENT [1:2]
|   `--LI -> LI [1:2]
|       |--LI_TAG_START -> LI_TAG_START [1:2]
|       |   |--START -> < [1:2]
|       |   |--LI_HTML_TAG_NAME -> li [1:3]
|       |   `--END -> > [1:5]
|       |--TEXT ->   [1:6]
|       |--SINGLETON_ELEMENT -> SINGLETON_ELEMENT [1:7]
|       |   `--SOURCE_TAG -> SOURCE_TAG [1:7]
|       |       |--START -> < [1:7]
|       |       |--SOURCE_HTML_TAG_NAME -> source [1:8]
|       |       `--END -> > [1:14]
|       |--TEXT ->   [1:15]
|       `--LI_TAG_END -> LI_TAG_END [1:16]
|           |--START -> < [1:16]
|           |--SLASH -> / [1:17]
|           |--LI_HTML_TAG_NAME -> li [1:18]
|           `--END -> > [1:20]
|--NEWLINE -> \n [1:21]
|--LEADING_ASTERISK -> * [2:0]
|--TEXT ->   [2:1]
|--HTML_ELEMENT -> HTML_ELEMENT [2:2]
|   `--TR -> TR [2:2]
|       |--TR_TAG_START -> TR_TAG_START [2:2]
|       |   |--START -> < [2:2]
|       |   |--TR_HTML_TAG_NAME -> tr [2:3]
|       |   `--END -> > [2:5]
|       |--TEXT ->   [2:6]
|       |--SINGLETON_ELEMENT -> SINGLETON_ELEMENT [2:7]
|       |   `--SOURCE_TAG -> SOURCE_TAG [2:7]
|       |       |--START -> < [2:7]
|       |       |--SOURCE_HTML_TAG_NAME -> source [2:8]
|       |       `--END -> > [2:14]
|       |--TEXT ->   [2:15]
|       `--TR_TAG_END -> TR_TAG_END [2:16]
|           |--START -> < [2:16]
|           |--SLASH -> / [2:17]
|           |--TR_HTML_TAG_NAME -> tr [2:18]
|           `--END -> > [2:20]
|--NEWLINE -> \n [2:21]
|--LEADING_ASTERISK -> * [3:0]
|--TEXT ->   [3:1]
|--HTML_ELEMENT -> HTML_ELEMENT [3:2]
|   `--TD -> TD [3:2]
|       |--TD_TAG_START -> TD_TAG_START [3:2]
|       |   |--START -> < [3:2]
|       |   |--TD_HTML_TAG_NAME -> td [3:3]
|       |   `--END -> > [3:5]
|       |--TEXT ->   [3:6]
|       |--SINGLETON_ELEMENT -> SINGLETON_ELEMENT [3:7]
|       |   `--SOURCE_TAG -> SOURCE_TAG [3:7]
|       |       |--START -> < [3:7]
|       |       |--SOURCE_HTML_TAG_NAME -> source [3:8]
|       |       `--END -> > [3:14]
|       |--TEXT ->   [3:15]
|       `--TD_TAG_END -> TD_TAG_END [3:16]
|           |--START -> < [3:16]
|           |--SLASH -> / [3:17]
|           |--TD_HTML_TAG_NAME -> td [3:18]
|           `--END -> > [3:20]
|--NEWLINE -> \n [3:21]
|--LEADING_ASTERISK -> * [4:0]
|--TEXT ->   [4:1]
|--HTML_ELEMENT -> HTML_ELEMENT [4:2]
|   `--TH -> TH [4:2]
|       |--TH_TAG_START -> TH_TAG_START [4:2]
|       |   |--START -> < [4:2]
|       |   |--TH_HTML_TAG_NAME -> th [4:3]
|       |   `--END -> > [4:5]
|       |--TEXT ->   [4:6]
|       |--SINGLETON_ELEMENT -> SINGLETON_ELEMENT [4:7]
|       |   `--SOURCE_TAG -> SOURCE_TAG [4:7]
|       |       |--START -> < [4:7]
|       |       |--SOURCE_HTML_TAG_NAME -> source [4:8]
|       |       `--END -> > [4:14]
|       |--TEXT ->   [4:15]
|       `--TH_TAG_END -> TH_TAG_END [4:16]
|           |--START -> < [4:16]
|           |--SLASH -> / [4:17]
|           |--TH_HTML_TAG_NAME -> th [4:18]
|           `--END -> > [4:20]
|--NEWLINE -> \n [4:21]
|--LEADING_ASTERISK -> * [5:0]
|--TEXT ->   [5:1]
|--HTML_ELEMENT -> HTML_ELEMENT [5:2]
|   `--BODY -> BODY [5:2]
|       |--BODY_TAG_START -> BODY_TAG_START [5:2]
|       |   |--START -> < [5:2]
|       |   |--BODY_HTML_TAG_NAME -> body [5:3]
|       |   `--END -> > [5:7]
|       |--TEXT ->   [5:8]
|       |--SINGLETON_ELEMENT -> SINGLETON_ELEMENT [5:9]
|       |   `--SOURCE_TAG -> SOURCE_TAG [5:9]
|       |       |--START -> < [5:9]
|       |       |--SOURCE_HTML_TAG_NAME -> source [5:10]
|       |       `--END -> > [5:16]
|       |--TEXT ->   [5:17]
|       `--BODY_TAG_END -> BODY_TAG_END [5:18]
|           |--START -> < [5:18]
|           |--SLASH -> / [5:19]
|           |--BODY_HTML_TAG_NAME -> body [5:20]
|           `--END -> > [5:24]
|--NEWLINE -> \n [5:25]
|--LEADING_ASTERISK -> * [6:0]
|--TEXT ->   [6:1]
|--HTML_ELEMENT -> HTML_ELEMENT [6:2]
|   `--COLGROUP -> COLGROUP [6:2]
|       |--COLGROUP_TAG_START -> COLGROUP_TAG_START [6:2]
|       |   |--START -> < [6:2]
|       |   |--COLGROUP_HTML_TAG_NAME -> colgroup [6:3]
|       |   `--END -> > [6:11]
|       |--TEXT ->   [6:12]
|       |--SINGLETON_ELEMENT -> SINGLETON_ELEMENT [6:13]
|       |   `--SOURCE_TAG -> SOURCE_TAG [6:13]
|       |       |--START -> < [6:13]
|       |       |--SOURCE_HTML_TAG_NAME -> source [6:14]
|       |       `--END -> > [6:20]
|       |--TEXT ->   [6:21]
|       `--COLGROUP_TAG_END -> COLGROUP_TAG_END [6:22]
|           |--START -> < [6:22]
|           |--SLASH -> / [6:23]
|           |--COLGROUP_HTML_TAG_NAME -> colgroup [6:24]
|           `--END -> > [6:32]
|--NEWLINE -> \n [6:33]
|--LEADING_ASTERISK -> * [7:0]
|--TEXT ->   [7:1]
|--HTML_ELEMENT -> HTML_ELEMENT [7:2]
|   `--DD -> DD [7:2]
|       |--DD_TAG_START -> DD_TAG_START [7:2]
|       |   |--START -> < [7:2]
|       |   |--DD_HTML_TAG_NAME -> dd [7:3]
|       |   `--END -> > [7:5]
|       |--TEXT ->   [7:6]
|       |--SINGLETON_ELEMENT -> SINGLETON_ELEMENT [7:7]
|       |   `--SOURCE_TAG -> SOURCE_TAG [7:7]
|       |       |--START -> < [7:7]
|       |       |--SOURCE_HTML_TAG_NAME -> source [7:8]
|       |       `--END -> > [7:14]
|       |--TEXT ->   [7:15]
|       `--DD_TAG_END -> DD_TAG_END [7:16]
|           |--START -> < [7:16]
|           |--SLASH -> / [7:17]
|           |--DD_HTML_TAG_NAME -> dd [7:18]
|           `--END -> > [7:20]
|--NEWLINE -> \n [7:21]
|--LEADING_ASTERISK -> * [8:0]
|--TEXT ->   [8:1]
|--HTML_ELEMENT -> HTML_ELEMENT [8:2]
|   `--DT -> DT [8:2]
|       |--DT_TAG_START -> DT_TAG_START [8:2]
|       |   |--START -> < [8:2]
|       |   |--DT_HTML_TAG_NAME -> dt [8:3]
|       |   `--END -> > [8:5]
|       |--TEXT ->   [8:6]
|       |--SINGLETON_ELEMENT -> SINGLETON_ELEMENT [8:7]
|       |   `--SOURCE_TAG -> SOURCE_TAG [8:7]
|       |       |--START -> < [8:7]
|       |       |--SOURCE_HTML_TAG_NAME -> source [8:8]
|       |       `--END -> > [8:14]
|       |--TEXT ->   [8:15]
|       `--DT_TAG_END -> DT_TAG_END [8:16]
|           |--START -> < [8:16]
|           |--SLASH -> / [8:17]
|           |--DT_HTML_TAG_NAME -> dt [8:18]
|           `--END -> > [8:20]
|--NEWLINE -> \n [8:21]
|--LEADING_ASTERISK -> * [9:0]
|--TEXT ->   [9:1]
|--HTML_ELEMENT -> HTML_ELEMENT [9:2]
|   `--HEAD -> HEAD [9:2]
|       |--HEAD_TAG_START -> HEAD_TAG_START [9:2]
|       |   |--START -> < [9:2]
|       |   |--HEAD_HTML_TAG_NAME -> head [9:3]
|       |   `--END -> > [9:7]
|       |--TEXT ->   [9:8]
|       |--SINGLETON_ELEMENT -> SINGLETON_ELEMENT [9:9]
|       |   `--SOURCE_TAG -> SOURCE_TAG [9:9]
|       |       |--START -> < [9:9]
|       |       |--SOURCE_HTML_TAG_NAME -> source [9:10]
|       |       `--END -> > [9:16]
|       |--TEXT ->   [9:17]
|       `--HEAD_TAG_END -> HEAD_TAG_END [9:18]
|           |--START -> < [9:18]
|           |--SLASH -> / [9:19]
|           |--HEAD_HTML_TAG_NAME -> head [9:20]
|           `--END -> > [9:24]
|--NEWLINE -> \n [9:25]
|--LEADING_ASTERISK -> * [10:0]
|--TEXT ->   [10:1]
|--HTML_ELEMENT -> HTML_ELEMENT [10:2]
|   `--HTML -> HTML [10:2]
|       |--HTML_TAG_START -> HTML_TAG_START [10:2]
|       |   |--START -> < [10:2]
|       |   |--HTML_HTML_TAG_NAME -> html [10:3]
|       |   `--END -> > [10:7]
|       |--TEXT ->   [10:8]
|       |--SINGLETON_ELEMENT -> SINGLETON_ELEMENT [10:9]
|       |   `--SOURCE_TAG -> SOURCE_TAG [10:9]
|       |       |--START -> < [10:9]
|       |       |--SOURCE_HTML_TAG_NAME -> source [10:10]
|       |       `--END -> > [10:16]
|       |--TEXT ->   [10:17]
|       `--HTML_TAG_END -> HTML_TAG_END [10:18]
|           |--START -> < [10:18]
|           |--SLASH -> / [10:19]
|           |--HTML_HTML_TAG_NAME -> html [10:20]
|           `--END -> > [10:24]
|--NEWLINE -> \n [10:25]
|--LEADING_ASTERISK -> * [11:0]
|--TEXT ->   [11:1]
|--HTML_ELEMENT -> HTML_ELEMENT [11:2]
|   `--OPTION -> OPTION [11:2]
|       |--OPTION_TAG_START -> OPTION_TAG_START [11:2]
|       |   |--START -> < [11:2]
|       |   |--OPTION_HTML_TAG_NAME -> option [11:3]
|       |   `--END -> > [11:9]
|       |--TEXT ->   [11:10]
|       |--SINGLETON_ELEMENT -> SINGLETON_ELEMENT [11:11]
|       |   `--SOURCE_TAG -> SOURCE_TAG [11:11]
|       |       |--START -> < [11:11]
|       |       |--SOURCE_HTML_TAG_NAME -> source [11:12]
|       |       `--END -> > [11:18]
|       |--TEXT ->   [11:19]
|       `--OPTION_TAG_END -> OPTION_TAG_END [11:20]
|           |--START -> < [11:20]
|           |--SLASH -> / [11:21]
|           |--OPTION_HTML_TAG_NAME -> option [11:22]
|           `--END -> > [11:28]
|--NEWLINE -> \n [11:29]
|--LEADING_ASTERISK -> * [12:0]
|--TEXT ->   [12:1]
|--HTML_ELEMENT -> HTML_ELEMENT [12:2]
|   `--TBODY -> TBODY [12:2]
|       |--TBODY_TAG_START -> TBODY_TAG_START [12:2]
|       |   |--START -> < [12:2]
|       |   |--TBODY_HTML_TAG_NAME -> tbody [12:3]
|       |   `--END -> > [12:8]
|       |--TEXT ->   [12:9]
|       |--SINGLETON_ELEMENT -> SINGLETON_ELEMENT [12:10]
|       |   `--SOURCE_TAG -> SOURCE_TAG [12:10]
|       |       |--START -> < [12:10]
|       |       |--SOURCE_HTML_TAG_NAME -> source [12:11]
|       |       `--END -> > [12:17]
|       |--TEXT ->   [12:18]
|       `--TBODY_TAG_END -> TBODY_TAG_END [12:19]
|           |--START -> < [12:19]
|           |--SLASH -> / [12:20]
|           |--TBODY_HTML_TAG_NAME -> tbody [12:21]
|           `--END -> > [12:26]
|--NEWLINE -> \n [12:27]
|--LEADING_ASTERISK -> * [13:0]
|--TEXT ->   [13:1]
|--HTML_ELEMENT -> HTML_ELEMENT [13:2]
|   `--THEAD -> THEAD [13:2]
|       |--THEAD_TAG_START -> THEAD_TAG_START [13:2]
|       |   |--START -> < [13:2]
|       |   |--THEAD_HTML_TAG_NAME -> thead [13:3]
|       |   `--END -> > [13:8]
|       |--TEXT ->   [13:9]
|       |--SINGLETON_ELEMENT -> SINGLETON_ELEMENT [13:10]
|       |   `--SOURCE_TAG -> SOURCE_TAG [13:10]
|       |       |--START -> < [13:10]
|       |       |--SOURCE_HTML_TAG_NAME -> source [13:11]
|       |       `--END -> > [13:17]
|       |--TEXT ->   [13:18]
|       `--THEAD_TAG_END -> THEAD_TAG_END [13:19]
|           |--START -> < [13:19]
|           |--SLASH -> / [13:20]
|           |--THEAD_HTML_TAG_NAME -> thead [13:21]
|           `--END -> > [13:26]
|--NEWLINE -> \n [13:27]
|--LEADING_ASTERISK -> * [14:0]
|--TEXT ->   [14:1]
|--HTML_ELEMENT -> HTML_ELEMENT [14:2]
|   `--TFOOT -> TFOOT [14:2]
|       |--TFOOT_TAG_START -> TFOOT_TAG_START [14:2]
|       |   |--START -> < [14:2]
|       |   |--TFOOT_HTML_TAG_NAME -> tfoot [14:3]
|       |   `--END -> > [14:8]
|       |--TEXT ->   [14:9]
|       |--SINGLETON_ELEMENT -> SINGLETON_ELEMENT [14:10]
|       |   `--SOURCE_TAG -> SOURCE_TAG [14:10]
|       |       |--START -> < [14:10]
|       |       |--SOURCE_HTML_TAG_NAME -> source [14:11]
|       |       `--END -> > [14:17]
|       |--TEXT ->   [14:18]
|       `--TFOOT_TAG_END -> TFOOT_TAG_END [14:19]
|           |--START -> < [14:19]
|           |--SLASH -> / [14:20]
|           |--TFOOT_HTML_TAG_NAME -> tfoot [14:21]
|           `--END -> > [14:26]
|--NEWLINE -> \n [14:27]
|--NEWLINE -> \n [15:0]
|--LEADING_ASTERISK -> * [16:0]
|--TEXT ->   [16:1]
|--HTML_ELEMENT -> HTML_ELEMENT [16:2]
|   `--PARAGRAPH -> PARAGRAPH [16:2]
|       |--P_TAG_START -> P_TAG_START [16:2]
|       |   |--START -> < [16:2]
|       |   |--P_HTML_TAG_NAME -> p [16:3]
|       |   `--END -> > [16:4]
|       |--TEXT ->   [16:5]
|       |--SINGLETON_ELEMENT -> SINGLETON_ELEMENT [16:6]
|       |   `--SOURCE_TAG -> SOURCE_TAG [16:6]
|       |       |--START -> < [16:6]
|       |       |--SOURCE_HTML_TAG_NAME -> source [16:7]
|       |       `--SLASH_END -> /> [16:13]
|       |--TEXT ->   [16:15]
|       `--P_TAG_END -> P_TAG_END [16:16]
|           |--START -> < [16:16]
|           |--SLASH -> / [16:17]
|           |--P_HTML_TAG_NAME -> p [16:18]
|           `--END -> > [16:19]
|--NEWLINE -> \n [16:20]
|--LEADING_ASTERISK -> * [17:0]
|--TEXT ->   [17:1]
|--HTML_ELEMENT -> HTML_ELEMENT [17:2]
|   `--LI -> LI [17:2]
|       |--LI_TAG_START -> LI_TAG_START [17:2]
|       |   |--START -> < [17:2]
|       |   |--LI_HTML_TAG_NAME -> li [17:3]
|       |   `--END -> > [17:5]
|       |--TEXT ->   [17:6]
|       |--SINGLETON_ELEMENT -> SINGLETON_ELEMENT [17:7]
|       |   `--SOURCE_TAG -> SOURCE_TAG [17:7]
|       |       |--START -> < [17:7]
|       |       |--SOURCE_HTML_TAG_NAME -> source [17:8]
|       |       `--SLASH_END -> /> [17:14]
|       |--TEXT ->   [17:16]
|       `--LI_TAG_END -> LI_TAG_END [17:17]
|           |--START -> < [17:17]
|           |--SLASH -> / [17:18]
|           |--LI_HTML_TAG_NAME -> li [17:19]
|           `--END -> > [17:21]
|--NEWLINE -> \n [17:22]
|--LEADING_ASTERISK -> * [18:0]
|--TEXT ->   [18:1]
|--HTML_ELEMENT -> HTML_ELEMENT [18:2]
|   `--TR -> TR [18:2]
|       |--TR_TAG_START -> TR_TAG_START [18:2]
|       |   |--START -> < [18:2]
|       |   |--TR_HTML_TAG_NAME -> tr [18:3]
|       |   `--END -> > [18:5]
|       |--TEXT ->   [18:6]
|       |--SINGLETON_ELEMENT -> SINGLETON_ELEMENT [18:7]
|       |   `--SOURCE_TAG -> SOURCE_TAG [18:7]
|       |       |--START -> < [18:7]
|       |       |--SOURCE_HTML_TAG_NAME -> source [18:8]
|       |       `--SLASH_END -> /> [18:14]
|       |--TEXT ->   [18:16]
|       `--TR_TAG_END -> TR_TAG_END [18:17]
|           |--START -> < [18:17]
|           |--SLASH -> / [18:18]
|           |--TR_HTML_TAG_NAME -> tr [18:19]
|           `--END -> > [18:21]
|--NEWLINE -> \n [18:22]
|--LEADING_ASTERISK -> * [19:0]
|--TEXT ->   [19:1]
|--HTML_ELEMENT -> HTML_ELEMENT [19:2]
|   `--TD -> TD [19:2]
|       |--TD_TAG_START -> TD_TAG_START [19:2]
|       |   |--START -> < [19:2]
|       |   |--TD_HTML_TAG_NAME -> td [19:3]
|       |   `--END -> > [19:5]
|       |--TEXT ->   [19:6]
|       |--SINGLETON_ELEMENT -> SINGLETON_ELEMENT [19:7]
|       |   `--SOURCE_TAG -> SOURCE_TAG [19:7]
|       |       |--START -> < [19:7]
|       |       |--SOURCE_HTML_TAG_NAME -> source [19:8]
|       |       `--SLASH_END -> /> [19:14]
|       |--TEXT ->   [19:16]
|       `--TD_TAG_END -> TD_TAG_END [19:17]
|           |--START -> < [19:17]
|           |--SLASH -> / [19:18]
|           |--TD_HTML_TAG_NAME -> td [19:19]
|           `--END -> > [19:21]
|--NEWLINE -> \n [19:22]
|--LEADING_ASTERISK -> * [20:0]
|--TEXT ->   [20:1]
|--HTML_ELEMENT -> HTML_ELEMENT [20:2]
|   `--TH -> TH [20:2]
|       |--TH_TAG_START -> TH_TAG_START [20:2]
|       |   |--START -> < [20:2]
|       |   |--TH_HTML_TAG_NAME -> th [20:3]
|       |   `--END -> > [20:5]
|       |--TEXT ->   [20:6]
|       |--SINGLETON_ELEMENT -> SINGLETON_ELEMENT [20:7]
|       |   `--SOURCE_TAG -> SOURCE_TAG [20:7]
|       |       |--START -> < [20:7]
|       |       |--SOURCE_HTML_TAG_NAME -> source [20:8]
|       |       `--SLASH_END -> /> [20:14]
|       |--TEXT ->   [20:16]
|       `--TH_TAG_END -> TH_TAG_END [20:17]
|           |--START -> < [20:17]
|           |--SLASH -> / [20:18]
|           |--TH_HTML_TAG_NAME -> th [20:19]
|           `--END -> > [20:21]
|--NEWLINE -> \n [20:22]
|--LEADING_ASTERISK -> * [21:0]
|--TEXT ->   [21:1]
|--HTML_ELEMENT -> HTML_ELEMENT [21:2]
|   `--BODY -> BODY [21:2]
|       |--BODY_TAG_START -> BODY_TAG_START [21:2]
|       |   |--START -> < [21:2]
|       |   |--BODY_HTML_TAG_NAME -> body [21:3]
|       |   `--END -> > [21:7]
|       |--TEXT ->   [21:8]
|       |--SINGLETON_ELEMENT -> SINGLETON_ELEMENT [21:9]
|       |   `--SOURCE_TAG -> SOURCE_TAG [21:9]
|       |       |--START -> < [21:9]
|       |       |--SOURCE_HTML_TAG_NAME -> source [21:10]
|       |       `--SLASH_END -> /> [21:16]
|       |--TEXT ->   [21:18]
|       `--BODY_TAG_END -> BODY_TAG_END [21:19]
|           |--START -> < [21:19]
|           |--SLASH -> / [21:20]
|           |--BODY_HTML_TAG_NAME -> body [21:21]
|           `--END -> > [21:25]
|--NEWLINE -> \n [21:26]
|--LEADING_ASTERISK -> * [22:0]
|--TEXT ->   [22:1]
|--HTML_ELEMENT -> HTML_ELEMENT [22:2]
|   `--COLGROUP -> COLGROUP [22:2]
|       |--COLGROUP_TAG_START -> COLGROUP_TAG_START [22:2]
|       |   |--START -> < [22:2]
|       |   |--COLGROUP_HTML_TAG_NAME -> colgroup [22:3]
|       |   `--END -> > [22:11]
|       |--TEXT ->   [22:12]
|       |--SINGLETON_ELEMENT -> SINGLETON_ELEMENT [22:13]
|       |   `--SOURCE_TAG -> SOURCE_TAG [22:13]
|       |       |--START -> < [22:13]
|       |       |--SOURCE_HTML_TAG_NAME -> source [22:14]
|       |       `--SLASH_END -> /> [22:20]
|       |--TEXT ->   [22:22]
|       `--COLGROUP_TAG_END -> COLGROUP_TAG_END [22:23]
|           |--START -> < [22:23]
|           |--SLASH -> / [22:24]
|           |--COLGROUP_HTML_TAG_NAME -> colgroup [22:25]
|           `--END -> > [22:33]
|--NEWLINE -> \n [22:34]
|--LEADING_ASTERISK -> * [23:0]
|--TEXT ->   [23:1]
|--HTML_ELEMENT -> HTML_ELEMENT [23:2]
|   `--DD -> DD [23:2]
|       |--DD_TAG_START -> DD_TAG_START [23:2]
|       |   |--START -> < [23:2]
|       |   |--DD_HTML_TAG_NAME -> dd [23:3]
|       |   `--END -> > [23:5]
|       |--TEXT ->   [23:6]
|       |--SINGLETON_ELEMENT -> SINGLETON_ELEMENT [23:7]
|       |   `--SOURCE_TAG -> SOURCE_TAG [23:7]
|       |       |--START -> < [23:7]
|       |       |--SOURCE_HTML_TAG_NAME -> source [23:8]
|       |       `--SLASH_END -> /> [23:14]
|       |--TEXT ->   [23:16]
|       `--DD_TAG_END -> DD_TAG_END [23:17]
|           |--START -> < [23:17]
|           |--SLASH -> / [23:18]
|           |--DD_HTML_TAG_NAME -> dd [23:19]
|           `--END -> > [23:21]
|--NEWLINE -> \n [23:22]
|--LEADING_ASTERISK -> * [24:0]
|--TEXT ->   [24:1]
|--HTML_ELEMENT -> HTML_ELEMENT [24:2]
|   `--DT -> DT [24:2]
|       |--DT_TAG_START -> DT_TAG_START [24:2]
|       |   |--START -> < [24:2]
|       |   |--DT_HTML_TAG_NAME -> dt [24:3]
|       |   `--END -> > [24:5]
|       |--TEXT ->   [24:6]
|       |--SINGLETON_ELEMENT -> SINGLETON_ELEMENT [24:7]
|       |   `--SOURCE_TAG -> SOURCE_TAG [24:7]
|       |       |--START -> < [24:7]
|       |       |--SOURCE_HTML_TAG_NAME -> source [24:8]
|       |       `--SLASH_END -> /> [24:14]
|       |--TEXT ->   [24:16]
|       `--DT_TAG_END -> DT_TAG_END [24:17]
|           |--START -> < [24:17]
|           |--SLASH -> / [24:18]
|           |--DT_HTML_TAG_NAME -> dt [24:19]
|           `--END -> > [24:21]
|--NEWLINE -> \n [24:22]
|--LEADING_ASTERISK -> * [25:0]
|--TEXT ->   [25:1]
|--HTML_ELEMENT -> HTML_ELEMENT [25:2]
|   `--HEAD -> HEAD [25:2]
|       |--HEAD_TAG_START -> HEAD_TAG_START [25:2]
|       |   |--START -> < [25:2]
|       |   |--HEAD_HTML_TAG_NAME -> head [25:3]
|       |   `--END -> > [25:7]
|       |--TEXT ->   [25:8]
|       |--SINGLETON_ELEMENT -> SINGLETON_ELEMENT [25:9]
|       |   `--SOURCE_TAG -> SOURCE_TAG [25:9]
|       |       |--START -> < [25:9]
|       |       |--SOURCE_HTML_TAG_NAME -> source [25:10]
|       |       `--SLASH_END -> /> [25:16]
|       |--TEXT ->   [25:18]
|       `--HEAD_TAG_END -> HEAD_TAG_END [25:19]
|           |--START -> < [25:19]
|           |--SLASH -> / [25:20]
|           |--HEAD_HTML_TAG_NAME -> head [25:21]
|           `--END -> > [25:25]
|--NEWLINE -> \n [25:26]
|--LEADING_ASTERISK -> * [26:0]
|--TEXT ->   [26:1]
|--HTML_ELEMENT -> HTML_ELEMENT [26:2]
|   `--HTML -> HTML [26:2]
|       |--HTML_TAG_START -> HTML_TAG_START [26:2]
|       |   |--START -> < [26:2]
|       |   |--HTML_HTML_TAG_NAME -> html [26:3]
|       |   `--END -> > [26:7]
|       |--TEXT ->   [26:8]
|       |--SINGLETON_ELEMENT -> SINGLETON_ELEMENT [26:9]
|       |   `--SOURCE_TAG -> SOURCE_TAG [26:9]
|       |       |--START -> < [26:9]
|       |       |--SOURCE_HTML_TAG_NAME -> source [26:10]
|       |       `--SLASH_END -> /> [26:16]
|       |--TEXT ->   [26:18]
|       `--HTML_TAG_END -> HTML_TAG_END [26:19]
|           |--START -> < [26:19]
|           |--SLASH -> / [26:20]
|           |--HTML_HTML_TAG_NAME -> html [26:21]
|           `--END -> > [26:25]
|--NEWLINE -> \n [26:26]
|--LEADING_ASTERISK -> * [27:0]
|--TEXT ->   [27:1]
|--HTML_ELEMENT -> HTML_ELEMENT [27:2]
|   `--OPTION -> OPTION [27:2]
|       |--OPTION_TAG_START -> OPTION_TAG_START [27:2]
|       |   |--START -> < [27:2]
|       |   |--OPTION_HTML_TAG_NAME -> option [27:3]
|       |   `--END -> > [27:9]
|       |--TEXT ->   [27:10]
|       |--SINGLETON_ELEMENT -> SINGLETON_ELEMENT [27:11]
|       |   `--SOURCE_TAG -> SOURCE_TAG [27:11]
|       |       |--START -> < [27:11]
|       |       |--SOURCE_HTML_TAG_NAME -> source [27:12]
|       |       `--SLASH_END -> /> [27:18]
|       |--TEXT ->   [27:20]
|       `--OPTION_TAG_END -> OPTION_TAG_END [27:21]
|           |--START -> < [27:21]
|           |--SLASH -> / [27:22]
|           |--OPTION_HTML_TAG_NAME -> option [27:23]
|           `--END -> > [27:29]
|--NEWLINE -> \n [27:30]
|--LEADING_ASTERISK -> * [28:0]
|--TEXT ->   [28:1]
|--HTML_ELEMENT -> HTML_ELEMENT [28:2]
|   `--TBODY -> TBODY [28:2]
|       |--TBODY_TAG_START -> TBODY_TAG_START [28:2]
|       |   |--START -> < [28:2]
|       |   |--TBODY_HTML_TAG_NAME -> tbody [28:3]
|       |   `--END -> > [28:8]
|       |--TEXT ->   [28:9]
|       |--SINGLETON_ELEMENT -> SINGLETON_ELEMENT [28:10]
|       |   `--SOURCE_TAG -> SOURCE_TAG [28:10]
|       |       |--START -> < [28:10]
|       |       |--SOURCE_HTML_TAG_NAME -> source [28:11]
|       |       `--SLASH_END -> /> [28:17]
|       |--TEXT ->   [28:19]
|       `--TBODY_TAG_END -> TBODY_TAG_END [28:20]
|           |--START -> < [28:20]
|           |--SLASH -> / [28:21]
|           |--TBODY_HTML_TAG_NAME -> tbody [28:22]
|           `--END -> > [28:27]
|--NEWLINE -> \n [28:28]
|--LEADING_ASTERISK -> * [29:0]
|--TEXT ->   [29:1]
|--HTML_ELEMENT -> HTML_ELEMENT [29:2]
|   `--THEAD -> THEAD [29:2]
|       |--THEAD_TAG_START -> THEAD_TAG_START [29:2]
|       |   |--START -> < [29:2]
|       |   |--THEAD_HTML_TAG_NAME -> thead [29:3]
|       |   `--END -> > [29:8]
|       |--TEXT ->   [29:9]
|       |--SINGLETON_ELEMENT -> SINGLETON_ELEMENT [29:10]
|       |   `--SOURCE_TAG -> SOURCE_TAG [29:10]
|       |       |--START -> < [29:10]
|       |       |--SOURCE_HTML_TAG_NAME -> source [29:11]
|       |       `--SLASH_END -> /> [29:17]
|       |--TEXT ->   [29:19]
|       `--THEAD_TAG_END -> THEAD_TAG_END [29:20]
|           |--START -> < [29:20]
|           |--SLASH -> / [29:21]
|           |--THEAD_HTML_TAG_NAME -> thead [29:22]
|           `--END -> > [29:27]
|--NEWLINE -> \n [29:28]
|--LEADING_ASTERISK -> * [30:0]
|--TEXT ->   [30:1]
|--HTML_ELEMENT -> HTML_ELEMENT [30:2]
|   `--TFOOT -> TFOOT [30:2]
|       |--TFOOT_TAG_START -> TFOOT_TAG_START [30:2]
|       |   |--START -> < [30:2]
|       |   |--TFOOT_HTML_TAG_NAME -> tfoot [30:3]
|       |   `--END -> > [30:8]
|       |--TEXT ->   [30:9]
|       |--SINGLETON_ELEMENT -> SINGLETON_ELEMENT [30:10]
|       |   `--SOURCE_TAG -> SOURCE_TAG [30:10]
|       |       |--START -> < [30:10]
|       |       |--SOURCE_HTML_TAG_NAME -> source [30:11]
|       |       `--SLASH_END -> /> [30:17]
|       |--TEXT ->   [30:19]
|       `--TFOOT_TAG_END -> TFOOT_TAG_END [30:20]
|           |--START -> < [30:20]
|           |--SLASH -> / [30:21]
|           |--TFOOT_HTML_TAG_NAME -> tfoot [30:22]
|           `--END -> > [30:27]
|--NEWLINE -> \n [30:28]
|--NEWLINE -> \n [31:0]
|--LEADING_ASTERISK -> * [32:0]
|--TEXT ->   [32:1]
|--HTML_ELEMENT -> HTML_ELEMENT [32:2]
|   `--SINGLETON_ELEMENT -> SINGLETON_ELEMENT [32:2]
|       `--SOURCE_TAG -> SOURCE_TAG [32:2]
|           |--START -> < [32:2]
|           |--SOURCE_HTML_TAG_NAME -> source [32:3]
|           `--END -> > [32:9]
|--NEWLINE -> \n [32:10]
|--LEADING_ASTERISK -> * [33:0]
|--TEXT ->   [33:1]
|--HTML_ELEMENT -> HTML_ELEMENT [33:2]
|   `--SINGLETON_ELEMENT -> SINGLETON_ELEMENT [33:2]
|       `--SOURCE_TAG -> SOURCE_TAG [33:2]
|           |--START -> < [33:2]
|           |--SOURCE_HTML_TAG_NAME -> source [33:3]
|           `--SLASH_END -> /> [33:9]
|--NEWLINE -> \n [33:11]
|--LEADING_ASTERISK -> * [34:0]
|--TEXT ->   [34:1]
|--HTML_ELEMENT -> HTML_ELEMENT [34:2]
|   `--SINGLETON_ELEMENT -> SINGLETON_ELEMENT [34:2]
|       `--SOURCE_TAG -> SOURCE_TAG [34:2]
|           |--START -> < [34:2]
|           |--SOURCE_HTML_TAG_NAME -> source [34:3]
|           |--WS ->   [34:9]
|           |--ATTRIBUTE -> ATTRIBUTE [34:10]
|           |   |--HTML_TAG_NAME -> attr [34:10]
|           |   |--EQUALS -> = [34:14]
|           |   `--ATTR_VALUE -> "something" [34:15]
|           `--END -> > [34:27]
|--NEWLINE -> \n [34:28]
|--LEADING_ASTERISK -> * [35:0]
|--TEXT ->   [35:1]
|--HTML_ELEMENT -> HTML_ELEMENT [35:2]
|   `--SINGLETON_ELEMENT -> SINGLETON_ELEMENT [35:2]
|       `--SOURCE_TAG -> SOURCE_TAG [35:2]
|           |--START -> < [35:2]
|           |--SOURCE_HTML_TAG_NAME -> source [35:3]
|           |--WS ->   [35:9]
|           |--ATTRIBUTE -> ATTRIBUTE [35:10]
|           |   |--HTML_TAG_NAME -> attr [35:10]
|           |   |--EQUALS -> = [35:14]
|           |   `--ATTR_VALUE -> "something" [35:15]
|           `--SLASH_END -> /> [35:27]
|--NEWLINE -> \n [35:29]
|--LEADING_ASTERISK -> * [36:0]
|--TEXT ->   [36:1]
|--HTML_ELEMENT -> HTML_ELEMENT [36:2]
|   `--SINGLETON_ELEMENT -> SINGLETON_ELEMENT [36:2]
|       `--SOURCE_TAG -> SOURCE_TAG [36:2]
|           |--START -> < [36:2]
|           |--SOURCE_HTML_TAG_NAME -> source [36:3]
|           |--WS ->   [36:9]
|           |--ATTRIBUTE -> ATTRIBUTE [36:10]
|           |   |--HTML_TAG_NAME -> attr [36:10]
|           |   |--EQUALS -> = [36:14]
|           |   `--ATTR_VALUE -> "something" [36:15]
|           |--WS ->   [36:27]
|           |--ATTRIBUTE -> ATTRIBUTE [36:28]
|           |   |--HTML_TAG_NAME -> attr2 [36:28]
|           |   |--EQUALS -> = [36:33]
|           |   `--ATTR_VALUE -> "someotherthing" [36:34]
|           `--END -> > [36:51]
|--NEWLINE -> \n [36:52]
|--LEADING_ASTERISK -> * [37:0]
|--TEXT ->   [37:1]
|--HTML_ELEMENT -> HTML_ELEMENT [37:2]
|   `--SINGLETON_ELEMENT -> SINGLETON_ELEMENT [37:2]
|       `--SOURCE_TAG -> SOURCE_TAG [37:2]
|           |--START -> < [37:2]
|           |--SOURCE_HTML_TAG_NAME -> source [37:3]
|           |--WS ->   [37:9]
|           |--ATTRIBUTE -> ATTRIBUTE [37:10]
|           |   |--HTML_TAG_NAME -> attr [37:10]
|           |   |--EQUALS -> = [37:14]
|           |   `--ATTR_VALUE -> "something" [37:15]
|           |--WS ->   [37:27]
|           |--ATTRIBUTE -> ATTRIBUTE [37:28]
|           |   |--HTML_TAG_NAME -> attr2 [37:28]
|           |   |--EQUALS -> = [37:33]
|           |   `--ATTR_VALUE -> "someotherthing" [37:34]
|           `--SLASH_END -> /> [37:51]
|--NEWLINE -> \n [37:53]
|--LEADING_ASTERISK -> * [38:0]
|--TEXT ->   [38:1]
|--HTML_ELEMENT -> HTML_ELEMENT [38:2]
|   `--SINGLETON_ELEMENT -> SINGLETON_ELEMENT [38:2]
|       `--SOURCE_TAG -> SOURCE_TAG [38:2]
|           |--START -> < [38:2]
|           |--SOURCE_HTML_TAG_NAME -> source [38:3]
|           |--WS ->   [38:9]
|           |--ATTRIBUTE -> ATTRIBUTE [38:10]
|           |   |--HTML_TAG_NAME -> attr [38:10]
|           |   |--EQUALS -> = [38:14]
|           |   `--ATTR_VALUE -> "something" [38:15]
|           |--WS ->   [38:27]
|           |--NEWLINE -> \n [38:28]
|           |--LEADING_ASTERISK -> * [39:0]
|           |--WS ->   [39:1]
|           |--ATTRIBUTE -> ATTRIBUTE [39:2]
|           |   |--HTML_TAG_NAME -> attr2 [39:2]
|           |   |--EQUALS -> = [39:7]
|           |   `--ATTR_VALUE -> "someotherting" [39:8]
|           `--END -> > [39:24]
|--NEWLINE -> \n [39:25]
|--LEADING_ASTERISK -> * [40:0]
|--TEXT ->   [40:1]
|--HTML_ELEMENT -> HTML_ELEMENT [40:2]
|   `--SINGLETON_ELEMENT -> SINGLETON_ELEMENT [40:2]
|       `--SOURCE_TAG -> SOURCE_TAG [40:2]
|           |--START -> < [40:2]
|           |--SOURCE_HTML_TAG_NAME -> source [40:3]
|           |--WS ->   [40:9]
|           |--ATTRIBUTE -> ATTRIBUTE [40:10]
|           |   |--HTML_TAG_NAME -> attr [40:10]
|           |   |--EQUALS -> = [40:14]
|           |   `--ATTR_VALUE -> "something" [40:15]
|           |--WS ->   [40:27]
|           |--NEWLINE -> \n [40:28]
|           |--LEADING_ASTERISK -> * [41:0]
|           |--WS ->   [41:1]
|           |--ATTRIBUTE -> ATTRIBUTE [41:2]
|           |   |--HTML_TAG_NAME -> attr2 [41:2]
|           |   |--EQUALS -> = [41:7]
|           |   `--ATTR_VALUE -> "someotherting" [41:8]
|           `--SLASH_END -> /> [41:24]
`--EOF -> <EOF> [41:26]]
>
	at com.puppycrawl.tools.checkstyle.grammar.javadoc.JavadocParseTreeTest.testHtmlVoidElementSource(JavadocParseTreeTest.java:296)
]]></failure>
  </testcase>
  <testcase name="testAsteriskInJavadocInlineTag" classname="com.puppycrawl.tools.checkstyle.grammar.javadoc.JavadocParseTreeTest" time="0">
    <failure message="Generated tree from the javadoc file should match the pre-defined tree expected:&lt;...DOC -&gt; JAVADOC [0:0][&#10;|--JAVADOC_INLINE_TAG -&gt; JAVADOC_INLINE_TAG [0:0]&#10;|   |--JAVADOC_INLINE_TAG_START -&gt; { [0:0]&#10;|   |--LINK_LITERAL -&gt; @link [0:1]&#10;|   |--NEWLINE -&gt; \n [0:6]&#10;|   |--LEADING_ASTERISK -&gt;   * [1:0]&#10;|   |--WS -&gt;   [1:3]&#10;|   |--REFERENCE -&gt; REFERENCE [1:4]&#10;|   |   `--PACKAGE_CLASS -&gt; GwtIncompatible [1:4]&#10;|   `--JAVADOC_INLINE_TAG_END -&gt; } [1:19]&#10;`--EOF -&gt; &lt;EOF&gt; [1:20]]&#10;&gt; but was:&lt;...DOC -&gt; JAVADOC [0:0][&#10;|--JAVADOC_INLINE_TAG -&gt; JAVADOC_INLINE_TAG [0:0]&#10;|   |--JAVADOC_INLINE_TAG_START -&gt; { [0:0]&#10;|   |--LINK_LITERAL -&gt; @link [0:1]&#10;|   |--NEWLINE -&gt; \n [0:6]&#10;|   |--LEADING_ASTERISK -&gt;   * [1:0]&#10;|   |--WS -&gt;   [1:3]&#10;|   |--REFERENCE -&gt; REFERENCE [1:4]&#10;|   |   `--PACKAGE_CLASS -&gt; GwtIncompatible [1:4]&#10;|   `--JAVADOC_INLINE_TAG_END -&gt; } [1:19]&#10;`--EOF -&gt; &lt;EOF&gt; [1:20]&#13;]&#10;&gt;" type="org.junit.ComparisonFailure"><![CDATA[org.junit.ComparisonFailure: 
Generated tree from the javadoc file should match the pre-defined tree expected:<...DOC -> JAVADOC [0:0][
|--JAVADOC_INLINE_TAG -> JAVADOC_INLINE_TAG [0:0]
|   |--JAVADOC_INLINE_TAG_START -> { [0:0]
|   |--LINK_LITERAL -> @link [0:1]
|   |--NEWLINE -> \n [0:6]
|   |--LEADING_ASTERISK ->   * [1:0]
|   |--WS ->   [1:3]
|   |--REFERENCE -> REFERENCE [1:4]
|   |   `--PACKAGE_CLASS -> GwtIncompatible [1:4]
|   `--JAVADOC_INLINE_TAG_END -> } [1:19]
`--EOF -> <EOF> [1:20]]
> but was:<...DOC -> JAVADOC [0:0][
|--JAVADOC_INLINE_TAG -> JAVADOC_INLINE_TAG [0:0]
|   |--JAVADOC_INLINE_TAG_START -> { [0:0]
|   |--LINK_LITERAL -> @link [0:1]
|   |--NEWLINE -> \n [0:6]
|   |--LEADING_ASTERISK ->   * [1:0]
|   |--WS ->   [1:3]
|   |--REFERENCE -> REFERENCE [1:4]
|   |   `--PACKAGE_CLASS -> GwtIncompatible [1:4]
|   `--JAVADOC_INLINE_TAG_END -> } [1:19]
`--EOF -> <EOF> [1:20]]
>
	at com.puppycrawl.tools.checkstyle.grammar.javadoc.JavadocParseTreeTest.testAsteriskInJavadocInlineTag(JavadocParseTreeTest.java:224)
]]></failure>
  </testcase>
  <testcase name="dollarInLink" classname="com.puppycrawl.tools.checkstyle.grammar.javadoc.JavadocParseTreeTest" time="0">
    <failure message="Generated tree from the javadoc file should match the pre-defined tree expected:&lt;...DOC -&gt; JAVADOC [0:0][&#10;|--JAVADOC_INLINE_TAG -&gt; JAVADOC_INLINE_TAG [0:0]&#10;|   |--JAVADOC_INLINE_TAG_START -&gt; { [0:0]&#10;|   |--LINK_LITERAL -&gt; @link [0:1]&#10;|   |--WS -&gt;   [0:6]&#10;|   |--REFERENCE -&gt; REFERENCE [0:7]&#10;|   |   |--PACKAGE_CLASS -&gt; My$Class [0:7]&#10;|   |   |--HASH -&gt; # [0:15]&#10;|   |   |--MEMBER -&gt; $$simple_$Method [0:16]&#10;|   |   `--PARAMETERS -&gt; PARAMETERS [0:32]&#10;|   |       |--LEFT_BRACE -&gt; ( [0:32]&#10;|   |       |--ARGUMENT -&gt; _A78 [0:33]&#10;|   |       |--COMMA -&gt; , [0:37]&#10;|   |       |--WS -&gt;   [0:38]&#10;|   |       |--ARGUMENT -&gt; $8$ [0:39]&#10;|   |       `--RIGHT_BRACE -&gt; ) [0:42]&#10;|   `--JAVADOC_INLINE_TAG_END -&gt; } [0:43]&#10;`--EOF -&gt; &lt;EOF&gt; [0:44]]&#10;&gt; but was:&lt;...DOC -&gt; JAVADOC [0:0][&#10;|--JAVADOC_INLINE_TAG -&gt; JAVADOC_INLINE_TAG [0:0]&#10;|   |--JAVADOC_INLINE_TAG_START -&gt; { [0:0]&#10;|   |--LINK_LITERAL -&gt; @link [0:1]&#10;|   |--WS -&gt;   [0:6]&#10;|   |--REFERENCE -&gt; REFERENCE [0:7]&#10;|   |   |--PACKAGE_CLASS -&gt; My$Class [0:7]&#10;|   |   |--HASH -&gt; # [0:15]&#10;|   |   |--MEMBER -&gt; $$simple_$Method [0:16]&#10;|   |   `--PARAMETERS -&gt; PARAMETERS [0:32]&#10;|   |       |--LEFT_BRACE -&gt; ( [0:32]&#10;|   |       |--ARGUMENT -&gt; _A78 [0:33]&#10;|   |       |--COMMA -&gt; , [0:37]&#10;|   |       |--WS -&gt;   [0:38]&#10;|   |       |--ARGUMENT -&gt; $8$ [0:39]&#10;|   |       `--RIGHT_BRACE -&gt; ) [0:42]&#10;|   `--JAVADOC_INLINE_TAG_END -&gt; } [0:43]&#10;`--EOF -&gt; &lt;EOF&gt; [0:44]&#13;]&#10;&gt;" type="org.junit.ComparisonFailure"><![CDATA[org.junit.ComparisonFailure: 
Generated tree from the javadoc file should match the pre-defined tree expected:<...DOC -> JAVADOC [0:0][
|--JAVADOC_INLINE_TAG -> JAVADOC_INLINE_TAG [0:0]
|   |--JAVADOC_INLINE_TAG_START -> { [0:0]
|   |--LINK_LITERAL -> @link [0:1]
|   |--WS ->   [0:6]
|   |--REFERENCE -> REFERENCE [0:7]
|   |   |--PACKAGE_CLASS -> My$Class [0:7]
|   |   |--HASH -> # [0:15]
|   |   |--MEMBER -> $$simple_$Method [0:16]
|   |   `--PARAMETERS -> PARAMETERS [0:32]
|   |       |--LEFT_BRACE -> ( [0:32]
|   |       |--ARGUMENT -> _A78 [0:33]
|   |       |--COMMA -> , [0:37]
|   |       |--WS ->   [0:38]
|   |       |--ARGUMENT -> $8$ [0:39]
|   |       `--RIGHT_BRACE -> ) [0:42]
|   `--JAVADOC_INLINE_TAG_END -> } [0:43]
`--EOF -> <EOF> [0:44]]
> but was:<...DOC -> JAVADOC [0:0][
|--JAVADOC_INLINE_TAG -> JAVADOC_INLINE_TAG [0:0]
|   |--JAVADOC_INLINE_TAG_START -> { [0:0]
|   |--LINK_LITERAL -> @link [0:1]
|   |--WS ->   [0:6]
|   |--REFERENCE -> REFERENCE [0:7]
|   |   |--PACKAGE_CLASS -> My$Class [0:7]
|   |   |--HASH -> # [0:15]
|   |   |--MEMBER -> $$simple_$Method [0:16]
|   |   `--PARAMETERS -> PARAMETERS [0:32]
|   |       |--LEFT_BRACE -> ( [0:32]
|   |       |--ARGUMENT -> _A78 [0:33]
|   |       |--COMMA -> , [0:37]
|   |       |--WS ->   [0:38]
|   |       |--ARGUMENT -> $8$ [0:39]
|   |       `--RIGHT_BRACE -> ) [0:42]
|   `--JAVADOC_INLINE_TAG_END -> } [0:43]
`--EOF -> <EOF> [0:44]]
>
	at com.puppycrawl.tools.checkstyle.grammar.javadoc.JavadocParseTreeTest.dollarInLink(JavadocParseTreeTest.java:176)
]]></failure>
  </testcase>
  <testcase name="testParagraph" classname="com.puppycrawl.tools.checkstyle.grammar.javadoc.JavadocParseTreeTest" time="0.129">
    <failure message="Generated tree from the javadoc file should match the pre-defined tree expected:&lt;...DOC -&gt; JAVADOC [0:0][&#10;|--LEADING_ASTERISK -&gt; * [0:0]&#10;|--TEXT -&gt;   [0:1]&#10;|--HTML_ELEMENT -&gt; HTML_ELEMENT [0:2]&#10;|   `--PARAGRAPH -&gt; PARAGRAPH [0:2]&#10;|       |--P_TAG_START -&gt; P_TAG_START [0:2]&#10;|       |   |--START -&gt; &lt; [0:2]&#10;|       |   |--P_HTML_TAG_NAME -&gt; p [0:3]&#10;|       |   `--END -&gt; &gt; [0:4]&#10;|       |--TEXT -&gt;   [0:5]&#10;|       |--LI -&gt; LI [0:6]&#10;|       |   |--LI_TAG_START -&gt; LI_TAG_START [0:6]&#10;|       |   |   |--START -&gt; &lt; [0:6]&#10;|       |   |   |--LI_HTML_TAG_NAME -&gt; li [0:7]&#10;|       |   |   `--END -&gt; &gt; [0:9]&#10;|       |   |--TEXT -&gt;   [0:10]&#10;|       |   `--LI_TAG_END -&gt; LI_TAG_END [0:11]&#10;|       |       |--START -&gt; &lt; [0:11]&#10;|       |       |--SLASH -&gt; / [0:12]&#10;|       |       |--LI_HTML_TAG_NAME -&gt; li [0:13]&#10;|       |       `--END -&gt; &gt; [0:15]&#10;|       |--TEXT -&gt;   [0:16]&#10;|       `--P_TAG_END -&gt; P_TAG_END [0:17]&#10;|           |--START -&gt; &lt; [0:17]&#10;|           |--SLASH -&gt; / [0:18]&#10;|           |--P_HTML_TAG_NAME -&gt; p [0:19]&#10;|           `--END -&gt; &gt; [0:20]&#10;|--NEWLINE -&gt; \n [0:21]&#10;|--LEADING_ASTERISK -&gt; * [1:0]&#10;|--TEXT -&gt;   [1:1]&#10;|--HTML_ELEMENT -&gt; HTML_ELEMENT [1:2]&#10;|   `--PARAGRAPH -&gt; PARAGRAPH [1:2]&#10;|       |--P_TAG_START -&gt; P_TAG_START [1:2]&#10;|       |   |--START -&gt; &lt; [1:2]&#10;|       |   |--P_HTML_TAG_NAME -&gt; P [1:3]&#10;|       |   `--END -&gt; &gt; [1:4]&#10;|       |--TEXT -&gt;   [1:5]&#10;|       |--LI_TAG_START -&gt; LI_TAG_START [1:6]&#10;|       |   |--START -&gt; &lt; [1:6]&#10;|       |   |--LI_HTML_TAG_NAME -&gt; li [1:7]&#10;|       |   `--END -&gt; &gt; [1:9]&#10;|       |--TEXT -&gt;   [1:10]&#10;|       `--P_TAG_END -&gt; P_TAG_END [1:11]&#10;|           |--START -&gt; &lt; [1:11]&#10;|           |--SLASH -&gt; / [1:12]&#10;|           |--P_HTML_TAG_NAME -&gt; p [1:13]&#10;|           `--END -&gt; &gt; [1:14]&#10;|--NEWLINE -&gt; \n [1:15]&#10;|--LEADING_ASTERISK -&gt; * [2:0]&#10;|--TEXT -&gt;   [2:1]&#10;|--HTML_ELEMENT -&gt; HTML_ELEMENT [2:2]&#10;|   `--P_TAG_START -&gt; P_TAG_START [2:2]&#10;|       |--START -&gt; &lt; [2:2]&#10;|       |--P_HTML_TAG_NAME -&gt; p [2:3]&#10;|       `--END -&gt; &gt; [2:4]&#10;|--TEXT -&gt;   [2:5]&#10;|--HTML_ELEMENT -&gt; HTML_ELEMENT [2:6]&#10;|   `--LI_TAG_END -&gt; LI_TAG_END [2:6]&#10;|       |--START -&gt; &lt; [2:6]&#10;|       |--SLASH -&gt; / [2:7]&#10;|       |--LI_HTML_TAG_NAME -&gt; li [2:8]&#10;|       `--END -&gt; &gt; [2:10]&#10;|--TEXT -&gt;   [2:11]&#10;|--HTML_ELEMENT -&gt; HTML_ELEMENT [2:12]&#10;|   `--P_TAG_END -&gt; P_TAG_END [2:12]&#10;|       |--START -&gt; &lt; [2:12]&#10;|       |--SLASH -&gt; / [2:13]&#10;|       |--P_HTML_TAG_NAME -&gt; P [2:14]&#10;|       `--END -&gt; &gt; [2:15]&#10;|--NEWLINE -&gt; \n [2:16]&#10;|--LEADING_ASTERISK -&gt; * [3:0]&#10;|--TEXT -&gt;   [3:1]&#10;|--HTML_ELEMENT -&gt; HTML_ELEMENT [3:2]&#10;|   `--PARAGRAPH -&gt; PARAGRAPH [3:2]&#10;|       |--P_TAG_START -&gt; P_TAG_START [3:2]&#10;|       |   |--START -&gt; &lt; [3:2]&#10;|       |   |--P_HTML_TAG_NAME -&gt; p [3:3]&#10;|       |   `--END -&gt; &gt; [3:4]&#10;|       |--TEXT -&gt;   [3:5]&#10;|       |--TR -&gt; TR [3:6]&#10;|       |   |--TR_TAG_START -&gt; TR_TAG_START [3:6]&#10;|       |   |   |--START -&gt; &lt; [3:6]&#10;|       |   |   |--TR_HTML_TAG_NAME -&gt; tr [3:7]&#10;|       |   |   `--END -&gt; &gt; [3:9]&#10;|       |   |--TEXT -&gt;   [3:10]&#10;|       |   `--TR_TAG_END -&gt; TR_TAG_END [3:11]&#10;|       |       |--START -&gt; &lt; [3:11]&#10;|       |       |--SLASH -&gt; / [3:12]&#10;|       |       |--TR_HTML_TAG_NAME -&gt; tr [3:13]&#10;|       |       `--END -&gt; &gt; [3:15]&#10;|       |--TEXT -&gt;   [3:16]&#10;|       `--P_TAG_END -&gt; P_TAG_END [3:17]&#10;|           |--START -&gt; &lt; [3:17]&#10;|           |--SLASH -&gt; / [3:18]&#10;|           |--P_HTML_TAG_NAME -&gt; p [3:19]&#10;|           `--END -&gt; &gt; [3:20]&#10;|--NEWLINE -&gt; \n [3:21]&#10;|--LEADING_ASTERISK -&gt; * [4:0]&#10;|--TEXT -&gt;   [4:1]&#10;|--HTML_ELEMENT -&gt; HTML_ELEMENT [4:2]&#10;|   `--PARAGRAPH -&gt; PARAGRAPH [4:2]&#10;|       |--P_TAG_START -&gt; P_TAG_START [4:2]&#10;|       |   |--START -&gt; &lt; [4:2]&#10;|       |   |--P_HTML_TAG_NAME -&gt; P [4:3]&#10;|       |   `--END -&gt; &gt; [4:4]&#10;|       |--TEXT -&gt;   [4:5]&#10;|       |--TR_TAG_START -&gt; TR_TAG_START [4:6]&#10;|       |   |--START -&gt; &lt; [4:6]&#10;|       |   |--TR_HTML_TAG_NAME -&gt; tr [4:7]&#10;|       |   `--END -&gt; &gt; [4:9]&#10;|       |--TEXT -&gt;   [4:10]&#10;|       `--P_TAG_END -&gt; P_TAG_END [4:11]&#10;|           |--START -&gt; &lt; [4:11]&#10;|           |--SLASH -&gt; / [4:12]&#10;|           |--P_HTML_TAG_NAME -&gt; p [4:13]&#10;|           `--END -&gt; &gt; [4:14]&#10;|--NEWLINE -&gt; \n [4:15]&#10;|--LEADING_ASTERISK -&gt; * [5:0]&#10;|--TEXT -&gt;   [5:1]&#10;|--HTML_ELEMENT -&gt; HTML_ELEMENT [5:2]&#10;|   `--P_TAG_START -&gt; P_TAG_START [5:2]&#10;|       |--START -&gt; &lt; [5:2]&#10;|       |--P_HTML_TAG_NAME -&gt; p [5:3]&#10;|       `--END -&gt; &gt; [5:4]&#10;|--TEXT -&gt;   [5:5]&#10;|--HTML_ELEMENT -&gt; HTML_ELEMENT [5:6]&#10;|   `--TR_TAG_END -&gt; TR_TAG_END [5:6]&#10;|       |--START -&gt; &lt; [5:6]&#10;|       |--SLASH -&gt; / [5:7]&#10;|       |--TR_HTML_TAG_NAME -&gt; tr [5:8]&#10;|       `--END -&gt; &gt; [5:10]&#10;|--TEXT -&gt;   [5:11]&#10;|--HTML_ELEMENT -&gt; HTML_ELEMENT [5:12]&#10;|   `--P_TAG_END -&gt; P_TAG_END [5:12]&#10;|       |--START -&gt; &lt; [5:12]&#10;|       |--SLASH -&gt; / [5:13]&#10;|       |--P_HTML_TAG_NAME -&gt; P [5:14]&#10;|       `--END -&gt; &gt; [5:15]&#10;|--NEWLINE -&gt; \n [5:16]&#10;|--LEADING_ASTERISK -&gt; * [6:0]&#10;|--TEXT -&gt;   [6:1]&#10;|--HTML_ELEMENT -&gt; HTML_ELEMENT [6:2]&#10;|   `--PARAGRAPH -&gt; PARAGRAPH [6:2]&#10;|       |--P_TAG_START -&gt; P_TAG_START [6:2]&#10;|       |   |--START -&gt; &lt; [6:2]&#10;|       |   |--P_HTML_TAG_NAME -&gt; p [6:3]&#10;|       |   `--END -&gt; &gt; [6:4]&#10;|       |--TEXT -&gt;   [6:5]&#10;|       |--TD -&gt; TD [6:6]&#10;|       |   |--TD_TAG_START -&gt; TD_TAG_START [6:6]&#10;|       |   |   |--START -&gt; &lt; [6:6]&#10;|       |   |   |--TD_HTML_TAG_NAME -&gt; td [6:7]&#10;|       |   |   `--END -&gt; &gt; [6:9]&#10;|       |   |--TEXT -&gt;   [6:10]&#10;|       |   `--TD_TAG_END -&gt; TD_TAG_END [6:11]&#10;|       |       |--START -&gt; &lt; [6:11]&#10;|       |       |--SLASH -&gt; / [6:12]&#10;|       |       |--TD_HTML_TAG_NAME -&gt; td [6:13]&#10;|       |       `--END -&gt; &gt; [6:15]&#10;|       |--TEXT -&gt;   [6:16]&#10;|       `--P_TAG_END -&gt; P_TAG_END [6:17]&#10;|           |--START -&gt; &lt; [6:17]&#10;|           |--SLASH -&gt; / [6:18]&#10;|           |--P_HTML_TAG_NAME -&gt; p [6:19]&#10;|           `--END -&gt; &gt; [6:20]&#10;|--NEWLINE -&gt; \n [6:21]&#10;|--LEADING_ASTERISK -&gt; * [7:0]&#10;|--TEXT -&gt;   [7:1]&#10;|--HTML_ELEMENT -&gt; HTML_ELEMENT [7:2]&#10;|   `--PARAGRAPH -&gt; PARAGRAPH [7:2]&#10;|       |--P_TAG_START -&gt; P_TAG_START [7:2]&#10;|       |   |--START -&gt; &lt; [7:2]&#10;|       |   |--P_HTML_TAG_NAME -&gt; P [7:3]&#10;|       |   `--END -&gt; &gt; [7:4]&#10;|       |--TEXT -&gt;   [7:5]&#10;|       |--TD_TAG_START -&gt; TD_TAG_START [7:6]&#10;|       |   |--START -&gt; &lt; [7:6]&#10;|       |   |--TD_HTML_TAG_NAME -&gt; td [7:7]&#10;|       |   `--END -&gt; &gt; [7:9]&#10;|       |--TEXT -&gt;   [7:10]&#10;|       `--P_TAG_END -&gt; P_TAG_END [7:11]&#10;|           |--START -&gt; &lt; [7:11]&#10;|           |--SLASH -&gt; / [7:12]&#10;|           |--P_HTML_TAG_NAME -&gt; p [7:13]&#10;|           `--END -&gt; &gt; [7:14]&#10;|--NEWLINE -&gt; \n [7:15]&#10;|--LEADING_ASTERISK -&gt; * [8:0]&#10;|--TEXT -&gt;   [8:1]&#10;|--HTML_ELEMENT -&gt; HTML_ELEMENT [8:2]&#10;|   `--P_TAG_START -&gt; P_TAG_START [8:2]&#10;|       |--START -&gt; &lt; [8:2]&#10;|       |--P_HTML_TAG_NAME -&gt; p [8:3]&#10;|       `--END -&gt; &gt; [8:4]&#10;|--TEXT -&gt;   [8:5]&#10;|--HTML_ELEMENT -&gt; HTML_ELEMENT [8:6]&#10;|   `--TD_TAG_END -&gt; TD_TAG_END [8:6]&#10;|       |--START -&gt; &lt; [8:6]&#10;|       |--SLASH -&gt; / [8:7]&#10;|       |--TD_HTML_TAG_NAME -&gt; td [8:8]&#10;|       `--END -&gt; &gt; [8:10]&#10;|--TEXT -&gt;   [8:11]&#10;|--HTML_ELEMENT -&gt; HTML_ELEMENT [8:12]&#10;|   `--P_TAG_END -&gt; P_TAG_END [8:12]&#10;|       |--START -&gt; &lt; [8:12]&#10;|       |--SLASH -&gt; / [8:13]&#10;|       |--P_HTML_TAG_NAME -&gt; P [8:14]&#10;|       `--END -&gt; &gt; [8:15]&#10;|--NEWLINE -&gt; \n [8:16]&#10;|--LEADING_ASTERISK -&gt; * [9:0]&#10;|--TEXT -&gt;   [9:1]&#10;|--HTML_ELEMENT -&gt; HTML_ELEMENT [9:2]&#10;|   `--PARAGRAPH -&gt; PARAGRAPH [9:2]&#10;|       |--P_TAG_START -&gt; P_TAG_START [9:2]&#10;|       |   |--START -&gt; &lt; [9:2]&#10;|       |   |--P_HTML_TAG_NAME -&gt; p [9:3]&#10;|       |   `--END -&gt; &gt; [9:4]&#10;|       |--TEXT -&gt;   [9:5]&#10;|       |--TH -&gt; TH [9:6]&#10;|       |   |--TH_TAG_START -&gt; TH_TAG_START [9:6]&#10;|       |   |   |--START -&gt; &lt; [9:6]&#10;|       |   |   |--TH_HTML_TAG_NAME -&gt; th [9:7]&#10;|       |   |   `--END -&gt; &gt; [9:9]&#10;|       |   |--TEXT -&gt;   [9:10]&#10;|       |   `--TH_TAG_END -&gt; TH_TAG_END [9:11]&#10;|       |       |--START -&gt; &lt; [9:11]&#10;|       |       |--SLASH -&gt; / [9:12]&#10;|       |       |--TH_HTML_TAG_NAME -&gt; th [9:13]&#10;|       |       `--END -&gt; &gt; [9:15]&#10;|       |--TEXT -&gt;   [9:16]&#10;|       `--P_TAG_END -&gt; P_TAG_END [9:17]&#10;|           |--START -&gt; &lt; [9:17]&#10;|           |--SLASH -&gt; / [9:18]&#10;|           |--P_HTML_TAG_NAME -&gt; p [9:19]&#10;|           `--END -&gt; &gt; [9:20]&#10;|--NEWLINE -&gt; \n [9:21]&#10;|--LEADING_ASTERISK -&gt; * [10:0]&#10;|--TEXT -&gt;   [10:1]&#10;|--HTML_ELEMENT -&gt; HTML_ELEMENT [10:2]&#10;|   `--PARAGRAPH -&gt; PARAGRAPH [10:2]&#10;|       |--P_TAG_START -&gt; P_TAG_START [10:2]&#10;|       |   |--START -&gt; &lt; [10:2]&#10;|       |   |--P_HTML_TAG_NAME -&gt; P [10:3]&#10;|       |   `--END -&gt; &gt; [10:4]&#10;|       |--TEXT -&gt;   [10:5]&#10;|       |--TH_TAG_START -&gt; TH_TAG_START [10:6]&#10;|       |   |--START -&gt; &lt; [10:6]&#10;|       |   |--TH_HTML_TAG_NAME -&gt; th [10:7]&#10;|       |   `--END -&gt; &gt; [10:9]&#10;|       |--TEXT -&gt;   [10:10]&#10;|       `--P_TAG_END -&gt; P_TAG_END [10:11]&#10;|           |--START -&gt; &lt; [10:11]&#10;|           |--SLASH -&gt; / [10:12]&#10;|           |--P_HTML_TAG_NAME -&gt; p [10:13]&#10;|           `--END -&gt; &gt; [10:14]&#10;|--NEWLINE -&gt; \n [10:15]&#10;|--LEADING_ASTERISK -&gt; * [11:0]&#10;|--TEXT -&gt;   [11:1]&#10;|--HTML_ELEMENT -&gt; HTML_ELEMENT [11:2]&#10;|   `--P_TAG_START -&gt; P_TAG_START [11:2]&#10;|       |--START -&gt; &lt; [11:2]&#10;|       |--P_HTML_TAG_NAME -&gt; p [11:3]&#10;|       `--END -&gt; &gt; [11:4]&#10;|--TEXT -&gt;   [11:5]&#10;|--HTML_ELEMENT -&gt; HTML_ELEMENT [11:6]&#10;|   `--TH_TAG_END -&gt; TH_TAG_END [11:6]&#10;|       |--START -&gt; &lt; [11:6]&#10;|       |--SLASH -&gt; / [11:7]&#10;|       |--TH_HTML_TAG_NAME -&gt; th [11:8]&#10;|       `--END -&gt; &gt; [11:10]&#10;|--TEXT -&gt;   [11:11]&#10;|--HTML_ELEMENT -&gt; HTML_ELEMENT [11:12]&#10;|   `--P_TAG_END -&gt; P_TAG_END [11:12]&#10;|       |--START -&gt; &lt; [11:12]&#10;|       |--SLASH -&gt; / [11:13]&#10;|       |--P_HTML_TAG_NAME -&gt; P [11:14]&#10;|       `--END -&gt; &gt; [11:15]&#10;|--NEWLINE -&gt; \n [11:16]&#10;|--LEADING_ASTERISK -&gt; * [12:0]&#10;|--TEXT -&gt;   [12:1]&#10;|--HTML_ELEMENT -&gt; HTML_ELEMENT [12:2]&#10;|   `--PARAGRAPH -&gt; PARAGRAPH [12:2]&#10;|       |--P_TAG_START -&gt; P_TAG_START [12:2]&#10;|       |   |--START -&gt; &lt; [12:2]&#10;|       |   |--P_HTML_TAG_NAME -&gt; p [12:3]&#10;|       |   `--END -&gt; &gt; [12:4]&#10;|       |--TEXT -&gt;   [12:5]&#10;|       |--BODY -&gt; BODY [12:6]&#10;|       |   |--BODY_TAG_START -&gt; BODY_TAG_START [12:6]&#10;|       |   |   |--START -&gt; &lt; [12:6]&#10;|       |   |   |--BODY_HTML_TAG_NAME -&gt; body [12:7]&#10;|       |   |   `--END -&gt; &gt; [12:11]&#10;|       |   |--TEXT -&gt;   [12:12]&#10;|       |   `--BODY_TAG_END -&gt; BODY_TAG_END [12:13]&#10;|       |       |--START -&gt; &lt; [12:13]&#10;|       |       |--SLASH -&gt; / [12:14]&#10;|       |       |--BODY_HTML_TAG_NAME -&gt; body [12:15]&#10;|       |       `--END -&gt; &gt; [12:19]&#10;|       |--TEXT -&gt;   [12:20]&#10;|       `--P_TAG_END -&gt; P_TAG_END [12:21]&#10;|           |--START -&gt; &lt; [12:21]&#10;|           |--SLASH -&gt; / [12:22]&#10;|           |--P_HTML_TAG_NAME -&gt; p [12:23]&#10;|           `--END -&gt; &gt; [12:24]&#10;|--NEWLINE -&gt; \n [12:25]&#10;|--LEADING_ASTERISK -&gt; * [13:0]&#10;|--TEXT -&gt;   [13:1]&#10;|--HTML_ELEMENT -&gt; HTML_ELEMENT [13:2]&#10;|   `--PARAGRAPH -&gt; PARAGRAPH [13:2]&#10;|       |--P_TAG_START -&gt; P_TAG_START [13:2]&#10;|       |   |--START -&gt; &lt; [13:2]&#10;|       |   |--P_HTML_TAG_NAME -&gt; P [13:3]&#10;|       |   `--END -&gt; &gt; [13:4]&#10;|       |--TEXT -&gt;   [13:5]&#10;|       |--BODY_TAG_START -&gt; BODY_TAG_START [13:6]&#10;|       |   |--START -&gt; &lt; [13:6]&#10;|       |   |--BODY_HTML_TAG_NAME -&gt; body [13:7]&#10;|       |   `--END -&gt; &gt; [13:11]&#10;|       |--TEXT -&gt;   [13:12]&#10;|       `--P_TAG_END -&gt; P_TAG_END [13:13]&#10;|           |--START -&gt; &lt; [13:13]&#10;|           |--SLASH -&gt; / [13:14]&#10;|           |--P_HTML_TAG_NAME -&gt; p [13:15]&#10;|           `--END -&gt; &gt; [13:16]&#10;|--NEWLINE -&gt; \n [13:17]&#10;|--LEADING_ASTERISK -&gt; * [14:0]&#10;|--TEXT -&gt;   [14:1]&#10;|--HTML_ELEMENT -&gt; HTML_ELEMENT [14:2]&#10;|   `--P_TAG_START -&gt; P_TAG_START [14:2]&#10;|       |--START -&gt; &lt; [14:2]&#10;|       |--P_HTML_TAG_NAME -&gt; p [14:3]&#10;|       `--END -&gt; &gt; [14:4]&#10;|--TEXT -&gt;   [14:5]&#10;|--HTML_ELEMENT -&gt; HTML_ELEMENT [14:6]&#10;|   `--BODY_TAG_END -&gt; BODY_TAG_END [14:6]&#10;|       |--START -&gt; &lt; [14:6]&#10;|       |--SLASH -&gt; / [14:7]&#10;|       |--BODY_HTML_TAG_NAME -&gt; body [14:8]&#10;|       `--END -&gt; &gt; [14:12]&#10;|--TEXT -&gt;   [14:13]&#10;|--HTML_ELEMENT -&gt; HTML_ELEMENT [14:14]&#10;|   `--P_TAG_END -&gt; P_TAG_END [14:14]&#10;|       |--START -&gt; &lt; [14:14]&#10;|       |--SLASH -&gt; / [14:15]&#10;|       |--P_HTML_TAG_NAME -&gt; P [14:16]&#10;|       `--END -&gt; &gt; [14:17]&#10;|--NEWLINE -&gt; \n [14:18]&#10;|--LEADING_ASTERISK -&gt; * [15:0]&#10;|--TEXT -&gt;   [15:1]&#10;|--HTML_ELEMENT -&gt; HTML_ELEMENT [15:2]&#10;|   `--PARAGRAPH -&gt; PARAGRAPH [15:2]&#10;|       |--P_TAG_START -&gt; P_TAG_START [15:2]&#10;|       |   |--START -&gt; &lt; [15:2]&#10;|       |   |--P_HTML_TAG_NAME -&gt; p [15:3]&#10;|       |   `--END -&gt; &gt; [15:4]&#10;|       |--TEXT -&gt;   [15:5]&#10;|       |--COLGROUP -&gt; COLGROUP [15:6]&#10;|       |   |--COLGROUP_TAG_START -&gt; COLGROUP_TAG_START [15:6]&#10;|       |   |   |--START -&gt; &lt; [15:6]&#10;|       |   |   |--COLGROUP_HTML_TAG_NAME -&gt; colgroup [15:7]&#10;|       |   |   `--END -&gt; &gt; [15:15]&#10;|       |   |--TEXT -&gt;   [15:16]&#10;|       |   `--COLGROUP_TAG_END -&gt; COLGROUP_TAG_END [15:17]&#10;|       |       |--START -&gt; &lt; [15:17]&#10;|       |       |--SLASH -&gt; / [15:18]&#10;|       |       |--COLGROUP_HTML_TAG_NAME -&gt; colgroup [15:19]&#10;|       |       `--END -&gt; &gt; [15:27]&#10;|       |--TEXT -&gt;   [15:28]&#10;|       `--P_TAG_END -&gt; P_TAG_END [15:29]&#10;|           |--START -&gt; &lt; [15:29]&#10;|           |--SLASH -&gt; / [15:30]&#10;|           |--P_HTML_TAG_NAME -&gt; p [15:31]&#10;|           `--END -&gt; &gt; [15:32]&#10;|--NEWLINE -&gt; \n [15:33]&#10;|--LEADING_ASTERISK -&gt; * [16:0]&#10;|--TEXT -&gt;   [16:1]&#10;|--HTML_ELEMENT -&gt; HTML_ELEMENT [16:2]&#10;|   `--PARAGRAPH -&gt; PARAGRAPH [16:2]&#10;|       |--P_TAG_START -&gt; P_TAG_START [16:2]&#10;|       |   |--START -&gt; &lt; [16:2]&#10;|       |   |--P_HTML_TAG_NAME -&gt; P [16:3]&#10;|       |   `--END -&gt; &gt; [16:4]&#10;|       |--TEXT -&gt;   [16:5]&#10;|       |--COLGROUP_TAG_START -&gt; COLGROUP_TAG_START [16:6]&#10;|       |   |--START -&gt; &lt; [16:6]&#10;|       |   |--COLGROUP_HTML_TAG_NAME -&gt; colgroup [16:7]&#10;|       |   `--END -&gt; &gt; [16:15]&#10;|       |--TEXT -&gt;   [16:16]&#10;|       `--P_TAG_END -&gt; P_TAG_END [16:17]&#10;|           |--START -&gt; &lt; [16:17]&#10;|           |--SLASH -&gt; / [16:18]&#10;|           |--P_HTML_TAG_NAME -&gt; p [16:19]&#10;|           `--END -&gt; &gt; [16:20]&#10;|--NEWLINE -&gt; \n [16:21]&#10;|--LEADING_ASTERISK -&gt; * [17:0]&#10;|--TEXT -&gt;   [17:1]&#10;|--HTML_ELEMENT -&gt; HTML_ELEMENT [17:2]&#10;|   `--P_TAG_START -&gt; P_TAG_START [17:2]&#10;|       |--START -&gt; &lt; [17:2]&#10;|       |--P_HTML_TAG_NAME -&gt; p [17:3]&#10;|       `--END -&gt; &gt; [17:4]&#10;|--TEXT -&gt;   [17:5]&#10;|--HTML_ELEMENT -&gt; HTML_ELEMENT [17:6]&#10;|   `--COLGROUP_TAG_END -&gt; COLGROUP_TAG_END [17:6]&#10;|       |--START -&gt; &lt; [17:6]&#10;|       |--SLASH -&gt; / [17:7]&#10;|       |--COLGROUP_HTML_TAG_NAME -&gt; colgroup [17:8]&#10;|       `--END -&gt; &gt; [17:16]&#10;|--TEXT -&gt;   [17:17]&#10;|--HTML_ELEMENT -&gt; HTML_ELEMENT [17:18]&#10;|   `--P_TAG_END -&gt; P_TAG_END [17:18]&#10;|       |--START -&gt; &lt; [17:18]&#10;|       |--SLASH -&gt; / [17:19]&#10;|       |--P_HTML_TAG_NAME -&gt; P [17:20]&#10;|       `--END -&gt; &gt; [17:21]&#10;|--NEWLINE -&gt; \n [17:22]&#10;|--LEADING_ASTERISK -&gt; * [18:0]&#10;|--TEXT -&gt;   [18:1]&#10;|--HTML_ELEMENT -&gt; HTML_ELEMENT [18:2]&#10;|   `--PARAGRAPH -&gt; PARAGRAPH [18:2]&#10;|       |--P_TAG_START -&gt; P_TAG_START [18:2]&#10;|       |   |--START -&gt; &lt; [18:2]&#10;|       |   |--P_HTML_TAG_NAME -&gt; p [18:3]&#10;|       |   `--END -&gt; &gt; [18:4]&#10;|       |--TEXT -&gt;   [18:5]&#10;|       |--DD -&gt; DD [18:6]&#10;|       |   |--DD_TAG_START -&gt; DD_TAG_START [18:6]&#10;|       |   |   |--START -&gt; &lt; [18:6]&#10;|       |   |   |--DD_HTML_TAG_NAME -&gt; dd [18:7]&#10;|       |   |   `--END -&gt; &gt; [18:9]&#10;|       |   |--TEXT -&gt;   [18:10]&#10;|       |   `--DD_TAG_END -&gt; DD_TAG_END [18:11]&#10;|       |       |--START -&gt; &lt; [18:11]&#10;|       |       |--SLASH -&gt; / [18:12]&#10;|       |       |--DD_HTML_TAG_NAME -&gt; dd [18:13]&#10;|       |       `--END -&gt; &gt; [18:15]&#10;|       |--TEXT -&gt;   [18:16]&#10;|       `--P_TAG_END -&gt; P_TAG_END [18:17]&#10;|           |--START -&gt; &lt; [18:17]&#10;|           |--SLASH -&gt; / [18:18]&#10;|           |--P_HTML_TAG_NAME -&gt; p [18:19]&#10;|           `--END -&gt; &gt; [18:20]&#10;|--NEWLINE -&gt; \n [18:21]&#10;|--LEADING_ASTERISK -&gt; * [19:0]&#10;|--TEXT -&gt;   [19:1]&#10;|--HTML_ELEMENT -&gt; HTML_ELEMENT [19:2]&#10;|   `--PARAGRAPH -&gt; PARAGRAPH [19:2]&#10;|       |--P_TAG_START -&gt; P_TAG_START [19:2]&#10;|       |   |--START -&gt; &lt; [19:2]&#10;|       |   |--P_HTML_TAG_NAME -&gt; P [19:3]&#10;|       |   `--END -&gt; &gt; [19:4]&#10;|       |--TEXT -&gt;   [19:5]&#10;|       |--DD_TAG_START -&gt; DD_TAG_START [19:6]&#10;|       |   |--START -&gt; &lt; [19:6]&#10;|       |   |--DD_HTML_TAG_NAME -&gt; dd [19:7]&#10;|       |   `--END -&gt; &gt; [19:9]&#10;|       |--TEXT -&gt;   [19:10]&#10;|       `--P_TAG_END -&gt; P_TAG_END [19:11]&#10;|           |--START -&gt; &lt; [19:11]&#10;|           |--SLASH -&gt; / [19:12]&#10;|           |--P_HTML_TAG_NAME -&gt; p [19:13]&#10;|           `--END -&gt; &gt; [19:14]&#10;|--NEWLINE -&gt; \n [19:15]&#10;|--LEADING_ASTERISK -&gt; * [20:0]&#10;|--TEXT -&gt;   [20:1]&#10;|--HTML_ELEMENT -&gt; HTML_ELEMENT [20:2]&#10;|   `--P_TAG_START -&gt; P_TAG_START [20:2]&#10;|       |--START -&gt; &lt; [20:2]&#10;|       |--P_HTML_TAG_NAME -&gt; p [20:3]&#10;|       `--END -&gt; &gt; [20:4]&#10;|--TEXT -&gt;   [20:5]&#10;|--HTML_ELEMENT -&gt; HTML_ELEMENT [20:6]&#10;|   `--DD_TAG_END -&gt; DD_TAG_END [20:6]&#10;|       |--START -&gt; &lt; [20:6]&#10;|       |--SLASH -&gt; / [20:7]&#10;|       |--DD_HTML_TAG_NAME -&gt; dd [20:8]&#10;|       `--END -&gt; &gt; [20:10]&#10;|--TEXT -&gt;   [20:11]&#10;|--HTML_ELEMENT -&gt; HTML_ELEMENT [20:12]&#10;|   `--P_TAG_END -&gt; P_TAG_END [20:12]&#10;|       |--START -&gt; &lt; [20:12]&#10;|       |--SLASH -&gt; / [20:13]&#10;|       |--P_HTML_TAG_NAME -&gt; P [20:14]&#10;|       `--END -&gt; &gt; [20:15]&#10;|--NEWLINE -&gt; \n [20:16]&#10;|--LEADING_ASTERISK -&gt; * [21:0]&#10;|--TEXT -&gt;   [21:1]&#10;|--HTML_ELEMENT -&gt; HTML_ELEMENT [21:2]&#10;|   `--PARAGRAPH -&gt; PARAGRAPH [21:2]&#10;|       |--P_TAG_START -&gt; P_TAG_START [21:2]&#10;|       |   |--START -&gt; &lt; [21:2]&#10;|       |   |--P_HTML_TAG_NAME -&gt; p [21:3]&#10;|       |   `--END -&gt; &gt; [21:4]&#10;|       |--TEXT -&gt;   [21:5]&#10;|       |--DT -&gt; DT [21:6]&#10;|       |   |--DT_TAG_START -&gt; DT_TAG_START [21:6]&#10;|       |   |   |--START -&gt; &lt; [21:6]&#10;|       |   |   |--DT_HTML_TAG_NAME -&gt; dt [21:7]&#10;|       |   |   `--END -&gt; &gt; [21:9]&#10;|       |   |--TEXT -&gt;   [21:10]&#10;|       |   `--DT_TAG_END -&gt; DT_TAG_END [21:11]&#10;|       |       |--START -&gt; &lt; [21:11]&#10;|       |       |--SLASH -&gt; / [21:12]&#10;|       |       |--DT_HTML_TAG_NAME -&gt; dt [21:13]&#10;|       |       `--END -&gt; &gt; [21:15]&#10;|       |--TEXT -&gt;   [21:16]&#10;|       `--P_TAG_END -&gt; P_TAG_END [21:17]&#10;|           |--START -&gt; &lt; [21:17]&#10;|           |--SLASH -&gt; / [21:18]&#10;|           |--P_HTML_TAG_NAME -&gt; p [21:19]&#10;|           `--END -&gt; &gt; [21:20]&#10;|--NEWLINE -&gt; \n [21:21]&#10;|--LEADING_ASTERISK -&gt; * [22:0]&#10;|--TEXT -&gt;   [22:1]&#10;|--HTML_ELEMENT -&gt; HTML_ELEMENT [22:2]&#10;|   `--PARAGRAPH -&gt; PARAGRAPH [22:2]&#10;|       |--P_TAG_START -&gt; P_TAG_START [22:2]&#10;|       |   |--START -&gt; &lt; [22:2]&#10;|       |   |--P_HTML_TAG_NAME -&gt; P [22:3]&#10;|       |   `--END -&gt; &gt; [22:4]&#10;|       |--TEXT -&gt;   [22:5]&#10;|       |--DT_TAG_START -&gt; DT_TAG_START [22:6]&#10;|       |   |--START -&gt; &lt; [22:6]&#10;|       |   |--DT_HTML_TAG_NAME -&gt; dt [22:7]&#10;|       |   `--END -&gt; &gt; [22:9]&#10;|       |--TEXT -&gt;   [22:10]&#10;|       `--P_TAG_END -&gt; P_TAG_END [22:11]&#10;|           |--START -&gt; &lt; [22:11]&#10;|           |--SLASH -&gt; / [22:12]&#10;|           |--P_HTML_TAG_NAME -&gt; p [22:13]&#10;|           `--END -&gt; &gt; [22:14]&#10;|--NEWLINE -&gt; \n [22:15]&#10;|--LEADING_ASTERISK -&gt; * [23:0]&#10;|--TEXT -&gt;   [23:1]&#10;|--HTML_ELEMENT -&gt; HTML_ELEMENT [23:2]&#10;|   `--P_TAG_START -&gt; P_TAG_START [23:2]&#10;|       |--START -&gt; &lt; [23:2]&#10;|       |--P_HTML_TAG_NAME -&gt; p [23:3]&#10;|       `--END -&gt; &gt; [23:4]&#10;|--TEXT -&gt;   [23:5]&#10;|--HTML_ELEMENT -&gt; HTML_ELEMENT [23:6]&#10;|   `--DT_TAG_END -&gt; DT_TAG_END [23:6]&#10;|       |--START -&gt; &lt; [23:6]&#10;|       |--SLASH -&gt; / [23:7]&#10;|       |--DT_HTML_TAG_NAME -&gt; dt [23:8]&#10;|       `--END -&gt; &gt; [23:10]&#10;|--TEXT -&gt;   [23:11]&#10;|--HTML_ELEMENT -&gt; HTML_ELEMENT [23:12]&#10;|   `--P_TAG_END -&gt; P_TAG_END [23:12]&#10;|       |--START -&gt; &lt; [23:12]&#10;|       |--SLASH -&gt; / [23:13]&#10;|       |--P_HTML_TAG_NAME -&gt; P [23:14]&#10;|       `--END -&gt; &gt; [23:15]&#10;|--NEWLINE -&gt; \n [23:16]&#10;|--LEADING_ASTERISK -&gt; * [24:0]&#10;|--TEXT -&gt;   [24:1]&#10;|--HTML_ELEMENT -&gt; HTML_ELEMENT [24:2]&#10;|   `--PARAGRAPH -&gt; PARAGRAPH [24:2]&#10;|       |--P_TAG_START -&gt; P_TAG_START [24:2]&#10;|       |   |--START -&gt; &lt; [24:2]&#10;|       |   |--P_HTML_TAG_NAME -&gt; p [24:3]&#10;|       |   `--END -&gt; &gt; [24:4]&#10;|       |--TEXT -&gt;   [24:5]&#10;|       |--HEAD -&gt; HEAD [24:6]&#10;|       |   |--HEAD_TAG_START -&gt; HEAD_TAG_START [24:6]&#10;|       |   |   |--START -&gt; &lt; [24:6]&#10;|       |   |   |--HEAD_HTML_TAG_NAME -&gt; head [24:7]&#10;|       |   |   `--END -&gt; &gt; [24:11]&#10;|       |   |--TEXT -&gt;   [24:12]&#10;|       |   `--HEAD_TAG_END -&gt; HEAD_TAG_END [24:13]&#10;|       |       |--START -&gt; &lt; [24:13]&#10;|       |       |--SLASH -&gt; / [24:14]&#10;|       |       |--HEAD_HTML_TAG_NAME -&gt; head [24:15]&#10;|       |       `--END -&gt; &gt; [24:19]&#10;|       |--TEXT -&gt;   [24:20]&#10;|       `--P_TAG_END -&gt; P_TAG_END [24:21]&#10;|           |--START -&gt; &lt; [24:21]&#10;|           |--SLASH -&gt; / [24:22]&#10;|           |--P_HTML_TAG_NAME -&gt; p [24:23]&#10;|           `--END -&gt; &gt; [24:24]&#10;|--NEWLINE -&gt; \n [24:25]&#10;|--LEADING_ASTERISK -&gt; * [25:0]&#10;|--TEXT -&gt;   [25:1]&#10;|--HTML_ELEMENT -&gt; HTML_ELEMENT [25:2]&#10;|   `--PARAGRAPH -&gt; PARAGRAPH [25:2]&#10;|       |--P_TAG_START -&gt; P_TAG_START [25:2]&#10;|       |   |--START -&gt; &lt; [25:2]&#10;|       |   |--P_HTML_TAG_NAME -&gt; P [25:3]&#10;|       |   `--END -&gt; &gt; [25:4]&#10;|       |--TEXT -&gt;   [25:5]&#10;|       |--HEAD_TAG_START -&gt; HEAD_TAG_START [25:6]&#10;|       |   |--START -&gt; &lt; [25:6]&#10;|       |   |--HEAD_HTML_TAG_NAME -&gt; head [25:7]&#10;|       |   `--END -&gt; &gt; [25:11]&#10;|       |--TEXT -&gt;   [25:12]&#10;|       `--P_TAG_END -&gt; P_TAG_END [25:13]&#10;|           |--START -&gt; &lt; [25:13]&#10;|           |--SLASH -&gt; / [25:14]&#10;|           |--P_HTML_TAG_NAME -&gt; p [25:15]&#10;|           `--END -&gt; &gt; [25:16]&#10;|--NEWLINE -&gt; \n [25:17]&#10;|--LEADING_ASTERISK -&gt; * [26:0]&#10;|--TEXT -&gt;   [26:1]&#10;|--HTML_ELEMENT -&gt; HTML_ELEMENT [26:2]&#10;|   `--P_TAG_START -&gt; P_TAG_START [26:2]&#10;|       |--START -&gt; &lt; [26:2]&#10;|       |--P_HTML_TAG_NAME -&gt; p [26:3]&#10;|       `--END -&gt; &gt; [26:4]&#10;|--TEXT -&gt;   [26:5]&#10;|--HTML_ELEMENT -&gt; HTML_ELEMENT [26:6]&#10;|   `--HEAD_TAG_END -&gt; HEAD_TAG_END [26:6]&#10;|       |--START -&gt; &lt; [26:6]&#10;|       |--SLASH -&gt; / [26:7]&#10;|       |--HEAD_HTML_TAG_NAME -&gt; head [26:8]&#10;|       `--END -&gt; &gt; [26:12]&#10;|--TEXT -&gt;   [26:13]&#10;|--HTML_ELEMENT -&gt; HTML_ELEMENT [26:14]&#10;|   `--P_TAG_END -&gt; P_TAG_END [26:14]&#10;|       |--START -&gt; &lt; [26:14]&#10;|       |--SLASH -&gt; / [26:15]&#10;|       |--P_HTML_TAG_NAME -&gt; P [26:16]&#10;|       `--END -&gt; &gt; [26:17]&#10;|--NEWLINE -&gt; \n [26:18]&#10;|--LEADING_ASTERISK -&gt; * [27:0]&#10;|--TEXT -&gt;   [27:1]&#10;|--HTML_ELEMENT -&gt; HTML_ELEMENT [27:2]&#10;|   `--PARAGRAPH -&gt; PARAGRAPH [27:2]&#10;|       |--P_TAG_START -&gt; P_TAG_START [27:2]&#10;|       |   |--START -&gt; &lt; [27:2]&#10;|       |   |--P_HTML_TAG_NAME -&gt; p [27:3]&#10;|       |   `--END -&gt; &gt; [27:4]&#10;|       |--TEXT -&gt;   [27:5]&#10;|       |--HTML -&gt; HTML [27:6]&#10;|       |   |--HTML_TAG_START -&gt; HTML_TAG_START [27:6]&#10;|       |   |   |--START -&gt; &lt; [27:6]&#10;|       |   |   |--HTML_HTML_TAG_NAME -&gt; html [27:7]&#10;|       |   |   `--END -&gt; &gt; [27:11]&#10;|       |   |--TEXT -&gt;   [27:12]&#10;|       |   `--HTML_TAG_END -&gt; HTML_TAG_END [27:13]&#10;|       |       |--START -&gt; &lt; [27:13]&#10;|       |       |--SLASH -&gt; / [27:14]&#10;|       |       |--HTML_HTML_TAG_NAME -&gt; html [27:15]&#10;|       |       `--END -&gt; &gt; [27:19]&#10;|       |--TEXT -&gt;   [27:20]&#10;|       `--P_TAG_END -&gt; P_TAG_END [27:21]&#10;|           |--START -&gt; &lt; [27:21]&#10;|           |--SLASH -&gt; / [27:22]&#10;|           |--P_HTML_TAG_NAME -&gt; p [27:23]&#10;|           `--END -&gt; &gt; [27:24]&#10;|--NEWLINE -&gt; \n [27:25]&#10;|--LEADING_ASTERISK -&gt; * [28:0]&#10;|--TEXT -&gt;   [28:1]&#10;|--HTML_ELEMENT -&gt; HTML_ELEMENT [28:2]&#10;|   `--PARAGRAPH -&gt; PARAGRAPH [28:2]&#10;|       |--P_TAG_START -&gt; P_TAG_START [28:2]&#10;|       |   |--START -&gt; &lt; [28:2]&#10;|       |   |--P_HTML_TAG_NAME -&gt; P [28:3]&#10;|       |   `--END -&gt; &gt; [28:4]&#10;|       |--TEXT -&gt;   [28:5]&#10;|       |--HTML_TAG_START -&gt; HTML_TAG_START [28:6]&#10;|       |   |--START -&gt; &lt; [28:6]&#10;|       |   |--HTML_HTML_TAG_NAME -&gt; html [28:7]&#10;|       |   `--END -&gt; &gt; [28:11]&#10;|       |--TEXT -&gt;   [28:12]&#10;|       `--P_TAG_END -&gt; P_TAG_END [28:13]&#10;|           |--START -&gt; &lt; [28:13]&#10;|           |--SLASH -&gt; / [28:14]&#10;|           |--P_HTML_TAG_NAME -&gt; p [28:15]&#10;|           `--END -&gt; &gt; [28:16]&#10;|--NEWLINE -&gt; \n [28:17]&#10;|--LEADING_ASTERISK -&gt; * [29:0]&#10;|--TEXT -&gt;   [29:1]&#10;|--HTML_ELEMENT -&gt; HTML_ELEMENT [29:2]&#10;|   `--P_TAG_START -&gt; P_TAG_START [29:2]&#10;|       |--START -&gt; &lt; [29:2]&#10;|       |--P_HTML_TAG_NAME -&gt; p [29:3]&#10;|       `--END -&gt; &gt; [29:4]&#10;|--TEXT -&gt;   [29:5]&#10;|--HTML_ELEMENT -&gt; HTML_ELEMENT [29:6]&#10;|   `--HTML_TAG_END -&gt; HTML_TAG_END [29:6]&#10;|       |--START -&gt; &lt; [29:6]&#10;|       |--SLASH -&gt; / [29:7]&#10;|       |--HTML_HTML_TAG_NAME -&gt; html [29:8]&#10;|       `--END -&gt; &gt; [29:12]&#10;|--TEXT -&gt;   [29:13]&#10;|--HTML_ELEMENT -&gt; HTML_ELEMENT [29:14]&#10;|   `--P_TAG_END -&gt; P_TAG_END [29:14]&#10;|       |--START -&gt; &lt; [29:14]&#10;|       |--SLASH -&gt; / [29:15]&#10;|       |--P_HTML_TAG_NAME -&gt; P [29:16]&#10;|       `--END -&gt; &gt; [29:17]&#10;|--NEWLINE -&gt; \n [29:18]&#10;|--LEADING_ASTERISK -&gt; * [30:0]&#10;|--TEXT -&gt;   [30:1]&#10;|--HTML_ELEMENT -&gt; HTML_ELEMENT [30:2]&#10;|   `--PARAGRAPH -&gt; PARAGRAPH [30:2]&#10;|       |--P_TAG_START -&gt; P_TAG_START [30:2]&#10;|       |   |--START -&gt; &lt; [30:2]&#10;|       |   |--P_HTML_TAG_NAME -&gt; p [30:3]&#10;|       |   `--END -&gt; &gt; [30:4]&#10;|       |--TEXT -&gt;   [30:5]&#10;|       |--OPTION -&gt; OPTION [30:6]&#10;|       |   |--OPTION_TAG_START -&gt; OPTION_TAG_START [30:6]&#10;|       |   |   |--START -&gt; &lt; [30:6]&#10;|       |   |   |--OPTION_HTML_TAG_NAME -&gt; option [30:7]&#10;|       |   |   `--END -&gt; &gt; [30:13]&#10;|       |   |--TEXT -&gt;   [30:14]&#10;|       |   `--OPTION_TAG_END -&gt; OPTION_TAG_END [30:15]&#10;|       |       |--START -&gt; &lt; [30:15]&#10;|       |       |--SLASH -&gt; / [30:16]&#10;|       |       |--OPTION_HTML_TAG_NAME -&gt; option [30:17]&#10;|       |       `--END -&gt; &gt; [30:23]&#10;|       |--TEXT -&gt;   [30:24]&#10;|       `--P_TAG_END -&gt; P_TAG_END [30:25]&#10;|           |--START -&gt; &lt; [30:25]&#10;|           |--SLASH -&gt; / [30:26]&#10;|           |--P_HTML_TAG_NAME -&gt; p [30:27]&#10;|           `--END -&gt; &gt; [30:28]&#10;|--NEWLINE -&gt; \n [30:29]&#10;|--LEADING_ASTERISK -&gt; * [31:0]&#10;|--TEXT -&gt;   [31:1]&#10;|--HTML_ELEMENT -&gt; HTML_ELEMENT [31:2]&#10;|   `--PARAGRAPH -&gt; PARAGRAPH [31:2]&#10;|       |--P_TAG_START -&gt; P_TAG_START [31:2]&#10;|       |   |--START -&gt; &lt; [31:2]&#10;|       |   |--P_HTML_TAG_NAME -&gt; P [31:3]&#10;|       |   `--END -&gt; &gt; [31:4]&#10;|       |--TEXT -&gt;   [31:5]&#10;|       |--OPTION_TAG_START -&gt; OPTION_TAG_START [31:6]&#10;|       |   |--START -&gt; &lt; [31:6]&#10;|       |   |--OPTION_HTML_TAG_NAME -&gt; option [31:7]&#10;|       |   `--END -&gt; &gt; [31:13]&#10;|       |--TEXT -&gt;   [31:14]&#10;|       `--P_TAG_END -&gt; P_TAG_END [31:15]&#10;|           |--START -&gt; &lt; [31:15]&#10;|           |--SLASH -&gt; / [31:16]&#10;|           |--P_HTML_TAG_NAME -&gt; p [31:17]&#10;|           `--END -&gt; &gt; [31:18]&#10;|--NEWLINE -&gt; \n [31:19]&#10;|--LEADING_ASTERISK -&gt; * [32:0]&#10;|--TEXT -&gt;   [32:1]&#10;|--HTML_ELEMENT -&gt; HTML_ELEMENT [32:2]&#10;|   `--P_TAG_START -&gt; P_TAG_START [32:2]&#10;|       |--START -&gt; &lt; [32:2]&#10;|       |--P_HTML_TAG_NAME -&gt; p [32:3]&#10;|       `--END -&gt; &gt; [32:4]&#10;|--TEXT -&gt;   [32:5]&#10;|--HTML_ELEMENT -&gt; HTML_ELEMENT [32:6]&#10;|   `--OPTION_TAG_END -&gt; OPTION_TAG_END [32:6]&#10;|       |--START -&gt; &lt; [32:6]&#10;|       |--SLASH -&gt; / [32:7]&#10;|       |--OPTION_HTML_TAG_NAME -&gt; option [32:8]&#10;|       `--END -&gt; &gt; [32:14]&#10;|--TEXT -&gt;   [32:15]&#10;|--HTML_ELEMENT -&gt; HTML_ELEMENT [32:16]&#10;|   `--P_TAG_END -&gt; P_TAG_END [32:16]&#10;|       |--START -&gt; &lt; [32:16]&#10;|       |--SLASH -&gt; / [32:17]&#10;|       |--P_HTML_TAG_NAME -&gt; P [32:18]&#10;|       `--END -&gt; &gt; [32:19]&#10;|--NEWLINE -&gt; \n [32:20]&#10;|--LEADING_ASTERISK -&gt; * [33:0]&#10;|--TEXT -&gt;   [33:1]&#10;|--HTML_ELEMENT -&gt; HTML_ELEMENT [33:2]&#10;|   `--PARAGRAPH -&gt; PARAGRAPH [33:2]&#10;|       |--P_TAG_START -&gt; P_TAG_START [33:2]&#10;|       |   |--START -&gt; &lt; [33:2]&#10;|       |   |--P_HTML_TAG_NAME -&gt; p [33:3]&#10;|       |   `--END -&gt; &gt; [33:4]&#10;|       |--TEXT -&gt;   [33:5]&#10;|       |--TBODY -&gt; TBODY [33:6]&#10;|       |   |--TBODY_TAG_START -&gt; TBODY_TAG_START [33:6]&#10;|       |   |   |--START -&gt; &lt; [33:6]&#10;|       |   |   |--TBODY_HTML_TAG_NAME -&gt; tbody [33:7]&#10;|       |   |   `--END -&gt; &gt; [33:12]&#10;|       |   |--TEXT -&gt;   [33:13]&#10;|       |   `--TBODY_TAG_END -&gt; TBODY_TAG_END [33:14]&#10;|       |       |--START -&gt; &lt; [33:14]&#10;|       |       |--SLASH -&gt; / [33:15]&#10;|       |       |--TBODY_HTML_TAG_NAME -&gt; tbody [33:16]&#10;|       |       `--END -&gt; &gt; [33:21]&#10;|       |--TEXT -&gt;   [33:22]&#10;|       `--P_TAG_END -&gt; P_TAG_END [33:23]&#10;|           |--START -&gt; &lt; [33:23]&#10;|           |--SLASH -&gt; / [33:24]&#10;|           |--P_HTML_TAG_NAME -&gt; p [33:25]&#10;|           `--END -&gt; &gt; [33:26]&#10;|--NEWLINE -&gt; \n [33:27]&#10;|--LEADING_ASTERISK -&gt; * [34:0]&#10;|--TEXT -&gt;   [34:1]&#10;|--HTML_ELEMENT -&gt; HTML_ELEMENT [34:2]&#10;|   `--PARAGRAPH -&gt; PARAGRAPH [34:2]&#10;|       |--P_TAG_START -&gt; P_TAG_START [34:2]&#10;|       |   |--START -&gt; &lt; [34:2]&#10;|       |   |--P_HTML_TAG_NAME -&gt; P [34:3]&#10;|       |   `--END -&gt; &gt; [34:4]&#10;|       |--TEXT -&gt;   [34:5]&#10;|       |--TBODY_TAG_START -&gt; TBODY_TAG_START [34:6]&#10;|       |   |--START -&gt; &lt; [34:6]&#10;|       |   |--TBODY_HTML_TAG_NAME -&gt; tbody [34:7]&#10;|       |   `--END -&gt; &gt; [34:12]&#10;|       |--TEXT -&gt;   [34:13]&#10;|       `--P_TAG_END -&gt; P_TAG_END [34:14]&#10;|           |--START -&gt; &lt; [34:14]&#10;|           |--SLASH -&gt; / [34:15]&#10;|           |--P_HTML_TAG_NAME -&gt; p [34:16]&#10;|           `--END -&gt; &gt; [34:17]&#10;|--NEWLINE -&gt; \n [34:18]&#10;|--LEADING_ASTERISK -&gt; * [35:0]&#10;|--TEXT -&gt;   [35:1]&#10;|--HTML_ELEMENT -&gt; HTML_ELEMENT [35:2]&#10;|   `--P_TAG_START -&gt; P_TAG_START [35:2]&#10;|       |--START -&gt; &lt; [35:2]&#10;|       |--P_HTML_TAG_NAME -&gt; p [35:3]&#10;|       `--END -&gt; &gt; [35:4]&#10;|--TEXT -&gt;   [35:5]&#10;|--HTML_ELEMENT -&gt; HTML_ELEMENT [35:6]&#10;|   `--TBODY_TAG_END -&gt; TBODY_TAG_END [35:6]&#10;|       |--START -&gt; &lt; [35:6]&#10;|       |--SLASH -&gt; / [35:7]&#10;|       |--TBODY_HTML_TAG_NAME -&gt; tbody [35:8]&#10;|       `--END -&gt; &gt; [35:13]&#10;|--TEXT -&gt;   [35:14]&#10;|--HTML_ELEMENT -&gt; HTML_ELEMENT [35:15]&#10;|   `--P_TAG_END -&gt; P_TAG_END [35:15]&#10;|       |--START -&gt; &lt; [35:15]&#10;|       |--SLASH -&gt; / [35:16]&#10;|       |--P_HTML_TAG_NAME -&gt; P [35:17]&#10;|       `--END -&gt; &gt; [35:18]&#10;|--NEWLINE -&gt; \n [35:19]&#10;|--LEADING_ASTERISK -&gt; * [36:0]&#10;|--TEXT -&gt;   [36:1]&#10;|--HTML_ELEMENT -&gt; HTML_ELEMENT [36:2]&#10;|   `--PARAGRAPH -&gt; PARAGRAPH [36:2]&#10;|       |--P_TAG_START -&gt; P_TAG_START [36:2]&#10;|       |   |--START -&gt; &lt; [36:2]&#10;|       |   |--P_HTML_TAG_NAME -&gt; p [36:3]&#10;|       |   `--END -&gt; &gt; [36:4]&#10;|       |--TEXT -&gt;   [36:5]&#10;|       |--TFOOT -&gt; TFOOT [36:6]&#10;|       |   |--TFOOT_TAG_START -&gt; TFOOT_TAG_START [36:6]&#10;|       |   |   |--START -&gt; &lt; [36:6]&#10;|       |   |   |--TFOOT_HTML_TAG_NAME -&gt; tfoot [36:7]&#10;|       |   |   `--END -&gt; &gt; [36:12]&#10;|       |   |--TEXT -&gt;   [36:13]&#10;|       |   `--TFOOT_TAG_END -&gt; TFOOT_TAG_END [36:14]&#10;|       |       |--START -&gt; &lt; [36:14]&#10;|       |       |--SLASH -&gt; / [36:15]&#10;|       |       |--TFOOT_HTML_TAG_NAME -&gt; tfoot [36:16]&#10;|       |       `--END -&gt; &gt; [36:21]&#10;|       |--TEXT -&gt;   [36:22]&#10;|       `--P_TAG_END -&gt; P_TAG_END [36:23]&#10;|           |--START -&gt; &lt; [36:23]&#10;|           |--SLASH -&gt; / [36:24]&#10;|           |--P_HTML_TAG_NAME -&gt; p [36:25]&#10;|           `--END -&gt; &gt; [36:26]&#10;|--NEWLINE -&gt; \n [36:27]&#10;|--LEADING_ASTERISK -&gt; * [37:0]&#10;|--TEXT -&gt;   [37:1]&#10;|--HTML_ELEMENT -&gt; HTML_ELEMENT [37:2]&#10;|   `--PARAGRAPH -&gt; PARAGRAPH [37:2]&#10;|       |--P_TAG_START -&gt; P_TAG_START [37:2]&#10;|       |   |--START -&gt; &lt; [37:2]&#10;|       |   |--P_HTML_TAG_NAME -&gt; P [37:3]&#10;|       |   `--END -&gt; &gt; [37:4]&#10;|       |--TEXT -&gt;   [37:5]&#10;|       |--TFOOT_TAG_START -&gt; TFOOT_TAG_START [37:6]&#10;|       |   |--START -&gt; &lt; [37:6]&#10;|       |   |--TFOOT_HTML_TAG_NAME -&gt; tfoot [37:7]&#10;|       |   `--END -&gt; &gt; [37:12]&#10;|       |--TEXT -&gt;   [37:13]&#10;|       `--P_TAG_END -&gt; P_TAG_END [37:14]&#10;|           |--START -&gt; &lt; [37:14]&#10;|           |--SLASH -&gt; / [37:15]&#10;|           |--P_HTML_TAG_NAME -&gt; p [37:16]&#10;|           `--END -&gt; &gt; [37:17]&#10;|--NEWLINE -&gt; \n [37:18]&#10;|--LEADING_ASTERISK -&gt; * [38:0]&#10;|--TEXT -&gt;   [38:1]&#10;|--HTML_ELEMENT -&gt; HTML_ELEMENT [38:2]&#10;|   `--P_TAG_START -&gt; P_TAG_START [38:2]&#10;|       |--START -&gt; &lt; [38:2]&#10;|       |--P_HTML_TAG_NAME -&gt; p [38:3]&#10;|       `--END -&gt; &gt; [38:4]&#10;|--TEXT -&gt;   [38:5]&#10;|--HTML_ELEMENT -&gt; HTML_ELEMENT [38:6]&#10;|   `--TFOOT_TAG_END -&gt; TFOOT_TAG_END [38:6]&#10;|       |--START -&gt; &lt; [38:6]&#10;|       |--SLASH -&gt; / [38:7]&#10;|       |--TFOOT_HTML_TAG_NAME -&gt; tfoot [38:8]&#10;|       `--END -&gt; &gt; [38:13]&#10;|--TEXT -&gt;   [38:14]&#10;|--HTML_ELEMENT -&gt; HTML_ELEMENT [38:15]&#10;|   `--P_TAG_END -&gt; P_TAG_END [38:15]&#10;|       |--START -&gt; &lt; [38:15]&#10;|       |--SLASH -&gt; / [38:16]&#10;|       |--P_HTML_TAG_NAME -&gt; P [38:17]&#10;|       `--END -&gt; &gt; [38:18]&#10;|--NEWLINE -&gt; \n [38:19]&#10;|--LEADING_ASTERISK -&gt; * [39:0]&#10;|--TEXT -&gt;   [39:1]&#10;|--HTML_ELEMENT -&gt; HTML_ELEMENT [39:2]&#10;|   `--PARAGRAPH -&gt; PARAGRAPH [39:2]&#10;|       |--P_TAG_START -&gt; P_TAG_START [39:2]&#10;|       |   |--START -&gt; &lt; [39:2]&#10;|       |   |--P_HTML_TAG_NAME -&gt; p [39:3]&#10;|       |   |--WS -&gt;   [39:4]&#10;|       |   |--ATTRIBUTE -&gt; ATTRIBUTE [39:5]&#10;|       |   |   |--HTML_TAG_NAME -&gt; style [39:5]&#10;|       |   |   |--EQUALS -&gt; = [39:10]&#10;|       |   |   `--ATTR_VALUE -&gt; &quot;color:red&quot; [39:11]&#10;|       |   |--WS -&gt;   [39:23]&#10;|       |   |--NEWLINE -&gt; \n [39:24]&#10;|       |   |--LEADING_ASTERISK -&gt; * [40:0]&#10;|       |   |--WS -&gt;           [40:1]&#10;|       |   |--NEWLINE -&gt; \n [40:10]&#10;|       |   |--LEADING_ASTERISK -&gt; * [41:0]&#10;|       |   |--WS -&gt;   [41:1]&#10;|       |   `--END -&gt; &gt; [41:2]&#10;|       |--TEXT -&gt;   [41:3]&#10;|       |--HTML_COMMENT -&gt; HTML_COMMENT [41:4]&#10;|       |   |--HTML_COMMENT_START -&gt; &lt;!-- [41:4]&#10;|       |   |--TEXT -&gt; HTML COMMENT [41:8]&#10;|       |   `--HTML_COMMENT_END -&gt; --&gt; [41:20]&#10;|       |--TEXT -&gt;    [41:23]&#10;|       `--P_TAG_END -&gt; P_TAG_END [41:25]&#10;|           |--START -&gt; &lt; [41:25]&#10;|           |--SLASH -&gt; / [41:26]&#10;|           |--P_HTML_TAG_NAME -&gt; p [41:27]&#10;|           |--WS -&gt;      [41:28]&#10;|           |--NEWLINE -&gt; \n [41:32]&#10;|           |--LEADING_ASTERISK -&gt; * [42:0]&#10;|           |--WS -&gt;   [42:1]&#10;|           |--NEWLINE -&gt; \n [42:2]&#10;|           |--LEADING_ASTERISK -&gt; * [43:0]&#10;|           |--WS -&gt;   [43:1]&#10;|           `--END -&gt; &gt; [43:2]&#10;`--EOF -&gt; &lt;EOF&gt; [43:3]]&#10;&gt; but was:&lt;...DOC -&gt; JAVADOC [0:0][&#10;|--LEADING_ASTERISK -&gt; * [0:0]&#10;|--TEXT -&gt;   [0:1]&#10;|--HTML_ELEMENT -&gt; HTML_ELEMENT [0:2]&#10;|   `--PARAGRAPH -&gt; PARAGRAPH [0:2]&#10;|       |--P_TAG_START -&gt; P_TAG_START [0:2]&#10;|       |   |--START -&gt; &lt; [0:2]&#10;|       |   |--P_HTML_TAG_NAME -&gt; p [0:3]&#10;|       |   `--END -&gt; &gt; [0:4]&#10;|       |--TEXT -&gt;   [0:5]&#10;|       |--LI -&gt; LI [0:6]&#10;|       |   |--LI_TAG_START -&gt; LI_TAG_START [0:6]&#10;|       |   |   |--START -&gt; &lt; [0:6]&#10;|       |   |   |--LI_HTML_TAG_NAME -&gt; li [0:7]&#10;|       |   |   `--END -&gt; &gt; [0:9]&#10;|       |   |--TEXT -&gt;   [0:10]&#10;|       |   `--LI_TAG_END -&gt; LI_TAG_END [0:11]&#10;|       |       |--START -&gt; &lt; [0:11]&#10;|       |       |--SLASH -&gt; / [0:12]&#10;|       |       |--LI_HTML_TAG_NAME -&gt; li [0:13]&#10;|       |       `--END -&gt; &gt; [0:15]&#10;|       |--TEXT -&gt;   [0:16]&#10;|       `--P_TAG_END -&gt; P_TAG_END [0:17]&#10;|           |--START -&gt; &lt; [0:17]&#10;|           |--SLASH -&gt; / [0:18]&#10;|           |--P_HTML_TAG_NAME -&gt; p [0:19]&#10;|           `--END -&gt; &gt; [0:20]&#10;|--NEWLINE -&gt; \n [0:21]&#10;|--LEADING_ASTERISK -&gt; * [1:0]&#10;|--TEXT -&gt;   [1:1]&#10;|--HTML_ELEMENT -&gt; HTML_ELEMENT [1:2]&#10;|   `--PARAGRAPH -&gt; PARAGRAPH [1:2]&#10;|       |--P_TAG_START -&gt; P_TAG_START [1:2]&#10;|       |   |--START -&gt; &lt; [1:2]&#10;|       |   |--P_HTML_TAG_NAME -&gt; P [1:3]&#10;|       |   `--END -&gt; &gt; [1:4]&#10;|       |--TEXT -&gt;   [1:5]&#10;|       |--LI_TAG_START -&gt; LI_TAG_START [1:6]&#10;|       |   |--START -&gt; &lt; [1:6]&#10;|       |   |--LI_HTML_TAG_NAME -&gt; li [1:7]&#10;|       |   `--END -&gt; &gt; [1:9]&#10;|       |--TEXT -&gt;   [1:10]&#10;|       `--P_TAG_END -&gt; P_TAG_END [1:11]&#10;|           |--START -&gt; &lt; [1:11]&#10;|           |--SLASH -&gt; / [1:12]&#10;|           |--P_HTML_TAG_NAME -&gt; p [1:13]&#10;|           `--END -&gt; &gt; [1:14]&#10;|--NEWLINE -&gt; \n [1:15]&#10;|--LEADING_ASTERISK -&gt; * [2:0]&#10;|--TEXT -&gt;   [2:1]&#10;|--HTML_ELEMENT -&gt; HTML_ELEMENT [2:2]&#10;|   `--P_TAG_START -&gt; P_TAG_START [2:2]&#10;|       |--START -&gt; &lt; [2:2]&#10;|       |--P_HTML_TAG_NAME -&gt; p [2:3]&#10;|       `--END -&gt; &gt; [2:4]&#10;|--TEXT -&gt;   [2:5]&#10;|--HTML_ELEMENT -&gt; HTML_ELEMENT [2:6]&#10;|   `--LI_TAG_END -&gt; LI_TAG_END [2:6]&#10;|       |--START -&gt; &lt; [2:6]&#10;|       |--SLASH -&gt; / [2:7]&#10;|       |--LI_HTML_TAG_NAME -&gt; li [2:8]&#10;|       `--END -&gt; &gt; [2:10]&#10;|--TEXT -&gt;   [2:11]&#10;|--HTML_ELEMENT -&gt; HTML_ELEMENT [2:12]&#10;|   `--P_TAG_END -&gt; P_TAG_END [2:12]&#10;|       |--START -&gt; &lt; [2:12]&#10;|       |--SLASH -&gt; / [2:13]&#10;|       |--P_HTML_TAG_NAME -&gt; P [2:14]&#10;|       `--END -&gt; &gt; [2:15]&#10;|--NEWLINE -&gt; \n [2:16]&#10;|--LEADING_ASTERISK -&gt; * [3:0]&#10;|--TEXT -&gt;   [3:1]&#10;|--HTML_ELEMENT -&gt; HTML_ELEMENT [3:2]&#10;|   `--PARAGRAPH -&gt; PARAGRAPH [3:2]&#10;|       |--P_TAG_START -&gt; P_TAG_START [3:2]&#10;|       |   |--START -&gt; &lt; [3:2]&#10;|       |   |--P_HTML_TAG_NAME -&gt; p [3:3]&#10;|       |   `--END -&gt; &gt; [3:4]&#10;|       |--TEXT -&gt;   [3:5]&#10;|       |--TR -&gt; TR [3:6]&#10;|       |   |--TR_TAG_START -&gt; TR_TAG_START [3:6]&#10;|       |   |   |--START -&gt; &lt; [3:6]&#10;|       |   |   |--TR_HTML_TAG_NAME -&gt; tr [3:7]&#10;|       |   |   `--END -&gt; &gt; [3:9]&#10;|       |   |--TEXT -&gt;   [3:10]&#10;|       |   `--TR_TAG_END -&gt; TR_TAG_END [3:11]&#10;|       |       |--START -&gt; &lt; [3:11]&#10;|       |       |--SLASH -&gt; / [3:12]&#10;|       |       |--TR_HTML_TAG_NAME -&gt; tr [3:13]&#10;|       |       `--END -&gt; &gt; [3:15]&#10;|       |--TEXT -&gt;   [3:16]&#10;|       `--P_TAG_END -&gt; P_TAG_END [3:17]&#10;|           |--START -&gt; &lt; [3:17]&#10;|           |--SLASH -&gt; / [3:18]&#10;|           |--P_HTML_TAG_NAME -&gt; p [3:19]&#10;|           `--END -&gt; &gt; [3:20]&#10;|--NEWLINE -&gt; \n [3:21]&#10;|--LEADING_ASTERISK -&gt; * [4:0]&#10;|--TEXT -&gt;   [4:1]&#10;|--HTML_ELEMENT -&gt; HTML_ELEMENT [4:2]&#10;|   `--PARAGRAPH -&gt; PARAGRAPH [4:2]&#10;|       |--P_TAG_START -&gt; P_TAG_START [4:2]&#10;|       |   |--START -&gt; &lt; [4:2]&#10;|       |   |--P_HTML_TAG_NAME -&gt; P [4:3]&#10;|       |   `--END -&gt; &gt; [4:4]&#10;|       |--TEXT -&gt;   [4:5]&#10;|       |--TR_TAG_START -&gt; TR_TAG_START [4:6]&#10;|       |   |--START -&gt; &lt; [4:6]&#10;|       |   |--TR_HTML_TAG_NAME -&gt; tr [4:7]&#10;|       |   `--END -&gt; &gt; [4:9]&#10;|       |--TEXT -&gt;   [4:10]&#10;|       `--P_TAG_END -&gt; P_TAG_END [4:11]&#10;|           |--START -&gt; &lt; [4:11]&#10;|           |--SLASH -&gt; / [4:12]&#10;|           |--P_HTML_TAG_NAME -&gt; p [4:13]&#10;|           `--END -&gt; &gt; [4:14]&#10;|--NEWLINE -&gt; \n [4:15]&#10;|--LEADING_ASTERISK -&gt; * [5:0]&#10;|--TEXT -&gt;   [5:1]&#10;|--HTML_ELEMENT -&gt; HTML_ELEMENT [5:2]&#10;|   `--P_TAG_START -&gt; P_TAG_START [5:2]&#10;|       |--START -&gt; &lt; [5:2]&#10;|       |--P_HTML_TAG_NAME -&gt; p [5:3]&#10;|       `--END -&gt; &gt; [5:4]&#10;|--TEXT -&gt;   [5:5]&#10;|--HTML_ELEMENT -&gt; HTML_ELEMENT [5:6]&#10;|   `--TR_TAG_END -&gt; TR_TAG_END [5:6]&#10;|       |--START -&gt; &lt; [5:6]&#10;|       |--SLASH -&gt; / [5:7]&#10;|       |--TR_HTML_TAG_NAME -&gt; tr [5:8]&#10;|       `--END -&gt; &gt; [5:10]&#10;|--TEXT -&gt;   [5:11]&#10;|--HTML_ELEMENT -&gt; HTML_ELEMENT [5:12]&#10;|   `--P_TAG_END -&gt; P_TAG_END [5:12]&#10;|       |--START -&gt; &lt; [5:12]&#10;|       |--SLASH -&gt; / [5:13]&#10;|       |--P_HTML_TAG_NAME -&gt; P [5:14]&#10;|       `--END -&gt; &gt; [5:15]&#10;|--NEWLINE -&gt; \n [5:16]&#10;|--LEADING_ASTERISK -&gt; * [6:0]&#10;|--TEXT -&gt;   [6:1]&#10;|--HTML_ELEMENT -&gt; HTML_ELEMENT [6:2]&#10;|   `--PARAGRAPH -&gt; PARAGRAPH [6:2]&#10;|       |--P_TAG_START -&gt; P_TAG_START [6:2]&#10;|       |   |--START -&gt; &lt; [6:2]&#10;|       |   |--P_HTML_TAG_NAME -&gt; p [6:3]&#10;|       |   `--END -&gt; &gt; [6:4]&#10;|       |--TEXT -&gt;   [6:5]&#10;|       |--TD -&gt; TD [6:6]&#10;|       |   |--TD_TAG_START -&gt; TD_TAG_START [6:6]&#10;|       |   |   |--START -&gt; &lt; [6:6]&#10;|       |   |   |--TD_HTML_TAG_NAME -&gt; td [6:7]&#10;|       |   |   `--END -&gt; &gt; [6:9]&#10;|       |   |--TEXT -&gt;   [6:10]&#10;|       |   `--TD_TAG_END -&gt; TD_TAG_END [6:11]&#10;|       |       |--START -&gt; &lt; [6:11]&#10;|       |       |--SLASH -&gt; / [6:12]&#10;|       |       |--TD_HTML_TAG_NAME -&gt; td [6:13]&#10;|       |       `--END -&gt; &gt; [6:15]&#10;|       |--TEXT -&gt;   [6:16]&#10;|       `--P_TAG_END -&gt; P_TAG_END [6:17]&#10;|           |--START -&gt; &lt; [6:17]&#10;|           |--SLASH -&gt; / [6:18]&#10;|           |--P_HTML_TAG_NAME -&gt; p [6:19]&#10;|           `--END -&gt; &gt; [6:20]&#10;|--NEWLINE -&gt; \n [6:21]&#10;|--LEADING_ASTERISK -&gt; * [7:0]&#10;|--TEXT -&gt;   [7:1]&#10;|--HTML_ELEMENT -&gt; HTML_ELEMENT [7:2]&#10;|   `--PARAGRAPH -&gt; PARAGRAPH [7:2]&#10;|       |--P_TAG_START -&gt; P_TAG_START [7:2]&#10;|       |   |--START -&gt; &lt; [7:2]&#10;|       |   |--P_HTML_TAG_NAME -&gt; P [7:3]&#10;|       |   `--END -&gt; &gt; [7:4]&#10;|       |--TEXT -&gt;   [7:5]&#10;|       |--TD_TAG_START -&gt; TD_TAG_START [7:6]&#10;|       |   |--START -&gt; &lt; [7:6]&#10;|       |   |--TD_HTML_TAG_NAME -&gt; td [7:7]&#10;|       |   `--END -&gt; &gt; [7:9]&#10;|       |--TEXT -&gt;   [7:10]&#10;|       `--P_TAG_END -&gt; P_TAG_END [7:11]&#10;|           |--START -&gt; &lt; [7:11]&#10;|           |--SLASH -&gt; / [7:12]&#10;|           |--P_HTML_TAG_NAME -&gt; p [7:13]&#10;|           `--END -&gt; &gt; [7:14]&#10;|--NEWLINE -&gt; \n [7:15]&#10;|--LEADING_ASTERISK -&gt; * [8:0]&#10;|--TEXT -&gt;   [8:1]&#10;|--HTML_ELEMENT -&gt; HTML_ELEMENT [8:2]&#10;|   `--P_TAG_START -&gt; P_TAG_START [8:2]&#10;|       |--START -&gt; &lt; [8:2]&#10;|       |--P_HTML_TAG_NAME -&gt; p [8:3]&#10;|       `--END -&gt; &gt; [8:4]&#10;|--TEXT -&gt;   [8:5]&#10;|--HTML_ELEMENT -&gt; HTML_ELEMENT [8:6]&#10;|   `--TD_TAG_END -&gt; TD_TAG_END [8:6]&#10;|       |--START -&gt; &lt; [8:6]&#10;|       |--SLASH -&gt; / [8:7]&#10;|       |--TD_HTML_TAG_NAME -&gt; td [8:8]&#10;|       `--END -&gt; &gt; [8:10]&#10;|--TEXT -&gt;   [8:11]&#10;|--HTML_ELEMENT -&gt; HTML_ELEMENT [8:12]&#10;|   `--P_TAG_END -&gt; P_TAG_END [8:12]&#10;|       |--START -&gt; &lt; [8:12]&#10;|       |--SLASH -&gt; / [8:13]&#10;|       |--P_HTML_TAG_NAME -&gt; P [8:14]&#10;|       `--END -&gt; &gt; [8:15]&#10;|--NEWLINE -&gt; \n [8:16]&#10;|--LEADING_ASTERISK -&gt; * [9:0]&#10;|--TEXT -&gt;   [9:1]&#10;|--HTML_ELEMENT -&gt; HTML_ELEMENT [9:2]&#10;|   `--PARAGRAPH -&gt; PARAGRAPH [9:2]&#10;|       |--P_TAG_START -&gt; P_TAG_START [9:2]&#10;|       |   |--START -&gt; &lt; [9:2]&#10;|       |   |--P_HTML_TAG_NAME -&gt; p [9:3]&#10;|       |   `--END -&gt; &gt; [9:4]&#10;|       |--TEXT -&gt;   [9:5]&#10;|       |--TH -&gt; TH [9:6]&#10;|       |   |--TH_TAG_START -&gt; TH_TAG_START [9:6]&#10;|       |   |   |--START -&gt; &lt; [9:6]&#10;|       |   |   |--TH_HTML_TAG_NAME -&gt; th [9:7]&#10;|       |   |   `--END -&gt; &gt; [9:9]&#10;|       |   |--TEXT -&gt;   [9:10]&#10;|       |   `--TH_TAG_END -&gt; TH_TAG_END [9:11]&#10;|       |       |--START -&gt; &lt; [9:11]&#10;|       |       |--SLASH -&gt; / [9:12]&#10;|       |       |--TH_HTML_TAG_NAME -&gt; th [9:13]&#10;|       |       `--END -&gt; &gt; [9:15]&#10;|       |--TEXT -&gt;   [9:16]&#10;|       `--P_TAG_END -&gt; P_TAG_END [9:17]&#10;|           |--START -&gt; &lt; [9:17]&#10;|           |--SLASH -&gt; / [9:18]&#10;|           |--P_HTML_TAG_NAME -&gt; p [9:19]&#10;|           `--END -&gt; &gt; [9:20]&#10;|--NEWLINE -&gt; \n [9:21]&#10;|--LEADING_ASTERISK -&gt; * [10:0]&#10;|--TEXT -&gt;   [10:1]&#10;|--HTML_ELEMENT -&gt; HTML_ELEMENT [10:2]&#10;|   `--PARAGRAPH -&gt; PARAGRAPH [10:2]&#10;|       |--P_TAG_START -&gt; P_TAG_START [10:2]&#10;|       |   |--START -&gt; &lt; [10:2]&#10;|       |   |--P_HTML_TAG_NAME -&gt; P [10:3]&#10;|       |   `--END -&gt; &gt; [10:4]&#10;|       |--TEXT -&gt;   [10:5]&#10;|       |--TH_TAG_START -&gt; TH_TAG_START [10:6]&#10;|       |   |--START -&gt; &lt; [10:6]&#10;|       |   |--TH_HTML_TAG_NAME -&gt; th [10:7]&#10;|       |   `--END -&gt; &gt; [10:9]&#10;|       |--TEXT -&gt;   [10:10]&#10;|       `--P_TAG_END -&gt; P_TAG_END [10:11]&#10;|           |--START -&gt; &lt; [10:11]&#10;|           |--SLASH -&gt; / [10:12]&#10;|           |--P_HTML_TAG_NAME -&gt; p [10:13]&#10;|           `--END -&gt; &gt; [10:14]&#10;|--NEWLINE -&gt; \n [10:15]&#10;|--LEADING_ASTERISK -&gt; * [11:0]&#10;|--TEXT -&gt;   [11:1]&#10;|--HTML_ELEMENT -&gt; HTML_ELEMENT [11:2]&#10;|   `--P_TAG_START -&gt; P_TAG_START [11:2]&#10;|       |--START -&gt; &lt; [11:2]&#10;|       |--P_HTML_TAG_NAME -&gt; p [11:3]&#10;|       `--END -&gt; &gt; [11:4]&#10;|--TEXT -&gt;   [11:5]&#10;|--HTML_ELEMENT -&gt; HTML_ELEMENT [11:6]&#10;|   `--TH_TAG_END -&gt; TH_TAG_END [11:6]&#10;|       |--START -&gt; &lt; [11:6]&#10;|       |--SLASH -&gt; / [11:7]&#10;|       |--TH_HTML_TAG_NAME -&gt; th [11:8]&#10;|       `--END -&gt; &gt; [11:10]&#10;|--TEXT -&gt;   [11:11]&#10;|--HTML_ELEMENT -&gt; HTML_ELEMENT [11:12]&#10;|   `--P_TAG_END -&gt; P_TAG_END [11:12]&#10;|       |--START -&gt; &lt; [11:12]&#10;|       |--SLASH -&gt; / [11:13]&#10;|       |--P_HTML_TAG_NAME -&gt; P [11:14]&#10;|       `--END -&gt; &gt; [11:15]&#10;|--NEWLINE -&gt; \n [11:16]&#10;|--LEADING_ASTERISK -&gt; * [12:0]&#10;|--TEXT -&gt;   [12:1]&#10;|--HTML_ELEMENT -&gt; HTML_ELEMENT [12:2]&#10;|   `--PARAGRAPH -&gt; PARAGRAPH [12:2]&#10;|       |--P_TAG_START -&gt; P_TAG_START [12:2]&#10;|       |   |--START -&gt; &lt; [12:2]&#10;|       |   |--P_HTML_TAG_NAME -&gt; p [12:3]&#10;|       |   `--END -&gt; &gt; [12:4]&#10;|       |--TEXT -&gt;   [12:5]&#10;|       |--BODY -&gt; BODY [12:6]&#10;|       |   |--BODY_TAG_START -&gt; BODY_TAG_START [12:6]&#10;|       |   |   |--START -&gt; &lt; [12:6]&#10;|       |   |   |--BODY_HTML_TAG_NAME -&gt; body [12:7]&#10;|       |   |   `--END -&gt; &gt; [12:11]&#10;|       |   |--TEXT -&gt;   [12:12]&#10;|       |   `--BODY_TAG_END -&gt; BODY_TAG_END [12:13]&#10;|       |       |--START -&gt; &lt; [12:13]&#10;|       |       |--SLASH -&gt; / [12:14]&#10;|       |       |--BODY_HTML_TAG_NAME -&gt; body [12:15]&#10;|       |       `--END -&gt; &gt; [12:19]&#10;|       |--TEXT -&gt;   [12:20]&#10;|       `--P_TAG_END -&gt; P_TAG_END [12:21]&#10;|           |--START -&gt; &lt; [12:21]&#10;|           |--SLASH -&gt; / [12:22]&#10;|           |--P_HTML_TAG_NAME -&gt; p [12:23]&#10;|           `--END -&gt; &gt; [12:24]&#10;|--NEWLINE -&gt; \n [12:25]&#10;|--LEADING_ASTERISK -&gt; * [13:0]&#10;|--TEXT -&gt;   [13:1]&#10;|--HTML_ELEMENT -&gt; HTML_ELEMENT [13:2]&#10;|   `--PARAGRAPH -&gt; PARAGRAPH [13:2]&#10;|       |--P_TAG_START -&gt; P_TAG_START [13:2]&#10;|       |   |--START -&gt; &lt; [13:2]&#10;|       |   |--P_HTML_TAG_NAME -&gt; P [13:3]&#10;|       |   `--END -&gt; &gt; [13:4]&#10;|       |--TEXT -&gt;   [13:5]&#10;|       |--BODY_TAG_START -&gt; BODY_TAG_START [13:6]&#10;|       |   |--START -&gt; &lt; [13:6]&#10;|       |   |--BODY_HTML_TAG_NAME -&gt; body [13:7]&#10;|       |   `--END -&gt; &gt; [13:11]&#10;|       |--TEXT -&gt;   [13:12]&#10;|       `--P_TAG_END -&gt; P_TAG_END [13:13]&#10;|           |--START -&gt; &lt; [13:13]&#10;|           |--SLASH -&gt; / [13:14]&#10;|           |--P_HTML_TAG_NAME -&gt; p [13:15]&#10;|           `--END -&gt; &gt; [13:16]&#10;|--NEWLINE -&gt; \n [13:17]&#10;|--LEADING_ASTERISK -&gt; * [14:0]&#10;|--TEXT -&gt;   [14:1]&#10;|--HTML_ELEMENT -&gt; HTML_ELEMENT [14:2]&#10;|   `--P_TAG_START -&gt; P_TAG_START [14:2]&#10;|       |--START -&gt; &lt; [14:2]&#10;|       |--P_HTML_TAG_NAME -&gt; p [14:3]&#10;|       `--END -&gt; &gt; [14:4]&#10;|--TEXT -&gt;   [14:5]&#10;|--HTML_ELEMENT -&gt; HTML_ELEMENT [14:6]&#10;|   `--BODY_TAG_END -&gt; BODY_TAG_END [14:6]&#10;|       |--START -&gt; &lt; [14:6]&#10;|       |--SLASH -&gt; / [14:7]&#10;|       |--BODY_HTML_TAG_NAME -&gt; body [14:8]&#10;|       `--END -&gt; &gt; [14:12]&#10;|--TEXT -&gt;   [14:13]&#10;|--HTML_ELEMENT -&gt; HTML_ELEMENT [14:14]&#10;|   `--P_TAG_END -&gt; P_TAG_END [14:14]&#10;|       |--START -&gt; &lt; [14:14]&#10;|       |--SLASH -&gt; / [14:15]&#10;|       |--P_HTML_TAG_NAME -&gt; P [14:16]&#10;|       `--END -&gt; &gt; [14:17]&#10;|--NEWLINE -&gt; \n [14:18]&#10;|--LEADING_ASTERISK -&gt; * [15:0]&#10;|--TEXT -&gt;   [15:1]&#10;|--HTML_ELEMENT -&gt; HTML_ELEMENT [15:2]&#10;|   `--PARAGRAPH -&gt; PARAGRAPH [15:2]&#10;|       |--P_TAG_START -&gt; P_TAG_START [15:2]&#10;|       |   |--START -&gt; &lt; [15:2]&#10;|       |   |--P_HTML_TAG_NAME -&gt; p [15:3]&#10;|       |   `--END -&gt; &gt; [15:4]&#10;|       |--TEXT -&gt;   [15:5]&#10;|       |--COLGROUP -&gt; COLGROUP [15:6]&#10;|       |   |--COLGROUP_TAG_START -&gt; COLGROUP_TAG_START [15:6]&#10;|       |   |   |--START -&gt; &lt; [15:6]&#10;|       |   |   |--COLGROUP_HTML_TAG_NAME -&gt; colgroup [15:7]&#10;|       |   |   `--END -&gt; &gt; [15:15]&#10;|       |   |--TEXT -&gt;   [15:16]&#10;|       |   `--COLGROUP_TAG_END -&gt; COLGROUP_TAG_END [15:17]&#10;|       |       |--START -&gt; &lt; [15:17]&#10;|       |       |--SLASH -&gt; / [15:18]&#10;|       |       |--COLGROUP_HTML_TAG_NAME -&gt; colgroup [15:19]&#10;|       |       `--END -&gt; &gt; [15:27]&#10;|       |--TEXT -&gt;   [15:28]&#10;|       `--P_TAG_END -&gt; P_TAG_END [15:29]&#10;|           |--START -&gt; &lt; [15:29]&#10;|           |--SLASH -&gt; / [15:30]&#10;|           |--P_HTML_TAG_NAME -&gt; p [15:31]&#10;|           `--END -&gt; &gt; [15:32]&#10;|--NEWLINE -&gt; \n [15:33]&#10;|--LEADING_ASTERISK -&gt; * [16:0]&#10;|--TEXT -&gt;   [16:1]&#10;|--HTML_ELEMENT -&gt; HTML_ELEMENT [16:2]&#10;|   `--PARAGRAPH -&gt; PARAGRAPH [16:2]&#10;|       |--P_TAG_START -&gt; P_TAG_START [16:2]&#10;|       |   |--START -&gt; &lt; [16:2]&#10;|       |   |--P_HTML_TAG_NAME -&gt; P [16:3]&#10;|       |   `--END -&gt; &gt; [16:4]&#10;|       |--TEXT -&gt;   [16:5]&#10;|       |--COLGROUP_TAG_START -&gt; COLGROUP_TAG_START [16:6]&#10;|       |   |--START -&gt; &lt; [16:6]&#10;|       |   |--COLGROUP_HTML_TAG_NAME -&gt; colgroup [16:7]&#10;|       |   `--END -&gt; &gt; [16:15]&#10;|       |--TEXT -&gt;   [16:16]&#10;|       `--P_TAG_END -&gt; P_TAG_END [16:17]&#10;|           |--START -&gt; &lt; [16:17]&#10;|           |--SLASH -&gt; / [16:18]&#10;|           |--P_HTML_TAG_NAME -&gt; p [16:19]&#10;|           `--END -&gt; &gt; [16:20]&#10;|--NEWLINE -&gt; \n [16:21]&#10;|--LEADING_ASTERISK -&gt; * [17:0]&#10;|--TEXT -&gt;   [17:1]&#10;|--HTML_ELEMENT -&gt; HTML_ELEMENT [17:2]&#10;|   `--P_TAG_START -&gt; P_TAG_START [17:2]&#10;|       |--START -&gt; &lt; [17:2]&#10;|       |--P_HTML_TAG_NAME -&gt; p [17:3]&#10;|       `--END -&gt; &gt; [17:4]&#10;|--TEXT -&gt;   [17:5]&#10;|--HTML_ELEMENT -&gt; HTML_ELEMENT [17:6]&#10;|   `--COLGROUP_TAG_END -&gt; COLGROUP_TAG_END [17:6]&#10;|       |--START -&gt; &lt; [17:6]&#10;|       |--SLASH -&gt; / [17:7]&#10;|       |--COLGROUP_HTML_TAG_NAME -&gt; colgroup [17:8]&#10;|       `--END -&gt; &gt; [17:16]&#10;|--TEXT -&gt;   [17:17]&#10;|--HTML_ELEMENT -&gt; HTML_ELEMENT [17:18]&#10;|   `--P_TAG_END -&gt; P_TAG_END [17:18]&#10;|       |--START -&gt; &lt; [17:18]&#10;|       |--SLASH -&gt; / [17:19]&#10;|       |--P_HTML_TAG_NAME -&gt; P [17:20]&#10;|       `--END -&gt; &gt; [17:21]&#10;|--NEWLINE -&gt; \n [17:22]&#10;|--LEADING_ASTERISK -&gt; * [18:0]&#10;|--TEXT -&gt;   [18:1]&#10;|--HTML_ELEMENT -&gt; HTML_ELEMENT [18:2]&#10;|   `--PARAGRAPH -&gt; PARAGRAPH [18:2]&#10;|       |--P_TAG_START -&gt; P_TAG_START [18:2]&#10;|       |   |--START -&gt; &lt; [18:2]&#10;|       |   |--P_HTML_TAG_NAME -&gt; p [18:3]&#10;|       |   `--END -&gt; &gt; [18:4]&#10;|       |--TEXT -&gt;   [18:5]&#10;|       |--DD -&gt; DD [18:6]&#10;|       |   |--DD_TAG_START -&gt; DD_TAG_START [18:6]&#10;|       |   |   |--START -&gt; &lt; [18:6]&#10;|       |   |   |--DD_HTML_TAG_NAME -&gt; dd [18:7]&#10;|       |   |   `--END -&gt; &gt; [18:9]&#10;|       |   |--TEXT -&gt;   [18:10]&#10;|       |   `--DD_TAG_END -&gt; DD_TAG_END [18:11]&#10;|       |       |--START -&gt; &lt; [18:11]&#10;|       |       |--SLASH -&gt; / [18:12]&#10;|       |       |--DD_HTML_TAG_NAME -&gt; dd [18:13]&#10;|       |       `--END -&gt; &gt; [18:15]&#10;|       |--TEXT -&gt;   [18:16]&#10;|       `--P_TAG_END -&gt; P_TAG_END [18:17]&#10;|           |--START -&gt; &lt; [18:17]&#10;|           |--SLASH -&gt; / [18:18]&#10;|           |--P_HTML_TAG_NAME -&gt; p [18:19]&#10;|           `--END -&gt; &gt; [18:20]&#10;|--NEWLINE -&gt; \n [18:21]&#10;|--LEADING_ASTERISK -&gt; * [19:0]&#10;|--TEXT -&gt;   [19:1]&#10;|--HTML_ELEMENT -&gt; HTML_ELEMENT [19:2]&#10;|   `--PARAGRAPH -&gt; PARAGRAPH [19:2]&#10;|       |--P_TAG_START -&gt; P_TAG_START [19:2]&#10;|       |   |--START -&gt; &lt; [19:2]&#10;|       |   |--P_HTML_TAG_NAME -&gt; P [19:3]&#10;|       |   `--END -&gt; &gt; [19:4]&#10;|       |--TEXT -&gt;   [19:5]&#10;|       |--DD_TAG_START -&gt; DD_TAG_START [19:6]&#10;|       |   |--START -&gt; &lt; [19:6]&#10;|       |   |--DD_HTML_TAG_NAME -&gt; dd [19:7]&#10;|       |   `--END -&gt; &gt; [19:9]&#10;|       |--TEXT -&gt;   [19:10]&#10;|       `--P_TAG_END -&gt; P_TAG_END [19:11]&#10;|           |--START -&gt; &lt; [19:11]&#10;|           |--SLASH -&gt; / [19:12]&#10;|           |--P_HTML_TAG_NAME -&gt; p [19:13]&#10;|           `--END -&gt; &gt; [19:14]&#10;|--NEWLINE -&gt; \n [19:15]&#10;|--LEADING_ASTERISK -&gt; * [20:0]&#10;|--TEXT -&gt;   [20:1]&#10;|--HTML_ELEMENT -&gt; HTML_ELEMENT [20:2]&#10;|   `--P_TAG_START -&gt; P_TAG_START [20:2]&#10;|       |--START -&gt; &lt; [20:2]&#10;|       |--P_HTML_TAG_NAME -&gt; p [20:3]&#10;|       `--END -&gt; &gt; [20:4]&#10;|--TEXT -&gt;   [20:5]&#10;|--HTML_ELEMENT -&gt; HTML_ELEMENT [20:6]&#10;|   `--DD_TAG_END -&gt; DD_TAG_END [20:6]&#10;|       |--START -&gt; &lt; [20:6]&#10;|       |--SLASH -&gt; / [20:7]&#10;|       |--DD_HTML_TAG_NAME -&gt; dd [20:8]&#10;|       `--END -&gt; &gt; [20:10]&#10;|--TEXT -&gt;   [20:11]&#10;|--HTML_ELEMENT -&gt; HTML_ELEMENT [20:12]&#10;|   `--P_TAG_END -&gt; P_TAG_END [20:12]&#10;|       |--START -&gt; &lt; [20:12]&#10;|       |--SLASH -&gt; / [20:13]&#10;|       |--P_HTML_TAG_NAME -&gt; P [20:14]&#10;|       `--END -&gt; &gt; [20:15]&#10;|--NEWLINE -&gt; \n [20:16]&#10;|--LEADING_ASTERISK -&gt; * [21:0]&#10;|--TEXT -&gt;   [21:1]&#10;|--HTML_ELEMENT -&gt; HTML_ELEMENT [21:2]&#10;|   `--PARAGRAPH -&gt; PARAGRAPH [21:2]&#10;|       |--P_TAG_START -&gt; P_TAG_START [21:2]&#10;|       |   |--START -&gt; &lt; [21:2]&#10;|       |   |--P_HTML_TAG_NAME -&gt; p [21:3]&#10;|       |   `--END -&gt; &gt; [21:4]&#10;|       |--TEXT -&gt;   [21:5]&#10;|       |--DT -&gt; DT [21:6]&#10;|       |   |--DT_TAG_START -&gt; DT_TAG_START [21:6]&#10;|       |   |   |--START -&gt; &lt; [21:6]&#10;|       |   |   |--DT_HTML_TAG_NAME -&gt; dt [21:7]&#10;|       |   |   `--END -&gt; &gt; [21:9]&#10;|       |   |--TEXT -&gt;   [21:10]&#10;|       |   `--DT_TAG_END -&gt; DT_TAG_END [21:11]&#10;|       |       |--START -&gt; &lt; [21:11]&#10;|       |       |--SLASH -&gt; / [21:12]&#10;|       |       |--DT_HTML_TAG_NAME -&gt; dt [21:13]&#10;|       |       `--END -&gt; &gt; [21:15]&#10;|       |--TEXT -&gt;   [21:16]&#10;|       `--P_TAG_END -&gt; P_TAG_END [21:17]&#10;|           |--START -&gt; &lt; [21:17]&#10;|           |--SLASH -&gt; / [21:18]&#10;|           |--P_HTML_TAG_NAME -&gt; p [21:19]&#10;|           `--END -&gt; &gt; [21:20]&#10;|--NEWLINE -&gt; \n [21:21]&#10;|--LEADING_ASTERISK -&gt; * [22:0]&#10;|--TEXT -&gt;   [22:1]&#10;|--HTML_ELEMENT -&gt; HTML_ELEMENT [22:2]&#10;|   `--PARAGRAPH -&gt; PARAGRAPH [22:2]&#10;|       |--P_TAG_START -&gt; P_TAG_START [22:2]&#10;|       |   |--START -&gt; &lt; [22:2]&#10;|       |   |--P_HTML_TAG_NAME -&gt; P [22:3]&#10;|       |   `--END -&gt; &gt; [22:4]&#10;|       |--TEXT -&gt;   [22:5]&#10;|       |--DT_TAG_START -&gt; DT_TAG_START [22:6]&#10;|       |   |--START -&gt; &lt; [22:6]&#10;|       |   |--DT_HTML_TAG_NAME -&gt; dt [22:7]&#10;|       |   `--END -&gt; &gt; [22:9]&#10;|       |--TEXT -&gt;   [22:10]&#10;|       `--P_TAG_END -&gt; P_TAG_END [22:11]&#10;|           |--START -&gt; &lt; [22:11]&#10;|           |--SLASH -&gt; / [22:12]&#10;|           |--P_HTML_TAG_NAME -&gt; p [22:13]&#10;|           `--END -&gt; &gt; [22:14]&#10;|--NEWLINE -&gt; \n [22:15]&#10;|--LEADING_ASTERISK -&gt; * [23:0]&#10;|--TEXT -&gt;   [23:1]&#10;|--HTML_ELEMENT -&gt; HTML_ELEMENT [23:2]&#10;|   `--P_TAG_START -&gt; P_TAG_START [23:2]&#10;|       |--START -&gt; &lt; [23:2]&#10;|       |--P_HTML_TAG_NAME -&gt; p [23:3]&#10;|       `--END -&gt; &gt; [23:4]&#10;|--TEXT -&gt;   [23:5]&#10;|--HTML_ELEMENT -&gt; HTML_ELEMENT [23:6]&#10;|   `--DT_TAG_END -&gt; DT_TAG_END [23:6]&#10;|       |--START -&gt; &lt; [23:6]&#10;|       |--SLASH -&gt; / [23:7]&#10;|       |--DT_HTML_TAG_NAME -&gt; dt [23:8]&#10;|       `--END -&gt; &gt; [23:10]&#10;|--TEXT -&gt;   [23:11]&#10;|--HTML_ELEMENT -&gt; HTML_ELEMENT [23:12]&#10;|   `--P_TAG_END -&gt; P_TAG_END [23:12]&#10;|       |--START -&gt; &lt; [23:12]&#10;|       |--SLASH -&gt; / [23:13]&#10;|       |--P_HTML_TAG_NAME -&gt; P [23:14]&#10;|       `--END -&gt; &gt; [23:15]&#10;|--NEWLINE -&gt; \n [23:16]&#10;|--LEADING_ASTERISK -&gt; * [24:0]&#10;|--TEXT -&gt;   [24:1]&#10;|--HTML_ELEMENT -&gt; HTML_ELEMENT [24:2]&#10;|   `--PARAGRAPH -&gt; PARAGRAPH [24:2]&#10;|       |--P_TAG_START -&gt; P_TAG_START [24:2]&#10;|       |   |--START -&gt; &lt; [24:2]&#10;|       |   |--P_HTML_TAG_NAME -&gt; p [24:3]&#10;|       |   `--END -&gt; &gt; [24:4]&#10;|       |--TEXT -&gt;   [24:5]&#10;|       |--HEAD -&gt; HEAD [24:6]&#10;|       |   |--HEAD_TAG_START -&gt; HEAD_TAG_START [24:6]&#10;|       |   |   |--START -&gt; &lt; [24:6]&#10;|       |   |   |--HEAD_HTML_TAG_NAME -&gt; head [24:7]&#10;|       |   |   `--END -&gt; &gt; [24:11]&#10;|       |   |--TEXT -&gt;   [24:12]&#10;|       |   `--HEAD_TAG_END -&gt; HEAD_TAG_END [24:13]&#10;|       |       |--START -&gt; &lt; [24:13]&#10;|       |       |--SLASH -&gt; / [24:14]&#10;|       |       |--HEAD_HTML_TAG_NAME -&gt; head [24:15]&#10;|       |       `--END -&gt; &gt; [24:19]&#10;|       |--TEXT -&gt;   [24:20]&#10;|       `--P_TAG_END -&gt; P_TAG_END [24:21]&#10;|           |--START -&gt; &lt; [24:21]&#10;|           |--SLASH -&gt; / [24:22]&#10;|           |--P_HTML_TAG_NAME -&gt; p [24:23]&#10;|           `--END -&gt; &gt; [24:24]&#10;|--NEWLINE -&gt; \n [24:25]&#10;|--LEADING_ASTERISK -&gt; * [25:0]&#10;|--TEXT -&gt;   [25:1]&#10;|--HTML_ELEMENT -&gt; HTML_ELEMENT [25:2]&#10;|   `--PARAGRAPH -&gt; PARAGRAPH [25:2]&#10;|       |--P_TAG_START -&gt; P_TAG_START [25:2]&#10;|       |   |--START -&gt; &lt; [25:2]&#10;|       |   |--P_HTML_TAG_NAME -&gt; P [25:3]&#10;|       |   `--END -&gt; &gt; [25:4]&#10;|       |--TEXT -&gt;   [25:5]&#10;|       |--HEAD_TAG_START -&gt; HEAD_TAG_START [25:6]&#10;|       |   |--START -&gt; &lt; [25:6]&#10;|       |   |--HEAD_HTML_TAG_NAME -&gt; head [25:7]&#10;|       |   `--END -&gt; &gt; [25:11]&#10;|       |--TEXT -&gt;   [25:12]&#10;|       `--P_TAG_END -&gt; P_TAG_END [25:13]&#10;|           |--START -&gt; &lt; [25:13]&#10;|           |--SLASH -&gt; / [25:14]&#10;|           |--P_HTML_TAG_NAME -&gt; p [25:15]&#10;|           `--END -&gt; &gt; [25:16]&#10;|--NEWLINE -&gt; \n [25:17]&#10;|--LEADING_ASTERISK -&gt; * [26:0]&#10;|--TEXT -&gt;   [26:1]&#10;|--HTML_ELEMENT -&gt; HTML_ELEMENT [26:2]&#10;|   `--P_TAG_START -&gt; P_TAG_START [26:2]&#10;|       |--START -&gt; &lt; [26:2]&#10;|       |--P_HTML_TAG_NAME -&gt; p [26:3]&#10;|       `--END -&gt; &gt; [26:4]&#10;|--TEXT -&gt;   [26:5]&#10;|--HTML_ELEMENT -&gt; HTML_ELEMENT [26:6]&#10;|   `--HEAD_TAG_END -&gt; HEAD_TAG_END [26:6]&#10;|       |--START -&gt; &lt; [26:6]&#10;|       |--SLASH -&gt; / [26:7]&#10;|       |--HEAD_HTML_TAG_NAME -&gt; head [26:8]&#10;|       `--END -&gt; &gt; [26:12]&#10;|--TEXT -&gt;   [26:13]&#10;|--HTML_ELEMENT -&gt; HTML_ELEMENT [26:14]&#10;|   `--P_TAG_END -&gt; P_TAG_END [26:14]&#10;|       |--START -&gt; &lt; [26:14]&#10;|       |--SLASH -&gt; / [26:15]&#10;|       |--P_HTML_TAG_NAME -&gt; P [26:16]&#10;|       `--END -&gt; &gt; [26:17]&#10;|--NEWLINE -&gt; \n [26:18]&#10;|--LEADING_ASTERISK -&gt; * [27:0]&#10;|--TEXT -&gt;   [27:1]&#10;|--HTML_ELEMENT -&gt; HTML_ELEMENT [27:2]&#10;|   `--PARAGRAPH -&gt; PARAGRAPH [27:2]&#10;|       |--P_TAG_START -&gt; P_TAG_START [27:2]&#10;|       |   |--START -&gt; &lt; [27:2]&#10;|       |   |--P_HTML_TAG_NAME -&gt; p [27:3]&#10;|       |   `--END -&gt; &gt; [27:4]&#10;|       |--TEXT -&gt;   [27:5]&#10;|       |--HTML -&gt; HTML [27:6]&#10;|       |   |--HTML_TAG_START -&gt; HTML_TAG_START [27:6]&#10;|       |   |   |--START -&gt; &lt; [27:6]&#10;|       |   |   |--HTML_HTML_TAG_NAME -&gt; html [27:7]&#10;|       |   |   `--END -&gt; &gt; [27:11]&#10;|       |   |--TEXT -&gt;   [27:12]&#10;|       |   `--HTML_TAG_END -&gt; HTML_TAG_END [27:13]&#10;|       |       |--START -&gt; &lt; [27:13]&#10;|       |       |--SLASH -&gt; / [27:14]&#10;|       |       |--HTML_HTML_TAG_NAME -&gt; html [27:15]&#10;|       |       `--END -&gt; &gt; [27:19]&#10;|       |--TEXT -&gt;   [27:20]&#10;|       `--P_TAG_END -&gt; P_TAG_END [27:21]&#10;|           |--START -&gt; &lt; [27:21]&#10;|           |--SLASH -&gt; / [27:22]&#10;|           |--P_HTML_TAG_NAME -&gt; p [27:23]&#10;|           `--END -&gt; &gt; [27:24]&#10;|--NEWLINE -&gt; \n [27:25]&#10;|--LEADING_ASTERISK -&gt; * [28:0]&#10;|--TEXT -&gt;   [28:1]&#10;|--HTML_ELEMENT -&gt; HTML_ELEMENT [28:2]&#10;|   `--PARAGRAPH -&gt; PARAGRAPH [28:2]&#10;|       |--P_TAG_START -&gt; P_TAG_START [28:2]&#10;|       |   |--START -&gt; &lt; [28:2]&#10;|       |   |--P_HTML_TAG_NAME -&gt; P [28:3]&#10;|       |   `--END -&gt; &gt; [28:4]&#10;|       |--TEXT -&gt;   [28:5]&#10;|       |--HTML_TAG_START -&gt; HTML_TAG_START [28:6]&#10;|       |   |--START -&gt; &lt; [28:6]&#10;|       |   |--HTML_HTML_TAG_NAME -&gt; html [28:7]&#10;|       |   `--END -&gt; &gt; [28:11]&#10;|       |--TEXT -&gt;   [28:12]&#10;|       `--P_TAG_END -&gt; P_TAG_END [28:13]&#10;|           |--START -&gt; &lt; [28:13]&#10;|           |--SLASH -&gt; / [28:14]&#10;|           |--P_HTML_TAG_NAME -&gt; p [28:15]&#10;|           `--END -&gt; &gt; [28:16]&#10;|--NEWLINE -&gt; \n [28:17]&#10;|--LEADING_ASTERISK -&gt; * [29:0]&#10;|--TEXT -&gt;   [29:1]&#10;|--HTML_ELEMENT -&gt; HTML_ELEMENT [29:2]&#10;|   `--P_TAG_START -&gt; P_TAG_START [29:2]&#10;|       |--START -&gt; &lt; [29:2]&#10;|       |--P_HTML_TAG_NAME -&gt; p [29:3]&#10;|       `--END -&gt; &gt; [29:4]&#10;|--TEXT -&gt;   [29:5]&#10;|--HTML_ELEMENT -&gt; HTML_ELEMENT [29:6]&#10;|   `--HTML_TAG_END -&gt; HTML_TAG_END [29:6]&#10;|       |--START -&gt; &lt; [29:6]&#10;|       |--SLASH -&gt; / [29:7]&#10;|       |--HTML_HTML_TAG_NAME -&gt; html [29:8]&#10;|       `--END -&gt; &gt; [29:12]&#10;|--TEXT -&gt;   [29:13]&#10;|--HTML_ELEMENT -&gt; HTML_ELEMENT [29:14]&#10;|   `--P_TAG_END -&gt; P_TAG_END [29:14]&#10;|       |--START -&gt; &lt; [29:14]&#10;|       |--SLASH -&gt; / [29:15]&#10;|       |--P_HTML_TAG_NAME -&gt; P [29:16]&#10;|       `--END -&gt; &gt; [29:17]&#10;|--NEWLINE -&gt; \n [29:18]&#10;|--LEADING_ASTERISK -&gt; * [30:0]&#10;|--TEXT -&gt;   [30:1]&#10;|--HTML_ELEMENT -&gt; HTML_ELEMENT [30:2]&#10;|   `--PARAGRAPH -&gt; PARAGRAPH [30:2]&#10;|       |--P_TAG_START -&gt; P_TAG_START [30:2]&#10;|       |   |--START -&gt; &lt; [30:2]&#10;|       |   |--P_HTML_TAG_NAME -&gt; p [30:3]&#10;|       |   `--END -&gt; &gt; [30:4]&#10;|       |--TEXT -&gt;   [30:5]&#10;|       |--OPTION -&gt; OPTION [30:6]&#10;|       |   |--OPTION_TAG_START -&gt; OPTION_TAG_START [30:6]&#10;|       |   |   |--START -&gt; &lt; [30:6]&#10;|       |   |   |--OPTION_HTML_TAG_NAME -&gt; option [30:7]&#10;|       |   |   `--END -&gt; &gt; [30:13]&#10;|       |   |--TEXT -&gt;   [30:14]&#10;|       |   `--OPTION_TAG_END -&gt; OPTION_TAG_END [30:15]&#10;|       |       |--START -&gt; &lt; [30:15]&#10;|       |       |--SLASH -&gt; / [30:16]&#10;|       |       |--OPTION_HTML_TAG_NAME -&gt; option [30:17]&#10;|       |       `--END -&gt; &gt; [30:23]&#10;|       |--TEXT -&gt;   [30:24]&#10;|       `--P_TAG_END -&gt; P_TAG_END [30:25]&#10;|           |--START -&gt; &lt; [30:25]&#10;|           |--SLASH -&gt; / [30:26]&#10;|           |--P_HTML_TAG_NAME -&gt; p [30:27]&#10;|           `--END -&gt; &gt; [30:28]&#10;|--NEWLINE -&gt; \n [30:29]&#10;|--LEADING_ASTERISK -&gt; * [31:0]&#10;|--TEXT -&gt;   [31:1]&#10;|--HTML_ELEMENT -&gt; HTML_ELEMENT [31:2]&#10;|   `--PARAGRAPH -&gt; PARAGRAPH [31:2]&#10;|       |--P_TAG_START -&gt; P_TAG_START [31:2]&#10;|       |   |--START -&gt; &lt; [31:2]&#10;|       |   |--P_HTML_TAG_NAME -&gt; P [31:3]&#10;|       |   `--END -&gt; &gt; [31:4]&#10;|       |--TEXT -&gt;   [31:5]&#10;|       |--OPTION_TAG_START -&gt; OPTION_TAG_START [31:6]&#10;|       |   |--START -&gt; &lt; [31:6]&#10;|       |   |--OPTION_HTML_TAG_NAME -&gt; option [31:7]&#10;|       |   `--END -&gt; &gt; [31:13]&#10;|       |--TEXT -&gt;   [31:14]&#10;|       `--P_TAG_END -&gt; P_TAG_END [31:15]&#10;|           |--START -&gt; &lt; [31:15]&#10;|           |--SLASH -&gt; / [31:16]&#10;|           |--P_HTML_TAG_NAME -&gt; p [31:17]&#10;|           `--END -&gt; &gt; [31:18]&#10;|--NEWLINE -&gt; \n [31:19]&#10;|--LEADING_ASTERISK -&gt; * [32:0]&#10;|--TEXT -&gt;   [32:1]&#10;|--HTML_ELEMENT -&gt; HTML_ELEMENT [32:2]&#10;|   `--P_TAG_START -&gt; P_TAG_START [32:2]&#10;|       |--START -&gt; &lt; [32:2]&#10;|       |--P_HTML_TAG_NAME -&gt; p [32:3]&#10;|       `--END -&gt; &gt; [32:4]&#10;|--TEXT -&gt;   [32:5]&#10;|--HTML_ELEMENT -&gt; HTML_ELEMENT [32:6]&#10;|   `--OPTION_TAG_END -&gt; OPTION_TAG_END [32:6]&#10;|       |--START -&gt; &lt; [32:6]&#10;|       |--SLASH -&gt; / [32:7]&#10;|       |--OPTION_HTML_TAG_NAME -&gt; option [32:8]&#10;|       `--END -&gt; &gt; [32:14]&#10;|--TEXT -&gt;   [32:15]&#10;|--HTML_ELEMENT -&gt; HTML_ELEMENT [32:16]&#10;|   `--P_TAG_END -&gt; P_TAG_END [32:16]&#10;|       |--START -&gt; &lt; [32:16]&#10;|       |--SLASH -&gt; / [32:17]&#10;|       |--P_HTML_TAG_NAME -&gt; P [32:18]&#10;|       `--END -&gt; &gt; [32:19]&#10;|--NEWLINE -&gt; \n [32:20]&#10;|--LEADING_ASTERISK -&gt; * [33:0]&#10;|--TEXT -&gt;   [33:1]&#10;|--HTML_ELEMENT -&gt; HTML_ELEMENT [33:2]&#10;|   `--PARAGRAPH -&gt; PARAGRAPH [33:2]&#10;|       |--P_TAG_START -&gt; P_TAG_START [33:2]&#10;|       |   |--START -&gt; &lt; [33:2]&#10;|       |   |--P_HTML_TAG_NAME -&gt; p [33:3]&#10;|       |   `--END -&gt; &gt; [33:4]&#10;|       |--TEXT -&gt;   [33:5]&#10;|       |--TBODY -&gt; TBODY [33:6]&#10;|       |   |--TBODY_TAG_START -&gt; TBODY_TAG_START [33:6]&#10;|       |   |   |--START -&gt; &lt; [33:6]&#10;|       |   |   |--TBODY_HTML_TAG_NAME -&gt; tbody [33:7]&#10;|       |   |   `--END -&gt; &gt; [33:12]&#10;|       |   |--TEXT -&gt;   [33:13]&#10;|       |   `--TBODY_TAG_END -&gt; TBODY_TAG_END [33:14]&#10;|       |       |--START -&gt; &lt; [33:14]&#10;|       |       |--SLASH -&gt; / [33:15]&#10;|       |       |--TBODY_HTML_TAG_NAME -&gt; tbody [33:16]&#10;|       |       `--END -&gt; &gt; [33:21]&#10;|       |--TEXT -&gt;   [33:22]&#10;|       `--P_TAG_END -&gt; P_TAG_END [33:23]&#10;|           |--START -&gt; &lt; [33:23]&#10;|           |--SLASH -&gt; / [33:24]&#10;|           |--P_HTML_TAG_NAME -&gt; p [33:25]&#10;|           `--END -&gt; &gt; [33:26]&#10;|--NEWLINE -&gt; \n [33:27]&#10;|--LEADING_ASTERISK -&gt; * [34:0]&#10;|--TEXT -&gt;   [34:1]&#10;|--HTML_ELEMENT -&gt; HTML_ELEMENT [34:2]&#10;|   `--PARAGRAPH -&gt; PARAGRAPH [34:2]&#10;|       |--P_TAG_START -&gt; P_TAG_START [34:2]&#10;|       |   |--START -&gt; &lt; [34:2]&#10;|       |   |--P_HTML_TAG_NAME -&gt; P [34:3]&#10;|       |   `--END -&gt; &gt; [34:4]&#10;|       |--TEXT -&gt;   [34:5]&#10;|       |--TBODY_TAG_START -&gt; TBODY_TAG_START [34:6]&#10;|       |   |--START -&gt; &lt; [34:6]&#10;|       |   |--TBODY_HTML_TAG_NAME -&gt; tbody [34:7]&#10;|       |   `--END -&gt; &gt; [34:12]&#10;|       |--TEXT -&gt;   [34:13]&#10;|       `--P_TAG_END -&gt; P_TAG_END [34:14]&#10;|           |--START -&gt; &lt; [34:14]&#10;|           |--SLASH -&gt; / [34:15]&#10;|           |--P_HTML_TAG_NAME -&gt; p [34:16]&#10;|           `--END -&gt; &gt; [34:17]&#10;|--NEWLINE -&gt; \n [34:18]&#10;|--LEADING_ASTERISK -&gt; * [35:0]&#10;|--TEXT -&gt;   [35:1]&#10;|--HTML_ELEMENT -&gt; HTML_ELEMENT [35:2]&#10;|   `--P_TAG_START -&gt; P_TAG_START [35:2]&#10;|       |--START -&gt; &lt; [35:2]&#10;|       |--P_HTML_TAG_NAME -&gt; p [35:3]&#10;|       `--END -&gt; &gt; [35:4]&#10;|--TEXT -&gt;   [35:5]&#10;|--HTML_ELEMENT -&gt; HTML_ELEMENT [35:6]&#10;|   `--TBODY_TAG_END -&gt; TBODY_TAG_END [35:6]&#10;|       |--START -&gt; &lt; [35:6]&#10;|       |--SLASH -&gt; / [35:7]&#10;|       |--TBODY_HTML_TAG_NAME -&gt; tbody [35:8]&#10;|       `--END -&gt; &gt; [35:13]&#10;|--TEXT -&gt;   [35:14]&#10;|--HTML_ELEMENT -&gt; HTML_ELEMENT [35:15]&#10;|   `--P_TAG_END -&gt; P_TAG_END [35:15]&#10;|       |--START -&gt; &lt; [35:15]&#10;|       |--SLASH -&gt; / [35:16]&#10;|       |--P_HTML_TAG_NAME -&gt; P [35:17]&#10;|       `--END -&gt; &gt; [35:18]&#10;|--NEWLINE -&gt; \n [35:19]&#10;|--LEADING_ASTERISK -&gt; * [36:0]&#10;|--TEXT -&gt;   [36:1]&#10;|--HTML_ELEMENT -&gt; HTML_ELEMENT [36:2]&#10;|   `--PARAGRAPH -&gt; PARAGRAPH [36:2]&#10;|       |--P_TAG_START -&gt; P_TAG_START [36:2]&#10;|       |   |--START -&gt; &lt; [36:2]&#10;|       |   |--P_HTML_TAG_NAME -&gt; p [36:3]&#10;|       |   `--END -&gt; &gt; [36:4]&#10;|       |--TEXT -&gt;   [36:5]&#10;|       |--TFOOT -&gt; TFOOT [36:6]&#10;|       |   |--TFOOT_TAG_START -&gt; TFOOT_TAG_START [36:6]&#10;|       |   |   |--START -&gt; &lt; [36:6]&#10;|       |   |   |--TFOOT_HTML_TAG_NAME -&gt; tfoot [36:7]&#10;|       |   |   `--END -&gt; &gt; [36:12]&#10;|       |   |--TEXT -&gt;   [36:13]&#10;|       |   `--TFOOT_TAG_END -&gt; TFOOT_TAG_END [36:14]&#10;|       |       |--START -&gt; &lt; [36:14]&#10;|       |       |--SLASH -&gt; / [36:15]&#10;|       |       |--TFOOT_HTML_TAG_NAME -&gt; tfoot [36:16]&#10;|       |       `--END -&gt; &gt; [36:21]&#10;|       |--TEXT -&gt;   [36:22]&#10;|       `--P_TAG_END -&gt; P_TAG_END [36:23]&#10;|           |--START -&gt; &lt; [36:23]&#10;|           |--SLASH -&gt; / [36:24]&#10;|           |--P_HTML_TAG_NAME -&gt; p [36:25]&#10;|           `--END -&gt; &gt; [36:26]&#10;|--NEWLINE -&gt; \n [36:27]&#10;|--LEADING_ASTERISK -&gt; * [37:0]&#10;|--TEXT -&gt;   [37:1]&#10;|--HTML_ELEMENT -&gt; HTML_ELEMENT [37:2]&#10;|   `--PARAGRAPH -&gt; PARAGRAPH [37:2]&#10;|       |--P_TAG_START -&gt; P_TAG_START [37:2]&#10;|       |   |--START -&gt; &lt; [37:2]&#10;|       |   |--P_HTML_TAG_NAME -&gt; P [37:3]&#10;|       |   `--END -&gt; &gt; [37:4]&#10;|       |--TEXT -&gt;   [37:5]&#10;|       |--TFOOT_TAG_START -&gt; TFOOT_TAG_START [37:6]&#10;|       |   |--START -&gt; &lt; [37:6]&#10;|       |   |--TFOOT_HTML_TAG_NAME -&gt; tfoot [37:7]&#10;|       |   `--END -&gt; &gt; [37:12]&#10;|       |--TEXT -&gt;   [37:13]&#10;|       `--P_TAG_END -&gt; P_TAG_END [37:14]&#10;|           |--START -&gt; &lt; [37:14]&#10;|           |--SLASH -&gt; / [37:15]&#10;|           |--P_HTML_TAG_NAME -&gt; p [37:16]&#10;|           `--END -&gt; &gt; [37:17]&#10;|--NEWLINE -&gt; \n [37:18]&#10;|--LEADING_ASTERISK -&gt; * [38:0]&#10;|--TEXT -&gt;   [38:1]&#10;|--HTML_ELEMENT -&gt; HTML_ELEMENT [38:2]&#10;|   `--P_TAG_START -&gt; P_TAG_START [38:2]&#10;|       |--START -&gt; &lt; [38:2]&#10;|       |--P_HTML_TAG_NAME -&gt; p [38:3]&#10;|       `--END -&gt; &gt; [38:4]&#10;|--TEXT -&gt;   [38:5]&#10;|--HTML_ELEMENT -&gt; HTML_ELEMENT [38:6]&#10;|   `--TFOOT_TAG_END -&gt; TFOOT_TAG_END [38:6]&#10;|       |--START -&gt; &lt; [38:6]&#10;|       |--SLASH -&gt; / [38:7]&#10;|       |--TFOOT_HTML_TAG_NAME -&gt; tfoot [38:8]&#10;|       `--END -&gt; &gt; [38:13]&#10;|--TEXT -&gt;   [38:14]&#10;|--HTML_ELEMENT -&gt; HTML_ELEMENT [38:15]&#10;|   `--P_TAG_END -&gt; P_TAG_END [38:15]&#10;|       |--START -&gt; &lt; [38:15]&#10;|       |--SLASH -&gt; / [38:16]&#10;|       |--P_HTML_TAG_NAME -&gt; P [38:17]&#10;|       `--END -&gt; &gt; [38:18]&#10;|--NEWLINE -&gt; \n [38:19]&#10;|--LEADING_ASTERISK -&gt; * [39:0]&#10;|--TEXT -&gt;   [39:1]&#10;|--HTML_ELEMENT -&gt; HTML_ELEMENT [39:2]&#10;|   `--PARAGRAPH -&gt; PARAGRAPH [39:2]&#10;|       |--P_TAG_START -&gt; P_TAG_START [39:2]&#10;|       |   |--START -&gt; &lt; [39:2]&#10;|       |   |--P_HTML_TAG_NAME -&gt; p [39:3]&#10;|       |   |--WS -&gt;   [39:4]&#10;|       |   |--ATTRIBUTE -&gt; ATTRIBUTE [39:5]&#10;|       |   |   |--HTML_TAG_NAME -&gt; style [39:5]&#10;|       |   |   |--EQUALS -&gt; = [39:10]&#10;|       |   |   `--ATTR_VALUE -&gt; &quot;color:red&quot; [39:11]&#10;|       |   |--WS -&gt;   [39:23]&#10;|       |   |--NEWLINE -&gt; \n [39:24]&#10;|       |   |--LEADING_ASTERISK -&gt; * [40:0]&#10;|       |   |--WS -&gt;           [40:1]&#10;|       |   |--NEWLINE -&gt; \n [40:10]&#10;|       |   |--LEADING_ASTERISK -&gt; * [41:0]&#10;|       |   |--WS -&gt;   [41:1]&#10;|       |   `--END -&gt; &gt; [41:2]&#10;|       |--TEXT -&gt;   [41:3]&#10;|       |--HTML_COMMENT -&gt; HTML_COMMENT [41:4]&#10;|       |   |--HTML_COMMENT_START -&gt; &lt;!-- [41:4]&#10;|       |   |--TEXT -&gt; HTML COMMENT [41:8]&#10;|       |   `--HTML_COMMENT_END -&gt; --&gt; [41:20]&#10;|       |--TEXT -&gt;    [41:23]&#10;|       `--P_TAG_END -&gt; P_TAG_END [41:25]&#10;|           |--START -&gt; &lt; [41:25]&#10;|           |--SLASH -&gt; / [41:26]&#10;|           |--P_HTML_TAG_NAME -&gt; p [41:27]&#10;|           |--WS -&gt;      [41:28]&#10;|           |--NEWLINE -&gt; \n [41:32]&#10;|           |--LEADING_ASTERISK -&gt; * [42:0]&#10;|           |--WS -&gt;   [42:1]&#10;|           |--NEWLINE -&gt; \n [42:2]&#10;|           |--LEADING_ASTERISK -&gt; * [43:0]&#10;|           |--WS -&gt;   [43:1]&#10;|           `--END -&gt; &gt; [43:2]&#10;`--EOF -&gt; &lt;EOF&gt; [43:3]&#13;]&#10;&gt;" type="org.junit.ComparisonFailure"><![CDATA[org.junit.ComparisonFailure: 
Generated tree from the javadoc file should match the pre-defined tree expected:<...DOC -> JAVADOC [0:0][
|--LEADING_ASTERISK -> * [0:0]
|--TEXT ->   [0:1]
|--HTML_ELEMENT -> HTML_ELEMENT [0:2]
|   `--PARAGRAPH -> PARAGRAPH [0:2]
|       |--P_TAG_START -> P_TAG_START [0:2]
|       |   |--START -> < [0:2]
|       |   |--P_HTML_TAG_NAME -> p [0:3]
|       |   `--END -> > [0:4]
|       |--TEXT ->   [0:5]
|       |--LI -> LI [0:6]
|       |   |--LI_TAG_START -> LI_TAG_START [0:6]
|       |   |   |--START -> < [0:6]
|       |   |   |--LI_HTML_TAG_NAME -> li [0:7]
|       |   |   `--END -> > [0:9]
|       |   |--TEXT ->   [0:10]
|       |   `--LI_TAG_END -> LI_TAG_END [0:11]
|       |       |--START -> < [0:11]
|       |       |--SLASH -> / [0:12]
|       |       |--LI_HTML_TAG_NAME -> li [0:13]
|       |       `--END -> > [0:15]
|       |--TEXT ->   [0:16]
|       `--P_TAG_END -> P_TAG_END [0:17]
|           |--START -> < [0:17]
|           |--SLASH -> / [0:18]
|           |--P_HTML_TAG_NAME -> p [0:19]
|           `--END -> > [0:20]
|--NEWLINE -> \n [0:21]
|--LEADING_ASTERISK -> * [1:0]
|--TEXT ->   [1:1]
|--HTML_ELEMENT -> HTML_ELEMENT [1:2]
|   `--PARAGRAPH -> PARAGRAPH [1:2]
|       |--P_TAG_START -> P_TAG_START [1:2]
|       |   |--START -> < [1:2]
|       |   |--P_HTML_TAG_NAME -> P [1:3]
|       |   `--END -> > [1:4]
|       |--TEXT ->   [1:5]
|       |--LI_TAG_START -> LI_TAG_START [1:6]
|       |   |--START -> < [1:6]
|       |   |--LI_HTML_TAG_NAME -> li [1:7]
|       |   `--END -> > [1:9]
|       |--TEXT ->   [1:10]
|       `--P_TAG_END -> P_TAG_END [1:11]
|           |--START -> < [1:11]
|           |--SLASH -> / [1:12]
|           |--P_HTML_TAG_NAME -> p [1:13]
|           `--END -> > [1:14]
|--NEWLINE -> \n [1:15]
|--LEADING_ASTERISK -> * [2:0]
|--TEXT ->   [2:1]
|--HTML_ELEMENT -> HTML_ELEMENT [2:2]
|   `--P_TAG_START -> P_TAG_START [2:2]
|       |--START -> < [2:2]
|       |--P_HTML_TAG_NAME -> p [2:3]
|       `--END -> > [2:4]
|--TEXT ->   [2:5]
|--HTML_ELEMENT -> HTML_ELEMENT [2:6]
|   `--LI_TAG_END -> LI_TAG_END [2:6]
|       |--START -> < [2:6]
|       |--SLASH -> / [2:7]
|       |--LI_HTML_TAG_NAME -> li [2:8]
|       `--END -> > [2:10]
|--TEXT ->   [2:11]
|--HTML_ELEMENT -> HTML_ELEMENT [2:12]
|   `--P_TAG_END -> P_TAG_END [2:12]
|       |--START -> < [2:12]
|       |--SLASH -> / [2:13]
|       |--P_HTML_TAG_NAME -> P [2:14]
|       `--END -> > [2:15]
|--NEWLINE -> \n [2:16]
|--LEADING_ASTERISK -> * [3:0]
|--TEXT ->   [3:1]
|--HTML_ELEMENT -> HTML_ELEMENT [3:2]
|   `--PARAGRAPH -> PARAGRAPH [3:2]
|       |--P_TAG_START -> P_TAG_START [3:2]
|       |   |--START -> < [3:2]
|       |   |--P_HTML_TAG_NAME -> p [3:3]
|       |   `--END -> > [3:4]
|       |--TEXT ->   [3:5]
|       |--TR -> TR [3:6]
|       |   |--TR_TAG_START -> TR_TAG_START [3:6]
|       |   |   |--START -> < [3:6]
|       |   |   |--TR_HTML_TAG_NAME -> tr [3:7]
|       |   |   `--END -> > [3:9]
|       |   |--TEXT ->   [3:10]
|       |   `--TR_TAG_END -> TR_TAG_END [3:11]
|       |       |--START -> < [3:11]
|       |       |--SLASH -> / [3:12]
|       |       |--TR_HTML_TAG_NAME -> tr [3:13]
|       |       `--END -> > [3:15]
|       |--TEXT ->   [3:16]
|       `--P_TAG_END -> P_TAG_END [3:17]
|           |--START -> < [3:17]
|           |--SLASH -> / [3:18]
|           |--P_HTML_TAG_NAME -> p [3:19]
|           `--END -> > [3:20]
|--NEWLINE -> \n [3:21]
|--LEADING_ASTERISK -> * [4:0]
|--TEXT ->   [4:1]
|--HTML_ELEMENT -> HTML_ELEMENT [4:2]
|   `--PARAGRAPH -> PARAGRAPH [4:2]
|       |--P_TAG_START -> P_TAG_START [4:2]
|       |   |--START -> < [4:2]
|       |   |--P_HTML_TAG_NAME -> P [4:3]
|       |   `--END -> > [4:4]
|       |--TEXT ->   [4:5]
|       |--TR_TAG_START -> TR_TAG_START [4:6]
|       |   |--START -> < [4:6]
|       |   |--TR_HTML_TAG_NAME -> tr [4:7]
|       |   `--END -> > [4:9]
|       |--TEXT ->   [4:10]
|       `--P_TAG_END -> P_TAG_END [4:11]
|           |--START -> < [4:11]
|           |--SLASH -> / [4:12]
|           |--P_HTML_TAG_NAME -> p [4:13]
|           `--END -> > [4:14]
|--NEWLINE -> \n [4:15]
|--LEADING_ASTERISK -> * [5:0]
|--TEXT ->   [5:1]
|--HTML_ELEMENT -> HTML_ELEMENT [5:2]
|   `--P_TAG_START -> P_TAG_START [5:2]
|       |--START -> < [5:2]
|       |--P_HTML_TAG_NAME -> p [5:3]
|       `--END -> > [5:4]
|--TEXT ->   [5:5]
|--HTML_ELEMENT -> HTML_ELEMENT [5:6]
|   `--TR_TAG_END -> TR_TAG_END [5:6]
|       |--START -> < [5:6]
|       |--SLASH -> / [5:7]
|       |--TR_HTML_TAG_NAME -> tr [5:8]
|       `--END -> > [5:10]
|--TEXT ->   [5:11]
|--HTML_ELEMENT -> HTML_ELEMENT [5:12]
|   `--P_TAG_END -> P_TAG_END [5:12]
|       |--START -> < [5:12]
|       |--SLASH -> / [5:13]
|       |--P_HTML_TAG_NAME -> P [5:14]
|       `--END -> > [5:15]
|--NEWLINE -> \n [5:16]
|--LEADING_ASTERISK -> * [6:0]
|--TEXT ->   [6:1]
|--HTML_ELEMENT -> HTML_ELEMENT [6:2]
|   `--PARAGRAPH -> PARAGRAPH [6:2]
|       |--P_TAG_START -> P_TAG_START [6:2]
|       |   |--START -> < [6:2]
|       |   |--P_HTML_TAG_NAME -> p [6:3]
|       |   `--END -> > [6:4]
|       |--TEXT ->   [6:5]
|       |--TD -> TD [6:6]
|       |   |--TD_TAG_START -> TD_TAG_START [6:6]
|       |   |   |--START -> < [6:6]
|       |   |   |--TD_HTML_TAG_NAME -> td [6:7]
|       |   |   `--END -> > [6:9]
|       |   |--TEXT ->   [6:10]
|       |   `--TD_TAG_END -> TD_TAG_END [6:11]
|       |       |--START -> < [6:11]
|       |       |--SLASH -> / [6:12]
|       |       |--TD_HTML_TAG_NAME -> td [6:13]
|       |       `--END -> > [6:15]
|       |--TEXT ->   [6:16]
|       `--P_TAG_END -> P_TAG_END [6:17]
|           |--START -> < [6:17]
|           |--SLASH -> / [6:18]
|           |--P_HTML_TAG_NAME -> p [6:19]
|           `--END -> > [6:20]
|--NEWLINE -> \n [6:21]
|--LEADING_ASTERISK -> * [7:0]
|--TEXT ->   [7:1]
|--HTML_ELEMENT -> HTML_ELEMENT [7:2]
|   `--PARAGRAPH -> PARAGRAPH [7:2]
|       |--P_TAG_START -> P_TAG_START [7:2]
|       |   |--START -> < [7:2]
|       |   |--P_HTML_TAG_NAME -> P [7:3]
|       |   `--END -> > [7:4]
|       |--TEXT ->   [7:5]
|       |--TD_TAG_START -> TD_TAG_START [7:6]
|       |   |--START -> < [7:6]
|       |   |--TD_HTML_TAG_NAME -> td [7:7]
|       |   `--END -> > [7:9]
|       |--TEXT ->   [7:10]
|       `--P_TAG_END -> P_TAG_END [7:11]
|           |--START -> < [7:11]
|           |--SLASH -> / [7:12]
|           |--P_HTML_TAG_NAME -> p [7:13]
|           `--END -> > [7:14]
|--NEWLINE -> \n [7:15]
|--LEADING_ASTERISK -> * [8:0]
|--TEXT ->   [8:1]
|--HTML_ELEMENT -> HTML_ELEMENT [8:2]
|   `--P_TAG_START -> P_TAG_START [8:2]
|       |--START -> < [8:2]
|       |--P_HTML_TAG_NAME -> p [8:3]
|       `--END -> > [8:4]
|--TEXT ->   [8:5]
|--HTML_ELEMENT -> HTML_ELEMENT [8:6]
|   `--TD_TAG_END -> TD_TAG_END [8:6]
|       |--START -> < [8:6]
|       |--SLASH -> / [8:7]
|       |--TD_HTML_TAG_NAME -> td [8:8]
|       `--END -> > [8:10]
|--TEXT ->   [8:11]
|--HTML_ELEMENT -> HTML_ELEMENT [8:12]
|   `--P_TAG_END -> P_TAG_END [8:12]
|       |--START -> < [8:12]
|       |--SLASH -> / [8:13]
|       |--P_HTML_TAG_NAME -> P [8:14]
|       `--END -> > [8:15]
|--NEWLINE -> \n [8:16]
|--LEADING_ASTERISK -> * [9:0]
|--TEXT ->   [9:1]
|--HTML_ELEMENT -> HTML_ELEMENT [9:2]
|   `--PARAGRAPH -> PARAGRAPH [9:2]
|       |--P_TAG_START -> P_TAG_START [9:2]
|       |   |--START -> < [9:2]
|       |   |--P_HTML_TAG_NAME -> p [9:3]
|       |   `--END -> > [9:4]
|       |--TEXT ->   [9:5]
|       |--TH -> TH [9:6]
|       |   |--TH_TAG_START -> TH_TAG_START [9:6]
|       |   |   |--START -> < [9:6]
|       |   |   |--TH_HTML_TAG_NAME -> th [9:7]
|       |   |   `--END -> > [9:9]
|       |   |--TEXT ->   [9:10]
|       |   `--TH_TAG_END -> TH_TAG_END [9:11]
|       |       |--START -> < [9:11]
|       |       |--SLASH -> / [9:12]
|       |       |--TH_HTML_TAG_NAME -> th [9:13]
|       |       `--END -> > [9:15]
|       |--TEXT ->   [9:16]
|       `--P_TAG_END -> P_TAG_END [9:17]
|           |--START -> < [9:17]
|           |--SLASH -> / [9:18]
|           |--P_HTML_TAG_NAME -> p [9:19]
|           `--END -> > [9:20]
|--NEWLINE -> \n [9:21]
|--LEADING_ASTERISK -> * [10:0]
|--TEXT ->   [10:1]
|--HTML_ELEMENT -> HTML_ELEMENT [10:2]
|   `--PARAGRAPH -> PARAGRAPH [10:2]
|       |--P_TAG_START -> P_TAG_START [10:2]
|       |   |--START -> < [10:2]
|       |   |--P_HTML_TAG_NAME -> P [10:3]
|       |   `--END -> > [10:4]
|       |--TEXT ->   [10:5]
|       |--TH_TAG_START -> TH_TAG_START [10:6]
|       |   |--START -> < [10:6]
|       |   |--TH_HTML_TAG_NAME -> th [10:7]
|       |   `--END -> > [10:9]
|       |--TEXT ->   [10:10]
|       `--P_TAG_END -> P_TAG_END [10:11]
|           |--START -> < [10:11]
|           |--SLASH -> / [10:12]
|           |--P_HTML_TAG_NAME -> p [10:13]
|           `--END -> > [10:14]
|--NEWLINE -> \n [10:15]
|--LEADING_ASTERISK -> * [11:0]
|--TEXT ->   [11:1]
|--HTML_ELEMENT -> HTML_ELEMENT [11:2]
|   `--P_TAG_START -> P_TAG_START [11:2]
|       |--START -> < [11:2]
|       |--P_HTML_TAG_NAME -> p [11:3]
|       `--END -> > [11:4]
|--TEXT ->   [11:5]
|--HTML_ELEMENT -> HTML_ELEMENT [11:6]
|   `--TH_TAG_END -> TH_TAG_END [11:6]
|       |--START -> < [11:6]
|       |--SLASH -> / [11:7]
|       |--TH_HTML_TAG_NAME -> th [11:8]
|       `--END -> > [11:10]
|--TEXT ->   [11:11]
|--HTML_ELEMENT -> HTML_ELEMENT [11:12]
|   `--P_TAG_END -> P_TAG_END [11:12]
|       |--START -> < [11:12]
|       |--SLASH -> / [11:13]
|       |--P_HTML_TAG_NAME -> P [11:14]
|       `--END -> > [11:15]
|--NEWLINE -> \n [11:16]
|--LEADING_ASTERISK -> * [12:0]
|--TEXT ->   [12:1]
|--HTML_ELEMENT -> HTML_ELEMENT [12:2]
|   `--PARAGRAPH -> PARAGRAPH [12:2]
|       |--P_TAG_START -> P_TAG_START [12:2]
|       |   |--START -> < [12:2]
|       |   |--P_HTML_TAG_NAME -> p [12:3]
|       |   `--END -> > [12:4]
|       |--TEXT ->   [12:5]
|       |--BODY -> BODY [12:6]
|       |   |--BODY_TAG_START -> BODY_TAG_START [12:6]
|       |   |   |--START -> < [12:6]
|       |   |   |--BODY_HTML_TAG_NAME -> body [12:7]
|       |   |   `--END -> > [12:11]
|       |   |--TEXT ->   [12:12]
|       |   `--BODY_TAG_END -> BODY_TAG_END [12:13]
|       |       |--START -> < [12:13]
|       |       |--SLASH -> / [12:14]
|       |       |--BODY_HTML_TAG_NAME -> body [12:15]
|       |       `--END -> > [12:19]
|       |--TEXT ->   [12:20]
|       `--P_TAG_END -> P_TAG_END [12:21]
|           |--START -> < [12:21]
|           |--SLASH -> / [12:22]
|           |--P_HTML_TAG_NAME -> p [12:23]
|           `--END -> > [12:24]
|--NEWLINE -> \n [12:25]
|--LEADING_ASTERISK -> * [13:0]
|--TEXT ->   [13:1]
|--HTML_ELEMENT -> HTML_ELEMENT [13:2]
|   `--PARAGRAPH -> PARAGRAPH [13:2]
|       |--P_TAG_START -> P_TAG_START [13:2]
|       |   |--START -> < [13:2]
|       |   |--P_HTML_TAG_NAME -> P [13:3]
|       |   `--END -> > [13:4]
|       |--TEXT ->   [13:5]
|       |--BODY_TAG_START -> BODY_TAG_START [13:6]
|       |   |--START -> < [13:6]
|       |   |--BODY_HTML_TAG_NAME -> body [13:7]
|       |   `--END -> > [13:11]
|       |--TEXT ->   [13:12]
|       `--P_TAG_END -> P_TAG_END [13:13]
|           |--START -> < [13:13]
|           |--SLASH -> / [13:14]
|           |--P_HTML_TAG_NAME -> p [13:15]
|           `--END -> > [13:16]
|--NEWLINE -> \n [13:17]
|--LEADING_ASTERISK -> * [14:0]
|--TEXT ->   [14:1]
|--HTML_ELEMENT -> HTML_ELEMENT [14:2]
|   `--P_TAG_START -> P_TAG_START [14:2]
|       |--START -> < [14:2]
|       |--P_HTML_TAG_NAME -> p [14:3]
|       `--END -> > [14:4]
|--TEXT ->   [14:5]
|--HTML_ELEMENT -> HTML_ELEMENT [14:6]
|   `--BODY_TAG_END -> BODY_TAG_END [14:6]
|       |--START -> < [14:6]
|       |--SLASH -> / [14:7]
|       |--BODY_HTML_TAG_NAME -> body [14:8]
|       `--END -> > [14:12]
|--TEXT ->   [14:13]
|--HTML_ELEMENT -> HTML_ELEMENT [14:14]
|   `--P_TAG_END -> P_TAG_END [14:14]
|       |--START -> < [14:14]
|       |--SLASH -> / [14:15]
|       |--P_HTML_TAG_NAME -> P [14:16]
|       `--END -> > [14:17]
|--NEWLINE -> \n [14:18]
|--LEADING_ASTERISK -> * [15:0]
|--TEXT ->   [15:1]
|--HTML_ELEMENT -> HTML_ELEMENT [15:2]
|   `--PARAGRAPH -> PARAGRAPH [15:2]
|       |--P_TAG_START -> P_TAG_START [15:2]
|       |   |--START -> < [15:2]
|       |   |--P_HTML_TAG_NAME -> p [15:3]
|       |   `--END -> > [15:4]
|       |--TEXT ->   [15:5]
|       |--COLGROUP -> COLGROUP [15:6]
|       |   |--COLGROUP_TAG_START -> COLGROUP_TAG_START [15:6]
|       |   |   |--START -> < [15:6]
|       |   |   |--COLGROUP_HTML_TAG_NAME -> colgroup [15:7]
|       |   |   `--END -> > [15:15]
|       |   |--TEXT ->   [15:16]
|       |   `--COLGROUP_TAG_END -> COLGROUP_TAG_END [15:17]
|       |       |--START -> < [15:17]
|       |       |--SLASH -> / [15:18]
|       |       |--COLGROUP_HTML_TAG_NAME -> colgroup [15:19]
|       |       `--END -> > [15:27]
|       |--TEXT ->   [15:28]
|       `--P_TAG_END -> P_TAG_END [15:29]
|           |--START -> < [15:29]
|           |--SLASH -> / [15:30]
|           |--P_HTML_TAG_NAME -> p [15:31]
|           `--END -> > [15:32]
|--NEWLINE -> \n [15:33]
|--LEADING_ASTERISK -> * [16:0]
|--TEXT ->   [16:1]
|--HTML_ELEMENT -> HTML_ELEMENT [16:2]
|   `--PARAGRAPH -> PARAGRAPH [16:2]
|       |--P_TAG_START -> P_TAG_START [16:2]
|       |   |--START -> < [16:2]
|       |   |--P_HTML_TAG_NAME -> P [16:3]
|       |   `--END -> > [16:4]
|       |--TEXT ->   [16:5]
|       |--COLGROUP_TAG_START -> COLGROUP_TAG_START [16:6]
|       |   |--START -> < [16:6]
|       |   |--COLGROUP_HTML_TAG_NAME -> colgroup [16:7]
|       |   `--END -> > [16:15]
|       |--TEXT ->   [16:16]
|       `--P_TAG_END -> P_TAG_END [16:17]
|           |--START -> < [16:17]
|           |--SLASH -> / [16:18]
|           |--P_HTML_TAG_NAME -> p [16:19]
|           `--END -> > [16:20]
|--NEWLINE -> \n [16:21]
|--LEADING_ASTERISK -> * [17:0]
|--TEXT ->   [17:1]
|--HTML_ELEMENT -> HTML_ELEMENT [17:2]
|   `--P_TAG_START -> P_TAG_START [17:2]
|       |--START -> < [17:2]
|       |--P_HTML_TAG_NAME -> p [17:3]
|       `--END -> > [17:4]
|--TEXT ->   [17:5]
|--HTML_ELEMENT -> HTML_ELEMENT [17:6]
|   `--COLGROUP_TAG_END -> COLGROUP_TAG_END [17:6]
|       |--START -> < [17:6]
|       |--SLASH -> / [17:7]
|       |--COLGROUP_HTML_TAG_NAME -> colgroup [17:8]
|       `--END -> > [17:16]
|--TEXT ->   [17:17]
|--HTML_ELEMENT -> HTML_ELEMENT [17:18]
|   `--P_TAG_END -> P_TAG_END [17:18]
|       |--START -> < [17:18]
|       |--SLASH -> / [17:19]
|       |--P_HTML_TAG_NAME -> P [17:20]
|       `--END -> > [17:21]
|--NEWLINE -> \n [17:22]
|--LEADING_ASTERISK -> * [18:0]
|--TEXT ->   [18:1]
|--HTML_ELEMENT -> HTML_ELEMENT [18:2]
|   `--PARAGRAPH -> PARAGRAPH [18:2]
|       |--P_TAG_START -> P_TAG_START [18:2]
|       |   |--START -> < [18:2]
|       |   |--P_HTML_TAG_NAME -> p [18:3]
|       |   `--END -> > [18:4]
|       |--TEXT ->   [18:5]
|       |--DD -> DD [18:6]
|       |   |--DD_TAG_START -> DD_TAG_START [18:6]
|       |   |   |--START -> < [18:6]
|       |   |   |--DD_HTML_TAG_NAME -> dd [18:7]
|       |   |   `--END -> > [18:9]
|       |   |--TEXT ->   [18:10]
|       |   `--DD_TAG_END -> DD_TAG_END [18:11]
|       |       |--START -> < [18:11]
|       |       |--SLASH -> / [18:12]
|       |       |--DD_HTML_TAG_NAME -> dd [18:13]
|       |       `--END -> > [18:15]
|       |--TEXT ->   [18:16]
|       `--P_TAG_END -> P_TAG_END [18:17]
|           |--START -> < [18:17]
|           |--SLASH -> / [18:18]
|           |--P_HTML_TAG_NAME -> p [18:19]
|           `--END -> > [18:20]
|--NEWLINE -> \n [18:21]
|--LEADING_ASTERISK -> * [19:0]
|--TEXT ->   [19:1]
|--HTML_ELEMENT -> HTML_ELEMENT [19:2]
|   `--PARAGRAPH -> PARAGRAPH [19:2]
|       |--P_TAG_START -> P_TAG_START [19:2]
|       |   |--START -> < [19:2]
|       |   |--P_HTML_TAG_NAME -> P [19:3]
|       |   `--END -> > [19:4]
|       |--TEXT ->   [19:5]
|       |--DD_TAG_START -> DD_TAG_START [19:6]
|       |   |--START -> < [19:6]
|       |   |--DD_HTML_TAG_NAME -> dd [19:7]
|       |   `--END -> > [19:9]
|       |--TEXT ->   [19:10]
|       `--P_TAG_END -> P_TAG_END [19:11]
|           |--START -> < [19:11]
|           |--SLASH -> / [19:12]
|           |--P_HTML_TAG_NAME -> p [19:13]
|           `--END -> > [19:14]
|--NEWLINE -> \n [19:15]
|--LEADING_ASTERISK -> * [20:0]
|--TEXT ->   [20:1]
|--HTML_ELEMENT -> HTML_ELEMENT [20:2]
|   `--P_TAG_START -> P_TAG_START [20:2]
|       |--START -> < [20:2]
|       |--P_HTML_TAG_NAME -> p [20:3]
|       `--END -> > [20:4]
|--TEXT ->   [20:5]
|--HTML_ELEMENT -> HTML_ELEMENT [20:6]
|   `--DD_TAG_END -> DD_TAG_END [20:6]
|       |--START -> < [20:6]
|       |--SLASH -> / [20:7]
|       |--DD_HTML_TAG_NAME -> dd [20:8]
|       `--END -> > [20:10]
|--TEXT ->   [20:11]
|--HTML_ELEMENT -> HTML_ELEMENT [20:12]
|   `--P_TAG_END -> P_TAG_END [20:12]
|       |--START -> < [20:12]
|       |--SLASH -> / [20:13]
|       |--P_HTML_TAG_NAME -> P [20:14]
|       `--END -> > [20:15]
|--NEWLINE -> \n [20:16]
|--LEADING_ASTERISK -> * [21:0]
|--TEXT ->   [21:1]
|--HTML_ELEMENT -> HTML_ELEMENT [21:2]
|   `--PARAGRAPH -> PARAGRAPH [21:2]
|       |--P_TAG_START -> P_TAG_START [21:2]
|       |   |--START -> < [21:2]
|       |   |--P_HTML_TAG_NAME -> p [21:3]
|       |   `--END -> > [21:4]
|       |--TEXT ->   [21:5]
|       |--DT -> DT [21:6]
|       |   |--DT_TAG_START -> DT_TAG_START [21:6]
|       |   |   |--START -> < [21:6]
|       |   |   |--DT_HTML_TAG_NAME -> dt [21:7]
|       |   |   `--END -> > [21:9]
|       |   |--TEXT ->   [21:10]
|       |   `--DT_TAG_END -> DT_TAG_END [21:11]
|       |       |--START -> < [21:11]
|       |       |--SLASH -> / [21:12]
|       |       |--DT_HTML_TAG_NAME -> dt [21:13]
|       |       `--END -> > [21:15]
|       |--TEXT ->   [21:16]
|       `--P_TAG_END -> P_TAG_END [21:17]
|           |--START -> < [21:17]
|           |--SLASH -> / [21:18]
|           |--P_HTML_TAG_NAME -> p [21:19]
|           `--END -> > [21:20]
|--NEWLINE -> \n [21:21]
|--LEADING_ASTERISK -> * [22:0]
|--TEXT ->   [22:1]
|--HTML_ELEMENT -> HTML_ELEMENT [22:2]
|   `--PARAGRAPH -> PARAGRAPH [22:2]
|       |--P_TAG_START -> P_TAG_START [22:2]
|       |   |--START -> < [22:2]
|       |   |--P_HTML_TAG_NAME -> P [22:3]
|       |   `--END -> > [22:4]
|       |--TEXT ->   [22:5]
|       |--DT_TAG_START -> DT_TAG_START [22:6]
|       |   |--START -> < [22:6]
|       |   |--DT_HTML_TAG_NAME -> dt [22:7]
|       |   `--END -> > [22:9]
|       |--TEXT ->   [22:10]
|       `--P_TAG_END -> P_TAG_END [22:11]
|           |--START -> < [22:11]
|           |--SLASH -> / [22:12]
|           |--P_HTML_TAG_NAME -> p [22:13]
|           `--END -> > [22:14]
|--NEWLINE -> \n [22:15]
|--LEADING_ASTERISK -> * [23:0]
|--TEXT ->   [23:1]
|--HTML_ELEMENT -> HTML_ELEMENT [23:2]
|   `--P_TAG_START -> P_TAG_START [23:2]
|       |--START -> < [23:2]
|       |--P_HTML_TAG_NAME -> p [23:3]
|       `--END -> > [23:4]
|--TEXT ->   [23:5]
|--HTML_ELEMENT -> HTML_ELEMENT [23:6]
|   `--DT_TAG_END -> DT_TAG_END [23:6]
|       |--START -> < [23:6]
|       |--SLASH -> / [23:7]
|       |--DT_HTML_TAG_NAME -> dt [23:8]
|       `--END -> > [23:10]
|--TEXT ->   [23:11]
|--HTML_ELEMENT -> HTML_ELEMENT [23:12]
|   `--P_TAG_END -> P_TAG_END [23:12]
|       |--START -> < [23:12]
|       |--SLASH -> / [23:13]
|       |--P_HTML_TAG_NAME -> P [23:14]
|       `--END -> > [23:15]
|--NEWLINE -> \n [23:16]
|--LEADING_ASTERISK -> * [24:0]
|--TEXT ->   [24:1]
|--HTML_ELEMENT -> HTML_ELEMENT [24:2]
|   `--PARAGRAPH -> PARAGRAPH [24:2]
|       |--P_TAG_START -> P_TAG_START [24:2]
|       |   |--START -> < [24:2]
|       |   |--P_HTML_TAG_NAME -> p [24:3]
|       |   `--END -> > [24:4]
|       |--TEXT ->   [24:5]
|       |--HEAD -> HEAD [24:6]
|       |   |--HEAD_TAG_START -> HEAD_TAG_START [24:6]
|       |   |   |--START -> < [24:6]
|       |   |   |--HEAD_HTML_TAG_NAME -> head [24:7]
|       |   |   `--END -> > [24:11]
|       |   |--TEXT ->   [24:12]
|       |   `--HEAD_TAG_END -> HEAD_TAG_END [24:13]
|       |       |--START -> < [24:13]
|       |       |--SLASH -> / [24:14]
|       |       |--HEAD_HTML_TAG_NAME -> head [24:15]
|       |       `--END -> > [24:19]
|       |--TEXT ->   [24:20]
|       `--P_TAG_END -> P_TAG_END [24:21]
|           |--START -> < [24:21]
|           |--SLASH -> / [24:22]
|           |--P_HTML_TAG_NAME -> p [24:23]
|           `--END -> > [24:24]
|--NEWLINE -> \n [24:25]
|--LEADING_ASTERISK -> * [25:0]
|--TEXT ->   [25:1]
|--HTML_ELEMENT -> HTML_ELEMENT [25:2]
|   `--PARAGRAPH -> PARAGRAPH [25:2]
|       |--P_TAG_START -> P_TAG_START [25:2]
|       |   |--START -> < [25:2]
|       |   |--P_HTML_TAG_NAME -> P [25:3]
|       |   `--END -> > [25:4]
|       |--TEXT ->   [25:5]
|       |--HEAD_TAG_START -> HEAD_TAG_START [25:6]
|       |   |--START -> < [25:6]
|       |   |--HEAD_HTML_TAG_NAME -> head [25:7]
|       |   `--END -> > [25:11]
|       |--TEXT ->   [25:12]
|       `--P_TAG_END -> P_TAG_END [25:13]
|           |--START -> < [25:13]
|           |--SLASH -> / [25:14]
|           |--P_HTML_TAG_NAME -> p [25:15]
|           `--END -> > [25:16]
|--NEWLINE -> \n [25:17]
|--LEADING_ASTERISK -> * [26:0]
|--TEXT ->   [26:1]
|--HTML_ELEMENT -> HTML_ELEMENT [26:2]
|   `--P_TAG_START -> P_TAG_START [26:2]
|       |--START -> < [26:2]
|       |--P_HTML_TAG_NAME -> p [26:3]
|       `--END -> > [26:4]
|--TEXT ->   [26:5]
|--HTML_ELEMENT -> HTML_ELEMENT [26:6]
|   `--HEAD_TAG_END -> HEAD_TAG_END [26:6]
|       |--START -> < [26:6]
|       |--SLASH -> / [26:7]
|       |--HEAD_HTML_TAG_NAME -> head [26:8]
|       `--END -> > [26:12]
|--TEXT ->   [26:13]
|--HTML_ELEMENT -> HTML_ELEMENT [26:14]
|   `--P_TAG_END -> P_TAG_END [26:14]
|       |--START -> < [26:14]
|       |--SLASH -> / [26:15]
|       |--P_HTML_TAG_NAME -> P [26:16]
|       `--END -> > [26:17]
|--NEWLINE -> \n [26:18]
|--LEADING_ASTERISK -> * [27:0]
|--TEXT ->   [27:1]
|--HTML_ELEMENT -> HTML_ELEMENT [27:2]
|   `--PARAGRAPH -> PARAGRAPH [27:2]
|       |--P_TAG_START -> P_TAG_START [27:2]
|       |   |--START -> < [27:2]
|       |   |--P_HTML_TAG_NAME -> p [27:3]
|       |   `--END -> > [27:4]
|       |--TEXT ->   [27:5]
|       |--HTML -> HTML [27:6]
|       |   |--HTML_TAG_START -> HTML_TAG_START [27:6]
|       |   |   |--START -> < [27:6]
|       |   |   |--HTML_HTML_TAG_NAME -> html [27:7]
|       |   |   `--END -> > [27:11]
|       |   |--TEXT ->   [27:12]
|       |   `--HTML_TAG_END -> HTML_TAG_END [27:13]
|       |       |--START -> < [27:13]
|       |       |--SLASH -> / [27:14]
|       |       |--HTML_HTML_TAG_NAME -> html [27:15]
|       |       `--END -> > [27:19]
|       |--TEXT ->   [27:20]
|       `--P_TAG_END -> P_TAG_END [27:21]
|           |--START -> < [27:21]
|           |--SLASH -> / [27:22]
|           |--P_HTML_TAG_NAME -> p [27:23]
|           `--END -> > [27:24]
|--NEWLINE -> \n [27:25]
|--LEADING_ASTERISK -> * [28:0]
|--TEXT ->   [28:1]
|--HTML_ELEMENT -> HTML_ELEMENT [28:2]
|   `--PARAGRAPH -> PARAGRAPH [28:2]
|       |--P_TAG_START -> P_TAG_START [28:2]
|       |   |--START -> < [28:2]
|       |   |--P_HTML_TAG_NAME -> P [28:3]
|       |   `--END -> > [28:4]
|       |--TEXT ->   [28:5]
|       |--HTML_TAG_START -> HTML_TAG_START [28:6]
|       |   |--START -> < [28:6]
|       |   |--HTML_HTML_TAG_NAME -> html [28:7]
|       |   `--END -> > [28:11]
|       |--TEXT ->   [28:12]
|       `--P_TAG_END -> P_TAG_END [28:13]
|           |--START -> < [28:13]
|           |--SLASH -> / [28:14]
|           |--P_HTML_TAG_NAME -> p [28:15]
|           `--END -> > [28:16]
|--NEWLINE -> \n [28:17]
|--LEADING_ASTERISK -> * [29:0]
|--TEXT ->   [29:1]
|--HTML_ELEMENT -> HTML_ELEMENT [29:2]
|   `--P_TAG_START -> P_TAG_START [29:2]
|       |--START -> < [29:2]
|       |--P_HTML_TAG_NAME -> p [29:3]
|       `--END -> > [29:4]
|--TEXT ->   [29:5]
|--HTML_ELEMENT -> HTML_ELEMENT [29:6]
|   `--HTML_TAG_END -> HTML_TAG_END [29:6]
|       |--START -> < [29:6]
|       |--SLASH -> / [29:7]
|       |--HTML_HTML_TAG_NAME -> html [29:8]
|       `--END -> > [29:12]
|--TEXT ->   [29:13]
|--HTML_ELEMENT -> HTML_ELEMENT [29:14]
|   `--P_TAG_END -> P_TAG_END [29:14]
|       |--START -> < [29:14]
|       |--SLASH -> / [29:15]
|       |--P_HTML_TAG_NAME -> P [29:16]
|       `--END -> > [29:17]
|--NEWLINE -> \n [29:18]
|--LEADING_ASTERISK -> * [30:0]
|--TEXT ->   [30:1]
|--HTML_ELEMENT -> HTML_ELEMENT [30:2]
|   `--PARAGRAPH -> PARAGRAPH [30:2]
|       |--P_TAG_START -> P_TAG_START [30:2]
|       |   |--START -> < [30:2]
|       |   |--P_HTML_TAG_NAME -> p [30:3]
|       |   `--END -> > [30:4]
|       |--TEXT ->   [30:5]
|       |--OPTION -> OPTION [30:6]
|       |   |--OPTION_TAG_START -> OPTION_TAG_START [30:6]
|       |   |   |--START -> < [30:6]
|       |   |   |--OPTION_HTML_TAG_NAME -> option [30:7]
|       |   |   `--END -> > [30:13]
|       |   |--TEXT ->   [30:14]
|       |   `--OPTION_TAG_END -> OPTION_TAG_END [30:15]
|       |       |--START -> < [30:15]
|       |       |--SLASH -> / [30:16]
|       |       |--OPTION_HTML_TAG_NAME -> option [30:17]
|       |       `--END -> > [30:23]
|       |--TEXT ->   [30:24]
|       `--P_TAG_END -> P_TAG_END [30:25]
|           |--START -> < [30:25]
|           |--SLASH -> / [30:26]
|           |--P_HTML_TAG_NAME -> p [30:27]
|           `--END -> > [30:28]
|--NEWLINE -> \n [30:29]
|--LEADING_ASTERISK -> * [31:0]
|--TEXT ->   [31:1]
|--HTML_ELEMENT -> HTML_ELEMENT [31:2]
|   `--PARAGRAPH -> PARAGRAPH [31:2]
|       |--P_TAG_START -> P_TAG_START [31:2]
|       |   |--START -> < [31:2]
|       |   |--P_HTML_TAG_NAME -> P [31:3]
|       |   `--END -> > [31:4]
|       |--TEXT ->   [31:5]
|       |--OPTION_TAG_START -> OPTION_TAG_START [31:6]
|       |   |--START -> < [31:6]
|       |   |--OPTION_HTML_TAG_NAME -> option [31:7]
|       |   `--END -> > [31:13]
|       |--TEXT ->   [31:14]
|       `--P_TAG_END -> P_TAG_END [31:15]
|           |--START -> < [31:15]
|           |--SLASH -> / [31:16]
|           |--P_HTML_TAG_NAME -> p [31:17]
|           `--END -> > [31:18]
|--NEWLINE -> \n [31:19]
|--LEADING_ASTERISK -> * [32:0]
|--TEXT ->   [32:1]
|--HTML_ELEMENT -> HTML_ELEMENT [32:2]
|   `--P_TAG_START -> P_TAG_START [32:2]
|       |--START -> < [32:2]
|       |--P_HTML_TAG_NAME -> p [32:3]
|       `--END -> > [32:4]
|--TEXT ->   [32:5]
|--HTML_ELEMENT -> HTML_ELEMENT [32:6]
|   `--OPTION_TAG_END -> OPTION_TAG_END [32:6]
|       |--START -> < [32:6]
|       |--SLASH -> / [32:7]
|       |--OPTION_HTML_TAG_NAME -> option [32:8]
|       `--END -> > [32:14]
|--TEXT ->   [32:15]
|--HTML_ELEMENT -> HTML_ELEMENT [32:16]
|   `--P_TAG_END -> P_TAG_END [32:16]
|       |--START -> < [32:16]
|       |--SLASH -> / [32:17]
|       |--P_HTML_TAG_NAME -> P [32:18]
|       `--END -> > [32:19]
|--NEWLINE -> \n [32:20]
|--LEADING_ASTERISK -> * [33:0]
|--TEXT ->   [33:1]
|--HTML_ELEMENT -> HTML_ELEMENT [33:2]
|   `--PARAGRAPH -> PARAGRAPH [33:2]
|       |--P_TAG_START -> P_TAG_START [33:2]
|       |   |--START -> < [33:2]
|       |   |--P_HTML_TAG_NAME -> p [33:3]
|       |   `--END -> > [33:4]
|       |--TEXT ->   [33:5]
|       |--TBODY -> TBODY [33:6]
|       |   |--TBODY_TAG_START -> TBODY_TAG_START [33:6]
|       |   |   |--START -> < [33:6]
|       |   |   |--TBODY_HTML_TAG_NAME -> tbody [33:7]
|       |   |   `--END -> > [33:12]
|       |   |--TEXT ->   [33:13]
|       |   `--TBODY_TAG_END -> TBODY_TAG_END [33:14]
|       |       |--START -> < [33:14]
|       |       |--SLASH -> / [33:15]
|       |       |--TBODY_HTML_TAG_NAME -> tbody [33:16]
|       |       `--END -> > [33:21]
|       |--TEXT ->   [33:22]
|       `--P_TAG_END -> P_TAG_END [33:23]
|           |--START -> < [33:23]
|           |--SLASH -> / [33:24]
|           |--P_HTML_TAG_NAME -> p [33:25]
|           `--END -> > [33:26]
|--NEWLINE -> \n [33:27]
|--LEADING_ASTERISK -> * [34:0]
|--TEXT ->   [34:1]
|--HTML_ELEMENT -> HTML_ELEMENT [34:2]
|   `--PARAGRAPH -> PARAGRAPH [34:2]
|       |--P_TAG_START -> P_TAG_START [34:2]
|       |   |--START -> < [34:2]
|       |   |--P_HTML_TAG_NAME -> P [34:3]
|       |   `--END -> > [34:4]
|       |--TEXT ->   [34:5]
|       |--TBODY_TAG_START -> TBODY_TAG_START [34:6]
|       |   |--START -> < [34:6]
|       |   |--TBODY_HTML_TAG_NAME -> tbody [34:7]
|       |   `--END -> > [34:12]
|       |--TEXT ->   [34:13]
|       `--P_TAG_END -> P_TAG_END [34:14]
|           |--START -> < [34:14]
|           |--SLASH -> / [34:15]
|           |--P_HTML_TAG_NAME -> p [34:16]
|           `--END -> > [34:17]
|--NEWLINE -> \n [34:18]
|--LEADING_ASTERISK -> * [35:0]
|--TEXT ->   [35:1]
|--HTML_ELEMENT -> HTML_ELEMENT [35:2]
|   `--P_TAG_START -> P_TAG_START [35:2]
|       |--START -> < [35:2]
|       |--P_HTML_TAG_NAME -> p [35:3]
|       `--END -> > [35:4]
|--TEXT ->   [35:5]
|--HTML_ELEMENT -> HTML_ELEMENT [35:6]
|   `--TBODY_TAG_END -> TBODY_TAG_END [35:6]
|       |--START -> < [35:6]
|       |--SLASH -> / [35:7]
|       |--TBODY_HTML_TAG_NAME -> tbody [35:8]
|       `--END -> > [35:13]
|--TEXT ->   [35:14]
|--HTML_ELEMENT -> HTML_ELEMENT [35:15]
|   `--P_TAG_END -> P_TAG_END [35:15]
|       |--START -> < [35:15]
|       |--SLASH -> / [35:16]
|       |--P_HTML_TAG_NAME -> P [35:17]
|       `--END -> > [35:18]
|--NEWLINE -> \n [35:19]
|--LEADING_ASTERISK -> * [36:0]
|--TEXT ->   [36:1]
|--HTML_ELEMENT -> HTML_ELEMENT [36:2]
|   `--PARAGRAPH -> PARAGRAPH [36:2]
|       |--P_TAG_START -> P_TAG_START [36:2]
|       |   |--START -> < [36:2]
|       |   |--P_HTML_TAG_NAME -> p [36:3]
|       |   `--END -> > [36:4]
|       |--TEXT ->   [36:5]
|       |--TFOOT -> TFOOT [36:6]
|       |   |--TFOOT_TAG_START -> TFOOT_TAG_START [36:6]
|       |   |   |--START -> < [36:6]
|       |   |   |--TFOOT_HTML_TAG_NAME -> tfoot [36:7]
|       |   |   `--END -> > [36:12]
|       |   |--TEXT ->   [36:13]
|       |   `--TFOOT_TAG_END -> TFOOT_TAG_END [36:14]
|       |       |--START -> < [36:14]
|       |       |--SLASH -> / [36:15]
|       |       |--TFOOT_HTML_TAG_NAME -> tfoot [36:16]
|       |       `--END -> > [36:21]
|       |--TEXT ->   [36:22]
|       `--P_TAG_END -> P_TAG_END [36:23]
|           |--START -> < [36:23]
|           |--SLASH -> / [36:24]
|           |--P_HTML_TAG_NAME -> p [36:25]
|           `--END -> > [36:26]
|--NEWLINE -> \n [36:27]
|--LEADING_ASTERISK -> * [37:0]
|--TEXT ->   [37:1]
|--HTML_ELEMENT -> HTML_ELEMENT [37:2]
|   `--PARAGRAPH -> PARAGRAPH [37:2]
|       |--P_TAG_START -> P_TAG_START [37:2]
|       |   |--START -> < [37:2]
|       |   |--P_HTML_TAG_NAME -> P [37:3]
|       |   `--END -> > [37:4]
|       |--TEXT ->   [37:5]
|       |--TFOOT_TAG_START -> TFOOT_TAG_START [37:6]
|       |   |--START -> < [37:6]
|       |   |--TFOOT_HTML_TAG_NAME -> tfoot [37:7]
|       |   `--END -> > [37:12]
|       |--TEXT ->   [37:13]
|       `--P_TAG_END -> P_TAG_END [37:14]
|           |--START -> < [37:14]
|           |--SLASH -> / [37:15]
|           |--P_HTML_TAG_NAME -> p [37:16]
|           `--END -> > [37:17]
|--NEWLINE -> \n [37:18]
|--LEADING_ASTERISK -> * [38:0]
|--TEXT ->   [38:1]
|--HTML_ELEMENT -> HTML_ELEMENT [38:2]
|   `--P_TAG_START -> P_TAG_START [38:2]
|       |--START -> < [38:2]
|       |--P_HTML_TAG_NAME -> p [38:3]
|       `--END -> > [38:4]
|--TEXT ->   [38:5]
|--HTML_ELEMENT -> HTML_ELEMENT [38:6]
|   `--TFOOT_TAG_END -> TFOOT_TAG_END [38:6]
|       |--START -> < [38:6]
|       |--SLASH -> / [38:7]
|       |--TFOOT_HTML_TAG_NAME -> tfoot [38:8]
|       `--END -> > [38:13]
|--TEXT ->   [38:14]
|--HTML_ELEMENT -> HTML_ELEMENT [38:15]
|   `--P_TAG_END -> P_TAG_END [38:15]
|       |--START -> < [38:15]
|       |--SLASH -> / [38:16]
|       |--P_HTML_TAG_NAME -> P [38:17]
|       `--END -> > [38:18]
|--NEWLINE -> \n [38:19]
|--LEADING_ASTERISK -> * [39:0]
|--TEXT ->   [39:1]
|--HTML_ELEMENT -> HTML_ELEMENT [39:2]
|   `--PARAGRAPH -> PARAGRAPH [39:2]
|       |--P_TAG_START -> P_TAG_START [39:2]
|       |   |--START -> < [39:2]
|       |   |--P_HTML_TAG_NAME -> p [39:3]
|       |   |--WS ->   [39:4]
|       |   |--ATTRIBUTE -> ATTRIBUTE [39:5]
|       |   |   |--HTML_TAG_NAME -> style [39:5]
|       |   |   |--EQUALS -> = [39:10]
|       |   |   `--ATTR_VALUE -> "color:red" [39:11]
|       |   |--WS ->   [39:23]
|       |   |--NEWLINE -> \n [39:24]
|       |   |--LEADING_ASTERISK -> * [40:0]
|       |   |--WS ->           [40:1]
|       |   |--NEWLINE -> \n [40:10]
|       |   |--LEADING_ASTERISK -> * [41:0]
|       |   |--WS ->   [41:1]
|       |   `--END -> > [41:2]
|       |--TEXT ->   [41:3]
|       |--HTML_COMMENT -> HTML_COMMENT [41:4]
|       |   |--HTML_COMMENT_START -> <!-- [41:4]
|       |   |--TEXT -> HTML COMMENT [41:8]
|       |   `--HTML_COMMENT_END -> --> [41:20]
|       |--TEXT ->    [41:23]
|       `--P_TAG_END -> P_TAG_END [41:25]
|           |--START -> < [41:25]
|           |--SLASH -> / [41:26]
|           |--P_HTML_TAG_NAME -> p [41:27]
|           |--WS ->      [41:28]
|           |--NEWLINE -> \n [41:32]
|           |--LEADING_ASTERISK -> * [42:0]
|           |--WS ->   [42:1]
|           |--NEWLINE -> \n [42:2]
|           |--LEADING_ASTERISK -> * [43:0]
|           |--WS ->   [43:1]
|           `--END -> > [43:2]
`--EOF -> <EOF> [43:3]]
> but was:<...DOC -> JAVADOC [0:0][
|--LEADING_ASTERISK -> * [0:0]
|--TEXT ->   [0:1]
|--HTML_ELEMENT -> HTML_ELEMENT [0:2]
|   `--PARAGRAPH -> PARAGRAPH [0:2]
|       |--P_TAG_START -> P_TAG_START [0:2]
|       |   |--START -> < [0:2]
|       |   |--P_HTML_TAG_NAME -> p [0:3]
|       |   `--END -> > [0:4]
|       |--TEXT ->   [0:5]
|       |--LI -> LI [0:6]
|       |   |--LI_TAG_START -> LI_TAG_START [0:6]
|       |   |   |--START -> < [0:6]
|       |   |   |--LI_HTML_TAG_NAME -> li [0:7]
|       |   |   `--END -> > [0:9]
|       |   |--TEXT ->   [0:10]
|       |   `--LI_TAG_END -> LI_TAG_END [0:11]
|       |       |--START -> < [0:11]
|       |       |--SLASH -> / [0:12]
|       |       |--LI_HTML_TAG_NAME -> li [0:13]
|       |       `--END -> > [0:15]
|       |--TEXT ->   [0:16]
|       `--P_TAG_END -> P_TAG_END [0:17]
|           |--START -> < [0:17]
|           |--SLASH -> / [0:18]
|           |--P_HTML_TAG_NAME -> p [0:19]
|           `--END -> > [0:20]
|--NEWLINE -> \n [0:21]
|--LEADING_ASTERISK -> * [1:0]
|--TEXT ->   [1:1]
|--HTML_ELEMENT -> HTML_ELEMENT [1:2]
|   `--PARAGRAPH -> PARAGRAPH [1:2]
|       |--P_TAG_START -> P_TAG_START [1:2]
|       |   |--START -> < [1:2]
|       |   |--P_HTML_TAG_NAME -> P [1:3]
|       |   `--END -> > [1:4]
|       |--TEXT ->   [1:5]
|       |--LI_TAG_START -> LI_TAG_START [1:6]
|       |   |--START -> < [1:6]
|       |   |--LI_HTML_TAG_NAME -> li [1:7]
|       |   `--END -> > [1:9]
|       |--TEXT ->   [1:10]
|       `--P_TAG_END -> P_TAG_END [1:11]
|           |--START -> < [1:11]
|           |--SLASH -> / [1:12]
|           |--P_HTML_TAG_NAME -> p [1:13]
|           `--END -> > [1:14]
|--NEWLINE -> \n [1:15]
|--LEADING_ASTERISK -> * [2:0]
|--TEXT ->   [2:1]
|--HTML_ELEMENT -> HTML_ELEMENT [2:2]
|   `--P_TAG_START -> P_TAG_START [2:2]
|       |--START -> < [2:2]
|       |--P_HTML_TAG_NAME -> p [2:3]
|       `--END -> > [2:4]
|--TEXT ->   [2:5]
|--HTML_ELEMENT -> HTML_ELEMENT [2:6]
|   `--LI_TAG_END -> LI_TAG_END [2:6]
|       |--START -> < [2:6]
|       |--SLASH -> / [2:7]
|       |--LI_HTML_TAG_NAME -> li [2:8]
|       `--END -> > [2:10]
|--TEXT ->   [2:11]
|--HTML_ELEMENT -> HTML_ELEMENT [2:12]
|   `--P_TAG_END -> P_TAG_END [2:12]
|       |--START -> < [2:12]
|       |--SLASH -> / [2:13]
|       |--P_HTML_TAG_NAME -> P [2:14]
|       `--END -> > [2:15]
|--NEWLINE -> \n [2:16]
|--LEADING_ASTERISK -> * [3:0]
|--TEXT ->   [3:1]
|--HTML_ELEMENT -> HTML_ELEMENT [3:2]
|   `--PARAGRAPH -> PARAGRAPH [3:2]
|       |--P_TAG_START -> P_TAG_START [3:2]
|       |   |--START -> < [3:2]
|       |   |--P_HTML_TAG_NAME -> p [3:3]
|       |   `--END -> > [3:4]
|       |--TEXT ->   [3:5]
|       |--TR -> TR [3:6]
|       |   |--TR_TAG_START -> TR_TAG_START [3:6]
|       |   |   |--START -> < [3:6]
|       |   |   |--TR_HTML_TAG_NAME -> tr [3:7]
|       |   |   `--END -> > [3:9]
|       |   |--TEXT ->   [3:10]
|       |   `--TR_TAG_END -> TR_TAG_END [3:11]
|       |       |--START -> < [3:11]
|       |       |--SLASH -> / [3:12]
|       |       |--TR_HTML_TAG_NAME -> tr [3:13]
|       |       `--END -> > [3:15]
|       |--TEXT ->   [3:16]
|       `--P_TAG_END -> P_TAG_END [3:17]
|           |--START -> < [3:17]
|           |--SLASH -> / [3:18]
|           |--P_HTML_TAG_NAME -> p [3:19]
|           `--END -> > [3:20]
|--NEWLINE -> \n [3:21]
|--LEADING_ASTERISK -> * [4:0]
|--TEXT ->   [4:1]
|--HTML_ELEMENT -> HTML_ELEMENT [4:2]
|   `--PARAGRAPH -> PARAGRAPH [4:2]
|       |--P_TAG_START -> P_TAG_START [4:2]
|       |   |--START -> < [4:2]
|       |   |--P_HTML_TAG_NAME -> P [4:3]
|       |   `--END -> > [4:4]
|       |--TEXT ->   [4:5]
|       |--TR_TAG_START -> TR_TAG_START [4:6]
|       |   |--START -> < [4:6]
|       |   |--TR_HTML_TAG_NAME -> tr [4:7]
|       |   `--END -> > [4:9]
|       |--TEXT ->   [4:10]
|       `--P_TAG_END -> P_TAG_END [4:11]
|           |--START -> < [4:11]
|           |--SLASH -> / [4:12]
|           |--P_HTML_TAG_NAME -> p [4:13]
|           `--END -> > [4:14]
|--NEWLINE -> \n [4:15]
|--LEADING_ASTERISK -> * [5:0]
|--TEXT ->   [5:1]
|--HTML_ELEMENT -> HTML_ELEMENT [5:2]
|   `--P_TAG_START -> P_TAG_START [5:2]
|       |--START -> < [5:2]
|       |--P_HTML_TAG_NAME -> p [5:3]
|       `--END -> > [5:4]
|--TEXT ->   [5:5]
|--HTML_ELEMENT -> HTML_ELEMENT [5:6]
|   `--TR_TAG_END -> TR_TAG_END [5:6]
|       |--START -> < [5:6]
|       |--SLASH -> / [5:7]
|       |--TR_HTML_TAG_NAME -> tr [5:8]
|       `--END -> > [5:10]
|--TEXT ->   [5:11]
|--HTML_ELEMENT -> HTML_ELEMENT [5:12]
|   `--P_TAG_END -> P_TAG_END [5:12]
|       |--START -> < [5:12]
|       |--SLASH -> / [5:13]
|       |--P_HTML_TAG_NAME -> P [5:14]
|       `--END -> > [5:15]
|--NEWLINE -> \n [5:16]
|--LEADING_ASTERISK -> * [6:0]
|--TEXT ->   [6:1]
|--HTML_ELEMENT -> HTML_ELEMENT [6:2]
|   `--PARAGRAPH -> PARAGRAPH [6:2]
|       |--P_TAG_START -> P_TAG_START [6:2]
|       |   |--START -> < [6:2]
|       |   |--P_HTML_TAG_NAME -> p [6:3]
|       |   `--END -> > [6:4]
|       |--TEXT ->   [6:5]
|       |--TD -> TD [6:6]
|       |   |--TD_TAG_START -> TD_TAG_START [6:6]
|       |   |   |--START -> < [6:6]
|       |   |   |--TD_HTML_TAG_NAME -> td [6:7]
|       |   |   `--END -> > [6:9]
|       |   |--TEXT ->   [6:10]
|       |   `--TD_TAG_END -> TD_TAG_END [6:11]
|       |       |--START -> < [6:11]
|       |       |--SLASH -> / [6:12]
|       |       |--TD_HTML_TAG_NAME -> td [6:13]
|       |       `--END -> > [6:15]
|       |--TEXT ->   [6:16]
|       `--P_TAG_END -> P_TAG_END [6:17]
|           |--START -> < [6:17]
|           |--SLASH -> / [6:18]
|           |--P_HTML_TAG_NAME -> p [6:19]
|           `--END -> > [6:20]
|--NEWLINE -> \n [6:21]
|--LEADING_ASTERISK -> * [7:0]
|--TEXT ->   [7:1]
|--HTML_ELEMENT -> HTML_ELEMENT [7:2]
|   `--PARAGRAPH -> PARAGRAPH [7:2]
|       |--P_TAG_START -> P_TAG_START [7:2]
|       |   |--START -> < [7:2]
|       |   |--P_HTML_TAG_NAME -> P [7:3]
|       |   `--END -> > [7:4]
|       |--TEXT ->   [7:5]
|       |--TD_TAG_START -> TD_TAG_START [7:6]
|       |   |--START -> < [7:6]
|       |   |--TD_HTML_TAG_NAME -> td [7:7]
|       |   `--END -> > [7:9]
|       |--TEXT ->   [7:10]
|       `--P_TAG_END -> P_TAG_END [7:11]
|           |--START -> < [7:11]
|           |--SLASH -> / [7:12]
|           |--P_HTML_TAG_NAME -> p [7:13]
|           `--END -> > [7:14]
|--NEWLINE -> \n [7:15]
|--LEADING_ASTERISK -> * [8:0]
|--TEXT ->   [8:1]
|--HTML_ELEMENT -> HTML_ELEMENT [8:2]
|   `--P_TAG_START -> P_TAG_START [8:2]
|       |--START -> < [8:2]
|       |--P_HTML_TAG_NAME -> p [8:3]
|       `--END -> > [8:4]
|--TEXT ->   [8:5]
|--HTML_ELEMENT -> HTML_ELEMENT [8:6]
|   `--TD_TAG_END -> TD_TAG_END [8:6]
|       |--START -> < [8:6]
|       |--SLASH -> / [8:7]
|       |--TD_HTML_TAG_NAME -> td [8:8]
|       `--END -> > [8:10]
|--TEXT ->   [8:11]
|--HTML_ELEMENT -> HTML_ELEMENT [8:12]
|   `--P_TAG_END -> P_TAG_END [8:12]
|       |--START -> < [8:12]
|       |--SLASH -> / [8:13]
|       |--P_HTML_TAG_NAME -> P [8:14]
|       `--END -> > [8:15]
|--NEWLINE -> \n [8:16]
|--LEADING_ASTERISK -> * [9:0]
|--TEXT ->   [9:1]
|--HTML_ELEMENT -> HTML_ELEMENT [9:2]
|   `--PARAGRAPH -> PARAGRAPH [9:2]
|       |--P_TAG_START -> P_TAG_START [9:2]
|       |   |--START -> < [9:2]
|       |   |--P_HTML_TAG_NAME -> p [9:3]
|       |   `--END -> > [9:4]
|       |--TEXT ->   [9:5]
|       |--TH -> TH [9:6]
|       |   |--TH_TAG_START -> TH_TAG_START [9:6]
|       |   |   |--START -> < [9:6]
|       |   |   |--TH_HTML_TAG_NAME -> th [9:7]
|       |   |   `--END -> > [9:9]
|       |   |--TEXT ->   [9:10]
|       |   `--TH_TAG_END -> TH_TAG_END [9:11]
|       |       |--START -> < [9:11]
|       |       |--SLASH -> / [9:12]
|       |       |--TH_HTML_TAG_NAME -> th [9:13]
|       |       `--END -> > [9:15]
|       |--TEXT ->   [9:16]
|       `--P_TAG_END -> P_TAG_END [9:17]
|           |--START -> < [9:17]
|           |--SLASH -> / [9:18]
|           |--P_HTML_TAG_NAME -> p [9:19]
|           `--END -> > [9:20]
|--NEWLINE -> \n [9:21]
|--LEADING_ASTERISK -> * [10:0]
|--TEXT ->   [10:1]
|--HTML_ELEMENT -> HTML_ELEMENT [10:2]
|   `--PARAGRAPH -> PARAGRAPH [10:2]
|       |--P_TAG_START -> P_TAG_START [10:2]
|       |   |--START -> < [10:2]
|       |   |--P_HTML_TAG_NAME -> P [10:3]
|       |   `--END -> > [10:4]
|       |--TEXT ->   [10:5]
|       |--TH_TAG_START -> TH_TAG_START [10:6]
|       |   |--START -> < [10:6]
|       |   |--TH_HTML_TAG_NAME -> th [10:7]
|       |   `--END -> > [10:9]
|       |--TEXT ->   [10:10]
|       `--P_TAG_END -> P_TAG_END [10:11]
|           |--START -> < [10:11]
|           |--SLASH -> / [10:12]
|           |--P_HTML_TAG_NAME -> p [10:13]
|           `--END -> > [10:14]
|--NEWLINE -> \n [10:15]
|--LEADING_ASTERISK -> * [11:0]
|--TEXT ->   [11:1]
|--HTML_ELEMENT -> HTML_ELEMENT [11:2]
|   `--P_TAG_START -> P_TAG_START [11:2]
|       |--START -> < [11:2]
|       |--P_HTML_TAG_NAME -> p [11:3]
|       `--END -> > [11:4]
|--TEXT ->   [11:5]
|--HTML_ELEMENT -> HTML_ELEMENT [11:6]
|   `--TH_TAG_END -> TH_TAG_END [11:6]
|       |--START -> < [11:6]
|       |--SLASH -> / [11:7]
|       |--TH_HTML_TAG_NAME -> th [11:8]
|       `--END -> > [11:10]
|--TEXT ->   [11:11]
|--HTML_ELEMENT -> HTML_ELEMENT [11:12]
|   `--P_TAG_END -> P_TAG_END [11:12]
|       |--START -> < [11:12]
|       |--SLASH -> / [11:13]
|       |--P_HTML_TAG_NAME -> P [11:14]
|       `--END -> > [11:15]
|--NEWLINE -> \n [11:16]
|--LEADING_ASTERISK -> * [12:0]
|--TEXT ->   [12:1]
|--HTML_ELEMENT -> HTML_ELEMENT [12:2]
|   `--PARAGRAPH -> PARAGRAPH [12:2]
|       |--P_TAG_START -> P_TAG_START [12:2]
|       |   |--START -> < [12:2]
|       |   |--P_HTML_TAG_NAME -> p [12:3]
|       |   `--END -> > [12:4]
|       |--TEXT ->   [12:5]
|       |--BODY -> BODY [12:6]
|       |   |--BODY_TAG_START -> BODY_TAG_START [12:6]
|       |   |   |--START -> < [12:6]
|       |   |   |--BODY_HTML_TAG_NAME -> body [12:7]
|       |   |   `--END -> > [12:11]
|       |   |--TEXT ->   [12:12]
|       |   `--BODY_TAG_END -> BODY_TAG_END [12:13]
|       |       |--START -> < [12:13]
|       |       |--SLASH -> / [12:14]
|       |       |--BODY_HTML_TAG_NAME -> body [12:15]
|       |       `--END -> > [12:19]
|       |--TEXT ->   [12:20]
|       `--P_TAG_END -> P_TAG_END [12:21]
|           |--START -> < [12:21]
|           |--SLASH -> / [12:22]
|           |--P_HTML_TAG_NAME -> p [12:23]
|           `--END -> > [12:24]
|--NEWLINE -> \n [12:25]
|--LEADING_ASTERISK -> * [13:0]
|--TEXT ->   [13:1]
|--HTML_ELEMENT -> HTML_ELEMENT [13:2]
|   `--PARAGRAPH -> PARAGRAPH [13:2]
|       |--P_TAG_START -> P_TAG_START [13:2]
|       |   |--START -> < [13:2]
|       |   |--P_HTML_TAG_NAME -> P [13:3]
|       |   `--END -> > [13:4]
|       |--TEXT ->   [13:5]
|       |--BODY_TAG_START -> BODY_TAG_START [13:6]
|       |   |--START -> < [13:6]
|       |   |--BODY_HTML_TAG_NAME -> body [13:7]
|       |   `--END -> > [13:11]
|       |--TEXT ->   [13:12]
|       `--P_TAG_END -> P_TAG_END [13:13]
|           |--START -> < [13:13]
|           |--SLASH -> / [13:14]
|           |--P_HTML_TAG_NAME -> p [13:15]
|           `--END -> > [13:16]
|--NEWLINE -> \n [13:17]
|--LEADING_ASTERISK -> * [14:0]
|--TEXT ->   [14:1]
|--HTML_ELEMENT -> HTML_ELEMENT [14:2]
|   `--P_TAG_START -> P_TAG_START [14:2]
|       |--START -> < [14:2]
|       |--P_HTML_TAG_NAME -> p [14:3]
|       `--END -> > [14:4]
|--TEXT ->   [14:5]
|--HTML_ELEMENT -> HTML_ELEMENT [14:6]
|   `--BODY_TAG_END -> BODY_TAG_END [14:6]
|       |--START -> < [14:6]
|       |--SLASH -> / [14:7]
|       |--BODY_HTML_TAG_NAME -> body [14:8]
|       `--END -> > [14:12]
|--TEXT ->   [14:13]
|--HTML_ELEMENT -> HTML_ELEMENT [14:14]
|   `--P_TAG_END -> P_TAG_END [14:14]
|       |--START -> < [14:14]
|       |--SLASH -> / [14:15]
|       |--P_HTML_TAG_NAME -> P [14:16]
|       `--END -> > [14:17]
|--NEWLINE -> \n [14:18]
|--LEADING_ASTERISK -> * [15:0]
|--TEXT ->   [15:1]
|--HTML_ELEMENT -> HTML_ELEMENT [15:2]
|   `--PARAGRAPH -> PARAGRAPH [15:2]
|       |--P_TAG_START -> P_TAG_START [15:2]
|       |   |--START -> < [15:2]
|       |   |--P_HTML_TAG_NAME -> p [15:3]
|       |   `--END -> > [15:4]
|       |--TEXT ->   [15:5]
|       |--COLGROUP -> COLGROUP [15:6]
|       |   |--COLGROUP_TAG_START -> COLGROUP_TAG_START [15:6]
|       |   |   |--START -> < [15:6]
|       |   |   |--COLGROUP_HTML_TAG_NAME -> colgroup [15:7]
|       |   |   `--END -> > [15:15]
|       |   |--TEXT ->   [15:16]
|       |   `--COLGROUP_TAG_END -> COLGROUP_TAG_END [15:17]
|       |       |--START -> < [15:17]
|       |       |--SLASH -> / [15:18]
|       |       |--COLGROUP_HTML_TAG_NAME -> colgroup [15:19]
|       |       `--END -> > [15:27]
|       |--TEXT ->   [15:28]
|       `--P_TAG_END -> P_TAG_END [15:29]
|           |--START -> < [15:29]
|           |--SLASH -> / [15:30]
|           |--P_HTML_TAG_NAME -> p [15:31]
|           `--END -> > [15:32]
|--NEWLINE -> \n [15:33]
|--LEADING_ASTERISK -> * [16:0]
|--TEXT ->   [16:1]
|--HTML_ELEMENT -> HTML_ELEMENT [16:2]
|   `--PARAGRAPH -> PARAGRAPH [16:2]
|       |--P_TAG_START -> P_TAG_START [16:2]
|       |   |--START -> < [16:2]
|       |   |--P_HTML_TAG_NAME -> P [16:3]
|       |   `--END -> > [16:4]
|       |--TEXT ->   [16:5]
|       |--COLGROUP_TAG_START -> COLGROUP_TAG_START [16:6]
|       |   |--START -> < [16:6]
|       |   |--COLGROUP_HTML_TAG_NAME -> colgroup [16:7]
|       |   `--END -> > [16:15]
|       |--TEXT ->   [16:16]
|       `--P_TAG_END -> P_TAG_END [16:17]
|           |--START -> < [16:17]
|           |--SLASH -> / [16:18]
|           |--P_HTML_TAG_NAME -> p [16:19]
|           `--END -> > [16:20]
|--NEWLINE -> \n [16:21]
|--LEADING_ASTERISK -> * [17:0]
|--TEXT ->   [17:1]
|--HTML_ELEMENT -> HTML_ELEMENT [17:2]
|   `--P_TAG_START -> P_TAG_START [17:2]
|       |--START -> < [17:2]
|       |--P_HTML_TAG_NAME -> p [17:3]
|       `--END -> > [17:4]
|--TEXT ->   [17:5]
|--HTML_ELEMENT -> HTML_ELEMENT [17:6]
|   `--COLGROUP_TAG_END -> COLGROUP_TAG_END [17:6]
|       |--START -> < [17:6]
|       |--SLASH -> / [17:7]
|       |--COLGROUP_HTML_TAG_NAME -> colgroup [17:8]
|       `--END -> > [17:16]
|--TEXT ->   [17:17]
|--HTML_ELEMENT -> HTML_ELEMENT [17:18]
|   `--P_TAG_END -> P_TAG_END [17:18]
|       |--START -> < [17:18]
|       |--SLASH -> / [17:19]
|       |--P_HTML_TAG_NAME -> P [17:20]
|       `--END -> > [17:21]
|--NEWLINE -> \n [17:22]
|--LEADING_ASTERISK -> * [18:0]
|--TEXT ->   [18:1]
|--HTML_ELEMENT -> HTML_ELEMENT [18:2]
|   `--PARAGRAPH -> PARAGRAPH [18:2]
|       |--P_TAG_START -> P_TAG_START [18:2]
|       |   |--START -> < [18:2]
|       |   |--P_HTML_TAG_NAME -> p [18:3]
|       |   `--END -> > [18:4]
|       |--TEXT ->   [18:5]
|       |--DD -> DD [18:6]
|       |   |--DD_TAG_START -> DD_TAG_START [18:6]
|       |   |   |--START -> < [18:6]
|       |   |   |--DD_HTML_TAG_NAME -> dd [18:7]
|       |   |   `--END -> > [18:9]
|       |   |--TEXT ->   [18:10]
|       |   `--DD_TAG_END -> DD_TAG_END [18:11]
|       |       |--START -> < [18:11]
|       |       |--SLASH -> / [18:12]
|       |       |--DD_HTML_TAG_NAME -> dd [18:13]
|       |       `--END -> > [18:15]
|       |--TEXT ->   [18:16]
|       `--P_TAG_END -> P_TAG_END [18:17]
|           |--START -> < [18:17]
|           |--SLASH -> / [18:18]
|           |--P_HTML_TAG_NAME -> p [18:19]
|           `--END -> > [18:20]
|--NEWLINE -> \n [18:21]
|--LEADING_ASTERISK -> * [19:0]
|--TEXT ->   [19:1]
|--HTML_ELEMENT -> HTML_ELEMENT [19:2]
|   `--PARAGRAPH -> PARAGRAPH [19:2]
|       |--P_TAG_START -> P_TAG_START [19:2]
|       |   |--START -> < [19:2]
|       |   |--P_HTML_TAG_NAME -> P [19:3]
|       |   `--END -> > [19:4]
|       |--TEXT ->   [19:5]
|       |--DD_TAG_START -> DD_TAG_START [19:6]
|       |   |--START -> < [19:6]
|       |   |--DD_HTML_TAG_NAME -> dd [19:7]
|       |   `--END -> > [19:9]
|       |--TEXT ->   [19:10]
|       `--P_TAG_END -> P_TAG_END [19:11]
|           |--START -> < [19:11]
|           |--SLASH -> / [19:12]
|           |--P_HTML_TAG_NAME -> p [19:13]
|           `--END -> > [19:14]
|--NEWLINE -> \n [19:15]
|--LEADING_ASTERISK -> * [20:0]
|--TEXT ->   [20:1]
|--HTML_ELEMENT -> HTML_ELEMENT [20:2]
|   `--P_TAG_START -> P_TAG_START [20:2]
|       |--START -> < [20:2]
|       |--P_HTML_TAG_NAME -> p [20:3]
|       `--END -> > [20:4]
|--TEXT ->   [20:5]
|--HTML_ELEMENT -> HTML_ELEMENT [20:6]
|   `--DD_TAG_END -> DD_TAG_END [20:6]
|       |--START -> < [20:6]
|       |--SLASH -> / [20:7]
|       |--DD_HTML_TAG_NAME -> dd [20:8]
|       `--END -> > [20:10]
|--TEXT ->   [20:11]
|--HTML_ELEMENT -> HTML_ELEMENT [20:12]
|   `--P_TAG_END -> P_TAG_END [20:12]
|       |--START -> < [20:12]
|       |--SLASH -> / [20:13]
|       |--P_HTML_TAG_NAME -> P [20:14]
|       `--END -> > [20:15]
|--NEWLINE -> \n [20:16]
|--LEADING_ASTERISK -> * [21:0]
|--TEXT ->   [21:1]
|--HTML_ELEMENT -> HTML_ELEMENT [21:2]
|   `--PARAGRAPH -> PARAGRAPH [21:2]
|       |--P_TAG_START -> P_TAG_START [21:2]
|       |   |--START -> < [21:2]
|       |   |--P_HTML_TAG_NAME -> p [21:3]
|       |   `--END -> > [21:4]
|       |--TEXT ->   [21:5]
|       |--DT -> DT [21:6]
|       |   |--DT_TAG_START -> DT_TAG_START [21:6]
|       |   |   |--START -> < [21:6]
|       |   |   |--DT_HTML_TAG_NAME -> dt [21:7]
|       |   |   `--END -> > [21:9]
|       |   |--TEXT ->   [21:10]
|       |   `--DT_TAG_END -> DT_TAG_END [21:11]
|       |       |--START -> < [21:11]
|       |       |--SLASH -> / [21:12]
|       |       |--DT_HTML_TAG_NAME -> dt [21:13]
|       |       `--END -> > [21:15]
|       |--TEXT ->   [21:16]
|       `--P_TAG_END -> P_TAG_END [21:17]
|           |--START -> < [21:17]
|           |--SLASH -> / [21:18]
|           |--P_HTML_TAG_NAME -> p [21:19]
|           `--END -> > [21:20]
|--NEWLINE -> \n [21:21]
|--LEADING_ASTERISK -> * [22:0]
|--TEXT ->   [22:1]
|--HTML_ELEMENT -> HTML_ELEMENT [22:2]
|   `--PARAGRAPH -> PARAGRAPH [22:2]
|       |--P_TAG_START -> P_TAG_START [22:2]
|       |   |--START -> < [22:2]
|       |   |--P_HTML_TAG_NAME -> P [22:3]
|       |   `--END -> > [22:4]
|       |--TEXT ->   [22:5]
|       |--DT_TAG_START -> DT_TAG_START [22:6]
|       |   |--START -> < [22:6]
|       |   |--DT_HTML_TAG_NAME -> dt [22:7]
|       |   `--END -> > [22:9]
|       |--TEXT ->   [22:10]
|       `--P_TAG_END -> P_TAG_END [22:11]
|           |--START -> < [22:11]
|           |--SLASH -> / [22:12]
|           |--P_HTML_TAG_NAME -> p [22:13]
|           `--END -> > [22:14]
|--NEWLINE -> \n [22:15]
|--LEADING_ASTERISK -> * [23:0]
|--TEXT ->   [23:1]
|--HTML_ELEMENT -> HTML_ELEMENT [23:2]
|   `--P_TAG_START -> P_TAG_START [23:2]
|       |--START -> < [23:2]
|       |--P_HTML_TAG_NAME -> p [23:3]
|       `--END -> > [23:4]
|--TEXT ->   [23:5]
|--HTML_ELEMENT -> HTML_ELEMENT [23:6]
|   `--DT_TAG_END -> DT_TAG_END [23:6]
|       |--START -> < [23:6]
|       |--SLASH -> / [23:7]
|       |--DT_HTML_TAG_NAME -> dt [23:8]
|       `--END -> > [23:10]
|--TEXT ->   [23:11]
|--HTML_ELEMENT -> HTML_ELEMENT [23:12]
|   `--P_TAG_END -> P_TAG_END [23:12]
|       |--START -> < [23:12]
|       |--SLASH -> / [23:13]
|       |--P_HTML_TAG_NAME -> P [23:14]
|       `--END -> > [23:15]
|--NEWLINE -> \n [23:16]
|--LEADING_ASTERISK -> * [24:0]
|--TEXT ->   [24:1]
|--HTML_ELEMENT -> HTML_ELEMENT [24:2]
|   `--PARAGRAPH -> PARAGRAPH [24:2]
|       |--P_TAG_START -> P_TAG_START [24:2]
|       |   |--START -> < [24:2]
|       |   |--P_HTML_TAG_NAME -> p [24:3]
|       |   `--END -> > [24:4]
|       |--TEXT ->   [24:5]
|       |--HEAD -> HEAD [24:6]
|       |   |--HEAD_TAG_START -> HEAD_TAG_START [24:6]
|       |   |   |--START -> < [24:6]
|       |   |   |--HEAD_HTML_TAG_NAME -> head [24:7]
|       |   |   `--END -> > [24:11]
|       |   |--TEXT ->   [24:12]
|       |   `--HEAD_TAG_END -> HEAD_TAG_END [24:13]
|       |       |--START -> < [24:13]
|       |       |--SLASH -> / [24:14]
|       |       |--HEAD_HTML_TAG_NAME -> head [24:15]
|       |       `--END -> > [24:19]
|       |--TEXT ->   [24:20]
|       `--P_TAG_END -> P_TAG_END [24:21]
|           |--START -> < [24:21]
|           |--SLASH -> / [24:22]
|           |--P_HTML_TAG_NAME -> p [24:23]
|           `--END -> > [24:24]
|--NEWLINE -> \n [24:25]
|--LEADING_ASTERISK -> * [25:0]
|--TEXT ->   [25:1]
|--HTML_ELEMENT -> HTML_ELEMENT [25:2]
|   `--PARAGRAPH -> PARAGRAPH [25:2]
|       |--P_TAG_START -> P_TAG_START [25:2]
|       |   |--START -> < [25:2]
|       |   |--P_HTML_TAG_NAME -> P [25:3]
|       |   `--END -> > [25:4]
|       |--TEXT ->   [25:5]
|       |--HEAD_TAG_START -> HEAD_TAG_START [25:6]
|       |   |--START -> < [25:6]
|       |   |--HEAD_HTML_TAG_NAME -> head [25:7]
|       |   `--END -> > [25:11]
|       |--TEXT ->   [25:12]
|       `--P_TAG_END -> P_TAG_END [25:13]
|           |--START -> < [25:13]
|           |--SLASH -> / [25:14]
|           |--P_HTML_TAG_NAME -> p [25:15]
|           `--END -> > [25:16]
|--NEWLINE -> \n [25:17]
|--LEADING_ASTERISK -> * [26:0]
|--TEXT ->   [26:1]
|--HTML_ELEMENT -> HTML_ELEMENT [26:2]
|   `--P_TAG_START -> P_TAG_START [26:2]
|       |--START -> < [26:2]
|       |--P_HTML_TAG_NAME -> p [26:3]
|       `--END -> > [26:4]
|--TEXT ->   [26:5]
|--HTML_ELEMENT -> HTML_ELEMENT [26:6]
|   `--HEAD_TAG_END -> HEAD_TAG_END [26:6]
|       |--START -> < [26:6]
|       |--SLASH -> / [26:7]
|       |--HEAD_HTML_TAG_NAME -> head [26:8]
|       `--END -> > [26:12]
|--TEXT ->   [26:13]
|--HTML_ELEMENT -> HTML_ELEMENT [26:14]
|   `--P_TAG_END -> P_TAG_END [26:14]
|       |--START -> < [26:14]
|       |--SLASH -> / [26:15]
|       |--P_HTML_TAG_NAME -> P [26:16]
|       `--END -> > [26:17]
|--NEWLINE -> \n [26:18]
|--LEADING_ASTERISK -> * [27:0]
|--TEXT ->   [27:1]
|--HTML_ELEMENT -> HTML_ELEMENT [27:2]
|   `--PARAGRAPH -> PARAGRAPH [27:2]
|       |--P_TAG_START -> P_TAG_START [27:2]
|       |   |--START -> < [27:2]
|       |   |--P_HTML_TAG_NAME -> p [27:3]
|       |   `--END -> > [27:4]
|       |--TEXT ->   [27:5]
|       |--HTML -> HTML [27:6]
|       |   |--HTML_TAG_START -> HTML_TAG_START [27:6]
|       |   |   |--START -> < [27:6]
|       |   |   |--HTML_HTML_TAG_NAME -> html [27:7]
|       |   |   `--END -> > [27:11]
|       |   |--TEXT ->   [27:12]
|       |   `--HTML_TAG_END -> HTML_TAG_END [27:13]
|       |       |--START -> < [27:13]
|       |       |--SLASH -> / [27:14]
|       |       |--HTML_HTML_TAG_NAME -> html [27:15]
|       |       `--END -> > [27:19]
|       |--TEXT ->   [27:20]
|       `--P_TAG_END -> P_TAG_END [27:21]
|           |--START -> < [27:21]
|           |--SLASH -> / [27:22]
|           |--P_HTML_TAG_NAME -> p [27:23]
|           `--END -> > [27:24]
|--NEWLINE -> \n [27:25]
|--LEADING_ASTERISK -> * [28:0]
|--TEXT ->   [28:1]
|--HTML_ELEMENT -> HTML_ELEMENT [28:2]
|   `--PARAGRAPH -> PARAGRAPH [28:2]
|       |--P_TAG_START -> P_TAG_START [28:2]
|       |   |--START -> < [28:2]
|       |   |--P_HTML_TAG_NAME -> P [28:3]
|       |   `--END -> > [28:4]
|       |--TEXT ->   [28:5]
|       |--HTML_TAG_START -> HTML_TAG_START [28:6]
|       |   |--START -> < [28:6]
|       |   |--HTML_HTML_TAG_NAME -> html [28:7]
|       |   `--END -> > [28:11]
|       |--TEXT ->   [28:12]
|       `--P_TAG_END -> P_TAG_END [28:13]
|           |--START -> < [28:13]
|           |--SLASH -> / [28:14]
|           |--P_HTML_TAG_NAME -> p [28:15]
|           `--END -> > [28:16]
|--NEWLINE -> \n [28:17]
|--LEADING_ASTERISK -> * [29:0]
|--TEXT ->   [29:1]
|--HTML_ELEMENT -> HTML_ELEMENT [29:2]
|   `--P_TAG_START -> P_TAG_START [29:2]
|       |--START -> < [29:2]
|       |--P_HTML_TAG_NAME -> p [29:3]
|       `--END -> > [29:4]
|--TEXT ->   [29:5]
|--HTML_ELEMENT -> HTML_ELEMENT [29:6]
|   `--HTML_TAG_END -> HTML_TAG_END [29:6]
|       |--START -> < [29:6]
|       |--SLASH -> / [29:7]
|       |--HTML_HTML_TAG_NAME -> html [29:8]
|       `--END -> > [29:12]
|--TEXT ->   [29:13]
|--HTML_ELEMENT -> HTML_ELEMENT [29:14]
|   `--P_TAG_END -> P_TAG_END [29:14]
|       |--START -> < [29:14]
|       |--SLASH -> / [29:15]
|       |--P_HTML_TAG_NAME -> P [29:16]
|       `--END -> > [29:17]
|--NEWLINE -> \n [29:18]
|--LEADING_ASTERISK -> * [30:0]
|--TEXT ->   [30:1]
|--HTML_ELEMENT -> HTML_ELEMENT [30:2]
|   `--PARAGRAPH -> PARAGRAPH [30:2]
|       |--P_TAG_START -> P_TAG_START [30:2]
|       |   |--START -> < [30:2]
|       |   |--P_HTML_TAG_NAME -> p [30:3]
|       |   `--END -> > [30:4]
|       |--TEXT ->   [30:5]
|       |--OPTION -> OPTION [30:6]
|       |   |--OPTION_TAG_START -> OPTION_TAG_START [30:6]
|       |   |   |--START -> < [30:6]
|       |   |   |--OPTION_HTML_TAG_NAME -> option [30:7]
|       |   |   `--END -> > [30:13]
|       |   |--TEXT ->   [30:14]
|       |   `--OPTION_TAG_END -> OPTION_TAG_END [30:15]
|       |       |--START -> < [30:15]
|       |       |--SLASH -> / [30:16]
|       |       |--OPTION_HTML_TAG_NAME -> option [30:17]
|       |       `--END -> > [30:23]
|       |--TEXT ->   [30:24]
|       `--P_TAG_END -> P_TAG_END [30:25]
|           |--START -> < [30:25]
|           |--SLASH -> / [30:26]
|           |--P_HTML_TAG_NAME -> p [30:27]
|           `--END -> > [30:28]
|--NEWLINE -> \n [30:29]
|--LEADING_ASTERISK -> * [31:0]
|--TEXT ->   [31:1]
|--HTML_ELEMENT -> HTML_ELEMENT [31:2]
|   `--PARAGRAPH -> PARAGRAPH [31:2]
|       |--P_TAG_START -> P_TAG_START [31:2]
|       |   |--START -> < [31:2]
|       |   |--P_HTML_TAG_NAME -> P [31:3]
|       |   `--END -> > [31:4]
|       |--TEXT ->   [31:5]
|       |--OPTION_TAG_START -> OPTION_TAG_START [31:6]
|       |   |--START -> < [31:6]
|       |   |--OPTION_HTML_TAG_NAME -> option [31:7]
|       |   `--END -> > [31:13]
|       |--TEXT ->   [31:14]
|       `--P_TAG_END -> P_TAG_END [31:15]
|           |--START -> < [31:15]
|           |--SLASH -> / [31:16]
|           |--P_HTML_TAG_NAME -> p [31:17]
|           `--END -> > [31:18]
|--NEWLINE -> \n [31:19]
|--LEADING_ASTERISK -> * [32:0]
|--TEXT ->   [32:1]
|--HTML_ELEMENT -> HTML_ELEMENT [32:2]
|   `--P_TAG_START -> P_TAG_START [32:2]
|       |--START -> < [32:2]
|       |--P_HTML_TAG_NAME -> p [32:3]
|       `--END -> > [32:4]
|--TEXT ->   [32:5]
|--HTML_ELEMENT -> HTML_ELEMENT [32:6]
|   `--OPTION_TAG_END -> OPTION_TAG_END [32:6]
|       |--START -> < [32:6]
|       |--SLASH -> / [32:7]
|       |--OPTION_HTML_TAG_NAME -> option [32:8]
|       `--END -> > [32:14]
|--TEXT ->   [32:15]
|--HTML_ELEMENT -> HTML_ELEMENT [32:16]
|   `--P_TAG_END -> P_TAG_END [32:16]
|       |--START -> < [32:16]
|       |--SLASH -> / [32:17]
|       |--P_HTML_TAG_NAME -> P [32:18]
|       `--END -> > [32:19]
|--NEWLINE -> \n [32:20]
|--LEADING_ASTERISK -> * [33:0]
|--TEXT ->   [33:1]
|--HTML_ELEMENT -> HTML_ELEMENT [33:2]
|   `--PARAGRAPH -> PARAGRAPH [33:2]
|       |--P_TAG_START -> P_TAG_START [33:2]
|       |   |--START -> < [33:2]
|       |   |--P_HTML_TAG_NAME -> p [33:3]
|       |   `--END -> > [33:4]
|       |--TEXT ->   [33:5]
|       |--TBODY -> TBODY [33:6]
|       |   |--TBODY_TAG_START -> TBODY_TAG_START [33:6]
|       |   |   |--START -> < [33:6]
|       |   |   |--TBODY_HTML_TAG_NAME -> tbody [33:7]
|       |   |   `--END -> > [33:12]
|       |   |--TEXT ->   [33:13]
|       |   `--TBODY_TAG_END -> TBODY_TAG_END [33:14]
|       |       |--START -> < [33:14]
|       |       |--SLASH -> / [33:15]
|       |       |--TBODY_HTML_TAG_NAME -> tbody [33:16]
|       |       `--END -> > [33:21]
|       |--TEXT ->   [33:22]
|       `--P_TAG_END -> P_TAG_END [33:23]
|           |--START -> < [33:23]
|           |--SLASH -> / [33:24]
|           |--P_HTML_TAG_NAME -> p [33:25]
|           `--END -> > [33:26]
|--NEWLINE -> \n [33:27]
|--LEADING_ASTERISK -> * [34:0]
|--TEXT ->   [34:1]
|--HTML_ELEMENT -> HTML_ELEMENT [34:2]
|   `--PARAGRAPH -> PARAGRAPH [34:2]
|       |--P_TAG_START -> P_TAG_START [34:2]
|       |   |--START -> < [34:2]
|       |   |--P_HTML_TAG_NAME -> P [34:3]
|       |   `--END -> > [34:4]
|       |--TEXT ->   [34:5]
|       |--TBODY_TAG_START -> TBODY_TAG_START [34:6]
|       |   |--START -> < [34:6]
|       |   |--TBODY_HTML_TAG_NAME -> tbody [34:7]
|       |   `--END -> > [34:12]
|       |--TEXT ->   [34:13]
|       `--P_TAG_END -> P_TAG_END [34:14]
|           |--START -> < [34:14]
|           |--SLASH -> / [34:15]
|           |--P_HTML_TAG_NAME -> p [34:16]
|           `--END -> > [34:17]
|--NEWLINE -> \n [34:18]
|--LEADING_ASTERISK -> * [35:0]
|--TEXT ->   [35:1]
|--HTML_ELEMENT -> HTML_ELEMENT [35:2]
|   `--P_TAG_START -> P_TAG_START [35:2]
|       |--START -> < [35:2]
|       |--P_HTML_TAG_NAME -> p [35:3]
|       `--END -> > [35:4]
|--TEXT ->   [35:5]
|--HTML_ELEMENT -> HTML_ELEMENT [35:6]
|   `--TBODY_TAG_END -> TBODY_TAG_END [35:6]
|       |--START -> < [35:6]
|       |--SLASH -> / [35:7]
|       |--TBODY_HTML_TAG_NAME -> tbody [35:8]
|       `--END -> > [35:13]
|--TEXT ->   [35:14]
|--HTML_ELEMENT -> HTML_ELEMENT [35:15]
|   `--P_TAG_END -> P_TAG_END [35:15]
|       |--START -> < [35:15]
|       |--SLASH -> / [35:16]
|       |--P_HTML_TAG_NAME -> P [35:17]
|       `--END -> > [35:18]
|--NEWLINE -> \n [35:19]
|--LEADING_ASTERISK -> * [36:0]
|--TEXT ->   [36:1]
|--HTML_ELEMENT -> HTML_ELEMENT [36:2]
|   `--PARAGRAPH -> PARAGRAPH [36:2]
|       |--P_TAG_START -> P_TAG_START [36:2]
|       |   |--START -> < [36:2]
|       |   |--P_HTML_TAG_NAME -> p [36:3]
|       |   `--END -> > [36:4]
|       |--TEXT ->   [36:5]
|       |--TFOOT -> TFOOT [36:6]
|       |   |--TFOOT_TAG_START -> TFOOT_TAG_START [36:6]
|       |   |   |--START -> < [36:6]
|       |   |   |--TFOOT_HTML_TAG_NAME -> tfoot [36:7]
|       |   |   `--END -> > [36:12]
|       |   |--TEXT ->   [36:13]
|       |   `--TFOOT_TAG_END -> TFOOT_TAG_END [36:14]
|       |       |--START -> < [36:14]
|       |       |--SLASH -> / [36:15]
|       |       |--TFOOT_HTML_TAG_NAME -> tfoot [36:16]
|       |       `--END -> > [36:21]
|       |--TEXT ->   [36:22]
|       `--P_TAG_END -> P_TAG_END [36:23]
|           |--START -> < [36:23]
|           |--SLASH -> / [36:24]
|           |--P_HTML_TAG_NAME -> p [36:25]
|           `--END -> > [36:26]
|--NEWLINE -> \n [36:27]
|--LEADING_ASTERISK -> * [37:0]
|--TEXT ->   [37:1]
|--HTML_ELEMENT -> HTML_ELEMENT [37:2]
|   `--PARAGRAPH -> PARAGRAPH [37:2]
|       |--P_TAG_START -> P_TAG_START [37:2]
|       |   |--START -> < [37:2]
|       |   |--P_HTML_TAG_NAME -> P [37:3]
|       |   `--END -> > [37:4]
|       |--TEXT ->   [37:5]
|       |--TFOOT_TAG_START -> TFOOT_TAG_START [37:6]
|       |   |--START -> < [37:6]
|       |   |--TFOOT_HTML_TAG_NAME -> tfoot [37:7]
|       |   `--END -> > [37:12]
|       |--TEXT ->   [37:13]
|       `--P_TAG_END -> P_TAG_END [37:14]
|           |--START -> < [37:14]
|           |--SLASH -> / [37:15]
|           |--P_HTML_TAG_NAME -> p [37:16]
|           `--END -> > [37:17]
|--NEWLINE -> \n [37:18]
|--LEADING_ASTERISK -> * [38:0]
|--TEXT ->   [38:1]
|--HTML_ELEMENT -> HTML_ELEMENT [38:2]
|   `--P_TAG_START -> P_TAG_START [38:2]
|       |--START -> < [38:2]
|       |--P_HTML_TAG_NAME -> p [38:3]
|       `--END -> > [38:4]
|--TEXT ->   [38:5]
|--HTML_ELEMENT -> HTML_ELEMENT [38:6]
|   `--TFOOT_TAG_END -> TFOOT_TAG_END [38:6]
|       |--START -> < [38:6]
|       |--SLASH -> / [38:7]
|       |--TFOOT_HTML_TAG_NAME -> tfoot [38:8]
|       `--END -> > [38:13]
|--TEXT ->   [38:14]
|--HTML_ELEMENT -> HTML_ELEMENT [38:15]
|   `--P_TAG_END -> P_TAG_END [38:15]
|       |--START -> < [38:15]
|       |--SLASH -> / [38:16]
|       |--P_HTML_TAG_NAME -> P [38:17]
|       `--END -> > [38:18]
|--NEWLINE -> \n [38:19]
|--LEADING_ASTERISK -> * [39:0]
|--TEXT ->   [39:1]
|--HTML_ELEMENT -> HTML_ELEMENT [39:2]
|   `--PARAGRAPH -> PARAGRAPH [39:2]
|       |--P_TAG_START -> P_TAG_START [39:2]
|       |   |--START -> < [39:2]
|       |   |--P_HTML_TAG_NAME -> p [39:3]
|       |   |--WS ->   [39:4]
|       |   |--ATTRIBUTE -> ATTRIBUTE [39:5]
|       |   |   |--HTML_TAG_NAME -> style [39:5]
|       |   |   |--EQUALS -> = [39:10]
|       |   |   `--ATTR_VALUE -> "color:red" [39:11]
|       |   |--WS ->   [39:23]
|       |   |--NEWLINE -> \n [39:24]
|       |   |--LEADING_ASTERISK -> * [40:0]
|       |   |--WS ->           [40:1]
|       |   |--NEWLINE -> \n [40:10]
|       |   |--LEADING_ASTERISK -> * [41:0]
|       |   |--WS ->   [41:1]
|       |   `--END -> > [41:2]
|       |--TEXT ->   [41:3]
|       |--HTML_COMMENT -> HTML_COMMENT [41:4]
|       |   |--HTML_COMMENT_START -> <!-- [41:4]
|       |   |--TEXT -> HTML COMMENT [41:8]
|       |   `--HTML_COMMENT_END -> --> [41:20]
|       |--TEXT ->    [41:23]
|       `--P_TAG_END -> P_TAG_END [41:25]
|           |--START -> < [41:25]
|           |--SLASH -> / [41:26]
|           |--P_HTML_TAG_NAME -> p [41:27]
|           |--WS ->      [41:28]
|           |--NEWLINE -> \n [41:32]
|           |--LEADING_ASTERISK -> * [42:0]
|           |--WS ->   [42:1]
|           |--NEWLINE -> \n [42:2]
|           |--LEADING_ASTERISK -> * [43:0]
|           |--WS ->   [43:1]
|           `--END -> > [43:2]
`--EOF -> <EOF> [43:3]]
>
	at com.puppycrawl.tools.checkstyle.grammar.javadoc.JavadocParseTreeTest.testParagraph(JavadocParseTreeTest.java:386)
]]></failure>
  </testcase>
  <testcase name="testRbHtmlTag" classname="com.puppycrawl.tools.checkstyle.grammar.javadoc.JavadocParseTreeTest" time="0.054">
    <failure message="Generated tree from the javadoc file should match the pre-defined tree expected:&lt;...DOC -&gt; JAVADOC [0:0][&#10;|--LEADING_ASTERISK -&gt; * [0:0]&#10;|--TEXT -&gt;   [0:1]&#10;|--HTML_ELEMENT -&gt; HTML_ELEMENT [0:2]&#10;|   `--RB -&gt; RB [0:2]&#10;|       |--RB_TAG_START -&gt; RB_TAG_START [0:2]&#10;|       |   |--START -&gt; &lt; [0:2]&#10;|       |   |--RB_HTML_TAG_NAME -&gt; rb [0:3]&#10;|       |   `--END -&gt; &gt; [0:5]&#10;|       |--TEXT -&gt;   [0:6]&#10;|       `--RB_TAG_END -&gt; RB_TAG_END [0:7]&#10;|           |--START -&gt; &lt; [0:7]&#10;|           |--SLASH -&gt; / [0:8]&#10;|           |--RB_HTML_TAG_NAME -&gt; RB [0:9]&#10;|           `--END -&gt; &gt; [0:11]&#10;|--NEWLINE -&gt; \n [0:12]&#10;|--LEADING_ASTERISK -&gt; * [1:0]&#10;|--TEXT -&gt;   [1:1]&#10;|--HTML_ELEMENT -&gt; HTML_ELEMENT [1:2]&#10;|   `--RB -&gt; RB [1:2]&#10;|       |--RB_TAG_START -&gt; RB_TAG_START [1:2]&#10;|       |   |--START -&gt; &lt; [1:2]&#10;|       |   |--RB_HTML_TAG_NAME -&gt; rb [1:3]&#10;|       |   `--END -&gt; &gt; [1:5]&#10;|       |--TEXT -&gt;   [1:6]&#10;|       |--LI -&gt; LI [1:7]&#10;|       |   |--LI_TAG_START -&gt; LI_TAG_START [1:7]&#10;|       |   |   |--START -&gt; &lt; [1:7]&#10;|       |   |   |--LI_HTML_TAG_NAME -&gt; li [1:8]&#10;|       |   |   `--END -&gt; &gt; [1:10]&#10;|       |   |--TEXT -&gt;   [1:11]&#10;|       |   `--LI_TAG_END -&gt; LI_TAG_END [1:12]&#10;|       |       |--START -&gt; &lt; [1:12]&#10;|       |       |--SLASH -&gt; / [1:13]&#10;|       |       |--LI_HTML_TAG_NAME -&gt; li [1:14]&#10;|       |       `--END -&gt; &gt; [1:16]&#10;|       |--TEXT -&gt;   [1:17]&#10;|       `--RB_TAG_END -&gt; RB_TAG_END [1:18]&#10;|           |--START -&gt; &lt; [1:18]&#10;|           |--SLASH -&gt; / [1:19]&#10;|           |--RB_HTML_TAG_NAME -&gt; RB [1:20]&#10;|           `--END -&gt; &gt; [1:22]&#10;|--NEWLINE -&gt; \n [1:23]&#10;|--LEADING_ASTERISK -&gt; * [2:0]&#10;|--TEXT -&gt;   [2:1]&#10;|--HTML_ELEMENT -&gt; HTML_ELEMENT [2:2]&#10;|   `--RB -&gt; RB [2:2]&#10;|       |--RB_TAG_START -&gt; RB_TAG_START [2:2]&#10;|       |   |--START -&gt; &lt; [2:2]&#10;|       |   |--RB_HTML_TAG_NAME -&gt; rb [2:3]&#10;|       |   `--END -&gt; &gt; [2:5]&#10;|       |--TEXT -&gt;   [2:6]&#10;|       |--LI_TAG_START -&gt; LI_TAG_START [2:7]&#10;|       |   |--START -&gt; &lt; [2:7]&#10;|       |   |--LI_HTML_TAG_NAME -&gt; li [2:8]&#10;|       |   `--END -&gt; &gt; [2:10]&#10;|       |--TEXT -&gt;   [2:11]&#10;|       `--RB_TAG_END -&gt; RB_TAG_END [2:12]&#10;|           |--START -&gt; &lt; [2:12]&#10;|           |--SLASH -&gt; / [2:13]&#10;|           |--RB_HTML_TAG_NAME -&gt; RB [2:14]&#10;|           `--END -&gt; &gt; [2:16]&#10;|--NEWLINE -&gt; \n [2:17]&#10;|--LEADING_ASTERISK -&gt; * [3:0]&#10;|--TEXT -&gt;   [3:1]&#10;|--HTML_ELEMENT -&gt; HTML_ELEMENT [3:2]&#10;|   `--RB_TAG_START -&gt; RB_TAG_START [3:2]&#10;|       |--START -&gt; &lt; [3:2]&#10;|       |--RB_HTML_TAG_NAME -&gt; rb [3:3]&#10;|       `--END -&gt; &gt; [3:5]&#10;|--TEXT -&gt;   [3:6]&#10;|--HTML_ELEMENT -&gt; HTML_ELEMENT [3:7]&#10;|   `--LI_TAG_END -&gt; LI_TAG_END [3:7]&#10;|       |--START -&gt; &lt; [3:7]&#10;|       |--SLASH -&gt; / [3:8]&#10;|       |--LI_HTML_TAG_NAME -&gt; li [3:9]&#10;|       `--END -&gt; &gt; [3:11]&#10;|--TEXT -&gt;   [3:12]&#10;|--HTML_ELEMENT -&gt; HTML_ELEMENT [3:13]&#10;|   `--RB_TAG_END -&gt; RB_TAG_END [3:13]&#10;|       |--START -&gt; &lt; [3:13]&#10;|       |--SLASH -&gt; / [3:14]&#10;|       |--RB_HTML_TAG_NAME -&gt; RB [3:15]&#10;|       `--END -&gt; &gt; [3:17]&#10;|--NEWLINE -&gt; \n [3:18]&#10;|--LEADING_ASTERISK -&gt; * [4:0]&#10;|--TEXT -&gt;   [4:1]&#10;|--HTML_ELEMENT -&gt; HTML_ELEMENT [4:2]&#10;|   `--RB -&gt; RB [4:2]&#10;|       |--RB_TAG_START -&gt; RB_TAG_START [4:2]&#10;|       |   |--START -&gt; &lt; [4:2]&#10;|       |   |--RB_HTML_TAG_NAME -&gt; rb [4:3]&#10;|       |   `--END -&gt; &gt; [4:5]&#10;|       |--TEXT -&gt;   [4:6]&#10;|       |--TR -&gt; TR [4:7]&#10;|       |   |--TR_TAG_START -&gt; TR_TAG_START [4:7]&#10;|       |   |   |--START -&gt; &lt; [4:7]&#10;|       |   |   |--TR_HTML_TAG_NAME -&gt; tr [4:8]&#10;|       |   |   `--END -&gt; &gt; [4:10]&#10;|       |   |--TEXT -&gt;   [4:11]&#10;|       |   `--TR_TAG_END -&gt; TR_TAG_END [4:12]&#10;|       |       |--START -&gt; &lt; [4:12]&#10;|       |       |--SLASH -&gt; / [4:13]&#10;|       |       |--TR_HTML_TAG_NAME -&gt; tr [4:14]&#10;|       |       `--END -&gt; &gt; [4:16]&#10;|       |--TEXT -&gt;   [4:17]&#10;|       `--RB_TAG_END -&gt; RB_TAG_END [4:18]&#10;|           |--START -&gt; &lt; [4:18]&#10;|           |--SLASH -&gt; / [4:19]&#10;|           |--RB_HTML_TAG_NAME -&gt; RB [4:20]&#10;|           `--END -&gt; &gt; [4:22]&#10;|--NEWLINE -&gt; \n [4:23]&#10;|--LEADING_ASTERISK -&gt; * [5:0]&#10;|--TEXT -&gt;   [5:1]&#10;|--HTML_ELEMENT -&gt; HTML_ELEMENT [5:2]&#10;|   `--RB -&gt; RB [5:2]&#10;|       |--RB_TAG_START -&gt; RB_TAG_START [5:2]&#10;|       |   |--START -&gt; &lt; [5:2]&#10;|       |   |--RB_HTML_TAG_NAME -&gt; rb [5:3]&#10;|       |   `--END -&gt; &gt; [5:5]&#10;|       |--TEXT -&gt;   [5:6]&#10;|       |--TR_TAG_START -&gt; TR_TAG_START [5:7]&#10;|       |   |--START -&gt; &lt; [5:7]&#10;|       |   |--TR_HTML_TAG_NAME -&gt; tr [5:8]&#10;|       |   `--END -&gt; &gt; [5:10]&#10;|       |--TEXT -&gt;   [5:11]&#10;|       `--RB_TAG_END -&gt; RB_TAG_END [5:12]&#10;|           |--START -&gt; &lt; [5:12]&#10;|           |--SLASH -&gt; / [5:13]&#10;|           |--RB_HTML_TAG_NAME -&gt; RB [5:14]&#10;|           `--END -&gt; &gt; [5:16]&#10;|--NEWLINE -&gt; \n [5:17]&#10;|--LEADING_ASTERISK -&gt; * [6:0]&#10;|--TEXT -&gt;   [6:1]&#10;|--HTML_ELEMENT -&gt; HTML_ELEMENT [6:2]&#10;|   `--RB_TAG_START -&gt; RB_TAG_START [6:2]&#10;|       |--START -&gt; &lt; [6:2]&#10;|       |--RB_HTML_TAG_NAME -&gt; rb [6:3]&#10;|       `--END -&gt; &gt; [6:5]&#10;|--TEXT -&gt;   [6:6]&#10;|--HTML_ELEMENT -&gt; HTML_ELEMENT [6:7]&#10;|   `--TR_TAG_END -&gt; TR_TAG_END [6:7]&#10;|       |--START -&gt; &lt; [6:7]&#10;|       |--SLASH -&gt; / [6:8]&#10;|       |--TR_HTML_TAG_NAME -&gt; tr [6:9]&#10;|       `--END -&gt; &gt; [6:11]&#10;|--TEXT -&gt;   [6:12]&#10;|--HTML_ELEMENT -&gt; HTML_ELEMENT [6:13]&#10;|   `--RB_TAG_END -&gt; RB_TAG_END [6:13]&#10;|       |--START -&gt; &lt; [6:13]&#10;|       |--SLASH -&gt; / [6:14]&#10;|       |--RB_HTML_TAG_NAME -&gt; RB [6:15]&#10;|       `--END -&gt; &gt; [6:17]&#10;|--NEWLINE -&gt; \n [6:18]&#10;|--LEADING_ASTERISK -&gt; * [7:0]&#10;|--TEXT -&gt;   [7:1]&#10;|--HTML_ELEMENT -&gt; HTML_ELEMENT [7:2]&#10;|   `--RB -&gt; RB [7:2]&#10;|       |--RB_TAG_START -&gt; RB_TAG_START [7:2]&#10;|       |   |--START -&gt; &lt; [7:2]&#10;|       |   |--RB_HTML_TAG_NAME -&gt; rb [7:3]&#10;|       |   `--END -&gt; &gt; [7:5]&#10;|       |--TEXT -&gt;   [7:6]&#10;|       |--TD -&gt; TD [7:7]&#10;|       |   |--TD_TAG_START -&gt; TD_TAG_START [7:7]&#10;|       |   |   |--START -&gt; &lt; [7:7]&#10;|       |   |   |--TD_HTML_TAG_NAME -&gt; td [7:8]&#10;|       |   |   `--END -&gt; &gt; [7:10]&#10;|       |   |--TEXT -&gt;   [7:11]&#10;|       |   `--TD_TAG_END -&gt; TD_TAG_END [7:12]&#10;|       |       |--START -&gt; &lt; [7:12]&#10;|       |       |--SLASH -&gt; / [7:13]&#10;|       |       |--TD_HTML_TAG_NAME -&gt; td [7:14]&#10;|       |       `--END -&gt; &gt; [7:16]&#10;|       |--TEXT -&gt;   [7:17]&#10;|       `--RB_TAG_END -&gt; RB_TAG_END [7:18]&#10;|           |--START -&gt; &lt; [7:18]&#10;|           |--SLASH -&gt; / [7:19]&#10;|           |--RB_HTML_TAG_NAME -&gt; RB [7:20]&#10;|           `--END -&gt; &gt; [7:22]&#10;|--NEWLINE -&gt; \n [7:23]&#10;|--LEADING_ASTERISK -&gt; * [8:0]&#10;|--TEXT -&gt;   [8:1]&#10;|--HTML_ELEMENT -&gt; HTML_ELEMENT [8:2]&#10;|   `--RB -&gt; RB [8:2]&#10;|       |--RB_TAG_START -&gt; RB_TAG_START [8:2]&#10;|       |   |--START -&gt; &lt; [8:2]&#10;|       |   |--RB_HTML_TAG_NAME -&gt; rb [8:3]&#10;|       |   `--END -&gt; &gt; [8:5]&#10;|       |--TEXT -&gt;   [8:6]&#10;|       |--TD_TAG_START -&gt; TD_TAG_START [8:7]&#10;|       |   |--START -&gt; &lt; [8:7]&#10;|       |   |--TD_HTML_TAG_NAME -&gt; td [8:8]&#10;|       |   `--END -&gt; &gt; [8:10]&#10;|       |--TEXT -&gt;   [8:11]&#10;|       `--RB_TAG_END -&gt; RB_TAG_END [8:12]&#10;|           |--START -&gt; &lt; [8:12]&#10;|           |--SLASH -&gt; / [8:13]&#10;|           |--RB_HTML_TAG_NAME -&gt; RB [8:14]&#10;|           `--END -&gt; &gt; [8:16]&#10;|--NEWLINE -&gt; \n [8:17]&#10;|--LEADING_ASTERISK -&gt; * [9:0]&#10;|--TEXT -&gt;   [9:1]&#10;|--HTML_ELEMENT -&gt; HTML_ELEMENT [9:2]&#10;|   `--RB_TAG_START -&gt; RB_TAG_START [9:2]&#10;|       |--START -&gt; &lt; [9:2]&#10;|       |--RB_HTML_TAG_NAME -&gt; rb [9:3]&#10;|       `--END -&gt; &gt; [9:5]&#10;|--TEXT -&gt;   [9:6]&#10;|--HTML_ELEMENT -&gt; HTML_ELEMENT [9:7]&#10;|   `--TD_TAG_END -&gt; TD_TAG_END [9:7]&#10;|       |--START -&gt; &lt; [9:7]&#10;|       |--SLASH -&gt; / [9:8]&#10;|       |--TD_HTML_TAG_NAME -&gt; td [9:9]&#10;|       `--END -&gt; &gt; [9:11]&#10;|--TEXT -&gt;   [9:12]&#10;|--HTML_ELEMENT -&gt; HTML_ELEMENT [9:13]&#10;|   `--RB_TAG_END -&gt; RB_TAG_END [9:13]&#10;|       |--START -&gt; &lt; [9:13]&#10;|       |--SLASH -&gt; / [9:14]&#10;|       |--RB_HTML_TAG_NAME -&gt; RB [9:15]&#10;|       `--END -&gt; &gt; [9:17]&#10;|--NEWLINE -&gt; \n [9:18]&#10;|--LEADING_ASTERISK -&gt; * [10:0]&#10;|--TEXT -&gt;   [10:1]&#10;|--HTML_ELEMENT -&gt; HTML_ELEMENT [10:2]&#10;|   `--RB -&gt; RB [10:2]&#10;|       |--RB_TAG_START -&gt; RB_TAG_START [10:2]&#10;|       |   |--START -&gt; &lt; [10:2]&#10;|       |   |--RB_HTML_TAG_NAME -&gt; rb [10:3]&#10;|       |   `--END -&gt; &gt; [10:5]&#10;|       |--TEXT -&gt;   [10:6]&#10;|       |--TH -&gt; TH [10:7]&#10;|       |   |--TH_TAG_START -&gt; TH_TAG_START [10:7]&#10;|       |   |   |--START -&gt; &lt; [10:7]&#10;|       |   |   |--TH_HTML_TAG_NAME -&gt; th [10:8]&#10;|       |   |   `--END -&gt; &gt; [10:10]&#10;|       |   |--TEXT -&gt;   [10:11]&#10;|       |   `--TH_TAG_END -&gt; TH_TAG_END [10:12]&#10;|       |       |--START -&gt; &lt; [10:12]&#10;|       |       |--SLASH -&gt; / [10:13]&#10;|       |       |--TH_HTML_TAG_NAME -&gt; th [10:14]&#10;|       |       `--END -&gt; &gt; [10:16]&#10;|       |--TEXT -&gt;   [10:17]&#10;|       `--RB_TAG_END -&gt; RB_TAG_END [10:18]&#10;|           |--START -&gt; &lt; [10:18]&#10;|           |--SLASH -&gt; / [10:19]&#10;|           |--RB_HTML_TAG_NAME -&gt; RB [10:20]&#10;|           `--END -&gt; &gt; [10:22]&#10;|--NEWLINE -&gt; \n [10:23]&#10;|--LEADING_ASTERISK -&gt; * [11:0]&#10;|--TEXT -&gt;   [11:1]&#10;|--HTML_ELEMENT -&gt; HTML_ELEMENT [11:2]&#10;|   `--RB -&gt; RB [11:2]&#10;|       |--RB_TAG_START -&gt; RB_TAG_START [11:2]&#10;|       |   |--START -&gt; &lt; [11:2]&#10;|       |   |--RB_HTML_TAG_NAME -&gt; rb [11:3]&#10;|       |   `--END -&gt; &gt; [11:5]&#10;|       |--TEXT -&gt;   [11:6]&#10;|       |--TH_TAG_START -&gt; TH_TAG_START [11:7]&#10;|       |   |--START -&gt; &lt; [11:7]&#10;|       |   |--TH_HTML_TAG_NAME -&gt; th [11:8]&#10;|       |   `--END -&gt; &gt; [11:10]&#10;|       |--TEXT -&gt;   [11:11]&#10;|       `--RB_TAG_END -&gt; RB_TAG_END [11:12]&#10;|           |--START -&gt; &lt; [11:12]&#10;|           |--SLASH -&gt; / [11:13]&#10;|           |--RB_HTML_TAG_NAME -&gt; RB [11:14]&#10;|           `--END -&gt; &gt; [11:16]&#10;|--NEWLINE -&gt; \n [11:17]&#10;|--LEADING_ASTERISK -&gt; * [12:0]&#10;|--TEXT -&gt;   [12:1]&#10;|--HTML_ELEMENT -&gt; HTML_ELEMENT [12:2]&#10;|   `--RB_TAG_START -&gt; RB_TAG_START [12:2]&#10;|       |--START -&gt; &lt; [12:2]&#10;|       |--RB_HTML_TAG_NAME -&gt; rb [12:3]&#10;|       `--END -&gt; &gt; [12:5]&#10;|--TEXT -&gt;   [12:6]&#10;|--HTML_ELEMENT -&gt; HTML_ELEMENT [12:7]&#10;|   `--TH_TAG_END -&gt; TH_TAG_END [12:7]&#10;|       |--START -&gt; &lt; [12:7]&#10;|       |--SLASH -&gt; / [12:8]&#10;|       |--TH_HTML_TAG_NAME -&gt; th [12:9]&#10;|       `--END -&gt; &gt; [12:11]&#10;|--TEXT -&gt;   [12:12]&#10;|--HTML_ELEMENT -&gt; HTML_ELEMENT [12:13]&#10;|   `--RB_TAG_END -&gt; RB_TAG_END [12:13]&#10;|       |--START -&gt; &lt; [12:13]&#10;|       |--SLASH -&gt; / [12:14]&#10;|       |--RB_HTML_TAG_NAME -&gt; RB [12:15]&#10;|       `--END -&gt; &gt; [12:17]&#10;|--NEWLINE -&gt; \n [12:18]&#10;|--LEADING_ASTERISK -&gt; * [13:0]&#10;|--TEXT -&gt;   [13:1]&#10;|--HTML_ELEMENT -&gt; HTML_ELEMENT [13:2]&#10;|   `--RB -&gt; RB [13:2]&#10;|       |--RB_TAG_START -&gt; RB_TAG_START [13:2]&#10;|       |   |--START -&gt; &lt; [13:2]&#10;|       |   |--RB_HTML_TAG_NAME -&gt; rb [13:3]&#10;|       |   `--END -&gt; &gt; [13:5]&#10;|       |--TEXT -&gt;   [13:6]&#10;|       |--BODY -&gt; BODY [13:7]&#10;|       |   |--BODY_TAG_START -&gt; BODY_TAG_START [13:7]&#10;|       |   |   |--START -&gt; &lt; [13:7]&#10;|       |   |   |--BODY_HTML_TAG_NAME -&gt; body [13:8]&#10;|       |   |   `--END -&gt; &gt; [13:12]&#10;|       |   |--TEXT -&gt;   [13:13]&#10;|       |   `--BODY_TAG_END -&gt; BODY_TAG_END [13:14]&#10;|       |       |--START -&gt; &lt; [13:14]&#10;|       |       |--SLASH -&gt; / [13:15]&#10;|       |       |--BODY_HTML_TAG_NAME -&gt; body [13:16]&#10;|       |       `--END -&gt; &gt; [13:20]&#10;|       |--TEXT -&gt;   [13:21]&#10;|       `--RB_TAG_END -&gt; RB_TAG_END [13:22]&#10;|           |--START -&gt; &lt; [13:22]&#10;|           |--SLASH -&gt; / [13:23]&#10;|           |--RB_HTML_TAG_NAME -&gt; RB [13:24]&#10;|           `--END -&gt; &gt; [13:26]&#10;|--NEWLINE -&gt; \n [13:27]&#10;|--LEADING_ASTERISK -&gt; * [14:0]&#10;|--TEXT -&gt;   [14:1]&#10;|--HTML_ELEMENT -&gt; HTML_ELEMENT [14:2]&#10;|   `--RB -&gt; RB [14:2]&#10;|       |--RB_TAG_START -&gt; RB_TAG_START [14:2]&#10;|       |   |--START -&gt; &lt; [14:2]&#10;|       |   |--RB_HTML_TAG_NAME -&gt; rb [14:3]&#10;|       |   `--END -&gt; &gt; [14:5]&#10;|       |--TEXT -&gt;   [14:6]&#10;|       |--BODY_TAG_START -&gt; BODY_TAG_START [14:7]&#10;|       |   |--START -&gt; &lt; [14:7]&#10;|       |   |--BODY_HTML_TAG_NAME -&gt; body [14:8]&#10;|       |   `--END -&gt; &gt; [14:12]&#10;|       |--TEXT -&gt;   [14:13]&#10;|       `--RB_TAG_END -&gt; RB_TAG_END [14:14]&#10;|           |--START -&gt; &lt; [14:14]&#10;|           |--SLASH -&gt; / [14:15]&#10;|           |--RB_HTML_TAG_NAME -&gt; RB [14:16]&#10;|           `--END -&gt; &gt; [14:18]&#10;|--NEWLINE -&gt; \n [14:19]&#10;|--LEADING_ASTERISK -&gt; * [15:0]&#10;|--TEXT -&gt;   [15:1]&#10;|--HTML_ELEMENT -&gt; HTML_ELEMENT [15:2]&#10;|   `--RB_TAG_START -&gt; RB_TAG_START [15:2]&#10;|       |--START -&gt; &lt; [15:2]&#10;|       |--RB_HTML_TAG_NAME -&gt; rb [15:3]&#10;|       `--END -&gt; &gt; [15:5]&#10;|--TEXT -&gt;   [15:6]&#10;|--HTML_ELEMENT -&gt; HTML_ELEMENT [15:7]&#10;|   `--BODY_TAG_END -&gt; BODY_TAG_END [15:7]&#10;|       |--START -&gt; &lt; [15:7]&#10;|       |--SLASH -&gt; / [15:8]&#10;|       |--BODY_HTML_TAG_NAME -&gt; body [15:9]&#10;|       `--END -&gt; &gt; [15:13]&#10;|--TEXT -&gt;   [15:14]&#10;|--HTML_ELEMENT -&gt; HTML_ELEMENT [15:15]&#10;|   `--RB_TAG_END -&gt; RB_TAG_END [15:15]&#10;|       |--START -&gt; &lt; [15:15]&#10;|       |--SLASH -&gt; / [15:16]&#10;|       |--RB_HTML_TAG_NAME -&gt; RB [15:17]&#10;|       `--END -&gt; &gt; [15:19]&#10;|--NEWLINE -&gt; \n [15:20]&#10;|--LEADING_ASTERISK -&gt; * [16:0]&#10;|--TEXT -&gt;   [16:1]&#10;|--HTML_ELEMENT -&gt; HTML_ELEMENT [16:2]&#10;|   `--RB -&gt; RB [16:2]&#10;|       |--RB_TAG_START -&gt; RB_TAG_START [16:2]&#10;|       |   |--START -&gt; &lt; [16:2]&#10;|       |   |--RB_HTML_TAG_NAME -&gt; rb [16:3]&#10;|       |   `--END -&gt; &gt; [16:5]&#10;|       |--TEXT -&gt;   [16:6]&#10;|       |--COLGROUP -&gt; COLGROUP [16:7]&#10;|       |   |--COLGROUP_TAG_START -&gt; COLGROUP_TAG_START [16:7]&#10;|       |   |   |--START -&gt; &lt; [16:7]&#10;|       |   |   |--COLGROUP_HTML_TAG_NAME -&gt; colgroup [16:8]&#10;|       |   |   `--END -&gt; &gt; [16:16]&#10;|       |   |--TEXT -&gt;   [16:17]&#10;|       |   `--COLGROUP_TAG_END -&gt; COLGROUP_TAG_END [16:18]&#10;|       |       |--START -&gt; &lt; [16:18]&#10;|       |       |--SLASH -&gt; / [16:19]&#10;|       |       |--COLGROUP_HTML_TAG_NAME -&gt; colgroup [16:20]&#10;|       |       `--END -&gt; &gt; [16:28]&#10;|       |--TEXT -&gt;   [16:29]&#10;|       `--RB_TAG_END -&gt; RB_TAG_END [16:30]&#10;|           |--START -&gt; &lt; [16:30]&#10;|           |--SLASH -&gt; / [16:31]&#10;|           |--RB_HTML_TAG_NAME -&gt; RB [16:32]&#10;|           `--END -&gt; &gt; [16:34]&#10;|--NEWLINE -&gt; \n [16:35]&#10;|--LEADING_ASTERISK -&gt; * [17:0]&#10;|--TEXT -&gt;   [17:1]&#10;|--HTML_ELEMENT -&gt; HTML_ELEMENT [17:2]&#10;|   `--RB -&gt; RB [17:2]&#10;|       |--RB_TAG_START -&gt; RB_TAG_START [17:2]&#10;|       |   |--START -&gt; &lt; [17:2]&#10;|       |   |--RB_HTML_TAG_NAME -&gt; rb [17:3]&#10;|       |   `--END -&gt; &gt; [17:5]&#10;|       |--TEXT -&gt;   [17:6]&#10;|       |--COLGROUP_TAG_START -&gt; COLGROUP_TAG_START [17:7]&#10;|       |   |--START -&gt; &lt; [17:7]&#10;|       |   |--COLGROUP_HTML_TAG_NAME -&gt; colgroup [17:8]&#10;|       |   `--END -&gt; &gt; [17:16]&#10;|       |--TEXT -&gt;   [17:17]&#10;|       `--RB_TAG_END -&gt; RB_TAG_END [17:18]&#10;|           |--START -&gt; &lt; [17:18]&#10;|           |--SLASH -&gt; / [17:19]&#10;|           |--RB_HTML_TAG_NAME -&gt; RB [17:20]&#10;|           `--END -&gt; &gt; [17:22]&#10;|--NEWLINE -&gt; \n [17:23]&#10;|--LEADING_ASTERISK -&gt; * [18:0]&#10;|--TEXT -&gt;   [18:1]&#10;|--HTML_ELEMENT -&gt; HTML_ELEMENT [18:2]&#10;|   `--RB_TAG_START -&gt; RB_TAG_START [18:2]&#10;|       |--START -&gt; &lt; [18:2]&#10;|       |--RB_HTML_TAG_NAME -&gt; rb [18:3]&#10;|       `--END -&gt; &gt; [18:5]&#10;|--TEXT -&gt;   [18:6]&#10;|--HTML_ELEMENT -&gt; HTML_ELEMENT [18:7]&#10;|   `--COLGROUP_TAG_END -&gt; COLGROUP_TAG_END [18:7]&#10;|       |--START -&gt; &lt; [18:7]&#10;|       |--SLASH -&gt; / [18:8]&#10;|       |--COLGROUP_HTML_TAG_NAME -&gt; colgroup [18:9]&#10;|       `--END -&gt; &gt; [18:17]&#10;|--TEXT -&gt;   [18:18]&#10;|--HTML_ELEMENT -&gt; HTML_ELEMENT [18:19]&#10;|   `--RB_TAG_END -&gt; RB_TAG_END [18:19]&#10;|       |--START -&gt; &lt; [18:19]&#10;|       |--SLASH -&gt; / [18:20]&#10;|       |--RB_HTML_TAG_NAME -&gt; RB [18:21]&#10;|       `--END -&gt; &gt; [18:23]&#10;|--NEWLINE -&gt; \n [18:24]&#10;|--LEADING_ASTERISK -&gt; * [19:0]&#10;|--TEXT -&gt;   [19:1]&#10;|--HTML_ELEMENT -&gt; HTML_ELEMENT [19:2]&#10;|   `--RB -&gt; RB [19:2]&#10;|       |--RB_TAG_START -&gt; RB_TAG_START [19:2]&#10;|       |   |--START -&gt; &lt; [19:2]&#10;|       |   |--RB_HTML_TAG_NAME -&gt; rb [19:3]&#10;|       |   `--END -&gt; &gt; [19:5]&#10;|       |--TEXT -&gt;   [19:6]&#10;|       |--DD -&gt; DD [19:7]&#10;|       |   |--DD_TAG_START -&gt; DD_TAG_START [19:7]&#10;|       |   |   |--START -&gt; &lt; [19:7]&#10;|       |   |   |--DD_HTML_TAG_NAME -&gt; dd [19:8]&#10;|       |   |   `--END -&gt; &gt; [19:10]&#10;|       |   |--TEXT -&gt;   [19:11]&#10;|       |   `--DD_TAG_END -&gt; DD_TAG_END [19:12]&#10;|       |       |--START -&gt; &lt; [19:12]&#10;|       |       |--SLASH -&gt; / [19:13]&#10;|       |       |--DD_HTML_TAG_NAME -&gt; dd [19:14]&#10;|       |       `--END -&gt; &gt; [19:16]&#10;|       |--TEXT -&gt;   [19:17]&#10;|       `--RB_TAG_END -&gt; RB_TAG_END [19:18]&#10;|           |--START -&gt; &lt; [19:18]&#10;|           |--SLASH -&gt; / [19:19]&#10;|           |--RB_HTML_TAG_NAME -&gt; RB [19:20]&#10;|           `--END -&gt; &gt; [19:22]&#10;|--NEWLINE -&gt; \n [19:23]&#10;|--LEADING_ASTERISK -&gt; * [20:0]&#10;|--TEXT -&gt;   [20:1]&#10;|--HTML_ELEMENT -&gt; HTML_ELEMENT [20:2]&#10;|   `--RB -&gt; RB [20:2]&#10;|       |--RB_TAG_START -&gt; RB_TAG_START [20:2]&#10;|       |   |--START -&gt; &lt; [20:2]&#10;|       |   |--RB_HTML_TAG_NAME -&gt; rb [20:3]&#10;|       |   `--END -&gt; &gt; [20:5]&#10;|       |--TEXT -&gt;   [20:6]&#10;|       |--DD_TAG_START -&gt; DD_TAG_START [20:7]&#10;|       |   |--START -&gt; &lt; [20:7]&#10;|       |   |--DD_HTML_TAG_NAME -&gt; dd [20:8]&#10;|       |   `--END -&gt; &gt; [20:10]&#10;|       |--TEXT -&gt;   [20:11]&#10;|       `--RB_TAG_END -&gt; RB_TAG_END [20:12]&#10;|           |--START -&gt; &lt; [20:12]&#10;|           |--SLASH -&gt; / [20:13]&#10;|           |--RB_HTML_TAG_NAME -&gt; RB [20:14]&#10;|           `--END -&gt; &gt; [20:16]&#10;|--NEWLINE -&gt; \n [20:17]&#10;|--LEADING_ASTERISK -&gt; * [21:0]&#10;|--TEXT -&gt;   [21:1]&#10;|--HTML_ELEMENT -&gt; HTML_ELEMENT [21:2]&#10;|   `--RB_TAG_START -&gt; RB_TAG_START [21:2]&#10;|       |--START -&gt; &lt; [21:2]&#10;|       |--RB_HTML_TAG_NAME -&gt; rb [21:3]&#10;|       `--END -&gt; &gt; [21:5]&#10;|--TEXT -&gt;   [21:6]&#10;|--HTML_ELEMENT -&gt; HTML_ELEMENT [21:7]&#10;|   `--DD_TAG_END -&gt; DD_TAG_END [21:7]&#10;|       |--START -&gt; &lt; [21:7]&#10;|       |--SLASH -&gt; / [21:8]&#10;|       |--DD_HTML_TAG_NAME -&gt; dd [21:9]&#10;|       `--END -&gt; &gt; [21:11]&#10;|--TEXT -&gt;   [21:12]&#10;|--HTML_ELEMENT -&gt; HTML_ELEMENT [21:13]&#10;|   `--RB_TAG_END -&gt; RB_TAG_END [21:13]&#10;|       |--START -&gt; &lt; [21:13]&#10;|       |--SLASH -&gt; / [21:14]&#10;|       |--RB_HTML_TAG_NAME -&gt; RB [21:15]&#10;|       `--END -&gt; &gt; [21:17]&#10;|--NEWLINE -&gt; \n [21:18]&#10;|--LEADING_ASTERISK -&gt; * [22:0]&#10;|--TEXT -&gt;   [22:1]&#10;|--HTML_ELEMENT -&gt; HTML_ELEMENT [22:2]&#10;|   `--RB -&gt; RB [22:2]&#10;|       |--RB_TAG_START -&gt; RB_TAG_START [22:2]&#10;|       |   |--START -&gt; &lt; [22:2]&#10;|       |   |--RB_HTML_TAG_NAME -&gt; rb [22:3]&#10;|       |   `--END -&gt; &gt; [22:5]&#10;|       |--TEXT -&gt;   [22:6]&#10;|       |--DT -&gt; DT [22:7]&#10;|       |   |--DT_TAG_START -&gt; DT_TAG_START [22:7]&#10;|       |   |   |--START -&gt; &lt; [22:7]&#10;|       |   |   |--DT_HTML_TAG_NAME -&gt; dt [22:8]&#10;|       |   |   `--END -&gt; &gt; [22:10]&#10;|       |   |--TEXT -&gt;   [22:11]&#10;|       |   `--DT_TAG_END -&gt; DT_TAG_END [22:12]&#10;|       |       |--START -&gt; &lt; [22:12]&#10;|       |       |--SLASH -&gt; / [22:13]&#10;|       |       |--DT_HTML_TAG_NAME -&gt; dt [22:14]&#10;|       |       `--END -&gt; &gt; [22:16]&#10;|       |--TEXT -&gt;   [22:17]&#10;|       `--RB_TAG_END -&gt; RB_TAG_END [22:18]&#10;|           |--START -&gt; &lt; [22:18]&#10;|           |--SLASH -&gt; / [22:19]&#10;|           |--RB_HTML_TAG_NAME -&gt; RB [22:20]&#10;|           `--END -&gt; &gt; [22:22]&#10;|--NEWLINE -&gt; \n [22:23]&#10;|--LEADING_ASTERISK -&gt; * [23:0]&#10;|--TEXT -&gt;   [23:1]&#10;|--HTML_ELEMENT -&gt; HTML_ELEMENT [23:2]&#10;|   `--RB -&gt; RB [23:2]&#10;|       |--RB_TAG_START -&gt; RB_TAG_START [23:2]&#10;|       |   |--START -&gt; &lt; [23:2]&#10;|       |   |--RB_HTML_TAG_NAME -&gt; rb [23:3]&#10;|       |   `--END -&gt; &gt; [23:5]&#10;|       |--TEXT -&gt;   [23:6]&#10;|       |--DT_TAG_START -&gt; DT_TAG_START [23:7]&#10;|       |   |--START -&gt; &lt; [23:7]&#10;|       |   |--DT_HTML_TAG_NAME -&gt; dt [23:8]&#10;|       |   `--END -&gt; &gt; [23:10]&#10;|       |--TEXT -&gt;   [23:11]&#10;|       `--RB_TAG_END -&gt; RB_TAG_END [23:12]&#10;|           |--START -&gt; &lt; [23:12]&#10;|           |--SLASH -&gt; / [23:13]&#10;|           |--RB_HTML_TAG_NAME -&gt; RB [23:14]&#10;|           `--END -&gt; &gt; [23:16]&#10;|--NEWLINE -&gt; \n [23:17]&#10;|--LEADING_ASTERISK -&gt; * [24:0]&#10;|--TEXT -&gt;   [24:1]&#10;|--HTML_ELEMENT -&gt; HTML_ELEMENT [24:2]&#10;|   `--RB_TAG_START -&gt; RB_TAG_START [24:2]&#10;|       |--START -&gt; &lt; [24:2]&#10;|       |--RB_HTML_TAG_NAME -&gt; rb [24:3]&#10;|       `--END -&gt; &gt; [24:5]&#10;|--TEXT -&gt;   [24:6]&#10;|--HTML_ELEMENT -&gt; HTML_ELEMENT [24:7]&#10;|   `--DT_TAG_END -&gt; DT_TAG_END [24:7]&#10;|       |--START -&gt; &lt; [24:7]&#10;|       |--SLASH -&gt; / [24:8]&#10;|       |--DT_HTML_TAG_NAME -&gt; dt [24:9]&#10;|       `--END -&gt; &gt; [24:11]&#10;|--TEXT -&gt;   [24:12]&#10;|--HTML_ELEMENT -&gt; HTML_ELEMENT [24:13]&#10;|   `--RB_TAG_END -&gt; RB_TAG_END [24:13]&#10;|       |--START -&gt; &lt; [24:13]&#10;|       |--SLASH -&gt; / [24:14]&#10;|       |--RB_HTML_TAG_NAME -&gt; RB [24:15]&#10;|       `--END -&gt; &gt; [24:17]&#10;|--NEWLINE -&gt; \n [24:18]&#10;|--LEADING_ASTERISK -&gt; * [25:0]&#10;|--TEXT -&gt;   [25:1]&#10;|--HTML_ELEMENT -&gt; HTML_ELEMENT [25:2]&#10;|   `--RB -&gt; RB [25:2]&#10;|       |--RB_TAG_START -&gt; RB_TAG_START [25:2]&#10;|       |   |--START -&gt; &lt; [25:2]&#10;|       |   |--RB_HTML_TAG_NAME -&gt; rb [25:3]&#10;|       |   `--END -&gt; &gt; [25:5]&#10;|       |--TEXT -&gt;   [25:6]&#10;|       |--HEAD -&gt; HEAD [25:7]&#10;|       |   |--HEAD_TAG_START -&gt; HEAD_TAG_START [25:7]&#10;|       |   |   |--START -&gt; &lt; [25:7]&#10;|       |   |   |--HEAD_HTML_TAG_NAME -&gt; head [25:8]&#10;|       |   |   `--END -&gt; &gt; [25:12]&#10;|       |   |--TEXT -&gt;   [25:13]&#10;|       |   `--HEAD_TAG_END -&gt; HEAD_TAG_END [25:14]&#10;|       |       |--START -&gt; &lt; [25:14]&#10;|       |       |--SLASH -&gt; / [25:15]&#10;|       |       |--HEAD_HTML_TAG_NAME -&gt; head [25:16]&#10;|       |       `--END -&gt; &gt; [25:20]&#10;|       |--TEXT -&gt;   [25:21]&#10;|       `--RB_TAG_END -&gt; RB_TAG_END [25:22]&#10;|           |--START -&gt; &lt; [25:22]&#10;|           |--SLASH -&gt; / [25:23]&#10;|           |--RB_HTML_TAG_NAME -&gt; RB [25:24]&#10;|           `--END -&gt; &gt; [25:26]&#10;|--NEWLINE -&gt; \n [25:27]&#10;|--LEADING_ASTERISK -&gt; * [26:0]&#10;|--TEXT -&gt;   [26:1]&#10;|--HTML_ELEMENT -&gt; HTML_ELEMENT [26:2]&#10;|   `--RB -&gt; RB [26:2]&#10;|       |--RB_TAG_START -&gt; RB_TAG_START [26:2]&#10;|       |   |--START -&gt; &lt; [26:2]&#10;|       |   |--RB_HTML_TAG_NAME -&gt; rb [26:3]&#10;|       |   `--END -&gt; &gt; [26:5]&#10;|       |--TEXT -&gt;   [26:6]&#10;|       |--HEAD_TAG_START -&gt; HEAD_TAG_START [26:7]&#10;|       |   |--START -&gt; &lt; [26:7]&#10;|       |   |--HEAD_HTML_TAG_NAME -&gt; head [26:8]&#10;|       |   `--END -&gt; &gt; [26:12]&#10;|       |--TEXT -&gt;   [26:13]&#10;|       `--RB_TAG_END -&gt; RB_TAG_END [26:14]&#10;|           |--START -&gt; &lt; [26:14]&#10;|           |--SLASH -&gt; / [26:15]&#10;|           |--RB_HTML_TAG_NAME -&gt; RB [26:16]&#10;|           `--END -&gt; &gt; [26:18]&#10;|--NEWLINE -&gt; \n [26:19]&#10;|--LEADING_ASTERISK -&gt; * [27:0]&#10;|--TEXT -&gt;   [27:1]&#10;|--HTML_ELEMENT -&gt; HTML_ELEMENT [27:2]&#10;|   `--RB_TAG_START -&gt; RB_TAG_START [27:2]&#10;|       |--START -&gt; &lt; [27:2]&#10;|       |--RB_HTML_TAG_NAME -&gt; rb [27:3]&#10;|       `--END -&gt; &gt; [27:5]&#10;|--TEXT -&gt;   [27:6]&#10;|--HTML_ELEMENT -&gt; HTML_ELEMENT [27:7]&#10;|   `--HEAD_TAG_END -&gt; HEAD_TAG_END [27:7]&#10;|       |--START -&gt; &lt; [27:7]&#10;|       |--SLASH -&gt; / [27:8]&#10;|       |--HEAD_HTML_TAG_NAME -&gt; head [27:9]&#10;|       `--END -&gt; &gt; [27:13]&#10;|--TEXT -&gt;   [27:14]&#10;|--HTML_ELEMENT -&gt; HTML_ELEMENT [27:15]&#10;|   `--RB_TAG_END -&gt; RB_TAG_END [27:15]&#10;|       |--START -&gt; &lt; [27:15]&#10;|       |--SLASH -&gt; / [27:16]&#10;|       |--RB_HTML_TAG_NAME -&gt; RB [27:17]&#10;|       `--END -&gt; &gt; [27:19]&#10;|--NEWLINE -&gt; \n [27:20]&#10;|--LEADING_ASTERISK -&gt; * [28:0]&#10;|--TEXT -&gt;   [28:1]&#10;|--HTML_ELEMENT -&gt; HTML_ELEMENT [28:2]&#10;|   `--RB -&gt; RB [28:2]&#10;|       |--RB_TAG_START -&gt; RB_TAG_START [28:2]&#10;|       |   |--START -&gt; &lt; [28:2]&#10;|       |   |--RB_HTML_TAG_NAME -&gt; rb [28:3]&#10;|       |   `--END -&gt; &gt; [28:5]&#10;|       |--TEXT -&gt;   [28:6]&#10;|       |--HTML -&gt; HTML [28:7]&#10;|       |   |--HTML_TAG_START -&gt; HTML_TAG_START [28:7]&#10;|       |   |   |--START -&gt; &lt; [28:7]&#10;|       |   |   |--HTML_HTML_TAG_NAME -&gt; html [28:8]&#10;|       |   |   `--END -&gt; &gt; [28:12]&#10;|       |   |--TEXT -&gt;   [28:13]&#10;|       |   `--HTML_TAG_END -&gt; HTML_TAG_END [28:14]&#10;|       |       |--START -&gt; &lt; [28:14]&#10;|       |       |--SLASH -&gt; / [28:15]&#10;|       |       |--HTML_HTML_TAG_NAME -&gt; html [28:16]&#10;|       |       `--END -&gt; &gt; [28:20]&#10;|       |--TEXT -&gt;   [28:21]&#10;|       `--RB_TAG_END -&gt; RB_TAG_END [28:22]&#10;|           |--START -&gt; &lt; [28:22]&#10;|           |--SLASH -&gt; / [28:23]&#10;|           |--RB_HTML_TAG_NAME -&gt; RB [28:24]&#10;|           `--END -&gt; &gt; [28:26]&#10;|--NEWLINE -&gt; \n [28:27]&#10;|--LEADING_ASTERISK -&gt; * [29:0]&#10;|--TEXT -&gt;   [29:1]&#10;|--HTML_ELEMENT -&gt; HTML_ELEMENT [29:2]&#10;|   `--RB -&gt; RB [29:2]&#10;|       |--RB_TAG_START -&gt; RB_TAG_START [29:2]&#10;|       |   |--START -&gt; &lt; [29:2]&#10;|       |   |--RB_HTML_TAG_NAME -&gt; rb [29:3]&#10;|       |   `--END -&gt; &gt; [29:5]&#10;|       |--TEXT -&gt;   [29:6]&#10;|       |--HTML_TAG_START -&gt; HTML_TAG_START [29:7]&#10;|       |   |--START -&gt; &lt; [29:7]&#10;|       |   |--HTML_HTML_TAG_NAME -&gt; html [29:8]&#10;|       |   `--END -&gt; &gt; [29:12]&#10;|       |--TEXT -&gt;   [29:13]&#10;|       `--RB_TAG_END -&gt; RB_TAG_END [29:14]&#10;|           |--START -&gt; &lt; [29:14]&#10;|           |--SLASH -&gt; / [29:15]&#10;|           |--RB_HTML_TAG_NAME -&gt; RB [29:16]&#10;|           `--END -&gt; &gt; [29:18]&#10;|--NEWLINE -&gt; \n [29:19]&#10;|--LEADING_ASTERISK -&gt; * [30:0]&#10;|--TEXT -&gt;   [30:1]&#10;|--HTML_ELEMENT -&gt; HTML_ELEMENT [30:2]&#10;|   `--RB_TAG_START -&gt; RB_TAG_START [30:2]&#10;|       |--START -&gt; &lt; [30:2]&#10;|       |--RB_HTML_TAG_NAME -&gt; rb [30:3]&#10;|       `--END -&gt; &gt; [30:5]&#10;|--TEXT -&gt;   [30:6]&#10;|--HTML_ELEMENT -&gt; HTML_ELEMENT [30:7]&#10;|   `--HTML_TAG_END -&gt; HTML_TAG_END [30:7]&#10;|       |--START -&gt; &lt; [30:7]&#10;|       |--SLASH -&gt; / [30:8]&#10;|       |--HTML_HTML_TAG_NAME -&gt; html [30:9]&#10;|       `--END -&gt; &gt; [30:13]&#10;|--TEXT -&gt;   [30:14]&#10;|--HTML_ELEMENT -&gt; HTML_ELEMENT [30:15]&#10;|   `--RB_TAG_END -&gt; RB_TAG_END [30:15]&#10;|       |--START -&gt; &lt; [30:15]&#10;|       |--SLASH -&gt; / [30:16]&#10;|       |--RB_HTML_TAG_NAME -&gt; RB [30:17]&#10;|       `--END -&gt; &gt; [30:19]&#10;|--NEWLINE -&gt; \n [30:20]&#10;|--LEADING_ASTERISK -&gt; * [31:0]&#10;|--TEXT -&gt;   [31:1]&#10;|--HTML_ELEMENT -&gt; HTML_ELEMENT [31:2]&#10;|   `--RB -&gt; RB [31:2]&#10;|       |--RB_TAG_START -&gt; RB_TAG_START [31:2]&#10;|       |   |--START -&gt; &lt; [31:2]&#10;|       |   |--RB_HTML_TAG_NAME -&gt; rb [31:3]&#10;|       |   `--END -&gt; &gt; [31:5]&#10;|       |--TEXT -&gt;   [31:6]&#10;|       |--OPTION -&gt; OPTION [31:7]&#10;|       |   |--OPTION_TAG_START -&gt; OPTION_TAG_START [31:7]&#10;|       |   |   |--START -&gt; &lt; [31:7]&#10;|       |   |   |--OPTION_HTML_TAG_NAME -&gt; option [31:8]&#10;|       |   |   `--END -&gt; &gt; [31:14]&#10;|       |   |--TEXT -&gt;   [31:15]&#10;|       |   `--OPTION_TAG_END -&gt; OPTION_TAG_END [31:16]&#10;|       |       |--START -&gt; &lt; [31:16]&#10;|       |       |--SLASH -&gt; / [31:17]&#10;|       |       |--OPTION_HTML_TAG_NAME -&gt; option [31:18]&#10;|       |       `--END -&gt; &gt; [31:24]&#10;|       |--TEXT -&gt;   [31:25]&#10;|       `--RB_TAG_END -&gt; RB_TAG_END [31:26]&#10;|           |--START -&gt; &lt; [31:26]&#10;|           |--SLASH -&gt; / [31:27]&#10;|           |--RB_HTML_TAG_NAME -&gt; RB [31:28]&#10;|           `--END -&gt; &gt; [31:30]&#10;|--NEWLINE -&gt; \n [31:31]&#10;|--LEADING_ASTERISK -&gt; * [32:0]&#10;|--TEXT -&gt;   [32:1]&#10;|--HTML_ELEMENT -&gt; HTML_ELEMENT [32:2]&#10;|   `--RB -&gt; RB [32:2]&#10;|       |--RB_TAG_START -&gt; RB_TAG_START [32:2]&#10;|       |   |--START -&gt; &lt; [32:2]&#10;|       |   |--RB_HTML_TAG_NAME -&gt; rb [32:3]&#10;|       |   `--END -&gt; &gt; [32:5]&#10;|       |--TEXT -&gt;   [32:6]&#10;|       |--OPTION_TAG_START -&gt; OPTION_TAG_START [32:7]&#10;|       |   |--START -&gt; &lt; [32:7]&#10;|       |   |--OPTION_HTML_TAG_NAME -&gt; option [32:8]&#10;|       |   `--END -&gt; &gt; [32:14]&#10;|       |--TEXT -&gt;   [32:15]&#10;|       `--RB_TAG_END -&gt; RB_TAG_END [32:16]&#10;|           |--START -&gt; &lt; [32:16]&#10;|           |--SLASH -&gt; / [32:17]&#10;|           |--RB_HTML_TAG_NAME -&gt; RB [32:18]&#10;|           `--END -&gt; &gt; [32:20]&#10;|--NEWLINE -&gt; \n [32:21]&#10;|--LEADING_ASTERISK -&gt; * [33:0]&#10;|--TEXT -&gt;   [33:1]&#10;|--HTML_ELEMENT -&gt; HTML_ELEMENT [33:2]&#10;|   `--RB_TAG_START -&gt; RB_TAG_START [33:2]&#10;|       |--START -&gt; &lt; [33:2]&#10;|       |--RB_HTML_TAG_NAME -&gt; rb [33:3]&#10;|       `--END -&gt; &gt; [33:5]&#10;|--TEXT -&gt;   [33:6]&#10;|--HTML_ELEMENT -&gt; HTML_ELEMENT [33:7]&#10;|   `--OPTION_TAG_END -&gt; OPTION_TAG_END [33:7]&#10;|       |--START -&gt; &lt; [33:7]&#10;|       |--SLASH -&gt; / [33:8]&#10;|       |--OPTION_HTML_TAG_NAME -&gt; option [33:9]&#10;|       `--END -&gt; &gt; [33:15]&#10;|--TEXT -&gt;   [33:16]&#10;|--HTML_ELEMENT -&gt; HTML_ELEMENT [33:17]&#10;|   `--RB_TAG_END -&gt; RB_TAG_END [33:17]&#10;|       |--START -&gt; &lt; [33:17]&#10;|       |--SLASH -&gt; / [33:18]&#10;|       |--RB_HTML_TAG_NAME -&gt; RB [33:19]&#10;|       `--END -&gt; &gt; [33:21]&#10;|--NEWLINE -&gt; \n [33:22]&#10;|--LEADING_ASTERISK -&gt; * [34:0]&#10;|--TEXT -&gt;   [34:1]&#10;|--HTML_ELEMENT -&gt; HTML_ELEMENT [34:2]&#10;|   `--RB -&gt; RB [34:2]&#10;|       |--RB_TAG_START -&gt; RB_TAG_START [34:2]&#10;|       |   |--START -&gt; &lt; [34:2]&#10;|       |   |--RB_HTML_TAG_NAME -&gt; rb [34:3]&#10;|       |   `--END -&gt; &gt; [34:5]&#10;|       |--TEXT -&gt;   [34:6]&#10;|       |--TBODY -&gt; TBODY [34:7]&#10;|       |   |--TBODY_TAG_START -&gt; TBODY_TAG_START [34:7]&#10;|       |   |   |--START -&gt; &lt; [34:7]&#10;|       |   |   |--TBODY_HTML_TAG_NAME -&gt; tbody [34:8]&#10;|       |   |   `--END -&gt; &gt; [34:13]&#10;|       |   |--TEXT -&gt;   [34:14]&#10;|       |   `--TBODY_TAG_END -&gt; TBODY_TAG_END [34:15]&#10;|       |       |--START -&gt; &lt; [34:15]&#10;|       |       |--SLASH -&gt; / [34:16]&#10;|       |       |--TBODY_HTML_TAG_NAME -&gt; tbody [34:17]&#10;|       |       `--END -&gt; &gt; [34:22]&#10;|       |--TEXT -&gt;   [34:23]&#10;|       `--RB_TAG_END -&gt; RB_TAG_END [34:24]&#10;|           |--START -&gt; &lt; [34:24]&#10;|           |--SLASH -&gt; / [34:25]&#10;|           |--RB_HTML_TAG_NAME -&gt; rB [34:26]&#10;|           `--END -&gt; &gt; [34:28]&#10;|--NEWLINE -&gt; \n [34:29]&#10;|--LEADING_ASTERISK -&gt; * [35:0]&#10;|--TEXT -&gt;   [35:1]&#10;|--HTML_ELEMENT -&gt; HTML_ELEMENT [35:2]&#10;|   `--RB -&gt; RB [35:2]&#10;|       |--RB_TAG_START -&gt; RB_TAG_START [35:2]&#10;|       |   |--START -&gt; &lt; [35:2]&#10;|       |   |--RB_HTML_TAG_NAME -&gt; rb [35:3]&#10;|       |   `--END -&gt; &gt; [35:5]&#10;|       |--TEXT -&gt;   [35:6]&#10;|       |--TBODY_TAG_START -&gt; TBODY_TAG_START [35:7]&#10;|       |   |--START -&gt; &lt; [35:7]&#10;|       |   |--TBODY_HTML_TAG_NAME -&gt; tbody [35:8]&#10;|       |   `--END -&gt; &gt; [35:13]&#10;|       |--TEXT -&gt;   [35:14]&#10;|       `--RB_TAG_END -&gt; RB_TAG_END [35:15]&#10;|           |--START -&gt; &lt; [35:15]&#10;|           |--SLASH -&gt; / [35:16]&#10;|           |--RB_HTML_TAG_NAME -&gt; RB [35:17]&#10;|           `--END -&gt; &gt; [35:19]&#10;|--NEWLINE -&gt; \n [35:20]&#10;|--LEADING_ASTERISK -&gt; * [36:0]&#10;|--TEXT -&gt;   [36:1]&#10;|--HTML_ELEMENT -&gt; HTML_ELEMENT [36:2]&#10;|   `--RB_TAG_START -&gt; RB_TAG_START [36:2]&#10;|       |--START -&gt; &lt; [36:2]&#10;|       |--RB_HTML_TAG_NAME -&gt; rb [36:3]&#10;|       `--END -&gt; &gt; [36:5]&#10;|--TEXT -&gt;   [36:6]&#10;|--HTML_ELEMENT -&gt; HTML_ELEMENT [36:7]&#10;|   `--TBODY_TAG_END -&gt; TBODY_TAG_END [36:7]&#10;|       |--START -&gt; &lt; [36:7]&#10;|       |--SLASH -&gt; / [36:8]&#10;|       |--TBODY_HTML_TAG_NAME -&gt; tbody [36:9]&#10;|       `--END -&gt; &gt; [36:14]&#10;|--TEXT -&gt;   [36:15]&#10;|--HTML_ELEMENT -&gt; HTML_ELEMENT [36:16]&#10;|   `--RB_TAG_END -&gt; RB_TAG_END [36:16]&#10;|       |--START -&gt; &lt; [36:16]&#10;|       |--SLASH -&gt; / [36:17]&#10;|       |--RB_HTML_TAG_NAME -&gt; RB [36:18]&#10;|       `--END -&gt; &gt; [36:20]&#10;|--NEWLINE -&gt; \n [36:21]&#10;|--LEADING_ASTERISK -&gt; * [37:0]&#10;|--TEXT -&gt;   [37:1]&#10;|--HTML_ELEMENT -&gt; HTML_ELEMENT [37:2]&#10;|   `--RB -&gt; RB [37:2]&#10;|       |--RB_TAG_START -&gt; RB_TAG_START [37:2]&#10;|       |   |--START -&gt; &lt; [37:2]&#10;|       |   |--RB_HTML_TAG_NAME -&gt; rb [37:3]&#10;|       |   `--END -&gt; &gt; [37:5]&#10;|       |--TEXT -&gt;   [37:6]&#10;|       |--TFOOT -&gt; TFOOT [37:7]&#10;|       |   |--TFOOT_TAG_START -&gt; TFOOT_TAG_START [37:7]&#10;|       |   |   |--START -&gt; &lt; [37:7]&#10;|       |   |   |--TFOOT_HTML_TAG_NAME -&gt; tfoot [37:8]&#10;|       |   |   `--END -&gt; &gt; [37:13]&#10;|       |   |--TEXT -&gt;   [37:14]&#10;|       |   `--TFOOT_TAG_END -&gt; TFOOT_TAG_END [37:15]&#10;|       |       |--START -&gt; &lt; [37:15]&#10;|       |       |--SLASH -&gt; / [37:16]&#10;|       |       |--TFOOT_HTML_TAG_NAME -&gt; tfoot [37:17]&#10;|       |       `--END -&gt; &gt; [37:22]&#10;|       |--TEXT -&gt;   [37:23]&#10;|       `--RB_TAG_END -&gt; RB_TAG_END [37:24]&#10;|           |--START -&gt; &lt; [37:24]&#10;|           |--SLASH -&gt; / [37:25]&#10;|           |--RB_HTML_TAG_NAME -&gt; RB [37:26]&#10;|           `--END -&gt; &gt; [37:28]&#10;|--NEWLINE -&gt; \n [37:29]&#10;|--LEADING_ASTERISK -&gt; * [38:0]&#10;|--TEXT -&gt;   [38:1]&#10;|--HTML_ELEMENT -&gt; HTML_ELEMENT [38:2]&#10;|   `--RB -&gt; RB [38:2]&#10;|       |--RB_TAG_START -&gt; RB_TAG_START [38:2]&#10;|       |   |--START -&gt; &lt; [38:2]&#10;|       |   |--RB_HTML_TAG_NAME -&gt; rb [38:3]&#10;|       |   `--END -&gt; &gt; [38:5]&#10;|       |--TEXT -&gt;   [38:6]&#10;|       |--TFOOT_TAG_START -&gt; TFOOT_TAG_START [38:7]&#10;|       |   |--START -&gt; &lt; [38:7]&#10;|       |   |--TFOOT_HTML_TAG_NAME -&gt; tfoot [38:8]&#10;|       |   `--END -&gt; &gt; [38:13]&#10;|       |--TEXT -&gt;   [38:14]&#10;|       `--RB_TAG_END -&gt; RB_TAG_END [38:15]&#10;|           |--START -&gt; &lt; [38:15]&#10;|           |--SLASH -&gt; / [38:16]&#10;|           |--RB_HTML_TAG_NAME -&gt; RB [38:17]&#10;|           `--END -&gt; &gt; [38:19]&#10;|--NEWLINE -&gt; \n [38:20]&#10;|--LEADING_ASTERISK -&gt; * [39:0]&#10;|--TEXT -&gt;   [39:1]&#10;|--HTML_ELEMENT -&gt; HTML_ELEMENT [39:2]&#10;|   `--RB_TAG_START -&gt; RB_TAG_START [39:2]&#10;|       |--START -&gt; &lt; [39:2]&#10;|       |--RB_HTML_TAG_NAME -&gt; rb [39:3]&#10;|       `--END -&gt; &gt; [39:5]&#10;|--TEXT -&gt;   [39:6]&#10;|--HTML_ELEMENT -&gt; HTML_ELEMENT [39:7]&#10;|   `--TFOOT_TAG_END -&gt; TFOOT_TAG_END [39:7]&#10;|       |--START -&gt; &lt; [39:7]&#10;|       |--SLASH -&gt; / [39:8]&#10;|       |--TFOOT_HTML_TAG_NAME -&gt; tfoot [39:9]&#10;|       `--END -&gt; &gt; [39:14]&#10;|--TEXT -&gt;   [39:15]&#10;|--HTML_ELEMENT -&gt; HTML_ELEMENT [39:16]&#10;|   `--RB_TAG_END -&gt; RB_TAG_END [39:16]&#10;|       |--START -&gt; &lt; [39:16]&#10;|       |--SLASH -&gt; / [39:17]&#10;|       |--RB_HTML_TAG_NAME -&gt; RB [39:18]&#10;|       `--END -&gt; &gt; [39:20]&#10;|--NEWLINE -&gt; \n [39:21]&#10;|--LEADING_ASTERISK -&gt; * [40:0]&#10;|--TEXT -&gt;   [40:1]&#10;|--HTML_ELEMENT -&gt; HTML_ELEMENT [40:2]&#10;|   `--RB -&gt; RB [40:2]&#10;|       |--RB_TAG_START -&gt; RB_TAG_START [40:2]&#10;|       |   |--START -&gt; &lt; [40:2]&#10;|       |   |--RB_HTML_TAG_NAME -&gt; rb [40:3]&#10;|       |   |--WS -&gt;   [40:5]&#10;|       |   |--ATTRIBUTE -&gt; ATTRIBUTE [40:6]&#10;|       |   |   |--HTML_TAG_NAME -&gt; style [40:6]&#10;|       |   |   |--EQUALS -&gt; = [40:11]&#10;|       |   |   `--ATTR_VALUE -&gt; &quot;color:red&quot; [40:12]&#10;|       |   |--WS -&gt;   [40:24]&#10;|       |   |--NEWLINE -&gt; \n [40:25]&#10;|       |   |--LEADING_ASTERISK -&gt; * [41:0]&#10;|       |   |--NEWLINE -&gt; \n [41:1]&#10;|       |   |--LEADING_ASTERISK -&gt; * [42:0]&#10;|       |   |--WS -&gt;   [42:1]&#10;|       |   `--END -&gt; &gt; [42:2]&#10;|       |--TEXT -&gt;   [42:3]&#10;|       |--HTML_COMMENT -&gt; HTML_COMMENT [42:4]&#10;|       |   |--HTML_COMMENT_START -&gt; &lt;!-- [42:4]&#10;|       |   |--TEXT -&gt; HTML COMMENT [42:8]&#10;|       |   `--HTML_COMMENT_END -&gt; --&gt; [42:20]&#10;|       |--TEXT -&gt;    [42:23]&#10;|       `--RB_TAG_END -&gt; RB_TAG_END [42:25]&#10;|           |--START -&gt; &lt; [42:25]&#10;|           |--SLASH -&gt; / [42:26]&#10;|           |--RB_HTML_TAG_NAME -&gt; Rb [42:27]&#10;|           |--NEWLINE -&gt; \n [42:29]&#10;|           |--LEADING_ASTERISK -&gt; * [43:0]&#10;|           |--NEWLINE -&gt; \n [43:1]&#10;|           |--LEADING_ASTERISK -&gt; * [44:0]&#10;|           |--WS -&gt;   [44:1]&#10;|           `--END -&gt; &gt; [44:2]&#10;|--NEWLINE -&gt; \n [44:3]&#10;`--EOF -&gt; &lt;EOF&gt; [45:0]]&#10;&gt; but was:&lt;...DOC -&gt; JAVADOC [0:0][&#10;|--LEADING_ASTERISK -&gt; * [0:0]&#10;|--TEXT -&gt;   [0:1]&#10;|--HTML_ELEMENT -&gt; HTML_ELEMENT [0:2]&#10;|   `--RB -&gt; RB [0:2]&#10;|       |--RB_TAG_START -&gt; RB_TAG_START [0:2]&#10;|       |   |--START -&gt; &lt; [0:2]&#10;|       |   |--RB_HTML_TAG_NAME -&gt; rb [0:3]&#10;|       |   `--END -&gt; &gt; [0:5]&#10;|       |--TEXT -&gt;   [0:6]&#10;|       `--RB_TAG_END -&gt; RB_TAG_END [0:7]&#10;|           |--START -&gt; &lt; [0:7]&#10;|           |--SLASH -&gt; / [0:8]&#10;|           |--RB_HTML_TAG_NAME -&gt; RB [0:9]&#10;|           `--END -&gt; &gt; [0:11]&#10;|--NEWLINE -&gt; \n [0:12]&#10;|--LEADING_ASTERISK -&gt; * [1:0]&#10;|--TEXT -&gt;   [1:1]&#10;|--HTML_ELEMENT -&gt; HTML_ELEMENT [1:2]&#10;|   `--RB -&gt; RB [1:2]&#10;|       |--RB_TAG_START -&gt; RB_TAG_START [1:2]&#10;|       |   |--START -&gt; &lt; [1:2]&#10;|       |   |--RB_HTML_TAG_NAME -&gt; rb [1:3]&#10;|       |   `--END -&gt; &gt; [1:5]&#10;|       |--TEXT -&gt;   [1:6]&#10;|       |--LI -&gt; LI [1:7]&#10;|       |   |--LI_TAG_START -&gt; LI_TAG_START [1:7]&#10;|       |   |   |--START -&gt; &lt; [1:7]&#10;|       |   |   |--LI_HTML_TAG_NAME -&gt; li [1:8]&#10;|       |   |   `--END -&gt; &gt; [1:10]&#10;|       |   |--TEXT -&gt;   [1:11]&#10;|       |   `--LI_TAG_END -&gt; LI_TAG_END [1:12]&#10;|       |       |--START -&gt; &lt; [1:12]&#10;|       |       |--SLASH -&gt; / [1:13]&#10;|       |       |--LI_HTML_TAG_NAME -&gt; li [1:14]&#10;|       |       `--END -&gt; &gt; [1:16]&#10;|       |--TEXT -&gt;   [1:17]&#10;|       `--RB_TAG_END -&gt; RB_TAG_END [1:18]&#10;|           |--START -&gt; &lt; [1:18]&#10;|           |--SLASH -&gt; / [1:19]&#10;|           |--RB_HTML_TAG_NAME -&gt; RB [1:20]&#10;|           `--END -&gt; &gt; [1:22]&#10;|--NEWLINE -&gt; \n [1:23]&#10;|--LEADING_ASTERISK -&gt; * [2:0]&#10;|--TEXT -&gt;   [2:1]&#10;|--HTML_ELEMENT -&gt; HTML_ELEMENT [2:2]&#10;|   `--RB -&gt; RB [2:2]&#10;|       |--RB_TAG_START -&gt; RB_TAG_START [2:2]&#10;|       |   |--START -&gt; &lt; [2:2]&#10;|       |   |--RB_HTML_TAG_NAME -&gt; rb [2:3]&#10;|       |   `--END -&gt; &gt; [2:5]&#10;|       |--TEXT -&gt;   [2:6]&#10;|       |--LI_TAG_START -&gt; LI_TAG_START [2:7]&#10;|       |   |--START -&gt; &lt; [2:7]&#10;|       |   |--LI_HTML_TAG_NAME -&gt; li [2:8]&#10;|       |   `--END -&gt; &gt; [2:10]&#10;|       |--TEXT -&gt;   [2:11]&#10;|       `--RB_TAG_END -&gt; RB_TAG_END [2:12]&#10;|           |--START -&gt; &lt; [2:12]&#10;|           |--SLASH -&gt; / [2:13]&#10;|           |--RB_HTML_TAG_NAME -&gt; RB [2:14]&#10;|           `--END -&gt; &gt; [2:16]&#10;|--NEWLINE -&gt; \n [2:17]&#10;|--LEADING_ASTERISK -&gt; * [3:0]&#10;|--TEXT -&gt;   [3:1]&#10;|--HTML_ELEMENT -&gt; HTML_ELEMENT [3:2]&#10;|   `--RB_TAG_START -&gt; RB_TAG_START [3:2]&#10;|       |--START -&gt; &lt; [3:2]&#10;|       |--RB_HTML_TAG_NAME -&gt; rb [3:3]&#10;|       `--END -&gt; &gt; [3:5]&#10;|--TEXT -&gt;   [3:6]&#10;|--HTML_ELEMENT -&gt; HTML_ELEMENT [3:7]&#10;|   `--LI_TAG_END -&gt; LI_TAG_END [3:7]&#10;|       |--START -&gt; &lt; [3:7]&#10;|       |--SLASH -&gt; / [3:8]&#10;|       |--LI_HTML_TAG_NAME -&gt; li [3:9]&#10;|       `--END -&gt; &gt; [3:11]&#10;|--TEXT -&gt;   [3:12]&#10;|--HTML_ELEMENT -&gt; HTML_ELEMENT [3:13]&#10;|   `--RB_TAG_END -&gt; RB_TAG_END [3:13]&#10;|       |--START -&gt; &lt; [3:13]&#10;|       |--SLASH -&gt; / [3:14]&#10;|       |--RB_HTML_TAG_NAME -&gt; RB [3:15]&#10;|       `--END -&gt; &gt; [3:17]&#10;|--NEWLINE -&gt; \n [3:18]&#10;|--LEADING_ASTERISK -&gt; * [4:0]&#10;|--TEXT -&gt;   [4:1]&#10;|--HTML_ELEMENT -&gt; HTML_ELEMENT [4:2]&#10;|   `--RB -&gt; RB [4:2]&#10;|       |--RB_TAG_START -&gt; RB_TAG_START [4:2]&#10;|       |   |--START -&gt; &lt; [4:2]&#10;|       |   |--RB_HTML_TAG_NAME -&gt; rb [4:3]&#10;|       |   `--END -&gt; &gt; [4:5]&#10;|       |--TEXT -&gt;   [4:6]&#10;|       |--TR -&gt; TR [4:7]&#10;|       |   |--TR_TAG_START -&gt; TR_TAG_START [4:7]&#10;|       |   |   |--START -&gt; &lt; [4:7]&#10;|       |   |   |--TR_HTML_TAG_NAME -&gt; tr [4:8]&#10;|       |   |   `--END -&gt; &gt; [4:10]&#10;|       |   |--TEXT -&gt;   [4:11]&#10;|       |   `--TR_TAG_END -&gt; TR_TAG_END [4:12]&#10;|       |       |--START -&gt; &lt; [4:12]&#10;|       |       |--SLASH -&gt; / [4:13]&#10;|       |       |--TR_HTML_TAG_NAME -&gt; tr [4:14]&#10;|       |       `--END -&gt; &gt; [4:16]&#10;|       |--TEXT -&gt;   [4:17]&#10;|       `--RB_TAG_END -&gt; RB_TAG_END [4:18]&#10;|           |--START -&gt; &lt; [4:18]&#10;|           |--SLASH -&gt; / [4:19]&#10;|           |--RB_HTML_TAG_NAME -&gt; RB [4:20]&#10;|           `--END -&gt; &gt; [4:22]&#10;|--NEWLINE -&gt; \n [4:23]&#10;|--LEADING_ASTERISK -&gt; * [5:0]&#10;|--TEXT -&gt;   [5:1]&#10;|--HTML_ELEMENT -&gt; HTML_ELEMENT [5:2]&#10;|   `--RB -&gt; RB [5:2]&#10;|       |--RB_TAG_START -&gt; RB_TAG_START [5:2]&#10;|       |   |--START -&gt; &lt; [5:2]&#10;|       |   |--RB_HTML_TAG_NAME -&gt; rb [5:3]&#10;|       |   `--END -&gt; &gt; [5:5]&#10;|       |--TEXT -&gt;   [5:6]&#10;|       |--TR_TAG_START -&gt; TR_TAG_START [5:7]&#10;|       |   |--START -&gt; &lt; [5:7]&#10;|       |   |--TR_HTML_TAG_NAME -&gt; tr [5:8]&#10;|       |   `--END -&gt; &gt; [5:10]&#10;|       |--TEXT -&gt;   [5:11]&#10;|       `--RB_TAG_END -&gt; RB_TAG_END [5:12]&#10;|           |--START -&gt; &lt; [5:12]&#10;|           |--SLASH -&gt; / [5:13]&#10;|           |--RB_HTML_TAG_NAME -&gt; RB [5:14]&#10;|           `--END -&gt; &gt; [5:16]&#10;|--NEWLINE -&gt; \n [5:17]&#10;|--LEADING_ASTERISK -&gt; * [6:0]&#10;|--TEXT -&gt;   [6:1]&#10;|--HTML_ELEMENT -&gt; HTML_ELEMENT [6:2]&#10;|   `--RB_TAG_START -&gt; RB_TAG_START [6:2]&#10;|       |--START -&gt; &lt; [6:2]&#10;|       |--RB_HTML_TAG_NAME -&gt; rb [6:3]&#10;|       `--END -&gt; &gt; [6:5]&#10;|--TEXT -&gt;   [6:6]&#10;|--HTML_ELEMENT -&gt; HTML_ELEMENT [6:7]&#10;|   `--TR_TAG_END -&gt; TR_TAG_END [6:7]&#10;|       |--START -&gt; &lt; [6:7]&#10;|       |--SLASH -&gt; / [6:8]&#10;|       |--TR_HTML_TAG_NAME -&gt; tr [6:9]&#10;|       `--END -&gt; &gt; [6:11]&#10;|--TEXT -&gt;   [6:12]&#10;|--HTML_ELEMENT -&gt; HTML_ELEMENT [6:13]&#10;|   `--RB_TAG_END -&gt; RB_TAG_END [6:13]&#10;|       |--START -&gt; &lt; [6:13]&#10;|       |--SLASH -&gt; / [6:14]&#10;|       |--RB_HTML_TAG_NAME -&gt; RB [6:15]&#10;|       `--END -&gt; &gt; [6:17]&#10;|--NEWLINE -&gt; \n [6:18]&#10;|--LEADING_ASTERISK -&gt; * [7:0]&#10;|--TEXT -&gt;   [7:1]&#10;|--HTML_ELEMENT -&gt; HTML_ELEMENT [7:2]&#10;|   `--RB -&gt; RB [7:2]&#10;|       |--RB_TAG_START -&gt; RB_TAG_START [7:2]&#10;|       |   |--START -&gt; &lt; [7:2]&#10;|       |   |--RB_HTML_TAG_NAME -&gt; rb [7:3]&#10;|       |   `--END -&gt; &gt; [7:5]&#10;|       |--TEXT -&gt;   [7:6]&#10;|       |--TD -&gt; TD [7:7]&#10;|       |   |--TD_TAG_START -&gt; TD_TAG_START [7:7]&#10;|       |   |   |--START -&gt; &lt; [7:7]&#10;|       |   |   |--TD_HTML_TAG_NAME -&gt; td [7:8]&#10;|       |   |   `--END -&gt; &gt; [7:10]&#10;|       |   |--TEXT -&gt;   [7:11]&#10;|       |   `--TD_TAG_END -&gt; TD_TAG_END [7:12]&#10;|       |       |--START -&gt; &lt; [7:12]&#10;|       |       |--SLASH -&gt; / [7:13]&#10;|       |       |--TD_HTML_TAG_NAME -&gt; td [7:14]&#10;|       |       `--END -&gt; &gt; [7:16]&#10;|       |--TEXT -&gt;   [7:17]&#10;|       `--RB_TAG_END -&gt; RB_TAG_END [7:18]&#10;|           |--START -&gt; &lt; [7:18]&#10;|           |--SLASH -&gt; / [7:19]&#10;|           |--RB_HTML_TAG_NAME -&gt; RB [7:20]&#10;|           `--END -&gt; &gt; [7:22]&#10;|--NEWLINE -&gt; \n [7:23]&#10;|--LEADING_ASTERISK -&gt; * [8:0]&#10;|--TEXT -&gt;   [8:1]&#10;|--HTML_ELEMENT -&gt; HTML_ELEMENT [8:2]&#10;|   `--RB -&gt; RB [8:2]&#10;|       |--RB_TAG_START -&gt; RB_TAG_START [8:2]&#10;|       |   |--START -&gt; &lt; [8:2]&#10;|       |   |--RB_HTML_TAG_NAME -&gt; rb [8:3]&#10;|       |   `--END -&gt; &gt; [8:5]&#10;|       |--TEXT -&gt;   [8:6]&#10;|       |--TD_TAG_START -&gt; TD_TAG_START [8:7]&#10;|       |   |--START -&gt; &lt; [8:7]&#10;|       |   |--TD_HTML_TAG_NAME -&gt; td [8:8]&#10;|       |   `--END -&gt; &gt; [8:10]&#10;|       |--TEXT -&gt;   [8:11]&#10;|       `--RB_TAG_END -&gt; RB_TAG_END [8:12]&#10;|           |--START -&gt; &lt; [8:12]&#10;|           |--SLASH -&gt; / [8:13]&#10;|           |--RB_HTML_TAG_NAME -&gt; RB [8:14]&#10;|           `--END -&gt; &gt; [8:16]&#10;|--NEWLINE -&gt; \n [8:17]&#10;|--LEADING_ASTERISK -&gt; * [9:0]&#10;|--TEXT -&gt;   [9:1]&#10;|--HTML_ELEMENT -&gt; HTML_ELEMENT [9:2]&#10;|   `--RB_TAG_START -&gt; RB_TAG_START [9:2]&#10;|       |--START -&gt; &lt; [9:2]&#10;|       |--RB_HTML_TAG_NAME -&gt; rb [9:3]&#10;|       `--END -&gt; &gt; [9:5]&#10;|--TEXT -&gt;   [9:6]&#10;|--HTML_ELEMENT -&gt; HTML_ELEMENT [9:7]&#10;|   `--TD_TAG_END -&gt; TD_TAG_END [9:7]&#10;|       |--START -&gt; &lt; [9:7]&#10;|       |--SLASH -&gt; / [9:8]&#10;|       |--TD_HTML_TAG_NAME -&gt; td [9:9]&#10;|       `--END -&gt; &gt; [9:11]&#10;|--TEXT -&gt;   [9:12]&#10;|--HTML_ELEMENT -&gt; HTML_ELEMENT [9:13]&#10;|   `--RB_TAG_END -&gt; RB_TAG_END [9:13]&#10;|       |--START -&gt; &lt; [9:13]&#10;|       |--SLASH -&gt; / [9:14]&#10;|       |--RB_HTML_TAG_NAME -&gt; RB [9:15]&#10;|       `--END -&gt; &gt; [9:17]&#10;|--NEWLINE -&gt; \n [9:18]&#10;|--LEADING_ASTERISK -&gt; * [10:0]&#10;|--TEXT -&gt;   [10:1]&#10;|--HTML_ELEMENT -&gt; HTML_ELEMENT [10:2]&#10;|   `--RB -&gt; RB [10:2]&#10;|       |--RB_TAG_START -&gt; RB_TAG_START [10:2]&#10;|       |   |--START -&gt; &lt; [10:2]&#10;|       |   |--RB_HTML_TAG_NAME -&gt; rb [10:3]&#10;|       |   `--END -&gt; &gt; [10:5]&#10;|       |--TEXT -&gt;   [10:6]&#10;|       |--TH -&gt; TH [10:7]&#10;|       |   |--TH_TAG_START -&gt; TH_TAG_START [10:7]&#10;|       |   |   |--START -&gt; &lt; [10:7]&#10;|       |   |   |--TH_HTML_TAG_NAME -&gt; th [10:8]&#10;|       |   |   `--END -&gt; &gt; [10:10]&#10;|       |   |--TEXT -&gt;   [10:11]&#10;|       |   `--TH_TAG_END -&gt; TH_TAG_END [10:12]&#10;|       |       |--START -&gt; &lt; [10:12]&#10;|       |       |--SLASH -&gt; / [10:13]&#10;|       |       |--TH_HTML_TAG_NAME -&gt; th [10:14]&#10;|       |       `--END -&gt; &gt; [10:16]&#10;|       |--TEXT -&gt;   [10:17]&#10;|       `--RB_TAG_END -&gt; RB_TAG_END [10:18]&#10;|           |--START -&gt; &lt; [10:18]&#10;|           |--SLASH -&gt; / [10:19]&#10;|           |--RB_HTML_TAG_NAME -&gt; RB [10:20]&#10;|           `--END -&gt; &gt; [10:22]&#10;|--NEWLINE -&gt; \n [10:23]&#10;|--LEADING_ASTERISK -&gt; * [11:0]&#10;|--TEXT -&gt;   [11:1]&#10;|--HTML_ELEMENT -&gt; HTML_ELEMENT [11:2]&#10;|   `--RB -&gt; RB [11:2]&#10;|       |--RB_TAG_START -&gt; RB_TAG_START [11:2]&#10;|       |   |--START -&gt; &lt; [11:2]&#10;|       |   |--RB_HTML_TAG_NAME -&gt; rb [11:3]&#10;|       |   `--END -&gt; &gt; [11:5]&#10;|       |--TEXT -&gt;   [11:6]&#10;|       |--TH_TAG_START -&gt; TH_TAG_START [11:7]&#10;|       |   |--START -&gt; &lt; [11:7]&#10;|       |   |--TH_HTML_TAG_NAME -&gt; th [11:8]&#10;|       |   `--END -&gt; &gt; [11:10]&#10;|       |--TEXT -&gt;   [11:11]&#10;|       `--RB_TAG_END -&gt; RB_TAG_END [11:12]&#10;|           |--START -&gt; &lt; [11:12]&#10;|           |--SLASH -&gt; / [11:13]&#10;|           |--RB_HTML_TAG_NAME -&gt; RB [11:14]&#10;|           `--END -&gt; &gt; [11:16]&#10;|--NEWLINE -&gt; \n [11:17]&#10;|--LEADING_ASTERISK -&gt; * [12:0]&#10;|--TEXT -&gt;   [12:1]&#10;|--HTML_ELEMENT -&gt; HTML_ELEMENT [12:2]&#10;|   `--RB_TAG_START -&gt; RB_TAG_START [12:2]&#10;|       |--START -&gt; &lt; [12:2]&#10;|       |--RB_HTML_TAG_NAME -&gt; rb [12:3]&#10;|       `--END -&gt; &gt; [12:5]&#10;|--TEXT -&gt;   [12:6]&#10;|--HTML_ELEMENT -&gt; HTML_ELEMENT [12:7]&#10;|   `--TH_TAG_END -&gt; TH_TAG_END [12:7]&#10;|       |--START -&gt; &lt; [12:7]&#10;|       |--SLASH -&gt; / [12:8]&#10;|       |--TH_HTML_TAG_NAME -&gt; th [12:9]&#10;|       `--END -&gt; &gt; [12:11]&#10;|--TEXT -&gt;   [12:12]&#10;|--HTML_ELEMENT -&gt; HTML_ELEMENT [12:13]&#10;|   `--RB_TAG_END -&gt; RB_TAG_END [12:13]&#10;|       |--START -&gt; &lt; [12:13]&#10;|       |--SLASH -&gt; / [12:14]&#10;|       |--RB_HTML_TAG_NAME -&gt; RB [12:15]&#10;|       `--END -&gt; &gt; [12:17]&#10;|--NEWLINE -&gt; \n [12:18]&#10;|--LEADING_ASTERISK -&gt; * [13:0]&#10;|--TEXT -&gt;   [13:1]&#10;|--HTML_ELEMENT -&gt; HTML_ELEMENT [13:2]&#10;|   `--RB -&gt; RB [13:2]&#10;|       |--RB_TAG_START -&gt; RB_TAG_START [13:2]&#10;|       |   |--START -&gt; &lt; [13:2]&#10;|       |   |--RB_HTML_TAG_NAME -&gt; rb [13:3]&#10;|       |   `--END -&gt; &gt; [13:5]&#10;|       |--TEXT -&gt;   [13:6]&#10;|       |--BODY -&gt; BODY [13:7]&#10;|       |   |--BODY_TAG_START -&gt; BODY_TAG_START [13:7]&#10;|       |   |   |--START -&gt; &lt; [13:7]&#10;|       |   |   |--BODY_HTML_TAG_NAME -&gt; body [13:8]&#10;|       |   |   `--END -&gt; &gt; [13:12]&#10;|       |   |--TEXT -&gt;   [13:13]&#10;|       |   `--BODY_TAG_END -&gt; BODY_TAG_END [13:14]&#10;|       |       |--START -&gt; &lt; [13:14]&#10;|       |       |--SLASH -&gt; / [13:15]&#10;|       |       |--BODY_HTML_TAG_NAME -&gt; body [13:16]&#10;|       |       `--END -&gt; &gt; [13:20]&#10;|       |--TEXT -&gt;   [13:21]&#10;|       `--RB_TAG_END -&gt; RB_TAG_END [13:22]&#10;|           |--START -&gt; &lt; [13:22]&#10;|           |--SLASH -&gt; / [13:23]&#10;|           |--RB_HTML_TAG_NAME -&gt; RB [13:24]&#10;|           `--END -&gt; &gt; [13:26]&#10;|--NEWLINE -&gt; \n [13:27]&#10;|--LEADING_ASTERISK -&gt; * [14:0]&#10;|--TEXT -&gt;   [14:1]&#10;|--HTML_ELEMENT -&gt; HTML_ELEMENT [14:2]&#10;|   `--RB -&gt; RB [14:2]&#10;|       |--RB_TAG_START -&gt; RB_TAG_START [14:2]&#10;|       |   |--START -&gt; &lt; [14:2]&#10;|       |   |--RB_HTML_TAG_NAME -&gt; rb [14:3]&#10;|       |   `--END -&gt; &gt; [14:5]&#10;|       |--TEXT -&gt;   [14:6]&#10;|       |--BODY_TAG_START -&gt; BODY_TAG_START [14:7]&#10;|       |   |--START -&gt; &lt; [14:7]&#10;|       |   |--BODY_HTML_TAG_NAME -&gt; body [14:8]&#10;|       |   `--END -&gt; &gt; [14:12]&#10;|       |--TEXT -&gt;   [14:13]&#10;|       `--RB_TAG_END -&gt; RB_TAG_END [14:14]&#10;|           |--START -&gt; &lt; [14:14]&#10;|           |--SLASH -&gt; / [14:15]&#10;|           |--RB_HTML_TAG_NAME -&gt; RB [14:16]&#10;|           `--END -&gt; &gt; [14:18]&#10;|--NEWLINE -&gt; \n [14:19]&#10;|--LEADING_ASTERISK -&gt; * [15:0]&#10;|--TEXT -&gt;   [15:1]&#10;|--HTML_ELEMENT -&gt; HTML_ELEMENT [15:2]&#10;|   `--RB_TAG_START -&gt; RB_TAG_START [15:2]&#10;|       |--START -&gt; &lt; [15:2]&#10;|       |--RB_HTML_TAG_NAME -&gt; rb [15:3]&#10;|       `--END -&gt; &gt; [15:5]&#10;|--TEXT -&gt;   [15:6]&#10;|--HTML_ELEMENT -&gt; HTML_ELEMENT [15:7]&#10;|   `--BODY_TAG_END -&gt; BODY_TAG_END [15:7]&#10;|       |--START -&gt; &lt; [15:7]&#10;|       |--SLASH -&gt; / [15:8]&#10;|       |--BODY_HTML_TAG_NAME -&gt; body [15:9]&#10;|       `--END -&gt; &gt; [15:13]&#10;|--TEXT -&gt;   [15:14]&#10;|--HTML_ELEMENT -&gt; HTML_ELEMENT [15:15]&#10;|   `--RB_TAG_END -&gt; RB_TAG_END [15:15]&#10;|       |--START -&gt; &lt; [15:15]&#10;|       |--SLASH -&gt; / [15:16]&#10;|       |--RB_HTML_TAG_NAME -&gt; RB [15:17]&#10;|       `--END -&gt; &gt; [15:19]&#10;|--NEWLINE -&gt; \n [15:20]&#10;|--LEADING_ASTERISK -&gt; * [16:0]&#10;|--TEXT -&gt;   [16:1]&#10;|--HTML_ELEMENT -&gt; HTML_ELEMENT [16:2]&#10;|   `--RB -&gt; RB [16:2]&#10;|       |--RB_TAG_START -&gt; RB_TAG_START [16:2]&#10;|       |   |--START -&gt; &lt; [16:2]&#10;|       |   |--RB_HTML_TAG_NAME -&gt; rb [16:3]&#10;|       |   `--END -&gt; &gt; [16:5]&#10;|       |--TEXT -&gt;   [16:6]&#10;|       |--COLGROUP -&gt; COLGROUP [16:7]&#10;|       |   |--COLGROUP_TAG_START -&gt; COLGROUP_TAG_START [16:7]&#10;|       |   |   |--START -&gt; &lt; [16:7]&#10;|       |   |   |--COLGROUP_HTML_TAG_NAME -&gt; colgroup [16:8]&#10;|       |   |   `--END -&gt; &gt; [16:16]&#10;|       |   |--TEXT -&gt;   [16:17]&#10;|       |   `--COLGROUP_TAG_END -&gt; COLGROUP_TAG_END [16:18]&#10;|       |       |--START -&gt; &lt; [16:18]&#10;|       |       |--SLASH -&gt; / [16:19]&#10;|       |       |--COLGROUP_HTML_TAG_NAME -&gt; colgroup [16:20]&#10;|       |       `--END -&gt; &gt; [16:28]&#10;|       |--TEXT -&gt;   [16:29]&#10;|       `--RB_TAG_END -&gt; RB_TAG_END [16:30]&#10;|           |--START -&gt; &lt; [16:30]&#10;|           |--SLASH -&gt; / [16:31]&#10;|           |--RB_HTML_TAG_NAME -&gt; RB [16:32]&#10;|           `--END -&gt; &gt; [16:34]&#10;|--NEWLINE -&gt; \n [16:35]&#10;|--LEADING_ASTERISK -&gt; * [17:0]&#10;|--TEXT -&gt;   [17:1]&#10;|--HTML_ELEMENT -&gt; HTML_ELEMENT [17:2]&#10;|   `--RB -&gt; RB [17:2]&#10;|       |--RB_TAG_START -&gt; RB_TAG_START [17:2]&#10;|       |   |--START -&gt; &lt; [17:2]&#10;|       |   |--RB_HTML_TAG_NAME -&gt; rb [17:3]&#10;|       |   `--END -&gt; &gt; [17:5]&#10;|       |--TEXT -&gt;   [17:6]&#10;|       |--COLGROUP_TAG_START -&gt; COLGROUP_TAG_START [17:7]&#10;|       |   |--START -&gt; &lt; [17:7]&#10;|       |   |--COLGROUP_HTML_TAG_NAME -&gt; colgroup [17:8]&#10;|       |   `--END -&gt; &gt; [17:16]&#10;|       |--TEXT -&gt;   [17:17]&#10;|       `--RB_TAG_END -&gt; RB_TAG_END [17:18]&#10;|           |--START -&gt; &lt; [17:18]&#10;|           |--SLASH -&gt; / [17:19]&#10;|           |--RB_HTML_TAG_NAME -&gt; RB [17:20]&#10;|           `--END -&gt; &gt; [17:22]&#10;|--NEWLINE -&gt; \n [17:23]&#10;|--LEADING_ASTERISK -&gt; * [18:0]&#10;|--TEXT -&gt;   [18:1]&#10;|--HTML_ELEMENT -&gt; HTML_ELEMENT [18:2]&#10;|   `--RB_TAG_START -&gt; RB_TAG_START [18:2]&#10;|       |--START -&gt; &lt; [18:2]&#10;|       |--RB_HTML_TAG_NAME -&gt; rb [18:3]&#10;|       `--END -&gt; &gt; [18:5]&#10;|--TEXT -&gt;   [18:6]&#10;|--HTML_ELEMENT -&gt; HTML_ELEMENT [18:7]&#10;|   `--COLGROUP_TAG_END -&gt; COLGROUP_TAG_END [18:7]&#10;|       |--START -&gt; &lt; [18:7]&#10;|       |--SLASH -&gt; / [18:8]&#10;|       |--COLGROUP_HTML_TAG_NAME -&gt; colgroup [18:9]&#10;|       `--END -&gt; &gt; [18:17]&#10;|--TEXT -&gt;   [18:18]&#10;|--HTML_ELEMENT -&gt; HTML_ELEMENT [18:19]&#10;|   `--RB_TAG_END -&gt; RB_TAG_END [18:19]&#10;|       |--START -&gt; &lt; [18:19]&#10;|       |--SLASH -&gt; / [18:20]&#10;|       |--RB_HTML_TAG_NAME -&gt; RB [18:21]&#10;|       `--END -&gt; &gt; [18:23]&#10;|--NEWLINE -&gt; \n [18:24]&#10;|--LEADING_ASTERISK -&gt; * [19:0]&#10;|--TEXT -&gt;   [19:1]&#10;|--HTML_ELEMENT -&gt; HTML_ELEMENT [19:2]&#10;|   `--RB -&gt; RB [19:2]&#10;|       |--RB_TAG_START -&gt; RB_TAG_START [19:2]&#10;|       |   |--START -&gt; &lt; [19:2]&#10;|       |   |--RB_HTML_TAG_NAME -&gt; rb [19:3]&#10;|       |   `--END -&gt; &gt; [19:5]&#10;|       |--TEXT -&gt;   [19:6]&#10;|       |--DD -&gt; DD [19:7]&#10;|       |   |--DD_TAG_START -&gt; DD_TAG_START [19:7]&#10;|       |   |   |--START -&gt; &lt; [19:7]&#10;|       |   |   |--DD_HTML_TAG_NAME -&gt; dd [19:8]&#10;|       |   |   `--END -&gt; &gt; [19:10]&#10;|       |   |--TEXT -&gt;   [19:11]&#10;|       |   `--DD_TAG_END -&gt; DD_TAG_END [19:12]&#10;|       |       |--START -&gt; &lt; [19:12]&#10;|       |       |--SLASH -&gt; / [19:13]&#10;|       |       |--DD_HTML_TAG_NAME -&gt; dd [19:14]&#10;|       |       `--END -&gt; &gt; [19:16]&#10;|       |--TEXT -&gt;   [19:17]&#10;|       `--RB_TAG_END -&gt; RB_TAG_END [19:18]&#10;|           |--START -&gt; &lt; [19:18]&#10;|           |--SLASH -&gt; / [19:19]&#10;|           |--RB_HTML_TAG_NAME -&gt; RB [19:20]&#10;|           `--END -&gt; &gt; [19:22]&#10;|--NEWLINE -&gt; \n [19:23]&#10;|--LEADING_ASTERISK -&gt; * [20:0]&#10;|--TEXT -&gt;   [20:1]&#10;|--HTML_ELEMENT -&gt; HTML_ELEMENT [20:2]&#10;|   `--RB -&gt; RB [20:2]&#10;|       |--RB_TAG_START -&gt; RB_TAG_START [20:2]&#10;|       |   |--START -&gt; &lt; [20:2]&#10;|       |   |--RB_HTML_TAG_NAME -&gt; rb [20:3]&#10;|       |   `--END -&gt; &gt; [20:5]&#10;|       |--TEXT -&gt;   [20:6]&#10;|       |--DD_TAG_START -&gt; DD_TAG_START [20:7]&#10;|       |   |--START -&gt; &lt; [20:7]&#10;|       |   |--DD_HTML_TAG_NAME -&gt; dd [20:8]&#10;|       |   `--END -&gt; &gt; [20:10]&#10;|       |--TEXT -&gt;   [20:11]&#10;|       `--RB_TAG_END -&gt; RB_TAG_END [20:12]&#10;|           |--START -&gt; &lt; [20:12]&#10;|           |--SLASH -&gt; / [20:13]&#10;|           |--RB_HTML_TAG_NAME -&gt; RB [20:14]&#10;|           `--END -&gt; &gt; [20:16]&#10;|--NEWLINE -&gt; \n [20:17]&#10;|--LEADING_ASTERISK -&gt; * [21:0]&#10;|--TEXT -&gt;   [21:1]&#10;|--HTML_ELEMENT -&gt; HTML_ELEMENT [21:2]&#10;|   `--RB_TAG_START -&gt; RB_TAG_START [21:2]&#10;|       |--START -&gt; &lt; [21:2]&#10;|       |--RB_HTML_TAG_NAME -&gt; rb [21:3]&#10;|       `--END -&gt; &gt; [21:5]&#10;|--TEXT -&gt;   [21:6]&#10;|--HTML_ELEMENT -&gt; HTML_ELEMENT [21:7]&#10;|   `--DD_TAG_END -&gt; DD_TAG_END [21:7]&#10;|       |--START -&gt; &lt; [21:7]&#10;|       |--SLASH -&gt; / [21:8]&#10;|       |--DD_HTML_TAG_NAME -&gt; dd [21:9]&#10;|       `--END -&gt; &gt; [21:11]&#10;|--TEXT -&gt;   [21:12]&#10;|--HTML_ELEMENT -&gt; HTML_ELEMENT [21:13]&#10;|   `--RB_TAG_END -&gt; RB_TAG_END [21:13]&#10;|       |--START -&gt; &lt; [21:13]&#10;|       |--SLASH -&gt; / [21:14]&#10;|       |--RB_HTML_TAG_NAME -&gt; RB [21:15]&#10;|       `--END -&gt; &gt; [21:17]&#10;|--NEWLINE -&gt; \n [21:18]&#10;|--LEADING_ASTERISK -&gt; * [22:0]&#10;|--TEXT -&gt;   [22:1]&#10;|--HTML_ELEMENT -&gt; HTML_ELEMENT [22:2]&#10;|   `--RB -&gt; RB [22:2]&#10;|       |--RB_TAG_START -&gt; RB_TAG_START [22:2]&#10;|       |   |--START -&gt; &lt; [22:2]&#10;|       |   |--RB_HTML_TAG_NAME -&gt; rb [22:3]&#10;|       |   `--END -&gt; &gt; [22:5]&#10;|       |--TEXT -&gt;   [22:6]&#10;|       |--DT -&gt; DT [22:7]&#10;|       |   |--DT_TAG_START -&gt; DT_TAG_START [22:7]&#10;|       |   |   |--START -&gt; &lt; [22:7]&#10;|       |   |   |--DT_HTML_TAG_NAME -&gt; dt [22:8]&#10;|       |   |   `--END -&gt; &gt; [22:10]&#10;|       |   |--TEXT -&gt;   [22:11]&#10;|       |   `--DT_TAG_END -&gt; DT_TAG_END [22:12]&#10;|       |       |--START -&gt; &lt; [22:12]&#10;|       |       |--SLASH -&gt; / [22:13]&#10;|       |       |--DT_HTML_TAG_NAME -&gt; dt [22:14]&#10;|       |       `--END -&gt; &gt; [22:16]&#10;|       |--TEXT -&gt;   [22:17]&#10;|       `--RB_TAG_END -&gt; RB_TAG_END [22:18]&#10;|           |--START -&gt; &lt; [22:18]&#10;|           |--SLASH -&gt; / [22:19]&#10;|           |--RB_HTML_TAG_NAME -&gt; RB [22:20]&#10;|           `--END -&gt; &gt; [22:22]&#10;|--NEWLINE -&gt; \n [22:23]&#10;|--LEADING_ASTERISK -&gt; * [23:0]&#10;|--TEXT -&gt;   [23:1]&#10;|--HTML_ELEMENT -&gt; HTML_ELEMENT [23:2]&#10;|   `--RB -&gt; RB [23:2]&#10;|       |--RB_TAG_START -&gt; RB_TAG_START [23:2]&#10;|       |   |--START -&gt; &lt; [23:2]&#10;|       |   |--RB_HTML_TAG_NAME -&gt; rb [23:3]&#10;|       |   `--END -&gt; &gt; [23:5]&#10;|       |--TEXT -&gt;   [23:6]&#10;|       |--DT_TAG_START -&gt; DT_TAG_START [23:7]&#10;|       |   |--START -&gt; &lt; [23:7]&#10;|       |   |--DT_HTML_TAG_NAME -&gt; dt [23:8]&#10;|       |   `--END -&gt; &gt; [23:10]&#10;|       |--TEXT -&gt;   [23:11]&#10;|       `--RB_TAG_END -&gt; RB_TAG_END [23:12]&#10;|           |--START -&gt; &lt; [23:12]&#10;|           |--SLASH -&gt; / [23:13]&#10;|           |--RB_HTML_TAG_NAME -&gt; RB [23:14]&#10;|           `--END -&gt; &gt; [23:16]&#10;|--NEWLINE -&gt; \n [23:17]&#10;|--LEADING_ASTERISK -&gt; * [24:0]&#10;|--TEXT -&gt;   [24:1]&#10;|--HTML_ELEMENT -&gt; HTML_ELEMENT [24:2]&#10;|   `--RB_TAG_START -&gt; RB_TAG_START [24:2]&#10;|       |--START -&gt; &lt; [24:2]&#10;|       |--RB_HTML_TAG_NAME -&gt; rb [24:3]&#10;|       `--END -&gt; &gt; [24:5]&#10;|--TEXT -&gt;   [24:6]&#10;|--HTML_ELEMENT -&gt; HTML_ELEMENT [24:7]&#10;|   `--DT_TAG_END -&gt; DT_TAG_END [24:7]&#10;|       |--START -&gt; &lt; [24:7]&#10;|       |--SLASH -&gt; / [24:8]&#10;|       |--DT_HTML_TAG_NAME -&gt; dt [24:9]&#10;|       `--END -&gt; &gt; [24:11]&#10;|--TEXT -&gt;   [24:12]&#10;|--HTML_ELEMENT -&gt; HTML_ELEMENT [24:13]&#10;|   `--RB_TAG_END -&gt; RB_TAG_END [24:13]&#10;|       |--START -&gt; &lt; [24:13]&#10;|       |--SLASH -&gt; / [24:14]&#10;|       |--RB_HTML_TAG_NAME -&gt; RB [24:15]&#10;|       `--END -&gt; &gt; [24:17]&#10;|--NEWLINE -&gt; \n [24:18]&#10;|--LEADING_ASTERISK -&gt; * [25:0]&#10;|--TEXT -&gt;   [25:1]&#10;|--HTML_ELEMENT -&gt; HTML_ELEMENT [25:2]&#10;|   `--RB -&gt; RB [25:2]&#10;|       |--RB_TAG_START -&gt; RB_TAG_START [25:2]&#10;|       |   |--START -&gt; &lt; [25:2]&#10;|       |   |--RB_HTML_TAG_NAME -&gt; rb [25:3]&#10;|       |   `--END -&gt; &gt; [25:5]&#10;|       |--TEXT -&gt;   [25:6]&#10;|       |--HEAD -&gt; HEAD [25:7]&#10;|       |   |--HEAD_TAG_START -&gt; HEAD_TAG_START [25:7]&#10;|       |   |   |--START -&gt; &lt; [25:7]&#10;|       |   |   |--HEAD_HTML_TAG_NAME -&gt; head [25:8]&#10;|       |   |   `--END -&gt; &gt; [25:12]&#10;|       |   |--TEXT -&gt;   [25:13]&#10;|       |   `--HEAD_TAG_END -&gt; HEAD_TAG_END [25:14]&#10;|       |       |--START -&gt; &lt; [25:14]&#10;|       |       |--SLASH -&gt; / [25:15]&#10;|       |       |--HEAD_HTML_TAG_NAME -&gt; head [25:16]&#10;|       |       `--END -&gt; &gt; [25:20]&#10;|       |--TEXT -&gt;   [25:21]&#10;|       `--RB_TAG_END -&gt; RB_TAG_END [25:22]&#10;|           |--START -&gt; &lt; [25:22]&#10;|           |--SLASH -&gt; / [25:23]&#10;|           |--RB_HTML_TAG_NAME -&gt; RB [25:24]&#10;|           `--END -&gt; &gt; [25:26]&#10;|--NEWLINE -&gt; \n [25:27]&#10;|--LEADING_ASTERISK -&gt; * [26:0]&#10;|--TEXT -&gt;   [26:1]&#10;|--HTML_ELEMENT -&gt; HTML_ELEMENT [26:2]&#10;|   `--RB -&gt; RB [26:2]&#10;|       |--RB_TAG_START -&gt; RB_TAG_START [26:2]&#10;|       |   |--START -&gt; &lt; [26:2]&#10;|       |   |--RB_HTML_TAG_NAME -&gt; rb [26:3]&#10;|       |   `--END -&gt; &gt; [26:5]&#10;|       |--TEXT -&gt;   [26:6]&#10;|       |--HEAD_TAG_START -&gt; HEAD_TAG_START [26:7]&#10;|       |   |--START -&gt; &lt; [26:7]&#10;|       |   |--HEAD_HTML_TAG_NAME -&gt; head [26:8]&#10;|       |   `--END -&gt; &gt; [26:12]&#10;|       |--TEXT -&gt;   [26:13]&#10;|       `--RB_TAG_END -&gt; RB_TAG_END [26:14]&#10;|           |--START -&gt; &lt; [26:14]&#10;|           |--SLASH -&gt; / [26:15]&#10;|           |--RB_HTML_TAG_NAME -&gt; RB [26:16]&#10;|           `--END -&gt; &gt; [26:18]&#10;|--NEWLINE -&gt; \n [26:19]&#10;|--LEADING_ASTERISK -&gt; * [27:0]&#10;|--TEXT -&gt;   [27:1]&#10;|--HTML_ELEMENT -&gt; HTML_ELEMENT [27:2]&#10;|   `--RB_TAG_START -&gt; RB_TAG_START [27:2]&#10;|       |--START -&gt; &lt; [27:2]&#10;|       |--RB_HTML_TAG_NAME -&gt; rb [27:3]&#10;|       `--END -&gt; &gt; [27:5]&#10;|--TEXT -&gt;   [27:6]&#10;|--HTML_ELEMENT -&gt; HTML_ELEMENT [27:7]&#10;|   `--HEAD_TAG_END -&gt; HEAD_TAG_END [27:7]&#10;|       |--START -&gt; &lt; [27:7]&#10;|       |--SLASH -&gt; / [27:8]&#10;|       |--HEAD_HTML_TAG_NAME -&gt; head [27:9]&#10;|       `--END -&gt; &gt; [27:13]&#10;|--TEXT -&gt;   [27:14]&#10;|--HTML_ELEMENT -&gt; HTML_ELEMENT [27:15]&#10;|   `--RB_TAG_END -&gt; RB_TAG_END [27:15]&#10;|       |--START -&gt; &lt; [27:15]&#10;|       |--SLASH -&gt; / [27:16]&#10;|       |--RB_HTML_TAG_NAME -&gt; RB [27:17]&#10;|       `--END -&gt; &gt; [27:19]&#10;|--NEWLINE -&gt; \n [27:20]&#10;|--LEADING_ASTERISK -&gt; * [28:0]&#10;|--TEXT -&gt;   [28:1]&#10;|--HTML_ELEMENT -&gt; HTML_ELEMENT [28:2]&#10;|   `--RB -&gt; RB [28:2]&#10;|       |--RB_TAG_START -&gt; RB_TAG_START [28:2]&#10;|       |   |--START -&gt; &lt; [28:2]&#10;|       |   |--RB_HTML_TAG_NAME -&gt; rb [28:3]&#10;|       |   `--END -&gt; &gt; [28:5]&#10;|       |--TEXT -&gt;   [28:6]&#10;|       |--HTML -&gt; HTML [28:7]&#10;|       |   |--HTML_TAG_START -&gt; HTML_TAG_START [28:7]&#10;|       |   |   |--START -&gt; &lt; [28:7]&#10;|       |   |   |--HTML_HTML_TAG_NAME -&gt; html [28:8]&#10;|       |   |   `--END -&gt; &gt; [28:12]&#10;|       |   |--TEXT -&gt;   [28:13]&#10;|       |   `--HTML_TAG_END -&gt; HTML_TAG_END [28:14]&#10;|       |       |--START -&gt; &lt; [28:14]&#10;|       |       |--SLASH -&gt; / [28:15]&#10;|       |       |--HTML_HTML_TAG_NAME -&gt; html [28:16]&#10;|       |       `--END -&gt; &gt; [28:20]&#10;|       |--TEXT -&gt;   [28:21]&#10;|       `--RB_TAG_END -&gt; RB_TAG_END [28:22]&#10;|           |--START -&gt; &lt; [28:22]&#10;|           |--SLASH -&gt; / [28:23]&#10;|           |--RB_HTML_TAG_NAME -&gt; RB [28:24]&#10;|           `--END -&gt; &gt; [28:26]&#10;|--NEWLINE -&gt; \n [28:27]&#10;|--LEADING_ASTERISK -&gt; * [29:0]&#10;|--TEXT -&gt;   [29:1]&#10;|--HTML_ELEMENT -&gt; HTML_ELEMENT [29:2]&#10;|   `--RB -&gt; RB [29:2]&#10;|       |--RB_TAG_START -&gt; RB_TAG_START [29:2]&#10;|       |   |--START -&gt; &lt; [29:2]&#10;|       |   |--RB_HTML_TAG_NAME -&gt; rb [29:3]&#10;|       |   `--END -&gt; &gt; [29:5]&#10;|       |--TEXT -&gt;   [29:6]&#10;|       |--HTML_TAG_START -&gt; HTML_TAG_START [29:7]&#10;|       |   |--START -&gt; &lt; [29:7]&#10;|       |   |--HTML_HTML_TAG_NAME -&gt; html [29:8]&#10;|       |   `--END -&gt; &gt; [29:12]&#10;|       |--TEXT -&gt;   [29:13]&#10;|       `--RB_TAG_END -&gt; RB_TAG_END [29:14]&#10;|           |--START -&gt; &lt; [29:14]&#10;|           |--SLASH -&gt; / [29:15]&#10;|           |--RB_HTML_TAG_NAME -&gt; RB [29:16]&#10;|           `--END -&gt; &gt; [29:18]&#10;|--NEWLINE -&gt; \n [29:19]&#10;|--LEADING_ASTERISK -&gt; * [30:0]&#10;|--TEXT -&gt;   [30:1]&#10;|--HTML_ELEMENT -&gt; HTML_ELEMENT [30:2]&#10;|   `--RB_TAG_START -&gt; RB_TAG_START [30:2]&#10;|       |--START -&gt; &lt; [30:2]&#10;|       |--RB_HTML_TAG_NAME -&gt; rb [30:3]&#10;|       `--END -&gt; &gt; [30:5]&#10;|--TEXT -&gt;   [30:6]&#10;|--HTML_ELEMENT -&gt; HTML_ELEMENT [30:7]&#10;|   `--HTML_TAG_END -&gt; HTML_TAG_END [30:7]&#10;|       |--START -&gt; &lt; [30:7]&#10;|       |--SLASH -&gt; / [30:8]&#10;|       |--HTML_HTML_TAG_NAME -&gt; html [30:9]&#10;|       `--END -&gt; &gt; [30:13]&#10;|--TEXT -&gt;   [30:14]&#10;|--HTML_ELEMENT -&gt; HTML_ELEMENT [30:15]&#10;|   `--RB_TAG_END -&gt; RB_TAG_END [30:15]&#10;|       |--START -&gt; &lt; [30:15]&#10;|       |--SLASH -&gt; / [30:16]&#10;|       |--RB_HTML_TAG_NAME -&gt; RB [30:17]&#10;|       `--END -&gt; &gt; [30:19]&#10;|--NEWLINE -&gt; \n [30:20]&#10;|--LEADING_ASTERISK -&gt; * [31:0]&#10;|--TEXT -&gt;   [31:1]&#10;|--HTML_ELEMENT -&gt; HTML_ELEMENT [31:2]&#10;|   `--RB -&gt; RB [31:2]&#10;|       |--RB_TAG_START -&gt; RB_TAG_START [31:2]&#10;|       |   |--START -&gt; &lt; [31:2]&#10;|       |   |--RB_HTML_TAG_NAME -&gt; rb [31:3]&#10;|       |   `--END -&gt; &gt; [31:5]&#10;|       |--TEXT -&gt;   [31:6]&#10;|       |--OPTION -&gt; OPTION [31:7]&#10;|       |   |--OPTION_TAG_START -&gt; OPTION_TAG_START [31:7]&#10;|       |   |   |--START -&gt; &lt; [31:7]&#10;|       |   |   |--OPTION_HTML_TAG_NAME -&gt; option [31:8]&#10;|       |   |   `--END -&gt; &gt; [31:14]&#10;|       |   |--TEXT -&gt;   [31:15]&#10;|       |   `--OPTION_TAG_END -&gt; OPTION_TAG_END [31:16]&#10;|       |       |--START -&gt; &lt; [31:16]&#10;|       |       |--SLASH -&gt; / [31:17]&#10;|       |       |--OPTION_HTML_TAG_NAME -&gt; option [31:18]&#10;|       |       `--END -&gt; &gt; [31:24]&#10;|       |--TEXT -&gt;   [31:25]&#10;|       `--RB_TAG_END -&gt; RB_TAG_END [31:26]&#10;|           |--START -&gt; &lt; [31:26]&#10;|           |--SLASH -&gt; / [31:27]&#10;|           |--RB_HTML_TAG_NAME -&gt; RB [31:28]&#10;|           `--END -&gt; &gt; [31:30]&#10;|--NEWLINE -&gt; \n [31:31]&#10;|--LEADING_ASTERISK -&gt; * [32:0]&#10;|--TEXT -&gt;   [32:1]&#10;|--HTML_ELEMENT -&gt; HTML_ELEMENT [32:2]&#10;|   `--RB -&gt; RB [32:2]&#10;|       |--RB_TAG_START -&gt; RB_TAG_START [32:2]&#10;|       |   |--START -&gt; &lt; [32:2]&#10;|       |   |--RB_HTML_TAG_NAME -&gt; rb [32:3]&#10;|       |   `--END -&gt; &gt; [32:5]&#10;|       |--TEXT -&gt;   [32:6]&#10;|       |--OPTION_TAG_START -&gt; OPTION_TAG_START [32:7]&#10;|       |   |--START -&gt; &lt; [32:7]&#10;|       |   |--OPTION_HTML_TAG_NAME -&gt; option [32:8]&#10;|       |   `--END -&gt; &gt; [32:14]&#10;|       |--TEXT -&gt;   [32:15]&#10;|       `--RB_TAG_END -&gt; RB_TAG_END [32:16]&#10;|           |--START -&gt; &lt; [32:16]&#10;|           |--SLASH -&gt; / [32:17]&#10;|           |--RB_HTML_TAG_NAME -&gt; RB [32:18]&#10;|           `--END -&gt; &gt; [32:20]&#10;|--NEWLINE -&gt; \n [32:21]&#10;|--LEADING_ASTERISK -&gt; * [33:0]&#10;|--TEXT -&gt;   [33:1]&#10;|--HTML_ELEMENT -&gt; HTML_ELEMENT [33:2]&#10;|   `--RB_TAG_START -&gt; RB_TAG_START [33:2]&#10;|       |--START -&gt; &lt; [33:2]&#10;|       |--RB_HTML_TAG_NAME -&gt; rb [33:3]&#10;|       `--END -&gt; &gt; [33:5]&#10;|--TEXT -&gt;   [33:6]&#10;|--HTML_ELEMENT -&gt; HTML_ELEMENT [33:7]&#10;|   `--OPTION_TAG_END -&gt; OPTION_TAG_END [33:7]&#10;|       |--START -&gt; &lt; [33:7]&#10;|       |--SLASH -&gt; / [33:8]&#10;|       |--OPTION_HTML_TAG_NAME -&gt; option [33:9]&#10;|       `--END -&gt; &gt; [33:15]&#10;|--TEXT -&gt;   [33:16]&#10;|--HTML_ELEMENT -&gt; HTML_ELEMENT [33:17]&#10;|   `--RB_TAG_END -&gt; RB_TAG_END [33:17]&#10;|       |--START -&gt; &lt; [33:17]&#10;|       |--SLASH -&gt; / [33:18]&#10;|       |--RB_HTML_TAG_NAME -&gt; RB [33:19]&#10;|       `--END -&gt; &gt; [33:21]&#10;|--NEWLINE -&gt; \n [33:22]&#10;|--LEADING_ASTERISK -&gt; * [34:0]&#10;|--TEXT -&gt;   [34:1]&#10;|--HTML_ELEMENT -&gt; HTML_ELEMENT [34:2]&#10;|   `--RB -&gt; RB [34:2]&#10;|       |--RB_TAG_START -&gt; RB_TAG_START [34:2]&#10;|       |   |--START -&gt; &lt; [34:2]&#10;|       |   |--RB_HTML_TAG_NAME -&gt; rb [34:3]&#10;|       |   `--END -&gt; &gt; [34:5]&#10;|       |--TEXT -&gt;   [34:6]&#10;|       |--TBODY -&gt; TBODY [34:7]&#10;|       |   |--TBODY_TAG_START -&gt; TBODY_TAG_START [34:7]&#10;|       |   |   |--START -&gt; &lt; [34:7]&#10;|       |   |   |--TBODY_HTML_TAG_NAME -&gt; tbody [34:8]&#10;|       |   |   `--END -&gt; &gt; [34:13]&#10;|       |   |--TEXT -&gt;   [34:14]&#10;|       |   `--TBODY_TAG_END -&gt; TBODY_TAG_END [34:15]&#10;|       |       |--START -&gt; &lt; [34:15]&#10;|       |       |--SLASH -&gt; / [34:16]&#10;|       |       |--TBODY_HTML_TAG_NAME -&gt; tbody [34:17]&#10;|       |       `--END -&gt; &gt; [34:22]&#10;|       |--TEXT -&gt;   [34:23]&#10;|       `--RB_TAG_END -&gt; RB_TAG_END [34:24]&#10;|           |--START -&gt; &lt; [34:24]&#10;|           |--SLASH -&gt; / [34:25]&#10;|           |--RB_HTML_TAG_NAME -&gt; rB [34:26]&#10;|           `--END -&gt; &gt; [34:28]&#10;|--NEWLINE -&gt; \n [34:29]&#10;|--LEADING_ASTERISK -&gt; * [35:0]&#10;|--TEXT -&gt;   [35:1]&#10;|--HTML_ELEMENT -&gt; HTML_ELEMENT [35:2]&#10;|   `--RB -&gt; RB [35:2]&#10;|       |--RB_TAG_START -&gt; RB_TAG_START [35:2]&#10;|       |   |--START -&gt; &lt; [35:2]&#10;|       |   |--RB_HTML_TAG_NAME -&gt; rb [35:3]&#10;|       |   `--END -&gt; &gt; [35:5]&#10;|       |--TEXT -&gt;   [35:6]&#10;|       |--TBODY_TAG_START -&gt; TBODY_TAG_START [35:7]&#10;|       |   |--START -&gt; &lt; [35:7]&#10;|       |   |--TBODY_HTML_TAG_NAME -&gt; tbody [35:8]&#10;|       |   `--END -&gt; &gt; [35:13]&#10;|       |--TEXT -&gt;   [35:14]&#10;|       `--RB_TAG_END -&gt; RB_TAG_END [35:15]&#10;|           |--START -&gt; &lt; [35:15]&#10;|           |--SLASH -&gt; / [35:16]&#10;|           |--RB_HTML_TAG_NAME -&gt; RB [35:17]&#10;|           `--END -&gt; &gt; [35:19]&#10;|--NEWLINE -&gt; \n [35:20]&#10;|--LEADING_ASTERISK -&gt; * [36:0]&#10;|--TEXT -&gt;   [36:1]&#10;|--HTML_ELEMENT -&gt; HTML_ELEMENT [36:2]&#10;|   `--RB_TAG_START -&gt; RB_TAG_START [36:2]&#10;|       |--START -&gt; &lt; [36:2]&#10;|       |--RB_HTML_TAG_NAME -&gt; rb [36:3]&#10;|       `--END -&gt; &gt; [36:5]&#10;|--TEXT -&gt;   [36:6]&#10;|--HTML_ELEMENT -&gt; HTML_ELEMENT [36:7]&#10;|   `--TBODY_TAG_END -&gt; TBODY_TAG_END [36:7]&#10;|       |--START -&gt; &lt; [36:7]&#10;|       |--SLASH -&gt; / [36:8]&#10;|       |--TBODY_HTML_TAG_NAME -&gt; tbody [36:9]&#10;|       `--END -&gt; &gt; [36:14]&#10;|--TEXT -&gt;   [36:15]&#10;|--HTML_ELEMENT -&gt; HTML_ELEMENT [36:16]&#10;|   `--RB_TAG_END -&gt; RB_TAG_END [36:16]&#10;|       |--START -&gt; &lt; [36:16]&#10;|       |--SLASH -&gt; / [36:17]&#10;|       |--RB_HTML_TAG_NAME -&gt; RB [36:18]&#10;|       `--END -&gt; &gt; [36:20]&#10;|--NEWLINE -&gt; \n [36:21]&#10;|--LEADING_ASTERISK -&gt; * [37:0]&#10;|--TEXT -&gt;   [37:1]&#10;|--HTML_ELEMENT -&gt; HTML_ELEMENT [37:2]&#10;|   `--RB -&gt; RB [37:2]&#10;|       |--RB_TAG_START -&gt; RB_TAG_START [37:2]&#10;|       |   |--START -&gt; &lt; [37:2]&#10;|       |   |--RB_HTML_TAG_NAME -&gt; rb [37:3]&#10;|       |   `--END -&gt; &gt; [37:5]&#10;|       |--TEXT -&gt;   [37:6]&#10;|       |--TFOOT -&gt; TFOOT [37:7]&#10;|       |   |--TFOOT_TAG_START -&gt; TFOOT_TAG_START [37:7]&#10;|       |   |   |--START -&gt; &lt; [37:7]&#10;|       |   |   |--TFOOT_HTML_TAG_NAME -&gt; tfoot [37:8]&#10;|       |   |   `--END -&gt; &gt; [37:13]&#10;|       |   |--TEXT -&gt;   [37:14]&#10;|       |   `--TFOOT_TAG_END -&gt; TFOOT_TAG_END [37:15]&#10;|       |       |--START -&gt; &lt; [37:15]&#10;|       |       |--SLASH -&gt; / [37:16]&#10;|       |       |--TFOOT_HTML_TAG_NAME -&gt; tfoot [37:17]&#10;|       |       `--END -&gt; &gt; [37:22]&#10;|       |--TEXT -&gt;   [37:23]&#10;|       `--RB_TAG_END -&gt; RB_TAG_END [37:24]&#10;|           |--START -&gt; &lt; [37:24]&#10;|           |--SLASH -&gt; / [37:25]&#10;|           |--RB_HTML_TAG_NAME -&gt; RB [37:26]&#10;|           `--END -&gt; &gt; [37:28]&#10;|--NEWLINE -&gt; \n [37:29]&#10;|--LEADING_ASTERISK -&gt; * [38:0]&#10;|--TEXT -&gt;   [38:1]&#10;|--HTML_ELEMENT -&gt; HTML_ELEMENT [38:2]&#10;|   `--RB -&gt; RB [38:2]&#10;|       |--RB_TAG_START -&gt; RB_TAG_START [38:2]&#10;|       |   |--START -&gt; &lt; [38:2]&#10;|       |   |--RB_HTML_TAG_NAME -&gt; rb [38:3]&#10;|       |   `--END -&gt; &gt; [38:5]&#10;|       |--TEXT -&gt;   [38:6]&#10;|       |--TFOOT_TAG_START -&gt; TFOOT_TAG_START [38:7]&#10;|       |   |--START -&gt; &lt; [38:7]&#10;|       |   |--TFOOT_HTML_TAG_NAME -&gt; tfoot [38:8]&#10;|       |   `--END -&gt; &gt; [38:13]&#10;|       |--TEXT -&gt;   [38:14]&#10;|       `--RB_TAG_END -&gt; RB_TAG_END [38:15]&#10;|           |--START -&gt; &lt; [38:15]&#10;|           |--SLASH -&gt; / [38:16]&#10;|           |--RB_HTML_TAG_NAME -&gt; RB [38:17]&#10;|           `--END -&gt; &gt; [38:19]&#10;|--NEWLINE -&gt; \n [38:20]&#10;|--LEADING_ASTERISK -&gt; * [39:0]&#10;|--TEXT -&gt;   [39:1]&#10;|--HTML_ELEMENT -&gt; HTML_ELEMENT [39:2]&#10;|   `--RB_TAG_START -&gt; RB_TAG_START [39:2]&#10;|       |--START -&gt; &lt; [39:2]&#10;|       |--RB_HTML_TAG_NAME -&gt; rb [39:3]&#10;|       `--END -&gt; &gt; [39:5]&#10;|--TEXT -&gt;   [39:6]&#10;|--HTML_ELEMENT -&gt; HTML_ELEMENT [39:7]&#10;|   `--TFOOT_TAG_END -&gt; TFOOT_TAG_END [39:7]&#10;|       |--START -&gt; &lt; [39:7]&#10;|       |--SLASH -&gt; / [39:8]&#10;|       |--TFOOT_HTML_TAG_NAME -&gt; tfoot [39:9]&#10;|       `--END -&gt; &gt; [39:14]&#10;|--TEXT -&gt;   [39:15]&#10;|--HTML_ELEMENT -&gt; HTML_ELEMENT [39:16]&#10;|   `--RB_TAG_END -&gt; RB_TAG_END [39:16]&#10;|       |--START -&gt; &lt; [39:16]&#10;|       |--SLASH -&gt; / [39:17]&#10;|       |--RB_HTML_TAG_NAME -&gt; RB [39:18]&#10;|       `--END -&gt; &gt; [39:20]&#10;|--NEWLINE -&gt; \n [39:21]&#10;|--LEADING_ASTERISK -&gt; * [40:0]&#10;|--TEXT -&gt;   [40:1]&#10;|--HTML_ELEMENT -&gt; HTML_ELEMENT [40:2]&#10;|   `--RB -&gt; RB [40:2]&#10;|       |--RB_TAG_START -&gt; RB_TAG_START [40:2]&#10;|       |   |--START -&gt; &lt; [40:2]&#10;|       |   |--RB_HTML_TAG_NAME -&gt; rb [40:3]&#10;|       |   |--WS -&gt;   [40:5]&#10;|       |   |--ATTRIBUTE -&gt; ATTRIBUTE [40:6]&#10;|       |   |   |--HTML_TAG_NAME -&gt; style [40:6]&#10;|       |   |   |--EQUALS -&gt; = [40:11]&#10;|       |   |   `--ATTR_VALUE -&gt; &quot;color:red&quot; [40:12]&#10;|       |   |--WS -&gt;   [40:24]&#10;|       |   |--NEWLINE -&gt; \n [40:25]&#10;|       |   |--LEADING_ASTERISK -&gt; * [41:0]&#10;|       |   |--NEWLINE -&gt; \n [41:1]&#10;|       |   |--LEADING_ASTERISK -&gt; * [42:0]&#10;|       |   |--WS -&gt;   [42:1]&#10;|       |   `--END -&gt; &gt; [42:2]&#10;|       |--TEXT -&gt;   [42:3]&#10;|       |--HTML_COMMENT -&gt; HTML_COMMENT [42:4]&#10;|       |   |--HTML_COMMENT_START -&gt; &lt;!-- [42:4]&#10;|       |   |--TEXT -&gt; HTML COMMENT [42:8]&#10;|       |   `--HTML_COMMENT_END -&gt; --&gt; [42:20]&#10;|       |--TEXT -&gt;    [42:23]&#10;|       `--RB_TAG_END -&gt; RB_TAG_END [42:25]&#10;|           |--START -&gt; &lt; [42:25]&#10;|           |--SLASH -&gt; / [42:26]&#10;|           |--RB_HTML_TAG_NAME -&gt; Rb [42:27]&#10;|           |--NEWLINE -&gt; \n [42:29]&#10;|           |--LEADING_ASTERISK -&gt; * [43:0]&#10;|           |--NEWLINE -&gt; \n [43:1]&#10;|           |--LEADING_ASTERISK -&gt; * [44:0]&#10;|           |--WS -&gt;   [44:1]&#10;|           `--END -&gt; &gt; [44:2]&#10;|--NEWLINE -&gt; \n [44:3]&#10;`--EOF -&gt; &lt;EOF&gt; [45:0]&#13;]&#10;&gt;" type="org.junit.ComparisonFailure"><![CDATA[org.junit.ComparisonFailure: 
Generated tree from the javadoc file should match the pre-defined tree expected:<...DOC -> JAVADOC [0:0][
|--LEADING_ASTERISK -> * [0:0]
|--TEXT ->   [0:1]
|--HTML_ELEMENT -> HTML_ELEMENT [0:2]
|   `--RB -> RB [0:2]
|       |--RB_TAG_START -> RB_TAG_START [0:2]
|       |   |--START -> < [0:2]
|       |   |--RB_HTML_TAG_NAME -> rb [0:3]
|       |   `--END -> > [0:5]
|       |--TEXT ->   [0:6]
|       `--RB_TAG_END -> RB_TAG_END [0:7]
|           |--START -> < [0:7]
|           |--SLASH -> / [0:8]
|           |--RB_HTML_TAG_NAME -> RB [0:9]
|           `--END -> > [0:11]
|--NEWLINE -> \n [0:12]
|--LEADING_ASTERISK -> * [1:0]
|--TEXT ->   [1:1]
|--HTML_ELEMENT -> HTML_ELEMENT [1:2]
|   `--RB -> RB [1:2]
|       |--RB_TAG_START -> RB_TAG_START [1:2]
|       |   |--START -> < [1:2]
|       |   |--RB_HTML_TAG_NAME -> rb [1:3]
|       |   `--END -> > [1:5]
|       |--TEXT ->   [1:6]
|       |--LI -> LI [1:7]
|       |   |--LI_TAG_START -> LI_TAG_START [1:7]
|       |   |   |--START -> < [1:7]
|       |   |   |--LI_HTML_TAG_NAME -> li [1:8]
|       |   |   `--END -> > [1:10]
|       |   |--TEXT ->   [1:11]
|       |   `--LI_TAG_END -> LI_TAG_END [1:12]
|       |       |--START -> < [1:12]
|       |       |--SLASH -> / [1:13]
|       |       |--LI_HTML_TAG_NAME -> li [1:14]
|       |       `--END -> > [1:16]
|       |--TEXT ->   [1:17]
|       `--RB_TAG_END -> RB_TAG_END [1:18]
|           |--START -> < [1:18]
|           |--SLASH -> / [1:19]
|           |--RB_HTML_TAG_NAME -> RB [1:20]
|           `--END -> > [1:22]
|--NEWLINE -> \n [1:23]
|--LEADING_ASTERISK -> * [2:0]
|--TEXT ->   [2:1]
|--HTML_ELEMENT -> HTML_ELEMENT [2:2]
|   `--RB -> RB [2:2]
|       |--RB_TAG_START -> RB_TAG_START [2:2]
|       |   |--START -> < [2:2]
|       |   |--RB_HTML_TAG_NAME -> rb [2:3]
|       |   `--END -> > [2:5]
|       |--TEXT ->   [2:6]
|       |--LI_TAG_START -> LI_TAG_START [2:7]
|       |   |--START -> < [2:7]
|       |   |--LI_HTML_TAG_NAME -> li [2:8]
|       |   `--END -> > [2:10]
|       |--TEXT ->   [2:11]
|       `--RB_TAG_END -> RB_TAG_END [2:12]
|           |--START -> < [2:12]
|           |--SLASH -> / [2:13]
|           |--RB_HTML_TAG_NAME -> RB [2:14]
|           `--END -> > [2:16]
|--NEWLINE -> \n [2:17]
|--LEADING_ASTERISK -> * [3:0]
|--TEXT ->   [3:1]
|--HTML_ELEMENT -> HTML_ELEMENT [3:2]
|   `--RB_TAG_START -> RB_TAG_START [3:2]
|       |--START -> < [3:2]
|       |--RB_HTML_TAG_NAME -> rb [3:3]
|       `--END -> > [3:5]
|--TEXT ->   [3:6]
|--HTML_ELEMENT -> HTML_ELEMENT [3:7]
|   `--LI_TAG_END -> LI_TAG_END [3:7]
|       |--START -> < [3:7]
|       |--SLASH -> / [3:8]
|       |--LI_HTML_TAG_NAME -> li [3:9]
|       `--END -> > [3:11]
|--TEXT ->   [3:12]
|--HTML_ELEMENT -> HTML_ELEMENT [3:13]
|   `--RB_TAG_END -> RB_TAG_END [3:13]
|       |--START -> < [3:13]
|       |--SLASH -> / [3:14]
|       |--RB_HTML_TAG_NAME -> RB [3:15]
|       `--END -> > [3:17]
|--NEWLINE -> \n [3:18]
|--LEADING_ASTERISK -> * [4:0]
|--TEXT ->   [4:1]
|--HTML_ELEMENT -> HTML_ELEMENT [4:2]
|   `--RB -> RB [4:2]
|       |--RB_TAG_START -> RB_TAG_START [4:2]
|       |   |--START -> < [4:2]
|       |   |--RB_HTML_TAG_NAME -> rb [4:3]
|       |   `--END -> > [4:5]
|       |--TEXT ->   [4:6]
|       |--TR -> TR [4:7]
|       |   |--TR_TAG_START -> TR_TAG_START [4:7]
|       |   |   |--START -> < [4:7]
|       |   |   |--TR_HTML_TAG_NAME -> tr [4:8]
|       |   |   `--END -> > [4:10]
|       |   |--TEXT ->   [4:11]
|       |   `--TR_TAG_END -> TR_TAG_END [4:12]
|       |       |--START -> < [4:12]
|       |       |--SLASH -> / [4:13]
|       |       |--TR_HTML_TAG_NAME -> tr [4:14]
|       |       `--END -> > [4:16]
|       |--TEXT ->   [4:17]
|       `--RB_TAG_END -> RB_TAG_END [4:18]
|           |--START -> < [4:18]
|           |--SLASH -> / [4:19]
|           |--RB_HTML_TAG_NAME -> RB [4:20]
|           `--END -> > [4:22]
|--NEWLINE -> \n [4:23]
|--LEADING_ASTERISK -> * [5:0]
|--TEXT ->   [5:1]
|--HTML_ELEMENT -> HTML_ELEMENT [5:2]
|   `--RB -> RB [5:2]
|       |--RB_TAG_START -> RB_TAG_START [5:2]
|       |   |--START -> < [5:2]
|       |   |--RB_HTML_TAG_NAME -> rb [5:3]
|       |   `--END -> > [5:5]
|       |--TEXT ->   [5:6]
|       |--TR_TAG_START -> TR_TAG_START [5:7]
|       |   |--START -> < [5:7]
|       |   |--TR_HTML_TAG_NAME -> tr [5:8]
|       |   `--END -> > [5:10]
|       |--TEXT ->   [5:11]
|       `--RB_TAG_END -> RB_TAG_END [5:12]
|           |--START -> < [5:12]
|           |--SLASH -> / [5:13]
|           |--RB_HTML_TAG_NAME -> RB [5:14]
|           `--END -> > [5:16]
|--NEWLINE -> \n [5:17]
|--LEADING_ASTERISK -> * [6:0]
|--TEXT ->   [6:1]
|--HTML_ELEMENT -> HTML_ELEMENT [6:2]
|   `--RB_TAG_START -> RB_TAG_START [6:2]
|       |--START -> < [6:2]
|       |--RB_HTML_TAG_NAME -> rb [6:3]
|       `--END -> > [6:5]
|--TEXT ->   [6:6]
|--HTML_ELEMENT -> HTML_ELEMENT [6:7]
|   `--TR_TAG_END -> TR_TAG_END [6:7]
|       |--START -> < [6:7]
|       |--SLASH -> / [6:8]
|       |--TR_HTML_TAG_NAME -> tr [6:9]
|       `--END -> > [6:11]
|--TEXT ->   [6:12]
|--HTML_ELEMENT -> HTML_ELEMENT [6:13]
|   `--RB_TAG_END -> RB_TAG_END [6:13]
|       |--START -> < [6:13]
|       |--SLASH -> / [6:14]
|       |--RB_HTML_TAG_NAME -> RB [6:15]
|       `--END -> > [6:17]
|--NEWLINE -> \n [6:18]
|--LEADING_ASTERISK -> * [7:0]
|--TEXT ->   [7:1]
|--HTML_ELEMENT -> HTML_ELEMENT [7:2]
|   `--RB -> RB [7:2]
|       |--RB_TAG_START -> RB_TAG_START [7:2]
|       |   |--START -> < [7:2]
|       |   |--RB_HTML_TAG_NAME -> rb [7:3]
|       |   `--END -> > [7:5]
|       |--TEXT ->   [7:6]
|       |--TD -> TD [7:7]
|       |   |--TD_TAG_START -> TD_TAG_START [7:7]
|       |   |   |--START -> < [7:7]
|       |   |   |--TD_HTML_TAG_NAME -> td [7:8]
|       |   |   `--END -> > [7:10]
|       |   |--TEXT ->   [7:11]
|       |   `--TD_TAG_END -> TD_TAG_END [7:12]
|       |       |--START -> < [7:12]
|       |       |--SLASH -> / [7:13]
|       |       |--TD_HTML_TAG_NAME -> td [7:14]
|       |       `--END -> > [7:16]
|       |--TEXT ->   [7:17]
|       `--RB_TAG_END -> RB_TAG_END [7:18]
|           |--START -> < [7:18]
|           |--SLASH -> / [7:19]
|           |--RB_HTML_TAG_NAME -> RB [7:20]
|           `--END -> > [7:22]
|--NEWLINE -> \n [7:23]
|--LEADING_ASTERISK -> * [8:0]
|--TEXT ->   [8:1]
|--HTML_ELEMENT -> HTML_ELEMENT [8:2]
|   `--RB -> RB [8:2]
|       |--RB_TAG_START -> RB_TAG_START [8:2]
|       |   |--START -> < [8:2]
|       |   |--RB_HTML_TAG_NAME -> rb [8:3]
|       |   `--END -> > [8:5]
|       |--TEXT ->   [8:6]
|       |--TD_TAG_START -> TD_TAG_START [8:7]
|       |   |--START -> < [8:7]
|       |   |--TD_HTML_TAG_NAME -> td [8:8]
|       |   `--END -> > [8:10]
|       |--TEXT ->   [8:11]
|       `--RB_TAG_END -> RB_TAG_END [8:12]
|           |--START -> < [8:12]
|           |--SLASH -> / [8:13]
|           |--RB_HTML_TAG_NAME -> RB [8:14]
|           `--END -> > [8:16]
|--NEWLINE -> \n [8:17]
|--LEADING_ASTERISK -> * [9:0]
|--TEXT ->   [9:1]
|--HTML_ELEMENT -> HTML_ELEMENT [9:2]
|   `--RB_TAG_START -> RB_TAG_START [9:2]
|       |--START -> < [9:2]
|       |--RB_HTML_TAG_NAME -> rb [9:3]
|       `--END -> > [9:5]
|--TEXT ->   [9:6]
|--HTML_ELEMENT -> HTML_ELEMENT [9:7]
|   `--TD_TAG_END -> TD_TAG_END [9:7]
|       |--START -> < [9:7]
|       |--SLASH -> / [9:8]
|       |--TD_HTML_TAG_NAME -> td [9:9]
|       `--END -> > [9:11]
|--TEXT ->   [9:12]
|--HTML_ELEMENT -> HTML_ELEMENT [9:13]
|   `--RB_TAG_END -> RB_TAG_END [9:13]
|       |--START -> < [9:13]
|       |--SLASH -> / [9:14]
|       |--RB_HTML_TAG_NAME -> RB [9:15]
|       `--END -> > [9:17]
|--NEWLINE -> \n [9:18]
|--LEADING_ASTERISK -> * [10:0]
|--TEXT ->   [10:1]
|--HTML_ELEMENT -> HTML_ELEMENT [10:2]
|   `--RB -> RB [10:2]
|       |--RB_TAG_START -> RB_TAG_START [10:2]
|       |   |--START -> < [10:2]
|       |   |--RB_HTML_TAG_NAME -> rb [10:3]
|       |   `--END -> > [10:5]
|       |--TEXT ->   [10:6]
|       |--TH -> TH [10:7]
|       |   |--TH_TAG_START -> TH_TAG_START [10:7]
|       |   |   |--START -> < [10:7]
|       |   |   |--TH_HTML_TAG_NAME -> th [10:8]
|       |   |   `--END -> > [10:10]
|       |   |--TEXT ->   [10:11]
|       |   `--TH_TAG_END -> TH_TAG_END [10:12]
|       |       |--START -> < [10:12]
|       |       |--SLASH -> / [10:13]
|       |       |--TH_HTML_TAG_NAME -> th [10:14]
|       |       `--END -> > [10:16]
|       |--TEXT ->   [10:17]
|       `--RB_TAG_END -> RB_TAG_END [10:18]
|           |--START -> < [10:18]
|           |--SLASH -> / [10:19]
|           |--RB_HTML_TAG_NAME -> RB [10:20]
|           `--END -> > [10:22]
|--NEWLINE -> \n [10:23]
|--LEADING_ASTERISK -> * [11:0]
|--TEXT ->   [11:1]
|--HTML_ELEMENT -> HTML_ELEMENT [11:2]
|   `--RB -> RB [11:2]
|       |--RB_TAG_START -> RB_TAG_START [11:2]
|       |   |--START -> < [11:2]
|       |   |--RB_HTML_TAG_NAME -> rb [11:3]
|       |   `--END -> > [11:5]
|       |--TEXT ->   [11:6]
|       |--TH_TAG_START -> TH_TAG_START [11:7]
|       |   |--START -> < [11:7]
|       |   |--TH_HTML_TAG_NAME -> th [11:8]
|       |   `--END -> > [11:10]
|       |--TEXT ->   [11:11]
|       `--RB_TAG_END -> RB_TAG_END [11:12]
|           |--START -> < [11:12]
|           |--SLASH -> / [11:13]
|           |--RB_HTML_TAG_NAME -> RB [11:14]
|           `--END -> > [11:16]
|--NEWLINE -> \n [11:17]
|--LEADING_ASTERISK -> * [12:0]
|--TEXT ->   [12:1]
|--HTML_ELEMENT -> HTML_ELEMENT [12:2]
|   `--RB_TAG_START -> RB_TAG_START [12:2]
|       |--START -> < [12:2]
|       |--RB_HTML_TAG_NAME -> rb [12:3]
|       `--END -> > [12:5]
|--TEXT ->   [12:6]
|--HTML_ELEMENT -> HTML_ELEMENT [12:7]
|   `--TH_TAG_END -> TH_TAG_END [12:7]
|       |--START -> < [12:7]
|       |--SLASH -> / [12:8]
|       |--TH_HTML_TAG_NAME -> th [12:9]
|       `--END -> > [12:11]
|--TEXT ->   [12:12]
|--HTML_ELEMENT -> HTML_ELEMENT [12:13]
|   `--RB_TAG_END -> RB_TAG_END [12:13]
|       |--START -> < [12:13]
|       |--SLASH -> / [12:14]
|       |--RB_HTML_TAG_NAME -> RB [12:15]
|       `--END -> > [12:17]
|--NEWLINE -> \n [12:18]
|--LEADING_ASTERISK -> * [13:0]
|--TEXT ->   [13:1]
|--HTML_ELEMENT -> HTML_ELEMENT [13:2]
|   `--RB -> RB [13:2]
|       |--RB_TAG_START -> RB_TAG_START [13:2]
|       |   |--START -> < [13:2]
|       |   |--RB_HTML_TAG_NAME -> rb [13:3]
|       |   `--END -> > [13:5]
|       |--TEXT ->   [13:6]
|       |--BODY -> BODY [13:7]
|       |   |--BODY_TAG_START -> BODY_TAG_START [13:7]
|       |   |   |--START -> < [13:7]
|       |   |   |--BODY_HTML_TAG_NAME -> body [13:8]
|       |   |   `--END -> > [13:12]
|       |   |--TEXT ->   [13:13]
|       |   `--BODY_TAG_END -> BODY_TAG_END [13:14]
|       |       |--START -> < [13:14]
|       |       |--SLASH -> / [13:15]
|       |       |--BODY_HTML_TAG_NAME -> body [13:16]
|       |       `--END -> > [13:20]
|       |--TEXT ->   [13:21]
|       `--RB_TAG_END -> RB_TAG_END [13:22]
|           |--START -> < [13:22]
|           |--SLASH -> / [13:23]
|           |--RB_HTML_TAG_NAME -> RB [13:24]
|           `--END -> > [13:26]
|--NEWLINE -> \n [13:27]
|--LEADING_ASTERISK -> * [14:0]
|--TEXT ->   [14:1]
|--HTML_ELEMENT -> HTML_ELEMENT [14:2]
|   `--RB -> RB [14:2]
|       |--RB_TAG_START -> RB_TAG_START [14:2]
|       |   |--START -> < [14:2]
|       |   |--RB_HTML_TAG_NAME -> rb [14:3]
|       |   `--END -> > [14:5]
|       |--TEXT ->   [14:6]
|       |--BODY_TAG_START -> BODY_TAG_START [14:7]
|       |   |--START -> < [14:7]
|       |   |--BODY_HTML_TAG_NAME -> body [14:8]
|       |   `--END -> > [14:12]
|       |--TEXT ->   [14:13]
|       `--RB_TAG_END -> RB_TAG_END [14:14]
|           |--START -> < [14:14]
|           |--SLASH -> / [14:15]
|           |--RB_HTML_TAG_NAME -> RB [14:16]
|           `--END -> > [14:18]
|--NEWLINE -> \n [14:19]
|--LEADING_ASTERISK -> * [15:0]
|--TEXT ->   [15:1]
|--HTML_ELEMENT -> HTML_ELEMENT [15:2]
|   `--RB_TAG_START -> RB_TAG_START [15:2]
|       |--START -> < [15:2]
|       |--RB_HTML_TAG_NAME -> rb [15:3]
|       `--END -> > [15:5]
|--TEXT ->   [15:6]
|--HTML_ELEMENT -> HTML_ELEMENT [15:7]
|   `--BODY_TAG_END -> BODY_TAG_END [15:7]
|       |--START -> < [15:7]
|       |--SLASH -> / [15:8]
|       |--BODY_HTML_TAG_NAME -> body [15:9]
|       `--END -> > [15:13]
|--TEXT ->   [15:14]
|--HTML_ELEMENT -> HTML_ELEMENT [15:15]
|   `--RB_TAG_END -> RB_TAG_END [15:15]
|       |--START -> < [15:15]
|       |--SLASH -> / [15:16]
|       |--RB_HTML_TAG_NAME -> RB [15:17]
|       `--END -> > [15:19]
|--NEWLINE -> \n [15:20]
|--LEADING_ASTERISK -> * [16:0]
|--TEXT ->   [16:1]
|--HTML_ELEMENT -> HTML_ELEMENT [16:2]
|   `--RB -> RB [16:2]
|       |--RB_TAG_START -> RB_TAG_START [16:2]
|       |   |--START -> < [16:2]
|       |   |--RB_HTML_TAG_NAME -> rb [16:3]
|       |   `--END -> > [16:5]
|       |--TEXT ->   [16:6]
|       |--COLGROUP -> COLGROUP [16:7]
|       |   |--COLGROUP_TAG_START -> COLGROUP_TAG_START [16:7]
|       |   |   |--START -> < [16:7]
|       |   |   |--COLGROUP_HTML_TAG_NAME -> colgroup [16:8]
|       |   |   `--END -> > [16:16]
|       |   |--TEXT ->   [16:17]
|       |   `--COLGROUP_TAG_END -> COLGROUP_TAG_END [16:18]
|       |       |--START -> < [16:18]
|       |       |--SLASH -> / [16:19]
|       |       |--COLGROUP_HTML_TAG_NAME -> colgroup [16:20]
|       |       `--END -> > [16:28]
|       |--TEXT ->   [16:29]
|       `--RB_TAG_END -> RB_TAG_END [16:30]
|           |--START -> < [16:30]
|           |--SLASH -> / [16:31]
|           |--RB_HTML_TAG_NAME -> RB [16:32]
|           `--END -> > [16:34]
|--NEWLINE -> \n [16:35]
|--LEADING_ASTERISK -> * [17:0]
|--TEXT ->   [17:1]
|--HTML_ELEMENT -> HTML_ELEMENT [17:2]
|   `--RB -> RB [17:2]
|       |--RB_TAG_START -> RB_TAG_START [17:2]
|       |   |--START -> < [17:2]
|       |   |--RB_HTML_TAG_NAME -> rb [17:3]
|       |   `--END -> > [17:5]
|       |--TEXT ->   [17:6]
|       |--COLGROUP_TAG_START -> COLGROUP_TAG_START [17:7]
|       |   |--START -> < [17:7]
|       |   |--COLGROUP_HTML_TAG_NAME -> colgroup [17:8]
|       |   `--END -> > [17:16]
|       |--TEXT ->   [17:17]
|       `--RB_TAG_END -> RB_TAG_END [17:18]
|           |--START -> < [17:18]
|           |--SLASH -> / [17:19]
|           |--RB_HTML_TAG_NAME -> RB [17:20]
|           `--END -> > [17:22]
|--NEWLINE -> \n [17:23]
|--LEADING_ASTERISK -> * [18:0]
|--TEXT ->   [18:1]
|--HTML_ELEMENT -> HTML_ELEMENT [18:2]
|   `--RB_TAG_START -> RB_TAG_START [18:2]
|       |--START -> < [18:2]
|       |--RB_HTML_TAG_NAME -> rb [18:3]
|       `--END -> > [18:5]
|--TEXT ->   [18:6]
|--HTML_ELEMENT -> HTML_ELEMENT [18:7]
|   `--COLGROUP_TAG_END -> COLGROUP_TAG_END [18:7]
|       |--START -> < [18:7]
|       |--SLASH -> / [18:8]
|       |--COLGROUP_HTML_TAG_NAME -> colgroup [18:9]
|       `--END -> > [18:17]
|--TEXT ->   [18:18]
|--HTML_ELEMENT -> HTML_ELEMENT [18:19]
|   `--RB_TAG_END -> RB_TAG_END [18:19]
|       |--START -> < [18:19]
|       |--SLASH -> / [18:20]
|       |--RB_HTML_TAG_NAME -> RB [18:21]
|       `--END -> > [18:23]
|--NEWLINE -> \n [18:24]
|--LEADING_ASTERISK -> * [19:0]
|--TEXT ->   [19:1]
|--HTML_ELEMENT -> HTML_ELEMENT [19:2]
|   `--RB -> RB [19:2]
|       |--RB_TAG_START -> RB_TAG_START [19:2]
|       |   |--START -> < [19:2]
|       |   |--RB_HTML_TAG_NAME -> rb [19:3]
|       |   `--END -> > [19:5]
|       |--TEXT ->   [19:6]
|       |--DD -> DD [19:7]
|       |   |--DD_TAG_START -> DD_TAG_START [19:7]
|       |   |   |--START -> < [19:7]
|       |   |   |--DD_HTML_TAG_NAME -> dd [19:8]
|       |   |   `--END -> > [19:10]
|       |   |--TEXT ->   [19:11]
|       |   `--DD_TAG_END -> DD_TAG_END [19:12]
|       |       |--START -> < [19:12]
|       |       |--SLASH -> / [19:13]
|       |       |--DD_HTML_TAG_NAME -> dd [19:14]
|       |       `--END -> > [19:16]
|       |--TEXT ->   [19:17]
|       `--RB_TAG_END -> RB_TAG_END [19:18]
|           |--START -> < [19:18]
|           |--SLASH -> / [19:19]
|           |--RB_HTML_TAG_NAME -> RB [19:20]
|           `--END -> > [19:22]
|--NEWLINE -> \n [19:23]
|--LEADING_ASTERISK -> * [20:0]
|--TEXT ->   [20:1]
|--HTML_ELEMENT -> HTML_ELEMENT [20:2]
|   `--RB -> RB [20:2]
|       |--RB_TAG_START -> RB_TAG_START [20:2]
|       |   |--START -> < [20:2]
|       |   |--RB_HTML_TAG_NAME -> rb [20:3]
|       |   `--END -> > [20:5]
|       |--TEXT ->   [20:6]
|       |--DD_TAG_START -> DD_TAG_START [20:7]
|       |   |--START -> < [20:7]
|       |   |--DD_HTML_TAG_NAME -> dd [20:8]
|       |   `--END -> > [20:10]
|       |--TEXT ->   [20:11]
|       `--RB_TAG_END -> RB_TAG_END [20:12]
|           |--START -> < [20:12]
|           |--SLASH -> / [20:13]
|           |--RB_HTML_TAG_NAME -> RB [20:14]
|           `--END -> > [20:16]
|--NEWLINE -> \n [20:17]
|--LEADING_ASTERISK -> * [21:0]
|--TEXT ->   [21:1]
|--HTML_ELEMENT -> HTML_ELEMENT [21:2]
|   `--RB_TAG_START -> RB_TAG_START [21:2]
|       |--START -> < [21:2]
|       |--RB_HTML_TAG_NAME -> rb [21:3]
|       `--END -> > [21:5]
|--TEXT ->   [21:6]
|--HTML_ELEMENT -> HTML_ELEMENT [21:7]
|   `--DD_TAG_END -> DD_TAG_END [21:7]
|       |--START -> < [21:7]
|       |--SLASH -> / [21:8]
|       |--DD_HTML_TAG_NAME -> dd [21:9]
|       `--END -> > [21:11]
|--TEXT ->   [21:12]
|--HTML_ELEMENT -> HTML_ELEMENT [21:13]
|   `--RB_TAG_END -> RB_TAG_END [21:13]
|       |--START -> < [21:13]
|       |--SLASH -> / [21:14]
|       |--RB_HTML_TAG_NAME -> RB [21:15]
|       `--END -> > [21:17]
|--NEWLINE -> \n [21:18]
|--LEADING_ASTERISK -> * [22:0]
|--TEXT ->   [22:1]
|--HTML_ELEMENT -> HTML_ELEMENT [22:2]
|   `--RB -> RB [22:2]
|       |--RB_TAG_START -> RB_TAG_START [22:2]
|       |   |--START -> < [22:2]
|       |   |--RB_HTML_TAG_NAME -> rb [22:3]
|       |   `--END -> > [22:5]
|       |--TEXT ->   [22:6]
|       |--DT -> DT [22:7]
|       |   |--DT_TAG_START -> DT_TAG_START [22:7]
|       |   |   |--START -> < [22:7]
|       |   |   |--DT_HTML_TAG_NAME -> dt [22:8]
|       |   |   `--END -> > [22:10]
|       |   |--TEXT ->   [22:11]
|       |   `--DT_TAG_END -> DT_TAG_END [22:12]
|       |       |--START -> < [22:12]
|       |       |--SLASH -> / [22:13]
|       |       |--DT_HTML_TAG_NAME -> dt [22:14]
|       |       `--END -> > [22:16]
|       |--TEXT ->   [22:17]
|       `--RB_TAG_END -> RB_TAG_END [22:18]
|           |--START -> < [22:18]
|           |--SLASH -> / [22:19]
|           |--RB_HTML_TAG_NAME -> RB [22:20]
|           `--END -> > [22:22]
|--NEWLINE -> \n [22:23]
|--LEADING_ASTERISK -> * [23:0]
|--TEXT ->   [23:1]
|--HTML_ELEMENT -> HTML_ELEMENT [23:2]
|   `--RB -> RB [23:2]
|       |--RB_TAG_START -> RB_TAG_START [23:2]
|       |   |--START -> < [23:2]
|       |   |--RB_HTML_TAG_NAME -> rb [23:3]
|       |   `--END -> > [23:5]
|       |--TEXT ->   [23:6]
|       |--DT_TAG_START -> DT_TAG_START [23:7]
|       |   |--START -> < [23:7]
|       |   |--DT_HTML_TAG_NAME -> dt [23:8]
|       |   `--END -> > [23:10]
|       |--TEXT ->   [23:11]
|       `--RB_TAG_END -> RB_TAG_END [23:12]
|           |--START -> < [23:12]
|           |--SLASH -> / [23:13]
|           |--RB_HTML_TAG_NAME -> RB [23:14]
|           `--END -> > [23:16]
|--NEWLINE -> \n [23:17]
|--LEADING_ASTERISK -> * [24:0]
|--TEXT ->   [24:1]
|--HTML_ELEMENT -> HTML_ELEMENT [24:2]
|   `--RB_TAG_START -> RB_TAG_START [24:2]
|       |--START -> < [24:2]
|       |--RB_HTML_TAG_NAME -> rb [24:3]
|       `--END -> > [24:5]
|--TEXT ->   [24:6]
|--HTML_ELEMENT -> HTML_ELEMENT [24:7]
|   `--DT_TAG_END -> DT_TAG_END [24:7]
|       |--START -> < [24:7]
|       |--SLASH -> / [24:8]
|       |--DT_HTML_TAG_NAME -> dt [24:9]
|       `--END -> > [24:11]
|--TEXT ->   [24:12]
|--HTML_ELEMENT -> HTML_ELEMENT [24:13]
|   `--RB_TAG_END -> RB_TAG_END [24:13]
|       |--START -> < [24:13]
|       |--SLASH -> / [24:14]
|       |--RB_HTML_TAG_NAME -> RB [24:15]
|       `--END -> > [24:17]
|--NEWLINE -> \n [24:18]
|--LEADING_ASTERISK -> * [25:0]
|--TEXT ->   [25:1]
|--HTML_ELEMENT -> HTML_ELEMENT [25:2]
|   `--RB -> RB [25:2]
|       |--RB_TAG_START -> RB_TAG_START [25:2]
|       |   |--START -> < [25:2]
|       |   |--RB_HTML_TAG_NAME -> rb [25:3]
|       |   `--END -> > [25:5]
|       |--TEXT ->   [25:6]
|       |--HEAD -> HEAD [25:7]
|       |   |--HEAD_TAG_START -> HEAD_TAG_START [25:7]
|       |   |   |--START -> < [25:7]
|       |   |   |--HEAD_HTML_TAG_NAME -> head [25:8]
|       |   |   `--END -> > [25:12]
|       |   |--TEXT ->   [25:13]
|       |   `--HEAD_TAG_END -> HEAD_TAG_END [25:14]
|       |       |--START -> < [25:14]
|       |       |--SLASH -> / [25:15]
|       |       |--HEAD_HTML_TAG_NAME -> head [25:16]
|       |       `--END -> > [25:20]
|       |--TEXT ->   [25:21]
|       `--RB_TAG_END -> RB_TAG_END [25:22]
|           |--START -> < [25:22]
|           |--SLASH -> / [25:23]
|           |--RB_HTML_TAG_NAME -> RB [25:24]
|           `--END -> > [25:26]
|--NEWLINE -> \n [25:27]
|--LEADING_ASTERISK -> * [26:0]
|--TEXT ->   [26:1]
|--HTML_ELEMENT -> HTML_ELEMENT [26:2]
|   `--RB -> RB [26:2]
|       |--RB_TAG_START -> RB_TAG_START [26:2]
|       |   |--START -> < [26:2]
|       |   |--RB_HTML_TAG_NAME -> rb [26:3]
|       |   `--END -> > [26:5]
|       |--TEXT ->   [26:6]
|       |--HEAD_TAG_START -> HEAD_TAG_START [26:7]
|       |   |--START -> < [26:7]
|       |   |--HEAD_HTML_TAG_NAME -> head [26:8]
|       |   `--END -> > [26:12]
|       |--TEXT ->   [26:13]
|       `--RB_TAG_END -> RB_TAG_END [26:14]
|           |--START -> < [26:14]
|           |--SLASH -> / [26:15]
|           |--RB_HTML_TAG_NAME -> RB [26:16]
|           `--END -> > [26:18]
|--NEWLINE -> \n [26:19]
|--LEADING_ASTERISK -> * [27:0]
|--TEXT ->   [27:1]
|--HTML_ELEMENT -> HTML_ELEMENT [27:2]
|   `--RB_TAG_START -> RB_TAG_START [27:2]
|       |--START -> < [27:2]
|       |--RB_HTML_TAG_NAME -> rb [27:3]
|       `--END -> > [27:5]
|--TEXT ->   [27:6]
|--HTML_ELEMENT -> HTML_ELEMENT [27:7]
|   `--HEAD_TAG_END -> HEAD_TAG_END [27:7]
|       |--START -> < [27:7]
|       |--SLASH -> / [27:8]
|       |--HEAD_HTML_TAG_NAME -> head [27:9]
|       `--END -> > [27:13]
|--TEXT ->   [27:14]
|--HTML_ELEMENT -> HTML_ELEMENT [27:15]
|   `--RB_TAG_END -> RB_TAG_END [27:15]
|       |--START -> < [27:15]
|       |--SLASH -> / [27:16]
|       |--RB_HTML_TAG_NAME -> RB [27:17]
|       `--END -> > [27:19]
|--NEWLINE -> \n [27:20]
|--LEADING_ASTERISK -> * [28:0]
|--TEXT ->   [28:1]
|--HTML_ELEMENT -> HTML_ELEMENT [28:2]
|   `--RB -> RB [28:2]
|       |--RB_TAG_START -> RB_TAG_START [28:2]
|       |   |--START -> < [28:2]
|       |   |--RB_HTML_TAG_NAME -> rb [28:3]
|       |   `--END -> > [28:5]
|       |--TEXT ->   [28:6]
|       |--HTML -> HTML [28:7]
|       |   |--HTML_TAG_START -> HTML_TAG_START [28:7]
|       |   |   |--START -> < [28:7]
|       |   |   |--HTML_HTML_TAG_NAME -> html [28:8]
|       |   |   `--END -> > [28:12]
|       |   |--TEXT ->   [28:13]
|       |   `--HTML_TAG_END -> HTML_TAG_END [28:14]
|       |       |--START -> < [28:14]
|       |       |--SLASH -> / [28:15]
|       |       |--HTML_HTML_TAG_NAME -> html [28:16]
|       |       `--END -> > [28:20]
|       |--TEXT ->   [28:21]
|       `--RB_TAG_END -> RB_TAG_END [28:22]
|           |--START -> < [28:22]
|           |--SLASH -> / [28:23]
|           |--RB_HTML_TAG_NAME -> RB [28:24]
|           `--END -> > [28:26]
|--NEWLINE -> \n [28:27]
|--LEADING_ASTERISK -> * [29:0]
|--TEXT ->   [29:1]
|--HTML_ELEMENT -> HTML_ELEMENT [29:2]
|   `--RB -> RB [29:2]
|       |--RB_TAG_START -> RB_TAG_START [29:2]
|       |   |--START -> < [29:2]
|       |   |--RB_HTML_TAG_NAME -> rb [29:3]
|       |   `--END -> > [29:5]
|       |--TEXT ->   [29:6]
|       |--HTML_TAG_START -> HTML_TAG_START [29:7]
|       |   |--START -> < [29:7]
|       |   |--HTML_HTML_TAG_NAME -> html [29:8]
|       |   `--END -> > [29:12]
|       |--TEXT ->   [29:13]
|       `--RB_TAG_END -> RB_TAG_END [29:14]
|           |--START -> < [29:14]
|           |--SLASH -> / [29:15]
|           |--RB_HTML_TAG_NAME -> RB [29:16]
|           `--END -> > [29:18]
|--NEWLINE -> \n [29:19]
|--LEADING_ASTERISK -> * [30:0]
|--TEXT ->   [30:1]
|--HTML_ELEMENT -> HTML_ELEMENT [30:2]
|   `--RB_TAG_START -> RB_TAG_START [30:2]
|       |--START -> < [30:2]
|       |--RB_HTML_TAG_NAME -> rb [30:3]
|       `--END -> > [30:5]
|--TEXT ->   [30:6]
|--HTML_ELEMENT -> HTML_ELEMENT [30:7]
|   `--HTML_TAG_END -> HTML_TAG_END [30:7]
|       |--START -> < [30:7]
|       |--SLASH -> / [30:8]
|       |--HTML_HTML_TAG_NAME -> html [30:9]
|       `--END -> > [30:13]
|--TEXT ->   [30:14]
|--HTML_ELEMENT -> HTML_ELEMENT [30:15]
|   `--RB_TAG_END -> RB_TAG_END [30:15]
|       |--START -> < [30:15]
|       |--SLASH -> / [30:16]
|       |--RB_HTML_TAG_NAME -> RB [30:17]
|       `--END -> > [30:19]
|--NEWLINE -> \n [30:20]
|--LEADING_ASTERISK -> * [31:0]
|--TEXT ->   [31:1]
|--HTML_ELEMENT -> HTML_ELEMENT [31:2]
|   `--RB -> RB [31:2]
|       |--RB_TAG_START -> RB_TAG_START [31:2]
|       |   |--START -> < [31:2]
|       |   |--RB_HTML_TAG_NAME -> rb [31:3]
|       |   `--END -> > [31:5]
|       |--TEXT ->   [31:6]
|       |--OPTION -> OPTION [31:7]
|       |   |--OPTION_TAG_START -> OPTION_TAG_START [31:7]
|       |   |   |--START -> < [31:7]
|       |   |   |--OPTION_HTML_TAG_NAME -> option [31:8]
|       |   |   `--END -> > [31:14]
|       |   |--TEXT ->   [31:15]
|       |   `--OPTION_TAG_END -> OPTION_TAG_END [31:16]
|       |       |--START -> < [31:16]
|       |       |--SLASH -> / [31:17]
|       |       |--OPTION_HTML_TAG_NAME -> option [31:18]
|       |       `--END -> > [31:24]
|       |--TEXT ->   [31:25]
|       `--RB_TAG_END -> RB_TAG_END [31:26]
|           |--START -> < [31:26]
|           |--SLASH -> / [31:27]
|           |--RB_HTML_TAG_NAME -> RB [31:28]
|           `--END -> > [31:30]
|--NEWLINE -> \n [31:31]
|--LEADING_ASTERISK -> * [32:0]
|--TEXT ->   [32:1]
|--HTML_ELEMENT -> HTML_ELEMENT [32:2]
|   `--RB -> RB [32:2]
|       |--RB_TAG_START -> RB_TAG_START [32:2]
|       |   |--START -> < [32:2]
|       |   |--RB_HTML_TAG_NAME -> rb [32:3]
|       |   `--END -> > [32:5]
|       |--TEXT ->   [32:6]
|       |--OPTION_TAG_START -> OPTION_TAG_START [32:7]
|       |   |--START -> < [32:7]
|       |   |--OPTION_HTML_TAG_NAME -> option [32:8]
|       |   `--END -> > [32:14]
|       |--TEXT ->   [32:15]
|       `--RB_TAG_END -> RB_TAG_END [32:16]
|           |--START -> < [32:16]
|           |--SLASH -> / [32:17]
|           |--RB_HTML_TAG_NAME -> RB [32:18]
|           `--END -> > [32:20]
|--NEWLINE -> \n [32:21]
|--LEADING_ASTERISK -> * [33:0]
|--TEXT ->   [33:1]
|--HTML_ELEMENT -> HTML_ELEMENT [33:2]
|   `--RB_TAG_START -> RB_TAG_START [33:2]
|       |--START -> < [33:2]
|       |--RB_HTML_TAG_NAME -> rb [33:3]
|       `--END -> > [33:5]
|--TEXT ->   [33:6]
|--HTML_ELEMENT -> HTML_ELEMENT [33:7]
|   `--OPTION_TAG_END -> OPTION_TAG_END [33:7]
|       |--START -> < [33:7]
|       |--SLASH -> / [33:8]
|       |--OPTION_HTML_TAG_NAME -> option [33:9]
|       `--END -> > [33:15]
|--TEXT ->   [33:16]
|--HTML_ELEMENT -> HTML_ELEMENT [33:17]
|   `--RB_TAG_END -> RB_TAG_END [33:17]
|       |--START -> < [33:17]
|       |--SLASH -> / [33:18]
|       |--RB_HTML_TAG_NAME -> RB [33:19]
|       `--END -> > [33:21]
|--NEWLINE -> \n [33:22]
|--LEADING_ASTERISK -> * [34:0]
|--TEXT ->   [34:1]
|--HTML_ELEMENT -> HTML_ELEMENT [34:2]
|   `--RB -> RB [34:2]
|       |--RB_TAG_START -> RB_TAG_START [34:2]
|       |   |--START -> < [34:2]
|       |   |--RB_HTML_TAG_NAME -> rb [34:3]
|       |   `--END -> > [34:5]
|       |--TEXT ->   [34:6]
|       |--TBODY -> TBODY [34:7]
|       |   |--TBODY_TAG_START -> TBODY_TAG_START [34:7]
|       |   |   |--START -> < [34:7]
|       |   |   |--TBODY_HTML_TAG_NAME -> tbody [34:8]
|       |   |   `--END -> > [34:13]
|       |   |--TEXT ->   [34:14]
|       |   `--TBODY_TAG_END -> TBODY_TAG_END [34:15]
|       |       |--START -> < [34:15]
|       |       |--SLASH -> / [34:16]
|       |       |--TBODY_HTML_TAG_NAME -> tbody [34:17]
|       |       `--END -> > [34:22]
|       |--TEXT ->   [34:23]
|       `--RB_TAG_END -> RB_TAG_END [34:24]
|           |--START -> < [34:24]
|           |--SLASH -> / [34:25]
|           |--RB_HTML_TAG_NAME -> rB [34:26]
|           `--END -> > [34:28]
|--NEWLINE -> \n [34:29]
|--LEADING_ASTERISK -> * [35:0]
|--TEXT ->   [35:1]
|--HTML_ELEMENT -> HTML_ELEMENT [35:2]
|   `--RB -> RB [35:2]
|       |--RB_TAG_START -> RB_TAG_START [35:2]
|       |   |--START -> < [35:2]
|       |   |--RB_HTML_TAG_NAME -> rb [35:3]
|       |   `--END -> > [35:5]
|       |--TEXT ->   [35:6]
|       |--TBODY_TAG_START -> TBODY_TAG_START [35:7]
|       |   |--START -> < [35:7]
|       |   |--TBODY_HTML_TAG_NAME -> tbody [35:8]
|       |   `--END -> > [35:13]
|       |--TEXT ->   [35:14]
|       `--RB_TAG_END -> RB_TAG_END [35:15]
|           |--START -> < [35:15]
|           |--SLASH -> / [35:16]
|           |--RB_HTML_TAG_NAME -> RB [35:17]
|           `--END -> > [35:19]
|--NEWLINE -> \n [35:20]
|--LEADING_ASTERISK -> * [36:0]
|--TEXT ->   [36:1]
|--HTML_ELEMENT -> HTML_ELEMENT [36:2]
|   `--RB_TAG_START -> RB_TAG_START [36:2]
|       |--START -> < [36:2]
|       |--RB_HTML_TAG_NAME -> rb [36:3]
|       `--END -> > [36:5]
|--TEXT ->   [36:6]
|--HTML_ELEMENT -> HTML_ELEMENT [36:7]
|   `--TBODY_TAG_END -> TBODY_TAG_END [36:7]
|       |--START -> < [36:7]
|       |--SLASH -> / [36:8]
|       |--TBODY_HTML_TAG_NAME -> tbody [36:9]
|       `--END -> > [36:14]
|--TEXT ->   [36:15]
|--HTML_ELEMENT -> HTML_ELEMENT [36:16]
|   `--RB_TAG_END -> RB_TAG_END [36:16]
|       |--START -> < [36:16]
|       |--SLASH -> / [36:17]
|       |--RB_HTML_TAG_NAME -> RB [36:18]
|       `--END -> > [36:20]
|--NEWLINE -> \n [36:21]
|--LEADING_ASTERISK -> * [37:0]
|--TEXT ->   [37:1]
|--HTML_ELEMENT -> HTML_ELEMENT [37:2]
|   `--RB -> RB [37:2]
|       |--RB_TAG_START -> RB_TAG_START [37:2]
|       |   |--START -> < [37:2]
|       |   |--RB_HTML_TAG_NAME -> rb [37:3]
|       |   `--END -> > [37:5]
|       |--TEXT ->   [37:6]
|       |--TFOOT -> TFOOT [37:7]
|       |   |--TFOOT_TAG_START -> TFOOT_TAG_START [37:7]
|       |   |   |--START -> < [37:7]
|       |   |   |--TFOOT_HTML_TAG_NAME -> tfoot [37:8]
|       |   |   `--END -> > [37:13]
|       |   |--TEXT ->   [37:14]
|       |   `--TFOOT_TAG_END -> TFOOT_TAG_END [37:15]
|       |       |--START -> < [37:15]
|       |       |--SLASH -> / [37:16]
|       |       |--TFOOT_HTML_TAG_NAME -> tfoot [37:17]
|       |       `--END -> > [37:22]
|       |--TEXT ->   [37:23]
|       `--RB_TAG_END -> RB_TAG_END [37:24]
|           |--START -> < [37:24]
|           |--SLASH -> / [37:25]
|           |--RB_HTML_TAG_NAME -> RB [37:26]
|           `--END -> > [37:28]
|--NEWLINE -> \n [37:29]
|--LEADING_ASTERISK -> * [38:0]
|--TEXT ->   [38:1]
|--HTML_ELEMENT -> HTML_ELEMENT [38:2]
|   `--RB -> RB [38:2]
|       |--RB_TAG_START -> RB_TAG_START [38:2]
|       |   |--START -> < [38:2]
|       |   |--RB_HTML_TAG_NAME -> rb [38:3]
|       |   `--END -> > [38:5]
|       |--TEXT ->   [38:6]
|       |--TFOOT_TAG_START -> TFOOT_TAG_START [38:7]
|       |   |--START -> < [38:7]
|       |   |--TFOOT_HTML_TAG_NAME -> tfoot [38:8]
|       |   `--END -> > [38:13]
|       |--TEXT ->   [38:14]
|       `--RB_TAG_END -> RB_TAG_END [38:15]
|           |--START -> < [38:15]
|           |--SLASH -> / [38:16]
|           |--RB_HTML_TAG_NAME -> RB [38:17]
|           `--END -> > [38:19]
|--NEWLINE -> \n [38:20]
|--LEADING_ASTERISK -> * [39:0]
|--TEXT ->   [39:1]
|--HTML_ELEMENT -> HTML_ELEMENT [39:2]
|   `--RB_TAG_START -> RB_TAG_START [39:2]
|       |--START -> < [39:2]
|       |--RB_HTML_TAG_NAME -> rb [39:3]
|       `--END -> > [39:5]
|--TEXT ->   [39:6]
|--HTML_ELEMENT -> HTML_ELEMENT [39:7]
|   `--TFOOT_TAG_END -> TFOOT_TAG_END [39:7]
|       |--START -> < [39:7]
|       |--SLASH -> / [39:8]
|       |--TFOOT_HTML_TAG_NAME -> tfoot [39:9]
|       `--END -> > [39:14]
|--TEXT ->   [39:15]
|--HTML_ELEMENT -> HTML_ELEMENT [39:16]
|   `--RB_TAG_END -> RB_TAG_END [39:16]
|       |--START -> < [39:16]
|       |--SLASH -> / [39:17]
|       |--RB_HTML_TAG_NAME -> RB [39:18]
|       `--END -> > [39:20]
|--NEWLINE -> \n [39:21]
|--LEADING_ASTERISK -> * [40:0]
|--TEXT ->   [40:1]
|--HTML_ELEMENT -> HTML_ELEMENT [40:2]
|   `--RB -> RB [40:2]
|       |--RB_TAG_START -> RB_TAG_START [40:2]
|       |   |--START -> < [40:2]
|       |   |--RB_HTML_TAG_NAME -> rb [40:3]
|       |   |--WS ->   [40:5]
|       |   |--ATTRIBUTE -> ATTRIBUTE [40:6]
|       |   |   |--HTML_TAG_NAME -> style [40:6]
|       |   |   |--EQUALS -> = [40:11]
|       |   |   `--ATTR_VALUE -> "color:red" [40:12]
|       |   |--WS ->   [40:24]
|       |   |--NEWLINE -> \n [40:25]
|       |   |--LEADING_ASTERISK -> * [41:0]
|       |   |--NEWLINE -> \n [41:1]
|       |   |--LEADING_ASTERISK -> * [42:0]
|       |   |--WS ->   [42:1]
|       |   `--END -> > [42:2]
|       |--TEXT ->   [42:3]
|       |--HTML_COMMENT -> HTML_COMMENT [42:4]
|       |   |--HTML_COMMENT_START -> <!-- [42:4]
|       |   |--TEXT -> HTML COMMENT [42:8]
|       |   `--HTML_COMMENT_END -> --> [42:20]
|       |--TEXT ->    [42:23]
|       `--RB_TAG_END -> RB_TAG_END [42:25]
|           |--START -> < [42:25]
|           |--SLASH -> / [42:26]
|           |--RB_HTML_TAG_NAME -> Rb [42:27]
|           |--NEWLINE -> \n [42:29]
|           |--LEADING_ASTERISK -> * [43:0]
|           |--NEWLINE -> \n [43:1]
|           |--LEADING_ASTERISK -> * [44:0]
|           |--WS ->   [44:1]
|           `--END -> > [44:2]
|--NEWLINE -> \n [44:3]
`--EOF -> <EOF> [45:0]]
> but was:<...DOC -> JAVADOC [0:0][
|--LEADING_ASTERISK -> * [0:0]
|--TEXT ->   [0:1]
|--HTML_ELEMENT -> HTML_ELEMENT [0:2]
|   `--RB -> RB [0:2]
|       |--RB_TAG_START -> RB_TAG_START [0:2]
|       |   |--START -> < [0:2]
|       |   |--RB_HTML_TAG_NAME -> rb [0:3]
|       |   `--END -> > [0:5]
|       |--TEXT ->   [0:6]
|       `--RB_TAG_END -> RB_TAG_END [0:7]
|           |--START -> < [0:7]
|           |--SLASH -> / [0:8]
|           |--RB_HTML_TAG_NAME -> RB [0:9]
|           `--END -> > [0:11]
|--NEWLINE -> \n [0:12]
|--LEADING_ASTERISK -> * [1:0]
|--TEXT ->   [1:1]
|--HTML_ELEMENT -> HTML_ELEMENT [1:2]
|   `--RB -> RB [1:2]
|       |--RB_TAG_START -> RB_TAG_START [1:2]
|       |   |--START -> < [1:2]
|       |   |--RB_HTML_TAG_NAME -> rb [1:3]
|       |   `--END -> > [1:5]
|       |--TEXT ->   [1:6]
|       |--LI -> LI [1:7]
|       |   |--LI_TAG_START -> LI_TAG_START [1:7]
|       |   |   |--START -> < [1:7]
|       |   |   |--LI_HTML_TAG_NAME -> li [1:8]
|       |   |   `--END -> > [1:10]
|       |   |--TEXT ->   [1:11]
|       |   `--LI_TAG_END -> LI_TAG_END [1:12]
|       |       |--START -> < [1:12]
|       |       |--SLASH -> / [1:13]
|       |       |--LI_HTML_TAG_NAME -> li [1:14]
|       |       `--END -> > [1:16]
|       |--TEXT ->   [1:17]
|       `--RB_TAG_END -> RB_TAG_END [1:18]
|           |--START -> < [1:18]
|           |--SLASH -> / [1:19]
|           |--RB_HTML_TAG_NAME -> RB [1:20]
|           `--END -> > [1:22]
|--NEWLINE -> \n [1:23]
|--LEADING_ASTERISK -> * [2:0]
|--TEXT ->   [2:1]
|--HTML_ELEMENT -> HTML_ELEMENT [2:2]
|   `--RB -> RB [2:2]
|       |--RB_TAG_START -> RB_TAG_START [2:2]
|       |   |--START -> < [2:2]
|       |   |--RB_HTML_TAG_NAME -> rb [2:3]
|       |   `--END -> > [2:5]
|       |--TEXT ->   [2:6]
|       |--LI_TAG_START -> LI_TAG_START [2:7]
|       |   |--START -> < [2:7]
|       |   |--LI_HTML_TAG_NAME -> li [2:8]
|       |   `--END -> > [2:10]
|       |--TEXT ->   [2:11]
|       `--RB_TAG_END -> RB_TAG_END [2:12]
|           |--START -> < [2:12]
|           |--SLASH -> / [2:13]
|           |--RB_HTML_TAG_NAME -> RB [2:14]
|           `--END -> > [2:16]
|--NEWLINE -> \n [2:17]
|--LEADING_ASTERISK -> * [3:0]
|--TEXT ->   [3:1]
|--HTML_ELEMENT -> HTML_ELEMENT [3:2]
|   `--RB_TAG_START -> RB_TAG_START [3:2]
|       |--START -> < [3:2]
|       |--RB_HTML_TAG_NAME -> rb [3:3]
|       `--END -> > [3:5]
|--TEXT ->   [3:6]
|--HTML_ELEMENT -> HTML_ELEMENT [3:7]
|   `--LI_TAG_END -> LI_TAG_END [3:7]
|       |--START -> < [3:7]
|       |--SLASH -> / [3:8]
|       |--LI_HTML_TAG_NAME -> li [3:9]
|       `--END -> > [3:11]
|--TEXT ->   [3:12]
|--HTML_ELEMENT -> HTML_ELEMENT [3:13]
|   `--RB_TAG_END -> RB_TAG_END [3:13]
|       |--START -> < [3:13]
|       |--SLASH -> / [3:14]
|       |--RB_HTML_TAG_NAME -> RB [3:15]
|       `--END -> > [3:17]
|--NEWLINE -> \n [3:18]
|--LEADING_ASTERISK -> * [4:0]
|--TEXT ->   [4:1]
|--HTML_ELEMENT -> HTML_ELEMENT [4:2]
|   `--RB -> RB [4:2]
|       |--RB_TAG_START -> RB_TAG_START [4:2]
|       |   |--START -> < [4:2]
|       |   |--RB_HTML_TAG_NAME -> rb [4:3]
|       |   `--END -> > [4:5]
|       |--TEXT ->   [4:6]
|       |--TR -> TR [4:7]
|       |   |--TR_TAG_START -> TR_TAG_START [4:7]
|       |   |   |--START -> < [4:7]
|       |   |   |--TR_HTML_TAG_NAME -> tr [4:8]
|       |   |   `--END -> > [4:10]
|       |   |--TEXT ->   [4:11]
|       |   `--TR_TAG_END -> TR_TAG_END [4:12]
|       |       |--START -> < [4:12]
|       |       |--SLASH -> / [4:13]
|       |       |--TR_HTML_TAG_NAME -> tr [4:14]
|       |       `--END -> > [4:16]
|       |--TEXT ->   [4:17]
|       `--RB_TAG_END -> RB_TAG_END [4:18]
|           |--START -> < [4:18]
|           |--SLASH -> / [4:19]
|           |--RB_HTML_TAG_NAME -> RB [4:20]
|           `--END -> > [4:22]
|--NEWLINE -> \n [4:23]
|--LEADING_ASTERISK -> * [5:0]
|--TEXT ->   [5:1]
|--HTML_ELEMENT -> HTML_ELEMENT [5:2]
|   `--RB -> RB [5:2]
|       |--RB_TAG_START -> RB_TAG_START [5:2]
|       |   |--START -> < [5:2]
|       |   |--RB_HTML_TAG_NAME -> rb [5:3]
|       |   `--END -> > [5:5]
|       |--TEXT ->   [5:6]
|       |--TR_TAG_START -> TR_TAG_START [5:7]
|       |   |--START -> < [5:7]
|       |   |--TR_HTML_TAG_NAME -> tr [5:8]
|       |   `--END -> > [5:10]
|       |--TEXT ->   [5:11]
|       `--RB_TAG_END -> RB_TAG_END [5:12]
|           |--START -> < [5:12]
|           |--SLASH -> / [5:13]
|           |--RB_HTML_TAG_NAME -> RB [5:14]
|           `--END -> > [5:16]
|--NEWLINE -> \n [5:17]
|--LEADING_ASTERISK -> * [6:0]
|--TEXT ->   [6:1]
|--HTML_ELEMENT -> HTML_ELEMENT [6:2]
|   `--RB_TAG_START -> RB_TAG_START [6:2]
|       |--START -> < [6:2]
|       |--RB_HTML_TAG_NAME -> rb [6:3]
|       `--END -> > [6:5]
|--TEXT ->   [6:6]
|--HTML_ELEMENT -> HTML_ELEMENT [6:7]
|   `--TR_TAG_END -> TR_TAG_END [6:7]
|       |--START -> < [6:7]
|       |--SLASH -> / [6:8]
|       |--TR_HTML_TAG_NAME -> tr [6:9]
|       `--END -> > [6:11]
|--TEXT ->   [6:12]
|--HTML_ELEMENT -> HTML_ELEMENT [6:13]
|   `--RB_TAG_END -> RB_TAG_END [6:13]
|       |--START -> < [6:13]
|       |--SLASH -> / [6:14]
|       |--RB_HTML_TAG_NAME -> RB [6:15]
|       `--END -> > [6:17]
|--NEWLINE -> \n [6:18]
|--LEADING_ASTERISK -> * [7:0]
|--TEXT ->   [7:1]
|--HTML_ELEMENT -> HTML_ELEMENT [7:2]
|   `--RB -> RB [7:2]
|       |--RB_TAG_START -> RB_TAG_START [7:2]
|       |   |--START -> < [7:2]
|       |   |--RB_HTML_TAG_NAME -> rb [7:3]
|       |   `--END -> > [7:5]
|       |--TEXT ->   [7:6]
|       |--TD -> TD [7:7]
|       |   |--TD_TAG_START -> TD_TAG_START [7:7]
|       |   |   |--START -> < [7:7]
|       |   |   |--TD_HTML_TAG_NAME -> td [7:8]
|       |   |   `--END -> > [7:10]
|       |   |--TEXT ->   [7:11]
|       |   `--TD_TAG_END -> TD_TAG_END [7:12]
|       |       |--START -> < [7:12]
|       |       |--SLASH -> / [7:13]
|       |       |--TD_HTML_TAG_NAME -> td [7:14]
|       |       `--END -> > [7:16]
|       |--TEXT ->   [7:17]
|       `--RB_TAG_END -> RB_TAG_END [7:18]
|           |--START -> < [7:18]
|           |--SLASH -> / [7:19]
|           |--RB_HTML_TAG_NAME -> RB [7:20]
|           `--END -> > [7:22]
|--NEWLINE -> \n [7:23]
|--LEADING_ASTERISK -> * [8:0]
|--TEXT ->   [8:1]
|--HTML_ELEMENT -> HTML_ELEMENT [8:2]
|   `--RB -> RB [8:2]
|       |--RB_TAG_START -> RB_TAG_START [8:2]
|       |   |--START -> < [8:2]
|       |   |--RB_HTML_TAG_NAME -> rb [8:3]
|       |   `--END -> > [8:5]
|       |--TEXT ->   [8:6]
|       |--TD_TAG_START -> TD_TAG_START [8:7]
|       |   |--START -> < [8:7]
|       |   |--TD_HTML_TAG_NAME -> td [8:8]
|       |   `--END -> > [8:10]
|       |--TEXT ->   [8:11]
|       `--RB_TAG_END -> RB_TAG_END [8:12]
|           |--START -> < [8:12]
|           |--SLASH -> / [8:13]
|           |--RB_HTML_TAG_NAME -> RB [8:14]
|           `--END -> > [8:16]
|--NEWLINE -> \n [8:17]
|--LEADING_ASTERISK -> * [9:0]
|--TEXT ->   [9:1]
|--HTML_ELEMENT -> HTML_ELEMENT [9:2]
|   `--RB_TAG_START -> RB_TAG_START [9:2]
|       |--START -> < [9:2]
|       |--RB_HTML_TAG_NAME -> rb [9:3]
|       `--END -> > [9:5]
|--TEXT ->   [9:6]
|--HTML_ELEMENT -> HTML_ELEMENT [9:7]
|   `--TD_TAG_END -> TD_TAG_END [9:7]
|       |--START -> < [9:7]
|       |--SLASH -> / [9:8]
|       |--TD_HTML_TAG_NAME -> td [9:9]
|       `--END -> > [9:11]
|--TEXT ->   [9:12]
|--HTML_ELEMENT -> HTML_ELEMENT [9:13]
|   `--RB_TAG_END -> RB_TAG_END [9:13]
|       |--START -> < [9:13]
|       |--SLASH -> / [9:14]
|       |--RB_HTML_TAG_NAME -> RB [9:15]
|       `--END -> > [9:17]
|--NEWLINE -> \n [9:18]
|--LEADING_ASTERISK -> * [10:0]
|--TEXT ->   [10:1]
|--HTML_ELEMENT -> HTML_ELEMENT [10:2]
|   `--RB -> RB [10:2]
|       |--RB_TAG_START -> RB_TAG_START [10:2]
|       |   |--START -> < [10:2]
|       |   |--RB_HTML_TAG_NAME -> rb [10:3]
|       |   `--END -> > [10:5]
|       |--TEXT ->   [10:6]
|       |--TH -> TH [10:7]
|       |   |--TH_TAG_START -> TH_TAG_START [10:7]
|       |   |   |--START -> < [10:7]
|       |   |   |--TH_HTML_TAG_NAME -> th [10:8]
|       |   |   `--END -> > [10:10]
|       |   |--TEXT ->   [10:11]
|       |   `--TH_TAG_END -> TH_TAG_END [10:12]
|       |       |--START -> < [10:12]
|       |       |--SLASH -> / [10:13]
|       |       |--TH_HTML_TAG_NAME -> th [10:14]
|       |       `--END -> > [10:16]
|       |--TEXT ->   [10:17]
|       `--RB_TAG_END -> RB_TAG_END [10:18]
|           |--START -> < [10:18]
|           |--SLASH -> / [10:19]
|           |--RB_HTML_TAG_NAME -> RB [10:20]
|           `--END -> > [10:22]
|--NEWLINE -> \n [10:23]
|--LEADING_ASTERISK -> * [11:0]
|--TEXT ->   [11:1]
|--HTML_ELEMENT -> HTML_ELEMENT [11:2]
|   `--RB -> RB [11:2]
|       |--RB_TAG_START -> RB_TAG_START [11:2]
|       |   |--START -> < [11:2]
|       |   |--RB_HTML_TAG_NAME -> rb [11:3]
|       |   `--END -> > [11:5]
|       |--TEXT ->   [11:6]
|       |--TH_TAG_START -> TH_TAG_START [11:7]
|       |   |--START -> < [11:7]
|       |   |--TH_HTML_TAG_NAME -> th [11:8]
|       |   `--END -> > [11:10]
|       |--TEXT ->   [11:11]
|       `--RB_TAG_END -> RB_TAG_END [11:12]
|           |--START -> < [11:12]
|           |--SLASH -> / [11:13]
|           |--RB_HTML_TAG_NAME -> RB [11:14]
|           `--END -> > [11:16]
|--NEWLINE -> \n [11:17]
|--LEADING_ASTERISK -> * [12:0]
|--TEXT ->   [12:1]
|--HTML_ELEMENT -> HTML_ELEMENT [12:2]
|   `--RB_TAG_START -> RB_TAG_START [12:2]
|       |--START -> < [12:2]
|       |--RB_HTML_TAG_NAME -> rb [12:3]
|       `--END -> > [12:5]
|--TEXT ->   [12:6]
|--HTML_ELEMENT -> HTML_ELEMENT [12:7]
|   `--TH_TAG_END -> TH_TAG_END [12:7]
|       |--START -> < [12:7]
|       |--SLASH -> / [12:8]
|       |--TH_HTML_TAG_NAME -> th [12:9]
|       `--END -> > [12:11]
|--TEXT ->   [12:12]
|--HTML_ELEMENT -> HTML_ELEMENT [12:13]
|   `--RB_TAG_END -> RB_TAG_END [12:13]
|       |--START -> < [12:13]
|       |--SLASH -> / [12:14]
|       |--RB_HTML_TAG_NAME -> RB [12:15]
|       `--END -> > [12:17]
|--NEWLINE -> \n [12:18]
|--LEADING_ASTERISK -> * [13:0]
|--TEXT ->   [13:1]
|--HTML_ELEMENT -> HTML_ELEMENT [13:2]
|   `--RB -> RB [13:2]
|       |--RB_TAG_START -> RB_TAG_START [13:2]
|       |   |--START -> < [13:2]
|       |   |--RB_HTML_TAG_NAME -> rb [13:3]
|       |   `--END -> > [13:5]
|       |--TEXT ->   [13:6]
|       |--BODY -> BODY [13:7]
|       |   |--BODY_TAG_START -> BODY_TAG_START [13:7]
|       |   |   |--START -> < [13:7]
|       |   |   |--BODY_HTML_TAG_NAME -> body [13:8]
|       |   |   `--END -> > [13:12]
|       |   |--TEXT ->   [13:13]
|       |   `--BODY_TAG_END -> BODY_TAG_END [13:14]
|       |       |--START -> < [13:14]
|       |       |--SLASH -> / [13:15]
|       |       |--BODY_HTML_TAG_NAME -> body [13:16]
|       |       `--END -> > [13:20]
|       |--TEXT ->   [13:21]
|       `--RB_TAG_END -> RB_TAG_END [13:22]
|           |--START -> < [13:22]
|           |--SLASH -> / [13:23]
|           |--RB_HTML_TAG_NAME -> RB [13:24]
|           `--END -> > [13:26]
|--NEWLINE -> \n [13:27]
|--LEADING_ASTERISK -> * [14:0]
|--TEXT ->   [14:1]
|--HTML_ELEMENT -> HTML_ELEMENT [14:2]
|   `--RB -> RB [14:2]
|       |--RB_TAG_START -> RB_TAG_START [14:2]
|       |   |--START -> < [14:2]
|       |   |--RB_HTML_TAG_NAME -> rb [14:3]
|       |   `--END -> > [14:5]
|       |--TEXT ->   [14:6]
|       |--BODY_TAG_START -> BODY_TAG_START [14:7]
|       |   |--START -> < [14:7]
|       |   |--BODY_HTML_TAG_NAME -> body [14:8]
|       |   `--END -> > [14:12]
|       |--TEXT ->   [14:13]
|       `--RB_TAG_END -> RB_TAG_END [14:14]
|           |--START -> < [14:14]
|           |--SLASH -> / [14:15]
|           |--RB_HTML_TAG_NAME -> RB [14:16]
|           `--END -> > [14:18]
|--NEWLINE -> \n [14:19]
|--LEADING_ASTERISK -> * [15:0]
|--TEXT ->   [15:1]
|--HTML_ELEMENT -> HTML_ELEMENT [15:2]
|   `--RB_TAG_START -> RB_TAG_START [15:2]
|       |--START -> < [15:2]
|       |--RB_HTML_TAG_NAME -> rb [15:3]
|       `--END -> > [15:5]
|--TEXT ->   [15:6]
|--HTML_ELEMENT -> HTML_ELEMENT [15:7]
|   `--BODY_TAG_END -> BODY_TAG_END [15:7]
|       |--START -> < [15:7]
|       |--SLASH -> / [15:8]
|       |--BODY_HTML_TAG_NAME -> body [15:9]
|       `--END -> > [15:13]
|--TEXT ->   [15:14]
|--HTML_ELEMENT -> HTML_ELEMENT [15:15]
|   `--RB_TAG_END -> RB_TAG_END [15:15]
|       |--START -> < [15:15]
|       |--SLASH -> / [15:16]
|       |--RB_HTML_TAG_NAME -> RB [15:17]
|       `--END -> > [15:19]
|--NEWLINE -> \n [15:20]
|--LEADING_ASTERISK -> * [16:0]
|--TEXT ->   [16:1]
|--HTML_ELEMENT -> HTML_ELEMENT [16:2]
|   `--RB -> RB [16:2]
|       |--RB_TAG_START -> RB_TAG_START [16:2]
|       |   |--START -> < [16:2]
|       |   |--RB_HTML_TAG_NAME -> rb [16:3]
|       |   `--END -> > [16:5]
|       |--TEXT ->   [16:6]
|       |--COLGROUP -> COLGROUP [16:7]
|       |   |--COLGROUP_TAG_START -> COLGROUP_TAG_START [16:7]
|       |   |   |--START -> < [16:7]
|       |   |   |--COLGROUP_HTML_TAG_NAME -> colgroup [16:8]
|       |   |   `--END -> > [16:16]
|       |   |--TEXT ->   [16:17]
|       |   `--COLGROUP_TAG_END -> COLGROUP_TAG_END [16:18]
|       |       |--START -> < [16:18]
|       |       |--SLASH -> / [16:19]
|       |       |--COLGROUP_HTML_TAG_NAME -> colgroup [16:20]
|       |       `--END -> > [16:28]
|       |--TEXT ->   [16:29]
|       `--RB_TAG_END -> RB_TAG_END [16:30]
|           |--START -> < [16:30]
|           |--SLASH -> / [16:31]
|           |--RB_HTML_TAG_NAME -> RB [16:32]
|           `--END -> > [16:34]
|--NEWLINE -> \n [16:35]
|--LEADING_ASTERISK -> * [17:0]
|--TEXT ->   [17:1]
|--HTML_ELEMENT -> HTML_ELEMENT [17:2]
|   `--RB -> RB [17:2]
|       |--RB_TAG_START -> RB_TAG_START [17:2]
|       |   |--START -> < [17:2]
|       |   |--RB_HTML_TAG_NAME -> rb [17:3]
|       |   `--END -> > [17:5]
|       |--TEXT ->   [17:6]
|       |--COLGROUP_TAG_START -> COLGROUP_TAG_START [17:7]
|       |   |--START -> < [17:7]
|       |   |--COLGROUP_HTML_TAG_NAME -> colgroup [17:8]
|       |   `--END -> > [17:16]
|       |--TEXT ->   [17:17]
|       `--RB_TAG_END -> RB_TAG_END [17:18]
|           |--START -> < [17:18]
|           |--SLASH -> / [17:19]
|           |--RB_HTML_TAG_NAME -> RB [17:20]
|           `--END -> > [17:22]
|--NEWLINE -> \n [17:23]
|--LEADING_ASTERISK -> * [18:0]
|--TEXT ->   [18:1]
|--HTML_ELEMENT -> HTML_ELEMENT [18:2]
|   `--RB_TAG_START -> RB_TAG_START [18:2]
|       |--START -> < [18:2]
|       |--RB_HTML_TAG_NAME -> rb [18:3]
|       `--END -> > [18:5]
|--TEXT ->   [18:6]
|--HTML_ELEMENT -> HTML_ELEMENT [18:7]
|   `--COLGROUP_TAG_END -> COLGROUP_TAG_END [18:7]
|       |--START -> < [18:7]
|       |--SLASH -> / [18:8]
|       |--COLGROUP_HTML_TAG_NAME -> colgroup [18:9]
|       `--END -> > [18:17]
|--TEXT ->   [18:18]
|--HTML_ELEMENT -> HTML_ELEMENT [18:19]
|   `--RB_TAG_END -> RB_TAG_END [18:19]
|       |--START -> < [18:19]
|       |--SLASH -> / [18:20]
|       |--RB_HTML_TAG_NAME -> RB [18:21]
|       `--END -> > [18:23]
|--NEWLINE -> \n [18:24]
|--LEADING_ASTERISK -> * [19:0]
|--TEXT ->   [19:1]
|--HTML_ELEMENT -> HTML_ELEMENT [19:2]
|   `--RB -> RB [19:2]
|       |--RB_TAG_START -> RB_TAG_START [19:2]
|       |   |--START -> < [19:2]
|       |   |--RB_HTML_TAG_NAME -> rb [19:3]
|       |   `--END -> > [19:5]
|       |--TEXT ->   [19:6]
|       |--DD -> DD [19:7]
|       |   |--DD_TAG_START -> DD_TAG_START [19:7]
|       |   |   |--START -> < [19:7]
|       |   |   |--DD_HTML_TAG_NAME -> dd [19:8]
|       |   |   `--END -> > [19:10]
|       |   |--TEXT ->   [19:11]
|       |   `--DD_TAG_END -> DD_TAG_END [19:12]
|       |       |--START -> < [19:12]
|       |       |--SLASH -> / [19:13]
|       |       |--DD_HTML_TAG_NAME -> dd [19:14]
|       |       `--END -> > [19:16]
|       |--TEXT ->   [19:17]
|       `--RB_TAG_END -> RB_TAG_END [19:18]
|           |--START -> < [19:18]
|           |--SLASH -> / [19:19]
|           |--RB_HTML_TAG_NAME -> RB [19:20]
|           `--END -> > [19:22]
|--NEWLINE -> \n [19:23]
|--LEADING_ASTERISK -> * [20:0]
|--TEXT ->   [20:1]
|--HTML_ELEMENT -> HTML_ELEMENT [20:2]
|   `--RB -> RB [20:2]
|       |--RB_TAG_START -> RB_TAG_START [20:2]
|       |   |--START -> < [20:2]
|       |   |--RB_HTML_TAG_NAME -> rb [20:3]
|       |   `--END -> > [20:5]
|       |--TEXT ->   [20:6]
|       |--DD_TAG_START -> DD_TAG_START [20:7]
|       |   |--START -> < [20:7]
|       |   |--DD_HTML_TAG_NAME -> dd [20:8]
|       |   `--END -> > [20:10]
|       |--TEXT ->   [20:11]
|       `--RB_TAG_END -> RB_TAG_END [20:12]
|           |--START -> < [20:12]
|           |--SLASH -> / [20:13]
|           |--RB_HTML_TAG_NAME -> RB [20:14]
|           `--END -> > [20:16]
|--NEWLINE -> \n [20:17]
|--LEADING_ASTERISK -> * [21:0]
|--TEXT ->   [21:1]
|--HTML_ELEMENT -> HTML_ELEMENT [21:2]
|   `--RB_TAG_START -> RB_TAG_START [21:2]
|       |--START -> < [21:2]
|       |--RB_HTML_TAG_NAME -> rb [21:3]
|       `--END -> > [21:5]
|--TEXT ->   [21:6]
|--HTML_ELEMENT -> HTML_ELEMENT [21:7]
|   `--DD_TAG_END -> DD_TAG_END [21:7]
|       |--START -> < [21:7]
|       |--SLASH -> / [21:8]
|       |--DD_HTML_TAG_NAME -> dd [21:9]
|       `--END -> > [21:11]
|--TEXT ->   [21:12]
|--HTML_ELEMENT -> HTML_ELEMENT [21:13]
|   `--RB_TAG_END -> RB_TAG_END [21:13]
|       |--START -> < [21:13]
|       |--SLASH -> / [21:14]
|       |--RB_HTML_TAG_NAME -> RB [21:15]
|       `--END -> > [21:17]
|--NEWLINE -> \n [21:18]
|--LEADING_ASTERISK -> * [22:0]
|--TEXT ->   [22:1]
|--HTML_ELEMENT -> HTML_ELEMENT [22:2]
|   `--RB -> RB [22:2]
|       |--RB_TAG_START -> RB_TAG_START [22:2]
|       |   |--START -> < [22:2]
|       |   |--RB_HTML_TAG_NAME -> rb [22:3]
|       |   `--END -> > [22:5]
|       |--TEXT ->   [22:6]
|       |--DT -> DT [22:7]
|       |   |--DT_TAG_START -> DT_TAG_START [22:7]
|       |   |   |--START -> < [22:7]
|       |   |   |--DT_HTML_TAG_NAME -> dt [22:8]
|       |   |   `--END -> > [22:10]
|       |   |--TEXT ->   [22:11]
|       |   `--DT_TAG_END -> DT_TAG_END [22:12]
|       |       |--START -> < [22:12]
|       |       |--SLASH -> / [22:13]
|       |       |--DT_HTML_TAG_NAME -> dt [22:14]
|       |       `--END -> > [22:16]
|       |--TEXT ->   [22:17]
|       `--RB_TAG_END -> RB_TAG_END [22:18]
|           |--START -> < [22:18]
|           |--SLASH -> / [22:19]
|           |--RB_HTML_TAG_NAME -> RB [22:20]
|           `--END -> > [22:22]
|--NEWLINE -> \n [22:23]
|--LEADING_ASTERISK -> * [23:0]
|--TEXT ->   [23:1]
|--HTML_ELEMENT -> HTML_ELEMENT [23:2]
|   `--RB -> RB [23:2]
|       |--RB_TAG_START -> RB_TAG_START [23:2]
|       |   |--START -> < [23:2]
|       |   |--RB_HTML_TAG_NAME -> rb [23:3]
|       |   `--END -> > [23:5]
|       |--TEXT ->   [23:6]
|       |--DT_TAG_START -> DT_TAG_START [23:7]
|       |   |--START -> < [23:7]
|       |   |--DT_HTML_TAG_NAME -> dt [23:8]
|       |   `--END -> > [23:10]
|       |--TEXT ->   [23:11]
|       `--RB_TAG_END -> RB_TAG_END [23:12]
|           |--START -> < [23:12]
|           |--SLASH -> / [23:13]
|           |--RB_HTML_TAG_NAME -> RB [23:14]
|           `--END -> > [23:16]
|--NEWLINE -> \n [23:17]
|--LEADING_ASTERISK -> * [24:0]
|--TEXT ->   [24:1]
|--HTML_ELEMENT -> HTML_ELEMENT [24:2]
|   `--RB_TAG_START -> RB_TAG_START [24:2]
|       |--START -> < [24:2]
|       |--RB_HTML_TAG_NAME -> rb [24:3]
|       `--END -> > [24:5]
|--TEXT ->   [24:6]
|--HTML_ELEMENT -> HTML_ELEMENT [24:7]
|   `--DT_TAG_END -> DT_TAG_END [24:7]
|       |--START -> < [24:7]
|       |--SLASH -> / [24:8]
|       |--DT_HTML_TAG_NAME -> dt [24:9]
|       `--END -> > [24:11]
|--TEXT ->   [24:12]
|--HTML_ELEMENT -> HTML_ELEMENT [24:13]
|   `--RB_TAG_END -> RB_TAG_END [24:13]
|       |--START -> < [24:13]
|       |--SLASH -> / [24:14]
|       |--RB_HTML_TAG_NAME -> RB [24:15]
|       `--END -> > [24:17]
|--NEWLINE -> \n [24:18]
|--LEADING_ASTERISK -> * [25:0]
|--TEXT ->   [25:1]
|--HTML_ELEMENT -> HTML_ELEMENT [25:2]
|   `--RB -> RB [25:2]
|       |--RB_TAG_START -> RB_TAG_START [25:2]
|       |   |--START -> < [25:2]
|       |   |--RB_HTML_TAG_NAME -> rb [25:3]
|       |   `--END -> > [25:5]
|       |--TEXT ->   [25:6]
|       |--HEAD -> HEAD [25:7]
|       |   |--HEAD_TAG_START -> HEAD_TAG_START [25:7]
|       |   |   |--START -> < [25:7]
|       |   |   |--HEAD_HTML_TAG_NAME -> head [25:8]
|       |   |   `--END -> > [25:12]
|       |   |--TEXT ->   [25:13]
|       |   `--HEAD_TAG_END -> HEAD_TAG_END [25:14]
|       |       |--START -> < [25:14]
|       |       |--SLASH -> / [25:15]
|       |       |--HEAD_HTML_TAG_NAME -> head [25:16]
|       |       `--END -> > [25:20]
|       |--TEXT ->   [25:21]
|       `--RB_TAG_END -> RB_TAG_END [25:22]
|           |--START -> < [25:22]
|           |--SLASH -> / [25:23]
|           |--RB_HTML_TAG_NAME -> RB [25:24]
|           `--END -> > [25:26]
|--NEWLINE -> \n [25:27]
|--LEADING_ASTERISK -> * [26:0]
|--TEXT ->   [26:1]
|--HTML_ELEMENT -> HTML_ELEMENT [26:2]
|   `--RB -> RB [26:2]
|       |--RB_TAG_START -> RB_TAG_START [26:2]
|       |   |--START -> < [26:2]
|       |   |--RB_HTML_TAG_NAME -> rb [26:3]
|       |   `--END -> > [26:5]
|       |--TEXT ->   [26:6]
|       |--HEAD_TAG_START -> HEAD_TAG_START [26:7]
|       |   |--START -> < [26:7]
|       |   |--HEAD_HTML_TAG_NAME -> head [26:8]
|       |   `--END -> > [26:12]
|       |--TEXT ->   [26:13]
|       `--RB_TAG_END -> RB_TAG_END [26:14]
|           |--START -> < [26:14]
|           |--SLASH -> / [26:15]
|           |--RB_HTML_TAG_NAME -> RB [26:16]
|           `--END -> > [26:18]
|--NEWLINE -> \n [26:19]
|--LEADING_ASTERISK -> * [27:0]
|--TEXT ->   [27:1]
|--HTML_ELEMENT -> HTML_ELEMENT [27:2]
|   `--RB_TAG_START -> RB_TAG_START [27:2]
|       |--START -> < [27:2]
|       |--RB_HTML_TAG_NAME -> rb [27:3]
|       `--END -> > [27:5]
|--TEXT ->   [27:6]
|--HTML_ELEMENT -> HTML_ELEMENT [27:7]
|   `--HEAD_TAG_END -> HEAD_TAG_END [27:7]
|       |--START -> < [27:7]
|       |--SLASH -> / [27:8]
|       |--HEAD_HTML_TAG_NAME -> head [27:9]
|       `--END -> > [27:13]
|--TEXT ->   [27:14]
|--HTML_ELEMENT -> HTML_ELEMENT [27:15]
|   `--RB_TAG_END -> RB_TAG_END [27:15]
|       |--START -> < [27:15]
|       |--SLASH -> / [27:16]
|       |--RB_HTML_TAG_NAME -> RB [27:17]
|       `--END -> > [27:19]
|--NEWLINE -> \n [27:20]
|--LEADING_ASTERISK -> * [28:0]
|--TEXT ->   [28:1]
|--HTML_ELEMENT -> HTML_ELEMENT [28:2]
|   `--RB -> RB [28:2]
|       |--RB_TAG_START -> RB_TAG_START [28:2]
|       |   |--START -> < [28:2]
|       |   |--RB_HTML_TAG_NAME -> rb [28:3]
|       |   `--END -> > [28:5]
|       |--TEXT ->   [28:6]
|       |--HTML -> HTML [28:7]
|       |   |--HTML_TAG_START -> HTML_TAG_START [28:7]
|       |   |   |--START -> < [28:7]
|       |   |   |--HTML_HTML_TAG_NAME -> html [28:8]
|       |   |   `--END -> > [28:12]
|       |   |--TEXT ->   [28:13]
|       |   `--HTML_TAG_END -> HTML_TAG_END [28:14]
|       |       |--START -> < [28:14]
|       |       |--SLASH -> / [28:15]
|       |       |--HTML_HTML_TAG_NAME -> html [28:16]
|       |       `--END -> > [28:20]
|       |--TEXT ->   [28:21]
|       `--RB_TAG_END -> RB_TAG_END [28:22]
|           |--START -> < [28:22]
|           |--SLASH -> / [28:23]
|           |--RB_HTML_TAG_NAME -> RB [28:24]
|           `--END -> > [28:26]
|--NEWLINE -> \n [28:27]
|--LEADING_ASTERISK -> * [29:0]
|--TEXT ->   [29:1]
|--HTML_ELEMENT -> HTML_ELEMENT [29:2]
|   `--RB -> RB [29:2]
|       |--RB_TAG_START -> RB_TAG_START [29:2]
|       |   |--START -> < [29:2]
|       |   |--RB_HTML_TAG_NAME -> rb [29:3]
|       |   `--END -> > [29:5]
|       |--TEXT ->   [29:6]
|       |--HTML_TAG_START -> HTML_TAG_START [29:7]
|       |   |--START -> < [29:7]
|       |   |--HTML_HTML_TAG_NAME -> html [29:8]
|       |   `--END -> > [29:12]
|       |--TEXT ->   [29:13]
|       `--RB_TAG_END -> RB_TAG_END [29:14]
|           |--START -> < [29:14]
|           |--SLASH -> / [29:15]
|           |--RB_HTML_TAG_NAME -> RB [29:16]
|           `--END -> > [29:18]
|--NEWLINE -> \n [29:19]
|--LEADING_ASTERISK -> * [30:0]
|--TEXT ->   [30:1]
|--HTML_ELEMENT -> HTML_ELEMENT [30:2]
|   `--RB_TAG_START -> RB_TAG_START [30:2]
|       |--START -> < [30:2]
|       |--RB_HTML_TAG_NAME -> rb [30:3]
|       `--END -> > [30:5]
|--TEXT ->   [30:6]
|--HTML_ELEMENT -> HTML_ELEMENT [30:7]
|   `--HTML_TAG_END -> HTML_TAG_END [30:7]
|       |--START -> < [30:7]
|       |--SLASH -> / [30:8]
|       |--HTML_HTML_TAG_NAME -> html [30:9]
|       `--END -> > [30:13]
|--TEXT ->   [30:14]
|--HTML_ELEMENT -> HTML_ELEMENT [30:15]
|   `--RB_TAG_END -> RB_TAG_END [30:15]
|       |--START -> < [30:15]
|       |--SLASH -> / [30:16]
|       |--RB_HTML_TAG_NAME -> RB [30:17]
|       `--END -> > [30:19]
|--NEWLINE -> \n [30:20]
|--LEADING_ASTERISK -> * [31:0]
|--TEXT ->   [31:1]
|--HTML_ELEMENT -> HTML_ELEMENT [31:2]
|   `--RB -> RB [31:2]
|       |--RB_TAG_START -> RB_TAG_START [31:2]
|       |   |--START -> < [31:2]
|       |   |--RB_HTML_TAG_NAME -> rb [31:3]
|       |   `--END -> > [31:5]
|       |--TEXT ->   [31:6]
|       |--OPTION -> OPTION [31:7]
|       |   |--OPTION_TAG_START -> OPTION_TAG_START [31:7]
|       |   |   |--START -> < [31:7]
|       |   |   |--OPTION_HTML_TAG_NAME -> option [31:8]
|       |   |   `--END -> > [31:14]
|       |   |--TEXT ->   [31:15]
|       |   `--OPTION_TAG_END -> OPTION_TAG_END [31:16]
|       |       |--START -> < [31:16]
|       |       |--SLASH -> / [31:17]
|       |       |--OPTION_HTML_TAG_NAME -> option [31:18]
|       |       `--END -> > [31:24]
|       |--TEXT ->   [31:25]
|       `--RB_TAG_END -> RB_TAG_END [31:26]
|           |--START -> < [31:26]
|           |--SLASH -> / [31:27]
|           |--RB_HTML_TAG_NAME -> RB [31:28]
|           `--END -> > [31:30]
|--NEWLINE -> \n [31:31]
|--LEADING_ASTERISK -> * [32:0]
|--TEXT ->   [32:1]
|--HTML_ELEMENT -> HTML_ELEMENT [32:2]
|   `--RB -> RB [32:2]
|       |--RB_TAG_START -> RB_TAG_START [32:2]
|       |   |--START -> < [32:2]
|       |   |--RB_HTML_TAG_NAME -> rb [32:3]
|       |   `--END -> > [32:5]
|       |--TEXT ->   [32:6]
|       |--OPTION_TAG_START -> OPTION_TAG_START [32:7]
|       |   |--START -> < [32:7]
|       |   |--OPTION_HTML_TAG_NAME -> option [32:8]
|       |   `--END -> > [32:14]
|       |--TEXT ->   [32:15]
|       `--RB_TAG_END -> RB_TAG_END [32:16]
|           |--START -> < [32:16]
|           |--SLASH -> / [32:17]
|           |--RB_HTML_TAG_NAME -> RB [32:18]
|           `--END -> > [32:20]
|--NEWLINE -> \n [32:21]
|--LEADING_ASTERISK -> * [33:0]
|--TEXT ->   [33:1]
|--HTML_ELEMENT -> HTML_ELEMENT [33:2]
|   `--RB_TAG_START -> RB_TAG_START [33:2]
|       |--START -> < [33:2]
|       |--RB_HTML_TAG_NAME -> rb [33:3]
|       `--END -> > [33:5]
|--TEXT ->   [33:6]
|--HTML_ELEMENT -> HTML_ELEMENT [33:7]
|   `--OPTION_TAG_END -> OPTION_TAG_END [33:7]
|       |--START -> < [33:7]
|       |--SLASH -> / [33:8]
|       |--OPTION_HTML_TAG_NAME -> option [33:9]
|       `--END -> > [33:15]
|--TEXT ->   [33:16]
|--HTML_ELEMENT -> HTML_ELEMENT [33:17]
|   `--RB_TAG_END -> RB_TAG_END [33:17]
|       |--START -> < [33:17]
|       |--SLASH -> / [33:18]
|       |--RB_HTML_TAG_NAME -> RB [33:19]
|       `--END -> > [33:21]
|--NEWLINE -> \n [33:22]
|--LEADING_ASTERISK -> * [34:0]
|--TEXT ->   [34:1]
|--HTML_ELEMENT -> HTML_ELEMENT [34:2]
|   `--RB -> RB [34:2]
|       |--RB_TAG_START -> RB_TAG_START [34:2]
|       |   |--START -> < [34:2]
|       |   |--RB_HTML_TAG_NAME -> rb [34:3]
|       |   `--END -> > [34:5]
|       |--TEXT ->   [34:6]
|       |--TBODY -> TBODY [34:7]
|       |   |--TBODY_TAG_START -> TBODY_TAG_START [34:7]
|       |   |   |--START -> < [34:7]
|       |   |   |--TBODY_HTML_TAG_NAME -> tbody [34:8]
|       |   |   `--END -> > [34:13]
|       |   |--TEXT ->   [34:14]
|       |   `--TBODY_TAG_END -> TBODY_TAG_END [34:15]
|       |       |--START -> < [34:15]
|       |       |--SLASH -> / [34:16]
|       |       |--TBODY_HTML_TAG_NAME -> tbody [34:17]
|       |       `--END -> > [34:22]
|       |--TEXT ->   [34:23]
|       `--RB_TAG_END -> RB_TAG_END [34:24]
|           |--START -> < [34:24]
|           |--SLASH -> / [34:25]
|           |--RB_HTML_TAG_NAME -> rB [34:26]
|           `--END -> > [34:28]
|--NEWLINE -> \n [34:29]
|--LEADING_ASTERISK -> * [35:0]
|--TEXT ->   [35:1]
|--HTML_ELEMENT -> HTML_ELEMENT [35:2]
|   `--RB -> RB [35:2]
|       |--RB_TAG_START -> RB_TAG_START [35:2]
|       |   |--START -> < [35:2]
|       |   |--RB_HTML_TAG_NAME -> rb [35:3]
|       |   `--END -> > [35:5]
|       |--TEXT ->   [35:6]
|       |--TBODY_TAG_START -> TBODY_TAG_START [35:7]
|       |   |--START -> < [35:7]
|       |   |--TBODY_HTML_TAG_NAME -> tbody [35:8]
|       |   `--END -> > [35:13]
|       |--TEXT ->   [35:14]
|       `--RB_TAG_END -> RB_TAG_END [35:15]
|           |--START -> < [35:15]
|           |--SLASH -> / [35:16]
|           |--RB_HTML_TAG_NAME -> RB [35:17]
|           `--END -> > [35:19]
|--NEWLINE -> \n [35:20]
|--LEADING_ASTERISK -> * [36:0]
|--TEXT ->   [36:1]
|--HTML_ELEMENT -> HTML_ELEMENT [36:2]
|   `--RB_TAG_START -> RB_TAG_START [36:2]
|       |--START -> < [36:2]
|       |--RB_HTML_TAG_NAME -> rb [36:3]
|       `--END -> > [36:5]
|--TEXT ->   [36:6]
|--HTML_ELEMENT -> HTML_ELEMENT [36:7]
|   `--TBODY_TAG_END -> TBODY_TAG_END [36:7]
|       |--START -> < [36:7]
|       |--SLASH -> / [36:8]
|       |--TBODY_HTML_TAG_NAME -> tbody [36:9]
|       `--END -> > [36:14]
|--TEXT ->   [36:15]
|--HTML_ELEMENT -> HTML_ELEMENT [36:16]
|   `--RB_TAG_END -> RB_TAG_END [36:16]
|       |--START -> < [36:16]
|       |--SLASH -> / [36:17]
|       |--RB_HTML_TAG_NAME -> RB [36:18]
|       `--END -> > [36:20]
|--NEWLINE -> \n [36:21]
|--LEADING_ASTERISK -> * [37:0]
|--TEXT ->   [37:1]
|--HTML_ELEMENT -> HTML_ELEMENT [37:2]
|   `--RB -> RB [37:2]
|       |--RB_TAG_START -> RB_TAG_START [37:2]
|       |   |--START -> < [37:2]
|       |   |--RB_HTML_TAG_NAME -> rb [37:3]
|       |   `--END -> > [37:5]
|       |--TEXT ->   [37:6]
|       |--TFOOT -> TFOOT [37:7]
|       |   |--TFOOT_TAG_START -> TFOOT_TAG_START [37:7]
|       |   |   |--START -> < [37:7]
|       |   |   |--TFOOT_HTML_TAG_NAME -> tfoot [37:8]
|       |   |   `--END -> > [37:13]
|       |   |--TEXT ->   [37:14]
|       |   `--TFOOT_TAG_END -> TFOOT_TAG_END [37:15]
|       |       |--START -> < [37:15]
|       |       |--SLASH -> / [37:16]
|       |       |--TFOOT_HTML_TAG_NAME -> tfoot [37:17]
|       |       `--END -> > [37:22]
|       |--TEXT ->   [37:23]
|       `--RB_TAG_END -> RB_TAG_END [37:24]
|           |--START -> < [37:24]
|           |--SLASH -> / [37:25]
|           |--RB_HTML_TAG_NAME -> RB [37:26]
|           `--END -> > [37:28]
|--NEWLINE -> \n [37:29]
|--LEADING_ASTERISK -> * [38:0]
|--TEXT ->   [38:1]
|--HTML_ELEMENT -> HTML_ELEMENT [38:2]
|   `--RB -> RB [38:2]
|       |--RB_TAG_START -> RB_TAG_START [38:2]
|       |   |--START -> < [38:2]
|       |   |--RB_HTML_TAG_NAME -> rb [38:3]
|       |   `--END -> > [38:5]
|       |--TEXT ->   [38:6]
|       |--TFOOT_TAG_START -> TFOOT_TAG_START [38:7]
|       |   |--START -> < [38:7]
|       |   |--TFOOT_HTML_TAG_NAME -> tfoot [38:8]
|       |   `--END -> > [38:13]
|       |--TEXT ->   [38:14]
|       `--RB_TAG_END -> RB_TAG_END [38:15]
|           |--START -> < [38:15]
|           |--SLASH -> / [38:16]
|           |--RB_HTML_TAG_NAME -> RB [38:17]
|           `--END -> > [38:19]
|--NEWLINE -> \n [38:20]
|--LEADING_ASTERISK -> * [39:0]
|--TEXT ->   [39:1]
|--HTML_ELEMENT -> HTML_ELEMENT [39:2]
|   `--RB_TAG_START -> RB_TAG_START [39:2]
|       |--START -> < [39:2]
|       |--RB_HTML_TAG_NAME -> rb [39:3]
|       `--END -> > [39:5]
|--TEXT ->   [39:6]
|--HTML_ELEMENT -> HTML_ELEMENT [39:7]
|   `--TFOOT_TAG_END -> TFOOT_TAG_END [39:7]
|       |--START -> < [39:7]
|       |--SLASH -> / [39:8]
|       |--TFOOT_HTML_TAG_NAME -> tfoot [39:9]
|       `--END -> > [39:14]
|--TEXT ->   [39:15]
|--HTML_ELEMENT -> HTML_ELEMENT [39:16]
|   `--RB_TAG_END -> RB_TAG_END [39:16]
|       |--START -> < [39:16]
|       |--SLASH -> / [39:17]
|       |--RB_HTML_TAG_NAME -> RB [39:18]
|       `--END -> > [39:20]
|--NEWLINE -> \n [39:21]
|--LEADING_ASTERISK -> * [40:0]
|--TEXT ->   [40:1]
|--HTML_ELEMENT -> HTML_ELEMENT [40:2]
|   `--RB -> RB [40:2]
|       |--RB_TAG_START -> RB_TAG_START [40:2]
|       |   |--START -> < [40:2]
|       |   |--RB_HTML_TAG_NAME -> rb [40:3]
|       |   |--WS ->   [40:5]
|       |   |--ATTRIBUTE -> ATTRIBUTE [40:6]
|       |   |   |--HTML_TAG_NAME -> style [40:6]
|       |   |   |--EQUALS -> = [40:11]
|       |   |   `--ATTR_VALUE -> "color:red" [40:12]
|       |   |--WS ->   [40:24]
|       |   |--NEWLINE -> \n [40:25]
|       |   |--LEADING_ASTERISK -> * [41:0]
|       |   |--NEWLINE -> \n [41:1]
|       |   |--LEADING_ASTERISK -> * [42:0]
|       |   |--WS ->   [42:1]
|       |   `--END -> > [42:2]
|       |--TEXT ->   [42:3]
|       |--HTML_COMMENT -> HTML_COMMENT [42:4]
|       |   |--HTML_COMMENT_START -> <!-- [42:4]
|       |   |--TEXT -> HTML COMMENT [42:8]
|       |   `--HTML_COMMENT_END -> --> [42:20]
|       |--TEXT ->    [42:23]
|       `--RB_TAG_END -> RB_TAG_END [42:25]
|           |--START -> < [42:25]
|           |--SLASH -> / [42:26]
|           |--RB_HTML_TAG_NAME -> Rb [42:27]
|           |--NEWLINE -> \n [42:29]
|           |--LEADING_ASTERISK -> * [43:0]
|           |--NEWLINE -> \n [43:1]
|           |--LEADING_ASTERISK -> * [44:0]
|           |--WS ->   [44:1]
|           `--END -> > [44:2]
|--NEWLINE -> \n [44:3]
`--EOF -> <EOF> [45:0]]
>
	at com.puppycrawl.tools.checkstyle.grammar.javadoc.JavadocParseTreeTest.testRbHtmlTag(JavadocParseTreeTest.java:326)
]]></failure>
  </testcase>
  <testcase name="seeReferenceWithFewNestedClasses" classname="com.puppycrawl.tools.checkstyle.grammar.javadoc.JavadocParseTreeTest" time="0">
    <failure message="Generated tree from the javadoc file should match the pre-defined tree expected:&lt;...DOC -&gt; JAVADOC [0:0][&#10;|--JAVADOC_TAG -&gt; JAVADOC_TAG [0:0]&#10;|   |--SEE_LITERAL -&gt; @see [0:0]&#10;|   |--WS -&gt;   [0:4]&#10;|   |--REFERENCE -&gt; REFERENCE [0:5]&#10;|   |   |--PACKAGE_CLASS -&gt; java.lang.Integer.Nested.AnotherNested [0:5]&#10;|   |   |--HASH -&gt; # [0:43]&#10;|   |   |--MEMBER -&gt; someMethod [0:44]&#10;|   |   `--PARAMETERS -&gt; PARAMETERS [0:54]&#10;|   |       |--LEFT_BRACE -&gt; ( [0:54]&#10;|   |       |--ARGUMENT -&gt; String [0:55]&#10;|   |       |--COMMA -&gt; , [0:61]&#10;|   |       |--WS -&gt;   [0:62]&#10;|   |       |--ARGUMENT -&gt; int [0:63]&#10;|   |       `--RIGHT_BRACE -&gt; ) [0:66]&#10;|   |--WS -&gt;   [0:67]&#10;|   `--DESCRIPTION -&gt; DESCRIPTION [0:68]&#10;|       `--TEXT -&gt; Description of the link [0:68]&#10;`--EOF -&gt; &lt;EOF&gt; [0:91]]&#10;&gt; but was:&lt;...DOC -&gt; JAVADOC [0:0][&#10;|--JAVADOC_TAG -&gt; JAVADOC_TAG [0:0]&#10;|   |--SEE_LITERAL -&gt; @see [0:0]&#10;|   |--WS -&gt;   [0:4]&#10;|   |--REFERENCE -&gt; REFERENCE [0:5]&#10;|   |   |--PACKAGE_CLASS -&gt; java.lang.Integer.Nested.AnotherNested [0:5]&#10;|   |   |--HASH -&gt; # [0:43]&#10;|   |   |--MEMBER -&gt; someMethod [0:44]&#10;|   |   `--PARAMETERS -&gt; PARAMETERS [0:54]&#10;|   |       |--LEFT_BRACE -&gt; ( [0:54]&#10;|   |       |--ARGUMENT -&gt; String [0:55]&#10;|   |       |--COMMA -&gt; , [0:61]&#10;|   |       |--WS -&gt;   [0:62]&#10;|   |       |--ARGUMENT -&gt; int [0:63]&#10;|   |       `--RIGHT_BRACE -&gt; ) [0:66]&#10;|   |--WS -&gt;   [0:67]&#10;|   `--DESCRIPTION -&gt; DESCRIPTION [0:68]&#10;|       `--TEXT -&gt; Description of the link [0:68]&#10;`--EOF -&gt; &lt;EOF&gt; [0:91]&#13;]&#10;&gt;" type="org.junit.ComparisonFailure"><![CDATA[org.junit.ComparisonFailure: 
Generated tree from the javadoc file should match the pre-defined tree expected:<...DOC -> JAVADOC [0:0][
|--JAVADOC_TAG -> JAVADOC_TAG [0:0]
|   |--SEE_LITERAL -> @see [0:0]
|   |--WS ->   [0:4]
|   |--REFERENCE -> REFERENCE [0:5]
|   |   |--PACKAGE_CLASS -> java.lang.Integer.Nested.AnotherNested [0:5]
|   |   |--HASH -> # [0:43]
|   |   |--MEMBER -> someMethod [0:44]
|   |   `--PARAMETERS -> PARAMETERS [0:54]
|   |       |--LEFT_BRACE -> ( [0:54]
|   |       |--ARGUMENT -> String [0:55]
|   |       |--COMMA -> , [0:61]
|   |       |--WS ->   [0:62]
|   |       |--ARGUMENT -> int [0:63]
|   |       `--RIGHT_BRACE -> ) [0:66]
|   |--WS ->   [0:67]
|   `--DESCRIPTION -> DESCRIPTION [0:68]
|       `--TEXT -> Description of the link [0:68]
`--EOF -> <EOF> [0:91]]
> but was:<...DOC -> JAVADOC [0:0][
|--JAVADOC_TAG -> JAVADOC_TAG [0:0]
|   |--SEE_LITERAL -> @see [0:0]
|   |--WS ->   [0:4]
|   |--REFERENCE -> REFERENCE [0:5]
|   |   |--PACKAGE_CLASS -> java.lang.Integer.Nested.AnotherNested [0:5]
|   |   |--HASH -> # [0:43]
|   |   |--MEMBER -> someMethod [0:44]
|   |   `--PARAMETERS -> PARAMETERS [0:54]
|   |       |--LEFT_BRACE -> ( [0:54]
|   |       |--ARGUMENT -> String [0:55]
|   |       |--COMMA -> , [0:61]
|   |       |--WS ->   [0:62]
|   |       |--ARGUMENT -> int [0:63]
|   |       `--RIGHT_BRACE -> ) [0:66]
|   |--WS ->   [0:67]
|   `--DESCRIPTION -> DESCRIPTION [0:68]
|       `--TEXT -> Description of the link [0:68]
`--EOF -> <EOF> [0:91]]
>
	at com.puppycrawl.tools.checkstyle.grammar.javadoc.JavadocParseTreeTest.seeReferenceWithFewNestedClasses(JavadocParseTreeTest.java:98)
]]></failure>
  </testcase>
  <testcase name="testRtcHtmlTag" classname="com.puppycrawl.tools.checkstyle.grammar.javadoc.JavadocParseTreeTest" time="0.079">
    <failure message="Generated tree from the javadoc file should match the pre-defined tree expected:&lt;...DOC -&gt; JAVADOC [0:0][&#10;|--LEADING_ASTERISK -&gt; * [0:0]&#10;|--TEXT -&gt;   [0:1]&#10;|--HTML_ELEMENT -&gt; HTML_ELEMENT [0:2]&#10;|   `--RTC -&gt; RTC [0:2]&#10;|       |--RTC_TAG_START -&gt; RTC_TAG_START [0:2]&#10;|       |   |--START -&gt; &lt; [0:2]&#10;|       |   |--RTC_HTML_TAG_NAME -&gt; rtc [0:3]&#10;|       |   `--END -&gt; &gt; [0:6]&#10;|       |--TEXT -&gt;   [0:7]&#10;|       `--RTC_TAG_END -&gt; RTC_TAG_END [0:8]&#10;|           |--START -&gt; &lt; [0:8]&#10;|           |--SLASH -&gt; / [0:9]&#10;|           |--RTC_HTML_TAG_NAME -&gt; RTC [0:10]&#10;|           `--END -&gt; &gt; [0:13]&#10;|--NEWLINE -&gt; \n [0:14]&#10;|--LEADING_ASTERISK -&gt; * [1:0]&#10;|--TEXT -&gt;   [1:1]&#10;|--HTML_ELEMENT -&gt; HTML_ELEMENT [1:2]&#10;|   `--RTC -&gt; RTC [1:2]&#10;|       |--RTC_TAG_START -&gt; RTC_TAG_START [1:2]&#10;|       |   |--START -&gt; &lt; [1:2]&#10;|       |   |--RTC_HTML_TAG_NAME -&gt; rtc [1:3]&#10;|       |   `--END -&gt; &gt; [1:6]&#10;|       |--TEXT -&gt;   [1:7]&#10;|       |--LI -&gt; LI [1:8]&#10;|       |   |--LI_TAG_START -&gt; LI_TAG_START [1:8]&#10;|       |   |   |--START -&gt; &lt; [1:8]&#10;|       |   |   |--LI_HTML_TAG_NAME -&gt; li [1:9]&#10;|       |   |   `--END -&gt; &gt; [1:11]&#10;|       |   |--TEXT -&gt;   [1:12]&#10;|       |   `--LI_TAG_END -&gt; LI_TAG_END [1:13]&#10;|       |       |--START -&gt; &lt; [1:13]&#10;|       |       |--SLASH -&gt; / [1:14]&#10;|       |       |--LI_HTML_TAG_NAME -&gt; li [1:15]&#10;|       |       `--END -&gt; &gt; [1:17]&#10;|       |--TEXT -&gt;   [1:18]&#10;|       `--RTC_TAG_END -&gt; RTC_TAG_END [1:19]&#10;|           |--START -&gt; &lt; [1:19]&#10;|           |--SLASH -&gt; / [1:20]&#10;|           |--RTC_HTML_TAG_NAME -&gt; RTC [1:21]&#10;|           `--END -&gt; &gt; [1:24]&#10;|--NEWLINE -&gt; \n [1:25]&#10;|--LEADING_ASTERISK -&gt; * [2:0]&#10;|--TEXT -&gt;   [2:1]&#10;|--HTML_ELEMENT -&gt; HTML_ELEMENT [2:2]&#10;|   `--RTC -&gt; RTC [2:2]&#10;|       |--RTC_TAG_START -&gt; RTC_TAG_START [2:2]&#10;|       |   |--START -&gt; &lt; [2:2]&#10;|       |   |--RTC_HTML_TAG_NAME -&gt; rtc [2:3]&#10;|       |   `--END -&gt; &gt; [2:6]&#10;|       |--TEXT -&gt;   [2:7]&#10;|       |--LI_TAG_START -&gt; LI_TAG_START [2:8]&#10;|       |   |--START -&gt; &lt; [2:8]&#10;|       |   |--LI_HTML_TAG_NAME -&gt; li [2:9]&#10;|       |   `--END -&gt; &gt; [2:11]&#10;|       |--TEXT -&gt;   [2:12]&#10;|       `--RTC_TAG_END -&gt; RTC_TAG_END [2:13]&#10;|           |--START -&gt; &lt; [2:13]&#10;|           |--SLASH -&gt; / [2:14]&#10;|           |--RTC_HTML_TAG_NAME -&gt; RTC [2:15]&#10;|           `--END -&gt; &gt; [2:18]&#10;|--NEWLINE -&gt; \n [2:19]&#10;|--LEADING_ASTERISK -&gt; * [3:0]&#10;|--TEXT -&gt;   [3:1]&#10;|--HTML_ELEMENT -&gt; HTML_ELEMENT [3:2]&#10;|   `--RTC_TAG_START -&gt; RTC_TAG_START [3:2]&#10;|       |--START -&gt; &lt; [3:2]&#10;|       |--RTC_HTML_TAG_NAME -&gt; rtc [3:3]&#10;|       `--END -&gt; &gt; [3:6]&#10;|--TEXT -&gt;   [3:7]&#10;|--HTML_ELEMENT -&gt; HTML_ELEMENT [3:8]&#10;|   `--LI_TAG_END -&gt; LI_TAG_END [3:8]&#10;|       |--START -&gt; &lt; [3:8]&#10;|       |--SLASH -&gt; / [3:9]&#10;|       |--LI_HTML_TAG_NAME -&gt; li [3:10]&#10;|       `--END -&gt; &gt; [3:12]&#10;|--TEXT -&gt;   [3:13]&#10;|--HTML_ELEMENT -&gt; HTML_ELEMENT [3:14]&#10;|   `--RTC_TAG_END -&gt; RTC_TAG_END [3:14]&#10;|       |--START -&gt; &lt; [3:14]&#10;|       |--SLASH -&gt; / [3:15]&#10;|       |--RTC_HTML_TAG_NAME -&gt; RTC [3:16]&#10;|       `--END -&gt; &gt; [3:19]&#10;|--NEWLINE -&gt; \n [3:20]&#10;|--LEADING_ASTERISK -&gt; * [4:0]&#10;|--TEXT -&gt;   [4:1]&#10;|--HTML_ELEMENT -&gt; HTML_ELEMENT [4:2]&#10;|   `--RTC -&gt; RTC [4:2]&#10;|       |--RTC_TAG_START -&gt; RTC_TAG_START [4:2]&#10;|       |   |--START -&gt; &lt; [4:2]&#10;|       |   |--RTC_HTML_TAG_NAME -&gt; rtc [4:3]&#10;|       |   `--END -&gt; &gt; [4:6]&#10;|       |--TEXT -&gt;   [4:7]&#10;|       |--TR -&gt; TR [4:8]&#10;|       |   |--TR_TAG_START -&gt; TR_TAG_START [4:8]&#10;|       |   |   |--START -&gt; &lt; [4:8]&#10;|       |   |   |--TR_HTML_TAG_NAME -&gt; tr [4:9]&#10;|       |   |   `--END -&gt; &gt; [4:11]&#10;|       |   |--TEXT -&gt;   [4:12]&#10;|       |   `--TR_TAG_END -&gt; TR_TAG_END [4:13]&#10;|       |       |--START -&gt; &lt; [4:13]&#10;|       |       |--SLASH -&gt; / [4:14]&#10;|       |       |--TR_HTML_TAG_NAME -&gt; tr [4:15]&#10;|       |       `--END -&gt; &gt; [4:17]&#10;|       |--TEXT -&gt;   [4:18]&#10;|       `--RTC_TAG_END -&gt; RTC_TAG_END [4:19]&#10;|           |--START -&gt; &lt; [4:19]&#10;|           |--SLASH -&gt; / [4:20]&#10;|           |--RTC_HTML_TAG_NAME -&gt; RTC [4:21]&#10;|           `--END -&gt; &gt; [4:24]&#10;|--NEWLINE -&gt; \n [4:25]&#10;|--LEADING_ASTERISK -&gt; * [5:0]&#10;|--TEXT -&gt;   [5:1]&#10;|--HTML_ELEMENT -&gt; HTML_ELEMENT [5:2]&#10;|   `--RTC -&gt; RTC [5:2]&#10;|       |--RTC_TAG_START -&gt; RTC_TAG_START [5:2]&#10;|       |   |--START -&gt; &lt; [5:2]&#10;|       |   |--RTC_HTML_TAG_NAME -&gt; rtc [5:3]&#10;|       |   `--END -&gt; &gt; [5:6]&#10;|       |--TEXT -&gt;   [5:7]&#10;|       |--TR_TAG_START -&gt; TR_TAG_START [5:8]&#10;|       |   |--START -&gt; &lt; [5:8]&#10;|       |   |--TR_HTML_TAG_NAME -&gt; tr [5:9]&#10;|       |   `--END -&gt; &gt; [5:11]&#10;|       |--TEXT -&gt;   [5:12]&#10;|       `--RTC_TAG_END -&gt; RTC_TAG_END [5:13]&#10;|           |--START -&gt; &lt; [5:13]&#10;|           |--SLASH -&gt; / [5:14]&#10;|           |--RTC_HTML_TAG_NAME -&gt; RTC [5:15]&#10;|           `--END -&gt; &gt; [5:18]&#10;|--NEWLINE -&gt; \n [5:19]&#10;|--LEADING_ASTERISK -&gt; * [6:0]&#10;|--TEXT -&gt;   [6:1]&#10;|--HTML_ELEMENT -&gt; HTML_ELEMENT [6:2]&#10;|   `--RTC_TAG_START -&gt; RTC_TAG_START [6:2]&#10;|       |--START -&gt; &lt; [6:2]&#10;|       |--RTC_HTML_TAG_NAME -&gt; rtc [6:3]&#10;|       `--END -&gt; &gt; [6:6]&#10;|--TEXT -&gt;   [6:7]&#10;|--HTML_ELEMENT -&gt; HTML_ELEMENT [6:8]&#10;|   `--TR_TAG_END -&gt; TR_TAG_END [6:8]&#10;|       |--START -&gt; &lt; [6:8]&#10;|       |--SLASH -&gt; / [6:9]&#10;|       |--TR_HTML_TAG_NAME -&gt; tr [6:10]&#10;|       `--END -&gt; &gt; [6:12]&#10;|--TEXT -&gt;   [6:13]&#10;|--HTML_ELEMENT -&gt; HTML_ELEMENT [6:14]&#10;|   `--RTC_TAG_END -&gt; RTC_TAG_END [6:14]&#10;|       |--START -&gt; &lt; [6:14]&#10;|       |--SLASH -&gt; / [6:15]&#10;|       |--RTC_HTML_TAG_NAME -&gt; RTC [6:16]&#10;|       `--END -&gt; &gt; [6:19]&#10;|--NEWLINE -&gt; \n [6:20]&#10;|--LEADING_ASTERISK -&gt; * [7:0]&#10;|--TEXT -&gt;   [7:1]&#10;|--HTML_ELEMENT -&gt; HTML_ELEMENT [7:2]&#10;|   `--RTC -&gt; RTC [7:2]&#10;|       |--RTC_TAG_START -&gt; RTC_TAG_START [7:2]&#10;|       |   |--START -&gt; &lt; [7:2]&#10;|       |   |--RTC_HTML_TAG_NAME -&gt; rtc [7:3]&#10;|       |   `--END -&gt; &gt; [7:6]&#10;|       |--TEXT -&gt;   [7:7]&#10;|       |--TD -&gt; TD [7:8]&#10;|       |   |--TD_TAG_START -&gt; TD_TAG_START [7:8]&#10;|       |   |   |--START -&gt; &lt; [7:8]&#10;|       |   |   |--TD_HTML_TAG_NAME -&gt; td [7:9]&#10;|       |   |   `--END -&gt; &gt; [7:11]&#10;|       |   |--TEXT -&gt;   [7:12]&#10;|       |   `--TD_TAG_END -&gt; TD_TAG_END [7:13]&#10;|       |       |--START -&gt; &lt; [7:13]&#10;|       |       |--SLASH -&gt; / [7:14]&#10;|       |       |--TD_HTML_TAG_NAME -&gt; td [7:15]&#10;|       |       `--END -&gt; &gt; [7:17]&#10;|       |--TEXT -&gt;   [7:18]&#10;|       `--RTC_TAG_END -&gt; RTC_TAG_END [7:19]&#10;|           |--START -&gt; &lt; [7:19]&#10;|           |--SLASH -&gt; / [7:20]&#10;|           |--RTC_HTML_TAG_NAME -&gt; RTC [7:21]&#10;|           `--END -&gt; &gt; [7:24]&#10;|--NEWLINE -&gt; \n [7:25]&#10;|--LEADING_ASTERISK -&gt; * [8:0]&#10;|--TEXT -&gt;   [8:1]&#10;|--HTML_ELEMENT -&gt; HTML_ELEMENT [8:2]&#10;|   `--RTC -&gt; RTC [8:2]&#10;|       |--RTC_TAG_START -&gt; RTC_TAG_START [8:2]&#10;|       |   |--START -&gt; &lt; [8:2]&#10;|       |   |--RTC_HTML_TAG_NAME -&gt; rtc [8:3]&#10;|       |   `--END -&gt; &gt; [8:6]&#10;|       |--TEXT -&gt;   [8:7]&#10;|       |--TD_TAG_START -&gt; TD_TAG_START [8:8]&#10;|       |   |--START -&gt; &lt; [8:8]&#10;|       |   |--TD_HTML_TAG_NAME -&gt; td [8:9]&#10;|       |   `--END -&gt; &gt; [8:11]&#10;|       |--TEXT -&gt;   [8:12]&#10;|       `--RTC_TAG_END -&gt; RTC_TAG_END [8:13]&#10;|           |--START -&gt; &lt; [8:13]&#10;|           |--SLASH -&gt; / [8:14]&#10;|           |--RTC_HTML_TAG_NAME -&gt; RTC [8:15]&#10;|           `--END -&gt; &gt; [8:18]&#10;|--NEWLINE -&gt; \n [8:19]&#10;|--LEADING_ASTERISK -&gt; * [9:0]&#10;|--TEXT -&gt;   [9:1]&#10;|--HTML_ELEMENT -&gt; HTML_ELEMENT [9:2]&#10;|   `--RTC_TAG_START -&gt; RTC_TAG_START [9:2]&#10;|       |--START -&gt; &lt; [9:2]&#10;|       |--RTC_HTML_TAG_NAME -&gt; rtc [9:3]&#10;|       `--END -&gt; &gt; [9:6]&#10;|--TEXT -&gt;   [9:7]&#10;|--HTML_ELEMENT -&gt; HTML_ELEMENT [9:8]&#10;|   `--TD_TAG_END -&gt; TD_TAG_END [9:8]&#10;|       |--START -&gt; &lt; [9:8]&#10;|       |--SLASH -&gt; / [9:9]&#10;|       |--TD_HTML_TAG_NAME -&gt; td [9:10]&#10;|       `--END -&gt; &gt; [9:12]&#10;|--TEXT -&gt;   [9:13]&#10;|--HTML_ELEMENT -&gt; HTML_ELEMENT [9:14]&#10;|   `--RTC_TAG_END -&gt; RTC_TAG_END [9:14]&#10;|       |--START -&gt; &lt; [9:14]&#10;|       |--SLASH -&gt; / [9:15]&#10;|       |--RTC_HTML_TAG_NAME -&gt; RTC [9:16]&#10;|       `--END -&gt; &gt; [9:19]&#10;|--NEWLINE -&gt; \n [9:20]&#10;|--LEADING_ASTERISK -&gt; * [10:0]&#10;|--TEXT -&gt;   [10:1]&#10;|--HTML_ELEMENT -&gt; HTML_ELEMENT [10:2]&#10;|   `--RTC -&gt; RTC [10:2]&#10;|       |--RTC_TAG_START -&gt; RTC_TAG_START [10:2]&#10;|       |   |--START -&gt; &lt; [10:2]&#10;|       |   |--RTC_HTML_TAG_NAME -&gt; rtc [10:3]&#10;|       |   `--END -&gt; &gt; [10:6]&#10;|       |--TEXT -&gt;   [10:7]&#10;|       |--TH -&gt; TH [10:8]&#10;|       |   |--TH_TAG_START -&gt; TH_TAG_START [10:8]&#10;|       |   |   |--START -&gt; &lt; [10:8]&#10;|       |   |   |--TH_HTML_TAG_NAME -&gt; th [10:9]&#10;|       |   |   `--END -&gt; &gt; [10:11]&#10;|       |   |--TEXT -&gt;   [10:12]&#10;|       |   `--TH_TAG_END -&gt; TH_TAG_END [10:13]&#10;|       |       |--START -&gt; &lt; [10:13]&#10;|       |       |--SLASH -&gt; / [10:14]&#10;|       |       |--TH_HTML_TAG_NAME -&gt; th [10:15]&#10;|       |       `--END -&gt; &gt; [10:17]&#10;|       |--TEXT -&gt;   [10:18]&#10;|       `--RTC_TAG_END -&gt; RTC_TAG_END [10:19]&#10;|           |--START -&gt; &lt; [10:19]&#10;|           |--SLASH -&gt; / [10:20]&#10;|           |--RTC_HTML_TAG_NAME -&gt; RTC [10:21]&#10;|           `--END -&gt; &gt; [10:24]&#10;|--NEWLINE -&gt; \n [10:25]&#10;|--LEADING_ASTERISK -&gt; * [11:0]&#10;|--TEXT -&gt;   [11:1]&#10;|--HTML_ELEMENT -&gt; HTML_ELEMENT [11:2]&#10;|   `--RTC -&gt; RTC [11:2]&#10;|       |--RTC_TAG_START -&gt; RTC_TAG_START [11:2]&#10;|       |   |--START -&gt; &lt; [11:2]&#10;|       |   |--RTC_HTML_TAG_NAME -&gt; rtc [11:3]&#10;|       |   `--END -&gt; &gt; [11:6]&#10;|       |--TEXT -&gt;   [11:7]&#10;|       |--TH_TAG_START -&gt; TH_TAG_START [11:8]&#10;|       |   |--START -&gt; &lt; [11:8]&#10;|       |   |--TH_HTML_TAG_NAME -&gt; th [11:9]&#10;|       |   `--END -&gt; &gt; [11:11]&#10;|       |--TEXT -&gt;   [11:12]&#10;|       `--RTC_TAG_END -&gt; RTC_TAG_END [11:13]&#10;|           |--START -&gt; &lt; [11:13]&#10;|           |--SLASH -&gt; / [11:14]&#10;|           |--RTC_HTML_TAG_NAME -&gt; RTC [11:15]&#10;|           `--END -&gt; &gt; [11:18]&#10;|--NEWLINE -&gt; \n [11:19]&#10;|--LEADING_ASTERISK -&gt; * [12:0]&#10;|--TEXT -&gt;   [12:1]&#10;|--HTML_ELEMENT -&gt; HTML_ELEMENT [12:2]&#10;|   `--RTC_TAG_START -&gt; RTC_TAG_START [12:2]&#10;|       |--START -&gt; &lt; [12:2]&#10;|       |--RTC_HTML_TAG_NAME -&gt; rtc [12:3]&#10;|       `--END -&gt; &gt; [12:6]&#10;|--TEXT -&gt;   [12:7]&#10;|--HTML_ELEMENT -&gt; HTML_ELEMENT [12:8]&#10;|   `--TH_TAG_END -&gt; TH_TAG_END [12:8]&#10;|       |--START -&gt; &lt; [12:8]&#10;|       |--SLASH -&gt; / [12:9]&#10;|       |--TH_HTML_TAG_NAME -&gt; th [12:10]&#10;|       `--END -&gt; &gt; [12:12]&#10;|--TEXT -&gt;   [12:13]&#10;|--HTML_ELEMENT -&gt; HTML_ELEMENT [12:14]&#10;|   `--RTC_TAG_END -&gt; RTC_TAG_END [12:14]&#10;|       |--START -&gt; &lt; [12:14]&#10;|       |--SLASH -&gt; / [12:15]&#10;|       |--RTC_HTML_TAG_NAME -&gt; RTC [12:16]&#10;|       `--END -&gt; &gt; [12:19]&#10;|--NEWLINE -&gt; \n [12:20]&#10;|--LEADING_ASTERISK -&gt; * [13:0]&#10;|--TEXT -&gt;   [13:1]&#10;|--HTML_ELEMENT -&gt; HTML_ELEMENT [13:2]&#10;|   `--RTC -&gt; RTC [13:2]&#10;|       |--RTC_TAG_START -&gt; RTC_TAG_START [13:2]&#10;|       |   |--START -&gt; &lt; [13:2]&#10;|       |   |--RTC_HTML_TAG_NAME -&gt; rtc [13:3]&#10;|       |   `--END -&gt; &gt; [13:6]&#10;|       |--TEXT -&gt;   [13:7]&#10;|       |--BODY -&gt; BODY [13:8]&#10;|       |   |--BODY_TAG_START -&gt; BODY_TAG_START [13:8]&#10;|       |   |   |--START -&gt; &lt; [13:8]&#10;|       |   |   |--BODY_HTML_TAG_NAME -&gt; body [13:9]&#10;|       |   |   `--END -&gt; &gt; [13:13]&#10;|       |   |--TEXT -&gt;   [13:14]&#10;|       |   `--BODY_TAG_END -&gt; BODY_TAG_END [13:15]&#10;|       |       |--START -&gt; &lt; [13:15]&#10;|       |       |--SLASH -&gt; / [13:16]&#10;|       |       |--BODY_HTML_TAG_NAME -&gt; body [13:17]&#10;|       |       `--END -&gt; &gt; [13:21]&#10;|       |--TEXT -&gt;   [13:22]&#10;|       `--RTC_TAG_END -&gt; RTC_TAG_END [13:23]&#10;|           |--START -&gt; &lt; [13:23]&#10;|           |--SLASH -&gt; / [13:24]&#10;|           |--RTC_HTML_TAG_NAME -&gt; RTC [13:25]&#10;|           `--END -&gt; &gt; [13:28]&#10;|--NEWLINE -&gt; \n [13:29]&#10;|--LEADING_ASTERISK -&gt; * [14:0]&#10;|--TEXT -&gt;   [14:1]&#10;|--HTML_ELEMENT -&gt; HTML_ELEMENT [14:2]&#10;|   `--RTC -&gt; RTC [14:2]&#10;|       |--RTC_TAG_START -&gt; RTC_TAG_START [14:2]&#10;|       |   |--START -&gt; &lt; [14:2]&#10;|       |   |--RTC_HTML_TAG_NAME -&gt; rtc [14:3]&#10;|       |   `--END -&gt; &gt; [14:6]&#10;|       |--TEXT -&gt;   [14:7]&#10;|       |--BODY_TAG_START -&gt; BODY_TAG_START [14:8]&#10;|       |   |--START -&gt; &lt; [14:8]&#10;|       |   |--BODY_HTML_TAG_NAME -&gt; body [14:9]&#10;|       |   `--END -&gt; &gt; [14:13]&#10;|       |--TEXT -&gt;   [14:14]&#10;|       `--RTC_TAG_END -&gt; RTC_TAG_END [14:15]&#10;|           |--START -&gt; &lt; [14:15]&#10;|           |--SLASH -&gt; / [14:16]&#10;|           |--RTC_HTML_TAG_NAME -&gt; RTC [14:17]&#10;|           `--END -&gt; &gt; [14:20]&#10;|--NEWLINE -&gt; \n [14:21]&#10;|--LEADING_ASTERISK -&gt; * [15:0]&#10;|--TEXT -&gt;   [15:1]&#10;|--HTML_ELEMENT -&gt; HTML_ELEMENT [15:2]&#10;|   `--RTC_TAG_START -&gt; RTC_TAG_START [15:2]&#10;|       |--START -&gt; &lt; [15:2]&#10;|       |--RTC_HTML_TAG_NAME -&gt; rtc [15:3]&#10;|       `--END -&gt; &gt; [15:6]&#10;|--TEXT -&gt;   [15:7]&#10;|--HTML_ELEMENT -&gt; HTML_ELEMENT [15:8]&#10;|   `--BODY_TAG_END -&gt; BODY_TAG_END [15:8]&#10;|       |--START -&gt; &lt; [15:8]&#10;|       |--SLASH -&gt; / [15:9]&#10;|       |--BODY_HTML_TAG_NAME -&gt; body [15:10]&#10;|       `--END -&gt; &gt; [15:14]&#10;|--TEXT -&gt;   [15:15]&#10;|--HTML_ELEMENT -&gt; HTML_ELEMENT [15:16]&#10;|   `--RTC_TAG_END -&gt; RTC_TAG_END [15:16]&#10;|       |--START -&gt; &lt; [15:16]&#10;|       |--SLASH -&gt; / [15:17]&#10;|       |--RTC_HTML_TAG_NAME -&gt; RTC [15:18]&#10;|       `--END -&gt; &gt; [15:21]&#10;|--NEWLINE -&gt; \n [15:22]&#10;|--LEADING_ASTERISK -&gt; * [16:0]&#10;|--TEXT -&gt;   [16:1]&#10;|--HTML_ELEMENT -&gt; HTML_ELEMENT [16:2]&#10;|   `--RTC -&gt; RTC [16:2]&#10;|       |--RTC_TAG_START -&gt; RTC_TAG_START [16:2]&#10;|       |   |--START -&gt; &lt; [16:2]&#10;|       |   |--RTC_HTML_TAG_NAME -&gt; rtc [16:3]&#10;|       |   `--END -&gt; &gt; [16:6]&#10;|       |--TEXT -&gt;   [16:7]&#10;|       |--COLGROUP -&gt; COLGROUP [16:8]&#10;|       |   |--COLGROUP_TAG_START -&gt; COLGROUP_TAG_START [16:8]&#10;|       |   |   |--START -&gt; &lt; [16:8]&#10;|       |   |   |--COLGROUP_HTML_TAG_NAME -&gt; colgroup [16:9]&#10;|       |   |   `--END -&gt; &gt; [16:17]&#10;|       |   |--TEXT -&gt;   [16:18]&#10;|       |   `--COLGROUP_TAG_END -&gt; COLGROUP_TAG_END [16:19]&#10;|       |       |--START -&gt; &lt; [16:19]&#10;|       |       |--SLASH -&gt; / [16:20]&#10;|       |       |--COLGROUP_HTML_TAG_NAME -&gt; colgroup [16:21]&#10;|       |       `--END -&gt; &gt; [16:29]&#10;|       |--TEXT -&gt;   [16:30]&#10;|       `--RTC_TAG_END -&gt; RTC_TAG_END [16:31]&#10;|           |--START -&gt; &lt; [16:31]&#10;|           |--SLASH -&gt; / [16:32]&#10;|           |--RTC_HTML_TAG_NAME -&gt; RTC [16:33]&#10;|           `--END -&gt; &gt; [16:36]&#10;|--NEWLINE -&gt; \n [16:37]&#10;|--LEADING_ASTERISK -&gt; * [17:0]&#10;|--TEXT -&gt;   [17:1]&#10;|--HTML_ELEMENT -&gt; HTML_ELEMENT [17:2]&#10;|   `--RTC -&gt; RTC [17:2]&#10;|       |--RTC_TAG_START -&gt; RTC_TAG_START [17:2]&#10;|       |   |--START -&gt; &lt; [17:2]&#10;|       |   |--RTC_HTML_TAG_NAME -&gt; rtc [17:3]&#10;|       |   `--END -&gt; &gt; [17:6]&#10;|       |--TEXT -&gt;   [17:7]&#10;|       |--COLGROUP_TAG_START -&gt; COLGROUP_TAG_START [17:8]&#10;|       |   |--START -&gt; &lt; [17:8]&#10;|       |   |--COLGROUP_HTML_TAG_NAME -&gt; colgroup [17:9]&#10;|       |   `--END -&gt; &gt; [17:17]&#10;|       |--TEXT -&gt;   [17:18]&#10;|       `--RTC_TAG_END -&gt; RTC_TAG_END [17:19]&#10;|           |--START -&gt; &lt; [17:19]&#10;|           |--SLASH -&gt; / [17:20]&#10;|           |--RTC_HTML_TAG_NAME -&gt; RTC [17:21]&#10;|           `--END -&gt; &gt; [17:24]&#10;|--NEWLINE -&gt; \n [17:25]&#10;|--LEADING_ASTERISK -&gt; * [18:0]&#10;|--TEXT -&gt;   [18:1]&#10;|--HTML_ELEMENT -&gt; HTML_ELEMENT [18:2]&#10;|   `--RTC_TAG_START -&gt; RTC_TAG_START [18:2]&#10;|       |--START -&gt; &lt; [18:2]&#10;|       |--RTC_HTML_TAG_NAME -&gt; rtc [18:3]&#10;|       `--END -&gt; &gt; [18:6]&#10;|--TEXT -&gt;   [18:7]&#10;|--HTML_ELEMENT -&gt; HTML_ELEMENT [18:8]&#10;|   `--COLGROUP_TAG_END -&gt; COLGROUP_TAG_END [18:8]&#10;|       |--START -&gt; &lt; [18:8]&#10;|       |--SLASH -&gt; / [18:9]&#10;|       |--COLGROUP_HTML_TAG_NAME -&gt; colgroup [18:10]&#10;|       `--END -&gt; &gt; [18:18]&#10;|--TEXT -&gt;   [18:19]&#10;|--HTML_ELEMENT -&gt; HTML_ELEMENT [18:20]&#10;|   `--RTC_TAG_END -&gt; RTC_TAG_END [18:20]&#10;|       |--START -&gt; &lt; [18:20]&#10;|       |--SLASH -&gt; / [18:21]&#10;|       |--RTC_HTML_TAG_NAME -&gt; RTC [18:22]&#10;|       `--END -&gt; &gt; [18:25]&#10;|--NEWLINE -&gt; \n [18:26]&#10;|--LEADING_ASTERISK -&gt; * [19:0]&#10;|--TEXT -&gt;   [19:1]&#10;|--HTML_ELEMENT -&gt; HTML_ELEMENT [19:2]&#10;|   `--RTC -&gt; RTC [19:2]&#10;|       |--RTC_TAG_START -&gt; RTC_TAG_START [19:2]&#10;|       |   |--START -&gt; &lt; [19:2]&#10;|       |   |--RTC_HTML_TAG_NAME -&gt; rtc [19:3]&#10;|       |   `--END -&gt; &gt; [19:6]&#10;|       |--TEXT -&gt;   [19:7]&#10;|       |--DD -&gt; DD [19:8]&#10;|       |   |--DD_TAG_START -&gt; DD_TAG_START [19:8]&#10;|       |   |   |--START -&gt; &lt; [19:8]&#10;|       |   |   |--DD_HTML_TAG_NAME -&gt; dd [19:9]&#10;|       |   |   `--END -&gt; &gt; [19:11]&#10;|       |   |--TEXT -&gt;   [19:12]&#10;|       |   `--DD_TAG_END -&gt; DD_TAG_END [19:13]&#10;|       |       |--START -&gt; &lt; [19:13]&#10;|       |       |--SLASH -&gt; / [19:14]&#10;|       |       |--DD_HTML_TAG_NAME -&gt; dd [19:15]&#10;|       |       `--END -&gt; &gt; [19:17]&#10;|       |--TEXT -&gt;   [19:18]&#10;|       `--RTC_TAG_END -&gt; RTC_TAG_END [19:19]&#10;|           |--START -&gt; &lt; [19:19]&#10;|           |--SLASH -&gt; / [19:20]&#10;|           |--RTC_HTML_TAG_NAME -&gt; RTC [19:21]&#10;|           `--END -&gt; &gt; [19:24]&#10;|--NEWLINE -&gt; \n [19:25]&#10;|--LEADING_ASTERISK -&gt; * [20:0]&#10;|--TEXT -&gt;   [20:1]&#10;|--HTML_ELEMENT -&gt; HTML_ELEMENT [20:2]&#10;|   `--RTC -&gt; RTC [20:2]&#10;|       |--RTC_TAG_START -&gt; RTC_TAG_START [20:2]&#10;|       |   |--START -&gt; &lt; [20:2]&#10;|       |   |--RTC_HTML_TAG_NAME -&gt; rtc [20:3]&#10;|       |   `--END -&gt; &gt; [20:6]&#10;|       |--TEXT -&gt;   [20:7]&#10;|       |--DD_TAG_START -&gt; DD_TAG_START [20:8]&#10;|       |   |--START -&gt; &lt; [20:8]&#10;|       |   |--DD_HTML_TAG_NAME -&gt; dd [20:9]&#10;|       |   `--END -&gt; &gt; [20:11]&#10;|       |--TEXT -&gt;   [20:12]&#10;|       `--RTC_TAG_END -&gt; RTC_TAG_END [20:13]&#10;|           |--START -&gt; &lt; [20:13]&#10;|           |--SLASH -&gt; / [20:14]&#10;|           |--RTC_HTML_TAG_NAME -&gt; RTC [20:15]&#10;|           `--END -&gt; &gt; [20:18]&#10;|--NEWLINE -&gt; \n [20:19]&#10;|--LEADING_ASTERISK -&gt; * [21:0]&#10;|--TEXT -&gt;   [21:1]&#10;|--HTML_ELEMENT -&gt; HTML_ELEMENT [21:2]&#10;|   `--RTC_TAG_START -&gt; RTC_TAG_START [21:2]&#10;|       |--START -&gt; &lt; [21:2]&#10;|       |--RTC_HTML_TAG_NAME -&gt; rtc [21:3]&#10;|       `--END -&gt; &gt; [21:6]&#10;|--TEXT -&gt;   [21:7]&#10;|--HTML_ELEMENT -&gt; HTML_ELEMENT [21:8]&#10;|   `--DD_TAG_END -&gt; DD_TAG_END [21:8]&#10;|       |--START -&gt; &lt; [21:8]&#10;|       |--SLASH -&gt; / [21:9]&#10;|       |--DD_HTML_TAG_NAME -&gt; dd [21:10]&#10;|       `--END -&gt; &gt; [21:12]&#10;|--TEXT -&gt;   [21:13]&#10;|--HTML_ELEMENT -&gt; HTML_ELEMENT [21:14]&#10;|   `--RTC_TAG_END -&gt; RTC_TAG_END [21:14]&#10;|       |--START -&gt; &lt; [21:14]&#10;|       |--SLASH -&gt; / [21:15]&#10;|       |--RTC_HTML_TAG_NAME -&gt; RTC [21:16]&#10;|       `--END -&gt; &gt; [21:19]&#10;|--NEWLINE -&gt; \n [21:20]&#10;|--LEADING_ASTERISK -&gt; * [22:0]&#10;|--TEXT -&gt;   [22:1]&#10;|--HTML_ELEMENT -&gt; HTML_ELEMENT [22:2]&#10;|   `--RTC -&gt; RTC [22:2]&#10;|       |--RTC_TAG_START -&gt; RTC_TAG_START [22:2]&#10;|       |   |--START -&gt; &lt; [22:2]&#10;|       |   |--RTC_HTML_TAG_NAME -&gt; rtc [22:3]&#10;|       |   `--END -&gt; &gt; [22:6]&#10;|       |--TEXT -&gt;   [22:7]&#10;|       |--DT -&gt; DT [22:8]&#10;|       |   |--DT_TAG_START -&gt; DT_TAG_START [22:8]&#10;|       |   |   |--START -&gt; &lt; [22:8]&#10;|       |   |   |--DT_HTML_TAG_NAME -&gt; dt [22:9]&#10;|       |   |   `--END -&gt; &gt; [22:11]&#10;|       |   |--TEXT -&gt;   [22:12]&#10;|       |   `--DT_TAG_END -&gt; DT_TAG_END [22:13]&#10;|       |       |--START -&gt; &lt; [22:13]&#10;|       |       |--SLASH -&gt; / [22:14]&#10;|       |       |--DT_HTML_TAG_NAME -&gt; dt [22:15]&#10;|       |       `--END -&gt; &gt; [22:17]&#10;|       |--TEXT -&gt;   [22:18]&#10;|       `--RTC_TAG_END -&gt; RTC_TAG_END [22:19]&#10;|           |--START -&gt; &lt; [22:19]&#10;|           |--SLASH -&gt; / [22:20]&#10;|           |--RTC_HTML_TAG_NAME -&gt; RTC [22:21]&#10;|           `--END -&gt; &gt; [22:24]&#10;|--NEWLINE -&gt; \n [22:25]&#10;|--LEADING_ASTERISK -&gt; * [23:0]&#10;|--TEXT -&gt;   [23:1]&#10;|--HTML_ELEMENT -&gt; HTML_ELEMENT [23:2]&#10;|   `--RTC -&gt; RTC [23:2]&#10;|       |--RTC_TAG_START -&gt; RTC_TAG_START [23:2]&#10;|       |   |--START -&gt; &lt; [23:2]&#10;|       |   |--RTC_HTML_TAG_NAME -&gt; rtc [23:3]&#10;|       |   `--END -&gt; &gt; [23:6]&#10;|       |--TEXT -&gt;   [23:7]&#10;|       |--DT_TAG_START -&gt; DT_TAG_START [23:8]&#10;|       |   |--START -&gt; &lt; [23:8]&#10;|       |   |--DT_HTML_TAG_NAME -&gt; dt [23:9]&#10;|       |   `--END -&gt; &gt; [23:11]&#10;|       |--TEXT -&gt;   [23:12]&#10;|       `--RTC_TAG_END -&gt; RTC_TAG_END [23:13]&#10;|           |--START -&gt; &lt; [23:13]&#10;|           |--SLASH -&gt; / [23:14]&#10;|           |--RTC_HTML_TAG_NAME -&gt; RTC [23:15]&#10;|           `--END -&gt; &gt; [23:18]&#10;|--NEWLINE -&gt; \n [23:19]&#10;|--LEADING_ASTERISK -&gt; * [24:0]&#10;|--TEXT -&gt;   [24:1]&#10;|--HTML_ELEMENT -&gt; HTML_ELEMENT [24:2]&#10;|   `--RTC_TAG_START -&gt; RTC_TAG_START [24:2]&#10;|       |--START -&gt; &lt; [24:2]&#10;|       |--RTC_HTML_TAG_NAME -&gt; rtc [24:3]&#10;|       `--END -&gt; &gt; [24:6]&#10;|--TEXT -&gt;   [24:7]&#10;|--HTML_ELEMENT -&gt; HTML_ELEMENT [24:8]&#10;|   `--DT_TAG_END -&gt; DT_TAG_END [24:8]&#10;|       |--START -&gt; &lt; [24:8]&#10;|       |--SLASH -&gt; / [24:9]&#10;|       |--DT_HTML_TAG_NAME -&gt; dt [24:10]&#10;|       `--END -&gt; &gt; [24:12]&#10;|--TEXT -&gt;   [24:13]&#10;|--HTML_ELEMENT -&gt; HTML_ELEMENT [24:14]&#10;|   `--RTC_TAG_END -&gt; RTC_TAG_END [24:14]&#10;|       |--START -&gt; &lt; [24:14]&#10;|       |--SLASH -&gt; / [24:15]&#10;|       |--RTC_HTML_TAG_NAME -&gt; RTC [24:16]&#10;|       `--END -&gt; &gt; [24:19]&#10;|--NEWLINE -&gt; \n [24:20]&#10;|--LEADING_ASTERISK -&gt; * [25:0]&#10;|--TEXT -&gt;   [25:1]&#10;|--HTML_ELEMENT -&gt; HTML_ELEMENT [25:2]&#10;|   `--RTC -&gt; RTC [25:2]&#10;|       |--RTC_TAG_START -&gt; RTC_TAG_START [25:2]&#10;|       |   |--START -&gt; &lt; [25:2]&#10;|       |   |--RTC_HTML_TAG_NAME -&gt; rtc [25:3]&#10;|       |   `--END -&gt; &gt; [25:6]&#10;|       |--TEXT -&gt;   [25:7]&#10;|       |--HEAD -&gt; HEAD [25:8]&#10;|       |   |--HEAD_TAG_START -&gt; HEAD_TAG_START [25:8]&#10;|       |   |   |--START -&gt; &lt; [25:8]&#10;|       |   |   |--HEAD_HTML_TAG_NAME -&gt; head [25:9]&#10;|       |   |   `--END -&gt; &gt; [25:13]&#10;|       |   |--TEXT -&gt;   [25:14]&#10;|       |   `--HEAD_TAG_END -&gt; HEAD_TAG_END [25:15]&#10;|       |       |--START -&gt; &lt; [25:15]&#10;|       |       |--SLASH -&gt; / [25:16]&#10;|       |       |--HEAD_HTML_TAG_NAME -&gt; head [25:17]&#10;|       |       `--END -&gt; &gt; [25:21]&#10;|       |--TEXT -&gt;   [25:22]&#10;|       `--RTC_TAG_END -&gt; RTC_TAG_END [25:23]&#10;|           |--START -&gt; &lt; [25:23]&#10;|           |--SLASH -&gt; / [25:24]&#10;|           |--RTC_HTML_TAG_NAME -&gt; RTC [25:25]&#10;|           `--END -&gt; &gt; [25:28]&#10;|--NEWLINE -&gt; \n [25:29]&#10;|--LEADING_ASTERISK -&gt; * [26:0]&#10;|--TEXT -&gt;   [26:1]&#10;|--HTML_ELEMENT -&gt; HTML_ELEMENT [26:2]&#10;|   `--RTC -&gt; RTC [26:2]&#10;|       |--RTC_TAG_START -&gt; RTC_TAG_START [26:2]&#10;|       |   |--START -&gt; &lt; [26:2]&#10;|       |   |--RTC_HTML_TAG_NAME -&gt; rtc [26:3]&#10;|       |   `--END -&gt; &gt; [26:6]&#10;|       |--TEXT -&gt;   [26:7]&#10;|       |--HEAD_TAG_START -&gt; HEAD_TAG_START [26:8]&#10;|       |   |--START -&gt; &lt; [26:8]&#10;|       |   |--HEAD_HTML_TAG_NAME -&gt; head [26:9]&#10;|       |   `--END -&gt; &gt; [26:13]&#10;|       |--TEXT -&gt;   [26:14]&#10;|       `--RTC_TAG_END -&gt; RTC_TAG_END [26:15]&#10;|           |--START -&gt; &lt; [26:15]&#10;|           |--SLASH -&gt; / [26:16]&#10;|           |--RTC_HTML_TAG_NAME -&gt; RTC [26:17]&#10;|           `--END -&gt; &gt; [26:20]&#10;|--NEWLINE -&gt; \n [26:21]&#10;|--LEADING_ASTERISK -&gt; * [27:0]&#10;|--TEXT -&gt;   [27:1]&#10;|--HTML_ELEMENT -&gt; HTML_ELEMENT [27:2]&#10;|   `--RTC_TAG_START -&gt; RTC_TAG_START [27:2]&#10;|       |--START -&gt; &lt; [27:2]&#10;|       |--RTC_HTML_TAG_NAME -&gt; rtc [27:3]&#10;|       `--END -&gt; &gt; [27:6]&#10;|--TEXT -&gt;   [27:7]&#10;|--HTML_ELEMENT -&gt; HTML_ELEMENT [27:8]&#10;|   `--HEAD_TAG_END -&gt; HEAD_TAG_END [27:8]&#10;|       |--START -&gt; &lt; [27:8]&#10;|       |--SLASH -&gt; / [27:9]&#10;|       |--HEAD_HTML_TAG_NAME -&gt; head [27:10]&#10;|       `--END -&gt; &gt; [27:14]&#10;|--TEXT -&gt;   [27:15]&#10;|--HTML_ELEMENT -&gt; HTML_ELEMENT [27:16]&#10;|   `--RTC_TAG_END -&gt; RTC_TAG_END [27:16]&#10;|       |--START -&gt; &lt; [27:16]&#10;|       |--SLASH -&gt; / [27:17]&#10;|       |--RTC_HTML_TAG_NAME -&gt; RTC [27:18]&#10;|       `--END -&gt; &gt; [27:21]&#10;|--NEWLINE -&gt; \n [27:22]&#10;|--LEADING_ASTERISK -&gt; * [28:0]&#10;|--TEXT -&gt;   [28:1]&#10;|--HTML_ELEMENT -&gt; HTML_ELEMENT [28:2]&#10;|   `--RTC -&gt; RTC [28:2]&#10;|       |--RTC_TAG_START -&gt; RTC_TAG_START [28:2]&#10;|       |   |--START -&gt; &lt; [28:2]&#10;|       |   |--RTC_HTML_TAG_NAME -&gt; rtc [28:3]&#10;|       |   `--END -&gt; &gt; [28:6]&#10;|       |--TEXT -&gt;   [28:7]&#10;|       |--HTML -&gt; HTML [28:8]&#10;|       |   |--HTML_TAG_START -&gt; HTML_TAG_START [28:8]&#10;|       |   |   |--START -&gt; &lt; [28:8]&#10;|       |   |   |--HTML_HTML_TAG_NAME -&gt; html [28:9]&#10;|       |   |   `--END -&gt; &gt; [28:13]&#10;|       |   |--TEXT -&gt;   [28:14]&#10;|       |   `--HTML_TAG_END -&gt; HTML_TAG_END [28:15]&#10;|       |       |--START -&gt; &lt; [28:15]&#10;|       |       |--SLASH -&gt; / [28:16]&#10;|       |       |--HTML_HTML_TAG_NAME -&gt; html [28:17]&#10;|       |       `--END -&gt; &gt; [28:21]&#10;|       |--TEXT -&gt;   [28:22]&#10;|       `--RTC_TAG_END -&gt; RTC_TAG_END [28:23]&#10;|           |--START -&gt; &lt; [28:23]&#10;|           |--SLASH -&gt; / [28:24]&#10;|           |--RTC_HTML_TAG_NAME -&gt; RTC [28:25]&#10;|           `--END -&gt; &gt; [28:28]&#10;|--NEWLINE -&gt; \n [28:29]&#10;|--LEADING_ASTERISK -&gt; * [29:0]&#10;|--TEXT -&gt;   [29:1]&#10;|--HTML_ELEMENT -&gt; HTML_ELEMENT [29:2]&#10;|   `--RTC -&gt; RTC [29:2]&#10;|       |--RTC_TAG_START -&gt; RTC_TAG_START [29:2]&#10;|       |   |--START -&gt; &lt; [29:2]&#10;|       |   |--RTC_HTML_TAG_NAME -&gt; rtc [29:3]&#10;|       |   `--END -&gt; &gt; [29:6]&#10;|       |--TEXT -&gt;   [29:7]&#10;|       |--HTML_TAG_START -&gt; HTML_TAG_START [29:8]&#10;|       |   |--START -&gt; &lt; [29:8]&#10;|       |   |--HTML_HTML_TAG_NAME -&gt; html [29:9]&#10;|       |   `--END -&gt; &gt; [29:13]&#10;|       |--TEXT -&gt;   [29:14]&#10;|       `--RTC_TAG_END -&gt; RTC_TAG_END [29:15]&#10;|           |--START -&gt; &lt; [29:15]&#10;|           |--SLASH -&gt; / [29:16]&#10;|           |--RTC_HTML_TAG_NAME -&gt; RTC [29:17]&#10;|           `--END -&gt; &gt; [29:20]&#10;|--NEWLINE -&gt; \n [29:21]&#10;|--LEADING_ASTERISK -&gt; * [30:0]&#10;|--TEXT -&gt;   [30:1]&#10;|--HTML_ELEMENT -&gt; HTML_ELEMENT [30:2]&#10;|   `--RTC_TAG_START -&gt; RTC_TAG_START [30:2]&#10;|       |--START -&gt; &lt; [30:2]&#10;|       |--RTC_HTML_TAG_NAME -&gt; rtc [30:3]&#10;|       `--END -&gt; &gt; [30:6]&#10;|--TEXT -&gt;   [30:7]&#10;|--HTML_ELEMENT -&gt; HTML_ELEMENT [30:8]&#10;|   `--HTML_TAG_END -&gt; HTML_TAG_END [30:8]&#10;|       |--START -&gt; &lt; [30:8]&#10;|       |--SLASH -&gt; / [30:9]&#10;|       |--HTML_HTML_TAG_NAME -&gt; html [30:10]&#10;|       `--END -&gt; &gt; [30:14]&#10;|--TEXT -&gt;   [30:15]&#10;|--HTML_ELEMENT -&gt; HTML_ELEMENT [30:16]&#10;|   `--RTC_TAG_END -&gt; RTC_TAG_END [30:16]&#10;|       |--START -&gt; &lt; [30:16]&#10;|       |--SLASH -&gt; / [30:17]&#10;|       |--RTC_HTML_TAG_NAME -&gt; RTC [30:18]&#10;|       `--END -&gt; &gt; [30:21]&#10;|--NEWLINE -&gt; \n [30:22]&#10;|--LEADING_ASTERISK -&gt; * [31:0]&#10;|--TEXT -&gt;   [31:1]&#10;|--HTML_ELEMENT -&gt; HTML_ELEMENT [31:2]&#10;|   `--RTC -&gt; RTC [31:2]&#10;|       |--RTC_TAG_START -&gt; RTC_TAG_START [31:2]&#10;|       |   |--START -&gt; &lt; [31:2]&#10;|       |   |--RTC_HTML_TAG_NAME -&gt; rtc [31:3]&#10;|       |   `--END -&gt; &gt; [31:6]&#10;|       |--TEXT -&gt;   [31:7]&#10;|       |--OPTION -&gt; OPTION [31:8]&#10;|       |   |--OPTION_TAG_START -&gt; OPTION_TAG_START [31:8]&#10;|       |   |   |--START -&gt; &lt; [31:8]&#10;|       |   |   |--OPTION_HTML_TAG_NAME -&gt; option [31:9]&#10;|       |   |   `--END -&gt; &gt; [31:15]&#10;|       |   |--TEXT -&gt;   [31:16]&#10;|       |   `--OPTION_TAG_END -&gt; OPTION_TAG_END [31:17]&#10;|       |       |--START -&gt; &lt; [31:17]&#10;|       |       |--SLASH -&gt; / [31:18]&#10;|       |       |--OPTION_HTML_TAG_NAME -&gt; option [31:19]&#10;|       |       `--END -&gt; &gt; [31:25]&#10;|       |--TEXT -&gt;   [31:26]&#10;|       `--RTC_TAG_END -&gt; RTC_TAG_END [31:27]&#10;|           |--START -&gt; &lt; [31:27]&#10;|           |--SLASH -&gt; / [31:28]&#10;|           |--RTC_HTML_TAG_NAME -&gt; RTC [31:29]&#10;|           `--END -&gt; &gt; [31:32]&#10;|--NEWLINE -&gt; \n [31:33]&#10;|--LEADING_ASTERISK -&gt; * [32:0]&#10;|--TEXT -&gt;   [32:1]&#10;|--HTML_ELEMENT -&gt; HTML_ELEMENT [32:2]&#10;|   `--RTC -&gt; RTC [32:2]&#10;|       |--RTC_TAG_START -&gt; RTC_TAG_START [32:2]&#10;|       |   |--START -&gt; &lt; [32:2]&#10;|       |   |--RTC_HTML_TAG_NAME -&gt; rtc [32:3]&#10;|       |   `--END -&gt; &gt; [32:6]&#10;|       |--TEXT -&gt;   [32:7]&#10;|       |--OPTION_TAG_START -&gt; OPTION_TAG_START [32:8]&#10;|       |   |--START -&gt; &lt; [32:8]&#10;|       |   |--OPTION_HTML_TAG_NAME -&gt; option [32:9]&#10;|       |   `--END -&gt; &gt; [32:15]&#10;|       |--TEXT -&gt;   [32:16]&#10;|       `--RTC_TAG_END -&gt; RTC_TAG_END [32:17]&#10;|           |--START -&gt; &lt; [32:17]&#10;|           |--SLASH -&gt; / [32:18]&#10;|           |--RTC_HTML_TAG_NAME -&gt; RTC [32:19]&#10;|           `--END -&gt; &gt; [32:22]&#10;|--NEWLINE -&gt; \n [32:23]&#10;|--LEADING_ASTERISK -&gt; * [33:0]&#10;|--TEXT -&gt;   [33:1]&#10;|--HTML_ELEMENT -&gt; HTML_ELEMENT [33:2]&#10;|   `--RTC_TAG_START -&gt; RTC_TAG_START [33:2]&#10;|       |--START -&gt; &lt; [33:2]&#10;|       |--RTC_HTML_TAG_NAME -&gt; rtc [33:3]&#10;|       `--END -&gt; &gt; [33:6]&#10;|--TEXT -&gt;   [33:7]&#10;|--HTML_ELEMENT -&gt; HTML_ELEMENT [33:8]&#10;|   `--OPTION_TAG_END -&gt; OPTION_TAG_END [33:8]&#10;|       |--START -&gt; &lt; [33:8]&#10;|       |--SLASH -&gt; / [33:9]&#10;|       |--OPTION_HTML_TAG_NAME -&gt; option [33:10]&#10;|       `--END -&gt; &gt; [33:16]&#10;|--TEXT -&gt;   [33:17]&#10;|--HTML_ELEMENT -&gt; HTML_ELEMENT [33:18]&#10;|   `--RTC_TAG_END -&gt; RTC_TAG_END [33:18]&#10;|       |--START -&gt; &lt; [33:18]&#10;|       |--SLASH -&gt; / [33:19]&#10;|       |--RTC_HTML_TAG_NAME -&gt; RTC [33:20]&#10;|       `--END -&gt; &gt; [33:23]&#10;|--NEWLINE -&gt; \n [33:24]&#10;|--LEADING_ASTERISK -&gt; * [34:0]&#10;|--TEXT -&gt;   [34:1]&#10;|--HTML_ELEMENT -&gt; HTML_ELEMENT [34:2]&#10;|   `--RTC -&gt; RTC [34:2]&#10;|       |--RTC_TAG_START -&gt; RTC_TAG_START [34:2]&#10;|       |   |--START -&gt; &lt; [34:2]&#10;|       |   |--RTC_HTML_TAG_NAME -&gt; rtc [34:3]&#10;|       |   `--END -&gt; &gt; [34:6]&#10;|       |--TEXT -&gt;   [34:7]&#10;|       |--TBODY -&gt; TBODY [34:8]&#10;|       |   |--TBODY_TAG_START -&gt; TBODY_TAG_START [34:8]&#10;|       |   |   |--START -&gt; &lt; [34:8]&#10;|       |   |   |--TBODY_HTML_TAG_NAME -&gt; tbody [34:9]&#10;|       |   |   `--END -&gt; &gt; [34:14]&#10;|       |   |--TEXT -&gt;   [34:15]&#10;|       |   `--TBODY_TAG_END -&gt; TBODY_TAG_END [34:16]&#10;|       |       |--START -&gt; &lt; [34:16]&#10;|       |       |--SLASH -&gt; / [34:17]&#10;|       |       |--TBODY_HTML_TAG_NAME -&gt; tbody [34:18]&#10;|       |       `--END -&gt; &gt; [34:23]&#10;|       |--TEXT -&gt;   [34:24]&#10;|       `--RTC_TAG_END -&gt; RTC_TAG_END [34:25]&#10;|           |--START -&gt; &lt; [34:25]&#10;|           |--SLASH -&gt; / [34:26]&#10;|           |--RTC_HTML_TAG_NAME -&gt; rTC [34:27]&#10;|           `--END -&gt; &gt; [34:30]&#10;|--NEWLINE -&gt; \n [34:31]&#10;|--LEADING_ASTERISK -&gt; * [35:0]&#10;|--TEXT -&gt;   [35:1]&#10;|--HTML_ELEMENT -&gt; HTML_ELEMENT [35:2]&#10;|   `--RTC -&gt; RTC [35:2]&#10;|       |--RTC_TAG_START -&gt; RTC_TAG_START [35:2]&#10;|       |   |--START -&gt; &lt; [35:2]&#10;|       |   |--RTC_HTML_TAG_NAME -&gt; rtc [35:3]&#10;|       |   `--END -&gt; &gt; [35:6]&#10;|       |--TEXT -&gt;   [35:7]&#10;|       |--TBODY_TAG_START -&gt; TBODY_TAG_START [35:8]&#10;|       |   |--START -&gt; &lt; [35:8]&#10;|       |   |--TBODY_HTML_TAG_NAME -&gt; tbody [35:9]&#10;|       |   `--END -&gt; &gt; [35:14]&#10;|       |--TEXT -&gt;   [35:15]&#10;|       `--RTC_TAG_END -&gt; RTC_TAG_END [35:16]&#10;|           |--START -&gt; &lt; [35:16]&#10;|           |--SLASH -&gt; / [35:17]&#10;|           |--RTC_HTML_TAG_NAME -&gt; RTC [35:18]&#10;|           `--END -&gt; &gt; [35:21]&#10;|--NEWLINE -&gt; \n [35:22]&#10;|--LEADING_ASTERISK -&gt; * [36:0]&#10;|--TEXT -&gt;   [36:1]&#10;|--HTML_ELEMENT -&gt; HTML_ELEMENT [36:2]&#10;|   `--RTC_TAG_START -&gt; RTC_TAG_START [36:2]&#10;|       |--START -&gt; &lt; [36:2]&#10;|       |--RTC_HTML_TAG_NAME -&gt; rtc [36:3]&#10;|       `--END -&gt; &gt; [36:6]&#10;|--TEXT -&gt;   [36:7]&#10;|--HTML_ELEMENT -&gt; HTML_ELEMENT [36:8]&#10;|   `--TBODY_TAG_END -&gt; TBODY_TAG_END [36:8]&#10;|       |--START -&gt; &lt; [36:8]&#10;|       |--SLASH -&gt; / [36:9]&#10;|       |--TBODY_HTML_TAG_NAME -&gt; tbody [36:10]&#10;|       `--END -&gt; &gt; [36:15]&#10;|--TEXT -&gt;   [36:16]&#10;|--HTML_ELEMENT -&gt; HTML_ELEMENT [36:17]&#10;|   `--RTC_TAG_END -&gt; RTC_TAG_END [36:17]&#10;|       |--START -&gt; &lt; [36:17]&#10;|       |--SLASH -&gt; / [36:18]&#10;|       |--RTC_HTML_TAG_NAME -&gt; RTC [36:19]&#10;|       `--END -&gt; &gt; [36:22]&#10;|--NEWLINE -&gt; \n [36:23]&#10;|--LEADING_ASTERISK -&gt; * [37:0]&#10;|--TEXT -&gt;   [37:1]&#10;|--HTML_ELEMENT -&gt; HTML_ELEMENT [37:2]&#10;|   `--RTC -&gt; RTC [37:2]&#10;|       |--RTC_TAG_START -&gt; RTC_TAG_START [37:2]&#10;|       |   |--START -&gt; &lt; [37:2]&#10;|       |   |--RTC_HTML_TAG_NAME -&gt; rtc [37:3]&#10;|       |   `--END -&gt; &gt; [37:6]&#10;|       |--TEXT -&gt;   [37:7]&#10;|       |--TFOOT -&gt; TFOOT [37:8]&#10;|       |   |--TFOOT_TAG_START -&gt; TFOOT_TAG_START [37:8]&#10;|       |   |   |--START -&gt; &lt; [37:8]&#10;|       |   |   |--TFOOT_HTML_TAG_NAME -&gt; tfoot [37:9]&#10;|       |   |   `--END -&gt; &gt; [37:14]&#10;|       |   |--TEXT -&gt;   [37:15]&#10;|       |   `--TFOOT_TAG_END -&gt; TFOOT_TAG_END [37:16]&#10;|       |       |--START -&gt; &lt; [37:16]&#10;|       |       |--SLASH -&gt; / [37:17]&#10;|       |       |--TFOOT_HTML_TAG_NAME -&gt; tfoot [37:18]&#10;|       |       `--END -&gt; &gt; [37:23]&#10;|       |--TEXT -&gt;   [37:24]&#10;|       `--RTC_TAG_END -&gt; RTC_TAG_END [37:25]&#10;|           |--START -&gt; &lt; [37:25]&#10;|           |--SLASH -&gt; / [37:26]&#10;|           |--RTC_HTML_TAG_NAME -&gt; RTC [37:27]&#10;|           `--END -&gt; &gt; [37:30]&#10;|--NEWLINE -&gt; \n [37:31]&#10;|--LEADING_ASTERISK -&gt; * [38:0]&#10;|--TEXT -&gt;   [38:1]&#10;|--HTML_ELEMENT -&gt; HTML_ELEMENT [38:2]&#10;|   `--RTC -&gt; RTC [38:2]&#10;|       |--RTC_TAG_START -&gt; RTC_TAG_START [38:2]&#10;|       |   |--START -&gt; &lt; [38:2]&#10;|       |   |--RTC_HTML_TAG_NAME -&gt; rtc [38:3]&#10;|       |   `--END -&gt; &gt; [38:6]&#10;|       |--TEXT -&gt;   [38:7]&#10;|       |--TFOOT_TAG_START -&gt; TFOOT_TAG_START [38:8]&#10;|       |   |--START -&gt; &lt; [38:8]&#10;|       |   |--TFOOT_HTML_TAG_NAME -&gt; tfoot [38:9]&#10;|       |   `--END -&gt; &gt; [38:14]&#10;|       |--TEXT -&gt;   [38:15]&#10;|       `--RTC_TAG_END -&gt; RTC_TAG_END [38:16]&#10;|           |--START -&gt; &lt; [38:16]&#10;|           |--SLASH -&gt; / [38:17]&#10;|           |--RTC_HTML_TAG_NAME -&gt; RTC [38:18]&#10;|           `--END -&gt; &gt; [38:21]&#10;|--NEWLINE -&gt; \n [38:22]&#10;|--LEADING_ASTERISK -&gt; * [39:0]&#10;|--TEXT -&gt;   [39:1]&#10;|--HTML_ELEMENT -&gt; HTML_ELEMENT [39:2]&#10;|   `--RTC_TAG_START -&gt; RTC_TAG_START [39:2]&#10;|       |--START -&gt; &lt; [39:2]&#10;|       |--RTC_HTML_TAG_NAME -&gt; rtc [39:3]&#10;|       `--END -&gt; &gt; [39:6]&#10;|--TEXT -&gt;   [39:7]&#10;|--HTML_ELEMENT -&gt; HTML_ELEMENT [39:8]&#10;|   `--TFOOT_TAG_END -&gt; TFOOT_TAG_END [39:8]&#10;|       |--START -&gt; &lt; [39:8]&#10;|       |--SLASH -&gt; / [39:9]&#10;|       |--TFOOT_HTML_TAG_NAME -&gt; tfoot [39:10]&#10;|       `--END -&gt; &gt; [39:15]&#10;|--TEXT -&gt;   [39:16]&#10;|--HTML_ELEMENT -&gt; HTML_ELEMENT [39:17]&#10;|   `--RTC_TAG_END -&gt; RTC_TAG_END [39:17]&#10;|       |--START -&gt; &lt; [39:17]&#10;|       |--SLASH -&gt; / [39:18]&#10;|       |--RTC_HTML_TAG_NAME -&gt; RTC [39:19]&#10;|       `--END -&gt; &gt; [39:22]&#10;|--NEWLINE -&gt; \n [39:23]&#10;|--LEADING_ASTERISK -&gt; * [40:0]&#10;|--TEXT -&gt;   [40:1]&#10;|--HTML_ELEMENT -&gt; HTML_ELEMENT [40:2]&#10;|   `--RTC -&gt; RTC [40:2]&#10;|       |--RTC_TAG_START -&gt; RTC_TAG_START [40:2]&#10;|       |   |--START -&gt; &lt; [40:2]&#10;|       |   |--RTC_HTML_TAG_NAME -&gt; rtc [40:3]&#10;|       |   |--WS -&gt;   [40:6]&#10;|       |   |--ATTRIBUTE -&gt; ATTRIBUTE [40:7]&#10;|       |   |   |--HTML_TAG_NAME -&gt; style [40:7]&#10;|       |   |   |--EQUALS -&gt; = [40:12]&#10;|       |   |   `--ATTR_VALUE -&gt; &quot;color:red&quot; [40:13]&#10;|       |   |--WS -&gt;   [40:25]&#10;|       |   |--NEWLINE -&gt; \n [40:26]&#10;|       |   |--LEADING_ASTERISK -&gt; * [41:0]&#10;|       |   |--NEWLINE -&gt; \n [41:1]&#10;|       |   |--LEADING_ASTERISK -&gt; * [42:0]&#10;|       |   |--WS -&gt;   [42:1]&#10;|       |   `--END -&gt; &gt; [42:2]&#10;|       |--TEXT -&gt;   [42:3]&#10;|       |--HTML_COMMENT -&gt; HTML_COMMENT [42:4]&#10;|       |   |--HTML_COMMENT_START -&gt; &lt;!-- [42:4]&#10;|       |   |--TEXT -&gt; HTML COMMENT [42:8]&#10;|       |   `--HTML_COMMENT_END -&gt; --&gt; [42:20]&#10;|       |--TEXT -&gt;    [42:23]&#10;|       `--RTC_TAG_END -&gt; RTC_TAG_END [42:25]&#10;|           |--START -&gt; &lt; [42:25]&#10;|           |--SLASH -&gt; / [42:26]&#10;|           |--RTC_HTML_TAG_NAME -&gt; Rtc [42:27]&#10;|           |--NEWLINE -&gt; \n [42:30]&#10;|           |--LEADING_ASTERISK -&gt; * [43:0]&#10;|           |--NEWLINE -&gt; \n [43:1]&#10;|           |--LEADING_ASTERISK -&gt; * [44:0]&#10;|           |--WS -&gt;   [44:1]&#10;|           `--END -&gt; &gt; [44:2]&#10;|--NEWLINE -&gt; \n [44:3]&#10;`--EOF -&gt; &lt;EOF&gt; [45:0]]&#10;&gt; but was:&lt;...DOC -&gt; JAVADOC [0:0][&#10;|--LEADING_ASTERISK -&gt; * [0:0]&#10;|--TEXT -&gt;   [0:1]&#10;|--HTML_ELEMENT -&gt; HTML_ELEMENT [0:2]&#10;|   `--RTC -&gt; RTC [0:2]&#10;|       |--RTC_TAG_START -&gt; RTC_TAG_START [0:2]&#10;|       |   |--START -&gt; &lt; [0:2]&#10;|       |   |--RTC_HTML_TAG_NAME -&gt; rtc [0:3]&#10;|       |   `--END -&gt; &gt; [0:6]&#10;|       |--TEXT -&gt;   [0:7]&#10;|       `--RTC_TAG_END -&gt; RTC_TAG_END [0:8]&#10;|           |--START -&gt; &lt; [0:8]&#10;|           |--SLASH -&gt; / [0:9]&#10;|           |--RTC_HTML_TAG_NAME -&gt; RTC [0:10]&#10;|           `--END -&gt; &gt; [0:13]&#10;|--NEWLINE -&gt; \n [0:14]&#10;|--LEADING_ASTERISK -&gt; * [1:0]&#10;|--TEXT -&gt;   [1:1]&#10;|--HTML_ELEMENT -&gt; HTML_ELEMENT [1:2]&#10;|   `--RTC -&gt; RTC [1:2]&#10;|       |--RTC_TAG_START -&gt; RTC_TAG_START [1:2]&#10;|       |   |--START -&gt; &lt; [1:2]&#10;|       |   |--RTC_HTML_TAG_NAME -&gt; rtc [1:3]&#10;|       |   `--END -&gt; &gt; [1:6]&#10;|       |--TEXT -&gt;   [1:7]&#10;|       |--LI -&gt; LI [1:8]&#10;|       |   |--LI_TAG_START -&gt; LI_TAG_START [1:8]&#10;|       |   |   |--START -&gt; &lt; [1:8]&#10;|       |   |   |--LI_HTML_TAG_NAME -&gt; li [1:9]&#10;|       |   |   `--END -&gt; &gt; [1:11]&#10;|       |   |--TEXT -&gt;   [1:12]&#10;|       |   `--LI_TAG_END -&gt; LI_TAG_END [1:13]&#10;|       |       |--START -&gt; &lt; [1:13]&#10;|       |       |--SLASH -&gt; / [1:14]&#10;|       |       |--LI_HTML_TAG_NAME -&gt; li [1:15]&#10;|       |       `--END -&gt; &gt; [1:17]&#10;|       |--TEXT -&gt;   [1:18]&#10;|       `--RTC_TAG_END -&gt; RTC_TAG_END [1:19]&#10;|           |--START -&gt; &lt; [1:19]&#10;|           |--SLASH -&gt; / [1:20]&#10;|           |--RTC_HTML_TAG_NAME -&gt; RTC [1:21]&#10;|           `--END -&gt; &gt; [1:24]&#10;|--NEWLINE -&gt; \n [1:25]&#10;|--LEADING_ASTERISK -&gt; * [2:0]&#10;|--TEXT -&gt;   [2:1]&#10;|--HTML_ELEMENT -&gt; HTML_ELEMENT [2:2]&#10;|   `--RTC -&gt; RTC [2:2]&#10;|       |--RTC_TAG_START -&gt; RTC_TAG_START [2:2]&#10;|       |   |--START -&gt; &lt; [2:2]&#10;|       |   |--RTC_HTML_TAG_NAME -&gt; rtc [2:3]&#10;|       |   `--END -&gt; &gt; [2:6]&#10;|       |--TEXT -&gt;   [2:7]&#10;|       |--LI_TAG_START -&gt; LI_TAG_START [2:8]&#10;|       |   |--START -&gt; &lt; [2:8]&#10;|       |   |--LI_HTML_TAG_NAME -&gt; li [2:9]&#10;|       |   `--END -&gt; &gt; [2:11]&#10;|       |--TEXT -&gt;   [2:12]&#10;|       `--RTC_TAG_END -&gt; RTC_TAG_END [2:13]&#10;|           |--START -&gt; &lt; [2:13]&#10;|           |--SLASH -&gt; / [2:14]&#10;|           |--RTC_HTML_TAG_NAME -&gt; RTC [2:15]&#10;|           `--END -&gt; &gt; [2:18]&#10;|--NEWLINE -&gt; \n [2:19]&#10;|--LEADING_ASTERISK -&gt; * [3:0]&#10;|--TEXT -&gt;   [3:1]&#10;|--HTML_ELEMENT -&gt; HTML_ELEMENT [3:2]&#10;|   `--RTC_TAG_START -&gt; RTC_TAG_START [3:2]&#10;|       |--START -&gt; &lt; [3:2]&#10;|       |--RTC_HTML_TAG_NAME -&gt; rtc [3:3]&#10;|       `--END -&gt; &gt; [3:6]&#10;|--TEXT -&gt;   [3:7]&#10;|--HTML_ELEMENT -&gt; HTML_ELEMENT [3:8]&#10;|   `--LI_TAG_END -&gt; LI_TAG_END [3:8]&#10;|       |--START -&gt; &lt; [3:8]&#10;|       |--SLASH -&gt; / [3:9]&#10;|       |--LI_HTML_TAG_NAME -&gt; li [3:10]&#10;|       `--END -&gt; &gt; [3:12]&#10;|--TEXT -&gt;   [3:13]&#10;|--HTML_ELEMENT -&gt; HTML_ELEMENT [3:14]&#10;|   `--RTC_TAG_END -&gt; RTC_TAG_END [3:14]&#10;|       |--START -&gt; &lt; [3:14]&#10;|       |--SLASH -&gt; / [3:15]&#10;|       |--RTC_HTML_TAG_NAME -&gt; RTC [3:16]&#10;|       `--END -&gt; &gt; [3:19]&#10;|--NEWLINE -&gt; \n [3:20]&#10;|--LEADING_ASTERISK -&gt; * [4:0]&#10;|--TEXT -&gt;   [4:1]&#10;|--HTML_ELEMENT -&gt; HTML_ELEMENT [4:2]&#10;|   `--RTC -&gt; RTC [4:2]&#10;|       |--RTC_TAG_START -&gt; RTC_TAG_START [4:2]&#10;|       |   |--START -&gt; &lt; [4:2]&#10;|       |   |--RTC_HTML_TAG_NAME -&gt; rtc [4:3]&#10;|       |   `--END -&gt; &gt; [4:6]&#10;|       |--TEXT -&gt;   [4:7]&#10;|       |--TR -&gt; TR [4:8]&#10;|       |   |--TR_TAG_START -&gt; TR_TAG_START [4:8]&#10;|       |   |   |--START -&gt; &lt; [4:8]&#10;|       |   |   |--TR_HTML_TAG_NAME -&gt; tr [4:9]&#10;|       |   |   `--END -&gt; &gt; [4:11]&#10;|       |   |--TEXT -&gt;   [4:12]&#10;|       |   `--TR_TAG_END -&gt; TR_TAG_END [4:13]&#10;|       |       |--START -&gt; &lt; [4:13]&#10;|       |       |--SLASH -&gt; / [4:14]&#10;|       |       |--TR_HTML_TAG_NAME -&gt; tr [4:15]&#10;|       |       `--END -&gt; &gt; [4:17]&#10;|       |--TEXT -&gt;   [4:18]&#10;|       `--RTC_TAG_END -&gt; RTC_TAG_END [4:19]&#10;|           |--START -&gt; &lt; [4:19]&#10;|           |--SLASH -&gt; / [4:20]&#10;|           |--RTC_HTML_TAG_NAME -&gt; RTC [4:21]&#10;|           `--END -&gt; &gt; [4:24]&#10;|--NEWLINE -&gt; \n [4:25]&#10;|--LEADING_ASTERISK -&gt; * [5:0]&#10;|--TEXT -&gt;   [5:1]&#10;|--HTML_ELEMENT -&gt; HTML_ELEMENT [5:2]&#10;|   `--RTC -&gt; RTC [5:2]&#10;|       |--RTC_TAG_START -&gt; RTC_TAG_START [5:2]&#10;|       |   |--START -&gt; &lt; [5:2]&#10;|       |   |--RTC_HTML_TAG_NAME -&gt; rtc [5:3]&#10;|       |   `--END -&gt; &gt; [5:6]&#10;|       |--TEXT -&gt;   [5:7]&#10;|       |--TR_TAG_START -&gt; TR_TAG_START [5:8]&#10;|       |   |--START -&gt; &lt; [5:8]&#10;|       |   |--TR_HTML_TAG_NAME -&gt; tr [5:9]&#10;|       |   `--END -&gt; &gt; [5:11]&#10;|       |--TEXT -&gt;   [5:12]&#10;|       `--RTC_TAG_END -&gt; RTC_TAG_END [5:13]&#10;|           |--START -&gt; &lt; [5:13]&#10;|           |--SLASH -&gt; / [5:14]&#10;|           |--RTC_HTML_TAG_NAME -&gt; RTC [5:15]&#10;|           `--END -&gt; &gt; [5:18]&#10;|--NEWLINE -&gt; \n [5:19]&#10;|--LEADING_ASTERISK -&gt; * [6:0]&#10;|--TEXT -&gt;   [6:1]&#10;|--HTML_ELEMENT -&gt; HTML_ELEMENT [6:2]&#10;|   `--RTC_TAG_START -&gt; RTC_TAG_START [6:2]&#10;|       |--START -&gt; &lt; [6:2]&#10;|       |--RTC_HTML_TAG_NAME -&gt; rtc [6:3]&#10;|       `--END -&gt; &gt; [6:6]&#10;|--TEXT -&gt;   [6:7]&#10;|--HTML_ELEMENT -&gt; HTML_ELEMENT [6:8]&#10;|   `--TR_TAG_END -&gt; TR_TAG_END [6:8]&#10;|       |--START -&gt; &lt; [6:8]&#10;|       |--SLASH -&gt; / [6:9]&#10;|       |--TR_HTML_TAG_NAME -&gt; tr [6:10]&#10;|       `--END -&gt; &gt; [6:12]&#10;|--TEXT -&gt;   [6:13]&#10;|--HTML_ELEMENT -&gt; HTML_ELEMENT [6:14]&#10;|   `--RTC_TAG_END -&gt; RTC_TAG_END [6:14]&#10;|       |--START -&gt; &lt; [6:14]&#10;|       |--SLASH -&gt; / [6:15]&#10;|       |--RTC_HTML_TAG_NAME -&gt; RTC [6:16]&#10;|       `--END -&gt; &gt; [6:19]&#10;|--NEWLINE -&gt; \n [6:20]&#10;|--LEADING_ASTERISK -&gt; * [7:0]&#10;|--TEXT -&gt;   [7:1]&#10;|--HTML_ELEMENT -&gt; HTML_ELEMENT [7:2]&#10;|   `--RTC -&gt; RTC [7:2]&#10;|       |--RTC_TAG_START -&gt; RTC_TAG_START [7:2]&#10;|       |   |--START -&gt; &lt; [7:2]&#10;|       |   |--RTC_HTML_TAG_NAME -&gt; rtc [7:3]&#10;|       |   `--END -&gt; &gt; [7:6]&#10;|       |--TEXT -&gt;   [7:7]&#10;|       |--TD -&gt; TD [7:8]&#10;|       |   |--TD_TAG_START -&gt; TD_TAG_START [7:8]&#10;|       |   |   |--START -&gt; &lt; [7:8]&#10;|       |   |   |--TD_HTML_TAG_NAME -&gt; td [7:9]&#10;|       |   |   `--END -&gt; &gt; [7:11]&#10;|       |   |--TEXT -&gt;   [7:12]&#10;|       |   `--TD_TAG_END -&gt; TD_TAG_END [7:13]&#10;|       |       |--START -&gt; &lt; [7:13]&#10;|       |       |--SLASH -&gt; / [7:14]&#10;|       |       |--TD_HTML_TAG_NAME -&gt; td [7:15]&#10;|       |       `--END -&gt; &gt; [7:17]&#10;|       |--TEXT -&gt;   [7:18]&#10;|       `--RTC_TAG_END -&gt; RTC_TAG_END [7:19]&#10;|           |--START -&gt; &lt; [7:19]&#10;|           |--SLASH -&gt; / [7:20]&#10;|           |--RTC_HTML_TAG_NAME -&gt; RTC [7:21]&#10;|           `--END -&gt; &gt; [7:24]&#10;|--NEWLINE -&gt; \n [7:25]&#10;|--LEADING_ASTERISK -&gt; * [8:0]&#10;|--TEXT -&gt;   [8:1]&#10;|--HTML_ELEMENT -&gt; HTML_ELEMENT [8:2]&#10;|   `--RTC -&gt; RTC [8:2]&#10;|       |--RTC_TAG_START -&gt; RTC_TAG_START [8:2]&#10;|       |   |--START -&gt; &lt; [8:2]&#10;|       |   |--RTC_HTML_TAG_NAME -&gt; rtc [8:3]&#10;|       |   `--END -&gt; &gt; [8:6]&#10;|       |--TEXT -&gt;   [8:7]&#10;|       |--TD_TAG_START -&gt; TD_TAG_START [8:8]&#10;|       |   |--START -&gt; &lt; [8:8]&#10;|       |   |--TD_HTML_TAG_NAME -&gt; td [8:9]&#10;|       |   `--END -&gt; &gt; [8:11]&#10;|       |--TEXT -&gt;   [8:12]&#10;|       `--RTC_TAG_END -&gt; RTC_TAG_END [8:13]&#10;|           |--START -&gt; &lt; [8:13]&#10;|           |--SLASH -&gt; / [8:14]&#10;|           |--RTC_HTML_TAG_NAME -&gt; RTC [8:15]&#10;|           `--END -&gt; &gt; [8:18]&#10;|--NEWLINE -&gt; \n [8:19]&#10;|--LEADING_ASTERISK -&gt; * [9:0]&#10;|--TEXT -&gt;   [9:1]&#10;|--HTML_ELEMENT -&gt; HTML_ELEMENT [9:2]&#10;|   `--RTC_TAG_START -&gt; RTC_TAG_START [9:2]&#10;|       |--START -&gt; &lt; [9:2]&#10;|       |--RTC_HTML_TAG_NAME -&gt; rtc [9:3]&#10;|       `--END -&gt; &gt; [9:6]&#10;|--TEXT -&gt;   [9:7]&#10;|--HTML_ELEMENT -&gt; HTML_ELEMENT [9:8]&#10;|   `--TD_TAG_END -&gt; TD_TAG_END [9:8]&#10;|       |--START -&gt; &lt; [9:8]&#10;|       |--SLASH -&gt; / [9:9]&#10;|       |--TD_HTML_TAG_NAME -&gt; td [9:10]&#10;|       `--END -&gt; &gt; [9:12]&#10;|--TEXT -&gt;   [9:13]&#10;|--HTML_ELEMENT -&gt; HTML_ELEMENT [9:14]&#10;|   `--RTC_TAG_END -&gt; RTC_TAG_END [9:14]&#10;|       |--START -&gt; &lt; [9:14]&#10;|       |--SLASH -&gt; / [9:15]&#10;|       |--RTC_HTML_TAG_NAME -&gt; RTC [9:16]&#10;|       `--END -&gt; &gt; [9:19]&#10;|--NEWLINE -&gt; \n [9:20]&#10;|--LEADING_ASTERISK -&gt; * [10:0]&#10;|--TEXT -&gt;   [10:1]&#10;|--HTML_ELEMENT -&gt; HTML_ELEMENT [10:2]&#10;|   `--RTC -&gt; RTC [10:2]&#10;|       |--RTC_TAG_START -&gt; RTC_TAG_START [10:2]&#10;|       |   |--START -&gt; &lt; [10:2]&#10;|       |   |--RTC_HTML_TAG_NAME -&gt; rtc [10:3]&#10;|       |   `--END -&gt; &gt; [10:6]&#10;|       |--TEXT -&gt;   [10:7]&#10;|       |--TH -&gt; TH [10:8]&#10;|       |   |--TH_TAG_START -&gt; TH_TAG_START [10:8]&#10;|       |   |   |--START -&gt; &lt; [10:8]&#10;|       |   |   |--TH_HTML_TAG_NAME -&gt; th [10:9]&#10;|       |   |   `--END -&gt; &gt; [10:11]&#10;|       |   |--TEXT -&gt;   [10:12]&#10;|       |   `--TH_TAG_END -&gt; TH_TAG_END [10:13]&#10;|       |       |--START -&gt; &lt; [10:13]&#10;|       |       |--SLASH -&gt; / [10:14]&#10;|       |       |--TH_HTML_TAG_NAME -&gt; th [10:15]&#10;|       |       `--END -&gt; &gt; [10:17]&#10;|       |--TEXT -&gt;   [10:18]&#10;|       `--RTC_TAG_END -&gt; RTC_TAG_END [10:19]&#10;|           |--START -&gt; &lt; [10:19]&#10;|           |--SLASH -&gt; / [10:20]&#10;|           |--RTC_HTML_TAG_NAME -&gt; RTC [10:21]&#10;|           `--END -&gt; &gt; [10:24]&#10;|--NEWLINE -&gt; \n [10:25]&#10;|--LEADING_ASTERISK -&gt; * [11:0]&#10;|--TEXT -&gt;   [11:1]&#10;|--HTML_ELEMENT -&gt; HTML_ELEMENT [11:2]&#10;|   `--RTC -&gt; RTC [11:2]&#10;|       |--RTC_TAG_START -&gt; RTC_TAG_START [11:2]&#10;|       |   |--START -&gt; &lt; [11:2]&#10;|       |   |--RTC_HTML_TAG_NAME -&gt; rtc [11:3]&#10;|       |   `--END -&gt; &gt; [11:6]&#10;|       |--TEXT -&gt;   [11:7]&#10;|       |--TH_TAG_START -&gt; TH_TAG_START [11:8]&#10;|       |   |--START -&gt; &lt; [11:8]&#10;|       |   |--TH_HTML_TAG_NAME -&gt; th [11:9]&#10;|       |   `--END -&gt; &gt; [11:11]&#10;|       |--TEXT -&gt;   [11:12]&#10;|       `--RTC_TAG_END -&gt; RTC_TAG_END [11:13]&#10;|           |--START -&gt; &lt; [11:13]&#10;|           |--SLASH -&gt; / [11:14]&#10;|           |--RTC_HTML_TAG_NAME -&gt; RTC [11:15]&#10;|           `--END -&gt; &gt; [11:18]&#10;|--NEWLINE -&gt; \n [11:19]&#10;|--LEADING_ASTERISK -&gt; * [12:0]&#10;|--TEXT -&gt;   [12:1]&#10;|--HTML_ELEMENT -&gt; HTML_ELEMENT [12:2]&#10;|   `--RTC_TAG_START -&gt; RTC_TAG_START [12:2]&#10;|       |--START -&gt; &lt; [12:2]&#10;|       |--RTC_HTML_TAG_NAME -&gt; rtc [12:3]&#10;|       `--END -&gt; &gt; [12:6]&#10;|--TEXT -&gt;   [12:7]&#10;|--HTML_ELEMENT -&gt; HTML_ELEMENT [12:8]&#10;|   `--TH_TAG_END -&gt; TH_TAG_END [12:8]&#10;|       |--START -&gt; &lt; [12:8]&#10;|       |--SLASH -&gt; / [12:9]&#10;|       |--TH_HTML_TAG_NAME -&gt; th [12:10]&#10;|       `--END -&gt; &gt; [12:12]&#10;|--TEXT -&gt;   [12:13]&#10;|--HTML_ELEMENT -&gt; HTML_ELEMENT [12:14]&#10;|   `--RTC_TAG_END -&gt; RTC_TAG_END [12:14]&#10;|       |--START -&gt; &lt; [12:14]&#10;|       |--SLASH -&gt; / [12:15]&#10;|       |--RTC_HTML_TAG_NAME -&gt; RTC [12:16]&#10;|       `--END -&gt; &gt; [12:19]&#10;|--NEWLINE -&gt; \n [12:20]&#10;|--LEADING_ASTERISK -&gt; * [13:0]&#10;|--TEXT -&gt;   [13:1]&#10;|--HTML_ELEMENT -&gt; HTML_ELEMENT [13:2]&#10;|   `--RTC -&gt; RTC [13:2]&#10;|       |--RTC_TAG_START -&gt; RTC_TAG_START [13:2]&#10;|       |   |--START -&gt; &lt; [13:2]&#10;|       |   |--RTC_HTML_TAG_NAME -&gt; rtc [13:3]&#10;|       |   `--END -&gt; &gt; [13:6]&#10;|       |--TEXT -&gt;   [13:7]&#10;|       |--BODY -&gt; BODY [13:8]&#10;|       |   |--BODY_TAG_START -&gt; BODY_TAG_START [13:8]&#10;|       |   |   |--START -&gt; &lt; [13:8]&#10;|       |   |   |--BODY_HTML_TAG_NAME -&gt; body [13:9]&#10;|       |   |   `--END -&gt; &gt; [13:13]&#10;|       |   |--TEXT -&gt;   [13:14]&#10;|       |   `--BODY_TAG_END -&gt; BODY_TAG_END [13:15]&#10;|       |       |--START -&gt; &lt; [13:15]&#10;|       |       |--SLASH -&gt; / [13:16]&#10;|       |       |--BODY_HTML_TAG_NAME -&gt; body [13:17]&#10;|       |       `--END -&gt; &gt; [13:21]&#10;|       |--TEXT -&gt;   [13:22]&#10;|       `--RTC_TAG_END -&gt; RTC_TAG_END [13:23]&#10;|           |--START -&gt; &lt; [13:23]&#10;|           |--SLASH -&gt; / [13:24]&#10;|           |--RTC_HTML_TAG_NAME -&gt; RTC [13:25]&#10;|           `--END -&gt; &gt; [13:28]&#10;|--NEWLINE -&gt; \n [13:29]&#10;|--LEADING_ASTERISK -&gt; * [14:0]&#10;|--TEXT -&gt;   [14:1]&#10;|--HTML_ELEMENT -&gt; HTML_ELEMENT [14:2]&#10;|   `--RTC -&gt; RTC [14:2]&#10;|       |--RTC_TAG_START -&gt; RTC_TAG_START [14:2]&#10;|       |   |--START -&gt; &lt; [14:2]&#10;|       |   |--RTC_HTML_TAG_NAME -&gt; rtc [14:3]&#10;|       |   `--END -&gt; &gt; [14:6]&#10;|       |--TEXT -&gt;   [14:7]&#10;|       |--BODY_TAG_START -&gt; BODY_TAG_START [14:8]&#10;|       |   |--START -&gt; &lt; [14:8]&#10;|       |   |--BODY_HTML_TAG_NAME -&gt; body [14:9]&#10;|       |   `--END -&gt; &gt; [14:13]&#10;|       |--TEXT -&gt;   [14:14]&#10;|       `--RTC_TAG_END -&gt; RTC_TAG_END [14:15]&#10;|           |--START -&gt; &lt; [14:15]&#10;|           |--SLASH -&gt; / [14:16]&#10;|           |--RTC_HTML_TAG_NAME -&gt; RTC [14:17]&#10;|           `--END -&gt; &gt; [14:20]&#10;|--NEWLINE -&gt; \n [14:21]&#10;|--LEADING_ASTERISK -&gt; * [15:0]&#10;|--TEXT -&gt;   [15:1]&#10;|--HTML_ELEMENT -&gt; HTML_ELEMENT [15:2]&#10;|   `--RTC_TAG_START -&gt; RTC_TAG_START [15:2]&#10;|       |--START -&gt; &lt; [15:2]&#10;|       |--RTC_HTML_TAG_NAME -&gt; rtc [15:3]&#10;|       `--END -&gt; &gt; [15:6]&#10;|--TEXT -&gt;   [15:7]&#10;|--HTML_ELEMENT -&gt; HTML_ELEMENT [15:8]&#10;|   `--BODY_TAG_END -&gt; BODY_TAG_END [15:8]&#10;|       |--START -&gt; &lt; [15:8]&#10;|       |--SLASH -&gt; / [15:9]&#10;|       |--BODY_HTML_TAG_NAME -&gt; body [15:10]&#10;|       `--END -&gt; &gt; [15:14]&#10;|--TEXT -&gt;   [15:15]&#10;|--HTML_ELEMENT -&gt; HTML_ELEMENT [15:16]&#10;|   `--RTC_TAG_END -&gt; RTC_TAG_END [15:16]&#10;|       |--START -&gt; &lt; [15:16]&#10;|       |--SLASH -&gt; / [15:17]&#10;|       |--RTC_HTML_TAG_NAME -&gt; RTC [15:18]&#10;|       `--END -&gt; &gt; [15:21]&#10;|--NEWLINE -&gt; \n [15:22]&#10;|--LEADING_ASTERISK -&gt; * [16:0]&#10;|--TEXT -&gt;   [16:1]&#10;|--HTML_ELEMENT -&gt; HTML_ELEMENT [16:2]&#10;|   `--RTC -&gt; RTC [16:2]&#10;|       |--RTC_TAG_START -&gt; RTC_TAG_START [16:2]&#10;|       |   |--START -&gt; &lt; [16:2]&#10;|       |   |--RTC_HTML_TAG_NAME -&gt; rtc [16:3]&#10;|       |   `--END -&gt; &gt; [16:6]&#10;|       |--TEXT -&gt;   [16:7]&#10;|       |--COLGROUP -&gt; COLGROUP [16:8]&#10;|       |   |--COLGROUP_TAG_START -&gt; COLGROUP_TAG_START [16:8]&#10;|       |   |   |--START -&gt; &lt; [16:8]&#10;|       |   |   |--COLGROUP_HTML_TAG_NAME -&gt; colgroup [16:9]&#10;|       |   |   `--END -&gt; &gt; [16:17]&#10;|       |   |--TEXT -&gt;   [16:18]&#10;|       |   `--COLGROUP_TAG_END -&gt; COLGROUP_TAG_END [16:19]&#10;|       |       |--START -&gt; &lt; [16:19]&#10;|       |       |--SLASH -&gt; / [16:20]&#10;|       |       |--COLGROUP_HTML_TAG_NAME -&gt; colgroup [16:21]&#10;|       |       `--END -&gt; &gt; [16:29]&#10;|       |--TEXT -&gt;   [16:30]&#10;|       `--RTC_TAG_END -&gt; RTC_TAG_END [16:31]&#10;|           |--START -&gt; &lt; [16:31]&#10;|           |--SLASH -&gt; / [16:32]&#10;|           |--RTC_HTML_TAG_NAME -&gt; RTC [16:33]&#10;|           `--END -&gt; &gt; [16:36]&#10;|--NEWLINE -&gt; \n [16:37]&#10;|--LEADING_ASTERISK -&gt; * [17:0]&#10;|--TEXT -&gt;   [17:1]&#10;|--HTML_ELEMENT -&gt; HTML_ELEMENT [17:2]&#10;|   `--RTC -&gt; RTC [17:2]&#10;|       |--RTC_TAG_START -&gt; RTC_TAG_START [17:2]&#10;|       |   |--START -&gt; &lt; [17:2]&#10;|       |   |--RTC_HTML_TAG_NAME -&gt; rtc [17:3]&#10;|       |   `--END -&gt; &gt; [17:6]&#10;|       |--TEXT -&gt;   [17:7]&#10;|       |--COLGROUP_TAG_START -&gt; COLGROUP_TAG_START [17:8]&#10;|       |   |--START -&gt; &lt; [17:8]&#10;|       |   |--COLGROUP_HTML_TAG_NAME -&gt; colgroup [17:9]&#10;|       |   `--END -&gt; &gt; [17:17]&#10;|       |--TEXT -&gt;   [17:18]&#10;|       `--RTC_TAG_END -&gt; RTC_TAG_END [17:19]&#10;|           |--START -&gt; &lt; [17:19]&#10;|           |--SLASH -&gt; / [17:20]&#10;|           |--RTC_HTML_TAG_NAME -&gt; RTC [17:21]&#10;|           `--END -&gt; &gt; [17:24]&#10;|--NEWLINE -&gt; \n [17:25]&#10;|--LEADING_ASTERISK -&gt; * [18:0]&#10;|--TEXT -&gt;   [18:1]&#10;|--HTML_ELEMENT -&gt; HTML_ELEMENT [18:2]&#10;|   `--RTC_TAG_START -&gt; RTC_TAG_START [18:2]&#10;|       |--START -&gt; &lt; [18:2]&#10;|       |--RTC_HTML_TAG_NAME -&gt; rtc [18:3]&#10;|       `--END -&gt; &gt; [18:6]&#10;|--TEXT -&gt;   [18:7]&#10;|--HTML_ELEMENT -&gt; HTML_ELEMENT [18:8]&#10;|   `--COLGROUP_TAG_END -&gt; COLGROUP_TAG_END [18:8]&#10;|       |--START -&gt; &lt; [18:8]&#10;|       |--SLASH -&gt; / [18:9]&#10;|       |--COLGROUP_HTML_TAG_NAME -&gt; colgroup [18:10]&#10;|       `--END -&gt; &gt; [18:18]&#10;|--TEXT -&gt;   [18:19]&#10;|--HTML_ELEMENT -&gt; HTML_ELEMENT [18:20]&#10;|   `--RTC_TAG_END -&gt; RTC_TAG_END [18:20]&#10;|       |--START -&gt; &lt; [18:20]&#10;|       |--SLASH -&gt; / [18:21]&#10;|       |--RTC_HTML_TAG_NAME -&gt; RTC [18:22]&#10;|       `--END -&gt; &gt; [18:25]&#10;|--NEWLINE -&gt; \n [18:26]&#10;|--LEADING_ASTERISK -&gt; * [19:0]&#10;|--TEXT -&gt;   [19:1]&#10;|--HTML_ELEMENT -&gt; HTML_ELEMENT [19:2]&#10;|   `--RTC -&gt; RTC [19:2]&#10;|       |--RTC_TAG_START -&gt; RTC_TAG_START [19:2]&#10;|       |   |--START -&gt; &lt; [19:2]&#10;|       |   |--RTC_HTML_TAG_NAME -&gt; rtc [19:3]&#10;|       |   `--END -&gt; &gt; [19:6]&#10;|       |--TEXT -&gt;   [19:7]&#10;|       |--DD -&gt; DD [19:8]&#10;|       |   |--DD_TAG_START -&gt; DD_TAG_START [19:8]&#10;|       |   |   |--START -&gt; &lt; [19:8]&#10;|       |   |   |--DD_HTML_TAG_NAME -&gt; dd [19:9]&#10;|       |   |   `--END -&gt; &gt; [19:11]&#10;|       |   |--TEXT -&gt;   [19:12]&#10;|       |   `--DD_TAG_END -&gt; DD_TAG_END [19:13]&#10;|       |       |--START -&gt; &lt; [19:13]&#10;|       |       |--SLASH -&gt; / [19:14]&#10;|       |       |--DD_HTML_TAG_NAME -&gt; dd [19:15]&#10;|       |       `--END -&gt; &gt; [19:17]&#10;|       |--TEXT -&gt;   [19:18]&#10;|       `--RTC_TAG_END -&gt; RTC_TAG_END [19:19]&#10;|           |--START -&gt; &lt; [19:19]&#10;|           |--SLASH -&gt; / [19:20]&#10;|           |--RTC_HTML_TAG_NAME -&gt; RTC [19:21]&#10;|           `--END -&gt; &gt; [19:24]&#10;|--NEWLINE -&gt; \n [19:25]&#10;|--LEADING_ASTERISK -&gt; * [20:0]&#10;|--TEXT -&gt;   [20:1]&#10;|--HTML_ELEMENT -&gt; HTML_ELEMENT [20:2]&#10;|   `--RTC -&gt; RTC [20:2]&#10;|       |--RTC_TAG_START -&gt; RTC_TAG_START [20:2]&#10;|       |   |--START -&gt; &lt; [20:2]&#10;|       |   |--RTC_HTML_TAG_NAME -&gt; rtc [20:3]&#10;|       |   `--END -&gt; &gt; [20:6]&#10;|       |--TEXT -&gt;   [20:7]&#10;|       |--DD_TAG_START -&gt; DD_TAG_START [20:8]&#10;|       |   |--START -&gt; &lt; [20:8]&#10;|       |   |--DD_HTML_TAG_NAME -&gt; dd [20:9]&#10;|       |   `--END -&gt; &gt; [20:11]&#10;|       |--TEXT -&gt;   [20:12]&#10;|       `--RTC_TAG_END -&gt; RTC_TAG_END [20:13]&#10;|           |--START -&gt; &lt; [20:13]&#10;|           |--SLASH -&gt; / [20:14]&#10;|           |--RTC_HTML_TAG_NAME -&gt; RTC [20:15]&#10;|           `--END -&gt; &gt; [20:18]&#10;|--NEWLINE -&gt; \n [20:19]&#10;|--LEADING_ASTERISK -&gt; * [21:0]&#10;|--TEXT -&gt;   [21:1]&#10;|--HTML_ELEMENT -&gt; HTML_ELEMENT [21:2]&#10;|   `--RTC_TAG_START -&gt; RTC_TAG_START [21:2]&#10;|       |--START -&gt; &lt; [21:2]&#10;|       |--RTC_HTML_TAG_NAME -&gt; rtc [21:3]&#10;|       `--END -&gt; &gt; [21:6]&#10;|--TEXT -&gt;   [21:7]&#10;|--HTML_ELEMENT -&gt; HTML_ELEMENT [21:8]&#10;|   `--DD_TAG_END -&gt; DD_TAG_END [21:8]&#10;|       |--START -&gt; &lt; [21:8]&#10;|       |--SLASH -&gt; / [21:9]&#10;|       |--DD_HTML_TAG_NAME -&gt; dd [21:10]&#10;|       `--END -&gt; &gt; [21:12]&#10;|--TEXT -&gt;   [21:13]&#10;|--HTML_ELEMENT -&gt; HTML_ELEMENT [21:14]&#10;|   `--RTC_TAG_END -&gt; RTC_TAG_END [21:14]&#10;|       |--START -&gt; &lt; [21:14]&#10;|       |--SLASH -&gt; / [21:15]&#10;|       |--RTC_HTML_TAG_NAME -&gt; RTC [21:16]&#10;|       `--END -&gt; &gt; [21:19]&#10;|--NEWLINE -&gt; \n [21:20]&#10;|--LEADING_ASTERISK -&gt; * [22:0]&#10;|--TEXT -&gt;   [22:1]&#10;|--HTML_ELEMENT -&gt; HTML_ELEMENT [22:2]&#10;|   `--RTC -&gt; RTC [22:2]&#10;|       |--RTC_TAG_START -&gt; RTC_TAG_START [22:2]&#10;|       |   |--START -&gt; &lt; [22:2]&#10;|       |   |--RTC_HTML_TAG_NAME -&gt; rtc [22:3]&#10;|       |   `--END -&gt; &gt; [22:6]&#10;|       |--TEXT -&gt;   [22:7]&#10;|       |--DT -&gt; DT [22:8]&#10;|       |   |--DT_TAG_START -&gt; DT_TAG_START [22:8]&#10;|       |   |   |--START -&gt; &lt; [22:8]&#10;|       |   |   |--DT_HTML_TAG_NAME -&gt; dt [22:9]&#10;|       |   |   `--END -&gt; &gt; [22:11]&#10;|       |   |--TEXT -&gt;   [22:12]&#10;|       |   `--DT_TAG_END -&gt; DT_TAG_END [22:13]&#10;|       |       |--START -&gt; &lt; [22:13]&#10;|       |       |--SLASH -&gt; / [22:14]&#10;|       |       |--DT_HTML_TAG_NAME -&gt; dt [22:15]&#10;|       |       `--END -&gt; &gt; [22:17]&#10;|       |--TEXT -&gt;   [22:18]&#10;|       `--RTC_TAG_END -&gt; RTC_TAG_END [22:19]&#10;|           |--START -&gt; &lt; [22:19]&#10;|           |--SLASH -&gt; / [22:20]&#10;|           |--RTC_HTML_TAG_NAME -&gt; RTC [22:21]&#10;|           `--END -&gt; &gt; [22:24]&#10;|--NEWLINE -&gt; \n [22:25]&#10;|--LEADING_ASTERISK -&gt; * [23:0]&#10;|--TEXT -&gt;   [23:1]&#10;|--HTML_ELEMENT -&gt; HTML_ELEMENT [23:2]&#10;|   `--RTC -&gt; RTC [23:2]&#10;|       |--RTC_TAG_START -&gt; RTC_TAG_START [23:2]&#10;|       |   |--START -&gt; &lt; [23:2]&#10;|       |   |--RTC_HTML_TAG_NAME -&gt; rtc [23:3]&#10;|       |   `--END -&gt; &gt; [23:6]&#10;|       |--TEXT -&gt;   [23:7]&#10;|       |--DT_TAG_START -&gt; DT_TAG_START [23:8]&#10;|       |   |--START -&gt; &lt; [23:8]&#10;|       |   |--DT_HTML_TAG_NAME -&gt; dt [23:9]&#10;|       |   `--END -&gt; &gt; [23:11]&#10;|       |--TEXT -&gt;   [23:12]&#10;|       `--RTC_TAG_END -&gt; RTC_TAG_END [23:13]&#10;|           |--START -&gt; &lt; [23:13]&#10;|           |--SLASH -&gt; / [23:14]&#10;|           |--RTC_HTML_TAG_NAME -&gt; RTC [23:15]&#10;|           `--END -&gt; &gt; [23:18]&#10;|--NEWLINE -&gt; \n [23:19]&#10;|--LEADING_ASTERISK -&gt; * [24:0]&#10;|--TEXT -&gt;   [24:1]&#10;|--HTML_ELEMENT -&gt; HTML_ELEMENT [24:2]&#10;|   `--RTC_TAG_START -&gt; RTC_TAG_START [24:2]&#10;|       |--START -&gt; &lt; [24:2]&#10;|       |--RTC_HTML_TAG_NAME -&gt; rtc [24:3]&#10;|       `--END -&gt; &gt; [24:6]&#10;|--TEXT -&gt;   [24:7]&#10;|--HTML_ELEMENT -&gt; HTML_ELEMENT [24:8]&#10;|   `--DT_TAG_END -&gt; DT_TAG_END [24:8]&#10;|       |--START -&gt; &lt; [24:8]&#10;|       |--SLASH -&gt; / [24:9]&#10;|       |--DT_HTML_TAG_NAME -&gt; dt [24:10]&#10;|       `--END -&gt; &gt; [24:12]&#10;|--TEXT -&gt;   [24:13]&#10;|--HTML_ELEMENT -&gt; HTML_ELEMENT [24:14]&#10;|   `--RTC_TAG_END -&gt; RTC_TAG_END [24:14]&#10;|       |--START -&gt; &lt; [24:14]&#10;|       |--SLASH -&gt; / [24:15]&#10;|       |--RTC_HTML_TAG_NAME -&gt; RTC [24:16]&#10;|       `--END -&gt; &gt; [24:19]&#10;|--NEWLINE -&gt; \n [24:20]&#10;|--LEADING_ASTERISK -&gt; * [25:0]&#10;|--TEXT -&gt;   [25:1]&#10;|--HTML_ELEMENT -&gt; HTML_ELEMENT [25:2]&#10;|   `--RTC -&gt; RTC [25:2]&#10;|       |--RTC_TAG_START -&gt; RTC_TAG_START [25:2]&#10;|       |   |--START -&gt; &lt; [25:2]&#10;|       |   |--RTC_HTML_TAG_NAME -&gt; rtc [25:3]&#10;|       |   `--END -&gt; &gt; [25:6]&#10;|       |--TEXT -&gt;   [25:7]&#10;|       |--HEAD -&gt; HEAD [25:8]&#10;|       |   |--HEAD_TAG_START -&gt; HEAD_TAG_START [25:8]&#10;|       |   |   |--START -&gt; &lt; [25:8]&#10;|       |   |   |--HEAD_HTML_TAG_NAME -&gt; head [25:9]&#10;|       |   |   `--END -&gt; &gt; [25:13]&#10;|       |   |--TEXT -&gt;   [25:14]&#10;|       |   `--HEAD_TAG_END -&gt; HEAD_TAG_END [25:15]&#10;|       |       |--START -&gt; &lt; [25:15]&#10;|       |       |--SLASH -&gt; / [25:16]&#10;|       |       |--HEAD_HTML_TAG_NAME -&gt; head [25:17]&#10;|       |       `--END -&gt; &gt; [25:21]&#10;|       |--TEXT -&gt;   [25:22]&#10;|       `--RTC_TAG_END -&gt; RTC_TAG_END [25:23]&#10;|           |--START -&gt; &lt; [25:23]&#10;|           |--SLASH -&gt; / [25:24]&#10;|           |--RTC_HTML_TAG_NAME -&gt; RTC [25:25]&#10;|           `--END -&gt; &gt; [25:28]&#10;|--NEWLINE -&gt; \n [25:29]&#10;|--LEADING_ASTERISK -&gt; * [26:0]&#10;|--TEXT -&gt;   [26:1]&#10;|--HTML_ELEMENT -&gt; HTML_ELEMENT [26:2]&#10;|   `--RTC -&gt; RTC [26:2]&#10;|       |--RTC_TAG_START -&gt; RTC_TAG_START [26:2]&#10;|       |   |--START -&gt; &lt; [26:2]&#10;|       |   |--RTC_HTML_TAG_NAME -&gt; rtc [26:3]&#10;|       |   `--END -&gt; &gt; [26:6]&#10;|       |--TEXT -&gt;   [26:7]&#10;|       |--HEAD_TAG_START -&gt; HEAD_TAG_START [26:8]&#10;|       |   |--START -&gt; &lt; [26:8]&#10;|       |   |--HEAD_HTML_TAG_NAME -&gt; head [26:9]&#10;|       |   `--END -&gt; &gt; [26:13]&#10;|       |--TEXT -&gt;   [26:14]&#10;|       `--RTC_TAG_END -&gt; RTC_TAG_END [26:15]&#10;|           |--START -&gt; &lt; [26:15]&#10;|           |--SLASH -&gt; / [26:16]&#10;|           |--RTC_HTML_TAG_NAME -&gt; RTC [26:17]&#10;|           `--END -&gt; &gt; [26:20]&#10;|--NEWLINE -&gt; \n [26:21]&#10;|--LEADING_ASTERISK -&gt; * [27:0]&#10;|--TEXT -&gt;   [27:1]&#10;|--HTML_ELEMENT -&gt; HTML_ELEMENT [27:2]&#10;|   `--RTC_TAG_START -&gt; RTC_TAG_START [27:2]&#10;|       |--START -&gt; &lt; [27:2]&#10;|       |--RTC_HTML_TAG_NAME -&gt; rtc [27:3]&#10;|       `--END -&gt; &gt; [27:6]&#10;|--TEXT -&gt;   [27:7]&#10;|--HTML_ELEMENT -&gt; HTML_ELEMENT [27:8]&#10;|   `--HEAD_TAG_END -&gt; HEAD_TAG_END [27:8]&#10;|       |--START -&gt; &lt; [27:8]&#10;|       |--SLASH -&gt; / [27:9]&#10;|       |--HEAD_HTML_TAG_NAME -&gt; head [27:10]&#10;|       `--END -&gt; &gt; [27:14]&#10;|--TEXT -&gt;   [27:15]&#10;|--HTML_ELEMENT -&gt; HTML_ELEMENT [27:16]&#10;|   `--RTC_TAG_END -&gt; RTC_TAG_END [27:16]&#10;|       |--START -&gt; &lt; [27:16]&#10;|       |--SLASH -&gt; / [27:17]&#10;|       |--RTC_HTML_TAG_NAME -&gt; RTC [27:18]&#10;|       `--END -&gt; &gt; [27:21]&#10;|--NEWLINE -&gt; \n [27:22]&#10;|--LEADING_ASTERISK -&gt; * [28:0]&#10;|--TEXT -&gt;   [28:1]&#10;|--HTML_ELEMENT -&gt; HTML_ELEMENT [28:2]&#10;|   `--RTC -&gt; RTC [28:2]&#10;|       |--RTC_TAG_START -&gt; RTC_TAG_START [28:2]&#10;|       |   |--START -&gt; &lt; [28:2]&#10;|       |   |--RTC_HTML_TAG_NAME -&gt; rtc [28:3]&#10;|       |   `--END -&gt; &gt; [28:6]&#10;|       |--TEXT -&gt;   [28:7]&#10;|       |--HTML -&gt; HTML [28:8]&#10;|       |   |--HTML_TAG_START -&gt; HTML_TAG_START [28:8]&#10;|       |   |   |--START -&gt; &lt; [28:8]&#10;|       |   |   |--HTML_HTML_TAG_NAME -&gt; html [28:9]&#10;|       |   |   `--END -&gt; &gt; [28:13]&#10;|       |   |--TEXT -&gt;   [28:14]&#10;|       |   `--HTML_TAG_END -&gt; HTML_TAG_END [28:15]&#10;|       |       |--START -&gt; &lt; [28:15]&#10;|       |       |--SLASH -&gt; / [28:16]&#10;|       |       |--HTML_HTML_TAG_NAME -&gt; html [28:17]&#10;|       |       `--END -&gt; &gt; [28:21]&#10;|       |--TEXT -&gt;   [28:22]&#10;|       `--RTC_TAG_END -&gt; RTC_TAG_END [28:23]&#10;|           |--START -&gt; &lt; [28:23]&#10;|           |--SLASH -&gt; / [28:24]&#10;|           |--RTC_HTML_TAG_NAME -&gt; RTC [28:25]&#10;|           `--END -&gt; &gt; [28:28]&#10;|--NEWLINE -&gt; \n [28:29]&#10;|--LEADING_ASTERISK -&gt; * [29:0]&#10;|--TEXT -&gt;   [29:1]&#10;|--HTML_ELEMENT -&gt; HTML_ELEMENT [29:2]&#10;|   `--RTC -&gt; RTC [29:2]&#10;|       |--RTC_TAG_START -&gt; RTC_TAG_START [29:2]&#10;|       |   |--START -&gt; &lt; [29:2]&#10;|       |   |--RTC_HTML_TAG_NAME -&gt; rtc [29:3]&#10;|       |   `--END -&gt; &gt; [29:6]&#10;|       |--TEXT -&gt;   [29:7]&#10;|       |--HTML_TAG_START -&gt; HTML_TAG_START [29:8]&#10;|       |   |--START -&gt; &lt; [29:8]&#10;|       |   |--HTML_HTML_TAG_NAME -&gt; html [29:9]&#10;|       |   `--END -&gt; &gt; [29:13]&#10;|       |--TEXT -&gt;   [29:14]&#10;|       `--RTC_TAG_END -&gt; RTC_TAG_END [29:15]&#10;|           |--START -&gt; &lt; [29:15]&#10;|           |--SLASH -&gt; / [29:16]&#10;|           |--RTC_HTML_TAG_NAME -&gt; RTC [29:17]&#10;|           `--END -&gt; &gt; [29:20]&#10;|--NEWLINE -&gt; \n [29:21]&#10;|--LEADING_ASTERISK -&gt; * [30:0]&#10;|--TEXT -&gt;   [30:1]&#10;|--HTML_ELEMENT -&gt; HTML_ELEMENT [30:2]&#10;|   `--RTC_TAG_START -&gt; RTC_TAG_START [30:2]&#10;|       |--START -&gt; &lt; [30:2]&#10;|       |--RTC_HTML_TAG_NAME -&gt; rtc [30:3]&#10;|       `--END -&gt; &gt; [30:6]&#10;|--TEXT -&gt;   [30:7]&#10;|--HTML_ELEMENT -&gt; HTML_ELEMENT [30:8]&#10;|   `--HTML_TAG_END -&gt; HTML_TAG_END [30:8]&#10;|       |--START -&gt; &lt; [30:8]&#10;|       |--SLASH -&gt; / [30:9]&#10;|       |--HTML_HTML_TAG_NAME -&gt; html [30:10]&#10;|       `--END -&gt; &gt; [30:14]&#10;|--TEXT -&gt;   [30:15]&#10;|--HTML_ELEMENT -&gt; HTML_ELEMENT [30:16]&#10;|   `--RTC_TAG_END -&gt; RTC_TAG_END [30:16]&#10;|       |--START -&gt; &lt; [30:16]&#10;|       |--SLASH -&gt; / [30:17]&#10;|       |--RTC_HTML_TAG_NAME -&gt; RTC [30:18]&#10;|       `--END -&gt; &gt; [30:21]&#10;|--NEWLINE -&gt; \n [30:22]&#10;|--LEADING_ASTERISK -&gt; * [31:0]&#10;|--TEXT -&gt;   [31:1]&#10;|--HTML_ELEMENT -&gt; HTML_ELEMENT [31:2]&#10;|   `--RTC -&gt; RTC [31:2]&#10;|       |--RTC_TAG_START -&gt; RTC_TAG_START [31:2]&#10;|       |   |--START -&gt; &lt; [31:2]&#10;|       |   |--RTC_HTML_TAG_NAME -&gt; rtc [31:3]&#10;|       |   `--END -&gt; &gt; [31:6]&#10;|       |--TEXT -&gt;   [31:7]&#10;|       |--OPTION -&gt; OPTION [31:8]&#10;|       |   |--OPTION_TAG_START -&gt; OPTION_TAG_START [31:8]&#10;|       |   |   |--START -&gt; &lt; [31:8]&#10;|       |   |   |--OPTION_HTML_TAG_NAME -&gt; option [31:9]&#10;|       |   |   `--END -&gt; &gt; [31:15]&#10;|       |   |--TEXT -&gt;   [31:16]&#10;|       |   `--OPTION_TAG_END -&gt; OPTION_TAG_END [31:17]&#10;|       |       |--START -&gt; &lt; [31:17]&#10;|       |       |--SLASH -&gt; / [31:18]&#10;|       |       |--OPTION_HTML_TAG_NAME -&gt; option [31:19]&#10;|       |       `--END -&gt; &gt; [31:25]&#10;|       |--TEXT -&gt;   [31:26]&#10;|       `--RTC_TAG_END -&gt; RTC_TAG_END [31:27]&#10;|           |--START -&gt; &lt; [31:27]&#10;|           |--SLASH -&gt; / [31:28]&#10;|           |--RTC_HTML_TAG_NAME -&gt; RTC [31:29]&#10;|           `--END -&gt; &gt; [31:32]&#10;|--NEWLINE -&gt; \n [31:33]&#10;|--LEADING_ASTERISK -&gt; * [32:0]&#10;|--TEXT -&gt;   [32:1]&#10;|--HTML_ELEMENT -&gt; HTML_ELEMENT [32:2]&#10;|   `--RTC -&gt; RTC [32:2]&#10;|       |--RTC_TAG_START -&gt; RTC_TAG_START [32:2]&#10;|       |   |--START -&gt; &lt; [32:2]&#10;|       |   |--RTC_HTML_TAG_NAME -&gt; rtc [32:3]&#10;|       |   `--END -&gt; &gt; [32:6]&#10;|       |--TEXT -&gt;   [32:7]&#10;|       |--OPTION_TAG_START -&gt; OPTION_TAG_START [32:8]&#10;|       |   |--START -&gt; &lt; [32:8]&#10;|       |   |--OPTION_HTML_TAG_NAME -&gt; option [32:9]&#10;|       |   `--END -&gt; &gt; [32:15]&#10;|       |--TEXT -&gt;   [32:16]&#10;|       `--RTC_TAG_END -&gt; RTC_TAG_END [32:17]&#10;|           |--START -&gt; &lt; [32:17]&#10;|           |--SLASH -&gt; / [32:18]&#10;|           |--RTC_HTML_TAG_NAME -&gt; RTC [32:19]&#10;|           `--END -&gt; &gt; [32:22]&#10;|--NEWLINE -&gt; \n [32:23]&#10;|--LEADING_ASTERISK -&gt; * [33:0]&#10;|--TEXT -&gt;   [33:1]&#10;|--HTML_ELEMENT -&gt; HTML_ELEMENT [33:2]&#10;|   `--RTC_TAG_START -&gt; RTC_TAG_START [33:2]&#10;|       |--START -&gt; &lt; [33:2]&#10;|       |--RTC_HTML_TAG_NAME -&gt; rtc [33:3]&#10;|       `--END -&gt; &gt; [33:6]&#10;|--TEXT -&gt;   [33:7]&#10;|--HTML_ELEMENT -&gt; HTML_ELEMENT [33:8]&#10;|   `--OPTION_TAG_END -&gt; OPTION_TAG_END [33:8]&#10;|       |--START -&gt; &lt; [33:8]&#10;|       |--SLASH -&gt; / [33:9]&#10;|       |--OPTION_HTML_TAG_NAME -&gt; option [33:10]&#10;|       `--END -&gt; &gt; [33:16]&#10;|--TEXT -&gt;   [33:17]&#10;|--HTML_ELEMENT -&gt; HTML_ELEMENT [33:18]&#10;|   `--RTC_TAG_END -&gt; RTC_TAG_END [33:18]&#10;|       |--START -&gt; &lt; [33:18]&#10;|       |--SLASH -&gt; / [33:19]&#10;|       |--RTC_HTML_TAG_NAME -&gt; RTC [33:20]&#10;|       `--END -&gt; &gt; [33:23]&#10;|--NEWLINE -&gt; \n [33:24]&#10;|--LEADING_ASTERISK -&gt; * [34:0]&#10;|--TEXT -&gt;   [34:1]&#10;|--HTML_ELEMENT -&gt; HTML_ELEMENT [34:2]&#10;|   `--RTC -&gt; RTC [34:2]&#10;|       |--RTC_TAG_START -&gt; RTC_TAG_START [34:2]&#10;|       |   |--START -&gt; &lt; [34:2]&#10;|       |   |--RTC_HTML_TAG_NAME -&gt; rtc [34:3]&#10;|       |   `--END -&gt; &gt; [34:6]&#10;|       |--TEXT -&gt;   [34:7]&#10;|       |--TBODY -&gt; TBODY [34:8]&#10;|       |   |--TBODY_TAG_START -&gt; TBODY_TAG_START [34:8]&#10;|       |   |   |--START -&gt; &lt; [34:8]&#10;|       |   |   |--TBODY_HTML_TAG_NAME -&gt; tbody [34:9]&#10;|       |   |   `--END -&gt; &gt; [34:14]&#10;|       |   |--TEXT -&gt;   [34:15]&#10;|       |   `--TBODY_TAG_END -&gt; TBODY_TAG_END [34:16]&#10;|       |       |--START -&gt; &lt; [34:16]&#10;|       |       |--SLASH -&gt; / [34:17]&#10;|       |       |--TBODY_HTML_TAG_NAME -&gt; tbody [34:18]&#10;|       |       `--END -&gt; &gt; [34:23]&#10;|       |--TEXT -&gt;   [34:24]&#10;|       `--RTC_TAG_END -&gt; RTC_TAG_END [34:25]&#10;|           |--START -&gt; &lt; [34:25]&#10;|           |--SLASH -&gt; / [34:26]&#10;|           |--RTC_HTML_TAG_NAME -&gt; rTC [34:27]&#10;|           `--END -&gt; &gt; [34:30]&#10;|--NEWLINE -&gt; \n [34:31]&#10;|--LEADING_ASTERISK -&gt; * [35:0]&#10;|--TEXT -&gt;   [35:1]&#10;|--HTML_ELEMENT -&gt; HTML_ELEMENT [35:2]&#10;|   `--RTC -&gt; RTC [35:2]&#10;|       |--RTC_TAG_START -&gt; RTC_TAG_START [35:2]&#10;|       |   |--START -&gt; &lt; [35:2]&#10;|       |   |--RTC_HTML_TAG_NAME -&gt; rtc [35:3]&#10;|       |   `--END -&gt; &gt; [35:6]&#10;|       |--TEXT -&gt;   [35:7]&#10;|       |--TBODY_TAG_START -&gt; TBODY_TAG_START [35:8]&#10;|       |   |--START -&gt; &lt; [35:8]&#10;|       |   |--TBODY_HTML_TAG_NAME -&gt; tbody [35:9]&#10;|       |   `--END -&gt; &gt; [35:14]&#10;|       |--TEXT -&gt;   [35:15]&#10;|       `--RTC_TAG_END -&gt; RTC_TAG_END [35:16]&#10;|           |--START -&gt; &lt; [35:16]&#10;|           |--SLASH -&gt; / [35:17]&#10;|           |--RTC_HTML_TAG_NAME -&gt; RTC [35:18]&#10;|           `--END -&gt; &gt; [35:21]&#10;|--NEWLINE -&gt; \n [35:22]&#10;|--LEADING_ASTERISK -&gt; * [36:0]&#10;|--TEXT -&gt;   [36:1]&#10;|--HTML_ELEMENT -&gt; HTML_ELEMENT [36:2]&#10;|   `--RTC_TAG_START -&gt; RTC_TAG_START [36:2]&#10;|       |--START -&gt; &lt; [36:2]&#10;|       |--RTC_HTML_TAG_NAME -&gt; rtc [36:3]&#10;|       `--END -&gt; &gt; [36:6]&#10;|--TEXT -&gt;   [36:7]&#10;|--HTML_ELEMENT -&gt; HTML_ELEMENT [36:8]&#10;|   `--TBODY_TAG_END -&gt; TBODY_TAG_END [36:8]&#10;|       |--START -&gt; &lt; [36:8]&#10;|       |--SLASH -&gt; / [36:9]&#10;|       |--TBODY_HTML_TAG_NAME -&gt; tbody [36:10]&#10;|       `--END -&gt; &gt; [36:15]&#10;|--TEXT -&gt;   [36:16]&#10;|--HTML_ELEMENT -&gt; HTML_ELEMENT [36:17]&#10;|   `--RTC_TAG_END -&gt; RTC_TAG_END [36:17]&#10;|       |--START -&gt; &lt; [36:17]&#10;|       |--SLASH -&gt; / [36:18]&#10;|       |--RTC_HTML_TAG_NAME -&gt; RTC [36:19]&#10;|       `--END -&gt; &gt; [36:22]&#10;|--NEWLINE -&gt; \n [36:23]&#10;|--LEADING_ASTERISK -&gt; * [37:0]&#10;|--TEXT -&gt;   [37:1]&#10;|--HTML_ELEMENT -&gt; HTML_ELEMENT [37:2]&#10;|   `--RTC -&gt; RTC [37:2]&#10;|       |--RTC_TAG_START -&gt; RTC_TAG_START [37:2]&#10;|       |   |--START -&gt; &lt; [37:2]&#10;|       |   |--RTC_HTML_TAG_NAME -&gt; rtc [37:3]&#10;|       |   `--END -&gt; &gt; [37:6]&#10;|       |--TEXT -&gt;   [37:7]&#10;|       |--TFOOT -&gt; TFOOT [37:8]&#10;|       |   |--TFOOT_TAG_START -&gt; TFOOT_TAG_START [37:8]&#10;|       |   |   |--START -&gt; &lt; [37:8]&#10;|       |   |   |--TFOOT_HTML_TAG_NAME -&gt; tfoot [37:9]&#10;|       |   |   `--END -&gt; &gt; [37:14]&#10;|       |   |--TEXT -&gt;   [37:15]&#10;|       |   `--TFOOT_TAG_END -&gt; TFOOT_TAG_END [37:16]&#10;|       |       |--START -&gt; &lt; [37:16]&#10;|       |       |--SLASH -&gt; / [37:17]&#10;|       |       |--TFOOT_HTML_TAG_NAME -&gt; tfoot [37:18]&#10;|       |       `--END -&gt; &gt; [37:23]&#10;|       |--TEXT -&gt;   [37:24]&#10;|       `--RTC_TAG_END -&gt; RTC_TAG_END [37:25]&#10;|           |--START -&gt; &lt; [37:25]&#10;|           |--SLASH -&gt; / [37:26]&#10;|           |--RTC_HTML_TAG_NAME -&gt; RTC [37:27]&#10;|           `--END -&gt; &gt; [37:30]&#10;|--NEWLINE -&gt; \n [37:31]&#10;|--LEADING_ASTERISK -&gt; * [38:0]&#10;|--TEXT -&gt;   [38:1]&#10;|--HTML_ELEMENT -&gt; HTML_ELEMENT [38:2]&#10;|   `--RTC -&gt; RTC [38:2]&#10;|       |--RTC_TAG_START -&gt; RTC_TAG_START [38:2]&#10;|       |   |--START -&gt; &lt; [38:2]&#10;|       |   |--RTC_HTML_TAG_NAME -&gt; rtc [38:3]&#10;|       |   `--END -&gt; &gt; [38:6]&#10;|       |--TEXT -&gt;   [38:7]&#10;|       |--TFOOT_TAG_START -&gt; TFOOT_TAG_START [38:8]&#10;|       |   |--START -&gt; &lt; [38:8]&#10;|       |   |--TFOOT_HTML_TAG_NAME -&gt; tfoot [38:9]&#10;|       |   `--END -&gt; &gt; [38:14]&#10;|       |--TEXT -&gt;   [38:15]&#10;|       `--RTC_TAG_END -&gt; RTC_TAG_END [38:16]&#10;|           |--START -&gt; &lt; [38:16]&#10;|           |--SLASH -&gt; / [38:17]&#10;|           |--RTC_HTML_TAG_NAME -&gt; RTC [38:18]&#10;|           `--END -&gt; &gt; [38:21]&#10;|--NEWLINE -&gt; \n [38:22]&#10;|--LEADING_ASTERISK -&gt; * [39:0]&#10;|--TEXT -&gt;   [39:1]&#10;|--HTML_ELEMENT -&gt; HTML_ELEMENT [39:2]&#10;|   `--RTC_TAG_START -&gt; RTC_TAG_START [39:2]&#10;|       |--START -&gt; &lt; [39:2]&#10;|       |--RTC_HTML_TAG_NAME -&gt; rtc [39:3]&#10;|       `--END -&gt; &gt; [39:6]&#10;|--TEXT -&gt;   [39:7]&#10;|--HTML_ELEMENT -&gt; HTML_ELEMENT [39:8]&#10;|   `--TFOOT_TAG_END -&gt; TFOOT_TAG_END [39:8]&#10;|       |--START -&gt; &lt; [39:8]&#10;|       |--SLASH -&gt; / [39:9]&#10;|       |--TFOOT_HTML_TAG_NAME -&gt; tfoot [39:10]&#10;|       `--END -&gt; &gt; [39:15]&#10;|--TEXT -&gt;   [39:16]&#10;|--HTML_ELEMENT -&gt; HTML_ELEMENT [39:17]&#10;|   `--RTC_TAG_END -&gt; RTC_TAG_END [39:17]&#10;|       |--START -&gt; &lt; [39:17]&#10;|       |--SLASH -&gt; / [39:18]&#10;|       |--RTC_HTML_TAG_NAME -&gt; RTC [39:19]&#10;|       `--END -&gt; &gt; [39:22]&#10;|--NEWLINE -&gt; \n [39:23]&#10;|--LEADING_ASTERISK -&gt; * [40:0]&#10;|--TEXT -&gt;   [40:1]&#10;|--HTML_ELEMENT -&gt; HTML_ELEMENT [40:2]&#10;|   `--RTC -&gt; RTC [40:2]&#10;|       |--RTC_TAG_START -&gt; RTC_TAG_START [40:2]&#10;|       |   |--START -&gt; &lt; [40:2]&#10;|       |   |--RTC_HTML_TAG_NAME -&gt; rtc [40:3]&#10;|       |   |--WS -&gt;   [40:6]&#10;|       |   |--ATTRIBUTE -&gt; ATTRIBUTE [40:7]&#10;|       |   |   |--HTML_TAG_NAME -&gt; style [40:7]&#10;|       |   |   |--EQUALS -&gt; = [40:12]&#10;|       |   |   `--ATTR_VALUE -&gt; &quot;color:red&quot; [40:13]&#10;|       |   |--WS -&gt;   [40:25]&#10;|       |   |--NEWLINE -&gt; \n [40:26]&#10;|       |   |--LEADING_ASTERISK -&gt; * [41:0]&#10;|       |   |--NEWLINE -&gt; \n [41:1]&#10;|       |   |--LEADING_ASTERISK -&gt; * [42:0]&#10;|       |   |--WS -&gt;   [42:1]&#10;|       |   `--END -&gt; &gt; [42:2]&#10;|       |--TEXT -&gt;   [42:3]&#10;|       |--HTML_COMMENT -&gt; HTML_COMMENT [42:4]&#10;|       |   |--HTML_COMMENT_START -&gt; &lt;!-- [42:4]&#10;|       |   |--TEXT -&gt; HTML COMMENT [42:8]&#10;|       |   `--HTML_COMMENT_END -&gt; --&gt; [42:20]&#10;|       |--TEXT -&gt;    [42:23]&#10;|       `--RTC_TAG_END -&gt; RTC_TAG_END [42:25]&#10;|           |--START -&gt; &lt; [42:25]&#10;|           |--SLASH -&gt; / [42:26]&#10;|           |--RTC_HTML_TAG_NAME -&gt; Rtc [42:27]&#10;|           |--NEWLINE -&gt; \n [42:30]&#10;|           |--LEADING_ASTERISK -&gt; * [43:0]&#10;|           |--NEWLINE -&gt; \n [43:1]&#10;|           |--LEADING_ASTERISK -&gt; * [44:0]&#10;|           |--WS -&gt;   [44:1]&#10;|           `--END -&gt; &gt; [44:2]&#10;|--NEWLINE -&gt; \n [44:3]&#10;`--EOF -&gt; &lt;EOF&gt; [45:0]&#13;]&#10;&gt;" type="org.junit.ComparisonFailure"><![CDATA[org.junit.ComparisonFailure: 
Generated tree from the javadoc file should match the pre-defined tree expected:<...DOC -> JAVADOC [0:0][
|--LEADING_ASTERISK -> * [0:0]
|--TEXT ->   [0:1]
|--HTML_ELEMENT -> HTML_ELEMENT [0:2]
|   `--RTC -> RTC [0:2]
|       |--RTC_TAG_START -> RTC_TAG_START [0:2]
|       |   |--START -> < [0:2]
|       |   |--RTC_HTML_TAG_NAME -> rtc [0:3]
|       |   `--END -> > [0:6]
|       |--TEXT ->   [0:7]
|       `--RTC_TAG_END -> RTC_TAG_END [0:8]
|           |--START -> < [0:8]
|           |--SLASH -> / [0:9]
|           |--RTC_HTML_TAG_NAME -> RTC [0:10]
|           `--END -> > [0:13]
|--NEWLINE -> \n [0:14]
|--LEADING_ASTERISK -> * [1:0]
|--TEXT ->   [1:1]
|--HTML_ELEMENT -> HTML_ELEMENT [1:2]
|   `--RTC -> RTC [1:2]
|       |--RTC_TAG_START -> RTC_TAG_START [1:2]
|       |   |--START -> < [1:2]
|       |   |--RTC_HTML_TAG_NAME -> rtc [1:3]
|       |   `--END -> > [1:6]
|       |--TEXT ->   [1:7]
|       |--LI -> LI [1:8]
|       |   |--LI_TAG_START -> LI_TAG_START [1:8]
|       |   |   |--START -> < [1:8]
|       |   |   |--LI_HTML_TAG_NAME -> li [1:9]
|       |   |   `--END -> > [1:11]
|       |   |--TEXT ->   [1:12]
|       |   `--LI_TAG_END -> LI_TAG_END [1:13]
|       |       |--START -> < [1:13]
|       |       |--SLASH -> / [1:14]
|       |       |--LI_HTML_TAG_NAME -> li [1:15]
|       |       `--END -> > [1:17]
|       |--TEXT ->   [1:18]
|       `--RTC_TAG_END -> RTC_TAG_END [1:19]
|           |--START -> < [1:19]
|           |--SLASH -> / [1:20]
|           |--RTC_HTML_TAG_NAME -> RTC [1:21]
|           `--END -> > [1:24]
|--NEWLINE -> \n [1:25]
|--LEADING_ASTERISK -> * [2:0]
|--TEXT ->   [2:1]
|--HTML_ELEMENT -> HTML_ELEMENT [2:2]
|   `--RTC -> RTC [2:2]
|       |--RTC_TAG_START -> RTC_TAG_START [2:2]
|       |   |--START -> < [2:2]
|       |   |--RTC_HTML_TAG_NAME -> rtc [2:3]
|       |   `--END -> > [2:6]
|       |--TEXT ->   [2:7]
|       |--LI_TAG_START -> LI_TAG_START [2:8]
|       |   |--START -> < [2:8]
|       |   |--LI_HTML_TAG_NAME -> li [2:9]
|       |   `--END -> > [2:11]
|       |--TEXT ->   [2:12]
|       `--RTC_TAG_END -> RTC_TAG_END [2:13]
|           |--START -> < [2:13]
|           |--SLASH -> / [2:14]
|           |--RTC_HTML_TAG_NAME -> RTC [2:15]
|           `--END -> > [2:18]
|--NEWLINE -> \n [2:19]
|--LEADING_ASTERISK -> * [3:0]
|--TEXT ->   [3:1]
|--HTML_ELEMENT -> HTML_ELEMENT [3:2]
|   `--RTC_TAG_START -> RTC_TAG_START [3:2]
|       |--START -> < [3:2]
|       |--RTC_HTML_TAG_NAME -> rtc [3:3]
|       `--END -> > [3:6]
|--TEXT ->   [3:7]
|--HTML_ELEMENT -> HTML_ELEMENT [3:8]
|   `--LI_TAG_END -> LI_TAG_END [3:8]
|       |--START -> < [3:8]
|       |--SLASH -> / [3:9]
|       |--LI_HTML_TAG_NAME -> li [3:10]
|       `--END -> > [3:12]
|--TEXT ->   [3:13]
|--HTML_ELEMENT -> HTML_ELEMENT [3:14]
|   `--RTC_TAG_END -> RTC_TAG_END [3:14]
|       |--START -> < [3:14]
|       |--SLASH -> / [3:15]
|       |--RTC_HTML_TAG_NAME -> RTC [3:16]
|       `--END -> > [3:19]
|--NEWLINE -> \n [3:20]
|--LEADING_ASTERISK -> * [4:0]
|--TEXT ->   [4:1]
|--HTML_ELEMENT -> HTML_ELEMENT [4:2]
|   `--RTC -> RTC [4:2]
|       |--RTC_TAG_START -> RTC_TAG_START [4:2]
|       |   |--START -> < [4:2]
|       |   |--RTC_HTML_TAG_NAME -> rtc [4:3]
|       |   `--END -> > [4:6]
|       |--TEXT ->   [4:7]
|       |--TR -> TR [4:8]
|       |   |--TR_TAG_START -> TR_TAG_START [4:8]
|       |   |   |--START -> < [4:8]
|       |   |   |--TR_HTML_TAG_NAME -> tr [4:9]
|       |   |   `--END -> > [4:11]
|       |   |--TEXT ->   [4:12]
|       |   `--TR_TAG_END -> TR_TAG_END [4:13]
|       |       |--START -> < [4:13]
|       |       |--SLASH -> / [4:14]
|       |       |--TR_HTML_TAG_NAME -> tr [4:15]
|       |       `--END -> > [4:17]
|       |--TEXT ->   [4:18]
|       `--RTC_TAG_END -> RTC_TAG_END [4:19]
|           |--START -> < [4:19]
|           |--SLASH -> / [4:20]
|           |--RTC_HTML_TAG_NAME -> RTC [4:21]
|           `--END -> > [4:24]
|--NEWLINE -> \n [4:25]
|--LEADING_ASTERISK -> * [5:0]
|--TEXT ->   [5:1]
|--HTML_ELEMENT -> HTML_ELEMENT [5:2]
|   `--RTC -> RTC [5:2]
|       |--RTC_TAG_START -> RTC_TAG_START [5:2]
|       |   |--START -> < [5:2]
|       |   |--RTC_HTML_TAG_NAME -> rtc [5:3]
|       |   `--END -> > [5:6]
|       |--TEXT ->   [5:7]
|       |--TR_TAG_START -> TR_TAG_START [5:8]
|       |   |--START -> < [5:8]
|       |   |--TR_HTML_TAG_NAME -> tr [5:9]
|       |   `--END -> > [5:11]
|       |--TEXT ->   [5:12]
|       `--RTC_TAG_END -> RTC_TAG_END [5:13]
|           |--START -> < [5:13]
|           |--SLASH -> / [5:14]
|           |--RTC_HTML_TAG_NAME -> RTC [5:15]
|           `--END -> > [5:18]
|--NEWLINE -> \n [5:19]
|--LEADING_ASTERISK -> * [6:0]
|--TEXT ->   [6:1]
|--HTML_ELEMENT -> HTML_ELEMENT [6:2]
|   `--RTC_TAG_START -> RTC_TAG_START [6:2]
|       |--START -> < [6:2]
|       |--RTC_HTML_TAG_NAME -> rtc [6:3]
|       `--END -> > [6:6]
|--TEXT ->   [6:7]
|--HTML_ELEMENT -> HTML_ELEMENT [6:8]
|   `--TR_TAG_END -> TR_TAG_END [6:8]
|       |--START -> < [6:8]
|       |--SLASH -> / [6:9]
|       |--TR_HTML_TAG_NAME -> tr [6:10]
|       `--END -> > [6:12]
|--TEXT ->   [6:13]
|--HTML_ELEMENT -> HTML_ELEMENT [6:14]
|   `--RTC_TAG_END -> RTC_TAG_END [6:14]
|       |--START -> < [6:14]
|       |--SLASH -> / [6:15]
|       |--RTC_HTML_TAG_NAME -> RTC [6:16]
|       `--END -> > [6:19]
|--NEWLINE -> \n [6:20]
|--LEADING_ASTERISK -> * [7:0]
|--TEXT ->   [7:1]
|--HTML_ELEMENT -> HTML_ELEMENT [7:2]
|   `--RTC -> RTC [7:2]
|       |--RTC_TAG_START -> RTC_TAG_START [7:2]
|       |   |--START -> < [7:2]
|       |   |--RTC_HTML_TAG_NAME -> rtc [7:3]
|       |   `--END -> > [7:6]
|       |--TEXT ->   [7:7]
|       |--TD -> TD [7:8]
|       |   |--TD_TAG_START -> TD_TAG_START [7:8]
|       |   |   |--START -> < [7:8]
|       |   |   |--TD_HTML_TAG_NAME -> td [7:9]
|       |   |   `--END -> > [7:11]
|       |   |--TEXT ->   [7:12]
|       |   `--TD_TAG_END -> TD_TAG_END [7:13]
|       |       |--START -> < [7:13]
|       |       |--SLASH -> / [7:14]
|       |       |--TD_HTML_TAG_NAME -> td [7:15]
|       |       `--END -> > [7:17]
|       |--TEXT ->   [7:18]
|       `--RTC_TAG_END -> RTC_TAG_END [7:19]
|           |--START -> < [7:19]
|           |--SLASH -> / [7:20]
|           |--RTC_HTML_TAG_NAME -> RTC [7:21]
|           `--END -> > [7:24]
|--NEWLINE -> \n [7:25]
|--LEADING_ASTERISK -> * [8:0]
|--TEXT ->   [8:1]
|--HTML_ELEMENT -> HTML_ELEMENT [8:2]
|   `--RTC -> RTC [8:2]
|       |--RTC_TAG_START -> RTC_TAG_START [8:2]
|       |   |--START -> < [8:2]
|       |   |--RTC_HTML_TAG_NAME -> rtc [8:3]
|       |   `--END -> > [8:6]
|       |--TEXT ->   [8:7]
|       |--TD_TAG_START -> TD_TAG_START [8:8]
|       |   |--START -> < [8:8]
|       |   |--TD_HTML_TAG_NAME -> td [8:9]
|       |   `--END -> > [8:11]
|       |--TEXT ->   [8:12]
|       `--RTC_TAG_END -> RTC_TAG_END [8:13]
|           |--START -> < [8:13]
|           |--SLASH -> / [8:14]
|           |--RTC_HTML_TAG_NAME -> RTC [8:15]
|           `--END -> > [8:18]
|--NEWLINE -> \n [8:19]
|--LEADING_ASTERISK -> * [9:0]
|--TEXT ->   [9:1]
|--HTML_ELEMENT -> HTML_ELEMENT [9:2]
|   `--RTC_TAG_START -> RTC_TAG_START [9:2]
|       |--START -> < [9:2]
|       |--RTC_HTML_TAG_NAME -> rtc [9:3]
|       `--END -> > [9:6]
|--TEXT ->   [9:7]
|--HTML_ELEMENT -> HTML_ELEMENT [9:8]
|   `--TD_TAG_END -> TD_TAG_END [9:8]
|       |--START -> < [9:8]
|       |--SLASH -> / [9:9]
|       |--TD_HTML_TAG_NAME -> td [9:10]
|       `--END -> > [9:12]
|--TEXT ->   [9:13]
|--HTML_ELEMENT -> HTML_ELEMENT [9:14]
|   `--RTC_TAG_END -> RTC_TAG_END [9:14]
|       |--START -> < [9:14]
|       |--SLASH -> / [9:15]
|       |--RTC_HTML_TAG_NAME -> RTC [9:16]
|       `--END -> > [9:19]
|--NEWLINE -> \n [9:20]
|--LEADING_ASTERISK -> * [10:0]
|--TEXT ->   [10:1]
|--HTML_ELEMENT -> HTML_ELEMENT [10:2]
|   `--RTC -> RTC [10:2]
|       |--RTC_TAG_START -> RTC_TAG_START [10:2]
|       |   |--START -> < [10:2]
|       |   |--RTC_HTML_TAG_NAME -> rtc [10:3]
|       |   `--END -> > [10:6]
|       |--TEXT ->   [10:7]
|       |--TH -> TH [10:8]
|       |   |--TH_TAG_START -> TH_TAG_START [10:8]
|       |   |   |--START -> < [10:8]
|       |   |   |--TH_HTML_TAG_NAME -> th [10:9]
|       |   |   `--END -> > [10:11]
|       |   |--TEXT ->   [10:12]
|       |   `--TH_TAG_END -> TH_TAG_END [10:13]
|       |       |--START -> < [10:13]
|       |       |--SLASH -> / [10:14]
|       |       |--TH_HTML_TAG_NAME -> th [10:15]
|       |       `--END -> > [10:17]
|       |--TEXT ->   [10:18]
|       `--RTC_TAG_END -> RTC_TAG_END [10:19]
|           |--START -> < [10:19]
|           |--SLASH -> / [10:20]
|           |--RTC_HTML_TAG_NAME -> RTC [10:21]
|           `--END -> > [10:24]
|--NEWLINE -> \n [10:25]
|--LEADING_ASTERISK -> * [11:0]
|--TEXT ->   [11:1]
|--HTML_ELEMENT -> HTML_ELEMENT [11:2]
|   `--RTC -> RTC [11:2]
|       |--RTC_TAG_START -> RTC_TAG_START [11:2]
|       |   |--START -> < [11:2]
|       |   |--RTC_HTML_TAG_NAME -> rtc [11:3]
|       |   `--END -> > [11:6]
|       |--TEXT ->   [11:7]
|       |--TH_TAG_START -> TH_TAG_START [11:8]
|       |   |--START -> < [11:8]
|       |   |--TH_HTML_TAG_NAME -> th [11:9]
|       |   `--END -> > [11:11]
|       |--TEXT ->   [11:12]
|       `--RTC_TAG_END -> RTC_TAG_END [11:13]
|           |--START -> < [11:13]
|           |--SLASH -> / [11:14]
|           |--RTC_HTML_TAG_NAME -> RTC [11:15]
|           `--END -> > [11:18]
|--NEWLINE -> \n [11:19]
|--LEADING_ASTERISK -> * [12:0]
|--TEXT ->   [12:1]
|--HTML_ELEMENT -> HTML_ELEMENT [12:2]
|   `--RTC_TAG_START -> RTC_TAG_START [12:2]
|       |--START -> < [12:2]
|       |--RTC_HTML_TAG_NAME -> rtc [12:3]
|       `--END -> > [12:6]
|--TEXT ->   [12:7]
|--HTML_ELEMENT -> HTML_ELEMENT [12:8]
|   `--TH_TAG_END -> TH_TAG_END [12:8]
|       |--START -> < [12:8]
|       |--SLASH -> / [12:9]
|       |--TH_HTML_TAG_NAME -> th [12:10]
|       `--END -> > [12:12]
|--TEXT ->   [12:13]
|--HTML_ELEMENT -> HTML_ELEMENT [12:14]
|   `--RTC_TAG_END -> RTC_TAG_END [12:14]
|       |--START -> < [12:14]
|       |--SLASH -> / [12:15]
|       |--RTC_HTML_TAG_NAME -> RTC [12:16]
|       `--END -> > [12:19]
|--NEWLINE -> \n [12:20]
|--LEADING_ASTERISK -> * [13:0]
|--TEXT ->   [13:1]
|--HTML_ELEMENT -> HTML_ELEMENT [13:2]
|   `--RTC -> RTC [13:2]
|       |--RTC_TAG_START -> RTC_TAG_START [13:2]
|       |   |--START -> < [13:2]
|       |   |--RTC_HTML_TAG_NAME -> rtc [13:3]
|       |   `--END -> > [13:6]
|       |--TEXT ->   [13:7]
|       |--BODY -> BODY [13:8]
|       |   |--BODY_TAG_START -> BODY_TAG_START [13:8]
|       |   |   |--START -> < [13:8]
|       |   |   |--BODY_HTML_TAG_NAME -> body [13:9]
|       |   |   `--END -> > [13:13]
|       |   |--TEXT ->   [13:14]
|       |   `--BODY_TAG_END -> BODY_TAG_END [13:15]
|       |       |--START -> < [13:15]
|       |       |--SLASH -> / [13:16]
|       |       |--BODY_HTML_TAG_NAME -> body [13:17]
|       |       `--END -> > [13:21]
|       |--TEXT ->   [13:22]
|       `--RTC_TAG_END -> RTC_TAG_END [13:23]
|           |--START -> < [13:23]
|           |--SLASH -> / [13:24]
|           |--RTC_HTML_TAG_NAME -> RTC [13:25]
|           `--END -> > [13:28]
|--NEWLINE -> \n [13:29]
|--LEADING_ASTERISK -> * [14:0]
|--TEXT ->   [14:1]
|--HTML_ELEMENT -> HTML_ELEMENT [14:2]
|   `--RTC -> RTC [14:2]
|       |--RTC_TAG_START -> RTC_TAG_START [14:2]
|       |   |--START -> < [14:2]
|       |   |--RTC_HTML_TAG_NAME -> rtc [14:3]
|       |   `--END -> > [14:6]
|       |--TEXT ->   [14:7]
|       |--BODY_TAG_START -> BODY_TAG_START [14:8]
|       |   |--START -> < [14:8]
|       |   |--BODY_HTML_TAG_NAME -> body [14:9]
|       |   `--END -> > [14:13]
|       |--TEXT ->   [14:14]
|       `--RTC_TAG_END -> RTC_TAG_END [14:15]
|           |--START -> < [14:15]
|           |--SLASH -> / [14:16]
|           |--RTC_HTML_TAG_NAME -> RTC [14:17]
|           `--END -> > [14:20]
|--NEWLINE -> \n [14:21]
|--LEADING_ASTERISK -> * [15:0]
|--TEXT ->   [15:1]
|--HTML_ELEMENT -> HTML_ELEMENT [15:2]
|   `--RTC_TAG_START -> RTC_TAG_START [15:2]
|       |--START -> < [15:2]
|       |--RTC_HTML_TAG_NAME -> rtc [15:3]
|       `--END -> > [15:6]
|--TEXT ->   [15:7]
|--HTML_ELEMENT -> HTML_ELEMENT [15:8]
|   `--BODY_TAG_END -> BODY_TAG_END [15:8]
|       |--START -> < [15:8]
|       |--SLASH -> / [15:9]
|       |--BODY_HTML_TAG_NAME -> body [15:10]
|       `--END -> > [15:14]
|--TEXT ->   [15:15]
|--HTML_ELEMENT -> HTML_ELEMENT [15:16]
|   `--RTC_TAG_END -> RTC_TAG_END [15:16]
|       |--START -> < [15:16]
|       |--SLASH -> / [15:17]
|       |--RTC_HTML_TAG_NAME -> RTC [15:18]
|       `--END -> > [15:21]
|--NEWLINE -> \n [15:22]
|--LEADING_ASTERISK -> * [16:0]
|--TEXT ->   [16:1]
|--HTML_ELEMENT -> HTML_ELEMENT [16:2]
|   `--RTC -> RTC [16:2]
|       |--RTC_TAG_START -> RTC_TAG_START [16:2]
|       |   |--START -> < [16:2]
|       |   |--RTC_HTML_TAG_NAME -> rtc [16:3]
|       |   `--END -> > [16:6]
|       |--TEXT ->   [16:7]
|       |--COLGROUP -> COLGROUP [16:8]
|       |   |--COLGROUP_TAG_START -> COLGROUP_TAG_START [16:8]
|       |   |   |--START -> < [16:8]
|       |   |   |--COLGROUP_HTML_TAG_NAME -> colgroup [16:9]
|       |   |   `--END -> > [16:17]
|       |   |--TEXT ->   [16:18]
|       |   `--COLGROUP_TAG_END -> COLGROUP_TAG_END [16:19]
|       |       |--START -> < [16:19]
|       |       |--SLASH -> / [16:20]
|       |       |--COLGROUP_HTML_TAG_NAME -> colgroup [16:21]
|       |       `--END -> > [16:29]
|       |--TEXT ->   [16:30]
|       `--RTC_TAG_END -> RTC_TAG_END [16:31]
|           |--START -> < [16:31]
|           |--SLASH -> / [16:32]
|           |--RTC_HTML_TAG_NAME -> RTC [16:33]
|           `--END -> > [16:36]
|--NEWLINE -> \n [16:37]
|--LEADING_ASTERISK -> * [17:0]
|--TEXT ->   [17:1]
|--HTML_ELEMENT -> HTML_ELEMENT [17:2]
|   `--RTC -> RTC [17:2]
|       |--RTC_TAG_START -> RTC_TAG_START [17:2]
|       |   |--START -> < [17:2]
|       |   |--RTC_HTML_TAG_NAME -> rtc [17:3]
|       |   `--END -> > [17:6]
|       |--TEXT ->   [17:7]
|       |--COLGROUP_TAG_START -> COLGROUP_TAG_START [17:8]
|       |   |--START -> < [17:8]
|       |   |--COLGROUP_HTML_TAG_NAME -> colgroup [17:9]
|       |   `--END -> > [17:17]
|       |--TEXT ->   [17:18]
|       `--RTC_TAG_END -> RTC_TAG_END [17:19]
|           |--START -> < [17:19]
|           |--SLASH -> / [17:20]
|           |--RTC_HTML_TAG_NAME -> RTC [17:21]
|           `--END -> > [17:24]
|--NEWLINE -> \n [17:25]
|--LEADING_ASTERISK -> * [18:0]
|--TEXT ->   [18:1]
|--HTML_ELEMENT -> HTML_ELEMENT [18:2]
|   `--RTC_TAG_START -> RTC_TAG_START [18:2]
|       |--START -> < [18:2]
|       |--RTC_HTML_TAG_NAME -> rtc [18:3]
|       `--END -> > [18:6]
|--TEXT ->   [18:7]
|--HTML_ELEMENT -> HTML_ELEMENT [18:8]
|   `--COLGROUP_TAG_END -> COLGROUP_TAG_END [18:8]
|       |--START -> < [18:8]
|       |--SLASH -> / [18:9]
|       |--COLGROUP_HTML_TAG_NAME -> colgroup [18:10]
|       `--END -> > [18:18]
|--TEXT ->   [18:19]
|--HTML_ELEMENT -> HTML_ELEMENT [18:20]
|   `--RTC_TAG_END -> RTC_TAG_END [18:20]
|       |--START -> < [18:20]
|       |--SLASH -> / [18:21]
|       |--RTC_HTML_TAG_NAME -> RTC [18:22]
|       `--END -> > [18:25]
|--NEWLINE -> \n [18:26]
|--LEADING_ASTERISK -> * [19:0]
|--TEXT ->   [19:1]
|--HTML_ELEMENT -> HTML_ELEMENT [19:2]
|   `--RTC -> RTC [19:2]
|       |--RTC_TAG_START -> RTC_TAG_START [19:2]
|       |   |--START -> < [19:2]
|       |   |--RTC_HTML_TAG_NAME -> rtc [19:3]
|       |   `--END -> > [19:6]
|       |--TEXT ->   [19:7]
|       |--DD -> DD [19:8]
|       |   |--DD_TAG_START -> DD_TAG_START [19:8]
|       |   |   |--START -> < [19:8]
|       |   |   |--DD_HTML_TAG_NAME -> dd [19:9]
|       |   |   `--END -> > [19:11]
|       |   |--TEXT ->   [19:12]
|       |   `--DD_TAG_END -> DD_TAG_END [19:13]
|       |       |--START -> < [19:13]
|       |       |--SLASH -> / [19:14]
|       |       |--DD_HTML_TAG_NAME -> dd [19:15]
|       |       `--END -> > [19:17]
|       |--TEXT ->   [19:18]
|       `--RTC_TAG_END -> RTC_TAG_END [19:19]
|           |--START -> < [19:19]
|           |--SLASH -> / [19:20]
|           |--RTC_HTML_TAG_NAME -> RTC [19:21]
|           `--END -> > [19:24]
|--NEWLINE -> \n [19:25]
|--LEADING_ASTERISK -> * [20:0]
|--TEXT ->   [20:1]
|--HTML_ELEMENT -> HTML_ELEMENT [20:2]
|   `--RTC -> RTC [20:2]
|       |--RTC_TAG_START -> RTC_TAG_START [20:2]
|       |   |--START -> < [20:2]
|       |   |--RTC_HTML_TAG_NAME -> rtc [20:3]
|       |   `--END -> > [20:6]
|       |--TEXT ->   [20:7]
|       |--DD_TAG_START -> DD_TAG_START [20:8]
|       |   |--START -> < [20:8]
|       |   |--DD_HTML_TAG_NAME -> dd [20:9]
|       |   `--END -> > [20:11]
|       |--TEXT ->   [20:12]
|       `--RTC_TAG_END -> RTC_TAG_END [20:13]
|           |--START -> < [20:13]
|           |--SLASH -> / [20:14]
|           |--RTC_HTML_TAG_NAME -> RTC [20:15]
|           `--END -> > [20:18]
|--NEWLINE -> \n [20:19]
|--LEADING_ASTERISK -> * [21:0]
|--TEXT ->   [21:1]
|--HTML_ELEMENT -> HTML_ELEMENT [21:2]
|   `--RTC_TAG_START -> RTC_TAG_START [21:2]
|       |--START -> < [21:2]
|       |--RTC_HTML_TAG_NAME -> rtc [21:3]
|       `--END -> > [21:6]
|--TEXT ->   [21:7]
|--HTML_ELEMENT -> HTML_ELEMENT [21:8]
|   `--DD_TAG_END -> DD_TAG_END [21:8]
|       |--START -> < [21:8]
|       |--SLASH -> / [21:9]
|       |--DD_HTML_TAG_NAME -> dd [21:10]
|       `--END -> > [21:12]
|--TEXT ->   [21:13]
|--HTML_ELEMENT -> HTML_ELEMENT [21:14]
|   `--RTC_TAG_END -> RTC_TAG_END [21:14]
|       |--START -> < [21:14]
|       |--SLASH -> / [21:15]
|       |--RTC_HTML_TAG_NAME -> RTC [21:16]
|       `--END -> > [21:19]
|--NEWLINE -> \n [21:20]
|--LEADING_ASTERISK -> * [22:0]
|--TEXT ->   [22:1]
|--HTML_ELEMENT -> HTML_ELEMENT [22:2]
|   `--RTC -> RTC [22:2]
|       |--RTC_TAG_START -> RTC_TAG_START [22:2]
|       |   |--START -> < [22:2]
|       |   |--RTC_HTML_TAG_NAME -> rtc [22:3]
|       |   `--END -> > [22:6]
|       |--TEXT ->   [22:7]
|       |--DT -> DT [22:8]
|       |   |--DT_TAG_START -> DT_TAG_START [22:8]
|       |   |   |--START -> < [22:8]
|       |   |   |--DT_HTML_TAG_NAME -> dt [22:9]
|       |   |   `--END -> > [22:11]
|       |   |--TEXT ->   [22:12]
|       |   `--DT_TAG_END -> DT_TAG_END [22:13]
|       |       |--START -> < [22:13]
|       |       |--SLASH -> / [22:14]
|       |       |--DT_HTML_TAG_NAME -> dt [22:15]
|       |       `--END -> > [22:17]
|       |--TEXT ->   [22:18]
|       `--RTC_TAG_END -> RTC_TAG_END [22:19]
|           |--START -> < [22:19]
|           |--SLASH -> / [22:20]
|           |--RTC_HTML_TAG_NAME -> RTC [22:21]
|           `--END -> > [22:24]
|--NEWLINE -> \n [22:25]
|--LEADING_ASTERISK -> * [23:0]
|--TEXT ->   [23:1]
|--HTML_ELEMENT -> HTML_ELEMENT [23:2]
|   `--RTC -> RTC [23:2]
|       |--RTC_TAG_START -> RTC_TAG_START [23:2]
|       |   |--START -> < [23:2]
|       |   |--RTC_HTML_TAG_NAME -> rtc [23:3]
|       |   `--END -> > [23:6]
|       |--TEXT ->   [23:7]
|       |--DT_TAG_START -> DT_TAG_START [23:8]
|       |   |--START -> < [23:8]
|       |   |--DT_HTML_TAG_NAME -> dt [23:9]
|       |   `--END -> > [23:11]
|       |--TEXT ->   [23:12]
|       `--RTC_TAG_END -> RTC_TAG_END [23:13]
|           |--START -> < [23:13]
|           |--SLASH -> / [23:14]
|           |--RTC_HTML_TAG_NAME -> RTC [23:15]
|           `--END -> > [23:18]
|--NEWLINE -> \n [23:19]
|--LEADING_ASTERISK -> * [24:0]
|--TEXT ->   [24:1]
|--HTML_ELEMENT -> HTML_ELEMENT [24:2]
|   `--RTC_TAG_START -> RTC_TAG_START [24:2]
|       |--START -> < [24:2]
|       |--RTC_HTML_TAG_NAME -> rtc [24:3]
|       `--END -> > [24:6]
|--TEXT ->   [24:7]
|--HTML_ELEMENT -> HTML_ELEMENT [24:8]
|   `--DT_TAG_END -> DT_TAG_END [24:8]
|       |--START -> < [24:8]
|       |--SLASH -> / [24:9]
|       |--DT_HTML_TAG_NAME -> dt [24:10]
|       `--END -> > [24:12]
|--TEXT ->   [24:13]
|--HTML_ELEMENT -> HTML_ELEMENT [24:14]
|   `--RTC_TAG_END -> RTC_TAG_END [24:14]
|       |--START -> < [24:14]
|       |--SLASH -> / [24:15]
|       |--RTC_HTML_TAG_NAME -> RTC [24:16]
|       `--END -> > [24:19]
|--NEWLINE -> \n [24:20]
|--LEADING_ASTERISK -> * [25:0]
|--TEXT ->   [25:1]
|--HTML_ELEMENT -> HTML_ELEMENT [25:2]
|   `--RTC -> RTC [25:2]
|       |--RTC_TAG_START -> RTC_TAG_START [25:2]
|       |   |--START -> < [25:2]
|       |   |--RTC_HTML_TAG_NAME -> rtc [25:3]
|       |   `--END -> > [25:6]
|       |--TEXT ->   [25:7]
|       |--HEAD -> HEAD [25:8]
|       |   |--HEAD_TAG_START -> HEAD_TAG_START [25:8]
|       |   |   |--START -> < [25:8]
|       |   |   |--HEAD_HTML_TAG_NAME -> head [25:9]
|       |   |   `--END -> > [25:13]
|       |   |--TEXT ->   [25:14]
|       |   `--HEAD_TAG_END -> HEAD_TAG_END [25:15]
|       |       |--START -> < [25:15]
|       |       |--SLASH -> / [25:16]
|       |       |--HEAD_HTML_TAG_NAME -> head [25:17]
|       |       `--END -> > [25:21]
|       |--TEXT ->   [25:22]
|       `--RTC_TAG_END -> RTC_TAG_END [25:23]
|           |--START -> < [25:23]
|           |--SLASH -> / [25:24]
|           |--RTC_HTML_TAG_NAME -> RTC [25:25]
|           `--END -> > [25:28]
|--NEWLINE -> \n [25:29]
|--LEADING_ASTERISK -> * [26:0]
|--TEXT ->   [26:1]
|--HTML_ELEMENT -> HTML_ELEMENT [26:2]
|   `--RTC -> RTC [26:2]
|       |--RTC_TAG_START -> RTC_TAG_START [26:2]
|       |   |--START -> < [26:2]
|       |   |--RTC_HTML_TAG_NAME -> rtc [26:3]
|       |   `--END -> > [26:6]
|       |--TEXT ->   [26:7]
|       |--HEAD_TAG_START -> HEAD_TAG_START [26:8]
|       |   |--START -> < [26:8]
|       |   |--HEAD_HTML_TAG_NAME -> head [26:9]
|       |   `--END -> > [26:13]
|       |--TEXT ->   [26:14]
|       `--RTC_TAG_END -> RTC_TAG_END [26:15]
|           |--START -> < [26:15]
|           |--SLASH -> / [26:16]
|           |--RTC_HTML_TAG_NAME -> RTC [26:17]
|           `--END -> > [26:20]
|--NEWLINE -> \n [26:21]
|--LEADING_ASTERISK -> * [27:0]
|--TEXT ->   [27:1]
|--HTML_ELEMENT -> HTML_ELEMENT [27:2]
|   `--RTC_TAG_START -> RTC_TAG_START [27:2]
|       |--START -> < [27:2]
|       |--RTC_HTML_TAG_NAME -> rtc [27:3]
|       `--END -> > [27:6]
|--TEXT ->   [27:7]
|--HTML_ELEMENT -> HTML_ELEMENT [27:8]
|   `--HEAD_TAG_END -> HEAD_TAG_END [27:8]
|       |--START -> < [27:8]
|       |--SLASH -> / [27:9]
|       |--HEAD_HTML_TAG_NAME -> head [27:10]
|       `--END -> > [27:14]
|--TEXT ->   [27:15]
|--HTML_ELEMENT -> HTML_ELEMENT [27:16]
|   `--RTC_TAG_END -> RTC_TAG_END [27:16]
|       |--START -> < [27:16]
|       |--SLASH -> / [27:17]
|       |--RTC_HTML_TAG_NAME -> RTC [27:18]
|       `--END -> > [27:21]
|--NEWLINE -> \n [27:22]
|--LEADING_ASTERISK -> * [28:0]
|--TEXT ->   [28:1]
|--HTML_ELEMENT -> HTML_ELEMENT [28:2]
|   `--RTC -> RTC [28:2]
|       |--RTC_TAG_START -> RTC_TAG_START [28:2]
|       |   |--START -> < [28:2]
|       |   |--RTC_HTML_TAG_NAME -> rtc [28:3]
|       |   `--END -> > [28:6]
|       |--TEXT ->   [28:7]
|       |--HTML -> HTML [28:8]
|       |   |--HTML_TAG_START -> HTML_TAG_START [28:8]
|       |   |   |--START -> < [28:8]
|       |   |   |--HTML_HTML_TAG_NAME -> html [28:9]
|       |   |   `--END -> > [28:13]
|       |   |--TEXT ->   [28:14]
|       |   `--HTML_TAG_END -> HTML_TAG_END [28:15]
|       |       |--START -> < [28:15]
|       |       |--SLASH -> / [28:16]
|       |       |--HTML_HTML_TAG_NAME -> html [28:17]
|       |       `--END -> > [28:21]
|       |--TEXT ->   [28:22]
|       `--RTC_TAG_END -> RTC_TAG_END [28:23]
|           |--START -> < [28:23]
|           |--SLASH -> / [28:24]
|           |--RTC_HTML_TAG_NAME -> RTC [28:25]
|           `--END -> > [28:28]
|--NEWLINE -> \n [28:29]
|--LEADING_ASTERISK -> * [29:0]
|--TEXT ->   [29:1]
|--HTML_ELEMENT -> HTML_ELEMENT [29:2]
|   `--RTC -> RTC [29:2]
|       |--RTC_TAG_START -> RTC_TAG_START [29:2]
|       |   |--START -> < [29:2]
|       |   |--RTC_HTML_TAG_NAME -> rtc [29:3]
|       |   `--END -> > [29:6]
|       |--TEXT ->   [29:7]
|       |--HTML_TAG_START -> HTML_TAG_START [29:8]
|       |   |--START -> < [29:8]
|       |   |--HTML_HTML_TAG_NAME -> html [29:9]
|       |   `--END -> > [29:13]
|       |--TEXT ->   [29:14]
|       `--RTC_TAG_END -> RTC_TAG_END [29:15]
|           |--START -> < [29:15]
|           |--SLASH -> / [29:16]
|           |--RTC_HTML_TAG_NAME -> RTC [29:17]
|           `--END -> > [29:20]
|--NEWLINE -> \n [29:21]
|--LEADING_ASTERISK -> * [30:0]
|--TEXT ->   [30:1]
|--HTML_ELEMENT -> HTML_ELEMENT [30:2]
|   `--RTC_TAG_START -> RTC_TAG_START [30:2]
|       |--START -> < [30:2]
|       |--RTC_HTML_TAG_NAME -> rtc [30:3]
|       `--END -> > [30:6]
|--TEXT ->   [30:7]
|--HTML_ELEMENT -> HTML_ELEMENT [30:8]
|   `--HTML_TAG_END -> HTML_TAG_END [30:8]
|       |--START -> < [30:8]
|       |--SLASH -> / [30:9]
|       |--HTML_HTML_TAG_NAME -> html [30:10]
|       `--END -> > [30:14]
|--TEXT ->   [30:15]
|--HTML_ELEMENT -> HTML_ELEMENT [30:16]
|   `--RTC_TAG_END -> RTC_TAG_END [30:16]
|       |--START -> < [30:16]
|       |--SLASH -> / [30:17]
|       |--RTC_HTML_TAG_NAME -> RTC [30:18]
|       `--END -> > [30:21]
|--NEWLINE -> \n [30:22]
|--LEADING_ASTERISK -> * [31:0]
|--TEXT ->   [31:1]
|--HTML_ELEMENT -> HTML_ELEMENT [31:2]
|   `--RTC -> RTC [31:2]
|       |--RTC_TAG_START -> RTC_TAG_START [31:2]
|       |   |--START -> < [31:2]
|       |   |--RTC_HTML_TAG_NAME -> rtc [31:3]
|       |   `--END -> > [31:6]
|       |--TEXT ->   [31:7]
|       |--OPTION -> OPTION [31:8]
|       |   |--OPTION_TAG_START -> OPTION_TAG_START [31:8]
|       |   |   |--START -> < [31:8]
|       |   |   |--OPTION_HTML_TAG_NAME -> option [31:9]
|       |   |   `--END -> > [31:15]
|       |   |--TEXT ->   [31:16]
|       |   `--OPTION_TAG_END -> OPTION_TAG_END [31:17]
|       |       |--START -> < [31:17]
|       |       |--SLASH -> / [31:18]
|       |       |--OPTION_HTML_TAG_NAME -> option [31:19]
|       |       `--END -> > [31:25]
|       |--TEXT ->   [31:26]
|       `--RTC_TAG_END -> RTC_TAG_END [31:27]
|           |--START -> < [31:27]
|           |--SLASH -> / [31:28]
|           |--RTC_HTML_TAG_NAME -> RTC [31:29]
|           `--END -> > [31:32]
|--NEWLINE -> \n [31:33]
|--LEADING_ASTERISK -> * [32:0]
|--TEXT ->   [32:1]
|--HTML_ELEMENT -> HTML_ELEMENT [32:2]
|   `--RTC -> RTC [32:2]
|       |--RTC_TAG_START -> RTC_TAG_START [32:2]
|       |   |--START -> < [32:2]
|       |   |--RTC_HTML_TAG_NAME -> rtc [32:3]
|       |   `--END -> > [32:6]
|       |--TEXT ->   [32:7]
|       |--OPTION_TAG_START -> OPTION_TAG_START [32:8]
|       |   |--START -> < [32:8]
|       |   |--OPTION_HTML_TAG_NAME -> option [32:9]
|       |   `--END -> > [32:15]
|       |--TEXT ->   [32:16]
|       `--RTC_TAG_END -> RTC_TAG_END [32:17]
|           |--START -> < [32:17]
|           |--SLASH -> / [32:18]
|           |--RTC_HTML_TAG_NAME -> RTC [32:19]
|           `--END -> > [32:22]
|--NEWLINE -> \n [32:23]
|--LEADING_ASTERISK -> * [33:0]
|--TEXT ->   [33:1]
|--HTML_ELEMENT -> HTML_ELEMENT [33:2]
|   `--RTC_TAG_START -> RTC_TAG_START [33:2]
|       |--START -> < [33:2]
|       |--RTC_HTML_TAG_NAME -> rtc [33:3]
|       `--END -> > [33:6]
|--TEXT ->   [33:7]
|--HTML_ELEMENT -> HTML_ELEMENT [33:8]
|   `--OPTION_TAG_END -> OPTION_TAG_END [33:8]
|       |--START -> < [33:8]
|       |--SLASH -> / [33:9]
|       |--OPTION_HTML_TAG_NAME -> option [33:10]
|       `--END -> > [33:16]
|--TEXT ->   [33:17]
|--HTML_ELEMENT -> HTML_ELEMENT [33:18]
|   `--RTC_TAG_END -> RTC_TAG_END [33:18]
|       |--START -> < [33:18]
|       |--SLASH -> / [33:19]
|       |--RTC_HTML_TAG_NAME -> RTC [33:20]
|       `--END -> > [33:23]
|--NEWLINE -> \n [33:24]
|--LEADING_ASTERISK -> * [34:0]
|--TEXT ->   [34:1]
|--HTML_ELEMENT -> HTML_ELEMENT [34:2]
|   `--RTC -> RTC [34:2]
|       |--RTC_TAG_START -> RTC_TAG_START [34:2]
|       |   |--START -> < [34:2]
|       |   |--RTC_HTML_TAG_NAME -> rtc [34:3]
|       |   `--END -> > [34:6]
|       |--TEXT ->   [34:7]
|       |--TBODY -> TBODY [34:8]
|       |   |--TBODY_TAG_START -> TBODY_TAG_START [34:8]
|       |   |   |--START -> < [34:8]
|       |   |   |--TBODY_HTML_TAG_NAME -> tbody [34:9]
|       |   |   `--END -> > [34:14]
|       |   |--TEXT ->   [34:15]
|       |   `--TBODY_TAG_END -> TBODY_TAG_END [34:16]
|       |       |--START -> < [34:16]
|       |       |--SLASH -> / [34:17]
|       |       |--TBODY_HTML_TAG_NAME -> tbody [34:18]
|       |       `--END -> > [34:23]
|       |--TEXT ->   [34:24]
|       `--RTC_TAG_END -> RTC_TAG_END [34:25]
|           |--START -> < [34:25]
|           |--SLASH -> / [34:26]
|           |--RTC_HTML_TAG_NAME -> rTC [34:27]
|           `--END -> > [34:30]
|--NEWLINE -> \n [34:31]
|--LEADING_ASTERISK -> * [35:0]
|--TEXT ->   [35:1]
|--HTML_ELEMENT -> HTML_ELEMENT [35:2]
|   `--RTC -> RTC [35:2]
|       |--RTC_TAG_START -> RTC_TAG_START [35:2]
|       |   |--START -> < [35:2]
|       |   |--RTC_HTML_TAG_NAME -> rtc [35:3]
|       |   `--END -> > [35:6]
|       |--TEXT ->   [35:7]
|       |--TBODY_TAG_START -> TBODY_TAG_START [35:8]
|       |   |--START -> < [35:8]
|       |   |--TBODY_HTML_TAG_NAME -> tbody [35:9]
|       |   `--END -> > [35:14]
|       |--TEXT ->   [35:15]
|       `--RTC_TAG_END -> RTC_TAG_END [35:16]
|           |--START -> < [35:16]
|           |--SLASH -> / [35:17]
|           |--RTC_HTML_TAG_NAME -> RTC [35:18]
|           `--END -> > [35:21]
|--NEWLINE -> \n [35:22]
|--LEADING_ASTERISK -> * [36:0]
|--TEXT ->   [36:1]
|--HTML_ELEMENT -> HTML_ELEMENT [36:2]
|   `--RTC_TAG_START -> RTC_TAG_START [36:2]
|       |--START -> < [36:2]
|       |--RTC_HTML_TAG_NAME -> rtc [36:3]
|       `--END -> > [36:6]
|--TEXT ->   [36:7]
|--HTML_ELEMENT -> HTML_ELEMENT [36:8]
|   `--TBODY_TAG_END -> TBODY_TAG_END [36:8]
|       |--START -> < [36:8]
|       |--SLASH -> / [36:9]
|       |--TBODY_HTML_TAG_NAME -> tbody [36:10]
|       `--END -> > [36:15]
|--TEXT ->   [36:16]
|--HTML_ELEMENT -> HTML_ELEMENT [36:17]
|   `--RTC_TAG_END -> RTC_TAG_END [36:17]
|       |--START -> < [36:17]
|       |--SLASH -> / [36:18]
|       |--RTC_HTML_TAG_NAME -> RTC [36:19]
|       `--END -> > [36:22]
|--NEWLINE -> \n [36:23]
|--LEADING_ASTERISK -> * [37:0]
|--TEXT ->   [37:1]
|--HTML_ELEMENT -> HTML_ELEMENT [37:2]
|   `--RTC -> RTC [37:2]
|       |--RTC_TAG_START -> RTC_TAG_START [37:2]
|       |   |--START -> < [37:2]
|       |   |--RTC_HTML_TAG_NAME -> rtc [37:3]
|       |   `--END -> > [37:6]
|       |--TEXT ->   [37:7]
|       |--TFOOT -> TFOOT [37:8]
|       |   |--TFOOT_TAG_START -> TFOOT_TAG_START [37:8]
|       |   |   |--START -> < [37:8]
|       |   |   |--TFOOT_HTML_TAG_NAME -> tfoot [37:9]
|       |   |   `--END -> > [37:14]
|       |   |--TEXT ->   [37:15]
|       |   `--TFOOT_TAG_END -> TFOOT_TAG_END [37:16]
|       |       |--START -> < [37:16]
|       |       |--SLASH -> / [37:17]
|       |       |--TFOOT_HTML_TAG_NAME -> tfoot [37:18]
|       |       `--END -> > [37:23]
|       |--TEXT ->   [37:24]
|       `--RTC_TAG_END -> RTC_TAG_END [37:25]
|           |--START -> < [37:25]
|           |--SLASH -> / [37:26]
|           |--RTC_HTML_TAG_NAME -> RTC [37:27]
|           `--END -> > [37:30]
|--NEWLINE -> \n [37:31]
|--LEADING_ASTERISK -> * [38:0]
|--TEXT ->   [38:1]
|--HTML_ELEMENT -> HTML_ELEMENT [38:2]
|   `--RTC -> RTC [38:2]
|       |--RTC_TAG_START -> RTC_TAG_START [38:2]
|       |   |--START -> < [38:2]
|       |   |--RTC_HTML_TAG_NAME -> rtc [38:3]
|       |   `--END -> > [38:6]
|       |--TEXT ->   [38:7]
|       |--TFOOT_TAG_START -> TFOOT_TAG_START [38:8]
|       |   |--START -> < [38:8]
|       |   |--TFOOT_HTML_TAG_NAME -> tfoot [38:9]
|       |   `--END -> > [38:14]
|       |--TEXT ->   [38:15]
|       `--RTC_TAG_END -> RTC_TAG_END [38:16]
|           |--START -> < [38:16]
|           |--SLASH -> / [38:17]
|           |--RTC_HTML_TAG_NAME -> RTC [38:18]
|           `--END -> > [38:21]
|--NEWLINE -> \n [38:22]
|--LEADING_ASTERISK -> * [39:0]
|--TEXT ->   [39:1]
|--HTML_ELEMENT -> HTML_ELEMENT [39:2]
|   `--RTC_TAG_START -> RTC_TAG_START [39:2]
|       |--START -> < [39:2]
|       |--RTC_HTML_TAG_NAME -> rtc [39:3]
|       `--END -> > [39:6]
|--TEXT ->   [39:7]
|--HTML_ELEMENT -> HTML_ELEMENT [39:8]
|   `--TFOOT_TAG_END -> TFOOT_TAG_END [39:8]
|       |--START -> < [39:8]
|       |--SLASH -> / [39:9]
|       |--TFOOT_HTML_TAG_NAME -> tfoot [39:10]
|       `--END -> > [39:15]
|--TEXT ->   [39:16]
|--HTML_ELEMENT -> HTML_ELEMENT [39:17]
|   `--RTC_TAG_END -> RTC_TAG_END [39:17]
|       |--START -> < [39:17]
|       |--SLASH -> / [39:18]
|       |--RTC_HTML_TAG_NAME -> RTC [39:19]
|       `--END -> > [39:22]
|--NEWLINE -> \n [39:23]
|--LEADING_ASTERISK -> * [40:0]
|--TEXT ->   [40:1]
|--HTML_ELEMENT -> HTML_ELEMENT [40:2]
|   `--RTC -> RTC [40:2]
|       |--RTC_TAG_START -> RTC_TAG_START [40:2]
|       |   |--START -> < [40:2]
|       |   |--RTC_HTML_TAG_NAME -> rtc [40:3]
|       |   |--WS ->   [40:6]
|       |   |--ATTRIBUTE -> ATTRIBUTE [40:7]
|       |   |   |--HTML_TAG_NAME -> style [40:7]
|       |   |   |--EQUALS -> = [40:12]
|       |   |   `--ATTR_VALUE -> "color:red" [40:13]
|       |   |--WS ->   [40:25]
|       |   |--NEWLINE -> \n [40:26]
|       |   |--LEADING_ASTERISK -> * [41:0]
|       |   |--NEWLINE -> \n [41:1]
|       |   |--LEADING_ASTERISK -> * [42:0]
|       |   |--WS ->   [42:1]
|       |   `--END -> > [42:2]
|       |--TEXT ->   [42:3]
|       |--HTML_COMMENT -> HTML_COMMENT [42:4]
|       |   |--HTML_COMMENT_START -> <!-- [42:4]
|       |   |--TEXT -> HTML COMMENT [42:8]
|       |   `--HTML_COMMENT_END -> --> [42:20]
|       |--TEXT ->    [42:23]
|       `--RTC_TAG_END -> RTC_TAG_END [42:25]
|           |--START -> < [42:25]
|           |--SLASH -> / [42:26]
|           |--RTC_HTML_TAG_NAME -> Rtc [42:27]
|           |--NEWLINE -> \n [42:30]
|           |--LEADING_ASTERISK -> * [43:0]
|           |--NEWLINE -> \n [43:1]
|           |--LEADING_ASTERISK -> * [44:0]
|           |--WS ->   [44:1]
|           `--END -> > [44:2]
|--NEWLINE -> \n [44:3]
`--EOF -> <EOF> [45:0]]
> but was:<...DOC -> JAVADOC [0:0][
|--LEADING_ASTERISK -> * [0:0]
|--TEXT ->   [0:1]
|--HTML_ELEMENT -> HTML_ELEMENT [0:2]
|   `--RTC -> RTC [0:2]
|       |--RTC_TAG_START -> RTC_TAG_START [0:2]
|       |   |--START -> < [0:2]
|       |   |--RTC_HTML_TAG_NAME -> rtc [0:3]
|       |   `--END -> > [0:6]
|       |--TEXT ->   [0:7]
|       `--RTC_TAG_END -> RTC_TAG_END [0:8]
|           |--START -> < [0:8]
|           |--SLASH -> / [0:9]
|           |--RTC_HTML_TAG_NAME -> RTC [0:10]
|           `--END -> > [0:13]
|--NEWLINE -> \n [0:14]
|--LEADING_ASTERISK -> * [1:0]
|--TEXT ->   [1:1]
|--HTML_ELEMENT -> HTML_ELEMENT [1:2]
|   `--RTC -> RTC [1:2]
|       |--RTC_TAG_START -> RTC_TAG_START [1:2]
|       |   |--START -> < [1:2]
|       |   |--RTC_HTML_TAG_NAME -> rtc [1:3]
|       |   `--END -> > [1:6]
|       |--TEXT ->   [1:7]
|       |--LI -> LI [1:8]
|       |   |--LI_TAG_START -> LI_TAG_START [1:8]
|       |   |   |--START -> < [1:8]
|       |   |   |--LI_HTML_TAG_NAME -> li [1:9]
|       |   |   `--END -> > [1:11]
|       |   |--TEXT ->   [1:12]
|       |   `--LI_TAG_END -> LI_TAG_END [1:13]
|       |       |--START -> < [1:13]
|       |       |--SLASH -> / [1:14]
|       |       |--LI_HTML_TAG_NAME -> li [1:15]
|       |       `--END -> > [1:17]
|       |--TEXT ->   [1:18]
|       `--RTC_TAG_END -> RTC_TAG_END [1:19]
|           |--START -> < [1:19]
|           |--SLASH -> / [1:20]
|           |--RTC_HTML_TAG_NAME -> RTC [1:21]
|           `--END -> > [1:24]
|--NEWLINE -> \n [1:25]
|--LEADING_ASTERISK -> * [2:0]
|--TEXT ->   [2:1]
|--HTML_ELEMENT -> HTML_ELEMENT [2:2]
|   `--RTC -> RTC [2:2]
|       |--RTC_TAG_START -> RTC_TAG_START [2:2]
|       |   |--START -> < [2:2]
|       |   |--RTC_HTML_TAG_NAME -> rtc [2:3]
|       |   `--END -> > [2:6]
|       |--TEXT ->   [2:7]
|       |--LI_TAG_START -> LI_TAG_START [2:8]
|       |   |--START -> < [2:8]
|       |   |--LI_HTML_TAG_NAME -> li [2:9]
|       |   `--END -> > [2:11]
|       |--TEXT ->   [2:12]
|       `--RTC_TAG_END -> RTC_TAG_END [2:13]
|           |--START -> < [2:13]
|           |--SLASH -> / [2:14]
|           |--RTC_HTML_TAG_NAME -> RTC [2:15]
|           `--END -> > [2:18]
|--NEWLINE -> \n [2:19]
|--LEADING_ASTERISK -> * [3:0]
|--TEXT ->   [3:1]
|--HTML_ELEMENT -> HTML_ELEMENT [3:2]
|   `--RTC_TAG_START -> RTC_TAG_START [3:2]
|       |--START -> < [3:2]
|       |--RTC_HTML_TAG_NAME -> rtc [3:3]
|       `--END -> > [3:6]
|--TEXT ->   [3:7]
|--HTML_ELEMENT -> HTML_ELEMENT [3:8]
|   `--LI_TAG_END -> LI_TAG_END [3:8]
|       |--START -> < [3:8]
|       |--SLASH -> / [3:9]
|       |--LI_HTML_TAG_NAME -> li [3:10]
|       `--END -> > [3:12]
|--TEXT ->   [3:13]
|--HTML_ELEMENT -> HTML_ELEMENT [3:14]
|   `--RTC_TAG_END -> RTC_TAG_END [3:14]
|       |--START -> < [3:14]
|       |--SLASH -> / [3:15]
|       |--RTC_HTML_TAG_NAME -> RTC [3:16]
|       `--END -> > [3:19]
|--NEWLINE -> \n [3:20]
|--LEADING_ASTERISK -> * [4:0]
|--TEXT ->   [4:1]
|--HTML_ELEMENT -> HTML_ELEMENT [4:2]
|   `--RTC -> RTC [4:2]
|       |--RTC_TAG_START -> RTC_TAG_START [4:2]
|       |   |--START -> < [4:2]
|       |   |--RTC_HTML_TAG_NAME -> rtc [4:3]
|       |   `--END -> > [4:6]
|       |--TEXT ->   [4:7]
|       |--TR -> TR [4:8]
|       |   |--TR_TAG_START -> TR_TAG_START [4:8]
|       |   |   |--START -> < [4:8]
|       |   |   |--TR_HTML_TAG_NAME -> tr [4:9]
|       |   |   `--END -> > [4:11]
|       |   |--TEXT ->   [4:12]
|       |   `--TR_TAG_END -> TR_TAG_END [4:13]
|       |       |--START -> < [4:13]
|       |       |--SLASH -> / [4:14]
|       |       |--TR_HTML_TAG_NAME -> tr [4:15]
|       |       `--END -> > [4:17]
|       |--TEXT ->   [4:18]
|       `--RTC_TAG_END -> RTC_TAG_END [4:19]
|           |--START -> < [4:19]
|           |--SLASH -> / [4:20]
|           |--RTC_HTML_TAG_NAME -> RTC [4:21]
|           `--END -> > [4:24]
|--NEWLINE -> \n [4:25]
|--LEADING_ASTERISK -> * [5:0]
|--TEXT ->   [5:1]
|--HTML_ELEMENT -> HTML_ELEMENT [5:2]
|   `--RTC -> RTC [5:2]
|       |--RTC_TAG_START -> RTC_TAG_START [5:2]
|       |   |--START -> < [5:2]
|       |   |--RTC_HTML_TAG_NAME -> rtc [5:3]
|       |   `--END -> > [5:6]
|       |--TEXT ->   [5:7]
|       |--TR_TAG_START -> TR_TAG_START [5:8]
|       |   |--START -> < [5:8]
|       |   |--TR_HTML_TAG_NAME -> tr [5:9]
|       |   `--END -> > [5:11]
|       |--TEXT ->   [5:12]
|       `--RTC_TAG_END -> RTC_TAG_END [5:13]
|           |--START -> < [5:13]
|           |--SLASH -> / [5:14]
|           |--RTC_HTML_TAG_NAME -> RTC [5:15]
|           `--END -> > [5:18]
|--NEWLINE -> \n [5:19]
|--LEADING_ASTERISK -> * [6:0]
|--TEXT ->   [6:1]
|--HTML_ELEMENT -> HTML_ELEMENT [6:2]
|   `--RTC_TAG_START -> RTC_TAG_START [6:2]
|       |--START -> < [6:2]
|       |--RTC_HTML_TAG_NAME -> rtc [6:3]
|       `--END -> > [6:6]
|--TEXT ->   [6:7]
|--HTML_ELEMENT -> HTML_ELEMENT [6:8]
|   `--TR_TAG_END -> TR_TAG_END [6:8]
|       |--START -> < [6:8]
|       |--SLASH -> / [6:9]
|       |--TR_HTML_TAG_NAME -> tr [6:10]
|       `--END -> > [6:12]
|--TEXT ->   [6:13]
|--HTML_ELEMENT -> HTML_ELEMENT [6:14]
|   `--RTC_TAG_END -> RTC_TAG_END [6:14]
|       |--START -> < [6:14]
|       |--SLASH -> / [6:15]
|       |--RTC_HTML_TAG_NAME -> RTC [6:16]
|       `--END -> > [6:19]
|--NEWLINE -> \n [6:20]
|--LEADING_ASTERISK -> * [7:0]
|--TEXT ->   [7:1]
|--HTML_ELEMENT -> HTML_ELEMENT [7:2]
|   `--RTC -> RTC [7:2]
|       |--RTC_TAG_START -> RTC_TAG_START [7:2]
|       |   |--START -> < [7:2]
|       |   |--RTC_HTML_TAG_NAME -> rtc [7:3]
|       |   `--END -> > [7:6]
|       |--TEXT ->   [7:7]
|       |--TD -> TD [7:8]
|       |   |--TD_TAG_START -> TD_TAG_START [7:8]
|       |   |   |--START -> < [7:8]
|       |   |   |--TD_HTML_TAG_NAME -> td [7:9]
|       |   |   `--END -> > [7:11]
|       |   |--TEXT ->   [7:12]
|       |   `--TD_TAG_END -> TD_TAG_END [7:13]
|       |       |--START -> < [7:13]
|       |       |--SLASH -> / [7:14]
|       |       |--TD_HTML_TAG_NAME -> td [7:15]
|       |       `--END -> > [7:17]
|       |--TEXT ->   [7:18]
|       `--RTC_TAG_END -> RTC_TAG_END [7:19]
|           |--START -> < [7:19]
|           |--SLASH -> / [7:20]
|           |--RTC_HTML_TAG_NAME -> RTC [7:21]
|           `--END -> > [7:24]
|--NEWLINE -> \n [7:25]
|--LEADING_ASTERISK -> * [8:0]
|--TEXT ->   [8:1]
|--HTML_ELEMENT -> HTML_ELEMENT [8:2]
|   `--RTC -> RTC [8:2]
|       |--RTC_TAG_START -> RTC_TAG_START [8:2]
|       |   |--START -> < [8:2]
|       |   |--RTC_HTML_TAG_NAME -> rtc [8:3]
|       |   `--END -> > [8:6]
|       |--TEXT ->   [8:7]
|       |--TD_TAG_START -> TD_TAG_START [8:8]
|       |   |--START -> < [8:8]
|       |   |--TD_HTML_TAG_NAME -> td [8:9]
|       |   `--END -> > [8:11]
|       |--TEXT ->   [8:12]
|       `--RTC_TAG_END -> RTC_TAG_END [8:13]
|           |--START -> < [8:13]
|           |--SLASH -> / [8:14]
|           |--RTC_HTML_TAG_NAME -> RTC [8:15]
|           `--END -> > [8:18]
|--NEWLINE -> \n [8:19]
|--LEADING_ASTERISK -> * [9:0]
|--TEXT ->   [9:1]
|--HTML_ELEMENT -> HTML_ELEMENT [9:2]
|   `--RTC_TAG_START -> RTC_TAG_START [9:2]
|       |--START -> < [9:2]
|       |--RTC_HTML_TAG_NAME -> rtc [9:3]
|       `--END -> > [9:6]
|--TEXT ->   [9:7]
|--HTML_ELEMENT -> HTML_ELEMENT [9:8]
|   `--TD_TAG_END -> TD_TAG_END [9:8]
|       |--START -> < [9:8]
|       |--SLASH -> / [9:9]
|       |--TD_HTML_TAG_NAME -> td [9:10]
|       `--END -> > [9:12]
|--TEXT ->   [9:13]
|--HTML_ELEMENT -> HTML_ELEMENT [9:14]
|   `--RTC_TAG_END -> RTC_TAG_END [9:14]
|       |--START -> < [9:14]
|       |--SLASH -> / [9:15]
|       |--RTC_HTML_TAG_NAME -> RTC [9:16]
|       `--END -> > [9:19]
|--NEWLINE -> \n [9:20]
|--LEADING_ASTERISK -> * [10:0]
|--TEXT ->   [10:1]
|--HTML_ELEMENT -> HTML_ELEMENT [10:2]
|   `--RTC -> RTC [10:2]
|       |--RTC_TAG_START -> RTC_TAG_START [10:2]
|       |   |--START -> < [10:2]
|       |   |--RTC_HTML_TAG_NAME -> rtc [10:3]
|       |   `--END -> > [10:6]
|       |--TEXT ->   [10:7]
|       |--TH -> TH [10:8]
|       |   |--TH_TAG_START -> TH_TAG_START [10:8]
|       |   |   |--START -> < [10:8]
|       |   |   |--TH_HTML_TAG_NAME -> th [10:9]
|       |   |   `--END -> > [10:11]
|       |   |--TEXT ->   [10:12]
|       |   `--TH_TAG_END -> TH_TAG_END [10:13]
|       |       |--START -> < [10:13]
|       |       |--SLASH -> / [10:14]
|       |       |--TH_HTML_TAG_NAME -> th [10:15]
|       |       `--END -> > [10:17]
|       |--TEXT ->   [10:18]
|       `--RTC_TAG_END -> RTC_TAG_END [10:19]
|           |--START -> < [10:19]
|           |--SLASH -> / [10:20]
|           |--RTC_HTML_TAG_NAME -> RTC [10:21]
|           `--END -> > [10:24]
|--NEWLINE -> \n [10:25]
|--LEADING_ASTERISK -> * [11:0]
|--TEXT ->   [11:1]
|--HTML_ELEMENT -> HTML_ELEMENT [11:2]
|   `--RTC -> RTC [11:2]
|       |--RTC_TAG_START -> RTC_TAG_START [11:2]
|       |   |--START -> < [11:2]
|       |   |--RTC_HTML_TAG_NAME -> rtc [11:3]
|       |   `--END -> > [11:6]
|       |--TEXT ->   [11:7]
|       |--TH_TAG_START -> TH_TAG_START [11:8]
|       |   |--START -> < [11:8]
|       |   |--TH_HTML_TAG_NAME -> th [11:9]
|       |   `--END -> > [11:11]
|       |--TEXT ->   [11:12]
|       `--RTC_TAG_END -> RTC_TAG_END [11:13]
|           |--START -> < [11:13]
|           |--SLASH -> / [11:14]
|           |--RTC_HTML_TAG_NAME -> RTC [11:15]
|           `--END -> > [11:18]
|--NEWLINE -> \n [11:19]
|--LEADING_ASTERISK -> * [12:0]
|--TEXT ->   [12:1]
|--HTML_ELEMENT -> HTML_ELEMENT [12:2]
|   `--RTC_TAG_START -> RTC_TAG_START [12:2]
|       |--START -> < [12:2]
|       |--RTC_HTML_TAG_NAME -> rtc [12:3]
|       `--END -> > [12:6]
|--TEXT ->   [12:7]
|--HTML_ELEMENT -> HTML_ELEMENT [12:8]
|   `--TH_TAG_END -> TH_TAG_END [12:8]
|       |--START -> < [12:8]
|       |--SLASH -> / [12:9]
|       |--TH_HTML_TAG_NAME -> th [12:10]
|       `--END -> > [12:12]
|--TEXT ->   [12:13]
|--HTML_ELEMENT -> HTML_ELEMENT [12:14]
|   `--RTC_TAG_END -> RTC_TAG_END [12:14]
|       |--START -> < [12:14]
|       |--SLASH -> / [12:15]
|       |--RTC_HTML_TAG_NAME -> RTC [12:16]
|       `--END -> > [12:19]
|--NEWLINE -> \n [12:20]
|--LEADING_ASTERISK -> * [13:0]
|--TEXT ->   [13:1]
|--HTML_ELEMENT -> HTML_ELEMENT [13:2]
|   `--RTC -> RTC [13:2]
|       |--RTC_TAG_START -> RTC_TAG_START [13:2]
|       |   |--START -> < [13:2]
|       |   |--RTC_HTML_TAG_NAME -> rtc [13:3]
|       |   `--END -> > [13:6]
|       |--TEXT ->   [13:7]
|       |--BODY -> BODY [13:8]
|       |   |--BODY_TAG_START -> BODY_TAG_START [13:8]
|       |   |   |--START -> < [13:8]
|       |   |   |--BODY_HTML_TAG_NAME -> body [13:9]
|       |   |   `--END -> > [13:13]
|       |   |--TEXT ->   [13:14]
|       |   `--BODY_TAG_END -> BODY_TAG_END [13:15]
|       |       |--START -> < [13:15]
|       |       |--SLASH -> / [13:16]
|       |       |--BODY_HTML_TAG_NAME -> body [13:17]
|       |       `--END -> > [13:21]
|       |--TEXT ->   [13:22]
|       `--RTC_TAG_END -> RTC_TAG_END [13:23]
|           |--START -> < [13:23]
|           |--SLASH -> / [13:24]
|           |--RTC_HTML_TAG_NAME -> RTC [13:25]
|           `--END -> > [13:28]
|--NEWLINE -> \n [13:29]
|--LEADING_ASTERISK -> * [14:0]
|--TEXT ->   [14:1]
|--HTML_ELEMENT -> HTML_ELEMENT [14:2]
|   `--RTC -> RTC [14:2]
|       |--RTC_TAG_START -> RTC_TAG_START [14:2]
|       |   |--START -> < [14:2]
|       |   |--RTC_HTML_TAG_NAME -> rtc [14:3]
|       |   `--END -> > [14:6]
|       |--TEXT ->   [14:7]
|       |--BODY_TAG_START -> BODY_TAG_START [14:8]
|       |   |--START -> < [14:8]
|       |   |--BODY_HTML_TAG_NAME -> body [14:9]
|       |   `--END -> > [14:13]
|       |--TEXT ->   [14:14]
|       `--RTC_TAG_END -> RTC_TAG_END [14:15]
|           |--START -> < [14:15]
|           |--SLASH -> / [14:16]
|           |--RTC_HTML_TAG_NAME -> RTC [14:17]
|           `--END -> > [14:20]
|--NEWLINE -> \n [14:21]
|--LEADING_ASTERISK -> * [15:0]
|--TEXT ->   [15:1]
|--HTML_ELEMENT -> HTML_ELEMENT [15:2]
|   `--RTC_TAG_START -> RTC_TAG_START [15:2]
|       |--START -> < [15:2]
|       |--RTC_HTML_TAG_NAME -> rtc [15:3]
|       `--END -> > [15:6]
|--TEXT ->   [15:7]
|--HTML_ELEMENT -> HTML_ELEMENT [15:8]
|   `--BODY_TAG_END -> BODY_TAG_END [15:8]
|       |--START -> < [15:8]
|       |--SLASH -> / [15:9]
|       |--BODY_HTML_TAG_NAME -> body [15:10]
|       `--END -> > [15:14]
|--TEXT ->   [15:15]
|--HTML_ELEMENT -> HTML_ELEMENT [15:16]
|   `--RTC_TAG_END -> RTC_TAG_END [15:16]
|       |--START -> < [15:16]
|       |--SLASH -> / [15:17]
|       |--RTC_HTML_TAG_NAME -> RTC [15:18]
|       `--END -> > [15:21]
|--NEWLINE -> \n [15:22]
|--LEADING_ASTERISK -> * [16:0]
|--TEXT ->   [16:1]
|--HTML_ELEMENT -> HTML_ELEMENT [16:2]
|   `--RTC -> RTC [16:2]
|       |--RTC_TAG_START -> RTC_TAG_START [16:2]
|       |   |--START -> < [16:2]
|       |   |--RTC_HTML_TAG_NAME -> rtc [16:3]
|       |   `--END -> > [16:6]
|       |--TEXT ->   [16:7]
|       |--COLGROUP -> COLGROUP [16:8]
|       |   |--COLGROUP_TAG_START -> COLGROUP_TAG_START [16:8]
|       |   |   |--START -> < [16:8]
|       |   |   |--COLGROUP_HTML_TAG_NAME -> colgroup [16:9]
|       |   |   `--END -> > [16:17]
|       |   |--TEXT ->   [16:18]
|       |   `--COLGROUP_TAG_END -> COLGROUP_TAG_END [16:19]
|       |       |--START -> < [16:19]
|       |       |--SLASH -> / [16:20]
|       |       |--COLGROUP_HTML_TAG_NAME -> colgroup [16:21]
|       |       `--END -> > [16:29]
|       |--TEXT ->   [16:30]
|       `--RTC_TAG_END -> RTC_TAG_END [16:31]
|           |--START -> < [16:31]
|           |--SLASH -> / [16:32]
|           |--RTC_HTML_TAG_NAME -> RTC [16:33]
|           `--END -> > [16:36]
|--NEWLINE -> \n [16:37]
|--LEADING_ASTERISK -> * [17:0]
|--TEXT ->   [17:1]
|--HTML_ELEMENT -> HTML_ELEMENT [17:2]
|   `--RTC -> RTC [17:2]
|       |--RTC_TAG_START -> RTC_TAG_START [17:2]
|       |   |--START -> < [17:2]
|       |   |--RTC_HTML_TAG_NAME -> rtc [17:3]
|       |   `--END -> > [17:6]
|       |--TEXT ->   [17:7]
|       |--COLGROUP_TAG_START -> COLGROUP_TAG_START [17:8]
|       |   |--START -> < [17:8]
|       |   |--COLGROUP_HTML_TAG_NAME -> colgroup [17:9]
|       |   `--END -> > [17:17]
|       |--TEXT ->   [17:18]
|       `--RTC_TAG_END -> RTC_TAG_END [17:19]
|           |--START -> < [17:19]
|           |--SLASH -> / [17:20]
|           |--RTC_HTML_TAG_NAME -> RTC [17:21]
|           `--END -> > [17:24]
|--NEWLINE -> \n [17:25]
|--LEADING_ASTERISK -> * [18:0]
|--TEXT ->   [18:1]
|--HTML_ELEMENT -> HTML_ELEMENT [18:2]
|   `--RTC_TAG_START -> RTC_TAG_START [18:2]
|       |--START -> < [18:2]
|       |--RTC_HTML_TAG_NAME -> rtc [18:3]
|       `--END -> > [18:6]
|--TEXT ->   [18:7]
|--HTML_ELEMENT -> HTML_ELEMENT [18:8]
|   `--COLGROUP_TAG_END -> COLGROUP_TAG_END [18:8]
|       |--START -> < [18:8]
|       |--SLASH -> / [18:9]
|       |--COLGROUP_HTML_TAG_NAME -> colgroup [18:10]
|       `--END -> > [18:18]
|--TEXT ->   [18:19]
|--HTML_ELEMENT -> HTML_ELEMENT [18:20]
|   `--RTC_TAG_END -> RTC_TAG_END [18:20]
|       |--START -> < [18:20]
|       |--SLASH -> / [18:21]
|       |--RTC_HTML_TAG_NAME -> RTC [18:22]
|       `--END -> > [18:25]
|--NEWLINE -> \n [18:26]
|--LEADING_ASTERISK -> * [19:0]
|--TEXT ->   [19:1]
|--HTML_ELEMENT -> HTML_ELEMENT [19:2]
|   `--RTC -> RTC [19:2]
|       |--RTC_TAG_START -> RTC_TAG_START [19:2]
|       |   |--START -> < [19:2]
|       |   |--RTC_HTML_TAG_NAME -> rtc [19:3]
|       |   `--END -> > [19:6]
|       |--TEXT ->   [19:7]
|       |--DD -> DD [19:8]
|       |   |--DD_TAG_START -> DD_TAG_START [19:8]
|       |   |   |--START -> < [19:8]
|       |   |   |--DD_HTML_TAG_NAME -> dd [19:9]
|       |   |   `--END -> > [19:11]
|       |   |--TEXT ->   [19:12]
|       |   `--DD_TAG_END -> DD_TAG_END [19:13]
|       |       |--START -> < [19:13]
|       |       |--SLASH -> / [19:14]
|       |       |--DD_HTML_TAG_NAME -> dd [19:15]
|       |       `--END -> > [19:17]
|       |--TEXT ->   [19:18]
|       `--RTC_TAG_END -> RTC_TAG_END [19:19]
|           |--START -> < [19:19]
|           |--SLASH -> / [19:20]
|           |--RTC_HTML_TAG_NAME -> RTC [19:21]
|           `--END -> > [19:24]
|--NEWLINE -> \n [19:25]
|--LEADING_ASTERISK -> * [20:0]
|--TEXT ->   [20:1]
|--HTML_ELEMENT -> HTML_ELEMENT [20:2]
|   `--RTC -> RTC [20:2]
|       |--RTC_TAG_START -> RTC_TAG_START [20:2]
|       |   |--START -> < [20:2]
|       |   |--RTC_HTML_TAG_NAME -> rtc [20:3]
|       |   `--END -> > [20:6]
|       |--TEXT ->   [20:7]
|       |--DD_TAG_START -> DD_TAG_START [20:8]
|       |   |--START -> < [20:8]
|       |   |--DD_HTML_TAG_NAME -> dd [20:9]
|       |   `--END -> > [20:11]
|       |--TEXT ->   [20:12]
|       `--RTC_TAG_END -> RTC_TAG_END [20:13]
|           |--START -> < [20:13]
|           |--SLASH -> / [20:14]
|           |--RTC_HTML_TAG_NAME -> RTC [20:15]
|           `--END -> > [20:18]
|--NEWLINE -> \n [20:19]
|--LEADING_ASTERISK -> * [21:0]
|--TEXT ->   [21:1]
|--HTML_ELEMENT -> HTML_ELEMENT [21:2]
|   `--RTC_TAG_START -> RTC_TAG_START [21:2]
|       |--START -> < [21:2]
|       |--RTC_HTML_TAG_NAME -> rtc [21:3]
|       `--END -> > [21:6]
|--TEXT ->   [21:7]
|--HTML_ELEMENT -> HTML_ELEMENT [21:8]
|   `--DD_TAG_END -> DD_TAG_END [21:8]
|       |--START -> < [21:8]
|       |--SLASH -> / [21:9]
|       |--DD_HTML_TAG_NAME -> dd [21:10]
|       `--END -> > [21:12]
|--TEXT ->   [21:13]
|--HTML_ELEMENT -> HTML_ELEMENT [21:14]
|   `--RTC_TAG_END -> RTC_TAG_END [21:14]
|       |--START -> < [21:14]
|       |--SLASH -> / [21:15]
|       |--RTC_HTML_TAG_NAME -> RTC [21:16]
|       `--END -> > [21:19]
|--NEWLINE -> \n [21:20]
|--LEADING_ASTERISK -> * [22:0]
|--TEXT ->   [22:1]
|--HTML_ELEMENT -> HTML_ELEMENT [22:2]
|   `--RTC -> RTC [22:2]
|       |--RTC_TAG_START -> RTC_TAG_START [22:2]
|       |   |--START -> < [22:2]
|       |   |--RTC_HTML_TAG_NAME -> rtc [22:3]
|       |   `--END -> > [22:6]
|       |--TEXT ->   [22:7]
|       |--DT -> DT [22:8]
|       |   |--DT_TAG_START -> DT_TAG_START [22:8]
|       |   |   |--START -> < [22:8]
|       |   |   |--DT_HTML_TAG_NAME -> dt [22:9]
|       |   |   `--END -> > [22:11]
|       |   |--TEXT ->   [22:12]
|       |   `--DT_TAG_END -> DT_TAG_END [22:13]
|       |       |--START -> < [22:13]
|       |       |--SLASH -> / [22:14]
|       |       |--DT_HTML_TAG_NAME -> dt [22:15]
|       |       `--END -> > [22:17]
|       |--TEXT ->   [22:18]
|       `--RTC_TAG_END -> RTC_TAG_END [22:19]
|           |--START -> < [22:19]
|           |--SLASH -> / [22:20]
|           |--RTC_HTML_TAG_NAME -> RTC [22:21]
|           `--END -> > [22:24]
|--NEWLINE -> \n [22:25]
|--LEADING_ASTERISK -> * [23:0]
|--TEXT ->   [23:1]
|--HTML_ELEMENT -> HTML_ELEMENT [23:2]
|   `--RTC -> RTC [23:2]
|       |--RTC_TAG_START -> RTC_TAG_START [23:2]
|       |   |--START -> < [23:2]
|       |   |--RTC_HTML_TAG_NAME -> rtc [23:3]
|       |   `--END -> > [23:6]
|       |--TEXT ->   [23:7]
|       |--DT_TAG_START -> DT_TAG_START [23:8]
|       |   |--START -> < [23:8]
|       |   |--DT_HTML_TAG_NAME -> dt [23:9]
|       |   `--END -> > [23:11]
|       |--TEXT ->   [23:12]
|       `--RTC_TAG_END -> RTC_TAG_END [23:13]
|           |--START -> < [23:13]
|           |--SLASH -> / [23:14]
|           |--RTC_HTML_TAG_NAME -> RTC [23:15]
|           `--END -> > [23:18]
|--NEWLINE -> \n [23:19]
|--LEADING_ASTERISK -> * [24:0]
|--TEXT ->   [24:1]
|--HTML_ELEMENT -> HTML_ELEMENT [24:2]
|   `--RTC_TAG_START -> RTC_TAG_START [24:2]
|       |--START -> < [24:2]
|       |--RTC_HTML_TAG_NAME -> rtc [24:3]
|       `--END -> > [24:6]
|--TEXT ->   [24:7]
|--HTML_ELEMENT -> HTML_ELEMENT [24:8]
|   `--DT_TAG_END -> DT_TAG_END [24:8]
|       |--START -> < [24:8]
|       |--SLASH -> / [24:9]
|       |--DT_HTML_TAG_NAME -> dt [24:10]
|       `--END -> > [24:12]
|--TEXT ->   [24:13]
|--HTML_ELEMENT -> HTML_ELEMENT [24:14]
|   `--RTC_TAG_END -> RTC_TAG_END [24:14]
|       |--START -> < [24:14]
|       |--SLASH -> / [24:15]
|       |--RTC_HTML_TAG_NAME -> RTC [24:16]
|       `--END -> > [24:19]
|--NEWLINE -> \n [24:20]
|--LEADING_ASTERISK -> * [25:0]
|--TEXT ->   [25:1]
|--HTML_ELEMENT -> HTML_ELEMENT [25:2]
|   `--RTC -> RTC [25:2]
|       |--RTC_TAG_START -> RTC_TAG_START [25:2]
|       |   |--START -> < [25:2]
|       |   |--RTC_HTML_TAG_NAME -> rtc [25:3]
|       |   `--END -> > [25:6]
|       |--TEXT ->   [25:7]
|       |--HEAD -> HEAD [25:8]
|       |   |--HEAD_TAG_START -> HEAD_TAG_START [25:8]
|       |   |   |--START -> < [25:8]
|       |   |   |--HEAD_HTML_TAG_NAME -> head [25:9]
|       |   |   `--END -> > [25:13]
|       |   |--TEXT ->   [25:14]
|       |   `--HEAD_TAG_END -> HEAD_TAG_END [25:15]
|       |       |--START -> < [25:15]
|       |       |--SLASH -> / [25:16]
|       |       |--HEAD_HTML_TAG_NAME -> head [25:17]
|       |       `--END -> > [25:21]
|       |--TEXT ->   [25:22]
|       `--RTC_TAG_END -> RTC_TAG_END [25:23]
|           |--START -> < [25:23]
|           |--SLASH -> / [25:24]
|           |--RTC_HTML_TAG_NAME -> RTC [25:25]
|           `--END -> > [25:28]
|--NEWLINE -> \n [25:29]
|--LEADING_ASTERISK -> * [26:0]
|--TEXT ->   [26:1]
|--HTML_ELEMENT -> HTML_ELEMENT [26:2]
|   `--RTC -> RTC [26:2]
|       |--RTC_TAG_START -> RTC_TAG_START [26:2]
|       |   |--START -> < [26:2]
|       |   |--RTC_HTML_TAG_NAME -> rtc [26:3]
|       |   `--END -> > [26:6]
|       |--TEXT ->   [26:7]
|       |--HEAD_TAG_START -> HEAD_TAG_START [26:8]
|       |   |--START -> < [26:8]
|       |   |--HEAD_HTML_TAG_NAME -> head [26:9]
|       |   `--END -> > [26:13]
|       |--TEXT ->   [26:14]
|       `--RTC_TAG_END -> RTC_TAG_END [26:15]
|           |--START -> < [26:15]
|           |--SLASH -> / [26:16]
|           |--RTC_HTML_TAG_NAME -> RTC [26:17]
|           `--END -> > [26:20]
|--NEWLINE -> \n [26:21]
|--LEADING_ASTERISK -> * [27:0]
|--TEXT ->   [27:1]
|--HTML_ELEMENT -> HTML_ELEMENT [27:2]
|   `--RTC_TAG_START -> RTC_TAG_START [27:2]
|       |--START -> < [27:2]
|       |--RTC_HTML_TAG_NAME -> rtc [27:3]
|       `--END -> > [27:6]
|--TEXT ->   [27:7]
|--HTML_ELEMENT -> HTML_ELEMENT [27:8]
|   `--HEAD_TAG_END -> HEAD_TAG_END [27:8]
|       |--START -> < [27:8]
|       |--SLASH -> / [27:9]
|       |--HEAD_HTML_TAG_NAME -> head [27:10]
|       `--END -> > [27:14]
|--TEXT ->   [27:15]
|--HTML_ELEMENT -> HTML_ELEMENT [27:16]
|   `--RTC_TAG_END -> RTC_TAG_END [27:16]
|       |--START -> < [27:16]
|       |--SLASH -> / [27:17]
|       |--RTC_HTML_TAG_NAME -> RTC [27:18]
|       `--END -> > [27:21]
|--NEWLINE -> \n [27:22]
|--LEADING_ASTERISK -> * [28:0]
|--TEXT ->   [28:1]
|--HTML_ELEMENT -> HTML_ELEMENT [28:2]
|   `--RTC -> RTC [28:2]
|       |--RTC_TAG_START -> RTC_TAG_START [28:2]
|       |   |--START -> < [28:2]
|       |   |--RTC_HTML_TAG_NAME -> rtc [28:3]
|       |   `--END -> > [28:6]
|       |--TEXT ->   [28:7]
|       |--HTML -> HTML [28:8]
|       |   |--HTML_TAG_START -> HTML_TAG_START [28:8]
|       |   |   |--START -> < [28:8]
|       |   |   |--HTML_HTML_TAG_NAME -> html [28:9]
|       |   |   `--END -> > [28:13]
|       |   |--TEXT ->   [28:14]
|       |   `--HTML_TAG_END -> HTML_TAG_END [28:15]
|       |       |--START -> < [28:15]
|       |       |--SLASH -> / [28:16]
|       |       |--HTML_HTML_TAG_NAME -> html [28:17]
|       |       `--END -> > [28:21]
|       |--TEXT ->   [28:22]
|       `--RTC_TAG_END -> RTC_TAG_END [28:23]
|           |--START -> < [28:23]
|           |--SLASH -> / [28:24]
|           |--RTC_HTML_TAG_NAME -> RTC [28:25]
|           `--END -> > [28:28]
|--NEWLINE -> \n [28:29]
|--LEADING_ASTERISK -> * [29:0]
|--TEXT ->   [29:1]
|--HTML_ELEMENT -> HTML_ELEMENT [29:2]
|   `--RTC -> RTC [29:2]
|       |--RTC_TAG_START -> RTC_TAG_START [29:2]
|       |   |--START -> < [29:2]
|       |   |--RTC_HTML_TAG_NAME -> rtc [29:3]
|       |   `--END -> > [29:6]
|       |--TEXT ->   [29:7]
|       |--HTML_TAG_START -> HTML_TAG_START [29:8]
|       |   |--START -> < [29:8]
|       |   |--HTML_HTML_TAG_NAME -> html [29:9]
|       |   `--END -> > [29:13]
|       |--TEXT ->   [29:14]
|       `--RTC_TAG_END -> RTC_TAG_END [29:15]
|           |--START -> < [29:15]
|           |--SLASH -> / [29:16]
|           |--RTC_HTML_TAG_NAME -> RTC [29:17]
|           `--END -> > [29:20]
|--NEWLINE -> \n [29:21]
|--LEADING_ASTERISK -> * [30:0]
|--TEXT ->   [30:1]
|--HTML_ELEMENT -> HTML_ELEMENT [30:2]
|   `--RTC_TAG_START -> RTC_TAG_START [30:2]
|       |--START -> < [30:2]
|       |--RTC_HTML_TAG_NAME -> rtc [30:3]
|       `--END -> > [30:6]
|--TEXT ->   [30:7]
|--HTML_ELEMENT -> HTML_ELEMENT [30:8]
|   `--HTML_TAG_END -> HTML_TAG_END [30:8]
|       |--START -> < [30:8]
|       |--SLASH -> / [30:9]
|       |--HTML_HTML_TAG_NAME -> html [30:10]
|       `--END -> > [30:14]
|--TEXT ->   [30:15]
|--HTML_ELEMENT -> HTML_ELEMENT [30:16]
|   `--RTC_TAG_END -> RTC_TAG_END [30:16]
|       |--START -> < [30:16]
|       |--SLASH -> / [30:17]
|       |--RTC_HTML_TAG_NAME -> RTC [30:18]
|       `--END -> > [30:21]
|--NEWLINE -> \n [30:22]
|--LEADING_ASTERISK -> * [31:0]
|--TEXT ->   [31:1]
|--HTML_ELEMENT -> HTML_ELEMENT [31:2]
|   `--RTC -> RTC [31:2]
|       |--RTC_TAG_START -> RTC_TAG_START [31:2]
|       |   |--START -> < [31:2]
|       |   |--RTC_HTML_TAG_NAME -> rtc [31:3]
|       |   `--END -> > [31:6]
|       |--TEXT ->   [31:7]
|       |--OPTION -> OPTION [31:8]
|       |   |--OPTION_TAG_START -> OPTION_TAG_START [31:8]
|       |   |   |--START -> < [31:8]
|       |   |   |--OPTION_HTML_TAG_NAME -> option [31:9]
|       |   |   `--END -> > [31:15]
|       |   |--TEXT ->   [31:16]
|       |   `--OPTION_TAG_END -> OPTION_TAG_END [31:17]
|       |       |--START -> < [31:17]
|       |       |--SLASH -> / [31:18]
|       |       |--OPTION_HTML_TAG_NAME -> option [31:19]
|       |       `--END -> > [31:25]
|       |--TEXT ->   [31:26]
|       `--RTC_TAG_END -> RTC_TAG_END [31:27]
|           |--START -> < [31:27]
|           |--SLASH -> / [31:28]
|           |--RTC_HTML_TAG_NAME -> RTC [31:29]
|           `--END -> > [31:32]
|--NEWLINE -> \n [31:33]
|--LEADING_ASTERISK -> * [32:0]
|--TEXT ->   [32:1]
|--HTML_ELEMENT -> HTML_ELEMENT [32:2]
|   `--RTC -> RTC [32:2]
|       |--RTC_TAG_START -> RTC_TAG_START [32:2]
|       |   |--START -> < [32:2]
|       |   |--RTC_HTML_TAG_NAME -> rtc [32:3]
|       |   `--END -> > [32:6]
|       |--TEXT ->   [32:7]
|       |--OPTION_TAG_START -> OPTION_TAG_START [32:8]
|       |   |--START -> < [32:8]
|       |   |--OPTION_HTML_TAG_NAME -> option [32:9]
|       |   `--END -> > [32:15]
|       |--TEXT ->   [32:16]
|       `--RTC_TAG_END -> RTC_TAG_END [32:17]
|           |--START -> < [32:17]
|           |--SLASH -> / [32:18]
|           |--RTC_HTML_TAG_NAME -> RTC [32:19]
|           `--END -> > [32:22]
|--NEWLINE -> \n [32:23]
|--LEADING_ASTERISK -> * [33:0]
|--TEXT ->   [33:1]
|--HTML_ELEMENT -> HTML_ELEMENT [33:2]
|   `--RTC_TAG_START -> RTC_TAG_START [33:2]
|       |--START -> < [33:2]
|       |--RTC_HTML_TAG_NAME -> rtc [33:3]
|       `--END -> > [33:6]
|--TEXT ->   [33:7]
|--HTML_ELEMENT -> HTML_ELEMENT [33:8]
|   `--OPTION_TAG_END -> OPTION_TAG_END [33:8]
|       |--START -> < [33:8]
|       |--SLASH -> / [33:9]
|       |--OPTION_HTML_TAG_NAME -> option [33:10]
|       `--END -> > [33:16]
|--TEXT ->   [33:17]
|--HTML_ELEMENT -> HTML_ELEMENT [33:18]
|   `--RTC_TAG_END -> RTC_TAG_END [33:18]
|       |--START -> < [33:18]
|       |--SLASH -> / [33:19]
|       |--RTC_HTML_TAG_NAME -> RTC [33:20]
|       `--END -> > [33:23]
|--NEWLINE -> \n [33:24]
|--LEADING_ASTERISK -> * [34:0]
|--TEXT ->   [34:1]
|--HTML_ELEMENT -> HTML_ELEMENT [34:2]
|   `--RTC -> RTC [34:2]
|       |--RTC_TAG_START -> RTC_TAG_START [34:2]
|       |   |--START -> < [34:2]
|       |   |--RTC_HTML_TAG_NAME -> rtc [34:3]
|       |   `--END -> > [34:6]
|       |--TEXT ->   [34:7]
|       |--TBODY -> TBODY [34:8]
|       |   |--TBODY_TAG_START -> TBODY_TAG_START [34:8]
|       |   |   |--START -> < [34:8]
|       |   |   |--TBODY_HTML_TAG_NAME -> tbody [34:9]
|       |   |   `--END -> > [34:14]
|       |   |--TEXT ->   [34:15]
|       |   `--TBODY_TAG_END -> TBODY_TAG_END [34:16]
|       |       |--START -> < [34:16]
|       |       |--SLASH -> / [34:17]
|       |       |--TBODY_HTML_TAG_NAME -> tbody [34:18]
|       |       `--END -> > [34:23]
|       |--TEXT ->   [34:24]
|       `--RTC_TAG_END -> RTC_TAG_END [34:25]
|           |--START -> < [34:25]
|           |--SLASH -> / [34:26]
|           |--RTC_HTML_TAG_NAME -> rTC [34:27]
|           `--END -> > [34:30]
|--NEWLINE -> \n [34:31]
|--LEADING_ASTERISK -> * [35:0]
|--TEXT ->   [35:1]
|--HTML_ELEMENT -> HTML_ELEMENT [35:2]
|   `--RTC -> RTC [35:2]
|       |--RTC_TAG_START -> RTC_TAG_START [35:2]
|       |   |--START -> < [35:2]
|       |   |--RTC_HTML_TAG_NAME -> rtc [35:3]
|       |   `--END -> > [35:6]
|       |--TEXT ->   [35:7]
|       |--TBODY_TAG_START -> TBODY_TAG_START [35:8]
|       |   |--START -> < [35:8]
|       |   |--TBODY_HTML_TAG_NAME -> tbody [35:9]
|       |   `--END -> > [35:14]
|       |--TEXT ->   [35:15]
|       `--RTC_TAG_END -> RTC_TAG_END [35:16]
|           |--START -> < [35:16]
|           |--SLASH -> / [35:17]
|           |--RTC_HTML_TAG_NAME -> RTC [35:18]
|           `--END -> > [35:21]
|--NEWLINE -> \n [35:22]
|--LEADING_ASTERISK -> * [36:0]
|--TEXT ->   [36:1]
|--HTML_ELEMENT -> HTML_ELEMENT [36:2]
|   `--RTC_TAG_START -> RTC_TAG_START [36:2]
|       |--START -> < [36:2]
|       |--RTC_HTML_TAG_NAME -> rtc [36:3]
|       `--END -> > [36:6]
|--TEXT ->   [36:7]
|--HTML_ELEMENT -> HTML_ELEMENT [36:8]
|   `--TBODY_TAG_END -> TBODY_TAG_END [36:8]
|       |--START -> < [36:8]
|       |--SLASH -> / [36:9]
|       |--TBODY_HTML_TAG_NAME -> tbody [36:10]
|       `--END -> > [36:15]
|--TEXT ->   [36:16]
|--HTML_ELEMENT -> HTML_ELEMENT [36:17]
|   `--RTC_TAG_END -> RTC_TAG_END [36:17]
|       |--START -> < [36:17]
|       |--SLASH -> / [36:18]
|       |--RTC_HTML_TAG_NAME -> RTC [36:19]
|       `--END -> > [36:22]
|--NEWLINE -> \n [36:23]
|--LEADING_ASTERISK -> * [37:0]
|--TEXT ->   [37:1]
|--HTML_ELEMENT -> HTML_ELEMENT [37:2]
|   `--RTC -> RTC [37:2]
|       |--RTC_TAG_START -> RTC_TAG_START [37:2]
|       |   |--START -> < [37:2]
|       |   |--RTC_HTML_TAG_NAME -> rtc [37:3]
|       |   `--END -> > [37:6]
|       |--TEXT ->   [37:7]
|       |--TFOOT -> TFOOT [37:8]
|       |   |--TFOOT_TAG_START -> TFOOT_TAG_START [37:8]
|       |   |   |--START -> < [37:8]
|       |   |   |--TFOOT_HTML_TAG_NAME -> tfoot [37:9]
|       |   |   `--END -> > [37:14]
|       |   |--TEXT ->   [37:15]
|       |   `--TFOOT_TAG_END -> TFOOT_TAG_END [37:16]
|       |       |--START -> < [37:16]
|       |       |--SLASH -> / [37:17]
|       |       |--TFOOT_HTML_TAG_NAME -> tfoot [37:18]
|       |       `--END -> > [37:23]
|       |--TEXT ->   [37:24]
|       `--RTC_TAG_END -> RTC_TAG_END [37:25]
|           |--START -> < [37:25]
|           |--SLASH -> / [37:26]
|           |--RTC_HTML_TAG_NAME -> RTC [37:27]
|           `--END -> > [37:30]
|--NEWLINE -> \n [37:31]
|--LEADING_ASTERISK -> * [38:0]
|--TEXT ->   [38:1]
|--HTML_ELEMENT -> HTML_ELEMENT [38:2]
|   `--RTC -> RTC [38:2]
|       |--RTC_TAG_START -> RTC_TAG_START [38:2]
|       |   |--START -> < [38:2]
|       |   |--RTC_HTML_TAG_NAME -> rtc [38:3]
|       |   `--END -> > [38:6]
|       |--TEXT ->   [38:7]
|       |--TFOOT_TAG_START -> TFOOT_TAG_START [38:8]
|       |   |--START -> < [38:8]
|       |   |--TFOOT_HTML_TAG_NAME -> tfoot [38:9]
|       |   `--END -> > [38:14]
|       |--TEXT ->   [38:15]
|       `--RTC_TAG_END -> RTC_TAG_END [38:16]
|           |--START -> < [38:16]
|           |--SLASH -> / [38:17]
|           |--RTC_HTML_TAG_NAME -> RTC [38:18]
|           `--END -> > [38:21]
|--NEWLINE -> \n [38:22]
|--LEADING_ASTERISK -> * [39:0]
|--TEXT ->   [39:1]
|--HTML_ELEMENT -> HTML_ELEMENT [39:2]
|   `--RTC_TAG_START -> RTC_TAG_START [39:2]
|       |--START -> < [39:2]
|       |--RTC_HTML_TAG_NAME -> rtc [39:3]
|       `--END -> > [39:6]
|--TEXT ->   [39:7]
|--HTML_ELEMENT -> HTML_ELEMENT [39:8]
|   `--TFOOT_TAG_END -> TFOOT_TAG_END [39:8]
|       |--START -> < [39:8]
|       |--SLASH -> / [39:9]
|       |--TFOOT_HTML_TAG_NAME -> tfoot [39:10]
|       `--END -> > [39:15]
|--TEXT ->   [39:16]
|--HTML_ELEMENT -> HTML_ELEMENT [39:17]
|   `--RTC_TAG_END -> RTC_TAG_END [39:17]
|       |--START -> < [39:17]
|       |--SLASH -> / [39:18]
|       |--RTC_HTML_TAG_NAME -> RTC [39:19]
|       `--END -> > [39:22]
|--NEWLINE -> \n [39:23]
|--LEADING_ASTERISK -> * [40:0]
|--TEXT ->   [40:1]
|--HTML_ELEMENT -> HTML_ELEMENT [40:2]
|   `--RTC -> RTC [40:2]
|       |--RTC_TAG_START -> RTC_TAG_START [40:2]
|       |   |--START -> < [40:2]
|       |   |--RTC_HTML_TAG_NAME -> rtc [40:3]
|       |   |--WS ->   [40:6]
|       |   |--ATTRIBUTE -> ATTRIBUTE [40:7]
|       |   |   |--HTML_TAG_NAME -> style [40:7]
|       |   |   |--EQUALS -> = [40:12]
|       |   |   `--ATTR_VALUE -> "color:red" [40:13]
|       |   |--WS ->   [40:25]
|       |   |--NEWLINE -> \n [40:26]
|       |   |--LEADING_ASTERISK -> * [41:0]
|       |   |--NEWLINE -> \n [41:1]
|       |   |--LEADING_ASTERISK -> * [42:0]
|       |   |--WS ->   [42:1]
|       |   `--END -> > [42:2]
|       |--TEXT ->   [42:3]
|       |--HTML_COMMENT -> HTML_COMMENT [42:4]
|       |   |--HTML_COMMENT_START -> <!-- [42:4]
|       |   |--TEXT -> HTML COMMENT [42:8]
|       |   `--HTML_COMMENT_END -> --> [42:20]
|       |--TEXT ->    [42:23]
|       `--RTC_TAG_END -> RTC_TAG_END [42:25]
|           |--START -> < [42:25]
|           |--SLASH -> / [42:26]
|           |--RTC_HTML_TAG_NAME -> Rtc [42:27]
|           |--NEWLINE -> \n [42:30]
|           |--LEADING_ASTERISK -> * [43:0]
|           |--NEWLINE -> \n [43:1]
|           |--LEADING_ASTERISK -> * [44:0]
|           |--WS ->   [44:1]
|           `--END -> > [44:2]
|--NEWLINE -> \n [44:3]
`--EOF -> <EOF> [45:0]]
>
	at com.puppycrawl.tools.checkstyle.grammar.javadoc.JavadocParseTreeTest.testRtcHtmlTag(JavadocParseTreeTest.java:350)
]]></failure>
  </testcase>
  <testcase name="testSpaceBeforeDescriptionInBlockJavadocTags" classname="com.puppycrawl.tools.checkstyle.grammar.javadoc.JavadocParseTreeTest" time="0">
    <failure message="Generated tree from the javadoc file should match the pre-defined tree expected:&lt;...DOC -&gt; JAVADOC [0:0][&#10;|--LEADING_ASTERISK -&gt; * [0:0]&#10;|--WS -&gt;   [0:1]&#10;|--JAVADOC_TAG -&gt; JAVADOC_TAG [0:2]&#10;|   |--AUTHOR_LITERAL -&gt; @author [0:2]&#10;|   |--WS -&gt;    [0:9]&#10;|   |--NEWLINE -&gt; \n [0:11]&#10;|   |--WS -&gt;        [1:0]&#10;|   `--DESCRIPTION -&gt; DESCRIPTION [1:6]&#10;|       |--TEXT -&gt; author-name  [1:6]&#10;|       |--HTML_ELEMENT -&gt; HTML_ELEMENT [1:18]&#10;|       |   `--SINGLETON_ELEMENT -&gt; SINGLETON_ELEMENT [1:18]&#10;|       |       `--BR_TAG -&gt; BR_TAG [1:18]&#10;|       |           |--START -&gt; &lt; [1:18]&#10;|       |           |--BR_HTML_TAG_NAME -&gt; br [1:19]&#10;|       |           |--WS -&gt;   [1:21]&#10;|       |           |--ATTRIBUTE -&gt; ATTRIBUTE [1:22]&#10;|       |           |   |--HTML_TAG_NAME -&gt; attr [1:22]&#10;|       |           |   |--EQUALS -&gt; = [1:26]&#10;|       |           |   `--ATTR_VALUE -&gt; &quot;value&quot; [1:27]&#10;|       |           `--SLASH_END -&gt; /&gt; [1:35]&#10;|       |--NEWLINE -&gt; \n [1:37]&#10;|       `--NEWLINE -&gt; \n [2:0]&#10;|--LEADING_ASTERISK -&gt; * [3:0]&#10;|--WS -&gt;   [3:1]&#10;|--JAVADOC_TAG -&gt; JAVADOC_TAG [3:2]&#10;|   |--DEPRECATED_LITERAL -&gt; @deprecated [3:2]&#10;|   |--NEWLINE -&gt; \n [3:13]&#10;|   |--WS -&gt;        [4:0]&#10;|   `--DESCRIPTION -&gt; DESCRIPTION [4:6]&#10;|       |--TEXT -&gt; deprecated-text [4:6]&#10;|       |--NEWLINE -&gt; \n [4:21]&#10;|       `--NEWLINE -&gt; \n [5:0]&#10;|--LEADING_ASTERISK -&gt; * [6:0]&#10;|--WS -&gt;   [6:1]&#10;|--JAVADOC_TAG -&gt; JAVADOC_TAG [6:2]&#10;|   |--EXCEPTION_LITERAL -&gt; @exception [6:2]&#10;|   |--WS -&gt;        [6:12]&#10;|   |--CLASS_NAME -&gt; CustomEx [6:18]&#10;|   |--WS -&gt;    [6:26]&#10;|   |--NEWLINE -&gt; \n [6:28]&#10;|   |--WS -&gt;        [7:0]&#10;|   `--DESCRIPTION -&gt; DESCRIPTION [7:6]&#10;|       |--JAVADOC_INLINE_TAG -&gt; JAVADOC_INLINE_TAG [7:6]&#10;|       |   |--JAVADOC_INLINE_TAG_START -&gt; { [7:6]&#10;|       |   |--LINK_LITERAL -&gt; @link [7:7]&#10;|       |   |--WS -&gt;   [7:12]&#10;|       |   |--REFERENCE -&gt; REFERENCE [7:13]&#10;|       |   |   `--PACKAGE_CLASS -&gt; CustomEx [7:13]&#10;|       |   `--JAVADOC_INLINE_TAG_END -&gt; } [7:21]&#10;|       |--TEXT -&gt;   [7:22]&#10;|       |--HTML_ELEMENT -&gt; HTML_ELEMENT [7:23]&#10;|       |   `--HTML_TAG -&gt; HTML_TAG [7:23]&#10;|       |       |--HTML_ELEMENT_START -&gt; HTML_ELEMENT_START [7:23]&#10;|       |       |   |--START -&gt; &lt; [7:23]&#10;|       |       |   |--HTML_TAG_NAME -&gt; b [7:24]&#10;|       |       |   `--END -&gt; &gt; [7:25]&#10;|       |       |--TEXT -&gt; Internal [7:26]&#10;|       |       `--HTML_ELEMENT_END -&gt; HTML_ELEMENT_END [7:34]&#10;|       |           |--START -&gt; &lt; [7:34]&#10;|       |           |--SLASH -&gt; / [7:35]&#10;|       |           |--HTML_TAG_NAME -&gt; b [7:36]&#10;|       |           `--END -&gt; &gt; [7:37]&#10;|       |--NEWLINE -&gt; \n [7:38]&#10;|       `--NEWLINE -&gt; \n [8:0]&#10;|--LEADING_ASTERISK -&gt; * [9:0]&#10;|--WS -&gt;   [9:1]&#10;|--JAVADOC_TAG -&gt; JAVADOC_TAG [9:2]&#10;|   |--PARAM_LITERAL -&gt; @param [9:2]&#10;|   |--WS -&gt;           [9:8]&#10;|   |--PARAMETER_NAME -&gt; ParamName [9:17]&#10;|   |--NEWLINE -&gt; \n [9:26]&#10;|   |--WS -&gt;        [10:0]&#10;|   `--DESCRIPTION -&gt; DESCRIPTION [10:6]&#10;|       |--TEXT -&gt; Param-description [10:6]&#10;|       |--NEWLINE -&gt; \n [10:23]&#10;|       `--NEWLINE -&gt; \n [11:0]&#10;|--LEADING_ASTERISK -&gt; * [12:0]&#10;|--WS -&gt;   [12:1]&#10;|--JAVADOC_TAG -&gt; JAVADOC_TAG [12:2]&#10;|   |--RETURN_LITERAL -&gt; @return [12:2]&#10;|   |--NEWLINE -&gt; \n [12:9]&#10;|   |--WS -&gt;        [13:0]&#10;|   `--DESCRIPTION -&gt; DESCRIPTION [13:6]&#10;|       |--TEXT -&gt; return-description [13:6]&#10;|       |--NEWLINE -&gt; \n [13:24]&#10;|       `--NEWLINE -&gt; \n [14:0]&#10;|--LEADING_ASTERISK -&gt; * [15:0]&#10;|--WS -&gt;   [15:1]&#10;|--JAVADOC_TAG -&gt; JAVADOC_TAG [15:2]&#10;|   |--SERIAL_LITERAL -&gt; @serial [15:2]&#10;|   |--NEWLINE -&gt; \n [15:9]&#10;|   |--WS -&gt;        [16:0]&#10;|   `--DESCRIPTION -&gt; DESCRIPTION [16:6]&#10;|       |--TEXT -&gt; DESCRIPTION [16:6]&#10;|       |--NEWLINE -&gt; \n [16:17]&#10;|       `--NEWLINE -&gt; \n [17:0]&#10;|--LEADING_ASTERISK -&gt; * [18:0]&#10;|--WS -&gt;   [18:1]&#10;|--JAVADOC_TAG -&gt; JAVADOC_TAG [18:2]&#10;|   |--SERIAL_LITERAL -&gt; @serial [18:2]&#10;|   |--NEWLINE -&gt; \n [18:9]&#10;|   |--LITERAL_INCLUDE -&gt; include [19:0]&#10;|   |--WS -&gt;      [19:7]&#10;|   |--NEWLINE -&gt; \n [19:11]&#10;|   `--NEWLINE -&gt; \n [20:0]&#10;|--LEADING_ASTERISK -&gt; * [21:0]&#10;|--WS -&gt;   [21:1]&#10;|--JAVADOC_TAG -&gt; JAVADOC_TAG [21:2]&#10;|   |--SERIAL_DATA_LITERAL -&gt; @serialData [21:2]&#10;|   |--NEWLINE -&gt; \n [21:13]&#10;|   |--WS -&gt;        [22:0]&#10;|   `--DESCRIPTION -&gt; DESCRIPTION [22:6]&#10;|       |--TEXT -&gt; DESCRIPTION [22:6]&#10;|       |--NEWLINE -&gt; \n [22:17]&#10;|       |--TEXT -&gt;       on multiple lines [23:0]&#10;|       |--NEWLINE -&gt; \n [23:23]&#10;|       `--NEWLINE -&gt; \n [24:0]&#10;|--LEADING_ASTERISK -&gt; * [25:0]&#10;|--WS -&gt;   [25:1]&#10;|--JAVADOC_TAG -&gt; JAVADOC_TAG [25:2]&#10;|   |--SERIAL_FIELD_LITERAL -&gt; @serialField [25:2]&#10;|   |--WS -&gt;       [25:14]&#10;|   |--FIELD_NAME -&gt; fieldname [25:19]&#10;|   |--WS -&gt;       [25:28]&#10;|   |--FIELD_TYPE -&gt; fieldtype [25:33]&#10;|   |--NEWLINE -&gt; \n [25:42]&#10;|   |--NEWLINE -&gt; \n [26:0]&#10;|   |--WS -&gt;       [27:0]&#10;|   `--DESCRIPTION -&gt; DESCRIPTION [27:5]&#10;|       |--TEXT -&gt; description [27:5]&#10;|       |--NEWLINE -&gt; \n [27:16]&#10;|       `--NEWLINE -&gt; \n [28:0]&#10;|--LEADING_ASTERISK -&gt; * [29:0]&#10;|--WS -&gt;   [29:1]&#10;|--JAVADOC_TAG -&gt; JAVADOC_TAG [29:2]&#10;|   |--SINCE_LITERAL -&gt; @since [29:2]&#10;|   |--NEWLINE -&gt; \n [29:8]&#10;|   |--WS -&gt;              [30:0]&#10;|   `--DESCRIPTION -&gt; DESCRIPTION [30:12]&#10;|       |--TEXT -&gt; 8.2 [30:12]&#10;|       |--NEWLINE -&gt; \n [30:15]&#10;|       `--NEWLINE -&gt; \n [31:0]&#10;|--LEADING_ASTERISK -&gt; * [32:0]&#10;|--WS -&gt;   [32:1]&#10;|--JAVADOC_TAG -&gt; JAVADOC_TAG [32:2]&#10;|   |--THROWS_LITERAL -&gt; @throws [32:2]&#10;|   |--WS -&gt;        [32:9]&#10;|   |--CLASS_NAME -&gt; Exception [32:15]&#10;|   |--WS -&gt;       [32:24]&#10;|   `--DESCRIPTION -&gt; DESCRIPTION [32:29]&#10;|       |--TEXT -&gt; Exception-description [32:29]&#10;|       |--NEWLINE -&gt; \n [32:50]&#10;|       |--TEXT -&gt;          spanning multiple lines [33:0]&#10;|       |--NEWLINE -&gt; \n [33:32]&#10;|       `--NEWLINE -&gt; \n [34:0]&#10;|--LEADING_ASTERISK -&gt; * [35:0]&#10;|--WS -&gt;   [35:1]&#10;|--JAVADOC_TAG -&gt; JAVADOC_TAG [35:2]&#10;|   |--VERSION_LITERAL -&gt; @version [35:2]&#10;|   |--NEWLINE -&gt; \n [35:10]&#10;|   |--WS -&gt;               [36:0]&#10;|   `--DESCRIPTION -&gt; DESCRIPTION [36:13]&#10;|       |--TEXT -&gt; 8.2 - 8.3 - 8.4... [36:13]&#10;|       |--NEWLINE -&gt; \n [36:31]&#10;|       `--NEWLINE -&gt; \n [37:0]&#10;|--LEADING_ASTERISK -&gt; * [38:0]&#10;|--WS -&gt;   [38:1]&#10;|--JAVADOC_TAG -&gt; JAVADOC_TAG [38:2]&#10;|   |--CUSTOM_NAME -&gt; @customTag [38:2]&#10;|   |--NEWLINE -&gt; \n [38:12]&#10;|   |--WS -&gt;       [39:0]&#10;|   |--NEWLINE -&gt; \n [39:5]&#10;|   |--WS -&gt;       [40:0]&#10;|   `--DESCRIPTION -&gt; DESCRIPTION [40:5]&#10;|       |--TEXT -&gt; DESCRIPTION [40:5]&#10;|       |--NEWLINE -&gt; \n [40:16]&#10;|       `--NEWLINE -&gt; \n [41:0]&#10;|--LEADING_ASTERISK -&gt; * [42:0]&#10;|--WS -&gt;   [42:1]&#10;|--JAVADOC_TAG -&gt; JAVADOC_TAG [42:2]&#10;|   |--SEE_LITERAL -&gt; @see [42:2]&#10;|   |--WS -&gt;   [42:6]&#10;|   |--REFERENCE -&gt; REFERENCE [42:7]&#10;|   |   |--PACKAGE_CLASS -&gt; package.Class [42:7]&#10;|   |   |--HASH -&gt; # [42:20]&#10;|   |   |--MEMBER -&gt; member [42:21]&#10;|   |   `--PARAMETERS -&gt; PARAMETERS [42:27]&#10;|   |       |--LEFT_BRACE -&gt; ( [42:27]&#10;|   |       |--ARGUMENT -&gt; Object [42:28]&#10;|   |       |--COMMA -&gt; , [42:34]&#10;|   |       |--WS -&gt;   [42:35]&#10;|   |       |--ARGUMENT -&gt; Object [42:36]&#10;|   |       `--RIGHT_BRACE -&gt; ) [42:42]&#10;|   |--WS -&gt;               [42:43]&#10;|   |--NEWLINE -&gt; \n [42:56]&#10;|   `--DESCRIPTION -&gt; DESCRIPTION [43:0]&#10;|       |--LEADING_ASTERISK -&gt; * [43:0]&#10;|       `--TEXT -&gt;          Description [43:1]&#10;`--EOF -&gt; &lt;EOF&gt; [43:21]]&#10;&gt; but was:&lt;...DOC -&gt; JAVADOC [0:0][&#10;|--LEADING_ASTERISK -&gt; * [0:0]&#10;|--WS -&gt;   [0:1]&#10;|--JAVADOC_TAG -&gt; JAVADOC_TAG [0:2]&#10;|   |--AUTHOR_LITERAL -&gt; @author [0:2]&#10;|   |--WS -&gt;    [0:9]&#10;|   |--NEWLINE -&gt; \n [0:11]&#10;|   |--WS -&gt;        [1:0]&#10;|   `--DESCRIPTION -&gt; DESCRIPTION [1:6]&#10;|       |--TEXT -&gt; author-name  [1:6]&#10;|       |--HTML_ELEMENT -&gt; HTML_ELEMENT [1:18]&#10;|       |   `--SINGLETON_ELEMENT -&gt; SINGLETON_ELEMENT [1:18]&#10;|       |       `--BR_TAG -&gt; BR_TAG [1:18]&#10;|       |           |--START -&gt; &lt; [1:18]&#10;|       |           |--BR_HTML_TAG_NAME -&gt; br [1:19]&#10;|       |           |--WS -&gt;   [1:21]&#10;|       |           |--ATTRIBUTE -&gt; ATTRIBUTE [1:22]&#10;|       |           |   |--HTML_TAG_NAME -&gt; attr [1:22]&#10;|       |           |   |--EQUALS -&gt; = [1:26]&#10;|       |           |   `--ATTR_VALUE -&gt; &quot;value&quot; [1:27]&#10;|       |           `--SLASH_END -&gt; /&gt; [1:35]&#10;|       |--NEWLINE -&gt; \n [1:37]&#10;|       `--NEWLINE -&gt; \n [2:0]&#10;|--LEADING_ASTERISK -&gt; * [3:0]&#10;|--WS -&gt;   [3:1]&#10;|--JAVADOC_TAG -&gt; JAVADOC_TAG [3:2]&#10;|   |--DEPRECATED_LITERAL -&gt; @deprecated [3:2]&#10;|   |--NEWLINE -&gt; \n [3:13]&#10;|   |--WS -&gt;        [4:0]&#10;|   `--DESCRIPTION -&gt; DESCRIPTION [4:6]&#10;|       |--TEXT -&gt; deprecated-text [4:6]&#10;|       |--NEWLINE -&gt; \n [4:21]&#10;|       `--NEWLINE -&gt; \n [5:0]&#10;|--LEADING_ASTERISK -&gt; * [6:0]&#10;|--WS -&gt;   [6:1]&#10;|--JAVADOC_TAG -&gt; JAVADOC_TAG [6:2]&#10;|   |--EXCEPTION_LITERAL -&gt; @exception [6:2]&#10;|   |--WS -&gt;        [6:12]&#10;|   |--CLASS_NAME -&gt; CustomEx [6:18]&#10;|   |--WS -&gt;    [6:26]&#10;|   |--NEWLINE -&gt; \n [6:28]&#10;|   |--WS -&gt;        [7:0]&#10;|   `--DESCRIPTION -&gt; DESCRIPTION [7:6]&#10;|       |--JAVADOC_INLINE_TAG -&gt; JAVADOC_INLINE_TAG [7:6]&#10;|       |   |--JAVADOC_INLINE_TAG_START -&gt; { [7:6]&#10;|       |   |--LINK_LITERAL -&gt; @link [7:7]&#10;|       |   |--WS -&gt;   [7:12]&#10;|       |   |--REFERENCE -&gt; REFERENCE [7:13]&#10;|       |   |   `--PACKAGE_CLASS -&gt; CustomEx [7:13]&#10;|       |   `--JAVADOC_INLINE_TAG_END -&gt; } [7:21]&#10;|       |--TEXT -&gt;   [7:22]&#10;|       |--HTML_ELEMENT -&gt; HTML_ELEMENT [7:23]&#10;|       |   `--HTML_TAG -&gt; HTML_TAG [7:23]&#10;|       |       |--HTML_ELEMENT_START -&gt; HTML_ELEMENT_START [7:23]&#10;|       |       |   |--START -&gt; &lt; [7:23]&#10;|       |       |   |--HTML_TAG_NAME -&gt; b [7:24]&#10;|       |       |   `--END -&gt; &gt; [7:25]&#10;|       |       |--TEXT -&gt; Internal [7:26]&#10;|       |       `--HTML_ELEMENT_END -&gt; HTML_ELEMENT_END [7:34]&#10;|       |           |--START -&gt; &lt; [7:34]&#10;|       |           |--SLASH -&gt; / [7:35]&#10;|       |           |--HTML_TAG_NAME -&gt; b [7:36]&#10;|       |           `--END -&gt; &gt; [7:37]&#10;|       |--NEWLINE -&gt; \n [7:38]&#10;|       `--NEWLINE -&gt; \n [8:0]&#10;|--LEADING_ASTERISK -&gt; * [9:0]&#10;|--WS -&gt;   [9:1]&#10;|--JAVADOC_TAG -&gt; JAVADOC_TAG [9:2]&#10;|   |--PARAM_LITERAL -&gt; @param [9:2]&#10;|   |--WS -&gt;           [9:8]&#10;|   |--PARAMETER_NAME -&gt; ParamName [9:17]&#10;|   |--NEWLINE -&gt; \n [9:26]&#10;|   |--WS -&gt;        [10:0]&#10;|   `--DESCRIPTION -&gt; DESCRIPTION [10:6]&#10;|       |--TEXT -&gt; Param-description [10:6]&#10;|       |--NEWLINE -&gt; \n [10:23]&#10;|       `--NEWLINE -&gt; \n [11:0]&#10;|--LEADING_ASTERISK -&gt; * [12:0]&#10;|--WS -&gt;   [12:1]&#10;|--JAVADOC_TAG -&gt; JAVADOC_TAG [12:2]&#10;|   |--RETURN_LITERAL -&gt; @return [12:2]&#10;|   |--NEWLINE -&gt; \n [12:9]&#10;|   |--WS -&gt;        [13:0]&#10;|   `--DESCRIPTION -&gt; DESCRIPTION [13:6]&#10;|       |--TEXT -&gt; return-description [13:6]&#10;|       |--NEWLINE -&gt; \n [13:24]&#10;|       `--NEWLINE -&gt; \n [14:0]&#10;|--LEADING_ASTERISK -&gt; * [15:0]&#10;|--WS -&gt;   [15:1]&#10;|--JAVADOC_TAG -&gt; JAVADOC_TAG [15:2]&#10;|   |--SERIAL_LITERAL -&gt; @serial [15:2]&#10;|   |--NEWLINE -&gt; \n [15:9]&#10;|   |--WS -&gt;        [16:0]&#10;|   `--DESCRIPTION -&gt; DESCRIPTION [16:6]&#10;|       |--TEXT -&gt; DESCRIPTION [16:6]&#10;|       |--NEWLINE -&gt; \n [16:17]&#10;|       `--NEWLINE -&gt; \n [17:0]&#10;|--LEADING_ASTERISK -&gt; * [18:0]&#10;|--WS -&gt;   [18:1]&#10;|--JAVADOC_TAG -&gt; JAVADOC_TAG [18:2]&#10;|   |--SERIAL_LITERAL -&gt; @serial [18:2]&#10;|   |--NEWLINE -&gt; \n [18:9]&#10;|   |--LITERAL_INCLUDE -&gt; include [19:0]&#10;|   |--WS -&gt;      [19:7]&#10;|   |--NEWLINE -&gt; \n [19:11]&#10;|   `--NEWLINE -&gt; \n [20:0]&#10;|--LEADING_ASTERISK -&gt; * [21:0]&#10;|--WS -&gt;   [21:1]&#10;|--JAVADOC_TAG -&gt; JAVADOC_TAG [21:2]&#10;|   |--SERIAL_DATA_LITERAL -&gt; @serialData [21:2]&#10;|   |--NEWLINE -&gt; \n [21:13]&#10;|   |--WS -&gt;        [22:0]&#10;|   `--DESCRIPTION -&gt; DESCRIPTION [22:6]&#10;|       |--TEXT -&gt; DESCRIPTION [22:6]&#10;|       |--NEWLINE -&gt; \n [22:17]&#10;|       |--TEXT -&gt;       on multiple lines [23:0]&#10;|       |--NEWLINE -&gt; \n [23:23]&#10;|       `--NEWLINE -&gt; \n [24:0]&#10;|--LEADING_ASTERISK -&gt; * [25:0]&#10;|--WS -&gt;   [25:1]&#10;|--JAVADOC_TAG -&gt; JAVADOC_TAG [25:2]&#10;|   |--SERIAL_FIELD_LITERAL -&gt; @serialField [25:2]&#10;|   |--WS -&gt;       [25:14]&#10;|   |--FIELD_NAME -&gt; fieldname [25:19]&#10;|   |--WS -&gt;       [25:28]&#10;|   |--FIELD_TYPE -&gt; fieldtype [25:33]&#10;|   |--NEWLINE -&gt; \n [25:42]&#10;|   |--NEWLINE -&gt; \n [26:0]&#10;|   |--WS -&gt;       [27:0]&#10;|   `--DESCRIPTION -&gt; DESCRIPTION [27:5]&#10;|       |--TEXT -&gt; description [27:5]&#10;|       |--NEWLINE -&gt; \n [27:16]&#10;|       `--NEWLINE -&gt; \n [28:0]&#10;|--LEADING_ASTERISK -&gt; * [29:0]&#10;|--WS -&gt;   [29:1]&#10;|--JAVADOC_TAG -&gt; JAVADOC_TAG [29:2]&#10;|   |--SINCE_LITERAL -&gt; @since [29:2]&#10;|   |--NEWLINE -&gt; \n [29:8]&#10;|   |--WS -&gt;              [30:0]&#10;|   `--DESCRIPTION -&gt; DESCRIPTION [30:12]&#10;|       |--TEXT -&gt; 8.2 [30:12]&#10;|       |--NEWLINE -&gt; \n [30:15]&#10;|       `--NEWLINE -&gt; \n [31:0]&#10;|--LEADING_ASTERISK -&gt; * [32:0]&#10;|--WS -&gt;   [32:1]&#10;|--JAVADOC_TAG -&gt; JAVADOC_TAG [32:2]&#10;|   |--THROWS_LITERAL -&gt; @throws [32:2]&#10;|   |--WS -&gt;        [32:9]&#10;|   |--CLASS_NAME -&gt; Exception [32:15]&#10;|   |--WS -&gt;       [32:24]&#10;|   `--DESCRIPTION -&gt; DESCRIPTION [32:29]&#10;|       |--TEXT -&gt; Exception-description [32:29]&#10;|       |--NEWLINE -&gt; \n [32:50]&#10;|       |--TEXT -&gt;          spanning multiple lines [33:0]&#10;|       |--NEWLINE -&gt; \n [33:32]&#10;|       `--NEWLINE -&gt; \n [34:0]&#10;|--LEADING_ASTERISK -&gt; * [35:0]&#10;|--WS -&gt;   [35:1]&#10;|--JAVADOC_TAG -&gt; JAVADOC_TAG [35:2]&#10;|   |--VERSION_LITERAL -&gt; @version [35:2]&#10;|   |--NEWLINE -&gt; \n [35:10]&#10;|   |--WS -&gt;               [36:0]&#10;|   `--DESCRIPTION -&gt; DESCRIPTION [36:13]&#10;|       |--TEXT -&gt; 8.2 - 8.3 - 8.4... [36:13]&#10;|       |--NEWLINE -&gt; \n [36:31]&#10;|       `--NEWLINE -&gt; \n [37:0]&#10;|--LEADING_ASTERISK -&gt; * [38:0]&#10;|--WS -&gt;   [38:1]&#10;|--JAVADOC_TAG -&gt; JAVADOC_TAG [38:2]&#10;|   |--CUSTOM_NAME -&gt; @customTag [38:2]&#10;|   |--NEWLINE -&gt; \n [38:12]&#10;|   |--WS -&gt;       [39:0]&#10;|   |--NEWLINE -&gt; \n [39:5]&#10;|   |--WS -&gt;       [40:0]&#10;|   `--DESCRIPTION -&gt; DESCRIPTION [40:5]&#10;|       |--TEXT -&gt; DESCRIPTION [40:5]&#10;|       |--NEWLINE -&gt; \n [40:16]&#10;|       `--NEWLINE -&gt; \n [41:0]&#10;|--LEADING_ASTERISK -&gt; * [42:0]&#10;|--WS -&gt;   [42:1]&#10;|--JAVADOC_TAG -&gt; JAVADOC_TAG [42:2]&#10;|   |--SEE_LITERAL -&gt; @see [42:2]&#10;|   |--WS -&gt;   [42:6]&#10;|   |--REFERENCE -&gt; REFERENCE [42:7]&#10;|   |   |--PACKAGE_CLASS -&gt; package.Class [42:7]&#10;|   |   |--HASH -&gt; # [42:20]&#10;|   |   |--MEMBER -&gt; member [42:21]&#10;|   |   `--PARAMETERS -&gt; PARAMETERS [42:27]&#10;|   |       |--LEFT_BRACE -&gt; ( [42:27]&#10;|   |       |--ARGUMENT -&gt; Object [42:28]&#10;|   |       |--COMMA -&gt; , [42:34]&#10;|   |       |--WS -&gt;   [42:35]&#10;|   |       |--ARGUMENT -&gt; Object [42:36]&#10;|   |       `--RIGHT_BRACE -&gt; ) [42:42]&#10;|   |--WS -&gt;               [42:43]&#10;|   |--NEWLINE -&gt; \n [42:56]&#10;|   `--DESCRIPTION -&gt; DESCRIPTION [43:0]&#10;|       |--LEADING_ASTERISK -&gt; * [43:0]&#10;|       `--TEXT -&gt;          Description [43:1]&#10;`--EOF -&gt; &lt;EOF&gt; [43:21]&#13;]&#10;&gt;" type="org.junit.ComparisonFailure"><![CDATA[org.junit.ComparisonFailure: 
Generated tree from the javadoc file should match the pre-defined tree expected:<...DOC -> JAVADOC [0:0][
|--LEADING_ASTERISK -> * [0:0]
|--WS ->   [0:1]
|--JAVADOC_TAG -> JAVADOC_TAG [0:2]
|   |--AUTHOR_LITERAL -> @author [0:2]
|   |--WS ->    [0:9]
|   |--NEWLINE -> \n [0:11]
|   |--WS ->        [1:0]
|   `--DESCRIPTION -> DESCRIPTION [1:6]
|       |--TEXT -> author-name  [1:6]
|       |--HTML_ELEMENT -> HTML_ELEMENT [1:18]
|       |   `--SINGLETON_ELEMENT -> SINGLETON_ELEMENT [1:18]
|       |       `--BR_TAG -> BR_TAG [1:18]
|       |           |--START -> < [1:18]
|       |           |--BR_HTML_TAG_NAME -> br [1:19]
|       |           |--WS ->   [1:21]
|       |           |--ATTRIBUTE -> ATTRIBUTE [1:22]
|       |           |   |--HTML_TAG_NAME -> attr [1:22]
|       |           |   |--EQUALS -> = [1:26]
|       |           |   `--ATTR_VALUE -> "value" [1:27]
|       |           `--SLASH_END -> /> [1:35]
|       |--NEWLINE -> \n [1:37]
|       `--NEWLINE -> \n [2:0]
|--LEADING_ASTERISK -> * [3:0]
|--WS ->   [3:1]
|--JAVADOC_TAG -> JAVADOC_TAG [3:2]
|   |--DEPRECATED_LITERAL -> @deprecated [3:2]
|   |--NEWLINE -> \n [3:13]
|   |--WS ->        [4:0]
|   `--DESCRIPTION -> DESCRIPTION [4:6]
|       |--TEXT -> deprecated-text [4:6]
|       |--NEWLINE -> \n [4:21]
|       `--NEWLINE -> \n [5:0]
|--LEADING_ASTERISK -> * [6:0]
|--WS ->   [6:1]
|--JAVADOC_TAG -> JAVADOC_TAG [6:2]
|   |--EXCEPTION_LITERAL -> @exception [6:2]
|   |--WS ->        [6:12]
|   |--CLASS_NAME -> CustomEx [6:18]
|   |--WS ->    [6:26]
|   |--NEWLINE -> \n [6:28]
|   |--WS ->        [7:0]
|   `--DESCRIPTION -> DESCRIPTION [7:6]
|       |--JAVADOC_INLINE_TAG -> JAVADOC_INLINE_TAG [7:6]
|       |   |--JAVADOC_INLINE_TAG_START -> { [7:6]
|       |   |--LINK_LITERAL -> @link [7:7]
|       |   |--WS ->   [7:12]
|       |   |--REFERENCE -> REFERENCE [7:13]
|       |   |   `--PACKAGE_CLASS -> CustomEx [7:13]
|       |   `--JAVADOC_INLINE_TAG_END -> } [7:21]
|       |--TEXT ->   [7:22]
|       |--HTML_ELEMENT -> HTML_ELEMENT [7:23]
|       |   `--HTML_TAG -> HTML_TAG [7:23]
|       |       |--HTML_ELEMENT_START -> HTML_ELEMENT_START [7:23]
|       |       |   |--START -> < [7:23]
|       |       |   |--HTML_TAG_NAME -> b [7:24]
|       |       |   `--END -> > [7:25]
|       |       |--TEXT -> Internal [7:26]
|       |       `--HTML_ELEMENT_END -> HTML_ELEMENT_END [7:34]
|       |           |--START -> < [7:34]
|       |           |--SLASH -> / [7:35]
|       |           |--HTML_TAG_NAME -> b [7:36]
|       |           `--END -> > [7:37]
|       |--NEWLINE -> \n [7:38]
|       `--NEWLINE -> \n [8:0]
|--LEADING_ASTERISK -> * [9:0]
|--WS ->   [9:1]
|--JAVADOC_TAG -> JAVADOC_TAG [9:2]
|   |--PARAM_LITERAL -> @param [9:2]
|   |--WS ->           [9:8]
|   |--PARAMETER_NAME -> ParamName [9:17]
|   |--NEWLINE -> \n [9:26]
|   |--WS ->        [10:0]
|   `--DESCRIPTION -> DESCRIPTION [10:6]
|       |--TEXT -> Param-description [10:6]
|       |--NEWLINE -> \n [10:23]
|       `--NEWLINE -> \n [11:0]
|--LEADING_ASTERISK -> * [12:0]
|--WS ->   [12:1]
|--JAVADOC_TAG -> JAVADOC_TAG [12:2]
|   |--RETURN_LITERAL -> @return [12:2]
|   |--NEWLINE -> \n [12:9]
|   |--WS ->        [13:0]
|   `--DESCRIPTION -> DESCRIPTION [13:6]
|       |--TEXT -> return-description [13:6]
|       |--NEWLINE -> \n [13:24]
|       `--NEWLINE -> \n [14:0]
|--LEADING_ASTERISK -> * [15:0]
|--WS ->   [15:1]
|--JAVADOC_TAG -> JAVADOC_TAG [15:2]
|   |--SERIAL_LITERAL -> @serial [15:2]
|   |--NEWLINE -> \n [15:9]
|   |--WS ->        [16:0]
|   `--DESCRIPTION -> DESCRIPTION [16:6]
|       |--TEXT -> DESCRIPTION [16:6]
|       |--NEWLINE -> \n [16:17]
|       `--NEWLINE -> \n [17:0]
|--LEADING_ASTERISK -> * [18:0]
|--WS ->   [18:1]
|--JAVADOC_TAG -> JAVADOC_TAG [18:2]
|   |--SERIAL_LITERAL -> @serial [18:2]
|   |--NEWLINE -> \n [18:9]
|   |--LITERAL_INCLUDE -> include [19:0]
|   |--WS ->      [19:7]
|   |--NEWLINE -> \n [19:11]
|   `--NEWLINE -> \n [20:0]
|--LEADING_ASTERISK -> * [21:0]
|--WS ->   [21:1]
|--JAVADOC_TAG -> JAVADOC_TAG [21:2]
|   |--SERIAL_DATA_LITERAL -> @serialData [21:2]
|   |--NEWLINE -> \n [21:13]
|   |--WS ->        [22:0]
|   `--DESCRIPTION -> DESCRIPTION [22:6]
|       |--TEXT -> DESCRIPTION [22:6]
|       |--NEWLINE -> \n [22:17]
|       |--TEXT ->       on multiple lines [23:0]
|       |--NEWLINE -> \n [23:23]
|       `--NEWLINE -> \n [24:0]
|--LEADING_ASTERISK -> * [25:0]
|--WS ->   [25:1]
|--JAVADOC_TAG -> JAVADOC_TAG [25:2]
|   |--SERIAL_FIELD_LITERAL -> @serialField [25:2]
|   |--WS ->       [25:14]
|   |--FIELD_NAME -> fieldname [25:19]
|   |--WS ->       [25:28]
|   |--FIELD_TYPE -> fieldtype [25:33]
|   |--NEWLINE -> \n [25:42]
|   |--NEWLINE -> \n [26:0]
|   |--WS ->       [27:0]
|   `--DESCRIPTION -> DESCRIPTION [27:5]
|       |--TEXT -> description [27:5]
|       |--NEWLINE -> \n [27:16]
|       `--NEWLINE -> \n [28:0]
|--LEADING_ASTERISK -> * [29:0]
|--WS ->   [29:1]
|--JAVADOC_TAG -> JAVADOC_TAG [29:2]
|   |--SINCE_LITERAL -> @since [29:2]
|   |--NEWLINE -> \n [29:8]
|   |--WS ->              [30:0]
|   `--DESCRIPTION -> DESCRIPTION [30:12]
|       |--TEXT -> 8.2 [30:12]
|       |--NEWLINE -> \n [30:15]
|       `--NEWLINE -> \n [31:0]
|--LEADING_ASTERISK -> * [32:0]
|--WS ->   [32:1]
|--JAVADOC_TAG -> JAVADOC_TAG [32:2]
|   |--THROWS_LITERAL -> @throws [32:2]
|   |--WS ->        [32:9]
|   |--CLASS_NAME -> Exception [32:15]
|   |--WS ->       [32:24]
|   `--DESCRIPTION -> DESCRIPTION [32:29]
|       |--TEXT -> Exception-description [32:29]
|       |--NEWLINE -> \n [32:50]
|       |--TEXT ->          spanning multiple lines [33:0]
|       |--NEWLINE -> \n [33:32]
|       `--NEWLINE -> \n [34:0]
|--LEADING_ASTERISK -> * [35:0]
|--WS ->   [35:1]
|--JAVADOC_TAG -> JAVADOC_TAG [35:2]
|   |--VERSION_LITERAL -> @version [35:2]
|   |--NEWLINE -> \n [35:10]
|   |--WS ->               [36:0]
|   `--DESCRIPTION -> DESCRIPTION [36:13]
|       |--TEXT -> 8.2 - 8.3 - 8.4... [36:13]
|       |--NEWLINE -> \n [36:31]
|       `--NEWLINE -> \n [37:0]
|--LEADING_ASTERISK -> * [38:0]
|--WS ->   [38:1]
|--JAVADOC_TAG -> JAVADOC_TAG [38:2]
|   |--CUSTOM_NAME -> @customTag [38:2]
|   |--NEWLINE -> \n [38:12]
|   |--WS ->       [39:0]
|   |--NEWLINE -> \n [39:5]
|   |--WS ->       [40:0]
|   `--DESCRIPTION -> DESCRIPTION [40:5]
|       |--TEXT -> DESCRIPTION [40:5]
|       |--NEWLINE -> \n [40:16]
|       `--NEWLINE -> \n [41:0]
|--LEADING_ASTERISK -> * [42:0]
|--WS ->   [42:1]
|--JAVADOC_TAG -> JAVADOC_TAG [42:2]
|   |--SEE_LITERAL -> @see [42:2]
|   |--WS ->   [42:6]
|   |--REFERENCE -> REFERENCE [42:7]
|   |   |--PACKAGE_CLASS -> package.Class [42:7]
|   |   |--HASH -> # [42:20]
|   |   |--MEMBER -> member [42:21]
|   |   `--PARAMETERS -> PARAMETERS [42:27]
|   |       |--LEFT_BRACE -> ( [42:27]
|   |       |--ARGUMENT -> Object [42:28]
|   |       |--COMMA -> , [42:34]
|   |       |--WS ->   [42:35]
|   |       |--ARGUMENT -> Object [42:36]
|   |       `--RIGHT_BRACE -> ) [42:42]
|   |--WS ->               [42:43]
|   |--NEWLINE -> \n [42:56]
|   `--DESCRIPTION -> DESCRIPTION [43:0]
|       |--LEADING_ASTERISK -> * [43:0]
|       `--TEXT ->          Description [43:1]
`--EOF -> <EOF> [43:21]]
> but was:<...DOC -> JAVADOC [0:0][
|--LEADING_ASTERISK -> * [0:0]
|--WS ->   [0:1]
|--JAVADOC_TAG -> JAVADOC_TAG [0:2]
|   |--AUTHOR_LITERAL -> @author [0:2]
|   |--WS ->    [0:9]
|   |--NEWLINE -> \n [0:11]
|   |--WS ->        [1:0]
|   `--DESCRIPTION -> DESCRIPTION [1:6]
|       |--TEXT -> author-name  [1:6]
|       |--HTML_ELEMENT -> HTML_ELEMENT [1:18]
|       |   `--SINGLETON_ELEMENT -> SINGLETON_ELEMENT [1:18]
|       |       `--BR_TAG -> BR_TAG [1:18]
|       |           |--START -> < [1:18]
|       |           |--BR_HTML_TAG_NAME -> br [1:19]
|       |           |--WS ->   [1:21]
|       |           |--ATTRIBUTE -> ATTRIBUTE [1:22]
|       |           |   |--HTML_TAG_NAME -> attr [1:22]
|       |           |   |--EQUALS -> = [1:26]
|       |           |   `--ATTR_VALUE -> "value" [1:27]
|       |           `--SLASH_END -> /> [1:35]
|       |--NEWLINE -> \n [1:37]
|       `--NEWLINE -> \n [2:0]
|--LEADING_ASTERISK -> * [3:0]
|--WS ->   [3:1]
|--JAVADOC_TAG -> JAVADOC_TAG [3:2]
|   |--DEPRECATED_LITERAL -> @deprecated [3:2]
|   |--NEWLINE -> \n [3:13]
|   |--WS ->        [4:0]
|   `--DESCRIPTION -> DESCRIPTION [4:6]
|       |--TEXT -> deprecated-text [4:6]
|       |--NEWLINE -> \n [4:21]
|       `--NEWLINE -> \n [5:0]
|--LEADING_ASTERISK -> * [6:0]
|--WS ->   [6:1]
|--JAVADOC_TAG -> JAVADOC_TAG [6:2]
|   |--EXCEPTION_LITERAL -> @exception [6:2]
|   |--WS ->        [6:12]
|   |--CLASS_NAME -> CustomEx [6:18]
|   |--WS ->    [6:26]
|   |--NEWLINE -> \n [6:28]
|   |--WS ->        [7:0]
|   `--DESCRIPTION -> DESCRIPTION [7:6]
|       |--JAVADOC_INLINE_TAG -> JAVADOC_INLINE_TAG [7:6]
|       |   |--JAVADOC_INLINE_TAG_START -> { [7:6]
|       |   |--LINK_LITERAL -> @link [7:7]
|       |   |--WS ->   [7:12]
|       |   |--REFERENCE -> REFERENCE [7:13]
|       |   |   `--PACKAGE_CLASS -> CustomEx [7:13]
|       |   `--JAVADOC_INLINE_TAG_END -> } [7:21]
|       |--TEXT ->   [7:22]
|       |--HTML_ELEMENT -> HTML_ELEMENT [7:23]
|       |   `--HTML_TAG -> HTML_TAG [7:23]
|       |       |--HTML_ELEMENT_START -> HTML_ELEMENT_START [7:23]
|       |       |   |--START -> < [7:23]
|       |       |   |--HTML_TAG_NAME -> b [7:24]
|       |       |   `--END -> > [7:25]
|       |       |--TEXT -> Internal [7:26]
|       |       `--HTML_ELEMENT_END -> HTML_ELEMENT_END [7:34]
|       |           |--START -> < [7:34]
|       |           |--SLASH -> / [7:35]
|       |           |--HTML_TAG_NAME -> b [7:36]
|       |           `--END -> > [7:37]
|       |--NEWLINE -> \n [7:38]
|       `--NEWLINE -> \n [8:0]
|--LEADING_ASTERISK -> * [9:0]
|--WS ->   [9:1]
|--JAVADOC_TAG -> JAVADOC_TAG [9:2]
|   |--PARAM_LITERAL -> @param [9:2]
|   |--WS ->           [9:8]
|   |--PARAMETER_NAME -> ParamName [9:17]
|   |--NEWLINE -> \n [9:26]
|   |--WS ->        [10:0]
|   `--DESCRIPTION -> DESCRIPTION [10:6]
|       |--TEXT -> Param-description [10:6]
|       |--NEWLINE -> \n [10:23]
|       `--NEWLINE -> \n [11:0]
|--LEADING_ASTERISK -> * [12:0]
|--WS ->   [12:1]
|--JAVADOC_TAG -> JAVADOC_TAG [12:2]
|   |--RETURN_LITERAL -> @return [12:2]
|   |--NEWLINE -> \n [12:9]
|   |--WS ->        [13:0]
|   `--DESCRIPTION -> DESCRIPTION [13:6]
|       |--TEXT -> return-description [13:6]
|       |--NEWLINE -> \n [13:24]
|       `--NEWLINE -> \n [14:0]
|--LEADING_ASTERISK -> * [15:0]
|--WS ->   [15:1]
|--JAVADOC_TAG -> JAVADOC_TAG [15:2]
|   |--SERIAL_LITERAL -> @serial [15:2]
|   |--NEWLINE -> \n [15:9]
|   |--WS ->        [16:0]
|   `--DESCRIPTION -> DESCRIPTION [16:6]
|       |--TEXT -> DESCRIPTION [16:6]
|       |--NEWLINE -> \n [16:17]
|       `--NEWLINE -> \n [17:0]
|--LEADING_ASTERISK -> * [18:0]
|--WS ->   [18:1]
|--JAVADOC_TAG -> JAVADOC_TAG [18:2]
|   |--SERIAL_LITERAL -> @serial [18:2]
|   |--NEWLINE -> \n [18:9]
|   |--LITERAL_INCLUDE -> include [19:0]
|   |--WS ->      [19:7]
|   |--NEWLINE -> \n [19:11]
|   `--NEWLINE -> \n [20:0]
|--LEADING_ASTERISK -> * [21:0]
|--WS ->   [21:1]
|--JAVADOC_TAG -> JAVADOC_TAG [21:2]
|   |--SERIAL_DATA_LITERAL -> @serialData [21:2]
|   |--NEWLINE -> \n [21:13]
|   |--WS ->        [22:0]
|   `--DESCRIPTION -> DESCRIPTION [22:6]
|       |--TEXT -> DESCRIPTION [22:6]
|       |--NEWLINE -> \n [22:17]
|       |--TEXT ->       on multiple lines [23:0]
|       |--NEWLINE -> \n [23:23]
|       `--NEWLINE -> \n [24:0]
|--LEADING_ASTERISK -> * [25:0]
|--WS ->   [25:1]
|--JAVADOC_TAG -> JAVADOC_TAG [25:2]
|   |--SERIAL_FIELD_LITERAL -> @serialField [25:2]
|   |--WS ->       [25:14]
|   |--FIELD_NAME -> fieldname [25:19]
|   |--WS ->       [25:28]
|   |--FIELD_TYPE -> fieldtype [25:33]
|   |--NEWLINE -> \n [25:42]
|   |--NEWLINE -> \n [26:0]
|   |--WS ->       [27:0]
|   `--DESCRIPTION -> DESCRIPTION [27:5]
|       |--TEXT -> description [27:5]
|       |--NEWLINE -> \n [27:16]
|       `--NEWLINE -> \n [28:0]
|--LEADING_ASTERISK -> * [29:0]
|--WS ->   [29:1]
|--JAVADOC_TAG -> JAVADOC_TAG [29:2]
|   |--SINCE_LITERAL -> @since [29:2]
|   |--NEWLINE -> \n [29:8]
|   |--WS ->              [30:0]
|   `--DESCRIPTION -> DESCRIPTION [30:12]
|       |--TEXT -> 8.2 [30:12]
|       |--NEWLINE -> \n [30:15]
|       `--NEWLINE -> \n [31:0]
|--LEADING_ASTERISK -> * [32:0]
|--WS ->   [32:1]
|--JAVADOC_TAG -> JAVADOC_TAG [32:2]
|   |--THROWS_LITERAL -> @throws [32:2]
|   |--WS ->        [32:9]
|   |--CLASS_NAME -> Exception [32:15]
|   |--WS ->       [32:24]
|   `--DESCRIPTION -> DESCRIPTION [32:29]
|       |--TEXT -> Exception-description [32:29]
|       |--NEWLINE -> \n [32:50]
|       |--TEXT ->          spanning multiple lines [33:0]
|       |--NEWLINE -> \n [33:32]
|       `--NEWLINE -> \n [34:0]
|--LEADING_ASTERISK -> * [35:0]
|--WS ->   [35:1]
|--JAVADOC_TAG -> JAVADOC_TAG [35:2]
|   |--VERSION_LITERAL -> @version [35:2]
|   |--NEWLINE -> \n [35:10]
|   |--WS ->               [36:0]
|   `--DESCRIPTION -> DESCRIPTION [36:13]
|       |--TEXT -> 8.2 - 8.3 - 8.4... [36:13]
|       |--NEWLINE -> \n [36:31]
|       `--NEWLINE -> \n [37:0]
|--LEADING_ASTERISK -> * [38:0]
|--WS ->   [38:1]
|--JAVADOC_TAG -> JAVADOC_TAG [38:2]
|   |--CUSTOM_NAME -> @customTag [38:2]
|   |--NEWLINE -> \n [38:12]
|   |--WS ->       [39:0]
|   |--NEWLINE -> \n [39:5]
|   |--WS ->       [40:0]
|   `--DESCRIPTION -> DESCRIPTION [40:5]
|       |--TEXT -> DESCRIPTION [40:5]
|       |--NEWLINE -> \n [40:16]
|       `--NEWLINE -> \n [41:0]
|--LEADING_ASTERISK -> * [42:0]
|--WS ->   [42:1]
|--JAVADOC_TAG -> JAVADOC_TAG [42:2]
|   |--SEE_LITERAL -> @see [42:2]
|   |--WS ->   [42:6]
|   |--REFERENCE -> REFERENCE [42:7]
|   |   |--PACKAGE_CLASS -> package.Class [42:7]
|   |   |--HASH -> # [42:20]
|   |   |--MEMBER -> member [42:21]
|   |   `--PARAMETERS -> PARAMETERS [42:27]
|   |       |--LEFT_BRACE -> ( [42:27]
|   |       |--ARGUMENT -> Object [42:28]
|   |       |--COMMA -> , [42:34]
|   |       |--WS ->   [42:35]
|   |       |--ARGUMENT -> Object [42:36]
|   |       `--RIGHT_BRACE -> ) [42:42]
|   |--WS ->               [42:43]
|   |--NEWLINE -> \n [42:56]
|   `--DESCRIPTION -> DESCRIPTION [43:0]
|       |--LEADING_ASTERISK -> * [43:0]
|       `--TEXT ->          Description [43:1]
`--EOF -> <EOF> [43:21]]
>
	at com.puppycrawl.tools.checkstyle.grammar.javadoc.JavadocParseTreeTest.testSpaceBeforeDescriptionInBlockJavadocTags(JavadocParseTreeTest.java:278)
]]></failure>
  </testcase>
  <testcase name="testNonTightRbHtmlTag" classname="com.puppycrawl.tools.checkstyle.grammar.javadoc.JavadocParseTreeTest" time="0.046">
    <failure message="Generated tree from the javadoc file should match the pre-defined tree expected:&lt;...DOC -&gt; JAVADOC [0:0][&#10;|--LEADING_ASTERISK -&gt; * [0:0]&#10;|--TEXT -&gt;   [0:1]&#10;|--HTML_ELEMENT -&gt; HTML_ELEMENT [0:2]&#10;|   `--RB_TAG_END -&gt; RB_TAG_END [0:2]&#10;|       |--START -&gt; &lt; [0:2]&#10;|       |--SLASH -&gt; / [0:3]&#10;|       |--RB_HTML_TAG_NAME -&gt; rb [0:4]&#10;|       `--END -&gt; &gt; [0:6]&#10;|--TEXT -&gt;   [0:7]&#10;|--HTML_ELEMENT -&gt; HTML_ELEMENT [0:8]&#10;|   `--RB_TAG_START -&gt; RB_TAG_START [0:8]&#10;|       |--START -&gt; &lt; [0:8]&#10;|       |--RB_HTML_TAG_NAME -&gt; rb [0:9]&#10;|       `--END -&gt; &gt; [0:11]&#10;|--NEWLINE -&gt; \n [0:12]&#10;|--LEADING_ASTERISK -&gt; * [1:0]&#10;|--TEXT -&gt;   [1:1]&#10;|--HTML_ELEMENT -&gt; HTML_ELEMENT [1:2]&#10;|   `--PARAGRAPH -&gt; PARAGRAPH [1:2]&#10;|       |--P_TAG_START -&gt; P_TAG_START [1:2]&#10;|       |   |--START -&gt; &lt; [1:2]&#10;|       |   |--P_HTML_TAG_NAME -&gt; p [1:3]&#10;|       |   `--END -&gt; &gt; [1:4]&#10;|       |--TEXT -&gt;   [1:5]&#10;|       |--RB_TAG_START -&gt; RB_TAG_START [1:6]&#10;|       |   |--START -&gt; &lt; [1:6]&#10;|       |   |--RB_HTML_TAG_NAME -&gt; rb [1:7]&#10;|       |   `--END -&gt; &gt; [1:9]&#10;|       |--TEXT -&gt;   [1:10]&#10;|       `--P_TAG_END -&gt; P_TAG_END [1:11]&#10;|           |--START -&gt; &lt; [1:11]&#10;|           |--SLASH -&gt; / [1:12]&#10;|           |--P_HTML_TAG_NAME -&gt; p [1:13]&#10;|           `--END -&gt; &gt; [1:14]&#10;|--NEWLINE -&gt; \n [1:15]&#10;|--LEADING_ASTERISK -&gt; * [2:0]&#10;|--TEXT -&gt;   [2:1]&#10;|--HTML_ELEMENT -&gt; HTML_ELEMENT [2:2]&#10;|   `--LI -&gt; LI [2:2]&#10;|       |--LI_TAG_START -&gt; LI_TAG_START [2:2]&#10;|       |   |--START -&gt; &lt; [2:2]&#10;|       |   |--LI_HTML_TAG_NAME -&gt; li [2:3]&#10;|       |   `--END -&gt; &gt; [2:5]&#10;|       |--TEXT -&gt;   [2:6]&#10;|       |--RB_TAG_START -&gt; RB_TAG_START [2:7]&#10;|       |   |--START -&gt; &lt; [2:7]&#10;|       |   |--RB_HTML_TAG_NAME -&gt; rb [2:8]&#10;|       |   `--END -&gt; &gt; [2:10]&#10;|       |--TEXT -&gt;   [2:11]&#10;|       `--LI_TAG_END -&gt; LI_TAG_END [2:12]&#10;|           |--START -&gt; &lt; [2:12]&#10;|           |--SLASH -&gt; / [2:13]&#10;|           |--LI_HTML_TAG_NAME -&gt; li [2:14]&#10;|           `--END -&gt; &gt; [2:16]&#10;|--NEWLINE -&gt; \n [2:17]&#10;|--LEADING_ASTERISK -&gt; * [3:0]&#10;|--TEXT -&gt;   [3:1]&#10;|--HTML_ELEMENT -&gt; HTML_ELEMENT [3:2]&#10;|   `--TR -&gt; TR [3:2]&#10;|       |--TR_TAG_START -&gt; TR_TAG_START [3:2]&#10;|       |   |--START -&gt; &lt; [3:2]&#10;|       |   |--TR_HTML_TAG_NAME -&gt; tr [3:3]&#10;|       |   `--END -&gt; &gt; [3:5]&#10;|       |--TEXT -&gt;   [3:6]&#10;|       |--RB_TAG_START -&gt; RB_TAG_START [3:7]&#10;|       |   |--START -&gt; &lt; [3:7]&#10;|       |   |--RB_HTML_TAG_NAME -&gt; rB [3:8]&#10;|       |   `--END -&gt; &gt; [3:10]&#10;|       |--TEXT -&gt;   [3:11]&#10;|       `--TR_TAG_END -&gt; TR_TAG_END [3:12]&#10;|           |--START -&gt; &lt; [3:12]&#10;|           |--SLASH -&gt; / [3:13]&#10;|           |--TR_HTML_TAG_NAME -&gt; tr [3:14]&#10;|           `--END -&gt; &gt; [3:16]&#10;|--NEWLINE -&gt; \n [3:17]&#10;|--LEADING_ASTERISK -&gt; * [4:0]&#10;|--TEXT -&gt;   [4:1]&#10;|--HTML_ELEMENT -&gt; HTML_ELEMENT [4:2]&#10;|   `--TD -&gt; TD [4:2]&#10;|       |--TD_TAG_START -&gt; TD_TAG_START [4:2]&#10;|       |   |--START -&gt; &lt; [4:2]&#10;|       |   |--TD_HTML_TAG_NAME -&gt; td [4:3]&#10;|       |   `--END -&gt; &gt; [4:5]&#10;|       |--TEXT -&gt;   [4:6]&#10;|       |--RB_TAG_START -&gt; RB_TAG_START [4:7]&#10;|       |   |--START -&gt; &lt; [4:7]&#10;|       |   |--RB_HTML_TAG_NAME -&gt; RB [4:8]&#10;|       |   `--END -&gt; &gt; [4:10]&#10;|       |--TEXT -&gt;   [4:11]&#10;|       `--TD_TAG_END -&gt; TD_TAG_END [4:12]&#10;|           |--START -&gt; &lt; [4:12]&#10;|           |--SLASH -&gt; / [4:13]&#10;|           |--TD_HTML_TAG_NAME -&gt; td [4:14]&#10;|           `--END -&gt; &gt; [4:16]&#10;|--NEWLINE -&gt; \n [4:17]&#10;|--LEADING_ASTERISK -&gt; * [5:0]&#10;|--TEXT -&gt;   [5:1]&#10;|--HTML_ELEMENT -&gt; HTML_ELEMENT [5:2]&#10;|   `--TH -&gt; TH [5:2]&#10;|       |--TH_TAG_START -&gt; TH_TAG_START [5:2]&#10;|       |   |--START -&gt; &lt; [5:2]&#10;|       |   |--TH_HTML_TAG_NAME -&gt; th [5:3]&#10;|       |   `--END -&gt; &gt; [5:5]&#10;|       |--TEXT -&gt;   [5:6]&#10;|       |--RB_TAG_START -&gt; RB_TAG_START [5:7]&#10;|       |   |--START -&gt; &lt; [5:7]&#10;|       |   |--RB_HTML_TAG_NAME -&gt; Rb [5:8]&#10;|       |   `--END -&gt; &gt; [5:10]&#10;|       |--TEXT -&gt;   [5:11]&#10;|       `--TH_TAG_END -&gt; TH_TAG_END [5:12]&#10;|           |--START -&gt; &lt; [5:12]&#10;|           |--SLASH -&gt; / [5:13]&#10;|           |--TH_HTML_TAG_NAME -&gt; th [5:14]&#10;|           `--END -&gt; &gt; [5:16]&#10;|--NEWLINE -&gt; \n [5:17]&#10;|--LEADING_ASTERISK -&gt; * [6:0]&#10;|--TEXT -&gt;   [6:1]&#10;|--HTML_ELEMENT -&gt; HTML_ELEMENT [6:2]&#10;|   `--BODY -&gt; BODY [6:2]&#10;|       |--BODY_TAG_START -&gt; BODY_TAG_START [6:2]&#10;|       |   |--START -&gt; &lt; [6:2]&#10;|       |   |--BODY_HTML_TAG_NAME -&gt; body [6:3]&#10;|       |   `--END -&gt; &gt; [6:7]&#10;|       |--TEXT -&gt;   [6:8]&#10;|       |--RB_TAG_START -&gt; RB_TAG_START [6:9]&#10;|       |   |--START -&gt; &lt; [6:9]&#10;|       |   |--RB_HTML_TAG_NAME -&gt; rb [6:10]&#10;|       |   `--END -&gt; &gt; [6:12]&#10;|       |--TEXT -&gt;   [6:13]&#10;|       `--BODY_TAG_END -&gt; BODY_TAG_END [6:14]&#10;|           |--START -&gt; &lt; [6:14]&#10;|           |--SLASH -&gt; / [6:15]&#10;|           |--BODY_HTML_TAG_NAME -&gt; body [6:16]&#10;|           `--END -&gt; &gt; [6:20]&#10;|--NEWLINE -&gt; \n [6:21]&#10;|--LEADING_ASTERISK -&gt; * [7:0]&#10;|--TEXT -&gt;   [7:1]&#10;|--HTML_ELEMENT -&gt; HTML_ELEMENT [7:2]&#10;|   `--COLGROUP -&gt; COLGROUP [7:2]&#10;|       |--COLGROUP_TAG_START -&gt; COLGROUP_TAG_START [7:2]&#10;|       |   |--START -&gt; &lt; [7:2]&#10;|       |   |--COLGROUP_HTML_TAG_NAME -&gt; colgroup [7:3]&#10;|       |   `--END -&gt; &gt; [7:11]&#10;|       |--TEXT -&gt;   [7:12]&#10;|       |--RB_TAG_START -&gt; RB_TAG_START [7:13]&#10;|       |   |--START -&gt; &lt; [7:13]&#10;|       |   |--RB_HTML_TAG_NAME -&gt; rb [7:14]&#10;|       |   `--END -&gt; &gt; [7:16]&#10;|       |--TEXT -&gt;   [7:17]&#10;|       `--COLGROUP_TAG_END -&gt; COLGROUP_TAG_END [7:18]&#10;|           |--START -&gt; &lt; [7:18]&#10;|           |--SLASH -&gt; / [7:19]&#10;|           |--COLGROUP_HTML_TAG_NAME -&gt; colgroup [7:20]&#10;|           `--END -&gt; &gt; [7:28]&#10;|--NEWLINE -&gt; \n [7:29]&#10;|--LEADING_ASTERISK -&gt; * [8:0]&#10;|--TEXT -&gt;   [8:1]&#10;|--HTML_ELEMENT -&gt; HTML_ELEMENT [8:2]&#10;|   `--DD -&gt; DD [8:2]&#10;|       |--DD_TAG_START -&gt; DD_TAG_START [8:2]&#10;|       |   |--START -&gt; &lt; [8:2]&#10;|       |   |--DD_HTML_TAG_NAME -&gt; dd [8:3]&#10;|       |   `--END -&gt; &gt; [8:5]&#10;|       |--TEXT -&gt;   [8:6]&#10;|       |--RB_TAG_START -&gt; RB_TAG_START [8:7]&#10;|       |   |--START -&gt; &lt; [8:7]&#10;|       |   |--RB_HTML_TAG_NAME -&gt; rb [8:8]&#10;|       |   `--END -&gt; &gt; [8:10]&#10;|       |--TEXT -&gt;   [8:11]&#10;|       `--DD_TAG_END -&gt; DD_TAG_END [8:12]&#10;|           |--START -&gt; &lt; [8:12]&#10;|           |--SLASH -&gt; / [8:13]&#10;|           |--DD_HTML_TAG_NAME -&gt; dd [8:14]&#10;|           `--END -&gt; &gt; [8:16]&#10;|--NEWLINE -&gt; \n [8:17]&#10;|--LEADING_ASTERISK -&gt; * [9:0]&#10;|--TEXT -&gt;   [9:1]&#10;|--HTML_ELEMENT -&gt; HTML_ELEMENT [9:2]&#10;|   `--DT -&gt; DT [9:2]&#10;|       |--DT_TAG_START -&gt; DT_TAG_START [9:2]&#10;|       |   |--START -&gt; &lt; [9:2]&#10;|       |   |--DT_HTML_TAG_NAME -&gt; dt [9:3]&#10;|       |   `--END -&gt; &gt; [9:5]&#10;|       |--TEXT -&gt;   [9:6]&#10;|       |--RB_TAG_START -&gt; RB_TAG_START [9:7]&#10;|       |   |--START -&gt; &lt; [9:7]&#10;|       |   |--RB_HTML_TAG_NAME -&gt; rb [9:8]&#10;|       |   `--END -&gt; &gt; [9:10]&#10;|       |--TEXT -&gt;   [9:11]&#10;|       `--DT_TAG_END -&gt; DT_TAG_END [9:12]&#10;|           |--START -&gt; &lt; [9:12]&#10;|           |--SLASH -&gt; / [9:13]&#10;|           |--DT_HTML_TAG_NAME -&gt; dt [9:14]&#10;|           `--END -&gt; &gt; [9:16]&#10;|--NEWLINE -&gt; \n [9:17]&#10;|--LEADING_ASTERISK -&gt; * [10:0]&#10;|--TEXT -&gt;   [10:1]&#10;|--HTML_ELEMENT -&gt; HTML_ELEMENT [10:2]&#10;|   `--HEAD -&gt; HEAD [10:2]&#10;|       |--HEAD_TAG_START -&gt; HEAD_TAG_START [10:2]&#10;|       |   |--START -&gt; &lt; [10:2]&#10;|       |   |--HEAD_HTML_TAG_NAME -&gt; head [10:3]&#10;|       |   `--END -&gt; &gt; [10:7]&#10;|       |--TEXT -&gt;   [10:8]&#10;|       |--RB_TAG_START -&gt; RB_TAG_START [10:9]&#10;|       |   |--START -&gt; &lt; [10:9]&#10;|       |   |--RB_HTML_TAG_NAME -&gt; rb [10:10]&#10;|       |   `--END -&gt; &gt; [10:12]&#10;|       |--TEXT -&gt;   [10:13]&#10;|       `--HEAD_TAG_END -&gt; HEAD_TAG_END [10:14]&#10;|           |--START -&gt; &lt; [10:14]&#10;|           |--SLASH -&gt; / [10:15]&#10;|           |--HEAD_HTML_TAG_NAME -&gt; head [10:16]&#10;|           `--END -&gt; &gt; [10:20]&#10;|--NEWLINE -&gt; \n [10:21]&#10;|--LEADING_ASTERISK -&gt; * [11:0]&#10;|--TEXT -&gt;   [11:1]&#10;|--HTML_ELEMENT -&gt; HTML_ELEMENT [11:2]&#10;|   `--HTML -&gt; HTML [11:2]&#10;|       |--HTML_TAG_START -&gt; HTML_TAG_START [11:2]&#10;|       |   |--START -&gt; &lt; [11:2]&#10;|       |   |--HTML_HTML_TAG_NAME -&gt; html [11:3]&#10;|       |   `--END -&gt; &gt; [11:7]&#10;|       |--TEXT -&gt;   [11:8]&#10;|       |--RB_TAG_START -&gt; RB_TAG_START [11:9]&#10;|       |   |--START -&gt; &lt; [11:9]&#10;|       |   |--RB_HTML_TAG_NAME -&gt; rb [11:10]&#10;|       |   `--END -&gt; &gt; [11:12]&#10;|       |--TEXT -&gt;   [11:13]&#10;|       `--HTML_TAG_END -&gt; HTML_TAG_END [11:14]&#10;|           |--START -&gt; &lt; [11:14]&#10;|           |--SLASH -&gt; / [11:15]&#10;|           |--HTML_HTML_TAG_NAME -&gt; html [11:16]&#10;|           `--END -&gt; &gt; [11:20]&#10;|--NEWLINE -&gt; \n [11:21]&#10;|--LEADING_ASTERISK -&gt; * [12:0]&#10;|--TEXT -&gt;   [12:1]&#10;|--HTML_ELEMENT -&gt; HTML_ELEMENT [12:2]&#10;|   `--OPTION -&gt; OPTION [12:2]&#10;|       |--OPTION_TAG_START -&gt; OPTION_TAG_START [12:2]&#10;|       |   |--START -&gt; &lt; [12:2]&#10;|       |   |--OPTION_HTML_TAG_NAME -&gt; option [12:3]&#10;|       |   `--END -&gt; &gt; [12:9]&#10;|       |--TEXT -&gt;   [12:10]&#10;|       |--RB_TAG_START -&gt; RB_TAG_START [12:11]&#10;|       |   |--START -&gt; &lt; [12:11]&#10;|       |   |--RB_HTML_TAG_NAME -&gt; rb [12:12]&#10;|       |   `--END -&gt; &gt; [12:14]&#10;|       |--TEXT -&gt;   [12:15]&#10;|       `--OPTION_TAG_END -&gt; OPTION_TAG_END [12:16]&#10;|           |--START -&gt; &lt; [12:16]&#10;|           |--SLASH -&gt; / [12:17]&#10;|           |--OPTION_HTML_TAG_NAME -&gt; option [12:18]&#10;|           `--END -&gt; &gt; [12:24]&#10;|--NEWLINE -&gt; \n [12:25]&#10;|--LEADING_ASTERISK -&gt; * [13:0]&#10;|--TEXT -&gt;   [13:1]&#10;|--HTML_ELEMENT -&gt; HTML_ELEMENT [13:2]&#10;|   `--TBODY -&gt; TBODY [13:2]&#10;|       |--TBODY_TAG_START -&gt; TBODY_TAG_START [13:2]&#10;|       |   |--START -&gt; &lt; [13:2]&#10;|       |   |--TBODY_HTML_TAG_NAME -&gt; tbody [13:3]&#10;|       |   `--END -&gt; &gt; [13:8]&#10;|       |--TEXT -&gt;   [13:9]&#10;|       |--RB_TAG_START -&gt; RB_TAG_START [13:10]&#10;|       |   |--START -&gt; &lt; [13:10]&#10;|       |   |--RB_HTML_TAG_NAME -&gt; rb [13:11]&#10;|       |   `--END -&gt; &gt; [13:13]&#10;|       |--TEXT -&gt;   [13:14]&#10;|       `--TBODY_TAG_END -&gt; TBODY_TAG_END [13:15]&#10;|           |--START -&gt; &lt; [13:15]&#10;|           |--SLASH -&gt; / [13:16]&#10;|           |--TBODY_HTML_TAG_NAME -&gt; tbody [13:17]&#10;|           `--END -&gt; &gt; [13:22]&#10;|--NEWLINE -&gt; \n [13:23]&#10;|--LEADING_ASTERISK -&gt; * [14:0]&#10;|--TEXT -&gt;   [14:1]&#10;|--HTML_ELEMENT -&gt; HTML_ELEMENT [14:2]&#10;|   `--TFOOT -&gt; TFOOT [14:2]&#10;|       |--TFOOT_TAG_START -&gt; TFOOT_TAG_START [14:2]&#10;|       |   |--START -&gt; &lt; [14:2]&#10;|       |   |--TFOOT_HTML_TAG_NAME -&gt; tfoot [14:3]&#10;|       |   `--END -&gt; &gt; [14:8]&#10;|       |--TEXT -&gt;   [14:9]&#10;|       |--RB_TAG_START -&gt; RB_TAG_START [14:10]&#10;|       |   |--START -&gt; &lt; [14:10]&#10;|       |   |--RB_HTML_TAG_NAME -&gt; rb [14:11]&#10;|       |   `--END -&gt; &gt; [14:13]&#10;|       |--TEXT -&gt;   [14:14]&#10;|       `--TFOOT_TAG_END -&gt; TFOOT_TAG_END [14:15]&#10;|           |--START -&gt; &lt; [14:15]&#10;|           |--SLASH -&gt; / [14:16]&#10;|           |--TFOOT_HTML_TAG_NAME -&gt; tfoot [14:17]&#10;|           `--END -&gt; &gt; [14:22]&#10;|--NEWLINE -&gt; \n [14:23]&#10;|--LEADING_ASTERISK -&gt; * [15:0]&#10;|--TEXT -&gt;   [15:1]&#10;|--HTML_ELEMENT -&gt; HTML_ELEMENT [15:2]&#10;|   `--RB_TAG_START -&gt; RB_TAG_START [15:2]&#10;|       |--START -&gt; &lt; [15:2]&#10;|       |--RB_HTML_TAG_NAME -&gt; rb [15:3]&#10;|       |--WS -&gt;   [15:5]&#10;|       |--ATTRIBUTE -&gt; ATTRIBUTE [15:6]&#10;|       |   |--HTML_TAG_NAME -&gt; style [15:6]&#10;|       |   |--EQUALS -&gt; = [15:11]&#10;|       |   `--ATTR_VALUE -&gt; &quot;color:red&quot; [15:12]&#10;|       |--WS -&gt;   [15:24]&#10;|       |--NEWLINE -&gt; \n [15:25]&#10;|       |--LEADING_ASTERISK -&gt; * [16:0]&#10;|       |--NEWLINE -&gt; \n [16:1]&#10;|       |--LEADING_ASTERISK -&gt; * [17:0]&#10;|       |--WS -&gt;   [17:1]&#10;|       `--END -&gt; &gt; [17:2]&#10;|--TEXT -&gt;   [17:3]&#10;|--HTML_COMMENT -&gt; HTML_COMMENT [17:4]&#10;|   |--HTML_COMMENT_START -&gt; &lt;!-- [17:4]&#10;|   |--TEXT -&gt; HTML COMMENT [17:8]&#10;|   `--HTML_COMMENT_END -&gt; --&gt; [17:20]&#10;`--EOF -&gt; &lt;EOF&gt; [17:23]]&#10;&gt; but was:&lt;...DOC -&gt; JAVADOC [0:0][&#10;|--LEADING_ASTERISK -&gt; * [0:0]&#10;|--TEXT -&gt;   [0:1]&#10;|--HTML_ELEMENT -&gt; HTML_ELEMENT [0:2]&#10;|   `--RB_TAG_END -&gt; RB_TAG_END [0:2]&#10;|       |--START -&gt; &lt; [0:2]&#10;|       |--SLASH -&gt; / [0:3]&#10;|       |--RB_HTML_TAG_NAME -&gt; rb [0:4]&#10;|       `--END -&gt; &gt; [0:6]&#10;|--TEXT -&gt;   [0:7]&#10;|--HTML_ELEMENT -&gt; HTML_ELEMENT [0:8]&#10;|   `--RB_TAG_START -&gt; RB_TAG_START [0:8]&#10;|       |--START -&gt; &lt; [0:8]&#10;|       |--RB_HTML_TAG_NAME -&gt; rb [0:9]&#10;|       `--END -&gt; &gt; [0:11]&#10;|--NEWLINE -&gt; \n [0:12]&#10;|--LEADING_ASTERISK -&gt; * [1:0]&#10;|--TEXT -&gt;   [1:1]&#10;|--HTML_ELEMENT -&gt; HTML_ELEMENT [1:2]&#10;|   `--PARAGRAPH -&gt; PARAGRAPH [1:2]&#10;|       |--P_TAG_START -&gt; P_TAG_START [1:2]&#10;|       |   |--START -&gt; &lt; [1:2]&#10;|       |   |--P_HTML_TAG_NAME -&gt; p [1:3]&#10;|       |   `--END -&gt; &gt; [1:4]&#10;|       |--TEXT -&gt;   [1:5]&#10;|       |--RB_TAG_START -&gt; RB_TAG_START [1:6]&#10;|       |   |--START -&gt; &lt; [1:6]&#10;|       |   |--RB_HTML_TAG_NAME -&gt; rb [1:7]&#10;|       |   `--END -&gt; &gt; [1:9]&#10;|       |--TEXT -&gt;   [1:10]&#10;|       `--P_TAG_END -&gt; P_TAG_END [1:11]&#10;|           |--START -&gt; &lt; [1:11]&#10;|           |--SLASH -&gt; / [1:12]&#10;|           |--P_HTML_TAG_NAME -&gt; p [1:13]&#10;|           `--END -&gt; &gt; [1:14]&#10;|--NEWLINE -&gt; \n [1:15]&#10;|--LEADING_ASTERISK -&gt; * [2:0]&#10;|--TEXT -&gt;   [2:1]&#10;|--HTML_ELEMENT -&gt; HTML_ELEMENT [2:2]&#10;|   `--LI -&gt; LI [2:2]&#10;|       |--LI_TAG_START -&gt; LI_TAG_START [2:2]&#10;|       |   |--START -&gt; &lt; [2:2]&#10;|       |   |--LI_HTML_TAG_NAME -&gt; li [2:3]&#10;|       |   `--END -&gt; &gt; [2:5]&#10;|       |--TEXT -&gt;   [2:6]&#10;|       |--RB_TAG_START -&gt; RB_TAG_START [2:7]&#10;|       |   |--START -&gt; &lt; [2:7]&#10;|       |   |--RB_HTML_TAG_NAME -&gt; rb [2:8]&#10;|       |   `--END -&gt; &gt; [2:10]&#10;|       |--TEXT -&gt;   [2:11]&#10;|       `--LI_TAG_END -&gt; LI_TAG_END [2:12]&#10;|           |--START -&gt; &lt; [2:12]&#10;|           |--SLASH -&gt; / [2:13]&#10;|           |--LI_HTML_TAG_NAME -&gt; li [2:14]&#10;|           `--END -&gt; &gt; [2:16]&#10;|--NEWLINE -&gt; \n [2:17]&#10;|--LEADING_ASTERISK -&gt; * [3:0]&#10;|--TEXT -&gt;   [3:1]&#10;|--HTML_ELEMENT -&gt; HTML_ELEMENT [3:2]&#10;|   `--TR -&gt; TR [3:2]&#10;|       |--TR_TAG_START -&gt; TR_TAG_START [3:2]&#10;|       |   |--START -&gt; &lt; [3:2]&#10;|       |   |--TR_HTML_TAG_NAME -&gt; tr [3:3]&#10;|       |   `--END -&gt; &gt; [3:5]&#10;|       |--TEXT -&gt;   [3:6]&#10;|       |--RB_TAG_START -&gt; RB_TAG_START [3:7]&#10;|       |   |--START -&gt; &lt; [3:7]&#10;|       |   |--RB_HTML_TAG_NAME -&gt; rB [3:8]&#10;|       |   `--END -&gt; &gt; [3:10]&#10;|       |--TEXT -&gt;   [3:11]&#10;|       `--TR_TAG_END -&gt; TR_TAG_END [3:12]&#10;|           |--START -&gt; &lt; [3:12]&#10;|           |--SLASH -&gt; / [3:13]&#10;|           |--TR_HTML_TAG_NAME -&gt; tr [3:14]&#10;|           `--END -&gt; &gt; [3:16]&#10;|--NEWLINE -&gt; \n [3:17]&#10;|--LEADING_ASTERISK -&gt; * [4:0]&#10;|--TEXT -&gt;   [4:1]&#10;|--HTML_ELEMENT -&gt; HTML_ELEMENT [4:2]&#10;|   `--TD -&gt; TD [4:2]&#10;|       |--TD_TAG_START -&gt; TD_TAG_START [4:2]&#10;|       |   |--START -&gt; &lt; [4:2]&#10;|       |   |--TD_HTML_TAG_NAME -&gt; td [4:3]&#10;|       |   `--END -&gt; &gt; [4:5]&#10;|       |--TEXT -&gt;   [4:6]&#10;|       |--RB_TAG_START -&gt; RB_TAG_START [4:7]&#10;|       |   |--START -&gt; &lt; [4:7]&#10;|       |   |--RB_HTML_TAG_NAME -&gt; RB [4:8]&#10;|       |   `--END -&gt; &gt; [4:10]&#10;|       |--TEXT -&gt;   [4:11]&#10;|       `--TD_TAG_END -&gt; TD_TAG_END [4:12]&#10;|           |--START -&gt; &lt; [4:12]&#10;|           |--SLASH -&gt; / [4:13]&#10;|           |--TD_HTML_TAG_NAME -&gt; td [4:14]&#10;|           `--END -&gt; &gt; [4:16]&#10;|--NEWLINE -&gt; \n [4:17]&#10;|--LEADING_ASTERISK -&gt; * [5:0]&#10;|--TEXT -&gt;   [5:1]&#10;|--HTML_ELEMENT -&gt; HTML_ELEMENT [5:2]&#10;|   `--TH -&gt; TH [5:2]&#10;|       |--TH_TAG_START -&gt; TH_TAG_START [5:2]&#10;|       |   |--START -&gt; &lt; [5:2]&#10;|       |   |--TH_HTML_TAG_NAME -&gt; th [5:3]&#10;|       |   `--END -&gt; &gt; [5:5]&#10;|       |--TEXT -&gt;   [5:6]&#10;|       |--RB_TAG_START -&gt; RB_TAG_START [5:7]&#10;|       |   |--START -&gt; &lt; [5:7]&#10;|       |   |--RB_HTML_TAG_NAME -&gt; Rb [5:8]&#10;|       |   `--END -&gt; &gt; [5:10]&#10;|       |--TEXT -&gt;   [5:11]&#10;|       `--TH_TAG_END -&gt; TH_TAG_END [5:12]&#10;|           |--START -&gt; &lt; [5:12]&#10;|           |--SLASH -&gt; / [5:13]&#10;|           |--TH_HTML_TAG_NAME -&gt; th [5:14]&#10;|           `--END -&gt; &gt; [5:16]&#10;|--NEWLINE -&gt; \n [5:17]&#10;|--LEADING_ASTERISK -&gt; * [6:0]&#10;|--TEXT -&gt;   [6:1]&#10;|--HTML_ELEMENT -&gt; HTML_ELEMENT [6:2]&#10;|   `--BODY -&gt; BODY [6:2]&#10;|       |--BODY_TAG_START -&gt; BODY_TAG_START [6:2]&#10;|       |   |--START -&gt; &lt; [6:2]&#10;|       |   |--BODY_HTML_TAG_NAME -&gt; body [6:3]&#10;|       |   `--END -&gt; &gt; [6:7]&#10;|       |--TEXT -&gt;   [6:8]&#10;|       |--RB_TAG_START -&gt; RB_TAG_START [6:9]&#10;|       |   |--START -&gt; &lt; [6:9]&#10;|       |   |--RB_HTML_TAG_NAME -&gt; rb [6:10]&#10;|       |   `--END -&gt; &gt; [6:12]&#10;|       |--TEXT -&gt;   [6:13]&#10;|       `--BODY_TAG_END -&gt; BODY_TAG_END [6:14]&#10;|           |--START -&gt; &lt; [6:14]&#10;|           |--SLASH -&gt; / [6:15]&#10;|           |--BODY_HTML_TAG_NAME -&gt; body [6:16]&#10;|           `--END -&gt; &gt; [6:20]&#10;|--NEWLINE -&gt; \n [6:21]&#10;|--LEADING_ASTERISK -&gt; * [7:0]&#10;|--TEXT -&gt;   [7:1]&#10;|--HTML_ELEMENT -&gt; HTML_ELEMENT [7:2]&#10;|   `--COLGROUP -&gt; COLGROUP [7:2]&#10;|       |--COLGROUP_TAG_START -&gt; COLGROUP_TAG_START [7:2]&#10;|       |   |--START -&gt; &lt; [7:2]&#10;|       |   |--COLGROUP_HTML_TAG_NAME -&gt; colgroup [7:3]&#10;|       |   `--END -&gt; &gt; [7:11]&#10;|       |--TEXT -&gt;   [7:12]&#10;|       |--RB_TAG_START -&gt; RB_TAG_START [7:13]&#10;|       |   |--START -&gt; &lt; [7:13]&#10;|       |   |--RB_HTML_TAG_NAME -&gt; rb [7:14]&#10;|       |   `--END -&gt; &gt; [7:16]&#10;|       |--TEXT -&gt;   [7:17]&#10;|       `--COLGROUP_TAG_END -&gt; COLGROUP_TAG_END [7:18]&#10;|           |--START -&gt; &lt; [7:18]&#10;|           |--SLASH -&gt; / [7:19]&#10;|           |--COLGROUP_HTML_TAG_NAME -&gt; colgroup [7:20]&#10;|           `--END -&gt; &gt; [7:28]&#10;|--NEWLINE -&gt; \n [7:29]&#10;|--LEADING_ASTERISK -&gt; * [8:0]&#10;|--TEXT -&gt;   [8:1]&#10;|--HTML_ELEMENT -&gt; HTML_ELEMENT [8:2]&#10;|   `--DD -&gt; DD [8:2]&#10;|       |--DD_TAG_START -&gt; DD_TAG_START [8:2]&#10;|       |   |--START -&gt; &lt; [8:2]&#10;|       |   |--DD_HTML_TAG_NAME -&gt; dd [8:3]&#10;|       |   `--END -&gt; &gt; [8:5]&#10;|       |--TEXT -&gt;   [8:6]&#10;|       |--RB_TAG_START -&gt; RB_TAG_START [8:7]&#10;|       |   |--START -&gt; &lt; [8:7]&#10;|       |   |--RB_HTML_TAG_NAME -&gt; rb [8:8]&#10;|       |   `--END -&gt; &gt; [8:10]&#10;|       |--TEXT -&gt;   [8:11]&#10;|       `--DD_TAG_END -&gt; DD_TAG_END [8:12]&#10;|           |--START -&gt; &lt; [8:12]&#10;|           |--SLASH -&gt; / [8:13]&#10;|           |--DD_HTML_TAG_NAME -&gt; dd [8:14]&#10;|           `--END -&gt; &gt; [8:16]&#10;|--NEWLINE -&gt; \n [8:17]&#10;|--LEADING_ASTERISK -&gt; * [9:0]&#10;|--TEXT -&gt;   [9:1]&#10;|--HTML_ELEMENT -&gt; HTML_ELEMENT [9:2]&#10;|   `--DT -&gt; DT [9:2]&#10;|       |--DT_TAG_START -&gt; DT_TAG_START [9:2]&#10;|       |   |--START -&gt; &lt; [9:2]&#10;|       |   |--DT_HTML_TAG_NAME -&gt; dt [9:3]&#10;|       |   `--END -&gt; &gt; [9:5]&#10;|       |--TEXT -&gt;   [9:6]&#10;|       |--RB_TAG_START -&gt; RB_TAG_START [9:7]&#10;|       |   |--START -&gt; &lt; [9:7]&#10;|       |   |--RB_HTML_TAG_NAME -&gt; rb [9:8]&#10;|       |   `--END -&gt; &gt; [9:10]&#10;|       |--TEXT -&gt;   [9:11]&#10;|       `--DT_TAG_END -&gt; DT_TAG_END [9:12]&#10;|           |--START -&gt; &lt; [9:12]&#10;|           |--SLASH -&gt; / [9:13]&#10;|           |--DT_HTML_TAG_NAME -&gt; dt [9:14]&#10;|           `--END -&gt; &gt; [9:16]&#10;|--NEWLINE -&gt; \n [9:17]&#10;|--LEADING_ASTERISK -&gt; * [10:0]&#10;|--TEXT -&gt;   [10:1]&#10;|--HTML_ELEMENT -&gt; HTML_ELEMENT [10:2]&#10;|   `--HEAD -&gt; HEAD [10:2]&#10;|       |--HEAD_TAG_START -&gt; HEAD_TAG_START [10:2]&#10;|       |   |--START -&gt; &lt; [10:2]&#10;|       |   |--HEAD_HTML_TAG_NAME -&gt; head [10:3]&#10;|       |   `--END -&gt; &gt; [10:7]&#10;|       |--TEXT -&gt;   [10:8]&#10;|       |--RB_TAG_START -&gt; RB_TAG_START [10:9]&#10;|       |   |--START -&gt; &lt; [10:9]&#10;|       |   |--RB_HTML_TAG_NAME -&gt; rb [10:10]&#10;|       |   `--END -&gt; &gt; [10:12]&#10;|       |--TEXT -&gt;   [10:13]&#10;|       `--HEAD_TAG_END -&gt; HEAD_TAG_END [10:14]&#10;|           |--START -&gt; &lt; [10:14]&#10;|           |--SLASH -&gt; / [10:15]&#10;|           |--HEAD_HTML_TAG_NAME -&gt; head [10:16]&#10;|           `--END -&gt; &gt; [10:20]&#10;|--NEWLINE -&gt; \n [10:21]&#10;|--LEADING_ASTERISK -&gt; * [11:0]&#10;|--TEXT -&gt;   [11:1]&#10;|--HTML_ELEMENT -&gt; HTML_ELEMENT [11:2]&#10;|   `--HTML -&gt; HTML [11:2]&#10;|       |--HTML_TAG_START -&gt; HTML_TAG_START [11:2]&#10;|       |   |--START -&gt; &lt; [11:2]&#10;|       |   |--HTML_HTML_TAG_NAME -&gt; html [11:3]&#10;|       |   `--END -&gt; &gt; [11:7]&#10;|       |--TEXT -&gt;   [11:8]&#10;|       |--RB_TAG_START -&gt; RB_TAG_START [11:9]&#10;|       |   |--START -&gt; &lt; [11:9]&#10;|       |   |--RB_HTML_TAG_NAME -&gt; rb [11:10]&#10;|       |   `--END -&gt; &gt; [11:12]&#10;|       |--TEXT -&gt;   [11:13]&#10;|       `--HTML_TAG_END -&gt; HTML_TAG_END [11:14]&#10;|           |--START -&gt; &lt; [11:14]&#10;|           |--SLASH -&gt; / [11:15]&#10;|           |--HTML_HTML_TAG_NAME -&gt; html [11:16]&#10;|           `--END -&gt; &gt; [11:20]&#10;|--NEWLINE -&gt; \n [11:21]&#10;|--LEADING_ASTERISK -&gt; * [12:0]&#10;|--TEXT -&gt;   [12:1]&#10;|--HTML_ELEMENT -&gt; HTML_ELEMENT [12:2]&#10;|   `--OPTION -&gt; OPTION [12:2]&#10;|       |--OPTION_TAG_START -&gt; OPTION_TAG_START [12:2]&#10;|       |   |--START -&gt; &lt; [12:2]&#10;|       |   |--OPTION_HTML_TAG_NAME -&gt; option [12:3]&#10;|       |   `--END -&gt; &gt; [12:9]&#10;|       |--TEXT -&gt;   [12:10]&#10;|       |--RB_TAG_START -&gt; RB_TAG_START [12:11]&#10;|       |   |--START -&gt; &lt; [12:11]&#10;|       |   |--RB_HTML_TAG_NAME -&gt; rb [12:12]&#10;|       |   `--END -&gt; &gt; [12:14]&#10;|       |--TEXT -&gt;   [12:15]&#10;|       `--OPTION_TAG_END -&gt; OPTION_TAG_END [12:16]&#10;|           |--START -&gt; &lt; [12:16]&#10;|           |--SLASH -&gt; / [12:17]&#10;|           |--OPTION_HTML_TAG_NAME -&gt; option [12:18]&#10;|           `--END -&gt; &gt; [12:24]&#10;|--NEWLINE -&gt; \n [12:25]&#10;|--LEADING_ASTERISK -&gt; * [13:0]&#10;|--TEXT -&gt;   [13:1]&#10;|--HTML_ELEMENT -&gt; HTML_ELEMENT [13:2]&#10;|   `--TBODY -&gt; TBODY [13:2]&#10;|       |--TBODY_TAG_START -&gt; TBODY_TAG_START [13:2]&#10;|       |   |--START -&gt; &lt; [13:2]&#10;|       |   |--TBODY_HTML_TAG_NAME -&gt; tbody [13:3]&#10;|       |   `--END -&gt; &gt; [13:8]&#10;|       |--TEXT -&gt;   [13:9]&#10;|       |--RB_TAG_START -&gt; RB_TAG_START [13:10]&#10;|       |   |--START -&gt; &lt; [13:10]&#10;|       |   |--RB_HTML_TAG_NAME -&gt; rb [13:11]&#10;|       |   `--END -&gt; &gt; [13:13]&#10;|       |--TEXT -&gt;   [13:14]&#10;|       `--TBODY_TAG_END -&gt; TBODY_TAG_END [13:15]&#10;|           |--START -&gt; &lt; [13:15]&#10;|           |--SLASH -&gt; / [13:16]&#10;|           |--TBODY_HTML_TAG_NAME -&gt; tbody [13:17]&#10;|           `--END -&gt; &gt; [13:22]&#10;|--NEWLINE -&gt; \n [13:23]&#10;|--LEADING_ASTERISK -&gt; * [14:0]&#10;|--TEXT -&gt;   [14:1]&#10;|--HTML_ELEMENT -&gt; HTML_ELEMENT [14:2]&#10;|   `--TFOOT -&gt; TFOOT [14:2]&#10;|       |--TFOOT_TAG_START -&gt; TFOOT_TAG_START [14:2]&#10;|       |   |--START -&gt; &lt; [14:2]&#10;|       |   |--TFOOT_HTML_TAG_NAME -&gt; tfoot [14:3]&#10;|       |   `--END -&gt; &gt; [14:8]&#10;|       |--TEXT -&gt;   [14:9]&#10;|       |--RB_TAG_START -&gt; RB_TAG_START [14:10]&#10;|       |   |--START -&gt; &lt; [14:10]&#10;|       |   |--RB_HTML_TAG_NAME -&gt; rb [14:11]&#10;|       |   `--END -&gt; &gt; [14:13]&#10;|       |--TEXT -&gt;   [14:14]&#10;|       `--TFOOT_TAG_END -&gt; TFOOT_TAG_END [14:15]&#10;|           |--START -&gt; &lt; [14:15]&#10;|           |--SLASH -&gt; / [14:16]&#10;|           |--TFOOT_HTML_TAG_NAME -&gt; tfoot [14:17]&#10;|           `--END -&gt; &gt; [14:22]&#10;|--NEWLINE -&gt; \n [14:23]&#10;|--LEADING_ASTERISK -&gt; * [15:0]&#10;|--TEXT -&gt;   [15:1]&#10;|--HTML_ELEMENT -&gt; HTML_ELEMENT [15:2]&#10;|   `--RB_TAG_START -&gt; RB_TAG_START [15:2]&#10;|       |--START -&gt; &lt; [15:2]&#10;|       |--RB_HTML_TAG_NAME -&gt; rb [15:3]&#10;|       |--WS -&gt;   [15:5]&#10;|       |--ATTRIBUTE -&gt; ATTRIBUTE [15:6]&#10;|       |   |--HTML_TAG_NAME -&gt; style [15:6]&#10;|       |   |--EQUALS -&gt; = [15:11]&#10;|       |   `--ATTR_VALUE -&gt; &quot;color:red&quot; [15:12]&#10;|       |--WS -&gt;   [15:24]&#10;|       |--NEWLINE -&gt; \n [15:25]&#10;|       |--LEADING_ASTERISK -&gt; * [16:0]&#10;|       |--NEWLINE -&gt; \n [16:1]&#10;|       |--LEADING_ASTERISK -&gt; * [17:0]&#10;|       |--WS -&gt;   [17:1]&#10;|       `--END -&gt; &gt; [17:2]&#10;|--TEXT -&gt;   [17:3]&#10;|--HTML_COMMENT -&gt; HTML_COMMENT [17:4]&#10;|   |--HTML_COMMENT_START -&gt; &lt;!-- [17:4]&#10;|   |--TEXT -&gt; HTML COMMENT [17:8]&#10;|   `--HTML_COMMENT_END -&gt; --&gt; [17:20]&#10;`--EOF -&gt; &lt;EOF&gt; [17:23]&#13;]&#10;&gt;" type="org.junit.ComparisonFailure"><![CDATA[org.junit.ComparisonFailure: 
Generated tree from the javadoc file should match the pre-defined tree expected:<...DOC -> JAVADOC [0:0][
|--LEADING_ASTERISK -> * [0:0]
|--TEXT ->   [0:1]
|--HTML_ELEMENT -> HTML_ELEMENT [0:2]
|   `--RB_TAG_END -> RB_TAG_END [0:2]
|       |--START -> < [0:2]
|       |--SLASH -> / [0:3]
|       |--RB_HTML_TAG_NAME -> rb [0:4]
|       `--END -> > [0:6]
|--TEXT ->   [0:7]
|--HTML_ELEMENT -> HTML_ELEMENT [0:8]
|   `--RB_TAG_START -> RB_TAG_START [0:8]
|       |--START -> < [0:8]
|       |--RB_HTML_TAG_NAME -> rb [0:9]
|       `--END -> > [0:11]
|--NEWLINE -> \n [0:12]
|--LEADING_ASTERISK -> * [1:0]
|--TEXT ->   [1:1]
|--HTML_ELEMENT -> HTML_ELEMENT [1:2]
|   `--PARAGRAPH -> PARAGRAPH [1:2]
|       |--P_TAG_START -> P_TAG_START [1:2]
|       |   |--START -> < [1:2]
|       |   |--P_HTML_TAG_NAME -> p [1:3]
|       |   `--END -> > [1:4]
|       |--TEXT ->   [1:5]
|       |--RB_TAG_START -> RB_TAG_START [1:6]
|       |   |--START -> < [1:6]
|       |   |--RB_HTML_TAG_NAME -> rb [1:7]
|       |   `--END -> > [1:9]
|       |--TEXT ->   [1:10]
|       `--P_TAG_END -> P_TAG_END [1:11]
|           |--START -> < [1:11]
|           |--SLASH -> / [1:12]
|           |--P_HTML_TAG_NAME -> p [1:13]
|           `--END -> > [1:14]
|--NEWLINE -> \n [1:15]
|--LEADING_ASTERISK -> * [2:0]
|--TEXT ->   [2:1]
|--HTML_ELEMENT -> HTML_ELEMENT [2:2]
|   `--LI -> LI [2:2]
|       |--LI_TAG_START -> LI_TAG_START [2:2]
|       |   |--START -> < [2:2]
|       |   |--LI_HTML_TAG_NAME -> li [2:3]
|       |   `--END -> > [2:5]
|       |--TEXT ->   [2:6]
|       |--RB_TAG_START -> RB_TAG_START [2:7]
|       |   |--START -> < [2:7]
|       |   |--RB_HTML_TAG_NAME -> rb [2:8]
|       |   `--END -> > [2:10]
|       |--TEXT ->   [2:11]
|       `--LI_TAG_END -> LI_TAG_END [2:12]
|           |--START -> < [2:12]
|           |--SLASH -> / [2:13]
|           |--LI_HTML_TAG_NAME -> li [2:14]
|           `--END -> > [2:16]
|--NEWLINE -> \n [2:17]
|--LEADING_ASTERISK -> * [3:0]
|--TEXT ->   [3:1]
|--HTML_ELEMENT -> HTML_ELEMENT [3:2]
|   `--TR -> TR [3:2]
|       |--TR_TAG_START -> TR_TAG_START [3:2]
|       |   |--START -> < [3:2]
|       |   |--TR_HTML_TAG_NAME -> tr [3:3]
|       |   `--END -> > [3:5]
|       |--TEXT ->   [3:6]
|       |--RB_TAG_START -> RB_TAG_START [3:7]
|       |   |--START -> < [3:7]
|       |   |--RB_HTML_TAG_NAME -> rB [3:8]
|       |   `--END -> > [3:10]
|       |--TEXT ->   [3:11]
|       `--TR_TAG_END -> TR_TAG_END [3:12]
|           |--START -> < [3:12]
|           |--SLASH -> / [3:13]
|           |--TR_HTML_TAG_NAME -> tr [3:14]
|           `--END -> > [3:16]
|--NEWLINE -> \n [3:17]
|--LEADING_ASTERISK -> * [4:0]
|--TEXT ->   [4:1]
|--HTML_ELEMENT -> HTML_ELEMENT [4:2]
|   `--TD -> TD [4:2]
|       |--TD_TAG_START -> TD_TAG_START [4:2]
|       |   |--START -> < [4:2]
|       |   |--TD_HTML_TAG_NAME -> td [4:3]
|       |   `--END -> > [4:5]
|       |--TEXT ->   [4:6]
|       |--RB_TAG_START -> RB_TAG_START [4:7]
|       |   |--START -> < [4:7]
|       |   |--RB_HTML_TAG_NAME -> RB [4:8]
|       |   `--END -> > [4:10]
|       |--TEXT ->   [4:11]
|       `--TD_TAG_END -> TD_TAG_END [4:12]
|           |--START -> < [4:12]
|           |--SLASH -> / [4:13]
|           |--TD_HTML_TAG_NAME -> td [4:14]
|           `--END -> > [4:16]
|--NEWLINE -> \n [4:17]
|--LEADING_ASTERISK -> * [5:0]
|--TEXT ->   [5:1]
|--HTML_ELEMENT -> HTML_ELEMENT [5:2]
|   `--TH -> TH [5:2]
|       |--TH_TAG_START -> TH_TAG_START [5:2]
|       |   |--START -> < [5:2]
|       |   |--TH_HTML_TAG_NAME -> th [5:3]
|       |   `--END -> > [5:5]
|       |--TEXT ->   [5:6]
|       |--RB_TAG_START -> RB_TAG_START [5:7]
|       |   |--START -> < [5:7]
|       |   |--RB_HTML_TAG_NAME -> Rb [5:8]
|       |   `--END -> > [5:10]
|       |--TEXT ->   [5:11]
|       `--TH_TAG_END -> TH_TAG_END [5:12]
|           |--START -> < [5:12]
|           |--SLASH -> / [5:13]
|           |--TH_HTML_TAG_NAME -> th [5:14]
|           `--END -> > [5:16]
|--NEWLINE -> \n [5:17]
|--LEADING_ASTERISK -> * [6:0]
|--TEXT ->   [6:1]
|--HTML_ELEMENT -> HTML_ELEMENT [6:2]
|   `--BODY -> BODY [6:2]
|       |--BODY_TAG_START -> BODY_TAG_START [6:2]
|       |   |--START -> < [6:2]
|       |   |--BODY_HTML_TAG_NAME -> body [6:3]
|       |   `--END -> > [6:7]
|       |--TEXT ->   [6:8]
|       |--RB_TAG_START -> RB_TAG_START [6:9]
|       |   |--START -> < [6:9]
|       |   |--RB_HTML_TAG_NAME -> rb [6:10]
|       |   `--END -> > [6:12]
|       |--TEXT ->   [6:13]
|       `--BODY_TAG_END -> BODY_TAG_END [6:14]
|           |--START -> < [6:14]
|           |--SLASH -> / [6:15]
|           |--BODY_HTML_TAG_NAME -> body [6:16]
|           `--END -> > [6:20]
|--NEWLINE -> \n [6:21]
|--LEADING_ASTERISK -> * [7:0]
|--TEXT ->   [7:1]
|--HTML_ELEMENT -> HTML_ELEMENT [7:2]
|   `--COLGROUP -> COLGROUP [7:2]
|       |--COLGROUP_TAG_START -> COLGROUP_TAG_START [7:2]
|       |   |--START -> < [7:2]
|       |   |--COLGROUP_HTML_TAG_NAME -> colgroup [7:3]
|       |   `--END -> > [7:11]
|       |--TEXT ->   [7:12]
|       |--RB_TAG_START -> RB_TAG_START [7:13]
|       |   |--START -> < [7:13]
|       |   |--RB_HTML_TAG_NAME -> rb [7:14]
|       |   `--END -> > [7:16]
|       |--TEXT ->   [7:17]
|       `--COLGROUP_TAG_END -> COLGROUP_TAG_END [7:18]
|           |--START -> < [7:18]
|           |--SLASH -> / [7:19]
|           |--COLGROUP_HTML_TAG_NAME -> colgroup [7:20]
|           `--END -> > [7:28]
|--NEWLINE -> \n [7:29]
|--LEADING_ASTERISK -> * [8:0]
|--TEXT ->   [8:1]
|--HTML_ELEMENT -> HTML_ELEMENT [8:2]
|   `--DD -> DD [8:2]
|       |--DD_TAG_START -> DD_TAG_START [8:2]
|       |   |--START -> < [8:2]
|       |   |--DD_HTML_TAG_NAME -> dd [8:3]
|       |   `--END -> > [8:5]
|       |--TEXT ->   [8:6]
|       |--RB_TAG_START -> RB_TAG_START [8:7]
|       |   |--START -> < [8:7]
|       |   |--RB_HTML_TAG_NAME -> rb [8:8]
|       |   `--END -> > [8:10]
|       |--TEXT ->   [8:11]
|       `--DD_TAG_END -> DD_TAG_END [8:12]
|           |--START -> < [8:12]
|           |--SLASH -> / [8:13]
|           |--DD_HTML_TAG_NAME -> dd [8:14]
|           `--END -> > [8:16]
|--NEWLINE -> \n [8:17]
|--LEADING_ASTERISK -> * [9:0]
|--TEXT ->   [9:1]
|--HTML_ELEMENT -> HTML_ELEMENT [9:2]
|   `--DT -> DT [9:2]
|       |--DT_TAG_START -> DT_TAG_START [9:2]
|       |   |--START -> < [9:2]
|       |   |--DT_HTML_TAG_NAME -> dt [9:3]
|       |   `--END -> > [9:5]
|       |--TEXT ->   [9:6]
|       |--RB_TAG_START -> RB_TAG_START [9:7]
|       |   |--START -> < [9:7]
|       |   |--RB_HTML_TAG_NAME -> rb [9:8]
|       |   `--END -> > [9:10]
|       |--TEXT ->   [9:11]
|       `--DT_TAG_END -> DT_TAG_END [9:12]
|           |--START -> < [9:12]
|           |--SLASH -> / [9:13]
|           |--DT_HTML_TAG_NAME -> dt [9:14]
|           `--END -> > [9:16]
|--NEWLINE -> \n [9:17]
|--LEADING_ASTERISK -> * [10:0]
|--TEXT ->   [10:1]
|--HTML_ELEMENT -> HTML_ELEMENT [10:2]
|   `--HEAD -> HEAD [10:2]
|       |--HEAD_TAG_START -> HEAD_TAG_START [10:2]
|       |   |--START -> < [10:2]
|       |   |--HEAD_HTML_TAG_NAME -> head [10:3]
|       |   `--END -> > [10:7]
|       |--TEXT ->   [10:8]
|       |--RB_TAG_START -> RB_TAG_START [10:9]
|       |   |--START -> < [10:9]
|       |   |--RB_HTML_TAG_NAME -> rb [10:10]
|       |   `--END -> > [10:12]
|       |--TEXT ->   [10:13]
|       `--HEAD_TAG_END -> HEAD_TAG_END [10:14]
|           |--START -> < [10:14]
|           |--SLASH -> / [10:15]
|           |--HEAD_HTML_TAG_NAME -> head [10:16]
|           `--END -> > [10:20]
|--NEWLINE -> \n [10:21]
|--LEADING_ASTERISK -> * [11:0]
|--TEXT ->   [11:1]
|--HTML_ELEMENT -> HTML_ELEMENT [11:2]
|   `--HTML -> HTML [11:2]
|       |--HTML_TAG_START -> HTML_TAG_START [11:2]
|       |   |--START -> < [11:2]
|       |   |--HTML_HTML_TAG_NAME -> html [11:3]
|       |   `--END -> > [11:7]
|       |--TEXT ->   [11:8]
|       |--RB_TAG_START -> RB_TAG_START [11:9]
|       |   |--START -> < [11:9]
|       |   |--RB_HTML_TAG_NAME -> rb [11:10]
|       |   `--END -> > [11:12]
|       |--TEXT ->   [11:13]
|       `--HTML_TAG_END -> HTML_TAG_END [11:14]
|           |--START -> < [11:14]
|           |--SLASH -> / [11:15]
|           |--HTML_HTML_TAG_NAME -> html [11:16]
|           `--END -> > [11:20]
|--NEWLINE -> \n [11:21]
|--LEADING_ASTERISK -> * [12:0]
|--TEXT ->   [12:1]
|--HTML_ELEMENT -> HTML_ELEMENT [12:2]
|   `--OPTION -> OPTION [12:2]
|       |--OPTION_TAG_START -> OPTION_TAG_START [12:2]
|       |   |--START -> < [12:2]
|       |   |--OPTION_HTML_TAG_NAME -> option [12:3]
|       |   `--END -> > [12:9]
|       |--TEXT ->   [12:10]
|       |--RB_TAG_START -> RB_TAG_START [12:11]
|       |   |--START -> < [12:11]
|       |   |--RB_HTML_TAG_NAME -> rb [12:12]
|       |   `--END -> > [12:14]
|       |--TEXT ->   [12:15]
|       `--OPTION_TAG_END -> OPTION_TAG_END [12:16]
|           |--START -> < [12:16]
|           |--SLASH -> / [12:17]
|           |--OPTION_HTML_TAG_NAME -> option [12:18]
|           `--END -> > [12:24]
|--NEWLINE -> \n [12:25]
|--LEADING_ASTERISK -> * [13:0]
|--TEXT ->   [13:1]
|--HTML_ELEMENT -> HTML_ELEMENT [13:2]
|   `--TBODY -> TBODY [13:2]
|       |--TBODY_TAG_START -> TBODY_TAG_START [13:2]
|       |   |--START -> < [13:2]
|       |   |--TBODY_HTML_TAG_NAME -> tbody [13:3]
|       |   `--END -> > [13:8]
|       |--TEXT ->   [13:9]
|       |--RB_TAG_START -> RB_TAG_START [13:10]
|       |   |--START -> < [13:10]
|       |   |--RB_HTML_TAG_NAME -> rb [13:11]
|       |   `--END -> > [13:13]
|       |--TEXT ->   [13:14]
|       `--TBODY_TAG_END -> TBODY_TAG_END [13:15]
|           |--START -> < [13:15]
|           |--SLASH -> / [13:16]
|           |--TBODY_HTML_TAG_NAME -> tbody [13:17]
|           `--END -> > [13:22]
|--NEWLINE -> \n [13:23]
|--LEADING_ASTERISK -> * [14:0]
|--TEXT ->   [14:1]
|--HTML_ELEMENT -> HTML_ELEMENT [14:2]
|   `--TFOOT -> TFOOT [14:2]
|       |--TFOOT_TAG_START -> TFOOT_TAG_START [14:2]
|       |   |--START -> < [14:2]
|       |   |--TFOOT_HTML_TAG_NAME -> tfoot [14:3]
|       |   `--END -> > [14:8]
|       |--TEXT ->   [14:9]
|       |--RB_TAG_START -> RB_TAG_START [14:10]
|       |   |--START -> < [14:10]
|       |   |--RB_HTML_TAG_NAME -> rb [14:11]
|       |   `--END -> > [14:13]
|       |--TEXT ->   [14:14]
|       `--TFOOT_TAG_END -> TFOOT_TAG_END [14:15]
|           |--START -> < [14:15]
|           |--SLASH -> / [14:16]
|           |--TFOOT_HTML_TAG_NAME -> tfoot [14:17]
|           `--END -> > [14:22]
|--NEWLINE -> \n [14:23]
|--LEADING_ASTERISK -> * [15:0]
|--TEXT ->   [15:1]
|--HTML_ELEMENT -> HTML_ELEMENT [15:2]
|   `--RB_TAG_START -> RB_TAG_START [15:2]
|       |--START -> < [15:2]
|       |--RB_HTML_TAG_NAME -> rb [15:3]
|       |--WS ->   [15:5]
|       |--ATTRIBUTE -> ATTRIBUTE [15:6]
|       |   |--HTML_TAG_NAME -> style [15:6]
|       |   |--EQUALS -> = [15:11]
|       |   `--ATTR_VALUE -> "color:red" [15:12]
|       |--WS ->   [15:24]
|       |--NEWLINE -> \n [15:25]
|       |--LEADING_ASTERISK -> * [16:0]
|       |--NEWLINE -> \n [16:1]
|       |--LEADING_ASTERISK -> * [17:0]
|       |--WS ->   [17:1]
|       `--END -> > [17:2]
|--TEXT ->   [17:3]
|--HTML_COMMENT -> HTML_COMMENT [17:4]
|   |--HTML_COMMENT_START -> <!-- [17:4]
|   |--TEXT -> HTML COMMENT [17:8]
|   `--HTML_COMMENT_END -> --> [17:20]
`--EOF -> <EOF> [17:23]]
> but was:<...DOC -> JAVADOC [0:0][
|--LEADING_ASTERISK -> * [0:0]
|--TEXT ->   [0:1]
|--HTML_ELEMENT -> HTML_ELEMENT [0:2]
|   `--RB_TAG_END -> RB_TAG_END [0:2]
|       |--START -> < [0:2]
|       |--SLASH -> / [0:3]
|       |--RB_HTML_TAG_NAME -> rb [0:4]
|       `--END -> > [0:6]
|--TEXT ->   [0:7]
|--HTML_ELEMENT -> HTML_ELEMENT [0:8]
|   `--RB_TAG_START -> RB_TAG_START [0:8]
|       |--START -> < [0:8]
|       |--RB_HTML_TAG_NAME -> rb [0:9]
|       `--END -> > [0:11]
|--NEWLINE -> \n [0:12]
|--LEADING_ASTERISK -> * [1:0]
|--TEXT ->   [1:1]
|--HTML_ELEMENT -> HTML_ELEMENT [1:2]
|   `--PARAGRAPH -> PARAGRAPH [1:2]
|       |--P_TAG_START -> P_TAG_START [1:2]
|       |   |--START -> < [1:2]
|       |   |--P_HTML_TAG_NAME -> p [1:3]
|       |   `--END -> > [1:4]
|       |--TEXT ->   [1:5]
|       |--RB_TAG_START -> RB_TAG_START [1:6]
|       |   |--START -> < [1:6]
|       |   |--RB_HTML_TAG_NAME -> rb [1:7]
|       |   `--END -> > [1:9]
|       |--TEXT ->   [1:10]
|       `--P_TAG_END -> P_TAG_END [1:11]
|           |--START -> < [1:11]
|           |--SLASH -> / [1:12]
|           |--P_HTML_TAG_NAME -> p [1:13]
|           `--END -> > [1:14]
|--NEWLINE -> \n [1:15]
|--LEADING_ASTERISK -> * [2:0]
|--TEXT ->   [2:1]
|--HTML_ELEMENT -> HTML_ELEMENT [2:2]
|   `--LI -> LI [2:2]
|       |--LI_TAG_START -> LI_TAG_START [2:2]
|       |   |--START -> < [2:2]
|       |   |--LI_HTML_TAG_NAME -> li [2:3]
|       |   `--END -> > [2:5]
|       |--TEXT ->   [2:6]
|       |--RB_TAG_START -> RB_TAG_START [2:7]
|       |   |--START -> < [2:7]
|       |   |--RB_HTML_TAG_NAME -> rb [2:8]
|       |   `--END -> > [2:10]
|       |--TEXT ->   [2:11]
|       `--LI_TAG_END -> LI_TAG_END [2:12]
|           |--START -> < [2:12]
|           |--SLASH -> / [2:13]
|           |--LI_HTML_TAG_NAME -> li [2:14]
|           `--END -> > [2:16]
|--NEWLINE -> \n [2:17]
|--LEADING_ASTERISK -> * [3:0]
|--TEXT ->   [3:1]
|--HTML_ELEMENT -> HTML_ELEMENT [3:2]
|   `--TR -> TR [3:2]
|       |--TR_TAG_START -> TR_TAG_START [3:2]
|       |   |--START -> < [3:2]
|       |   |--TR_HTML_TAG_NAME -> tr [3:3]
|       |   `--END -> > [3:5]
|       |--TEXT ->   [3:6]
|       |--RB_TAG_START -> RB_TAG_START [3:7]
|       |   |--START -> < [3:7]
|       |   |--RB_HTML_TAG_NAME -> rB [3:8]
|       |   `--END -> > [3:10]
|       |--TEXT ->   [3:11]
|       `--TR_TAG_END -> TR_TAG_END [3:12]
|           |--START -> < [3:12]
|           |--SLASH -> / [3:13]
|           |--TR_HTML_TAG_NAME -> tr [3:14]
|           `--END -> > [3:16]
|--NEWLINE -> \n [3:17]
|--LEADING_ASTERISK -> * [4:0]
|--TEXT ->   [4:1]
|--HTML_ELEMENT -> HTML_ELEMENT [4:2]
|   `--TD -> TD [4:2]
|       |--TD_TAG_START -> TD_TAG_START [4:2]
|       |   |--START -> < [4:2]
|       |   |--TD_HTML_TAG_NAME -> td [4:3]
|       |   `--END -> > [4:5]
|       |--TEXT ->   [4:6]
|       |--RB_TAG_START -> RB_TAG_START [4:7]
|       |   |--START -> < [4:7]
|       |   |--RB_HTML_TAG_NAME -> RB [4:8]
|       |   `--END -> > [4:10]
|       |--TEXT ->   [4:11]
|       `--TD_TAG_END -> TD_TAG_END [4:12]
|           |--START -> < [4:12]
|           |--SLASH -> / [4:13]
|           |--TD_HTML_TAG_NAME -> td [4:14]
|           `--END -> > [4:16]
|--NEWLINE -> \n [4:17]
|--LEADING_ASTERISK -> * [5:0]
|--TEXT ->   [5:1]
|--HTML_ELEMENT -> HTML_ELEMENT [5:2]
|   `--TH -> TH [5:2]
|       |--TH_TAG_START -> TH_TAG_START [5:2]
|       |   |--START -> < [5:2]
|       |   |--TH_HTML_TAG_NAME -> th [5:3]
|       |   `--END -> > [5:5]
|       |--TEXT ->   [5:6]
|       |--RB_TAG_START -> RB_TAG_START [5:7]
|       |   |--START -> < [5:7]
|       |   |--RB_HTML_TAG_NAME -> Rb [5:8]
|       |   `--END -> > [5:10]
|       |--TEXT ->   [5:11]
|       `--TH_TAG_END -> TH_TAG_END [5:12]
|           |--START -> < [5:12]
|           |--SLASH -> / [5:13]
|           |--TH_HTML_TAG_NAME -> th [5:14]
|           `--END -> > [5:16]
|--NEWLINE -> \n [5:17]
|--LEADING_ASTERISK -> * [6:0]
|--TEXT ->   [6:1]
|--HTML_ELEMENT -> HTML_ELEMENT [6:2]
|   `--BODY -> BODY [6:2]
|       |--BODY_TAG_START -> BODY_TAG_START [6:2]
|       |   |--START -> < [6:2]
|       |   |--BODY_HTML_TAG_NAME -> body [6:3]
|       |   `--END -> > [6:7]
|       |--TEXT ->   [6:8]
|       |--RB_TAG_START -> RB_TAG_START [6:9]
|       |   |--START -> < [6:9]
|       |   |--RB_HTML_TAG_NAME -> rb [6:10]
|       |   `--END -> > [6:12]
|       |--TEXT ->   [6:13]
|       `--BODY_TAG_END -> BODY_TAG_END [6:14]
|           |--START -> < [6:14]
|           |--SLASH -> / [6:15]
|           |--BODY_HTML_TAG_NAME -> body [6:16]
|           `--END -> > [6:20]
|--NEWLINE -> \n [6:21]
|--LEADING_ASTERISK -> * [7:0]
|--TEXT ->   [7:1]
|--HTML_ELEMENT -> HTML_ELEMENT [7:2]
|   `--COLGROUP -> COLGROUP [7:2]
|       |--COLGROUP_TAG_START -> COLGROUP_TAG_START [7:2]
|       |   |--START -> < [7:2]
|       |   |--COLGROUP_HTML_TAG_NAME -> colgroup [7:3]
|       |   `--END -> > [7:11]
|       |--TEXT ->   [7:12]
|       |--RB_TAG_START -> RB_TAG_START [7:13]
|       |   |--START -> < [7:13]
|       |   |--RB_HTML_TAG_NAME -> rb [7:14]
|       |   `--END -> > [7:16]
|       |--TEXT ->   [7:17]
|       `--COLGROUP_TAG_END -> COLGROUP_TAG_END [7:18]
|           |--START -> < [7:18]
|           |--SLASH -> / [7:19]
|           |--COLGROUP_HTML_TAG_NAME -> colgroup [7:20]
|           `--END -> > [7:28]
|--NEWLINE -> \n [7:29]
|--LEADING_ASTERISK -> * [8:0]
|--TEXT ->   [8:1]
|--HTML_ELEMENT -> HTML_ELEMENT [8:2]
|   `--DD -> DD [8:2]
|       |--DD_TAG_START -> DD_TAG_START [8:2]
|       |   |--START -> < [8:2]
|       |   |--DD_HTML_TAG_NAME -> dd [8:3]
|       |   `--END -> > [8:5]
|       |--TEXT ->   [8:6]
|       |--RB_TAG_START -> RB_TAG_START [8:7]
|       |   |--START -> < [8:7]
|       |   |--RB_HTML_TAG_NAME -> rb [8:8]
|       |   `--END -> > [8:10]
|       |--TEXT ->   [8:11]
|       `--DD_TAG_END -> DD_TAG_END [8:12]
|           |--START -> < [8:12]
|           |--SLASH -> / [8:13]
|           |--DD_HTML_TAG_NAME -> dd [8:14]
|           `--END -> > [8:16]
|--NEWLINE -> \n [8:17]
|--LEADING_ASTERISK -> * [9:0]
|--TEXT ->   [9:1]
|--HTML_ELEMENT -> HTML_ELEMENT [9:2]
|   `--DT -> DT [9:2]
|       |--DT_TAG_START -> DT_TAG_START [9:2]
|       |   |--START -> < [9:2]
|       |   |--DT_HTML_TAG_NAME -> dt [9:3]
|       |   `--END -> > [9:5]
|       |--TEXT ->   [9:6]
|       |--RB_TAG_START -> RB_TAG_START [9:7]
|       |   |--START -> < [9:7]
|       |   |--RB_HTML_TAG_NAME -> rb [9:8]
|       |   `--END -> > [9:10]
|       |--TEXT ->   [9:11]
|       `--DT_TAG_END -> DT_TAG_END [9:12]
|           |--START -> < [9:12]
|           |--SLASH -> / [9:13]
|           |--DT_HTML_TAG_NAME -> dt [9:14]
|           `--END -> > [9:16]
|--NEWLINE -> \n [9:17]
|--LEADING_ASTERISK -> * [10:0]
|--TEXT ->   [10:1]
|--HTML_ELEMENT -> HTML_ELEMENT [10:2]
|   `--HEAD -> HEAD [10:2]
|       |--HEAD_TAG_START -> HEAD_TAG_START [10:2]
|       |   |--START -> < [10:2]
|       |   |--HEAD_HTML_TAG_NAME -> head [10:3]
|       |   `--END -> > [10:7]
|       |--TEXT ->   [10:8]
|       |--RB_TAG_START -> RB_TAG_START [10:9]
|       |   |--START -> < [10:9]
|       |   |--RB_HTML_TAG_NAME -> rb [10:10]
|       |   `--END -> > [10:12]
|       |--TEXT ->   [10:13]
|       `--HEAD_TAG_END -> HEAD_TAG_END [10:14]
|           |--START -> < [10:14]
|           |--SLASH -> / [10:15]
|           |--HEAD_HTML_TAG_NAME -> head [10:16]
|           `--END -> > [10:20]
|--NEWLINE -> \n [10:21]
|--LEADING_ASTERISK -> * [11:0]
|--TEXT ->   [11:1]
|--HTML_ELEMENT -> HTML_ELEMENT [11:2]
|   `--HTML -> HTML [11:2]
|       |--HTML_TAG_START -> HTML_TAG_START [11:2]
|       |   |--START -> < [11:2]
|       |   |--HTML_HTML_TAG_NAME -> html [11:3]
|       |   `--END -> > [11:7]
|       |--TEXT ->   [11:8]
|       |--RB_TAG_START -> RB_TAG_START [11:9]
|       |   |--START -> < [11:9]
|       |   |--RB_HTML_TAG_NAME -> rb [11:10]
|       |   `--END -> > [11:12]
|       |--TEXT ->   [11:13]
|       `--HTML_TAG_END -> HTML_TAG_END [11:14]
|           |--START -> < [11:14]
|           |--SLASH -> / [11:15]
|           |--HTML_HTML_TAG_NAME -> html [11:16]
|           `--END -> > [11:20]
|--NEWLINE -> \n [11:21]
|--LEADING_ASTERISK -> * [12:0]
|--TEXT ->   [12:1]
|--HTML_ELEMENT -> HTML_ELEMENT [12:2]
|   `--OPTION -> OPTION [12:2]
|       |--OPTION_TAG_START -> OPTION_TAG_START [12:2]
|       |   |--START -> < [12:2]
|       |   |--OPTION_HTML_TAG_NAME -> option [12:3]
|       |   `--END -> > [12:9]
|       |--TEXT ->   [12:10]
|       |--RB_TAG_START -> RB_TAG_START [12:11]
|       |   |--START -> < [12:11]
|       |   |--RB_HTML_TAG_NAME -> rb [12:12]
|       |   `--END -> > [12:14]
|       |--TEXT ->   [12:15]
|       `--OPTION_TAG_END -> OPTION_TAG_END [12:16]
|           |--START -> < [12:16]
|           |--SLASH -> / [12:17]
|           |--OPTION_HTML_TAG_NAME -> option [12:18]
|           `--END -> > [12:24]
|--NEWLINE -> \n [12:25]
|--LEADING_ASTERISK -> * [13:0]
|--TEXT ->   [13:1]
|--HTML_ELEMENT -> HTML_ELEMENT [13:2]
|   `--TBODY -> TBODY [13:2]
|       |--TBODY_TAG_START -> TBODY_TAG_START [13:2]
|       |   |--START -> < [13:2]
|       |   |--TBODY_HTML_TAG_NAME -> tbody [13:3]
|       |   `--END -> > [13:8]
|       |--TEXT ->   [13:9]
|       |--RB_TAG_START -> RB_TAG_START [13:10]
|       |   |--START -> < [13:10]
|       |   |--RB_HTML_TAG_NAME -> rb [13:11]
|       |   `--END -> > [13:13]
|       |--TEXT ->   [13:14]
|       `--TBODY_TAG_END -> TBODY_TAG_END [13:15]
|           |--START -> < [13:15]
|           |--SLASH -> / [13:16]
|           |--TBODY_HTML_TAG_NAME -> tbody [13:17]
|           `--END -> > [13:22]
|--NEWLINE -> \n [13:23]
|--LEADING_ASTERISK -> * [14:0]
|--TEXT ->   [14:1]
|--HTML_ELEMENT -> HTML_ELEMENT [14:2]
|   `--TFOOT -> TFOOT [14:2]
|       |--TFOOT_TAG_START -> TFOOT_TAG_START [14:2]
|       |   |--START -> < [14:2]
|       |   |--TFOOT_HTML_TAG_NAME -> tfoot [14:3]
|       |   `--END -> > [14:8]
|       |--TEXT ->   [14:9]
|       |--RB_TAG_START -> RB_TAG_START [14:10]
|       |   |--START -> < [14:10]
|       |   |--RB_HTML_TAG_NAME -> rb [14:11]
|       |   `--END -> > [14:13]
|       |--TEXT ->   [14:14]
|       `--TFOOT_TAG_END -> TFOOT_TAG_END [14:15]
|           |--START -> < [14:15]
|           |--SLASH -> / [14:16]
|           |--TFOOT_HTML_TAG_NAME -> tfoot [14:17]
|           `--END -> > [14:22]
|--NEWLINE -> \n [14:23]
|--LEADING_ASTERISK -> * [15:0]
|--TEXT ->   [15:1]
|--HTML_ELEMENT -> HTML_ELEMENT [15:2]
|   `--RB_TAG_START -> RB_TAG_START [15:2]
|       |--START -> < [15:2]
|       |--RB_HTML_TAG_NAME -> rb [15:3]
|       |--WS ->   [15:5]
|       |--ATTRIBUTE -> ATTRIBUTE [15:6]
|       |   |--HTML_TAG_NAME -> style [15:6]
|       |   |--EQUALS -> = [15:11]
|       |   `--ATTR_VALUE -> "color:red" [15:12]
|       |--WS ->   [15:24]
|       |--NEWLINE -> \n [15:25]
|       |--LEADING_ASTERISK -> * [16:0]
|       |--NEWLINE -> \n [16:1]
|       |--LEADING_ASTERISK -> * [17:0]
|       |--WS ->   [17:1]
|       `--END -> > [17:2]
|--TEXT ->   [17:3]
|--HTML_COMMENT -> HTML_COMMENT [17:4]
|   |--HTML_COMMENT_START -> <!-- [17:4]
|   |--TEXT -> HTML COMMENT [17:8]
|   `--HTML_COMMENT_END -> --> [17:20]
`--EOF -> <EOF> [17:23]]
>
	at com.puppycrawl.tools.checkstyle.grammar.javadoc.JavadocParseTreeTest.testNonTightRbHtmlTag(JavadocParseTreeTest.java:332)
]]></failure>
  </testcase>
  <testcase name="unclosedParagraphFollowedByJavadocTag" classname="com.puppycrawl.tools.checkstyle.grammar.javadoc.JavadocParseTreeTest" time="0">
    <failure message="Generated tree from the javadoc file should match the pre-defined tree expected:&lt;...DOC -&gt; JAVADOC [0:0][&#10;|--HTML_ELEMENT -&gt; HTML_ELEMENT [0:0]&#10;|   `--P_TAG_START -&gt; P_TAG_START [0:0]&#10;|       |--START -&gt; &lt; [0:0]&#10;|       |--P_HTML_TAG_NAME -&gt; p [0:1]&#10;|       |--WS -&gt;   [0:2]&#10;|       |--ATTRIBUTE -&gt; ATTRIBUTE [0:3]&#10;|       |   |--HTML_TAG_NAME -&gt; style [0:3]&#10;|       |   |--EQUALS -&gt; = [0:8]&#10;|       |   `--ATTR_VALUE -&gt; &quot;color: red;&quot; [0:9]&#10;|       `--END -&gt; &gt; [0:23]&#10;|--NEWLINE -&gt; \n [0:24]&#10;|--TEXT -&gt; \ttext text [1:0]&#10;|--NEWLINE -&gt; \n [1:10]&#10;|--JAVADOC_TAG -&gt; JAVADOC_TAG [2:0]&#10;|   |--AUTHOR_LITERAL -&gt; @author [2:0]&#10;|   |--WS -&gt;   [2:7]&#10;|   `--DESCRIPTION -&gt; DESCRIPTION [2:8]&#10;|       `--TEXT -&gt; Baratali [2:8]&#10;`--EOF -&gt; &lt;EOF&gt; [2:16]]&#10;&gt; but was:&lt;...DOC -&gt; JAVADOC [0:0][&#10;|--HTML_ELEMENT -&gt; HTML_ELEMENT [0:0]&#10;|   `--P_TAG_START -&gt; P_TAG_START [0:0]&#10;|       |--START -&gt; &lt; [0:0]&#10;|       |--P_HTML_TAG_NAME -&gt; p [0:1]&#10;|       |--WS -&gt;   [0:2]&#10;|       |--ATTRIBUTE -&gt; ATTRIBUTE [0:3]&#10;|       |   |--HTML_TAG_NAME -&gt; style [0:3]&#10;|       |   |--EQUALS -&gt; = [0:8]&#10;|       |   `--ATTR_VALUE -&gt; &quot;color: red;&quot; [0:9]&#10;|       `--END -&gt; &gt; [0:23]&#10;|--NEWLINE -&gt; \n [0:24]&#10;|--TEXT -&gt; \ttext text [1:0]&#10;|--NEWLINE -&gt; \n [1:10]&#10;|--JAVADOC_TAG -&gt; JAVADOC_TAG [2:0]&#10;|   |--AUTHOR_LITERAL -&gt; @author [2:0]&#10;|   |--WS -&gt;   [2:7]&#10;|   `--DESCRIPTION -&gt; DESCRIPTION [2:8]&#10;|       `--TEXT -&gt; Baratali [2:8]&#10;`--EOF -&gt; &lt;EOF&gt; [2:16]&#13;]&#10;&gt;" type="org.junit.ComparisonFailure"><![CDATA[org.junit.ComparisonFailure: 
Generated tree from the javadoc file should match the pre-defined tree expected:<...DOC -> JAVADOC [0:0][
|--HTML_ELEMENT -> HTML_ELEMENT [0:0]
|   `--P_TAG_START -> P_TAG_START [0:0]
|       |--START -> < [0:0]
|       |--P_HTML_TAG_NAME -> p [0:1]
|       |--WS ->   [0:2]
|       |--ATTRIBUTE -> ATTRIBUTE [0:3]
|       |   |--HTML_TAG_NAME -> style [0:3]
|       |   |--EQUALS -> = [0:8]
|       |   `--ATTR_VALUE -> "color: red;" [0:9]
|       `--END -> > [0:23]
|--NEWLINE -> \n [0:24]
|--TEXT -> \ttext text [1:0]
|--NEWLINE -> \n [1:10]
|--JAVADOC_TAG -> JAVADOC_TAG [2:0]
|   |--AUTHOR_LITERAL -> @author [2:0]
|   |--WS ->   [2:7]
|   `--DESCRIPTION -> DESCRIPTION [2:8]
|       `--TEXT -> Baratali [2:8]
`--EOF -> <EOF> [2:16]]
> but was:<...DOC -> JAVADOC [0:0][
|--HTML_ELEMENT -> HTML_ELEMENT [0:0]
|   `--P_TAG_START -> P_TAG_START [0:0]
|       |--START -> < [0:0]
|       |--P_HTML_TAG_NAME -> p [0:1]
|       |--WS ->   [0:2]
|       |--ATTRIBUTE -> ATTRIBUTE [0:3]
|       |   |--HTML_TAG_NAME -> style [0:3]
|       |   |--EQUALS -> = [0:8]
|       |   `--ATTR_VALUE -> "color: red;" [0:9]
|       `--END -> > [0:23]
|--NEWLINE -> \n [0:24]
|--TEXT -> \ttext text [1:0]
|--NEWLINE -> \n [1:10]
|--JAVADOC_TAG -> JAVADOC_TAG [2:0]
|   |--AUTHOR_LITERAL -> @author [2:0]
|   |--WS ->   [2:7]
|   `--DESCRIPTION -> DESCRIPTION [2:8]
|       `--TEXT -> Baratali [2:8]
`--EOF -> <EOF> [2:16]]
>
	at com.puppycrawl.tools.checkstyle.grammar.javadoc.JavadocParseTreeTest.unclosedParagraphFollowedByJavadocTag(JavadocParseTreeTest.java:134)
]]></failure>
  </testcase>
  <testcase name="testInlineCustomJavadocTag" classname="com.puppycrawl.tools.checkstyle.grammar.javadoc.JavadocParseTreeTest" time="0.016">
    <failure message="Generated tree from the javadoc file should match the pre-defined tree expected:&lt;...DOC -&gt; JAVADOC [0:0][&#10;|--TEXT -&gt; Non standard  [0:0]&#10;|--JAVADOC_INLINE_TAG -&gt; JAVADOC_INLINE_TAG [0:13]&#10;|   |--JAVADOC_INLINE_TAG_START -&gt; { [0:13]&#10;|   |--CUSTOM_NAME -&gt; @preformat [0:14]&#10;|   |--WS -&gt;   [0:24]&#10;|   |--DESCRIPTION -&gt; DESCRIPTION [0:25]&#10;|   |   `--TEXT -&gt; a&lt;b [0:25]&#10;|   `--JAVADOC_INLINE_TAG_END -&gt; } [0:28]&#10;|--NEWLINE -&gt; \n [0:29]&#10;`--EOF -&gt; &lt;EOF&gt; [1:0]]&#10;&gt; but was:&lt;...DOC -&gt; JAVADOC [0:0][&#10;|--TEXT -&gt; Non standard  [0:0]&#10;|--JAVADOC_INLINE_TAG -&gt; JAVADOC_INLINE_TAG [0:13]&#10;|   |--JAVADOC_INLINE_TAG_START -&gt; { [0:13]&#10;|   |--CUSTOM_NAME -&gt; @preformat [0:14]&#10;|   |--WS -&gt;   [0:24]&#10;|   |--DESCRIPTION -&gt; DESCRIPTION [0:25]&#10;|   |   `--TEXT -&gt; a&lt;b [0:25]&#10;|   `--JAVADOC_INLINE_TAG_END -&gt; } [0:28]&#10;|--NEWLINE -&gt; \n [0:29]&#10;`--EOF -&gt; &lt;EOF&gt; [1:0]&#13;]&#10;&gt;" type="org.junit.ComparisonFailure"><![CDATA[org.junit.ComparisonFailure: 
Generated tree from the javadoc file should match the pre-defined tree expected:<...DOC -> JAVADOC [0:0][
|--TEXT -> Non standard  [0:0]
|--JAVADOC_INLINE_TAG -> JAVADOC_INLINE_TAG [0:13]
|   |--JAVADOC_INLINE_TAG_START -> { [0:13]
|   |--CUSTOM_NAME -> @preformat [0:14]
|   |--WS ->   [0:24]
|   |--DESCRIPTION -> DESCRIPTION [0:25]
|   |   `--TEXT -> a<b [0:25]
|   `--JAVADOC_INLINE_TAG_END -> } [0:28]
|--NEWLINE -> \n [0:29]
`--EOF -> <EOF> [1:0]]
> but was:<...DOC -> JAVADOC [0:0][
|--TEXT -> Non standard  [0:0]
|--JAVADOC_INLINE_TAG -> JAVADOC_INLINE_TAG [0:13]
|   |--JAVADOC_INLINE_TAG_START -> { [0:13]
|   |--CUSTOM_NAME -> @preformat [0:14]
|   |--WS ->   [0:24]
|   |--DESCRIPTION -> DESCRIPTION [0:25]
|   |   `--TEXT -> a<b [0:25]
|   `--JAVADOC_INLINE_TAG_END -> } [0:28]
|--NEWLINE -> \n [0:29]
`--EOF -> <EOF> [1:0]]
>
	at com.puppycrawl.tools.checkstyle.grammar.javadoc.JavadocParseTreeTest.testInlineCustomJavadocTag(JavadocParseTreeTest.java:200)
]]></failure>
  </testcase>
  <testcase name="leadingAsterisks" classname="com.puppycrawl.tools.checkstyle.grammar.javadoc.JavadocParseTreeTest" time="0">
    <failure message="Generated tree from the javadoc file should match the pre-defined tree expected:&lt;...DOC -&gt; JAVADOC [0:0][&#10;|--NEWLINE -&gt; \n [0:0]&#10;|--LEADING_ASTERISK -&gt;   * [1:0]&#10;|--TEXT -&gt;  Leading asterisk [1:3]&#10;|--NEWLINE -&gt; \n [1:20]&#10;|--LEADING_ASTERISK -&gt;     * [2:0]&#10;|--TEXT -&gt;  Another one [2:5]&#10;`--EOF -&gt; &lt;EOF&gt; [2:17]]&#10;&gt; but was:&lt;...DOC -&gt; JAVADOC [0:0][&#10;|--NEWLINE -&gt; \n [0:0]&#10;|--LEADING_ASTERISK -&gt;   * [1:0]&#10;|--TEXT -&gt;  Leading asterisk [1:3]&#10;|--NEWLINE -&gt; \n [1:20]&#10;|--LEADING_ASTERISK -&gt;     * [2:0]&#10;|--TEXT -&gt;  Another one [2:5]&#10;`--EOF -&gt; &lt;EOF&gt; [2:17]&#13;]&#10;&gt;" type="org.junit.ComparisonFailure"><![CDATA[org.junit.ComparisonFailure: 
Generated tree from the javadoc file should match the pre-defined tree expected:<...DOC -> JAVADOC [0:0][
|--NEWLINE -> \n [0:0]
|--LEADING_ASTERISK ->   * [1:0]
|--TEXT ->  Leading asterisk [1:3]
|--NEWLINE -> \n [1:20]
|--LEADING_ASTERISK ->     * [2:0]
|--TEXT ->  Another one [2:5]
`--EOF -> <EOF> [2:17]]
> but was:<...DOC -> JAVADOC [0:0][
|--NEWLINE -> \n [0:0]
|--LEADING_ASTERISK ->   * [1:0]
|--TEXT ->  Leading asterisk [1:3]
|--NEWLINE -> \n [1:20]
|--LEADING_ASTERISK ->     * [2:0]
|--TEXT ->  Another one [2:5]
`--EOF -> <EOF> [2:17]]
>
	at com.puppycrawl.tools.checkstyle.grammar.javadoc.JavadocParseTreeTest.leadingAsterisks(JavadocParseTreeTest.java:74)
]]></failure>
  </testcase>
  <testcase name="serial" classname="com.puppycrawl.tools.checkstyle.grammar.javadoc.JavadocParseTreeTest" time="0">
    <failure message="Generated tree from the javadoc file should match the pre-defined tree expected:&lt;...DOC -&gt; JAVADOC [0:0][&#10;|--JAVADOC_TAG -&gt; JAVADOC_TAG [0:0]&#10;|   |--SERIAL_LITERAL -&gt; @serial [0:0]&#10;|   |--WS -&gt;   [0:7]&#10;|   `--DESCRIPTION -&gt; DESCRIPTION [0:8]&#10;|       |--TEXT -&gt; field description [0:8]&#10;|       |--NEWLINE -&gt; \n [0:25]&#10;|       |--TEXT -&gt; on few lines [1:0]&#10;|       |--NEWLINE -&gt; \n [1:12]&#10;|       |--TEXT -&gt; and even here [2:0]&#10;|       `--NEWLINE -&gt; \n [2:13]&#10;|--JAVADOC_TAG -&gt; JAVADOC_TAG [3:0]&#10;|   |--SERIAL_LITERAL -&gt; @serial [3:0]&#10;|   |--WS -&gt;   [3:7]&#10;|   |--LITERAL_INCLUDE -&gt; include [3:8]&#10;|   `--NEWLINE -&gt; \n [3:15]&#10;|--JAVADOC_TAG -&gt; JAVADOC_TAG [4:0]&#10;|   |--SERIAL_LITERAL -&gt; @serial [4:0]&#10;|   |--WS -&gt;   [4:7]&#10;|   |--LITERAL_EXCLUDE -&gt; exclude [4:8]&#10;|   `--NEWLINE -&gt; \n [4:15]&#10;|--JAVADOC_TAG -&gt; JAVADOC_TAG [5:0]&#10;|   |--SERIAL_FIELD_LITERAL -&gt; @serialField [5:0]&#10;|   |--WS -&gt;   [5:12]&#10;|   |--FIELD_NAME -&gt; myField [5:13]&#10;|   |--WS -&gt;   [5:20]&#10;|   |--FIELD_TYPE -&gt; myObjectStreamField [5:21]&#10;|   |--WS -&gt;   [5:40]&#10;|   `--DESCRIPTION -&gt; DESCRIPTION [5:41]&#10;|       |--TEXT -&gt; description of my serial field [5:41]&#10;|       `--NEWLINE -&gt; \n [5:71]&#10;|--JAVADOC_TAG -&gt; JAVADOC_TAG [6:0]&#10;|   |--SERIAL_DATA_LITERAL -&gt; @serialData [6:0]&#10;|   |--WS -&gt;   [6:11]&#10;|   `--DESCRIPTION -&gt; DESCRIPTION [6:12]&#10;|       `--TEXT -&gt; The data-description documents [6:12]&#10;`--EOF -&gt; &lt;EOF&gt; [6:42]]&#10;&gt; but was:&lt;...DOC -&gt; JAVADOC [0:0][&#10;|--JAVADOC_TAG -&gt; JAVADOC_TAG [0:0]&#10;|   |--SERIAL_LITERAL -&gt; @serial [0:0]&#10;|   |--WS -&gt;   [0:7]&#10;|   `--DESCRIPTION -&gt; DESCRIPTION [0:8]&#10;|       |--TEXT -&gt; field description [0:8]&#10;|       |--NEWLINE -&gt; \n [0:25]&#10;|       |--TEXT -&gt; on few lines [1:0]&#10;|       |--NEWLINE -&gt; \n [1:12]&#10;|       |--TEXT -&gt; and even here [2:0]&#10;|       `--NEWLINE -&gt; \n [2:13]&#10;|--JAVADOC_TAG -&gt; JAVADOC_TAG [3:0]&#10;|   |--SERIAL_LITERAL -&gt; @serial [3:0]&#10;|   |--WS -&gt;   [3:7]&#10;|   |--LITERAL_INCLUDE -&gt; include [3:8]&#10;|   `--NEWLINE -&gt; \n [3:15]&#10;|--JAVADOC_TAG -&gt; JAVADOC_TAG [4:0]&#10;|   |--SERIAL_LITERAL -&gt; @serial [4:0]&#10;|   |--WS -&gt;   [4:7]&#10;|   |--LITERAL_EXCLUDE -&gt; exclude [4:8]&#10;|   `--NEWLINE -&gt; \n [4:15]&#10;|--JAVADOC_TAG -&gt; JAVADOC_TAG [5:0]&#10;|   |--SERIAL_FIELD_LITERAL -&gt; @serialField [5:0]&#10;|   |--WS -&gt;   [5:12]&#10;|   |--FIELD_NAME -&gt; myField [5:13]&#10;|   |--WS -&gt;   [5:20]&#10;|   |--FIELD_TYPE -&gt; myObjectStreamField [5:21]&#10;|   |--WS -&gt;   [5:40]&#10;|   `--DESCRIPTION -&gt; DESCRIPTION [5:41]&#10;|       |--TEXT -&gt; description of my serial field [5:41]&#10;|       `--NEWLINE -&gt; \n [5:71]&#10;|--JAVADOC_TAG -&gt; JAVADOC_TAG [6:0]&#10;|   |--SERIAL_DATA_LITERAL -&gt; @serialData [6:0]&#10;|   |--WS -&gt;   [6:11]&#10;|   `--DESCRIPTION -&gt; DESCRIPTION [6:12]&#10;|       `--TEXT -&gt; The data-description documents [6:12]&#10;`--EOF -&gt; &lt;EOF&gt; [6:42]&#13;]&#10;&gt;" type="org.junit.ComparisonFailure"><![CDATA[org.junit.ComparisonFailure: 
Generated tree from the javadoc file should match the pre-defined tree expected:<...DOC -> JAVADOC [0:0][
|--JAVADOC_TAG -> JAVADOC_TAG [0:0]
|   |--SERIAL_LITERAL -> @serial [0:0]
|   |--WS ->   [0:7]
|   `--DESCRIPTION -> DESCRIPTION [0:8]
|       |--TEXT -> field description [0:8]
|       |--NEWLINE -> \n [0:25]
|       |--TEXT -> on few lines [1:0]
|       |--NEWLINE -> \n [1:12]
|       |--TEXT -> and even here [2:0]
|       `--NEWLINE -> \n [2:13]
|--JAVADOC_TAG -> JAVADOC_TAG [3:0]
|   |--SERIAL_LITERAL -> @serial [3:0]
|   |--WS ->   [3:7]
|   |--LITERAL_INCLUDE -> include [3:8]
|   `--NEWLINE -> \n [3:15]
|--JAVADOC_TAG -> JAVADOC_TAG [4:0]
|   |--SERIAL_LITERAL -> @serial [4:0]
|   |--WS ->   [4:7]
|   |--LITERAL_EXCLUDE -> exclude [4:8]
|   `--NEWLINE -> \n [4:15]
|--JAVADOC_TAG -> JAVADOC_TAG [5:0]
|   |--SERIAL_FIELD_LITERAL -> @serialField [5:0]
|   |--WS ->   [5:12]
|   |--FIELD_NAME -> myField [5:13]
|   |--WS ->   [5:20]
|   |--FIELD_TYPE -> myObjectStreamField [5:21]
|   |--WS ->   [5:40]
|   `--DESCRIPTION -> DESCRIPTION [5:41]
|       |--TEXT -> description of my serial field [5:41]
|       `--NEWLINE -> \n [5:71]
|--JAVADOC_TAG -> JAVADOC_TAG [6:0]
|   |--SERIAL_DATA_LITERAL -> @serialData [6:0]
|   |--WS ->   [6:11]
|   `--DESCRIPTION -> DESCRIPTION [6:12]
|       `--TEXT -> The data-description documents [6:12]
`--EOF -> <EOF> [6:42]]
> but was:<...DOC -> JAVADOC [0:0][
|--JAVADOC_TAG -> JAVADOC_TAG [0:0]
|   |--SERIAL_LITERAL -> @serial [0:0]
|   |--WS ->   [0:7]
|   `--DESCRIPTION -> DESCRIPTION [0:8]
|       |--TEXT -> field description [0:8]
|       |--NEWLINE -> \n [0:25]
|       |--TEXT -> on few lines [1:0]
|       |--NEWLINE -> \n [1:12]
|       |--TEXT -> and even here [2:0]
|       `--NEWLINE -> \n [2:13]
|--JAVADOC_TAG -> JAVADOC_TAG [3:0]
|   |--SERIAL_LITERAL -> @serial [3:0]
|   |--WS ->   [3:7]
|   |--LITERAL_INCLUDE -> include [3:8]
|   `--NEWLINE -> \n [3:15]
|--JAVADOC_TAG -> JAVADOC_TAG [4:0]
|   |--SERIAL_LITERAL -> @serial [4:0]
|   |--WS ->   [4:7]
|   |--LITERAL_EXCLUDE -> exclude [4:8]
|   `--NEWLINE -> \n [4:15]
|--JAVADOC_TAG -> JAVADOC_TAG [5:0]
|   |--SERIAL_FIELD_LITERAL -> @serialField [5:0]
|   |--WS ->   [5:12]
|   |--FIELD_NAME -> myField [5:13]
|   |--WS ->   [5:20]
|   |--FIELD_TYPE -> myObjectStreamField [5:21]
|   |--WS ->   [5:40]
|   `--DESCRIPTION -> DESCRIPTION [5:41]
|       |--TEXT -> description of my serial field [5:41]
|       `--NEWLINE -> \n [5:71]
|--JAVADOC_TAG -> JAVADOC_TAG [6:0]
|   |--SERIAL_DATA_LITERAL -> @serialData [6:0]
|   |--WS ->   [6:11]
|   `--DESCRIPTION -> DESCRIPTION [6:12]
|       `--TEXT -> The data-description documents [6:12]
`--EOF -> <EOF> [6:42]]
>
	at com.puppycrawl.tools.checkstyle.grammar.javadoc.JavadocParseTreeTest.serial(JavadocParseTreeTest.java:110)
]]></failure>
  </testcase>
  <testcase name="testTwoLinkTagsInRow" classname="com.puppycrawl.tools.checkstyle.grammar.javadoc.JavadocParseTreeTest" time="0">
    <failure message="Generated tree from the javadoc file should match the pre-defined tree expected:&lt;...DOC -&gt; JAVADOC [0:0][&#10;|--JAVADOC_INLINE_TAG -&gt; JAVADOC_INLINE_TAG [0:0]&#10;|   |--JAVADOC_INLINE_TAG_START -&gt; { [0:0]&#10;|   |--LINK_LITERAL -&gt; @link [0:1]&#10;|   |--WS -&gt;   [0:6]&#10;|   |--REFERENCE -&gt; REFERENCE [0:7]&#10;|   |   |--HASH -&gt; # [0:7]&#10;|   |   `--MEMBER -&gt; WHITESPACE [0:8]&#10;|   |--WS -&gt;   [0:18]&#10;|   |--DESCRIPTION -&gt; DESCRIPTION [0:19]&#10;|   |   `--TEXT -&gt; WHITESPACE [0:19]&#10;|   `--JAVADOC_INLINE_TAG_END -&gt; } [0:29]&#10;|--JAVADOC_INLINE_TAG -&gt; JAVADOC_INLINE_TAG [0:30]&#10;|   |--JAVADOC_INLINE_TAG_START -&gt; { [0:30]&#10;|   |--LINK_LITERAL -&gt; @link [0:31]&#10;|   |--WS -&gt;   [0:36]&#10;|   |--REFERENCE -&gt; REFERENCE [0:37]&#10;|   |   |--HASH -&gt; # [0:37]&#10;|   |   `--MEMBER -&gt; trimFrom [0:38]&#10;|   |--WS -&gt;   [0:46]&#10;|   |--DESCRIPTION -&gt; DESCRIPTION [0:47]&#10;|   |   `--TEXT -&gt; trimFrom [0:47]&#10;|   `--JAVADOC_INLINE_TAG_END -&gt; } [0:55]&#10;`--EOF -&gt; &lt;EOF&gt; [0:56]]&#10;&gt; but was:&lt;...DOC -&gt; JAVADOC [0:0][&#10;|--JAVADOC_INLINE_TAG -&gt; JAVADOC_INLINE_TAG [0:0]&#10;|   |--JAVADOC_INLINE_TAG_START -&gt; { [0:0]&#10;|   |--LINK_LITERAL -&gt; @link [0:1]&#10;|   |--WS -&gt;   [0:6]&#10;|   |--REFERENCE -&gt; REFERENCE [0:7]&#10;|   |   |--HASH -&gt; # [0:7]&#10;|   |   `--MEMBER -&gt; WHITESPACE [0:8]&#10;|   |--WS -&gt;   [0:18]&#10;|   |--DESCRIPTION -&gt; DESCRIPTION [0:19]&#10;|   |   `--TEXT -&gt; WHITESPACE [0:19]&#10;|   `--JAVADOC_INLINE_TAG_END -&gt; } [0:29]&#10;|--JAVADOC_INLINE_TAG -&gt; JAVADOC_INLINE_TAG [0:30]&#10;|   |--JAVADOC_INLINE_TAG_START -&gt; { [0:30]&#10;|   |--LINK_LITERAL -&gt; @link [0:31]&#10;|   |--WS -&gt;   [0:36]&#10;|   |--REFERENCE -&gt; REFERENCE [0:37]&#10;|   |   |--HASH -&gt; # [0:37]&#10;|   |   `--MEMBER -&gt; trimFrom [0:38]&#10;|   |--WS -&gt;   [0:46]&#10;|   |--DESCRIPTION -&gt; DESCRIPTION [0:47]&#10;|   |   `--TEXT -&gt; trimFrom [0:47]&#10;|   `--JAVADOC_INLINE_TAG_END -&gt; } [0:55]&#10;`--EOF -&gt; &lt;EOF&gt; [0:56]&#13;]&#10;&gt;" type="org.junit.ComparisonFailure"><![CDATA[org.junit.ComparisonFailure: 
Generated tree from the javadoc file should match the pre-defined tree expected:<...DOC -> JAVADOC [0:0][
|--JAVADOC_INLINE_TAG -> JAVADOC_INLINE_TAG [0:0]
|   |--JAVADOC_INLINE_TAG_START -> { [0:0]
|   |--LINK_LITERAL -> @link [0:1]
|   |--WS ->   [0:6]
|   |--REFERENCE -> REFERENCE [0:7]
|   |   |--HASH -> # [0:7]
|   |   `--MEMBER -> WHITESPACE [0:8]
|   |--WS ->   [0:18]
|   |--DESCRIPTION -> DESCRIPTION [0:19]
|   |   `--TEXT -> WHITESPACE [0:19]
|   `--JAVADOC_INLINE_TAG_END -> } [0:29]
|--JAVADOC_INLINE_TAG -> JAVADOC_INLINE_TAG [0:30]
|   |--JAVADOC_INLINE_TAG_START -> { [0:30]
|   |--LINK_LITERAL -> @link [0:31]
|   |--WS ->   [0:36]
|   |--REFERENCE -> REFERENCE [0:37]
|   |   |--HASH -> # [0:37]
|   |   `--MEMBER -> trimFrom [0:38]
|   |--WS ->   [0:46]
|   |--DESCRIPTION -> DESCRIPTION [0:47]
|   |   `--TEXT -> trimFrom [0:47]
|   `--JAVADOC_INLINE_TAG_END -> } [0:55]
`--EOF -> <EOF> [0:56]]
> but was:<...DOC -> JAVADOC [0:0][
|--JAVADOC_INLINE_TAG -> JAVADOC_INLINE_TAG [0:0]
|   |--JAVADOC_INLINE_TAG_START -> { [0:0]
|   |--LINK_LITERAL -> @link [0:1]
|   |--WS ->   [0:6]
|   |--REFERENCE -> REFERENCE [0:7]
|   |   |--HASH -> # [0:7]
|   |   `--MEMBER -> WHITESPACE [0:8]
|   |--WS ->   [0:18]
|   |--DESCRIPTION -> DESCRIPTION [0:19]
|   |   `--TEXT -> WHITESPACE [0:19]
|   `--JAVADOC_INLINE_TAG_END -> } [0:29]
|--JAVADOC_INLINE_TAG -> JAVADOC_INLINE_TAG [0:30]
|   |--JAVADOC_INLINE_TAG_START -> { [0:30]
|   |--LINK_LITERAL -> @link [0:31]
|   |--WS ->   [0:36]
|   |--REFERENCE -> REFERENCE [0:37]
|   |   |--HASH -> # [0:37]
|   |   `--MEMBER -> trimFrom [0:38]
|   |--WS ->   [0:46]
|   |--DESCRIPTION -> DESCRIPTION [0:47]
|   |   `--TEXT -> trimFrom [0:47]
|   `--JAVADOC_INLINE_TAG_END -> } [0:55]
`--EOF -> <EOF> [0:56]]
>
	at com.puppycrawl.tools.checkstyle.grammar.javadoc.JavadocParseTreeTest.testTwoLinkTagsInRow(JavadocParseTreeTest.java:248)
]]></failure>
  </testcase>
  <testcase name="docRootInheritDoc" classname="com.puppycrawl.tools.checkstyle.grammar.javadoc.JavadocParseTreeTest" time="0">
    <failure message="Generated tree from the javadoc file should match the pre-defined tree expected:&lt;...DOC -&gt; JAVADOC [0:0][&#10;|--NEWLINE -&gt; \n [0:0]&#10;|--LEADING_ASTERISK -&gt;  * [1:0]&#10;|--TEXT -&gt;   [1:2]&#10;|--JAVADOC_INLINE_TAG -&gt; JAVADOC_INLINE_TAG [1:3]&#10;|   |--JAVADOC_INLINE_TAG_START -&gt; { [1:3]&#10;|   |--DOC_ROOT_LITERAL -&gt; @docRoot [1:4]&#10;|   `--JAVADOC_INLINE_TAG_END -&gt; } [1:12]&#10;|--NEWLINE -&gt; \n [1:13]&#10;|--LEADING_ASTERISK -&gt;  * [2:0]&#10;|--TEXT -&gt;   [2:2]&#10;|--JAVADOC_INLINE_TAG -&gt; JAVADOC_INLINE_TAG [2:3]&#10;|   |--JAVADOC_INLINE_TAG_START -&gt; { [2:3]&#10;|   |--DOC_ROOT_LITERAL -&gt; @docRoot [2:4]&#10;|   |--WS -&gt;   [2:12]&#10;|   `--JAVADOC_INLINE_TAG_END -&gt; } [2:13]&#10;|--NEWLINE -&gt; \n [2:14]&#10;|--LEADING_ASTERISK -&gt;  * [3:0]&#10;|--TEXT -&gt;   [3:2]&#10;|--JAVADOC_INLINE_TAG -&gt; JAVADOC_INLINE_TAG [3:3]&#10;|   |--JAVADOC_INLINE_TAG_START -&gt; { [3:3]&#10;|   |--DOC_ROOT_LITERAL -&gt; @docRoot [3:4]&#10;|   |--NEWLINE -&gt; \n [3:12]&#10;|   |--LEADING_ASTERISK -&gt;  * [4:0]&#10;|   |--WS -&gt;   [4:2]&#10;|   `--JAVADOC_INLINE_TAG_END -&gt; } [4:3]&#10;|--NEWLINE -&gt; \n [4:4]&#10;|--LEADING_ASTERISK -&gt;  * [5:0]&#10;|--TEXT -&gt;   [5:2]&#10;|--JAVADOC_INLINE_TAG -&gt; JAVADOC_INLINE_TAG [5:3]&#10;|   |--JAVADOC_INLINE_TAG_START -&gt; { [5:3]&#10;|   |--INHERIT_DOC_LITERAL -&gt; @inheritDoc [5:4]&#10;|   `--JAVADOC_INLINE_TAG_END -&gt; } [5:15]&#10;|--NEWLINE -&gt; \n [5:16]&#10;|--LEADING_ASTERISK -&gt;  * [6:0]&#10;|--TEXT -&gt;   [6:2]&#10;|--JAVADOC_INLINE_TAG -&gt; JAVADOC_INLINE_TAG [6:3]&#10;|   |--JAVADOC_INLINE_TAG_START -&gt; { [6:3]&#10;|   |--INHERIT_DOC_LITERAL -&gt; @inheritDoc [6:4]&#10;|   |--WS -&gt;   [6:15]&#10;|   `--JAVADOC_INLINE_TAG_END -&gt; } [6:16]&#10;|--NEWLINE -&gt; \n [6:17]&#10;|--LEADING_ASTERISK -&gt;  * [7:0]&#10;|--TEXT -&gt;   [7:2]&#10;|--JAVADOC_INLINE_TAG -&gt; JAVADOC_INLINE_TAG [7:3]&#10;|   |--JAVADOC_INLINE_TAG_START -&gt; { [7:3]&#10;|   |--INHERIT_DOC_LITERAL -&gt; @inheritDoc [7:4]&#10;|   |--NEWLINE -&gt; \n [7:15]&#10;|   |--LEADING_ASTERISK -&gt;  * [8:0]&#10;|   |--WS -&gt;   [8:2]&#10;|   `--JAVADOC_INLINE_TAG_END -&gt; } [8:3]&#10;|--NEWLINE -&gt; \n [8:4]&#10;|--TEXT -&gt;   [9:0]&#10;`--EOF -&gt; &lt;EOF&gt; [9:1]]&#10;&gt; but was:&lt;...DOC -&gt; JAVADOC [0:0][&#10;|--NEWLINE -&gt; \n [0:0]&#10;|--LEADING_ASTERISK -&gt;  * [1:0]&#10;|--TEXT -&gt;   [1:2]&#10;|--JAVADOC_INLINE_TAG -&gt; JAVADOC_INLINE_TAG [1:3]&#10;|   |--JAVADOC_INLINE_TAG_START -&gt; { [1:3]&#10;|   |--DOC_ROOT_LITERAL -&gt; @docRoot [1:4]&#10;|   `--JAVADOC_INLINE_TAG_END -&gt; } [1:12]&#10;|--NEWLINE -&gt; \n [1:13]&#10;|--LEADING_ASTERISK -&gt;  * [2:0]&#10;|--TEXT -&gt;   [2:2]&#10;|--JAVADOC_INLINE_TAG -&gt; JAVADOC_INLINE_TAG [2:3]&#10;|   |--JAVADOC_INLINE_TAG_START -&gt; { [2:3]&#10;|   |--DOC_ROOT_LITERAL -&gt; @docRoot [2:4]&#10;|   |--WS -&gt;   [2:12]&#10;|   `--JAVADOC_INLINE_TAG_END -&gt; } [2:13]&#10;|--NEWLINE -&gt; \n [2:14]&#10;|--LEADING_ASTERISK -&gt;  * [3:0]&#10;|--TEXT -&gt;   [3:2]&#10;|--JAVADOC_INLINE_TAG -&gt; JAVADOC_INLINE_TAG [3:3]&#10;|   |--JAVADOC_INLINE_TAG_START -&gt; { [3:3]&#10;|   |--DOC_ROOT_LITERAL -&gt; @docRoot [3:4]&#10;|   |--NEWLINE -&gt; \n [3:12]&#10;|   |--LEADING_ASTERISK -&gt;  * [4:0]&#10;|   |--WS -&gt;   [4:2]&#10;|   `--JAVADOC_INLINE_TAG_END -&gt; } [4:3]&#10;|--NEWLINE -&gt; \n [4:4]&#10;|--LEADING_ASTERISK -&gt;  * [5:0]&#10;|--TEXT -&gt;   [5:2]&#10;|--JAVADOC_INLINE_TAG -&gt; JAVADOC_INLINE_TAG [5:3]&#10;|   |--JAVADOC_INLINE_TAG_START -&gt; { [5:3]&#10;|   |--INHERIT_DOC_LITERAL -&gt; @inheritDoc [5:4]&#10;|   `--JAVADOC_INLINE_TAG_END -&gt; } [5:15]&#10;|--NEWLINE -&gt; \n [5:16]&#10;|--LEADING_ASTERISK -&gt;  * [6:0]&#10;|--TEXT -&gt;   [6:2]&#10;|--JAVADOC_INLINE_TAG -&gt; JAVADOC_INLINE_TAG [6:3]&#10;|   |--JAVADOC_INLINE_TAG_START -&gt; { [6:3]&#10;|   |--INHERIT_DOC_LITERAL -&gt; @inheritDoc [6:4]&#10;|   |--WS -&gt;   [6:15]&#10;|   `--JAVADOC_INLINE_TAG_END -&gt; } [6:16]&#10;|--NEWLINE -&gt; \n [6:17]&#10;|--LEADING_ASTERISK -&gt;  * [7:0]&#10;|--TEXT -&gt;   [7:2]&#10;|--JAVADOC_INLINE_TAG -&gt; JAVADOC_INLINE_TAG [7:3]&#10;|   |--JAVADOC_INLINE_TAG_START -&gt; { [7:3]&#10;|   |--INHERIT_DOC_LITERAL -&gt; @inheritDoc [7:4]&#10;|   |--NEWLINE -&gt; \n [7:15]&#10;|   |--LEADING_ASTERISK -&gt;  * [8:0]&#10;|   |--WS -&gt;   [8:2]&#10;|   `--JAVADOC_INLINE_TAG_END -&gt; } [8:3]&#10;|--NEWLINE -&gt; \n [8:4]&#10;|--TEXT -&gt;   [9:0]&#10;`--EOF -&gt; &lt;EOF&gt; [9:1]&#13;]&#10;&gt;" type="org.junit.ComparisonFailure"><![CDATA[org.junit.ComparisonFailure: 
Generated tree from the javadoc file should match the pre-defined tree expected:<...DOC -> JAVADOC [0:0][
|--NEWLINE -> \n [0:0]
|--LEADING_ASTERISK ->  * [1:0]
|--TEXT ->   [1:2]
|--JAVADOC_INLINE_TAG -> JAVADOC_INLINE_TAG [1:3]
|   |--JAVADOC_INLINE_TAG_START -> { [1:3]
|   |--DOC_ROOT_LITERAL -> @docRoot [1:4]
|   `--JAVADOC_INLINE_TAG_END -> } [1:12]
|--NEWLINE -> \n [1:13]
|--LEADING_ASTERISK ->  * [2:0]
|--TEXT ->   [2:2]
|--JAVADOC_INLINE_TAG -> JAVADOC_INLINE_TAG [2:3]
|   |--JAVADOC_INLINE_TAG_START -> { [2:3]
|   |--DOC_ROOT_LITERAL -> @docRoot [2:4]
|   |--WS ->   [2:12]
|   `--JAVADOC_INLINE_TAG_END -> } [2:13]
|--NEWLINE -> \n [2:14]
|--LEADING_ASTERISK ->  * [3:0]
|--TEXT ->   [3:2]
|--JAVADOC_INLINE_TAG -> JAVADOC_INLINE_TAG [3:3]
|   |--JAVADOC_INLINE_TAG_START -> { [3:3]
|   |--DOC_ROOT_LITERAL -> @docRoot [3:4]
|   |--NEWLINE -> \n [3:12]
|   |--LEADING_ASTERISK ->  * [4:0]
|   |--WS ->   [4:2]
|   `--JAVADOC_INLINE_TAG_END -> } [4:3]
|--NEWLINE -> \n [4:4]
|--LEADING_ASTERISK ->  * [5:0]
|--TEXT ->   [5:2]
|--JAVADOC_INLINE_TAG -> JAVADOC_INLINE_TAG [5:3]
|   |--JAVADOC_INLINE_TAG_START -> { [5:3]
|   |--INHERIT_DOC_LITERAL -> @inheritDoc [5:4]
|   `--JAVADOC_INLINE_TAG_END -> } [5:15]
|--NEWLINE -> \n [5:16]
|--LEADING_ASTERISK ->  * [6:0]
|--TEXT ->   [6:2]
|--JAVADOC_INLINE_TAG -> JAVADOC_INLINE_TAG [6:3]
|   |--JAVADOC_INLINE_TAG_START -> { [6:3]
|   |--INHERIT_DOC_LITERAL -> @inheritDoc [6:4]
|   |--WS ->   [6:15]
|   `--JAVADOC_INLINE_TAG_END -> } [6:16]
|--NEWLINE -> \n [6:17]
|--LEADING_ASTERISK ->  * [7:0]
|--TEXT ->   [7:2]
|--JAVADOC_INLINE_TAG -> JAVADOC_INLINE_TAG [7:3]
|   |--JAVADOC_INLINE_TAG_START -> { [7:3]
|   |--INHERIT_DOC_LITERAL -> @inheritDoc [7:4]
|   |--NEWLINE -> \n [7:15]
|   |--LEADING_ASTERISK ->  * [8:0]
|   |--WS ->   [8:2]
|   `--JAVADOC_INLINE_TAG_END -> } [8:3]
|--NEWLINE -> \n [8:4]
|--TEXT ->   [9:0]
`--EOF -> <EOF> [9:1]]
> but was:<...DOC -> JAVADOC [0:0][
|--NEWLINE -> \n [0:0]
|--LEADING_ASTERISK ->  * [1:0]
|--TEXT ->   [1:2]
|--JAVADOC_INLINE_TAG -> JAVADOC_INLINE_TAG [1:3]
|   |--JAVADOC_INLINE_TAG_START -> { [1:3]
|   |--DOC_ROOT_LITERAL -> @docRoot [1:4]
|   `--JAVADOC_INLINE_TAG_END -> } [1:12]
|--NEWLINE -> \n [1:13]
|--LEADING_ASTERISK ->  * [2:0]
|--TEXT ->   [2:2]
|--JAVADOC_INLINE_TAG -> JAVADOC_INLINE_TAG [2:3]
|   |--JAVADOC_INLINE_TAG_START -> { [2:3]
|   |--DOC_ROOT_LITERAL -> @docRoot [2:4]
|   |--WS ->   [2:12]
|   `--JAVADOC_INLINE_TAG_END -> } [2:13]
|--NEWLINE -> \n [2:14]
|--LEADING_ASTERISK ->  * [3:0]
|--TEXT ->   [3:2]
|--JAVADOC_INLINE_TAG -> JAVADOC_INLINE_TAG [3:3]
|   |--JAVADOC_INLINE_TAG_START -> { [3:3]
|   |--DOC_ROOT_LITERAL -> @docRoot [3:4]
|   |--NEWLINE -> \n [3:12]
|   |--LEADING_ASTERISK ->  * [4:0]
|   |--WS ->   [4:2]
|   `--JAVADOC_INLINE_TAG_END -> } [4:3]
|--NEWLINE -> \n [4:4]
|--LEADING_ASTERISK ->  * [5:0]
|--TEXT ->   [5:2]
|--JAVADOC_INLINE_TAG -> JAVADOC_INLINE_TAG [5:3]
|   |--JAVADOC_INLINE_TAG_START -> { [5:3]
|   |--INHERIT_DOC_LITERAL -> @inheritDoc [5:4]
|   `--JAVADOC_INLINE_TAG_END -> } [5:15]
|--NEWLINE -> \n [5:16]
|--LEADING_ASTERISK ->  * [6:0]
|--TEXT ->   [6:2]
|--JAVADOC_INLINE_TAG -> JAVADOC_INLINE_TAG [6:3]
|   |--JAVADOC_INLINE_TAG_START -> { [6:3]
|   |--INHERIT_DOC_LITERAL -> @inheritDoc [6:4]
|   |--WS ->   [6:15]
|   `--JAVADOC_INLINE_TAG_END -> } [6:16]
|--NEWLINE -> \n [6:17]
|--LEADING_ASTERISK ->  * [7:0]
|--TEXT ->   [7:2]
|--JAVADOC_INLINE_TAG -> JAVADOC_INLINE_TAG [7:3]
|   |--JAVADOC_INLINE_TAG_START -> { [7:3]
|   |--INHERIT_DOC_LITERAL -> @inheritDoc [7:4]
|   |--NEWLINE -> \n [7:15]
|   |--LEADING_ASTERISK ->  * [8:0]
|   |--WS ->   [8:2]
|   `--JAVADOC_INLINE_TAG_END -> } [8:3]
|--NEWLINE -> \n [8:4]
|--TEXT ->   [9:0]
`--EOF -> <EOF> [9:1]]
>
	at com.puppycrawl.tools.checkstyle.grammar.javadoc.JavadocParseTreeTest.docRootInheritDoc(JavadocParseTreeTest.java:146)
]]></failure>
  </testcase>
  <testcase name="testInnerBracesInCodeTag" classname="com.puppycrawl.tools.checkstyle.grammar.javadoc.JavadocParseTreeTest" time="0">
    <failure message="Generated tree from the javadoc file should match the pre-defined tree expected:&lt;...DOC -&gt; JAVADOC [0:0][&#10;|--JAVADOC_INLINE_TAG -&gt; JAVADOC_INLINE_TAG [0:0]&#10;|   |--JAVADOC_INLINE_TAG_START -&gt; { [0:0]&#10;|   |--CODE_LITERAL -&gt; @code [0:1]&#10;|   |--WS -&gt;   [0:6]&#10;|   |--TEXT -&gt; {{{}}{{}}}  [0:7]&#10;|   `--JAVADOC_INLINE_TAG_END -&gt; } [0:19]&#10;`--EOF -&gt; &lt;EOF&gt; [0:20]]&#10;&gt; but was:&lt;...DOC -&gt; JAVADOC [0:0][&#10;|--JAVADOC_INLINE_TAG -&gt; JAVADOC_INLINE_TAG [0:0]&#10;|   |--JAVADOC_INLINE_TAG_START -&gt; { [0:0]&#10;|   |--CODE_LITERAL -&gt; @code [0:1]&#10;|   |--WS -&gt;   [0:6]&#10;|   |--TEXT -&gt; {{{}}{{}}}  [0:7]&#10;|   `--JAVADOC_INLINE_TAG_END -&gt; } [0:19]&#10;`--EOF -&gt; &lt;EOF&gt; [0:20]&#13;]&#10;&gt;" type="org.junit.ComparisonFailure"><![CDATA[org.junit.ComparisonFailure: 
Generated tree from the javadoc file should match the pre-defined tree expected:<...DOC -> JAVADOC [0:0][
|--JAVADOC_INLINE_TAG -> JAVADOC_INLINE_TAG [0:0]
|   |--JAVADOC_INLINE_TAG_START -> { [0:0]
|   |--CODE_LITERAL -> @code [0:1]
|   |--WS ->   [0:6]
|   |--TEXT -> {{{}}{{}}}  [0:7]
|   `--JAVADOC_INLINE_TAG_END -> } [0:19]
`--EOF -> <EOF> [0:20]]
> but was:<...DOC -> JAVADOC [0:0][
|--JAVADOC_INLINE_TAG -> JAVADOC_INLINE_TAG [0:0]
|   |--JAVADOC_INLINE_TAG_START -> { [0:0]
|   |--CODE_LITERAL -> @code [0:1]
|   |--WS ->   [0:6]
|   |--TEXT -> {{{}}{{}}}  [0:7]
|   `--JAVADOC_INLINE_TAG_END -> } [0:19]
`--EOF -> <EOF> [0:20]]
>
	at com.puppycrawl.tools.checkstyle.grammar.javadoc.JavadocParseTreeTest.testInnerBracesInCodeTag(JavadocParseTreeTest.java:236)
]]></failure>
  </testcase>
  <testcase name="testAllStandardJavadocTags" classname="com.puppycrawl.tools.checkstyle.grammar.javadoc.JavadocParseTreeTest" time="0.031">
    <failure message="Generated tree from the javadoc file should match the pre-defined tree expected:&lt;...DOC -&gt; JAVADOC [0:0][&#10;|--NEWLINE -&gt; \n [0:0]&#10;|--JAVADOC_TAG -&gt; JAVADOC_TAG [1:0]&#10;|   |--AUTHOR_LITERAL -&gt; @author [1:0]&#10;|   |--WS -&gt;   [1:7]&#10;|   `--DESCRIPTION -&gt; DESCRIPTION [1:8]&#10;|       |--TEXT -&gt; John Locke [1:8]&#10;|       `--NEWLINE -&gt; \n [1:18]&#10;|--JAVADOC_TAG -&gt; JAVADOC_TAG [2:0]&#10;|   |--AUTHOR_LITERAL -&gt; @author [2:0]&#10;|   |--WS -&gt;   [2:7]&#10;|   `--DESCRIPTION -&gt; DESCRIPTION [2:8]&#10;|       |--TEXT -&gt; Man in black, Sub Zero [2:8]&#10;|       `--NEWLINE -&gt; \n [2:30]&#10;|--JAVADOC_TAG -&gt; JAVADOC_TAG [3:0]&#10;|   |--AUTHOR_LITERAL -&gt; @author [3:0]&#10;|   |--WS -&gt;   [3:7]&#10;|   `--DESCRIPTION -&gt; DESCRIPTION [3:8]&#10;|       |--HTML_ELEMENT -&gt; HTML_ELEMENT [3:8]&#10;|       |   `--HTML_TAG -&gt; HTML_TAG [3:8]&#10;|       |       |--HTML_ELEMENT_START -&gt; HTML_ELEMENT_START [3:8]&#10;|       |       |   |--START -&gt; &lt; [3:8]&#10;|       |       |   |--HTML_TAG_NAME -&gt; a [3:9]&#10;|       |       |   |--WS -&gt;   [3:10]&#10;|       |       |   |--ATTRIBUTE -&gt; ATTRIBUTE [3:11]&#10;|       |       |   |   |--HTML_TAG_NAME -&gt; href [3:11]&#10;|       |       |   |   |--EQUALS -&gt; = [3:15]&#10;|       |       |   |   `--ATTR_VALUE -&gt; &quot;mailto:meth@albuquerque.com&quot; [3:16]&#10;|       |       |   `--END -&gt; &gt; [3:46]&#10;|       |       |--TEXT -&gt; Walter White [3:47]&#10;|       |       `--HTML_ELEMENT_END -&gt; HTML_ELEMENT_END [3:59]&#10;|       |           |--START -&gt; &lt; [3:59]&#10;|       |           |--SLASH -&gt; / [3:60]&#10;|       |           |--HTML_TAG_NAME -&gt; a [3:61]&#10;|       |           `--END -&gt; &gt; [3:62]&#10;|       `--NEWLINE -&gt; \n [3:63]&#10;|--JAVADOC_TAG -&gt; JAVADOC_TAG [4:0]&#10;|   |--DEPRECATED_LITERAL -&gt; @deprecated [4:0]&#10;|   |--WS -&gt;   [4:11]&#10;|   `--DESCRIPTION -&gt; DESCRIPTION [4:12]&#10;|       |--TEXT -&gt; This method is deprecated [4:12]&#10;|       |--NEWLINE -&gt; \n [4:37]&#10;|       |--TEXT -&gt; because we created new one. [5:0]&#10;|       `--NEWLINE -&gt; \n [5:27]&#10;|--JAVADOC_TAG -&gt; JAVADOC_TAG [6:0]&#10;|   |--EXCEPTION_LITERAL -&gt; @exception [6:0]&#10;|   |--WS -&gt;   [6:10]&#10;|   |--CLASS_NAME -&gt; IOException [6:11]&#10;|   |--WS -&gt;   [6:22]&#10;|   `--DESCRIPTION -&gt; DESCRIPTION [6:23]&#10;|       |--TEXT -&gt; throws exception if connection refused. [6:23]&#10;|       `--NEWLINE -&gt; \n [6:62]&#10;|--JAVADOC_TAG -&gt; JAVADOC_TAG [7:0]&#10;|   |--PARAM_LITERAL -&gt; @param [7:0]&#10;|   |--WS -&gt;   [7:6]&#10;|   |--PARAMETER_NAME -&gt; arg [7:7]&#10;|   |--WS -&gt;   [7:10]&#10;|   `--DESCRIPTION -&gt; DESCRIPTION [7:11]&#10;|       |--TEXT -&gt; String argument [7:11]&#10;|       `--NEWLINE -&gt; \n [7:26]&#10;|--JAVADOC_TAG -&gt; JAVADOC_TAG [8:0]&#10;|   |--PARAM_LITERAL -&gt; @param [8:0]&#10;|   |--WS -&gt;   [8:6]&#10;|   |--PARAMETER_NAME -&gt; &lt;E&gt; [8:7]&#10;|   |--WS -&gt;   [8:10]&#10;|   `--DESCRIPTION -&gt; DESCRIPTION [8:11]&#10;|       |--TEXT -&gt; it is generic [8:11]&#10;|       `--NEWLINE -&gt; \n [8:24]&#10;|--JAVADOC_TAG -&gt; JAVADOC_TAG [9:0]&#10;|   |--PARAM_LITERAL -&gt; @param [9:0]&#10;|   |--WS -&gt;   [9:6]&#10;|   |--PARAMETER_NAME -&gt; type [9:7]&#10;|   |--WS -&gt;   [9:11]&#10;|   `--DESCRIPTION -&gt; DESCRIPTION [9:12]&#10;|       |--TEXT -&gt; I can describe &apos;type&apos; [9:12]&#10;|       |--NEWLINE -&gt; \n [9:33]&#10;|       |--TEXT -&gt; on several lines. [10:0]&#10;|       |--NEWLINE -&gt; \n [10:17]&#10;|       |--TEXT -&gt; One more line of description. [11:0]&#10;|       `--NEWLINE -&gt; \n [11:29]&#10;|--JAVADOC_TAG -&gt; JAVADOC_TAG [12:0]&#10;|   |--RETURN_LITERAL -&gt; @return [12:0]&#10;|   |--WS -&gt;   [12:7]&#10;|   `--DESCRIPTION -&gt; DESCRIPTION [12:8]&#10;|       |--TEXT -&gt; something [12:8]&#10;|       `--NEWLINE -&gt; \n [12:17]&#10;|--JAVADOC_TAG -&gt; JAVADOC_TAG [13:0]&#10;|   |--RETURN_LITERAL -&gt; @return [13:0]&#10;|   |--WS -&gt;   [13:7]&#10;|   `--DESCRIPTION -&gt; DESCRIPTION [13:8]&#10;|       |--TEXT -&gt; a value of element [13:8]&#10;|       |--NEWLINE -&gt; \n [13:26]&#10;|       |--TEXT -&gt; that is passed as argument. [14:0]&#10;|       `--NEWLINE -&gt; \n [14:27]&#10;|--JAVADOC_TAG -&gt; JAVADOC_TAG [15:0]&#10;|   |--SEE_LITERAL -&gt; @see [15:0]&#10;|   |--WS -&gt;   [15:4]&#10;|   |--STRING -&gt; &quot;A book of that famous man&quot; [15:5]&#10;|   `--NEWLINE -&gt; \n [15:32]&#10;|--JAVADOC_TAG -&gt; JAVADOC_TAG [16:0]&#10;|   |--SEE_LITERAL -&gt; @see [16:0]&#10;|   |--WS -&gt;   [16:4]&#10;|   |--HTML_ELEMENT -&gt; HTML_ELEMENT [16:5]&#10;|   |   `--HTML_TAG -&gt; HTML_TAG [16:5]&#10;|   |       |--HTML_ELEMENT_START -&gt; HTML_ELEMENT_START [16:5]&#10;|   |       |   |--START -&gt; &lt; [16:5]&#10;|   |       |   |--HTML_TAG_NAME -&gt; a [16:6]&#10;|   |       |   |--WS -&gt;   [16:7]&#10;|   |       |   |--ATTRIBUTE -&gt; ATTRIBUTE [16:8]&#10;|   |       |   |   |--HTML_TAG_NAME -&gt; href [16:8]&#10;|   |       |   |   |--EQUALS -&gt; = [16:12]&#10;|   |       |   |   `--ATTR_VALUE -&gt; &quot;http://google.com&quot; [16:13]&#10;|   |       |   `--END -&gt; &gt; [16:33]&#10;|   |       |--TEXT -&gt; Google [16:34]&#10;|   |       `--HTML_ELEMENT_END -&gt; HTML_ELEMENT_END [16:40]&#10;|   |           |--START -&gt; &lt; [16:40]&#10;|   |           |--SLASH -&gt; / [16:41]&#10;|   |           |--HTML_TAG_NAME -&gt; a [16:42]&#10;|   |           `--END -&gt; &gt; [16:43]&#10;|   `--NEWLINE -&gt; \n [16:44]&#10;|--JAVADOC_TAG -&gt; JAVADOC_TAG [17:0]&#10;|   |--SEE_LITERAL -&gt; @see [17:0]&#10;|   |--WS -&gt;   [17:4]&#10;|   |--HTML_ELEMENT -&gt; HTML_ELEMENT [17:5]&#10;|   |   `--HTML_TAG -&gt; HTML_TAG [17:5]&#10;|   |       |--HTML_ELEMENT_START -&gt; HTML_ELEMENT_START [17:5]&#10;|   |       |   |--START -&gt; &lt; [17:5]&#10;|   |       |   |--HTML_TAG_NAME -&gt; a [17:6]&#10;|   |       |   |--WS -&gt;   [17:7]&#10;|   |       |   |--ATTRIBUTE -&gt; ATTRIBUTE [17:8]&#10;|   |       |   |   |--HTML_TAG_NAME -&gt; href [17:8]&#10;|   |       |   |   |--EQUALS -&gt; = [17:12]&#10;|   |       |   |   `--ATTR_VALUE -&gt; &quot;http://google.com&quot; [17:13]&#10;|   |       |   `--END -&gt; &gt; [17:33]&#10;|   |       |--NEWLINE -&gt; \n [17:34]&#10;|   |       |--TEXT -&gt; Google [18:0]&#10;|   |       `--HTML_ELEMENT_END -&gt; HTML_ELEMENT_END [18:6]&#10;|   |           |--START -&gt; &lt; [18:6]&#10;|   |           |--SLASH -&gt; / [18:7]&#10;|   |           |--HTML_TAG_NAME -&gt; a [18:8]&#10;|   |           `--END -&gt; &gt; [18:9]&#10;|   `--NEWLINE -&gt; \n [18:10]&#10;|--JAVADOC_TAG -&gt; JAVADOC_TAG [19:0]&#10;|   |--SEE_LITERAL -&gt; @see [19:0]&#10;|   |--WS -&gt;   [19:4]&#10;|   |--REFERENCE -&gt; REFERENCE [19:5]&#10;|   |   |--PACKAGE_CLASS -&gt; java.lang.Integer [19:5]&#10;|   |   |--HASH -&gt; # [19:22]&#10;|   |   `--MEMBER -&gt; valueOf [19:23]&#10;|   `--NEWLINE -&gt; \n [19:30]&#10;|--JAVADOC_TAG -&gt; JAVADOC_TAG [20:0]&#10;|   |--SEE_LITERAL -&gt; @see [20:0]&#10;|   |--WS -&gt;   [20:4]&#10;|   |--REFERENCE -&gt; REFERENCE [20:5]&#10;|   |   |--PACKAGE_CLASS -&gt; java.lang.Integer [20:5]&#10;|   |   |--HASH -&gt; # [20:22]&#10;|   |   `--MEMBER -&gt; Integer [20:23]&#10;|   `--NEWLINE -&gt; \n [20:30]&#10;|--JAVADOC_TAG -&gt; JAVADOC_TAG [21:0]&#10;|   |--SEE_LITERAL -&gt; @see [21:0]&#10;|   |--WS -&gt;   [21:4]&#10;|   |--REFERENCE -&gt; REFERENCE [21:5]&#10;|   |   |--PACKAGE_CLASS -&gt; java.lang.Integer [21:5]&#10;|   |   |--HASH -&gt; # [21:22]&#10;|   |   `--MEMBER -&gt; MAX_VALUE [21:23]&#10;|   `--NEWLINE -&gt; \n [21:32]&#10;|--JAVADOC_TAG -&gt; JAVADOC_TAG [22:0]&#10;|   |--SEE_LITERAL -&gt; @see [22:0]&#10;|   |--WS -&gt;   [22:4]&#10;|   |--REFERENCE -&gt; REFERENCE [22:5]&#10;|   |   |--PACKAGE_CLASS -&gt; java.lang.Integer [22:5]&#10;|   |   |--HASH -&gt; # [22:22]&#10;|   |   `--MEMBER -&gt; valueOf [22:23]&#10;|   |--WS -&gt;   [22:30]&#10;|   `--DESCRIPTION -&gt; DESCRIPTION [22:31]&#10;|       |--TEXT -&gt; valueOf method [22:31]&#10;|       `--NEWLINE -&gt; \n [22:45]&#10;|--JAVADOC_TAG -&gt; JAVADOC_TAG [23:0]&#10;|   |--SEE_LITERAL -&gt; @see [23:0]&#10;|   |--WS -&gt;   [23:4]&#10;|   |--REFERENCE -&gt; REFERENCE [23:5]&#10;|   |   |--PACKAGE_CLASS -&gt; java.lang.Integer [23:5]&#10;|   |   |--HASH -&gt; # [23:22]&#10;|   |   `--MEMBER -&gt; Integer [23:23]&#10;|   |--WS -&gt;   [23:30]&#10;|   `--DESCRIPTION -&gt; DESCRIPTION [23:31]&#10;|       |--TEXT -&gt; Integer [23:31]&#10;|       `--NEWLINE -&gt; \n [23:38]&#10;|--JAVADOC_TAG -&gt; JAVADOC_TAG [24:0]&#10;|   |--SEE_LITERAL -&gt; @see [24:0]&#10;|   |--WS -&gt;   [24:4]&#10;|   |--REFERENCE -&gt; REFERENCE [24:5]&#10;|   |   |--PACKAGE_CLASS -&gt; java.lang.Integer [24:5]&#10;|   |   |--HASH -&gt; # [24:22]&#10;|   |   `--MEMBER -&gt; MAX_VALUE [24:23]&#10;|   |--WS -&gt;   [24:32]&#10;|   `--DESCRIPTION -&gt; DESCRIPTION [24:33]&#10;|       |--TEXT -&gt; maxValue [24:33]&#10;|       `--NEWLINE -&gt; \n [24:41]&#10;|--JAVADOC_TAG -&gt; JAVADOC_TAG [25:0]&#10;|   |--SEE_LITERAL -&gt; @see [25:0]&#10;|   |--WS -&gt;   [25:4]&#10;|   |--REFERENCE -&gt; REFERENCE [25:5]&#10;|   |   |--PACKAGE_CLASS -&gt; java.lang.Integer [25:5]&#10;|   |   |--HASH -&gt; # [25:22]&#10;|   |   `--MEMBER -&gt; intValue [25:23]&#10;|   |--WS -&gt;   [25:31]&#10;|   `--DESCRIPTION -&gt; DESCRIPTION [25:32]&#10;|       |--TEXT -&gt; method [25:32]&#10;|       `--NEWLINE -&gt; \n [25:38]&#10;|--JAVADOC_TAG -&gt; JAVADOC_TAG [26:0]&#10;|   |--SEE_LITERAL -&gt; @see [26:0]&#10;|   |--WS -&gt;   [26:4]&#10;|   |--REFERENCE -&gt; REFERENCE [26:5]&#10;|   |   |--PACKAGE_CLASS -&gt; java.lang.Integer [26:5]&#10;|   |   |--HASH -&gt; # [26:22]&#10;|   |   |--MEMBER -&gt; intValue [26:23]&#10;|   |   `--PARAMETERS -&gt; PARAMETERS [26:31]&#10;|   |       |--LEFT_BRACE -&gt; ( [26:31]&#10;|   |       `--RIGHT_BRACE -&gt; ) [26:32]&#10;|   |--WS -&gt;   [26:33]&#10;|   `--DESCRIPTION -&gt; DESCRIPTION [26:34]&#10;|       |--TEXT -&gt; method [26:34]&#10;|       `--NEWLINE -&gt; \n [26:40]&#10;|--JAVADOC_TAG -&gt; JAVADOC_TAG [27:0]&#10;|   |--SEE_LITERAL -&gt; @see [27:0]&#10;|   |--WS -&gt;   [27:4]&#10;|   |--REFERENCE -&gt; REFERENCE [27:5]&#10;|   |   |--PACKAGE_CLASS -&gt; java.lang.Void [27:5]&#10;|   |   |--HASH -&gt; # [27:19]&#10;|   |   `--MEMBER -&gt; Void [27:20]&#10;|   |--WS -&gt;   [27:24]&#10;|   `--DESCRIPTION -&gt; DESCRIPTION [27:25]&#10;|       |--TEXT -&gt; constructor [27:25]&#10;|       `--NEWLINE -&gt; \n [27:36]&#10;|--JAVADOC_TAG -&gt; JAVADOC_TAG [28:0]&#10;|   |--SEE_LITERAL -&gt; @see [28:0]&#10;|   |--WS -&gt;   [28:4]&#10;|   |--REFERENCE -&gt; REFERENCE [28:5]&#10;|   |   |--PACKAGE_CLASS -&gt; java.lang.Void [28:5]&#10;|   |   |--HASH -&gt; # [28:19]&#10;|   |   |--MEMBER -&gt; Void [28:20]&#10;|   |   `--PARAMETERS -&gt; PARAMETERS [28:24]&#10;|   |       |--LEFT_BRACE -&gt; ( [28:24]&#10;|   |       `--RIGHT_BRACE -&gt; ) [28:25]&#10;|   |--WS -&gt;   [28:26]&#10;|   `--DESCRIPTION -&gt; DESCRIPTION [28:27]&#10;|       |--TEXT -&gt; constructor [28:27]&#10;|       `--NEWLINE -&gt; \n [28:38]&#10;|--JAVADOC_TAG -&gt; JAVADOC_TAG [29:0]&#10;|   |--SEE_LITERAL -&gt; @see [29:0]&#10;|   |--WS -&gt;   [29:4]&#10;|   |--REFERENCE -&gt; REFERENCE [29:5]&#10;|   |   |--PACKAGE_CLASS -&gt; java.lang.Integer [29:5]&#10;|   |   |--HASH -&gt; # [29:22]&#10;|   |   |--MEMBER -&gt; valueOf [29:23]&#10;|   |   `--PARAMETERS -&gt; PARAMETERS [29:30]&#10;|   |       |--LEFT_BRACE -&gt; ( [29:30]&#10;|   |       |--ARGUMENT -&gt; String [29:31]&#10;|   |       `--RIGHT_BRACE -&gt; ) [29:37]&#10;|   |--WS -&gt;   [29:38]&#10;|   `--DESCRIPTION -&gt; DESCRIPTION [29:39]&#10;|       |--TEXT -&gt; method [29:39]&#10;|       `--NEWLINE -&gt; \n [29:45]&#10;|--JAVADOC_TAG -&gt; JAVADOC_TAG [30:0]&#10;|   |--SEE_LITERAL -&gt; @see [30:0]&#10;|   |--WS -&gt;   [30:4]&#10;|   |--REFERENCE -&gt; REFERENCE [30:5]&#10;|   |   |--PACKAGE_CLASS -&gt; java.lang.Integer [30:5]&#10;|   |   |--HASH -&gt; # [30:22]&#10;|   |   |--MEMBER -&gt; toString [30:23]&#10;|   |   `--PARAMETERS -&gt; PARAMETERS [30:31]&#10;|   |       |--LEFT_BRACE -&gt; ( [30:31]&#10;|   |       |--ARGUMENT -&gt; int [30:32]&#10;|   |       |--COMMA -&gt; , [30:35]&#10;|   |       |--ARGUMENT -&gt; int [30:36]&#10;|   |       `--RIGHT_BRACE -&gt; ) [30:39]&#10;|   |--WS -&gt;   [30:40]&#10;|   `--DESCRIPTION -&gt; DESCRIPTION [30:41]&#10;|       |--TEXT -&gt; method [30:41]&#10;|       `--NEWLINE -&gt; \n [30:47]&#10;|--JAVADOC_TAG -&gt; JAVADOC_TAG [31:0]&#10;|   |--SEE_LITERAL -&gt; @see [31:0]&#10;|   |--WS -&gt;   [31:4]&#10;|   |--REFERENCE -&gt; REFERENCE [31:5]&#10;|   |   |--PACKAGE_CLASS -&gt; java.lang.Integer [31:5]&#10;|   |   |--HASH -&gt; # [31:22]&#10;|   |   |--MEMBER -&gt; toString [31:23]&#10;|   |   `--PARAMETERS -&gt; PARAMETERS [31:31]&#10;|   |       |--LEFT_BRACE -&gt; ( [31:31]&#10;|   |       |--ARGUMENT -&gt; int [31:32]&#10;|   |       |--COMMA -&gt; , [31:35]&#10;|   |       |--WS -&gt;   [31:36]&#10;|   |       |--ARGUMENT -&gt; int [31:37]&#10;|   |       `--RIGHT_BRACE -&gt; ) [31:40]&#10;|   |--WS -&gt;   [31:41]&#10;|   `--DESCRIPTION -&gt; DESCRIPTION [31:42]&#10;|       |--TEXT -&gt; method [31:42]&#10;|       `--NEWLINE -&gt; \n [31:48]&#10;|--JAVADOC_TAG -&gt; JAVADOC_TAG [32:0]&#10;|   |--SEE_LITERAL -&gt; @see [32:0]&#10;|   |--WS -&gt;   [32:4]&#10;|   |--REFERENCE -&gt; REFERENCE [32:5]&#10;|   |   |--HASH -&gt; # [32:5]&#10;|   |   `--MEMBER -&gt; field [32:6]&#10;|   `--NEWLINE -&gt; \n [32:11]&#10;|--JAVADOC_TAG -&gt; JAVADOC_TAG [33:0]&#10;|   |--SEE_LITERAL -&gt; @see [33:0]&#10;|   |--WS -&gt;   [33:4]&#10;|   |--REFERENCE -&gt; REFERENCE [33:5]&#10;|   |   |--HASH -&gt; # [33:5]&#10;|   |   |--MEMBER -&gt; method [33:6]&#10;|   |   `--PARAMETERS -&gt; PARAMETERS [33:12]&#10;|   |       |--LEFT_BRACE -&gt; ( [33:12]&#10;|   |       |--ARGUMENT -&gt; Type [33:13]&#10;|   |       |--COMMA -&gt; , [33:17]&#10;|   |       |--WS -&gt;   [33:18]&#10;|   |       |--ARGUMENT -&gt; Type [33:19]&#10;|   |       `--RIGHT_BRACE -&gt; ) [33:23]&#10;|   `--NEWLINE -&gt; \n [33:24]&#10;|--JAVADOC_TAG -&gt; JAVADOC_TAG [34:0]&#10;|   |--SEE_LITERAL -&gt; @see [34:0]&#10;|   |--WS -&gt;   [34:4]&#10;|   |--REFERENCE -&gt; REFERENCE [34:5]&#10;|   |   |--HASH -&gt; # [34:5]&#10;|   |   |--MEMBER -&gt; method [34:6]&#10;|   |   `--PARAMETERS -&gt; PARAMETERS [34:12]&#10;|   |       |--LEFT_BRACE -&gt; ( [34:12]&#10;|   |       |--ARGUMENT -&gt; Type [34:13]&#10;|   |       |--WS -&gt;   [34:17]&#10;|   |       |--ARGUMENT -&gt; argname [34:18]&#10;|   |       |--COMMA -&gt; , [34:25]&#10;|   |       |--WS -&gt;   [34:26]&#10;|   |       |--ARGUMENT -&gt; Type [34:27]&#10;|   |       |--WS -&gt;   [34:31]&#10;|   |       |--ARGUMENT -&gt; argname [34:32]&#10;|   |       `--RIGHT_BRACE -&gt; ) [34:39]&#10;|   `--NEWLINE -&gt; \n [34:40]&#10;|--JAVADOC_TAG -&gt; JAVADOC_TAG [35:0]&#10;|   |--SEE_LITERAL -&gt; @see [35:0]&#10;|   |--WS -&gt;   [35:4]&#10;|   |--REFERENCE -&gt; REFERENCE [35:5]&#10;|   |   |--HASH -&gt; # [35:5]&#10;|   |   |--MEMBER -&gt; constructor [35:6]&#10;|   |   `--PARAMETERS -&gt; PARAMETERS [35:17]&#10;|   |       |--LEFT_BRACE -&gt; ( [35:17]&#10;|   |       |--ARGUMENT -&gt; Type [35:18]&#10;|   |       |--COMMA -&gt; , [35:22]&#10;|   |       |--WS -&gt;   [35:23]&#10;|   |       |--ARGUMENT -&gt; Type [35:24]&#10;|   |       `--RIGHT_BRACE -&gt; ) [35:28]&#10;|   `--NEWLINE -&gt; \n [35:29]&#10;|--JAVADOC_TAG -&gt; JAVADOC_TAG [36:0]&#10;|   |--SEE_LITERAL -&gt; @see [36:0]&#10;|   |--WS -&gt;   [36:4]&#10;|   |--REFERENCE -&gt; REFERENCE [36:5]&#10;|   |   |--HASH -&gt; # [36:5]&#10;|   |   |--MEMBER -&gt; constructor [36:6]&#10;|   |   `--PARAMETERS -&gt; PARAMETERS [36:17]&#10;|   |       |--LEFT_BRACE -&gt; ( [36:17]&#10;|   |       |--ARGUMENT -&gt; Type [36:18]&#10;|   |       |--WS -&gt;   [36:22]&#10;|   |       |--ARGUMENT -&gt; argname [36:23]&#10;|   |       |--COMMA -&gt; , [36:30]&#10;|   |       |--WS -&gt;   [36:31]&#10;|   |       |--ARGUMENT -&gt; Type [36:32]&#10;|   |       |--WS -&gt;   [36:36]&#10;|   |       |--ARGUMENT -&gt; argname [36:37]&#10;|   |       `--RIGHT_BRACE -&gt; ) [36:44]&#10;|   `--NEWLINE -&gt; \n [36:45]&#10;|--JAVADOC_TAG -&gt; JAVADOC_TAG [37:0]&#10;|   |--SEE_LITERAL -&gt; @see [37:0]&#10;|   |--WS -&gt;   [37:4]&#10;|   |--REFERENCE -&gt; REFERENCE [37:5]&#10;|   |   |--PACKAGE_CLASS -&gt; Class [37:5]&#10;|   |   |--HASH -&gt; # [37:10]&#10;|   |   `--MEMBER -&gt; field [37:11]&#10;|   `--NEWLINE -&gt; \n [37:16]&#10;|--JAVADOC_TAG -&gt; JAVADOC_TAG [38:0]&#10;|   |--SEE_LITERAL -&gt; @see [38:0]&#10;|   |--WS -&gt;   [38:4]&#10;|   |--REFERENCE -&gt; REFERENCE [38:5]&#10;|   |   |--PACKAGE_CLASS -&gt; Class [38:5]&#10;|   |   |--HASH -&gt; # [38:10]&#10;|   |   |--MEMBER -&gt; method [38:11]&#10;|   |   `--PARAMETERS -&gt; PARAMETERS [38:17]&#10;|   |       |--LEFT_BRACE -&gt; ( [38:17]&#10;|   |       |--ARGUMENT -&gt; Type [38:18]&#10;|   |       |--COMMA -&gt; , [38:22]&#10;|   |       |--WS -&gt;   [38:23]&#10;|   |       |--ARGUMENT -&gt; Type [38:24]&#10;|   |       |--COMMA -&gt; , [38:28]&#10;|   |       |--WS -&gt;   [38:29]&#10;|   |       |--ARGUMENT -&gt; Type [38:30]&#10;|   |       `--RIGHT_BRACE -&gt; ) [38:34]&#10;|   `--NEWLINE -&gt; \n [38:35]&#10;|--JAVADOC_TAG -&gt; JAVADOC_TAG [39:0]&#10;|   |--SEE_LITERAL -&gt; @see [39:0]&#10;|   |--WS -&gt;   [39:4]&#10;|   |--REFERENCE -&gt; REFERENCE [39:5]&#10;|   |   |--PACKAGE_CLASS -&gt; Class [39:5]&#10;|   |   |--HASH -&gt; # [39:10]&#10;|   |   |--MEMBER -&gt; method [39:11]&#10;|   |   `--PARAMETERS -&gt; PARAMETERS [39:17]&#10;|   |       |--LEFT_BRACE -&gt; ( [39:17]&#10;|   |       |--ARGUMENT -&gt; Type [39:18]&#10;|   |       |--WS -&gt;   [39:22]&#10;|   |       |--ARGUMENT -&gt; argname [39:23]&#10;|   |       |--COMMA -&gt; , [39:30]&#10;|   |       |--WS -&gt;   [39:31]&#10;|   |       |--ARGUMENT -&gt; Type [39:32]&#10;|   |       |--WS -&gt;   [39:36]&#10;|   |       |--ARGUMENT -&gt; argname [39:37]&#10;|   |       `--RIGHT_BRACE -&gt; ) [39:44]&#10;|   `--NEWLINE -&gt; \n [39:45]&#10;|--JAVADOC_TAG -&gt; JAVADOC_TAG [40:0]&#10;|   |--SEE_LITERAL -&gt; @see [40:0]&#10;|   |--WS -&gt;   [40:4]&#10;|   |--REFERENCE -&gt; REFERENCE [40:5]&#10;|   |   |--PACKAGE_CLASS -&gt; Class [40:5]&#10;|   |   |--HASH -&gt; # [40:10]&#10;|   |   |--MEMBER -&gt; constructor [40:11]&#10;|   |   `--PARAMETERS -&gt; PARAMETERS [40:22]&#10;|   |       |--LEFT_BRACE -&gt; ( [40:22]&#10;|   |       |--ARGUMENT -&gt; Type [40:23]&#10;|   |       |--COMMA -&gt; , [40:27]&#10;|   |       |--WS -&gt;   [40:28]&#10;|   |       |--ARGUMENT -&gt; Type [40:29]&#10;|   |       `--RIGHT_BRACE -&gt; ) [40:33]&#10;|   `--NEWLINE -&gt; \n [40:34]&#10;|--JAVADOC_TAG -&gt; JAVADOC_TAG [41:0]&#10;|   |--SEE_LITERAL -&gt; @see [41:0]&#10;|   |--WS -&gt;   [41:4]&#10;|   |--REFERENCE -&gt; REFERENCE [41:5]&#10;|   |   |--PACKAGE_CLASS -&gt; Class [41:5]&#10;|   |   |--HASH -&gt; # [41:10]&#10;|   |   |--MEMBER -&gt; constructor [41:11]&#10;|   |   `--PARAMETERS -&gt; PARAMETERS [41:22]&#10;|   |       |--LEFT_BRACE -&gt; ( [41:22]&#10;|   |       |--ARGUMENT -&gt; Type [41:23]&#10;|   |       |--WS -&gt;   [41:27]&#10;|   |       |--ARGUMENT -&gt; argname [41:28]&#10;|   |       |--COMMA -&gt; , [41:35]&#10;|   |       |--WS -&gt;   [41:36]&#10;|   |       |--ARGUMENT -&gt; Type [41:37]&#10;|   |       |--WS -&gt;   [41:41]&#10;|   |       |--ARGUMENT -&gt; argname [41:42]&#10;|   |       `--RIGHT_BRACE -&gt; ) [41:49]&#10;|   `--NEWLINE -&gt; \n [41:50]&#10;|--JAVADOC_TAG -&gt; JAVADOC_TAG [42:0]&#10;|   |--SEE_LITERAL -&gt; @see [42:0]&#10;|   |--WS -&gt;   [42:4]&#10;|   |--REFERENCE -&gt; REFERENCE [42:5]&#10;|   |   `--PACKAGE_CLASS -&gt; Class.NestedClass [42:5]&#10;|   `--NEWLINE -&gt; \n [42:22]&#10;|--JAVADOC_TAG -&gt; JAVADOC_TAG [43:0]&#10;|   |--SEE_LITERAL -&gt; @see [43:0]&#10;|   |--WS -&gt;   [43:4]&#10;|   |--REFERENCE -&gt; REFERENCE [43:5]&#10;|   |   `--PACKAGE_CLASS -&gt; Class [43:5]&#10;|   `--NEWLINE -&gt; \n [43:10]&#10;|--JAVADOC_TAG -&gt; JAVADOC_TAG [44:0]&#10;|   |--SEE_LITERAL -&gt; @see [44:0]&#10;|   |--WS -&gt;   [44:4]&#10;|   |--REFERENCE -&gt; REFERENCE [44:5]&#10;|   |   |--PACKAGE_CLASS -&gt; com.github.checkstyle.Class [44:5]&#10;|   |   |--HASH -&gt; # [44:32]&#10;|   |   `--MEMBER -&gt; field [44:33]&#10;|   `--NEWLINE -&gt; \n [44:38]&#10;|--JAVADOC_TAG -&gt; JAVADOC_TAG [45:0]&#10;|   |--SEE_LITERAL -&gt; @see [45:0]&#10;|   |--WS -&gt;   [45:4]&#10;|   |--REFERENCE -&gt; REFERENCE [45:5]&#10;|   |   |--PACKAGE_CLASS -&gt; com.github.checkstyle.Class [45:5]&#10;|   |   |--HASH -&gt; # [45:32]&#10;|   |   |--MEMBER -&gt; method [45:33]&#10;|   |   `--PARAMETERS -&gt; PARAMETERS [45:39]&#10;|   |       |--LEFT_BRACE -&gt; ( [45:39]&#10;|   |       |--ARGUMENT -&gt; Type [45:40]&#10;|   |       |--COMMA -&gt; , [45:44]&#10;|   |       |--WS -&gt;   [45:45]&#10;|   |       |--ARGUMENT -&gt; Type [45:46]&#10;|   |       `--RIGHT_BRACE -&gt; ) [45:50]&#10;|   `--NEWLINE -&gt; \n [45:51]&#10;|--JAVADOC_TAG -&gt; JAVADOC_TAG [46:0]&#10;|   |--SEE_LITERAL -&gt; @see [46:0]&#10;|   |--WS -&gt;   [46:4]&#10;|   |--REFERENCE -&gt; REFERENCE [46:5]&#10;|   |   |--PACKAGE_CLASS -&gt; com.github.checkstyle.Class [46:5]&#10;|   |   |--HASH -&gt; # [46:32]&#10;|   |   |--MEMBER -&gt; method [46:33]&#10;|   |   `--PARAMETERS -&gt; PARAMETERS [46:39]&#10;|   |       |--LEFT_BRACE -&gt; ( [46:39]&#10;|   |       |--ARGUMENT -&gt; Type [46:40]&#10;|   |       |--WS -&gt;   [46:44]&#10;|   |       |--ARGUMENT -&gt; argname [46:45]&#10;|   |       |--COMMA -&gt; , [46:52]&#10;|   |       |--WS -&gt;   [46:53]&#10;|   |       |--ARGUMENT -&gt; Type [46:54]&#10;|   |       |--WS -&gt;   [46:58]&#10;|   |       |--ARGUMENT -&gt; argname [46:59]&#10;|   |       `--RIGHT_BRACE -&gt; ) [46:66]&#10;|   `--NEWLINE -&gt; \n [46:67]&#10;|--JAVADOC_TAG -&gt; JAVADOC_TAG [47:0]&#10;|   |--SEE_LITERAL -&gt; @see [47:0]&#10;|   |--WS -&gt;   [47:4]&#10;|   |--REFERENCE -&gt; REFERENCE [47:5]&#10;|   |   |--PACKAGE_CLASS -&gt; com.github.checkstyle.Class [47:5]&#10;|   |   |--HASH -&gt; # [47:32]&#10;|   |   |--MEMBER -&gt; constructor [47:33]&#10;|   |   `--PARAMETERS -&gt; PARAMETERS [47:44]&#10;|   |       |--LEFT_BRACE -&gt; ( [47:44]&#10;|   |       |--ARGUMENT -&gt; Type [47:45]&#10;|   |       |--COMMA -&gt; , [47:49]&#10;|   |       |--WS -&gt;   [47:50]&#10;|   |       |--ARGUMENT -&gt; Type [47:51]&#10;|   |       `--RIGHT_BRACE -&gt; ) [47:55]&#10;|   `--NEWLINE -&gt; \n [47:56]&#10;|--JAVADOC_TAG -&gt; JAVADOC_TAG [48:0]&#10;|   |--SEE_LITERAL -&gt; @see [48:0]&#10;|   |--WS -&gt;   [48:4]&#10;|   |--REFERENCE -&gt; REFERENCE [48:5]&#10;|   |   |--PACKAGE_CLASS -&gt; com.github.checkstyle.Class [48:5]&#10;|   |   |--HASH -&gt; # [48:32]&#10;|   |   |--MEMBER -&gt; constructor [48:33]&#10;|   |   `--PARAMETERS -&gt; PARAMETERS [48:44]&#10;|   |       |--LEFT_BRACE -&gt; ( [48:44]&#10;|   |       |--ARGUMENT -&gt; Type [48:45]&#10;|   |       |--WS -&gt;   [48:49]&#10;|   |       |--ARGUMENT -&gt; argname [48:50]&#10;|   |       |--COMMA -&gt; , [48:57]&#10;|   |       |--WS -&gt;   [48:58]&#10;|   |       |--ARGUMENT -&gt; Type [48:59]&#10;|   |       |--WS -&gt;   [48:63]&#10;|   |       |--ARGUMENT -&gt; argname [48:64]&#10;|   |       `--RIGHT_BRACE -&gt; ) [48:71]&#10;|   `--NEWLINE -&gt; \n [48:72]&#10;|--JAVADOC_TAG -&gt; JAVADOC_TAG [49:0]&#10;|   |--SEE_LITERAL -&gt; @see [49:0]&#10;|   |--WS -&gt;   [49:4]&#10;|   |--REFERENCE -&gt; REFERENCE [49:5]&#10;|   |   `--PACKAGE_CLASS -&gt; com.github.checkstyle.Class.NestedClass [49:5]&#10;|   `--NEWLINE -&gt; \n [49:44]&#10;|--JAVADOC_TAG -&gt; JAVADOC_TAG [50:0]&#10;|   |--SEE_LITERAL -&gt; @see [50:0]&#10;|   |--WS -&gt;   [50:4]&#10;|   |--REFERENCE -&gt; REFERENCE [50:5]&#10;|   |   `--PACKAGE_CLASS -&gt; com.github.checkstyle.Class [50:5]&#10;|   `--NEWLINE -&gt; \n [50:32]&#10;|--JAVADOC_TAG -&gt; JAVADOC_TAG [51:0]&#10;|   |--SEE_LITERAL -&gt; @see [51:0]&#10;|   |--WS -&gt;   [51:4]&#10;|   |--REFERENCE -&gt; REFERENCE [51:5]&#10;|   |   `--PACKAGE_CLASS -&gt; com.github.checkstyle [51:5]&#10;|   `--NEWLINE -&gt; \n [51:26]&#10;|--JAVADOC_TAG -&gt; JAVADOC_TAG [52:0]&#10;|   |--SERIAL_LITERAL -&gt; @serial [52:0]&#10;|   |--WS -&gt;   [52:7]&#10;|   `--DESCRIPTION -&gt; DESCRIPTION [52:8]&#10;|       |--TEXT -&gt; field description [52:8]&#10;|       |--NEWLINE -&gt; \n [52:25]&#10;|       |--TEXT -&gt; on few lines [53:0]&#10;|       |--NEWLINE -&gt; \n [53:12]&#10;|       |--TEXT -&gt; and even here [54:0]&#10;|       `--NEWLINE -&gt; \n [54:13]&#10;|--JAVADOC_TAG -&gt; JAVADOC_TAG [55:0]&#10;|   |--SERIAL_LITERAL -&gt; @serial [55:0]&#10;|   |--WS -&gt;   [55:7]&#10;|   |--LITERAL_INCLUDE -&gt; include [55:8]&#10;|   `--NEWLINE -&gt; \n [55:15]&#10;|--JAVADOC_TAG -&gt; JAVADOC_TAG [56:0]&#10;|   |--SERIAL_LITERAL -&gt; @serial [56:0]&#10;|   |--WS -&gt;   [56:7]&#10;|   |--LITERAL_EXCLUDE -&gt; exclude [56:8]&#10;|   `--NEWLINE -&gt; \n [56:15]&#10;|--JAVADOC_TAG -&gt; JAVADOC_TAG [57:0]&#10;|   |--SERIAL_FIELD_LITERAL -&gt; @serialField [57:0]&#10;|   |--WS -&gt;   [57:12]&#10;|   |--FIELD_NAME -&gt; myField [57:13]&#10;|   |--WS -&gt;   [57:20]&#10;|   |--FIELD_TYPE -&gt; myObjectStreamField [57:21]&#10;|   |--WS -&gt;   [57:40]&#10;|   `--DESCRIPTION -&gt; DESCRIPTION [57:41]&#10;|       |--TEXT -&gt; description of my serial field [57:41]&#10;|       `--NEWLINE -&gt; \n [57:71]&#10;|--JAVADOC_TAG -&gt; JAVADOC_TAG [58:0]&#10;|   |--SERIAL_DATA_LITERAL -&gt; @serialData [58:0]&#10;|   |--WS -&gt;   [58:11]&#10;|   `--DESCRIPTION -&gt; DESCRIPTION [58:12]&#10;|       |--TEXT -&gt; The data-description documents the types. [58:12]&#10;|       `--NEWLINE -&gt; \n [58:53]&#10;|--JAVADOC_TAG -&gt; JAVADOC_TAG [59:0]&#10;|   |--SINCE_LITERAL -&gt; @since [59:0]&#10;|   |--WS -&gt;   [59:6]&#10;|   `--DESCRIPTION -&gt; DESCRIPTION [59:7]&#10;|       |--TEXT -&gt; 1.5 [59:7]&#10;|       `--NEWLINE -&gt; \n [59:10]&#10;|--JAVADOC_TAG -&gt; JAVADOC_TAG [60:0]&#10;|   |--SINCE_LITERAL -&gt; @since [60:0]&#10;|   |--WS -&gt;   [60:6]&#10;|   `--DESCRIPTION -&gt; DESCRIPTION [60:7]&#10;|       |--TEXT -&gt; Release 3.4.5 [60:7]&#10;|       `--NEWLINE -&gt; \n [60:20]&#10;|--JAVADOC_TAG -&gt; JAVADOC_TAG [61:0]&#10;|   |--THROWS_LITERAL -&gt; @throws [61:0]&#10;|   |--WS -&gt;   [61:7]&#10;|   |--CLASS_NAME -&gt; IOException [61:8]&#10;|   |--WS -&gt;   [61:19]&#10;|   `--DESCRIPTION -&gt; DESCRIPTION [61:20]&#10;|       |--TEXT -&gt; throws exception if connection refused. [61:20]&#10;|       `--NEWLINE -&gt; \n [61:59]&#10;|--JAVADOC_TAG -&gt; JAVADOC_TAG [62:0]&#10;|   |--VERSION_LITERAL -&gt; @version [62:0]&#10;|   |--WS -&gt;   [62:8]&#10;|   `--DESCRIPTION -&gt; DESCRIPTION [62:9]&#10;|       |--TEXT -&gt; 1.2 [62:9]&#10;|       `--NEWLINE -&gt; \n [62:12]&#10;|--JAVADOC_TAG -&gt; JAVADOC_TAG [63:0]&#10;|   |--VERSION_LITERAL -&gt; @version [63:0]&#10;|   |--WS -&gt;   [63:8]&#10;|   `--DESCRIPTION -&gt; DESCRIPTION [63:9]&#10;|       `--TEXT -&gt; Release 1.1.1 [63:9]&#10;`--EOF -&gt; &lt;EOF&gt; [63:22]]&#10;&gt; but was:&lt;...DOC -&gt; JAVADOC [0:0][&#10;|--NEWLINE -&gt; \n [0:0]&#10;|--JAVADOC_TAG -&gt; JAVADOC_TAG [1:0]&#10;|   |--AUTHOR_LITERAL -&gt; @author [1:0]&#10;|   |--WS -&gt;   [1:7]&#10;|   `--DESCRIPTION -&gt; DESCRIPTION [1:8]&#10;|       |--TEXT -&gt; John Locke [1:8]&#10;|       `--NEWLINE -&gt; \n [1:18]&#10;|--JAVADOC_TAG -&gt; JAVADOC_TAG [2:0]&#10;|   |--AUTHOR_LITERAL -&gt; @author [2:0]&#10;|   |--WS -&gt;   [2:7]&#10;|   `--DESCRIPTION -&gt; DESCRIPTION [2:8]&#10;|       |--TEXT -&gt; Man in black, Sub Zero [2:8]&#10;|       `--NEWLINE -&gt; \n [2:30]&#10;|--JAVADOC_TAG -&gt; JAVADOC_TAG [3:0]&#10;|   |--AUTHOR_LITERAL -&gt; @author [3:0]&#10;|   |--WS -&gt;   [3:7]&#10;|   `--DESCRIPTION -&gt; DESCRIPTION [3:8]&#10;|       |--HTML_ELEMENT -&gt; HTML_ELEMENT [3:8]&#10;|       |   `--HTML_TAG -&gt; HTML_TAG [3:8]&#10;|       |       |--HTML_ELEMENT_START -&gt; HTML_ELEMENT_START [3:8]&#10;|       |       |   |--START -&gt; &lt; [3:8]&#10;|       |       |   |--HTML_TAG_NAME -&gt; a [3:9]&#10;|       |       |   |--WS -&gt;   [3:10]&#10;|       |       |   |--ATTRIBUTE -&gt; ATTRIBUTE [3:11]&#10;|       |       |   |   |--HTML_TAG_NAME -&gt; href [3:11]&#10;|       |       |   |   |--EQUALS -&gt; = [3:15]&#10;|       |       |   |   `--ATTR_VALUE -&gt; &quot;mailto:meth@albuquerque.com&quot; [3:16]&#10;|       |       |   `--END -&gt; &gt; [3:46]&#10;|       |       |--TEXT -&gt; Walter White [3:47]&#10;|       |       `--HTML_ELEMENT_END -&gt; HTML_ELEMENT_END [3:59]&#10;|       |           |--START -&gt; &lt; [3:59]&#10;|       |           |--SLASH -&gt; / [3:60]&#10;|       |           |--HTML_TAG_NAME -&gt; a [3:61]&#10;|       |           `--END -&gt; &gt; [3:62]&#10;|       `--NEWLINE -&gt; \n [3:63]&#10;|--JAVADOC_TAG -&gt; JAVADOC_TAG [4:0]&#10;|   |--DEPRECATED_LITERAL -&gt; @deprecated [4:0]&#10;|   |--WS -&gt;   [4:11]&#10;|   `--DESCRIPTION -&gt; DESCRIPTION [4:12]&#10;|       |--TEXT -&gt; This method is deprecated [4:12]&#10;|       |--NEWLINE -&gt; \n [4:37]&#10;|       |--TEXT -&gt; because we created new one. [5:0]&#10;|       `--NEWLINE -&gt; \n [5:27]&#10;|--JAVADOC_TAG -&gt; JAVADOC_TAG [6:0]&#10;|   |--EXCEPTION_LITERAL -&gt; @exception [6:0]&#10;|   |--WS -&gt;   [6:10]&#10;|   |--CLASS_NAME -&gt; IOException [6:11]&#10;|   |--WS -&gt;   [6:22]&#10;|   `--DESCRIPTION -&gt; DESCRIPTION [6:23]&#10;|       |--TEXT -&gt; throws exception if connection refused. [6:23]&#10;|       `--NEWLINE -&gt; \n [6:62]&#10;|--JAVADOC_TAG -&gt; JAVADOC_TAG [7:0]&#10;|   |--PARAM_LITERAL -&gt; @param [7:0]&#10;|   |--WS -&gt;   [7:6]&#10;|   |--PARAMETER_NAME -&gt; arg [7:7]&#10;|   |--WS -&gt;   [7:10]&#10;|   `--DESCRIPTION -&gt; DESCRIPTION [7:11]&#10;|       |--TEXT -&gt; String argument [7:11]&#10;|       `--NEWLINE -&gt; \n [7:26]&#10;|--JAVADOC_TAG -&gt; JAVADOC_TAG [8:0]&#10;|   |--PARAM_LITERAL -&gt; @param [8:0]&#10;|   |--WS -&gt;   [8:6]&#10;|   |--PARAMETER_NAME -&gt; &lt;E&gt; [8:7]&#10;|   |--WS -&gt;   [8:10]&#10;|   `--DESCRIPTION -&gt; DESCRIPTION [8:11]&#10;|       |--TEXT -&gt; it is generic [8:11]&#10;|       `--NEWLINE -&gt; \n [8:24]&#10;|--JAVADOC_TAG -&gt; JAVADOC_TAG [9:0]&#10;|   |--PARAM_LITERAL -&gt; @param [9:0]&#10;|   |--WS -&gt;   [9:6]&#10;|   |--PARAMETER_NAME -&gt; type [9:7]&#10;|   |--WS -&gt;   [9:11]&#10;|   `--DESCRIPTION -&gt; DESCRIPTION [9:12]&#10;|       |--TEXT -&gt; I can describe &apos;type&apos; [9:12]&#10;|       |--NEWLINE -&gt; \n [9:33]&#10;|       |--TEXT -&gt; on several lines. [10:0]&#10;|       |--NEWLINE -&gt; \n [10:17]&#10;|       |--TEXT -&gt; One more line of description. [11:0]&#10;|       `--NEWLINE -&gt; \n [11:29]&#10;|--JAVADOC_TAG -&gt; JAVADOC_TAG [12:0]&#10;|   |--RETURN_LITERAL -&gt; @return [12:0]&#10;|   |--WS -&gt;   [12:7]&#10;|   `--DESCRIPTION -&gt; DESCRIPTION [12:8]&#10;|       |--TEXT -&gt; something [12:8]&#10;|       `--NEWLINE -&gt; \n [12:17]&#10;|--JAVADOC_TAG -&gt; JAVADOC_TAG [13:0]&#10;|   |--RETURN_LITERAL -&gt; @return [13:0]&#10;|   |--WS -&gt;   [13:7]&#10;|   `--DESCRIPTION -&gt; DESCRIPTION [13:8]&#10;|       |--TEXT -&gt; a value of element [13:8]&#10;|       |--NEWLINE -&gt; \n [13:26]&#10;|       |--TEXT -&gt; that is passed as argument. [14:0]&#10;|       `--NEWLINE -&gt; \n [14:27]&#10;|--JAVADOC_TAG -&gt; JAVADOC_TAG [15:0]&#10;|   |--SEE_LITERAL -&gt; @see [15:0]&#10;|   |--WS -&gt;   [15:4]&#10;|   |--STRING -&gt; &quot;A book of that famous man&quot; [15:5]&#10;|   `--NEWLINE -&gt; \n [15:32]&#10;|--JAVADOC_TAG -&gt; JAVADOC_TAG [16:0]&#10;|   |--SEE_LITERAL -&gt; @see [16:0]&#10;|   |--WS -&gt;   [16:4]&#10;|   |--HTML_ELEMENT -&gt; HTML_ELEMENT [16:5]&#10;|   |   `--HTML_TAG -&gt; HTML_TAG [16:5]&#10;|   |       |--HTML_ELEMENT_START -&gt; HTML_ELEMENT_START [16:5]&#10;|   |       |   |--START -&gt; &lt; [16:5]&#10;|   |       |   |--HTML_TAG_NAME -&gt; a [16:6]&#10;|   |       |   |--WS -&gt;   [16:7]&#10;|   |       |   |--ATTRIBUTE -&gt; ATTRIBUTE [16:8]&#10;|   |       |   |   |--HTML_TAG_NAME -&gt; href [16:8]&#10;|   |       |   |   |--EQUALS -&gt; = [16:12]&#10;|   |       |   |   `--ATTR_VALUE -&gt; &quot;http://google.com&quot; [16:13]&#10;|   |       |   `--END -&gt; &gt; [16:33]&#10;|   |       |--TEXT -&gt; Google [16:34]&#10;|   |       `--HTML_ELEMENT_END -&gt; HTML_ELEMENT_END [16:40]&#10;|   |           |--START -&gt; &lt; [16:40]&#10;|   |           |--SLASH -&gt; / [16:41]&#10;|   |           |--HTML_TAG_NAME -&gt; a [16:42]&#10;|   |           `--END -&gt; &gt; [16:43]&#10;|   `--NEWLINE -&gt; \n [16:44]&#10;|--JAVADOC_TAG -&gt; JAVADOC_TAG [17:0]&#10;|   |--SEE_LITERAL -&gt; @see [17:0]&#10;|   |--WS -&gt;   [17:4]&#10;|   |--HTML_ELEMENT -&gt; HTML_ELEMENT [17:5]&#10;|   |   `--HTML_TAG -&gt; HTML_TAG [17:5]&#10;|   |       |--HTML_ELEMENT_START -&gt; HTML_ELEMENT_START [17:5]&#10;|   |       |   |--START -&gt; &lt; [17:5]&#10;|   |       |   |--HTML_TAG_NAME -&gt; a [17:6]&#10;|   |       |   |--WS -&gt;   [17:7]&#10;|   |       |   |--ATTRIBUTE -&gt; ATTRIBUTE [17:8]&#10;|   |       |   |   |--HTML_TAG_NAME -&gt; href [17:8]&#10;|   |       |   |   |--EQUALS -&gt; = [17:12]&#10;|   |       |   |   `--ATTR_VALUE -&gt; &quot;http://google.com&quot; [17:13]&#10;|   |       |   `--END -&gt; &gt; [17:33]&#10;|   |       |--NEWLINE -&gt; \n [17:34]&#10;|   |       |--TEXT -&gt; Google [18:0]&#10;|   |       `--HTML_ELEMENT_END -&gt; HTML_ELEMENT_END [18:6]&#10;|   |           |--START -&gt; &lt; [18:6]&#10;|   |           |--SLASH -&gt; / [18:7]&#10;|   |           |--HTML_TAG_NAME -&gt; a [18:8]&#10;|   |           `--END -&gt; &gt; [18:9]&#10;|   `--NEWLINE -&gt; \n [18:10]&#10;|--JAVADOC_TAG -&gt; JAVADOC_TAG [19:0]&#10;|   |--SEE_LITERAL -&gt; @see [19:0]&#10;|   |--WS -&gt;   [19:4]&#10;|   |--REFERENCE -&gt; REFERENCE [19:5]&#10;|   |   |--PACKAGE_CLASS -&gt; java.lang.Integer [19:5]&#10;|   |   |--HASH -&gt; # [19:22]&#10;|   |   `--MEMBER -&gt; valueOf [19:23]&#10;|   `--NEWLINE -&gt; \n [19:30]&#10;|--JAVADOC_TAG -&gt; JAVADOC_TAG [20:0]&#10;|   |--SEE_LITERAL -&gt; @see [20:0]&#10;|   |--WS -&gt;   [20:4]&#10;|   |--REFERENCE -&gt; REFERENCE [20:5]&#10;|   |   |--PACKAGE_CLASS -&gt; java.lang.Integer [20:5]&#10;|   |   |--HASH -&gt; # [20:22]&#10;|   |   `--MEMBER -&gt; Integer [20:23]&#10;|   `--NEWLINE -&gt; \n [20:30]&#10;|--JAVADOC_TAG -&gt; JAVADOC_TAG [21:0]&#10;|   |--SEE_LITERAL -&gt; @see [21:0]&#10;|   |--WS -&gt;   [21:4]&#10;|   |--REFERENCE -&gt; REFERENCE [21:5]&#10;|   |   |--PACKAGE_CLASS -&gt; java.lang.Integer [21:5]&#10;|   |   |--HASH -&gt; # [21:22]&#10;|   |   `--MEMBER -&gt; MAX_VALUE [21:23]&#10;|   `--NEWLINE -&gt; \n [21:32]&#10;|--JAVADOC_TAG -&gt; JAVADOC_TAG [22:0]&#10;|   |--SEE_LITERAL -&gt; @see [22:0]&#10;|   |--WS -&gt;   [22:4]&#10;|   |--REFERENCE -&gt; REFERENCE [22:5]&#10;|   |   |--PACKAGE_CLASS -&gt; java.lang.Integer [22:5]&#10;|   |   |--HASH -&gt; # [22:22]&#10;|   |   `--MEMBER -&gt; valueOf [22:23]&#10;|   |--WS -&gt;   [22:30]&#10;|   `--DESCRIPTION -&gt; DESCRIPTION [22:31]&#10;|       |--TEXT -&gt; valueOf method [22:31]&#10;|       `--NEWLINE -&gt; \n [22:45]&#10;|--JAVADOC_TAG -&gt; JAVADOC_TAG [23:0]&#10;|   |--SEE_LITERAL -&gt; @see [23:0]&#10;|   |--WS -&gt;   [23:4]&#10;|   |--REFERENCE -&gt; REFERENCE [23:5]&#10;|   |   |--PACKAGE_CLASS -&gt; java.lang.Integer [23:5]&#10;|   |   |--HASH -&gt; # [23:22]&#10;|   |   `--MEMBER -&gt; Integer [23:23]&#10;|   |--WS -&gt;   [23:30]&#10;|   `--DESCRIPTION -&gt; DESCRIPTION [23:31]&#10;|       |--TEXT -&gt; Integer [23:31]&#10;|       `--NEWLINE -&gt; \n [23:38]&#10;|--JAVADOC_TAG -&gt; JAVADOC_TAG [24:0]&#10;|   |--SEE_LITERAL -&gt; @see [24:0]&#10;|   |--WS -&gt;   [24:4]&#10;|   |--REFERENCE -&gt; REFERENCE [24:5]&#10;|   |   |--PACKAGE_CLASS -&gt; java.lang.Integer [24:5]&#10;|   |   |--HASH -&gt; # [24:22]&#10;|   |   `--MEMBER -&gt; MAX_VALUE [24:23]&#10;|   |--WS -&gt;   [24:32]&#10;|   `--DESCRIPTION -&gt; DESCRIPTION [24:33]&#10;|       |--TEXT -&gt; maxValue [24:33]&#10;|       `--NEWLINE -&gt; \n [24:41]&#10;|--JAVADOC_TAG -&gt; JAVADOC_TAG [25:0]&#10;|   |--SEE_LITERAL -&gt; @see [25:0]&#10;|   |--WS -&gt;   [25:4]&#10;|   |--REFERENCE -&gt; REFERENCE [25:5]&#10;|   |   |--PACKAGE_CLASS -&gt; java.lang.Integer [25:5]&#10;|   |   |--HASH -&gt; # [25:22]&#10;|   |   `--MEMBER -&gt; intValue [25:23]&#10;|   |--WS -&gt;   [25:31]&#10;|   `--DESCRIPTION -&gt; DESCRIPTION [25:32]&#10;|       |--TEXT -&gt; method [25:32]&#10;|       `--NEWLINE -&gt; \n [25:38]&#10;|--JAVADOC_TAG -&gt; JAVADOC_TAG [26:0]&#10;|   |--SEE_LITERAL -&gt; @see [26:0]&#10;|   |--WS -&gt;   [26:4]&#10;|   |--REFERENCE -&gt; REFERENCE [26:5]&#10;|   |   |--PACKAGE_CLASS -&gt; java.lang.Integer [26:5]&#10;|   |   |--HASH -&gt; # [26:22]&#10;|   |   |--MEMBER -&gt; intValue [26:23]&#10;|   |   `--PARAMETERS -&gt; PARAMETERS [26:31]&#10;|   |       |--LEFT_BRACE -&gt; ( [26:31]&#10;|   |       `--RIGHT_BRACE -&gt; ) [26:32]&#10;|   |--WS -&gt;   [26:33]&#10;|   `--DESCRIPTION -&gt; DESCRIPTION [26:34]&#10;|       |--TEXT -&gt; method [26:34]&#10;|       `--NEWLINE -&gt; \n [26:40]&#10;|--JAVADOC_TAG -&gt; JAVADOC_TAG [27:0]&#10;|   |--SEE_LITERAL -&gt; @see [27:0]&#10;|   |--WS -&gt;   [27:4]&#10;|   |--REFERENCE -&gt; REFERENCE [27:5]&#10;|   |   |--PACKAGE_CLASS -&gt; java.lang.Void [27:5]&#10;|   |   |--HASH -&gt; # [27:19]&#10;|   |   `--MEMBER -&gt; Void [27:20]&#10;|   |--WS -&gt;   [27:24]&#10;|   `--DESCRIPTION -&gt; DESCRIPTION [27:25]&#10;|       |--TEXT -&gt; constructor [27:25]&#10;|       `--NEWLINE -&gt; \n [27:36]&#10;|--JAVADOC_TAG -&gt; JAVADOC_TAG [28:0]&#10;|   |--SEE_LITERAL -&gt; @see [28:0]&#10;|   |--WS -&gt;   [28:4]&#10;|   |--REFERENCE -&gt; REFERENCE [28:5]&#10;|   |   |--PACKAGE_CLASS -&gt; java.lang.Void [28:5]&#10;|   |   |--HASH -&gt; # [28:19]&#10;|   |   |--MEMBER -&gt; Void [28:20]&#10;|   |   `--PARAMETERS -&gt; PARAMETERS [28:24]&#10;|   |       |--LEFT_BRACE -&gt; ( [28:24]&#10;|   |       `--RIGHT_BRACE -&gt; ) [28:25]&#10;|   |--WS -&gt;   [28:26]&#10;|   `--DESCRIPTION -&gt; DESCRIPTION [28:27]&#10;|       |--TEXT -&gt; constructor [28:27]&#10;|       `--NEWLINE -&gt; \n [28:38]&#10;|--JAVADOC_TAG -&gt; JAVADOC_TAG [29:0]&#10;|   |--SEE_LITERAL -&gt; @see [29:0]&#10;|   |--WS -&gt;   [29:4]&#10;|   |--REFERENCE -&gt; REFERENCE [29:5]&#10;|   |   |--PACKAGE_CLASS -&gt; java.lang.Integer [29:5]&#10;|   |   |--HASH -&gt; # [29:22]&#10;|   |   |--MEMBER -&gt; valueOf [29:23]&#10;|   |   `--PARAMETERS -&gt; PARAMETERS [29:30]&#10;|   |       |--LEFT_BRACE -&gt; ( [29:30]&#10;|   |       |--ARGUMENT -&gt; String [29:31]&#10;|   |       `--RIGHT_BRACE -&gt; ) [29:37]&#10;|   |--WS -&gt;   [29:38]&#10;|   `--DESCRIPTION -&gt; DESCRIPTION [29:39]&#10;|       |--TEXT -&gt; method [29:39]&#10;|       `--NEWLINE -&gt; \n [29:45]&#10;|--JAVADOC_TAG -&gt; JAVADOC_TAG [30:0]&#10;|   |--SEE_LITERAL -&gt; @see [30:0]&#10;|   |--WS -&gt;   [30:4]&#10;|   |--REFERENCE -&gt; REFERENCE [30:5]&#10;|   |   |--PACKAGE_CLASS -&gt; java.lang.Integer [30:5]&#10;|   |   |--HASH -&gt; # [30:22]&#10;|   |   |--MEMBER -&gt; toString [30:23]&#10;|   |   `--PARAMETERS -&gt; PARAMETERS [30:31]&#10;|   |       |--LEFT_BRACE -&gt; ( [30:31]&#10;|   |       |--ARGUMENT -&gt; int [30:32]&#10;|   |       |--COMMA -&gt; , [30:35]&#10;|   |       |--ARGUMENT -&gt; int [30:36]&#10;|   |       `--RIGHT_BRACE -&gt; ) [30:39]&#10;|   |--WS -&gt;   [30:40]&#10;|   `--DESCRIPTION -&gt; DESCRIPTION [30:41]&#10;|       |--TEXT -&gt; method [30:41]&#10;|       `--NEWLINE -&gt; \n [30:47]&#10;|--JAVADOC_TAG -&gt; JAVADOC_TAG [31:0]&#10;|   |--SEE_LITERAL -&gt; @see [31:0]&#10;|   |--WS -&gt;   [31:4]&#10;|   |--REFERENCE -&gt; REFERENCE [31:5]&#10;|   |   |--PACKAGE_CLASS -&gt; java.lang.Integer [31:5]&#10;|   |   |--HASH -&gt; # [31:22]&#10;|   |   |--MEMBER -&gt; toString [31:23]&#10;|   |   `--PARAMETERS -&gt; PARAMETERS [31:31]&#10;|   |       |--LEFT_BRACE -&gt; ( [31:31]&#10;|   |       |--ARGUMENT -&gt; int [31:32]&#10;|   |       |--COMMA -&gt; , [31:35]&#10;|   |       |--WS -&gt;   [31:36]&#10;|   |       |--ARGUMENT -&gt; int [31:37]&#10;|   |       `--RIGHT_BRACE -&gt; ) [31:40]&#10;|   |--WS -&gt;   [31:41]&#10;|   `--DESCRIPTION -&gt; DESCRIPTION [31:42]&#10;|       |--TEXT -&gt; method [31:42]&#10;|       `--NEWLINE -&gt; \n [31:48]&#10;|--JAVADOC_TAG -&gt; JAVADOC_TAG [32:0]&#10;|   |--SEE_LITERAL -&gt; @see [32:0]&#10;|   |--WS -&gt;   [32:4]&#10;|   |--REFERENCE -&gt; REFERENCE [32:5]&#10;|   |   |--HASH -&gt; # [32:5]&#10;|   |   `--MEMBER -&gt; field [32:6]&#10;|   `--NEWLINE -&gt; \n [32:11]&#10;|--JAVADOC_TAG -&gt; JAVADOC_TAG [33:0]&#10;|   |--SEE_LITERAL -&gt; @see [33:0]&#10;|   |--WS -&gt;   [33:4]&#10;|   |--REFERENCE -&gt; REFERENCE [33:5]&#10;|   |   |--HASH -&gt; # [33:5]&#10;|   |   |--MEMBER -&gt; method [33:6]&#10;|   |   `--PARAMETERS -&gt; PARAMETERS [33:12]&#10;|   |       |--LEFT_BRACE -&gt; ( [33:12]&#10;|   |       |--ARGUMENT -&gt; Type [33:13]&#10;|   |       |--COMMA -&gt; , [33:17]&#10;|   |       |--WS -&gt;   [33:18]&#10;|   |       |--ARGUMENT -&gt; Type [33:19]&#10;|   |       `--RIGHT_BRACE -&gt; ) [33:23]&#10;|   `--NEWLINE -&gt; \n [33:24]&#10;|--JAVADOC_TAG -&gt; JAVADOC_TAG [34:0]&#10;|   |--SEE_LITERAL -&gt; @see [34:0]&#10;|   |--WS -&gt;   [34:4]&#10;|   |--REFERENCE -&gt; REFERENCE [34:5]&#10;|   |   |--HASH -&gt; # [34:5]&#10;|   |   |--MEMBER -&gt; method [34:6]&#10;|   |   `--PARAMETERS -&gt; PARAMETERS [34:12]&#10;|   |       |--LEFT_BRACE -&gt; ( [34:12]&#10;|   |       |--ARGUMENT -&gt; Type [34:13]&#10;|   |       |--WS -&gt;   [34:17]&#10;|   |       |--ARGUMENT -&gt; argname [34:18]&#10;|   |       |--COMMA -&gt; , [34:25]&#10;|   |       |--WS -&gt;   [34:26]&#10;|   |       |--ARGUMENT -&gt; Type [34:27]&#10;|   |       |--WS -&gt;   [34:31]&#10;|   |       |--ARGUMENT -&gt; argname [34:32]&#10;|   |       `--RIGHT_BRACE -&gt; ) [34:39]&#10;|   `--NEWLINE -&gt; \n [34:40]&#10;|--JAVADOC_TAG -&gt; JAVADOC_TAG [35:0]&#10;|   |--SEE_LITERAL -&gt; @see [35:0]&#10;|   |--WS -&gt;   [35:4]&#10;|   |--REFERENCE -&gt; REFERENCE [35:5]&#10;|   |   |--HASH -&gt; # [35:5]&#10;|   |   |--MEMBER -&gt; constructor [35:6]&#10;|   |   `--PARAMETERS -&gt; PARAMETERS [35:17]&#10;|   |       |--LEFT_BRACE -&gt; ( [35:17]&#10;|   |       |--ARGUMENT -&gt; Type [35:18]&#10;|   |       |--COMMA -&gt; , [35:22]&#10;|   |       |--WS -&gt;   [35:23]&#10;|   |       |--ARGUMENT -&gt; Type [35:24]&#10;|   |       `--RIGHT_BRACE -&gt; ) [35:28]&#10;|   `--NEWLINE -&gt; \n [35:29]&#10;|--JAVADOC_TAG -&gt; JAVADOC_TAG [36:0]&#10;|   |--SEE_LITERAL -&gt; @see [36:0]&#10;|   |--WS -&gt;   [36:4]&#10;|   |--REFERENCE -&gt; REFERENCE [36:5]&#10;|   |   |--HASH -&gt; # [36:5]&#10;|   |   |--MEMBER -&gt; constructor [36:6]&#10;|   |   `--PARAMETERS -&gt; PARAMETERS [36:17]&#10;|   |       |--LEFT_BRACE -&gt; ( [36:17]&#10;|   |       |--ARGUMENT -&gt; Type [36:18]&#10;|   |       |--WS -&gt;   [36:22]&#10;|   |       |--ARGUMENT -&gt; argname [36:23]&#10;|   |       |--COMMA -&gt; , [36:30]&#10;|   |       |--WS -&gt;   [36:31]&#10;|   |       |--ARGUMENT -&gt; Type [36:32]&#10;|   |       |--WS -&gt;   [36:36]&#10;|   |       |--ARGUMENT -&gt; argname [36:37]&#10;|   |       `--RIGHT_BRACE -&gt; ) [36:44]&#10;|   `--NEWLINE -&gt; \n [36:45]&#10;|--JAVADOC_TAG -&gt; JAVADOC_TAG [37:0]&#10;|   |--SEE_LITERAL -&gt; @see [37:0]&#10;|   |--WS -&gt;   [37:4]&#10;|   |--REFERENCE -&gt; REFERENCE [37:5]&#10;|   |   |--PACKAGE_CLASS -&gt; Class [37:5]&#10;|   |   |--HASH -&gt; # [37:10]&#10;|   |   `--MEMBER -&gt; field [37:11]&#10;|   `--NEWLINE -&gt; \n [37:16]&#10;|--JAVADOC_TAG -&gt; JAVADOC_TAG [38:0]&#10;|   |--SEE_LITERAL -&gt; @see [38:0]&#10;|   |--WS -&gt;   [38:4]&#10;|   |--REFERENCE -&gt; REFERENCE [38:5]&#10;|   |   |--PACKAGE_CLASS -&gt; Class [38:5]&#10;|   |   |--HASH -&gt; # [38:10]&#10;|   |   |--MEMBER -&gt; method [38:11]&#10;|   |   `--PARAMETERS -&gt; PARAMETERS [38:17]&#10;|   |       |--LEFT_BRACE -&gt; ( [38:17]&#10;|   |       |--ARGUMENT -&gt; Type [38:18]&#10;|   |       |--COMMA -&gt; , [38:22]&#10;|   |       |--WS -&gt;   [38:23]&#10;|   |       |--ARGUMENT -&gt; Type [38:24]&#10;|   |       |--COMMA -&gt; , [38:28]&#10;|   |       |--WS -&gt;   [38:29]&#10;|   |       |--ARGUMENT -&gt; Type [38:30]&#10;|   |       `--RIGHT_BRACE -&gt; ) [38:34]&#10;|   `--NEWLINE -&gt; \n [38:35]&#10;|--JAVADOC_TAG -&gt; JAVADOC_TAG [39:0]&#10;|   |--SEE_LITERAL -&gt; @see [39:0]&#10;|   |--WS -&gt;   [39:4]&#10;|   |--REFERENCE -&gt; REFERENCE [39:5]&#10;|   |   |--PACKAGE_CLASS -&gt; Class [39:5]&#10;|   |   |--HASH -&gt; # [39:10]&#10;|   |   |--MEMBER -&gt; method [39:11]&#10;|   |   `--PARAMETERS -&gt; PARAMETERS [39:17]&#10;|   |       |--LEFT_BRACE -&gt; ( [39:17]&#10;|   |       |--ARGUMENT -&gt; Type [39:18]&#10;|   |       |--WS -&gt;   [39:22]&#10;|   |       |--ARGUMENT -&gt; argname [39:23]&#10;|   |       |--COMMA -&gt; , [39:30]&#10;|   |       |--WS -&gt;   [39:31]&#10;|   |       |--ARGUMENT -&gt; Type [39:32]&#10;|   |       |--WS -&gt;   [39:36]&#10;|   |       |--ARGUMENT -&gt; argname [39:37]&#10;|   |       `--RIGHT_BRACE -&gt; ) [39:44]&#10;|   `--NEWLINE -&gt; \n [39:45]&#10;|--JAVADOC_TAG -&gt; JAVADOC_TAG [40:0]&#10;|   |--SEE_LITERAL -&gt; @see [40:0]&#10;|   |--WS -&gt;   [40:4]&#10;|   |--REFERENCE -&gt; REFERENCE [40:5]&#10;|   |   |--PACKAGE_CLASS -&gt; Class [40:5]&#10;|   |   |--HASH -&gt; # [40:10]&#10;|   |   |--MEMBER -&gt; constructor [40:11]&#10;|   |   `--PARAMETERS -&gt; PARAMETERS [40:22]&#10;|   |       |--LEFT_BRACE -&gt; ( [40:22]&#10;|   |       |--ARGUMENT -&gt; Type [40:23]&#10;|   |       |--COMMA -&gt; , [40:27]&#10;|   |       |--WS -&gt;   [40:28]&#10;|   |       |--ARGUMENT -&gt; Type [40:29]&#10;|   |       `--RIGHT_BRACE -&gt; ) [40:33]&#10;|   `--NEWLINE -&gt; \n [40:34]&#10;|--JAVADOC_TAG -&gt; JAVADOC_TAG [41:0]&#10;|   |--SEE_LITERAL -&gt; @see [41:0]&#10;|   |--WS -&gt;   [41:4]&#10;|   |--REFERENCE -&gt; REFERENCE [41:5]&#10;|   |   |--PACKAGE_CLASS -&gt; Class [41:5]&#10;|   |   |--HASH -&gt; # [41:10]&#10;|   |   |--MEMBER -&gt; constructor [41:11]&#10;|   |   `--PARAMETERS -&gt; PARAMETERS [41:22]&#10;|   |       |--LEFT_BRACE -&gt; ( [41:22]&#10;|   |       |--ARGUMENT -&gt; Type [41:23]&#10;|   |       |--WS -&gt;   [41:27]&#10;|   |       |--ARGUMENT -&gt; argname [41:28]&#10;|   |       |--COMMA -&gt; , [41:35]&#10;|   |       |--WS -&gt;   [41:36]&#10;|   |       |--ARGUMENT -&gt; Type [41:37]&#10;|   |       |--WS -&gt;   [41:41]&#10;|   |       |--ARGUMENT -&gt; argname [41:42]&#10;|   |       `--RIGHT_BRACE -&gt; ) [41:49]&#10;|   `--NEWLINE -&gt; \n [41:50]&#10;|--JAVADOC_TAG -&gt; JAVADOC_TAG [42:0]&#10;|   |--SEE_LITERAL -&gt; @see [42:0]&#10;|   |--WS -&gt;   [42:4]&#10;|   |--REFERENCE -&gt; REFERENCE [42:5]&#10;|   |   `--PACKAGE_CLASS -&gt; Class.NestedClass [42:5]&#10;|   `--NEWLINE -&gt; \n [42:22]&#10;|--JAVADOC_TAG -&gt; JAVADOC_TAG [43:0]&#10;|   |--SEE_LITERAL -&gt; @see [43:0]&#10;|   |--WS -&gt;   [43:4]&#10;|   |--REFERENCE -&gt; REFERENCE [43:5]&#10;|   |   `--PACKAGE_CLASS -&gt; Class [43:5]&#10;|   `--NEWLINE -&gt; \n [43:10]&#10;|--JAVADOC_TAG -&gt; JAVADOC_TAG [44:0]&#10;|   |--SEE_LITERAL -&gt; @see [44:0]&#10;|   |--WS -&gt;   [44:4]&#10;|   |--REFERENCE -&gt; REFERENCE [44:5]&#10;|   |   |--PACKAGE_CLASS -&gt; com.github.checkstyle.Class [44:5]&#10;|   |   |--HASH -&gt; # [44:32]&#10;|   |   `--MEMBER -&gt; field [44:33]&#10;|   `--NEWLINE -&gt; \n [44:38]&#10;|--JAVADOC_TAG -&gt; JAVADOC_TAG [45:0]&#10;|   |--SEE_LITERAL -&gt; @see [45:0]&#10;|   |--WS -&gt;   [45:4]&#10;|   |--REFERENCE -&gt; REFERENCE [45:5]&#10;|   |   |--PACKAGE_CLASS -&gt; com.github.checkstyle.Class [45:5]&#10;|   |   |--HASH -&gt; # [45:32]&#10;|   |   |--MEMBER -&gt; method [45:33]&#10;|   |   `--PARAMETERS -&gt; PARAMETERS [45:39]&#10;|   |       |--LEFT_BRACE -&gt; ( [45:39]&#10;|   |       |--ARGUMENT -&gt; Type [45:40]&#10;|   |       |--COMMA -&gt; , [45:44]&#10;|   |       |--WS -&gt;   [45:45]&#10;|   |       |--ARGUMENT -&gt; Type [45:46]&#10;|   |       `--RIGHT_BRACE -&gt; ) [45:50]&#10;|   `--NEWLINE -&gt; \n [45:51]&#10;|--JAVADOC_TAG -&gt; JAVADOC_TAG [46:0]&#10;|   |--SEE_LITERAL -&gt; @see [46:0]&#10;|   |--WS -&gt;   [46:4]&#10;|   |--REFERENCE -&gt; REFERENCE [46:5]&#10;|   |   |--PACKAGE_CLASS -&gt; com.github.checkstyle.Class [46:5]&#10;|   |   |--HASH -&gt; # [46:32]&#10;|   |   |--MEMBER -&gt; method [46:33]&#10;|   |   `--PARAMETERS -&gt; PARAMETERS [46:39]&#10;|   |       |--LEFT_BRACE -&gt; ( [46:39]&#10;|   |       |--ARGUMENT -&gt; Type [46:40]&#10;|   |       |--WS -&gt;   [46:44]&#10;|   |       |--ARGUMENT -&gt; argname [46:45]&#10;|   |       |--COMMA -&gt; , [46:52]&#10;|   |       |--WS -&gt;   [46:53]&#10;|   |       |--ARGUMENT -&gt; Type [46:54]&#10;|   |       |--WS -&gt;   [46:58]&#10;|   |       |--ARGUMENT -&gt; argname [46:59]&#10;|   |       `--RIGHT_BRACE -&gt; ) [46:66]&#10;|   `--NEWLINE -&gt; \n [46:67]&#10;|--JAVADOC_TAG -&gt; JAVADOC_TAG [47:0]&#10;|   |--SEE_LITERAL -&gt; @see [47:0]&#10;|   |--WS -&gt;   [47:4]&#10;|   |--REFERENCE -&gt; REFERENCE [47:5]&#10;|   |   |--PACKAGE_CLASS -&gt; com.github.checkstyle.Class [47:5]&#10;|   |   |--HASH -&gt; # [47:32]&#10;|   |   |--MEMBER -&gt; constructor [47:33]&#10;|   |   `--PARAMETERS -&gt; PARAMETERS [47:44]&#10;|   |       |--LEFT_BRACE -&gt; ( [47:44]&#10;|   |       |--ARGUMENT -&gt; Type [47:45]&#10;|   |       |--COMMA -&gt; , [47:49]&#10;|   |       |--WS -&gt;   [47:50]&#10;|   |       |--ARGUMENT -&gt; Type [47:51]&#10;|   |       `--RIGHT_BRACE -&gt; ) [47:55]&#10;|   `--NEWLINE -&gt; \n [47:56]&#10;|--JAVADOC_TAG -&gt; JAVADOC_TAG [48:0]&#10;|   |--SEE_LITERAL -&gt; @see [48:0]&#10;|   |--WS -&gt;   [48:4]&#10;|   |--REFERENCE -&gt; REFERENCE [48:5]&#10;|   |   |--PACKAGE_CLASS -&gt; com.github.checkstyle.Class [48:5]&#10;|   |   |--HASH -&gt; # [48:32]&#10;|   |   |--MEMBER -&gt; constructor [48:33]&#10;|   |   `--PARAMETERS -&gt; PARAMETERS [48:44]&#10;|   |       |--LEFT_BRACE -&gt; ( [48:44]&#10;|   |       |--ARGUMENT -&gt; Type [48:45]&#10;|   |       |--WS -&gt;   [48:49]&#10;|   |       |--ARGUMENT -&gt; argname [48:50]&#10;|   |       |--COMMA -&gt; , [48:57]&#10;|   |       |--WS -&gt;   [48:58]&#10;|   |       |--ARGUMENT -&gt; Type [48:59]&#10;|   |       |--WS -&gt;   [48:63]&#10;|   |       |--ARGUMENT -&gt; argname [48:64]&#10;|   |       `--RIGHT_BRACE -&gt; ) [48:71]&#10;|   `--NEWLINE -&gt; \n [48:72]&#10;|--JAVADOC_TAG -&gt; JAVADOC_TAG [49:0]&#10;|   |--SEE_LITERAL -&gt; @see [49:0]&#10;|   |--WS -&gt;   [49:4]&#10;|   |--REFERENCE -&gt; REFERENCE [49:5]&#10;|   |   `--PACKAGE_CLASS -&gt; com.github.checkstyle.Class.NestedClass [49:5]&#10;|   `--NEWLINE -&gt; \n [49:44]&#10;|--JAVADOC_TAG -&gt; JAVADOC_TAG [50:0]&#10;|   |--SEE_LITERAL -&gt; @see [50:0]&#10;|   |--WS -&gt;   [50:4]&#10;|   |--REFERENCE -&gt; REFERENCE [50:5]&#10;|   |   `--PACKAGE_CLASS -&gt; com.github.checkstyle.Class [50:5]&#10;|   `--NEWLINE -&gt; \n [50:32]&#10;|--JAVADOC_TAG -&gt; JAVADOC_TAG [51:0]&#10;|   |--SEE_LITERAL -&gt; @see [51:0]&#10;|   |--WS -&gt;   [51:4]&#10;|   |--REFERENCE -&gt; REFERENCE [51:5]&#10;|   |   `--PACKAGE_CLASS -&gt; com.github.checkstyle [51:5]&#10;|   `--NEWLINE -&gt; \n [51:26]&#10;|--JAVADOC_TAG -&gt; JAVADOC_TAG [52:0]&#10;|   |--SERIAL_LITERAL -&gt; @serial [52:0]&#10;|   |--WS -&gt;   [52:7]&#10;|   `--DESCRIPTION -&gt; DESCRIPTION [52:8]&#10;|       |--TEXT -&gt; field description [52:8]&#10;|       |--NEWLINE -&gt; \n [52:25]&#10;|       |--TEXT -&gt; on few lines [53:0]&#10;|       |--NEWLINE -&gt; \n [53:12]&#10;|       |--TEXT -&gt; and even here [54:0]&#10;|       `--NEWLINE -&gt; \n [54:13]&#10;|--JAVADOC_TAG -&gt; JAVADOC_TAG [55:0]&#10;|   |--SERIAL_LITERAL -&gt; @serial [55:0]&#10;|   |--WS -&gt;   [55:7]&#10;|   |--LITERAL_INCLUDE -&gt; include [55:8]&#10;|   `--NEWLINE -&gt; \n [55:15]&#10;|--JAVADOC_TAG -&gt; JAVADOC_TAG [56:0]&#10;|   |--SERIAL_LITERAL -&gt; @serial [56:0]&#10;|   |--WS -&gt;   [56:7]&#10;|   |--LITERAL_EXCLUDE -&gt; exclude [56:8]&#10;|   `--NEWLINE -&gt; \n [56:15]&#10;|--JAVADOC_TAG -&gt; JAVADOC_TAG [57:0]&#10;|   |--SERIAL_FIELD_LITERAL -&gt; @serialField [57:0]&#10;|   |--WS -&gt;   [57:12]&#10;|   |--FIELD_NAME -&gt; myField [57:13]&#10;|   |--WS -&gt;   [57:20]&#10;|   |--FIELD_TYPE -&gt; myObjectStreamField [57:21]&#10;|   |--WS -&gt;   [57:40]&#10;|   `--DESCRIPTION -&gt; DESCRIPTION [57:41]&#10;|       |--TEXT -&gt; description of my serial field [57:41]&#10;|       `--NEWLINE -&gt; \n [57:71]&#10;|--JAVADOC_TAG -&gt; JAVADOC_TAG [58:0]&#10;|   |--SERIAL_DATA_LITERAL -&gt; @serialData [58:0]&#10;|   |--WS -&gt;   [58:11]&#10;|   `--DESCRIPTION -&gt; DESCRIPTION [58:12]&#10;|       |--TEXT -&gt; The data-description documents the types. [58:12]&#10;|       `--NEWLINE -&gt; \n [58:53]&#10;|--JAVADOC_TAG -&gt; JAVADOC_TAG [59:0]&#10;|   |--SINCE_LITERAL -&gt; @since [59:0]&#10;|   |--WS -&gt;   [59:6]&#10;|   `--DESCRIPTION -&gt; DESCRIPTION [59:7]&#10;|       |--TEXT -&gt; 1.5 [59:7]&#10;|       `--NEWLINE -&gt; \n [59:10]&#10;|--JAVADOC_TAG -&gt; JAVADOC_TAG [60:0]&#10;|   |--SINCE_LITERAL -&gt; @since [60:0]&#10;|   |--WS -&gt;   [60:6]&#10;|   `--DESCRIPTION -&gt; DESCRIPTION [60:7]&#10;|       |--TEXT -&gt; Release 3.4.5 [60:7]&#10;|       `--NEWLINE -&gt; \n [60:20]&#10;|--JAVADOC_TAG -&gt; JAVADOC_TAG [61:0]&#10;|   |--THROWS_LITERAL -&gt; @throws [61:0]&#10;|   |--WS -&gt;   [61:7]&#10;|   |--CLASS_NAME -&gt; IOException [61:8]&#10;|   |--WS -&gt;   [61:19]&#10;|   `--DESCRIPTION -&gt; DESCRIPTION [61:20]&#10;|       |--TEXT -&gt; throws exception if connection refused. [61:20]&#10;|       `--NEWLINE -&gt; \n [61:59]&#10;|--JAVADOC_TAG -&gt; JAVADOC_TAG [62:0]&#10;|   |--VERSION_LITERAL -&gt; @version [62:0]&#10;|   |--WS -&gt;   [62:8]&#10;|   `--DESCRIPTION -&gt; DESCRIPTION [62:9]&#10;|       |--TEXT -&gt; 1.2 [62:9]&#10;|       `--NEWLINE -&gt; \n [62:12]&#10;|--JAVADOC_TAG -&gt; JAVADOC_TAG [63:0]&#10;|   |--VERSION_LITERAL -&gt; @version [63:0]&#10;|   |--WS -&gt;   [63:8]&#10;|   `--DESCRIPTION -&gt; DESCRIPTION [63:9]&#10;|       `--TEXT -&gt; Release 1.1.1 [63:9]&#10;`--EOF -&gt; &lt;EOF&gt; [63:22]&#13;]&#10;&gt;" type="org.junit.ComparisonFailure"><![CDATA[org.junit.ComparisonFailure: 
Generated tree from the javadoc file should match the pre-defined tree expected:<...DOC -> JAVADOC [0:0][
|--NEWLINE -> \n [0:0]
|--JAVADOC_TAG -> JAVADOC_TAG [1:0]
|   |--AUTHOR_LITERAL -> @author [1:0]
|   |--WS ->   [1:7]
|   `--DESCRIPTION -> DESCRIPTION [1:8]
|       |--TEXT -> John Locke [1:8]
|       `--NEWLINE -> \n [1:18]
|--JAVADOC_TAG -> JAVADOC_TAG [2:0]
|   |--AUTHOR_LITERAL -> @author [2:0]
|   |--WS ->   [2:7]
|   `--DESCRIPTION -> DESCRIPTION [2:8]
|       |--TEXT -> Man in black, Sub Zero [2:8]
|       `--NEWLINE -> \n [2:30]
|--JAVADOC_TAG -> JAVADOC_TAG [3:0]
|   |--AUTHOR_LITERAL -> @author [3:0]
|   |--WS ->   [3:7]
|   `--DESCRIPTION -> DESCRIPTION [3:8]
|       |--HTML_ELEMENT -> HTML_ELEMENT [3:8]
|       |   `--HTML_TAG -> HTML_TAG [3:8]
|       |       |--HTML_ELEMENT_START -> HTML_ELEMENT_START [3:8]
|       |       |   |--START -> < [3:8]
|       |       |   |--HTML_TAG_NAME -> a [3:9]
|       |       |   |--WS ->   [3:10]
|       |       |   |--ATTRIBUTE -> ATTRIBUTE [3:11]
|       |       |   |   |--HTML_TAG_NAME -> href [3:11]
|       |       |   |   |--EQUALS -> = [3:15]
|       |       |   |   `--ATTR_VALUE -> "mailto:meth@albuquerque.com" [3:16]
|       |       |   `--END -> > [3:46]
|       |       |--TEXT -> Walter White [3:47]
|       |       `--HTML_ELEMENT_END -> HTML_ELEMENT_END [3:59]
|       |           |--START -> < [3:59]
|       |           |--SLASH -> / [3:60]
|       |           |--HTML_TAG_NAME -> a [3:61]
|       |           `--END -> > [3:62]
|       `--NEWLINE -> \n [3:63]
|--JAVADOC_TAG -> JAVADOC_TAG [4:0]
|   |--DEPRECATED_LITERAL -> @deprecated [4:0]
|   |--WS ->   [4:11]
|   `--DESCRIPTION -> DESCRIPTION [4:12]
|       |--TEXT -> This method is deprecated [4:12]
|       |--NEWLINE -> \n [4:37]
|       |--TEXT -> because we created new one. [5:0]
|       `--NEWLINE -> \n [5:27]
|--JAVADOC_TAG -> JAVADOC_TAG [6:0]
|   |--EXCEPTION_LITERAL -> @exception [6:0]
|   |--WS ->   [6:10]
|   |--CLASS_NAME -> IOException [6:11]
|   |--WS ->   [6:22]
|   `--DESCRIPTION -> DESCRIPTION [6:23]
|       |--TEXT -> throws exception if connection refused. [6:23]
|       `--NEWLINE -> \n [6:62]
|--JAVADOC_TAG -> JAVADOC_TAG [7:0]
|   |--PARAM_LITERAL -> @param [7:0]
|   |--WS ->   [7:6]
|   |--PARAMETER_NAME -> arg [7:7]
|   |--WS ->   [7:10]
|   `--DESCRIPTION -> DESCRIPTION [7:11]
|       |--TEXT -> String argument [7:11]
|       `--NEWLINE -> \n [7:26]
|--JAVADOC_TAG -> JAVADOC_TAG [8:0]
|   |--PARAM_LITERAL -> @param [8:0]
|   |--WS ->   [8:6]
|   |--PARAMETER_NAME -> <E> [8:7]
|   |--WS ->   [8:10]
|   `--DESCRIPTION -> DESCRIPTION [8:11]
|       |--TEXT -> it is generic [8:11]
|       `--NEWLINE -> \n [8:24]
|--JAVADOC_TAG -> JAVADOC_TAG [9:0]
|   |--PARAM_LITERAL -> @param [9:0]
|   |--WS ->   [9:6]
|   |--PARAMETER_NAME -> type [9:7]
|   |--WS ->   [9:11]
|   `--DESCRIPTION -> DESCRIPTION [9:12]
|       |--TEXT -> I can describe 'type' [9:12]
|       |--NEWLINE -> \n [9:33]
|       |--TEXT -> on several lines. [10:0]
|       |--NEWLINE -> \n [10:17]
|       |--TEXT -> One more line of description. [11:0]
|       `--NEWLINE -> \n [11:29]
|--JAVADOC_TAG -> JAVADOC_TAG [12:0]
|   |--RETURN_LITERAL -> @return [12:0]
|   |--WS ->   [12:7]
|   `--DESCRIPTION -> DESCRIPTION [12:8]
|       |--TEXT -> something [12:8]
|       `--NEWLINE -> \n [12:17]
|--JAVADOC_TAG -> JAVADOC_TAG [13:0]
|   |--RETURN_LITERAL -> @return [13:0]
|   |--WS ->   [13:7]
|   `--DESCRIPTION -> DESCRIPTION [13:8]
|       |--TEXT -> a value of element [13:8]
|       |--NEWLINE -> \n [13:26]
|       |--TEXT -> that is passed as argument. [14:0]
|       `--NEWLINE -> \n [14:27]
|--JAVADOC_TAG -> JAVADOC_TAG [15:0]
|   |--SEE_LITERAL -> @see [15:0]
|   |--WS ->   [15:4]
|   |--STRING -> "A book of that famous man" [15:5]
|   `--NEWLINE -> \n [15:32]
|--JAVADOC_TAG -> JAVADOC_TAG [16:0]
|   |--SEE_LITERAL -> @see [16:0]
|   |--WS ->   [16:4]
|   |--HTML_ELEMENT -> HTML_ELEMENT [16:5]
|   |   `--HTML_TAG -> HTML_TAG [16:5]
|   |       |--HTML_ELEMENT_START -> HTML_ELEMENT_START [16:5]
|   |       |   |--START -> < [16:5]
|   |       |   |--HTML_TAG_NAME -> a [16:6]
|   |       |   |--WS ->   [16:7]
|   |       |   |--ATTRIBUTE -> ATTRIBUTE [16:8]
|   |       |   |   |--HTML_TAG_NAME -> href [16:8]
|   |       |   |   |--EQUALS -> = [16:12]
|   |       |   |   `--ATTR_VALUE -> "http://google.com" [16:13]
|   |       |   `--END -> > [16:33]
|   |       |--TEXT -> Google [16:34]
|   |       `--HTML_ELEMENT_END -> HTML_ELEMENT_END [16:40]
|   |           |--START -> < [16:40]
|   |           |--SLASH -> / [16:41]
|   |           |--HTML_TAG_NAME -> a [16:42]
|   |           `--END -> > [16:43]
|   `--NEWLINE -> \n [16:44]
|--JAVADOC_TAG -> JAVADOC_TAG [17:0]
|   |--SEE_LITERAL -> @see [17:0]
|   |--WS ->   [17:4]
|   |--HTML_ELEMENT -> HTML_ELEMENT [17:5]
|   |   `--HTML_TAG -> HTML_TAG [17:5]
|   |       |--HTML_ELEMENT_START -> HTML_ELEMENT_START [17:5]
|   |       |   |--START -> < [17:5]
|   |       |   |--HTML_TAG_NAME -> a [17:6]
|   |       |   |--WS ->   [17:7]
|   |       |   |--ATTRIBUTE -> ATTRIBUTE [17:8]
|   |       |   |   |--HTML_TAG_NAME -> href [17:8]
|   |       |   |   |--EQUALS -> = [17:12]
|   |       |   |   `--ATTR_VALUE -> "http://google.com" [17:13]
|   |       |   `--END -> > [17:33]
|   |       |--NEWLINE -> \n [17:34]
|   |       |--TEXT -> Google [18:0]
|   |       `--HTML_ELEMENT_END -> HTML_ELEMENT_END [18:6]
|   |           |--START -> < [18:6]
|   |           |--SLASH -> / [18:7]
|   |           |--HTML_TAG_NAME -> a [18:8]
|   |           `--END -> > [18:9]
|   `--NEWLINE -> \n [18:10]
|--JAVADOC_TAG -> JAVADOC_TAG [19:0]
|   |--SEE_LITERAL -> @see [19:0]
|   |--WS ->   [19:4]
|   |--REFERENCE -> REFERENCE [19:5]
|   |   |--PACKAGE_CLASS -> java.lang.Integer [19:5]
|   |   |--HASH -> # [19:22]
|   |   `--MEMBER -> valueOf [19:23]
|   `--NEWLINE -> \n [19:30]
|--JAVADOC_TAG -> JAVADOC_TAG [20:0]
|   |--SEE_LITERAL -> @see [20:0]
|   |--WS ->   [20:4]
|   |--REFERENCE -> REFERENCE [20:5]
|   |   |--PACKAGE_CLASS -> java.lang.Integer [20:5]
|   |   |--HASH -> # [20:22]
|   |   `--MEMBER -> Integer [20:23]
|   `--NEWLINE -> \n [20:30]
|--JAVADOC_TAG -> JAVADOC_TAG [21:0]
|   |--SEE_LITERAL -> @see [21:0]
|   |--WS ->   [21:4]
|   |--REFERENCE -> REFERENCE [21:5]
|   |   |--PACKAGE_CLASS -> java.lang.Integer [21:5]
|   |   |--HASH -> # [21:22]
|   |   `--MEMBER -> MAX_VALUE [21:23]
|   `--NEWLINE -> \n [21:32]
|--JAVADOC_TAG -> JAVADOC_TAG [22:0]
|   |--SEE_LITERAL -> @see [22:0]
|   |--WS ->   [22:4]
|   |--REFERENCE -> REFERENCE [22:5]
|   |   |--PACKAGE_CLASS -> java.lang.Integer [22:5]
|   |   |--HASH -> # [22:22]
|   |   `--MEMBER -> valueOf [22:23]
|   |--WS ->   [22:30]
|   `--DESCRIPTION -> DESCRIPTION [22:31]
|       |--TEXT -> valueOf method [22:31]
|       `--NEWLINE -> \n [22:45]
|--JAVADOC_TAG -> JAVADOC_TAG [23:0]
|   |--SEE_LITERAL -> @see [23:0]
|   |--WS ->   [23:4]
|   |--REFERENCE -> REFERENCE [23:5]
|   |   |--PACKAGE_CLASS -> java.lang.Integer [23:5]
|   |   |--HASH -> # [23:22]
|   |   `--MEMBER -> Integer [23:23]
|   |--WS ->   [23:30]
|   `--DESCRIPTION -> DESCRIPTION [23:31]
|       |--TEXT -> Integer [23:31]
|       `--NEWLINE -> \n [23:38]
|--JAVADOC_TAG -> JAVADOC_TAG [24:0]
|   |--SEE_LITERAL -> @see [24:0]
|   |--WS ->   [24:4]
|   |--REFERENCE -> REFERENCE [24:5]
|   |   |--PACKAGE_CLASS -> java.lang.Integer [24:5]
|   |   |--HASH -> # [24:22]
|   |   `--MEMBER -> MAX_VALUE [24:23]
|   |--WS ->   [24:32]
|   `--DESCRIPTION -> DESCRIPTION [24:33]
|       |--TEXT -> maxValue [24:33]
|       `--NEWLINE -> \n [24:41]
|--JAVADOC_TAG -> JAVADOC_TAG [25:0]
|   |--SEE_LITERAL -> @see [25:0]
|   |--WS ->   [25:4]
|   |--REFERENCE -> REFERENCE [25:5]
|   |   |--PACKAGE_CLASS -> java.lang.Integer [25:5]
|   |   |--HASH -> # [25:22]
|   |   `--MEMBER -> intValue [25:23]
|   |--WS ->   [25:31]
|   `--DESCRIPTION -> DESCRIPTION [25:32]
|       |--TEXT -> method [25:32]
|       `--NEWLINE -> \n [25:38]
|--JAVADOC_TAG -> JAVADOC_TAG [26:0]
|   |--SEE_LITERAL -> @see [26:0]
|   |--WS ->   [26:4]
|   |--REFERENCE -> REFERENCE [26:5]
|   |   |--PACKAGE_CLASS -> java.lang.Integer [26:5]
|   |   |--HASH -> # [26:22]
|   |   |--MEMBER -> intValue [26:23]
|   |   `--PARAMETERS -> PARAMETERS [26:31]
|   |       |--LEFT_BRACE -> ( [26:31]
|   |       `--RIGHT_BRACE -> ) [26:32]
|   |--WS ->   [26:33]
|   `--DESCRIPTION -> DESCRIPTION [26:34]
|       |--TEXT -> method [26:34]
|       `--NEWLINE -> \n [26:40]
|--JAVADOC_TAG -> JAVADOC_TAG [27:0]
|   |--SEE_LITERAL -> @see [27:0]
|   |--WS ->   [27:4]
|   |--REFERENCE -> REFERENCE [27:5]
|   |   |--PACKAGE_CLASS -> java.lang.Void [27:5]
|   |   |--HASH -> # [27:19]
|   |   `--MEMBER -> Void [27:20]
|   |--WS ->   [27:24]
|   `--DESCRIPTION -> DESCRIPTION [27:25]
|       |--TEXT -> constructor [27:25]
|       `--NEWLINE -> \n [27:36]
|--JAVADOC_TAG -> JAVADOC_TAG [28:0]
|   |--SEE_LITERAL -> @see [28:0]
|   |--WS ->   [28:4]
|   |--REFERENCE -> REFERENCE [28:5]
|   |   |--PACKAGE_CLASS -> java.lang.Void [28:5]
|   |   |--HASH -> # [28:19]
|   |   |--MEMBER -> Void [28:20]
|   |   `--PARAMETERS -> PARAMETERS [28:24]
|   |       |--LEFT_BRACE -> ( [28:24]
|   |       `--RIGHT_BRACE -> ) [28:25]
|   |--WS ->   [28:26]
|   `--DESCRIPTION -> DESCRIPTION [28:27]
|       |--TEXT -> constructor [28:27]
|       `--NEWLINE -> \n [28:38]
|--JAVADOC_TAG -> JAVADOC_TAG [29:0]
|   |--SEE_LITERAL -> @see [29:0]
|   |--WS ->   [29:4]
|   |--REFERENCE -> REFERENCE [29:5]
|   |   |--PACKAGE_CLASS -> java.lang.Integer [29:5]
|   |   |--HASH -> # [29:22]
|   |   |--MEMBER -> valueOf [29:23]
|   |   `--PARAMETERS -> PARAMETERS [29:30]
|   |       |--LEFT_BRACE -> ( [29:30]
|   |       |--ARGUMENT -> String [29:31]
|   |       `--RIGHT_BRACE -> ) [29:37]
|   |--WS ->   [29:38]
|   `--DESCRIPTION -> DESCRIPTION [29:39]
|       |--TEXT -> method [29:39]
|       `--NEWLINE -> \n [29:45]
|--JAVADOC_TAG -> JAVADOC_TAG [30:0]
|   |--SEE_LITERAL -> @see [30:0]
|   |--WS ->   [30:4]
|   |--REFERENCE -> REFERENCE [30:5]
|   |   |--PACKAGE_CLASS -> java.lang.Integer [30:5]
|   |   |--HASH -> # [30:22]
|   |   |--MEMBER -> toString [30:23]
|   |   `--PARAMETERS -> PARAMETERS [30:31]
|   |       |--LEFT_BRACE -> ( [30:31]
|   |       |--ARGUMENT -> int [30:32]
|   |       |--COMMA -> , [30:35]
|   |       |--ARGUMENT -> int [30:36]
|   |       `--RIGHT_BRACE -> ) [30:39]
|   |--WS ->   [30:40]
|   `--DESCRIPTION -> DESCRIPTION [30:41]
|       |--TEXT -> method [30:41]
|       `--NEWLINE -> \n [30:47]
|--JAVADOC_TAG -> JAVADOC_TAG [31:0]
|   |--SEE_LITERAL -> @see [31:0]
|   |--WS ->   [31:4]
|   |--REFERENCE -> REFERENCE [31:5]
|   |   |--PACKAGE_CLASS -> java.lang.Integer [31:5]
|   |   |--HASH -> # [31:22]
|   |   |--MEMBER -> toString [31:23]
|   |   `--PARAMETERS -> PARAMETERS [31:31]
|   |       |--LEFT_BRACE -> ( [31:31]
|   |       |--ARGUMENT -> int [31:32]
|   |       |--COMMA -> , [31:35]
|   |       |--WS ->   [31:36]
|   |       |--ARGUMENT -> int [31:37]
|   |       `--RIGHT_BRACE -> ) [31:40]
|   |--WS ->   [31:41]
|   `--DESCRIPTION -> DESCRIPTION [31:42]
|       |--TEXT -> method [31:42]
|       `--NEWLINE -> \n [31:48]
|--JAVADOC_TAG -> JAVADOC_TAG [32:0]
|   |--SEE_LITERAL -> @see [32:0]
|   |--WS ->   [32:4]
|   |--REFERENCE -> REFERENCE [32:5]
|   |   |--HASH -> # [32:5]
|   |   `--MEMBER -> field [32:6]
|   `--NEWLINE -> \n [32:11]
|--JAVADOC_TAG -> JAVADOC_TAG [33:0]
|   |--SEE_LITERAL -> @see [33:0]
|   |--WS ->   [33:4]
|   |--REFERENCE -> REFERENCE [33:5]
|   |   |--HASH -> # [33:5]
|   |   |--MEMBER -> method [33:6]
|   |   `--PARAMETERS -> PARAMETERS [33:12]
|   |       |--LEFT_BRACE -> ( [33:12]
|   |       |--ARGUMENT -> Type [33:13]
|   |       |--COMMA -> , [33:17]
|   |       |--WS ->   [33:18]
|   |       |--ARGUMENT -> Type [33:19]
|   |       `--RIGHT_BRACE -> ) [33:23]
|   `--NEWLINE -> \n [33:24]
|--JAVADOC_TAG -> JAVADOC_TAG [34:0]
|   |--SEE_LITERAL -> @see [34:0]
|   |--WS ->   [34:4]
|   |--REFERENCE -> REFERENCE [34:5]
|   |   |--HASH -> # [34:5]
|   |   |--MEMBER -> method [34:6]
|   |   `--PARAMETERS -> PARAMETERS [34:12]
|   |       |--LEFT_BRACE -> ( [34:12]
|   |       |--ARGUMENT -> Type [34:13]
|   |       |--WS ->   [34:17]
|   |       |--ARGUMENT -> argname [34:18]
|   |       |--COMMA -> , [34:25]
|   |       |--WS ->   [34:26]
|   |       |--ARGUMENT -> Type [34:27]
|   |       |--WS ->   [34:31]
|   |       |--ARGUMENT -> argname [34:32]
|   |       `--RIGHT_BRACE -> ) [34:39]
|   `--NEWLINE -> \n [34:40]
|--JAVADOC_TAG -> JAVADOC_TAG [35:0]
|   |--SEE_LITERAL -> @see [35:0]
|   |--WS ->   [35:4]
|   |--REFERENCE -> REFERENCE [35:5]
|   |   |--HASH -> # [35:5]
|   |   |--MEMBER -> constructor [35:6]
|   |   `--PARAMETERS -> PARAMETERS [35:17]
|   |       |--LEFT_BRACE -> ( [35:17]
|   |       |--ARGUMENT -> Type [35:18]
|   |       |--COMMA -> , [35:22]
|   |       |--WS ->   [35:23]
|   |       |--ARGUMENT -> Type [35:24]
|   |       `--RIGHT_BRACE -> ) [35:28]
|   `--NEWLINE -> \n [35:29]
|--JAVADOC_TAG -> JAVADOC_TAG [36:0]
|   |--SEE_LITERAL -> @see [36:0]
|   |--WS ->   [36:4]
|   |--REFERENCE -> REFERENCE [36:5]
|   |   |--HASH -> # [36:5]
|   |   |--MEMBER -> constructor [36:6]
|   |   `--PARAMETERS -> PARAMETERS [36:17]
|   |       |--LEFT_BRACE -> ( [36:17]
|   |       |--ARGUMENT -> Type [36:18]
|   |       |--WS ->   [36:22]
|   |       |--ARGUMENT -> argname [36:23]
|   |       |--COMMA -> , [36:30]
|   |       |--WS ->   [36:31]
|   |       |--ARGUMENT -> Type [36:32]
|   |       |--WS ->   [36:36]
|   |       |--ARGUMENT -> argname [36:37]
|   |       `--RIGHT_BRACE -> ) [36:44]
|   `--NEWLINE -> \n [36:45]
|--JAVADOC_TAG -> JAVADOC_TAG [37:0]
|   |--SEE_LITERAL -> @see [37:0]
|   |--WS ->   [37:4]
|   |--REFERENCE -> REFERENCE [37:5]
|   |   |--PACKAGE_CLASS -> Class [37:5]
|   |   |--HASH -> # [37:10]
|   |   `--MEMBER -> field [37:11]
|   `--NEWLINE -> \n [37:16]
|--JAVADOC_TAG -> JAVADOC_TAG [38:0]
|   |--SEE_LITERAL -> @see [38:0]
|   |--WS ->   [38:4]
|   |--REFERENCE -> REFERENCE [38:5]
|   |   |--PACKAGE_CLASS -> Class [38:5]
|   |   |--HASH -> # [38:10]
|   |   |--MEMBER -> method [38:11]
|   |   `--PARAMETERS -> PARAMETERS [38:17]
|   |       |--LEFT_BRACE -> ( [38:17]
|   |       |--ARGUMENT -> Type [38:18]
|   |       |--COMMA -> , [38:22]
|   |       |--WS ->   [38:23]
|   |       |--ARGUMENT -> Type [38:24]
|   |       |--COMMA -> , [38:28]
|   |       |--WS ->   [38:29]
|   |       |--ARGUMENT -> Type [38:30]
|   |       `--RIGHT_BRACE -> ) [38:34]
|   `--NEWLINE -> \n [38:35]
|--JAVADOC_TAG -> JAVADOC_TAG [39:0]
|   |--SEE_LITERAL -> @see [39:0]
|   |--WS ->   [39:4]
|   |--REFERENCE -> REFERENCE [39:5]
|   |   |--PACKAGE_CLASS -> Class [39:5]
|   |   |--HASH -> # [39:10]
|   |   |--MEMBER -> method [39:11]
|   |   `--PARAMETERS -> PARAMETERS [39:17]
|   |       |--LEFT_BRACE -> ( [39:17]
|   |       |--ARGUMENT -> Type [39:18]
|   |       |--WS ->   [39:22]
|   |       |--ARGUMENT -> argname [39:23]
|   |       |--COMMA -> , [39:30]
|   |       |--WS ->   [39:31]
|   |       |--ARGUMENT -> Type [39:32]
|   |       |--WS ->   [39:36]
|   |       |--ARGUMENT -> argname [39:37]
|   |       `--RIGHT_BRACE -> ) [39:44]
|   `--NEWLINE -> \n [39:45]
|--JAVADOC_TAG -> JAVADOC_TAG [40:0]
|   |--SEE_LITERAL -> @see [40:0]
|   |--WS ->   [40:4]
|   |--REFERENCE -> REFERENCE [40:5]
|   |   |--PACKAGE_CLASS -> Class [40:5]
|   |   |--HASH -> # [40:10]
|   |   |--MEMBER -> constructor [40:11]
|   |   `--PARAMETERS -> PARAMETERS [40:22]
|   |       |--LEFT_BRACE -> ( [40:22]
|   |       |--ARGUMENT -> Type [40:23]
|   |       |--COMMA -> , [40:27]
|   |       |--WS ->   [40:28]
|   |       |--ARGUMENT -> Type [40:29]
|   |       `--RIGHT_BRACE -> ) [40:33]
|   `--NEWLINE -> \n [40:34]
|--JAVADOC_TAG -> JAVADOC_TAG [41:0]
|   |--SEE_LITERAL -> @see [41:0]
|   |--WS ->   [41:4]
|   |--REFERENCE -> REFERENCE [41:5]
|   |   |--PACKAGE_CLASS -> Class [41:5]
|   |   |--HASH -> # [41:10]
|   |   |--MEMBER -> constructor [41:11]
|   |   `--PARAMETERS -> PARAMETERS [41:22]
|   |       |--LEFT_BRACE -> ( [41:22]
|   |       |--ARGUMENT -> Type [41:23]
|   |       |--WS ->   [41:27]
|   |       |--ARGUMENT -> argname [41:28]
|   |       |--COMMA -> , [41:35]
|   |       |--WS ->   [41:36]
|   |       |--ARGUMENT -> Type [41:37]
|   |       |--WS ->   [41:41]
|   |       |--ARGUMENT -> argname [41:42]
|   |       `--RIGHT_BRACE -> ) [41:49]
|   `--NEWLINE -> \n [41:50]
|--JAVADOC_TAG -> JAVADOC_TAG [42:0]
|   |--SEE_LITERAL -> @see [42:0]
|   |--WS ->   [42:4]
|   |--REFERENCE -> REFERENCE [42:5]
|   |   `--PACKAGE_CLASS -> Class.NestedClass [42:5]
|   `--NEWLINE -> \n [42:22]
|--JAVADOC_TAG -> JAVADOC_TAG [43:0]
|   |--SEE_LITERAL -> @see [43:0]
|   |--WS ->   [43:4]
|   |--REFERENCE -> REFERENCE [43:5]
|   |   `--PACKAGE_CLASS -> Class [43:5]
|   `--NEWLINE -> \n [43:10]
|--JAVADOC_TAG -> JAVADOC_TAG [44:0]
|   |--SEE_LITERAL -> @see [44:0]
|   |--WS ->   [44:4]
|   |--REFERENCE -> REFERENCE [44:5]
|   |   |--PACKAGE_CLASS -> com.github.checkstyle.Class [44:5]
|   |   |--HASH -> # [44:32]
|   |   `--MEMBER -> field [44:33]
|   `--NEWLINE -> \n [44:38]
|--JAVADOC_TAG -> JAVADOC_TAG [45:0]
|   |--SEE_LITERAL -> @see [45:0]
|   |--WS ->   [45:4]
|   |--REFERENCE -> REFERENCE [45:5]
|   |   |--PACKAGE_CLASS -> com.github.checkstyle.Class [45:5]
|   |   |--HASH -> # [45:32]
|   |   |--MEMBER -> method [45:33]
|   |   `--PARAMETERS -> PARAMETERS [45:39]
|   |       |--LEFT_BRACE -> ( [45:39]
|   |       |--ARGUMENT -> Type [45:40]
|   |       |--COMMA -> , [45:44]
|   |       |--WS ->   [45:45]
|   |       |--ARGUMENT -> Type [45:46]
|   |       `--RIGHT_BRACE -> ) [45:50]
|   `--NEWLINE -> \n [45:51]
|--JAVADOC_TAG -> JAVADOC_TAG [46:0]
|   |--SEE_LITERAL -> @see [46:0]
|   |--WS ->   [46:4]
|   |--REFERENCE -> REFERENCE [46:5]
|   |   |--PACKAGE_CLASS -> com.github.checkstyle.Class [46:5]
|   |   |--HASH -> # [46:32]
|   |   |--MEMBER -> method [46:33]
|   |   `--PARAMETERS -> PARAMETERS [46:39]
|   |       |--LEFT_BRACE -> ( [46:39]
|   |       |--ARGUMENT -> Type [46:40]
|   |       |--WS ->   [46:44]
|   |       |--ARGUMENT -> argname [46:45]
|   |       |--COMMA -> , [46:52]
|   |       |--WS ->   [46:53]
|   |       |--ARGUMENT -> Type [46:54]
|   |       |--WS ->   [46:58]
|   |       |--ARGUMENT -> argname [46:59]
|   |       `--RIGHT_BRACE -> ) [46:66]
|   `--NEWLINE -> \n [46:67]
|--JAVADOC_TAG -> JAVADOC_TAG [47:0]
|   |--SEE_LITERAL -> @see [47:0]
|   |--WS ->   [47:4]
|   |--REFERENCE -> REFERENCE [47:5]
|   |   |--PACKAGE_CLASS -> com.github.checkstyle.Class [47:5]
|   |   |--HASH -> # [47:32]
|   |   |--MEMBER -> constructor [47:33]
|   |   `--PARAMETERS -> PARAMETERS [47:44]
|   |       |--LEFT_BRACE -> ( [47:44]
|   |       |--ARGUMENT -> Type [47:45]
|   |       |--COMMA -> , [47:49]
|   |       |--WS ->   [47:50]
|   |       |--ARGUMENT -> Type [47:51]
|   |       `--RIGHT_BRACE -> ) [47:55]
|   `--NEWLINE -> \n [47:56]
|--JAVADOC_TAG -> JAVADOC_TAG [48:0]
|   |--SEE_LITERAL -> @see [48:0]
|   |--WS ->   [48:4]
|   |--REFERENCE -> REFERENCE [48:5]
|   |   |--PACKAGE_CLASS -> com.github.checkstyle.Class [48:5]
|   |   |--HASH -> # [48:32]
|   |   |--MEMBER -> constructor [48:33]
|   |   `--PARAMETERS -> PARAMETERS [48:44]
|   |       |--LEFT_BRACE -> ( [48:44]
|   |       |--ARGUMENT -> Type [48:45]
|   |       |--WS ->   [48:49]
|   |       |--ARGUMENT -> argname [48:50]
|   |       |--COMMA -> , [48:57]
|   |       |--WS ->   [48:58]
|   |       |--ARGUMENT -> Type [48:59]
|   |       |--WS ->   [48:63]
|   |       |--ARGUMENT -> argname [48:64]
|   |       `--RIGHT_BRACE -> ) [48:71]
|   `--NEWLINE -> \n [48:72]
|--JAVADOC_TAG -> JAVADOC_TAG [49:0]
|   |--SEE_LITERAL -> @see [49:0]
|   |--WS ->   [49:4]
|   |--REFERENCE -> REFERENCE [49:5]
|   |   `--PACKAGE_CLASS -> com.github.checkstyle.Class.NestedClass [49:5]
|   `--NEWLINE -> \n [49:44]
|--JAVADOC_TAG -> JAVADOC_TAG [50:0]
|   |--SEE_LITERAL -> @see [50:0]
|   |--WS ->   [50:4]
|   |--REFERENCE -> REFERENCE [50:5]
|   |   `--PACKAGE_CLASS -> com.github.checkstyle.Class [50:5]
|   `--NEWLINE -> \n [50:32]
|--JAVADOC_TAG -> JAVADOC_TAG [51:0]
|   |--SEE_LITERAL -> @see [51:0]
|   |--WS ->   [51:4]
|   |--REFERENCE -> REFERENCE [51:5]
|   |   `--PACKAGE_CLASS -> com.github.checkstyle [51:5]
|   `--NEWLINE -> \n [51:26]
|--JAVADOC_TAG -> JAVADOC_TAG [52:0]
|   |--SERIAL_LITERAL -> @serial [52:0]
|   |--WS ->   [52:7]
|   `--DESCRIPTION -> DESCRIPTION [52:8]
|       |--TEXT -> field description [52:8]
|       |--NEWLINE -> \n [52:25]
|       |--TEXT -> on few lines [53:0]
|       |--NEWLINE -> \n [53:12]
|       |--TEXT -> and even here [54:0]
|       `--NEWLINE -> \n [54:13]
|--JAVADOC_TAG -> JAVADOC_TAG [55:0]
|   |--SERIAL_LITERAL -> @serial [55:0]
|   |--WS ->   [55:7]
|   |--LITERAL_INCLUDE -> include [55:8]
|   `--NEWLINE -> \n [55:15]
|--JAVADOC_TAG -> JAVADOC_TAG [56:0]
|   |--SERIAL_LITERAL -> @serial [56:0]
|   |--WS ->   [56:7]
|   |--LITERAL_EXCLUDE -> exclude [56:8]
|   `--NEWLINE -> \n [56:15]
|--JAVADOC_TAG -> JAVADOC_TAG [57:0]
|   |--SERIAL_FIELD_LITERAL -> @serialField [57:0]
|   |--WS ->   [57:12]
|   |--FIELD_NAME -> myField [57:13]
|   |--WS ->   [57:20]
|   |--FIELD_TYPE -> myObjectStreamField [57:21]
|   |--WS ->   [57:40]
|   `--DESCRIPTION -> DESCRIPTION [57:41]
|       |--TEXT -> description of my serial field [57:41]
|       `--NEWLINE -> \n [57:71]
|--JAVADOC_TAG -> JAVADOC_TAG [58:0]
|   |--SERIAL_DATA_LITERAL -> @serialData [58:0]
|   |--WS ->   [58:11]
|   `--DESCRIPTION -> DESCRIPTION [58:12]
|       |--TEXT -> The data-description documents the types. [58:12]
|       `--NEWLINE -> \n [58:53]
|--JAVADOC_TAG -> JAVADOC_TAG [59:0]
|   |--SINCE_LITERAL -> @since [59:0]
|   |--WS ->   [59:6]
|   `--DESCRIPTION -> DESCRIPTION [59:7]
|       |--TEXT -> 1.5 [59:7]
|       `--NEWLINE -> \n [59:10]
|--JAVADOC_TAG -> JAVADOC_TAG [60:0]
|   |--SINCE_LITERAL -> @since [60:0]
|   |--WS ->   [60:6]
|   `--DESCRIPTION -> DESCRIPTION [60:7]
|       |--TEXT -> Release 3.4.5 [60:7]
|       `--NEWLINE -> \n [60:20]
|--JAVADOC_TAG -> JAVADOC_TAG [61:0]
|   |--THROWS_LITERAL -> @throws [61:0]
|   |--WS ->   [61:7]
|   |--CLASS_NAME -> IOException [61:8]
|   |--WS ->   [61:19]
|   `--DESCRIPTION -> DESCRIPTION [61:20]
|       |--TEXT -> throws exception if connection refused. [61:20]
|       `--NEWLINE -> \n [61:59]
|--JAVADOC_TAG -> JAVADOC_TAG [62:0]
|   |--VERSION_LITERAL -> @version [62:0]
|   |--WS ->   [62:8]
|   `--DESCRIPTION -> DESCRIPTION [62:9]
|       |--TEXT -> 1.2 [62:9]
|       `--NEWLINE -> \n [62:12]
|--JAVADOC_TAG -> JAVADOC_TAG [63:0]
|   |--VERSION_LITERAL -> @version [63:0]
|   |--WS ->   [63:8]
|   `--DESCRIPTION -> DESCRIPTION [63:9]
|       `--TEXT -> Release 1.1.1 [63:9]
`--EOF -> <EOF> [63:22]]
> but was:<...DOC -> JAVADOC [0:0][
|--NEWLINE -> \n [0:0]
|--JAVADOC_TAG -> JAVADOC_TAG [1:0]
|   |--AUTHOR_LITERAL -> @author [1:0]
|   |--WS ->   [1:7]
|   `--DESCRIPTION -> DESCRIPTION [1:8]
|       |--TEXT -> John Locke [1:8]
|       `--NEWLINE -> \n [1:18]
|--JAVADOC_TAG -> JAVADOC_TAG [2:0]
|   |--AUTHOR_LITERAL -> @author [2:0]
|   |--WS ->   [2:7]
|   `--DESCRIPTION -> DESCRIPTION [2:8]
|       |--TEXT -> Man in black, Sub Zero [2:8]
|       `--NEWLINE -> \n [2:30]
|--JAVADOC_TAG -> JAVADOC_TAG [3:0]
|   |--AUTHOR_LITERAL -> @author [3:0]
|   |--WS ->   [3:7]
|   `--DESCRIPTION -> DESCRIPTION [3:8]
|       |--HTML_ELEMENT -> HTML_ELEMENT [3:8]
|       |   `--HTML_TAG -> HTML_TAG [3:8]
|       |       |--HTML_ELEMENT_START -> HTML_ELEMENT_START [3:8]
|       |       |   |--START -> < [3:8]
|       |       |   |--HTML_TAG_NAME -> a [3:9]
|       |       |   |--WS ->   [3:10]
|       |       |   |--ATTRIBUTE -> ATTRIBUTE [3:11]
|       |       |   |   |--HTML_TAG_NAME -> href [3:11]
|       |       |   |   |--EQUALS -> = [3:15]
|       |       |   |   `--ATTR_VALUE -> "mailto:meth@albuquerque.com" [3:16]
|       |       |   `--END -> > [3:46]
|       |       |--TEXT -> Walter White [3:47]
|       |       `--HTML_ELEMENT_END -> HTML_ELEMENT_END [3:59]
|       |           |--START -> < [3:59]
|       |           |--SLASH -> / [3:60]
|       |           |--HTML_TAG_NAME -> a [3:61]
|       |           `--END -> > [3:62]
|       `--NEWLINE -> \n [3:63]
|--JAVADOC_TAG -> JAVADOC_TAG [4:0]
|   |--DEPRECATED_LITERAL -> @deprecated [4:0]
|   |--WS ->   [4:11]
|   `--DESCRIPTION -> DESCRIPTION [4:12]
|       |--TEXT -> This method is deprecated [4:12]
|       |--NEWLINE -> \n [4:37]
|       |--TEXT -> because we created new one. [5:0]
|       `--NEWLINE -> \n [5:27]
|--JAVADOC_TAG -> JAVADOC_TAG [6:0]
|   |--EXCEPTION_LITERAL -> @exception [6:0]
|   |--WS ->   [6:10]
|   |--CLASS_NAME -> IOException [6:11]
|   |--WS ->   [6:22]
|   `--DESCRIPTION -> DESCRIPTION [6:23]
|       |--TEXT -> throws exception if connection refused. [6:23]
|       `--NEWLINE -> \n [6:62]
|--JAVADOC_TAG -> JAVADOC_TAG [7:0]
|   |--PARAM_LITERAL -> @param [7:0]
|   |--WS ->   [7:6]
|   |--PARAMETER_NAME -> arg [7:7]
|   |--WS ->   [7:10]
|   `--DESCRIPTION -> DESCRIPTION [7:11]
|       |--TEXT -> String argument [7:11]
|       `--NEWLINE -> \n [7:26]
|--JAVADOC_TAG -> JAVADOC_TAG [8:0]
|   |--PARAM_LITERAL -> @param [8:0]
|   |--WS ->   [8:6]
|   |--PARAMETER_NAME -> <E> [8:7]
|   |--WS ->   [8:10]
|   `--DESCRIPTION -> DESCRIPTION [8:11]
|       |--TEXT -> it is generic [8:11]
|       `--NEWLINE -> \n [8:24]
|--JAVADOC_TAG -> JAVADOC_TAG [9:0]
|   |--PARAM_LITERAL -> @param [9:0]
|   |--WS ->   [9:6]
|   |--PARAMETER_NAME -> type [9:7]
|   |--WS ->   [9:11]
|   `--DESCRIPTION -> DESCRIPTION [9:12]
|       |--TEXT -> I can describe 'type' [9:12]
|       |--NEWLINE -> \n [9:33]
|       |--TEXT -> on several lines. [10:0]
|       |--NEWLINE -> \n [10:17]
|       |--TEXT -> One more line of description. [11:0]
|       `--NEWLINE -> \n [11:29]
|--JAVADOC_TAG -> JAVADOC_TAG [12:0]
|   |--RETURN_LITERAL -> @return [12:0]
|   |--WS ->   [12:7]
|   `--DESCRIPTION -> DESCRIPTION [12:8]
|       |--TEXT -> something [12:8]
|       `--NEWLINE -> \n [12:17]
|--JAVADOC_TAG -> JAVADOC_TAG [13:0]
|   |--RETURN_LITERAL -> @return [13:0]
|   |--WS ->   [13:7]
|   `--DESCRIPTION -> DESCRIPTION [13:8]
|       |--TEXT -> a value of element [13:8]
|       |--NEWLINE -> \n [13:26]
|       |--TEXT -> that is passed as argument. [14:0]
|       `--NEWLINE -> \n [14:27]
|--JAVADOC_TAG -> JAVADOC_TAG [15:0]
|   |--SEE_LITERAL -> @see [15:0]
|   |--WS ->   [15:4]
|   |--STRING -> "A book of that famous man" [15:5]
|   `--NEWLINE -> \n [15:32]
|--JAVADOC_TAG -> JAVADOC_TAG [16:0]
|   |--SEE_LITERAL -> @see [16:0]
|   |--WS ->   [16:4]
|   |--HTML_ELEMENT -> HTML_ELEMENT [16:5]
|   |   `--HTML_TAG -> HTML_TAG [16:5]
|   |       |--HTML_ELEMENT_START -> HTML_ELEMENT_START [16:5]
|   |       |   |--START -> < [16:5]
|   |       |   |--HTML_TAG_NAME -> a [16:6]
|   |       |   |--WS ->   [16:7]
|   |       |   |--ATTRIBUTE -> ATTRIBUTE [16:8]
|   |       |   |   |--HTML_TAG_NAME -> href [16:8]
|   |       |   |   |--EQUALS -> = [16:12]
|   |       |   |   `--ATTR_VALUE -> "http://google.com" [16:13]
|   |       |   `--END -> > [16:33]
|   |       |--TEXT -> Google [16:34]
|   |       `--HTML_ELEMENT_END -> HTML_ELEMENT_END [16:40]
|   |           |--START -> < [16:40]
|   |           |--SLASH -> / [16:41]
|   |           |--HTML_TAG_NAME -> a [16:42]
|   |           `--END -> > [16:43]
|   `--NEWLINE -> \n [16:44]
|--JAVADOC_TAG -> JAVADOC_TAG [17:0]
|   |--SEE_LITERAL -> @see [17:0]
|   |--WS ->   [17:4]
|   |--HTML_ELEMENT -> HTML_ELEMENT [17:5]
|   |   `--HTML_TAG -> HTML_TAG [17:5]
|   |       |--HTML_ELEMENT_START -> HTML_ELEMENT_START [17:5]
|   |       |   |--START -> < [17:5]
|   |       |   |--HTML_TAG_NAME -> a [17:6]
|   |       |   |--WS ->   [17:7]
|   |       |   |--ATTRIBUTE -> ATTRIBUTE [17:8]
|   |       |   |   |--HTML_TAG_NAME -> href [17:8]
|   |       |   |   |--EQUALS -> = [17:12]
|   |       |   |   `--ATTR_VALUE -> "http://google.com" [17:13]
|   |       |   `--END -> > [17:33]
|   |       |--NEWLINE -> \n [17:34]
|   |       |--TEXT -> Google [18:0]
|   |       `--HTML_ELEMENT_END -> HTML_ELEMENT_END [18:6]
|   |           |--START -> < [18:6]
|   |           |--SLASH -> / [18:7]
|   |           |--HTML_TAG_NAME -> a [18:8]
|   |           `--END -> > [18:9]
|   `--NEWLINE -> \n [18:10]
|--JAVADOC_TAG -> JAVADOC_TAG [19:0]
|   |--SEE_LITERAL -> @see [19:0]
|   |--WS ->   [19:4]
|   |--REFERENCE -> REFERENCE [19:5]
|   |   |--PACKAGE_CLASS -> java.lang.Integer [19:5]
|   |   |--HASH -> # [19:22]
|   |   `--MEMBER -> valueOf [19:23]
|   `--NEWLINE -> \n [19:30]
|--JAVADOC_TAG -> JAVADOC_TAG [20:0]
|   |--SEE_LITERAL -> @see [20:0]
|   |--WS ->   [20:4]
|   |--REFERENCE -> REFERENCE [20:5]
|   |   |--PACKAGE_CLASS -> java.lang.Integer [20:5]
|   |   |--HASH -> # [20:22]
|   |   `--MEMBER -> Integer [20:23]
|   `--NEWLINE -> \n [20:30]
|--JAVADOC_TAG -> JAVADOC_TAG [21:0]
|   |--SEE_LITERAL -> @see [21:0]
|   |--WS ->   [21:4]
|   |--REFERENCE -> REFERENCE [21:5]
|   |   |--PACKAGE_CLASS -> java.lang.Integer [21:5]
|   |   |--HASH -> # [21:22]
|   |   `--MEMBER -> MAX_VALUE [21:23]
|   `--NEWLINE -> \n [21:32]
|--JAVADOC_TAG -> JAVADOC_TAG [22:0]
|   |--SEE_LITERAL -> @see [22:0]
|   |--WS ->   [22:4]
|   |--REFERENCE -> REFERENCE [22:5]
|   |   |--PACKAGE_CLASS -> java.lang.Integer [22:5]
|   |   |--HASH -> # [22:22]
|   |   `--MEMBER -> valueOf [22:23]
|   |--WS ->   [22:30]
|   `--DESCRIPTION -> DESCRIPTION [22:31]
|       |--TEXT -> valueOf method [22:31]
|       `--NEWLINE -> \n [22:45]
|--JAVADOC_TAG -> JAVADOC_TAG [23:0]
|   |--SEE_LITERAL -> @see [23:0]
|   |--WS ->   [23:4]
|   |--REFERENCE -> REFERENCE [23:5]
|   |   |--PACKAGE_CLASS -> java.lang.Integer [23:5]
|   |   |--HASH -> # [23:22]
|   |   `--MEMBER -> Integer [23:23]
|   |--WS ->   [23:30]
|   `--DESCRIPTION -> DESCRIPTION [23:31]
|       |--TEXT -> Integer [23:31]
|       `--NEWLINE -> \n [23:38]
|--JAVADOC_TAG -> JAVADOC_TAG [24:0]
|   |--SEE_LITERAL -> @see [24:0]
|   |--WS ->   [24:4]
|   |--REFERENCE -> REFERENCE [24:5]
|   |   |--PACKAGE_CLASS -> java.lang.Integer [24:5]
|   |   |--HASH -> # [24:22]
|   |   `--MEMBER -> MAX_VALUE [24:23]
|   |--WS ->   [24:32]
|   `--DESCRIPTION -> DESCRIPTION [24:33]
|       |--TEXT -> maxValue [24:33]
|       `--NEWLINE -> \n [24:41]
|--JAVADOC_TAG -> JAVADOC_TAG [25:0]
|   |--SEE_LITERAL -> @see [25:0]
|   |--WS ->   [25:4]
|   |--REFERENCE -> REFERENCE [25:5]
|   |   |--PACKAGE_CLASS -> java.lang.Integer [25:5]
|   |   |--HASH -> # [25:22]
|   |   `--MEMBER -> intValue [25:23]
|   |--WS ->   [25:31]
|   `--DESCRIPTION -> DESCRIPTION [25:32]
|       |--TEXT -> method [25:32]
|       `--NEWLINE -> \n [25:38]
|--JAVADOC_TAG -> JAVADOC_TAG [26:0]
|   |--SEE_LITERAL -> @see [26:0]
|   |--WS ->   [26:4]
|   |--REFERENCE -> REFERENCE [26:5]
|   |   |--PACKAGE_CLASS -> java.lang.Integer [26:5]
|   |   |--HASH -> # [26:22]
|   |   |--MEMBER -> intValue [26:23]
|   |   `--PARAMETERS -> PARAMETERS [26:31]
|   |       |--LEFT_BRACE -> ( [26:31]
|   |       `--RIGHT_BRACE -> ) [26:32]
|   |--WS ->   [26:33]
|   `--DESCRIPTION -> DESCRIPTION [26:34]
|       |--TEXT -> method [26:34]
|       `--NEWLINE -> \n [26:40]
|--JAVADOC_TAG -> JAVADOC_TAG [27:0]
|   |--SEE_LITERAL -> @see [27:0]
|   |--WS ->   [27:4]
|   |--REFERENCE -> REFERENCE [27:5]
|   |   |--PACKAGE_CLASS -> java.lang.Void [27:5]
|   |   |--HASH -> # [27:19]
|   |   `--MEMBER -> Void [27:20]
|   |--WS ->   [27:24]
|   `--DESCRIPTION -> DESCRIPTION [27:25]
|       |--TEXT -> constructor [27:25]
|       `--NEWLINE -> \n [27:36]
|--JAVADOC_TAG -> JAVADOC_TAG [28:0]
|   |--SEE_LITERAL -> @see [28:0]
|   |--WS ->   [28:4]
|   |--REFERENCE -> REFERENCE [28:5]
|   |   |--PACKAGE_CLASS -> java.lang.Void [28:5]
|   |   |--HASH -> # [28:19]
|   |   |--MEMBER -> Void [28:20]
|   |   `--PARAMETERS -> PARAMETERS [28:24]
|   |       |--LEFT_BRACE -> ( [28:24]
|   |       `--RIGHT_BRACE -> ) [28:25]
|   |--WS ->   [28:26]
|   `--DESCRIPTION -> DESCRIPTION [28:27]
|       |--TEXT -> constructor [28:27]
|       `--NEWLINE -> \n [28:38]
|--JAVADOC_TAG -> JAVADOC_TAG [29:0]
|   |--SEE_LITERAL -> @see [29:0]
|   |--WS ->   [29:4]
|   |--REFERENCE -> REFERENCE [29:5]
|   |   |--PACKAGE_CLASS -> java.lang.Integer [29:5]
|   |   |--HASH -> # [29:22]
|   |   |--MEMBER -> valueOf [29:23]
|   |   `--PARAMETERS -> PARAMETERS [29:30]
|   |       |--LEFT_BRACE -> ( [29:30]
|   |       |--ARGUMENT -> String [29:31]
|   |       `--RIGHT_BRACE -> ) [29:37]
|   |--WS ->   [29:38]
|   `--DESCRIPTION -> DESCRIPTION [29:39]
|       |--TEXT -> method [29:39]
|       `--NEWLINE -> \n [29:45]
|--JAVADOC_TAG -> JAVADOC_TAG [30:0]
|   |--SEE_LITERAL -> @see [30:0]
|   |--WS ->   [30:4]
|   |--REFERENCE -> REFERENCE [30:5]
|   |   |--PACKAGE_CLASS -> java.lang.Integer [30:5]
|   |   |--HASH -> # [30:22]
|   |   |--MEMBER -> toString [30:23]
|   |   `--PARAMETERS -> PARAMETERS [30:31]
|   |       |--LEFT_BRACE -> ( [30:31]
|   |       |--ARGUMENT -> int [30:32]
|   |       |--COMMA -> , [30:35]
|   |       |--ARGUMENT -> int [30:36]
|   |       `--RIGHT_BRACE -> ) [30:39]
|   |--WS ->   [30:40]
|   `--DESCRIPTION -> DESCRIPTION [30:41]
|       |--TEXT -> method [30:41]
|       `--NEWLINE -> \n [30:47]
|--JAVADOC_TAG -> JAVADOC_TAG [31:0]
|   |--SEE_LITERAL -> @see [31:0]
|   |--WS ->   [31:4]
|   |--REFERENCE -> REFERENCE [31:5]
|   |   |--PACKAGE_CLASS -> java.lang.Integer [31:5]
|   |   |--HASH -> # [31:22]
|   |   |--MEMBER -> toString [31:23]
|   |   `--PARAMETERS -> PARAMETERS [31:31]
|   |       |--LEFT_BRACE -> ( [31:31]
|   |       |--ARGUMENT -> int [31:32]
|   |       |--COMMA -> , [31:35]
|   |       |--WS ->   [31:36]
|   |       |--ARGUMENT -> int [31:37]
|   |       `--RIGHT_BRACE -> ) [31:40]
|   |--WS ->   [31:41]
|   `--DESCRIPTION -> DESCRIPTION [31:42]
|       |--TEXT -> method [31:42]
|       `--NEWLINE -> \n [31:48]
|--JAVADOC_TAG -> JAVADOC_TAG [32:0]
|   |--SEE_LITERAL -> @see [32:0]
|   |--WS ->   [32:4]
|   |--REFERENCE -> REFERENCE [32:5]
|   |   |--HASH -> # [32:5]
|   |   `--MEMBER -> field [32:6]
|   `--NEWLINE -> \n [32:11]
|--JAVADOC_TAG -> JAVADOC_TAG [33:0]
|   |--SEE_LITERAL -> @see [33:0]
|   |--WS ->   [33:4]
|   |--REFERENCE -> REFERENCE [33:5]
|   |   |--HASH -> # [33:5]
|   |   |--MEMBER -> method [33:6]
|   |   `--PARAMETERS -> PARAMETERS [33:12]
|   |       |--LEFT_BRACE -> ( [33:12]
|   |       |--ARGUMENT -> Type [33:13]
|   |       |--COMMA -> , [33:17]
|   |       |--WS ->   [33:18]
|   |       |--ARGUMENT -> Type [33:19]
|   |       `--RIGHT_BRACE -> ) [33:23]
|   `--NEWLINE -> \n [33:24]
|--JAVADOC_TAG -> JAVADOC_TAG [34:0]
|   |--SEE_LITERAL -> @see [34:0]
|   |--WS ->   [34:4]
|   |--REFERENCE -> REFERENCE [34:5]
|   |   |--HASH -> # [34:5]
|   |   |--MEMBER -> method [34:6]
|   |   `--PARAMETERS -> PARAMETERS [34:12]
|   |       |--LEFT_BRACE -> ( [34:12]
|   |       |--ARGUMENT -> Type [34:13]
|   |       |--WS ->   [34:17]
|   |       |--ARGUMENT -> argname [34:18]
|   |       |--COMMA -> , [34:25]
|   |       |--WS ->   [34:26]
|   |       |--ARGUMENT -> Type [34:27]
|   |       |--WS ->   [34:31]
|   |       |--ARGUMENT -> argname [34:32]
|   |       `--RIGHT_BRACE -> ) [34:39]
|   `--NEWLINE -> \n [34:40]
|--JAVADOC_TAG -> JAVADOC_TAG [35:0]
|   |--SEE_LITERAL -> @see [35:0]
|   |--WS ->   [35:4]
|   |--REFERENCE -> REFERENCE [35:5]
|   |   |--HASH -> # [35:5]
|   |   |--MEMBER -> constructor [35:6]
|   |   `--PARAMETERS -> PARAMETERS [35:17]
|   |       |--LEFT_BRACE -> ( [35:17]
|   |       |--ARGUMENT -> Type [35:18]
|   |       |--COMMA -> , [35:22]
|   |       |--WS ->   [35:23]
|   |       |--ARGUMENT -> Type [35:24]
|   |       `--RIGHT_BRACE -> ) [35:28]
|   `--NEWLINE -> \n [35:29]
|--JAVADOC_TAG -> JAVADOC_TAG [36:0]
|   |--SEE_LITERAL -> @see [36:0]
|   |--WS ->   [36:4]
|   |--REFERENCE -> REFERENCE [36:5]
|   |   |--HASH -> # [36:5]
|   |   |--MEMBER -> constructor [36:6]
|   |   `--PARAMETERS -> PARAMETERS [36:17]
|   |       |--LEFT_BRACE -> ( [36:17]
|   |       |--ARGUMENT -> Type [36:18]
|   |       |--WS ->   [36:22]
|   |       |--ARGUMENT -> argname [36:23]
|   |       |--COMMA -> , [36:30]
|   |       |--WS ->   [36:31]
|   |       |--ARGUMENT -> Type [36:32]
|   |       |--WS ->   [36:36]
|   |       |--ARGUMENT -> argname [36:37]
|   |       `--RIGHT_BRACE -> ) [36:44]
|   `--NEWLINE -> \n [36:45]
|--JAVADOC_TAG -> JAVADOC_TAG [37:0]
|   |--SEE_LITERAL -> @see [37:0]
|   |--WS ->   [37:4]
|   |--REFERENCE -> REFERENCE [37:5]
|   |   |--PACKAGE_CLASS -> Class [37:5]
|   |   |--HASH -> # [37:10]
|   |   `--MEMBER -> field [37:11]
|   `--NEWLINE -> \n [37:16]
|--JAVADOC_TAG -> JAVADOC_TAG [38:0]
|   |--SEE_LITERAL -> @see [38:0]
|   |--WS ->   [38:4]
|   |--REFERENCE -> REFERENCE [38:5]
|   |   |--PACKAGE_CLASS -> Class [38:5]
|   |   |--HASH -> # [38:10]
|   |   |--MEMBER -> method [38:11]
|   |   `--PARAMETERS -> PARAMETERS [38:17]
|   |       |--LEFT_BRACE -> ( [38:17]
|   |       |--ARGUMENT -> Type [38:18]
|   |       |--COMMA -> , [38:22]
|   |       |--WS ->   [38:23]
|   |       |--ARGUMENT -> Type [38:24]
|   |       |--COMMA -> , [38:28]
|   |       |--WS ->   [38:29]
|   |       |--ARGUMENT -> Type [38:30]
|   |       `--RIGHT_BRACE -> ) [38:34]
|   `--NEWLINE -> \n [38:35]
|--JAVADOC_TAG -> JAVADOC_TAG [39:0]
|   |--SEE_LITERAL -> @see [39:0]
|   |--WS ->   [39:4]
|   |--REFERENCE -> REFERENCE [39:5]
|   |   |--PACKAGE_CLASS -> Class [39:5]
|   |   |--HASH -> # [39:10]
|   |   |--MEMBER -> method [39:11]
|   |   `--PARAMETERS -> PARAMETERS [39:17]
|   |       |--LEFT_BRACE -> ( [39:17]
|   |       |--ARGUMENT -> Type [39:18]
|   |       |--WS ->   [39:22]
|   |       |--ARGUMENT -> argname [39:23]
|   |       |--COMMA -> , [39:30]
|   |       |--WS ->   [39:31]
|   |       |--ARGUMENT -> Type [39:32]
|   |       |--WS ->   [39:36]
|   |       |--ARGUMENT -> argname [39:37]
|   |       `--RIGHT_BRACE -> ) [39:44]
|   `--NEWLINE -> \n [39:45]
|--JAVADOC_TAG -> JAVADOC_TAG [40:0]
|   |--SEE_LITERAL -> @see [40:0]
|   |--WS ->   [40:4]
|   |--REFERENCE -> REFERENCE [40:5]
|   |   |--PACKAGE_CLASS -> Class [40:5]
|   |   |--HASH -> # [40:10]
|   |   |--MEMBER -> constructor [40:11]
|   |   `--PARAMETERS -> PARAMETERS [40:22]
|   |       |--LEFT_BRACE -> ( [40:22]
|   |       |--ARGUMENT -> Type [40:23]
|   |       |--COMMA -> , [40:27]
|   |       |--WS ->   [40:28]
|   |       |--ARGUMENT -> Type [40:29]
|   |       `--RIGHT_BRACE -> ) [40:33]
|   `--NEWLINE -> \n [40:34]
|--JAVADOC_TAG -> JAVADOC_TAG [41:0]
|   |--SEE_LITERAL -> @see [41:0]
|   |--WS ->   [41:4]
|   |--REFERENCE -> REFERENCE [41:5]
|   |   |--PACKAGE_CLASS -> Class [41:5]
|   |   |--HASH -> # [41:10]
|   |   |--MEMBER -> constructor [41:11]
|   |   `--PARAMETERS -> PARAMETERS [41:22]
|   |       |--LEFT_BRACE -> ( [41:22]
|   |       |--ARGUMENT -> Type [41:23]
|   |       |--WS ->   [41:27]
|   |       |--ARGUMENT -> argname [41:28]
|   |       |--COMMA -> , [41:35]
|   |       |--WS ->   [41:36]
|   |       |--ARGUMENT -> Type [41:37]
|   |       |--WS ->   [41:41]
|   |       |--ARGUMENT -> argname [41:42]
|   |       `--RIGHT_BRACE -> ) [41:49]
|   `--NEWLINE -> \n [41:50]
|--JAVADOC_TAG -> JAVADOC_TAG [42:0]
|   |--SEE_LITERAL -> @see [42:0]
|   |--WS ->   [42:4]
|   |--REFERENCE -> REFERENCE [42:5]
|   |   `--PACKAGE_CLASS -> Class.NestedClass [42:5]
|   `--NEWLINE -> \n [42:22]
|--JAVADOC_TAG -> JAVADOC_TAG [43:0]
|   |--SEE_LITERAL -> @see [43:0]
|   |--WS ->   [43:4]
|   |--REFERENCE -> REFERENCE [43:5]
|   |   `--PACKAGE_CLASS -> Class [43:5]
|   `--NEWLINE -> \n [43:10]
|--JAVADOC_TAG -> JAVADOC_TAG [44:0]
|   |--SEE_LITERAL -> @see [44:0]
|   |--WS ->   [44:4]
|   |--REFERENCE -> REFERENCE [44:5]
|   |   |--PACKAGE_CLASS -> com.github.checkstyle.Class [44:5]
|   |   |--HASH -> # [44:32]
|   |   `--MEMBER -> field [44:33]
|   `--NEWLINE -> \n [44:38]
|--JAVADOC_TAG -> JAVADOC_TAG [45:0]
|   |--SEE_LITERAL -> @see [45:0]
|   |--WS ->   [45:4]
|   |--REFERENCE -> REFERENCE [45:5]
|   |   |--PACKAGE_CLASS -> com.github.checkstyle.Class [45:5]
|   |   |--HASH -> # [45:32]
|   |   |--MEMBER -> method [45:33]
|   |   `--PARAMETERS -> PARAMETERS [45:39]
|   |       |--LEFT_BRACE -> ( [45:39]
|   |       |--ARGUMENT -> Type [45:40]
|   |       |--COMMA -> , [45:44]
|   |       |--WS ->   [45:45]
|   |       |--ARGUMENT -> Type [45:46]
|   |       `--RIGHT_BRACE -> ) [45:50]
|   `--NEWLINE -> \n [45:51]
|--JAVADOC_TAG -> JAVADOC_TAG [46:0]
|   |--SEE_LITERAL -> @see [46:0]
|   |--WS ->   [46:4]
|   |--REFERENCE -> REFERENCE [46:5]
|   |   |--PACKAGE_CLASS -> com.github.checkstyle.Class [46:5]
|   |   |--HASH -> # [46:32]
|   |   |--MEMBER -> method [46:33]
|   |   `--PARAMETERS -> PARAMETERS [46:39]
|   |       |--LEFT_BRACE -> ( [46:39]
|   |       |--ARGUMENT -> Type [46:40]
|   |       |--WS ->   [46:44]
|   |       |--ARGUMENT -> argname [46:45]
|   |       |--COMMA -> , [46:52]
|   |       |--WS ->   [46:53]
|   |       |--ARGUMENT -> Type [46:54]
|   |       |--WS ->   [46:58]
|   |       |--ARGUMENT -> argname [46:59]
|   |       `--RIGHT_BRACE -> ) [46:66]
|   `--NEWLINE -> \n [46:67]
|--JAVADOC_TAG -> JAVADOC_TAG [47:0]
|   |--SEE_LITERAL -> @see [47:0]
|   |--WS ->   [47:4]
|   |--REFERENCE -> REFERENCE [47:5]
|   |   |--PACKAGE_CLASS -> com.github.checkstyle.Class [47:5]
|   |   |--HASH -> # [47:32]
|   |   |--MEMBER -> constructor [47:33]
|   |   `--PARAMETERS -> PARAMETERS [47:44]
|   |       |--LEFT_BRACE -> ( [47:44]
|   |       |--ARGUMENT -> Type [47:45]
|   |       |--COMMA -> , [47:49]
|   |       |--WS ->   [47:50]
|   |       |--ARGUMENT -> Type [47:51]
|   |       `--RIGHT_BRACE -> ) [47:55]
|   `--NEWLINE -> \n [47:56]
|--JAVADOC_TAG -> JAVADOC_TAG [48:0]
|   |--SEE_LITERAL -> @see [48:0]
|   |--WS ->   [48:4]
|   |--REFERENCE -> REFERENCE [48:5]
|   |   |--PACKAGE_CLASS -> com.github.checkstyle.Class [48:5]
|   |   |--HASH -> # [48:32]
|   |   |--MEMBER -> constructor [48:33]
|   |   `--PARAMETERS -> PARAMETERS [48:44]
|   |       |--LEFT_BRACE -> ( [48:44]
|   |       |--ARGUMENT -> Type [48:45]
|   |       |--WS ->   [48:49]
|   |       |--ARGUMENT -> argname [48:50]
|   |       |--COMMA -> , [48:57]
|   |       |--WS ->   [48:58]
|   |       |--ARGUMENT -> Type [48:59]
|   |       |--WS ->   [48:63]
|   |       |--ARGUMENT -> argname [48:64]
|   |       `--RIGHT_BRACE -> ) [48:71]
|   `--NEWLINE -> \n [48:72]
|--JAVADOC_TAG -> JAVADOC_TAG [49:0]
|   |--SEE_LITERAL -> @see [49:0]
|   |--WS ->   [49:4]
|   |--REFERENCE -> REFERENCE [49:5]
|   |   `--PACKAGE_CLASS -> com.github.checkstyle.Class.NestedClass [49:5]
|   `--NEWLINE -> \n [49:44]
|--JAVADOC_TAG -> JAVADOC_TAG [50:0]
|   |--SEE_LITERAL -> @see [50:0]
|   |--WS ->   [50:4]
|   |--REFERENCE -> REFERENCE [50:5]
|   |   `--PACKAGE_CLASS -> com.github.checkstyle.Class [50:5]
|   `--NEWLINE -> \n [50:32]
|--JAVADOC_TAG -> JAVADOC_TAG [51:0]
|   |--SEE_LITERAL -> @see [51:0]
|   |--WS ->   [51:4]
|   |--REFERENCE -> REFERENCE [51:5]
|   |   `--PACKAGE_CLASS -> com.github.checkstyle [51:5]
|   `--NEWLINE -> \n [51:26]
|--JAVADOC_TAG -> JAVADOC_TAG [52:0]
|   |--SERIAL_LITERAL -> @serial [52:0]
|   |--WS ->   [52:7]
|   `--DESCRIPTION -> DESCRIPTION [52:8]
|       |--TEXT -> field description [52:8]
|       |--NEWLINE -> \n [52:25]
|       |--TEXT -> on few lines [53:0]
|       |--NEWLINE -> \n [53:12]
|       |--TEXT -> and even here [54:0]
|       `--NEWLINE -> \n [54:13]
|--JAVADOC_TAG -> JAVADOC_TAG [55:0]
|   |--SERIAL_LITERAL -> @serial [55:0]
|   |--WS ->   [55:7]
|   |--LITERAL_INCLUDE -> include [55:8]
|   `--NEWLINE -> \n [55:15]
|--JAVADOC_TAG -> JAVADOC_TAG [56:0]
|   |--SERIAL_LITERAL -> @serial [56:0]
|   |--WS ->   [56:7]
|   |--LITERAL_EXCLUDE -> exclude [56:8]
|   `--NEWLINE -> \n [56:15]
|--JAVADOC_TAG -> JAVADOC_TAG [57:0]
|   |--SERIAL_FIELD_LITERAL -> @serialField [57:0]
|   |--WS ->   [57:12]
|   |--FIELD_NAME -> myField [57:13]
|   |--WS ->   [57:20]
|   |--FIELD_TYPE -> myObjectStreamField [57:21]
|   |--WS ->   [57:40]
|   `--DESCRIPTION -> DESCRIPTION [57:41]
|       |--TEXT -> description of my serial field [57:41]
|       `--NEWLINE -> \n [57:71]
|--JAVADOC_TAG -> JAVADOC_TAG [58:0]
|   |--SERIAL_DATA_LITERAL -> @serialData [58:0]
|   |--WS ->   [58:11]
|   `--DESCRIPTION -> DESCRIPTION [58:12]
|       |--TEXT -> The data-description documents the types. [58:12]
|       `--NEWLINE -> \n [58:53]
|--JAVADOC_TAG -> JAVADOC_TAG [59:0]
|   |--SINCE_LITERAL -> @since [59:0]
|   |--WS ->   [59:6]
|   `--DESCRIPTION -> DESCRIPTION [59:7]
|       |--TEXT -> 1.5 [59:7]
|       `--NEWLINE -> \n [59:10]
|--JAVADOC_TAG -> JAVADOC_TAG [60:0]
|   |--SINCE_LITERAL -> @since [60:0]
|   |--WS ->   [60:6]
|   `--DESCRIPTION -> DESCRIPTION [60:7]
|       |--TEXT -> Release 3.4.5 [60:7]
|       `--NEWLINE -> \n [60:20]
|--JAVADOC_TAG -> JAVADOC_TAG [61:0]
|   |--THROWS_LITERAL -> @throws [61:0]
|   |--WS ->   [61:7]
|   |--CLASS_NAME -> IOException [61:8]
|   |--WS ->   [61:19]
|   `--DESCRIPTION -> DESCRIPTION [61:20]
|       |--TEXT -> throws exception if connection refused. [61:20]
|       `--NEWLINE -> \n [61:59]
|--JAVADOC_TAG -> JAVADOC_TAG [62:0]
|   |--VERSION_LITERAL -> @version [62:0]
|   |--WS ->   [62:8]
|   `--DESCRIPTION -> DESCRIPTION [62:9]
|       |--TEXT -> 1.2 [62:9]
|       `--NEWLINE -> \n [62:12]
|--JAVADOC_TAG -> JAVADOC_TAG [63:0]
|   |--VERSION_LITERAL -> @version [63:0]
|   |--WS ->   [63:8]
|   `--DESCRIPTION -> DESCRIPTION [63:9]
|       `--TEXT -> Release 1.1.1 [63:9]
`--EOF -> <EOF> [63:22]]
>
	at com.puppycrawl.tools.checkstyle.grammar.javadoc.JavadocParseTreeTest.testAllStandardJavadocTags(JavadocParseTreeTest.java:218)
]]></failure>
  </testcase>
  <testcase name="testAttributeValueWithoutQuotes" classname="com.puppycrawl.tools.checkstyle.grammar.javadoc.JavadocParseTreeTest" time="0">
    <failure message="Generated tree from the javadoc file should match the pre-defined tree expected:&lt;...DOC -&gt; JAVADOC [0:0][&#10;|--HTML_ELEMENT -&gt; HTML_ELEMENT [0:0]&#10;|   `--HTML_TAG -&gt; HTML_TAG [0:0]&#10;|       |--HTML_ELEMENT_START -&gt; HTML_ELEMENT_START [0:0]&#10;|       |   |--START -&gt; &lt; [0:0]&#10;|       |   |--HTML_TAG_NAME -&gt; a [0:1]&#10;|       |   |--WS -&gt;   [0:2]&#10;|       |   |--ATTRIBUTE -&gt; ATTRIBUTE [0:3]&#10;|       |   |   |--HTML_TAG_NAME -&gt; href [0:3]&#10;|       |   |   |--EQUALS -&gt; = [0:7]&#10;|       |   |   `--ATTR_VALUE -&gt; http://www.ietf.org/rfc/rfc3758.txt [0:8]&#10;|       |   `--END -&gt; &gt; [0:44]&#10;|       |--TEXT -&gt; RFC 3758 [0:45]&#10;|       `--HTML_ELEMENT_END -&gt; HTML_ELEMENT_END [0:53]&#10;|           |--START -&gt; &lt; [0:53]&#10;|           |--SLASH -&gt; / [0:54]&#10;|           |--HTML_TAG_NAME -&gt; a [0:55]&#10;|           `--END -&gt; &gt; [0:56]&#10;|--TEXT -&gt; . [0:57]&#10;|--NEWLINE -&gt; \n [0:58]&#10;`--EOF -&gt; &lt;EOF&gt; [1:0]]&#10;&gt; but was:&lt;...DOC -&gt; JAVADOC [0:0][&#10;|--HTML_ELEMENT -&gt; HTML_ELEMENT [0:0]&#10;|   `--HTML_TAG -&gt; HTML_TAG [0:0]&#10;|       |--HTML_ELEMENT_START -&gt; HTML_ELEMENT_START [0:0]&#10;|       |   |--START -&gt; &lt; [0:0]&#10;|       |   |--HTML_TAG_NAME -&gt; a [0:1]&#10;|       |   |--WS -&gt;   [0:2]&#10;|       |   |--ATTRIBUTE -&gt; ATTRIBUTE [0:3]&#10;|       |   |   |--HTML_TAG_NAME -&gt; href [0:3]&#10;|       |   |   |--EQUALS -&gt; = [0:7]&#10;|       |   |   `--ATTR_VALUE -&gt; http://www.ietf.org/rfc/rfc3758.txt [0:8]&#10;|       |   `--END -&gt; &gt; [0:44]&#10;|       |--TEXT -&gt; RFC 3758 [0:45]&#10;|       `--HTML_ELEMENT_END -&gt; HTML_ELEMENT_END [0:53]&#10;|           |--START -&gt; &lt; [0:53]&#10;|           |--SLASH -&gt; / [0:54]&#10;|           |--HTML_TAG_NAME -&gt; a [0:55]&#10;|           `--END -&gt; &gt; [0:56]&#10;|--TEXT -&gt; . [0:57]&#10;|--NEWLINE -&gt; \n [0:58]&#10;`--EOF -&gt; &lt;EOF&gt; [1:0]&#13;]&#10;&gt;" type="org.junit.ComparisonFailure"><![CDATA[org.junit.ComparisonFailure: 
Generated tree from the javadoc file should match the pre-defined tree expected:<...DOC -> JAVADOC [0:0][
|--HTML_ELEMENT -> HTML_ELEMENT [0:0]
|   `--HTML_TAG -> HTML_TAG [0:0]
|       |--HTML_ELEMENT_START -> HTML_ELEMENT_START [0:0]
|       |   |--START -> < [0:0]
|       |   |--HTML_TAG_NAME -> a [0:1]
|       |   |--WS ->   [0:2]
|       |   |--ATTRIBUTE -> ATTRIBUTE [0:3]
|       |   |   |--HTML_TAG_NAME -> href [0:3]
|       |   |   |--EQUALS -> = [0:7]
|       |   |   `--ATTR_VALUE -> http://www.ietf.org/rfc/rfc3758.txt [0:8]
|       |   `--END -> > [0:44]
|       |--TEXT -> RFC 3758 [0:45]
|       `--HTML_ELEMENT_END -> HTML_ELEMENT_END [0:53]
|           |--START -> < [0:53]
|           |--SLASH -> / [0:54]
|           |--HTML_TAG_NAME -> a [0:55]
|           `--END -> > [0:56]
|--TEXT -> . [0:57]
|--NEWLINE -> \n [0:58]
`--EOF -> <EOF> [1:0]]
> but was:<...DOC -> JAVADOC [0:0][
|--HTML_ELEMENT -> HTML_ELEMENT [0:0]
|   `--HTML_TAG -> HTML_TAG [0:0]
|       |--HTML_ELEMENT_START -> HTML_ELEMENT_START [0:0]
|       |   |--START -> < [0:0]
|       |   |--HTML_TAG_NAME -> a [0:1]
|       |   |--WS ->   [0:2]
|       |   |--ATTRIBUTE -> ATTRIBUTE [0:3]
|       |   |   |--HTML_TAG_NAME -> href [0:3]
|       |   |   |--EQUALS -> = [0:7]
|       |   |   `--ATTR_VALUE -> http://www.ietf.org/rfc/rfc3758.txt [0:8]
|       |   `--END -> > [0:44]
|       |--TEXT -> RFC 3758 [0:45]
|       `--HTML_ELEMENT_END -> HTML_ELEMENT_END [0:53]
|           |--START -> < [0:53]
|           |--SLASH -> / [0:54]
|           |--HTML_TAG_NAME -> a [0:55]
|           `--END -> > [0:56]
|--TEXT -> . [0:57]
|--NEWLINE -> \n [0:58]
`--EOF -> <EOF> [1:0]]
>
	at com.puppycrawl.tools.checkstyle.grammar.javadoc.JavadocParseTreeTest.testAttributeValueWithoutQuotes(JavadocParseTreeTest.java:206)
]]></failure>
  </testcase>
  <testcase name="testNonTightOptgroupHtmlTag" classname="com.puppycrawl.tools.checkstyle.grammar.javadoc.JavadocParseTreeTest" time="0.063">
    <failure message="Generated tree from the javadoc file should match the pre-defined tree expected:&lt;...DOC -&gt; JAVADOC [0:0][&#10;|--LEADING_ASTERISK -&gt; * [0:0]&#10;|--TEXT -&gt;   [0:1]&#10;|--HTML_ELEMENT -&gt; HTML_ELEMENT [0:2]&#10;|   `--OPTGROUP_TAG_END -&gt; OPTGROUP_TAG_END [0:2]&#10;|       |--START -&gt; &lt; [0:2]&#10;|       |--SLASH -&gt; / [0:3]&#10;|       |--OPTGROUP_HTML_TAG_NAME -&gt; optgroup [0:4]&#10;|       `--END -&gt; &gt; [0:12]&#10;|--TEXT -&gt;   [0:13]&#10;|--HTML_ELEMENT -&gt; HTML_ELEMENT [0:14]&#10;|   `--OPTGROUP_TAG_START -&gt; OPTGROUP_TAG_START [0:14]&#10;|       |--START -&gt; &lt; [0:14]&#10;|       |--OPTGROUP_HTML_TAG_NAME -&gt; optgroup [0:15]&#10;|       `--END -&gt; &gt; [0:23]&#10;|--NEWLINE -&gt; \n [0:24]&#10;|--LEADING_ASTERISK -&gt; * [1:0]&#10;|--TEXT -&gt;   [1:1]&#10;|--HTML_ELEMENT -&gt; HTML_ELEMENT [1:2]&#10;|   `--PARAGRAPH -&gt; PARAGRAPH [1:2]&#10;|       |--P_TAG_START -&gt; P_TAG_START [1:2]&#10;|       |   |--START -&gt; &lt; [1:2]&#10;|       |   |--P_HTML_TAG_NAME -&gt; p [1:3]&#10;|       |   `--END -&gt; &gt; [1:4]&#10;|       |--TEXT -&gt;   [1:5]&#10;|       |--OPTGROUP_TAG_START -&gt; OPTGROUP_TAG_START [1:6]&#10;|       |   |--START -&gt; &lt; [1:6]&#10;|       |   |--OPTGROUP_HTML_TAG_NAME -&gt; optgroup [1:7]&#10;|       |   `--END -&gt; &gt; [1:15]&#10;|       |--TEXT -&gt;   [1:16]&#10;|       `--P_TAG_END -&gt; P_TAG_END [1:17]&#10;|           |--START -&gt; &lt; [1:17]&#10;|           |--SLASH -&gt; / [1:18]&#10;|           |--P_HTML_TAG_NAME -&gt; p [1:19]&#10;|           `--END -&gt; &gt; [1:20]&#10;|--NEWLINE -&gt; \n [1:21]&#10;|--LEADING_ASTERISK -&gt; * [2:0]&#10;|--TEXT -&gt;   [2:1]&#10;|--HTML_ELEMENT -&gt; HTML_ELEMENT [2:2]&#10;|   `--LI -&gt; LI [2:2]&#10;|       |--LI_TAG_START -&gt; LI_TAG_START [2:2]&#10;|       |   |--START -&gt; &lt; [2:2]&#10;|       |   |--LI_HTML_TAG_NAME -&gt; li [2:3]&#10;|       |   `--END -&gt; &gt; [2:5]&#10;|       |--TEXT -&gt;   [2:6]&#10;|       |--OPTGROUP_TAG_START -&gt; OPTGROUP_TAG_START [2:7]&#10;|       |   |--START -&gt; &lt; [2:7]&#10;|       |   |--OPTGROUP_HTML_TAG_NAME -&gt; optgroup [2:8]&#10;|       |   `--END -&gt; &gt; [2:16]&#10;|       |--TEXT -&gt;   [2:17]&#10;|       `--LI_TAG_END -&gt; LI_TAG_END [2:18]&#10;|           |--START -&gt; &lt; [2:18]&#10;|           |--SLASH -&gt; / [2:19]&#10;|           |--LI_HTML_TAG_NAME -&gt; li [2:20]&#10;|           `--END -&gt; &gt; [2:22]&#10;|--NEWLINE -&gt; \n [2:23]&#10;|--LEADING_ASTERISK -&gt; * [3:0]&#10;|--TEXT -&gt;   [3:1]&#10;|--HTML_ELEMENT -&gt; HTML_ELEMENT [3:2]&#10;|   `--TR -&gt; TR [3:2]&#10;|       |--TR_TAG_START -&gt; TR_TAG_START [3:2]&#10;|       |   |--START -&gt; &lt; [3:2]&#10;|       |   |--TR_HTML_TAG_NAME -&gt; tr [3:3]&#10;|       |   `--END -&gt; &gt; [3:5]&#10;|       |--TEXT -&gt;   [3:6]&#10;|       |--OPTGROUP_TAG_START -&gt; OPTGROUP_TAG_START [3:7]&#10;|       |   |--START -&gt; &lt; [3:7]&#10;|       |   |--OPTGROUP_HTML_TAG_NAME -&gt; optgroup [3:8]&#10;|       |   `--END -&gt; &gt; [3:16]&#10;|       |--TEXT -&gt;   [3:17]&#10;|       `--TR_TAG_END -&gt; TR_TAG_END [3:18]&#10;|           |--START -&gt; &lt; [3:18]&#10;|           |--SLASH -&gt; / [3:19]&#10;|           |--TR_HTML_TAG_NAME -&gt; tr [3:20]&#10;|           `--END -&gt; &gt; [3:22]&#10;|--NEWLINE -&gt; \n [3:23]&#10;|--LEADING_ASTERISK -&gt; * [4:0]&#10;|--TEXT -&gt;   [4:1]&#10;|--HTML_ELEMENT -&gt; HTML_ELEMENT [4:2]&#10;|   `--TD -&gt; TD [4:2]&#10;|       |--TD_TAG_START -&gt; TD_TAG_START [4:2]&#10;|       |   |--START -&gt; &lt; [4:2]&#10;|       |   |--TD_HTML_TAG_NAME -&gt; td [4:3]&#10;|       |   `--END -&gt; &gt; [4:5]&#10;|       |--TEXT -&gt;   [4:6]&#10;|       |--OPTGROUP_TAG_START -&gt; OPTGROUP_TAG_START [4:7]&#10;|       |   |--START -&gt; &lt; [4:7]&#10;|       |   |--OPTGROUP_HTML_TAG_NAME -&gt; optgroup [4:8]&#10;|       |   `--END -&gt; &gt; [4:16]&#10;|       |--TEXT -&gt;   [4:17]&#10;|       `--TD_TAG_END -&gt; TD_TAG_END [4:18]&#10;|           |--START -&gt; &lt; [4:18]&#10;|           |--SLASH -&gt; / [4:19]&#10;|           |--TD_HTML_TAG_NAME -&gt; td [4:20]&#10;|           `--END -&gt; &gt; [4:22]&#10;|--NEWLINE -&gt; \n [4:23]&#10;|--LEADING_ASTERISK -&gt; * [5:0]&#10;|--TEXT -&gt;   [5:1]&#10;|--HTML_ELEMENT -&gt; HTML_ELEMENT [5:2]&#10;|   `--TH -&gt; TH [5:2]&#10;|       |--TH_TAG_START -&gt; TH_TAG_START [5:2]&#10;|       |   |--START -&gt; &lt; [5:2]&#10;|       |   |--TH_HTML_TAG_NAME -&gt; th [5:3]&#10;|       |   `--END -&gt; &gt; [5:5]&#10;|       |--TEXT -&gt;   [5:6]&#10;|       |--OPTGROUP_TAG_START -&gt; OPTGROUP_TAG_START [5:7]&#10;|       |   |--START -&gt; &lt; [5:7]&#10;|       |   |--OPTGROUP_HTML_TAG_NAME -&gt; optgroup [5:8]&#10;|       |   `--END -&gt; &gt; [5:16]&#10;|       |--TEXT -&gt;   [5:17]&#10;|       `--TH_TAG_END -&gt; TH_TAG_END [5:18]&#10;|           |--START -&gt; &lt; [5:18]&#10;|           |--SLASH -&gt; / [5:19]&#10;|           |--TH_HTML_TAG_NAME -&gt; th [5:20]&#10;|           `--END -&gt; &gt; [5:22]&#10;|--NEWLINE -&gt; \n [5:23]&#10;|--LEADING_ASTERISK -&gt; * [6:0]&#10;|--TEXT -&gt;   [6:1]&#10;|--HTML_ELEMENT -&gt; HTML_ELEMENT [6:2]&#10;|   `--BODY -&gt; BODY [6:2]&#10;|       |--BODY_TAG_START -&gt; BODY_TAG_START [6:2]&#10;|       |   |--START -&gt; &lt; [6:2]&#10;|       |   |--BODY_HTML_TAG_NAME -&gt; body [6:3]&#10;|       |   `--END -&gt; &gt; [6:7]&#10;|       |--TEXT -&gt;   [6:8]&#10;|       |--OPTGROUP_TAG_START -&gt; OPTGROUP_TAG_START [6:9]&#10;|       |   |--START -&gt; &lt; [6:9]&#10;|       |   |--OPTGROUP_HTML_TAG_NAME -&gt; optgroup [6:10]&#10;|       |   `--END -&gt; &gt; [6:18]&#10;|       |--TEXT -&gt;   [6:19]&#10;|       `--BODY_TAG_END -&gt; BODY_TAG_END [6:20]&#10;|           |--START -&gt; &lt; [6:20]&#10;|           |--SLASH -&gt; / [6:21]&#10;|           |--BODY_HTML_TAG_NAME -&gt; body [6:22]&#10;|           `--END -&gt; &gt; [6:26]&#10;|--NEWLINE -&gt; \n [6:27]&#10;|--LEADING_ASTERISK -&gt; * [7:0]&#10;|--TEXT -&gt;   [7:1]&#10;|--HTML_ELEMENT -&gt; HTML_ELEMENT [7:2]&#10;|   `--COLGROUP -&gt; COLGROUP [7:2]&#10;|       |--COLGROUP_TAG_START -&gt; COLGROUP_TAG_START [7:2]&#10;|       |   |--START -&gt; &lt; [7:2]&#10;|       |   |--COLGROUP_HTML_TAG_NAME -&gt; colgroup [7:3]&#10;|       |   `--END -&gt; &gt; [7:11]&#10;|       |--TEXT -&gt;   [7:12]&#10;|       |--OPTGROUP_TAG_START -&gt; OPTGROUP_TAG_START [7:13]&#10;|       |   |--START -&gt; &lt; [7:13]&#10;|       |   |--OPTGROUP_HTML_TAG_NAME -&gt; optgroup [7:14]&#10;|       |   `--END -&gt; &gt; [7:22]&#10;|       |--TEXT -&gt;   [7:23]&#10;|       `--COLGROUP_TAG_END -&gt; COLGROUP_TAG_END [7:24]&#10;|           |--START -&gt; &lt; [7:24]&#10;|           |--SLASH -&gt; / [7:25]&#10;|           |--COLGROUP_HTML_TAG_NAME -&gt; colgroup [7:26]&#10;|           `--END -&gt; &gt; [7:34]&#10;|--NEWLINE -&gt; \n [7:35]&#10;|--LEADING_ASTERISK -&gt; * [8:0]&#10;|--TEXT -&gt;   [8:1]&#10;|--HTML_ELEMENT -&gt; HTML_ELEMENT [8:2]&#10;|   `--DD -&gt; DD [8:2]&#10;|       |--DD_TAG_START -&gt; DD_TAG_START [8:2]&#10;|       |   |--START -&gt; &lt; [8:2]&#10;|       |   |--DD_HTML_TAG_NAME -&gt; dd [8:3]&#10;|       |   `--END -&gt; &gt; [8:5]&#10;|       |--TEXT -&gt;   [8:6]&#10;|       |--OPTGROUP_TAG_START -&gt; OPTGROUP_TAG_START [8:7]&#10;|       |   |--START -&gt; &lt; [8:7]&#10;|       |   |--OPTGROUP_HTML_TAG_NAME -&gt; optgroup [8:8]&#10;|       |   `--END -&gt; &gt; [8:16]&#10;|       |--TEXT -&gt;   [8:17]&#10;|       `--DD_TAG_END -&gt; DD_TAG_END [8:18]&#10;|           |--START -&gt; &lt; [8:18]&#10;|           |--SLASH -&gt; / [8:19]&#10;|           |--DD_HTML_TAG_NAME -&gt; dd [8:20]&#10;|           `--END -&gt; &gt; [8:22]&#10;|--NEWLINE -&gt; \n [8:23]&#10;|--LEADING_ASTERISK -&gt; * [9:0]&#10;|--TEXT -&gt;   [9:1]&#10;|--HTML_ELEMENT -&gt; HTML_ELEMENT [9:2]&#10;|   `--DT -&gt; DT [9:2]&#10;|       |--DT_TAG_START -&gt; DT_TAG_START [9:2]&#10;|       |   |--START -&gt; &lt; [9:2]&#10;|       |   |--DT_HTML_TAG_NAME -&gt; dt [9:3]&#10;|       |   `--END -&gt; &gt; [9:5]&#10;|       |--TEXT -&gt;   [9:6]&#10;|       |--OPTGROUP_TAG_START -&gt; OPTGROUP_TAG_START [9:7]&#10;|       |   |--START -&gt; &lt; [9:7]&#10;|       |   |--OPTGROUP_HTML_TAG_NAME -&gt; optgroup [9:8]&#10;|       |   `--END -&gt; &gt; [9:16]&#10;|       |--TEXT -&gt;   [9:17]&#10;|       `--DT_TAG_END -&gt; DT_TAG_END [9:18]&#10;|           |--START -&gt; &lt; [9:18]&#10;|           |--SLASH -&gt; / [9:19]&#10;|           |--DT_HTML_TAG_NAME -&gt; dt [9:20]&#10;|           `--END -&gt; &gt; [9:22]&#10;|--NEWLINE -&gt; \n [9:23]&#10;|--LEADING_ASTERISK -&gt; * [10:0]&#10;|--TEXT -&gt;   [10:1]&#10;|--HTML_ELEMENT -&gt; HTML_ELEMENT [10:2]&#10;|   `--HEAD -&gt; HEAD [10:2]&#10;|       |--HEAD_TAG_START -&gt; HEAD_TAG_START [10:2]&#10;|       |   |--START -&gt; &lt; [10:2]&#10;|       |   |--HEAD_HTML_TAG_NAME -&gt; head [10:3]&#10;|       |   `--END -&gt; &gt; [10:7]&#10;|       |--TEXT -&gt;   [10:8]&#10;|       |--OPTGROUP_TAG_START -&gt; OPTGROUP_TAG_START [10:9]&#10;|       |   |--START -&gt; &lt; [10:9]&#10;|       |   |--OPTGROUP_HTML_TAG_NAME -&gt; optgroup [10:10]&#10;|       |   `--END -&gt; &gt; [10:18]&#10;|       |--TEXT -&gt;   [10:19]&#10;|       `--HEAD_TAG_END -&gt; HEAD_TAG_END [10:20]&#10;|           |--START -&gt; &lt; [10:20]&#10;|           |--SLASH -&gt; / [10:21]&#10;|           |--HEAD_HTML_TAG_NAME -&gt; head [10:22]&#10;|           `--END -&gt; &gt; [10:26]&#10;|--NEWLINE -&gt; \n [10:27]&#10;|--LEADING_ASTERISK -&gt; * [11:0]&#10;|--TEXT -&gt;   [11:1]&#10;|--HTML_ELEMENT -&gt; HTML_ELEMENT [11:2]&#10;|   `--HTML -&gt; HTML [11:2]&#10;|       |--HTML_TAG_START -&gt; HTML_TAG_START [11:2]&#10;|       |   |--START -&gt; &lt; [11:2]&#10;|       |   |--HTML_HTML_TAG_NAME -&gt; html [11:3]&#10;|       |   `--END -&gt; &gt; [11:7]&#10;|       |--TEXT -&gt;   [11:8]&#10;|       |--OPTGROUP_TAG_START -&gt; OPTGROUP_TAG_START [11:9]&#10;|       |   |--START -&gt; &lt; [11:9]&#10;|       |   |--OPTGROUP_HTML_TAG_NAME -&gt; optgroup [11:10]&#10;|       |   `--END -&gt; &gt; [11:18]&#10;|       |--TEXT -&gt;   [11:19]&#10;|       `--HTML_TAG_END -&gt; HTML_TAG_END [11:20]&#10;|           |--START -&gt; &lt; [11:20]&#10;|           |--SLASH -&gt; / [11:21]&#10;|           |--HTML_HTML_TAG_NAME -&gt; html [11:22]&#10;|           `--END -&gt; &gt; [11:26]&#10;|--NEWLINE -&gt; \n [11:27]&#10;|--LEADING_ASTERISK -&gt; * [12:0]&#10;|--TEXT -&gt;   [12:1]&#10;|--HTML_ELEMENT -&gt; HTML_ELEMENT [12:2]&#10;|   `--OPTION -&gt; OPTION [12:2]&#10;|       |--OPTION_TAG_START -&gt; OPTION_TAG_START [12:2]&#10;|       |   |--START -&gt; &lt; [12:2]&#10;|       |   |--OPTION_HTML_TAG_NAME -&gt; option [12:3]&#10;|       |   `--END -&gt; &gt; [12:9]&#10;|       |--TEXT -&gt;   [12:10]&#10;|       |--OPTGROUP_TAG_START -&gt; OPTGROUP_TAG_START [12:11]&#10;|       |   |--START -&gt; &lt; [12:11]&#10;|       |   |--OPTGROUP_HTML_TAG_NAME -&gt; optgroup [12:12]&#10;|       |   `--END -&gt; &gt; [12:20]&#10;|       |--TEXT -&gt;   [12:21]&#10;|       `--OPTION_TAG_END -&gt; OPTION_TAG_END [12:22]&#10;|           |--START -&gt; &lt; [12:22]&#10;|           |--SLASH -&gt; / [12:23]&#10;|           |--OPTION_HTML_TAG_NAME -&gt; option [12:24]&#10;|           `--END -&gt; &gt; [12:30]&#10;|--NEWLINE -&gt; \n [12:31]&#10;|--LEADING_ASTERISK -&gt; * [13:0]&#10;|--TEXT -&gt;   [13:1]&#10;|--HTML_ELEMENT -&gt; HTML_ELEMENT [13:2]&#10;|   `--TBODY -&gt; TBODY [13:2]&#10;|       |--TBODY_TAG_START -&gt; TBODY_TAG_START [13:2]&#10;|       |   |--START -&gt; &lt; [13:2]&#10;|       |   |--TBODY_HTML_TAG_NAME -&gt; tbody [13:3]&#10;|       |   `--END -&gt; &gt; [13:8]&#10;|       |--TEXT -&gt;   [13:9]&#10;|       |--OPTGROUP_TAG_START -&gt; OPTGROUP_TAG_START [13:10]&#10;|       |   |--START -&gt; &lt; [13:10]&#10;|       |   |--OPTGROUP_HTML_TAG_NAME -&gt; optgroup [13:11]&#10;|       |   `--END -&gt; &gt; [13:19]&#10;|       |--TEXT -&gt;   [13:20]&#10;|       `--TBODY_TAG_END -&gt; TBODY_TAG_END [13:21]&#10;|           |--START -&gt; &lt; [13:21]&#10;|           |--SLASH -&gt; / [13:22]&#10;|           |--TBODY_HTML_TAG_NAME -&gt; tbody [13:23]&#10;|           `--END -&gt; &gt; [13:28]&#10;|--NEWLINE -&gt; \n [13:29]&#10;|--LEADING_ASTERISK -&gt; * [14:0]&#10;|--TEXT -&gt;   [14:1]&#10;|--HTML_ELEMENT -&gt; HTML_ELEMENT [14:2]&#10;|   `--TFOOT -&gt; TFOOT [14:2]&#10;|       |--TFOOT_TAG_START -&gt; TFOOT_TAG_START [14:2]&#10;|       |   |--START -&gt; &lt; [14:2]&#10;|       |   |--TFOOT_HTML_TAG_NAME -&gt; tfoot [14:3]&#10;|       |   `--END -&gt; &gt; [14:8]&#10;|       |--TEXT -&gt;   [14:9]&#10;|       |--OPTGROUP_TAG_START -&gt; OPTGROUP_TAG_START [14:10]&#10;|       |   |--START -&gt; &lt; [14:10]&#10;|       |   |--OPTGROUP_HTML_TAG_NAME -&gt; optgroup [14:11]&#10;|       |   `--END -&gt; &gt; [14:19]&#10;|       |--TEXT -&gt;   [14:20]&#10;|       `--TFOOT_TAG_END -&gt; TFOOT_TAG_END [14:21]&#10;|           |--START -&gt; &lt; [14:21]&#10;|           |--SLASH -&gt; / [14:22]&#10;|           |--TFOOT_HTML_TAG_NAME -&gt; tfoot [14:23]&#10;|           `--END -&gt; &gt; [14:28]&#10;|--NEWLINE -&gt; \n [14:29]&#10;|--LEADING_ASTERISK -&gt; * [15:0]&#10;|--TEXT -&gt;   [15:1]&#10;|--HTML_ELEMENT -&gt; HTML_ELEMENT [15:2]&#10;|   `--OPTGROUP_TAG_START -&gt; OPTGROUP_TAG_START [15:2]&#10;|       |--START -&gt; &lt; [15:2]&#10;|       |--OPTGROUP_HTML_TAG_NAME -&gt; optgroup [15:3]&#10;|       |--WS -&gt;   [15:11]&#10;|       |--ATTRIBUTE -&gt; ATTRIBUTE [15:12]&#10;|       |   |--HTML_TAG_NAME -&gt; style [15:12]&#10;|       |   |--EQUALS -&gt; = [15:17]&#10;|       |   `--ATTR_VALUE -&gt; &quot;color:red&quot; [15:18]&#10;|       |--WS -&gt;      [15:29]&#10;|       |--NEWLINE -&gt; \n [15:33]&#10;|       |--LEADING_ASTERISK -&gt; * [16:0]&#10;|       |--NEWLINE -&gt; \n [16:1]&#10;|       |--LEADING_ASTERISK -&gt; * [17:0]&#10;|       |--WS -&gt;   [17:2]&#10;|       `--END -&gt; &gt; [17:3]&#10;|--TEXT -&gt;   [17:4]&#10;|--HTML_COMMENT -&gt; HTML_COMMENT [17:5]&#10;|   |--HTML_COMMENT_START -&gt; &lt;!-- [17:5]&#10;|   |--TEXT -&gt; HTML COMMENT [17:9]&#10;|   `--HTML_COMMENT_END -&gt; --&gt; [17:21]&#10;`--EOF -&gt; &lt;EOF&gt; [17:24]]&#10;&gt; but was:&lt;...DOC -&gt; JAVADOC [0:0][&#10;|--LEADING_ASTERISK -&gt; * [0:0]&#10;|--TEXT -&gt;   [0:1]&#10;|--HTML_ELEMENT -&gt; HTML_ELEMENT [0:2]&#10;|   `--OPTGROUP_TAG_END -&gt; OPTGROUP_TAG_END [0:2]&#10;|       |--START -&gt; &lt; [0:2]&#10;|       |--SLASH -&gt; / [0:3]&#10;|       |--OPTGROUP_HTML_TAG_NAME -&gt; optgroup [0:4]&#10;|       `--END -&gt; &gt; [0:12]&#10;|--TEXT -&gt;   [0:13]&#10;|--HTML_ELEMENT -&gt; HTML_ELEMENT [0:14]&#10;|   `--OPTGROUP_TAG_START -&gt; OPTGROUP_TAG_START [0:14]&#10;|       |--START -&gt; &lt; [0:14]&#10;|       |--OPTGROUP_HTML_TAG_NAME -&gt; optgroup [0:15]&#10;|       `--END -&gt; &gt; [0:23]&#10;|--NEWLINE -&gt; \n [0:24]&#10;|--LEADING_ASTERISK -&gt; * [1:0]&#10;|--TEXT -&gt;   [1:1]&#10;|--HTML_ELEMENT -&gt; HTML_ELEMENT [1:2]&#10;|   `--PARAGRAPH -&gt; PARAGRAPH [1:2]&#10;|       |--P_TAG_START -&gt; P_TAG_START [1:2]&#10;|       |   |--START -&gt; &lt; [1:2]&#10;|       |   |--P_HTML_TAG_NAME -&gt; p [1:3]&#10;|       |   `--END -&gt; &gt; [1:4]&#10;|       |--TEXT -&gt;   [1:5]&#10;|       |--OPTGROUP_TAG_START -&gt; OPTGROUP_TAG_START [1:6]&#10;|       |   |--START -&gt; &lt; [1:6]&#10;|       |   |--OPTGROUP_HTML_TAG_NAME -&gt; optgroup [1:7]&#10;|       |   `--END -&gt; &gt; [1:15]&#10;|       |--TEXT -&gt;   [1:16]&#10;|       `--P_TAG_END -&gt; P_TAG_END [1:17]&#10;|           |--START -&gt; &lt; [1:17]&#10;|           |--SLASH -&gt; / [1:18]&#10;|           |--P_HTML_TAG_NAME -&gt; p [1:19]&#10;|           `--END -&gt; &gt; [1:20]&#10;|--NEWLINE -&gt; \n [1:21]&#10;|--LEADING_ASTERISK -&gt; * [2:0]&#10;|--TEXT -&gt;   [2:1]&#10;|--HTML_ELEMENT -&gt; HTML_ELEMENT [2:2]&#10;|   `--LI -&gt; LI [2:2]&#10;|       |--LI_TAG_START -&gt; LI_TAG_START [2:2]&#10;|       |   |--START -&gt; &lt; [2:2]&#10;|       |   |--LI_HTML_TAG_NAME -&gt; li [2:3]&#10;|       |   `--END -&gt; &gt; [2:5]&#10;|       |--TEXT -&gt;   [2:6]&#10;|       |--OPTGROUP_TAG_START -&gt; OPTGROUP_TAG_START [2:7]&#10;|       |   |--START -&gt; &lt; [2:7]&#10;|       |   |--OPTGROUP_HTML_TAG_NAME -&gt; optgroup [2:8]&#10;|       |   `--END -&gt; &gt; [2:16]&#10;|       |--TEXT -&gt;   [2:17]&#10;|       `--LI_TAG_END -&gt; LI_TAG_END [2:18]&#10;|           |--START -&gt; &lt; [2:18]&#10;|           |--SLASH -&gt; / [2:19]&#10;|           |--LI_HTML_TAG_NAME -&gt; li [2:20]&#10;|           `--END -&gt; &gt; [2:22]&#10;|--NEWLINE -&gt; \n [2:23]&#10;|--LEADING_ASTERISK -&gt; * [3:0]&#10;|--TEXT -&gt;   [3:1]&#10;|--HTML_ELEMENT -&gt; HTML_ELEMENT [3:2]&#10;|   `--TR -&gt; TR [3:2]&#10;|       |--TR_TAG_START -&gt; TR_TAG_START [3:2]&#10;|       |   |--START -&gt; &lt; [3:2]&#10;|       |   |--TR_HTML_TAG_NAME -&gt; tr [3:3]&#10;|       |   `--END -&gt; &gt; [3:5]&#10;|       |--TEXT -&gt;   [3:6]&#10;|       |--OPTGROUP_TAG_START -&gt; OPTGROUP_TAG_START [3:7]&#10;|       |   |--START -&gt; &lt; [3:7]&#10;|       |   |--OPTGROUP_HTML_TAG_NAME -&gt; optgroup [3:8]&#10;|       |   `--END -&gt; &gt; [3:16]&#10;|       |--TEXT -&gt;   [3:17]&#10;|       `--TR_TAG_END -&gt; TR_TAG_END [3:18]&#10;|           |--START -&gt; &lt; [3:18]&#10;|           |--SLASH -&gt; / [3:19]&#10;|           |--TR_HTML_TAG_NAME -&gt; tr [3:20]&#10;|           `--END -&gt; &gt; [3:22]&#10;|--NEWLINE -&gt; \n [3:23]&#10;|--LEADING_ASTERISK -&gt; * [4:0]&#10;|--TEXT -&gt;   [4:1]&#10;|--HTML_ELEMENT -&gt; HTML_ELEMENT [4:2]&#10;|   `--TD -&gt; TD [4:2]&#10;|       |--TD_TAG_START -&gt; TD_TAG_START [4:2]&#10;|       |   |--START -&gt; &lt; [4:2]&#10;|       |   |--TD_HTML_TAG_NAME -&gt; td [4:3]&#10;|       |   `--END -&gt; &gt; [4:5]&#10;|       |--TEXT -&gt;   [4:6]&#10;|       |--OPTGROUP_TAG_START -&gt; OPTGROUP_TAG_START [4:7]&#10;|       |   |--START -&gt; &lt; [4:7]&#10;|       |   |--OPTGROUP_HTML_TAG_NAME -&gt; optgroup [4:8]&#10;|       |   `--END -&gt; &gt; [4:16]&#10;|       |--TEXT -&gt;   [4:17]&#10;|       `--TD_TAG_END -&gt; TD_TAG_END [4:18]&#10;|           |--START -&gt; &lt; [4:18]&#10;|           |--SLASH -&gt; / [4:19]&#10;|           |--TD_HTML_TAG_NAME -&gt; td [4:20]&#10;|           `--END -&gt; &gt; [4:22]&#10;|--NEWLINE -&gt; \n [4:23]&#10;|--LEADING_ASTERISK -&gt; * [5:0]&#10;|--TEXT -&gt;   [5:1]&#10;|--HTML_ELEMENT -&gt; HTML_ELEMENT [5:2]&#10;|   `--TH -&gt; TH [5:2]&#10;|       |--TH_TAG_START -&gt; TH_TAG_START [5:2]&#10;|       |   |--START -&gt; &lt; [5:2]&#10;|       |   |--TH_HTML_TAG_NAME -&gt; th [5:3]&#10;|       |   `--END -&gt; &gt; [5:5]&#10;|       |--TEXT -&gt;   [5:6]&#10;|       |--OPTGROUP_TAG_START -&gt; OPTGROUP_TAG_START [5:7]&#10;|       |   |--START -&gt; &lt; [5:7]&#10;|       |   |--OPTGROUP_HTML_TAG_NAME -&gt; optgroup [5:8]&#10;|       |   `--END -&gt; &gt; [5:16]&#10;|       |--TEXT -&gt;   [5:17]&#10;|       `--TH_TAG_END -&gt; TH_TAG_END [5:18]&#10;|           |--START -&gt; &lt; [5:18]&#10;|           |--SLASH -&gt; / [5:19]&#10;|           |--TH_HTML_TAG_NAME -&gt; th [5:20]&#10;|           `--END -&gt; &gt; [5:22]&#10;|--NEWLINE -&gt; \n [5:23]&#10;|--LEADING_ASTERISK -&gt; * [6:0]&#10;|--TEXT -&gt;   [6:1]&#10;|--HTML_ELEMENT -&gt; HTML_ELEMENT [6:2]&#10;|   `--BODY -&gt; BODY [6:2]&#10;|       |--BODY_TAG_START -&gt; BODY_TAG_START [6:2]&#10;|       |   |--START -&gt; &lt; [6:2]&#10;|       |   |--BODY_HTML_TAG_NAME -&gt; body [6:3]&#10;|       |   `--END -&gt; &gt; [6:7]&#10;|       |--TEXT -&gt;   [6:8]&#10;|       |--OPTGROUP_TAG_START -&gt; OPTGROUP_TAG_START [6:9]&#10;|       |   |--START -&gt; &lt; [6:9]&#10;|       |   |--OPTGROUP_HTML_TAG_NAME -&gt; optgroup [6:10]&#10;|       |   `--END -&gt; &gt; [6:18]&#10;|       |--TEXT -&gt;   [6:19]&#10;|       `--BODY_TAG_END -&gt; BODY_TAG_END [6:20]&#10;|           |--START -&gt; &lt; [6:20]&#10;|           |--SLASH -&gt; / [6:21]&#10;|           |--BODY_HTML_TAG_NAME -&gt; body [6:22]&#10;|           `--END -&gt; &gt; [6:26]&#10;|--NEWLINE -&gt; \n [6:27]&#10;|--LEADING_ASTERISK -&gt; * [7:0]&#10;|--TEXT -&gt;   [7:1]&#10;|--HTML_ELEMENT -&gt; HTML_ELEMENT [7:2]&#10;|   `--COLGROUP -&gt; COLGROUP [7:2]&#10;|       |--COLGROUP_TAG_START -&gt; COLGROUP_TAG_START [7:2]&#10;|       |   |--START -&gt; &lt; [7:2]&#10;|       |   |--COLGROUP_HTML_TAG_NAME -&gt; colgroup [7:3]&#10;|       |   `--END -&gt; &gt; [7:11]&#10;|       |--TEXT -&gt;   [7:12]&#10;|       |--OPTGROUP_TAG_START -&gt; OPTGROUP_TAG_START [7:13]&#10;|       |   |--START -&gt; &lt; [7:13]&#10;|       |   |--OPTGROUP_HTML_TAG_NAME -&gt; optgroup [7:14]&#10;|       |   `--END -&gt; &gt; [7:22]&#10;|       |--TEXT -&gt;   [7:23]&#10;|       `--COLGROUP_TAG_END -&gt; COLGROUP_TAG_END [7:24]&#10;|           |--START -&gt; &lt; [7:24]&#10;|           |--SLASH -&gt; / [7:25]&#10;|           |--COLGROUP_HTML_TAG_NAME -&gt; colgroup [7:26]&#10;|           `--END -&gt; &gt; [7:34]&#10;|--NEWLINE -&gt; \n [7:35]&#10;|--LEADING_ASTERISK -&gt; * [8:0]&#10;|--TEXT -&gt;   [8:1]&#10;|--HTML_ELEMENT -&gt; HTML_ELEMENT [8:2]&#10;|   `--DD -&gt; DD [8:2]&#10;|       |--DD_TAG_START -&gt; DD_TAG_START [8:2]&#10;|       |   |--START -&gt; &lt; [8:2]&#10;|       |   |--DD_HTML_TAG_NAME -&gt; dd [8:3]&#10;|       |   `--END -&gt; &gt; [8:5]&#10;|       |--TEXT -&gt;   [8:6]&#10;|       |--OPTGROUP_TAG_START -&gt; OPTGROUP_TAG_START [8:7]&#10;|       |   |--START -&gt; &lt; [8:7]&#10;|       |   |--OPTGROUP_HTML_TAG_NAME -&gt; optgroup [8:8]&#10;|       |   `--END -&gt; &gt; [8:16]&#10;|       |--TEXT -&gt;   [8:17]&#10;|       `--DD_TAG_END -&gt; DD_TAG_END [8:18]&#10;|           |--START -&gt; &lt; [8:18]&#10;|           |--SLASH -&gt; / [8:19]&#10;|           |--DD_HTML_TAG_NAME -&gt; dd [8:20]&#10;|           `--END -&gt; &gt; [8:22]&#10;|--NEWLINE -&gt; \n [8:23]&#10;|--LEADING_ASTERISK -&gt; * [9:0]&#10;|--TEXT -&gt;   [9:1]&#10;|--HTML_ELEMENT -&gt; HTML_ELEMENT [9:2]&#10;|   `--DT -&gt; DT [9:2]&#10;|       |--DT_TAG_START -&gt; DT_TAG_START [9:2]&#10;|       |   |--START -&gt; &lt; [9:2]&#10;|       |   |--DT_HTML_TAG_NAME -&gt; dt [9:3]&#10;|       |   `--END -&gt; &gt; [9:5]&#10;|       |--TEXT -&gt;   [9:6]&#10;|       |--OPTGROUP_TAG_START -&gt; OPTGROUP_TAG_START [9:7]&#10;|       |   |--START -&gt; &lt; [9:7]&#10;|       |   |--OPTGROUP_HTML_TAG_NAME -&gt; optgroup [9:8]&#10;|       |   `--END -&gt; &gt; [9:16]&#10;|       |--TEXT -&gt;   [9:17]&#10;|       `--DT_TAG_END -&gt; DT_TAG_END [9:18]&#10;|           |--START -&gt; &lt; [9:18]&#10;|           |--SLASH -&gt; / [9:19]&#10;|           |--DT_HTML_TAG_NAME -&gt; dt [9:20]&#10;|           `--END -&gt; &gt; [9:22]&#10;|--NEWLINE -&gt; \n [9:23]&#10;|--LEADING_ASTERISK -&gt; * [10:0]&#10;|--TEXT -&gt;   [10:1]&#10;|--HTML_ELEMENT -&gt; HTML_ELEMENT [10:2]&#10;|   `--HEAD -&gt; HEAD [10:2]&#10;|       |--HEAD_TAG_START -&gt; HEAD_TAG_START [10:2]&#10;|       |   |--START -&gt; &lt; [10:2]&#10;|       |   |--HEAD_HTML_TAG_NAME -&gt; head [10:3]&#10;|       |   `--END -&gt; &gt; [10:7]&#10;|       |--TEXT -&gt;   [10:8]&#10;|       |--OPTGROUP_TAG_START -&gt; OPTGROUP_TAG_START [10:9]&#10;|       |   |--START -&gt; &lt; [10:9]&#10;|       |   |--OPTGROUP_HTML_TAG_NAME -&gt; optgroup [10:10]&#10;|       |   `--END -&gt; &gt; [10:18]&#10;|       |--TEXT -&gt;   [10:19]&#10;|       `--HEAD_TAG_END -&gt; HEAD_TAG_END [10:20]&#10;|           |--START -&gt; &lt; [10:20]&#10;|           |--SLASH -&gt; / [10:21]&#10;|           |--HEAD_HTML_TAG_NAME -&gt; head [10:22]&#10;|           `--END -&gt; &gt; [10:26]&#10;|--NEWLINE -&gt; \n [10:27]&#10;|--LEADING_ASTERISK -&gt; * [11:0]&#10;|--TEXT -&gt;   [11:1]&#10;|--HTML_ELEMENT -&gt; HTML_ELEMENT [11:2]&#10;|   `--HTML -&gt; HTML [11:2]&#10;|       |--HTML_TAG_START -&gt; HTML_TAG_START [11:2]&#10;|       |   |--START -&gt; &lt; [11:2]&#10;|       |   |--HTML_HTML_TAG_NAME -&gt; html [11:3]&#10;|       |   `--END -&gt; &gt; [11:7]&#10;|       |--TEXT -&gt;   [11:8]&#10;|       |--OPTGROUP_TAG_START -&gt; OPTGROUP_TAG_START [11:9]&#10;|       |   |--START -&gt; &lt; [11:9]&#10;|       |   |--OPTGROUP_HTML_TAG_NAME -&gt; optgroup [11:10]&#10;|       |   `--END -&gt; &gt; [11:18]&#10;|       |--TEXT -&gt;   [11:19]&#10;|       `--HTML_TAG_END -&gt; HTML_TAG_END [11:20]&#10;|           |--START -&gt; &lt; [11:20]&#10;|           |--SLASH -&gt; / [11:21]&#10;|           |--HTML_HTML_TAG_NAME -&gt; html [11:22]&#10;|           `--END -&gt; &gt; [11:26]&#10;|--NEWLINE -&gt; \n [11:27]&#10;|--LEADING_ASTERISK -&gt; * [12:0]&#10;|--TEXT -&gt;   [12:1]&#10;|--HTML_ELEMENT -&gt; HTML_ELEMENT [12:2]&#10;|   `--OPTION -&gt; OPTION [12:2]&#10;|       |--OPTION_TAG_START -&gt; OPTION_TAG_START [12:2]&#10;|       |   |--START -&gt; &lt; [12:2]&#10;|       |   |--OPTION_HTML_TAG_NAME -&gt; option [12:3]&#10;|       |   `--END -&gt; &gt; [12:9]&#10;|       |--TEXT -&gt;   [12:10]&#10;|       |--OPTGROUP_TAG_START -&gt; OPTGROUP_TAG_START [12:11]&#10;|       |   |--START -&gt; &lt; [12:11]&#10;|       |   |--OPTGROUP_HTML_TAG_NAME -&gt; optgroup [12:12]&#10;|       |   `--END -&gt; &gt; [12:20]&#10;|       |--TEXT -&gt;   [12:21]&#10;|       `--OPTION_TAG_END -&gt; OPTION_TAG_END [12:22]&#10;|           |--START -&gt; &lt; [12:22]&#10;|           |--SLASH -&gt; / [12:23]&#10;|           |--OPTION_HTML_TAG_NAME -&gt; option [12:24]&#10;|           `--END -&gt; &gt; [12:30]&#10;|--NEWLINE -&gt; \n [12:31]&#10;|--LEADING_ASTERISK -&gt; * [13:0]&#10;|--TEXT -&gt;   [13:1]&#10;|--HTML_ELEMENT -&gt; HTML_ELEMENT [13:2]&#10;|   `--TBODY -&gt; TBODY [13:2]&#10;|       |--TBODY_TAG_START -&gt; TBODY_TAG_START [13:2]&#10;|       |   |--START -&gt; &lt; [13:2]&#10;|       |   |--TBODY_HTML_TAG_NAME -&gt; tbody [13:3]&#10;|       |   `--END -&gt; &gt; [13:8]&#10;|       |--TEXT -&gt;   [13:9]&#10;|       |--OPTGROUP_TAG_START -&gt; OPTGROUP_TAG_START [13:10]&#10;|       |   |--START -&gt; &lt; [13:10]&#10;|       |   |--OPTGROUP_HTML_TAG_NAME -&gt; optgroup [13:11]&#10;|       |   `--END -&gt; &gt; [13:19]&#10;|       |--TEXT -&gt;   [13:20]&#10;|       `--TBODY_TAG_END -&gt; TBODY_TAG_END [13:21]&#10;|           |--START -&gt; &lt; [13:21]&#10;|           |--SLASH -&gt; / [13:22]&#10;|           |--TBODY_HTML_TAG_NAME -&gt; tbody [13:23]&#10;|           `--END -&gt; &gt; [13:28]&#10;|--NEWLINE -&gt; \n [13:29]&#10;|--LEADING_ASTERISK -&gt; * [14:0]&#10;|--TEXT -&gt;   [14:1]&#10;|--HTML_ELEMENT -&gt; HTML_ELEMENT [14:2]&#10;|   `--TFOOT -&gt; TFOOT [14:2]&#10;|       |--TFOOT_TAG_START -&gt; TFOOT_TAG_START [14:2]&#10;|       |   |--START -&gt; &lt; [14:2]&#10;|       |   |--TFOOT_HTML_TAG_NAME -&gt; tfoot [14:3]&#10;|       |   `--END -&gt; &gt; [14:8]&#10;|       |--TEXT -&gt;   [14:9]&#10;|       |--OPTGROUP_TAG_START -&gt; OPTGROUP_TAG_START [14:10]&#10;|       |   |--START -&gt; &lt; [14:10]&#10;|       |   |--OPTGROUP_HTML_TAG_NAME -&gt; optgroup [14:11]&#10;|       |   `--END -&gt; &gt; [14:19]&#10;|       |--TEXT -&gt;   [14:20]&#10;|       `--TFOOT_TAG_END -&gt; TFOOT_TAG_END [14:21]&#10;|           |--START -&gt; &lt; [14:21]&#10;|           |--SLASH -&gt; / [14:22]&#10;|           |--TFOOT_HTML_TAG_NAME -&gt; tfoot [14:23]&#10;|           `--END -&gt; &gt; [14:28]&#10;|--NEWLINE -&gt; \n [14:29]&#10;|--LEADING_ASTERISK -&gt; * [15:0]&#10;|--TEXT -&gt;   [15:1]&#10;|--HTML_ELEMENT -&gt; HTML_ELEMENT [15:2]&#10;|   `--OPTGROUP_TAG_START -&gt; OPTGROUP_TAG_START [15:2]&#10;|       |--START -&gt; &lt; [15:2]&#10;|       |--OPTGROUP_HTML_TAG_NAME -&gt; optgroup [15:3]&#10;|       |--WS -&gt;   [15:11]&#10;|       |--ATTRIBUTE -&gt; ATTRIBUTE [15:12]&#10;|       |   |--HTML_TAG_NAME -&gt; style [15:12]&#10;|       |   |--EQUALS -&gt; = [15:17]&#10;|       |   `--ATTR_VALUE -&gt; &quot;color:red&quot; [15:18]&#10;|       |--WS -&gt;      [15:29]&#10;|       |--NEWLINE -&gt; \n [15:33]&#10;|       |--LEADING_ASTERISK -&gt; * [16:0]&#10;|       |--NEWLINE -&gt; \n [16:1]&#10;|       |--LEADING_ASTERISK -&gt; * [17:0]&#10;|       |--WS -&gt;   [17:2]&#10;|       `--END -&gt; &gt; [17:3]&#10;|--TEXT -&gt;   [17:4]&#10;|--HTML_COMMENT -&gt; HTML_COMMENT [17:5]&#10;|   |--HTML_COMMENT_START -&gt; &lt;!-- [17:5]&#10;|   |--TEXT -&gt; HTML COMMENT [17:9]&#10;|   `--HTML_COMMENT_END -&gt; --&gt; [17:21]&#10;`--EOF -&gt; &lt;EOF&gt; [17:24]&#13;]&#10;&gt;" type="org.junit.ComparisonFailure"><![CDATA[org.junit.ComparisonFailure: 
Generated tree from the javadoc file should match the pre-defined tree expected:<...DOC -> JAVADOC [0:0][
|--LEADING_ASTERISK -> * [0:0]
|--TEXT ->   [0:1]
|--HTML_ELEMENT -> HTML_ELEMENT [0:2]
|   `--OPTGROUP_TAG_END -> OPTGROUP_TAG_END [0:2]
|       |--START -> < [0:2]
|       |--SLASH -> / [0:3]
|       |--OPTGROUP_HTML_TAG_NAME -> optgroup [0:4]
|       `--END -> > [0:12]
|--TEXT ->   [0:13]
|--HTML_ELEMENT -> HTML_ELEMENT [0:14]
|   `--OPTGROUP_TAG_START -> OPTGROUP_TAG_START [0:14]
|       |--START -> < [0:14]
|       |--OPTGROUP_HTML_TAG_NAME -> optgroup [0:15]
|       `--END -> > [0:23]
|--NEWLINE -> \n [0:24]
|--LEADING_ASTERISK -> * [1:0]
|--TEXT ->   [1:1]
|--HTML_ELEMENT -> HTML_ELEMENT [1:2]
|   `--PARAGRAPH -> PARAGRAPH [1:2]
|       |--P_TAG_START -> P_TAG_START [1:2]
|       |   |--START -> < [1:2]
|       |   |--P_HTML_TAG_NAME -> p [1:3]
|       |   `--END -> > [1:4]
|       |--TEXT ->   [1:5]
|       |--OPTGROUP_TAG_START -> OPTGROUP_TAG_START [1:6]
|       |   |--START -> < [1:6]
|       |   |--OPTGROUP_HTML_TAG_NAME -> optgroup [1:7]
|       |   `--END -> > [1:15]
|       |--TEXT ->   [1:16]
|       `--P_TAG_END -> P_TAG_END [1:17]
|           |--START -> < [1:17]
|           |--SLASH -> / [1:18]
|           |--P_HTML_TAG_NAME -> p [1:19]
|           `--END -> > [1:20]
|--NEWLINE -> \n [1:21]
|--LEADING_ASTERISK -> * [2:0]
|--TEXT ->   [2:1]
|--HTML_ELEMENT -> HTML_ELEMENT [2:2]
|   `--LI -> LI [2:2]
|       |--LI_TAG_START -> LI_TAG_START [2:2]
|       |   |--START -> < [2:2]
|       |   |--LI_HTML_TAG_NAME -> li [2:3]
|       |   `--END -> > [2:5]
|       |--TEXT ->   [2:6]
|       |--OPTGROUP_TAG_START -> OPTGROUP_TAG_START [2:7]
|       |   |--START -> < [2:7]
|       |   |--OPTGROUP_HTML_TAG_NAME -> optgroup [2:8]
|       |   `--END -> > [2:16]
|       |--TEXT ->   [2:17]
|       `--LI_TAG_END -> LI_TAG_END [2:18]
|           |--START -> < [2:18]
|           |--SLASH -> / [2:19]
|           |--LI_HTML_TAG_NAME -> li [2:20]
|           `--END -> > [2:22]
|--NEWLINE -> \n [2:23]
|--LEADING_ASTERISK -> * [3:0]
|--TEXT ->   [3:1]
|--HTML_ELEMENT -> HTML_ELEMENT [3:2]
|   `--TR -> TR [3:2]
|       |--TR_TAG_START -> TR_TAG_START [3:2]
|       |   |--START -> < [3:2]
|       |   |--TR_HTML_TAG_NAME -> tr [3:3]
|       |   `--END -> > [3:5]
|       |--TEXT ->   [3:6]
|       |--OPTGROUP_TAG_START -> OPTGROUP_TAG_START [3:7]
|       |   |--START -> < [3:7]
|       |   |--OPTGROUP_HTML_TAG_NAME -> optgroup [3:8]
|       |   `--END -> > [3:16]
|       |--TEXT ->   [3:17]
|       `--TR_TAG_END -> TR_TAG_END [3:18]
|           |--START -> < [3:18]
|           |--SLASH -> / [3:19]
|           |--TR_HTML_TAG_NAME -> tr [3:20]
|           `--END -> > [3:22]
|--NEWLINE -> \n [3:23]
|--LEADING_ASTERISK -> * [4:0]
|--TEXT ->   [4:1]
|--HTML_ELEMENT -> HTML_ELEMENT [4:2]
|   `--TD -> TD [4:2]
|       |--TD_TAG_START -> TD_TAG_START [4:2]
|       |   |--START -> < [4:2]
|       |   |--TD_HTML_TAG_NAME -> td [4:3]
|       |   `--END -> > [4:5]
|       |--TEXT ->   [4:6]
|       |--OPTGROUP_TAG_START -> OPTGROUP_TAG_START [4:7]
|       |   |--START -> < [4:7]
|       |   |--OPTGROUP_HTML_TAG_NAME -> optgroup [4:8]
|       |   `--END -> > [4:16]
|       |--TEXT ->   [4:17]
|       `--TD_TAG_END -> TD_TAG_END [4:18]
|           |--START -> < [4:18]
|           |--SLASH -> / [4:19]
|           |--TD_HTML_TAG_NAME -> td [4:20]
|           `--END -> > [4:22]
|--NEWLINE -> \n [4:23]
|--LEADING_ASTERISK -> * [5:0]
|--TEXT ->   [5:1]
|--HTML_ELEMENT -> HTML_ELEMENT [5:2]
|   `--TH -> TH [5:2]
|       |--TH_TAG_START -> TH_TAG_START [5:2]
|       |   |--START -> < [5:2]
|       |   |--TH_HTML_TAG_NAME -> th [5:3]
|       |   `--END -> > [5:5]
|       |--TEXT ->   [5:6]
|       |--OPTGROUP_TAG_START -> OPTGROUP_TAG_START [5:7]
|       |   |--START -> < [5:7]
|       |   |--OPTGROUP_HTML_TAG_NAME -> optgroup [5:8]
|       |   `--END -> > [5:16]
|       |--TEXT ->   [5:17]
|       `--TH_TAG_END -> TH_TAG_END [5:18]
|           |--START -> < [5:18]
|           |--SLASH -> / [5:19]
|           |--TH_HTML_TAG_NAME -> th [5:20]
|           `--END -> > [5:22]
|--NEWLINE -> \n [5:23]
|--LEADING_ASTERISK -> * [6:0]
|--TEXT ->   [6:1]
|--HTML_ELEMENT -> HTML_ELEMENT [6:2]
|   `--BODY -> BODY [6:2]
|       |--BODY_TAG_START -> BODY_TAG_START [6:2]
|       |   |--START -> < [6:2]
|       |   |--BODY_HTML_TAG_NAME -> body [6:3]
|       |   `--END -> > [6:7]
|       |--TEXT ->   [6:8]
|       |--OPTGROUP_TAG_START -> OPTGROUP_TAG_START [6:9]
|       |   |--START -> < [6:9]
|       |   |--OPTGROUP_HTML_TAG_NAME -> optgroup [6:10]
|       |   `--END -> > [6:18]
|       |--TEXT ->   [6:19]
|       `--BODY_TAG_END -> BODY_TAG_END [6:20]
|           |--START -> < [6:20]
|           |--SLASH -> / [6:21]
|           |--BODY_HTML_TAG_NAME -> body [6:22]
|           `--END -> > [6:26]
|--NEWLINE -> \n [6:27]
|--LEADING_ASTERISK -> * [7:0]
|--TEXT ->   [7:1]
|--HTML_ELEMENT -> HTML_ELEMENT [7:2]
|   `--COLGROUP -> COLGROUP [7:2]
|       |--COLGROUP_TAG_START -> COLGROUP_TAG_START [7:2]
|       |   |--START -> < [7:2]
|       |   |--COLGROUP_HTML_TAG_NAME -> colgroup [7:3]
|       |   `--END -> > [7:11]
|       |--TEXT ->   [7:12]
|       |--OPTGROUP_TAG_START -> OPTGROUP_TAG_START [7:13]
|       |   |--START -> < [7:13]
|       |   |--OPTGROUP_HTML_TAG_NAME -> optgroup [7:14]
|       |   `--END -> > [7:22]
|       |--TEXT ->   [7:23]
|       `--COLGROUP_TAG_END -> COLGROUP_TAG_END [7:24]
|           |--START -> < [7:24]
|           |--SLASH -> / [7:25]
|           |--COLGROUP_HTML_TAG_NAME -> colgroup [7:26]
|           `--END -> > [7:34]
|--NEWLINE -> \n [7:35]
|--LEADING_ASTERISK -> * [8:0]
|--TEXT ->   [8:1]
|--HTML_ELEMENT -> HTML_ELEMENT [8:2]
|   `--DD -> DD [8:2]
|       |--DD_TAG_START -> DD_TAG_START [8:2]
|       |   |--START -> < [8:2]
|       |   |--DD_HTML_TAG_NAME -> dd [8:3]
|       |   `--END -> > [8:5]
|       |--TEXT ->   [8:6]
|       |--OPTGROUP_TAG_START -> OPTGROUP_TAG_START [8:7]
|       |   |--START -> < [8:7]
|       |   |--OPTGROUP_HTML_TAG_NAME -> optgroup [8:8]
|       |   `--END -> > [8:16]
|       |--TEXT ->   [8:17]
|       `--DD_TAG_END -> DD_TAG_END [8:18]
|           |--START -> < [8:18]
|           |--SLASH -> / [8:19]
|           |--DD_HTML_TAG_NAME -> dd [8:20]
|           `--END -> > [8:22]
|--NEWLINE -> \n [8:23]
|--LEADING_ASTERISK -> * [9:0]
|--TEXT ->   [9:1]
|--HTML_ELEMENT -> HTML_ELEMENT [9:2]
|   `--DT -> DT [9:2]
|       |--DT_TAG_START -> DT_TAG_START [9:2]
|       |   |--START -> < [9:2]
|       |   |--DT_HTML_TAG_NAME -> dt [9:3]
|       |   `--END -> > [9:5]
|       |--TEXT ->   [9:6]
|       |--OPTGROUP_TAG_START -> OPTGROUP_TAG_START [9:7]
|       |   |--START -> < [9:7]
|       |   |--OPTGROUP_HTML_TAG_NAME -> optgroup [9:8]
|       |   `--END -> > [9:16]
|       |--TEXT ->   [9:17]
|       `--DT_TAG_END -> DT_TAG_END [9:18]
|           |--START -> < [9:18]
|           |--SLASH -> / [9:19]
|           |--DT_HTML_TAG_NAME -> dt [9:20]
|           `--END -> > [9:22]
|--NEWLINE -> \n [9:23]
|--LEADING_ASTERISK -> * [10:0]
|--TEXT ->   [10:1]
|--HTML_ELEMENT -> HTML_ELEMENT [10:2]
|   `--HEAD -> HEAD [10:2]
|       |--HEAD_TAG_START -> HEAD_TAG_START [10:2]
|       |   |--START -> < [10:2]
|       |   |--HEAD_HTML_TAG_NAME -> head [10:3]
|       |   `--END -> > [10:7]
|       |--TEXT ->   [10:8]
|       |--OPTGROUP_TAG_START -> OPTGROUP_TAG_START [10:9]
|       |   |--START -> < [10:9]
|       |   |--OPTGROUP_HTML_TAG_NAME -> optgroup [10:10]
|       |   `--END -> > [10:18]
|       |--TEXT ->   [10:19]
|       `--HEAD_TAG_END -> HEAD_TAG_END [10:20]
|           |--START -> < [10:20]
|           |--SLASH -> / [10:21]
|           |--HEAD_HTML_TAG_NAME -> head [10:22]
|           `--END -> > [10:26]
|--NEWLINE -> \n [10:27]
|--LEADING_ASTERISK -> * [11:0]
|--TEXT ->   [11:1]
|--HTML_ELEMENT -> HTML_ELEMENT [11:2]
|   `--HTML -> HTML [11:2]
|       |--HTML_TAG_START -> HTML_TAG_START [11:2]
|       |   |--START -> < [11:2]
|       |   |--HTML_HTML_TAG_NAME -> html [11:3]
|       |   `--END -> > [11:7]
|       |--TEXT ->   [11:8]
|       |--OPTGROUP_TAG_START -> OPTGROUP_TAG_START [11:9]
|       |   |--START -> < [11:9]
|       |   |--OPTGROUP_HTML_TAG_NAME -> optgroup [11:10]
|       |   `--END -> > [11:18]
|       |--TEXT ->   [11:19]
|       `--HTML_TAG_END -> HTML_TAG_END [11:20]
|           |--START -> < [11:20]
|           |--SLASH -> / [11:21]
|           |--HTML_HTML_TAG_NAME -> html [11:22]
|           `--END -> > [11:26]
|--NEWLINE -> \n [11:27]
|--LEADING_ASTERISK -> * [12:0]
|--TEXT ->   [12:1]
|--HTML_ELEMENT -> HTML_ELEMENT [12:2]
|   `--OPTION -> OPTION [12:2]
|       |--OPTION_TAG_START -> OPTION_TAG_START [12:2]
|       |   |--START -> < [12:2]
|       |   |--OPTION_HTML_TAG_NAME -> option [12:3]
|       |   `--END -> > [12:9]
|       |--TEXT ->   [12:10]
|       |--OPTGROUP_TAG_START -> OPTGROUP_TAG_START [12:11]
|       |   |--START -> < [12:11]
|       |   |--OPTGROUP_HTML_TAG_NAME -> optgroup [12:12]
|       |   `--END -> > [12:20]
|       |--TEXT ->   [12:21]
|       `--OPTION_TAG_END -> OPTION_TAG_END [12:22]
|           |--START -> < [12:22]
|           |--SLASH -> / [12:23]
|           |--OPTION_HTML_TAG_NAME -> option [12:24]
|           `--END -> > [12:30]
|--NEWLINE -> \n [12:31]
|--LEADING_ASTERISK -> * [13:0]
|--TEXT ->   [13:1]
|--HTML_ELEMENT -> HTML_ELEMENT [13:2]
|   `--TBODY -> TBODY [13:2]
|       |--TBODY_TAG_START -> TBODY_TAG_START [13:2]
|       |   |--START -> < [13:2]
|       |   |--TBODY_HTML_TAG_NAME -> tbody [13:3]
|       |   `--END -> > [13:8]
|       |--TEXT ->   [13:9]
|       |--OPTGROUP_TAG_START -> OPTGROUP_TAG_START [13:10]
|       |   |--START -> < [13:10]
|       |   |--OPTGROUP_HTML_TAG_NAME -> optgroup [13:11]
|       |   `--END -> > [13:19]
|       |--TEXT ->   [13:20]
|       `--TBODY_TAG_END -> TBODY_TAG_END [13:21]
|           |--START -> < [13:21]
|           |--SLASH -> / [13:22]
|           |--TBODY_HTML_TAG_NAME -> tbody [13:23]
|           `--END -> > [13:28]
|--NEWLINE -> \n [13:29]
|--LEADING_ASTERISK -> * [14:0]
|--TEXT ->   [14:1]
|--HTML_ELEMENT -> HTML_ELEMENT [14:2]
|   `--TFOOT -> TFOOT [14:2]
|       |--TFOOT_TAG_START -> TFOOT_TAG_START [14:2]
|       |   |--START -> < [14:2]
|       |   |--TFOOT_HTML_TAG_NAME -> tfoot [14:3]
|       |   `--END -> > [14:8]
|       |--TEXT ->   [14:9]
|       |--OPTGROUP_TAG_START -> OPTGROUP_TAG_START [14:10]
|       |   |--START -> < [14:10]
|       |   |--OPTGROUP_HTML_TAG_NAME -> optgroup [14:11]
|       |   `--END -> > [14:19]
|       |--TEXT ->   [14:20]
|       `--TFOOT_TAG_END -> TFOOT_TAG_END [14:21]
|           |--START -> < [14:21]
|           |--SLASH -> / [14:22]
|           |--TFOOT_HTML_TAG_NAME -> tfoot [14:23]
|           `--END -> > [14:28]
|--NEWLINE -> \n [14:29]
|--LEADING_ASTERISK -> * [15:0]
|--TEXT ->   [15:1]
|--HTML_ELEMENT -> HTML_ELEMENT [15:2]
|   `--OPTGROUP_TAG_START -> OPTGROUP_TAG_START [15:2]
|       |--START -> < [15:2]
|       |--OPTGROUP_HTML_TAG_NAME -> optgroup [15:3]
|       |--WS ->   [15:11]
|       |--ATTRIBUTE -> ATTRIBUTE [15:12]
|       |   |--HTML_TAG_NAME -> style [15:12]
|       |   |--EQUALS -> = [15:17]
|       |   `--ATTR_VALUE -> "color:red" [15:18]
|       |--WS ->      [15:29]
|       |--NEWLINE -> \n [15:33]
|       |--LEADING_ASTERISK -> * [16:0]
|       |--NEWLINE -> \n [16:1]
|       |--LEADING_ASTERISK -> * [17:0]
|       |--WS ->   [17:2]
|       `--END -> > [17:3]
|--TEXT ->   [17:4]
|--HTML_COMMENT -> HTML_COMMENT [17:5]
|   |--HTML_COMMENT_START -> <!-- [17:5]
|   |--TEXT -> HTML COMMENT [17:9]
|   `--HTML_COMMENT_END -> --> [17:21]
`--EOF -> <EOF> [17:24]]
> but was:<...DOC -> JAVADOC [0:0][
|--LEADING_ASTERISK -> * [0:0]
|--TEXT ->   [0:1]
|--HTML_ELEMENT -> HTML_ELEMENT [0:2]
|   `--OPTGROUP_TAG_END -> OPTGROUP_TAG_END [0:2]
|       |--START -> < [0:2]
|       |--SLASH -> / [0:3]
|       |--OPTGROUP_HTML_TAG_NAME -> optgroup [0:4]
|       `--END -> > [0:12]
|--TEXT ->   [0:13]
|--HTML_ELEMENT -> HTML_ELEMENT [0:14]
|   `--OPTGROUP_TAG_START -> OPTGROUP_TAG_START [0:14]
|       |--START -> < [0:14]
|       |--OPTGROUP_HTML_TAG_NAME -> optgroup [0:15]
|       `--END -> > [0:23]
|--NEWLINE -> \n [0:24]
|--LEADING_ASTERISK -> * [1:0]
|--TEXT ->   [1:1]
|--HTML_ELEMENT -> HTML_ELEMENT [1:2]
|   `--PARAGRAPH -> PARAGRAPH [1:2]
|       |--P_TAG_START -> P_TAG_START [1:2]
|       |   |--START -> < [1:2]
|       |   |--P_HTML_TAG_NAME -> p [1:3]
|       |   `--END -> > [1:4]
|       |--TEXT ->   [1:5]
|       |--OPTGROUP_TAG_START -> OPTGROUP_TAG_START [1:6]
|       |   |--START -> < [1:6]
|       |   |--OPTGROUP_HTML_TAG_NAME -> optgroup [1:7]
|       |   `--END -> > [1:15]
|       |--TEXT ->   [1:16]
|       `--P_TAG_END -> P_TAG_END [1:17]
|           |--START -> < [1:17]
|           |--SLASH -> / [1:18]
|           |--P_HTML_TAG_NAME -> p [1:19]
|           `--END -> > [1:20]
|--NEWLINE -> \n [1:21]
|--LEADING_ASTERISK -> * [2:0]
|--TEXT ->   [2:1]
|--HTML_ELEMENT -> HTML_ELEMENT [2:2]
|   `--LI -> LI [2:2]
|       |--LI_TAG_START -> LI_TAG_START [2:2]
|       |   |--START -> < [2:2]
|       |   |--LI_HTML_TAG_NAME -> li [2:3]
|       |   `--END -> > [2:5]
|       |--TEXT ->   [2:6]
|       |--OPTGROUP_TAG_START -> OPTGROUP_TAG_START [2:7]
|       |   |--START -> < [2:7]
|       |   |--OPTGROUP_HTML_TAG_NAME -> optgroup [2:8]
|       |   `--END -> > [2:16]
|       |--TEXT ->   [2:17]
|       `--LI_TAG_END -> LI_TAG_END [2:18]
|           |--START -> < [2:18]
|           |--SLASH -> / [2:19]
|           |--LI_HTML_TAG_NAME -> li [2:20]
|           `--END -> > [2:22]
|--NEWLINE -> \n [2:23]
|--LEADING_ASTERISK -> * [3:0]
|--TEXT ->   [3:1]
|--HTML_ELEMENT -> HTML_ELEMENT [3:2]
|   `--TR -> TR [3:2]
|       |--TR_TAG_START -> TR_TAG_START [3:2]
|       |   |--START -> < [3:2]
|       |   |--TR_HTML_TAG_NAME -> tr [3:3]
|       |   `--END -> > [3:5]
|       |--TEXT ->   [3:6]
|       |--OPTGROUP_TAG_START -> OPTGROUP_TAG_START [3:7]
|       |   |--START -> < [3:7]
|       |   |--OPTGROUP_HTML_TAG_NAME -> optgroup [3:8]
|       |   `--END -> > [3:16]
|       |--TEXT ->   [3:17]
|       `--TR_TAG_END -> TR_TAG_END [3:18]
|           |--START -> < [3:18]
|           |--SLASH -> / [3:19]
|           |--TR_HTML_TAG_NAME -> tr [3:20]
|           `--END -> > [3:22]
|--NEWLINE -> \n [3:23]
|--LEADING_ASTERISK -> * [4:0]
|--TEXT ->   [4:1]
|--HTML_ELEMENT -> HTML_ELEMENT [4:2]
|   `--TD -> TD [4:2]
|       |--TD_TAG_START -> TD_TAG_START [4:2]
|       |   |--START -> < [4:2]
|       |   |--TD_HTML_TAG_NAME -> td [4:3]
|       |   `--END -> > [4:5]
|       |--TEXT ->   [4:6]
|       |--OPTGROUP_TAG_START -> OPTGROUP_TAG_START [4:7]
|       |   |--START -> < [4:7]
|       |   |--OPTGROUP_HTML_TAG_NAME -> optgroup [4:8]
|       |   `--END -> > [4:16]
|       |--TEXT ->   [4:17]
|       `--TD_TAG_END -> TD_TAG_END [4:18]
|           |--START -> < [4:18]
|           |--SLASH -> / [4:19]
|           |--TD_HTML_TAG_NAME -> td [4:20]
|           `--END -> > [4:22]
|--NEWLINE -> \n [4:23]
|--LEADING_ASTERISK -> * [5:0]
|--TEXT ->   [5:1]
|--HTML_ELEMENT -> HTML_ELEMENT [5:2]
|   `--TH -> TH [5:2]
|       |--TH_TAG_START -> TH_TAG_START [5:2]
|       |   |--START -> < [5:2]
|       |   |--TH_HTML_TAG_NAME -> th [5:3]
|       |   `--END -> > [5:5]
|       |--TEXT ->   [5:6]
|       |--OPTGROUP_TAG_START -> OPTGROUP_TAG_START [5:7]
|       |   |--START -> < [5:7]
|       |   |--OPTGROUP_HTML_TAG_NAME -> optgroup [5:8]
|       |   `--END -> > [5:16]
|       |--TEXT ->   [5:17]
|       `--TH_TAG_END -> TH_TAG_END [5:18]
|           |--START -> < [5:18]
|           |--SLASH -> / [5:19]
|           |--TH_HTML_TAG_NAME -> th [5:20]
|           `--END -> > [5:22]
|--NEWLINE -> \n [5:23]
|--LEADING_ASTERISK -> * [6:0]
|--TEXT ->   [6:1]
|--HTML_ELEMENT -> HTML_ELEMENT [6:2]
|   `--BODY -> BODY [6:2]
|       |--BODY_TAG_START -> BODY_TAG_START [6:2]
|       |   |--START -> < [6:2]
|       |   |--BODY_HTML_TAG_NAME -> body [6:3]
|       |   `--END -> > [6:7]
|       |--TEXT ->   [6:8]
|       |--OPTGROUP_TAG_START -> OPTGROUP_TAG_START [6:9]
|       |   |--START -> < [6:9]
|       |   |--OPTGROUP_HTML_TAG_NAME -> optgroup [6:10]
|       |   `--END -> > [6:18]
|       |--TEXT ->   [6:19]
|       `--BODY_TAG_END -> BODY_TAG_END [6:20]
|           |--START -> < [6:20]
|           |--SLASH -> / [6:21]
|           |--BODY_HTML_TAG_NAME -> body [6:22]
|           `--END -> > [6:26]
|--NEWLINE -> \n [6:27]
|--LEADING_ASTERISK -> * [7:0]
|--TEXT ->   [7:1]
|--HTML_ELEMENT -> HTML_ELEMENT [7:2]
|   `--COLGROUP -> COLGROUP [7:2]
|       |--COLGROUP_TAG_START -> COLGROUP_TAG_START [7:2]
|       |   |--START -> < [7:2]
|       |   |--COLGROUP_HTML_TAG_NAME -> colgroup [7:3]
|       |   `--END -> > [7:11]
|       |--TEXT ->   [7:12]
|       |--OPTGROUP_TAG_START -> OPTGROUP_TAG_START [7:13]
|       |   |--START -> < [7:13]
|       |   |--OPTGROUP_HTML_TAG_NAME -> optgroup [7:14]
|       |   `--END -> > [7:22]
|       |--TEXT ->   [7:23]
|       `--COLGROUP_TAG_END -> COLGROUP_TAG_END [7:24]
|           |--START -> < [7:24]
|           |--SLASH -> / [7:25]
|           |--COLGROUP_HTML_TAG_NAME -> colgroup [7:26]
|           `--END -> > [7:34]
|--NEWLINE -> \n [7:35]
|--LEADING_ASTERISK -> * [8:0]
|--TEXT ->   [8:1]
|--HTML_ELEMENT -> HTML_ELEMENT [8:2]
|   `--DD -> DD [8:2]
|       |--DD_TAG_START -> DD_TAG_START [8:2]
|       |   |--START -> < [8:2]
|       |   |--DD_HTML_TAG_NAME -> dd [8:3]
|       |   `--END -> > [8:5]
|       |--TEXT ->   [8:6]
|       |--OPTGROUP_TAG_START -> OPTGROUP_TAG_START [8:7]
|       |   |--START -> < [8:7]
|       |   |--OPTGROUP_HTML_TAG_NAME -> optgroup [8:8]
|       |   `--END -> > [8:16]
|       |--TEXT ->   [8:17]
|       `--DD_TAG_END -> DD_TAG_END [8:18]
|           |--START -> < [8:18]
|           |--SLASH -> / [8:19]
|           |--DD_HTML_TAG_NAME -> dd [8:20]
|           `--END -> > [8:22]
|--NEWLINE -> \n [8:23]
|--LEADING_ASTERISK -> * [9:0]
|--TEXT ->   [9:1]
|--HTML_ELEMENT -> HTML_ELEMENT [9:2]
|   `--DT -> DT [9:2]
|       |--DT_TAG_START -> DT_TAG_START [9:2]
|       |   |--START -> < [9:2]
|       |   |--DT_HTML_TAG_NAME -> dt [9:3]
|       |   `--END -> > [9:5]
|       |--TEXT ->   [9:6]
|       |--OPTGROUP_TAG_START -> OPTGROUP_TAG_START [9:7]
|       |   |--START -> < [9:7]
|       |   |--OPTGROUP_HTML_TAG_NAME -> optgroup [9:8]
|       |   `--END -> > [9:16]
|       |--TEXT ->   [9:17]
|       `--DT_TAG_END -> DT_TAG_END [9:18]
|           |--START -> < [9:18]
|           |--SLASH -> / [9:19]
|           |--DT_HTML_TAG_NAME -> dt [9:20]
|           `--END -> > [9:22]
|--NEWLINE -> \n [9:23]
|--LEADING_ASTERISK -> * [10:0]
|--TEXT ->   [10:1]
|--HTML_ELEMENT -> HTML_ELEMENT [10:2]
|   `--HEAD -> HEAD [10:2]
|       |--HEAD_TAG_START -> HEAD_TAG_START [10:2]
|       |   |--START -> < [10:2]
|       |   |--HEAD_HTML_TAG_NAME -> head [10:3]
|       |   `--END -> > [10:7]
|       |--TEXT ->   [10:8]
|       |--OPTGROUP_TAG_START -> OPTGROUP_TAG_START [10:9]
|       |   |--START -> < [10:9]
|       |   |--OPTGROUP_HTML_TAG_NAME -> optgroup [10:10]
|       |   `--END -> > [10:18]
|       |--TEXT ->   [10:19]
|       `--HEAD_TAG_END -> HEAD_TAG_END [10:20]
|           |--START -> < [10:20]
|           |--SLASH -> / [10:21]
|           |--HEAD_HTML_TAG_NAME -> head [10:22]
|           `--END -> > [10:26]
|--NEWLINE -> \n [10:27]
|--LEADING_ASTERISK -> * [11:0]
|--TEXT ->   [11:1]
|--HTML_ELEMENT -> HTML_ELEMENT [11:2]
|   `--HTML -> HTML [11:2]
|       |--HTML_TAG_START -> HTML_TAG_START [11:2]
|       |   |--START -> < [11:2]
|       |   |--HTML_HTML_TAG_NAME -> html [11:3]
|       |   `--END -> > [11:7]
|       |--TEXT ->   [11:8]
|       |--OPTGROUP_TAG_START -> OPTGROUP_TAG_START [11:9]
|       |   |--START -> < [11:9]
|       |   |--OPTGROUP_HTML_TAG_NAME -> optgroup [11:10]
|       |   `--END -> > [11:18]
|       |--TEXT ->   [11:19]
|       `--HTML_TAG_END -> HTML_TAG_END [11:20]
|           |--START -> < [11:20]
|           |--SLASH -> / [11:21]
|           |--HTML_HTML_TAG_NAME -> html [11:22]
|           `--END -> > [11:26]
|--NEWLINE -> \n [11:27]
|--LEADING_ASTERISK -> * [12:0]
|--TEXT ->   [12:1]
|--HTML_ELEMENT -> HTML_ELEMENT [12:2]
|   `--OPTION -> OPTION [12:2]
|       |--OPTION_TAG_START -> OPTION_TAG_START [12:2]
|       |   |--START -> < [12:2]
|       |   |--OPTION_HTML_TAG_NAME -> option [12:3]
|       |   `--END -> > [12:9]
|       |--TEXT ->   [12:10]
|       |--OPTGROUP_TAG_START -> OPTGROUP_TAG_START [12:11]
|       |   |--START -> < [12:11]
|       |   |--OPTGROUP_HTML_TAG_NAME -> optgroup [12:12]
|       |   `--END -> > [12:20]
|       |--TEXT ->   [12:21]
|       `--OPTION_TAG_END -> OPTION_TAG_END [12:22]
|           |--START -> < [12:22]
|           |--SLASH -> / [12:23]
|           |--OPTION_HTML_TAG_NAME -> option [12:24]
|           `--END -> > [12:30]
|--NEWLINE -> \n [12:31]
|--LEADING_ASTERISK -> * [13:0]
|--TEXT ->   [13:1]
|--HTML_ELEMENT -> HTML_ELEMENT [13:2]
|   `--TBODY -> TBODY [13:2]
|       |--TBODY_TAG_START -> TBODY_TAG_START [13:2]
|       |   |--START -> < [13:2]
|       |   |--TBODY_HTML_TAG_NAME -> tbody [13:3]
|       |   `--END -> > [13:8]
|       |--TEXT ->   [13:9]
|       |--OPTGROUP_TAG_START -> OPTGROUP_TAG_START [13:10]
|       |   |--START -> < [13:10]
|       |   |--OPTGROUP_HTML_TAG_NAME -> optgroup [13:11]
|       |   `--END -> > [13:19]
|       |--TEXT ->   [13:20]
|       `--TBODY_TAG_END -> TBODY_TAG_END [13:21]
|           |--START -> < [13:21]
|           |--SLASH -> / [13:22]
|           |--TBODY_HTML_TAG_NAME -> tbody [13:23]
|           `--END -> > [13:28]
|--NEWLINE -> \n [13:29]
|--LEADING_ASTERISK -> * [14:0]
|--TEXT ->   [14:1]
|--HTML_ELEMENT -> HTML_ELEMENT [14:2]
|   `--TFOOT -> TFOOT [14:2]
|       |--TFOOT_TAG_START -> TFOOT_TAG_START [14:2]
|       |   |--START -> < [14:2]
|       |   |--TFOOT_HTML_TAG_NAME -> tfoot [14:3]
|       |   `--END -> > [14:8]
|       |--TEXT ->   [14:9]
|       |--OPTGROUP_TAG_START -> OPTGROUP_TAG_START [14:10]
|       |   |--START -> < [14:10]
|       |   |--OPTGROUP_HTML_TAG_NAME -> optgroup [14:11]
|       |   `--END -> > [14:19]
|       |--TEXT ->   [14:20]
|       `--TFOOT_TAG_END -> TFOOT_TAG_END [14:21]
|           |--START -> < [14:21]
|           |--SLASH -> / [14:22]
|           |--TFOOT_HTML_TAG_NAME -> tfoot [14:23]
|           `--END -> > [14:28]
|--NEWLINE -> \n [14:29]
|--LEADING_ASTERISK -> * [15:0]
|--TEXT ->   [15:1]
|--HTML_ELEMENT -> HTML_ELEMENT [15:2]
|   `--OPTGROUP_TAG_START -> OPTGROUP_TAG_START [15:2]
|       |--START -> < [15:2]
|       |--OPTGROUP_HTML_TAG_NAME -> optgroup [15:3]
|       |--WS ->   [15:11]
|       |--ATTRIBUTE -> ATTRIBUTE [15:12]
|       |   |--HTML_TAG_NAME -> style [15:12]
|       |   |--EQUALS -> = [15:17]
|       |   `--ATTR_VALUE -> "color:red" [15:18]
|       |--WS ->      [15:29]
|       |--NEWLINE -> \n [15:33]
|       |--LEADING_ASTERISK -> * [16:0]
|       |--NEWLINE -> \n [16:1]
|       |--LEADING_ASTERISK -> * [17:0]
|       |--WS ->   [17:2]
|       `--END -> > [17:3]
|--TEXT ->   [17:4]
|--HTML_COMMENT -> HTML_COMMENT [17:5]
|   |--HTML_COMMENT_START -> <!-- [17:5]
|   |--TEXT -> HTML COMMENT [17:9]
|   `--HTML_COMMENT_END -> --> [17:21]
`--EOF -> <EOF> [17:24]]
>
	at com.puppycrawl.tools.checkstyle.grammar.javadoc.JavadocParseTreeTest.testNonTightOptgroupHtmlTag(JavadocParseTreeTest.java:320)
]]></failure>
  </testcase>
  <testcase name="testAsteriskInLiteral" classname="com.puppycrawl.tools.checkstyle.grammar.javadoc.JavadocParseTreeTest" time="0">
    <failure message="Generated tree from the javadoc file should match the pre-defined tree expected:&lt;...DOC -&gt; JAVADOC [0:0][&#10;|--JAVADOC_INLINE_TAG -&gt; JAVADOC_INLINE_TAG [0:0]&#10;|   |--JAVADOC_INLINE_TAG_START -&gt; { [0:0]&#10;|   |--LITERAL_LITERAL -&gt; @literal [0:1]&#10;|   |--WS -&gt;   [0:9]&#10;|   |--TEXT -&gt; as\n [0:10]&#10;|   |--LEADING_ASTERISK -&gt; * [1:0]&#10;|   |--TEXT -&gt;  as [1:1]&#10;|   `--JAVADOC_INLINE_TAG_END -&gt; } [1:5]&#10;`--EOF -&gt; &lt;EOF&gt; [1:6]]&#10;&gt; but was:&lt;...DOC -&gt; JAVADOC [0:0][&#10;|--JAVADOC_INLINE_TAG -&gt; JAVADOC_INLINE_TAG [0:0]&#10;|   |--JAVADOC_INLINE_TAG_START -&gt; { [0:0]&#10;|   |--LITERAL_LITERAL -&gt; @literal [0:1]&#10;|   |--WS -&gt;   [0:9]&#10;|   |--TEXT -&gt; as\n [0:10]&#10;|   |--LEADING_ASTERISK -&gt; * [1:0]&#10;|   |--TEXT -&gt;  as [1:1]&#10;|   `--JAVADOC_INLINE_TAG_END -&gt; } [1:5]&#10;`--EOF -&gt; &lt;EOF&gt; [1:6]&#13;]&#10;&gt;" type="org.junit.ComparisonFailure"><![CDATA[org.junit.ComparisonFailure: 
Generated tree from the javadoc file should match the pre-defined tree expected:<...DOC -> JAVADOC [0:0][
|--JAVADOC_INLINE_TAG -> JAVADOC_INLINE_TAG [0:0]
|   |--JAVADOC_INLINE_TAG_START -> { [0:0]
|   |--LITERAL_LITERAL -> @literal [0:1]
|   |--WS ->   [0:9]
|   |--TEXT -> as\n [0:10]
|   |--LEADING_ASTERISK -> * [1:0]
|   |--TEXT ->  as [1:1]
|   `--JAVADOC_INLINE_TAG_END -> } [1:5]
`--EOF -> <EOF> [1:6]]
> but was:<...DOC -> JAVADOC [0:0][
|--JAVADOC_INLINE_TAG -> JAVADOC_INLINE_TAG [0:0]
|   |--JAVADOC_INLINE_TAG_START -> { [0:0]
|   |--LITERAL_LITERAL -> @literal [0:1]
|   |--WS ->   [0:9]
|   |--TEXT -> as\n [0:10]
|   |--LEADING_ASTERISK -> * [1:0]
|   |--TEXT ->  as [1:1]
|   `--JAVADOC_INLINE_TAG_END -> } [1:5]
`--EOF -> <EOF> [1:6]]
>
	at com.puppycrawl.tools.checkstyle.grammar.javadoc.JavadocParseTreeTest.testAsteriskInLiteral(JavadocParseTreeTest.java:230)
]]></failure>
  </testcase>
  <testcase name="testSpaceBeforeDescriptionInInlineTags" classname="com.puppycrawl.tools.checkstyle.grammar.javadoc.JavadocParseTreeTest" time="0">
    <failure message="Generated tree from the javadoc file should match the pre-defined tree expected:&lt;...DOC -&gt; JAVADOC [0:0][&#10;|--LEADING_ASTERISK -&gt; * [0:0]&#10;|--TEXT -&gt;   [0:1]&#10;|--JAVADOC_INLINE_TAG -&gt; JAVADOC_INLINE_TAG [0:2]&#10;|   |--JAVADOC_INLINE_TAG_START -&gt; { [0:2]&#10;|   |--LINK_LITERAL -&gt; @link [0:3]&#10;|   |--NEWLINE -&gt; \n [0:8]&#10;|   |--LEADING_ASTERISK -&gt; * [1:0]&#10;|   |--WS -&gt;       [1:1]&#10;|   |--REFERENCE -&gt; REFERENCE [1:6]&#10;|   |   `--PACKAGE_CLASS -&gt; reference [1:6]&#10;|   |--WS -&gt;       [1:15]&#10;|   |--NEWLINE -&gt; \n [1:20]&#10;|   |--DESCRIPTION -&gt; DESCRIPTION [2:0]&#10;|   |   |--LEADING_ASTERISK -&gt; * [2:0]&#10;|   |   |--TEXT -&gt;      Description-on-multiple- [2:1]&#10;|   |   |--NEWLINE -&gt; \n [2:30]&#10;|   |   |--LEADING_ASTERISK -&gt; * [3:0]&#10;|   |   `--TEXT -&gt;      lines [3:1]&#10;|   `--JAVADOC_INLINE_TAG_END -&gt; } [3:11]&#10;|--NEWLINE -&gt; \n [3:12]&#10;|--NEWLINE -&gt; \n [4:0]&#10;|--LEADING_ASTERISK -&gt; * [5:0]&#10;|--TEXT -&gt;   [5:1]&#10;|--JAVADOC_INLINE_TAG -&gt; JAVADOC_INLINE_TAG [5:2]&#10;|   |--JAVADOC_INLINE_TAG_START -&gt; { [5:2]&#10;|   |--LINKPLAIN_LITERAL -&gt; @linkplain [5:3]&#10;|   |--NEWLINE -&gt; \n [5:13]&#10;|   |--LEADING_ASTERISK -&gt; * [6:0]&#10;|   |--WS -&gt;       [6:1]&#10;|   |--REFERENCE -&gt; REFERENCE [6:6]&#10;|   |   `--PACKAGE_CLASS -&gt; reference [6:6]&#10;|   |--WS -&gt;       [6:15]&#10;|   |--NEWLINE -&gt; \n [6:20]&#10;|   |--DESCRIPTION -&gt; DESCRIPTION [7:0]&#10;|   |   |--LEADING_ASTERISK -&gt; * [7:0]&#10;|   |   |--TEXT -&gt;      Description-on-multiple- [7:1]&#10;|   |   |--NEWLINE -&gt; \n [7:30]&#10;|   |   |--LEADING_ASTERISK -&gt; * [8:0]&#10;|   |   `--TEXT -&gt;      lines [8:1]&#10;|   `--JAVADOC_INLINE_TAG_END -&gt; } [8:11]&#10;|--NEWLINE -&gt; \n [8:12]&#10;|--NEWLINE -&gt; \n [9:0]&#10;|--NEWLINE -&gt; \n [10:0]&#10;|--LEADING_ASTERISK -&gt; * [11:0]&#10;|--TEXT -&gt;   [11:1]&#10;|--JAVADOC_INLINE_TAG -&gt; JAVADOC_INLINE_TAG [11:2]&#10;|   |--JAVADOC_INLINE_TAG_START -&gt; { [11:2]&#10;|   |--CUSTOM_NAME -&gt; @customlink [11:3]&#10;|   |--WS -&gt;       [11:14]&#10;|   |--NEWLINE -&gt; \n [11:19]&#10;|   |--LEADING_ASTERISK -&gt; * [12:0]&#10;|   |--WS -&gt;       [12:1]&#10;|   |--DESCRIPTION -&gt; DESCRIPTION [12:6]&#10;|   |   |--TEXT -&gt; reference      [12:6]&#10;|   |   |--NEWLINE -&gt; \n [12:20]&#10;|   |   |--LEADING_ASTERISK -&gt; * [13:0]&#10;|   |   |--TEXT -&gt;      Description-on-multiple- [13:1]&#10;|   |   |--NEWLINE -&gt; \n [13:30]&#10;|   |   |--LEADING_ASTERISK -&gt; * [14:0]&#10;|   |   `--TEXT -&gt;      lines [14:1]&#10;|   `--JAVADOC_INLINE_TAG_END -&gt; } [14:11]&#10;|--NEWLINE -&gt; \n [14:12]&#10;|--NEWLINE -&gt; \n [15:0]&#10;|--LEADING_ASTERISK -&gt; * [16:0]&#10;|--TEXT -&gt;   [16:1]&#10;|--JAVADOC_INLINE_TAG -&gt; JAVADOC_INLINE_TAG [16:2]&#10;|   |--JAVADOC_INLINE_TAG_START -&gt; { [16:2]&#10;|   |--VALUE_LITERAL -&gt; @value [16:3]&#10;|   |--WS -&gt;      [16:9]&#10;|   |--NEWLINE -&gt; \n [16:13]&#10;|   |--LEADING_ASTERISK -&gt; * [17:0]&#10;|   |--WS -&gt;       [17:1]&#10;|   |--REFERENCE -&gt; REFERENCE [17:6]&#10;|   |   `--PACKAGE_CLASS -&gt; Reference [17:6]&#10;|   `--JAVADOC_INLINE_TAG_END -&gt; } [17:15]&#10;`--EOF -&gt; &lt;EOF&gt; [17:16]]&#10;&gt; but was:&lt;...DOC -&gt; JAVADOC [0:0][&#10;|--LEADING_ASTERISK -&gt; * [0:0]&#10;|--TEXT -&gt;   [0:1]&#10;|--JAVADOC_INLINE_TAG -&gt; JAVADOC_INLINE_TAG [0:2]&#10;|   |--JAVADOC_INLINE_TAG_START -&gt; { [0:2]&#10;|   |--LINK_LITERAL -&gt; @link [0:3]&#10;|   |--NEWLINE -&gt; \n [0:8]&#10;|   |--LEADING_ASTERISK -&gt; * [1:0]&#10;|   |--WS -&gt;       [1:1]&#10;|   |--REFERENCE -&gt; REFERENCE [1:6]&#10;|   |   `--PACKAGE_CLASS -&gt; reference [1:6]&#10;|   |--WS -&gt;       [1:15]&#10;|   |--NEWLINE -&gt; \n [1:20]&#10;|   |--DESCRIPTION -&gt; DESCRIPTION [2:0]&#10;|   |   |--LEADING_ASTERISK -&gt; * [2:0]&#10;|   |   |--TEXT -&gt;      Description-on-multiple- [2:1]&#10;|   |   |--NEWLINE -&gt; \n [2:30]&#10;|   |   |--LEADING_ASTERISK -&gt; * [3:0]&#10;|   |   `--TEXT -&gt;      lines [3:1]&#10;|   `--JAVADOC_INLINE_TAG_END -&gt; } [3:11]&#10;|--NEWLINE -&gt; \n [3:12]&#10;|--NEWLINE -&gt; \n [4:0]&#10;|--LEADING_ASTERISK -&gt; * [5:0]&#10;|--TEXT -&gt;   [5:1]&#10;|--JAVADOC_INLINE_TAG -&gt; JAVADOC_INLINE_TAG [5:2]&#10;|   |--JAVADOC_INLINE_TAG_START -&gt; { [5:2]&#10;|   |--LINKPLAIN_LITERAL -&gt; @linkplain [5:3]&#10;|   |--NEWLINE -&gt; \n [5:13]&#10;|   |--LEADING_ASTERISK -&gt; * [6:0]&#10;|   |--WS -&gt;       [6:1]&#10;|   |--REFERENCE -&gt; REFERENCE [6:6]&#10;|   |   `--PACKAGE_CLASS -&gt; reference [6:6]&#10;|   |--WS -&gt;       [6:15]&#10;|   |--NEWLINE -&gt; \n [6:20]&#10;|   |--DESCRIPTION -&gt; DESCRIPTION [7:0]&#10;|   |   |--LEADING_ASTERISK -&gt; * [7:0]&#10;|   |   |--TEXT -&gt;      Description-on-multiple- [7:1]&#10;|   |   |--NEWLINE -&gt; \n [7:30]&#10;|   |   |--LEADING_ASTERISK -&gt; * [8:0]&#10;|   |   `--TEXT -&gt;      lines [8:1]&#10;|   `--JAVADOC_INLINE_TAG_END -&gt; } [8:11]&#10;|--NEWLINE -&gt; \n [8:12]&#10;|--NEWLINE -&gt; \n [9:0]&#10;|--NEWLINE -&gt; \n [10:0]&#10;|--LEADING_ASTERISK -&gt; * [11:0]&#10;|--TEXT -&gt;   [11:1]&#10;|--JAVADOC_INLINE_TAG -&gt; JAVADOC_INLINE_TAG [11:2]&#10;|   |--JAVADOC_INLINE_TAG_START -&gt; { [11:2]&#10;|   |--CUSTOM_NAME -&gt; @customlink [11:3]&#10;|   |--WS -&gt;       [11:14]&#10;|   |--NEWLINE -&gt; \n [11:19]&#10;|   |--LEADING_ASTERISK -&gt; * [12:0]&#10;|   |--WS -&gt;       [12:1]&#10;|   |--DESCRIPTION -&gt; DESCRIPTION [12:6]&#10;|   |   |--TEXT -&gt; reference      [12:6]&#10;|   |   |--NEWLINE -&gt; \n [12:20]&#10;|   |   |--LEADING_ASTERISK -&gt; * [13:0]&#10;|   |   |--TEXT -&gt;      Description-on-multiple- [13:1]&#10;|   |   |--NEWLINE -&gt; \n [13:30]&#10;|   |   |--LEADING_ASTERISK -&gt; * [14:0]&#10;|   |   `--TEXT -&gt;      lines [14:1]&#10;|   `--JAVADOC_INLINE_TAG_END -&gt; } [14:11]&#10;|--NEWLINE -&gt; \n [14:12]&#10;|--NEWLINE -&gt; \n [15:0]&#10;|--LEADING_ASTERISK -&gt; * [16:0]&#10;|--TEXT -&gt;   [16:1]&#10;|--JAVADOC_INLINE_TAG -&gt; JAVADOC_INLINE_TAG [16:2]&#10;|   |--JAVADOC_INLINE_TAG_START -&gt; { [16:2]&#10;|   |--VALUE_LITERAL -&gt; @value [16:3]&#10;|   |--WS -&gt;      [16:9]&#10;|   |--NEWLINE -&gt; \n [16:13]&#10;|   |--LEADING_ASTERISK -&gt; * [17:0]&#10;|   |--WS -&gt;       [17:1]&#10;|   |--REFERENCE -&gt; REFERENCE [17:6]&#10;|   |   `--PACKAGE_CLASS -&gt; Reference [17:6]&#10;|   `--JAVADOC_INLINE_TAG_END -&gt; } [17:15]&#10;`--EOF -&gt; &lt;EOF&gt; [17:16]&#13;]&#10;&gt;" type="org.junit.ComparisonFailure"><![CDATA[org.junit.ComparisonFailure: 
Generated tree from the javadoc file should match the pre-defined tree expected:<...DOC -> JAVADOC [0:0][
|--LEADING_ASTERISK -> * [0:0]
|--TEXT ->   [0:1]
|--JAVADOC_INLINE_TAG -> JAVADOC_INLINE_TAG [0:2]
|   |--JAVADOC_INLINE_TAG_START -> { [0:2]
|   |--LINK_LITERAL -> @link [0:3]
|   |--NEWLINE -> \n [0:8]
|   |--LEADING_ASTERISK -> * [1:0]
|   |--WS ->       [1:1]
|   |--REFERENCE -> REFERENCE [1:6]
|   |   `--PACKAGE_CLASS -> reference [1:6]
|   |--WS ->       [1:15]
|   |--NEWLINE -> \n [1:20]
|   |--DESCRIPTION -> DESCRIPTION [2:0]
|   |   |--LEADING_ASTERISK -> * [2:0]
|   |   |--TEXT ->      Description-on-multiple- [2:1]
|   |   |--NEWLINE -> \n [2:30]
|   |   |--LEADING_ASTERISK -> * [3:0]
|   |   `--TEXT ->      lines [3:1]
|   `--JAVADOC_INLINE_TAG_END -> } [3:11]
|--NEWLINE -> \n [3:12]
|--NEWLINE -> \n [4:0]
|--LEADING_ASTERISK -> * [5:0]
|--TEXT ->   [5:1]
|--JAVADOC_INLINE_TAG -> JAVADOC_INLINE_TAG [5:2]
|   |--JAVADOC_INLINE_TAG_START -> { [5:2]
|   |--LINKPLAIN_LITERAL -> @linkplain [5:3]
|   |--NEWLINE -> \n [5:13]
|   |--LEADING_ASTERISK -> * [6:0]
|   |--WS ->       [6:1]
|   |--REFERENCE -> REFERENCE [6:6]
|   |   `--PACKAGE_CLASS -> reference [6:6]
|   |--WS ->       [6:15]
|   |--NEWLINE -> \n [6:20]
|   |--DESCRIPTION -> DESCRIPTION [7:0]
|   |   |--LEADING_ASTERISK -> * [7:0]
|   |   |--TEXT ->      Description-on-multiple- [7:1]
|   |   |--NEWLINE -> \n [7:30]
|   |   |--LEADING_ASTERISK -> * [8:0]
|   |   `--TEXT ->      lines [8:1]
|   `--JAVADOC_INLINE_TAG_END -> } [8:11]
|--NEWLINE -> \n [8:12]
|--NEWLINE -> \n [9:0]
|--NEWLINE -> \n [10:0]
|--LEADING_ASTERISK -> * [11:0]
|--TEXT ->   [11:1]
|--JAVADOC_INLINE_TAG -> JAVADOC_INLINE_TAG [11:2]
|   |--JAVADOC_INLINE_TAG_START -> { [11:2]
|   |--CUSTOM_NAME -> @customlink [11:3]
|   |--WS ->       [11:14]
|   |--NEWLINE -> \n [11:19]
|   |--LEADING_ASTERISK -> * [12:0]
|   |--WS ->       [12:1]
|   |--DESCRIPTION -> DESCRIPTION [12:6]
|   |   |--TEXT -> reference      [12:6]
|   |   |--NEWLINE -> \n [12:20]
|   |   |--LEADING_ASTERISK -> * [13:0]
|   |   |--TEXT ->      Description-on-multiple- [13:1]
|   |   |--NEWLINE -> \n [13:30]
|   |   |--LEADING_ASTERISK -> * [14:0]
|   |   `--TEXT ->      lines [14:1]
|   `--JAVADOC_INLINE_TAG_END -> } [14:11]
|--NEWLINE -> \n [14:12]
|--NEWLINE -> \n [15:0]
|--LEADING_ASTERISK -> * [16:0]
|--TEXT ->   [16:1]
|--JAVADOC_INLINE_TAG -> JAVADOC_INLINE_TAG [16:2]
|   |--JAVADOC_INLINE_TAG_START -> { [16:2]
|   |--VALUE_LITERAL -> @value [16:3]
|   |--WS ->      [16:9]
|   |--NEWLINE -> \n [16:13]
|   |--LEADING_ASTERISK -> * [17:0]
|   |--WS ->       [17:1]
|   |--REFERENCE -> REFERENCE [17:6]
|   |   `--PACKAGE_CLASS -> Reference [17:6]
|   `--JAVADOC_INLINE_TAG_END -> } [17:15]
`--EOF -> <EOF> [17:16]]
> but was:<...DOC -> JAVADOC [0:0][
|--LEADING_ASTERISK -> * [0:0]
|--TEXT ->   [0:1]
|--JAVADOC_INLINE_TAG -> JAVADOC_INLINE_TAG [0:2]
|   |--JAVADOC_INLINE_TAG_START -> { [0:2]
|   |--LINK_LITERAL -> @link [0:3]
|   |--NEWLINE -> \n [0:8]
|   |--LEADING_ASTERISK -> * [1:0]
|   |--WS ->       [1:1]
|   |--REFERENCE -> REFERENCE [1:6]
|   |   `--PACKAGE_CLASS -> reference [1:6]
|   |--WS ->       [1:15]
|   |--NEWLINE -> \n [1:20]
|   |--DESCRIPTION -> DESCRIPTION [2:0]
|   |   |--LEADING_ASTERISK -> * [2:0]
|   |   |--TEXT ->      Description-on-multiple- [2:1]
|   |   |--NEWLINE -> \n [2:30]
|   |   |--LEADING_ASTERISK -> * [3:0]
|   |   `--TEXT ->      lines [3:1]
|   `--JAVADOC_INLINE_TAG_END -> } [3:11]
|--NEWLINE -> \n [3:12]
|--NEWLINE -> \n [4:0]
|--LEADING_ASTERISK -> * [5:0]
|--TEXT ->   [5:1]
|--JAVADOC_INLINE_TAG -> JAVADOC_INLINE_TAG [5:2]
|   |--JAVADOC_INLINE_TAG_START -> { [5:2]
|   |--LINKPLAIN_LITERAL -> @linkplain [5:3]
|   |--NEWLINE -> \n [5:13]
|   |--LEADING_ASTERISK -> * [6:0]
|   |--WS ->       [6:1]
|   |--REFERENCE -> REFERENCE [6:6]
|   |   `--PACKAGE_CLASS -> reference [6:6]
|   |--WS ->       [6:15]
|   |--NEWLINE -> \n [6:20]
|   |--DESCRIPTION -> DESCRIPTION [7:0]
|   |   |--LEADING_ASTERISK -> * [7:0]
|   |   |--TEXT ->      Description-on-multiple- [7:1]
|   |   |--NEWLINE -> \n [7:30]
|   |   |--LEADING_ASTERISK -> * [8:0]
|   |   `--TEXT ->      lines [8:1]
|   `--JAVADOC_INLINE_TAG_END -> } [8:11]
|--NEWLINE -> \n [8:12]
|--NEWLINE -> \n [9:0]
|--NEWLINE -> \n [10:0]
|--LEADING_ASTERISK -> * [11:0]
|--TEXT ->   [11:1]
|--JAVADOC_INLINE_TAG -> JAVADOC_INLINE_TAG [11:2]
|   |--JAVADOC_INLINE_TAG_START -> { [11:2]
|   |--CUSTOM_NAME -> @customlink [11:3]
|   |--WS ->       [11:14]
|   |--NEWLINE -> \n [11:19]
|   |--LEADING_ASTERISK -> * [12:0]
|   |--WS ->       [12:1]
|   |--DESCRIPTION -> DESCRIPTION [12:6]
|   |   |--TEXT -> reference      [12:6]
|   |   |--NEWLINE -> \n [12:20]
|   |   |--LEADING_ASTERISK -> * [13:0]
|   |   |--TEXT ->      Description-on-multiple- [13:1]
|   |   |--NEWLINE -> \n [13:30]
|   |   |--LEADING_ASTERISK -> * [14:0]
|   |   `--TEXT ->      lines [14:1]
|   `--JAVADOC_INLINE_TAG_END -> } [14:11]
|--NEWLINE -> \n [14:12]
|--NEWLINE -> \n [15:0]
|--LEADING_ASTERISK -> * [16:0]
|--TEXT ->   [16:1]
|--JAVADOC_INLINE_TAG -> JAVADOC_INLINE_TAG [16:2]
|   |--JAVADOC_INLINE_TAG_START -> { [16:2]
|   |--VALUE_LITERAL -> @value [16:3]
|   |--WS ->      [16:9]
|   |--NEWLINE -> \n [16:13]
|   |--LEADING_ASTERISK -> * [17:0]
|   |--WS ->       [17:1]
|   |--REFERENCE -> REFERENCE [17:6]
|   |   `--PACKAGE_CLASS -> Reference [17:6]
|   `--JAVADOC_INLINE_TAG_END -> } [17:15]
`--EOF -> <EOF> [17:16]]
>
	at com.puppycrawl.tools.checkstyle.grammar.javadoc.JavadocParseTreeTest.testSpaceBeforeDescriptionInInlineTags(JavadocParseTreeTest.java:284)
]]></failure>
  </testcase>
  <testcase name="testNonTightRtcHtmlTag" classname="com.puppycrawl.tools.checkstyle.grammar.javadoc.JavadocParseTreeTest" time="0.047">
    <failure message="Generated tree from the javadoc file should match the pre-defined tree expected:&lt;...DOC -&gt; JAVADOC [0:0][&#10;|--LEADING_ASTERISK -&gt; * [0:0]&#10;|--TEXT -&gt;   [0:1]&#10;|--HTML_ELEMENT -&gt; HTML_ELEMENT [0:2]&#10;|   `--RTC_TAG_END -&gt; RTC_TAG_END [0:2]&#10;|       |--START -&gt; &lt; [0:2]&#10;|       |--SLASH -&gt; / [0:3]&#10;|       |--RTC_HTML_TAG_NAME -&gt; rtc [0:4]&#10;|       `--END -&gt; &gt; [0:7]&#10;|--TEXT -&gt;   [0:8]&#10;|--HTML_ELEMENT -&gt; HTML_ELEMENT [0:9]&#10;|   `--RTC_TAG_START -&gt; RTC_TAG_START [0:9]&#10;|       |--START -&gt; &lt; [0:9]&#10;|       |--RTC_HTML_TAG_NAME -&gt; rtc [0:10]&#10;|       `--END -&gt; &gt; [0:13]&#10;|--NEWLINE -&gt; \n [0:14]&#10;|--LEADING_ASTERISK -&gt; * [1:0]&#10;|--TEXT -&gt;   [1:1]&#10;|--HTML_ELEMENT -&gt; HTML_ELEMENT [1:2]&#10;|   `--PARAGRAPH -&gt; PARAGRAPH [1:2]&#10;|       |--P_TAG_START -&gt; P_TAG_START [1:2]&#10;|       |   |--START -&gt; &lt; [1:2]&#10;|       |   |--P_HTML_TAG_NAME -&gt; p [1:3]&#10;|       |   `--END -&gt; &gt; [1:4]&#10;|       |--TEXT -&gt;   [1:5]&#10;|       |--RTC_TAG_START -&gt; RTC_TAG_START [1:6]&#10;|       |   |--START -&gt; &lt; [1:6]&#10;|       |   |--RTC_HTML_TAG_NAME -&gt; rtc [1:7]&#10;|       |   `--END -&gt; &gt; [1:10]&#10;|       |--TEXT -&gt;   [1:11]&#10;|       `--P_TAG_END -&gt; P_TAG_END [1:12]&#10;|           |--START -&gt; &lt; [1:12]&#10;|           |--SLASH -&gt; / [1:13]&#10;|           |--P_HTML_TAG_NAME -&gt; p [1:14]&#10;|           `--END -&gt; &gt; [1:15]&#10;|--NEWLINE -&gt; \n [1:16]&#10;|--LEADING_ASTERISK -&gt; * [2:0]&#10;|--TEXT -&gt;   [2:1]&#10;|--HTML_ELEMENT -&gt; HTML_ELEMENT [2:2]&#10;|   `--LI -&gt; LI [2:2]&#10;|       |--LI_TAG_START -&gt; LI_TAG_START [2:2]&#10;|       |   |--START -&gt; &lt; [2:2]&#10;|       |   |--LI_HTML_TAG_NAME -&gt; li [2:3]&#10;|       |   `--END -&gt; &gt; [2:5]&#10;|       |--TEXT -&gt;   [2:6]&#10;|       |--RTC_TAG_START -&gt; RTC_TAG_START [2:7]&#10;|       |   |--START -&gt; &lt; [2:7]&#10;|       |   |--RTC_HTML_TAG_NAME -&gt; rtc [2:8]&#10;|       |   `--END -&gt; &gt; [2:11]&#10;|       |--TEXT -&gt;   [2:12]&#10;|       `--LI_TAG_END -&gt; LI_TAG_END [2:13]&#10;|           |--START -&gt; &lt; [2:13]&#10;|           |--SLASH -&gt; / [2:14]&#10;|           |--LI_HTML_TAG_NAME -&gt; li [2:15]&#10;|           `--END -&gt; &gt; [2:17]&#10;|--NEWLINE -&gt; \n [2:18]&#10;|--LEADING_ASTERISK -&gt; * [3:0]&#10;|--TEXT -&gt;   [3:1]&#10;|--HTML_ELEMENT -&gt; HTML_ELEMENT [3:2]&#10;|   `--TR -&gt; TR [3:2]&#10;|       |--TR_TAG_START -&gt; TR_TAG_START [3:2]&#10;|       |   |--START -&gt; &lt; [3:2]&#10;|       |   |--TR_HTML_TAG_NAME -&gt; tr [3:3]&#10;|       |   `--END -&gt; &gt; [3:5]&#10;|       |--TEXT -&gt;   [3:6]&#10;|       |--RTC_TAG_START -&gt; RTC_TAG_START [3:7]&#10;|       |   |--START -&gt; &lt; [3:7]&#10;|       |   |--RTC_HTML_TAG_NAME -&gt; rtc [3:8]&#10;|       |   `--END -&gt; &gt; [3:11]&#10;|       |--TEXT -&gt;   [3:12]&#10;|       `--TR_TAG_END -&gt; TR_TAG_END [3:13]&#10;|           |--START -&gt; &lt; [3:13]&#10;|           |--SLASH -&gt; / [3:14]&#10;|           |--TR_HTML_TAG_NAME -&gt; tr [3:15]&#10;|           `--END -&gt; &gt; [3:17]&#10;|--NEWLINE -&gt; \n [3:18]&#10;|--LEADING_ASTERISK -&gt; * [4:0]&#10;|--TEXT -&gt;   [4:1]&#10;|--HTML_ELEMENT -&gt; HTML_ELEMENT [4:2]&#10;|   `--TD -&gt; TD [4:2]&#10;|       |--TD_TAG_START -&gt; TD_TAG_START [4:2]&#10;|       |   |--START -&gt; &lt; [4:2]&#10;|       |   |--TD_HTML_TAG_NAME -&gt; td [4:3]&#10;|       |   `--END -&gt; &gt; [4:5]&#10;|       |--TEXT -&gt;   [4:6]&#10;|       |--RTC_TAG_START -&gt; RTC_TAG_START [4:7]&#10;|       |   |--START -&gt; &lt; [4:7]&#10;|       |   |--RTC_HTML_TAG_NAME -&gt; Rtc [4:8]&#10;|       |   `--END -&gt; &gt; [4:11]&#10;|       |--TEXT -&gt;   [4:12]&#10;|       `--TD_TAG_END -&gt; TD_TAG_END [4:13]&#10;|           |--START -&gt; &lt; [4:13]&#10;|           |--SLASH -&gt; / [4:14]&#10;|           |--TD_HTML_TAG_NAME -&gt; td [4:15]&#10;|           `--END -&gt; &gt; [4:17]&#10;|--NEWLINE -&gt; \n [4:18]&#10;|--LEADING_ASTERISK -&gt; * [5:0]&#10;|--TEXT -&gt;   [5:1]&#10;|--HTML_ELEMENT -&gt; HTML_ELEMENT [5:2]&#10;|   `--TH -&gt; TH [5:2]&#10;|       |--TH_TAG_START -&gt; TH_TAG_START [5:2]&#10;|       |   |--START -&gt; &lt; [5:2]&#10;|       |   |--TH_HTML_TAG_NAME -&gt; th [5:3]&#10;|       |   `--END -&gt; &gt; [5:5]&#10;|       |--TEXT -&gt;   [5:6]&#10;|       |--RTC_TAG_START -&gt; RTC_TAG_START [5:7]&#10;|       |   |--START -&gt; &lt; [5:7]&#10;|       |   |--RTC_HTML_TAG_NAME -&gt; rTc [5:8]&#10;|       |   `--END -&gt; &gt; [5:11]&#10;|       |--TEXT -&gt;   [5:12]&#10;|       `--TH_TAG_END -&gt; TH_TAG_END [5:13]&#10;|           |--START -&gt; &lt; [5:13]&#10;|           |--SLASH -&gt; / [5:14]&#10;|           |--TH_HTML_TAG_NAME -&gt; th [5:15]&#10;|           `--END -&gt; &gt; [5:17]&#10;|--NEWLINE -&gt; \n [5:18]&#10;|--LEADING_ASTERISK -&gt; * [6:0]&#10;|--TEXT -&gt;   [6:1]&#10;|--HTML_ELEMENT -&gt; HTML_ELEMENT [6:2]&#10;|   `--BODY -&gt; BODY [6:2]&#10;|       |--BODY_TAG_START -&gt; BODY_TAG_START [6:2]&#10;|       |   |--START -&gt; &lt; [6:2]&#10;|       |   |--BODY_HTML_TAG_NAME -&gt; body [6:3]&#10;|       |   `--END -&gt; &gt; [6:7]&#10;|       |--TEXT -&gt;   [6:8]&#10;|       |--RTC_TAG_START -&gt; RTC_TAG_START [6:9]&#10;|       |   |--START -&gt; &lt; [6:9]&#10;|       |   |--RTC_HTML_TAG_NAME -&gt; rtC [6:10]&#10;|       |   `--END -&gt; &gt; [6:13]&#10;|       |--TEXT -&gt;   [6:14]&#10;|       `--BODY_TAG_END -&gt; BODY_TAG_END [6:15]&#10;|           |--START -&gt; &lt; [6:15]&#10;|           |--SLASH -&gt; / [6:16]&#10;|           |--BODY_HTML_TAG_NAME -&gt; body [6:17]&#10;|           `--END -&gt; &gt; [6:21]&#10;|--NEWLINE -&gt; \n [6:22]&#10;|--LEADING_ASTERISK -&gt; * [7:0]&#10;|--TEXT -&gt;   [7:1]&#10;|--HTML_ELEMENT -&gt; HTML_ELEMENT [7:2]&#10;|   `--COLGROUP -&gt; COLGROUP [7:2]&#10;|       |--COLGROUP_TAG_START -&gt; COLGROUP_TAG_START [7:2]&#10;|       |   |--START -&gt; &lt; [7:2]&#10;|       |   |--COLGROUP_HTML_TAG_NAME -&gt; colgroup [7:3]&#10;|       |   `--END -&gt; &gt; [7:11]&#10;|       |--TEXT -&gt;   [7:12]&#10;|       |--RTC_TAG_START -&gt; RTC_TAG_START [7:13]&#10;|       |   |--START -&gt; &lt; [7:13]&#10;|       |   |--RTC_HTML_TAG_NAME -&gt; RTC [7:14]&#10;|       |   `--END -&gt; &gt; [7:17]&#10;|       |--TEXT -&gt;   [7:18]&#10;|       `--COLGROUP_TAG_END -&gt; COLGROUP_TAG_END [7:19]&#10;|           |--START -&gt; &lt; [7:19]&#10;|           |--SLASH -&gt; / [7:20]&#10;|           |--COLGROUP_HTML_TAG_NAME -&gt; colgroup [7:21]&#10;|           `--END -&gt; &gt; [7:29]&#10;|--NEWLINE -&gt; \n [7:30]&#10;|--LEADING_ASTERISK -&gt; * [8:0]&#10;|--TEXT -&gt;   [8:1]&#10;|--HTML_ELEMENT -&gt; HTML_ELEMENT [8:2]&#10;|   `--DD -&gt; DD [8:2]&#10;|       |--DD_TAG_START -&gt; DD_TAG_START [8:2]&#10;|       |   |--START -&gt; &lt; [8:2]&#10;|       |   |--DD_HTML_TAG_NAME -&gt; dd [8:3]&#10;|       |   `--END -&gt; &gt; [8:5]&#10;|       |--TEXT -&gt;   [8:6]&#10;|       |--RTC_TAG_START -&gt; RTC_TAG_START [8:7]&#10;|       |   |--START -&gt; &lt; [8:7]&#10;|       |   |--RTC_HTML_TAG_NAME -&gt; RTc [8:8]&#10;|       |   `--END -&gt; &gt; [8:11]&#10;|       |--TEXT -&gt;   [8:12]&#10;|       `--DD_TAG_END -&gt; DD_TAG_END [8:13]&#10;|           |--START -&gt; &lt; [8:13]&#10;|           |--SLASH -&gt; / [8:14]&#10;|           |--DD_HTML_TAG_NAME -&gt; dd [8:15]&#10;|           `--END -&gt; &gt; [8:17]&#10;|--NEWLINE -&gt; \n [8:18]&#10;|--LEADING_ASTERISK -&gt; * [9:0]&#10;|--TEXT -&gt;   [9:1]&#10;|--HTML_ELEMENT -&gt; HTML_ELEMENT [9:2]&#10;|   `--DT -&gt; DT [9:2]&#10;|       |--DT_TAG_START -&gt; DT_TAG_START [9:2]&#10;|       |   |--START -&gt; &lt; [9:2]&#10;|       |   |--DT_HTML_TAG_NAME -&gt; dt [9:3]&#10;|       |   `--END -&gt; &gt; [9:5]&#10;|       |--TEXT -&gt;   [9:6]&#10;|       |--RTC_TAG_START -&gt; RTC_TAG_START [9:7]&#10;|       |   |--START -&gt; &lt; [9:7]&#10;|       |   |--RTC_HTML_TAG_NAME -&gt; rTC [9:8]&#10;|       |   `--END -&gt; &gt; [9:11]&#10;|       |--TEXT -&gt;   [9:12]&#10;|       `--DT_TAG_END -&gt; DT_TAG_END [9:13]&#10;|           |--START -&gt; &lt; [9:13]&#10;|           |--SLASH -&gt; / [9:14]&#10;|           |--DT_HTML_TAG_NAME -&gt; dt [9:15]&#10;|           `--END -&gt; &gt; [9:17]&#10;|--NEWLINE -&gt; \n [9:18]&#10;|--LEADING_ASTERISK -&gt; * [10:0]&#10;|--TEXT -&gt;   [10:1]&#10;|--HTML_ELEMENT -&gt; HTML_ELEMENT [10:2]&#10;|   `--HEAD -&gt; HEAD [10:2]&#10;|       |--HEAD_TAG_START -&gt; HEAD_TAG_START [10:2]&#10;|       |   |--START -&gt; &lt; [10:2]&#10;|       |   |--HEAD_HTML_TAG_NAME -&gt; head [10:3]&#10;|       |   `--END -&gt; &gt; [10:7]&#10;|       |--TEXT -&gt;   [10:8]&#10;|       |--RTC_TAG_START -&gt; RTC_TAG_START [10:9]&#10;|       |   |--START -&gt; &lt; [10:9]&#10;|       |   |--RTC_HTML_TAG_NAME -&gt; RtC [10:10]&#10;|       |   `--END -&gt; &gt; [10:13]&#10;|       |--TEXT -&gt;   [10:14]&#10;|       `--HEAD_TAG_END -&gt; HEAD_TAG_END [10:15]&#10;|           |--START -&gt; &lt; [10:15]&#10;|           |--SLASH -&gt; / [10:16]&#10;|           |--HEAD_HTML_TAG_NAME -&gt; head [10:17]&#10;|           `--END -&gt; &gt; [10:21]&#10;|--NEWLINE -&gt; \n [10:22]&#10;|--LEADING_ASTERISK -&gt; * [11:0]&#10;|--TEXT -&gt;   [11:1]&#10;|--HTML_ELEMENT -&gt; HTML_ELEMENT [11:2]&#10;|   `--HTML -&gt; HTML [11:2]&#10;|       |--HTML_TAG_START -&gt; HTML_TAG_START [11:2]&#10;|       |   |--START -&gt; &lt; [11:2]&#10;|       |   |--HTML_HTML_TAG_NAME -&gt; html [11:3]&#10;|       |   `--END -&gt; &gt; [11:7]&#10;|       |--TEXT -&gt;   [11:8]&#10;|       |--RTC_TAG_START -&gt; RTC_TAG_START [11:9]&#10;|       |   |--START -&gt; &lt; [11:9]&#10;|       |   |--RTC_HTML_TAG_NAME -&gt; rtc [11:10]&#10;|       |   `--END -&gt; &gt; [11:13]&#10;|       |--TEXT -&gt;   [11:14]&#10;|       `--HTML_TAG_END -&gt; HTML_TAG_END [11:15]&#10;|           |--START -&gt; &lt; [11:15]&#10;|           |--SLASH -&gt; / [11:16]&#10;|           |--HTML_HTML_TAG_NAME -&gt; html [11:17]&#10;|           `--END -&gt; &gt; [11:21]&#10;|--NEWLINE -&gt; \n [11:22]&#10;|--LEADING_ASTERISK -&gt; * [12:0]&#10;|--TEXT -&gt;   [12:1]&#10;|--HTML_ELEMENT -&gt; HTML_ELEMENT [12:2]&#10;|   `--OPTION -&gt; OPTION [12:2]&#10;|       |--OPTION_TAG_START -&gt; OPTION_TAG_START [12:2]&#10;|       |   |--START -&gt; &lt; [12:2]&#10;|       |   |--OPTION_HTML_TAG_NAME -&gt; option [12:3]&#10;|       |   `--END -&gt; &gt; [12:9]&#10;|       |--TEXT -&gt;   [12:10]&#10;|       |--RTC_TAG_START -&gt; RTC_TAG_START [12:11]&#10;|       |   |--START -&gt; &lt; [12:11]&#10;|       |   |--RTC_HTML_TAG_NAME -&gt; rtc [12:12]&#10;|       |   `--END -&gt; &gt; [12:15]&#10;|       |--TEXT -&gt;   [12:16]&#10;|       `--OPTION_TAG_END -&gt; OPTION_TAG_END [12:17]&#10;|           |--START -&gt; &lt; [12:17]&#10;|           |--SLASH -&gt; / [12:18]&#10;|           |--OPTION_HTML_TAG_NAME -&gt; option [12:19]&#10;|           `--END -&gt; &gt; [12:25]&#10;|--NEWLINE -&gt; \n [12:26]&#10;|--LEADING_ASTERISK -&gt; * [13:0]&#10;|--TEXT -&gt;   [13:1]&#10;|--HTML_ELEMENT -&gt; HTML_ELEMENT [13:2]&#10;|   `--TBODY -&gt; TBODY [13:2]&#10;|       |--TBODY_TAG_START -&gt; TBODY_TAG_START [13:2]&#10;|       |   |--START -&gt; &lt; [13:2]&#10;|       |   |--TBODY_HTML_TAG_NAME -&gt; tbody [13:3]&#10;|       |   `--END -&gt; &gt; [13:8]&#10;|       |--TEXT -&gt;   [13:9]&#10;|       |--RTC_TAG_START -&gt; RTC_TAG_START [13:10]&#10;|       |   |--START -&gt; &lt; [13:10]&#10;|       |   |--RTC_HTML_TAG_NAME -&gt; RTC [13:11]&#10;|       |   `--END -&gt; &gt; [13:14]&#10;|       |--TEXT -&gt;   [13:15]&#10;|       `--TBODY_TAG_END -&gt; TBODY_TAG_END [13:16]&#10;|           |--START -&gt; &lt; [13:16]&#10;|           |--SLASH -&gt; / [13:17]&#10;|           |--TBODY_HTML_TAG_NAME -&gt; tbody [13:18]&#10;|           `--END -&gt; &gt; [13:23]&#10;|--NEWLINE -&gt; \n [13:24]&#10;|--LEADING_ASTERISK -&gt; * [14:0]&#10;|--TEXT -&gt;   [14:1]&#10;|--HTML_ELEMENT -&gt; HTML_ELEMENT [14:2]&#10;|   `--TFOOT -&gt; TFOOT [14:2]&#10;|       |--TFOOT_TAG_START -&gt; TFOOT_TAG_START [14:2]&#10;|       |   |--START -&gt; &lt; [14:2]&#10;|       |   |--TFOOT_HTML_TAG_NAME -&gt; tfoot [14:3]&#10;|       |   `--END -&gt; &gt; [14:8]&#10;|       |--TEXT -&gt;   [14:9]&#10;|       |--RTC_TAG_START -&gt; RTC_TAG_START [14:10]&#10;|       |   |--START -&gt; &lt; [14:10]&#10;|       |   |--RTC_HTML_TAG_NAME -&gt; rtc [14:11]&#10;|       |   `--END -&gt; &gt; [14:14]&#10;|       |--TEXT -&gt;   [14:15]&#10;|       `--TFOOT_TAG_END -&gt; TFOOT_TAG_END [14:16]&#10;|           |--START -&gt; &lt; [14:16]&#10;|           |--SLASH -&gt; / [14:17]&#10;|           |--TFOOT_HTML_TAG_NAME -&gt; tfoot [14:18]&#10;|           `--END -&gt; &gt; [14:23]&#10;|--NEWLINE -&gt; \n [14:24]&#10;|--LEADING_ASTERISK -&gt; * [15:0]&#10;|--TEXT -&gt;   [15:1]&#10;|--HTML_ELEMENT -&gt; HTML_ELEMENT [15:2]&#10;|   `--RTC_TAG_START -&gt; RTC_TAG_START [15:2]&#10;|       |--START -&gt; &lt; [15:2]&#10;|       |--RTC_HTML_TAG_NAME -&gt; rtc [15:3]&#10;|       |--WS -&gt;   [15:6]&#10;|       |--ATTRIBUTE -&gt; ATTRIBUTE [15:7]&#10;|       |   |--HTML_TAG_NAME -&gt; style [15:7]&#10;|       |   |--EQUALS -&gt; = [15:12]&#10;|       |   `--ATTR_VALUE -&gt; &quot;color:red&quot; [15:13]&#10;|       |--WS -&gt;   [15:25]&#10;|       |--NEWLINE -&gt; \n [15:26]&#10;|       |--LEADING_ASTERISK -&gt; * [16:0]&#10;|       |--NEWLINE -&gt; \n [16:1]&#10;|       |--LEADING_ASTERISK -&gt; * [17:0]&#10;|       |--WS -&gt;   [17:1]&#10;|       `--END -&gt; &gt; [17:2]&#10;|--TEXT -&gt;   [17:3]&#10;|--HTML_COMMENT -&gt; HTML_COMMENT [17:4]&#10;|   |--HTML_COMMENT_START -&gt; &lt;!-- [17:4]&#10;|   |--TEXT -&gt; HTML COMMENT [17:8]&#10;|   `--HTML_COMMENT_END -&gt; --&gt; [17:20]&#10;`--EOF -&gt; &lt;EOF&gt; [17:23]]&#10;&gt; but was:&lt;...DOC -&gt; JAVADOC [0:0][&#10;|--LEADING_ASTERISK -&gt; * [0:0]&#10;|--TEXT -&gt;   [0:1]&#10;|--HTML_ELEMENT -&gt; HTML_ELEMENT [0:2]&#10;|   `--RTC_TAG_END -&gt; RTC_TAG_END [0:2]&#10;|       |--START -&gt; &lt; [0:2]&#10;|       |--SLASH -&gt; / [0:3]&#10;|       |--RTC_HTML_TAG_NAME -&gt; rtc [0:4]&#10;|       `--END -&gt; &gt; [0:7]&#10;|--TEXT -&gt;   [0:8]&#10;|--HTML_ELEMENT -&gt; HTML_ELEMENT [0:9]&#10;|   `--RTC_TAG_START -&gt; RTC_TAG_START [0:9]&#10;|       |--START -&gt; &lt; [0:9]&#10;|       |--RTC_HTML_TAG_NAME -&gt; rtc [0:10]&#10;|       `--END -&gt; &gt; [0:13]&#10;|--NEWLINE -&gt; \n [0:14]&#10;|--LEADING_ASTERISK -&gt; * [1:0]&#10;|--TEXT -&gt;   [1:1]&#10;|--HTML_ELEMENT -&gt; HTML_ELEMENT [1:2]&#10;|   `--PARAGRAPH -&gt; PARAGRAPH [1:2]&#10;|       |--P_TAG_START -&gt; P_TAG_START [1:2]&#10;|       |   |--START -&gt; &lt; [1:2]&#10;|       |   |--P_HTML_TAG_NAME -&gt; p [1:3]&#10;|       |   `--END -&gt; &gt; [1:4]&#10;|       |--TEXT -&gt;   [1:5]&#10;|       |--RTC_TAG_START -&gt; RTC_TAG_START [1:6]&#10;|       |   |--START -&gt; &lt; [1:6]&#10;|       |   |--RTC_HTML_TAG_NAME -&gt; rtc [1:7]&#10;|       |   `--END -&gt; &gt; [1:10]&#10;|       |--TEXT -&gt;   [1:11]&#10;|       `--P_TAG_END -&gt; P_TAG_END [1:12]&#10;|           |--START -&gt; &lt; [1:12]&#10;|           |--SLASH -&gt; / [1:13]&#10;|           |--P_HTML_TAG_NAME -&gt; p [1:14]&#10;|           `--END -&gt; &gt; [1:15]&#10;|--NEWLINE -&gt; \n [1:16]&#10;|--LEADING_ASTERISK -&gt; * [2:0]&#10;|--TEXT -&gt;   [2:1]&#10;|--HTML_ELEMENT -&gt; HTML_ELEMENT [2:2]&#10;|   `--LI -&gt; LI [2:2]&#10;|       |--LI_TAG_START -&gt; LI_TAG_START [2:2]&#10;|       |   |--START -&gt; &lt; [2:2]&#10;|       |   |--LI_HTML_TAG_NAME -&gt; li [2:3]&#10;|       |   `--END -&gt; &gt; [2:5]&#10;|       |--TEXT -&gt;   [2:6]&#10;|       |--RTC_TAG_START -&gt; RTC_TAG_START [2:7]&#10;|       |   |--START -&gt; &lt; [2:7]&#10;|       |   |--RTC_HTML_TAG_NAME -&gt; rtc [2:8]&#10;|       |   `--END -&gt; &gt; [2:11]&#10;|       |--TEXT -&gt;   [2:12]&#10;|       `--LI_TAG_END -&gt; LI_TAG_END [2:13]&#10;|           |--START -&gt; &lt; [2:13]&#10;|           |--SLASH -&gt; / [2:14]&#10;|           |--LI_HTML_TAG_NAME -&gt; li [2:15]&#10;|           `--END -&gt; &gt; [2:17]&#10;|--NEWLINE -&gt; \n [2:18]&#10;|--LEADING_ASTERISK -&gt; * [3:0]&#10;|--TEXT -&gt;   [3:1]&#10;|--HTML_ELEMENT -&gt; HTML_ELEMENT [3:2]&#10;|   `--TR -&gt; TR [3:2]&#10;|       |--TR_TAG_START -&gt; TR_TAG_START [3:2]&#10;|       |   |--START -&gt; &lt; [3:2]&#10;|       |   |--TR_HTML_TAG_NAME -&gt; tr [3:3]&#10;|       |   `--END -&gt; &gt; [3:5]&#10;|       |--TEXT -&gt;   [3:6]&#10;|       |--RTC_TAG_START -&gt; RTC_TAG_START [3:7]&#10;|       |   |--START -&gt; &lt; [3:7]&#10;|       |   |--RTC_HTML_TAG_NAME -&gt; rtc [3:8]&#10;|       |   `--END -&gt; &gt; [3:11]&#10;|       |--TEXT -&gt;   [3:12]&#10;|       `--TR_TAG_END -&gt; TR_TAG_END [3:13]&#10;|           |--START -&gt; &lt; [3:13]&#10;|           |--SLASH -&gt; / [3:14]&#10;|           |--TR_HTML_TAG_NAME -&gt; tr [3:15]&#10;|           `--END -&gt; &gt; [3:17]&#10;|--NEWLINE -&gt; \n [3:18]&#10;|--LEADING_ASTERISK -&gt; * [4:0]&#10;|--TEXT -&gt;   [4:1]&#10;|--HTML_ELEMENT -&gt; HTML_ELEMENT [4:2]&#10;|   `--TD -&gt; TD [4:2]&#10;|       |--TD_TAG_START -&gt; TD_TAG_START [4:2]&#10;|       |   |--START -&gt; &lt; [4:2]&#10;|       |   |--TD_HTML_TAG_NAME -&gt; td [4:3]&#10;|       |   `--END -&gt; &gt; [4:5]&#10;|       |--TEXT -&gt;   [4:6]&#10;|       |--RTC_TAG_START -&gt; RTC_TAG_START [4:7]&#10;|       |   |--START -&gt; &lt; [4:7]&#10;|       |   |--RTC_HTML_TAG_NAME -&gt; Rtc [4:8]&#10;|       |   `--END -&gt; &gt; [4:11]&#10;|       |--TEXT -&gt;   [4:12]&#10;|       `--TD_TAG_END -&gt; TD_TAG_END [4:13]&#10;|           |--START -&gt; &lt; [4:13]&#10;|           |--SLASH -&gt; / [4:14]&#10;|           |--TD_HTML_TAG_NAME -&gt; td [4:15]&#10;|           `--END -&gt; &gt; [4:17]&#10;|--NEWLINE -&gt; \n [4:18]&#10;|--LEADING_ASTERISK -&gt; * [5:0]&#10;|--TEXT -&gt;   [5:1]&#10;|--HTML_ELEMENT -&gt; HTML_ELEMENT [5:2]&#10;|   `--TH -&gt; TH [5:2]&#10;|       |--TH_TAG_START -&gt; TH_TAG_START [5:2]&#10;|       |   |--START -&gt; &lt; [5:2]&#10;|       |   |--TH_HTML_TAG_NAME -&gt; th [5:3]&#10;|       |   `--END -&gt; &gt; [5:5]&#10;|       |--TEXT -&gt;   [5:6]&#10;|       |--RTC_TAG_START -&gt; RTC_TAG_START [5:7]&#10;|       |   |--START -&gt; &lt; [5:7]&#10;|       |   |--RTC_HTML_TAG_NAME -&gt; rTc [5:8]&#10;|       |   `--END -&gt; &gt; [5:11]&#10;|       |--TEXT -&gt;   [5:12]&#10;|       `--TH_TAG_END -&gt; TH_TAG_END [5:13]&#10;|           |--START -&gt; &lt; [5:13]&#10;|           |--SLASH -&gt; / [5:14]&#10;|           |--TH_HTML_TAG_NAME -&gt; th [5:15]&#10;|           `--END -&gt; &gt; [5:17]&#10;|--NEWLINE -&gt; \n [5:18]&#10;|--LEADING_ASTERISK -&gt; * [6:0]&#10;|--TEXT -&gt;   [6:1]&#10;|--HTML_ELEMENT -&gt; HTML_ELEMENT [6:2]&#10;|   `--BODY -&gt; BODY [6:2]&#10;|       |--BODY_TAG_START -&gt; BODY_TAG_START [6:2]&#10;|       |   |--START -&gt; &lt; [6:2]&#10;|       |   |--BODY_HTML_TAG_NAME -&gt; body [6:3]&#10;|       |   `--END -&gt; &gt; [6:7]&#10;|       |--TEXT -&gt;   [6:8]&#10;|       |--RTC_TAG_START -&gt; RTC_TAG_START [6:9]&#10;|       |   |--START -&gt; &lt; [6:9]&#10;|       |   |--RTC_HTML_TAG_NAME -&gt; rtC [6:10]&#10;|       |   `--END -&gt; &gt; [6:13]&#10;|       |--TEXT -&gt;   [6:14]&#10;|       `--BODY_TAG_END -&gt; BODY_TAG_END [6:15]&#10;|           |--START -&gt; &lt; [6:15]&#10;|           |--SLASH -&gt; / [6:16]&#10;|           |--BODY_HTML_TAG_NAME -&gt; body [6:17]&#10;|           `--END -&gt; &gt; [6:21]&#10;|--NEWLINE -&gt; \n [6:22]&#10;|--LEADING_ASTERISK -&gt; * [7:0]&#10;|--TEXT -&gt;   [7:1]&#10;|--HTML_ELEMENT -&gt; HTML_ELEMENT [7:2]&#10;|   `--COLGROUP -&gt; COLGROUP [7:2]&#10;|       |--COLGROUP_TAG_START -&gt; COLGROUP_TAG_START [7:2]&#10;|       |   |--START -&gt; &lt; [7:2]&#10;|       |   |--COLGROUP_HTML_TAG_NAME -&gt; colgroup [7:3]&#10;|       |   `--END -&gt; &gt; [7:11]&#10;|       |--TEXT -&gt;   [7:12]&#10;|       |--RTC_TAG_START -&gt; RTC_TAG_START [7:13]&#10;|       |   |--START -&gt; &lt; [7:13]&#10;|       |   |--RTC_HTML_TAG_NAME -&gt; RTC [7:14]&#10;|       |   `--END -&gt; &gt; [7:17]&#10;|       |--TEXT -&gt;   [7:18]&#10;|       `--COLGROUP_TAG_END -&gt; COLGROUP_TAG_END [7:19]&#10;|           |--START -&gt; &lt; [7:19]&#10;|           |--SLASH -&gt; / [7:20]&#10;|           |--COLGROUP_HTML_TAG_NAME -&gt; colgroup [7:21]&#10;|           `--END -&gt; &gt; [7:29]&#10;|--NEWLINE -&gt; \n [7:30]&#10;|--LEADING_ASTERISK -&gt; * [8:0]&#10;|--TEXT -&gt;   [8:1]&#10;|--HTML_ELEMENT -&gt; HTML_ELEMENT [8:2]&#10;|   `--DD -&gt; DD [8:2]&#10;|       |--DD_TAG_START -&gt; DD_TAG_START [8:2]&#10;|       |   |--START -&gt; &lt; [8:2]&#10;|       |   |--DD_HTML_TAG_NAME -&gt; dd [8:3]&#10;|       |   `--END -&gt; &gt; [8:5]&#10;|       |--TEXT -&gt;   [8:6]&#10;|       |--RTC_TAG_START -&gt; RTC_TAG_START [8:7]&#10;|       |   |--START -&gt; &lt; [8:7]&#10;|       |   |--RTC_HTML_TAG_NAME -&gt; RTc [8:8]&#10;|       |   `--END -&gt; &gt; [8:11]&#10;|       |--TEXT -&gt;   [8:12]&#10;|       `--DD_TAG_END -&gt; DD_TAG_END [8:13]&#10;|           |--START -&gt; &lt; [8:13]&#10;|           |--SLASH -&gt; / [8:14]&#10;|           |--DD_HTML_TAG_NAME -&gt; dd [8:15]&#10;|           `--END -&gt; &gt; [8:17]&#10;|--NEWLINE -&gt; \n [8:18]&#10;|--LEADING_ASTERISK -&gt; * [9:0]&#10;|--TEXT -&gt;   [9:1]&#10;|--HTML_ELEMENT -&gt; HTML_ELEMENT [9:2]&#10;|   `--DT -&gt; DT [9:2]&#10;|       |--DT_TAG_START -&gt; DT_TAG_START [9:2]&#10;|       |   |--START -&gt; &lt; [9:2]&#10;|       |   |--DT_HTML_TAG_NAME -&gt; dt [9:3]&#10;|       |   `--END -&gt; &gt; [9:5]&#10;|       |--TEXT -&gt;   [9:6]&#10;|       |--RTC_TAG_START -&gt; RTC_TAG_START [9:7]&#10;|       |   |--START -&gt; &lt; [9:7]&#10;|       |   |--RTC_HTML_TAG_NAME -&gt; rTC [9:8]&#10;|       |   `--END -&gt; &gt; [9:11]&#10;|       |--TEXT -&gt;   [9:12]&#10;|       `--DT_TAG_END -&gt; DT_TAG_END [9:13]&#10;|           |--START -&gt; &lt; [9:13]&#10;|           |--SLASH -&gt; / [9:14]&#10;|           |--DT_HTML_TAG_NAME -&gt; dt [9:15]&#10;|           `--END -&gt; &gt; [9:17]&#10;|--NEWLINE -&gt; \n [9:18]&#10;|--LEADING_ASTERISK -&gt; * [10:0]&#10;|--TEXT -&gt;   [10:1]&#10;|--HTML_ELEMENT -&gt; HTML_ELEMENT [10:2]&#10;|   `--HEAD -&gt; HEAD [10:2]&#10;|       |--HEAD_TAG_START -&gt; HEAD_TAG_START [10:2]&#10;|       |   |--START -&gt; &lt; [10:2]&#10;|       |   |--HEAD_HTML_TAG_NAME -&gt; head [10:3]&#10;|       |   `--END -&gt; &gt; [10:7]&#10;|       |--TEXT -&gt;   [10:8]&#10;|       |--RTC_TAG_START -&gt; RTC_TAG_START [10:9]&#10;|       |   |--START -&gt; &lt; [10:9]&#10;|       |   |--RTC_HTML_TAG_NAME -&gt; RtC [10:10]&#10;|       |   `--END -&gt; &gt; [10:13]&#10;|       |--TEXT -&gt;   [10:14]&#10;|       `--HEAD_TAG_END -&gt; HEAD_TAG_END [10:15]&#10;|           |--START -&gt; &lt; [10:15]&#10;|           |--SLASH -&gt; / [10:16]&#10;|           |--HEAD_HTML_TAG_NAME -&gt; head [10:17]&#10;|           `--END -&gt; &gt; [10:21]&#10;|--NEWLINE -&gt; \n [10:22]&#10;|--LEADING_ASTERISK -&gt; * [11:0]&#10;|--TEXT -&gt;   [11:1]&#10;|--HTML_ELEMENT -&gt; HTML_ELEMENT [11:2]&#10;|   `--HTML -&gt; HTML [11:2]&#10;|       |--HTML_TAG_START -&gt; HTML_TAG_START [11:2]&#10;|       |   |--START -&gt; &lt; [11:2]&#10;|       |   |--HTML_HTML_TAG_NAME -&gt; html [11:3]&#10;|       |   `--END -&gt; &gt; [11:7]&#10;|       |--TEXT -&gt;   [11:8]&#10;|       |--RTC_TAG_START -&gt; RTC_TAG_START [11:9]&#10;|       |   |--START -&gt; &lt; [11:9]&#10;|       |   |--RTC_HTML_TAG_NAME -&gt; rtc [11:10]&#10;|       |   `--END -&gt; &gt; [11:13]&#10;|       |--TEXT -&gt;   [11:14]&#10;|       `--HTML_TAG_END -&gt; HTML_TAG_END [11:15]&#10;|           |--START -&gt; &lt; [11:15]&#10;|           |--SLASH -&gt; / [11:16]&#10;|           |--HTML_HTML_TAG_NAME -&gt; html [11:17]&#10;|           `--END -&gt; &gt; [11:21]&#10;|--NEWLINE -&gt; \n [11:22]&#10;|--LEADING_ASTERISK -&gt; * [12:0]&#10;|--TEXT -&gt;   [12:1]&#10;|--HTML_ELEMENT -&gt; HTML_ELEMENT [12:2]&#10;|   `--OPTION -&gt; OPTION [12:2]&#10;|       |--OPTION_TAG_START -&gt; OPTION_TAG_START [12:2]&#10;|       |   |--START -&gt; &lt; [12:2]&#10;|       |   |--OPTION_HTML_TAG_NAME -&gt; option [12:3]&#10;|       |   `--END -&gt; &gt; [12:9]&#10;|       |--TEXT -&gt;   [12:10]&#10;|       |--RTC_TAG_START -&gt; RTC_TAG_START [12:11]&#10;|       |   |--START -&gt; &lt; [12:11]&#10;|       |   |--RTC_HTML_TAG_NAME -&gt; rtc [12:12]&#10;|       |   `--END -&gt; &gt; [12:15]&#10;|       |--TEXT -&gt;   [12:16]&#10;|       `--OPTION_TAG_END -&gt; OPTION_TAG_END [12:17]&#10;|           |--START -&gt; &lt; [12:17]&#10;|           |--SLASH -&gt; / [12:18]&#10;|           |--OPTION_HTML_TAG_NAME -&gt; option [12:19]&#10;|           `--END -&gt; &gt; [12:25]&#10;|--NEWLINE -&gt; \n [12:26]&#10;|--LEADING_ASTERISK -&gt; * [13:0]&#10;|--TEXT -&gt;   [13:1]&#10;|--HTML_ELEMENT -&gt; HTML_ELEMENT [13:2]&#10;|   `--TBODY -&gt; TBODY [13:2]&#10;|       |--TBODY_TAG_START -&gt; TBODY_TAG_START [13:2]&#10;|       |   |--START -&gt; &lt; [13:2]&#10;|       |   |--TBODY_HTML_TAG_NAME -&gt; tbody [13:3]&#10;|       |   `--END -&gt; &gt; [13:8]&#10;|       |--TEXT -&gt;   [13:9]&#10;|       |--RTC_TAG_START -&gt; RTC_TAG_START [13:10]&#10;|       |   |--START -&gt; &lt; [13:10]&#10;|       |   |--RTC_HTML_TAG_NAME -&gt; RTC [13:11]&#10;|       |   `--END -&gt; &gt; [13:14]&#10;|       |--TEXT -&gt;   [13:15]&#10;|       `--TBODY_TAG_END -&gt; TBODY_TAG_END [13:16]&#10;|           |--START -&gt; &lt; [13:16]&#10;|           |--SLASH -&gt; / [13:17]&#10;|           |--TBODY_HTML_TAG_NAME -&gt; tbody [13:18]&#10;|           `--END -&gt; &gt; [13:23]&#10;|--NEWLINE -&gt; \n [13:24]&#10;|--LEADING_ASTERISK -&gt; * [14:0]&#10;|--TEXT -&gt;   [14:1]&#10;|--HTML_ELEMENT -&gt; HTML_ELEMENT [14:2]&#10;|   `--TFOOT -&gt; TFOOT [14:2]&#10;|       |--TFOOT_TAG_START -&gt; TFOOT_TAG_START [14:2]&#10;|       |   |--START -&gt; &lt; [14:2]&#10;|       |   |--TFOOT_HTML_TAG_NAME -&gt; tfoot [14:3]&#10;|       |   `--END -&gt; &gt; [14:8]&#10;|       |--TEXT -&gt;   [14:9]&#10;|       |--RTC_TAG_START -&gt; RTC_TAG_START [14:10]&#10;|       |   |--START -&gt; &lt; [14:10]&#10;|       |   |--RTC_HTML_TAG_NAME -&gt; rtc [14:11]&#10;|       |   `--END -&gt; &gt; [14:14]&#10;|       |--TEXT -&gt;   [14:15]&#10;|       `--TFOOT_TAG_END -&gt; TFOOT_TAG_END [14:16]&#10;|           |--START -&gt; &lt; [14:16]&#10;|           |--SLASH -&gt; / [14:17]&#10;|           |--TFOOT_HTML_TAG_NAME -&gt; tfoot [14:18]&#10;|           `--END -&gt; &gt; [14:23]&#10;|--NEWLINE -&gt; \n [14:24]&#10;|--LEADING_ASTERISK -&gt; * [15:0]&#10;|--TEXT -&gt;   [15:1]&#10;|--HTML_ELEMENT -&gt; HTML_ELEMENT [15:2]&#10;|   `--RTC_TAG_START -&gt; RTC_TAG_START [15:2]&#10;|       |--START -&gt; &lt; [15:2]&#10;|       |--RTC_HTML_TAG_NAME -&gt; rtc [15:3]&#10;|       |--WS -&gt;   [15:6]&#10;|       |--ATTRIBUTE -&gt; ATTRIBUTE [15:7]&#10;|       |   |--HTML_TAG_NAME -&gt; style [15:7]&#10;|       |   |--EQUALS -&gt; = [15:12]&#10;|       |   `--ATTR_VALUE -&gt; &quot;color:red&quot; [15:13]&#10;|       |--WS -&gt;   [15:25]&#10;|       |--NEWLINE -&gt; \n [15:26]&#10;|       |--LEADING_ASTERISK -&gt; * [16:0]&#10;|       |--NEWLINE -&gt; \n [16:1]&#10;|       |--LEADING_ASTERISK -&gt; * [17:0]&#10;|       |--WS -&gt;   [17:1]&#10;|       `--END -&gt; &gt; [17:2]&#10;|--TEXT -&gt;   [17:3]&#10;|--HTML_COMMENT -&gt; HTML_COMMENT [17:4]&#10;|   |--HTML_COMMENT_START -&gt; &lt;!-- [17:4]&#10;|   |--TEXT -&gt; HTML COMMENT [17:8]&#10;|   `--HTML_COMMENT_END -&gt; --&gt; [17:20]&#10;`--EOF -&gt; &lt;EOF&gt; [17:23]&#13;]&#10;&gt;" type="org.junit.ComparisonFailure"><![CDATA[org.junit.ComparisonFailure: 
Generated tree from the javadoc file should match the pre-defined tree expected:<...DOC -> JAVADOC [0:0][
|--LEADING_ASTERISK -> * [0:0]
|--TEXT ->   [0:1]
|--HTML_ELEMENT -> HTML_ELEMENT [0:2]
|   `--RTC_TAG_END -> RTC_TAG_END [0:2]
|       |--START -> < [0:2]
|       |--SLASH -> / [0:3]
|       |--RTC_HTML_TAG_NAME -> rtc [0:4]
|       `--END -> > [0:7]
|--TEXT ->   [0:8]
|--HTML_ELEMENT -> HTML_ELEMENT [0:9]
|   `--RTC_TAG_START -> RTC_TAG_START [0:9]
|       |--START -> < [0:9]
|       |--RTC_HTML_TAG_NAME -> rtc [0:10]
|       `--END -> > [0:13]
|--NEWLINE -> \n [0:14]
|--LEADING_ASTERISK -> * [1:0]
|--TEXT ->   [1:1]
|--HTML_ELEMENT -> HTML_ELEMENT [1:2]
|   `--PARAGRAPH -> PARAGRAPH [1:2]
|       |--P_TAG_START -> P_TAG_START [1:2]
|       |   |--START -> < [1:2]
|       |   |--P_HTML_TAG_NAME -> p [1:3]
|       |   `--END -> > [1:4]
|       |--TEXT ->   [1:5]
|       |--RTC_TAG_START -> RTC_TAG_START [1:6]
|       |   |--START -> < [1:6]
|       |   |--RTC_HTML_TAG_NAME -> rtc [1:7]
|       |   `--END -> > [1:10]
|       |--TEXT ->   [1:11]
|       `--P_TAG_END -> P_TAG_END [1:12]
|           |--START -> < [1:12]
|           |--SLASH -> / [1:13]
|           |--P_HTML_TAG_NAME -> p [1:14]
|           `--END -> > [1:15]
|--NEWLINE -> \n [1:16]
|--LEADING_ASTERISK -> * [2:0]
|--TEXT ->   [2:1]
|--HTML_ELEMENT -> HTML_ELEMENT [2:2]
|   `--LI -> LI [2:2]
|       |--LI_TAG_START -> LI_TAG_START [2:2]
|       |   |--START -> < [2:2]
|       |   |--LI_HTML_TAG_NAME -> li [2:3]
|       |   `--END -> > [2:5]
|       |--TEXT ->   [2:6]
|       |--RTC_TAG_START -> RTC_TAG_START [2:7]
|       |   |--START -> < [2:7]
|       |   |--RTC_HTML_TAG_NAME -> rtc [2:8]
|       |   `--END -> > [2:11]
|       |--TEXT ->   [2:12]
|       `--LI_TAG_END -> LI_TAG_END [2:13]
|           |--START -> < [2:13]
|           |--SLASH -> / [2:14]
|           |--LI_HTML_TAG_NAME -> li [2:15]
|           `--END -> > [2:17]
|--NEWLINE -> \n [2:18]
|--LEADING_ASTERISK -> * [3:0]
|--TEXT ->   [3:1]
|--HTML_ELEMENT -> HTML_ELEMENT [3:2]
|   `--TR -> TR [3:2]
|       |--TR_TAG_START -> TR_TAG_START [3:2]
|       |   |--START -> < [3:2]
|       |   |--TR_HTML_TAG_NAME -> tr [3:3]
|       |   `--END -> > [3:5]
|       |--TEXT ->   [3:6]
|       |--RTC_TAG_START -> RTC_TAG_START [3:7]
|       |   |--START -> < [3:7]
|       |   |--RTC_HTML_TAG_NAME -> rtc [3:8]
|       |   `--END -> > [3:11]
|       |--TEXT ->   [3:12]
|       `--TR_TAG_END -> TR_TAG_END [3:13]
|           |--START -> < [3:13]
|           |--SLASH -> / [3:14]
|           |--TR_HTML_TAG_NAME -> tr [3:15]
|           `--END -> > [3:17]
|--NEWLINE -> \n [3:18]
|--LEADING_ASTERISK -> * [4:0]
|--TEXT ->   [4:1]
|--HTML_ELEMENT -> HTML_ELEMENT [4:2]
|   `--TD -> TD [4:2]
|       |--TD_TAG_START -> TD_TAG_START [4:2]
|       |   |--START -> < [4:2]
|       |   |--TD_HTML_TAG_NAME -> td [4:3]
|       |   `--END -> > [4:5]
|       |--TEXT ->   [4:6]
|       |--RTC_TAG_START -> RTC_TAG_START [4:7]
|       |   |--START -> < [4:7]
|       |   |--RTC_HTML_TAG_NAME -> Rtc [4:8]
|       |   `--END -> > [4:11]
|       |--TEXT ->   [4:12]
|       `--TD_TAG_END -> TD_TAG_END [4:13]
|           |--START -> < [4:13]
|           |--SLASH -> / [4:14]
|           |--TD_HTML_TAG_NAME -> td [4:15]
|           `--END -> > [4:17]
|--NEWLINE -> \n [4:18]
|--LEADING_ASTERISK -> * [5:0]
|--TEXT ->   [5:1]
|--HTML_ELEMENT -> HTML_ELEMENT [5:2]
|   `--TH -> TH [5:2]
|       |--TH_TAG_START -> TH_TAG_START [5:2]
|       |   |--START -> < [5:2]
|       |   |--TH_HTML_TAG_NAME -> th [5:3]
|       |   `--END -> > [5:5]
|       |--TEXT ->   [5:6]
|       |--RTC_TAG_START -> RTC_TAG_START [5:7]
|       |   |--START -> < [5:7]
|       |   |--RTC_HTML_TAG_NAME -> rTc [5:8]
|       |   `--END -> > [5:11]
|       |--TEXT ->   [5:12]
|       `--TH_TAG_END -> TH_TAG_END [5:13]
|           |--START -> < [5:13]
|           |--SLASH -> / [5:14]
|           |--TH_HTML_TAG_NAME -> th [5:15]
|           `--END -> > [5:17]
|--NEWLINE -> \n [5:18]
|--LEADING_ASTERISK -> * [6:0]
|--TEXT ->   [6:1]
|--HTML_ELEMENT -> HTML_ELEMENT [6:2]
|   `--BODY -> BODY [6:2]
|       |--BODY_TAG_START -> BODY_TAG_START [6:2]
|       |   |--START -> < [6:2]
|       |   |--BODY_HTML_TAG_NAME -> body [6:3]
|       |   `--END -> > [6:7]
|       |--TEXT ->   [6:8]
|       |--RTC_TAG_START -> RTC_TAG_START [6:9]
|       |   |--START -> < [6:9]
|       |   |--RTC_HTML_TAG_NAME -> rtC [6:10]
|       |   `--END -> > [6:13]
|       |--TEXT ->   [6:14]
|       `--BODY_TAG_END -> BODY_TAG_END [6:15]
|           |--START -> < [6:15]
|           |--SLASH -> / [6:16]
|           |--BODY_HTML_TAG_NAME -> body [6:17]
|           `--END -> > [6:21]
|--NEWLINE -> \n [6:22]
|--LEADING_ASTERISK -> * [7:0]
|--TEXT ->   [7:1]
|--HTML_ELEMENT -> HTML_ELEMENT [7:2]
|   `--COLGROUP -> COLGROUP [7:2]
|       |--COLGROUP_TAG_START -> COLGROUP_TAG_START [7:2]
|       |   |--START -> < [7:2]
|       |   |--COLGROUP_HTML_TAG_NAME -> colgroup [7:3]
|       |   `--END -> > [7:11]
|       |--TEXT ->   [7:12]
|       |--RTC_TAG_START -> RTC_TAG_START [7:13]
|       |   |--START -> < [7:13]
|       |   |--RTC_HTML_TAG_NAME -> RTC [7:14]
|       |   `--END -> > [7:17]
|       |--TEXT ->   [7:18]
|       `--COLGROUP_TAG_END -> COLGROUP_TAG_END [7:19]
|           |--START -> < [7:19]
|           |--SLASH -> / [7:20]
|           |--COLGROUP_HTML_TAG_NAME -> colgroup [7:21]
|           `--END -> > [7:29]
|--NEWLINE -> \n [7:30]
|--LEADING_ASTERISK -> * [8:0]
|--TEXT ->   [8:1]
|--HTML_ELEMENT -> HTML_ELEMENT [8:2]
|   `--DD -> DD [8:2]
|       |--DD_TAG_START -> DD_TAG_START [8:2]
|       |   |--START -> < [8:2]
|       |   |--DD_HTML_TAG_NAME -> dd [8:3]
|       |   `--END -> > [8:5]
|       |--TEXT ->   [8:6]
|       |--RTC_TAG_START -> RTC_TAG_START [8:7]
|       |   |--START -> < [8:7]
|       |   |--RTC_HTML_TAG_NAME -> RTc [8:8]
|       |   `--END -> > [8:11]
|       |--TEXT ->   [8:12]
|       `--DD_TAG_END -> DD_TAG_END [8:13]
|           |--START -> < [8:13]
|           |--SLASH -> / [8:14]
|           |--DD_HTML_TAG_NAME -> dd [8:15]
|           `--END -> > [8:17]
|--NEWLINE -> \n [8:18]
|--LEADING_ASTERISK -> * [9:0]
|--TEXT ->   [9:1]
|--HTML_ELEMENT -> HTML_ELEMENT [9:2]
|   `--DT -> DT [9:2]
|       |--DT_TAG_START -> DT_TAG_START [9:2]
|       |   |--START -> < [9:2]
|       |   |--DT_HTML_TAG_NAME -> dt [9:3]
|       |   `--END -> > [9:5]
|       |--TEXT ->   [9:6]
|       |--RTC_TAG_START -> RTC_TAG_START [9:7]
|       |   |--START -> < [9:7]
|       |   |--RTC_HTML_TAG_NAME -> rTC [9:8]
|       |   `--END -> > [9:11]
|       |--TEXT ->   [9:12]
|       `--DT_TAG_END -> DT_TAG_END [9:13]
|           |--START -> < [9:13]
|           |--SLASH -> / [9:14]
|           |--DT_HTML_TAG_NAME -> dt [9:15]
|           `--END -> > [9:17]
|--NEWLINE -> \n [9:18]
|--LEADING_ASTERISK -> * [10:0]
|--TEXT ->   [10:1]
|--HTML_ELEMENT -> HTML_ELEMENT [10:2]
|   `--HEAD -> HEAD [10:2]
|       |--HEAD_TAG_START -> HEAD_TAG_START [10:2]
|       |   |--START -> < [10:2]
|       |   |--HEAD_HTML_TAG_NAME -> head [10:3]
|       |   `--END -> > [10:7]
|       |--TEXT ->   [10:8]
|       |--RTC_TAG_START -> RTC_TAG_START [10:9]
|       |   |--START -> < [10:9]
|       |   |--RTC_HTML_TAG_NAME -> RtC [10:10]
|       |   `--END -> > [10:13]
|       |--TEXT ->   [10:14]
|       `--HEAD_TAG_END -> HEAD_TAG_END [10:15]
|           |--START -> < [10:15]
|           |--SLASH -> / [10:16]
|           |--HEAD_HTML_TAG_NAME -> head [10:17]
|           `--END -> > [10:21]
|--NEWLINE -> \n [10:22]
|--LEADING_ASTERISK -> * [11:0]
|--TEXT ->   [11:1]
|--HTML_ELEMENT -> HTML_ELEMENT [11:2]
|   `--HTML -> HTML [11:2]
|       |--HTML_TAG_START -> HTML_TAG_START [11:2]
|       |   |--START -> < [11:2]
|       |   |--HTML_HTML_TAG_NAME -> html [11:3]
|       |   `--END -> > [11:7]
|       |--TEXT ->   [11:8]
|       |--RTC_TAG_START -> RTC_TAG_START [11:9]
|       |   |--START -> < [11:9]
|       |   |--RTC_HTML_TAG_NAME -> rtc [11:10]
|       |   `--END -> > [11:13]
|       |--TEXT ->   [11:14]
|       `--HTML_TAG_END -> HTML_TAG_END [11:15]
|           |--START -> < [11:15]
|           |--SLASH -> / [11:16]
|           |--HTML_HTML_TAG_NAME -> html [11:17]
|           `--END -> > [11:21]
|--NEWLINE -> \n [11:22]
|--LEADING_ASTERISK -> * [12:0]
|--TEXT ->   [12:1]
|--HTML_ELEMENT -> HTML_ELEMENT [12:2]
|   `--OPTION -> OPTION [12:2]
|       |--OPTION_TAG_START -> OPTION_TAG_START [12:2]
|       |   |--START -> < [12:2]
|       |   |--OPTION_HTML_TAG_NAME -> option [12:3]
|       |   `--END -> > [12:9]
|       |--TEXT ->   [12:10]
|       |--RTC_TAG_START -> RTC_TAG_START [12:11]
|       |   |--START -> < [12:11]
|       |   |--RTC_HTML_TAG_NAME -> rtc [12:12]
|       |   `--END -> > [12:15]
|       |--TEXT ->   [12:16]
|       `--OPTION_TAG_END -> OPTION_TAG_END [12:17]
|           |--START -> < [12:17]
|           |--SLASH -> / [12:18]
|           |--OPTION_HTML_TAG_NAME -> option [12:19]
|           `--END -> > [12:25]
|--NEWLINE -> \n [12:26]
|--LEADING_ASTERISK -> * [13:0]
|--TEXT ->   [13:1]
|--HTML_ELEMENT -> HTML_ELEMENT [13:2]
|   `--TBODY -> TBODY [13:2]
|       |--TBODY_TAG_START -> TBODY_TAG_START [13:2]
|       |   |--START -> < [13:2]
|       |   |--TBODY_HTML_TAG_NAME -> tbody [13:3]
|       |   `--END -> > [13:8]
|       |--TEXT ->   [13:9]
|       |--RTC_TAG_START -> RTC_TAG_START [13:10]
|       |   |--START -> < [13:10]
|       |   |--RTC_HTML_TAG_NAME -> RTC [13:11]
|       |   `--END -> > [13:14]
|       |--TEXT ->   [13:15]
|       `--TBODY_TAG_END -> TBODY_TAG_END [13:16]
|           |--START -> < [13:16]
|           |--SLASH -> / [13:17]
|           |--TBODY_HTML_TAG_NAME -> tbody [13:18]
|           `--END -> > [13:23]
|--NEWLINE -> \n [13:24]
|--LEADING_ASTERISK -> * [14:0]
|--TEXT ->   [14:1]
|--HTML_ELEMENT -> HTML_ELEMENT [14:2]
|   `--TFOOT -> TFOOT [14:2]
|       |--TFOOT_TAG_START -> TFOOT_TAG_START [14:2]
|       |   |--START -> < [14:2]
|       |   |--TFOOT_HTML_TAG_NAME -> tfoot [14:3]
|       |   `--END -> > [14:8]
|       |--TEXT ->   [14:9]
|       |--RTC_TAG_START -> RTC_TAG_START [14:10]
|       |   |--START -> < [14:10]
|       |   |--RTC_HTML_TAG_NAME -> rtc [14:11]
|       |   `--END -> > [14:14]
|       |--TEXT ->   [14:15]
|       `--TFOOT_TAG_END -> TFOOT_TAG_END [14:16]
|           |--START -> < [14:16]
|           |--SLASH -> / [14:17]
|           |--TFOOT_HTML_TAG_NAME -> tfoot [14:18]
|           `--END -> > [14:23]
|--NEWLINE -> \n [14:24]
|--LEADING_ASTERISK -> * [15:0]
|--TEXT ->   [15:1]
|--HTML_ELEMENT -> HTML_ELEMENT [15:2]
|   `--RTC_TAG_START -> RTC_TAG_START [15:2]
|       |--START -> < [15:2]
|       |--RTC_HTML_TAG_NAME -> rtc [15:3]
|       |--WS ->   [15:6]
|       |--ATTRIBUTE -> ATTRIBUTE [15:7]
|       |   |--HTML_TAG_NAME -> style [15:7]
|       |   |--EQUALS -> = [15:12]
|       |   `--ATTR_VALUE -> "color:red" [15:13]
|       |--WS ->   [15:25]
|       |--NEWLINE -> \n [15:26]
|       |--LEADING_ASTERISK -> * [16:0]
|       |--NEWLINE -> \n [16:1]
|       |--LEADING_ASTERISK -> * [17:0]
|       |--WS ->   [17:1]
|       `--END -> > [17:2]
|--TEXT ->   [17:3]
|--HTML_COMMENT -> HTML_COMMENT [17:4]
|   |--HTML_COMMENT_START -> <!-- [17:4]
|   |--TEXT -> HTML COMMENT [17:8]
|   `--HTML_COMMENT_END -> --> [17:20]
`--EOF -> <EOF> [17:23]]
> but was:<...DOC -> JAVADOC [0:0][
|--LEADING_ASTERISK -> * [0:0]
|--TEXT ->   [0:1]
|--HTML_ELEMENT -> HTML_ELEMENT [0:2]
|   `--RTC_TAG_END -> RTC_TAG_END [0:2]
|       |--START -> < [0:2]
|       |--SLASH -> / [0:3]
|       |--RTC_HTML_TAG_NAME -> rtc [0:4]
|       `--END -> > [0:7]
|--TEXT ->   [0:8]
|--HTML_ELEMENT -> HTML_ELEMENT [0:9]
|   `--RTC_TAG_START -> RTC_TAG_START [0:9]
|       |--START -> < [0:9]
|       |--RTC_HTML_TAG_NAME -> rtc [0:10]
|       `--END -> > [0:13]
|--NEWLINE -> \n [0:14]
|--LEADING_ASTERISK -> * [1:0]
|--TEXT ->   [1:1]
|--HTML_ELEMENT -> HTML_ELEMENT [1:2]
|   `--PARAGRAPH -> PARAGRAPH [1:2]
|       |--P_TAG_START -> P_TAG_START [1:2]
|       |   |--START -> < [1:2]
|       |   |--P_HTML_TAG_NAME -> p [1:3]
|       |   `--END -> > [1:4]
|       |--TEXT ->   [1:5]
|       |--RTC_TAG_START -> RTC_TAG_START [1:6]
|       |   |--START -> < [1:6]
|       |   |--RTC_HTML_TAG_NAME -> rtc [1:7]
|       |   `--END -> > [1:10]
|       |--TEXT ->   [1:11]
|       `--P_TAG_END -> P_TAG_END [1:12]
|           |--START -> < [1:12]
|           |--SLASH -> / [1:13]
|           |--P_HTML_TAG_NAME -> p [1:14]
|           `--END -> > [1:15]
|--NEWLINE -> \n [1:16]
|--LEADING_ASTERISK -> * [2:0]
|--TEXT ->   [2:1]
|--HTML_ELEMENT -> HTML_ELEMENT [2:2]
|   `--LI -> LI [2:2]
|       |--LI_TAG_START -> LI_TAG_START [2:2]
|       |   |--START -> < [2:2]
|       |   |--LI_HTML_TAG_NAME -> li [2:3]
|       |   `--END -> > [2:5]
|       |--TEXT ->   [2:6]
|       |--RTC_TAG_START -> RTC_TAG_START [2:7]
|       |   |--START -> < [2:7]
|       |   |--RTC_HTML_TAG_NAME -> rtc [2:8]
|       |   `--END -> > [2:11]
|       |--TEXT ->   [2:12]
|       `--LI_TAG_END -> LI_TAG_END [2:13]
|           |--START -> < [2:13]
|           |--SLASH -> / [2:14]
|           |--LI_HTML_TAG_NAME -> li [2:15]
|           `--END -> > [2:17]
|--NEWLINE -> \n [2:18]
|--LEADING_ASTERISK -> * [3:0]
|--TEXT ->   [3:1]
|--HTML_ELEMENT -> HTML_ELEMENT [3:2]
|   `--TR -> TR [3:2]
|       |--TR_TAG_START -> TR_TAG_START [3:2]
|       |   |--START -> < [3:2]
|       |   |--TR_HTML_TAG_NAME -> tr [3:3]
|       |   `--END -> > [3:5]
|       |--TEXT ->   [3:6]
|       |--RTC_TAG_START -> RTC_TAG_START [3:7]
|       |   |--START -> < [3:7]
|       |   |--RTC_HTML_TAG_NAME -> rtc [3:8]
|       |   `--END -> > [3:11]
|       |--TEXT ->   [3:12]
|       `--TR_TAG_END -> TR_TAG_END [3:13]
|           |--START -> < [3:13]
|           |--SLASH -> / [3:14]
|           |--TR_HTML_TAG_NAME -> tr [3:15]
|           `--END -> > [3:17]
|--NEWLINE -> \n [3:18]
|--LEADING_ASTERISK -> * [4:0]
|--TEXT ->   [4:1]
|--HTML_ELEMENT -> HTML_ELEMENT [4:2]
|   `--TD -> TD [4:2]
|       |--TD_TAG_START -> TD_TAG_START [4:2]
|       |   |--START -> < [4:2]
|       |   |--TD_HTML_TAG_NAME -> td [4:3]
|       |   `--END -> > [4:5]
|       |--TEXT ->   [4:6]
|       |--RTC_TAG_START -> RTC_TAG_START [4:7]
|       |   |--START -> < [4:7]
|       |   |--RTC_HTML_TAG_NAME -> Rtc [4:8]
|       |   `--END -> > [4:11]
|       |--TEXT ->   [4:12]
|       `--TD_TAG_END -> TD_TAG_END [4:13]
|           |--START -> < [4:13]
|           |--SLASH -> / [4:14]
|           |--TD_HTML_TAG_NAME -> td [4:15]
|           `--END -> > [4:17]
|--NEWLINE -> \n [4:18]
|--LEADING_ASTERISK -> * [5:0]
|--TEXT ->   [5:1]
|--HTML_ELEMENT -> HTML_ELEMENT [5:2]
|   `--TH -> TH [5:2]
|       |--TH_TAG_START -> TH_TAG_START [5:2]
|       |   |--START -> < [5:2]
|       |   |--TH_HTML_TAG_NAME -> th [5:3]
|       |   `--END -> > [5:5]
|       |--TEXT ->   [5:6]
|       |--RTC_TAG_START -> RTC_TAG_START [5:7]
|       |   |--START -> < [5:7]
|       |   |--RTC_HTML_TAG_NAME -> rTc [5:8]
|       |   `--END -> > [5:11]
|       |--TEXT ->   [5:12]
|       `--TH_TAG_END -> TH_TAG_END [5:13]
|           |--START -> < [5:13]
|           |--SLASH -> / [5:14]
|           |--TH_HTML_TAG_NAME -> th [5:15]
|           `--END -> > [5:17]
|--NEWLINE -> \n [5:18]
|--LEADING_ASTERISK -> * [6:0]
|--TEXT ->   [6:1]
|--HTML_ELEMENT -> HTML_ELEMENT [6:2]
|   `--BODY -> BODY [6:2]
|       |--BODY_TAG_START -> BODY_TAG_START [6:2]
|       |   |--START -> < [6:2]
|       |   |--BODY_HTML_TAG_NAME -> body [6:3]
|       |   `--END -> > [6:7]
|       |--TEXT ->   [6:8]
|       |--RTC_TAG_START -> RTC_TAG_START [6:9]
|       |   |--START -> < [6:9]
|       |   |--RTC_HTML_TAG_NAME -> rtC [6:10]
|       |   `--END -> > [6:13]
|       |--TEXT ->   [6:14]
|       `--BODY_TAG_END -> BODY_TAG_END [6:15]
|           |--START -> < [6:15]
|           |--SLASH -> / [6:16]
|           |--BODY_HTML_TAG_NAME -> body [6:17]
|           `--END -> > [6:21]
|--NEWLINE -> \n [6:22]
|--LEADING_ASTERISK -> * [7:0]
|--TEXT ->   [7:1]
|--HTML_ELEMENT -> HTML_ELEMENT [7:2]
|   `--COLGROUP -> COLGROUP [7:2]
|       |--COLGROUP_TAG_START -> COLGROUP_TAG_START [7:2]
|       |   |--START -> < [7:2]
|       |   |--COLGROUP_HTML_TAG_NAME -> colgroup [7:3]
|       |   `--END -> > [7:11]
|       |--TEXT ->   [7:12]
|       |--RTC_TAG_START -> RTC_TAG_START [7:13]
|       |   |--START -> < [7:13]
|       |   |--RTC_HTML_TAG_NAME -> RTC [7:14]
|       |   `--END -> > [7:17]
|       |--TEXT ->   [7:18]
|       `--COLGROUP_TAG_END -> COLGROUP_TAG_END [7:19]
|           |--START -> < [7:19]
|           |--SLASH -> / [7:20]
|           |--COLGROUP_HTML_TAG_NAME -> colgroup [7:21]
|           `--END -> > [7:29]
|--NEWLINE -> \n [7:30]
|--LEADING_ASTERISK -> * [8:0]
|--TEXT ->   [8:1]
|--HTML_ELEMENT -> HTML_ELEMENT [8:2]
|   `--DD -> DD [8:2]
|       |--DD_TAG_START -> DD_TAG_START [8:2]
|       |   |--START -> < [8:2]
|       |   |--DD_HTML_TAG_NAME -> dd [8:3]
|       |   `--END -> > [8:5]
|       |--TEXT ->   [8:6]
|       |--RTC_TAG_START -> RTC_TAG_START [8:7]
|       |   |--START -> < [8:7]
|       |   |--RTC_HTML_TAG_NAME -> RTc [8:8]
|       |   `--END -> > [8:11]
|       |--TEXT ->   [8:12]
|       `--DD_TAG_END -> DD_TAG_END [8:13]
|           |--START -> < [8:13]
|           |--SLASH -> / [8:14]
|           |--DD_HTML_TAG_NAME -> dd [8:15]
|           `--END -> > [8:17]
|--NEWLINE -> \n [8:18]
|--LEADING_ASTERISK -> * [9:0]
|--TEXT ->   [9:1]
|--HTML_ELEMENT -> HTML_ELEMENT [9:2]
|   `--DT -> DT [9:2]
|       |--DT_TAG_START -> DT_TAG_START [9:2]
|       |   |--START -> < [9:2]
|       |   |--DT_HTML_TAG_NAME -> dt [9:3]
|       |   `--END -> > [9:5]
|       |--TEXT ->   [9:6]
|       |--RTC_TAG_START -> RTC_TAG_START [9:7]
|       |   |--START -> < [9:7]
|       |   |--RTC_HTML_TAG_NAME -> rTC [9:8]
|       |   `--END -> > [9:11]
|       |--TEXT ->   [9:12]
|       `--DT_TAG_END -> DT_TAG_END [9:13]
|           |--START -> < [9:13]
|           |--SLASH -> / [9:14]
|           |--DT_HTML_TAG_NAME -> dt [9:15]
|           `--END -> > [9:17]
|--NEWLINE -> \n [9:18]
|--LEADING_ASTERISK -> * [10:0]
|--TEXT ->   [10:1]
|--HTML_ELEMENT -> HTML_ELEMENT [10:2]
|   `--HEAD -> HEAD [10:2]
|       |--HEAD_TAG_START -> HEAD_TAG_START [10:2]
|       |   |--START -> < [10:2]
|       |   |--HEAD_HTML_TAG_NAME -> head [10:3]
|       |   `--END -> > [10:7]
|       |--TEXT ->   [10:8]
|       |--RTC_TAG_START -> RTC_TAG_START [10:9]
|       |   |--START -> < [10:9]
|       |   |--RTC_HTML_TAG_NAME -> RtC [10:10]
|       |   `--END -> > [10:13]
|       |--TEXT ->   [10:14]
|       `--HEAD_TAG_END -> HEAD_TAG_END [10:15]
|           |--START -> < [10:15]
|           |--SLASH -> / [10:16]
|           |--HEAD_HTML_TAG_NAME -> head [10:17]
|           `--END -> > [10:21]
|--NEWLINE -> \n [10:22]
|--LEADING_ASTERISK -> * [11:0]
|--TEXT ->   [11:1]
|--HTML_ELEMENT -> HTML_ELEMENT [11:2]
|   `--HTML -> HTML [11:2]
|       |--HTML_TAG_START -> HTML_TAG_START [11:2]
|       |   |--START -> < [11:2]
|       |   |--HTML_HTML_TAG_NAME -> html [11:3]
|       |   `--END -> > [11:7]
|       |--TEXT ->   [11:8]
|       |--RTC_TAG_START -> RTC_TAG_START [11:9]
|       |   |--START -> < [11:9]
|       |   |--RTC_HTML_TAG_NAME -> rtc [11:10]
|       |   `--END -> > [11:13]
|       |--TEXT ->   [11:14]
|       `--HTML_TAG_END -> HTML_TAG_END [11:15]
|           |--START -> < [11:15]
|           |--SLASH -> / [11:16]
|           |--HTML_HTML_TAG_NAME -> html [11:17]
|           `--END -> > [11:21]
|--NEWLINE -> \n [11:22]
|--LEADING_ASTERISK -> * [12:0]
|--TEXT ->   [12:1]
|--HTML_ELEMENT -> HTML_ELEMENT [12:2]
|   `--OPTION -> OPTION [12:2]
|       |--OPTION_TAG_START -> OPTION_TAG_START [12:2]
|       |   |--START -> < [12:2]
|       |   |--OPTION_HTML_TAG_NAME -> option [12:3]
|       |   `--END -> > [12:9]
|       |--TEXT ->   [12:10]
|       |--RTC_TAG_START -> RTC_TAG_START [12:11]
|       |   |--START -> < [12:11]
|       |   |--RTC_HTML_TAG_NAME -> rtc [12:12]
|       |   `--END -> > [12:15]
|       |--TEXT ->   [12:16]
|       `--OPTION_TAG_END -> OPTION_TAG_END [12:17]
|           |--START -> < [12:17]
|           |--SLASH -> / [12:18]
|           |--OPTION_HTML_TAG_NAME -> option [12:19]
|           `--END -> > [12:25]
|--NEWLINE -> \n [12:26]
|--LEADING_ASTERISK -> * [13:0]
|--TEXT ->   [13:1]
|--HTML_ELEMENT -> HTML_ELEMENT [13:2]
|   `--TBODY -> TBODY [13:2]
|       |--TBODY_TAG_START -> TBODY_TAG_START [13:2]
|       |   |--START -> < [13:2]
|       |   |--TBODY_HTML_TAG_NAME -> tbody [13:3]
|       |   `--END -> > [13:8]
|       |--TEXT ->   [13:9]
|       |--RTC_TAG_START -> RTC_TAG_START [13:10]
|       |   |--START -> < [13:10]
|       |   |--RTC_HTML_TAG_NAME -> RTC [13:11]
|       |   `--END -> > [13:14]
|       |--TEXT ->   [13:15]
|       `--TBODY_TAG_END -> TBODY_TAG_END [13:16]
|           |--START -> < [13:16]
|           |--SLASH -> / [13:17]
|           |--TBODY_HTML_TAG_NAME -> tbody [13:18]
|           `--END -> > [13:23]
|--NEWLINE -> \n [13:24]
|--LEADING_ASTERISK -> * [14:0]
|--TEXT ->   [14:1]
|--HTML_ELEMENT -> HTML_ELEMENT [14:2]
|   `--TFOOT -> TFOOT [14:2]
|       |--TFOOT_TAG_START -> TFOOT_TAG_START [14:2]
|       |   |--START -> < [14:2]
|       |   |--TFOOT_HTML_TAG_NAME -> tfoot [14:3]
|       |   `--END -> > [14:8]
|       |--TEXT ->   [14:9]
|       |--RTC_TAG_START -> RTC_TAG_START [14:10]
|       |   |--START -> < [14:10]
|       |   |--RTC_HTML_TAG_NAME -> rtc [14:11]
|       |   `--END -> > [14:14]
|       |--TEXT ->   [14:15]
|       `--TFOOT_TAG_END -> TFOOT_TAG_END [14:16]
|           |--START -> < [14:16]
|           |--SLASH -> / [14:17]
|           |--TFOOT_HTML_TAG_NAME -> tfoot [14:18]
|           `--END -> > [14:23]
|--NEWLINE -> \n [14:24]
|--LEADING_ASTERISK -> * [15:0]
|--TEXT ->   [15:1]
|--HTML_ELEMENT -> HTML_ELEMENT [15:2]
|   `--RTC_TAG_START -> RTC_TAG_START [15:2]
|       |--START -> < [15:2]
|       |--RTC_HTML_TAG_NAME -> rtc [15:3]
|       |--WS ->   [15:6]
|       |--ATTRIBUTE -> ATTRIBUTE [15:7]
|       |   |--HTML_TAG_NAME -> style [15:7]
|       |   |--EQUALS -> = [15:12]
|       |   `--ATTR_VALUE -> "color:red" [15:13]
|       |--WS ->   [15:25]
|       |--NEWLINE -> \n [15:26]
|       |--LEADING_ASTERISK -> * [16:0]
|       |--NEWLINE -> \n [16:1]
|       |--LEADING_ASTERISK -> * [17:0]
|       |--WS ->   [17:1]
|       `--END -> > [17:2]
|--TEXT ->   [17:3]
|--HTML_COMMENT -> HTML_COMMENT [17:4]
|   |--HTML_COMMENT_START -> <!-- [17:4]
|   |--TEXT -> HTML COMMENT [17:8]
|   `--HTML_COMMENT_END -> --> [17:20]
`--EOF -> <EOF> [17:23]]
>
	at com.puppycrawl.tools.checkstyle.grammar.javadoc.JavadocParseTreeTest.testNonTightRtcHtmlTag(JavadocParseTreeTest.java:356)
]]></failure>
  </testcase>
  <testcase name="testRtHtmlTag" classname="com.puppycrawl.tools.checkstyle.grammar.javadoc.JavadocParseTreeTest" time="0.156">
    <failure message="Generated tree from the javadoc file should match the pre-defined tree expected:&lt;...DOC -&gt; JAVADOC [0:0][&#10;|--LEADING_ASTERISK -&gt; * [0:0]&#10;|--TEXT -&gt;   [0:1]&#10;|--HTML_ELEMENT -&gt; HTML_ELEMENT [0:2]&#10;|   `--RT -&gt; RT [0:2]&#10;|       |--RT_TAG_START -&gt; RT_TAG_START [0:2]&#10;|       |   |--START -&gt; &lt; [0:2]&#10;|       |   |--RT_HTML_TAG_NAME -&gt; rt [0:3]&#10;|       |   `--END -&gt; &gt; [0:5]&#10;|       |--TEXT -&gt;   [0:6]&#10;|       `--RT_TAG_END -&gt; RT_TAG_END [0:7]&#10;|           |--START -&gt; &lt; [0:7]&#10;|           |--SLASH -&gt; / [0:8]&#10;|           |--RT_HTML_TAG_NAME -&gt; RT [0:9]&#10;|           `--END -&gt; &gt; [0:11]&#10;|--NEWLINE -&gt; \n [0:12]&#10;|--LEADING_ASTERISK -&gt; * [1:0]&#10;|--TEXT -&gt;   [1:1]&#10;|--HTML_ELEMENT -&gt; HTML_ELEMENT [1:2]&#10;|   `--RT -&gt; RT [1:2]&#10;|       |--RT_TAG_START -&gt; RT_TAG_START [1:2]&#10;|       |   |--START -&gt; &lt; [1:2]&#10;|       |   |--RT_HTML_TAG_NAME -&gt; rt [1:3]&#10;|       |   `--END -&gt; &gt; [1:5]&#10;|       |--TEXT -&gt;   [1:6]&#10;|       |--LI -&gt; LI [1:7]&#10;|       |   |--LI_TAG_START -&gt; LI_TAG_START [1:7]&#10;|       |   |   |--START -&gt; &lt; [1:7]&#10;|       |   |   |--LI_HTML_TAG_NAME -&gt; li [1:8]&#10;|       |   |   `--END -&gt; &gt; [1:10]&#10;|       |   |--TEXT -&gt;   [1:11]&#10;|       |   `--LI_TAG_END -&gt; LI_TAG_END [1:12]&#10;|       |       |--START -&gt; &lt; [1:12]&#10;|       |       |--SLASH -&gt; / [1:13]&#10;|       |       |--LI_HTML_TAG_NAME -&gt; li [1:14]&#10;|       |       `--END -&gt; &gt; [1:16]&#10;|       |--TEXT -&gt;   [1:17]&#10;|       `--RT_TAG_END -&gt; RT_TAG_END [1:18]&#10;|           |--START -&gt; &lt; [1:18]&#10;|           |--SLASH -&gt; / [1:19]&#10;|           |--RT_HTML_TAG_NAME -&gt; RT [1:20]&#10;|           `--END -&gt; &gt; [1:22]&#10;|--NEWLINE -&gt; \n [1:23]&#10;|--LEADING_ASTERISK -&gt; * [2:0]&#10;|--TEXT -&gt;   [2:1]&#10;|--HTML_ELEMENT -&gt; HTML_ELEMENT [2:2]&#10;|   `--RT -&gt; RT [2:2]&#10;|       |--RT_TAG_START -&gt; RT_TAG_START [2:2]&#10;|       |   |--START -&gt; &lt; [2:2]&#10;|       |   |--RT_HTML_TAG_NAME -&gt; rt [2:3]&#10;|       |   `--END -&gt; &gt; [2:5]&#10;|       |--TEXT -&gt;   [2:6]&#10;|       |--LI_TAG_START -&gt; LI_TAG_START [2:7]&#10;|       |   |--START -&gt; &lt; [2:7]&#10;|       |   |--LI_HTML_TAG_NAME -&gt; li [2:8]&#10;|       |   `--END -&gt; &gt; [2:10]&#10;|       |--TEXT -&gt;   [2:11]&#10;|       `--RT_TAG_END -&gt; RT_TAG_END [2:12]&#10;|           |--START -&gt; &lt; [2:12]&#10;|           |--SLASH -&gt; / [2:13]&#10;|           |--RT_HTML_TAG_NAME -&gt; RT [2:14]&#10;|           `--END -&gt; &gt; [2:16]&#10;|--NEWLINE -&gt; \n [2:17]&#10;|--LEADING_ASTERISK -&gt; * [3:0]&#10;|--TEXT -&gt;   [3:1]&#10;|--HTML_ELEMENT -&gt; HTML_ELEMENT [3:2]&#10;|   `--RT_TAG_START -&gt; RT_TAG_START [3:2]&#10;|       |--START -&gt; &lt; [3:2]&#10;|       |--RT_HTML_TAG_NAME -&gt; rt [3:3]&#10;|       `--END -&gt; &gt; [3:5]&#10;|--TEXT -&gt;   [3:6]&#10;|--HTML_ELEMENT -&gt; HTML_ELEMENT [3:7]&#10;|   `--LI_TAG_END -&gt; LI_TAG_END [3:7]&#10;|       |--START -&gt; &lt; [3:7]&#10;|       |--SLASH -&gt; / [3:8]&#10;|       |--LI_HTML_TAG_NAME -&gt; li [3:9]&#10;|       `--END -&gt; &gt; [3:11]&#10;|--TEXT -&gt;   [3:12]&#10;|--HTML_ELEMENT -&gt; HTML_ELEMENT [3:13]&#10;|   `--RT_TAG_END -&gt; RT_TAG_END [3:13]&#10;|       |--START -&gt; &lt; [3:13]&#10;|       |--SLASH -&gt; / [3:14]&#10;|       |--RT_HTML_TAG_NAME -&gt; RT [3:15]&#10;|       `--END -&gt; &gt; [3:17]&#10;|--NEWLINE -&gt; \n [3:18]&#10;|--LEADING_ASTERISK -&gt; * [4:0]&#10;|--TEXT -&gt;   [4:1]&#10;|--HTML_ELEMENT -&gt; HTML_ELEMENT [4:2]&#10;|   `--RT -&gt; RT [4:2]&#10;|       |--RT_TAG_START -&gt; RT_TAG_START [4:2]&#10;|       |   |--START -&gt; &lt; [4:2]&#10;|       |   |--RT_HTML_TAG_NAME -&gt; rt [4:3]&#10;|       |   `--END -&gt; &gt; [4:5]&#10;|       |--TEXT -&gt;   [4:6]&#10;|       |--TR -&gt; TR [4:7]&#10;|       |   |--TR_TAG_START -&gt; TR_TAG_START [4:7]&#10;|       |   |   |--START -&gt; &lt; [4:7]&#10;|       |   |   |--TR_HTML_TAG_NAME -&gt; tr [4:8]&#10;|       |   |   `--END -&gt; &gt; [4:10]&#10;|       |   |--TEXT -&gt;   [4:11]&#10;|       |   `--TR_TAG_END -&gt; TR_TAG_END [4:12]&#10;|       |       |--START -&gt; &lt; [4:12]&#10;|       |       |--SLASH -&gt; / [4:13]&#10;|       |       |--TR_HTML_TAG_NAME -&gt; tr [4:14]&#10;|       |       `--END -&gt; &gt; [4:16]&#10;|       |--TEXT -&gt;   [4:17]&#10;|       `--RT_TAG_END -&gt; RT_TAG_END [4:18]&#10;|           |--START -&gt; &lt; [4:18]&#10;|           |--SLASH -&gt; / [4:19]&#10;|           |--RT_HTML_TAG_NAME -&gt; RT [4:20]&#10;|           `--END -&gt; &gt; [4:22]&#10;|--NEWLINE -&gt; \n [4:23]&#10;|--LEADING_ASTERISK -&gt; * [5:0]&#10;|--TEXT -&gt;   [5:1]&#10;|--HTML_ELEMENT -&gt; HTML_ELEMENT [5:2]&#10;|   `--RT -&gt; RT [5:2]&#10;|       |--RT_TAG_START -&gt; RT_TAG_START [5:2]&#10;|       |   |--START -&gt; &lt; [5:2]&#10;|       |   |--RT_HTML_TAG_NAME -&gt; rt [5:3]&#10;|       |   `--END -&gt; &gt; [5:5]&#10;|       |--TEXT -&gt;   [5:6]&#10;|       |--TR_TAG_START -&gt; TR_TAG_START [5:7]&#10;|       |   |--START -&gt; &lt; [5:7]&#10;|       |   |--TR_HTML_TAG_NAME -&gt; tr [5:8]&#10;|       |   `--END -&gt; &gt; [5:10]&#10;|       |--TEXT -&gt;   [5:11]&#10;|       `--RT_TAG_END -&gt; RT_TAG_END [5:12]&#10;|           |--START -&gt; &lt; [5:12]&#10;|           |--SLASH -&gt; / [5:13]&#10;|           |--RT_HTML_TAG_NAME -&gt; RT [5:14]&#10;|           `--END -&gt; &gt; [5:16]&#10;|--NEWLINE -&gt; \n [5:17]&#10;|--LEADING_ASTERISK -&gt; * [6:0]&#10;|--TEXT -&gt;   [6:1]&#10;|--HTML_ELEMENT -&gt; HTML_ELEMENT [6:2]&#10;|   `--RT_TAG_START -&gt; RT_TAG_START [6:2]&#10;|       |--START -&gt; &lt; [6:2]&#10;|       |--RT_HTML_TAG_NAME -&gt; rt [6:3]&#10;|       `--END -&gt; &gt; [6:5]&#10;|--TEXT -&gt;   [6:6]&#10;|--HTML_ELEMENT -&gt; HTML_ELEMENT [6:7]&#10;|   `--TR_TAG_END -&gt; TR_TAG_END [6:7]&#10;|       |--START -&gt; &lt; [6:7]&#10;|       |--SLASH -&gt; / [6:8]&#10;|       |--TR_HTML_TAG_NAME -&gt; tr [6:9]&#10;|       `--END -&gt; &gt; [6:11]&#10;|--TEXT -&gt;   [6:12]&#10;|--HTML_ELEMENT -&gt; HTML_ELEMENT [6:13]&#10;|   `--RT_TAG_END -&gt; RT_TAG_END [6:13]&#10;|       |--START -&gt; &lt; [6:13]&#10;|       |--SLASH -&gt; / [6:14]&#10;|       |--RT_HTML_TAG_NAME -&gt; RT [6:15]&#10;|       `--END -&gt; &gt; [6:17]&#10;|--NEWLINE -&gt; \n [6:18]&#10;|--LEADING_ASTERISK -&gt; * [7:0]&#10;|--TEXT -&gt;   [7:1]&#10;|--HTML_ELEMENT -&gt; HTML_ELEMENT [7:2]&#10;|   `--RT -&gt; RT [7:2]&#10;|       |--RT_TAG_START -&gt; RT_TAG_START [7:2]&#10;|       |   |--START -&gt; &lt; [7:2]&#10;|       |   |--RT_HTML_TAG_NAME -&gt; rt [7:3]&#10;|       |   `--END -&gt; &gt; [7:5]&#10;|       |--TEXT -&gt;   [7:6]&#10;|       |--TD -&gt; TD [7:7]&#10;|       |   |--TD_TAG_START -&gt; TD_TAG_START [7:7]&#10;|       |   |   |--START -&gt; &lt; [7:7]&#10;|       |   |   |--TD_HTML_TAG_NAME -&gt; td [7:8]&#10;|       |   |   `--END -&gt; &gt; [7:10]&#10;|       |   |--TEXT -&gt;   [7:11]&#10;|       |   `--TD_TAG_END -&gt; TD_TAG_END [7:12]&#10;|       |       |--START -&gt; &lt; [7:12]&#10;|       |       |--SLASH -&gt; / [7:13]&#10;|       |       |--TD_HTML_TAG_NAME -&gt; td [7:14]&#10;|       |       `--END -&gt; &gt; [7:16]&#10;|       |--TEXT -&gt;   [7:17]&#10;|       `--RT_TAG_END -&gt; RT_TAG_END [7:18]&#10;|           |--START -&gt; &lt; [7:18]&#10;|           |--SLASH -&gt; / [7:19]&#10;|           |--RT_HTML_TAG_NAME -&gt; RT [7:20]&#10;|           `--END -&gt; &gt; [7:22]&#10;|--NEWLINE -&gt; \n [7:23]&#10;|--LEADING_ASTERISK -&gt; * [8:0]&#10;|--TEXT -&gt;   [8:1]&#10;|--HTML_ELEMENT -&gt; HTML_ELEMENT [8:2]&#10;|   `--RT -&gt; RT [8:2]&#10;|       |--RT_TAG_START -&gt; RT_TAG_START [8:2]&#10;|       |   |--START -&gt; &lt; [8:2]&#10;|       |   |--RT_HTML_TAG_NAME -&gt; rt [8:3]&#10;|       |   `--END -&gt; &gt; [8:5]&#10;|       |--TEXT -&gt;   [8:6]&#10;|       |--TD_TAG_START -&gt; TD_TAG_START [8:7]&#10;|       |   |--START -&gt; &lt; [8:7]&#10;|       |   |--TD_HTML_TAG_NAME -&gt; td [8:8]&#10;|       |   `--END -&gt; &gt; [8:10]&#10;|       |--TEXT -&gt;   [8:11]&#10;|       `--RT_TAG_END -&gt; RT_TAG_END [8:12]&#10;|           |--START -&gt; &lt; [8:12]&#10;|           |--SLASH -&gt; / [8:13]&#10;|           |--RT_HTML_TAG_NAME -&gt; RT [8:14]&#10;|           `--END -&gt; &gt; [8:16]&#10;|--NEWLINE -&gt; \n [8:17]&#10;|--LEADING_ASTERISK -&gt; * [9:0]&#10;|--TEXT -&gt;   [9:1]&#10;|--HTML_ELEMENT -&gt; HTML_ELEMENT [9:2]&#10;|   `--RT_TAG_START -&gt; RT_TAG_START [9:2]&#10;|       |--START -&gt; &lt; [9:2]&#10;|       |--RT_HTML_TAG_NAME -&gt; rt [9:3]&#10;|       `--END -&gt; &gt; [9:5]&#10;|--TEXT -&gt;   [9:6]&#10;|--HTML_ELEMENT -&gt; HTML_ELEMENT [9:7]&#10;|   `--TD_TAG_END -&gt; TD_TAG_END [9:7]&#10;|       |--START -&gt; &lt; [9:7]&#10;|       |--SLASH -&gt; / [9:8]&#10;|       |--TD_HTML_TAG_NAME -&gt; td [9:9]&#10;|       `--END -&gt; &gt; [9:11]&#10;|--TEXT -&gt;   [9:12]&#10;|--HTML_ELEMENT -&gt; HTML_ELEMENT [9:13]&#10;|   `--RT_TAG_END -&gt; RT_TAG_END [9:13]&#10;|       |--START -&gt; &lt; [9:13]&#10;|       |--SLASH -&gt; / [9:14]&#10;|       |--RT_HTML_TAG_NAME -&gt; RT [9:15]&#10;|       `--END -&gt; &gt; [9:17]&#10;|--NEWLINE -&gt; \n [9:18]&#10;|--LEADING_ASTERISK -&gt; * [10:0]&#10;|--TEXT -&gt;   [10:1]&#10;|--HTML_ELEMENT -&gt; HTML_ELEMENT [10:2]&#10;|   `--RT -&gt; RT [10:2]&#10;|       |--RT_TAG_START -&gt; RT_TAG_START [10:2]&#10;|       |   |--START -&gt; &lt; [10:2]&#10;|       |   |--RT_HTML_TAG_NAME -&gt; rt [10:3]&#10;|       |   `--END -&gt; &gt; [10:5]&#10;|       |--TEXT -&gt;   [10:6]&#10;|       |--TH -&gt; TH [10:7]&#10;|       |   |--TH_TAG_START -&gt; TH_TAG_START [10:7]&#10;|       |   |   |--START -&gt; &lt; [10:7]&#10;|       |   |   |--TH_HTML_TAG_NAME -&gt; th [10:8]&#10;|       |   |   `--END -&gt; &gt; [10:10]&#10;|       |   |--TEXT -&gt;   [10:11]&#10;|       |   `--TH_TAG_END -&gt; TH_TAG_END [10:12]&#10;|       |       |--START -&gt; &lt; [10:12]&#10;|       |       |--SLASH -&gt; / [10:13]&#10;|       |       |--TH_HTML_TAG_NAME -&gt; th [10:14]&#10;|       |       `--END -&gt; &gt; [10:16]&#10;|       |--TEXT -&gt;   [10:17]&#10;|       `--RT_TAG_END -&gt; RT_TAG_END [10:18]&#10;|           |--START -&gt; &lt; [10:18]&#10;|           |--SLASH -&gt; / [10:19]&#10;|           |--RT_HTML_TAG_NAME -&gt; RT [10:20]&#10;|           `--END -&gt; &gt; [10:22]&#10;|--NEWLINE -&gt; \n [10:23]&#10;|--LEADING_ASTERISK -&gt; * [11:0]&#10;|--TEXT -&gt;   [11:1]&#10;|--HTML_ELEMENT -&gt; HTML_ELEMENT [11:2]&#10;|   `--RT -&gt; RT [11:2]&#10;|       |--RT_TAG_START -&gt; RT_TAG_START [11:2]&#10;|       |   |--START -&gt; &lt; [11:2]&#10;|       |   |--RT_HTML_TAG_NAME -&gt; rt [11:3]&#10;|       |   `--END -&gt; &gt; [11:5]&#10;|       |--TEXT -&gt;   [11:6]&#10;|       |--TH_TAG_START -&gt; TH_TAG_START [11:7]&#10;|       |   |--START -&gt; &lt; [11:7]&#10;|       |   |--TH_HTML_TAG_NAME -&gt; th [11:8]&#10;|       |   `--END -&gt; &gt; [11:10]&#10;|       |--TEXT -&gt;   [11:11]&#10;|       `--RT_TAG_END -&gt; RT_TAG_END [11:12]&#10;|           |--START -&gt; &lt; [11:12]&#10;|           |--SLASH -&gt; / [11:13]&#10;|           |--RT_HTML_TAG_NAME -&gt; RT [11:14]&#10;|           `--END -&gt; &gt; [11:16]&#10;|--NEWLINE -&gt; \n [11:17]&#10;|--LEADING_ASTERISK -&gt; * [12:0]&#10;|--TEXT -&gt;   [12:1]&#10;|--HTML_ELEMENT -&gt; HTML_ELEMENT [12:2]&#10;|   `--RT_TAG_START -&gt; RT_TAG_START [12:2]&#10;|       |--START -&gt; &lt; [12:2]&#10;|       |--RT_HTML_TAG_NAME -&gt; rt [12:3]&#10;|       `--END -&gt; &gt; [12:5]&#10;|--TEXT -&gt;   [12:6]&#10;|--HTML_ELEMENT -&gt; HTML_ELEMENT [12:7]&#10;|   `--TH_TAG_END -&gt; TH_TAG_END [12:7]&#10;|       |--START -&gt; &lt; [12:7]&#10;|       |--SLASH -&gt; / [12:8]&#10;|       |--TH_HTML_TAG_NAME -&gt; th [12:9]&#10;|       `--END -&gt; &gt; [12:11]&#10;|--TEXT -&gt;   [12:12]&#10;|--HTML_ELEMENT -&gt; HTML_ELEMENT [12:13]&#10;|   `--RT_TAG_END -&gt; RT_TAG_END [12:13]&#10;|       |--START -&gt; &lt; [12:13]&#10;|       |--SLASH -&gt; / [12:14]&#10;|       |--RT_HTML_TAG_NAME -&gt; RT [12:15]&#10;|       `--END -&gt; &gt; [12:17]&#10;|--NEWLINE -&gt; \n [12:18]&#10;|--LEADING_ASTERISK -&gt; * [13:0]&#10;|--TEXT -&gt;   [13:1]&#10;|--HTML_ELEMENT -&gt; HTML_ELEMENT [13:2]&#10;|   `--RT -&gt; RT [13:2]&#10;|       |--RT_TAG_START -&gt; RT_TAG_START [13:2]&#10;|       |   |--START -&gt; &lt; [13:2]&#10;|       |   |--RT_HTML_TAG_NAME -&gt; rt [13:3]&#10;|       |   `--END -&gt; &gt; [13:5]&#10;|       |--TEXT -&gt;   [13:6]&#10;|       |--BODY -&gt; BODY [13:7]&#10;|       |   |--BODY_TAG_START -&gt; BODY_TAG_START [13:7]&#10;|       |   |   |--START -&gt; &lt; [13:7]&#10;|       |   |   |--BODY_HTML_TAG_NAME -&gt; body [13:8]&#10;|       |   |   `--END -&gt; &gt; [13:12]&#10;|       |   |--TEXT -&gt;   [13:13]&#10;|       |   `--BODY_TAG_END -&gt; BODY_TAG_END [13:14]&#10;|       |       |--START -&gt; &lt; [13:14]&#10;|       |       |--SLASH -&gt; / [13:15]&#10;|       |       |--BODY_HTML_TAG_NAME -&gt; body [13:16]&#10;|       |       `--END -&gt; &gt; [13:20]&#10;|       |--TEXT -&gt;   [13:21]&#10;|       `--RT_TAG_END -&gt; RT_TAG_END [13:22]&#10;|           |--START -&gt; &lt; [13:22]&#10;|           |--SLASH -&gt; / [13:23]&#10;|           |--RT_HTML_TAG_NAME -&gt; RT [13:24]&#10;|           `--END -&gt; &gt; [13:26]&#10;|--NEWLINE -&gt; \n [13:27]&#10;|--LEADING_ASTERISK -&gt; * [14:0]&#10;|--TEXT -&gt;   [14:1]&#10;|--HTML_ELEMENT -&gt; HTML_ELEMENT [14:2]&#10;|   `--RT -&gt; RT [14:2]&#10;|       |--RT_TAG_START -&gt; RT_TAG_START [14:2]&#10;|       |   |--START -&gt; &lt; [14:2]&#10;|       |   |--RT_HTML_TAG_NAME -&gt; rt [14:3]&#10;|       |   `--END -&gt; &gt; [14:5]&#10;|       |--TEXT -&gt;   [14:6]&#10;|       |--BODY_TAG_START -&gt; BODY_TAG_START [14:7]&#10;|       |   |--START -&gt; &lt; [14:7]&#10;|       |   |--BODY_HTML_TAG_NAME -&gt; body [14:8]&#10;|       |   `--END -&gt; &gt; [14:12]&#10;|       |--TEXT -&gt;   [14:13]&#10;|       `--RT_TAG_END -&gt; RT_TAG_END [14:14]&#10;|           |--START -&gt; &lt; [14:14]&#10;|           |--SLASH -&gt; / [14:15]&#10;|           |--RT_HTML_TAG_NAME -&gt; RT [14:16]&#10;|           `--END -&gt; &gt; [14:18]&#10;|--NEWLINE -&gt; \n [14:19]&#10;|--LEADING_ASTERISK -&gt; * [15:0]&#10;|--TEXT -&gt;   [15:1]&#10;|--HTML_ELEMENT -&gt; HTML_ELEMENT [15:2]&#10;|   `--RT_TAG_START -&gt; RT_TAG_START [15:2]&#10;|       |--START -&gt; &lt; [15:2]&#10;|       |--RT_HTML_TAG_NAME -&gt; rt [15:3]&#10;|       `--END -&gt; &gt; [15:5]&#10;|--TEXT -&gt;   [15:6]&#10;|--HTML_ELEMENT -&gt; HTML_ELEMENT [15:7]&#10;|   `--BODY_TAG_END -&gt; BODY_TAG_END [15:7]&#10;|       |--START -&gt; &lt; [15:7]&#10;|       |--SLASH -&gt; / [15:8]&#10;|       |--BODY_HTML_TAG_NAME -&gt; body [15:9]&#10;|       `--END -&gt; &gt; [15:13]&#10;|--TEXT -&gt;   [15:14]&#10;|--HTML_ELEMENT -&gt; HTML_ELEMENT [15:15]&#10;|   `--RT_TAG_END -&gt; RT_TAG_END [15:15]&#10;|       |--START -&gt; &lt; [15:15]&#10;|       |--SLASH -&gt; / [15:16]&#10;|       |--RT_HTML_TAG_NAME -&gt; RT [15:17]&#10;|       `--END -&gt; &gt; [15:19]&#10;|--NEWLINE -&gt; \n [15:20]&#10;|--LEADING_ASTERISK -&gt; * [16:0]&#10;|--TEXT -&gt;   [16:1]&#10;|--HTML_ELEMENT -&gt; HTML_ELEMENT [16:2]&#10;|   `--RT -&gt; RT [16:2]&#10;|       |--RT_TAG_START -&gt; RT_TAG_START [16:2]&#10;|       |   |--START -&gt; &lt; [16:2]&#10;|       |   |--RT_HTML_TAG_NAME -&gt; rt [16:3]&#10;|       |   `--END -&gt; &gt; [16:5]&#10;|       |--TEXT -&gt;   [16:6]&#10;|       |--COLGROUP -&gt; COLGROUP [16:7]&#10;|       |   |--COLGROUP_TAG_START -&gt; COLGROUP_TAG_START [16:7]&#10;|       |   |   |--START -&gt; &lt; [16:7]&#10;|       |   |   |--COLGROUP_HTML_TAG_NAME -&gt; colgroup [16:8]&#10;|       |   |   `--END -&gt; &gt; [16:16]&#10;|       |   |--TEXT -&gt;   [16:17]&#10;|       |   `--COLGROUP_TAG_END -&gt; COLGROUP_TAG_END [16:18]&#10;|       |       |--START -&gt; &lt; [16:18]&#10;|       |       |--SLASH -&gt; / [16:19]&#10;|       |       |--COLGROUP_HTML_TAG_NAME -&gt; colgroup [16:20]&#10;|       |       `--END -&gt; &gt; [16:28]&#10;|       |--TEXT -&gt;   [16:29]&#10;|       `--RT_TAG_END -&gt; RT_TAG_END [16:30]&#10;|           |--START -&gt; &lt; [16:30]&#10;|           |--SLASH -&gt; / [16:31]&#10;|           |--RT_HTML_TAG_NAME -&gt; RT [16:32]&#10;|           `--END -&gt; &gt; [16:34]&#10;|--NEWLINE -&gt; \n [16:35]&#10;|--LEADING_ASTERISK -&gt; * [17:0]&#10;|--TEXT -&gt;   [17:1]&#10;|--HTML_ELEMENT -&gt; HTML_ELEMENT [17:2]&#10;|   `--RT -&gt; RT [17:2]&#10;|       |--RT_TAG_START -&gt; RT_TAG_START [17:2]&#10;|       |   |--START -&gt; &lt; [17:2]&#10;|       |   |--RT_HTML_TAG_NAME -&gt; rt [17:3]&#10;|       |   `--END -&gt; &gt; [17:5]&#10;|       |--TEXT -&gt;   [17:6]&#10;|       |--COLGROUP_TAG_START -&gt; COLGROUP_TAG_START [17:7]&#10;|       |   |--START -&gt; &lt; [17:7]&#10;|       |   |--COLGROUP_HTML_TAG_NAME -&gt; colgroup [17:8]&#10;|       |   `--END -&gt; &gt; [17:16]&#10;|       |--TEXT -&gt;   [17:17]&#10;|       `--RT_TAG_END -&gt; RT_TAG_END [17:18]&#10;|           |--START -&gt; &lt; [17:18]&#10;|           |--SLASH -&gt; / [17:19]&#10;|           |--RT_HTML_TAG_NAME -&gt; RT [17:20]&#10;|           `--END -&gt; &gt; [17:22]&#10;|--NEWLINE -&gt; \n [17:23]&#10;|--LEADING_ASTERISK -&gt; * [18:0]&#10;|--TEXT -&gt;   [18:1]&#10;|--HTML_ELEMENT -&gt; HTML_ELEMENT [18:2]&#10;|   `--RT_TAG_START -&gt; RT_TAG_START [18:2]&#10;|       |--START -&gt; &lt; [18:2]&#10;|       |--RT_HTML_TAG_NAME -&gt; rt [18:3]&#10;|       `--END -&gt; &gt; [18:5]&#10;|--TEXT -&gt;   [18:6]&#10;|--HTML_ELEMENT -&gt; HTML_ELEMENT [18:7]&#10;|   `--COLGROUP_TAG_END -&gt; COLGROUP_TAG_END [18:7]&#10;|       |--START -&gt; &lt; [18:7]&#10;|       |--SLASH -&gt; / [18:8]&#10;|       |--COLGROUP_HTML_TAG_NAME -&gt; colgroup [18:9]&#10;|       `--END -&gt; &gt; [18:17]&#10;|--TEXT -&gt;   [18:18]&#10;|--HTML_ELEMENT -&gt; HTML_ELEMENT [18:19]&#10;|   `--RT_TAG_END -&gt; RT_TAG_END [18:19]&#10;|       |--START -&gt; &lt; [18:19]&#10;|       |--SLASH -&gt; / [18:20]&#10;|       |--RT_HTML_TAG_NAME -&gt; RT [18:21]&#10;|       `--END -&gt; &gt; [18:23]&#10;|--NEWLINE -&gt; \n [18:24]&#10;|--LEADING_ASTERISK -&gt; * [19:0]&#10;|--TEXT -&gt;   [19:1]&#10;|--HTML_ELEMENT -&gt; HTML_ELEMENT [19:2]&#10;|   `--RT -&gt; RT [19:2]&#10;|       |--RT_TAG_START -&gt; RT_TAG_START [19:2]&#10;|       |   |--START -&gt; &lt; [19:2]&#10;|       |   |--RT_HTML_TAG_NAME -&gt; rt [19:3]&#10;|       |   `--END -&gt; &gt; [19:5]&#10;|       |--TEXT -&gt;   [19:6]&#10;|       |--DD -&gt; DD [19:7]&#10;|       |   |--DD_TAG_START -&gt; DD_TAG_START [19:7]&#10;|       |   |   |--START -&gt; &lt; [19:7]&#10;|       |   |   |--DD_HTML_TAG_NAME -&gt; dd [19:8]&#10;|       |   |   `--END -&gt; &gt; [19:10]&#10;|       |   |--TEXT -&gt;   [19:11]&#10;|       |   `--DD_TAG_END -&gt; DD_TAG_END [19:12]&#10;|       |       |--START -&gt; &lt; [19:12]&#10;|       |       |--SLASH -&gt; / [19:13]&#10;|       |       |--DD_HTML_TAG_NAME -&gt; dd [19:14]&#10;|       |       `--END -&gt; &gt; [19:16]&#10;|       |--TEXT -&gt;   [19:17]&#10;|       `--RT_TAG_END -&gt; RT_TAG_END [19:18]&#10;|           |--START -&gt; &lt; [19:18]&#10;|           |--SLASH -&gt; / [19:19]&#10;|           |--RT_HTML_TAG_NAME -&gt; RT [19:20]&#10;|           `--END -&gt; &gt; [19:22]&#10;|--NEWLINE -&gt; \n [19:23]&#10;|--LEADING_ASTERISK -&gt; * [20:0]&#10;|--TEXT -&gt;   [20:1]&#10;|--HTML_ELEMENT -&gt; HTML_ELEMENT [20:2]&#10;|   `--RT -&gt; RT [20:2]&#10;|       |--RT_TAG_START -&gt; RT_TAG_START [20:2]&#10;|       |   |--START -&gt; &lt; [20:2]&#10;|       |   |--RT_HTML_TAG_NAME -&gt; rt [20:3]&#10;|       |   `--END -&gt; &gt; [20:5]&#10;|       |--TEXT -&gt;   [20:6]&#10;|       |--DD_TAG_START -&gt; DD_TAG_START [20:7]&#10;|       |   |--START -&gt; &lt; [20:7]&#10;|       |   |--DD_HTML_TAG_NAME -&gt; dd [20:8]&#10;|       |   `--END -&gt; &gt; [20:10]&#10;|       |--TEXT -&gt;   [20:11]&#10;|       `--RT_TAG_END -&gt; RT_TAG_END [20:12]&#10;|           |--START -&gt; &lt; [20:12]&#10;|           |--SLASH -&gt; / [20:13]&#10;|           |--RT_HTML_TAG_NAME -&gt; RT [20:14]&#10;|           `--END -&gt; &gt; [20:16]&#10;|--NEWLINE -&gt; \n [20:17]&#10;|--LEADING_ASTERISK -&gt; * [21:0]&#10;|--TEXT -&gt;   [21:1]&#10;|--HTML_ELEMENT -&gt; HTML_ELEMENT [21:2]&#10;|   `--RT_TAG_START -&gt; RT_TAG_START [21:2]&#10;|       |--START -&gt; &lt; [21:2]&#10;|       |--RT_HTML_TAG_NAME -&gt; rt [21:3]&#10;|       `--END -&gt; &gt; [21:5]&#10;|--TEXT -&gt;   [21:6]&#10;|--HTML_ELEMENT -&gt; HTML_ELEMENT [21:7]&#10;|   `--DD_TAG_END -&gt; DD_TAG_END [21:7]&#10;|       |--START -&gt; &lt; [21:7]&#10;|       |--SLASH -&gt; / [21:8]&#10;|       |--DD_HTML_TAG_NAME -&gt; dd [21:9]&#10;|       `--END -&gt; &gt; [21:11]&#10;|--TEXT -&gt;   [21:12]&#10;|--HTML_ELEMENT -&gt; HTML_ELEMENT [21:13]&#10;|   `--RT_TAG_END -&gt; RT_TAG_END [21:13]&#10;|       |--START -&gt; &lt; [21:13]&#10;|       |--SLASH -&gt; / [21:14]&#10;|       |--RT_HTML_TAG_NAME -&gt; RT [21:15]&#10;|       `--END -&gt; &gt; [21:17]&#10;|--NEWLINE -&gt; \n [21:18]&#10;|--LEADING_ASTERISK -&gt; * [22:0]&#10;|--TEXT -&gt;   [22:1]&#10;|--HTML_ELEMENT -&gt; HTML_ELEMENT [22:2]&#10;|   `--RT -&gt; RT [22:2]&#10;|       |--RT_TAG_START -&gt; RT_TAG_START [22:2]&#10;|       |   |--START -&gt; &lt; [22:2]&#10;|       |   |--RT_HTML_TAG_NAME -&gt; rt [22:3]&#10;|       |   `--END -&gt; &gt; [22:5]&#10;|       |--TEXT -&gt;   [22:6]&#10;|       |--DT -&gt; DT [22:7]&#10;|       |   |--DT_TAG_START -&gt; DT_TAG_START [22:7]&#10;|       |   |   |--START -&gt; &lt; [22:7]&#10;|       |   |   |--DT_HTML_TAG_NAME -&gt; dt [22:8]&#10;|       |   |   `--END -&gt; &gt; [22:10]&#10;|       |   |--TEXT -&gt;   [22:11]&#10;|       |   `--DT_TAG_END -&gt; DT_TAG_END [22:12]&#10;|       |       |--START -&gt; &lt; [22:12]&#10;|       |       |--SLASH -&gt; / [22:13]&#10;|       |       |--DT_HTML_TAG_NAME -&gt; dt [22:14]&#10;|       |       `--END -&gt; &gt; [22:16]&#10;|       |--TEXT -&gt;   [22:17]&#10;|       `--RT_TAG_END -&gt; RT_TAG_END [22:18]&#10;|           |--START -&gt; &lt; [22:18]&#10;|           |--SLASH -&gt; / [22:19]&#10;|           |--RT_HTML_TAG_NAME -&gt; RT [22:20]&#10;|           `--END -&gt; &gt; [22:22]&#10;|--NEWLINE -&gt; \n [22:23]&#10;|--LEADING_ASTERISK -&gt; * [23:0]&#10;|--TEXT -&gt;   [23:1]&#10;|--HTML_ELEMENT -&gt; HTML_ELEMENT [23:2]&#10;|   `--RT -&gt; RT [23:2]&#10;|       |--RT_TAG_START -&gt; RT_TAG_START [23:2]&#10;|       |   |--START -&gt; &lt; [23:2]&#10;|       |   |--RT_HTML_TAG_NAME -&gt; rt [23:3]&#10;|       |   `--END -&gt; &gt; [23:5]&#10;|       |--TEXT -&gt;   [23:6]&#10;|       |--DT_TAG_START -&gt; DT_TAG_START [23:7]&#10;|       |   |--START -&gt; &lt; [23:7]&#10;|       |   |--DT_HTML_TAG_NAME -&gt; dt [23:8]&#10;|       |   `--END -&gt; &gt; [23:10]&#10;|       |--TEXT -&gt;   [23:11]&#10;|       `--RT_TAG_END -&gt; RT_TAG_END [23:12]&#10;|           |--START -&gt; &lt; [23:12]&#10;|           |--SLASH -&gt; / [23:13]&#10;|           |--RT_HTML_TAG_NAME -&gt; RT [23:14]&#10;|           `--END -&gt; &gt; [23:16]&#10;|--NEWLINE -&gt; \n [23:17]&#10;|--LEADING_ASTERISK -&gt; * [24:0]&#10;|--TEXT -&gt;   [24:1]&#10;|--HTML_ELEMENT -&gt; HTML_ELEMENT [24:2]&#10;|   `--RT_TAG_START -&gt; RT_TAG_START [24:2]&#10;|       |--START -&gt; &lt; [24:2]&#10;|       |--RT_HTML_TAG_NAME -&gt; rt [24:3]&#10;|       `--END -&gt; &gt; [24:5]&#10;|--TEXT -&gt;   [24:6]&#10;|--HTML_ELEMENT -&gt; HTML_ELEMENT [24:7]&#10;|   `--DT_TAG_END -&gt; DT_TAG_END [24:7]&#10;|       |--START -&gt; &lt; [24:7]&#10;|       |--SLASH -&gt; / [24:8]&#10;|       |--DT_HTML_TAG_NAME -&gt; dt [24:9]&#10;|       `--END -&gt; &gt; [24:11]&#10;|--TEXT -&gt;   [24:12]&#10;|--HTML_ELEMENT -&gt; HTML_ELEMENT [24:13]&#10;|   `--RT_TAG_END -&gt; RT_TAG_END [24:13]&#10;|       |--START -&gt; &lt; [24:13]&#10;|       |--SLASH -&gt; / [24:14]&#10;|       |--RT_HTML_TAG_NAME -&gt; RT [24:15]&#10;|       `--END -&gt; &gt; [24:17]&#10;|--NEWLINE -&gt; \n [24:18]&#10;|--LEADING_ASTERISK -&gt; * [25:0]&#10;|--TEXT -&gt;   [25:1]&#10;|--HTML_ELEMENT -&gt; HTML_ELEMENT [25:2]&#10;|   `--RT -&gt; RT [25:2]&#10;|       |--RT_TAG_START -&gt; RT_TAG_START [25:2]&#10;|       |   |--START -&gt; &lt; [25:2]&#10;|       |   |--RT_HTML_TAG_NAME -&gt; rt [25:3]&#10;|       |   `--END -&gt; &gt; [25:5]&#10;|       |--TEXT -&gt;   [25:6]&#10;|       |--HEAD -&gt; HEAD [25:7]&#10;|       |   |--HEAD_TAG_START -&gt; HEAD_TAG_START [25:7]&#10;|       |   |   |--START -&gt; &lt; [25:7]&#10;|       |   |   |--HEAD_HTML_TAG_NAME -&gt; head [25:8]&#10;|       |   |   `--END -&gt; &gt; [25:12]&#10;|       |   |--TEXT -&gt;   [25:13]&#10;|       |   `--HEAD_TAG_END -&gt; HEAD_TAG_END [25:14]&#10;|       |       |--START -&gt; &lt; [25:14]&#10;|       |       |--SLASH -&gt; / [25:15]&#10;|       |       |--HEAD_HTML_TAG_NAME -&gt; head [25:16]&#10;|       |       `--END -&gt; &gt; [25:20]&#10;|       |--TEXT -&gt;   [25:21]&#10;|       `--RT_TAG_END -&gt; RT_TAG_END [25:22]&#10;|           |--START -&gt; &lt; [25:22]&#10;|           |--SLASH -&gt; / [25:23]&#10;|           |--RT_HTML_TAG_NAME -&gt; RT [25:24]&#10;|           `--END -&gt; &gt; [25:26]&#10;|--NEWLINE -&gt; \n [25:27]&#10;|--LEADING_ASTERISK -&gt; * [26:0]&#10;|--TEXT -&gt;   [26:1]&#10;|--HTML_ELEMENT -&gt; HTML_ELEMENT [26:2]&#10;|   `--RT -&gt; RT [26:2]&#10;|       |--RT_TAG_START -&gt; RT_TAG_START [26:2]&#10;|       |   |--START -&gt; &lt; [26:2]&#10;|       |   |--RT_HTML_TAG_NAME -&gt; rt [26:3]&#10;|       |   `--END -&gt; &gt; [26:5]&#10;|       |--TEXT -&gt;   [26:6]&#10;|       |--HEAD_TAG_START -&gt; HEAD_TAG_START [26:7]&#10;|       |   |--START -&gt; &lt; [26:7]&#10;|       |   |--HEAD_HTML_TAG_NAME -&gt; head [26:8]&#10;|       |   `--END -&gt; &gt; [26:12]&#10;|       |--TEXT -&gt;   [26:13]&#10;|       `--RT_TAG_END -&gt; RT_TAG_END [26:14]&#10;|           |--START -&gt; &lt; [26:14]&#10;|           |--SLASH -&gt; / [26:15]&#10;|           |--RT_HTML_TAG_NAME -&gt; RT [26:16]&#10;|           `--END -&gt; &gt; [26:18]&#10;|--NEWLINE -&gt; \n [26:19]&#10;|--LEADING_ASTERISK -&gt; * [27:0]&#10;|--TEXT -&gt;   [27:1]&#10;|--HTML_ELEMENT -&gt; HTML_ELEMENT [27:2]&#10;|   `--RT_TAG_START -&gt; RT_TAG_START [27:2]&#10;|       |--START -&gt; &lt; [27:2]&#10;|       |--RT_HTML_TAG_NAME -&gt; rt [27:3]&#10;|       `--END -&gt; &gt; [27:5]&#10;|--TEXT -&gt;   [27:6]&#10;|--HTML_ELEMENT -&gt; HTML_ELEMENT [27:7]&#10;|   `--HEAD_TAG_END -&gt; HEAD_TAG_END [27:7]&#10;|       |--START -&gt; &lt; [27:7]&#10;|       |--SLASH -&gt; / [27:8]&#10;|       |--HEAD_HTML_TAG_NAME -&gt; head [27:9]&#10;|       `--END -&gt; &gt; [27:13]&#10;|--TEXT -&gt;   [27:14]&#10;|--HTML_ELEMENT -&gt; HTML_ELEMENT [27:15]&#10;|   `--RT_TAG_END -&gt; RT_TAG_END [27:15]&#10;|       |--START -&gt; &lt; [27:15]&#10;|       |--SLASH -&gt; / [27:16]&#10;|       |--RT_HTML_TAG_NAME -&gt; RT [27:17]&#10;|       `--END -&gt; &gt; [27:19]&#10;|--NEWLINE -&gt; \n [27:20]&#10;|--LEADING_ASTERISK -&gt; * [28:0]&#10;|--TEXT -&gt;   [28:1]&#10;|--HTML_ELEMENT -&gt; HTML_ELEMENT [28:2]&#10;|   `--RT -&gt; RT [28:2]&#10;|       |--RT_TAG_START -&gt; RT_TAG_START [28:2]&#10;|       |   |--START -&gt; &lt; [28:2]&#10;|       |   |--RT_HTML_TAG_NAME -&gt; rt [28:3]&#10;|       |   `--END -&gt; &gt; [28:5]&#10;|       |--TEXT -&gt;   [28:6]&#10;|       |--HTML -&gt; HTML [28:7]&#10;|       |   |--HTML_TAG_START -&gt; HTML_TAG_START [28:7]&#10;|       |   |   |--START -&gt; &lt; [28:7]&#10;|       |   |   |--HTML_HTML_TAG_NAME -&gt; html [28:8]&#10;|       |   |   `--END -&gt; &gt; [28:12]&#10;|       |   |--TEXT -&gt;   [28:13]&#10;|       |   `--HTML_TAG_END -&gt; HTML_TAG_END [28:14]&#10;|       |       |--START -&gt; &lt; [28:14]&#10;|       |       |--SLASH -&gt; / [28:15]&#10;|       |       |--HTML_HTML_TAG_NAME -&gt; html [28:16]&#10;|       |       `--END -&gt; &gt; [28:20]&#10;|       |--TEXT -&gt;   [28:21]&#10;|       `--RT_TAG_END -&gt; RT_TAG_END [28:22]&#10;|           |--START -&gt; &lt; [28:22]&#10;|           |--SLASH -&gt; / [28:23]&#10;|           |--RT_HTML_TAG_NAME -&gt; RT [28:24]&#10;|           `--END -&gt; &gt; [28:26]&#10;|--NEWLINE -&gt; \n [28:27]&#10;|--LEADING_ASTERISK -&gt; * [29:0]&#10;|--TEXT -&gt;   [29:1]&#10;|--HTML_ELEMENT -&gt; HTML_ELEMENT [29:2]&#10;|   `--RT -&gt; RT [29:2]&#10;|       |--RT_TAG_START -&gt; RT_TAG_START [29:2]&#10;|       |   |--START -&gt; &lt; [29:2]&#10;|       |   |--RT_HTML_TAG_NAME -&gt; rt [29:3]&#10;|       |   `--END -&gt; &gt; [29:5]&#10;|       |--TEXT -&gt;   [29:6]&#10;|       |--HTML_TAG_START -&gt; HTML_TAG_START [29:7]&#10;|       |   |--START -&gt; &lt; [29:7]&#10;|       |   |--HTML_HTML_TAG_NAME -&gt; html [29:8]&#10;|       |   `--END -&gt; &gt; [29:12]&#10;|       |--TEXT -&gt;   [29:13]&#10;|       `--RT_TAG_END -&gt; RT_TAG_END [29:14]&#10;|           |--START -&gt; &lt; [29:14]&#10;|           |--SLASH -&gt; / [29:15]&#10;|           |--RT_HTML_TAG_NAME -&gt; RT [29:16]&#10;|           `--END -&gt; &gt; [29:18]&#10;|--NEWLINE -&gt; \n [29:19]&#10;|--LEADING_ASTERISK -&gt; * [30:0]&#10;|--TEXT -&gt;   [30:1]&#10;|--HTML_ELEMENT -&gt; HTML_ELEMENT [30:2]&#10;|   `--RT_TAG_START -&gt; RT_TAG_START [30:2]&#10;|       |--START -&gt; &lt; [30:2]&#10;|       |--RT_HTML_TAG_NAME -&gt; rt [30:3]&#10;|       `--END -&gt; &gt; [30:5]&#10;|--TEXT -&gt;   [30:6]&#10;|--HTML_ELEMENT -&gt; HTML_ELEMENT [30:7]&#10;|   `--HTML_TAG_END -&gt; HTML_TAG_END [30:7]&#10;|       |--START -&gt; &lt; [30:7]&#10;|       |--SLASH -&gt; / [30:8]&#10;|       |--HTML_HTML_TAG_NAME -&gt; html [30:9]&#10;|       `--END -&gt; &gt; [30:13]&#10;|--TEXT -&gt;   [30:14]&#10;|--HTML_ELEMENT -&gt; HTML_ELEMENT [30:15]&#10;|   `--RT_TAG_END -&gt; RT_TAG_END [30:15]&#10;|       |--START -&gt; &lt; [30:15]&#10;|       |--SLASH -&gt; / [30:16]&#10;|       |--RT_HTML_TAG_NAME -&gt; RT [30:17]&#10;|       `--END -&gt; &gt; [30:19]&#10;|--NEWLINE -&gt; \n [30:20]&#10;|--LEADING_ASTERISK -&gt; * [31:0]&#10;|--TEXT -&gt;   [31:1]&#10;|--HTML_ELEMENT -&gt; HTML_ELEMENT [31:2]&#10;|   `--RT -&gt; RT [31:2]&#10;|       |--RT_TAG_START -&gt; RT_TAG_START [31:2]&#10;|       |   |--START -&gt; &lt; [31:2]&#10;|       |   |--RT_HTML_TAG_NAME -&gt; rt [31:3]&#10;|       |   `--END -&gt; &gt; [31:5]&#10;|       |--TEXT -&gt;   [31:6]&#10;|       |--OPTION -&gt; OPTION [31:7]&#10;|       |   |--OPTION_TAG_START -&gt; OPTION_TAG_START [31:7]&#10;|       |   |   |--START -&gt; &lt; [31:7]&#10;|       |   |   |--OPTION_HTML_TAG_NAME -&gt; option [31:8]&#10;|       |   |   `--END -&gt; &gt; [31:14]&#10;|       |   |--TEXT -&gt;   [31:15]&#10;|       |   `--OPTION_TAG_END -&gt; OPTION_TAG_END [31:16]&#10;|       |       |--START -&gt; &lt; [31:16]&#10;|       |       |--SLASH -&gt; / [31:17]&#10;|       |       |--OPTION_HTML_TAG_NAME -&gt; option [31:18]&#10;|       |       `--END -&gt; &gt; [31:24]&#10;|       |--TEXT -&gt;   [31:25]&#10;|       `--RT_TAG_END -&gt; RT_TAG_END [31:26]&#10;|           |--START -&gt; &lt; [31:26]&#10;|           |--SLASH -&gt; / [31:27]&#10;|           |--RT_HTML_TAG_NAME -&gt; RT [31:28]&#10;|           `--END -&gt; &gt; [31:30]&#10;|--NEWLINE -&gt; \n [31:31]&#10;|--LEADING_ASTERISK -&gt; * [32:0]&#10;|--TEXT -&gt;   [32:1]&#10;|--HTML_ELEMENT -&gt; HTML_ELEMENT [32:2]&#10;|   `--RT -&gt; RT [32:2]&#10;|       |--RT_TAG_START -&gt; RT_TAG_START [32:2]&#10;|       |   |--START -&gt; &lt; [32:2]&#10;|       |   |--RT_HTML_TAG_NAME -&gt; rt [32:3]&#10;|       |   `--END -&gt; &gt; [32:5]&#10;|       |--TEXT -&gt;   [32:6]&#10;|       |--OPTION_TAG_START -&gt; OPTION_TAG_START [32:7]&#10;|       |   |--START -&gt; &lt; [32:7]&#10;|       |   |--OPTION_HTML_TAG_NAME -&gt; option [32:8]&#10;|       |   `--END -&gt; &gt; [32:14]&#10;|       |--TEXT -&gt;   [32:15]&#10;|       `--RT_TAG_END -&gt; RT_TAG_END [32:16]&#10;|           |--START -&gt; &lt; [32:16]&#10;|           |--SLASH -&gt; / [32:17]&#10;|           |--RT_HTML_TAG_NAME -&gt; RT [32:18]&#10;|           `--END -&gt; &gt; [32:20]&#10;|--NEWLINE -&gt; \n [32:21]&#10;|--LEADING_ASTERISK -&gt; * [33:0]&#10;|--TEXT -&gt;   [33:1]&#10;|--HTML_ELEMENT -&gt; HTML_ELEMENT [33:2]&#10;|   `--RT_TAG_START -&gt; RT_TAG_START [33:2]&#10;|       |--START -&gt; &lt; [33:2]&#10;|       |--RT_HTML_TAG_NAME -&gt; rt [33:3]&#10;|       `--END -&gt; &gt; [33:5]&#10;|--TEXT -&gt;   [33:6]&#10;|--HTML_ELEMENT -&gt; HTML_ELEMENT [33:7]&#10;|   `--OPTION_TAG_END -&gt; OPTION_TAG_END [33:7]&#10;|       |--START -&gt; &lt; [33:7]&#10;|       |--SLASH -&gt; / [33:8]&#10;|       |--OPTION_HTML_TAG_NAME -&gt; option [33:9]&#10;|       `--END -&gt; &gt; [33:15]&#10;|--TEXT -&gt;   [33:16]&#10;|--HTML_ELEMENT -&gt; HTML_ELEMENT [33:17]&#10;|   `--RT_TAG_END -&gt; RT_TAG_END [33:17]&#10;|       |--START -&gt; &lt; [33:17]&#10;|       |--SLASH -&gt; / [33:18]&#10;|       |--RT_HTML_TAG_NAME -&gt; RT [33:19]&#10;|       `--END -&gt; &gt; [33:21]&#10;|--NEWLINE -&gt; \n [33:22]&#10;|--LEADING_ASTERISK -&gt; * [34:0]&#10;|--TEXT -&gt;   [34:1]&#10;|--HTML_ELEMENT -&gt; HTML_ELEMENT [34:2]&#10;|   `--RT -&gt; RT [34:2]&#10;|       |--RT_TAG_START -&gt; RT_TAG_START [34:2]&#10;|       |   |--START -&gt; &lt; [34:2]&#10;|       |   |--RT_HTML_TAG_NAME -&gt; rt [34:3]&#10;|       |   `--END -&gt; &gt; [34:5]&#10;|       |--TEXT -&gt;   [34:6]&#10;|       |--TBODY -&gt; TBODY [34:7]&#10;|       |   |--TBODY_TAG_START -&gt; TBODY_TAG_START [34:7]&#10;|       |   |   |--START -&gt; &lt; [34:7]&#10;|       |   |   |--TBODY_HTML_TAG_NAME -&gt; tbody [34:8]&#10;|       |   |   `--END -&gt; &gt; [34:13]&#10;|       |   |--TEXT -&gt;   [34:14]&#10;|       |   `--TBODY_TAG_END -&gt; TBODY_TAG_END [34:15]&#10;|       |       |--START -&gt; &lt; [34:15]&#10;|       |       |--SLASH -&gt; / [34:16]&#10;|       |       |--TBODY_HTML_TAG_NAME -&gt; tbody [34:17]&#10;|       |       `--END -&gt; &gt; [34:22]&#10;|       |--TEXT -&gt;   [34:23]&#10;|       `--RT_TAG_END -&gt; RT_TAG_END [34:24]&#10;|           |--START -&gt; &lt; [34:24]&#10;|           |--SLASH -&gt; / [34:25]&#10;|           |--RT_HTML_TAG_NAME -&gt; rT [34:26]&#10;|           `--END -&gt; &gt; [34:28]&#10;|--NEWLINE -&gt; \n [34:29]&#10;|--LEADING_ASTERISK -&gt; * [35:0]&#10;|--TEXT -&gt;   [35:1]&#10;|--HTML_ELEMENT -&gt; HTML_ELEMENT [35:2]&#10;|   `--RT -&gt; RT [35:2]&#10;|       |--RT_TAG_START -&gt; RT_TAG_START [35:2]&#10;|       |   |--START -&gt; &lt; [35:2]&#10;|       |   |--RT_HTML_TAG_NAME -&gt; rt [35:3]&#10;|       |   `--END -&gt; &gt; [35:5]&#10;|       |--TEXT -&gt;   [35:6]&#10;|       |--TBODY_TAG_START -&gt; TBODY_TAG_START [35:7]&#10;|       |   |--START -&gt; &lt; [35:7]&#10;|       |   |--TBODY_HTML_TAG_NAME -&gt; tbody [35:8]&#10;|       |   `--END -&gt; &gt; [35:13]&#10;|       |--TEXT -&gt;   [35:14]&#10;|       `--RT_TAG_END -&gt; RT_TAG_END [35:15]&#10;|           |--START -&gt; &lt; [35:15]&#10;|           |--SLASH -&gt; / [35:16]&#10;|           |--RT_HTML_TAG_NAME -&gt; RT [35:17]&#10;|           `--END -&gt; &gt; [35:19]&#10;|--NEWLINE -&gt; \n [35:20]&#10;|--LEADING_ASTERISK -&gt; * [36:0]&#10;|--TEXT -&gt;   [36:1]&#10;|--HTML_ELEMENT -&gt; HTML_ELEMENT [36:2]&#10;|   `--RT_TAG_START -&gt; RT_TAG_START [36:2]&#10;|       |--START -&gt; &lt; [36:2]&#10;|       |--RT_HTML_TAG_NAME -&gt; rt [36:3]&#10;|       `--END -&gt; &gt; [36:5]&#10;|--TEXT -&gt;   [36:6]&#10;|--HTML_ELEMENT -&gt; HTML_ELEMENT [36:7]&#10;|   `--TBODY_TAG_END -&gt; TBODY_TAG_END [36:7]&#10;|       |--START -&gt; &lt; [36:7]&#10;|       |--SLASH -&gt; / [36:8]&#10;|       |--TBODY_HTML_TAG_NAME -&gt; tbody [36:9]&#10;|       `--END -&gt; &gt; [36:14]&#10;|--TEXT -&gt;   [36:15]&#10;|--HTML_ELEMENT -&gt; HTML_ELEMENT [36:16]&#10;|   `--RT_TAG_END -&gt; RT_TAG_END [36:16]&#10;|       |--START -&gt; &lt; [36:16]&#10;|       |--SLASH -&gt; / [36:17]&#10;|       |--RT_HTML_TAG_NAME -&gt; RT [36:18]&#10;|       `--END -&gt; &gt; [36:20]&#10;|--NEWLINE -&gt; \n [36:21]&#10;|--LEADING_ASTERISK -&gt; * [37:0]&#10;|--TEXT -&gt;   [37:1]&#10;|--HTML_ELEMENT -&gt; HTML_ELEMENT [37:2]&#10;|   `--RT -&gt; RT [37:2]&#10;|       |--RT_TAG_START -&gt; RT_TAG_START [37:2]&#10;|       |   |--START -&gt; &lt; [37:2]&#10;|       |   |--RT_HTML_TAG_NAME -&gt; rt [37:3]&#10;|       |   `--END -&gt; &gt; [37:5]&#10;|       |--TEXT -&gt;   [37:6]&#10;|       |--TFOOT -&gt; TFOOT [37:7]&#10;|       |   |--TFOOT_TAG_START -&gt; TFOOT_TAG_START [37:7]&#10;|       |   |   |--START -&gt; &lt; [37:7]&#10;|       |   |   |--TFOOT_HTML_TAG_NAME -&gt; tfoot [37:8]&#10;|       |   |   `--END -&gt; &gt; [37:13]&#10;|       |   |--TEXT -&gt;   [37:14]&#10;|       |   `--TFOOT_TAG_END -&gt; TFOOT_TAG_END [37:15]&#10;|       |       |--START -&gt; &lt; [37:15]&#10;|       |       |--SLASH -&gt; / [37:16]&#10;|       |       |--TFOOT_HTML_TAG_NAME -&gt; tfoot [37:17]&#10;|       |       `--END -&gt; &gt; [37:22]&#10;|       |--TEXT -&gt;   [37:23]&#10;|       `--RT_TAG_END -&gt; RT_TAG_END [37:24]&#10;|           |--START -&gt; &lt; [37:24]&#10;|           |--SLASH -&gt; / [37:25]&#10;|           |--RT_HTML_TAG_NAME -&gt; RT [37:26]&#10;|           `--END -&gt; &gt; [37:28]&#10;|--NEWLINE -&gt; \n [37:29]&#10;|--LEADING_ASTERISK -&gt; * [38:0]&#10;|--TEXT -&gt;   [38:1]&#10;|--HTML_ELEMENT -&gt; HTML_ELEMENT [38:2]&#10;|   `--RT -&gt; RT [38:2]&#10;|       |--RT_TAG_START -&gt; RT_TAG_START [38:2]&#10;|       |   |--START -&gt; &lt; [38:2]&#10;|       |   |--RT_HTML_TAG_NAME -&gt; rt [38:3]&#10;|       |   `--END -&gt; &gt; [38:5]&#10;|       |--TEXT -&gt;   [38:6]&#10;|       |--TFOOT_TAG_START -&gt; TFOOT_TAG_START [38:7]&#10;|       |   |--START -&gt; &lt; [38:7]&#10;|       |   |--TFOOT_HTML_TAG_NAME -&gt; tfoot [38:8]&#10;|       |   `--END -&gt; &gt; [38:13]&#10;|       |--TEXT -&gt;   [38:14]&#10;|       `--RT_TAG_END -&gt; RT_TAG_END [38:15]&#10;|           |--START -&gt; &lt; [38:15]&#10;|           |--SLASH -&gt; / [38:16]&#10;|           |--RT_HTML_TAG_NAME -&gt; RT [38:17]&#10;|           `--END -&gt; &gt; [38:19]&#10;|--NEWLINE -&gt; \n [38:20]&#10;|--LEADING_ASTERISK -&gt; * [39:0]&#10;|--TEXT -&gt;   [39:1]&#10;|--HTML_ELEMENT -&gt; HTML_ELEMENT [39:2]&#10;|   `--RT_TAG_START -&gt; RT_TAG_START [39:2]&#10;|       |--START -&gt; &lt; [39:2]&#10;|       |--RT_HTML_TAG_NAME -&gt; rt [39:3]&#10;|       `--END -&gt; &gt; [39:5]&#10;|--TEXT -&gt;   [39:6]&#10;|--HTML_ELEMENT -&gt; HTML_ELEMENT [39:7]&#10;|   `--TFOOT_TAG_END -&gt; TFOOT_TAG_END [39:7]&#10;|       |--START -&gt; &lt; [39:7]&#10;|       |--SLASH -&gt; / [39:8]&#10;|       |--TFOOT_HTML_TAG_NAME -&gt; tfoot [39:9]&#10;|       `--END -&gt; &gt; [39:14]&#10;|--TEXT -&gt;   [39:15]&#10;|--HTML_ELEMENT -&gt; HTML_ELEMENT [39:16]&#10;|   `--RT_TAG_END -&gt; RT_TAG_END [39:16]&#10;|       |--START -&gt; &lt; [39:16]&#10;|       |--SLASH -&gt; / [39:17]&#10;|       |--RT_HTML_TAG_NAME -&gt; RT [39:18]&#10;|       `--END -&gt; &gt; [39:20]&#10;|--NEWLINE -&gt; \n [39:21]&#10;|--LEADING_ASTERISK -&gt; * [40:0]&#10;|--TEXT -&gt;   [40:1]&#10;|--HTML_ELEMENT -&gt; HTML_ELEMENT [40:2]&#10;|   `--RT -&gt; RT [40:2]&#10;|       |--RT_TAG_START -&gt; RT_TAG_START [40:2]&#10;|       |   |--START -&gt; &lt; [40:2]&#10;|       |   |--RT_HTML_TAG_NAME -&gt; rt [40:3]&#10;|       |   |--WS -&gt;   [40:5]&#10;|       |   |--ATTRIBUTE -&gt; ATTRIBUTE [40:6]&#10;|       |   |   |--HTML_TAG_NAME -&gt; style [40:6]&#10;|       |   |   |--EQUALS -&gt; = [40:11]&#10;|       |   |   `--ATTR_VALUE -&gt; &quot;color:red&quot; [40:12]&#10;|       |   |--WS -&gt;   [40:24]&#10;|       |   |--NEWLINE -&gt; \n [40:25]&#10;|       |   |--LEADING_ASTERISK -&gt; * [41:0]&#10;|       |   |--NEWLINE -&gt; \n [41:1]&#10;|       |   |--LEADING_ASTERISK -&gt; * [42:0]&#10;|       |   |--WS -&gt;   [42:1]&#10;|       |   `--END -&gt; &gt; [42:2]&#10;|       |--TEXT -&gt;   [42:3]&#10;|       |--HTML_COMMENT -&gt; HTML_COMMENT [42:4]&#10;|       |   |--HTML_COMMENT_START -&gt; &lt;!-- [42:4]&#10;|       |   |--TEXT -&gt; HTML COMMENT [42:8]&#10;|       |   `--HTML_COMMENT_END -&gt; --&gt; [42:20]&#10;|       |--TEXT -&gt;    [42:23]&#10;|       `--RT_TAG_END -&gt; RT_TAG_END [42:25]&#10;|           |--START -&gt; &lt; [42:25]&#10;|           |--SLASH -&gt; / [42:26]&#10;|           |--RT_HTML_TAG_NAME -&gt; Rt [42:27]&#10;|           |--NEWLINE -&gt; \n [42:29]&#10;|           |--LEADING_ASTERISK -&gt; * [43:0]&#10;|           |--NEWLINE -&gt; \n [43:1]&#10;|           |--LEADING_ASTERISK -&gt; * [44:0]&#10;|           |--WS -&gt;   [44:1]&#10;|           `--END -&gt; &gt; [44:2]&#10;|--NEWLINE -&gt; \n [44:3]&#10;`--EOF -&gt; &lt;EOF&gt; [45:0]]&#10;&gt; but was:&lt;...DOC -&gt; JAVADOC [0:0][&#10;|--LEADING_ASTERISK -&gt; * [0:0]&#10;|--TEXT -&gt;   [0:1]&#10;|--HTML_ELEMENT -&gt; HTML_ELEMENT [0:2]&#10;|   `--RT -&gt; RT [0:2]&#10;|       |--RT_TAG_START -&gt; RT_TAG_START [0:2]&#10;|       |   |--START -&gt; &lt; [0:2]&#10;|       |   |--RT_HTML_TAG_NAME -&gt; rt [0:3]&#10;|       |   `--END -&gt; &gt; [0:5]&#10;|       |--TEXT -&gt;   [0:6]&#10;|       `--RT_TAG_END -&gt; RT_TAG_END [0:7]&#10;|           |--START -&gt; &lt; [0:7]&#10;|           |--SLASH -&gt; / [0:8]&#10;|           |--RT_HTML_TAG_NAME -&gt; RT [0:9]&#10;|           `--END -&gt; &gt; [0:11]&#10;|--NEWLINE -&gt; \n [0:12]&#10;|--LEADING_ASTERISK -&gt; * [1:0]&#10;|--TEXT -&gt;   [1:1]&#10;|--HTML_ELEMENT -&gt; HTML_ELEMENT [1:2]&#10;|   `--RT -&gt; RT [1:2]&#10;|       |--RT_TAG_START -&gt; RT_TAG_START [1:2]&#10;|       |   |--START -&gt; &lt; [1:2]&#10;|       |   |--RT_HTML_TAG_NAME -&gt; rt [1:3]&#10;|       |   `--END -&gt; &gt; [1:5]&#10;|       |--TEXT -&gt;   [1:6]&#10;|       |--LI -&gt; LI [1:7]&#10;|       |   |--LI_TAG_START -&gt; LI_TAG_START [1:7]&#10;|       |   |   |--START -&gt; &lt; [1:7]&#10;|       |   |   |--LI_HTML_TAG_NAME -&gt; li [1:8]&#10;|       |   |   `--END -&gt; &gt; [1:10]&#10;|       |   |--TEXT -&gt;   [1:11]&#10;|       |   `--LI_TAG_END -&gt; LI_TAG_END [1:12]&#10;|       |       |--START -&gt; &lt; [1:12]&#10;|       |       |--SLASH -&gt; / [1:13]&#10;|       |       |--LI_HTML_TAG_NAME -&gt; li [1:14]&#10;|       |       `--END -&gt; &gt; [1:16]&#10;|       |--TEXT -&gt;   [1:17]&#10;|       `--RT_TAG_END -&gt; RT_TAG_END [1:18]&#10;|           |--START -&gt; &lt; [1:18]&#10;|           |--SLASH -&gt; / [1:19]&#10;|           |--RT_HTML_TAG_NAME -&gt; RT [1:20]&#10;|           `--END -&gt; &gt; [1:22]&#10;|--NEWLINE -&gt; \n [1:23]&#10;|--LEADING_ASTERISK -&gt; * [2:0]&#10;|--TEXT -&gt;   [2:1]&#10;|--HTML_ELEMENT -&gt; HTML_ELEMENT [2:2]&#10;|   `--RT -&gt; RT [2:2]&#10;|       |--RT_TAG_START -&gt; RT_TAG_START [2:2]&#10;|       |   |--START -&gt; &lt; [2:2]&#10;|       |   |--RT_HTML_TAG_NAME -&gt; rt [2:3]&#10;|       |   `--END -&gt; &gt; [2:5]&#10;|       |--TEXT -&gt;   [2:6]&#10;|       |--LI_TAG_START -&gt; LI_TAG_START [2:7]&#10;|       |   |--START -&gt; &lt; [2:7]&#10;|       |   |--LI_HTML_TAG_NAME -&gt; li [2:8]&#10;|       |   `--END -&gt; &gt; [2:10]&#10;|       |--TEXT -&gt;   [2:11]&#10;|       `--RT_TAG_END -&gt; RT_TAG_END [2:12]&#10;|           |--START -&gt; &lt; [2:12]&#10;|           |--SLASH -&gt; / [2:13]&#10;|           |--RT_HTML_TAG_NAME -&gt; RT [2:14]&#10;|           `--END -&gt; &gt; [2:16]&#10;|--NEWLINE -&gt; \n [2:17]&#10;|--LEADING_ASTERISK -&gt; * [3:0]&#10;|--TEXT -&gt;   [3:1]&#10;|--HTML_ELEMENT -&gt; HTML_ELEMENT [3:2]&#10;|   `--RT_TAG_START -&gt; RT_TAG_START [3:2]&#10;|       |--START -&gt; &lt; [3:2]&#10;|       |--RT_HTML_TAG_NAME -&gt; rt [3:3]&#10;|       `--END -&gt; &gt; [3:5]&#10;|--TEXT -&gt;   [3:6]&#10;|--HTML_ELEMENT -&gt; HTML_ELEMENT [3:7]&#10;|   `--LI_TAG_END -&gt; LI_TAG_END [3:7]&#10;|       |--START -&gt; &lt; [3:7]&#10;|       |--SLASH -&gt; / [3:8]&#10;|       |--LI_HTML_TAG_NAME -&gt; li [3:9]&#10;|       `--END -&gt; &gt; [3:11]&#10;|--TEXT -&gt;   [3:12]&#10;|--HTML_ELEMENT -&gt; HTML_ELEMENT [3:13]&#10;|   `--RT_TAG_END -&gt; RT_TAG_END [3:13]&#10;|       |--START -&gt; &lt; [3:13]&#10;|       |--SLASH -&gt; / [3:14]&#10;|       |--RT_HTML_TAG_NAME -&gt; RT [3:15]&#10;|       `--END -&gt; &gt; [3:17]&#10;|--NEWLINE -&gt; \n [3:18]&#10;|--LEADING_ASTERISK -&gt; * [4:0]&#10;|--TEXT -&gt;   [4:1]&#10;|--HTML_ELEMENT -&gt; HTML_ELEMENT [4:2]&#10;|   `--RT -&gt; RT [4:2]&#10;|       |--RT_TAG_START -&gt; RT_TAG_START [4:2]&#10;|       |   |--START -&gt; &lt; [4:2]&#10;|       |   |--RT_HTML_TAG_NAME -&gt; rt [4:3]&#10;|       |   `--END -&gt; &gt; [4:5]&#10;|       |--TEXT -&gt;   [4:6]&#10;|       |--TR -&gt; TR [4:7]&#10;|       |   |--TR_TAG_START -&gt; TR_TAG_START [4:7]&#10;|       |   |   |--START -&gt; &lt; [4:7]&#10;|       |   |   |--TR_HTML_TAG_NAME -&gt; tr [4:8]&#10;|       |   |   `--END -&gt; &gt; [4:10]&#10;|       |   |--TEXT -&gt;   [4:11]&#10;|       |   `--TR_TAG_END -&gt; TR_TAG_END [4:12]&#10;|       |       |--START -&gt; &lt; [4:12]&#10;|       |       |--SLASH -&gt; / [4:13]&#10;|       |       |--TR_HTML_TAG_NAME -&gt; tr [4:14]&#10;|       |       `--END -&gt; &gt; [4:16]&#10;|       |--TEXT -&gt;   [4:17]&#10;|       `--RT_TAG_END -&gt; RT_TAG_END [4:18]&#10;|           |--START -&gt; &lt; [4:18]&#10;|           |--SLASH -&gt; / [4:19]&#10;|           |--RT_HTML_TAG_NAME -&gt; RT [4:20]&#10;|           `--END -&gt; &gt; [4:22]&#10;|--NEWLINE -&gt; \n [4:23]&#10;|--LEADING_ASTERISK -&gt; * [5:0]&#10;|--TEXT -&gt;   [5:1]&#10;|--HTML_ELEMENT -&gt; HTML_ELEMENT [5:2]&#10;|   `--RT -&gt; RT [5:2]&#10;|       |--RT_TAG_START -&gt; RT_TAG_START [5:2]&#10;|       |   |--START -&gt; &lt; [5:2]&#10;|       |   |--RT_HTML_TAG_NAME -&gt; rt [5:3]&#10;|       |   `--END -&gt; &gt; [5:5]&#10;|       |--TEXT -&gt;   [5:6]&#10;|       |--TR_TAG_START -&gt; TR_TAG_START [5:7]&#10;|       |   |--START -&gt; &lt; [5:7]&#10;|       |   |--TR_HTML_TAG_NAME -&gt; tr [5:8]&#10;|       |   `--END -&gt; &gt; [5:10]&#10;|       |--TEXT -&gt;   [5:11]&#10;|       `--RT_TAG_END -&gt; RT_TAG_END [5:12]&#10;|           |--START -&gt; &lt; [5:12]&#10;|           |--SLASH -&gt; / [5:13]&#10;|           |--RT_HTML_TAG_NAME -&gt; RT [5:14]&#10;|           `--END -&gt; &gt; [5:16]&#10;|--NEWLINE -&gt; \n [5:17]&#10;|--LEADING_ASTERISK -&gt; * [6:0]&#10;|--TEXT -&gt;   [6:1]&#10;|--HTML_ELEMENT -&gt; HTML_ELEMENT [6:2]&#10;|   `--RT_TAG_START -&gt; RT_TAG_START [6:2]&#10;|       |--START -&gt; &lt; [6:2]&#10;|       |--RT_HTML_TAG_NAME -&gt; rt [6:3]&#10;|       `--END -&gt; &gt; [6:5]&#10;|--TEXT -&gt;   [6:6]&#10;|--HTML_ELEMENT -&gt; HTML_ELEMENT [6:7]&#10;|   `--TR_TAG_END -&gt; TR_TAG_END [6:7]&#10;|       |--START -&gt; &lt; [6:7]&#10;|       |--SLASH -&gt; / [6:8]&#10;|       |--TR_HTML_TAG_NAME -&gt; tr [6:9]&#10;|       `--END -&gt; &gt; [6:11]&#10;|--TEXT -&gt;   [6:12]&#10;|--HTML_ELEMENT -&gt; HTML_ELEMENT [6:13]&#10;|   `--RT_TAG_END -&gt; RT_TAG_END [6:13]&#10;|       |--START -&gt; &lt; [6:13]&#10;|       |--SLASH -&gt; / [6:14]&#10;|       |--RT_HTML_TAG_NAME -&gt; RT [6:15]&#10;|       `--END -&gt; &gt; [6:17]&#10;|--NEWLINE -&gt; \n [6:18]&#10;|--LEADING_ASTERISK -&gt; * [7:0]&#10;|--TEXT -&gt;   [7:1]&#10;|--HTML_ELEMENT -&gt; HTML_ELEMENT [7:2]&#10;|   `--RT -&gt; RT [7:2]&#10;|       |--RT_TAG_START -&gt; RT_TAG_START [7:2]&#10;|       |   |--START -&gt; &lt; [7:2]&#10;|       |   |--RT_HTML_TAG_NAME -&gt; rt [7:3]&#10;|       |   `--END -&gt; &gt; [7:5]&#10;|       |--TEXT -&gt;   [7:6]&#10;|       |--TD -&gt; TD [7:7]&#10;|       |   |--TD_TAG_START -&gt; TD_TAG_START [7:7]&#10;|       |   |   |--START -&gt; &lt; [7:7]&#10;|       |   |   |--TD_HTML_TAG_NAME -&gt; td [7:8]&#10;|       |   |   `--END -&gt; &gt; [7:10]&#10;|       |   |--TEXT -&gt;   [7:11]&#10;|       |   `--TD_TAG_END -&gt; TD_TAG_END [7:12]&#10;|       |       |--START -&gt; &lt; [7:12]&#10;|       |       |--SLASH -&gt; / [7:13]&#10;|       |       |--TD_HTML_TAG_NAME -&gt; td [7:14]&#10;|       |       `--END -&gt; &gt; [7:16]&#10;|       |--TEXT -&gt;   [7:17]&#10;|       `--RT_TAG_END -&gt; RT_TAG_END [7:18]&#10;|           |--START -&gt; &lt; [7:18]&#10;|           |--SLASH -&gt; / [7:19]&#10;|           |--RT_HTML_TAG_NAME -&gt; RT [7:20]&#10;|           `--END -&gt; &gt; [7:22]&#10;|--NEWLINE -&gt; \n [7:23]&#10;|--LEADING_ASTERISK -&gt; * [8:0]&#10;|--TEXT -&gt;   [8:1]&#10;|--HTML_ELEMENT -&gt; HTML_ELEMENT [8:2]&#10;|   `--RT -&gt; RT [8:2]&#10;|       |--RT_TAG_START -&gt; RT_TAG_START [8:2]&#10;|       |   |--START -&gt; &lt; [8:2]&#10;|       |   |--RT_HTML_TAG_NAME -&gt; rt [8:3]&#10;|       |   `--END -&gt; &gt; [8:5]&#10;|       |--TEXT -&gt;   [8:6]&#10;|       |--TD_TAG_START -&gt; TD_TAG_START [8:7]&#10;|       |   |--START -&gt; &lt; [8:7]&#10;|       |   |--TD_HTML_TAG_NAME -&gt; td [8:8]&#10;|       |   `--END -&gt; &gt; [8:10]&#10;|       |--TEXT -&gt;   [8:11]&#10;|       `--RT_TAG_END -&gt; RT_TAG_END [8:12]&#10;|           |--START -&gt; &lt; [8:12]&#10;|           |--SLASH -&gt; / [8:13]&#10;|           |--RT_HTML_TAG_NAME -&gt; RT [8:14]&#10;|           `--END -&gt; &gt; [8:16]&#10;|--NEWLINE -&gt; \n [8:17]&#10;|--LEADING_ASTERISK -&gt; * [9:0]&#10;|--TEXT -&gt;   [9:1]&#10;|--HTML_ELEMENT -&gt; HTML_ELEMENT [9:2]&#10;|   `--RT_TAG_START -&gt; RT_TAG_START [9:2]&#10;|       |--START -&gt; &lt; [9:2]&#10;|       |--RT_HTML_TAG_NAME -&gt; rt [9:3]&#10;|       `--END -&gt; &gt; [9:5]&#10;|--TEXT -&gt;   [9:6]&#10;|--HTML_ELEMENT -&gt; HTML_ELEMENT [9:7]&#10;|   `--TD_TAG_END -&gt; TD_TAG_END [9:7]&#10;|       |--START -&gt; &lt; [9:7]&#10;|       |--SLASH -&gt; / [9:8]&#10;|       |--TD_HTML_TAG_NAME -&gt; td [9:9]&#10;|       `--END -&gt; &gt; [9:11]&#10;|--TEXT -&gt;   [9:12]&#10;|--HTML_ELEMENT -&gt; HTML_ELEMENT [9:13]&#10;|   `--RT_TAG_END -&gt; RT_TAG_END [9:13]&#10;|       |--START -&gt; &lt; [9:13]&#10;|       |--SLASH -&gt; / [9:14]&#10;|       |--RT_HTML_TAG_NAME -&gt; RT [9:15]&#10;|       `--END -&gt; &gt; [9:17]&#10;|--NEWLINE -&gt; \n [9:18]&#10;|--LEADING_ASTERISK -&gt; * [10:0]&#10;|--TEXT -&gt;   [10:1]&#10;|--HTML_ELEMENT -&gt; HTML_ELEMENT [10:2]&#10;|   `--RT -&gt; RT [10:2]&#10;|       |--RT_TAG_START -&gt; RT_TAG_START [10:2]&#10;|       |   |--START -&gt; &lt; [10:2]&#10;|       |   |--RT_HTML_TAG_NAME -&gt; rt [10:3]&#10;|       |   `--END -&gt; &gt; [10:5]&#10;|       |--TEXT -&gt;   [10:6]&#10;|       |--TH -&gt; TH [10:7]&#10;|       |   |--TH_TAG_START -&gt; TH_TAG_START [10:7]&#10;|       |   |   |--START -&gt; &lt; [10:7]&#10;|       |   |   |--TH_HTML_TAG_NAME -&gt; th [10:8]&#10;|       |   |   `--END -&gt; &gt; [10:10]&#10;|       |   |--TEXT -&gt;   [10:11]&#10;|       |   `--TH_TAG_END -&gt; TH_TAG_END [10:12]&#10;|       |       |--START -&gt; &lt; [10:12]&#10;|       |       |--SLASH -&gt; / [10:13]&#10;|       |       |--TH_HTML_TAG_NAME -&gt; th [10:14]&#10;|       |       `--END -&gt; &gt; [10:16]&#10;|       |--TEXT -&gt;   [10:17]&#10;|       `--RT_TAG_END -&gt; RT_TAG_END [10:18]&#10;|           |--START -&gt; &lt; [10:18]&#10;|           |--SLASH -&gt; / [10:19]&#10;|           |--RT_HTML_TAG_NAME -&gt; RT [10:20]&#10;|           `--END -&gt; &gt; [10:22]&#10;|--NEWLINE -&gt; \n [10:23]&#10;|--LEADING_ASTERISK -&gt; * [11:0]&#10;|--TEXT -&gt;   [11:1]&#10;|--HTML_ELEMENT -&gt; HTML_ELEMENT [11:2]&#10;|   `--RT -&gt; RT [11:2]&#10;|       |--RT_TAG_START -&gt; RT_TAG_START [11:2]&#10;|       |   |--START -&gt; &lt; [11:2]&#10;|       |   |--RT_HTML_TAG_NAME -&gt; rt [11:3]&#10;|       |   `--END -&gt; &gt; [11:5]&#10;|       |--TEXT -&gt;   [11:6]&#10;|       |--TH_TAG_START -&gt; TH_TAG_START [11:7]&#10;|       |   |--START -&gt; &lt; [11:7]&#10;|       |   |--TH_HTML_TAG_NAME -&gt; th [11:8]&#10;|       |   `--END -&gt; &gt; [11:10]&#10;|       |--TEXT -&gt;   [11:11]&#10;|       `--RT_TAG_END -&gt; RT_TAG_END [11:12]&#10;|           |--START -&gt; &lt; [11:12]&#10;|           |--SLASH -&gt; / [11:13]&#10;|           |--RT_HTML_TAG_NAME -&gt; RT [11:14]&#10;|           `--END -&gt; &gt; [11:16]&#10;|--NEWLINE -&gt; \n [11:17]&#10;|--LEADING_ASTERISK -&gt; * [12:0]&#10;|--TEXT -&gt;   [12:1]&#10;|--HTML_ELEMENT -&gt; HTML_ELEMENT [12:2]&#10;|   `--RT_TAG_START -&gt; RT_TAG_START [12:2]&#10;|       |--START -&gt; &lt; [12:2]&#10;|       |--RT_HTML_TAG_NAME -&gt; rt [12:3]&#10;|       `--END -&gt; &gt; [12:5]&#10;|--TEXT -&gt;   [12:6]&#10;|--HTML_ELEMENT -&gt; HTML_ELEMENT [12:7]&#10;|   `--TH_TAG_END -&gt; TH_TAG_END [12:7]&#10;|       |--START -&gt; &lt; [12:7]&#10;|       |--SLASH -&gt; / [12:8]&#10;|       |--TH_HTML_TAG_NAME -&gt; th [12:9]&#10;|       `--END -&gt; &gt; [12:11]&#10;|--TEXT -&gt;   [12:12]&#10;|--HTML_ELEMENT -&gt; HTML_ELEMENT [12:13]&#10;|   `--RT_TAG_END -&gt; RT_TAG_END [12:13]&#10;|       |--START -&gt; &lt; [12:13]&#10;|       |--SLASH -&gt; / [12:14]&#10;|       |--RT_HTML_TAG_NAME -&gt; RT [12:15]&#10;|       `--END -&gt; &gt; [12:17]&#10;|--NEWLINE -&gt; \n [12:18]&#10;|--LEADING_ASTERISK -&gt; * [13:0]&#10;|--TEXT -&gt;   [13:1]&#10;|--HTML_ELEMENT -&gt; HTML_ELEMENT [13:2]&#10;|   `--RT -&gt; RT [13:2]&#10;|       |--RT_TAG_START -&gt; RT_TAG_START [13:2]&#10;|       |   |--START -&gt; &lt; [13:2]&#10;|       |   |--RT_HTML_TAG_NAME -&gt; rt [13:3]&#10;|       |   `--END -&gt; &gt; [13:5]&#10;|       |--TEXT -&gt;   [13:6]&#10;|       |--BODY -&gt; BODY [13:7]&#10;|       |   |--BODY_TAG_START -&gt; BODY_TAG_START [13:7]&#10;|       |   |   |--START -&gt; &lt; [13:7]&#10;|       |   |   |--BODY_HTML_TAG_NAME -&gt; body [13:8]&#10;|       |   |   `--END -&gt; &gt; [13:12]&#10;|       |   |--TEXT -&gt;   [13:13]&#10;|       |   `--BODY_TAG_END -&gt; BODY_TAG_END [13:14]&#10;|       |       |--START -&gt; &lt; [13:14]&#10;|       |       |--SLASH -&gt; / [13:15]&#10;|       |       |--BODY_HTML_TAG_NAME -&gt; body [13:16]&#10;|       |       `--END -&gt; &gt; [13:20]&#10;|       |--TEXT -&gt;   [13:21]&#10;|       `--RT_TAG_END -&gt; RT_TAG_END [13:22]&#10;|           |--START -&gt; &lt; [13:22]&#10;|           |--SLASH -&gt; / [13:23]&#10;|           |--RT_HTML_TAG_NAME -&gt; RT [13:24]&#10;|           `--END -&gt; &gt; [13:26]&#10;|--NEWLINE -&gt; \n [13:27]&#10;|--LEADING_ASTERISK -&gt; * [14:0]&#10;|--TEXT -&gt;   [14:1]&#10;|--HTML_ELEMENT -&gt; HTML_ELEMENT [14:2]&#10;|   `--RT -&gt; RT [14:2]&#10;|       |--RT_TAG_START -&gt; RT_TAG_START [14:2]&#10;|       |   |--START -&gt; &lt; [14:2]&#10;|       |   |--RT_HTML_TAG_NAME -&gt; rt [14:3]&#10;|       |   `--END -&gt; &gt; [14:5]&#10;|       |--TEXT -&gt;   [14:6]&#10;|       |--BODY_TAG_START -&gt; BODY_TAG_START [14:7]&#10;|       |   |--START -&gt; &lt; [14:7]&#10;|       |   |--BODY_HTML_TAG_NAME -&gt; body [14:8]&#10;|       |   `--END -&gt; &gt; [14:12]&#10;|       |--TEXT -&gt;   [14:13]&#10;|       `--RT_TAG_END -&gt; RT_TAG_END [14:14]&#10;|           |--START -&gt; &lt; [14:14]&#10;|           |--SLASH -&gt; / [14:15]&#10;|           |--RT_HTML_TAG_NAME -&gt; RT [14:16]&#10;|           `--END -&gt; &gt; [14:18]&#10;|--NEWLINE -&gt; \n [14:19]&#10;|--LEADING_ASTERISK -&gt; * [15:0]&#10;|--TEXT -&gt;   [15:1]&#10;|--HTML_ELEMENT -&gt; HTML_ELEMENT [15:2]&#10;|   `--RT_TAG_START -&gt; RT_TAG_START [15:2]&#10;|       |--START -&gt; &lt; [15:2]&#10;|       |--RT_HTML_TAG_NAME -&gt; rt [15:3]&#10;|       `--END -&gt; &gt; [15:5]&#10;|--TEXT -&gt;   [15:6]&#10;|--HTML_ELEMENT -&gt; HTML_ELEMENT [15:7]&#10;|   `--BODY_TAG_END -&gt; BODY_TAG_END [15:7]&#10;|       |--START -&gt; &lt; [15:7]&#10;|       |--SLASH -&gt; / [15:8]&#10;|       |--BODY_HTML_TAG_NAME -&gt; body [15:9]&#10;|       `--END -&gt; &gt; [15:13]&#10;|--TEXT -&gt;   [15:14]&#10;|--HTML_ELEMENT -&gt; HTML_ELEMENT [15:15]&#10;|   `--RT_TAG_END -&gt; RT_TAG_END [15:15]&#10;|       |--START -&gt; &lt; [15:15]&#10;|       |--SLASH -&gt; / [15:16]&#10;|       |--RT_HTML_TAG_NAME -&gt; RT [15:17]&#10;|       `--END -&gt; &gt; [15:19]&#10;|--NEWLINE -&gt; \n [15:20]&#10;|--LEADING_ASTERISK -&gt; * [16:0]&#10;|--TEXT -&gt;   [16:1]&#10;|--HTML_ELEMENT -&gt; HTML_ELEMENT [16:2]&#10;|   `--RT -&gt; RT [16:2]&#10;|       |--RT_TAG_START -&gt; RT_TAG_START [16:2]&#10;|       |   |--START -&gt; &lt; [16:2]&#10;|       |   |--RT_HTML_TAG_NAME -&gt; rt [16:3]&#10;|       |   `--END -&gt; &gt; [16:5]&#10;|       |--TEXT -&gt;   [16:6]&#10;|       |--COLGROUP -&gt; COLGROUP [16:7]&#10;|       |   |--COLGROUP_TAG_START -&gt; COLGROUP_TAG_START [16:7]&#10;|       |   |   |--START -&gt; &lt; [16:7]&#10;|       |   |   |--COLGROUP_HTML_TAG_NAME -&gt; colgroup [16:8]&#10;|       |   |   `--END -&gt; &gt; [16:16]&#10;|       |   |--TEXT -&gt;   [16:17]&#10;|       |   `--COLGROUP_TAG_END -&gt; COLGROUP_TAG_END [16:18]&#10;|       |       |--START -&gt; &lt; [16:18]&#10;|       |       |--SLASH -&gt; / [16:19]&#10;|       |       |--COLGROUP_HTML_TAG_NAME -&gt; colgroup [16:20]&#10;|       |       `--END -&gt; &gt; [16:28]&#10;|       |--TEXT -&gt;   [16:29]&#10;|       `--RT_TAG_END -&gt; RT_TAG_END [16:30]&#10;|           |--START -&gt; &lt; [16:30]&#10;|           |--SLASH -&gt; / [16:31]&#10;|           |--RT_HTML_TAG_NAME -&gt; RT [16:32]&#10;|           `--END -&gt; &gt; [16:34]&#10;|--NEWLINE -&gt; \n [16:35]&#10;|--LEADING_ASTERISK -&gt; * [17:0]&#10;|--TEXT -&gt;   [17:1]&#10;|--HTML_ELEMENT -&gt; HTML_ELEMENT [17:2]&#10;|   `--RT -&gt; RT [17:2]&#10;|       |--RT_TAG_START -&gt; RT_TAG_START [17:2]&#10;|       |   |--START -&gt; &lt; [17:2]&#10;|       |   |--RT_HTML_TAG_NAME -&gt; rt [17:3]&#10;|       |   `--END -&gt; &gt; [17:5]&#10;|       |--TEXT -&gt;   [17:6]&#10;|       |--COLGROUP_TAG_START -&gt; COLGROUP_TAG_START [17:7]&#10;|       |   |--START -&gt; &lt; [17:7]&#10;|       |   |--COLGROUP_HTML_TAG_NAME -&gt; colgroup [17:8]&#10;|       |   `--END -&gt; &gt; [17:16]&#10;|       |--TEXT -&gt;   [17:17]&#10;|       `--RT_TAG_END -&gt; RT_TAG_END [17:18]&#10;|           |--START -&gt; &lt; [17:18]&#10;|           |--SLASH -&gt; / [17:19]&#10;|           |--RT_HTML_TAG_NAME -&gt; RT [17:20]&#10;|           `--END -&gt; &gt; [17:22]&#10;|--NEWLINE -&gt; \n [17:23]&#10;|--LEADING_ASTERISK -&gt; * [18:0]&#10;|--TEXT -&gt;   [18:1]&#10;|--HTML_ELEMENT -&gt; HTML_ELEMENT [18:2]&#10;|   `--RT_TAG_START -&gt; RT_TAG_START [18:2]&#10;|       |--START -&gt; &lt; [18:2]&#10;|       |--RT_HTML_TAG_NAME -&gt; rt [18:3]&#10;|       `--END -&gt; &gt; [18:5]&#10;|--TEXT -&gt;   [18:6]&#10;|--HTML_ELEMENT -&gt; HTML_ELEMENT [18:7]&#10;|   `--COLGROUP_TAG_END -&gt; COLGROUP_TAG_END [18:7]&#10;|       |--START -&gt; &lt; [18:7]&#10;|       |--SLASH -&gt; / [18:8]&#10;|       |--COLGROUP_HTML_TAG_NAME -&gt; colgroup [18:9]&#10;|       `--END -&gt; &gt; [18:17]&#10;|--TEXT -&gt;   [18:18]&#10;|--HTML_ELEMENT -&gt; HTML_ELEMENT [18:19]&#10;|   `--RT_TAG_END -&gt; RT_TAG_END [18:19]&#10;|       |--START -&gt; &lt; [18:19]&#10;|       |--SLASH -&gt; / [18:20]&#10;|       |--RT_HTML_TAG_NAME -&gt; RT [18:21]&#10;|       `--END -&gt; &gt; [18:23]&#10;|--NEWLINE -&gt; \n [18:24]&#10;|--LEADING_ASTERISK -&gt; * [19:0]&#10;|--TEXT -&gt;   [19:1]&#10;|--HTML_ELEMENT -&gt; HTML_ELEMENT [19:2]&#10;|   `--RT -&gt; RT [19:2]&#10;|       |--RT_TAG_START -&gt; RT_TAG_START [19:2]&#10;|       |   |--START -&gt; &lt; [19:2]&#10;|       |   |--RT_HTML_TAG_NAME -&gt; rt [19:3]&#10;|       |   `--END -&gt; &gt; [19:5]&#10;|       |--TEXT -&gt;   [19:6]&#10;|       |--DD -&gt; DD [19:7]&#10;|       |   |--DD_TAG_START -&gt; DD_TAG_START [19:7]&#10;|       |   |   |--START -&gt; &lt; [19:7]&#10;|       |   |   |--DD_HTML_TAG_NAME -&gt; dd [19:8]&#10;|       |   |   `--END -&gt; &gt; [19:10]&#10;|       |   |--TEXT -&gt;   [19:11]&#10;|       |   `--DD_TAG_END -&gt; DD_TAG_END [19:12]&#10;|       |       |--START -&gt; &lt; [19:12]&#10;|       |       |--SLASH -&gt; / [19:13]&#10;|       |       |--DD_HTML_TAG_NAME -&gt; dd [19:14]&#10;|       |       `--END -&gt; &gt; [19:16]&#10;|       |--TEXT -&gt;   [19:17]&#10;|       `--RT_TAG_END -&gt; RT_TAG_END [19:18]&#10;|           |--START -&gt; &lt; [19:18]&#10;|           |--SLASH -&gt; / [19:19]&#10;|           |--RT_HTML_TAG_NAME -&gt; RT [19:20]&#10;|           `--END -&gt; &gt; [19:22]&#10;|--NEWLINE -&gt; \n [19:23]&#10;|--LEADING_ASTERISK -&gt; * [20:0]&#10;|--TEXT -&gt;   [20:1]&#10;|--HTML_ELEMENT -&gt; HTML_ELEMENT [20:2]&#10;|   `--RT -&gt; RT [20:2]&#10;|       |--RT_TAG_START -&gt; RT_TAG_START [20:2]&#10;|       |   |--START -&gt; &lt; [20:2]&#10;|       |   |--RT_HTML_TAG_NAME -&gt; rt [20:3]&#10;|       |   `--END -&gt; &gt; [20:5]&#10;|       |--TEXT -&gt;   [20:6]&#10;|       |--DD_TAG_START -&gt; DD_TAG_START [20:7]&#10;|       |   |--START -&gt; &lt; [20:7]&#10;|       |   |--DD_HTML_TAG_NAME -&gt; dd [20:8]&#10;|       |   `--END -&gt; &gt; [20:10]&#10;|       |--TEXT -&gt;   [20:11]&#10;|       `--RT_TAG_END -&gt; RT_TAG_END [20:12]&#10;|           |--START -&gt; &lt; [20:12]&#10;|           |--SLASH -&gt; / [20:13]&#10;|           |--RT_HTML_TAG_NAME -&gt; RT [20:14]&#10;|           `--END -&gt; &gt; [20:16]&#10;|--NEWLINE -&gt; \n [20:17]&#10;|--LEADING_ASTERISK -&gt; * [21:0]&#10;|--TEXT -&gt;   [21:1]&#10;|--HTML_ELEMENT -&gt; HTML_ELEMENT [21:2]&#10;|   `--RT_TAG_START -&gt; RT_TAG_START [21:2]&#10;|       |--START -&gt; &lt; [21:2]&#10;|       |--RT_HTML_TAG_NAME -&gt; rt [21:3]&#10;|       `--END -&gt; &gt; [21:5]&#10;|--TEXT -&gt;   [21:6]&#10;|--HTML_ELEMENT -&gt; HTML_ELEMENT [21:7]&#10;|   `--DD_TAG_END -&gt; DD_TAG_END [21:7]&#10;|       |--START -&gt; &lt; [21:7]&#10;|       |--SLASH -&gt; / [21:8]&#10;|       |--DD_HTML_TAG_NAME -&gt; dd [21:9]&#10;|       `--END -&gt; &gt; [21:11]&#10;|--TEXT -&gt;   [21:12]&#10;|--HTML_ELEMENT -&gt; HTML_ELEMENT [21:13]&#10;|   `--RT_TAG_END -&gt; RT_TAG_END [21:13]&#10;|       |--START -&gt; &lt; [21:13]&#10;|       |--SLASH -&gt; / [21:14]&#10;|       |--RT_HTML_TAG_NAME -&gt; RT [21:15]&#10;|       `--END -&gt; &gt; [21:17]&#10;|--NEWLINE -&gt; \n [21:18]&#10;|--LEADING_ASTERISK -&gt; * [22:0]&#10;|--TEXT -&gt;   [22:1]&#10;|--HTML_ELEMENT -&gt; HTML_ELEMENT [22:2]&#10;|   `--RT -&gt; RT [22:2]&#10;|       |--RT_TAG_START -&gt; RT_TAG_START [22:2]&#10;|       |   |--START -&gt; &lt; [22:2]&#10;|       |   |--RT_HTML_TAG_NAME -&gt; rt [22:3]&#10;|       |   `--END -&gt; &gt; [22:5]&#10;|       |--TEXT -&gt;   [22:6]&#10;|       |--DT -&gt; DT [22:7]&#10;|       |   |--DT_TAG_START -&gt; DT_TAG_START [22:7]&#10;|       |   |   |--START -&gt; &lt; [22:7]&#10;|       |   |   |--DT_HTML_TAG_NAME -&gt; dt [22:8]&#10;|       |   |   `--END -&gt; &gt; [22:10]&#10;|       |   |--TEXT -&gt;   [22:11]&#10;|       |   `--DT_TAG_END -&gt; DT_TAG_END [22:12]&#10;|       |       |--START -&gt; &lt; [22:12]&#10;|       |       |--SLASH -&gt; / [22:13]&#10;|       |       |--DT_HTML_TAG_NAME -&gt; dt [22:14]&#10;|       |       `--END -&gt; &gt; [22:16]&#10;|       |--TEXT -&gt;   [22:17]&#10;|       `--RT_TAG_END -&gt; RT_TAG_END [22:18]&#10;|           |--START -&gt; &lt; [22:18]&#10;|           |--SLASH -&gt; / [22:19]&#10;|           |--RT_HTML_TAG_NAME -&gt; RT [22:20]&#10;|           `--END -&gt; &gt; [22:22]&#10;|--NEWLINE -&gt; \n [22:23]&#10;|--LEADING_ASTERISK -&gt; * [23:0]&#10;|--TEXT -&gt;   [23:1]&#10;|--HTML_ELEMENT -&gt; HTML_ELEMENT [23:2]&#10;|   `--RT -&gt; RT [23:2]&#10;|       |--RT_TAG_START -&gt; RT_TAG_START [23:2]&#10;|       |   |--START -&gt; &lt; [23:2]&#10;|       |   |--RT_HTML_TAG_NAME -&gt; rt [23:3]&#10;|       |   `--END -&gt; &gt; [23:5]&#10;|       |--TEXT -&gt;   [23:6]&#10;|       |--DT_TAG_START -&gt; DT_TAG_START [23:7]&#10;|       |   |--START -&gt; &lt; [23:7]&#10;|       |   |--DT_HTML_TAG_NAME -&gt; dt [23:8]&#10;|       |   `--END -&gt; &gt; [23:10]&#10;|       |--TEXT -&gt;   [23:11]&#10;|       `--RT_TAG_END -&gt; RT_TAG_END [23:12]&#10;|           |--START -&gt; &lt; [23:12]&#10;|           |--SLASH -&gt; / [23:13]&#10;|           |--RT_HTML_TAG_NAME -&gt; RT [23:14]&#10;|           `--END -&gt; &gt; [23:16]&#10;|--NEWLINE -&gt; \n [23:17]&#10;|--LEADING_ASTERISK -&gt; * [24:0]&#10;|--TEXT -&gt;   [24:1]&#10;|--HTML_ELEMENT -&gt; HTML_ELEMENT [24:2]&#10;|   `--RT_TAG_START -&gt; RT_TAG_START [24:2]&#10;|       |--START -&gt; &lt; [24:2]&#10;|       |--RT_HTML_TAG_NAME -&gt; rt [24:3]&#10;|       `--END -&gt; &gt; [24:5]&#10;|--TEXT -&gt;   [24:6]&#10;|--HTML_ELEMENT -&gt; HTML_ELEMENT [24:7]&#10;|   `--DT_TAG_END -&gt; DT_TAG_END [24:7]&#10;|       |--START -&gt; &lt; [24:7]&#10;|       |--SLASH -&gt; / [24:8]&#10;|       |--DT_HTML_TAG_NAME -&gt; dt [24:9]&#10;|       `--END -&gt; &gt; [24:11]&#10;|--TEXT -&gt;   [24:12]&#10;|--HTML_ELEMENT -&gt; HTML_ELEMENT [24:13]&#10;|   `--RT_TAG_END -&gt; RT_TAG_END [24:13]&#10;|       |--START -&gt; &lt; [24:13]&#10;|       |--SLASH -&gt; / [24:14]&#10;|       |--RT_HTML_TAG_NAME -&gt; RT [24:15]&#10;|       `--END -&gt; &gt; [24:17]&#10;|--NEWLINE -&gt; \n [24:18]&#10;|--LEADING_ASTERISK -&gt; * [25:0]&#10;|--TEXT -&gt;   [25:1]&#10;|--HTML_ELEMENT -&gt; HTML_ELEMENT [25:2]&#10;|   `--RT -&gt; RT [25:2]&#10;|       |--RT_TAG_START -&gt; RT_TAG_START [25:2]&#10;|       |   |--START -&gt; &lt; [25:2]&#10;|       |   |--RT_HTML_TAG_NAME -&gt; rt [25:3]&#10;|       |   `--END -&gt; &gt; [25:5]&#10;|       |--TEXT -&gt;   [25:6]&#10;|       |--HEAD -&gt; HEAD [25:7]&#10;|       |   |--HEAD_TAG_START -&gt; HEAD_TAG_START [25:7]&#10;|       |   |   |--START -&gt; &lt; [25:7]&#10;|       |   |   |--HEAD_HTML_TAG_NAME -&gt; head [25:8]&#10;|       |   |   `--END -&gt; &gt; [25:12]&#10;|       |   |--TEXT -&gt;   [25:13]&#10;|       |   `--HEAD_TAG_END -&gt; HEAD_TAG_END [25:14]&#10;|       |       |--START -&gt; &lt; [25:14]&#10;|       |       |--SLASH -&gt; / [25:15]&#10;|       |       |--HEAD_HTML_TAG_NAME -&gt; head [25:16]&#10;|       |       `--END -&gt; &gt; [25:20]&#10;|       |--TEXT -&gt;   [25:21]&#10;|       `--RT_TAG_END -&gt; RT_TAG_END [25:22]&#10;|           |--START -&gt; &lt; [25:22]&#10;|           |--SLASH -&gt; / [25:23]&#10;|           |--RT_HTML_TAG_NAME -&gt; RT [25:24]&#10;|           `--END -&gt; &gt; [25:26]&#10;|--NEWLINE -&gt; \n [25:27]&#10;|--LEADING_ASTERISK -&gt; * [26:0]&#10;|--TEXT -&gt;   [26:1]&#10;|--HTML_ELEMENT -&gt; HTML_ELEMENT [26:2]&#10;|   `--RT -&gt; RT [26:2]&#10;|       |--RT_TAG_START -&gt; RT_TAG_START [26:2]&#10;|       |   |--START -&gt; &lt; [26:2]&#10;|       |   |--RT_HTML_TAG_NAME -&gt; rt [26:3]&#10;|       |   `--END -&gt; &gt; [26:5]&#10;|       |--TEXT -&gt;   [26:6]&#10;|       |--HEAD_TAG_START -&gt; HEAD_TAG_START [26:7]&#10;|       |   |--START -&gt; &lt; [26:7]&#10;|       |   |--HEAD_HTML_TAG_NAME -&gt; head [26:8]&#10;|       |   `--END -&gt; &gt; [26:12]&#10;|       |--TEXT -&gt;   [26:13]&#10;|       `--RT_TAG_END -&gt; RT_TAG_END [26:14]&#10;|           |--START -&gt; &lt; [26:14]&#10;|           |--SLASH -&gt; / [26:15]&#10;|           |--RT_HTML_TAG_NAME -&gt; RT [26:16]&#10;|           `--END -&gt; &gt; [26:18]&#10;|--NEWLINE -&gt; \n [26:19]&#10;|--LEADING_ASTERISK -&gt; * [27:0]&#10;|--TEXT -&gt;   [27:1]&#10;|--HTML_ELEMENT -&gt; HTML_ELEMENT [27:2]&#10;|   `--RT_TAG_START -&gt; RT_TAG_START [27:2]&#10;|       |--START -&gt; &lt; [27:2]&#10;|       |--RT_HTML_TAG_NAME -&gt; rt [27:3]&#10;|       `--END -&gt; &gt; [27:5]&#10;|--TEXT -&gt;   [27:6]&#10;|--HTML_ELEMENT -&gt; HTML_ELEMENT [27:7]&#10;|   `--HEAD_TAG_END -&gt; HEAD_TAG_END [27:7]&#10;|       |--START -&gt; &lt; [27:7]&#10;|       |--SLASH -&gt; / [27:8]&#10;|       |--HEAD_HTML_TAG_NAME -&gt; head [27:9]&#10;|       `--END -&gt; &gt; [27:13]&#10;|--TEXT -&gt;   [27:14]&#10;|--HTML_ELEMENT -&gt; HTML_ELEMENT [27:15]&#10;|   `--RT_TAG_END -&gt; RT_TAG_END [27:15]&#10;|       |--START -&gt; &lt; [27:15]&#10;|       |--SLASH -&gt; / [27:16]&#10;|       |--RT_HTML_TAG_NAME -&gt; RT [27:17]&#10;|       `--END -&gt; &gt; [27:19]&#10;|--NEWLINE -&gt; \n [27:20]&#10;|--LEADING_ASTERISK -&gt; * [28:0]&#10;|--TEXT -&gt;   [28:1]&#10;|--HTML_ELEMENT -&gt; HTML_ELEMENT [28:2]&#10;|   `--RT -&gt; RT [28:2]&#10;|       |--RT_TAG_START -&gt; RT_TAG_START [28:2]&#10;|       |   |--START -&gt; &lt; [28:2]&#10;|       |   |--RT_HTML_TAG_NAME -&gt; rt [28:3]&#10;|       |   `--END -&gt; &gt; [28:5]&#10;|       |--TEXT -&gt;   [28:6]&#10;|       |--HTML -&gt; HTML [28:7]&#10;|       |   |--HTML_TAG_START -&gt; HTML_TAG_START [28:7]&#10;|       |   |   |--START -&gt; &lt; [28:7]&#10;|       |   |   |--HTML_HTML_TAG_NAME -&gt; html [28:8]&#10;|       |   |   `--END -&gt; &gt; [28:12]&#10;|       |   |--TEXT -&gt;   [28:13]&#10;|       |   `--HTML_TAG_END -&gt; HTML_TAG_END [28:14]&#10;|       |       |--START -&gt; &lt; [28:14]&#10;|       |       |--SLASH -&gt; / [28:15]&#10;|       |       |--HTML_HTML_TAG_NAME -&gt; html [28:16]&#10;|       |       `--END -&gt; &gt; [28:20]&#10;|       |--TEXT -&gt;   [28:21]&#10;|       `--RT_TAG_END -&gt; RT_TAG_END [28:22]&#10;|           |--START -&gt; &lt; [28:22]&#10;|           |--SLASH -&gt; / [28:23]&#10;|           |--RT_HTML_TAG_NAME -&gt; RT [28:24]&#10;|           `--END -&gt; &gt; [28:26]&#10;|--NEWLINE -&gt; \n [28:27]&#10;|--LEADING_ASTERISK -&gt; * [29:0]&#10;|--TEXT -&gt;   [29:1]&#10;|--HTML_ELEMENT -&gt; HTML_ELEMENT [29:2]&#10;|   `--RT -&gt; RT [29:2]&#10;|       |--RT_TAG_START -&gt; RT_TAG_START [29:2]&#10;|       |   |--START -&gt; &lt; [29:2]&#10;|       |   |--RT_HTML_TAG_NAME -&gt; rt [29:3]&#10;|       |   `--END -&gt; &gt; [29:5]&#10;|       |--TEXT -&gt;   [29:6]&#10;|       |--HTML_TAG_START -&gt; HTML_TAG_START [29:7]&#10;|       |   |--START -&gt; &lt; [29:7]&#10;|       |   |--HTML_HTML_TAG_NAME -&gt; html [29:8]&#10;|       |   `--END -&gt; &gt; [29:12]&#10;|       |--TEXT -&gt;   [29:13]&#10;|       `--RT_TAG_END -&gt; RT_TAG_END [29:14]&#10;|           |--START -&gt; &lt; [29:14]&#10;|           |--SLASH -&gt; / [29:15]&#10;|           |--RT_HTML_TAG_NAME -&gt; RT [29:16]&#10;|           `--END -&gt; &gt; [29:18]&#10;|--NEWLINE -&gt; \n [29:19]&#10;|--LEADING_ASTERISK -&gt; * [30:0]&#10;|--TEXT -&gt;   [30:1]&#10;|--HTML_ELEMENT -&gt; HTML_ELEMENT [30:2]&#10;|   `--RT_TAG_START -&gt; RT_TAG_START [30:2]&#10;|       |--START -&gt; &lt; [30:2]&#10;|       |--RT_HTML_TAG_NAME -&gt; rt [30:3]&#10;|       `--END -&gt; &gt; [30:5]&#10;|--TEXT -&gt;   [30:6]&#10;|--HTML_ELEMENT -&gt; HTML_ELEMENT [30:7]&#10;|   `--HTML_TAG_END -&gt; HTML_TAG_END [30:7]&#10;|       |--START -&gt; &lt; [30:7]&#10;|       |--SLASH -&gt; / [30:8]&#10;|       |--HTML_HTML_TAG_NAME -&gt; html [30:9]&#10;|       `--END -&gt; &gt; [30:13]&#10;|--TEXT -&gt;   [30:14]&#10;|--HTML_ELEMENT -&gt; HTML_ELEMENT [30:15]&#10;|   `--RT_TAG_END -&gt; RT_TAG_END [30:15]&#10;|       |--START -&gt; &lt; [30:15]&#10;|       |--SLASH -&gt; / [30:16]&#10;|       |--RT_HTML_TAG_NAME -&gt; RT [30:17]&#10;|       `--END -&gt; &gt; [30:19]&#10;|--NEWLINE -&gt; \n [30:20]&#10;|--LEADING_ASTERISK -&gt; * [31:0]&#10;|--TEXT -&gt;   [31:1]&#10;|--HTML_ELEMENT -&gt; HTML_ELEMENT [31:2]&#10;|   `--RT -&gt; RT [31:2]&#10;|       |--RT_TAG_START -&gt; RT_TAG_START [31:2]&#10;|       |   |--START -&gt; &lt; [31:2]&#10;|       |   |--RT_HTML_TAG_NAME -&gt; rt [31:3]&#10;|       |   `--END -&gt; &gt; [31:5]&#10;|       |--TEXT -&gt;   [31:6]&#10;|       |--OPTION -&gt; OPTION [31:7]&#10;|       |   |--OPTION_TAG_START -&gt; OPTION_TAG_START [31:7]&#10;|       |   |   |--START -&gt; &lt; [31:7]&#10;|       |   |   |--OPTION_HTML_TAG_NAME -&gt; option [31:8]&#10;|       |   |   `--END -&gt; &gt; [31:14]&#10;|       |   |--TEXT -&gt;   [31:15]&#10;|       |   `--OPTION_TAG_END -&gt; OPTION_TAG_END [31:16]&#10;|       |       |--START -&gt; &lt; [31:16]&#10;|       |       |--SLASH -&gt; / [31:17]&#10;|       |       |--OPTION_HTML_TAG_NAME -&gt; option [31:18]&#10;|       |       `--END -&gt; &gt; [31:24]&#10;|       |--TEXT -&gt;   [31:25]&#10;|       `--RT_TAG_END -&gt; RT_TAG_END [31:26]&#10;|           |--START -&gt; &lt; [31:26]&#10;|           |--SLASH -&gt; / [31:27]&#10;|           |--RT_HTML_TAG_NAME -&gt; RT [31:28]&#10;|           `--END -&gt; &gt; [31:30]&#10;|--NEWLINE -&gt; \n [31:31]&#10;|--LEADING_ASTERISK -&gt; * [32:0]&#10;|--TEXT -&gt;   [32:1]&#10;|--HTML_ELEMENT -&gt; HTML_ELEMENT [32:2]&#10;|   `--RT -&gt; RT [32:2]&#10;|       |--RT_TAG_START -&gt; RT_TAG_START [32:2]&#10;|       |   |--START -&gt; &lt; [32:2]&#10;|       |   |--RT_HTML_TAG_NAME -&gt; rt [32:3]&#10;|       |   `--END -&gt; &gt; [32:5]&#10;|       |--TEXT -&gt;   [32:6]&#10;|       |--OPTION_TAG_START -&gt; OPTION_TAG_START [32:7]&#10;|       |   |--START -&gt; &lt; [32:7]&#10;|       |   |--OPTION_HTML_TAG_NAME -&gt; option [32:8]&#10;|       |   `--END -&gt; &gt; [32:14]&#10;|       |--TEXT -&gt;   [32:15]&#10;|       `--RT_TAG_END -&gt; RT_TAG_END [32:16]&#10;|           |--START -&gt; &lt; [32:16]&#10;|           |--SLASH -&gt; / [32:17]&#10;|           |--RT_HTML_TAG_NAME -&gt; RT [32:18]&#10;|           `--END -&gt; &gt; [32:20]&#10;|--NEWLINE -&gt; \n [32:21]&#10;|--LEADING_ASTERISK -&gt; * [33:0]&#10;|--TEXT -&gt;   [33:1]&#10;|--HTML_ELEMENT -&gt; HTML_ELEMENT [33:2]&#10;|   `--RT_TAG_START -&gt; RT_TAG_START [33:2]&#10;|       |--START -&gt; &lt; [33:2]&#10;|       |--RT_HTML_TAG_NAME -&gt; rt [33:3]&#10;|       `--END -&gt; &gt; [33:5]&#10;|--TEXT -&gt;   [33:6]&#10;|--HTML_ELEMENT -&gt; HTML_ELEMENT [33:7]&#10;|   `--OPTION_TAG_END -&gt; OPTION_TAG_END [33:7]&#10;|       |--START -&gt; &lt; [33:7]&#10;|       |--SLASH -&gt; / [33:8]&#10;|       |--OPTION_HTML_TAG_NAME -&gt; option [33:9]&#10;|       `--END -&gt; &gt; [33:15]&#10;|--TEXT -&gt;   [33:16]&#10;|--HTML_ELEMENT -&gt; HTML_ELEMENT [33:17]&#10;|   `--RT_TAG_END -&gt; RT_TAG_END [33:17]&#10;|       |--START -&gt; &lt; [33:17]&#10;|       |--SLASH -&gt; / [33:18]&#10;|       |--RT_HTML_TAG_NAME -&gt; RT [33:19]&#10;|       `--END -&gt; &gt; [33:21]&#10;|--NEWLINE -&gt; \n [33:22]&#10;|--LEADING_ASTERISK -&gt; * [34:0]&#10;|--TEXT -&gt;   [34:1]&#10;|--HTML_ELEMENT -&gt; HTML_ELEMENT [34:2]&#10;|   `--RT -&gt; RT [34:2]&#10;|       |--RT_TAG_START -&gt; RT_TAG_START [34:2]&#10;|       |   |--START -&gt; &lt; [34:2]&#10;|       |   |--RT_HTML_TAG_NAME -&gt; rt [34:3]&#10;|       |   `--END -&gt; &gt; [34:5]&#10;|       |--TEXT -&gt;   [34:6]&#10;|       |--TBODY -&gt; TBODY [34:7]&#10;|       |   |--TBODY_TAG_START -&gt; TBODY_TAG_START [34:7]&#10;|       |   |   |--START -&gt; &lt; [34:7]&#10;|       |   |   |--TBODY_HTML_TAG_NAME -&gt; tbody [34:8]&#10;|       |   |   `--END -&gt; &gt; [34:13]&#10;|       |   |--TEXT -&gt;   [34:14]&#10;|       |   `--TBODY_TAG_END -&gt; TBODY_TAG_END [34:15]&#10;|       |       |--START -&gt; &lt; [34:15]&#10;|       |       |--SLASH -&gt; / [34:16]&#10;|       |       |--TBODY_HTML_TAG_NAME -&gt; tbody [34:17]&#10;|       |       `--END -&gt; &gt; [34:22]&#10;|       |--TEXT -&gt;   [34:23]&#10;|       `--RT_TAG_END -&gt; RT_TAG_END [34:24]&#10;|           |--START -&gt; &lt; [34:24]&#10;|           |--SLASH -&gt; / [34:25]&#10;|           |--RT_HTML_TAG_NAME -&gt; rT [34:26]&#10;|           `--END -&gt; &gt; [34:28]&#10;|--NEWLINE -&gt; \n [34:29]&#10;|--LEADING_ASTERISK -&gt; * [35:0]&#10;|--TEXT -&gt;   [35:1]&#10;|--HTML_ELEMENT -&gt; HTML_ELEMENT [35:2]&#10;|   `--RT -&gt; RT [35:2]&#10;|       |--RT_TAG_START -&gt; RT_TAG_START [35:2]&#10;|       |   |--START -&gt; &lt; [35:2]&#10;|       |   |--RT_HTML_TAG_NAME -&gt; rt [35:3]&#10;|       |   `--END -&gt; &gt; [35:5]&#10;|       |--TEXT -&gt;   [35:6]&#10;|       |--TBODY_TAG_START -&gt; TBODY_TAG_START [35:7]&#10;|       |   |--START -&gt; &lt; [35:7]&#10;|       |   |--TBODY_HTML_TAG_NAME -&gt; tbody [35:8]&#10;|       |   `--END -&gt; &gt; [35:13]&#10;|       |--TEXT -&gt;   [35:14]&#10;|       `--RT_TAG_END -&gt; RT_TAG_END [35:15]&#10;|           |--START -&gt; &lt; [35:15]&#10;|           |--SLASH -&gt; / [35:16]&#10;|           |--RT_HTML_TAG_NAME -&gt; RT [35:17]&#10;|           `--END -&gt; &gt; [35:19]&#10;|--NEWLINE -&gt; \n [35:20]&#10;|--LEADING_ASTERISK -&gt; * [36:0]&#10;|--TEXT -&gt;   [36:1]&#10;|--HTML_ELEMENT -&gt; HTML_ELEMENT [36:2]&#10;|   `--RT_TAG_START -&gt; RT_TAG_START [36:2]&#10;|       |--START -&gt; &lt; [36:2]&#10;|       |--RT_HTML_TAG_NAME -&gt; rt [36:3]&#10;|       `--END -&gt; &gt; [36:5]&#10;|--TEXT -&gt;   [36:6]&#10;|--HTML_ELEMENT -&gt; HTML_ELEMENT [36:7]&#10;|   `--TBODY_TAG_END -&gt; TBODY_TAG_END [36:7]&#10;|       |--START -&gt; &lt; [36:7]&#10;|       |--SLASH -&gt; / [36:8]&#10;|       |--TBODY_HTML_TAG_NAME -&gt; tbody [36:9]&#10;|       `--END -&gt; &gt; [36:14]&#10;|--TEXT -&gt;   [36:15]&#10;|--HTML_ELEMENT -&gt; HTML_ELEMENT [36:16]&#10;|   `--RT_TAG_END -&gt; RT_TAG_END [36:16]&#10;|       |--START -&gt; &lt; [36:16]&#10;|       |--SLASH -&gt; / [36:17]&#10;|       |--RT_HTML_TAG_NAME -&gt; RT [36:18]&#10;|       `--END -&gt; &gt; [36:20]&#10;|--NEWLINE -&gt; \n [36:21]&#10;|--LEADING_ASTERISK -&gt; * [37:0]&#10;|--TEXT -&gt;   [37:1]&#10;|--HTML_ELEMENT -&gt; HTML_ELEMENT [37:2]&#10;|   `--RT -&gt; RT [37:2]&#10;|       |--RT_TAG_START -&gt; RT_TAG_START [37:2]&#10;|       |   |--START -&gt; &lt; [37:2]&#10;|       |   |--RT_HTML_TAG_NAME -&gt; rt [37:3]&#10;|       |   `--END -&gt; &gt; [37:5]&#10;|       |--TEXT -&gt;   [37:6]&#10;|       |--TFOOT -&gt; TFOOT [37:7]&#10;|       |   |--TFOOT_TAG_START -&gt; TFOOT_TAG_START [37:7]&#10;|       |   |   |--START -&gt; &lt; [37:7]&#10;|       |   |   |--TFOOT_HTML_TAG_NAME -&gt; tfoot [37:8]&#10;|       |   |   `--END -&gt; &gt; [37:13]&#10;|       |   |--TEXT -&gt;   [37:14]&#10;|       |   `--TFOOT_TAG_END -&gt; TFOOT_TAG_END [37:15]&#10;|       |       |--START -&gt; &lt; [37:15]&#10;|       |       |--SLASH -&gt; / [37:16]&#10;|       |       |--TFOOT_HTML_TAG_NAME -&gt; tfoot [37:17]&#10;|       |       `--END -&gt; &gt; [37:22]&#10;|       |--TEXT -&gt;   [37:23]&#10;|       `--RT_TAG_END -&gt; RT_TAG_END [37:24]&#10;|           |--START -&gt; &lt; [37:24]&#10;|           |--SLASH -&gt; / [37:25]&#10;|           |--RT_HTML_TAG_NAME -&gt; RT [37:26]&#10;|           `--END -&gt; &gt; [37:28]&#10;|--NEWLINE -&gt; \n [37:29]&#10;|--LEADING_ASTERISK -&gt; * [38:0]&#10;|--TEXT -&gt;   [38:1]&#10;|--HTML_ELEMENT -&gt; HTML_ELEMENT [38:2]&#10;|   `--RT -&gt; RT [38:2]&#10;|       |--RT_TAG_START -&gt; RT_TAG_START [38:2]&#10;|       |   |--START -&gt; &lt; [38:2]&#10;|       |   |--RT_HTML_TAG_NAME -&gt; rt [38:3]&#10;|       |   `--END -&gt; &gt; [38:5]&#10;|       |--TEXT -&gt;   [38:6]&#10;|       |--TFOOT_TAG_START -&gt; TFOOT_TAG_START [38:7]&#10;|       |   |--START -&gt; &lt; [38:7]&#10;|       |   |--TFOOT_HTML_TAG_NAME -&gt; tfoot [38:8]&#10;|       |   `--END -&gt; &gt; [38:13]&#10;|       |--TEXT -&gt;   [38:14]&#10;|       `--RT_TAG_END -&gt; RT_TAG_END [38:15]&#10;|           |--START -&gt; &lt; [38:15]&#10;|           |--SLASH -&gt; / [38:16]&#10;|           |--RT_HTML_TAG_NAME -&gt; RT [38:17]&#10;|           `--END -&gt; &gt; [38:19]&#10;|--NEWLINE -&gt; \n [38:20]&#10;|--LEADING_ASTERISK -&gt; * [39:0]&#10;|--TEXT -&gt;   [39:1]&#10;|--HTML_ELEMENT -&gt; HTML_ELEMENT [39:2]&#10;|   `--RT_TAG_START -&gt; RT_TAG_START [39:2]&#10;|       |--START -&gt; &lt; [39:2]&#10;|       |--RT_HTML_TAG_NAME -&gt; rt [39:3]&#10;|       `--END -&gt; &gt; [39:5]&#10;|--TEXT -&gt;   [39:6]&#10;|--HTML_ELEMENT -&gt; HTML_ELEMENT [39:7]&#10;|   `--TFOOT_TAG_END -&gt; TFOOT_TAG_END [39:7]&#10;|       |--START -&gt; &lt; [39:7]&#10;|       |--SLASH -&gt; / [39:8]&#10;|       |--TFOOT_HTML_TAG_NAME -&gt; tfoot [39:9]&#10;|       `--END -&gt; &gt; [39:14]&#10;|--TEXT -&gt;   [39:15]&#10;|--HTML_ELEMENT -&gt; HTML_ELEMENT [39:16]&#10;|   `--RT_TAG_END -&gt; RT_TAG_END [39:16]&#10;|       |--START -&gt; &lt; [39:16]&#10;|       |--SLASH -&gt; / [39:17]&#10;|       |--RT_HTML_TAG_NAME -&gt; RT [39:18]&#10;|       `--END -&gt; &gt; [39:20]&#10;|--NEWLINE -&gt; \n [39:21]&#10;|--LEADING_ASTERISK -&gt; * [40:0]&#10;|--TEXT -&gt;   [40:1]&#10;|--HTML_ELEMENT -&gt; HTML_ELEMENT [40:2]&#10;|   `--RT -&gt; RT [40:2]&#10;|       |--RT_TAG_START -&gt; RT_TAG_START [40:2]&#10;|       |   |--START -&gt; &lt; [40:2]&#10;|       |   |--RT_HTML_TAG_NAME -&gt; rt [40:3]&#10;|       |   |--WS -&gt;   [40:5]&#10;|       |   |--ATTRIBUTE -&gt; ATTRIBUTE [40:6]&#10;|       |   |   |--HTML_TAG_NAME -&gt; style [40:6]&#10;|       |   |   |--EQUALS -&gt; = [40:11]&#10;|       |   |   `--ATTR_VALUE -&gt; &quot;color:red&quot; [40:12]&#10;|       |   |--WS -&gt;   [40:24]&#10;|       |   |--NEWLINE -&gt; \n [40:25]&#10;|       |   |--LEADING_ASTERISK -&gt; * [41:0]&#10;|       |   |--NEWLINE -&gt; \n [41:1]&#10;|       |   |--LEADING_ASTERISK -&gt; * [42:0]&#10;|       |   |--WS -&gt;   [42:1]&#10;|       |   `--END -&gt; &gt; [42:2]&#10;|       |--TEXT -&gt;   [42:3]&#10;|       |--HTML_COMMENT -&gt; HTML_COMMENT [42:4]&#10;|       |   |--HTML_COMMENT_START -&gt; &lt;!-- [42:4]&#10;|       |   |--TEXT -&gt; HTML COMMENT [42:8]&#10;|       |   `--HTML_COMMENT_END -&gt; --&gt; [42:20]&#10;|       |--TEXT -&gt;    [42:23]&#10;|       `--RT_TAG_END -&gt; RT_TAG_END [42:25]&#10;|           |--START -&gt; &lt; [42:25]&#10;|           |--SLASH -&gt; / [42:26]&#10;|           |--RT_HTML_TAG_NAME -&gt; Rt [42:27]&#10;|           |--NEWLINE -&gt; \n [42:29]&#10;|           |--LEADING_ASTERISK -&gt; * [43:0]&#10;|           |--NEWLINE -&gt; \n [43:1]&#10;|           |--LEADING_ASTERISK -&gt; * [44:0]&#10;|           |--WS -&gt;   [44:1]&#10;|           `--END -&gt; &gt; [44:2]&#10;|--NEWLINE -&gt; \n [44:3]&#10;`--EOF -&gt; &lt;EOF&gt; [45:0]&#13;]&#10;&gt;" type="org.junit.ComparisonFailure"><![CDATA[org.junit.ComparisonFailure: 
Generated tree from the javadoc file should match the pre-defined tree expected:<...DOC -> JAVADOC [0:0][
|--LEADING_ASTERISK -> * [0:0]
|--TEXT ->   [0:1]
|--HTML_ELEMENT -> HTML_ELEMENT [0:2]
|   `--RT -> RT [0:2]
|       |--RT_TAG_START -> RT_TAG_START [0:2]
|       |   |--START -> < [0:2]
|       |   |--RT_HTML_TAG_NAME -> rt [0:3]
|       |   `--END -> > [0:5]
|       |--TEXT ->   [0:6]
|       `--RT_TAG_END -> RT_TAG_END [0:7]
|           |--START -> < [0:7]
|           |--SLASH -> / [0:8]
|           |--RT_HTML_TAG_NAME -> RT [0:9]
|           `--END -> > [0:11]
|--NEWLINE -> \n [0:12]
|--LEADING_ASTERISK -> * [1:0]
|--TEXT ->   [1:1]
|--HTML_ELEMENT -> HTML_ELEMENT [1:2]
|   `--RT -> RT [1:2]
|       |--RT_TAG_START -> RT_TAG_START [1:2]
|       |   |--START -> < [1:2]
|       |   |--RT_HTML_TAG_NAME -> rt [1:3]
|       |   `--END -> > [1:5]
|       |--TEXT ->   [1:6]
|       |--LI -> LI [1:7]
|       |   |--LI_TAG_START -> LI_TAG_START [1:7]
|       |   |   |--START -> < [1:7]
|       |   |   |--LI_HTML_TAG_NAME -> li [1:8]
|       |   |   `--END -> > [1:10]
|       |   |--TEXT ->   [1:11]
|       |   `--LI_TAG_END -> LI_TAG_END [1:12]
|       |       |--START -> < [1:12]
|       |       |--SLASH -> / [1:13]
|       |       |--LI_HTML_TAG_NAME -> li [1:14]
|       |       `--END -> > [1:16]
|       |--TEXT ->   [1:17]
|       `--RT_TAG_END -> RT_TAG_END [1:18]
|           |--START -> < [1:18]
|           |--SLASH -> / [1:19]
|           |--RT_HTML_TAG_NAME -> RT [1:20]
|           `--END -> > [1:22]
|--NEWLINE -> \n [1:23]
|--LEADING_ASTERISK -> * [2:0]
|--TEXT ->   [2:1]
|--HTML_ELEMENT -> HTML_ELEMENT [2:2]
|   `--RT -> RT [2:2]
|       |--RT_TAG_START -> RT_TAG_START [2:2]
|       |   |--START -> < [2:2]
|       |   |--RT_HTML_TAG_NAME -> rt [2:3]
|       |   `--END -> > [2:5]
|       |--TEXT ->   [2:6]
|       |--LI_TAG_START -> LI_TAG_START [2:7]
|       |   |--START -> < [2:7]
|       |   |--LI_HTML_TAG_NAME -> li [2:8]
|       |   `--END -> > [2:10]
|       |--TEXT ->   [2:11]
|       `--RT_TAG_END -> RT_TAG_END [2:12]
|           |--START -> < [2:12]
|           |--SLASH -> / [2:13]
|           |--RT_HTML_TAG_NAME -> RT [2:14]
|           `--END -> > [2:16]
|--NEWLINE -> \n [2:17]
|--LEADING_ASTERISK -> * [3:0]
|--TEXT ->   [3:1]
|--HTML_ELEMENT -> HTML_ELEMENT [3:2]
|   `--RT_TAG_START -> RT_TAG_START [3:2]
|       |--START -> < [3:2]
|       |--RT_HTML_TAG_NAME -> rt [3:3]
|       `--END -> > [3:5]
|--TEXT ->   [3:6]
|--HTML_ELEMENT -> HTML_ELEMENT [3:7]
|   `--LI_TAG_END -> LI_TAG_END [3:7]
|       |--START -> < [3:7]
|       |--SLASH -> / [3:8]
|       |--LI_HTML_TAG_NAME -> li [3:9]
|       `--END -> > [3:11]
|--TEXT ->   [3:12]
|--HTML_ELEMENT -> HTML_ELEMENT [3:13]
|   `--RT_TAG_END -> RT_TAG_END [3:13]
|       |--START -> < [3:13]
|       |--SLASH -> / [3:14]
|       |--RT_HTML_TAG_NAME -> RT [3:15]
|       `--END -> > [3:17]
|--NEWLINE -> \n [3:18]
|--LEADING_ASTERISK -> * [4:0]
|--TEXT ->   [4:1]
|--HTML_ELEMENT -> HTML_ELEMENT [4:2]
|   `--RT -> RT [4:2]
|       |--RT_TAG_START -> RT_TAG_START [4:2]
|       |   |--START -> < [4:2]
|       |   |--RT_HTML_TAG_NAME -> rt [4:3]
|       |   `--END -> > [4:5]
|       |--TEXT ->   [4:6]
|       |--TR -> TR [4:7]
|       |   |--TR_TAG_START -> TR_TAG_START [4:7]
|       |   |   |--START -> < [4:7]
|       |   |   |--TR_HTML_TAG_NAME -> tr [4:8]
|       |   |   `--END -> > [4:10]
|       |   |--TEXT ->   [4:11]
|       |   `--TR_TAG_END -> TR_TAG_END [4:12]
|       |       |--START -> < [4:12]
|       |       |--SLASH -> / [4:13]
|       |       |--TR_HTML_TAG_NAME -> tr [4:14]
|       |       `--END -> > [4:16]
|       |--TEXT ->   [4:17]
|       `--RT_TAG_END -> RT_TAG_END [4:18]
|           |--START -> < [4:18]
|           |--SLASH -> / [4:19]
|           |--RT_HTML_TAG_NAME -> RT [4:20]
|           `--END -> > [4:22]
|--NEWLINE -> \n [4:23]
|--LEADING_ASTERISK -> * [5:0]
|--TEXT ->   [5:1]
|--HTML_ELEMENT -> HTML_ELEMENT [5:2]
|   `--RT -> RT [5:2]
|       |--RT_TAG_START -> RT_TAG_START [5:2]
|       |   |--START -> < [5:2]
|       |   |--RT_HTML_TAG_NAME -> rt [5:3]
|       |   `--END -> > [5:5]
|       |--TEXT ->   [5:6]
|       |--TR_TAG_START -> TR_TAG_START [5:7]
|       |   |--START -> < [5:7]
|       |   |--TR_HTML_TAG_NAME -> tr [5:8]
|       |   `--END -> > [5:10]
|       |--TEXT ->   [5:11]
|       `--RT_TAG_END -> RT_TAG_END [5:12]
|           |--START -> < [5:12]
|           |--SLASH -> / [5:13]
|           |--RT_HTML_TAG_NAME -> RT [5:14]
|           `--END -> > [5:16]
|--NEWLINE -> \n [5:17]
|--LEADING_ASTERISK -> * [6:0]
|--TEXT ->   [6:1]
|--HTML_ELEMENT -> HTML_ELEMENT [6:2]
|   `--RT_TAG_START -> RT_TAG_START [6:2]
|       |--START -> < [6:2]
|       |--RT_HTML_TAG_NAME -> rt [6:3]
|       `--END -> > [6:5]
|--TEXT ->   [6:6]
|--HTML_ELEMENT -> HTML_ELEMENT [6:7]
|   `--TR_TAG_END -> TR_TAG_END [6:7]
|       |--START -> < [6:7]
|       |--SLASH -> / [6:8]
|       |--TR_HTML_TAG_NAME -> tr [6:9]
|       `--END -> > [6:11]
|--TEXT ->   [6:12]
|--HTML_ELEMENT -> HTML_ELEMENT [6:13]
|   `--RT_TAG_END -> RT_TAG_END [6:13]
|       |--START -> < [6:13]
|       |--SLASH -> / [6:14]
|       |--RT_HTML_TAG_NAME -> RT [6:15]
|       `--END -> > [6:17]
|--NEWLINE -> \n [6:18]
|--LEADING_ASTERISK -> * [7:0]
|--TEXT ->   [7:1]
|--HTML_ELEMENT -> HTML_ELEMENT [7:2]
|   `--RT -> RT [7:2]
|       |--RT_TAG_START -> RT_TAG_START [7:2]
|       |   |--START -> < [7:2]
|       |   |--RT_HTML_TAG_NAME -> rt [7:3]
|       |   `--END -> > [7:5]
|       |--TEXT ->   [7:6]
|       |--TD -> TD [7:7]
|       |   |--TD_TAG_START -> TD_TAG_START [7:7]
|       |   |   |--START -> < [7:7]
|       |   |   |--TD_HTML_TAG_NAME -> td [7:8]
|       |   |   `--END -> > [7:10]
|       |   |--TEXT ->   [7:11]
|       |   `--TD_TAG_END -> TD_TAG_END [7:12]
|       |       |--START -> < [7:12]
|       |       |--SLASH -> / [7:13]
|       |       |--TD_HTML_TAG_NAME -> td [7:14]
|       |       `--END -> > [7:16]
|       |--TEXT ->   [7:17]
|       `--RT_TAG_END -> RT_TAG_END [7:18]
|           |--START -> < [7:18]
|           |--SLASH -> / [7:19]
|           |--RT_HTML_TAG_NAME -> RT [7:20]
|           `--END -> > [7:22]
|--NEWLINE -> \n [7:23]
|--LEADING_ASTERISK -> * [8:0]
|--TEXT ->   [8:1]
|--HTML_ELEMENT -> HTML_ELEMENT [8:2]
|   `--RT -> RT [8:2]
|       |--RT_TAG_START -> RT_TAG_START [8:2]
|       |   |--START -> < [8:2]
|       |   |--RT_HTML_TAG_NAME -> rt [8:3]
|       |   `--END -> > [8:5]
|       |--TEXT ->   [8:6]
|       |--TD_TAG_START -> TD_TAG_START [8:7]
|       |   |--START -> < [8:7]
|       |   |--TD_HTML_TAG_NAME -> td [8:8]
|       |   `--END -> > [8:10]
|       |--TEXT ->   [8:11]
|       `--RT_TAG_END -> RT_TAG_END [8:12]
|           |--START -> < [8:12]
|           |--SLASH -> / [8:13]
|           |--RT_HTML_TAG_NAME -> RT [8:14]
|           `--END -> > [8:16]
|--NEWLINE -> \n [8:17]
|--LEADING_ASTERISK -> * [9:0]
|--TEXT ->   [9:1]
|--HTML_ELEMENT -> HTML_ELEMENT [9:2]
|   `--RT_TAG_START -> RT_TAG_START [9:2]
|       |--START -> < [9:2]
|       |--RT_HTML_TAG_NAME -> rt [9:3]
|       `--END -> > [9:5]
|--TEXT ->   [9:6]
|--HTML_ELEMENT -> HTML_ELEMENT [9:7]
|   `--TD_TAG_END -> TD_TAG_END [9:7]
|       |--START -> < [9:7]
|       |--SLASH -> / [9:8]
|       |--TD_HTML_TAG_NAME -> td [9:9]
|       `--END -> > [9:11]
|--TEXT ->   [9:12]
|--HTML_ELEMENT -> HTML_ELEMENT [9:13]
|   `--RT_TAG_END -> RT_TAG_END [9:13]
|       |--START -> < [9:13]
|       |--SLASH -> / [9:14]
|       |--RT_HTML_TAG_NAME -> RT [9:15]
|       `--END -> > [9:17]
|--NEWLINE -> \n [9:18]
|--LEADING_ASTERISK -> * [10:0]
|--TEXT ->   [10:1]
|--HTML_ELEMENT -> HTML_ELEMENT [10:2]
|   `--RT -> RT [10:2]
|       |--RT_TAG_START -> RT_TAG_START [10:2]
|       |   |--START -> < [10:2]
|       |   |--RT_HTML_TAG_NAME -> rt [10:3]
|       |   `--END -> > [10:5]
|       |--TEXT ->   [10:6]
|       |--TH -> TH [10:7]
|       |   |--TH_TAG_START -> TH_TAG_START [10:7]
|       |   |   |--START -> < [10:7]
|       |   |   |--TH_HTML_TAG_NAME -> th [10:8]
|       |   |   `--END -> > [10:10]
|       |   |--TEXT ->   [10:11]
|       |   `--TH_TAG_END -> TH_TAG_END [10:12]
|       |       |--START -> < [10:12]
|       |       |--SLASH -> / [10:13]
|       |       |--TH_HTML_TAG_NAME -> th [10:14]
|       |       `--END -> > [10:16]
|       |--TEXT ->   [10:17]
|       `--RT_TAG_END -> RT_TAG_END [10:18]
|           |--START -> < [10:18]
|           |--SLASH -> / [10:19]
|           |--RT_HTML_TAG_NAME -> RT [10:20]
|           `--END -> > [10:22]
|--NEWLINE -> \n [10:23]
|--LEADING_ASTERISK -> * [11:0]
|--TEXT ->   [11:1]
|--HTML_ELEMENT -> HTML_ELEMENT [11:2]
|   `--RT -> RT [11:2]
|       |--RT_TAG_START -> RT_TAG_START [11:2]
|       |   |--START -> < [11:2]
|       |   |--RT_HTML_TAG_NAME -> rt [11:3]
|       |   `--END -> > [11:5]
|       |--TEXT ->   [11:6]
|       |--TH_TAG_START -> TH_TAG_START [11:7]
|       |   |--START -> < [11:7]
|       |   |--TH_HTML_TAG_NAME -> th [11:8]
|       |   `--END -> > [11:10]
|       |--TEXT ->   [11:11]
|       `--RT_TAG_END -> RT_TAG_END [11:12]
|           |--START -> < [11:12]
|           |--SLASH -> / [11:13]
|           |--RT_HTML_TAG_NAME -> RT [11:14]
|           `--END -> > [11:16]
|--NEWLINE -> \n [11:17]
|--LEADING_ASTERISK -> * [12:0]
|--TEXT ->   [12:1]
|--HTML_ELEMENT -> HTML_ELEMENT [12:2]
|   `--RT_TAG_START -> RT_TAG_START [12:2]
|       |--START -> < [12:2]
|       |--RT_HTML_TAG_NAME -> rt [12:3]
|       `--END -> > [12:5]
|--TEXT ->   [12:6]
|--HTML_ELEMENT -> HTML_ELEMENT [12:7]
|   `--TH_TAG_END -> TH_TAG_END [12:7]
|       |--START -> < [12:7]
|       |--SLASH -> / [12:8]
|       |--TH_HTML_TAG_NAME -> th [12:9]
|       `--END -> > [12:11]
|--TEXT ->   [12:12]
|--HTML_ELEMENT -> HTML_ELEMENT [12:13]
|   `--RT_TAG_END -> RT_TAG_END [12:13]
|       |--START -> < [12:13]
|       |--SLASH -> / [12:14]
|       |--RT_HTML_TAG_NAME -> RT [12:15]
|       `--END -> > [12:17]
|--NEWLINE -> \n [12:18]
|--LEADING_ASTERISK -> * [13:0]
|--TEXT ->   [13:1]
|--HTML_ELEMENT -> HTML_ELEMENT [13:2]
|   `--RT -> RT [13:2]
|       |--RT_TAG_START -> RT_TAG_START [13:2]
|       |   |--START -> < [13:2]
|       |   |--RT_HTML_TAG_NAME -> rt [13:3]
|       |   `--END -> > [13:5]
|       |--TEXT ->   [13:6]
|       |--BODY -> BODY [13:7]
|       |   |--BODY_TAG_START -> BODY_TAG_START [13:7]
|       |   |   |--START -> < [13:7]
|       |   |   |--BODY_HTML_TAG_NAME -> body [13:8]
|       |   |   `--END -> > [13:12]
|       |   |--TEXT ->   [13:13]
|       |   `--BODY_TAG_END -> BODY_TAG_END [13:14]
|       |       |--START -> < [13:14]
|       |       |--SLASH -> / [13:15]
|       |       |--BODY_HTML_TAG_NAME -> body [13:16]
|       |       `--END -> > [13:20]
|       |--TEXT ->   [13:21]
|       `--RT_TAG_END -> RT_TAG_END [13:22]
|           |--START -> < [13:22]
|           |--SLASH -> / [13:23]
|           |--RT_HTML_TAG_NAME -> RT [13:24]
|           `--END -> > [13:26]
|--NEWLINE -> \n [13:27]
|--LEADING_ASTERISK -> * [14:0]
|--TEXT ->   [14:1]
|--HTML_ELEMENT -> HTML_ELEMENT [14:2]
|   `--RT -> RT [14:2]
|       |--RT_TAG_START -> RT_TAG_START [14:2]
|       |   |--START -> < [14:2]
|       |   |--RT_HTML_TAG_NAME -> rt [14:3]
|       |   `--END -> > [14:5]
|       |--TEXT ->   [14:6]
|       |--BODY_TAG_START -> BODY_TAG_START [14:7]
|       |   |--START -> < [14:7]
|       |   |--BODY_HTML_TAG_NAME -> body [14:8]
|       |   `--END -> > [14:12]
|       |--TEXT ->   [14:13]
|       `--RT_TAG_END -> RT_TAG_END [14:14]
|           |--START -> < [14:14]
|           |--SLASH -> / [14:15]
|           |--RT_HTML_TAG_NAME -> RT [14:16]
|           `--END -> > [14:18]
|--NEWLINE -> \n [14:19]
|--LEADING_ASTERISK -> * [15:0]
|--TEXT ->   [15:1]
|--HTML_ELEMENT -> HTML_ELEMENT [15:2]
|   `--RT_TAG_START -> RT_TAG_START [15:2]
|       |--START -> < [15:2]
|       |--RT_HTML_TAG_NAME -> rt [15:3]
|       `--END -> > [15:5]
|--TEXT ->   [15:6]
|--HTML_ELEMENT -> HTML_ELEMENT [15:7]
|   `--BODY_TAG_END -> BODY_TAG_END [15:7]
|       |--START -> < [15:7]
|       |--SLASH -> / [15:8]
|       |--BODY_HTML_TAG_NAME -> body [15:9]
|       `--END -> > [15:13]
|--TEXT ->   [15:14]
|--HTML_ELEMENT -> HTML_ELEMENT [15:15]
|   `--RT_TAG_END -> RT_TAG_END [15:15]
|       |--START -> < [15:15]
|       |--SLASH -> / [15:16]
|       |--RT_HTML_TAG_NAME -> RT [15:17]
|       `--END -> > [15:19]
|--NEWLINE -> \n [15:20]
|--LEADING_ASTERISK -> * [16:0]
|--TEXT ->   [16:1]
|--HTML_ELEMENT -> HTML_ELEMENT [16:2]
|   `--RT -> RT [16:2]
|       |--RT_TAG_START -> RT_TAG_START [16:2]
|       |   |--START -> < [16:2]
|       |   |--RT_HTML_TAG_NAME -> rt [16:3]
|       |   `--END -> > [16:5]
|       |--TEXT ->   [16:6]
|       |--COLGROUP -> COLGROUP [16:7]
|       |   |--COLGROUP_TAG_START -> COLGROUP_TAG_START [16:7]
|       |   |   |--START -> < [16:7]
|       |   |   |--COLGROUP_HTML_TAG_NAME -> colgroup [16:8]
|       |   |   `--END -> > [16:16]
|       |   |--TEXT ->   [16:17]
|       |   `--COLGROUP_TAG_END -> COLGROUP_TAG_END [16:18]
|       |       |--START -> < [16:18]
|       |       |--SLASH -> / [16:19]
|       |       |--COLGROUP_HTML_TAG_NAME -> colgroup [16:20]
|       |       `--END -> > [16:28]
|       |--TEXT ->   [16:29]
|       `--RT_TAG_END -> RT_TAG_END [16:30]
|           |--START -> < [16:30]
|           |--SLASH -> / [16:31]
|           |--RT_HTML_TAG_NAME -> RT [16:32]
|           `--END -> > [16:34]
|--NEWLINE -> \n [16:35]
|--LEADING_ASTERISK -> * [17:0]
|--TEXT ->   [17:1]
|--HTML_ELEMENT -> HTML_ELEMENT [17:2]
|   `--RT -> RT [17:2]
|       |--RT_TAG_START -> RT_TAG_START [17:2]
|       |   |--START -> < [17:2]
|       |   |--RT_HTML_TAG_NAME -> rt [17:3]
|       |   `--END -> > [17:5]
|       |--TEXT ->   [17:6]
|       |--COLGROUP_TAG_START -> COLGROUP_TAG_START [17:7]
|       |   |--START -> < [17:7]
|       |   |--COLGROUP_HTML_TAG_NAME -> colgroup [17:8]
|       |   `--END -> > [17:16]
|       |--TEXT ->   [17:17]
|       `--RT_TAG_END -> RT_TAG_END [17:18]
|           |--START -> < [17:18]
|           |--SLASH -> / [17:19]
|           |--RT_HTML_TAG_NAME -> RT [17:20]
|           `--END -> > [17:22]
|--NEWLINE -> \n [17:23]
|--LEADING_ASTERISK -> * [18:0]
|--TEXT ->   [18:1]
|--HTML_ELEMENT -> HTML_ELEMENT [18:2]
|   `--RT_TAG_START -> RT_TAG_START [18:2]
|       |--START -> < [18:2]
|       |--RT_HTML_TAG_NAME -> rt [18:3]
|       `--END -> > [18:5]
|--TEXT ->   [18:6]
|--HTML_ELEMENT -> HTML_ELEMENT [18:7]
|   `--COLGROUP_TAG_END -> COLGROUP_TAG_END [18:7]
|       |--START -> < [18:7]
|       |--SLASH -> / [18:8]
|       |--COLGROUP_HTML_TAG_NAME -> colgroup [18:9]
|       `--END -> > [18:17]
|--TEXT ->   [18:18]
|--HTML_ELEMENT -> HTML_ELEMENT [18:19]
|   `--RT_TAG_END -> RT_TAG_END [18:19]
|       |--START -> < [18:19]
|       |--SLASH -> / [18:20]
|       |--RT_HTML_TAG_NAME -> RT [18:21]
|       `--END -> > [18:23]
|--NEWLINE -> \n [18:24]
|--LEADING_ASTERISK -> * [19:0]
|--TEXT ->   [19:1]
|--HTML_ELEMENT -> HTML_ELEMENT [19:2]
|   `--RT -> RT [19:2]
|       |--RT_TAG_START -> RT_TAG_START [19:2]
|       |   |--START -> < [19:2]
|       |   |--RT_HTML_TAG_NAME -> rt [19:3]
|       |   `--END -> > [19:5]
|       |--TEXT ->   [19:6]
|       |--DD -> DD [19:7]
|       |   |--DD_TAG_START -> DD_TAG_START [19:7]
|       |   |   |--START -> < [19:7]
|       |   |   |--DD_HTML_TAG_NAME -> dd [19:8]
|       |   |   `--END -> > [19:10]
|       |   |--TEXT ->   [19:11]
|       |   `--DD_TAG_END -> DD_TAG_END [19:12]
|       |       |--START -> < [19:12]
|       |       |--SLASH -> / [19:13]
|       |       |--DD_HTML_TAG_NAME -> dd [19:14]
|       |       `--END -> > [19:16]
|       |--TEXT ->   [19:17]
|       `--RT_TAG_END -> RT_TAG_END [19:18]
|           |--START -> < [19:18]
|           |--SLASH -> / [19:19]
|           |--RT_HTML_TAG_NAME -> RT [19:20]
|           `--END -> > [19:22]
|--NEWLINE -> \n [19:23]
|--LEADING_ASTERISK -> * [20:0]
|--TEXT ->   [20:1]
|--HTML_ELEMENT -> HTML_ELEMENT [20:2]
|   `--RT -> RT [20:2]
|       |--RT_TAG_START -> RT_TAG_START [20:2]
|       |   |--START -> < [20:2]
|       |   |--RT_HTML_TAG_NAME -> rt [20:3]
|       |   `--END -> > [20:5]
|       |--TEXT ->   [20:6]
|       |--DD_TAG_START -> DD_TAG_START [20:7]
|       |   |--START -> < [20:7]
|       |   |--DD_HTML_TAG_NAME -> dd [20:8]
|       |   `--END -> > [20:10]
|       |--TEXT ->   [20:11]
|       `--RT_TAG_END -> RT_TAG_END [20:12]
|           |--START -> < [20:12]
|           |--SLASH -> / [20:13]
|           |--RT_HTML_TAG_NAME -> RT [20:14]
|           `--END -> > [20:16]
|--NEWLINE -> \n [20:17]
|--LEADING_ASTERISK -> * [21:0]
|--TEXT ->   [21:1]
|--HTML_ELEMENT -> HTML_ELEMENT [21:2]
|   `--RT_TAG_START -> RT_TAG_START [21:2]
|       |--START -> < [21:2]
|       |--RT_HTML_TAG_NAME -> rt [21:3]
|       `--END -> > [21:5]
|--TEXT ->   [21:6]
|--HTML_ELEMENT -> HTML_ELEMENT [21:7]
|   `--DD_TAG_END -> DD_TAG_END [21:7]
|       |--START -> < [21:7]
|       |--SLASH -> / [21:8]
|       |--DD_HTML_TAG_NAME -> dd [21:9]
|       `--END -> > [21:11]
|--TEXT ->   [21:12]
|--HTML_ELEMENT -> HTML_ELEMENT [21:13]
|   `--RT_TAG_END -> RT_TAG_END [21:13]
|       |--START -> < [21:13]
|       |--SLASH -> / [21:14]
|       |--RT_HTML_TAG_NAME -> RT [21:15]
|       `--END -> > [21:17]
|--NEWLINE -> \n [21:18]
|--LEADING_ASTERISK -> * [22:0]
|--TEXT ->   [22:1]
|--HTML_ELEMENT -> HTML_ELEMENT [22:2]
|   `--RT -> RT [22:2]
|       |--RT_TAG_START -> RT_TAG_START [22:2]
|       |   |--START -> < [22:2]
|       |   |--RT_HTML_TAG_NAME -> rt [22:3]
|       |   `--END -> > [22:5]
|       |--TEXT ->   [22:6]
|       |--DT -> DT [22:7]
|       |   |--DT_TAG_START -> DT_TAG_START [22:7]
|       |   |   |--START -> < [22:7]
|       |   |   |--DT_HTML_TAG_NAME -> dt [22:8]
|       |   |   `--END -> > [22:10]
|       |   |--TEXT ->   [22:11]
|       |   `--DT_TAG_END -> DT_TAG_END [22:12]
|       |       |--START -> < [22:12]
|       |       |--SLASH -> / [22:13]
|       |       |--DT_HTML_TAG_NAME -> dt [22:14]
|       |       `--END -> > [22:16]
|       |--TEXT ->   [22:17]
|       `--RT_TAG_END -> RT_TAG_END [22:18]
|           |--START -> < [22:18]
|           |--SLASH -> / [22:19]
|           |--RT_HTML_TAG_NAME -> RT [22:20]
|           `--END -> > [22:22]
|--NEWLINE -> \n [22:23]
|--LEADING_ASTERISK -> * [23:0]
|--TEXT ->   [23:1]
|--HTML_ELEMENT -> HTML_ELEMENT [23:2]
|   `--RT -> RT [23:2]
|       |--RT_TAG_START -> RT_TAG_START [23:2]
|       |   |--START -> < [23:2]
|       |   |--RT_HTML_TAG_NAME -> rt [23:3]
|       |   `--END -> > [23:5]
|       |--TEXT ->   [23:6]
|       |--DT_TAG_START -> DT_TAG_START [23:7]
|       |   |--START -> < [23:7]
|       |   |--DT_HTML_TAG_NAME -> dt [23:8]
|       |   `--END -> > [23:10]
|       |--TEXT ->   [23:11]
|       `--RT_TAG_END -> RT_TAG_END [23:12]
|           |--START -> < [23:12]
|           |--SLASH -> / [23:13]
|           |--RT_HTML_TAG_NAME -> RT [23:14]
|           `--END -> > [23:16]
|--NEWLINE -> \n [23:17]
|--LEADING_ASTERISK -> * [24:0]
|--TEXT ->   [24:1]
|--HTML_ELEMENT -> HTML_ELEMENT [24:2]
|   `--RT_TAG_START -> RT_TAG_START [24:2]
|       |--START -> < [24:2]
|       |--RT_HTML_TAG_NAME -> rt [24:3]
|       `--END -> > [24:5]
|--TEXT ->   [24:6]
|--HTML_ELEMENT -> HTML_ELEMENT [24:7]
|   `--DT_TAG_END -> DT_TAG_END [24:7]
|       |--START -> < [24:7]
|       |--SLASH -> / [24:8]
|       |--DT_HTML_TAG_NAME -> dt [24:9]
|       `--END -> > [24:11]
|--TEXT ->   [24:12]
|--HTML_ELEMENT -> HTML_ELEMENT [24:13]
|   `--RT_TAG_END -> RT_TAG_END [24:13]
|       |--START -> < [24:13]
|       |--SLASH -> / [24:14]
|       |--RT_HTML_TAG_NAME -> RT [24:15]
|       `--END -> > [24:17]
|--NEWLINE -> \n [24:18]
|--LEADING_ASTERISK -> * [25:0]
|--TEXT ->   [25:1]
|--HTML_ELEMENT -> HTML_ELEMENT [25:2]
|   `--RT -> RT [25:2]
|       |--RT_TAG_START -> RT_TAG_START [25:2]
|       |   |--START -> < [25:2]
|       |   |--RT_HTML_TAG_NAME -> rt [25:3]
|       |   `--END -> > [25:5]
|       |--TEXT ->   [25:6]
|       |--HEAD -> HEAD [25:7]
|       |   |--HEAD_TAG_START -> HEAD_TAG_START [25:7]
|       |   |   |--START -> < [25:7]
|       |   |   |--HEAD_HTML_TAG_NAME -> head [25:8]
|       |   |   `--END -> > [25:12]
|       |   |--TEXT ->   [25:13]
|       |   `--HEAD_TAG_END -> HEAD_TAG_END [25:14]
|       |       |--START -> < [25:14]
|       |       |--SLASH -> / [25:15]
|       |       |--HEAD_HTML_TAG_NAME -> head [25:16]
|       |       `--END -> > [25:20]
|       |--TEXT ->   [25:21]
|       `--RT_TAG_END -> RT_TAG_END [25:22]
|           |--START -> < [25:22]
|           |--SLASH -> / [25:23]
|           |--RT_HTML_TAG_NAME -> RT [25:24]
|           `--END -> > [25:26]
|--NEWLINE -> \n [25:27]
|--LEADING_ASTERISK -> * [26:0]
|--TEXT ->   [26:1]
|--HTML_ELEMENT -> HTML_ELEMENT [26:2]
|   `--RT -> RT [26:2]
|       |--RT_TAG_START -> RT_TAG_START [26:2]
|       |   |--START -> < [26:2]
|       |   |--RT_HTML_TAG_NAME -> rt [26:3]
|       |   `--END -> > [26:5]
|       |--TEXT ->   [26:6]
|       |--HEAD_TAG_START -> HEAD_TAG_START [26:7]
|       |   |--START -> < [26:7]
|       |   |--HEAD_HTML_TAG_NAME -> head [26:8]
|       |   `--END -> > [26:12]
|       |--TEXT ->   [26:13]
|       `--RT_TAG_END -> RT_TAG_END [26:14]
|           |--START -> < [26:14]
|           |--SLASH -> / [26:15]
|           |--RT_HTML_TAG_NAME -> RT [26:16]
|           `--END -> > [26:18]
|--NEWLINE -> \n [26:19]
|--LEADING_ASTERISK -> * [27:0]
|--TEXT ->   [27:1]
|--HTML_ELEMENT -> HTML_ELEMENT [27:2]
|   `--RT_TAG_START -> RT_TAG_START [27:2]
|       |--START -> < [27:2]
|       |--RT_HTML_TAG_NAME -> rt [27:3]
|       `--END -> > [27:5]
|--TEXT ->   [27:6]
|--HTML_ELEMENT -> HTML_ELEMENT [27:7]
|   `--HEAD_TAG_END -> HEAD_TAG_END [27:7]
|       |--START -> < [27:7]
|       |--SLASH -> / [27:8]
|       |--HEAD_HTML_TAG_NAME -> head [27:9]
|       `--END -> > [27:13]
|--TEXT ->   [27:14]
|--HTML_ELEMENT -> HTML_ELEMENT [27:15]
|   `--RT_TAG_END -> RT_TAG_END [27:15]
|       |--START -> < [27:15]
|       |--SLASH -> / [27:16]
|       |--RT_HTML_TAG_NAME -> RT [27:17]
|       `--END -> > [27:19]
|--NEWLINE -> \n [27:20]
|--LEADING_ASTERISK -> * [28:0]
|--TEXT ->   [28:1]
|--HTML_ELEMENT -> HTML_ELEMENT [28:2]
|   `--RT -> RT [28:2]
|       |--RT_TAG_START -> RT_TAG_START [28:2]
|       |   |--START -> < [28:2]
|       |   |--RT_HTML_TAG_NAME -> rt [28:3]
|       |   `--END -> > [28:5]
|       |--TEXT ->   [28:6]
|       |--HTML -> HTML [28:7]
|       |   |--HTML_TAG_START -> HTML_TAG_START [28:7]
|       |   |   |--START -> < [28:7]
|       |   |   |--HTML_HTML_TAG_NAME -> html [28:8]
|       |   |   `--END -> > [28:12]
|       |   |--TEXT ->   [28:13]
|       |   `--HTML_TAG_END -> HTML_TAG_END [28:14]
|       |       |--START -> < [28:14]
|       |       |--SLASH -> / [28:15]
|       |       |--HTML_HTML_TAG_NAME -> html [28:16]
|       |       `--END -> > [28:20]
|       |--TEXT ->   [28:21]
|       `--RT_TAG_END -> RT_TAG_END [28:22]
|           |--START -> < [28:22]
|           |--SLASH -> / [28:23]
|           |--RT_HTML_TAG_NAME -> RT [28:24]
|           `--END -> > [28:26]
|--NEWLINE -> \n [28:27]
|--LEADING_ASTERISK -> * [29:0]
|--TEXT ->   [29:1]
|--HTML_ELEMENT -> HTML_ELEMENT [29:2]
|   `--RT -> RT [29:2]
|       |--RT_TAG_START -> RT_TAG_START [29:2]
|       |   |--START -> < [29:2]
|       |   |--RT_HTML_TAG_NAME -> rt [29:3]
|       |   `--END -> > [29:5]
|       |--TEXT ->   [29:6]
|       |--HTML_TAG_START -> HTML_TAG_START [29:7]
|       |   |--START -> < [29:7]
|       |   |--HTML_HTML_TAG_NAME -> html [29:8]
|       |   `--END -> > [29:12]
|       |--TEXT ->   [29:13]
|       `--RT_TAG_END -> RT_TAG_END [29:14]
|           |--START -> < [29:14]
|           |--SLASH -> / [29:15]
|           |--RT_HTML_TAG_NAME -> RT [29:16]
|           `--END -> > [29:18]
|--NEWLINE -> \n [29:19]
|--LEADING_ASTERISK -> * [30:0]
|--TEXT ->   [30:1]
|--HTML_ELEMENT -> HTML_ELEMENT [30:2]
|   `--RT_TAG_START -> RT_TAG_START [30:2]
|       |--START -> < [30:2]
|       |--RT_HTML_TAG_NAME -> rt [30:3]
|       `--END -> > [30:5]
|--TEXT ->   [30:6]
|--HTML_ELEMENT -> HTML_ELEMENT [30:7]
|   `--HTML_TAG_END -> HTML_TAG_END [30:7]
|       |--START -> < [30:7]
|       |--SLASH -> / [30:8]
|       |--HTML_HTML_TAG_NAME -> html [30:9]
|       `--END -> > [30:13]
|--TEXT ->   [30:14]
|--HTML_ELEMENT -> HTML_ELEMENT [30:15]
|   `--RT_TAG_END -> RT_TAG_END [30:15]
|       |--START -> < [30:15]
|       |--SLASH -> / [30:16]
|       |--RT_HTML_TAG_NAME -> RT [30:17]
|       `--END -> > [30:19]
|--NEWLINE -> \n [30:20]
|--LEADING_ASTERISK -> * [31:0]
|--TEXT ->   [31:1]
|--HTML_ELEMENT -> HTML_ELEMENT [31:2]
|   `--RT -> RT [31:2]
|       |--RT_TAG_START -> RT_TAG_START [31:2]
|       |   |--START -> < [31:2]
|       |   |--RT_HTML_TAG_NAME -> rt [31:3]
|       |   `--END -> > [31:5]
|       |--TEXT ->   [31:6]
|       |--OPTION -> OPTION [31:7]
|       |   |--OPTION_TAG_START -> OPTION_TAG_START [31:7]
|       |   |   |--START -> < [31:7]
|       |   |   |--OPTION_HTML_TAG_NAME -> option [31:8]
|       |   |   `--END -> > [31:14]
|       |   |--TEXT ->   [31:15]
|       |   `--OPTION_TAG_END -> OPTION_TAG_END [31:16]
|       |       |--START -> < [31:16]
|       |       |--SLASH -> / [31:17]
|       |       |--OPTION_HTML_TAG_NAME -> option [31:18]
|       |       `--END -> > [31:24]
|       |--TEXT ->   [31:25]
|       `--RT_TAG_END -> RT_TAG_END [31:26]
|           |--START -> < [31:26]
|           |--SLASH -> / [31:27]
|           |--RT_HTML_TAG_NAME -> RT [31:28]
|           `--END -> > [31:30]
|--NEWLINE -> \n [31:31]
|--LEADING_ASTERISK -> * [32:0]
|--TEXT ->   [32:1]
|--HTML_ELEMENT -> HTML_ELEMENT [32:2]
|   `--RT -> RT [32:2]
|       |--RT_TAG_START -> RT_TAG_START [32:2]
|       |   |--START -> < [32:2]
|       |   |--RT_HTML_TAG_NAME -> rt [32:3]
|       |   `--END -> > [32:5]
|       |--TEXT ->   [32:6]
|       |--OPTION_TAG_START -> OPTION_TAG_START [32:7]
|       |   |--START -> < [32:7]
|       |   |--OPTION_HTML_TAG_NAME -> option [32:8]
|       |   `--END -> > [32:14]
|       |--TEXT ->   [32:15]
|       `--RT_TAG_END -> RT_TAG_END [32:16]
|           |--START -> < [32:16]
|           |--SLASH -> / [32:17]
|           |--RT_HTML_TAG_NAME -> RT [32:18]
|           `--END -> > [32:20]
|--NEWLINE -> \n [32:21]
|--LEADING_ASTERISK -> * [33:0]
|--TEXT ->   [33:1]
|--HTML_ELEMENT -> HTML_ELEMENT [33:2]
|   `--RT_TAG_START -> RT_TAG_START [33:2]
|       |--START -> < [33:2]
|       |--RT_HTML_TAG_NAME -> rt [33:3]
|       `--END -> > [33:5]
|--TEXT ->   [33:6]
|--HTML_ELEMENT -> HTML_ELEMENT [33:7]
|   `--OPTION_TAG_END -> OPTION_TAG_END [33:7]
|       |--START -> < [33:7]
|       |--SLASH -> / [33:8]
|       |--OPTION_HTML_TAG_NAME -> option [33:9]
|       `--END -> > [33:15]
|--TEXT ->   [33:16]
|--HTML_ELEMENT -> HTML_ELEMENT [33:17]
|   `--RT_TAG_END -> RT_TAG_END [33:17]
|       |--START -> < [33:17]
|       |--SLASH -> / [33:18]
|       |--RT_HTML_TAG_NAME -> RT [33:19]
|       `--END -> > [33:21]
|--NEWLINE -> \n [33:22]
|--LEADING_ASTERISK -> * [34:0]
|--TEXT ->   [34:1]
|--HTML_ELEMENT -> HTML_ELEMENT [34:2]
|   `--RT -> RT [34:2]
|       |--RT_TAG_START -> RT_TAG_START [34:2]
|       |   |--START -> < [34:2]
|       |   |--RT_HTML_TAG_NAME -> rt [34:3]
|       |   `--END -> > [34:5]
|       |--TEXT ->   [34:6]
|       |--TBODY -> TBODY [34:7]
|       |   |--TBODY_TAG_START -> TBODY_TAG_START [34:7]
|       |   |   |--START -> < [34:7]
|       |   |   |--TBODY_HTML_TAG_NAME -> tbody [34:8]
|       |   |   `--END -> > [34:13]
|       |   |--TEXT ->   [34:14]
|       |   `--TBODY_TAG_END -> TBODY_TAG_END [34:15]
|       |       |--START -> < [34:15]
|       |       |--SLASH -> / [34:16]
|       |       |--TBODY_HTML_TAG_NAME -> tbody [34:17]
|       |       `--END -> > [34:22]
|       |--TEXT ->   [34:23]
|       `--RT_TAG_END -> RT_TAG_END [34:24]
|           |--START -> < [34:24]
|           |--SLASH -> / [34:25]
|           |--RT_HTML_TAG_NAME -> rT [34:26]
|           `--END -> > [34:28]
|--NEWLINE -> \n [34:29]
|--LEADING_ASTERISK -> * [35:0]
|--TEXT ->   [35:1]
|--HTML_ELEMENT -> HTML_ELEMENT [35:2]
|   `--RT -> RT [35:2]
|       |--RT_TAG_START -> RT_TAG_START [35:2]
|       |   |--START -> < [35:2]
|       |   |--RT_HTML_TAG_NAME -> rt [35:3]
|       |   `--END -> > [35:5]
|       |--TEXT ->   [35:6]
|       |--TBODY_TAG_START -> TBODY_TAG_START [35:7]
|       |   |--START -> < [35:7]
|       |   |--TBODY_HTML_TAG_NAME -> tbody [35:8]
|       |   `--END -> > [35:13]
|       |--TEXT ->   [35:14]
|       `--RT_TAG_END -> RT_TAG_END [35:15]
|           |--START -> < [35:15]
|           |--SLASH -> / [35:16]
|           |--RT_HTML_TAG_NAME -> RT [35:17]
|           `--END -> > [35:19]
|--NEWLINE -> \n [35:20]
|--LEADING_ASTERISK -> * [36:0]
|--TEXT ->   [36:1]
|--HTML_ELEMENT -> HTML_ELEMENT [36:2]
|   `--RT_TAG_START -> RT_TAG_START [36:2]
|       |--START -> < [36:2]
|       |--RT_HTML_TAG_NAME -> rt [36:3]
|       `--END -> > [36:5]
|--TEXT ->   [36:6]
|--HTML_ELEMENT -> HTML_ELEMENT [36:7]
|   `--TBODY_TAG_END -> TBODY_TAG_END [36:7]
|       |--START -> < [36:7]
|       |--SLASH -> / [36:8]
|       |--TBODY_HTML_TAG_NAME -> tbody [36:9]
|       `--END -> > [36:14]
|--TEXT ->   [36:15]
|--HTML_ELEMENT -> HTML_ELEMENT [36:16]
|   `--RT_TAG_END -> RT_TAG_END [36:16]
|       |--START -> < [36:16]
|       |--SLASH -> / [36:17]
|       |--RT_HTML_TAG_NAME -> RT [36:18]
|       `--END -> > [36:20]
|--NEWLINE -> \n [36:21]
|--LEADING_ASTERISK -> * [37:0]
|--TEXT ->   [37:1]
|--HTML_ELEMENT -> HTML_ELEMENT [37:2]
|   `--RT -> RT [37:2]
|       |--RT_TAG_START -> RT_TAG_START [37:2]
|       |   |--START -> < [37:2]
|       |   |--RT_HTML_TAG_NAME -> rt [37:3]
|       |   `--END -> > [37:5]
|       |--TEXT ->   [37:6]
|       |--TFOOT -> TFOOT [37:7]
|       |   |--TFOOT_TAG_START -> TFOOT_TAG_START [37:7]
|       |   |   |--START -> < [37:7]
|       |   |   |--TFOOT_HTML_TAG_NAME -> tfoot [37:8]
|       |   |   `--END -> > [37:13]
|       |   |--TEXT ->   [37:14]
|       |   `--TFOOT_TAG_END -> TFOOT_TAG_END [37:15]
|       |       |--START -> < [37:15]
|       |       |--SLASH -> / [37:16]
|       |       |--TFOOT_HTML_TAG_NAME -> tfoot [37:17]
|       |       `--END -> > [37:22]
|       |--TEXT ->   [37:23]
|       `--RT_TAG_END -> RT_TAG_END [37:24]
|           |--START -> < [37:24]
|           |--SLASH -> / [37:25]
|           |--RT_HTML_TAG_NAME -> RT [37:26]
|           `--END -> > [37:28]
|--NEWLINE -> \n [37:29]
|--LEADING_ASTERISK -> * [38:0]
|--TEXT ->   [38:1]
|--HTML_ELEMENT -> HTML_ELEMENT [38:2]
|   `--RT -> RT [38:2]
|       |--RT_TAG_START -> RT_TAG_START [38:2]
|       |   |--START -> < [38:2]
|       |   |--RT_HTML_TAG_NAME -> rt [38:3]
|       |   `--END -> > [38:5]
|       |--TEXT ->   [38:6]
|       |--TFOOT_TAG_START -> TFOOT_TAG_START [38:7]
|       |   |--START -> < [38:7]
|       |   |--TFOOT_HTML_TAG_NAME -> tfoot [38:8]
|       |   `--END -> > [38:13]
|       |--TEXT ->   [38:14]
|       `--RT_TAG_END -> RT_TAG_END [38:15]
|           |--START -> < [38:15]
|           |--SLASH -> / [38:16]
|           |--RT_HTML_TAG_NAME -> RT [38:17]
|           `--END -> > [38:19]
|--NEWLINE -> \n [38:20]
|--LEADING_ASTERISK -> * [39:0]
|--TEXT ->   [39:1]
|--HTML_ELEMENT -> HTML_ELEMENT [39:2]
|   `--RT_TAG_START -> RT_TAG_START [39:2]
|       |--START -> < [39:2]
|       |--RT_HTML_TAG_NAME -> rt [39:3]
|       `--END -> > [39:5]
|--TEXT ->   [39:6]
|--HTML_ELEMENT -> HTML_ELEMENT [39:7]
|   `--TFOOT_TAG_END -> TFOOT_TAG_END [39:7]
|       |--START -> < [39:7]
|       |--SLASH -> / [39:8]
|       |--TFOOT_HTML_TAG_NAME -> tfoot [39:9]
|       `--END -> > [39:14]
|--TEXT ->   [39:15]
|--HTML_ELEMENT -> HTML_ELEMENT [39:16]
|   `--RT_TAG_END -> RT_TAG_END [39:16]
|       |--START -> < [39:16]
|       |--SLASH -> / [39:17]
|       |--RT_HTML_TAG_NAME -> RT [39:18]
|       `--END -> > [39:20]
|--NEWLINE -> \n [39:21]
|--LEADING_ASTERISK -> * [40:0]
|--TEXT ->   [40:1]
|--HTML_ELEMENT -> HTML_ELEMENT [40:2]
|   `--RT -> RT [40:2]
|       |--RT_TAG_START -> RT_TAG_START [40:2]
|       |   |--START -> < [40:2]
|       |   |--RT_HTML_TAG_NAME -> rt [40:3]
|       |   |--WS ->   [40:5]
|       |   |--ATTRIBUTE -> ATTRIBUTE [40:6]
|       |   |   |--HTML_TAG_NAME -> style [40:6]
|       |   |   |--EQUALS -> = [40:11]
|       |   |   `--ATTR_VALUE -> "color:red" [40:12]
|       |   |--WS ->   [40:24]
|       |   |--NEWLINE -> \n [40:25]
|       |   |--LEADING_ASTERISK -> * [41:0]
|       |   |--NEWLINE -> \n [41:1]
|       |   |--LEADING_ASTERISK -> * [42:0]
|       |   |--WS ->   [42:1]
|       |   `--END -> > [42:2]
|       |--TEXT ->   [42:3]
|       |--HTML_COMMENT -> HTML_COMMENT [42:4]
|       |   |--HTML_COMMENT_START -> <!-- [42:4]
|       |   |--TEXT -> HTML COMMENT [42:8]
|       |   `--HTML_COMMENT_END -> --> [42:20]
|       |--TEXT ->    [42:23]
|       `--RT_TAG_END -> RT_TAG_END [42:25]
|           |--START -> < [42:25]
|           |--SLASH -> / [42:26]
|           |--RT_HTML_TAG_NAME -> Rt [42:27]
|           |--NEWLINE -> \n [42:29]
|           |--LEADING_ASTERISK -> * [43:0]
|           |--NEWLINE -> \n [43:1]
|           |--LEADING_ASTERISK -> * [44:0]
|           |--WS ->   [44:1]
|           `--END -> > [44:2]
|--NEWLINE -> \n [44:3]
`--EOF -> <EOF> [45:0]]
> but was:<...DOC -> JAVADOC [0:0][
|--LEADING_ASTERISK -> * [0:0]
|--TEXT ->   [0:1]
|--HTML_ELEMENT -> HTML_ELEMENT [0:2]
|   `--RT -> RT [0:2]
|       |--RT_TAG_START -> RT_TAG_START [0:2]
|       |   |--START -> < [0:2]
|       |   |--RT_HTML_TAG_NAME -> rt [0:3]
|       |   `--END -> > [0:5]
|       |--TEXT ->   [0:6]
|       `--RT_TAG_END -> RT_TAG_END [0:7]
|           |--START -> < [0:7]
|           |--SLASH -> / [0:8]
|           |--RT_HTML_TAG_NAME -> RT [0:9]
|           `--END -> > [0:11]
|--NEWLINE -> \n [0:12]
|--LEADING_ASTERISK -> * [1:0]
|--TEXT ->   [1:1]
|--HTML_ELEMENT -> HTML_ELEMENT [1:2]
|   `--RT -> RT [1:2]
|       |--RT_TAG_START -> RT_TAG_START [1:2]
|       |   |--START -> < [1:2]
|       |   |--RT_HTML_TAG_NAME -> rt [1:3]
|       |   `--END -> > [1:5]
|       |--TEXT ->   [1:6]
|       |--LI -> LI [1:7]
|       |   |--LI_TAG_START -> LI_TAG_START [1:7]
|       |   |   |--START -> < [1:7]
|       |   |   |--LI_HTML_TAG_NAME -> li [1:8]
|       |   |   `--END -> > [1:10]
|       |   |--TEXT ->   [1:11]
|       |   `--LI_TAG_END -> LI_TAG_END [1:12]
|       |       |--START -> < [1:12]
|       |       |--SLASH -> / [1:13]
|       |       |--LI_HTML_TAG_NAME -> li [1:14]
|       |       `--END -> > [1:16]
|       |--TEXT ->   [1:17]
|       `--RT_TAG_END -> RT_TAG_END [1:18]
|           |--START -> < [1:18]
|           |--SLASH -> / [1:19]
|           |--RT_HTML_TAG_NAME -> RT [1:20]
|           `--END -> > [1:22]
|--NEWLINE -> \n [1:23]
|--LEADING_ASTERISK -> * [2:0]
|--TEXT ->   [2:1]
|--HTML_ELEMENT -> HTML_ELEMENT [2:2]
|   `--RT -> RT [2:2]
|       |--RT_TAG_START -> RT_TAG_START [2:2]
|       |   |--START -> < [2:2]
|       |   |--RT_HTML_TAG_NAME -> rt [2:3]
|       |   `--END -> > [2:5]
|       |--TEXT ->   [2:6]
|       |--LI_TAG_START -> LI_TAG_START [2:7]
|       |   |--START -> < [2:7]
|       |   |--LI_HTML_TAG_NAME -> li [2:8]
|       |   `--END -> > [2:10]
|       |--TEXT ->   [2:11]
|       `--RT_TAG_END -> RT_TAG_END [2:12]
|           |--START -> < [2:12]
|           |--SLASH -> / [2:13]
|           |--RT_HTML_TAG_NAME -> RT [2:14]
|           `--END -> > [2:16]
|--NEWLINE -> \n [2:17]
|--LEADING_ASTERISK -> * [3:0]
|--TEXT ->   [3:1]
|--HTML_ELEMENT -> HTML_ELEMENT [3:2]
|   `--RT_TAG_START -> RT_TAG_START [3:2]
|       |--START -> < [3:2]
|       |--RT_HTML_TAG_NAME -> rt [3:3]
|       `--END -> > [3:5]
|--TEXT ->   [3:6]
|--HTML_ELEMENT -> HTML_ELEMENT [3:7]
|   `--LI_TAG_END -> LI_TAG_END [3:7]
|       |--START -> < [3:7]
|       |--SLASH -> / [3:8]
|       |--LI_HTML_TAG_NAME -> li [3:9]
|       `--END -> > [3:11]
|--TEXT ->   [3:12]
|--HTML_ELEMENT -> HTML_ELEMENT [3:13]
|   `--RT_TAG_END -> RT_TAG_END [3:13]
|       |--START -> < [3:13]
|       |--SLASH -> / [3:14]
|       |--RT_HTML_TAG_NAME -> RT [3:15]
|       `--END -> > [3:17]
|--NEWLINE -> \n [3:18]
|--LEADING_ASTERISK -> * [4:0]
|--TEXT ->   [4:1]
|--HTML_ELEMENT -> HTML_ELEMENT [4:2]
|   `--RT -> RT [4:2]
|       |--RT_TAG_START -> RT_TAG_START [4:2]
|       |   |--START -> < [4:2]
|       |   |--RT_HTML_TAG_NAME -> rt [4:3]
|       |   `--END -> > [4:5]
|       |--TEXT ->   [4:6]
|       |--TR -> TR [4:7]
|       |   |--TR_TAG_START -> TR_TAG_START [4:7]
|       |   |   |--START -> < [4:7]
|       |   |   |--TR_HTML_TAG_NAME -> tr [4:8]
|       |   |   `--END -> > [4:10]
|       |   |--TEXT ->   [4:11]
|       |   `--TR_TAG_END -> TR_TAG_END [4:12]
|       |       |--START -> < [4:12]
|       |       |--SLASH -> / [4:13]
|       |       |--TR_HTML_TAG_NAME -> tr [4:14]
|       |       `--END -> > [4:16]
|       |--TEXT ->   [4:17]
|       `--RT_TAG_END -> RT_TAG_END [4:18]
|           |--START -> < [4:18]
|           |--SLASH -> / [4:19]
|           |--RT_HTML_TAG_NAME -> RT [4:20]
|           `--END -> > [4:22]
|--NEWLINE -> \n [4:23]
|--LEADING_ASTERISK -> * [5:0]
|--TEXT ->   [5:1]
|--HTML_ELEMENT -> HTML_ELEMENT [5:2]
|   `--RT -> RT [5:2]
|       |--RT_TAG_START -> RT_TAG_START [5:2]
|       |   |--START -> < [5:2]
|       |   |--RT_HTML_TAG_NAME -> rt [5:3]
|       |   `--END -> > [5:5]
|       |--TEXT ->   [5:6]
|       |--TR_TAG_START -> TR_TAG_START [5:7]
|       |   |--START -> < [5:7]
|       |   |--TR_HTML_TAG_NAME -> tr [5:8]
|       |   `--END -> > [5:10]
|       |--TEXT ->   [5:11]
|       `--RT_TAG_END -> RT_TAG_END [5:12]
|           |--START -> < [5:12]
|           |--SLASH -> / [5:13]
|           |--RT_HTML_TAG_NAME -> RT [5:14]
|           `--END -> > [5:16]
|--NEWLINE -> \n [5:17]
|--LEADING_ASTERISK -> * [6:0]
|--TEXT ->   [6:1]
|--HTML_ELEMENT -> HTML_ELEMENT [6:2]
|   `--RT_TAG_START -> RT_TAG_START [6:2]
|       |--START -> < [6:2]
|       |--RT_HTML_TAG_NAME -> rt [6:3]
|       `--END -> > [6:5]
|--TEXT ->   [6:6]
|--HTML_ELEMENT -> HTML_ELEMENT [6:7]
|   `--TR_TAG_END -> TR_TAG_END [6:7]
|       |--START -> < [6:7]
|       |--SLASH -> / [6:8]
|       |--TR_HTML_TAG_NAME -> tr [6:9]
|       `--END -> > [6:11]
|--TEXT ->   [6:12]
|--HTML_ELEMENT -> HTML_ELEMENT [6:13]
|   `--RT_TAG_END -> RT_TAG_END [6:13]
|       |--START -> < [6:13]
|       |--SLASH -> / [6:14]
|       |--RT_HTML_TAG_NAME -> RT [6:15]
|       `--END -> > [6:17]
|--NEWLINE -> \n [6:18]
|--LEADING_ASTERISK -> * [7:0]
|--TEXT ->   [7:1]
|--HTML_ELEMENT -> HTML_ELEMENT [7:2]
|   `--RT -> RT [7:2]
|       |--RT_TAG_START -> RT_TAG_START [7:2]
|       |   |--START -> < [7:2]
|       |   |--RT_HTML_TAG_NAME -> rt [7:3]
|       |   `--END -> > [7:5]
|       |--TEXT ->   [7:6]
|       |--TD -> TD [7:7]
|       |   |--TD_TAG_START -> TD_TAG_START [7:7]
|       |   |   |--START -> < [7:7]
|       |   |   |--TD_HTML_TAG_NAME -> td [7:8]
|       |   |   `--END -> > [7:10]
|       |   |--TEXT ->   [7:11]
|       |   `--TD_TAG_END -> TD_TAG_END [7:12]
|       |       |--START -> < [7:12]
|       |       |--SLASH -> / [7:13]
|       |       |--TD_HTML_TAG_NAME -> td [7:14]
|       |       `--END -> > [7:16]
|       |--TEXT ->   [7:17]
|       `--RT_TAG_END -> RT_TAG_END [7:18]
|           |--START -> < [7:18]
|           |--SLASH -> / [7:19]
|           |--RT_HTML_TAG_NAME -> RT [7:20]
|           `--END -> > [7:22]
|--NEWLINE -> \n [7:23]
|--LEADING_ASTERISK -> * [8:0]
|--TEXT ->   [8:1]
|--HTML_ELEMENT -> HTML_ELEMENT [8:2]
|   `--RT -> RT [8:2]
|       |--RT_TAG_START -> RT_TAG_START [8:2]
|       |   |--START -> < [8:2]
|       |   |--RT_HTML_TAG_NAME -> rt [8:3]
|       |   `--END -> > [8:5]
|       |--TEXT ->   [8:6]
|       |--TD_TAG_START -> TD_TAG_START [8:7]
|       |   |--START -> < [8:7]
|       |   |--TD_HTML_TAG_NAME -> td [8:8]
|       |   `--END -> > [8:10]
|       |--TEXT ->   [8:11]
|       `--RT_TAG_END -> RT_TAG_END [8:12]
|           |--START -> < [8:12]
|           |--SLASH -> / [8:13]
|           |--RT_HTML_TAG_NAME -> RT [8:14]
|           `--END -> > [8:16]
|--NEWLINE -> \n [8:17]
|--LEADING_ASTERISK -> * [9:0]
|--TEXT ->   [9:1]
|--HTML_ELEMENT -> HTML_ELEMENT [9:2]
|   `--RT_TAG_START -> RT_TAG_START [9:2]
|       |--START -> < [9:2]
|       |--RT_HTML_TAG_NAME -> rt [9:3]
|       `--END -> > [9:5]
|--TEXT ->   [9:6]
|--HTML_ELEMENT -> HTML_ELEMENT [9:7]
|   `--TD_TAG_END -> TD_TAG_END [9:7]
|       |--START -> < [9:7]
|       |--SLASH -> / [9:8]
|       |--TD_HTML_TAG_NAME -> td [9:9]
|       `--END -> > [9:11]
|--TEXT ->   [9:12]
|--HTML_ELEMENT -> HTML_ELEMENT [9:13]
|   `--RT_TAG_END -> RT_TAG_END [9:13]
|       |--START -> < [9:13]
|       |--SLASH -> / [9:14]
|       |--RT_HTML_TAG_NAME -> RT [9:15]
|       `--END -> > [9:17]
|--NEWLINE -> \n [9:18]
|--LEADING_ASTERISK -> * [10:0]
|--TEXT ->   [10:1]
|--HTML_ELEMENT -> HTML_ELEMENT [10:2]
|   `--RT -> RT [10:2]
|       |--RT_TAG_START -> RT_TAG_START [10:2]
|       |   |--START -> < [10:2]
|       |   |--RT_HTML_TAG_NAME -> rt [10:3]
|       |   `--END -> > [10:5]
|       |--TEXT ->   [10:6]
|       |--TH -> TH [10:7]
|       |   |--TH_TAG_START -> TH_TAG_START [10:7]
|       |   |   |--START -> < [10:7]
|       |   |   |--TH_HTML_TAG_NAME -> th [10:8]
|       |   |   `--END -> > [10:10]
|       |   |--TEXT ->   [10:11]
|       |   `--TH_TAG_END -> TH_TAG_END [10:12]
|       |       |--START -> < [10:12]
|       |       |--SLASH -> / [10:13]
|       |       |--TH_HTML_TAG_NAME -> th [10:14]
|       |       `--END -> > [10:16]
|       |--TEXT ->   [10:17]
|       `--RT_TAG_END -> RT_TAG_END [10:18]
|           |--START -> < [10:18]
|           |--SLASH -> / [10:19]
|           |--RT_HTML_TAG_NAME -> RT [10:20]
|           `--END -> > [10:22]
|--NEWLINE -> \n [10:23]
|--LEADING_ASTERISK -> * [11:0]
|--TEXT ->   [11:1]
|--HTML_ELEMENT -> HTML_ELEMENT [11:2]
|   `--RT -> RT [11:2]
|       |--RT_TAG_START -> RT_TAG_START [11:2]
|       |   |--START -> < [11:2]
|       |   |--RT_HTML_TAG_NAME -> rt [11:3]
|       |   `--END -> > [11:5]
|       |--TEXT ->   [11:6]
|       |--TH_TAG_START -> TH_TAG_START [11:7]
|       |   |--START -> < [11:7]
|       |   |--TH_HTML_TAG_NAME -> th [11:8]
|       |   `--END -> > [11:10]
|       |--TEXT ->   [11:11]
|       `--RT_TAG_END -> RT_TAG_END [11:12]
|           |--START -> < [11:12]
|           |--SLASH -> / [11:13]
|           |--RT_HTML_TAG_NAME -> RT [11:14]
|           `--END -> > [11:16]
|--NEWLINE -> \n [11:17]
|--LEADING_ASTERISK -> * [12:0]
|--TEXT ->   [12:1]
|--HTML_ELEMENT -> HTML_ELEMENT [12:2]
|   `--RT_TAG_START -> RT_TAG_START [12:2]
|       |--START -> < [12:2]
|       |--RT_HTML_TAG_NAME -> rt [12:3]
|       `--END -> > [12:5]
|--TEXT ->   [12:6]
|--HTML_ELEMENT -> HTML_ELEMENT [12:7]
|   `--TH_TAG_END -> TH_TAG_END [12:7]
|       |--START -> < [12:7]
|       |--SLASH -> / [12:8]
|       |--TH_HTML_TAG_NAME -> th [12:9]
|       `--END -> > [12:11]
|--TEXT ->   [12:12]
|--HTML_ELEMENT -> HTML_ELEMENT [12:13]
|   `--RT_TAG_END -> RT_TAG_END [12:13]
|       |--START -> < [12:13]
|       |--SLASH -> / [12:14]
|       |--RT_HTML_TAG_NAME -> RT [12:15]
|       `--END -> > [12:17]
|--NEWLINE -> \n [12:18]
|--LEADING_ASTERISK -> * [13:0]
|--TEXT ->   [13:1]
|--HTML_ELEMENT -> HTML_ELEMENT [13:2]
|   `--RT -> RT [13:2]
|       |--RT_TAG_START -> RT_TAG_START [13:2]
|       |   |--START -> < [13:2]
|       |   |--RT_HTML_TAG_NAME -> rt [13:3]
|       |   `--END -> > [13:5]
|       |--TEXT ->   [13:6]
|       |--BODY -> BODY [13:7]
|       |   |--BODY_TAG_START -> BODY_TAG_START [13:7]
|       |   |   |--START -> < [13:7]
|       |   |   |--BODY_HTML_TAG_NAME -> body [13:8]
|       |   |   `--END -> > [13:12]
|       |   |--TEXT ->   [13:13]
|       |   `--BODY_TAG_END -> BODY_TAG_END [13:14]
|       |       |--START -> < [13:14]
|       |       |--SLASH -> / [13:15]
|       |       |--BODY_HTML_TAG_NAME -> body [13:16]
|       |       `--END -> > [13:20]
|       |--TEXT ->   [13:21]
|       `--RT_TAG_END -> RT_TAG_END [13:22]
|           |--START -> < [13:22]
|           |--SLASH -> / [13:23]
|           |--RT_HTML_TAG_NAME -> RT [13:24]
|           `--END -> > [13:26]
|--NEWLINE -> \n [13:27]
|--LEADING_ASTERISK -> * [14:0]
|--TEXT ->   [14:1]
|--HTML_ELEMENT -> HTML_ELEMENT [14:2]
|   `--RT -> RT [14:2]
|       |--RT_TAG_START -> RT_TAG_START [14:2]
|       |   |--START -> < [14:2]
|       |   |--RT_HTML_TAG_NAME -> rt [14:3]
|       |   `--END -> > [14:5]
|       |--TEXT ->   [14:6]
|       |--BODY_TAG_START -> BODY_TAG_START [14:7]
|       |   |--START -> < [14:7]
|       |   |--BODY_HTML_TAG_NAME -> body [14:8]
|       |   `--END -> > [14:12]
|       |--TEXT ->   [14:13]
|       `--RT_TAG_END -> RT_TAG_END [14:14]
|           |--START -> < [14:14]
|           |--SLASH -> / [14:15]
|           |--RT_HTML_TAG_NAME -> RT [14:16]
|           `--END -> > [14:18]
|--NEWLINE -> \n [14:19]
|--LEADING_ASTERISK -> * [15:0]
|--TEXT ->   [15:1]
|--HTML_ELEMENT -> HTML_ELEMENT [15:2]
|   `--RT_TAG_START -> RT_TAG_START [15:2]
|       |--START -> < [15:2]
|       |--RT_HTML_TAG_NAME -> rt [15:3]
|       `--END -> > [15:5]
|--TEXT ->   [15:6]
|--HTML_ELEMENT -> HTML_ELEMENT [15:7]
|   `--BODY_TAG_END -> BODY_TAG_END [15:7]
|       |--START -> < [15:7]
|       |--SLASH -> / [15:8]
|       |--BODY_HTML_TAG_NAME -> body [15:9]
|       `--END -> > [15:13]
|--TEXT ->   [15:14]
|--HTML_ELEMENT -> HTML_ELEMENT [15:15]
|   `--RT_TAG_END -> RT_TAG_END [15:15]
|       |--START -> < [15:15]
|       |--SLASH -> / [15:16]
|       |--RT_HTML_TAG_NAME -> RT [15:17]
|       `--END -> > [15:19]
|--NEWLINE -> \n [15:20]
|--LEADING_ASTERISK -> * [16:0]
|--TEXT ->   [16:1]
|--HTML_ELEMENT -> HTML_ELEMENT [16:2]
|   `--RT -> RT [16:2]
|       |--RT_TAG_START -> RT_TAG_START [16:2]
|       |   |--START -> < [16:2]
|       |   |--RT_HTML_TAG_NAME -> rt [16:3]
|       |   `--END -> > [16:5]
|       |--TEXT ->   [16:6]
|       |--COLGROUP -> COLGROUP [16:7]
|       |   |--COLGROUP_TAG_START -> COLGROUP_TAG_START [16:7]
|       |   |   |--START -> < [16:7]
|       |   |   |--COLGROUP_HTML_TAG_NAME -> colgroup [16:8]
|       |   |   `--END -> > [16:16]
|       |   |--TEXT ->   [16:17]
|       |   `--COLGROUP_TAG_END -> COLGROUP_TAG_END [16:18]
|       |       |--START -> < [16:18]
|       |       |--SLASH -> / [16:19]
|       |       |--COLGROUP_HTML_TAG_NAME -> colgroup [16:20]
|       |       `--END -> > [16:28]
|       |--TEXT ->   [16:29]
|       `--RT_TAG_END -> RT_TAG_END [16:30]
|           |--START -> < [16:30]
|           |--SLASH -> / [16:31]
|           |--RT_HTML_TAG_NAME -> RT [16:32]
|           `--END -> > [16:34]
|--NEWLINE -> \n [16:35]
|--LEADING_ASTERISK -> * [17:0]
|--TEXT ->   [17:1]
|--HTML_ELEMENT -> HTML_ELEMENT [17:2]
|   `--RT -> RT [17:2]
|       |--RT_TAG_START -> RT_TAG_START [17:2]
|       |   |--START -> < [17:2]
|       |   |--RT_HTML_TAG_NAME -> rt [17:3]
|       |   `--END -> > [17:5]
|       |--TEXT ->   [17:6]
|       |--COLGROUP_TAG_START -> COLGROUP_TAG_START [17:7]
|       |   |--START -> < [17:7]
|       |   |--COLGROUP_HTML_TAG_NAME -> colgroup [17:8]
|       |   `--END -> > [17:16]
|       |--TEXT ->   [17:17]
|       `--RT_TAG_END -> RT_TAG_END [17:18]
|           |--START -> < [17:18]
|           |--SLASH -> / [17:19]
|           |--RT_HTML_TAG_NAME -> RT [17:20]
|           `--END -> > [17:22]
|--NEWLINE -> \n [17:23]
|--LEADING_ASTERISK -> * [18:0]
|--TEXT ->   [18:1]
|--HTML_ELEMENT -> HTML_ELEMENT [18:2]
|   `--RT_TAG_START -> RT_TAG_START [18:2]
|       |--START -> < [18:2]
|       |--RT_HTML_TAG_NAME -> rt [18:3]
|       `--END -> > [18:5]
|--TEXT ->   [18:6]
|--HTML_ELEMENT -> HTML_ELEMENT [18:7]
|   `--COLGROUP_TAG_END -> COLGROUP_TAG_END [18:7]
|       |--START -> < [18:7]
|       |--SLASH -> / [18:8]
|       |--COLGROUP_HTML_TAG_NAME -> colgroup [18:9]
|       `--END -> > [18:17]
|--TEXT ->   [18:18]
|--HTML_ELEMENT -> HTML_ELEMENT [18:19]
|   `--RT_TAG_END -> RT_TAG_END [18:19]
|       |--START -> < [18:19]
|       |--SLASH -> / [18:20]
|       |--RT_HTML_TAG_NAME -> RT [18:21]
|       `--END -> > [18:23]
|--NEWLINE -> \n [18:24]
|--LEADING_ASTERISK -> * [19:0]
|--TEXT ->   [19:1]
|--HTML_ELEMENT -> HTML_ELEMENT [19:2]
|   `--RT -> RT [19:2]
|       |--RT_TAG_START -> RT_TAG_START [19:2]
|       |   |--START -> < [19:2]
|       |   |--RT_HTML_TAG_NAME -> rt [19:3]
|       |   `--END -> > [19:5]
|       |--TEXT ->   [19:6]
|       |--DD -> DD [19:7]
|       |   |--DD_TAG_START -> DD_TAG_START [19:7]
|       |   |   |--START -> < [19:7]
|       |   |   |--DD_HTML_TAG_NAME -> dd [19:8]
|       |   |   `--END -> > [19:10]
|       |   |--TEXT ->   [19:11]
|       |   `--DD_TAG_END -> DD_TAG_END [19:12]
|       |       |--START -> < [19:12]
|       |       |--SLASH -> / [19:13]
|       |       |--DD_HTML_TAG_NAME -> dd [19:14]
|       |       `--END -> > [19:16]
|       |--TEXT ->   [19:17]
|       `--RT_TAG_END -> RT_TAG_END [19:18]
|           |--START -> < [19:18]
|           |--SLASH -> / [19:19]
|           |--RT_HTML_TAG_NAME -> RT [19:20]
|           `--END -> > [19:22]
|--NEWLINE -> \n [19:23]
|--LEADING_ASTERISK -> * [20:0]
|--TEXT ->   [20:1]
|--HTML_ELEMENT -> HTML_ELEMENT [20:2]
|   `--RT -> RT [20:2]
|       |--RT_TAG_START -> RT_TAG_START [20:2]
|       |   |--START -> < [20:2]
|       |   |--RT_HTML_TAG_NAME -> rt [20:3]
|       |   `--END -> > [20:5]
|       |--TEXT ->   [20:6]
|       |--DD_TAG_START -> DD_TAG_START [20:7]
|       |   |--START -> < [20:7]
|       |   |--DD_HTML_TAG_NAME -> dd [20:8]
|       |   `--END -> > [20:10]
|       |--TEXT ->   [20:11]
|       `--RT_TAG_END -> RT_TAG_END [20:12]
|           |--START -> < [20:12]
|           |--SLASH -> / [20:13]
|           |--RT_HTML_TAG_NAME -> RT [20:14]
|           `--END -> > [20:16]
|--NEWLINE -> \n [20:17]
|--LEADING_ASTERISK -> * [21:0]
|--TEXT ->   [21:1]
|--HTML_ELEMENT -> HTML_ELEMENT [21:2]
|   `--RT_TAG_START -> RT_TAG_START [21:2]
|       |--START -> < [21:2]
|       |--RT_HTML_TAG_NAME -> rt [21:3]
|       `--END -> > [21:5]
|--TEXT ->   [21:6]
|--HTML_ELEMENT -> HTML_ELEMENT [21:7]
|   `--DD_TAG_END -> DD_TAG_END [21:7]
|       |--START -> < [21:7]
|       |--SLASH -> / [21:8]
|       |--DD_HTML_TAG_NAME -> dd [21:9]
|       `--END -> > [21:11]
|--TEXT ->   [21:12]
|--HTML_ELEMENT -> HTML_ELEMENT [21:13]
|   `--RT_TAG_END -> RT_TAG_END [21:13]
|       |--START -> < [21:13]
|       |--SLASH -> / [21:14]
|       |--RT_HTML_TAG_NAME -> RT [21:15]
|       `--END -> > [21:17]
|--NEWLINE -> \n [21:18]
|--LEADING_ASTERISK -> * [22:0]
|--TEXT ->   [22:1]
|--HTML_ELEMENT -> HTML_ELEMENT [22:2]
|   `--RT -> RT [22:2]
|       |--RT_TAG_START -> RT_TAG_START [22:2]
|       |   |--START -> < [22:2]
|       |   |--RT_HTML_TAG_NAME -> rt [22:3]
|       |   `--END -> > [22:5]
|       |--TEXT ->   [22:6]
|       |--DT -> DT [22:7]
|       |   |--DT_TAG_START -> DT_TAG_START [22:7]
|       |   |   |--START -> < [22:7]
|       |   |   |--DT_HTML_TAG_NAME -> dt [22:8]
|       |   |   `--END -> > [22:10]
|       |   |--TEXT ->   [22:11]
|       |   `--DT_TAG_END -> DT_TAG_END [22:12]
|       |       |--START -> < [22:12]
|       |       |--SLASH -> / [22:13]
|       |       |--DT_HTML_TAG_NAME -> dt [22:14]
|       |       `--END -> > [22:16]
|       |--TEXT ->   [22:17]
|       `--RT_TAG_END -> RT_TAG_END [22:18]
|           |--START -> < [22:18]
|           |--SLASH -> / [22:19]
|           |--RT_HTML_TAG_NAME -> RT [22:20]
|           `--END -> > [22:22]
|--NEWLINE -> \n [22:23]
|--LEADING_ASTERISK -> * [23:0]
|--TEXT ->   [23:1]
|--HTML_ELEMENT -> HTML_ELEMENT [23:2]
|   `--RT -> RT [23:2]
|       |--RT_TAG_START -> RT_TAG_START [23:2]
|       |   |--START -> < [23:2]
|       |   |--RT_HTML_TAG_NAME -> rt [23:3]
|       |   `--END -> > [23:5]
|       |--TEXT ->   [23:6]
|       |--DT_TAG_START -> DT_TAG_START [23:7]
|       |   |--START -> < [23:7]
|       |   |--DT_HTML_TAG_NAME -> dt [23:8]
|       |   `--END -> > [23:10]
|       |--TEXT ->   [23:11]
|       `--RT_TAG_END -> RT_TAG_END [23:12]
|           |--START -> < [23:12]
|           |--SLASH -> / [23:13]
|           |--RT_HTML_TAG_NAME -> RT [23:14]
|           `--END -> > [23:16]
|--NEWLINE -> \n [23:17]
|--LEADING_ASTERISK -> * [24:0]
|--TEXT ->   [24:1]
|--HTML_ELEMENT -> HTML_ELEMENT [24:2]
|   `--RT_TAG_START -> RT_TAG_START [24:2]
|       |--START -> < [24:2]
|       |--RT_HTML_TAG_NAME -> rt [24:3]
|       `--END -> > [24:5]
|--TEXT ->   [24:6]
|--HTML_ELEMENT -> HTML_ELEMENT [24:7]
|   `--DT_TAG_END -> DT_TAG_END [24:7]
|       |--START -> < [24:7]
|       |--SLASH -> / [24:8]
|       |--DT_HTML_TAG_NAME -> dt [24:9]
|       `--END -> > [24:11]
|--TEXT ->   [24:12]
|--HTML_ELEMENT -> HTML_ELEMENT [24:13]
|   `--RT_TAG_END -> RT_TAG_END [24:13]
|       |--START -> < [24:13]
|       |--SLASH -> / [24:14]
|       |--RT_HTML_TAG_NAME -> RT [24:15]
|       `--END -> > [24:17]
|--NEWLINE -> \n [24:18]
|--LEADING_ASTERISK -> * [25:0]
|--TEXT ->   [25:1]
|--HTML_ELEMENT -> HTML_ELEMENT [25:2]
|   `--RT -> RT [25:2]
|       |--RT_TAG_START -> RT_TAG_START [25:2]
|       |   |--START -> < [25:2]
|       |   |--RT_HTML_TAG_NAME -> rt [25:3]
|       |   `--END -> > [25:5]
|       |--TEXT ->   [25:6]
|       |--HEAD -> HEAD [25:7]
|       |   |--HEAD_TAG_START -> HEAD_TAG_START [25:7]
|       |   |   |--START -> < [25:7]
|       |   |   |--HEAD_HTML_TAG_NAME -> head [25:8]
|       |   |   `--END -> > [25:12]
|       |   |--TEXT ->   [25:13]
|       |   `--HEAD_TAG_END -> HEAD_TAG_END [25:14]
|       |       |--START -> < [25:14]
|       |       |--SLASH -> / [25:15]
|       |       |--HEAD_HTML_TAG_NAME -> head [25:16]
|       |       `--END -> > [25:20]
|       |--TEXT ->   [25:21]
|       `--RT_TAG_END -> RT_TAG_END [25:22]
|           |--START -> < [25:22]
|           |--SLASH -> / [25:23]
|           |--RT_HTML_TAG_NAME -> RT [25:24]
|           `--END -> > [25:26]
|--NEWLINE -> \n [25:27]
|--LEADING_ASTERISK -> * [26:0]
|--TEXT ->   [26:1]
|--HTML_ELEMENT -> HTML_ELEMENT [26:2]
|   `--RT -> RT [26:2]
|       |--RT_TAG_START -> RT_TAG_START [26:2]
|       |   |--START -> < [26:2]
|       |   |--RT_HTML_TAG_NAME -> rt [26:3]
|       |   `--END -> > [26:5]
|       |--TEXT ->   [26:6]
|       |--HEAD_TAG_START -> HEAD_TAG_START [26:7]
|       |   |--START -> < [26:7]
|       |   |--HEAD_HTML_TAG_NAME -> head [26:8]
|       |   `--END -> > [26:12]
|       |--TEXT ->   [26:13]
|       `--RT_TAG_END -> RT_TAG_END [26:14]
|           |--START -> < [26:14]
|           |--SLASH -> / [26:15]
|           |--RT_HTML_TAG_NAME -> RT [26:16]
|           `--END -> > [26:18]
|--NEWLINE -> \n [26:19]
|--LEADING_ASTERISK -> * [27:0]
|--TEXT ->   [27:1]
|--HTML_ELEMENT -> HTML_ELEMENT [27:2]
|   `--RT_TAG_START -> RT_TAG_START [27:2]
|       |--START -> < [27:2]
|       |--RT_HTML_TAG_NAME -> rt [27:3]
|       `--END -> > [27:5]
|--TEXT ->   [27:6]
|--HTML_ELEMENT -> HTML_ELEMENT [27:7]
|   `--HEAD_TAG_END -> HEAD_TAG_END [27:7]
|       |--START -> < [27:7]
|       |--SLASH -> / [27:8]
|       |--HEAD_HTML_TAG_NAME -> head [27:9]
|       `--END -> > [27:13]
|--TEXT ->   [27:14]
|--HTML_ELEMENT -> HTML_ELEMENT [27:15]
|   `--RT_TAG_END -> RT_TAG_END [27:15]
|       |--START -> < [27:15]
|       |--SLASH -> / [27:16]
|       |--RT_HTML_TAG_NAME -> RT [27:17]
|       `--END -> > [27:19]
|--NEWLINE -> \n [27:20]
|--LEADING_ASTERISK -> * [28:0]
|--TEXT ->   [28:1]
|--HTML_ELEMENT -> HTML_ELEMENT [28:2]
|   `--RT -> RT [28:2]
|       |--RT_TAG_START -> RT_TAG_START [28:2]
|       |   |--START -> < [28:2]
|       |   |--RT_HTML_TAG_NAME -> rt [28:3]
|       |   `--END -> > [28:5]
|       |--TEXT ->   [28:6]
|       |--HTML -> HTML [28:7]
|       |   |--HTML_TAG_START -> HTML_TAG_START [28:7]
|       |   |   |--START -> < [28:7]
|       |   |   |--HTML_HTML_TAG_NAME -> html [28:8]
|       |   |   `--END -> > [28:12]
|       |   |--TEXT ->   [28:13]
|       |   `--HTML_TAG_END -> HTML_TAG_END [28:14]
|       |       |--START -> < [28:14]
|       |       |--SLASH -> / [28:15]
|       |       |--HTML_HTML_TAG_NAME -> html [28:16]
|       |       `--END -> > [28:20]
|       |--TEXT ->   [28:21]
|       `--RT_TAG_END -> RT_TAG_END [28:22]
|           |--START -> < [28:22]
|           |--SLASH -> / [28:23]
|           |--RT_HTML_TAG_NAME -> RT [28:24]
|           `--END -> > [28:26]
|--NEWLINE -> \n [28:27]
|--LEADING_ASTERISK -> * [29:0]
|--TEXT ->   [29:1]
|--HTML_ELEMENT -> HTML_ELEMENT [29:2]
|   `--RT -> RT [29:2]
|       |--RT_TAG_START -> RT_TAG_START [29:2]
|       |   |--START -> < [29:2]
|       |   |--RT_HTML_TAG_NAME -> rt [29:3]
|       |   `--END -> > [29:5]
|       |--TEXT ->   [29:6]
|       |--HTML_TAG_START -> HTML_TAG_START [29:7]
|       |   |--START -> < [29:7]
|       |   |--HTML_HTML_TAG_NAME -> html [29:8]
|       |   `--END -> > [29:12]
|       |--TEXT ->   [29:13]
|       `--RT_TAG_END -> RT_TAG_END [29:14]
|           |--START -> < [29:14]
|           |--SLASH -> / [29:15]
|           |--RT_HTML_TAG_NAME -> RT [29:16]
|           `--END -> > [29:18]
|--NEWLINE -> \n [29:19]
|--LEADING_ASTERISK -> * [30:0]
|--TEXT ->   [30:1]
|--HTML_ELEMENT -> HTML_ELEMENT [30:2]
|   `--RT_TAG_START -> RT_TAG_START [30:2]
|       |--START -> < [30:2]
|       |--RT_HTML_TAG_NAME -> rt [30:3]
|       `--END -> > [30:5]
|--TEXT ->   [30:6]
|--HTML_ELEMENT -> HTML_ELEMENT [30:7]
|   `--HTML_TAG_END -> HTML_TAG_END [30:7]
|       |--START -> < [30:7]
|       |--SLASH -> / [30:8]
|       |--HTML_HTML_TAG_NAME -> html [30:9]
|       `--END -> > [30:13]
|--TEXT ->   [30:14]
|--HTML_ELEMENT -> HTML_ELEMENT [30:15]
|   `--RT_TAG_END -> RT_TAG_END [30:15]
|       |--START -> < [30:15]
|       |--SLASH -> / [30:16]
|       |--RT_HTML_TAG_NAME -> RT [30:17]
|       `--END -> > [30:19]
|--NEWLINE -> \n [30:20]
|--LEADING_ASTERISK -> * [31:0]
|--TEXT ->   [31:1]
|--HTML_ELEMENT -> HTML_ELEMENT [31:2]
|   `--RT -> RT [31:2]
|       |--RT_TAG_START -> RT_TAG_START [31:2]
|       |   |--START -> < [31:2]
|       |   |--RT_HTML_TAG_NAME -> rt [31:3]
|       |   `--END -> > [31:5]
|       |--TEXT ->   [31:6]
|       |--OPTION -> OPTION [31:7]
|       |   |--OPTION_TAG_START -> OPTION_TAG_START [31:7]
|       |   |   |--START -> < [31:7]
|       |   |   |--OPTION_HTML_TAG_NAME -> option [31:8]
|       |   |   `--END -> > [31:14]
|       |   |--TEXT ->   [31:15]
|       |   `--OPTION_TAG_END -> OPTION_TAG_END [31:16]
|       |       |--START -> < [31:16]
|       |       |--SLASH -> / [31:17]
|       |       |--OPTION_HTML_TAG_NAME -> option [31:18]
|       |       `--END -> > [31:24]
|       |--TEXT ->   [31:25]
|       `--RT_TAG_END -> RT_TAG_END [31:26]
|           |--START -> < [31:26]
|           |--SLASH -> / [31:27]
|           |--RT_HTML_TAG_NAME -> RT [31:28]
|           `--END -> > [31:30]
|--NEWLINE -> \n [31:31]
|--LEADING_ASTERISK -> * [32:0]
|--TEXT ->   [32:1]
|--HTML_ELEMENT -> HTML_ELEMENT [32:2]
|   `--RT -> RT [32:2]
|       |--RT_TAG_START -> RT_TAG_START [32:2]
|       |   |--START -> < [32:2]
|       |   |--RT_HTML_TAG_NAME -> rt [32:3]
|       |   `--END -> > [32:5]
|       |--TEXT ->   [32:6]
|       |--OPTION_TAG_START -> OPTION_TAG_START [32:7]
|       |   |--START -> < [32:7]
|       |   |--OPTION_HTML_TAG_NAME -> option [32:8]
|       |   `--END -> > [32:14]
|       |--TEXT ->   [32:15]
|       `--RT_TAG_END -> RT_TAG_END [32:16]
|           |--START -> < [32:16]
|           |--SLASH -> / [32:17]
|           |--RT_HTML_TAG_NAME -> RT [32:18]
|           `--END -> > [32:20]
|--NEWLINE -> \n [32:21]
|--LEADING_ASTERISK -> * [33:0]
|--TEXT ->   [33:1]
|--HTML_ELEMENT -> HTML_ELEMENT [33:2]
|   `--RT_TAG_START -> RT_TAG_START [33:2]
|       |--START -> < [33:2]
|       |--RT_HTML_TAG_NAME -> rt [33:3]
|       `--END -> > [33:5]
|--TEXT ->   [33:6]
|--HTML_ELEMENT -> HTML_ELEMENT [33:7]
|   `--OPTION_TAG_END -> OPTION_TAG_END [33:7]
|       |--START -> < [33:7]
|       |--SLASH -> / [33:8]
|       |--OPTION_HTML_TAG_NAME -> option [33:9]
|       `--END -> > [33:15]
|--TEXT ->   [33:16]
|--HTML_ELEMENT -> HTML_ELEMENT [33:17]
|   `--RT_TAG_END -> RT_TAG_END [33:17]
|       |--START -> < [33:17]
|       |--SLASH -> / [33:18]
|       |--RT_HTML_TAG_NAME -> RT [33:19]
|       `--END -> > [33:21]
|--NEWLINE -> \n [33:22]
|--LEADING_ASTERISK -> * [34:0]
|--TEXT ->   [34:1]
|--HTML_ELEMENT -> HTML_ELEMENT [34:2]
|   `--RT -> RT [34:2]
|       |--RT_TAG_START -> RT_TAG_START [34:2]
|       |   |--START -> < [34:2]
|       |   |--RT_HTML_TAG_NAME -> rt [34:3]
|       |   `--END -> > [34:5]
|       |--TEXT ->   [34:6]
|       |--TBODY -> TBODY [34:7]
|       |   |--TBODY_TAG_START -> TBODY_TAG_START [34:7]
|       |   |   |--START -> < [34:7]
|       |   |   |--TBODY_HTML_TAG_NAME -> tbody [34:8]
|       |   |   `--END -> > [34:13]
|       |   |--TEXT ->   [34:14]
|       |   `--TBODY_TAG_END -> TBODY_TAG_END [34:15]
|       |       |--START -> < [34:15]
|       |       |--SLASH -> / [34:16]
|       |       |--TBODY_HTML_TAG_NAME -> tbody [34:17]
|       |       `--END -> > [34:22]
|       |--TEXT ->   [34:23]
|       `--RT_TAG_END -> RT_TAG_END [34:24]
|           |--START -> < [34:24]
|           |--SLASH -> / [34:25]
|           |--RT_HTML_TAG_NAME -> rT [34:26]
|           `--END -> > [34:28]
|--NEWLINE -> \n [34:29]
|--LEADING_ASTERISK -> * [35:0]
|--TEXT ->   [35:1]
|--HTML_ELEMENT -> HTML_ELEMENT [35:2]
|   `--RT -> RT [35:2]
|       |--RT_TAG_START -> RT_TAG_START [35:2]
|       |   |--START -> < [35:2]
|       |   |--RT_HTML_TAG_NAME -> rt [35:3]
|       |   `--END -> > [35:5]
|       |--TEXT ->   [35:6]
|       |--TBODY_TAG_START -> TBODY_TAG_START [35:7]
|       |   |--START -> < [35:7]
|       |   |--TBODY_HTML_TAG_NAME -> tbody [35:8]
|       |   `--END -> > [35:13]
|       |--TEXT ->   [35:14]
|       `--RT_TAG_END -> RT_TAG_END [35:15]
|           |--START -> < [35:15]
|           |--SLASH -> / [35:16]
|           |--RT_HTML_TAG_NAME -> RT [35:17]
|           `--END -> > [35:19]
|--NEWLINE -> \n [35:20]
|--LEADING_ASTERISK -> * [36:0]
|--TEXT ->   [36:1]
|--HTML_ELEMENT -> HTML_ELEMENT [36:2]
|   `--RT_TAG_START -> RT_TAG_START [36:2]
|       |--START -> < [36:2]
|       |--RT_HTML_TAG_NAME -> rt [36:3]
|       `--END -> > [36:5]
|--TEXT ->   [36:6]
|--HTML_ELEMENT -> HTML_ELEMENT [36:7]
|   `--TBODY_TAG_END -> TBODY_TAG_END [36:7]
|       |--START -> < [36:7]
|       |--SLASH -> / [36:8]
|       |--TBODY_HTML_TAG_NAME -> tbody [36:9]
|       `--END -> > [36:14]
|--TEXT ->   [36:15]
|--HTML_ELEMENT -> HTML_ELEMENT [36:16]
|   `--RT_TAG_END -> RT_TAG_END [36:16]
|       |--START -> < [36:16]
|       |--SLASH -> / [36:17]
|       |--RT_HTML_TAG_NAME -> RT [36:18]
|       `--END -> > [36:20]
|--NEWLINE -> \n [36:21]
|--LEADING_ASTERISK -> * [37:0]
|--TEXT ->   [37:1]
|--HTML_ELEMENT -> HTML_ELEMENT [37:2]
|   `--RT -> RT [37:2]
|       |--RT_TAG_START -> RT_TAG_START [37:2]
|       |   |--START -> < [37:2]
|       |   |--RT_HTML_TAG_NAME -> rt [37:3]
|       |   `--END -> > [37:5]
|       |--TEXT ->   [37:6]
|       |--TFOOT -> TFOOT [37:7]
|       |   |--TFOOT_TAG_START -> TFOOT_TAG_START [37:7]
|       |   |   |--START -> < [37:7]
|       |   |   |--TFOOT_HTML_TAG_NAME -> tfoot [37:8]
|       |   |   `--END -> > [37:13]
|       |   |--TEXT ->   [37:14]
|       |   `--TFOOT_TAG_END -> TFOOT_TAG_END [37:15]
|       |       |--START -> < [37:15]
|       |       |--SLASH -> / [37:16]
|       |       |--TFOOT_HTML_TAG_NAME -> tfoot [37:17]
|       |       `--END -> > [37:22]
|       |--TEXT ->   [37:23]
|       `--RT_TAG_END -> RT_TAG_END [37:24]
|           |--START -> < [37:24]
|           |--SLASH -> / [37:25]
|           |--RT_HTML_TAG_NAME -> RT [37:26]
|           `--END -> > [37:28]
|--NEWLINE -> \n [37:29]
|--LEADING_ASTERISK -> * [38:0]
|--TEXT ->   [38:1]
|--HTML_ELEMENT -> HTML_ELEMENT [38:2]
|   `--RT -> RT [38:2]
|       |--RT_TAG_START -> RT_TAG_START [38:2]
|       |   |--START -> < [38:2]
|       |   |--RT_HTML_TAG_NAME -> rt [38:3]
|       |   `--END -> > [38:5]
|       |--TEXT ->   [38:6]
|       |--TFOOT_TAG_START -> TFOOT_TAG_START [38:7]
|       |   |--START -> < [38:7]
|       |   |--TFOOT_HTML_TAG_NAME -> tfoot [38:8]
|       |   `--END -> > [38:13]
|       |--TEXT ->   [38:14]
|       `--RT_TAG_END -> RT_TAG_END [38:15]
|           |--START -> < [38:15]
|           |--SLASH -> / [38:16]
|           |--RT_HTML_TAG_NAME -> RT [38:17]
|           `--END -> > [38:19]
|--NEWLINE -> \n [38:20]
|--LEADING_ASTERISK -> * [39:0]
|--TEXT ->   [39:1]
|--HTML_ELEMENT -> HTML_ELEMENT [39:2]
|   `--RT_TAG_START -> RT_TAG_START [39:2]
|       |--START -> < [39:2]
|       |--RT_HTML_TAG_NAME -> rt [39:3]
|       `--END -> > [39:5]
|--TEXT ->   [39:6]
|--HTML_ELEMENT -> HTML_ELEMENT [39:7]
|   `--TFOOT_TAG_END -> TFOOT_TAG_END [39:7]
|       |--START -> < [39:7]
|       |--SLASH -> / [39:8]
|       |--TFOOT_HTML_TAG_NAME -> tfoot [39:9]
|       `--END -> > [39:14]
|--TEXT ->   [39:15]
|--HTML_ELEMENT -> HTML_ELEMENT [39:16]
|   `--RT_TAG_END -> RT_TAG_END [39:16]
|       |--START -> < [39:16]
|       |--SLASH -> / [39:17]
|       |--RT_HTML_TAG_NAME -> RT [39:18]
|       `--END -> > [39:20]
|--NEWLINE -> \n [39:21]
|--LEADING_ASTERISK -> * [40:0]
|--TEXT ->   [40:1]
|--HTML_ELEMENT -> HTML_ELEMENT [40:2]
|   `--RT -> RT [40:2]
|       |--RT_TAG_START -> RT_TAG_START [40:2]
|       |   |--START -> < [40:2]
|       |   |--RT_HTML_TAG_NAME -> rt [40:3]
|       |   |--WS ->   [40:5]
|       |   |--ATTRIBUTE -> ATTRIBUTE [40:6]
|       |   |   |--HTML_TAG_NAME -> style [40:6]
|       |   |   |--EQUALS -> = [40:11]
|       |   |   `--ATTR_VALUE -> "color:red" [40:12]
|       |   |--WS ->   [40:24]
|       |   |--NEWLINE -> \n [40:25]
|       |   |--LEADING_ASTERISK -> * [41:0]
|       |   |--NEWLINE -> \n [41:1]
|       |   |--LEADING_ASTERISK -> * [42:0]
|       |   |--WS ->   [42:1]
|       |   `--END -> > [42:2]
|       |--TEXT ->   [42:3]
|       |--HTML_COMMENT -> HTML_COMMENT [42:4]
|       |   |--HTML_COMMENT_START -> <!-- [42:4]
|       |   |--TEXT -> HTML COMMENT [42:8]
|       |   `--HTML_COMMENT_END -> --> [42:20]
|       |--TEXT ->    [42:23]
|       `--RT_TAG_END -> RT_TAG_END [42:25]
|           |--START -> < [42:25]
|           |--SLASH -> / [42:26]
|           |--RT_HTML_TAG_NAME -> Rt [42:27]
|           |--NEWLINE -> \n [42:29]
|           |--LEADING_ASTERISK -> * [43:0]
|           |--NEWLINE -> \n [43:1]
|           |--LEADING_ASTERISK -> * [44:0]
|           |--WS ->   [44:1]
|           `--END -> > [44:2]
|--NEWLINE -> \n [44:3]
`--EOF -> <EOF> [45:0]]
>
	at com.puppycrawl.tools.checkstyle.grammar.javadoc.JavadocParseTreeTest.testRtHtmlTag(JavadocParseTreeTest.java:338)
]]></failure>
  </testcase>
  <testcase name="negativeNumberInAttribute" classname="com.puppycrawl.tools.checkstyle.grammar.javadoc.JavadocParseTreeTest" time="0">
    <failure message="Generated tree from the javadoc file should match the pre-defined tree expected:&lt;...DOC -&gt; JAVADOC [0:0][&#10;|--HTML_ELEMENT -&gt; HTML_ELEMENT [0:0]&#10;|   `--HTML_TAG -&gt; HTML_TAG [0:0]&#10;|       |--HTML_ELEMENT_START -&gt; HTML_ELEMENT_START [0:0]&#10;|       |   |--START -&gt; &lt; [0:0]&#10;|       |   |--HTML_TAG_NAME -&gt; font [0:1]&#10;|       |   |--WS -&gt;   [0:5]&#10;|       |   |--ATTRIBUTE -&gt; ATTRIBUTE [0:6]&#10;|       |   |   |--HTML_TAG_NAME -&gt; size [0:6]&#10;|       |   |   |--EQUALS -&gt; = [0:10]&#10;|       |   |   `--ATTR_VALUE -&gt; -2 [0:11]&#10;|       |   `--END -&gt; &gt; [0:14]&#10;|       |--TEXT -&gt; TM [0:15]&#10;|       `--HTML_ELEMENT_END -&gt; HTML_ELEMENT_END [0:17]&#10;|           |--START -&gt; &lt; [0:17]&#10;|           |--SLASH -&gt; / [0:18]&#10;|           |--HTML_TAG_NAME -&gt; font [0:19]&#10;|           `--END -&gt; &gt; [0:23]&#10;`--EOF -&gt; &lt;EOF&gt; [0:24]]&#10;&gt; but was:&lt;...DOC -&gt; JAVADOC [0:0][&#10;|--HTML_ELEMENT -&gt; HTML_ELEMENT [0:0]&#10;|   `--HTML_TAG -&gt; HTML_TAG [0:0]&#10;|       |--HTML_ELEMENT_START -&gt; HTML_ELEMENT_START [0:0]&#10;|       |   |--START -&gt; &lt; [0:0]&#10;|       |   |--HTML_TAG_NAME -&gt; font [0:1]&#10;|       |   |--WS -&gt;   [0:5]&#10;|       |   |--ATTRIBUTE -&gt; ATTRIBUTE [0:6]&#10;|       |   |   |--HTML_TAG_NAME -&gt; size [0:6]&#10;|       |   |   |--EQUALS -&gt; = [0:10]&#10;|       |   |   `--ATTR_VALUE -&gt; -2 [0:11]&#10;|       |   `--END -&gt; &gt; [0:14]&#10;|       |--TEXT -&gt; TM [0:15]&#10;|       `--HTML_ELEMENT_END -&gt; HTML_ELEMENT_END [0:17]&#10;|           |--START -&gt; &lt; [0:17]&#10;|           |--SLASH -&gt; / [0:18]&#10;|           |--HTML_TAG_NAME -&gt; font [0:19]&#10;|           `--END -&gt; &gt; [0:23]&#10;`--EOF -&gt; &lt;EOF&gt; [0:24]&#13;]&#10;&gt;" type="org.junit.ComparisonFailure"><![CDATA[org.junit.ComparisonFailure: 
Generated tree from the javadoc file should match the pre-defined tree expected:<...DOC -> JAVADOC [0:0][
|--HTML_ELEMENT -> HTML_ELEMENT [0:0]
|   `--HTML_TAG -> HTML_TAG [0:0]
|       |--HTML_ELEMENT_START -> HTML_ELEMENT_START [0:0]
|       |   |--START -> < [0:0]
|       |   |--HTML_TAG_NAME -> font [0:1]
|       |   |--WS ->   [0:5]
|       |   |--ATTRIBUTE -> ATTRIBUTE [0:6]
|       |   |   |--HTML_TAG_NAME -> size [0:6]
|       |   |   |--EQUALS -> = [0:10]
|       |   |   `--ATTR_VALUE -> -2 [0:11]
|       |   `--END -> > [0:14]
|       |--TEXT -> TM [0:15]
|       `--HTML_ELEMENT_END -> HTML_ELEMENT_END [0:17]
|           |--START -> < [0:17]
|           |--SLASH -> / [0:18]
|           |--HTML_TAG_NAME -> font [0:19]
|           `--END -> > [0:23]
`--EOF -> <EOF> [0:24]]
> but was:<...DOC -> JAVADOC [0:0][
|--HTML_ELEMENT -> HTML_ELEMENT [0:0]
|   `--HTML_TAG -> HTML_TAG [0:0]
|       |--HTML_ELEMENT_START -> HTML_ELEMENT_START [0:0]
|       |   |--START -> < [0:0]
|       |   |--HTML_TAG_NAME -> font [0:1]
|       |   |--WS ->   [0:5]
|       |   |--ATTRIBUTE -> ATTRIBUTE [0:6]
|       |   |   |--HTML_TAG_NAME -> size [0:6]
|       |   |   |--EQUALS -> = [0:10]
|       |   |   `--ATTR_VALUE -> -2 [0:11]
|       |   `--END -> > [0:14]
|       |--TEXT -> TM [0:15]
|       `--HTML_ELEMENT_END -> HTML_ELEMENT_END [0:17]
|           |--START -> < [0:17]
|           |--SLASH -> / [0:18]
|           |--HTML_TAG_NAME -> font [0:19]
|           `--END -> > [0:23]
`--EOF -> <EOF> [0:24]]
>
	at com.puppycrawl.tools.checkstyle.grammar.javadoc.JavadocParseTreeTest.negativeNumberInAttribute(JavadocParseTreeTest.java:170)
]]></failure>
  </testcase>
  <testcase name="testClosedOtherTag" classname="com.puppycrawl.tools.checkstyle.grammar.javadoc.JavadocParseTreeTest" time="0">
    <failure message="Generated tree from the javadoc file should match the pre-defined tree expected:&lt;...DOC -&gt; JAVADOC [0:0][&#10;|--TEXT -&gt;   [0:0]&#10;|--HTML_ELEMENT -&gt; HTML_ELEMENT [0:1]&#10;|   `--DD_TAG_START -&gt; DD_TAG_START [0:1]&#10;|       |--START -&gt; &lt; [0:1]&#10;|       |--DD_HTML_TAG_NAME -&gt; dd [0:2]&#10;|       `--END -&gt; &gt; [0:4]&#10;|--HTML_ELEMENT -&gt; HTML_ELEMENT [0:5]&#10;|   `--DT_TAG_END -&gt; DT_TAG_END [0:5]&#10;|       |--START -&gt; &lt; [0:5]&#10;|       |--SLASH -&gt; / [0:6]&#10;|       |--DT_HTML_TAG_NAME -&gt; dt [0:7]&#10;|       `--END -&gt; &gt; [0:9]&#10;|--NEWLINE -&gt; \n [0:10]&#10;`--EOF -&gt; &lt;EOF&gt; [1:0]]&#10;&gt; but was:&lt;...DOC -&gt; JAVADOC [0:0][&#10;|--TEXT -&gt;   [0:0]&#10;|--HTML_ELEMENT -&gt; HTML_ELEMENT [0:1]&#10;|   `--DD_TAG_START -&gt; DD_TAG_START [0:1]&#10;|       |--START -&gt; &lt; [0:1]&#10;|       |--DD_HTML_TAG_NAME -&gt; dd [0:2]&#10;|       `--END -&gt; &gt; [0:4]&#10;|--HTML_ELEMENT -&gt; HTML_ELEMENT [0:5]&#10;|   `--DT_TAG_END -&gt; DT_TAG_END [0:5]&#10;|       |--START -&gt; &lt; [0:5]&#10;|       |--SLASH -&gt; / [0:6]&#10;|       |--DT_HTML_TAG_NAME -&gt; dt [0:7]&#10;|       `--END -&gt; &gt; [0:9]&#10;|--NEWLINE -&gt; \n [0:10]&#10;`--EOF -&gt; &lt;EOF&gt; [1:0]&#13;]&#10;&gt;" type="org.junit.ComparisonFailure"><![CDATA[org.junit.ComparisonFailure: 
Generated tree from the javadoc file should match the pre-defined tree expected:<...DOC -> JAVADOC [0:0][
|--TEXT ->   [0:0]
|--HTML_ELEMENT -> HTML_ELEMENT [0:1]
|   `--DD_TAG_START -> DD_TAG_START [0:1]
|       |--START -> < [0:1]
|       |--DD_HTML_TAG_NAME -> dd [0:2]
|       `--END -> > [0:4]
|--HTML_ELEMENT -> HTML_ELEMENT [0:5]
|   `--DT_TAG_END -> DT_TAG_END [0:5]
|       |--START -> < [0:5]
|       |--SLASH -> / [0:6]
|       |--DT_HTML_TAG_NAME -> dt [0:7]
|       `--END -> > [0:9]
|--NEWLINE -> \n [0:10]
`--EOF -> <EOF> [1:0]]
> but was:<...DOC -> JAVADOC [0:0][
|--TEXT ->   [0:0]
|--HTML_ELEMENT -> HTML_ELEMENT [0:1]
|   `--DD_TAG_START -> DD_TAG_START [0:1]
|       |--START -> < [0:1]
|       |--DD_HTML_TAG_NAME -> dd [0:2]
|       `--END -> > [0:4]
|--HTML_ELEMENT -> HTML_ELEMENT [0:5]
|   `--DT_TAG_END -> DT_TAG_END [0:5]
|       |--START -> < [0:5]
|       |--SLASH -> / [0:6]
|       |--DT_HTML_TAG_NAME -> dt [0:7]
|       `--END -> > [0:9]
|--NEWLINE -> \n [0:10]
`--EOF -> <EOF> [1:0]]
>
	at com.puppycrawl.tools.checkstyle.grammar.javadoc.JavadocParseTreeTest.testClosedOtherTag(JavadocParseTreeTest.java:212)
]]></failure>
  </testcase>
  <testcase name="htmlTagsInParagraph" classname="com.puppycrawl.tools.checkstyle.grammar.javadoc.JavadocParseTreeTest" time="0.015">
    <failure message="Generated tree from the javadoc file should match the pre-defined tree expected:&lt;...DOC -&gt; JAVADOC [0:0][&#10;|--NEWLINE -&gt; \n [0:0]&#10;|--LEADING_ASTERISK -&gt;  * [1:0]&#10;|--TEXT -&gt;   [1:2]&#10;|--HTML_ELEMENT -&gt; HTML_ELEMENT [1:3]&#10;|   `--PARAGRAPH -&gt; PARAGRAPH [1:3]&#10;|       |--P_TAG_START -&gt; P_TAG_START [1:3]&#10;|       |   |--START -&gt; &lt; [1:3]&#10;|       |   |--P_HTML_TAG_NAME -&gt; p [1:4]&#10;|       |   `--END -&gt; &gt; [1:5]&#10;|       |--NEWLINE -&gt; \n [1:6]&#10;|       |--LEADING_ASTERISK -&gt;  * [2:0]&#10;|       |--TEXT -&gt;   [2:2]&#10;|       |--HTML_TAG -&gt; HTML_TAG [2:3]&#10;|       |   |--HTML_ELEMENT_START -&gt; HTML_ELEMENT_START [2:3]&#10;|       |   |   |--START -&gt; &lt; [2:3]&#10;|       |   |   |--HTML_TAG_NAME -&gt; b [2:4]&#10;|       |   |   `--END -&gt; &gt; [2:5]&#10;|       |   |--TEXT -&gt; Description [2:6]&#10;|       |   `--HTML_ELEMENT_END -&gt; HTML_ELEMENT_END [2:17]&#10;|       |       |--START -&gt; &lt; [2:17]&#10;|       |       |--SLASH -&gt; / [2:18]&#10;|       |       |--HTML_TAG_NAME -&gt; b [2:19]&#10;|       |       `--END -&gt; &gt; [2:20]&#10;|       |--TEXT -&gt;   [2:21]&#10;|       |--HTML_TAG -&gt; HTML_TAG [2:22]&#10;|       |   |--HTML_ELEMENT_START -&gt; HTML_ELEMENT_START [2:22]&#10;|       |   |   |--START -&gt; &lt; [2:22]&#10;|       |   |   |--HTML_TAG_NAME -&gt; i [2:23]&#10;|       |   |   `--END -&gt; &gt; [2:24]&#10;|       |   |--TEXT -&gt; of [2:25]&#10;|       |   `--HTML_ELEMENT_END -&gt; HTML_ELEMENT_END [2:27]&#10;|       |       |--START -&gt; &lt; [2:27]&#10;|       |       |--SLASH -&gt; / [2:28]&#10;|       |       |--HTML_TAG_NAME -&gt; i [2:29]&#10;|       |       `--END -&gt; &gt; [2:30]&#10;|       |--TEXT -&gt;  my class. [2:31]&#10;|       |--NEWLINE -&gt; \n [2:41]&#10;|       |--LEADING_ASTERISK -&gt;  * [3:0]&#10;|       |--TEXT -&gt;   [3:2]&#10;|       `--P_TAG_END -&gt; P_TAG_END [3:3]&#10;|           |--START -&gt; &lt; [3:3]&#10;|           |--SLASH -&gt; / [3:4]&#10;|           |--P_HTML_TAG_NAME -&gt; p [3:5]&#10;|           `--END -&gt; &gt; [3:6]&#10;|--NEWLINE -&gt; \n [3:7]&#10;|--LEADING_ASTERISK -&gt;  * [4:0]&#10;|--TEXT -&gt;  Another line of text [4:2]&#10;|--NEWLINE -&gt; \n [4:23]&#10;|--TEXT -&gt;   [5:0]&#10;`--EOF -&gt; &lt;EOF&gt; [5:1]]&#10;&gt; but was:&lt;...DOC -&gt; JAVADOC [0:0][&#10;|--NEWLINE -&gt; \n [0:0]&#10;|--LEADING_ASTERISK -&gt;  * [1:0]&#10;|--TEXT -&gt;   [1:2]&#10;|--HTML_ELEMENT -&gt; HTML_ELEMENT [1:3]&#10;|   `--PARAGRAPH -&gt; PARAGRAPH [1:3]&#10;|       |--P_TAG_START -&gt; P_TAG_START [1:3]&#10;|       |   |--START -&gt; &lt; [1:3]&#10;|       |   |--P_HTML_TAG_NAME -&gt; p [1:4]&#10;|       |   `--END -&gt; &gt; [1:5]&#10;|       |--NEWLINE -&gt; \n [1:6]&#10;|       |--LEADING_ASTERISK -&gt;  * [2:0]&#10;|       |--TEXT -&gt;   [2:2]&#10;|       |--HTML_TAG -&gt; HTML_TAG [2:3]&#10;|       |   |--HTML_ELEMENT_START -&gt; HTML_ELEMENT_START [2:3]&#10;|       |   |   |--START -&gt; &lt; [2:3]&#10;|       |   |   |--HTML_TAG_NAME -&gt; b [2:4]&#10;|       |   |   `--END -&gt; &gt; [2:5]&#10;|       |   |--TEXT -&gt; Description [2:6]&#10;|       |   `--HTML_ELEMENT_END -&gt; HTML_ELEMENT_END [2:17]&#10;|       |       |--START -&gt; &lt; [2:17]&#10;|       |       |--SLASH -&gt; / [2:18]&#10;|       |       |--HTML_TAG_NAME -&gt; b [2:19]&#10;|       |       `--END -&gt; &gt; [2:20]&#10;|       |--TEXT -&gt;   [2:21]&#10;|       |--HTML_TAG -&gt; HTML_TAG [2:22]&#10;|       |   |--HTML_ELEMENT_START -&gt; HTML_ELEMENT_START [2:22]&#10;|       |   |   |--START -&gt; &lt; [2:22]&#10;|       |   |   |--HTML_TAG_NAME -&gt; i [2:23]&#10;|       |   |   `--END -&gt; &gt; [2:24]&#10;|       |   |--TEXT -&gt; of [2:25]&#10;|       |   `--HTML_ELEMENT_END -&gt; HTML_ELEMENT_END [2:27]&#10;|       |       |--START -&gt; &lt; [2:27]&#10;|       |       |--SLASH -&gt; / [2:28]&#10;|       |       |--HTML_TAG_NAME -&gt; i [2:29]&#10;|       |       `--END -&gt; &gt; [2:30]&#10;|       |--TEXT -&gt;  my class. [2:31]&#10;|       |--NEWLINE -&gt; \n [2:41]&#10;|       |--LEADING_ASTERISK -&gt;  * [3:0]&#10;|       |--TEXT -&gt;   [3:2]&#10;|       `--P_TAG_END -&gt; P_TAG_END [3:3]&#10;|           |--START -&gt; &lt; [3:3]&#10;|           |--SLASH -&gt; / [3:4]&#10;|           |--P_HTML_TAG_NAME -&gt; p [3:5]&#10;|           `--END -&gt; &gt; [3:6]&#10;|--NEWLINE -&gt; \n [3:7]&#10;|--LEADING_ASTERISK -&gt;  * [4:0]&#10;|--TEXT -&gt;  Another line of text [4:2]&#10;|--NEWLINE -&gt; \n [4:23]&#10;|--TEXT -&gt;   [5:0]&#10;`--EOF -&gt; &lt;EOF&gt; [5:1]&#13;]&#10;&gt;" type="org.junit.ComparisonFailure"><![CDATA[org.junit.ComparisonFailure: 
Generated tree from the javadoc file should match the pre-defined tree expected:<...DOC -> JAVADOC [0:0][
|--NEWLINE -> \n [0:0]
|--LEADING_ASTERISK ->  * [1:0]
|--TEXT ->   [1:2]
|--HTML_ELEMENT -> HTML_ELEMENT [1:3]
|   `--PARAGRAPH -> PARAGRAPH [1:3]
|       |--P_TAG_START -> P_TAG_START [1:3]
|       |   |--START -> < [1:3]
|       |   |--P_HTML_TAG_NAME -> p [1:4]
|       |   `--END -> > [1:5]
|       |--NEWLINE -> \n [1:6]
|       |--LEADING_ASTERISK ->  * [2:0]
|       |--TEXT ->   [2:2]
|       |--HTML_TAG -> HTML_TAG [2:3]
|       |   |--HTML_ELEMENT_START -> HTML_ELEMENT_START [2:3]
|       |   |   |--START -> < [2:3]
|       |   |   |--HTML_TAG_NAME -> b [2:4]
|       |   |   `--END -> > [2:5]
|       |   |--TEXT -> Description [2:6]
|       |   `--HTML_ELEMENT_END -> HTML_ELEMENT_END [2:17]
|       |       |--START -> < [2:17]
|       |       |--SLASH -> / [2:18]
|       |       |--HTML_TAG_NAME -> b [2:19]
|       |       `--END -> > [2:20]
|       |--TEXT ->   [2:21]
|       |--HTML_TAG -> HTML_TAG [2:22]
|       |   |--HTML_ELEMENT_START -> HTML_ELEMENT_START [2:22]
|       |   |   |--START -> < [2:22]
|       |   |   |--HTML_TAG_NAME -> i [2:23]
|       |   |   `--END -> > [2:24]
|       |   |--TEXT -> of [2:25]
|       |   `--HTML_ELEMENT_END -> HTML_ELEMENT_END [2:27]
|       |       |--START -> < [2:27]
|       |       |--SLASH -> / [2:28]
|       |       |--HTML_TAG_NAME -> i [2:29]
|       |       `--END -> > [2:30]
|       |--TEXT ->  my class. [2:31]
|       |--NEWLINE -> \n [2:41]
|       |--LEADING_ASTERISK ->  * [3:0]
|       |--TEXT ->   [3:2]
|       `--P_TAG_END -> P_TAG_END [3:3]
|           |--START -> < [3:3]
|           |--SLASH -> / [3:4]
|           |--P_HTML_TAG_NAME -> p [3:5]
|           `--END -> > [3:6]
|--NEWLINE -> \n [3:7]
|--LEADING_ASTERISK ->  * [4:0]
|--TEXT ->  Another line of text [4:2]
|--NEWLINE -> \n [4:23]
|--TEXT ->   [5:0]
`--EOF -> <EOF> [5:1]]
> but was:<...DOC -> JAVADOC [0:0][
|--NEWLINE -> \n [0:0]
|--LEADING_ASTERISK ->  * [1:0]
|--TEXT ->   [1:2]
|--HTML_ELEMENT -> HTML_ELEMENT [1:3]
|   `--PARAGRAPH -> PARAGRAPH [1:3]
|       |--P_TAG_START -> P_TAG_START [1:3]
|       |   |--START -> < [1:3]
|       |   |--P_HTML_TAG_NAME -> p [1:4]
|       |   `--END -> > [1:5]
|       |--NEWLINE -> \n [1:6]
|       |--LEADING_ASTERISK ->  * [2:0]
|       |--TEXT ->   [2:2]
|       |--HTML_TAG -> HTML_TAG [2:3]
|       |   |--HTML_ELEMENT_START -> HTML_ELEMENT_START [2:3]
|       |   |   |--START -> < [2:3]
|       |   |   |--HTML_TAG_NAME -> b [2:4]
|       |   |   `--END -> > [2:5]
|       |   |--TEXT -> Description [2:6]
|       |   `--HTML_ELEMENT_END -> HTML_ELEMENT_END [2:17]
|       |       |--START -> < [2:17]
|       |       |--SLASH -> / [2:18]
|       |       |--HTML_TAG_NAME -> b [2:19]
|       |       `--END -> > [2:20]
|       |--TEXT ->   [2:21]
|       |--HTML_TAG -> HTML_TAG [2:22]
|       |   |--HTML_ELEMENT_START -> HTML_ELEMENT_START [2:22]
|       |   |   |--START -> < [2:22]
|       |   |   |--HTML_TAG_NAME -> i [2:23]
|       |   |   `--END -> > [2:24]
|       |   |--TEXT -> of [2:25]
|       |   `--HTML_ELEMENT_END -> HTML_ELEMENT_END [2:27]
|       |       |--START -> < [2:27]
|       |       |--SLASH -> / [2:28]
|       |       |--HTML_TAG_NAME -> i [2:29]
|       |       `--END -> > [2:30]
|       |--TEXT ->  my class. [2:31]
|       |--NEWLINE -> \n [2:41]
|       |--LEADING_ASTERISK ->  * [3:0]
|       |--TEXT ->   [3:2]
|       `--P_TAG_END -> P_TAG_END [3:3]
|           |--START -> < [3:3]
|           |--SLASH -> / [3:4]
|           |--P_HTML_TAG_NAME -> p [3:5]
|           `--END -> > [3:6]
|--NEWLINE -> \n [3:7]
|--LEADING_ASTERISK ->  * [4:0]
|--TEXT ->  Another line of text [4:2]
|--NEWLINE -> \n [4:23]
|--TEXT ->   [5:0]
`--EOF -> <EOF> [5:1]]
>
	at com.puppycrawl.tools.checkstyle.grammar.javadoc.JavadocParseTreeTest.htmlTagsInParagraph(JavadocParseTreeTest.java:86)
]]></failure>
  </testcase>
  <testcase name="allJavadocInlineTags" classname="com.puppycrawl.tools.checkstyle.grammar.javadoc.JavadocParseTreeTest" time="0">
    <failure message="Generated tree from the javadoc file should match the pre-defined tree expected:&lt;...DOC -&gt; JAVADOC [0:0][&#10;|--JAVADOC_INLINE_TAG -&gt; JAVADOC_INLINE_TAG [0:0]&#10;|   |--JAVADOC_INLINE_TAG_START -&gt; { [0:0]&#10;|   |--CODE_LITERAL -&gt; @code [0:1]&#10;|   |--WS -&gt;   [0:6]&#10;|   |--TEXT -&gt; &lt;code&gt; [0:7]&#10;|   `--JAVADOC_INLINE_TAG_END -&gt; } [0:14]&#10;|--TEXT -&gt;   [0:15]&#10;|--JAVADOC_INLINE_TAG -&gt; JAVADOC_INLINE_TAG [0:16]&#10;|   |--JAVADOC_INLINE_TAG_START -&gt; { [0:16]&#10;|   |--LITERAL_LITERAL -&gt; @literal [0:17]&#10;|   |--WS -&gt;   [0:25]&#10;|   |--TEXT -&gt; &lt;literal&gt; [0:26]&#10;|   `--JAVADOC_INLINE_TAG_END -&gt; } [0:36]&#10;|--TEXT -&gt;   [0:37]&#10;|--JAVADOC_INLINE_TAG -&gt; JAVADOC_INLINE_TAG [0:38]&#10;|   |--JAVADOC_INLINE_TAG_START -&gt; { [0:38]&#10;|   |--DOC_ROOT_LITERAL -&gt; @docRoot [0:39]&#10;|   `--JAVADOC_INLINE_TAG_END -&gt; } [0:47]&#10;|--NEWLINE -&gt; \n [0:48]&#10;|--JAVADOC_INLINE_TAG -&gt; JAVADOC_INLINE_TAG [1:0]&#10;|   |--JAVADOC_INLINE_TAG_START -&gt; { [1:0]&#10;|   |--INHERIT_DOC_LITERAL -&gt; @inheritDoc [1:1]&#10;|   `--JAVADOC_INLINE_TAG_END -&gt; } [1:12]&#10;|--TEXT -&gt;   [1:13]&#10;|--JAVADOC_INLINE_TAG -&gt; JAVADOC_INLINE_TAG [1:14]&#10;|   |--JAVADOC_INLINE_TAG_START -&gt; { [1:14]&#10;|   |--LINK_LITERAL -&gt; @link [1:15]&#10;|   |--WS -&gt;   [1:20]&#10;|   |--REFERENCE -&gt; REFERENCE [1:21]&#10;|   |   `--PACKAGE_CLASS -&gt; A [1:21]&#10;|   |--WS -&gt;   [1:22]&#10;|   |--DESCRIPTION -&gt; DESCRIPTION [1:23]&#10;|   |   `--TEXT -&gt; A class [1:23]&#10;|   `--JAVADOC_INLINE_TAG_END -&gt; } [1:30]&#10;|--NEWLINE -&gt; \n [1:31]&#10;|--JAVADOC_INLINE_TAG -&gt; JAVADOC_INLINE_TAG [2:0]&#10;|   |--JAVADOC_INLINE_TAG_START -&gt; { [2:0]&#10;|   |--LINKPLAIN_LITERAL -&gt; @linkplain [2:1]&#10;|   |--WS -&gt;   [2:11]&#10;|   |--REFERENCE -&gt; REFERENCE [2:12]&#10;|   |   `--PACKAGE_CLASS -&gt; A [2:12]&#10;|   |--WS -&gt;   [2:13]&#10;|   |--DESCRIPTION -&gt; DESCRIPTION [2:14]&#10;|   |   `--TEXT -&gt; another link [2:14]&#10;|   `--JAVADOC_INLINE_TAG_END -&gt; } [2:26]&#10;|--TEXT -&gt;   [2:27]&#10;|--JAVADOC_INLINE_TAG -&gt; JAVADOC_INLINE_TAG [2:28]&#10;|   |--JAVADOC_INLINE_TAG_START -&gt; { [2:28]&#10;|   |--VALUE_LITERAL -&gt; @value [2:29]&#10;|   |--WS -&gt;   [2:35]&#10;|   |--REFERENCE -&gt; REFERENCE [2:36]&#10;|   |   |--PACKAGE_CLASS -&gt; lang.Integer [2:36]&#10;|   |   |--HASH -&gt; # [2:48]&#10;|   |   `--MEMBER -&gt; MAX_VALUE [2:49]&#10;|   `--JAVADOC_INLINE_TAG_END -&gt; } [2:58]&#10;`--EOF -&gt; &lt;EOF&gt; [2:59]]&#10;&gt; but was:&lt;...DOC -&gt; JAVADOC [0:0][&#10;|--JAVADOC_INLINE_TAG -&gt; JAVADOC_INLINE_TAG [0:0]&#10;|   |--JAVADOC_INLINE_TAG_START -&gt; { [0:0]&#10;|   |--CODE_LITERAL -&gt; @code [0:1]&#10;|   |--WS -&gt;   [0:6]&#10;|   |--TEXT -&gt; &lt;code&gt; [0:7]&#10;|   `--JAVADOC_INLINE_TAG_END -&gt; } [0:14]&#10;|--TEXT -&gt;   [0:15]&#10;|--JAVADOC_INLINE_TAG -&gt; JAVADOC_INLINE_TAG [0:16]&#10;|   |--JAVADOC_INLINE_TAG_START -&gt; { [0:16]&#10;|   |--LITERAL_LITERAL -&gt; @literal [0:17]&#10;|   |--WS -&gt;   [0:25]&#10;|   |--TEXT -&gt; &lt;literal&gt; [0:26]&#10;|   `--JAVADOC_INLINE_TAG_END -&gt; } [0:36]&#10;|--TEXT -&gt;   [0:37]&#10;|--JAVADOC_INLINE_TAG -&gt; JAVADOC_INLINE_TAG [0:38]&#10;|   |--JAVADOC_INLINE_TAG_START -&gt; { [0:38]&#10;|   |--DOC_ROOT_LITERAL -&gt; @docRoot [0:39]&#10;|   `--JAVADOC_INLINE_TAG_END -&gt; } [0:47]&#10;|--NEWLINE -&gt; \n [0:48]&#10;|--JAVADOC_INLINE_TAG -&gt; JAVADOC_INLINE_TAG [1:0]&#10;|   |--JAVADOC_INLINE_TAG_START -&gt; { [1:0]&#10;|   |--INHERIT_DOC_LITERAL -&gt; @inheritDoc [1:1]&#10;|   `--JAVADOC_INLINE_TAG_END -&gt; } [1:12]&#10;|--TEXT -&gt;   [1:13]&#10;|--JAVADOC_INLINE_TAG -&gt; JAVADOC_INLINE_TAG [1:14]&#10;|   |--JAVADOC_INLINE_TAG_START -&gt; { [1:14]&#10;|   |--LINK_LITERAL -&gt; @link [1:15]&#10;|   |--WS -&gt;   [1:20]&#10;|   |--REFERENCE -&gt; REFERENCE [1:21]&#10;|   |   `--PACKAGE_CLASS -&gt; A [1:21]&#10;|   |--WS -&gt;   [1:22]&#10;|   |--DESCRIPTION -&gt; DESCRIPTION [1:23]&#10;|   |   `--TEXT -&gt; A class [1:23]&#10;|   `--JAVADOC_INLINE_TAG_END -&gt; } [1:30]&#10;|--NEWLINE -&gt; \n [1:31]&#10;|--JAVADOC_INLINE_TAG -&gt; JAVADOC_INLINE_TAG [2:0]&#10;|   |--JAVADOC_INLINE_TAG_START -&gt; { [2:0]&#10;|   |--LINKPLAIN_LITERAL -&gt; @linkplain [2:1]&#10;|   |--WS -&gt;   [2:11]&#10;|   |--REFERENCE -&gt; REFERENCE [2:12]&#10;|   |   `--PACKAGE_CLASS -&gt; A [2:12]&#10;|   |--WS -&gt;   [2:13]&#10;|   |--DESCRIPTION -&gt; DESCRIPTION [2:14]&#10;|   |   `--TEXT -&gt; another link [2:14]&#10;|   `--JAVADOC_INLINE_TAG_END -&gt; } [2:26]&#10;|--TEXT -&gt;   [2:27]&#10;|--JAVADOC_INLINE_TAG -&gt; JAVADOC_INLINE_TAG [2:28]&#10;|   |--JAVADOC_INLINE_TAG_START -&gt; { [2:28]&#10;|   |--VALUE_LITERAL -&gt; @value [2:29]&#10;|   |--WS -&gt;   [2:35]&#10;|   |--REFERENCE -&gt; REFERENCE [2:36]&#10;|   |   |--PACKAGE_CLASS -&gt; lang.Integer [2:36]&#10;|   |   |--HASH -&gt; # [2:48]&#10;|   |   `--MEMBER -&gt; MAX_VALUE [2:49]&#10;|   `--JAVADOC_INLINE_TAG_END -&gt; } [2:58]&#10;`--EOF -&gt; &lt;EOF&gt; [2:59]&#13;]&#10;&gt;" type="org.junit.ComparisonFailure"><![CDATA[org.junit.ComparisonFailure: 
Generated tree from the javadoc file should match the pre-defined tree expected:<...DOC -> JAVADOC [0:0][
|--JAVADOC_INLINE_TAG -> JAVADOC_INLINE_TAG [0:0]
|   |--JAVADOC_INLINE_TAG_START -> { [0:0]
|   |--CODE_LITERAL -> @code [0:1]
|   |--WS ->   [0:6]
|   |--TEXT -> <code> [0:7]
|   `--JAVADOC_INLINE_TAG_END -> } [0:14]
|--TEXT ->   [0:15]
|--JAVADOC_INLINE_TAG -> JAVADOC_INLINE_TAG [0:16]
|   |--JAVADOC_INLINE_TAG_START -> { [0:16]
|   |--LITERAL_LITERAL -> @literal [0:17]
|   |--WS ->   [0:25]
|   |--TEXT -> <literal> [0:26]
|   `--JAVADOC_INLINE_TAG_END -> } [0:36]
|--TEXT ->   [0:37]
|--JAVADOC_INLINE_TAG -> JAVADOC_INLINE_TAG [0:38]
|   |--JAVADOC_INLINE_TAG_START -> { [0:38]
|   |--DOC_ROOT_LITERAL -> @docRoot [0:39]
|   `--JAVADOC_INLINE_TAG_END -> } [0:47]
|--NEWLINE -> \n [0:48]
|--JAVADOC_INLINE_TAG -> JAVADOC_INLINE_TAG [1:0]
|   |--JAVADOC_INLINE_TAG_START -> { [1:0]
|   |--INHERIT_DOC_LITERAL -> @inheritDoc [1:1]
|   `--JAVADOC_INLINE_TAG_END -> } [1:12]
|--TEXT ->   [1:13]
|--JAVADOC_INLINE_TAG -> JAVADOC_INLINE_TAG [1:14]
|   |--JAVADOC_INLINE_TAG_START -> { [1:14]
|   |--LINK_LITERAL -> @link [1:15]
|   |--WS ->   [1:20]
|   |--REFERENCE -> REFERENCE [1:21]
|   |   `--PACKAGE_CLASS -> A [1:21]
|   |--WS ->   [1:22]
|   |--DESCRIPTION -> DESCRIPTION [1:23]
|   |   `--TEXT -> A class [1:23]
|   `--JAVADOC_INLINE_TAG_END -> } [1:30]
|--NEWLINE -> \n [1:31]
|--JAVADOC_INLINE_TAG -> JAVADOC_INLINE_TAG [2:0]
|   |--JAVADOC_INLINE_TAG_START -> { [2:0]
|   |--LINKPLAIN_LITERAL -> @linkplain [2:1]
|   |--WS ->   [2:11]
|   |--REFERENCE -> REFERENCE [2:12]
|   |   `--PACKAGE_CLASS -> A [2:12]
|   |--WS ->   [2:13]
|   |--DESCRIPTION -> DESCRIPTION [2:14]
|   |   `--TEXT -> another link [2:14]
|   `--JAVADOC_INLINE_TAG_END -> } [2:26]
|--TEXT ->   [2:27]
|--JAVADOC_INLINE_TAG -> JAVADOC_INLINE_TAG [2:28]
|   |--JAVADOC_INLINE_TAG_START -> { [2:28]
|   |--VALUE_LITERAL -> @value [2:29]
|   |--WS ->   [2:35]
|   |--REFERENCE -> REFERENCE [2:36]
|   |   |--PACKAGE_CLASS -> lang.Integer [2:36]
|   |   |--HASH -> # [2:48]
|   |   `--MEMBER -> MAX_VALUE [2:49]
|   `--JAVADOC_INLINE_TAG_END -> } [2:58]
`--EOF -> <EOF> [2:59]]
> but was:<...DOC -> JAVADOC [0:0][
|--JAVADOC_INLINE_TAG -> JAVADOC_INLINE_TAG [0:0]
|   |--JAVADOC_INLINE_TAG_START -> { [0:0]
|   |--CODE_LITERAL -> @code [0:1]
|   |--WS ->   [0:6]
|   |--TEXT -> <code> [0:7]
|   `--JAVADOC_INLINE_TAG_END -> } [0:14]
|--TEXT ->   [0:15]
|--JAVADOC_INLINE_TAG -> JAVADOC_INLINE_TAG [0:16]
|   |--JAVADOC_INLINE_TAG_START -> { [0:16]
|   |--LITERAL_LITERAL -> @literal [0:17]
|   |--WS ->   [0:25]
|   |--TEXT -> <literal> [0:26]
|   `--JAVADOC_INLINE_TAG_END -> } [0:36]
|--TEXT ->   [0:37]
|--JAVADOC_INLINE_TAG -> JAVADOC_INLINE_TAG [0:38]
|   |--JAVADOC_INLINE_TAG_START -> { [0:38]
|   |--DOC_ROOT_LITERAL -> @docRoot [0:39]
|   `--JAVADOC_INLINE_TAG_END -> } [0:47]
|--NEWLINE -> \n [0:48]
|--JAVADOC_INLINE_TAG -> JAVADOC_INLINE_TAG [1:0]
|   |--JAVADOC_INLINE_TAG_START -> { [1:0]
|   |--INHERIT_DOC_LITERAL -> @inheritDoc [1:1]
|   `--JAVADOC_INLINE_TAG_END -> } [1:12]
|--TEXT ->   [1:13]
|--JAVADOC_INLINE_TAG -> JAVADOC_INLINE_TAG [1:14]
|   |--JAVADOC_INLINE_TAG_START -> { [1:14]
|   |--LINK_LITERAL -> @link [1:15]
|   |--WS ->   [1:20]
|   |--REFERENCE -> REFERENCE [1:21]
|   |   `--PACKAGE_CLASS -> A [1:21]
|   |--WS ->   [1:22]
|   |--DESCRIPTION -> DESCRIPTION [1:23]
|   |   `--TEXT -> A class [1:23]
|   `--JAVADOC_INLINE_TAG_END -> } [1:30]
|--NEWLINE -> \n [1:31]
|--JAVADOC_INLINE_TAG -> JAVADOC_INLINE_TAG [2:0]
|   |--JAVADOC_INLINE_TAG_START -> { [2:0]
|   |--LINKPLAIN_LITERAL -> @linkplain [2:1]
|   |--WS ->   [2:11]
|   |--REFERENCE -> REFERENCE [2:12]
|   |   `--PACKAGE_CLASS -> A [2:12]
|   |--WS ->   [2:13]
|   |--DESCRIPTION -> DESCRIPTION [2:14]
|   |   `--TEXT -> another link [2:14]
|   `--JAVADOC_INLINE_TAG_END -> } [2:26]
|--TEXT ->   [2:27]
|--JAVADOC_INLINE_TAG -> JAVADOC_INLINE_TAG [2:28]
|   |--JAVADOC_INLINE_TAG_START -> { [2:28]
|   |--VALUE_LITERAL -> @value [2:29]
|   |--WS ->   [2:35]
|   |--REFERENCE -> REFERENCE [2:36]
|   |   |--PACKAGE_CLASS -> lang.Integer [2:36]
|   |   |--HASH -> # [2:48]
|   |   `--MEMBER -> MAX_VALUE [2:49]
|   `--JAVADOC_INLINE_TAG_END -> } [2:58]
`--EOF -> <EOF> [2:59]]
>
	at com.puppycrawl.tools.checkstyle.grammar.javadoc.JavadocParseTreeTest.allJavadocInlineTags(JavadocParseTreeTest.java:140)
]]></failure>
  </testcase>
  <testcase name="testNonTightRtHtmlTag" classname="com.puppycrawl.tools.checkstyle.grammar.javadoc.JavadocParseTreeTest" time="0.079">
    <failure message="Generated tree from the javadoc file should match the pre-defined tree expected:&lt;...DOC -&gt; JAVADOC [0:0][&#10;|--LEADING_ASTERISK -&gt; * [0:0]&#10;|--TEXT -&gt;   [0:1]&#10;|--HTML_ELEMENT -&gt; HTML_ELEMENT [0:2]&#10;|   `--RT_TAG_END -&gt; RT_TAG_END [0:2]&#10;|       |--START -&gt; &lt; [0:2]&#10;|       |--SLASH -&gt; / [0:3]&#10;|       |--RT_HTML_TAG_NAME -&gt; rt [0:4]&#10;|       `--END -&gt; &gt; [0:6]&#10;|--TEXT -&gt;   [0:7]&#10;|--HTML_ELEMENT -&gt; HTML_ELEMENT [0:8]&#10;|   `--RT_TAG_START -&gt; RT_TAG_START [0:8]&#10;|       |--START -&gt; &lt; [0:8]&#10;|       |--RT_HTML_TAG_NAME -&gt; rt [0:9]&#10;|       `--END -&gt; &gt; [0:11]&#10;|--NEWLINE -&gt; \n [0:12]&#10;|--LEADING_ASTERISK -&gt; * [1:0]&#10;|--TEXT -&gt;   [1:1]&#10;|--HTML_ELEMENT -&gt; HTML_ELEMENT [1:2]&#10;|   `--PARAGRAPH -&gt; PARAGRAPH [1:2]&#10;|       |--P_TAG_START -&gt; P_TAG_START [1:2]&#10;|       |   |--START -&gt; &lt; [1:2]&#10;|       |   |--P_HTML_TAG_NAME -&gt; p [1:3]&#10;|       |   `--END -&gt; &gt; [1:4]&#10;|       |--TEXT -&gt;   [1:5]&#10;|       |--RT_TAG_START -&gt; RT_TAG_START [1:6]&#10;|       |   |--START -&gt; &lt; [1:6]&#10;|       |   |--RT_HTML_TAG_NAME -&gt; rt [1:7]&#10;|       |   `--END -&gt; &gt; [1:9]&#10;|       |--TEXT -&gt;   [1:10]&#10;|       `--P_TAG_END -&gt; P_TAG_END [1:11]&#10;|           |--START -&gt; &lt; [1:11]&#10;|           |--SLASH -&gt; / [1:12]&#10;|           |--P_HTML_TAG_NAME -&gt; p [1:13]&#10;|           `--END -&gt; &gt; [1:14]&#10;|--NEWLINE -&gt; \n [1:15]&#10;|--LEADING_ASTERISK -&gt; * [2:0]&#10;|--TEXT -&gt;   [2:1]&#10;|--HTML_ELEMENT -&gt; HTML_ELEMENT [2:2]&#10;|   `--LI -&gt; LI [2:2]&#10;|       |--LI_TAG_START -&gt; LI_TAG_START [2:2]&#10;|       |   |--START -&gt; &lt; [2:2]&#10;|       |   |--LI_HTML_TAG_NAME -&gt; li [2:3]&#10;|       |   `--END -&gt; &gt; [2:5]&#10;|       |--TEXT -&gt;   [2:6]&#10;|       |--RT_TAG_START -&gt; RT_TAG_START [2:7]&#10;|       |   |--START -&gt; &lt; [2:7]&#10;|       |   |--RT_HTML_TAG_NAME -&gt; rt [2:8]&#10;|       |   `--END -&gt; &gt; [2:10]&#10;|       |--TEXT -&gt;   [2:11]&#10;|       `--LI_TAG_END -&gt; LI_TAG_END [2:12]&#10;|           |--START -&gt; &lt; [2:12]&#10;|           |--SLASH -&gt; / [2:13]&#10;|           |--LI_HTML_TAG_NAME -&gt; li [2:14]&#10;|           `--END -&gt; &gt; [2:16]&#10;|--NEWLINE -&gt; \n [2:17]&#10;|--LEADING_ASTERISK -&gt; * [3:0]&#10;|--TEXT -&gt;   [3:1]&#10;|--HTML_ELEMENT -&gt; HTML_ELEMENT [3:2]&#10;|   `--TR -&gt; TR [3:2]&#10;|       |--TR_TAG_START -&gt; TR_TAG_START [3:2]&#10;|       |   |--START -&gt; &lt; [3:2]&#10;|       |   |--TR_HTML_TAG_NAME -&gt; tr [3:3]&#10;|       |   `--END -&gt; &gt; [3:5]&#10;|       |--TEXT -&gt;   [3:6]&#10;|       |--RT_TAG_START -&gt; RT_TAG_START [3:7]&#10;|       |   |--START -&gt; &lt; [3:7]&#10;|       |   |--RT_HTML_TAG_NAME -&gt; rT [3:8]&#10;|       |   `--END -&gt; &gt; [3:10]&#10;|       |--TEXT -&gt;   [3:11]&#10;|       `--TR_TAG_END -&gt; TR_TAG_END [3:12]&#10;|           |--START -&gt; &lt; [3:12]&#10;|           |--SLASH -&gt; / [3:13]&#10;|           |--TR_HTML_TAG_NAME -&gt; tr [3:14]&#10;|           `--END -&gt; &gt; [3:16]&#10;|--NEWLINE -&gt; \n [3:17]&#10;|--LEADING_ASTERISK -&gt; * [4:0]&#10;|--TEXT -&gt;   [4:1]&#10;|--HTML_ELEMENT -&gt; HTML_ELEMENT [4:2]&#10;|   `--TD -&gt; TD [4:2]&#10;|       |--TD_TAG_START -&gt; TD_TAG_START [4:2]&#10;|       |   |--START -&gt; &lt; [4:2]&#10;|       |   |--TD_HTML_TAG_NAME -&gt; td [4:3]&#10;|       |   `--END -&gt; &gt; [4:5]&#10;|       |--TEXT -&gt;   [4:6]&#10;|       |--RT_TAG_START -&gt; RT_TAG_START [4:7]&#10;|       |   |--START -&gt; &lt; [4:7]&#10;|       |   |--RT_HTML_TAG_NAME -&gt; RT [4:8]&#10;|       |   `--END -&gt; &gt; [4:10]&#10;|       |--TEXT -&gt;   [4:11]&#10;|       `--TD_TAG_END -&gt; TD_TAG_END [4:12]&#10;|           |--START -&gt; &lt; [4:12]&#10;|           |--SLASH -&gt; / [4:13]&#10;|           |--TD_HTML_TAG_NAME -&gt; td [4:14]&#10;|           `--END -&gt; &gt; [4:16]&#10;|--NEWLINE -&gt; \n [4:17]&#10;|--LEADING_ASTERISK -&gt; * [5:0]&#10;|--TEXT -&gt;   [5:1]&#10;|--HTML_ELEMENT -&gt; HTML_ELEMENT [5:2]&#10;|   `--TH -&gt; TH [5:2]&#10;|       |--TH_TAG_START -&gt; TH_TAG_START [5:2]&#10;|       |   |--START -&gt; &lt; [5:2]&#10;|       |   |--TH_HTML_TAG_NAME -&gt; th [5:3]&#10;|       |   `--END -&gt; &gt; [5:5]&#10;|       |--TEXT -&gt;   [5:6]&#10;|       |--RT_TAG_START -&gt; RT_TAG_START [5:7]&#10;|       |   |--START -&gt; &lt; [5:7]&#10;|       |   |--RT_HTML_TAG_NAME -&gt; Rt [5:8]&#10;|       |   `--END -&gt; &gt; [5:10]&#10;|       |--TEXT -&gt;   [5:11]&#10;|       `--TH_TAG_END -&gt; TH_TAG_END [5:12]&#10;|           |--START -&gt; &lt; [5:12]&#10;|           |--SLASH -&gt; / [5:13]&#10;|           |--TH_HTML_TAG_NAME -&gt; th [5:14]&#10;|           `--END -&gt; &gt; [5:16]&#10;|--NEWLINE -&gt; \n [5:17]&#10;|--LEADING_ASTERISK -&gt; * [6:0]&#10;|--TEXT -&gt;   [6:1]&#10;|--HTML_ELEMENT -&gt; HTML_ELEMENT [6:2]&#10;|   `--BODY -&gt; BODY [6:2]&#10;|       |--BODY_TAG_START -&gt; BODY_TAG_START [6:2]&#10;|       |   |--START -&gt; &lt; [6:2]&#10;|       |   |--BODY_HTML_TAG_NAME -&gt; body [6:3]&#10;|       |   `--END -&gt; &gt; [6:7]&#10;|       |--TEXT -&gt;   [6:8]&#10;|       |--RT_TAG_START -&gt; RT_TAG_START [6:9]&#10;|       |   |--START -&gt; &lt; [6:9]&#10;|       |   |--RT_HTML_TAG_NAME -&gt; rt [6:10]&#10;|       |   `--END -&gt; &gt; [6:12]&#10;|       |--TEXT -&gt;   [6:13]&#10;|       `--BODY_TAG_END -&gt; BODY_TAG_END [6:14]&#10;|           |--START -&gt; &lt; [6:14]&#10;|           |--SLASH -&gt; / [6:15]&#10;|           |--BODY_HTML_TAG_NAME -&gt; body [6:16]&#10;|           `--END -&gt; &gt; [6:20]&#10;|--NEWLINE -&gt; \n [6:21]&#10;|--LEADING_ASTERISK -&gt; * [7:0]&#10;|--TEXT -&gt;   [7:1]&#10;|--HTML_ELEMENT -&gt; HTML_ELEMENT [7:2]&#10;|   `--COLGROUP -&gt; COLGROUP [7:2]&#10;|       |--COLGROUP_TAG_START -&gt; COLGROUP_TAG_START [7:2]&#10;|       |   |--START -&gt; &lt; [7:2]&#10;|       |   |--COLGROUP_HTML_TAG_NAME -&gt; colgroup [7:3]&#10;|       |   `--END -&gt; &gt; [7:11]&#10;|       |--TEXT -&gt;   [7:12]&#10;|       |--RT_TAG_START -&gt; RT_TAG_START [7:13]&#10;|       |   |--START -&gt; &lt; [7:13]&#10;|       |   |--RT_HTML_TAG_NAME -&gt; rt [7:14]&#10;|       |   `--END -&gt; &gt; [7:16]&#10;|       |--TEXT -&gt;   [7:17]&#10;|       `--COLGROUP_TAG_END -&gt; COLGROUP_TAG_END [7:18]&#10;|           |--START -&gt; &lt; [7:18]&#10;|           |--SLASH -&gt; / [7:19]&#10;|           |--COLGROUP_HTML_TAG_NAME -&gt; colgroup [7:20]&#10;|           `--END -&gt; &gt; [7:28]&#10;|--NEWLINE -&gt; \n [7:29]&#10;|--LEADING_ASTERISK -&gt; * [8:0]&#10;|--TEXT -&gt;   [8:1]&#10;|--HTML_ELEMENT -&gt; HTML_ELEMENT [8:2]&#10;|   `--DD -&gt; DD [8:2]&#10;|       |--DD_TAG_START -&gt; DD_TAG_START [8:2]&#10;|       |   |--START -&gt; &lt; [8:2]&#10;|       |   |--DD_HTML_TAG_NAME -&gt; dd [8:3]&#10;|       |   `--END -&gt; &gt; [8:5]&#10;|       |--TEXT -&gt;   [8:6]&#10;|       |--RT_TAG_START -&gt; RT_TAG_START [8:7]&#10;|       |   |--START -&gt; &lt; [8:7]&#10;|       |   |--RT_HTML_TAG_NAME -&gt; rt [8:8]&#10;|       |   `--END -&gt; &gt; [8:10]&#10;|       |--TEXT -&gt;   [8:11]&#10;|       `--DD_TAG_END -&gt; DD_TAG_END [8:12]&#10;|           |--START -&gt; &lt; [8:12]&#10;|           |--SLASH -&gt; / [8:13]&#10;|           |--DD_HTML_TAG_NAME -&gt; dd [8:14]&#10;|           `--END -&gt; &gt; [8:16]&#10;|--NEWLINE -&gt; \n [8:17]&#10;|--LEADING_ASTERISK -&gt; * [9:0]&#10;|--TEXT -&gt;   [9:1]&#10;|--HTML_ELEMENT -&gt; HTML_ELEMENT [9:2]&#10;|   `--DT -&gt; DT [9:2]&#10;|       |--DT_TAG_START -&gt; DT_TAG_START [9:2]&#10;|       |   |--START -&gt; &lt; [9:2]&#10;|       |   |--DT_HTML_TAG_NAME -&gt; dt [9:3]&#10;|       |   `--END -&gt; &gt; [9:5]&#10;|       |--TEXT -&gt;   [9:6]&#10;|       |--RT_TAG_START -&gt; RT_TAG_START [9:7]&#10;|       |   |--START -&gt; &lt; [9:7]&#10;|       |   |--RT_HTML_TAG_NAME -&gt; rt [9:8]&#10;|       |   `--END -&gt; &gt; [9:10]&#10;|       |--TEXT -&gt;   [9:11]&#10;|       `--DT_TAG_END -&gt; DT_TAG_END [9:12]&#10;|           |--START -&gt; &lt; [9:12]&#10;|           |--SLASH -&gt; / [9:13]&#10;|           |--DT_HTML_TAG_NAME -&gt; dt [9:14]&#10;|           `--END -&gt; &gt; [9:16]&#10;|--NEWLINE -&gt; \n [9:17]&#10;|--LEADING_ASTERISK -&gt; * [10:0]&#10;|--TEXT -&gt;   [10:1]&#10;|--HTML_ELEMENT -&gt; HTML_ELEMENT [10:2]&#10;|   `--HEAD -&gt; HEAD [10:2]&#10;|       |--HEAD_TAG_START -&gt; HEAD_TAG_START [10:2]&#10;|       |   |--START -&gt; &lt; [10:2]&#10;|       |   |--HEAD_HTML_TAG_NAME -&gt; head [10:3]&#10;|       |   `--END -&gt; &gt; [10:7]&#10;|       |--TEXT -&gt;   [10:8]&#10;|       |--RT_TAG_START -&gt; RT_TAG_START [10:9]&#10;|       |   |--START -&gt; &lt; [10:9]&#10;|       |   |--RT_HTML_TAG_NAME -&gt; rt [10:10]&#10;|       |   `--END -&gt; &gt; [10:12]&#10;|       |--TEXT -&gt;   [10:13]&#10;|       `--HEAD_TAG_END -&gt; HEAD_TAG_END [10:14]&#10;|           |--START -&gt; &lt; [10:14]&#10;|           |--SLASH -&gt; / [10:15]&#10;|           |--HEAD_HTML_TAG_NAME -&gt; head [10:16]&#10;|           `--END -&gt; &gt; [10:20]&#10;|--NEWLINE -&gt; \n [10:21]&#10;|--LEADING_ASTERISK -&gt; * [11:0]&#10;|--TEXT -&gt;   [11:1]&#10;|--HTML_ELEMENT -&gt; HTML_ELEMENT [11:2]&#10;|   `--HTML -&gt; HTML [11:2]&#10;|       |--HTML_TAG_START -&gt; HTML_TAG_START [11:2]&#10;|       |   |--START -&gt; &lt; [11:2]&#10;|       |   |--HTML_HTML_TAG_NAME -&gt; html [11:3]&#10;|       |   `--END -&gt; &gt; [11:7]&#10;|       |--TEXT -&gt;   [11:8]&#10;|       |--RT_TAG_START -&gt; RT_TAG_START [11:9]&#10;|       |   |--START -&gt; &lt; [11:9]&#10;|       |   |--RT_HTML_TAG_NAME -&gt; rt [11:10]&#10;|       |   `--END -&gt; &gt; [11:12]&#10;|       |--TEXT -&gt;   [11:13]&#10;|       `--HTML_TAG_END -&gt; HTML_TAG_END [11:14]&#10;|           |--START -&gt; &lt; [11:14]&#10;|           |--SLASH -&gt; / [11:15]&#10;|           |--HTML_HTML_TAG_NAME -&gt; html [11:16]&#10;|           `--END -&gt; &gt; [11:20]&#10;|--NEWLINE -&gt; \n [11:21]&#10;|--LEADING_ASTERISK -&gt; * [12:0]&#10;|--TEXT -&gt;   [12:1]&#10;|--HTML_ELEMENT -&gt; HTML_ELEMENT [12:2]&#10;|   `--OPTION -&gt; OPTION [12:2]&#10;|       |--OPTION_TAG_START -&gt; OPTION_TAG_START [12:2]&#10;|       |   |--START -&gt; &lt; [12:2]&#10;|       |   |--OPTION_HTML_TAG_NAME -&gt; option [12:3]&#10;|       |   `--END -&gt; &gt; [12:9]&#10;|       |--TEXT -&gt;   [12:10]&#10;|       |--RT_TAG_START -&gt; RT_TAG_START [12:11]&#10;|       |   |--START -&gt; &lt; [12:11]&#10;|       |   |--RT_HTML_TAG_NAME -&gt; rt [12:12]&#10;|       |   `--END -&gt; &gt; [12:14]&#10;|       |--TEXT -&gt;   [12:15]&#10;|       `--OPTION_TAG_END -&gt; OPTION_TAG_END [12:16]&#10;|           |--START -&gt; &lt; [12:16]&#10;|           |--SLASH -&gt; / [12:17]&#10;|           |--OPTION_HTML_TAG_NAME -&gt; option [12:18]&#10;|           `--END -&gt; &gt; [12:24]&#10;|--NEWLINE -&gt; \n [12:25]&#10;|--LEADING_ASTERISK -&gt; * [13:0]&#10;|--TEXT -&gt;   [13:1]&#10;|--HTML_ELEMENT -&gt; HTML_ELEMENT [13:2]&#10;|   `--TBODY -&gt; TBODY [13:2]&#10;|       |--TBODY_TAG_START -&gt; TBODY_TAG_START [13:2]&#10;|       |   |--START -&gt; &lt; [13:2]&#10;|       |   |--TBODY_HTML_TAG_NAME -&gt; tbody [13:3]&#10;|       |   `--END -&gt; &gt; [13:8]&#10;|       |--TEXT -&gt;   [13:9]&#10;|       |--RT_TAG_START -&gt; RT_TAG_START [13:10]&#10;|       |   |--START -&gt; &lt; [13:10]&#10;|       |   |--RT_HTML_TAG_NAME -&gt; rt [13:11]&#10;|       |   `--END -&gt; &gt; [13:13]&#10;|       |--TEXT -&gt;   [13:14]&#10;|       `--TBODY_TAG_END -&gt; TBODY_TAG_END [13:15]&#10;|           |--START -&gt; &lt; [13:15]&#10;|           |--SLASH -&gt; / [13:16]&#10;|           |--TBODY_HTML_TAG_NAME -&gt; tbody [13:17]&#10;|           `--END -&gt; &gt; [13:22]&#10;|--NEWLINE -&gt; \n [13:23]&#10;|--LEADING_ASTERISK -&gt; * [14:0]&#10;|--TEXT -&gt;   [14:1]&#10;|--HTML_ELEMENT -&gt; HTML_ELEMENT [14:2]&#10;|   `--TFOOT -&gt; TFOOT [14:2]&#10;|       |--TFOOT_TAG_START -&gt; TFOOT_TAG_START [14:2]&#10;|       |   |--START -&gt; &lt; [14:2]&#10;|       |   |--TFOOT_HTML_TAG_NAME -&gt; tfoot [14:3]&#10;|       |   `--END -&gt; &gt; [14:8]&#10;|       |--TEXT -&gt;   [14:9]&#10;|       |--RT_TAG_START -&gt; RT_TAG_START [14:10]&#10;|       |   |--START -&gt; &lt; [14:10]&#10;|       |   |--RT_HTML_TAG_NAME -&gt; rt [14:11]&#10;|       |   `--END -&gt; &gt; [14:13]&#10;|       |--TEXT -&gt;   [14:14]&#10;|       `--TFOOT_TAG_END -&gt; TFOOT_TAG_END [14:15]&#10;|           |--START -&gt; &lt; [14:15]&#10;|           |--SLASH -&gt; / [14:16]&#10;|           |--TFOOT_HTML_TAG_NAME -&gt; tfoot [14:17]&#10;|           `--END -&gt; &gt; [14:22]&#10;|--NEWLINE -&gt; \n [14:23]&#10;|--LEADING_ASTERISK -&gt; * [15:0]&#10;|--TEXT -&gt;   [15:1]&#10;|--HTML_ELEMENT -&gt; HTML_ELEMENT [15:2]&#10;|   `--RT_TAG_START -&gt; RT_TAG_START [15:2]&#10;|       |--START -&gt; &lt; [15:2]&#10;|       |--RT_HTML_TAG_NAME -&gt; rt [15:3]&#10;|       |--WS -&gt;   [15:5]&#10;|       |--ATTRIBUTE -&gt; ATTRIBUTE [15:6]&#10;|       |   |--HTML_TAG_NAME -&gt; style [15:6]&#10;|       |   |--EQUALS -&gt; = [15:11]&#10;|       |   `--ATTR_VALUE -&gt; &quot;color:red&quot; [15:12]&#10;|       |--WS -&gt;   [15:24]&#10;|       |--NEWLINE -&gt; \n [15:25]&#10;|       |--LEADING_ASTERISK -&gt; * [16:0]&#10;|       |--NEWLINE -&gt; \n [16:1]&#10;|       |--LEADING_ASTERISK -&gt; * [17:0]&#10;|       |--WS -&gt;   [17:1]&#10;|       `--END -&gt; &gt; [17:2]&#10;|--TEXT -&gt;   [17:3]&#10;|--HTML_COMMENT -&gt; HTML_COMMENT [17:4]&#10;|   |--HTML_COMMENT_START -&gt; &lt;!-- [17:4]&#10;|   |--TEXT -&gt; HTML COMMENT [17:8]&#10;|   `--HTML_COMMENT_END -&gt; --&gt; [17:20]&#10;`--EOF -&gt; &lt;EOF&gt; [17:23]]&#10;&gt; but was:&lt;...DOC -&gt; JAVADOC [0:0][&#10;|--LEADING_ASTERISK -&gt; * [0:0]&#10;|--TEXT -&gt;   [0:1]&#10;|--HTML_ELEMENT -&gt; HTML_ELEMENT [0:2]&#10;|   `--RT_TAG_END -&gt; RT_TAG_END [0:2]&#10;|       |--START -&gt; &lt; [0:2]&#10;|       |--SLASH -&gt; / [0:3]&#10;|       |--RT_HTML_TAG_NAME -&gt; rt [0:4]&#10;|       `--END -&gt; &gt; [0:6]&#10;|--TEXT -&gt;   [0:7]&#10;|--HTML_ELEMENT -&gt; HTML_ELEMENT [0:8]&#10;|   `--RT_TAG_START -&gt; RT_TAG_START [0:8]&#10;|       |--START -&gt; &lt; [0:8]&#10;|       |--RT_HTML_TAG_NAME -&gt; rt [0:9]&#10;|       `--END -&gt; &gt; [0:11]&#10;|--NEWLINE -&gt; \n [0:12]&#10;|--LEADING_ASTERISK -&gt; * [1:0]&#10;|--TEXT -&gt;   [1:1]&#10;|--HTML_ELEMENT -&gt; HTML_ELEMENT [1:2]&#10;|   `--PARAGRAPH -&gt; PARAGRAPH [1:2]&#10;|       |--P_TAG_START -&gt; P_TAG_START [1:2]&#10;|       |   |--START -&gt; &lt; [1:2]&#10;|       |   |--P_HTML_TAG_NAME -&gt; p [1:3]&#10;|       |   `--END -&gt; &gt; [1:4]&#10;|       |--TEXT -&gt;   [1:5]&#10;|       |--RT_TAG_START -&gt; RT_TAG_START [1:6]&#10;|       |   |--START -&gt; &lt; [1:6]&#10;|       |   |--RT_HTML_TAG_NAME -&gt; rt [1:7]&#10;|       |   `--END -&gt; &gt; [1:9]&#10;|       |--TEXT -&gt;   [1:10]&#10;|       `--P_TAG_END -&gt; P_TAG_END [1:11]&#10;|           |--START -&gt; &lt; [1:11]&#10;|           |--SLASH -&gt; / [1:12]&#10;|           |--P_HTML_TAG_NAME -&gt; p [1:13]&#10;|           `--END -&gt; &gt; [1:14]&#10;|--NEWLINE -&gt; \n [1:15]&#10;|--LEADING_ASTERISK -&gt; * [2:0]&#10;|--TEXT -&gt;   [2:1]&#10;|--HTML_ELEMENT -&gt; HTML_ELEMENT [2:2]&#10;|   `--LI -&gt; LI [2:2]&#10;|       |--LI_TAG_START -&gt; LI_TAG_START [2:2]&#10;|       |   |--START -&gt; &lt; [2:2]&#10;|       |   |--LI_HTML_TAG_NAME -&gt; li [2:3]&#10;|       |   `--END -&gt; &gt; [2:5]&#10;|       |--TEXT -&gt;   [2:6]&#10;|       |--RT_TAG_START -&gt; RT_TAG_START [2:7]&#10;|       |   |--START -&gt; &lt; [2:7]&#10;|       |   |--RT_HTML_TAG_NAME -&gt; rt [2:8]&#10;|       |   `--END -&gt; &gt; [2:10]&#10;|       |--TEXT -&gt;   [2:11]&#10;|       `--LI_TAG_END -&gt; LI_TAG_END [2:12]&#10;|           |--START -&gt; &lt; [2:12]&#10;|           |--SLASH -&gt; / [2:13]&#10;|           |--LI_HTML_TAG_NAME -&gt; li [2:14]&#10;|           `--END -&gt; &gt; [2:16]&#10;|--NEWLINE -&gt; \n [2:17]&#10;|--LEADING_ASTERISK -&gt; * [3:0]&#10;|--TEXT -&gt;   [3:1]&#10;|--HTML_ELEMENT -&gt; HTML_ELEMENT [3:2]&#10;|   `--TR -&gt; TR [3:2]&#10;|       |--TR_TAG_START -&gt; TR_TAG_START [3:2]&#10;|       |   |--START -&gt; &lt; [3:2]&#10;|       |   |--TR_HTML_TAG_NAME -&gt; tr [3:3]&#10;|       |   `--END -&gt; &gt; [3:5]&#10;|       |--TEXT -&gt;   [3:6]&#10;|       |--RT_TAG_START -&gt; RT_TAG_START [3:7]&#10;|       |   |--START -&gt; &lt; [3:7]&#10;|       |   |--RT_HTML_TAG_NAME -&gt; rT [3:8]&#10;|       |   `--END -&gt; &gt; [3:10]&#10;|       |--TEXT -&gt;   [3:11]&#10;|       `--TR_TAG_END -&gt; TR_TAG_END [3:12]&#10;|           |--START -&gt; &lt; [3:12]&#10;|           |--SLASH -&gt; / [3:13]&#10;|           |--TR_HTML_TAG_NAME -&gt; tr [3:14]&#10;|           `--END -&gt; &gt; [3:16]&#10;|--NEWLINE -&gt; \n [3:17]&#10;|--LEADING_ASTERISK -&gt; * [4:0]&#10;|--TEXT -&gt;   [4:1]&#10;|--HTML_ELEMENT -&gt; HTML_ELEMENT [4:2]&#10;|   `--TD -&gt; TD [4:2]&#10;|       |--TD_TAG_START -&gt; TD_TAG_START [4:2]&#10;|       |   |--START -&gt; &lt; [4:2]&#10;|       |   |--TD_HTML_TAG_NAME -&gt; td [4:3]&#10;|       |   `--END -&gt; &gt; [4:5]&#10;|       |--TEXT -&gt;   [4:6]&#10;|       |--RT_TAG_START -&gt; RT_TAG_START [4:7]&#10;|       |   |--START -&gt; &lt; [4:7]&#10;|       |   |--RT_HTML_TAG_NAME -&gt; RT [4:8]&#10;|       |   `--END -&gt; &gt; [4:10]&#10;|       |--TEXT -&gt;   [4:11]&#10;|       `--TD_TAG_END -&gt; TD_TAG_END [4:12]&#10;|           |--START -&gt; &lt; [4:12]&#10;|           |--SLASH -&gt; / [4:13]&#10;|           |--TD_HTML_TAG_NAME -&gt; td [4:14]&#10;|           `--END -&gt; &gt; [4:16]&#10;|--NEWLINE -&gt; \n [4:17]&#10;|--LEADING_ASTERISK -&gt; * [5:0]&#10;|--TEXT -&gt;   [5:1]&#10;|--HTML_ELEMENT -&gt; HTML_ELEMENT [5:2]&#10;|   `--TH -&gt; TH [5:2]&#10;|       |--TH_TAG_START -&gt; TH_TAG_START [5:2]&#10;|       |   |--START -&gt; &lt; [5:2]&#10;|       |   |--TH_HTML_TAG_NAME -&gt; th [5:3]&#10;|       |   `--END -&gt; &gt; [5:5]&#10;|       |--TEXT -&gt;   [5:6]&#10;|       |--RT_TAG_START -&gt; RT_TAG_START [5:7]&#10;|       |   |--START -&gt; &lt; [5:7]&#10;|       |   |--RT_HTML_TAG_NAME -&gt; Rt [5:8]&#10;|       |   `--END -&gt; &gt; [5:10]&#10;|       |--TEXT -&gt;   [5:11]&#10;|       `--TH_TAG_END -&gt; TH_TAG_END [5:12]&#10;|           |--START -&gt; &lt; [5:12]&#10;|           |--SLASH -&gt; / [5:13]&#10;|           |--TH_HTML_TAG_NAME -&gt; th [5:14]&#10;|           `--END -&gt; &gt; [5:16]&#10;|--NEWLINE -&gt; \n [5:17]&#10;|--LEADING_ASTERISK -&gt; * [6:0]&#10;|--TEXT -&gt;   [6:1]&#10;|--HTML_ELEMENT -&gt; HTML_ELEMENT [6:2]&#10;|   `--BODY -&gt; BODY [6:2]&#10;|       |--BODY_TAG_START -&gt; BODY_TAG_START [6:2]&#10;|       |   |--START -&gt; &lt; [6:2]&#10;|       |   |--BODY_HTML_TAG_NAME -&gt; body [6:3]&#10;|       |   `--END -&gt; &gt; [6:7]&#10;|       |--TEXT -&gt;   [6:8]&#10;|       |--RT_TAG_START -&gt; RT_TAG_START [6:9]&#10;|       |   |--START -&gt; &lt; [6:9]&#10;|       |   |--RT_HTML_TAG_NAME -&gt; rt [6:10]&#10;|       |   `--END -&gt; &gt; [6:12]&#10;|       |--TEXT -&gt;   [6:13]&#10;|       `--BODY_TAG_END -&gt; BODY_TAG_END [6:14]&#10;|           |--START -&gt; &lt; [6:14]&#10;|           |--SLASH -&gt; / [6:15]&#10;|           |--BODY_HTML_TAG_NAME -&gt; body [6:16]&#10;|           `--END -&gt; &gt; [6:20]&#10;|--NEWLINE -&gt; \n [6:21]&#10;|--LEADING_ASTERISK -&gt; * [7:0]&#10;|--TEXT -&gt;   [7:1]&#10;|--HTML_ELEMENT -&gt; HTML_ELEMENT [7:2]&#10;|   `--COLGROUP -&gt; COLGROUP [7:2]&#10;|       |--COLGROUP_TAG_START -&gt; COLGROUP_TAG_START [7:2]&#10;|       |   |--START -&gt; &lt; [7:2]&#10;|       |   |--COLGROUP_HTML_TAG_NAME -&gt; colgroup [7:3]&#10;|       |   `--END -&gt; &gt; [7:11]&#10;|       |--TEXT -&gt;   [7:12]&#10;|       |--RT_TAG_START -&gt; RT_TAG_START [7:13]&#10;|       |   |--START -&gt; &lt; [7:13]&#10;|       |   |--RT_HTML_TAG_NAME -&gt; rt [7:14]&#10;|       |   `--END -&gt; &gt; [7:16]&#10;|       |--TEXT -&gt;   [7:17]&#10;|       `--COLGROUP_TAG_END -&gt; COLGROUP_TAG_END [7:18]&#10;|           |--START -&gt; &lt; [7:18]&#10;|           |--SLASH -&gt; / [7:19]&#10;|           |--COLGROUP_HTML_TAG_NAME -&gt; colgroup [7:20]&#10;|           `--END -&gt; &gt; [7:28]&#10;|--NEWLINE -&gt; \n [7:29]&#10;|--LEADING_ASTERISK -&gt; * [8:0]&#10;|--TEXT -&gt;   [8:1]&#10;|--HTML_ELEMENT -&gt; HTML_ELEMENT [8:2]&#10;|   `--DD -&gt; DD [8:2]&#10;|       |--DD_TAG_START -&gt; DD_TAG_START [8:2]&#10;|       |   |--START -&gt; &lt; [8:2]&#10;|       |   |--DD_HTML_TAG_NAME -&gt; dd [8:3]&#10;|       |   `--END -&gt; &gt; [8:5]&#10;|       |--TEXT -&gt;   [8:6]&#10;|       |--RT_TAG_START -&gt; RT_TAG_START [8:7]&#10;|       |   |--START -&gt; &lt; [8:7]&#10;|       |   |--RT_HTML_TAG_NAME -&gt; rt [8:8]&#10;|       |   `--END -&gt; &gt; [8:10]&#10;|       |--TEXT -&gt;   [8:11]&#10;|       `--DD_TAG_END -&gt; DD_TAG_END [8:12]&#10;|           |--START -&gt; &lt; [8:12]&#10;|           |--SLASH -&gt; / [8:13]&#10;|           |--DD_HTML_TAG_NAME -&gt; dd [8:14]&#10;|           `--END -&gt; &gt; [8:16]&#10;|--NEWLINE -&gt; \n [8:17]&#10;|--LEADING_ASTERISK -&gt; * [9:0]&#10;|--TEXT -&gt;   [9:1]&#10;|--HTML_ELEMENT -&gt; HTML_ELEMENT [9:2]&#10;|   `--DT -&gt; DT [9:2]&#10;|       |--DT_TAG_START -&gt; DT_TAG_START [9:2]&#10;|       |   |--START -&gt; &lt; [9:2]&#10;|       |   |--DT_HTML_TAG_NAME -&gt; dt [9:3]&#10;|       |   `--END -&gt; &gt; [9:5]&#10;|       |--TEXT -&gt;   [9:6]&#10;|       |--RT_TAG_START -&gt; RT_TAG_START [9:7]&#10;|       |   |--START -&gt; &lt; [9:7]&#10;|       |   |--RT_HTML_TAG_NAME -&gt; rt [9:8]&#10;|       |   `--END -&gt; &gt; [9:10]&#10;|       |--TEXT -&gt;   [9:11]&#10;|       `--DT_TAG_END -&gt; DT_TAG_END [9:12]&#10;|           |--START -&gt; &lt; [9:12]&#10;|           |--SLASH -&gt; / [9:13]&#10;|           |--DT_HTML_TAG_NAME -&gt; dt [9:14]&#10;|           `--END -&gt; &gt; [9:16]&#10;|--NEWLINE -&gt; \n [9:17]&#10;|--LEADING_ASTERISK -&gt; * [10:0]&#10;|--TEXT -&gt;   [10:1]&#10;|--HTML_ELEMENT -&gt; HTML_ELEMENT [10:2]&#10;|   `--HEAD -&gt; HEAD [10:2]&#10;|       |--HEAD_TAG_START -&gt; HEAD_TAG_START [10:2]&#10;|       |   |--START -&gt; &lt; [10:2]&#10;|       |   |--HEAD_HTML_TAG_NAME -&gt; head [10:3]&#10;|       |   `--END -&gt; &gt; [10:7]&#10;|       |--TEXT -&gt;   [10:8]&#10;|       |--RT_TAG_START -&gt; RT_TAG_START [10:9]&#10;|       |   |--START -&gt; &lt; [10:9]&#10;|       |   |--RT_HTML_TAG_NAME -&gt; rt [10:10]&#10;|       |   `--END -&gt; &gt; [10:12]&#10;|       |--TEXT -&gt;   [10:13]&#10;|       `--HEAD_TAG_END -&gt; HEAD_TAG_END [10:14]&#10;|           |--START -&gt; &lt; [10:14]&#10;|           |--SLASH -&gt; / [10:15]&#10;|           |--HEAD_HTML_TAG_NAME -&gt; head [10:16]&#10;|           `--END -&gt; &gt; [10:20]&#10;|--NEWLINE -&gt; \n [10:21]&#10;|--LEADING_ASTERISK -&gt; * [11:0]&#10;|--TEXT -&gt;   [11:1]&#10;|--HTML_ELEMENT -&gt; HTML_ELEMENT [11:2]&#10;|   `--HTML -&gt; HTML [11:2]&#10;|       |--HTML_TAG_START -&gt; HTML_TAG_START [11:2]&#10;|       |   |--START -&gt; &lt; [11:2]&#10;|       |   |--HTML_HTML_TAG_NAME -&gt; html [11:3]&#10;|       |   `--END -&gt; &gt; [11:7]&#10;|       |--TEXT -&gt;   [11:8]&#10;|       |--RT_TAG_START -&gt; RT_TAG_START [11:9]&#10;|       |   |--START -&gt; &lt; [11:9]&#10;|       |   |--RT_HTML_TAG_NAME -&gt; rt [11:10]&#10;|       |   `--END -&gt; &gt; [11:12]&#10;|       |--TEXT -&gt;   [11:13]&#10;|       `--HTML_TAG_END -&gt; HTML_TAG_END [11:14]&#10;|           |--START -&gt; &lt; [11:14]&#10;|           |--SLASH -&gt; / [11:15]&#10;|           |--HTML_HTML_TAG_NAME -&gt; html [11:16]&#10;|           `--END -&gt; &gt; [11:20]&#10;|--NEWLINE -&gt; \n [11:21]&#10;|--LEADING_ASTERISK -&gt; * [12:0]&#10;|--TEXT -&gt;   [12:1]&#10;|--HTML_ELEMENT -&gt; HTML_ELEMENT [12:2]&#10;|   `--OPTION -&gt; OPTION [12:2]&#10;|       |--OPTION_TAG_START -&gt; OPTION_TAG_START [12:2]&#10;|       |   |--START -&gt; &lt; [12:2]&#10;|       |   |--OPTION_HTML_TAG_NAME -&gt; option [12:3]&#10;|       |   `--END -&gt; &gt; [12:9]&#10;|       |--TEXT -&gt;   [12:10]&#10;|       |--RT_TAG_START -&gt; RT_TAG_START [12:11]&#10;|       |   |--START -&gt; &lt; [12:11]&#10;|       |   |--RT_HTML_TAG_NAME -&gt; rt [12:12]&#10;|       |   `--END -&gt; &gt; [12:14]&#10;|       |--TEXT -&gt;   [12:15]&#10;|       `--OPTION_TAG_END -&gt; OPTION_TAG_END [12:16]&#10;|           |--START -&gt; &lt; [12:16]&#10;|           |--SLASH -&gt; / [12:17]&#10;|           |--OPTION_HTML_TAG_NAME -&gt; option [12:18]&#10;|           `--END -&gt; &gt; [12:24]&#10;|--NEWLINE -&gt; \n [12:25]&#10;|--LEADING_ASTERISK -&gt; * [13:0]&#10;|--TEXT -&gt;   [13:1]&#10;|--HTML_ELEMENT -&gt; HTML_ELEMENT [13:2]&#10;|   `--TBODY -&gt; TBODY [13:2]&#10;|       |--TBODY_TAG_START -&gt; TBODY_TAG_START [13:2]&#10;|       |   |--START -&gt; &lt; [13:2]&#10;|       |   |--TBODY_HTML_TAG_NAME -&gt; tbody [13:3]&#10;|       |   `--END -&gt; &gt; [13:8]&#10;|       |--TEXT -&gt;   [13:9]&#10;|       |--RT_TAG_START -&gt; RT_TAG_START [13:10]&#10;|       |   |--START -&gt; &lt; [13:10]&#10;|       |   |--RT_HTML_TAG_NAME -&gt; rt [13:11]&#10;|       |   `--END -&gt; &gt; [13:13]&#10;|       |--TEXT -&gt;   [13:14]&#10;|       `--TBODY_TAG_END -&gt; TBODY_TAG_END [13:15]&#10;|           |--START -&gt; &lt; [13:15]&#10;|           |--SLASH -&gt; / [13:16]&#10;|           |--TBODY_HTML_TAG_NAME -&gt; tbody [13:17]&#10;|           `--END -&gt; &gt; [13:22]&#10;|--NEWLINE -&gt; \n [13:23]&#10;|--LEADING_ASTERISK -&gt; * [14:0]&#10;|--TEXT -&gt;   [14:1]&#10;|--HTML_ELEMENT -&gt; HTML_ELEMENT [14:2]&#10;|   `--TFOOT -&gt; TFOOT [14:2]&#10;|       |--TFOOT_TAG_START -&gt; TFOOT_TAG_START [14:2]&#10;|       |   |--START -&gt; &lt; [14:2]&#10;|       |   |--TFOOT_HTML_TAG_NAME -&gt; tfoot [14:3]&#10;|       |   `--END -&gt; &gt; [14:8]&#10;|       |--TEXT -&gt;   [14:9]&#10;|       |--RT_TAG_START -&gt; RT_TAG_START [14:10]&#10;|       |   |--START -&gt; &lt; [14:10]&#10;|       |   |--RT_HTML_TAG_NAME -&gt; rt [14:11]&#10;|       |   `--END -&gt; &gt; [14:13]&#10;|       |--TEXT -&gt;   [14:14]&#10;|       `--TFOOT_TAG_END -&gt; TFOOT_TAG_END [14:15]&#10;|           |--START -&gt; &lt; [14:15]&#10;|           |--SLASH -&gt; / [14:16]&#10;|           |--TFOOT_HTML_TAG_NAME -&gt; tfoot [14:17]&#10;|           `--END -&gt; &gt; [14:22]&#10;|--NEWLINE -&gt; \n [14:23]&#10;|--LEADING_ASTERISK -&gt; * [15:0]&#10;|--TEXT -&gt;   [15:1]&#10;|--HTML_ELEMENT -&gt; HTML_ELEMENT [15:2]&#10;|   `--RT_TAG_START -&gt; RT_TAG_START [15:2]&#10;|       |--START -&gt; &lt; [15:2]&#10;|       |--RT_HTML_TAG_NAME -&gt; rt [15:3]&#10;|       |--WS -&gt;   [15:5]&#10;|       |--ATTRIBUTE -&gt; ATTRIBUTE [15:6]&#10;|       |   |--HTML_TAG_NAME -&gt; style [15:6]&#10;|       |   |--EQUALS -&gt; = [15:11]&#10;|       |   `--ATTR_VALUE -&gt; &quot;color:red&quot; [15:12]&#10;|       |--WS -&gt;   [15:24]&#10;|       |--NEWLINE -&gt; \n [15:25]&#10;|       |--LEADING_ASTERISK -&gt; * [16:0]&#10;|       |--NEWLINE -&gt; \n [16:1]&#10;|       |--LEADING_ASTERISK -&gt; * [17:0]&#10;|       |--WS -&gt;   [17:1]&#10;|       `--END -&gt; &gt; [17:2]&#10;|--TEXT -&gt;   [17:3]&#10;|--HTML_COMMENT -&gt; HTML_COMMENT [17:4]&#10;|   |--HTML_COMMENT_START -&gt; &lt;!-- [17:4]&#10;|   |--TEXT -&gt; HTML COMMENT [17:8]&#10;|   `--HTML_COMMENT_END -&gt; --&gt; [17:20]&#10;`--EOF -&gt; &lt;EOF&gt; [17:23]&#13;]&#10;&gt;" type="org.junit.ComparisonFailure"><![CDATA[org.junit.ComparisonFailure: 
Generated tree from the javadoc file should match the pre-defined tree expected:<...DOC -> JAVADOC [0:0][
|--LEADING_ASTERISK -> * [0:0]
|--TEXT ->   [0:1]
|--HTML_ELEMENT -> HTML_ELEMENT [0:2]
|   `--RT_TAG_END -> RT_TAG_END [0:2]
|       |--START -> < [0:2]
|       |--SLASH -> / [0:3]
|       |--RT_HTML_TAG_NAME -> rt [0:4]
|       `--END -> > [0:6]
|--TEXT ->   [0:7]
|--HTML_ELEMENT -> HTML_ELEMENT [0:8]
|   `--RT_TAG_START -> RT_TAG_START [0:8]
|       |--START -> < [0:8]
|       |--RT_HTML_TAG_NAME -> rt [0:9]
|       `--END -> > [0:11]
|--NEWLINE -> \n [0:12]
|--LEADING_ASTERISK -> * [1:0]
|--TEXT ->   [1:1]
|--HTML_ELEMENT -> HTML_ELEMENT [1:2]
|   `--PARAGRAPH -> PARAGRAPH [1:2]
|       |--P_TAG_START -> P_TAG_START [1:2]
|       |   |--START -> < [1:2]
|       |   |--P_HTML_TAG_NAME -> p [1:3]
|       |   `--END -> > [1:4]
|       |--TEXT ->   [1:5]
|       |--RT_TAG_START -> RT_TAG_START [1:6]
|       |   |--START -> < [1:6]
|       |   |--RT_HTML_TAG_NAME -> rt [1:7]
|       |   `--END -> > [1:9]
|       |--TEXT ->   [1:10]
|       `--P_TAG_END -> P_TAG_END [1:11]
|           |--START -> < [1:11]
|           |--SLASH -> / [1:12]
|           |--P_HTML_TAG_NAME -> p [1:13]
|           `--END -> > [1:14]
|--NEWLINE -> \n [1:15]
|--LEADING_ASTERISK -> * [2:0]
|--TEXT ->   [2:1]
|--HTML_ELEMENT -> HTML_ELEMENT [2:2]
|   `--LI -> LI [2:2]
|       |--LI_TAG_START -> LI_TAG_START [2:2]
|       |   |--START -> < [2:2]
|       |   |--LI_HTML_TAG_NAME -> li [2:3]
|       |   `--END -> > [2:5]
|       |--TEXT ->   [2:6]
|       |--RT_TAG_START -> RT_TAG_START [2:7]
|       |   |--START -> < [2:7]
|       |   |--RT_HTML_TAG_NAME -> rt [2:8]
|       |   `--END -> > [2:10]
|       |--TEXT ->   [2:11]
|       `--LI_TAG_END -> LI_TAG_END [2:12]
|           |--START -> < [2:12]
|           |--SLASH -> / [2:13]
|           |--LI_HTML_TAG_NAME -> li [2:14]
|           `--END -> > [2:16]
|--NEWLINE -> \n [2:17]
|--LEADING_ASTERISK -> * [3:0]
|--TEXT ->   [3:1]
|--HTML_ELEMENT -> HTML_ELEMENT [3:2]
|   `--TR -> TR [3:2]
|       |--TR_TAG_START -> TR_TAG_START [3:2]
|       |   |--START -> < [3:2]
|       |   |--TR_HTML_TAG_NAME -> tr [3:3]
|       |   `--END -> > [3:5]
|       |--TEXT ->   [3:6]
|       |--RT_TAG_START -> RT_TAG_START [3:7]
|       |   |--START -> < [3:7]
|       |   |--RT_HTML_TAG_NAME -> rT [3:8]
|       |   `--END -> > [3:10]
|       |--TEXT ->   [3:11]
|       `--TR_TAG_END -> TR_TAG_END [3:12]
|           |--START -> < [3:12]
|           |--SLASH -> / [3:13]
|           |--TR_HTML_TAG_NAME -> tr [3:14]
|           `--END -> > [3:16]
|--NEWLINE -> \n [3:17]
|--LEADING_ASTERISK -> * [4:0]
|--TEXT ->   [4:1]
|--HTML_ELEMENT -> HTML_ELEMENT [4:2]
|   `--TD -> TD [4:2]
|       |--TD_TAG_START -> TD_TAG_START [4:2]
|       |   |--START -> < [4:2]
|       |   |--TD_HTML_TAG_NAME -> td [4:3]
|       |   `--END -> > [4:5]
|       |--TEXT ->   [4:6]
|       |--RT_TAG_START -> RT_TAG_START [4:7]
|       |   |--START -> < [4:7]
|       |   |--RT_HTML_TAG_NAME -> RT [4:8]
|       |   `--END -> > [4:10]
|       |--TEXT ->   [4:11]
|       `--TD_TAG_END -> TD_TAG_END [4:12]
|           |--START -> < [4:12]
|           |--SLASH -> / [4:13]
|           |--TD_HTML_TAG_NAME -> td [4:14]
|           `--END -> > [4:16]
|--NEWLINE -> \n [4:17]
|--LEADING_ASTERISK -> * [5:0]
|--TEXT ->   [5:1]
|--HTML_ELEMENT -> HTML_ELEMENT [5:2]
|   `--TH -> TH [5:2]
|       |--TH_TAG_START -> TH_TAG_START [5:2]
|       |   |--START -> < [5:2]
|       |   |--TH_HTML_TAG_NAME -> th [5:3]
|       |   `--END -> > [5:5]
|       |--TEXT ->   [5:6]
|       |--RT_TAG_START -> RT_TAG_START [5:7]
|       |   |--START -> < [5:7]
|       |   |--RT_HTML_TAG_NAME -> Rt [5:8]
|       |   `--END -> > [5:10]
|       |--TEXT ->   [5:11]
|       `--TH_TAG_END -> TH_TAG_END [5:12]
|           |--START -> < [5:12]
|           |--SLASH -> / [5:13]
|           |--TH_HTML_TAG_NAME -> th [5:14]
|           `--END -> > [5:16]
|--NEWLINE -> \n [5:17]
|--LEADING_ASTERISK -> * [6:0]
|--TEXT ->   [6:1]
|--HTML_ELEMENT -> HTML_ELEMENT [6:2]
|   `--BODY -> BODY [6:2]
|       |--BODY_TAG_START -> BODY_TAG_START [6:2]
|       |   |--START -> < [6:2]
|       |   |--BODY_HTML_TAG_NAME -> body [6:3]
|       |   `--END -> > [6:7]
|       |--TEXT ->   [6:8]
|       |--RT_TAG_START -> RT_TAG_START [6:9]
|       |   |--START -> < [6:9]
|       |   |--RT_HTML_TAG_NAME -> rt [6:10]
|       |   `--END -> > [6:12]
|       |--TEXT ->   [6:13]
|       `--BODY_TAG_END -> BODY_TAG_END [6:14]
|           |--START -> < [6:14]
|           |--SLASH -> / [6:15]
|           |--BODY_HTML_TAG_NAME -> body [6:16]
|           `--END -> > [6:20]
|--NEWLINE -> \n [6:21]
|--LEADING_ASTERISK -> * [7:0]
|--TEXT ->   [7:1]
|--HTML_ELEMENT -> HTML_ELEMENT [7:2]
|   `--COLGROUP -> COLGROUP [7:2]
|       |--COLGROUP_TAG_START -> COLGROUP_TAG_START [7:2]
|       |   |--START -> < [7:2]
|       |   |--COLGROUP_HTML_TAG_NAME -> colgroup [7:3]
|       |   `--END -> > [7:11]
|       |--TEXT ->   [7:12]
|       |--RT_TAG_START -> RT_TAG_START [7:13]
|       |   |--START -> < [7:13]
|       |   |--RT_HTML_TAG_NAME -> rt [7:14]
|       |   `--END -> > [7:16]
|       |--TEXT ->   [7:17]
|       `--COLGROUP_TAG_END -> COLGROUP_TAG_END [7:18]
|           |--START -> < [7:18]
|           |--SLASH -> / [7:19]
|           |--COLGROUP_HTML_TAG_NAME -> colgroup [7:20]
|           `--END -> > [7:28]
|--NEWLINE -> \n [7:29]
|--LEADING_ASTERISK -> * [8:0]
|--TEXT ->   [8:1]
|--HTML_ELEMENT -> HTML_ELEMENT [8:2]
|   `--DD -> DD [8:2]
|       |--DD_TAG_START -> DD_TAG_START [8:2]
|       |   |--START -> < [8:2]
|       |   |--DD_HTML_TAG_NAME -> dd [8:3]
|       |   `--END -> > [8:5]
|       |--TEXT ->   [8:6]
|       |--RT_TAG_START -> RT_TAG_START [8:7]
|       |   |--START -> < [8:7]
|       |   |--RT_HTML_TAG_NAME -> rt [8:8]
|       |   `--END -> > [8:10]
|       |--TEXT ->   [8:11]
|       `--DD_TAG_END -> DD_TAG_END [8:12]
|           |--START -> < [8:12]
|           |--SLASH -> / [8:13]
|           |--DD_HTML_TAG_NAME -> dd [8:14]
|           `--END -> > [8:16]
|--NEWLINE -> \n [8:17]
|--LEADING_ASTERISK -> * [9:0]
|--TEXT ->   [9:1]
|--HTML_ELEMENT -> HTML_ELEMENT [9:2]
|   `--DT -> DT [9:2]
|       |--DT_TAG_START -> DT_TAG_START [9:2]
|       |   |--START -> < [9:2]
|       |   |--DT_HTML_TAG_NAME -> dt [9:3]
|       |   `--END -> > [9:5]
|       |--TEXT ->   [9:6]
|       |--RT_TAG_START -> RT_TAG_START [9:7]
|       |   |--START -> < [9:7]
|       |   |--RT_HTML_TAG_NAME -> rt [9:8]
|       |   `--END -> > [9:10]
|       |--TEXT ->   [9:11]
|       `--DT_TAG_END -> DT_TAG_END [9:12]
|           |--START -> < [9:12]
|           |--SLASH -> / [9:13]
|           |--DT_HTML_TAG_NAME -> dt [9:14]
|           `--END -> > [9:16]
|--NEWLINE -> \n [9:17]
|--LEADING_ASTERISK -> * [10:0]
|--TEXT ->   [10:1]
|--HTML_ELEMENT -> HTML_ELEMENT [10:2]
|   `--HEAD -> HEAD [10:2]
|       |--HEAD_TAG_START -> HEAD_TAG_START [10:2]
|       |   |--START -> < [10:2]
|       |   |--HEAD_HTML_TAG_NAME -> head [10:3]
|       |   `--END -> > [10:7]
|       |--TEXT ->   [10:8]
|       |--RT_TAG_START -> RT_TAG_START [10:9]
|       |   |--START -> < [10:9]
|       |   |--RT_HTML_TAG_NAME -> rt [10:10]
|       |   `--END -> > [10:12]
|       |--TEXT ->   [10:13]
|       `--HEAD_TAG_END -> HEAD_TAG_END [10:14]
|           |--START -> < [10:14]
|           |--SLASH -> / [10:15]
|           |--HEAD_HTML_TAG_NAME -> head [10:16]
|           `--END -> > [10:20]
|--NEWLINE -> \n [10:21]
|--LEADING_ASTERISK -> * [11:0]
|--TEXT ->   [11:1]
|--HTML_ELEMENT -> HTML_ELEMENT [11:2]
|   `--HTML -> HTML [11:2]
|       |--HTML_TAG_START -> HTML_TAG_START [11:2]
|       |   |--START -> < [11:2]
|       |   |--HTML_HTML_TAG_NAME -> html [11:3]
|       |   `--END -> > [11:7]
|       |--TEXT ->   [11:8]
|       |--RT_TAG_START -> RT_TAG_START [11:9]
|       |   |--START -> < [11:9]
|       |   |--RT_HTML_TAG_NAME -> rt [11:10]
|       |   `--END -> > [11:12]
|       |--TEXT ->   [11:13]
|       `--HTML_TAG_END -> HTML_TAG_END [11:14]
|           |--START -> < [11:14]
|           |--SLASH -> / [11:15]
|           |--HTML_HTML_TAG_NAME -> html [11:16]
|           `--END -> > [11:20]
|--NEWLINE -> \n [11:21]
|--LEADING_ASTERISK -> * [12:0]
|--TEXT ->   [12:1]
|--HTML_ELEMENT -> HTML_ELEMENT [12:2]
|   `--OPTION -> OPTION [12:2]
|       |--OPTION_TAG_START -> OPTION_TAG_START [12:2]
|       |   |--START -> < [12:2]
|       |   |--OPTION_HTML_TAG_NAME -> option [12:3]
|       |   `--END -> > [12:9]
|       |--TEXT ->   [12:10]
|       |--RT_TAG_START -> RT_TAG_START [12:11]
|       |   |--START -> < [12:11]
|       |   |--RT_HTML_TAG_NAME -> rt [12:12]
|       |   `--END -> > [12:14]
|       |--TEXT ->   [12:15]
|       `--OPTION_TAG_END -> OPTION_TAG_END [12:16]
|           |--START -> < [12:16]
|           |--SLASH -> / [12:17]
|           |--OPTION_HTML_TAG_NAME -> option [12:18]
|           `--END -> > [12:24]
|--NEWLINE -> \n [12:25]
|--LEADING_ASTERISK -> * [13:0]
|--TEXT ->   [13:1]
|--HTML_ELEMENT -> HTML_ELEMENT [13:2]
|   `--TBODY -> TBODY [13:2]
|       |--TBODY_TAG_START -> TBODY_TAG_START [13:2]
|       |   |--START -> < [13:2]
|       |   |--TBODY_HTML_TAG_NAME -> tbody [13:3]
|       |   `--END -> > [13:8]
|       |--TEXT ->   [13:9]
|       |--RT_TAG_START -> RT_TAG_START [13:10]
|       |   |--START -> < [13:10]
|       |   |--RT_HTML_TAG_NAME -> rt [13:11]
|       |   `--END -> > [13:13]
|       |--TEXT ->   [13:14]
|       `--TBODY_TAG_END -> TBODY_TAG_END [13:15]
|           |--START -> < [13:15]
|           |--SLASH -> / [13:16]
|           |--TBODY_HTML_TAG_NAME -> tbody [13:17]
|           `--END -> > [13:22]
|--NEWLINE -> \n [13:23]
|--LEADING_ASTERISK -> * [14:0]
|--TEXT ->   [14:1]
|--HTML_ELEMENT -> HTML_ELEMENT [14:2]
|   `--TFOOT -> TFOOT [14:2]
|       |--TFOOT_TAG_START -> TFOOT_TAG_START [14:2]
|       |   |--START -> < [14:2]
|       |   |--TFOOT_HTML_TAG_NAME -> tfoot [14:3]
|       |   `--END -> > [14:8]
|       |--TEXT ->   [14:9]
|       |--RT_TAG_START -> RT_TAG_START [14:10]
|       |   |--START -> < [14:10]
|       |   |--RT_HTML_TAG_NAME -> rt [14:11]
|       |   `--END -> > [14:13]
|       |--TEXT ->   [14:14]
|       `--TFOOT_TAG_END -> TFOOT_TAG_END [14:15]
|           |--START -> < [14:15]
|           |--SLASH -> / [14:16]
|           |--TFOOT_HTML_TAG_NAME -> tfoot [14:17]
|           `--END -> > [14:22]
|--NEWLINE -> \n [14:23]
|--LEADING_ASTERISK -> * [15:0]
|--TEXT ->   [15:1]
|--HTML_ELEMENT -> HTML_ELEMENT [15:2]
|   `--RT_TAG_START -> RT_TAG_START [15:2]
|       |--START -> < [15:2]
|       |--RT_HTML_TAG_NAME -> rt [15:3]
|       |--WS ->   [15:5]
|       |--ATTRIBUTE -> ATTRIBUTE [15:6]
|       |   |--HTML_TAG_NAME -> style [15:6]
|       |   |--EQUALS -> = [15:11]
|       |   `--ATTR_VALUE -> "color:red" [15:12]
|       |--WS ->   [15:24]
|       |--NEWLINE -> \n [15:25]
|       |--LEADING_ASTERISK -> * [16:0]
|       |--NEWLINE -> \n [16:1]
|       |--LEADING_ASTERISK -> * [17:0]
|       |--WS ->   [17:1]
|       `--END -> > [17:2]
|--TEXT ->   [17:3]
|--HTML_COMMENT -> HTML_COMMENT [17:4]
|   |--HTML_COMMENT_START -> <!-- [17:4]
|   |--TEXT -> HTML COMMENT [17:8]
|   `--HTML_COMMENT_END -> --> [17:20]
`--EOF -> <EOF> [17:23]]
> but was:<...DOC -> JAVADOC [0:0][
|--LEADING_ASTERISK -> * [0:0]
|--TEXT ->   [0:1]
|--HTML_ELEMENT -> HTML_ELEMENT [0:2]
|   `--RT_TAG_END -> RT_TAG_END [0:2]
|       |--START -> < [0:2]
|       |--SLASH -> / [0:3]
|       |--RT_HTML_TAG_NAME -> rt [0:4]
|       `--END -> > [0:6]
|--TEXT ->   [0:7]
|--HTML_ELEMENT -> HTML_ELEMENT [0:8]
|   `--RT_TAG_START -> RT_TAG_START [0:8]
|       |--START -> < [0:8]
|       |--RT_HTML_TAG_NAME -> rt [0:9]
|       `--END -> > [0:11]
|--NEWLINE -> \n [0:12]
|--LEADING_ASTERISK -> * [1:0]
|--TEXT ->   [1:1]
|--HTML_ELEMENT -> HTML_ELEMENT [1:2]
|   `--PARAGRAPH -> PARAGRAPH [1:2]
|       |--P_TAG_START -> P_TAG_START [1:2]
|       |   |--START -> < [1:2]
|       |   |--P_HTML_TAG_NAME -> p [1:3]
|       |   `--END -> > [1:4]
|       |--TEXT ->   [1:5]
|       |--RT_TAG_START -> RT_TAG_START [1:6]
|       |   |--START -> < [1:6]
|       |   |--RT_HTML_TAG_NAME -> rt [1:7]
|       |   `--END -> > [1:9]
|       |--TEXT ->   [1:10]
|       `--P_TAG_END -> P_TAG_END [1:11]
|           |--START -> < [1:11]
|           |--SLASH -> / [1:12]
|           |--P_HTML_TAG_NAME -> p [1:13]
|           `--END -> > [1:14]
|--NEWLINE -> \n [1:15]
|--LEADING_ASTERISK -> * [2:0]
|--TEXT ->   [2:1]
|--HTML_ELEMENT -> HTML_ELEMENT [2:2]
|   `--LI -> LI [2:2]
|       |--LI_TAG_START -> LI_TAG_START [2:2]
|       |   |--START -> < [2:2]
|       |   |--LI_HTML_TAG_NAME -> li [2:3]
|       |   `--END -> > [2:5]
|       |--TEXT ->   [2:6]
|       |--RT_TAG_START -> RT_TAG_START [2:7]
|       |   |--START -> < [2:7]
|       |   |--RT_HTML_TAG_NAME -> rt [2:8]
|       |   `--END -> > [2:10]
|       |--TEXT ->   [2:11]
|       `--LI_TAG_END -> LI_TAG_END [2:12]
|           |--START -> < [2:12]
|           |--SLASH -> / [2:13]
|           |--LI_HTML_TAG_NAME -> li [2:14]
|           `--END -> > [2:16]
|--NEWLINE -> \n [2:17]
|--LEADING_ASTERISK -> * [3:0]
|--TEXT ->   [3:1]
|--HTML_ELEMENT -> HTML_ELEMENT [3:2]
|   `--TR -> TR [3:2]
|       |--TR_TAG_START -> TR_TAG_START [3:2]
|       |   |--START -> < [3:2]
|       |   |--TR_HTML_TAG_NAME -> tr [3:3]
|       |   `--END -> > [3:5]
|       |--TEXT ->   [3:6]
|       |--RT_TAG_START -> RT_TAG_START [3:7]
|       |   |--START -> < [3:7]
|       |   |--RT_HTML_TAG_NAME -> rT [3:8]
|       |   `--END -> > [3:10]
|       |--TEXT ->   [3:11]
|       `--TR_TAG_END -> TR_TAG_END [3:12]
|           |--START -> < [3:12]
|           |--SLASH -> / [3:13]
|           |--TR_HTML_TAG_NAME -> tr [3:14]
|           `--END -> > [3:16]
|--NEWLINE -> \n [3:17]
|--LEADING_ASTERISK -> * [4:0]
|--TEXT ->   [4:1]
|--HTML_ELEMENT -> HTML_ELEMENT [4:2]
|   `--TD -> TD [4:2]
|       |--TD_TAG_START -> TD_TAG_START [4:2]
|       |   |--START -> < [4:2]
|       |   |--TD_HTML_TAG_NAME -> td [4:3]
|       |   `--END -> > [4:5]
|       |--TEXT ->   [4:6]
|       |--RT_TAG_START -> RT_TAG_START [4:7]
|       |   |--START -> < [4:7]
|       |   |--RT_HTML_TAG_NAME -> RT [4:8]
|       |   `--END -> > [4:10]
|       |--TEXT ->   [4:11]
|       `--TD_TAG_END -> TD_TAG_END [4:12]
|           |--START -> < [4:12]
|           |--SLASH -> / [4:13]
|           |--TD_HTML_TAG_NAME -> td [4:14]
|           `--END -> > [4:16]
|--NEWLINE -> \n [4:17]
|--LEADING_ASTERISK -> * [5:0]
|--TEXT ->   [5:1]
|--HTML_ELEMENT -> HTML_ELEMENT [5:2]
|   `--TH -> TH [5:2]
|       |--TH_TAG_START -> TH_TAG_START [5:2]
|       |   |--START -> < [5:2]
|       |   |--TH_HTML_TAG_NAME -> th [5:3]
|       |   `--END -> > [5:5]
|       |--TEXT ->   [5:6]
|       |--RT_TAG_START -> RT_TAG_START [5:7]
|       |   |--START -> < [5:7]
|       |   |--RT_HTML_TAG_NAME -> Rt [5:8]
|       |   `--END -> > [5:10]
|       |--TEXT ->   [5:11]
|       `--TH_TAG_END -> TH_TAG_END [5:12]
|           |--START -> < [5:12]
|           |--SLASH -> / [5:13]
|           |--TH_HTML_TAG_NAME -> th [5:14]
|           `--END -> > [5:16]
|--NEWLINE -> \n [5:17]
|--LEADING_ASTERISK -> * [6:0]
|--TEXT ->   [6:1]
|--HTML_ELEMENT -> HTML_ELEMENT [6:2]
|   `--BODY -> BODY [6:2]
|       |--BODY_TAG_START -> BODY_TAG_START [6:2]
|       |   |--START -> < [6:2]
|       |   |--BODY_HTML_TAG_NAME -> body [6:3]
|       |   `--END -> > [6:7]
|       |--TEXT ->   [6:8]
|       |--RT_TAG_START -> RT_TAG_START [6:9]
|       |   |--START -> < [6:9]
|       |   |--RT_HTML_TAG_NAME -> rt [6:10]
|       |   `--END -> > [6:12]
|       |--TEXT ->   [6:13]
|       `--BODY_TAG_END -> BODY_TAG_END [6:14]
|           |--START -> < [6:14]
|           |--SLASH -> / [6:15]
|           |--BODY_HTML_TAG_NAME -> body [6:16]
|           `--END -> > [6:20]
|--NEWLINE -> \n [6:21]
|--LEADING_ASTERISK -> * [7:0]
|--TEXT ->   [7:1]
|--HTML_ELEMENT -> HTML_ELEMENT [7:2]
|   `--COLGROUP -> COLGROUP [7:2]
|       |--COLGROUP_TAG_START -> COLGROUP_TAG_START [7:2]
|       |   |--START -> < [7:2]
|       |   |--COLGROUP_HTML_TAG_NAME -> colgroup [7:3]
|       |   `--END -> > [7:11]
|       |--TEXT ->   [7:12]
|       |--RT_TAG_START -> RT_TAG_START [7:13]
|       |   |--START -> < [7:13]
|       |   |--RT_HTML_TAG_NAME -> rt [7:14]
|       |   `--END -> > [7:16]
|       |--TEXT ->   [7:17]
|       `--COLGROUP_TAG_END -> COLGROUP_TAG_END [7:18]
|           |--START -> < [7:18]
|           |--SLASH -> / [7:19]
|           |--COLGROUP_HTML_TAG_NAME -> colgroup [7:20]
|           `--END -> > [7:28]
|--NEWLINE -> \n [7:29]
|--LEADING_ASTERISK -> * [8:0]
|--TEXT ->   [8:1]
|--HTML_ELEMENT -> HTML_ELEMENT [8:2]
|   `--DD -> DD [8:2]
|       |--DD_TAG_START -> DD_TAG_START [8:2]
|       |   |--START -> < [8:2]
|       |   |--DD_HTML_TAG_NAME -> dd [8:3]
|       |   `--END -> > [8:5]
|       |--TEXT ->   [8:6]
|       |--RT_TAG_START -> RT_TAG_START [8:7]
|       |   |--START -> < [8:7]
|       |   |--RT_HTML_TAG_NAME -> rt [8:8]
|       |   `--END -> > [8:10]
|       |--TEXT ->   [8:11]
|       `--DD_TAG_END -> DD_TAG_END [8:12]
|           |--START -> < [8:12]
|           |--SLASH -> / [8:13]
|           |--DD_HTML_TAG_NAME -> dd [8:14]
|           `--END -> > [8:16]
|--NEWLINE -> \n [8:17]
|--LEADING_ASTERISK -> * [9:0]
|--TEXT ->   [9:1]
|--HTML_ELEMENT -> HTML_ELEMENT [9:2]
|   `--DT -> DT [9:2]
|       |--DT_TAG_START -> DT_TAG_START [9:2]
|       |   |--START -> < [9:2]
|       |   |--DT_HTML_TAG_NAME -> dt [9:3]
|       |   `--END -> > [9:5]
|       |--TEXT ->   [9:6]
|       |--RT_TAG_START -> RT_TAG_START [9:7]
|       |   |--START -> < [9:7]
|       |   |--RT_HTML_TAG_NAME -> rt [9:8]
|       |   `--END -> > [9:10]
|       |--TEXT ->   [9:11]
|       `--DT_TAG_END -> DT_TAG_END [9:12]
|           |--START -> < [9:12]
|           |--SLASH -> / [9:13]
|           |--DT_HTML_TAG_NAME -> dt [9:14]
|           `--END -> > [9:16]
|--NEWLINE -> \n [9:17]
|--LEADING_ASTERISK -> * [10:0]
|--TEXT ->   [10:1]
|--HTML_ELEMENT -> HTML_ELEMENT [10:2]
|   `--HEAD -> HEAD [10:2]
|       |--HEAD_TAG_START -> HEAD_TAG_START [10:2]
|       |   |--START -> < [10:2]
|       |   |--HEAD_HTML_TAG_NAME -> head [10:3]
|       |   `--END -> > [10:7]
|       |--TEXT ->   [10:8]
|       |--RT_TAG_START -> RT_TAG_START [10:9]
|       |   |--START -> < [10:9]
|       |   |--RT_HTML_TAG_NAME -> rt [10:10]
|       |   `--END -> > [10:12]
|       |--TEXT ->   [10:13]
|       `--HEAD_TAG_END -> HEAD_TAG_END [10:14]
|           |--START -> < [10:14]
|           |--SLASH -> / [10:15]
|           |--HEAD_HTML_TAG_NAME -> head [10:16]
|           `--END -> > [10:20]
|--NEWLINE -> \n [10:21]
|--LEADING_ASTERISK -> * [11:0]
|--TEXT ->   [11:1]
|--HTML_ELEMENT -> HTML_ELEMENT [11:2]
|   `--HTML -> HTML [11:2]
|       |--HTML_TAG_START -> HTML_TAG_START [11:2]
|       |   |--START -> < [11:2]
|       |   |--HTML_HTML_TAG_NAME -> html [11:3]
|       |   `--END -> > [11:7]
|       |--TEXT ->   [11:8]
|       |--RT_TAG_START -> RT_TAG_START [11:9]
|       |   |--START -> < [11:9]
|       |   |--RT_HTML_TAG_NAME -> rt [11:10]
|       |   `--END -> > [11:12]
|       |--TEXT ->   [11:13]
|       `--HTML_TAG_END -> HTML_TAG_END [11:14]
|           |--START -> < [11:14]
|           |--SLASH -> / [11:15]
|           |--HTML_HTML_TAG_NAME -> html [11:16]
|           `--END -> > [11:20]
|--NEWLINE -> \n [11:21]
|--LEADING_ASTERISK -> * [12:0]
|--TEXT ->   [12:1]
|--HTML_ELEMENT -> HTML_ELEMENT [12:2]
|   `--OPTION -> OPTION [12:2]
|       |--OPTION_TAG_START -> OPTION_TAG_START [12:2]
|       |   |--START -> < [12:2]
|       |   |--OPTION_HTML_TAG_NAME -> option [12:3]
|       |   `--END -> > [12:9]
|       |--TEXT ->   [12:10]
|       |--RT_TAG_START -> RT_TAG_START [12:11]
|       |   |--START -> < [12:11]
|       |   |--RT_HTML_TAG_NAME -> rt [12:12]
|       |   `--END -> > [12:14]
|       |--TEXT ->   [12:15]
|       `--OPTION_TAG_END -> OPTION_TAG_END [12:16]
|           |--START -> < [12:16]
|           |--SLASH -> / [12:17]
|           |--OPTION_HTML_TAG_NAME -> option [12:18]
|           `--END -> > [12:24]
|--NEWLINE -> \n [12:25]
|--LEADING_ASTERISK -> * [13:0]
|--TEXT ->   [13:1]
|--HTML_ELEMENT -> HTML_ELEMENT [13:2]
|   `--TBODY -> TBODY [13:2]
|       |--TBODY_TAG_START -> TBODY_TAG_START [13:2]
|       |   |--START -> < [13:2]
|       |   |--TBODY_HTML_TAG_NAME -> tbody [13:3]
|       |   `--END -> > [13:8]
|       |--TEXT ->   [13:9]
|       |--RT_TAG_START -> RT_TAG_START [13:10]
|       |   |--START -> < [13:10]
|       |   |--RT_HTML_TAG_NAME -> rt [13:11]
|       |   `--END -> > [13:13]
|       |--TEXT ->   [13:14]
|       `--TBODY_TAG_END -> TBODY_TAG_END [13:15]
|           |--START -> < [13:15]
|           |--SLASH -> / [13:16]
|           |--TBODY_HTML_TAG_NAME -> tbody [13:17]
|           `--END -> > [13:22]
|--NEWLINE -> \n [13:23]
|--LEADING_ASTERISK -> * [14:0]
|--TEXT ->   [14:1]
|--HTML_ELEMENT -> HTML_ELEMENT [14:2]
|   `--TFOOT -> TFOOT [14:2]
|       |--TFOOT_TAG_START -> TFOOT_TAG_START [14:2]
|       |   |--START -> < [14:2]
|       |   |--TFOOT_HTML_TAG_NAME -> tfoot [14:3]
|       |   `--END -> > [14:8]
|       |--TEXT ->   [14:9]
|       |--RT_TAG_START -> RT_TAG_START [14:10]
|       |   |--START -> < [14:10]
|       |   |--RT_HTML_TAG_NAME -> rt [14:11]
|       |   `--END -> > [14:13]
|       |--TEXT ->   [14:14]
|       `--TFOOT_TAG_END -> TFOOT_TAG_END [14:15]
|           |--START -> < [14:15]
|           |--SLASH -> / [14:16]
|           |--TFOOT_HTML_TAG_NAME -> tfoot [14:17]
|           `--END -> > [14:22]
|--NEWLINE -> \n [14:23]
|--LEADING_ASTERISK -> * [15:0]
|--TEXT ->   [15:1]
|--HTML_ELEMENT -> HTML_ELEMENT [15:2]
|   `--RT_TAG_START -> RT_TAG_START [15:2]
|       |--START -> < [15:2]
|       |--RT_HTML_TAG_NAME -> rt [15:3]
|       |--WS ->   [15:5]
|       |--ATTRIBUTE -> ATTRIBUTE [15:6]
|       |   |--HTML_TAG_NAME -> style [15:6]
|       |   |--EQUALS -> = [15:11]
|       |   `--ATTR_VALUE -> "color:red" [15:12]
|       |--WS ->   [15:24]
|       |--NEWLINE -> \n [15:25]
|       |--LEADING_ASTERISK -> * [16:0]
|       |--NEWLINE -> \n [16:1]
|       |--LEADING_ASTERISK -> * [17:0]
|       |--WS ->   [17:1]
|       `--END -> > [17:2]
|--TEXT ->   [17:3]
|--HTML_COMMENT -> HTML_COMMENT [17:4]
|   |--HTML_COMMENT_START -> <!-- [17:4]
|   |--TEXT -> HTML COMMENT [17:8]
|   `--HTML_COMMENT_END -> --> [17:20]
`--EOF -> <EOF> [17:23]]
>
	at com.puppycrawl.tools.checkstyle.grammar.javadoc.JavadocParseTreeTest.testNonTightRtHtmlTag(JavadocParseTreeTest.java:344)
]]></failure>
  </testcase>
  <testcase name="testNestingWithSingletonElement" classname="com.puppycrawl.tools.checkstyle.grammar.javadoc.JavadocParseTreeTest" time="0.125">
    <failure message="Generated tree from the javadoc file should match the pre-defined tree expected:&lt;...DOC -&gt; JAVADOC [0:0][&#10;|--LEADING_ASTERISK -&gt; * [0:0]&#10;|--TEXT -&gt;   [0:1]&#10;|--HTML_ELEMENT -&gt; HTML_ELEMENT [0:2]&#10;|   `--PARAGRAPH -&gt; PARAGRAPH [0:2]&#10;|       |--P_TAG_START -&gt; P_TAG_START [0:2]&#10;|       |   |--START -&gt; &lt; [0:2]&#10;|       |   |--P_HTML_TAG_NAME -&gt; p [0:3]&#10;|       |   `--END -&gt; &gt; [0:4]&#10;|       |--TEXT -&gt;  paragraph with a  [0:5]&#10;|       |--SINGLETON_ELEMENT -&gt; SINGLETON_ELEMENT [0:23]&#10;|       |   `--BR_TAG -&gt; BR_TAG [0:23]&#10;|       |       |--START -&gt; &lt; [0:23]&#10;|       |       |--BR_HTML_TAG_NAME -&gt; br [0:24]&#10;|       |       `--END -&gt; &gt; [0:26]&#10;|       |--TEXT -&gt; singletonElement.  [0:27]&#10;|       |--SINGLETON_ELEMENT -&gt; SINGLETON_ELEMENT [0:45]&#10;|       |   `--HR_TAG -&gt; HR_TAG [0:45]&#10;|       |       |--START -&gt; &lt; [0:45]&#10;|       |       |--HR_HTML_TAG_NAME -&gt; hr [0:46]&#10;|       |       `--END -&gt; &gt; [0:48]&#10;|       |--TEXT -&gt;  And it contains another one.  [0:49]&#10;|       `--P_TAG_END -&gt; P_TAG_END [0:79]&#10;|           |--START -&gt; &lt; [0:79]&#10;|           |--SLASH -&gt; / [0:80]&#10;|           |--P_HTML_TAG_NAME -&gt; p [0:81]&#10;|           `--END -&gt; &gt; [0:82]&#10;|--NEWLINE -&gt; \n [0:83]&#10;|--LEADING_ASTERISK -&gt; * [1:0]&#10;|--TEXT -&gt;   [1:1]&#10;|--HTML_ELEMENT -&gt; HTML_ELEMENT [1:2]&#10;|   `--LI -&gt; LI [1:2]&#10;|       |--LI_TAG_START -&gt; LI_TAG_START [1:2]&#10;|       |   |--START -&gt; &lt; [1:2]&#10;|       |   |--LI_HTML_TAG_NAME -&gt; li [1:3]&#10;|       |   `--END -&gt; &gt; [1:5]&#10;|       |--TEXT -&gt;  List with singletonElement [1:6]&#10;|       |--NEWLINE -&gt; \n [1:33]&#10;|       |--LEADING_ASTERISK -&gt; * [2:0]&#10;|       |--TEXT -&gt;   [2:1]&#10;|       |--SINGLETON_ELEMENT -&gt; SINGLETON_ELEMENT [2:2]&#10;|       |   `--PARAM_TAG -&gt; PARAM_TAG [2:2]&#10;|       |       |--START -&gt; &lt; [2:2]&#10;|       |       |--PARAM_HTML_TAG_NAME -&gt; param [2:3]&#10;|       |       |--WS -&gt;   [2:8]&#10;|       |       |--ATTRIBUTE -&gt; ATTRIBUTE [2:9]&#10;|       |       |   |--HTML_TAG_NAME -&gt; name [2:9]&#10;|       |       |   |--EQUALS -&gt; = [2:13]&#10;|       |       |   `--ATTR_VALUE -&gt; movie [2:14]&#10;|       |       |--WS -&gt;   [2:20]&#10;|       |       |--ATTRIBUTE -&gt; ATTRIBUTE [2:21]&#10;|       |       |   |--HTML_TAG_NAME -&gt; value [2:21]&#10;|       |       |   |--EQUALS -&gt; = [2:26]&#10;|       |       |   `--ATTR_VALUE -&gt; &quot;~/imitation game.mp4&quot; [2:27]&#10;|       |       `--END -&gt; &gt; [2:50]&#10;|       |--TEXT -&gt;   [2:51]&#10;|       |--SINGLETON_ELEMENT -&gt; SINGLETON_ELEMENT [2:52]&#10;|       |   `--PARAM_TAG -&gt; PARAM_TAG [2:52]&#10;|       |       |--START -&gt; &lt; [2:52]&#10;|       |       |--PARAM_HTML_TAG_NAME -&gt; param [2:53]&#10;|       |       |--WS -&gt;   [2:58]&#10;|       |       |--ATTRIBUTE -&gt; ATTRIBUTE [2:59]&#10;|       |       |   |--HTML_TAG_NAME -&gt; name [2:59]&#10;|       |       |   |--EQUALS -&gt; = [2:63]&#10;|       |       |   `--ATTR_VALUE -&gt; allowfullscreen [2:64]&#10;|       |       |--WS -&gt;   [2:80]&#10;|       |       |--ATTRIBUTE -&gt; ATTRIBUTE [2:81]&#10;|       |       |   |--HTML_TAG_NAME -&gt; value [2:81]&#10;|       |       |   |--EQUALS -&gt; = [2:86]&#10;|       |       |   `--ATTR_VALUE -&gt; true [2:87]&#10;|       |       `--END -&gt; &gt; [2:92]&#10;|       |--TEXT -&gt;   [2:93]&#10;|       `--LI_TAG_END -&gt; LI_TAG_END [2:94]&#10;|           |--START -&gt; &lt; [2:94]&#10;|           |--SLASH -&gt; / [2:95]&#10;|           |--LI_HTML_TAG_NAME -&gt; li [2:96]&#10;|           `--END -&gt; &gt; [2:98]&#10;|--NEWLINE -&gt; \n [2:99]&#10;|--LEADING_ASTERISK -&gt; * [3:0]&#10;|--NEWLINE -&gt; \n [3:1]&#10;|--LEADING_ASTERISK -&gt; * [4:0]&#10;|--TEXT -&gt;   [4:1]&#10;|--HTML_ELEMENT -&gt; HTML_ELEMENT [4:2]&#10;|   `--TR -&gt; TR [4:2]&#10;|       |--TR_TAG_START -&gt; TR_TAG_START [4:2]&#10;|       |   |--START -&gt; &lt; [4:2]&#10;|       |   |--TR_HTML_TAG_NAME -&gt; tr [4:3]&#10;|       |   `--END -&gt; &gt; [4:5]&#10;|       |--TEXT -&gt;  tr with  [4:6]&#10;|       |--SINGLETON_ELEMENT -&gt; SINGLETON_ELEMENT [4:15]&#10;|       |   `--BASE_TAG -&gt; BASE_TAG [4:15]&#10;|       |       |--START -&gt; &lt; [4:15]&#10;|       |       |--BASE_HTML_TAG_NAME -&gt; base [4:16]&#10;|       |       |--WS -&gt;   [4:20]&#10;|       |       |--ATTRIBUTE -&gt; ATTRIBUTE [4:21]&#10;|       |       |   |--HTML_TAG_NAME -&gt; href [4:21]&#10;|       |       |   |--EQUALS -&gt; = [4:25]&#10;|       |       |   `--ATTR_VALUE -&gt; &quot;www.something.com&quot; [4:26]&#10;|       |       `--END -&gt; &gt; [4:46]&#10;|       |--TEXT -&gt;  singletonElement  [4:47]&#10;|       `--TR_TAG_END -&gt; TR_TAG_END [4:65]&#10;|           |--START -&gt; &lt; [4:65]&#10;|           |--SLASH -&gt; / [4:66]&#10;|           |--TR_HTML_TAG_NAME -&gt; tr [4:67]&#10;|           `--END -&gt; &gt; [4:69]&#10;|--NEWLINE -&gt; \n [4:70]&#10;|--LEADING_ASTERISK -&gt; * [5:0]&#10;|--TEXT -&gt;   [5:1]&#10;|--HTML_ELEMENT -&gt; HTML_ELEMENT [5:2]&#10;|   `--TD -&gt; TD [5:2]&#10;|       |--TD_TAG_START -&gt; TD_TAG_START [5:2]&#10;|       |   |--START -&gt; &lt; [5:2]&#10;|       |   |--TD_HTML_TAG_NAME -&gt; td [5:3]&#10;|       |   `--END -&gt; &gt; [5:5]&#10;|       |--TEXT -&gt;  td with singletonElement  [5:6]&#10;|       |--SINGLETON_ELEMENT -&gt; SINGLETON_ELEMENT [5:32]&#10;|       |   `--BR_TAG -&gt; BR_TAG [5:32]&#10;|       |       |--START -&gt; &lt; [5:32]&#10;|       |       |--BR_HTML_TAG_NAME -&gt; br [5:33]&#10;|       |       `--SLASH_END -&gt; /&gt; [5:35]&#10;|       |--TEXT -&gt;   [5:37]&#10;|       `--TD_TAG_END -&gt; TD_TAG_END [5:38]&#10;|           |--START -&gt; &lt; [5:38]&#10;|           |--SLASH -&gt; / [5:39]&#10;|           |--TD_HTML_TAG_NAME -&gt; td [5:40]&#10;|           `--END -&gt; &gt; [5:42]&#10;|--NEWLINE -&gt; \n [5:43]&#10;|--LEADING_ASTERISK -&gt; * [6:0]&#10;|--TEXT -&gt;   [6:1]&#10;|--HTML_ELEMENT -&gt; HTML_ELEMENT [6:2]&#10;|   `--TH -&gt; TH [6:2]&#10;|       |--TH_TAG_START -&gt; TH_TAG_START [6:2]&#10;|       |   |--START -&gt; &lt; [6:2]&#10;|       |   |--TH_HTML_TAG_NAME -&gt; th [6:3]&#10;|       |   `--END -&gt; &gt; [6:5]&#10;|       |--TEXT -&gt;  th with  [6:6]&#10;|       |--SINGLETON_ELEMENT -&gt; SINGLETON_ELEMENT [6:15]&#10;|       |   `--BASE_TAG -&gt; BASE_TAG [6:15]&#10;|       |       |--START -&gt; &lt; [6:15]&#10;|       |       |--BASE_HTML_TAG_NAME -&gt; base [6:16]&#10;|       |       `--SLASH_END -&gt; /&gt; [6:20]&#10;|       |--TEXT -&gt;  singletonElement  [6:22]&#10;|       `--TH_TAG_END -&gt; TH_TAG_END [6:40]&#10;|           |--START -&gt; &lt; [6:40]&#10;|           |--SLASH -&gt; / [6:41]&#10;|           |--TH_HTML_TAG_NAME -&gt; th [6:42]&#10;|           `--END -&gt; &gt; [6:44]&#10;|--NEWLINE -&gt; \n [6:45]&#10;|--LEADING_ASTERISK -&gt; * [7:0]&#10;|--TEXT -&gt;   [7:1]&#10;|--HTML_ELEMENT -&gt; HTML_ELEMENT [7:2]&#10;|   `--BODY -&gt; BODY [7:2]&#10;|       |--BODY_TAG_START -&gt; BODY_TAG_START [7:2]&#10;|       |   |--START -&gt; &lt; [7:2]&#10;|       |   |--BODY_HTML_TAG_NAME -&gt; body [7:3]&#10;|       |   `--END -&gt; &gt; [7:7]&#10;|       |--TEXT -&gt;  body with  [7:8]&#10;|       |--SINGLETON_ELEMENT -&gt; SINGLETON_ELEMENT [7:19]&#10;|       |   `--BR_TAG -&gt; BR_TAG [7:19]&#10;|       |       |--START -&gt; &lt; [7:19]&#10;|       |       |--BR_HTML_TAG_NAME -&gt; br [7:20]&#10;|       |       `--SLASH_END -&gt; /&gt; [7:22]&#10;|       |--TEXT -&gt;  singletonElement  [7:24]&#10;|       `--BODY_TAG_END -&gt; BODY_TAG_END [7:42]&#10;|           |--START -&gt; &lt; [7:42]&#10;|           |--SLASH -&gt; / [7:43]&#10;|           |--BODY_HTML_TAG_NAME -&gt; body [7:44]&#10;|           `--END -&gt; &gt; [7:48]&#10;|--NEWLINE -&gt; \n [7:49]&#10;|--LEADING_ASTERISK -&gt; * [8:0]&#10;|--TEXT -&gt;   [8:1]&#10;|--HTML_ELEMENT -&gt; HTML_ELEMENT [8:2]&#10;|   `--COLGROUP -&gt; COLGROUP [8:2]&#10;|       |--COLGROUP_TAG_START -&gt; COLGROUP_TAG_START [8:2]&#10;|       |   |--START -&gt; &lt; [8:2]&#10;|       |   |--COLGROUP_HTML_TAG_NAME -&gt; colgroup [8:3]&#10;|       |   `--END -&gt; &gt; [8:11]&#10;|       |--SINGLETON_ELEMENT -&gt; SINGLETON_ELEMENT [8:12]&#10;|       |   `--COL_TAG -&gt; COL_TAG [8:12]&#10;|       |       |--START -&gt; &lt; [8:12]&#10;|       |       |--COL_HTML_TAG_NAME -&gt; col [8:13]&#10;|       |       `--END -&gt; &gt; [8:16]&#10;|       |--SINGLETON_ELEMENT -&gt; SINGLETON_ELEMENT [8:17]&#10;|       |   `--COL_TAG -&gt; COL_TAG [8:17]&#10;|       |       |--START -&gt; &lt; [8:17]&#10;|       |       |--COL_HTML_TAG_NAME -&gt; col [8:18]&#10;|       |       `--END -&gt; &gt; [8:21]&#10;|       |--SINGLETON_ELEMENT -&gt; SINGLETON_ELEMENT [8:22]&#10;|       |   `--COL_TAG -&gt; COL_TAG [8:22]&#10;|       |       |--START -&gt; &lt; [8:22]&#10;|       |       |--COL_HTML_TAG_NAME -&gt; col [8:23]&#10;|       |       `--END -&gt; &gt; [8:26]&#10;|       `--COLGROUP_TAG_END -&gt; COLGROUP_TAG_END [8:27]&#10;|           |--START -&gt; &lt; [8:27]&#10;|           |--SLASH -&gt; / [8:28]&#10;|           |--COLGROUP_HTML_TAG_NAME -&gt; colgroup [8:29]&#10;|           `--END -&gt; &gt; [8:37]&#10;|--NEWLINE -&gt; \n [8:38]&#10;|--LEADING_ASTERISK -&gt; * [9:0]&#10;|--TEXT -&gt;   [9:1]&#10;|--HTML_ELEMENT -&gt; HTML_ELEMENT [9:2]&#10;|   `--DD -&gt; DD [9:2]&#10;|       |--DD_TAG_START -&gt; DD_TAG_START [9:2]&#10;|       |   |--START -&gt; &lt; [9:2]&#10;|       |   |--DD_HTML_TAG_NAME -&gt; dd [9:3]&#10;|       |   `--END -&gt; &gt; [9:5]&#10;|       |--TEXT -&gt;  dd with  [9:6]&#10;|       |--SINGLETON_ELEMENT -&gt; SINGLETON_ELEMENT [9:15]&#10;|       |   `--HR_TAG -&gt; HR_TAG [9:15]&#10;|       |       |--START -&gt; &lt; [9:15]&#10;|       |       |--HR_HTML_TAG_NAME -&gt; hr [9:16]&#10;|       |       `--END -&gt; &gt; [9:18]&#10;|       |--TEXT -&gt;  singletonElement  [9:19]&#10;|       `--DD_TAG_END -&gt; DD_TAG_END [9:37]&#10;|           |--START -&gt; &lt; [9:37]&#10;|           |--SLASH -&gt; / [9:38]&#10;|           |--DD_HTML_TAG_NAME -&gt; dd [9:39]&#10;|           `--END -&gt; &gt; [9:41]&#10;|--NEWLINE -&gt; \n [9:42]&#10;|--LEADING_ASTERISK -&gt; * [10:0]&#10;|--TEXT -&gt;   [10:1]&#10;|--HTML_ELEMENT -&gt; HTML_ELEMENT [10:2]&#10;|   `--DT -&gt; DT [10:2]&#10;|       |--DT_TAG_START -&gt; DT_TAG_START [10:2]&#10;|       |   |--START -&gt; &lt; [10:2]&#10;|       |   |--DT_HTML_TAG_NAME -&gt; dt [10:3]&#10;|       |   `--END -&gt; &gt; [10:5]&#10;|       |--TEXT -&gt;  dt with  [10:6]&#10;|       |--SINGLETON_ELEMENT -&gt; SINGLETON_ELEMENT [10:15]&#10;|       |   `--IMG_TAG -&gt; IMG_TAG [10:15]&#10;|       |       |--START -&gt; &lt; [10:15]&#10;|       |       |--IMG_HTML_TAG_NAME -&gt; img [10:16]&#10;|       |       |--WS -&gt;   [10:19]&#10;|       |       |--ATTRIBUTE -&gt; ATTRIBUTE [10:20]&#10;|       |       |   |--HTML_TAG_NAME -&gt; src [10:20]&#10;|       |       |   |--EQUALS -&gt; = [10:23]&#10;|       |       |   `--ATTR_VALUE -&gt; &quot;~/singletonElement.jpg&quot; [10:24]&#10;|       |       |--WS -&gt;   [10:49]&#10;|       |       |--ATTRIBUTE -&gt; ATTRIBUTE [10:50]&#10;|       |       |   |--HTML_TAG_NAME -&gt; alt [10:50]&#10;|       |       |   |--EQUALS -&gt; = [10:53]&#10;|       |       |   `--ATTR_VALUE -&gt; &quot;&quot; [10:54]&#10;|       |       |--WS -&gt;   [10:57]&#10;|       |       |--ATTRIBUTE -&gt; ATTRIBUTE [10:58]&#10;|       |       |   |--HTML_TAG_NAME -&gt; width [10:58]&#10;|       |       |   |--EQUALS -&gt; = [10:63]&#10;|       |       |   `--ATTR_VALUE -&gt; &quot;100&quot; [10:64]&#10;|       |       |--WS -&gt;   [10:70]&#10;|       |       |--ATTRIBUTE -&gt; ATTRIBUTE [10:71]&#10;|       |       |   |--HTML_TAG_NAME -&gt; height [10:71]&#10;|       |       |   |--EQUALS -&gt; = [10:77]&#10;|       |       |   `--ATTR_VALUE -&gt; &quot;150&quot; [10:78]&#10;|       |       `--SLASH_END -&gt; /&gt; [10:84]&#10;|       |--TEXT -&gt;  singletonEl  [10:86]&#10;|       `--DT_TAG_END -&gt; DT_TAG_END [10:99]&#10;|           |--START -&gt; &lt; [10:99]&#10;|           |--SLASH -&gt; / [10:100]&#10;|           |--DT_HTML_TAG_NAME -&gt; dt [10:101]&#10;|           `--END -&gt; &gt; [10:103]&#10;|--NEWLINE -&gt; \n [10:104]&#10;|--LEADING_ASTERISK -&gt; * [11:0]&#10;|--TEXT -&gt;   [11:1]&#10;|--HTML_ELEMENT -&gt; HTML_ELEMENT [11:2]&#10;|   `--HEAD -&gt; HEAD [11:2]&#10;|       |--HEAD_TAG_START -&gt; HEAD_TAG_START [11:2]&#10;|       |   |--START -&gt; &lt; [11:2]&#10;|       |   |--HEAD_HTML_TAG_NAME -&gt; head [11:3]&#10;|       |   `--END -&gt; &gt; [11:7]&#10;|       |--TEXT -&gt;  head with  [11:8]&#10;|       |--SINGLETON_ELEMENT -&gt; SINGLETON_ELEMENT [11:19]&#10;|       |   `--IMG_TAG -&gt; IMG_TAG [11:19]&#10;|       |       |--START -&gt; &lt; [11:19]&#10;|       |       |--IMG_HTML_TAG_NAME -&gt; img [11:20]&#10;|       |       |--WS -&gt;   [11:23]&#10;|       |       |--ATTRIBUTE -&gt; ATTRIBUTE [11:24]&#10;|       |       |   |--HTML_TAG_NAME -&gt; src [11:24]&#10;|       |       |   |--EQUALS -&gt; = [11:27]&#10;|       |       |   `--ATTR_VALUE -&gt; &quot;~/singletonElement.jpg&quot; [11:28]&#10;|       |       |--WS -&gt;   [11:53]&#10;|       |       |--ATTRIBUTE -&gt; ATTRIBUTE [11:54]&#10;|       |       |   |--HTML_TAG_NAME -&gt; alt [11:54]&#10;|       |       |   |--EQUALS -&gt; = [11:57]&#10;|       |       |   `--ATTR_VALUE -&gt; &quot;&quot; [11:58]&#10;|       |       |--WS -&gt;   [11:61]&#10;|       |       |--ATTRIBUTE -&gt; ATTRIBUTE [11:62]&#10;|       |       |   |--HTML_TAG_NAME -&gt; width [11:62]&#10;|       |       |   |--EQUALS -&gt; = [11:67]&#10;|       |       |   `--ATTR_VALUE -&gt; &quot;100&quot; [11:68]&#10;|       |       |--WS -&gt;   [11:74]&#10;|       |       |--ATTRIBUTE -&gt; ATTRIBUTE [11:75]&#10;|       |       |   |--HTML_TAG_NAME -&gt; height [11:75]&#10;|       |       |   |--EQUALS -&gt; = [11:81]&#10;|       |       |   `--ATTR_VALUE -&gt; &quot;150&quot; [11:82]&#10;|       |       `--END -&gt; &gt; [11:88]&#10;|       |--NEWLINE -&gt; \n [11:89]&#10;|       |--LEADING_ASTERISK -&gt; * [12:0]&#10;|       |--TEXT -&gt;  singletonElement  [12:1]&#10;|       `--HEAD_TAG_END -&gt; HEAD_TAG_END [12:19]&#10;|           |--START -&gt; &lt; [12:19]&#10;|           |--SLASH -&gt; / [12:20]&#10;|           |--HEAD_HTML_TAG_NAME -&gt; head [12:21]&#10;|           `--END -&gt; &gt; [12:25]&#10;|--NEWLINE -&gt; \n [12:26]&#10;|--LEADING_ASTERISK -&gt; * [13:0]&#10;|--NEWLINE -&gt; \n [13:1]&#10;|--LEADING_ASTERISK -&gt; * [14:0]&#10;|--TEXT -&gt;   [14:1]&#10;|--HTML_ELEMENT -&gt; HTML_ELEMENT [14:2]&#10;|   `--HTML -&gt; HTML [14:2]&#10;|       |--HTML_TAG_START -&gt; HTML_TAG_START [14:2]&#10;|       |   |--START -&gt; &lt; [14:2]&#10;|       |   |--HTML_HTML_TAG_NAME -&gt; html [14:3]&#10;|       |   `--END -&gt; &gt; [14:7]&#10;|       |--TEXT -&gt;   [14:8]&#10;|       |--SINGLETON_ELEMENT -&gt; SINGLETON_ELEMENT [14:9]&#10;|       |   `--BR_TAG -&gt; BR_TAG [14:9]&#10;|       |       |--START -&gt; &lt; [14:9]&#10;|       |       |--BR_HTML_TAG_NAME -&gt; bR [14:10]&#10;|       |       `--END -&gt; &gt; [14:12]&#10;|       |--TEXT -&gt;   [14:13]&#10;|       |--SINGLETON_ELEMENT -&gt; SINGLETON_ELEMENT [14:14]&#10;|       |   `--BR_TAG -&gt; BR_TAG [14:14]&#10;|       |       |--START -&gt; &lt; [14:14]&#10;|       |       |--BR_HTML_TAG_NAME -&gt; Br [14:15]&#10;|       |       `--END -&gt; &gt; [14:17]&#10;|       |--TEXT -&gt;   [14:18]&#10;|       |--SINGLETON_ELEMENT -&gt; SINGLETON_ELEMENT [14:19]&#10;|       |   `--BR_TAG -&gt; BR_TAG [14:19]&#10;|       |       |--START -&gt; &lt; [14:19]&#10;|       |       |--BR_HTML_TAG_NAME -&gt; BR [14:20]&#10;|       |       `--END -&gt; &gt; [14:22]&#10;|       |--TEXT -&gt;   [14:23]&#10;|       |--SINGLETON_ELEMENT -&gt; SINGLETON_ELEMENT [14:24]&#10;|       |   `--BR_TAG -&gt; BR_TAG [14:24]&#10;|       |       |--START -&gt; &lt; [14:24]&#10;|       |       |--BR_HTML_TAG_NAME -&gt; Br [14:25]&#10;|       |       `--SLASH_END -&gt; /&gt; [14:27]&#10;|       |--TEXT -&gt;   [14:29]&#10;|       |--SINGLETON_ELEMENT -&gt; SINGLETON_ELEMENT [14:30]&#10;|       |   `--BR_TAG -&gt; BR_TAG [14:30]&#10;|       |       |--START -&gt; &lt; [14:30]&#10;|       |       |--BR_HTML_TAG_NAME -&gt; BR [14:31]&#10;|       |       `--SLASH_END -&gt; /&gt; [14:33]&#10;|       |--TEXT -&gt;   [14:35]&#10;|       |--SINGLETON_ELEMENT -&gt; SINGLETON_ELEMENT [14:36]&#10;|       |   `--BR_TAG -&gt; BR_TAG [14:36]&#10;|       |       |--START -&gt; &lt; [14:36]&#10;|       |       |--BR_HTML_TAG_NAME -&gt; bR [14:37]&#10;|       |       `--SLASH_END -&gt; /&gt; [14:39]&#10;|       |--TEXT -&gt;   [14:41]&#10;|       `--HTML_TAG_END -&gt; HTML_TAG_END [14:42]&#10;|           |--START -&gt; &lt; [14:42]&#10;|           |--SLASH -&gt; / [14:43]&#10;|           |--HTML_HTML_TAG_NAME -&gt; html [14:44]&#10;|           `--END -&gt; &gt; [14:48]&#10;|--NEWLINE -&gt; \n [14:49]&#10;|--LEADING_ASTERISK -&gt; * [15:0]&#10;|--TEXT -&gt;   [15:1]&#10;|--HTML_ELEMENT -&gt; HTML_ELEMENT [15:2]&#10;|   `--OPTION -&gt; OPTION [15:2]&#10;|       |--OPTION_TAG_START -&gt; OPTION_TAG_START [15:2]&#10;|       |   |--START -&gt; &lt; [15:2]&#10;|       |   |--OPTION_HTML_TAG_NAME -&gt; option [15:3]&#10;|       |   `--END -&gt; &gt; [15:9]&#10;|       |--TEXT -&gt;   [15:10]&#10;|       |--SINGLETON_ELEMENT -&gt; SINGLETON_ELEMENT [15:11]&#10;|       |   `--INPUT_TAG -&gt; INPUT_TAG [15:11]&#10;|       |       |--START -&gt; &lt; [15:11]&#10;|       |       |--INPUT_HTML_TAG_NAME -&gt; INPut [15:12]&#10;|       |       `--SLASH_END -&gt; /&gt; [15:17]&#10;|       |--TEXT -&gt;   [15:19]&#10;|       `--OPTION_TAG_END -&gt; OPTION_TAG_END [15:20]&#10;|           |--START -&gt; &lt; [15:20]&#10;|           |--SLASH -&gt; / [15:21]&#10;|           |--OPTION_HTML_TAG_NAME -&gt; option [15:22]&#10;|           `--END -&gt; &gt; [15:28]&#10;|--NEWLINE -&gt; \n [15:29]&#10;|--LEADING_ASTERISK -&gt; * [16:0]&#10;|--TEXT -&gt;   [16:1]&#10;|--HTML_ELEMENT -&gt; HTML_ELEMENT [16:2]&#10;|   `--TBODY -&gt; TBODY [16:2]&#10;|       |--TBODY_TAG_START -&gt; TBODY_TAG_START [16:2]&#10;|       |   |--START -&gt; &lt; [16:2]&#10;|       |   |--TBODY_HTML_TAG_NAME -&gt; tbody [16:3]&#10;|       |   `--END -&gt; &gt; [16:8]&#10;|       |--TEXT -&gt;   [16:9]&#10;|       |--SINGLETON_ELEMENT -&gt; SINGLETON_ELEMENT [16:10]&#10;|       |   `--INPUT_TAG -&gt; INPUT_TAG [16:10]&#10;|       |       |--START -&gt; &lt; [16:10]&#10;|       |       |--INPUT_HTML_TAG_NAME -&gt; input [16:11]&#10;|       |       `--SLASH_END -&gt; /&gt; [16:16]&#10;|       |--TEXT -&gt;   [16:18]&#10;|       |--SINGLETON_ELEMENT -&gt; SINGLETON_ELEMENT [16:19]&#10;|       |   `--BR_TAG -&gt; BR_TAG [16:19]&#10;|       |       |--START -&gt; &lt; [16:19]&#10;|       |       |--BR_HTML_TAG_NAME -&gt; br [16:20]&#10;|       |       `--END -&gt; &gt; [16:22]&#10;|       |--TEXT -&gt;   [16:23]&#10;|       `--TBODY_TAG_END -&gt; TBODY_TAG_END [16:24]&#10;|           |--START -&gt; &lt; [16:24]&#10;|           |--SLASH -&gt; / [16:25]&#10;|           |--TBODY_HTML_TAG_NAME -&gt; tbody [16:26]&#10;|           `--END -&gt; &gt; [16:31]&#10;|--NEWLINE -&gt; \n [16:32]&#10;|--LEADING_ASTERISK -&gt; * [17:0]&#10;|--TEXT -&gt;   [17:1]&#10;|--HTML_ELEMENT -&gt; HTML_ELEMENT [17:2]&#10;|   `--THEAD -&gt; THEAD [17:2]&#10;|       |--THEAD_TAG_START -&gt; THEAD_TAG_START [17:2]&#10;|       |   |--START -&gt; &lt; [17:2]&#10;|       |   |--THEAD_HTML_TAG_NAME -&gt; thead [17:3]&#10;|       |   `--END -&gt; &gt; [17:8]&#10;|       |--TEXT -&gt;   [17:9]&#10;|       |--SINGLETON_ELEMENT -&gt; SINGLETON_ELEMENT [17:10]&#10;|       |   `--BR_TAG -&gt; BR_TAG [17:10]&#10;|       |       |--START -&gt; &lt; [17:10]&#10;|       |       |--BR_HTML_TAG_NAME -&gt; br [17:11]&#10;|       |       `--END -&gt; &gt; [17:13]&#10;|       |--TEXT -&gt;   [17:14]&#10;|       `--THEAD_TAG_END -&gt; THEAD_TAG_END [17:15]&#10;|           |--START -&gt; &lt; [17:15]&#10;|           |--SLASH -&gt; / [17:16]&#10;|           |--THEAD_HTML_TAG_NAME -&gt; thead [17:17]&#10;|           `--END -&gt; &gt; [17:22]&#10;|--NEWLINE -&gt; \n [17:23]&#10;|--LEADING_ASTERISK -&gt; * [18:0]&#10;|--TEXT -&gt;   [18:1]&#10;|--HTML_ELEMENT -&gt; HTML_ELEMENT [18:2]&#10;|   `--TFOOT -&gt; TFOOT [18:2]&#10;|       |--TFOOT_TAG_START -&gt; TFOOT_TAG_START [18:2]&#10;|       |   |--START -&gt; &lt; [18:2]&#10;|       |   |--TFOOT_HTML_TAG_NAME -&gt; tfoot [18:3]&#10;|       |   `--END -&gt; &gt; [18:8]&#10;|       |--TEXT -&gt;   [18:9]&#10;|       |--SINGLETON_ELEMENT -&gt; SINGLETON_ELEMENT [18:10]&#10;|       |   `--AREA_TAG -&gt; AREA_TAG [18:10]&#10;|       |       |--START -&gt; &lt; [18:10]&#10;|       |       |--AREA_HTML_TAG_NAME -&gt; AREA [18:11]&#10;|       |       |--WS -&gt;   [18:15]&#10;|       |       |--ATTRIBUTE -&gt; ATTRIBUTE [18:16]&#10;|       |       |   |--HTML_TAG_NAME -&gt; ALT [18:16]&#10;|       |       |   |--EQUALS -&gt; = [18:19]&#10;|       |       |   `--ATTR_VALUE -&gt; &quot;alt&quot; [18:20]&#10;|       |       |--WS -&gt;   [18:26]&#10;|       |       |--ATTRIBUTE -&gt; ATTRIBUTE [18:27]&#10;|       |       |   |--HTML_TAG_NAME -&gt; COORDS [18:27]&#10;|       |       |   |--EQUALS -&gt; = [18:33]&#10;|       |       |   `--ATTR_VALUE -&gt; &quot;100,0,200,50&quot; [18:34]&#10;|       |       |--WS -&gt;   [18:49]&#10;|       |       |--ATTRIBUTE -&gt; ATTRIBUTE [18:50]&#10;|       |       |   |--HTML_TAG_NAME -&gt; HREF [18:50]&#10;|       |       |   |--EQUALS -&gt; = [18:54]&#10;|       |       |   `--ATTR_VALUE -&gt; &quot;/href/&quot; [18:55]&#10;|       |       `--END -&gt; &gt; [18:64]&#10;|       |--TEXT -&gt;   [18:65]&#10;|       `--TFOOT_TAG_END -&gt; TFOOT_TAG_END [18:66]&#10;|           |--START -&gt; &lt; [18:66]&#10;|           |--SLASH -&gt; / [18:67]&#10;|           |--TFOOT_HTML_TAG_NAME -&gt; tfoot [18:68]&#10;|           `--END -&gt; &gt; [18:73]&#10;`--EOF -&gt; &lt;EOF&gt; [18:74]]&#10;&gt; but was:&lt;...DOC -&gt; JAVADOC [0:0][&#10;|--LEADING_ASTERISK -&gt; * [0:0]&#10;|--TEXT -&gt;   [0:1]&#10;|--HTML_ELEMENT -&gt; HTML_ELEMENT [0:2]&#10;|   `--PARAGRAPH -&gt; PARAGRAPH [0:2]&#10;|       |--P_TAG_START -&gt; P_TAG_START [0:2]&#10;|       |   |--START -&gt; &lt; [0:2]&#10;|       |   |--P_HTML_TAG_NAME -&gt; p [0:3]&#10;|       |   `--END -&gt; &gt; [0:4]&#10;|       |--TEXT -&gt;  paragraph with a  [0:5]&#10;|       |--SINGLETON_ELEMENT -&gt; SINGLETON_ELEMENT [0:23]&#10;|       |   `--BR_TAG -&gt; BR_TAG [0:23]&#10;|       |       |--START -&gt; &lt; [0:23]&#10;|       |       |--BR_HTML_TAG_NAME -&gt; br [0:24]&#10;|       |       `--END -&gt; &gt; [0:26]&#10;|       |--TEXT -&gt; singletonElement.  [0:27]&#10;|       |--SINGLETON_ELEMENT -&gt; SINGLETON_ELEMENT [0:45]&#10;|       |   `--HR_TAG -&gt; HR_TAG [0:45]&#10;|       |       |--START -&gt; &lt; [0:45]&#10;|       |       |--HR_HTML_TAG_NAME -&gt; hr [0:46]&#10;|       |       `--END -&gt; &gt; [0:48]&#10;|       |--TEXT -&gt;  And it contains another one.  [0:49]&#10;|       `--P_TAG_END -&gt; P_TAG_END [0:79]&#10;|           |--START -&gt; &lt; [0:79]&#10;|           |--SLASH -&gt; / [0:80]&#10;|           |--P_HTML_TAG_NAME -&gt; p [0:81]&#10;|           `--END -&gt; &gt; [0:82]&#10;|--NEWLINE -&gt; \n [0:83]&#10;|--LEADING_ASTERISK -&gt; * [1:0]&#10;|--TEXT -&gt;   [1:1]&#10;|--HTML_ELEMENT -&gt; HTML_ELEMENT [1:2]&#10;|   `--LI -&gt; LI [1:2]&#10;|       |--LI_TAG_START -&gt; LI_TAG_START [1:2]&#10;|       |   |--START -&gt; &lt; [1:2]&#10;|       |   |--LI_HTML_TAG_NAME -&gt; li [1:3]&#10;|       |   `--END -&gt; &gt; [1:5]&#10;|       |--TEXT -&gt;  List with singletonElement [1:6]&#10;|       |--NEWLINE -&gt; \n [1:33]&#10;|       |--LEADING_ASTERISK -&gt; * [2:0]&#10;|       |--TEXT -&gt;   [2:1]&#10;|       |--SINGLETON_ELEMENT -&gt; SINGLETON_ELEMENT [2:2]&#10;|       |   `--PARAM_TAG -&gt; PARAM_TAG [2:2]&#10;|       |       |--START -&gt; &lt; [2:2]&#10;|       |       |--PARAM_HTML_TAG_NAME -&gt; param [2:3]&#10;|       |       |--WS -&gt;   [2:8]&#10;|       |       |--ATTRIBUTE -&gt; ATTRIBUTE [2:9]&#10;|       |       |   |--HTML_TAG_NAME -&gt; name [2:9]&#10;|       |       |   |--EQUALS -&gt; = [2:13]&#10;|       |       |   `--ATTR_VALUE -&gt; movie [2:14]&#10;|       |       |--WS -&gt;   [2:20]&#10;|       |       |--ATTRIBUTE -&gt; ATTRIBUTE [2:21]&#10;|       |       |   |--HTML_TAG_NAME -&gt; value [2:21]&#10;|       |       |   |--EQUALS -&gt; = [2:26]&#10;|       |       |   `--ATTR_VALUE -&gt; &quot;~/imitation game.mp4&quot; [2:27]&#10;|       |       `--END -&gt; &gt; [2:50]&#10;|       |--TEXT -&gt;   [2:51]&#10;|       |--SINGLETON_ELEMENT -&gt; SINGLETON_ELEMENT [2:52]&#10;|       |   `--PARAM_TAG -&gt; PARAM_TAG [2:52]&#10;|       |       |--START -&gt; &lt; [2:52]&#10;|       |       |--PARAM_HTML_TAG_NAME -&gt; param [2:53]&#10;|       |       |--WS -&gt;   [2:58]&#10;|       |       |--ATTRIBUTE -&gt; ATTRIBUTE [2:59]&#10;|       |       |   |--HTML_TAG_NAME -&gt; name [2:59]&#10;|       |       |   |--EQUALS -&gt; = [2:63]&#10;|       |       |   `--ATTR_VALUE -&gt; allowfullscreen [2:64]&#10;|       |       |--WS -&gt;   [2:80]&#10;|       |       |--ATTRIBUTE -&gt; ATTRIBUTE [2:81]&#10;|       |       |   |--HTML_TAG_NAME -&gt; value [2:81]&#10;|       |       |   |--EQUALS -&gt; = [2:86]&#10;|       |       |   `--ATTR_VALUE -&gt; true [2:87]&#10;|       |       `--END -&gt; &gt; [2:92]&#10;|       |--TEXT -&gt;   [2:93]&#10;|       `--LI_TAG_END -&gt; LI_TAG_END [2:94]&#10;|           |--START -&gt; &lt; [2:94]&#10;|           |--SLASH -&gt; / [2:95]&#10;|           |--LI_HTML_TAG_NAME -&gt; li [2:96]&#10;|           `--END -&gt; &gt; [2:98]&#10;|--NEWLINE -&gt; \n [2:99]&#10;|--LEADING_ASTERISK -&gt; * [3:0]&#10;|--NEWLINE -&gt; \n [3:1]&#10;|--LEADING_ASTERISK -&gt; * [4:0]&#10;|--TEXT -&gt;   [4:1]&#10;|--HTML_ELEMENT -&gt; HTML_ELEMENT [4:2]&#10;|   `--TR -&gt; TR [4:2]&#10;|       |--TR_TAG_START -&gt; TR_TAG_START [4:2]&#10;|       |   |--START -&gt; &lt; [4:2]&#10;|       |   |--TR_HTML_TAG_NAME -&gt; tr [4:3]&#10;|       |   `--END -&gt; &gt; [4:5]&#10;|       |--TEXT -&gt;  tr with  [4:6]&#10;|       |--SINGLETON_ELEMENT -&gt; SINGLETON_ELEMENT [4:15]&#10;|       |   `--BASE_TAG -&gt; BASE_TAG [4:15]&#10;|       |       |--START -&gt; &lt; [4:15]&#10;|       |       |--BASE_HTML_TAG_NAME -&gt; base [4:16]&#10;|       |       |--WS -&gt;   [4:20]&#10;|       |       |--ATTRIBUTE -&gt; ATTRIBUTE [4:21]&#10;|       |       |   |--HTML_TAG_NAME -&gt; href [4:21]&#10;|       |       |   |--EQUALS -&gt; = [4:25]&#10;|       |       |   `--ATTR_VALUE -&gt; &quot;www.something.com&quot; [4:26]&#10;|       |       `--END -&gt; &gt; [4:46]&#10;|       |--TEXT -&gt;  singletonElement  [4:47]&#10;|       `--TR_TAG_END -&gt; TR_TAG_END [4:65]&#10;|           |--START -&gt; &lt; [4:65]&#10;|           |--SLASH -&gt; / [4:66]&#10;|           |--TR_HTML_TAG_NAME -&gt; tr [4:67]&#10;|           `--END -&gt; &gt; [4:69]&#10;|--NEWLINE -&gt; \n [4:70]&#10;|--LEADING_ASTERISK -&gt; * [5:0]&#10;|--TEXT -&gt;   [5:1]&#10;|--HTML_ELEMENT -&gt; HTML_ELEMENT [5:2]&#10;|   `--TD -&gt; TD [5:2]&#10;|       |--TD_TAG_START -&gt; TD_TAG_START [5:2]&#10;|       |   |--START -&gt; &lt; [5:2]&#10;|       |   |--TD_HTML_TAG_NAME -&gt; td [5:3]&#10;|       |   `--END -&gt; &gt; [5:5]&#10;|       |--TEXT -&gt;  td with singletonElement  [5:6]&#10;|       |--SINGLETON_ELEMENT -&gt; SINGLETON_ELEMENT [5:32]&#10;|       |   `--BR_TAG -&gt; BR_TAG [5:32]&#10;|       |       |--START -&gt; &lt; [5:32]&#10;|       |       |--BR_HTML_TAG_NAME -&gt; br [5:33]&#10;|       |       `--SLASH_END -&gt; /&gt; [5:35]&#10;|       |--TEXT -&gt;   [5:37]&#10;|       `--TD_TAG_END -&gt; TD_TAG_END [5:38]&#10;|           |--START -&gt; &lt; [5:38]&#10;|           |--SLASH -&gt; / [5:39]&#10;|           |--TD_HTML_TAG_NAME -&gt; td [5:40]&#10;|           `--END -&gt; &gt; [5:42]&#10;|--NEWLINE -&gt; \n [5:43]&#10;|--LEADING_ASTERISK -&gt; * [6:0]&#10;|--TEXT -&gt;   [6:1]&#10;|--HTML_ELEMENT -&gt; HTML_ELEMENT [6:2]&#10;|   `--TH -&gt; TH [6:2]&#10;|       |--TH_TAG_START -&gt; TH_TAG_START [6:2]&#10;|       |   |--START -&gt; &lt; [6:2]&#10;|       |   |--TH_HTML_TAG_NAME -&gt; th [6:3]&#10;|       |   `--END -&gt; &gt; [6:5]&#10;|       |--TEXT -&gt;  th with  [6:6]&#10;|       |--SINGLETON_ELEMENT -&gt; SINGLETON_ELEMENT [6:15]&#10;|       |   `--BASE_TAG -&gt; BASE_TAG [6:15]&#10;|       |       |--START -&gt; &lt; [6:15]&#10;|       |       |--BASE_HTML_TAG_NAME -&gt; base [6:16]&#10;|       |       `--SLASH_END -&gt; /&gt; [6:20]&#10;|       |--TEXT -&gt;  singletonElement  [6:22]&#10;|       `--TH_TAG_END -&gt; TH_TAG_END [6:40]&#10;|           |--START -&gt; &lt; [6:40]&#10;|           |--SLASH -&gt; / [6:41]&#10;|           |--TH_HTML_TAG_NAME -&gt; th [6:42]&#10;|           `--END -&gt; &gt; [6:44]&#10;|--NEWLINE -&gt; \n [6:45]&#10;|--LEADING_ASTERISK -&gt; * [7:0]&#10;|--TEXT -&gt;   [7:1]&#10;|--HTML_ELEMENT -&gt; HTML_ELEMENT [7:2]&#10;|   `--BODY -&gt; BODY [7:2]&#10;|       |--BODY_TAG_START -&gt; BODY_TAG_START [7:2]&#10;|       |   |--START -&gt; &lt; [7:2]&#10;|       |   |--BODY_HTML_TAG_NAME -&gt; body [7:3]&#10;|       |   `--END -&gt; &gt; [7:7]&#10;|       |--TEXT -&gt;  body with  [7:8]&#10;|       |--SINGLETON_ELEMENT -&gt; SINGLETON_ELEMENT [7:19]&#10;|       |   `--BR_TAG -&gt; BR_TAG [7:19]&#10;|       |       |--START -&gt; &lt; [7:19]&#10;|       |       |--BR_HTML_TAG_NAME -&gt; br [7:20]&#10;|       |       `--SLASH_END -&gt; /&gt; [7:22]&#10;|       |--TEXT -&gt;  singletonElement  [7:24]&#10;|       `--BODY_TAG_END -&gt; BODY_TAG_END [7:42]&#10;|           |--START -&gt; &lt; [7:42]&#10;|           |--SLASH -&gt; / [7:43]&#10;|           |--BODY_HTML_TAG_NAME -&gt; body [7:44]&#10;|           `--END -&gt; &gt; [7:48]&#10;|--NEWLINE -&gt; \n [7:49]&#10;|--LEADING_ASTERISK -&gt; * [8:0]&#10;|--TEXT -&gt;   [8:1]&#10;|--HTML_ELEMENT -&gt; HTML_ELEMENT [8:2]&#10;|   `--COLGROUP -&gt; COLGROUP [8:2]&#10;|       |--COLGROUP_TAG_START -&gt; COLGROUP_TAG_START [8:2]&#10;|       |   |--START -&gt; &lt; [8:2]&#10;|       |   |--COLGROUP_HTML_TAG_NAME -&gt; colgroup [8:3]&#10;|       |   `--END -&gt; &gt; [8:11]&#10;|       |--SINGLETON_ELEMENT -&gt; SINGLETON_ELEMENT [8:12]&#10;|       |   `--COL_TAG -&gt; COL_TAG [8:12]&#10;|       |       |--START -&gt; &lt; [8:12]&#10;|       |       |--COL_HTML_TAG_NAME -&gt; col [8:13]&#10;|       |       `--END -&gt; &gt; [8:16]&#10;|       |--SINGLETON_ELEMENT -&gt; SINGLETON_ELEMENT [8:17]&#10;|       |   `--COL_TAG -&gt; COL_TAG [8:17]&#10;|       |       |--START -&gt; &lt; [8:17]&#10;|       |       |--COL_HTML_TAG_NAME -&gt; col [8:18]&#10;|       |       `--END -&gt; &gt; [8:21]&#10;|       |--SINGLETON_ELEMENT -&gt; SINGLETON_ELEMENT [8:22]&#10;|       |   `--COL_TAG -&gt; COL_TAG [8:22]&#10;|       |       |--START -&gt; &lt; [8:22]&#10;|       |       |--COL_HTML_TAG_NAME -&gt; col [8:23]&#10;|       |       `--END -&gt; &gt; [8:26]&#10;|       `--COLGROUP_TAG_END -&gt; COLGROUP_TAG_END [8:27]&#10;|           |--START -&gt; &lt; [8:27]&#10;|           |--SLASH -&gt; / [8:28]&#10;|           |--COLGROUP_HTML_TAG_NAME -&gt; colgroup [8:29]&#10;|           `--END -&gt; &gt; [8:37]&#10;|--NEWLINE -&gt; \n [8:38]&#10;|--LEADING_ASTERISK -&gt; * [9:0]&#10;|--TEXT -&gt;   [9:1]&#10;|--HTML_ELEMENT -&gt; HTML_ELEMENT [9:2]&#10;|   `--DD -&gt; DD [9:2]&#10;|       |--DD_TAG_START -&gt; DD_TAG_START [9:2]&#10;|       |   |--START -&gt; &lt; [9:2]&#10;|       |   |--DD_HTML_TAG_NAME -&gt; dd [9:3]&#10;|       |   `--END -&gt; &gt; [9:5]&#10;|       |--TEXT -&gt;  dd with  [9:6]&#10;|       |--SINGLETON_ELEMENT -&gt; SINGLETON_ELEMENT [9:15]&#10;|       |   `--HR_TAG -&gt; HR_TAG [9:15]&#10;|       |       |--START -&gt; &lt; [9:15]&#10;|       |       |--HR_HTML_TAG_NAME -&gt; hr [9:16]&#10;|       |       `--END -&gt; &gt; [9:18]&#10;|       |--TEXT -&gt;  singletonElement  [9:19]&#10;|       `--DD_TAG_END -&gt; DD_TAG_END [9:37]&#10;|           |--START -&gt; &lt; [9:37]&#10;|           |--SLASH -&gt; / [9:38]&#10;|           |--DD_HTML_TAG_NAME -&gt; dd [9:39]&#10;|           `--END -&gt; &gt; [9:41]&#10;|--NEWLINE -&gt; \n [9:42]&#10;|--LEADING_ASTERISK -&gt; * [10:0]&#10;|--TEXT -&gt;   [10:1]&#10;|--HTML_ELEMENT -&gt; HTML_ELEMENT [10:2]&#10;|   `--DT -&gt; DT [10:2]&#10;|       |--DT_TAG_START -&gt; DT_TAG_START [10:2]&#10;|       |   |--START -&gt; &lt; [10:2]&#10;|       |   |--DT_HTML_TAG_NAME -&gt; dt [10:3]&#10;|       |   `--END -&gt; &gt; [10:5]&#10;|       |--TEXT -&gt;  dt with  [10:6]&#10;|       |--SINGLETON_ELEMENT -&gt; SINGLETON_ELEMENT [10:15]&#10;|       |   `--IMG_TAG -&gt; IMG_TAG [10:15]&#10;|       |       |--START -&gt; &lt; [10:15]&#10;|       |       |--IMG_HTML_TAG_NAME -&gt; img [10:16]&#10;|       |       |--WS -&gt;   [10:19]&#10;|       |       |--ATTRIBUTE -&gt; ATTRIBUTE [10:20]&#10;|       |       |   |--HTML_TAG_NAME -&gt; src [10:20]&#10;|       |       |   |--EQUALS -&gt; = [10:23]&#10;|       |       |   `--ATTR_VALUE -&gt; &quot;~/singletonElement.jpg&quot; [10:24]&#10;|       |       |--WS -&gt;   [10:49]&#10;|       |       |--ATTRIBUTE -&gt; ATTRIBUTE [10:50]&#10;|       |       |   |--HTML_TAG_NAME -&gt; alt [10:50]&#10;|       |       |   |--EQUALS -&gt; = [10:53]&#10;|       |       |   `--ATTR_VALUE -&gt; &quot;&quot; [10:54]&#10;|       |       |--WS -&gt;   [10:57]&#10;|       |       |--ATTRIBUTE -&gt; ATTRIBUTE [10:58]&#10;|       |       |   |--HTML_TAG_NAME -&gt; width [10:58]&#10;|       |       |   |--EQUALS -&gt; = [10:63]&#10;|       |       |   `--ATTR_VALUE -&gt; &quot;100&quot; [10:64]&#10;|       |       |--WS -&gt;   [10:70]&#10;|       |       |--ATTRIBUTE -&gt; ATTRIBUTE [10:71]&#10;|       |       |   |--HTML_TAG_NAME -&gt; height [10:71]&#10;|       |       |   |--EQUALS -&gt; = [10:77]&#10;|       |       |   `--ATTR_VALUE -&gt; &quot;150&quot; [10:78]&#10;|       |       `--SLASH_END -&gt; /&gt; [10:84]&#10;|       |--TEXT -&gt;  singletonEl  [10:86]&#10;|       `--DT_TAG_END -&gt; DT_TAG_END [10:99]&#10;|           |--START -&gt; &lt; [10:99]&#10;|           |--SLASH -&gt; / [10:100]&#10;|           |--DT_HTML_TAG_NAME -&gt; dt [10:101]&#10;|           `--END -&gt; &gt; [10:103]&#10;|--NEWLINE -&gt; \n [10:104]&#10;|--LEADING_ASTERISK -&gt; * [11:0]&#10;|--TEXT -&gt;   [11:1]&#10;|--HTML_ELEMENT -&gt; HTML_ELEMENT [11:2]&#10;|   `--HEAD -&gt; HEAD [11:2]&#10;|       |--HEAD_TAG_START -&gt; HEAD_TAG_START [11:2]&#10;|       |   |--START -&gt; &lt; [11:2]&#10;|       |   |--HEAD_HTML_TAG_NAME -&gt; head [11:3]&#10;|       |   `--END -&gt; &gt; [11:7]&#10;|       |--TEXT -&gt;  head with  [11:8]&#10;|       |--SINGLETON_ELEMENT -&gt; SINGLETON_ELEMENT [11:19]&#10;|       |   `--IMG_TAG -&gt; IMG_TAG [11:19]&#10;|       |       |--START -&gt; &lt; [11:19]&#10;|       |       |--IMG_HTML_TAG_NAME -&gt; img [11:20]&#10;|       |       |--WS -&gt;   [11:23]&#10;|       |       |--ATTRIBUTE -&gt; ATTRIBUTE [11:24]&#10;|       |       |   |--HTML_TAG_NAME -&gt; src [11:24]&#10;|       |       |   |--EQUALS -&gt; = [11:27]&#10;|       |       |   `--ATTR_VALUE -&gt; &quot;~/singletonElement.jpg&quot; [11:28]&#10;|       |       |--WS -&gt;   [11:53]&#10;|       |       |--ATTRIBUTE -&gt; ATTRIBUTE [11:54]&#10;|       |       |   |--HTML_TAG_NAME -&gt; alt [11:54]&#10;|       |       |   |--EQUALS -&gt; = [11:57]&#10;|       |       |   `--ATTR_VALUE -&gt; &quot;&quot; [11:58]&#10;|       |       |--WS -&gt;   [11:61]&#10;|       |       |--ATTRIBUTE -&gt; ATTRIBUTE [11:62]&#10;|       |       |   |--HTML_TAG_NAME -&gt; width [11:62]&#10;|       |       |   |--EQUALS -&gt; = [11:67]&#10;|       |       |   `--ATTR_VALUE -&gt; &quot;100&quot; [11:68]&#10;|       |       |--WS -&gt;   [11:74]&#10;|       |       |--ATTRIBUTE -&gt; ATTRIBUTE [11:75]&#10;|       |       |   |--HTML_TAG_NAME -&gt; height [11:75]&#10;|       |       |   |--EQUALS -&gt; = [11:81]&#10;|       |       |   `--ATTR_VALUE -&gt; &quot;150&quot; [11:82]&#10;|       |       `--END -&gt; &gt; [11:88]&#10;|       |--NEWLINE -&gt; \n [11:89]&#10;|       |--LEADING_ASTERISK -&gt; * [12:0]&#10;|       |--TEXT -&gt;  singletonElement  [12:1]&#10;|       `--HEAD_TAG_END -&gt; HEAD_TAG_END [12:19]&#10;|           |--START -&gt; &lt; [12:19]&#10;|           |--SLASH -&gt; / [12:20]&#10;|           |--HEAD_HTML_TAG_NAME -&gt; head [12:21]&#10;|           `--END -&gt; &gt; [12:25]&#10;|--NEWLINE -&gt; \n [12:26]&#10;|--LEADING_ASTERISK -&gt; * [13:0]&#10;|--NEWLINE -&gt; \n [13:1]&#10;|--LEADING_ASTERISK -&gt; * [14:0]&#10;|--TEXT -&gt;   [14:1]&#10;|--HTML_ELEMENT -&gt; HTML_ELEMENT [14:2]&#10;|   `--HTML -&gt; HTML [14:2]&#10;|       |--HTML_TAG_START -&gt; HTML_TAG_START [14:2]&#10;|       |   |--START -&gt; &lt; [14:2]&#10;|       |   |--HTML_HTML_TAG_NAME -&gt; html [14:3]&#10;|       |   `--END -&gt; &gt; [14:7]&#10;|       |--TEXT -&gt;   [14:8]&#10;|       |--SINGLETON_ELEMENT -&gt; SINGLETON_ELEMENT [14:9]&#10;|       |   `--BR_TAG -&gt; BR_TAG [14:9]&#10;|       |       |--START -&gt; &lt; [14:9]&#10;|       |       |--BR_HTML_TAG_NAME -&gt; bR [14:10]&#10;|       |       `--END -&gt; &gt; [14:12]&#10;|       |--TEXT -&gt;   [14:13]&#10;|       |--SINGLETON_ELEMENT -&gt; SINGLETON_ELEMENT [14:14]&#10;|       |   `--BR_TAG -&gt; BR_TAG [14:14]&#10;|       |       |--START -&gt; &lt; [14:14]&#10;|       |       |--BR_HTML_TAG_NAME -&gt; Br [14:15]&#10;|       |       `--END -&gt; &gt; [14:17]&#10;|       |--TEXT -&gt;   [14:18]&#10;|       |--SINGLETON_ELEMENT -&gt; SINGLETON_ELEMENT [14:19]&#10;|       |   `--BR_TAG -&gt; BR_TAG [14:19]&#10;|       |       |--START -&gt; &lt; [14:19]&#10;|       |       |--BR_HTML_TAG_NAME -&gt; BR [14:20]&#10;|       |       `--END -&gt; &gt; [14:22]&#10;|       |--TEXT -&gt;   [14:23]&#10;|       |--SINGLETON_ELEMENT -&gt; SINGLETON_ELEMENT [14:24]&#10;|       |   `--BR_TAG -&gt; BR_TAG [14:24]&#10;|       |       |--START -&gt; &lt; [14:24]&#10;|       |       |--BR_HTML_TAG_NAME -&gt; Br [14:25]&#10;|       |       `--SLASH_END -&gt; /&gt; [14:27]&#10;|       |--TEXT -&gt;   [14:29]&#10;|       |--SINGLETON_ELEMENT -&gt; SINGLETON_ELEMENT [14:30]&#10;|       |   `--BR_TAG -&gt; BR_TAG [14:30]&#10;|       |       |--START -&gt; &lt; [14:30]&#10;|       |       |--BR_HTML_TAG_NAME -&gt; BR [14:31]&#10;|       |       `--SLASH_END -&gt; /&gt; [14:33]&#10;|       |--TEXT -&gt;   [14:35]&#10;|       |--SINGLETON_ELEMENT -&gt; SINGLETON_ELEMENT [14:36]&#10;|       |   `--BR_TAG -&gt; BR_TAG [14:36]&#10;|       |       |--START -&gt; &lt; [14:36]&#10;|       |       |--BR_HTML_TAG_NAME -&gt; bR [14:37]&#10;|       |       `--SLASH_END -&gt; /&gt; [14:39]&#10;|       |--TEXT -&gt;   [14:41]&#10;|       `--HTML_TAG_END -&gt; HTML_TAG_END [14:42]&#10;|           |--START -&gt; &lt; [14:42]&#10;|           |--SLASH -&gt; / [14:43]&#10;|           |--HTML_HTML_TAG_NAME -&gt; html [14:44]&#10;|           `--END -&gt; &gt; [14:48]&#10;|--NEWLINE -&gt; \n [14:49]&#10;|--LEADING_ASTERISK -&gt; * [15:0]&#10;|--TEXT -&gt;   [15:1]&#10;|--HTML_ELEMENT -&gt; HTML_ELEMENT [15:2]&#10;|   `--OPTION -&gt; OPTION [15:2]&#10;|       |--OPTION_TAG_START -&gt; OPTION_TAG_START [15:2]&#10;|       |   |--START -&gt; &lt; [15:2]&#10;|       |   |--OPTION_HTML_TAG_NAME -&gt; option [15:3]&#10;|       |   `--END -&gt; &gt; [15:9]&#10;|       |--TEXT -&gt;   [15:10]&#10;|       |--SINGLETON_ELEMENT -&gt; SINGLETON_ELEMENT [15:11]&#10;|       |   `--INPUT_TAG -&gt; INPUT_TAG [15:11]&#10;|       |       |--START -&gt; &lt; [15:11]&#10;|       |       |--INPUT_HTML_TAG_NAME -&gt; INPut [15:12]&#10;|       |       `--SLASH_END -&gt; /&gt; [15:17]&#10;|       |--TEXT -&gt;   [15:19]&#10;|       `--OPTION_TAG_END -&gt; OPTION_TAG_END [15:20]&#10;|           |--START -&gt; &lt; [15:20]&#10;|           |--SLASH -&gt; / [15:21]&#10;|           |--OPTION_HTML_TAG_NAME -&gt; option [15:22]&#10;|           `--END -&gt; &gt; [15:28]&#10;|--NEWLINE -&gt; \n [15:29]&#10;|--LEADING_ASTERISK -&gt; * [16:0]&#10;|--TEXT -&gt;   [16:1]&#10;|--HTML_ELEMENT -&gt; HTML_ELEMENT [16:2]&#10;|   `--TBODY -&gt; TBODY [16:2]&#10;|       |--TBODY_TAG_START -&gt; TBODY_TAG_START [16:2]&#10;|       |   |--START -&gt; &lt; [16:2]&#10;|       |   |--TBODY_HTML_TAG_NAME -&gt; tbody [16:3]&#10;|       |   `--END -&gt; &gt; [16:8]&#10;|       |--TEXT -&gt;   [16:9]&#10;|       |--SINGLETON_ELEMENT -&gt; SINGLETON_ELEMENT [16:10]&#10;|       |   `--INPUT_TAG -&gt; INPUT_TAG [16:10]&#10;|       |       |--START -&gt; &lt; [16:10]&#10;|       |       |--INPUT_HTML_TAG_NAME -&gt; input [16:11]&#10;|       |       `--SLASH_END -&gt; /&gt; [16:16]&#10;|       |--TEXT -&gt;   [16:18]&#10;|       |--SINGLETON_ELEMENT -&gt; SINGLETON_ELEMENT [16:19]&#10;|       |   `--BR_TAG -&gt; BR_TAG [16:19]&#10;|       |       |--START -&gt; &lt; [16:19]&#10;|       |       |--BR_HTML_TAG_NAME -&gt; br [16:20]&#10;|       |       `--END -&gt; &gt; [16:22]&#10;|       |--TEXT -&gt;   [16:23]&#10;|       `--TBODY_TAG_END -&gt; TBODY_TAG_END [16:24]&#10;|           |--START -&gt; &lt; [16:24]&#10;|           |--SLASH -&gt; / [16:25]&#10;|           |--TBODY_HTML_TAG_NAME -&gt; tbody [16:26]&#10;|           `--END -&gt; &gt; [16:31]&#10;|--NEWLINE -&gt; \n [16:32]&#10;|--LEADING_ASTERISK -&gt; * [17:0]&#10;|--TEXT -&gt;   [17:1]&#10;|--HTML_ELEMENT -&gt; HTML_ELEMENT [17:2]&#10;|   `--THEAD -&gt; THEAD [17:2]&#10;|       |--THEAD_TAG_START -&gt; THEAD_TAG_START [17:2]&#10;|       |   |--START -&gt; &lt; [17:2]&#10;|       |   |--THEAD_HTML_TAG_NAME -&gt; thead [17:3]&#10;|       |   `--END -&gt; &gt; [17:8]&#10;|       |--TEXT -&gt;   [17:9]&#10;|       |--SINGLETON_ELEMENT -&gt; SINGLETON_ELEMENT [17:10]&#10;|       |   `--BR_TAG -&gt; BR_TAG [17:10]&#10;|       |       |--START -&gt; &lt; [17:10]&#10;|       |       |--BR_HTML_TAG_NAME -&gt; br [17:11]&#10;|       |       `--END -&gt; &gt; [17:13]&#10;|       |--TEXT -&gt;   [17:14]&#10;|       `--THEAD_TAG_END -&gt; THEAD_TAG_END [17:15]&#10;|           |--START -&gt; &lt; [17:15]&#10;|           |--SLASH -&gt; / [17:16]&#10;|           |--THEAD_HTML_TAG_NAME -&gt; thead [17:17]&#10;|           `--END -&gt; &gt; [17:22]&#10;|--NEWLINE -&gt; \n [17:23]&#10;|--LEADING_ASTERISK -&gt; * [18:0]&#10;|--TEXT -&gt;   [18:1]&#10;|--HTML_ELEMENT -&gt; HTML_ELEMENT [18:2]&#10;|   `--TFOOT -&gt; TFOOT [18:2]&#10;|       |--TFOOT_TAG_START -&gt; TFOOT_TAG_START [18:2]&#10;|       |   |--START -&gt; &lt; [18:2]&#10;|       |   |--TFOOT_HTML_TAG_NAME -&gt; tfoot [18:3]&#10;|       |   `--END -&gt; &gt; [18:8]&#10;|       |--TEXT -&gt;   [18:9]&#10;|       |--SINGLETON_ELEMENT -&gt; SINGLETON_ELEMENT [18:10]&#10;|       |   `--AREA_TAG -&gt; AREA_TAG [18:10]&#10;|       |       |--START -&gt; &lt; [18:10]&#10;|       |       |--AREA_HTML_TAG_NAME -&gt; AREA [18:11]&#10;|       |       |--WS -&gt;   [18:15]&#10;|       |       |--ATTRIBUTE -&gt; ATTRIBUTE [18:16]&#10;|       |       |   |--HTML_TAG_NAME -&gt; ALT [18:16]&#10;|       |       |   |--EQUALS -&gt; = [18:19]&#10;|       |       |   `--ATTR_VALUE -&gt; &quot;alt&quot; [18:20]&#10;|       |       |--WS -&gt;   [18:26]&#10;|       |       |--ATTRIBUTE -&gt; ATTRIBUTE [18:27]&#10;|       |       |   |--HTML_TAG_NAME -&gt; COORDS [18:27]&#10;|       |       |   |--EQUALS -&gt; = [18:33]&#10;|       |       |   `--ATTR_VALUE -&gt; &quot;100,0,200,50&quot; [18:34]&#10;|       |       |--WS -&gt;   [18:49]&#10;|       |       |--ATTRIBUTE -&gt; ATTRIBUTE [18:50]&#10;|       |       |   |--HTML_TAG_NAME -&gt; HREF [18:50]&#10;|       |       |   |--EQUALS -&gt; = [18:54]&#10;|       |       |   `--ATTR_VALUE -&gt; &quot;/href/&quot; [18:55]&#10;|       |       `--END -&gt; &gt; [18:64]&#10;|       |--TEXT -&gt;   [18:65]&#10;|       `--TFOOT_TAG_END -&gt; TFOOT_TAG_END [18:66]&#10;|           |--START -&gt; &lt; [18:66]&#10;|           |--SLASH -&gt; / [18:67]&#10;|           |--TFOOT_HTML_TAG_NAME -&gt; tfoot [18:68]&#10;|           `--END -&gt; &gt; [18:73]&#10;`--EOF -&gt; &lt;EOF&gt; [18:74]&#13;]&#10;&gt;" type="org.junit.ComparisonFailure"><![CDATA[org.junit.ComparisonFailure: 
Generated tree from the javadoc file should match the pre-defined tree expected:<...DOC -> JAVADOC [0:0][
|--LEADING_ASTERISK -> * [0:0]
|--TEXT ->   [0:1]
|--HTML_ELEMENT -> HTML_ELEMENT [0:2]
|   `--PARAGRAPH -> PARAGRAPH [0:2]
|       |--P_TAG_START -> P_TAG_START [0:2]
|       |   |--START -> < [0:2]
|       |   |--P_HTML_TAG_NAME -> p [0:3]
|       |   `--END -> > [0:4]
|       |--TEXT ->  paragraph with a  [0:5]
|       |--SINGLETON_ELEMENT -> SINGLETON_ELEMENT [0:23]
|       |   `--BR_TAG -> BR_TAG [0:23]
|       |       |--START -> < [0:23]
|       |       |--BR_HTML_TAG_NAME -> br [0:24]
|       |       `--END -> > [0:26]
|       |--TEXT -> singletonElement.  [0:27]
|       |--SINGLETON_ELEMENT -> SINGLETON_ELEMENT [0:45]
|       |   `--HR_TAG -> HR_TAG [0:45]
|       |       |--START -> < [0:45]
|       |       |--HR_HTML_TAG_NAME -> hr [0:46]
|       |       `--END -> > [0:48]
|       |--TEXT ->  And it contains another one.  [0:49]
|       `--P_TAG_END -> P_TAG_END [0:79]
|           |--START -> < [0:79]
|           |--SLASH -> / [0:80]
|           |--P_HTML_TAG_NAME -> p [0:81]
|           `--END -> > [0:82]
|--NEWLINE -> \n [0:83]
|--LEADING_ASTERISK -> * [1:0]
|--TEXT ->   [1:1]
|--HTML_ELEMENT -> HTML_ELEMENT [1:2]
|   `--LI -> LI [1:2]
|       |--LI_TAG_START -> LI_TAG_START [1:2]
|       |   |--START -> < [1:2]
|       |   |--LI_HTML_TAG_NAME -> li [1:3]
|       |   `--END -> > [1:5]
|       |--TEXT ->  List with singletonElement [1:6]
|       |--NEWLINE -> \n [1:33]
|       |--LEADING_ASTERISK -> * [2:0]
|       |--TEXT ->   [2:1]
|       |--SINGLETON_ELEMENT -> SINGLETON_ELEMENT [2:2]
|       |   `--PARAM_TAG -> PARAM_TAG [2:2]
|       |       |--START -> < [2:2]
|       |       |--PARAM_HTML_TAG_NAME -> param [2:3]
|       |       |--WS ->   [2:8]
|       |       |--ATTRIBUTE -> ATTRIBUTE [2:9]
|       |       |   |--HTML_TAG_NAME -> name [2:9]
|       |       |   |--EQUALS -> = [2:13]
|       |       |   `--ATTR_VALUE -> movie [2:14]
|       |       |--WS ->   [2:20]
|       |       |--ATTRIBUTE -> ATTRIBUTE [2:21]
|       |       |   |--HTML_TAG_NAME -> value [2:21]
|       |       |   |--EQUALS -> = [2:26]
|       |       |   `--ATTR_VALUE -> "~/imitation game.mp4" [2:27]
|       |       `--END -> > [2:50]
|       |--TEXT ->   [2:51]
|       |--SINGLETON_ELEMENT -> SINGLETON_ELEMENT [2:52]
|       |   `--PARAM_TAG -> PARAM_TAG [2:52]
|       |       |--START -> < [2:52]
|       |       |--PARAM_HTML_TAG_NAME -> param [2:53]
|       |       |--WS ->   [2:58]
|       |       |--ATTRIBUTE -> ATTRIBUTE [2:59]
|       |       |   |--HTML_TAG_NAME -> name [2:59]
|       |       |   |--EQUALS -> = [2:63]
|       |       |   `--ATTR_VALUE -> allowfullscreen [2:64]
|       |       |--WS ->   [2:80]
|       |       |--ATTRIBUTE -> ATTRIBUTE [2:81]
|       |       |   |--HTML_TAG_NAME -> value [2:81]
|       |       |   |--EQUALS -> = [2:86]
|       |       |   `--ATTR_VALUE -> true [2:87]
|       |       `--END -> > [2:92]
|       |--TEXT ->   [2:93]
|       `--LI_TAG_END -> LI_TAG_END [2:94]
|           |--START -> < [2:94]
|           |--SLASH -> / [2:95]
|           |--LI_HTML_TAG_NAME -> li [2:96]
|           `--END -> > [2:98]
|--NEWLINE -> \n [2:99]
|--LEADING_ASTERISK -> * [3:0]
|--NEWLINE -> \n [3:1]
|--LEADING_ASTERISK -> * [4:0]
|--TEXT ->   [4:1]
|--HTML_ELEMENT -> HTML_ELEMENT [4:2]
|   `--TR -> TR [4:2]
|       |--TR_TAG_START -> TR_TAG_START [4:2]
|       |   |--START -> < [4:2]
|       |   |--TR_HTML_TAG_NAME -> tr [4:3]
|       |   `--END -> > [4:5]
|       |--TEXT ->  tr with  [4:6]
|       |--SINGLETON_ELEMENT -> SINGLETON_ELEMENT [4:15]
|       |   `--BASE_TAG -> BASE_TAG [4:15]
|       |       |--START -> < [4:15]
|       |       |--BASE_HTML_TAG_NAME -> base [4:16]
|       |       |--WS ->   [4:20]
|       |       |--ATTRIBUTE -> ATTRIBUTE [4:21]
|       |       |   |--HTML_TAG_NAME -> href [4:21]
|       |       |   |--EQUALS -> = [4:25]
|       |       |   `--ATTR_VALUE -> "www.something.com" [4:26]
|       |       `--END -> > [4:46]
|       |--TEXT ->  singletonElement  [4:47]
|       `--TR_TAG_END -> TR_TAG_END [4:65]
|           |--START -> < [4:65]
|           |--SLASH -> / [4:66]
|           |--TR_HTML_TAG_NAME -> tr [4:67]
|           `--END -> > [4:69]
|--NEWLINE -> \n [4:70]
|--LEADING_ASTERISK -> * [5:0]
|--TEXT ->   [5:1]
|--HTML_ELEMENT -> HTML_ELEMENT [5:2]
|   `--TD -> TD [5:2]
|       |--TD_TAG_START -> TD_TAG_START [5:2]
|       |   |--START -> < [5:2]
|       |   |--TD_HTML_TAG_NAME -> td [5:3]
|       |   `--END -> > [5:5]
|       |--TEXT ->  td with singletonElement  [5:6]
|       |--SINGLETON_ELEMENT -> SINGLETON_ELEMENT [5:32]
|       |   `--BR_TAG -> BR_TAG [5:32]
|       |       |--START -> < [5:32]
|       |       |--BR_HTML_TAG_NAME -> br [5:33]
|       |       `--SLASH_END -> /> [5:35]
|       |--TEXT ->   [5:37]
|       `--TD_TAG_END -> TD_TAG_END [5:38]
|           |--START -> < [5:38]
|           |--SLASH -> / [5:39]
|           |--TD_HTML_TAG_NAME -> td [5:40]
|           `--END -> > [5:42]
|--NEWLINE -> \n [5:43]
|--LEADING_ASTERISK -> * [6:0]
|--TEXT ->   [6:1]
|--HTML_ELEMENT -> HTML_ELEMENT [6:2]
|   `--TH -> TH [6:2]
|       |--TH_TAG_START -> TH_TAG_START [6:2]
|       |   |--START -> < [6:2]
|       |   |--TH_HTML_TAG_NAME -> th [6:3]
|       |   `--END -> > [6:5]
|       |--TEXT ->  th with  [6:6]
|       |--SINGLETON_ELEMENT -> SINGLETON_ELEMENT [6:15]
|       |   `--BASE_TAG -> BASE_TAG [6:15]
|       |       |--START -> < [6:15]
|       |       |--BASE_HTML_TAG_NAME -> base [6:16]
|       |       `--SLASH_END -> /> [6:20]
|       |--TEXT ->  singletonElement  [6:22]
|       `--TH_TAG_END -> TH_TAG_END [6:40]
|           |--START -> < [6:40]
|           |--SLASH -> / [6:41]
|           |--TH_HTML_TAG_NAME -> th [6:42]
|           `--END -> > [6:44]
|--NEWLINE -> \n [6:45]
|--LEADING_ASTERISK -> * [7:0]
|--TEXT ->   [7:1]
|--HTML_ELEMENT -> HTML_ELEMENT [7:2]
|   `--BODY -> BODY [7:2]
|       |--BODY_TAG_START -> BODY_TAG_START [7:2]
|       |   |--START -> < [7:2]
|       |   |--BODY_HTML_TAG_NAME -> body [7:3]
|       |   `--END -> > [7:7]
|       |--TEXT ->  body with  [7:8]
|       |--SINGLETON_ELEMENT -> SINGLETON_ELEMENT [7:19]
|       |   `--BR_TAG -> BR_TAG [7:19]
|       |       |--START -> < [7:19]
|       |       |--BR_HTML_TAG_NAME -> br [7:20]
|       |       `--SLASH_END -> /> [7:22]
|       |--TEXT ->  singletonElement  [7:24]
|       `--BODY_TAG_END -> BODY_TAG_END [7:42]
|           |--START -> < [7:42]
|           |--SLASH -> / [7:43]
|           |--BODY_HTML_TAG_NAME -> body [7:44]
|           `--END -> > [7:48]
|--NEWLINE -> \n [7:49]
|--LEADING_ASTERISK -> * [8:0]
|--TEXT ->   [8:1]
|--HTML_ELEMENT -> HTML_ELEMENT [8:2]
|   `--COLGROUP -> COLGROUP [8:2]
|       |--COLGROUP_TAG_START -> COLGROUP_TAG_START [8:2]
|       |   |--START -> < [8:2]
|       |   |--COLGROUP_HTML_TAG_NAME -> colgroup [8:3]
|       |   `--END -> > [8:11]
|       |--SINGLETON_ELEMENT -> SINGLETON_ELEMENT [8:12]
|       |   `--COL_TAG -> COL_TAG [8:12]
|       |       |--START -> < [8:12]
|       |       |--COL_HTML_TAG_NAME -> col [8:13]
|       |       `--END -> > [8:16]
|       |--SINGLETON_ELEMENT -> SINGLETON_ELEMENT [8:17]
|       |   `--COL_TAG -> COL_TAG [8:17]
|       |       |--START -> < [8:17]
|       |       |--COL_HTML_TAG_NAME -> col [8:18]
|       |       `--END -> > [8:21]
|       |--SINGLETON_ELEMENT -> SINGLETON_ELEMENT [8:22]
|       |   `--COL_TAG -> COL_TAG [8:22]
|       |       |--START -> < [8:22]
|       |       |--COL_HTML_TAG_NAME -> col [8:23]
|       |       `--END -> > [8:26]
|       `--COLGROUP_TAG_END -> COLGROUP_TAG_END [8:27]
|           |--START -> < [8:27]
|           |--SLASH -> / [8:28]
|           |--COLGROUP_HTML_TAG_NAME -> colgroup [8:29]
|           `--END -> > [8:37]
|--NEWLINE -> \n [8:38]
|--LEADING_ASTERISK -> * [9:0]
|--TEXT ->   [9:1]
|--HTML_ELEMENT -> HTML_ELEMENT [9:2]
|   `--DD -> DD [9:2]
|       |--DD_TAG_START -> DD_TAG_START [9:2]
|       |   |--START -> < [9:2]
|       |   |--DD_HTML_TAG_NAME -> dd [9:3]
|       |   `--END -> > [9:5]
|       |--TEXT ->  dd with  [9:6]
|       |--SINGLETON_ELEMENT -> SINGLETON_ELEMENT [9:15]
|       |   `--HR_TAG -> HR_TAG [9:15]
|       |       |--START -> < [9:15]
|       |       |--HR_HTML_TAG_NAME -> hr [9:16]
|       |       `--END -> > [9:18]
|       |--TEXT ->  singletonElement  [9:19]
|       `--DD_TAG_END -> DD_TAG_END [9:37]
|           |--START -> < [9:37]
|           |--SLASH -> / [9:38]
|           |--DD_HTML_TAG_NAME -> dd [9:39]
|           `--END -> > [9:41]
|--NEWLINE -> \n [9:42]
|--LEADING_ASTERISK -> * [10:0]
|--TEXT ->   [10:1]
|--HTML_ELEMENT -> HTML_ELEMENT [10:2]
|   `--DT -> DT [10:2]
|       |--DT_TAG_START -> DT_TAG_START [10:2]
|       |   |--START -> < [10:2]
|       |   |--DT_HTML_TAG_NAME -> dt [10:3]
|       |   `--END -> > [10:5]
|       |--TEXT ->  dt with  [10:6]
|       |--SINGLETON_ELEMENT -> SINGLETON_ELEMENT [10:15]
|       |   `--IMG_TAG -> IMG_TAG [10:15]
|       |       |--START -> < [10:15]
|       |       |--IMG_HTML_TAG_NAME -> img [10:16]
|       |       |--WS ->   [10:19]
|       |       |--ATTRIBUTE -> ATTRIBUTE [10:20]
|       |       |   |--HTML_TAG_NAME -> src [10:20]
|       |       |   |--EQUALS -> = [10:23]
|       |       |   `--ATTR_VALUE -> "~/singletonElement.jpg" [10:24]
|       |       |--WS ->   [10:49]
|       |       |--ATTRIBUTE -> ATTRIBUTE [10:50]
|       |       |   |--HTML_TAG_NAME -> alt [10:50]
|       |       |   |--EQUALS -> = [10:53]
|       |       |   `--ATTR_VALUE -> "" [10:54]
|       |       |--WS ->   [10:57]
|       |       |--ATTRIBUTE -> ATTRIBUTE [10:58]
|       |       |   |--HTML_TAG_NAME -> width [10:58]
|       |       |   |--EQUALS -> = [10:63]
|       |       |   `--ATTR_VALUE -> "100" [10:64]
|       |       |--WS ->   [10:70]
|       |       |--ATTRIBUTE -> ATTRIBUTE [10:71]
|       |       |   |--HTML_TAG_NAME -> height [10:71]
|       |       |   |--EQUALS -> = [10:77]
|       |       |   `--ATTR_VALUE -> "150" [10:78]
|       |       `--SLASH_END -> /> [10:84]
|       |--TEXT ->  singletonEl  [10:86]
|       `--DT_TAG_END -> DT_TAG_END [10:99]
|           |--START -> < [10:99]
|           |--SLASH -> / [10:100]
|           |--DT_HTML_TAG_NAME -> dt [10:101]
|           `--END -> > [10:103]
|--NEWLINE -> \n [10:104]
|--LEADING_ASTERISK -> * [11:0]
|--TEXT ->   [11:1]
|--HTML_ELEMENT -> HTML_ELEMENT [11:2]
|   `--HEAD -> HEAD [11:2]
|       |--HEAD_TAG_START -> HEAD_TAG_START [11:2]
|       |   |--START -> < [11:2]
|       |   |--HEAD_HTML_TAG_NAME -> head [11:3]
|       |   `--END -> > [11:7]
|       |--TEXT ->  head with  [11:8]
|       |--SINGLETON_ELEMENT -> SINGLETON_ELEMENT [11:19]
|       |   `--IMG_TAG -> IMG_TAG [11:19]
|       |       |--START -> < [11:19]
|       |       |--IMG_HTML_TAG_NAME -> img [11:20]
|       |       |--WS ->   [11:23]
|       |       |--ATTRIBUTE -> ATTRIBUTE [11:24]
|       |       |   |--HTML_TAG_NAME -> src [11:24]
|       |       |   |--EQUALS -> = [11:27]
|       |       |   `--ATTR_VALUE -> "~/singletonElement.jpg" [11:28]
|       |       |--WS ->   [11:53]
|       |       |--ATTRIBUTE -> ATTRIBUTE [11:54]
|       |       |   |--HTML_TAG_NAME -> alt [11:54]
|       |       |   |--EQUALS -> = [11:57]
|       |       |   `--ATTR_VALUE -> "" [11:58]
|       |       |--WS ->   [11:61]
|       |       |--ATTRIBUTE -> ATTRIBUTE [11:62]
|       |       |   |--HTML_TAG_NAME -> width [11:62]
|       |       |   |--EQUALS -> = [11:67]
|       |       |   `--ATTR_VALUE -> "100" [11:68]
|       |       |--WS ->   [11:74]
|       |       |--ATTRIBUTE -> ATTRIBUTE [11:75]
|       |       |   |--HTML_TAG_NAME -> height [11:75]
|       |       |   |--EQUALS -> = [11:81]
|       |       |   `--ATTR_VALUE -> "150" [11:82]
|       |       `--END -> > [11:88]
|       |--NEWLINE -> \n [11:89]
|       |--LEADING_ASTERISK -> * [12:0]
|       |--TEXT ->  singletonElement  [12:1]
|       `--HEAD_TAG_END -> HEAD_TAG_END [12:19]
|           |--START -> < [12:19]
|           |--SLASH -> / [12:20]
|           |--HEAD_HTML_TAG_NAME -> head [12:21]
|           `--END -> > [12:25]
|--NEWLINE -> \n [12:26]
|--LEADING_ASTERISK -> * [13:0]
|--NEWLINE -> \n [13:1]
|--LEADING_ASTERISK -> * [14:0]
|--TEXT ->   [14:1]
|--HTML_ELEMENT -> HTML_ELEMENT [14:2]
|   `--HTML -> HTML [14:2]
|       |--HTML_TAG_START -> HTML_TAG_START [14:2]
|       |   |--START -> < [14:2]
|       |   |--HTML_HTML_TAG_NAME -> html [14:3]
|       |   `--END -> > [14:7]
|       |--TEXT ->   [14:8]
|       |--SINGLETON_ELEMENT -> SINGLETON_ELEMENT [14:9]
|       |   `--BR_TAG -> BR_TAG [14:9]
|       |       |--START -> < [14:9]
|       |       |--BR_HTML_TAG_NAME -> bR [14:10]
|       |       `--END -> > [14:12]
|       |--TEXT ->   [14:13]
|       |--SINGLETON_ELEMENT -> SINGLETON_ELEMENT [14:14]
|       |   `--BR_TAG -> BR_TAG [14:14]
|       |       |--START -> < [14:14]
|       |       |--BR_HTML_TAG_NAME -> Br [14:15]
|       |       `--END -> > [14:17]
|       |--TEXT ->   [14:18]
|       |--SINGLETON_ELEMENT -> SINGLETON_ELEMENT [14:19]
|       |   `--BR_TAG -> BR_TAG [14:19]
|       |       |--START -> < [14:19]
|       |       |--BR_HTML_TAG_NAME -> BR [14:20]
|       |       `--END -> > [14:22]
|       |--TEXT ->   [14:23]
|       |--SINGLETON_ELEMENT -> SINGLETON_ELEMENT [14:24]
|       |   `--BR_TAG -> BR_TAG [14:24]
|       |       |--START -> < [14:24]
|       |       |--BR_HTML_TAG_NAME -> Br [14:25]
|       |       `--SLASH_END -> /> [14:27]
|       |--TEXT ->   [14:29]
|       |--SINGLETON_ELEMENT -> SINGLETON_ELEMENT [14:30]
|       |   `--BR_TAG -> BR_TAG [14:30]
|       |       |--START -> < [14:30]
|       |       |--BR_HTML_TAG_NAME -> BR [14:31]
|       |       `--SLASH_END -> /> [14:33]
|       |--TEXT ->   [14:35]
|       |--SINGLETON_ELEMENT -> SINGLETON_ELEMENT [14:36]
|       |   `--BR_TAG -> BR_TAG [14:36]
|       |       |--START -> < [14:36]
|       |       |--BR_HTML_TAG_NAME -> bR [14:37]
|       |       `--SLASH_END -> /> [14:39]
|       |--TEXT ->   [14:41]
|       `--HTML_TAG_END -> HTML_TAG_END [14:42]
|           |--START -> < [14:42]
|           |--SLASH -> / [14:43]
|           |--HTML_HTML_TAG_NAME -> html [14:44]
|           `--END -> > [14:48]
|--NEWLINE -> \n [14:49]
|--LEADING_ASTERISK -> * [15:0]
|--TEXT ->   [15:1]
|--HTML_ELEMENT -> HTML_ELEMENT [15:2]
|   `--OPTION -> OPTION [15:2]
|       |--OPTION_TAG_START -> OPTION_TAG_START [15:2]
|       |   |--START -> < [15:2]
|       |   |--OPTION_HTML_TAG_NAME -> option [15:3]
|       |   `--END -> > [15:9]
|       |--TEXT ->   [15:10]
|       |--SINGLETON_ELEMENT -> SINGLETON_ELEMENT [15:11]
|       |   `--INPUT_TAG -> INPUT_TAG [15:11]
|       |       |--START -> < [15:11]
|       |       |--INPUT_HTML_TAG_NAME -> INPut [15:12]
|       |       `--SLASH_END -> /> [15:17]
|       |--TEXT ->   [15:19]
|       `--OPTION_TAG_END -> OPTION_TAG_END [15:20]
|           |--START -> < [15:20]
|           |--SLASH -> / [15:21]
|           |--OPTION_HTML_TAG_NAME -> option [15:22]
|           `--END -> > [15:28]
|--NEWLINE -> \n [15:29]
|--LEADING_ASTERISK -> * [16:0]
|--TEXT ->   [16:1]
|--HTML_ELEMENT -> HTML_ELEMENT [16:2]
|   `--TBODY -> TBODY [16:2]
|       |--TBODY_TAG_START -> TBODY_TAG_START [16:2]
|       |   |--START -> < [16:2]
|       |   |--TBODY_HTML_TAG_NAME -> tbody [16:3]
|       |   `--END -> > [16:8]
|       |--TEXT ->   [16:9]
|       |--SINGLETON_ELEMENT -> SINGLETON_ELEMENT [16:10]
|       |   `--INPUT_TAG -> INPUT_TAG [16:10]
|       |       |--START -> < [16:10]
|       |       |--INPUT_HTML_TAG_NAME -> input [16:11]
|       |       `--SLASH_END -> /> [16:16]
|       |--TEXT ->   [16:18]
|       |--SINGLETON_ELEMENT -> SINGLETON_ELEMENT [16:19]
|       |   `--BR_TAG -> BR_TAG [16:19]
|       |       |--START -> < [16:19]
|       |       |--BR_HTML_TAG_NAME -> br [16:20]
|       |       `--END -> > [16:22]
|       |--TEXT ->   [16:23]
|       `--TBODY_TAG_END -> TBODY_TAG_END [16:24]
|           |--START -> < [16:24]
|           |--SLASH -> / [16:25]
|           |--TBODY_HTML_TAG_NAME -> tbody [16:26]
|           `--END -> > [16:31]
|--NEWLINE -> \n [16:32]
|--LEADING_ASTERISK -> * [17:0]
|--TEXT ->   [17:1]
|--HTML_ELEMENT -> HTML_ELEMENT [17:2]
|   `--THEAD -> THEAD [17:2]
|       |--THEAD_TAG_START -> THEAD_TAG_START [17:2]
|       |   |--START -> < [17:2]
|       |   |--THEAD_HTML_TAG_NAME -> thead [17:3]
|       |   `--END -> > [17:8]
|       |--TEXT ->   [17:9]
|       |--SINGLETON_ELEMENT -> SINGLETON_ELEMENT [17:10]
|       |   `--BR_TAG -> BR_TAG [17:10]
|       |       |--START -> < [17:10]
|       |       |--BR_HTML_TAG_NAME -> br [17:11]
|       |       `--END -> > [17:13]
|       |--TEXT ->   [17:14]
|       `--THEAD_TAG_END -> THEAD_TAG_END [17:15]
|           |--START -> < [17:15]
|           |--SLASH -> / [17:16]
|           |--THEAD_HTML_TAG_NAME -> thead [17:17]
|           `--END -> > [17:22]
|--NEWLINE -> \n [17:23]
|--LEADING_ASTERISK -> * [18:0]
|--TEXT ->   [18:1]
|--HTML_ELEMENT -> HTML_ELEMENT [18:2]
|   `--TFOOT -> TFOOT [18:2]
|       |--TFOOT_TAG_START -> TFOOT_TAG_START [18:2]
|       |   |--START -> < [18:2]
|       |   |--TFOOT_HTML_TAG_NAME -> tfoot [18:3]
|       |   `--END -> > [18:8]
|       |--TEXT ->   [18:9]
|       |--SINGLETON_ELEMENT -> SINGLETON_ELEMENT [18:10]
|       |   `--AREA_TAG -> AREA_TAG [18:10]
|       |       |--START -> < [18:10]
|       |       |--AREA_HTML_TAG_NAME -> AREA [18:11]
|       |       |--WS ->   [18:15]
|       |       |--ATTRIBUTE -> ATTRIBUTE [18:16]
|       |       |   |--HTML_TAG_NAME -> ALT [18:16]
|       |       |   |--EQUALS -> = [18:19]
|       |       |   `--ATTR_VALUE -> "alt" [18:20]
|       |       |--WS ->   [18:26]
|       |       |--ATTRIBUTE -> ATTRIBUTE [18:27]
|       |       |   |--HTML_TAG_NAME -> COORDS [18:27]
|       |       |   |--EQUALS -> = [18:33]
|       |       |   `--ATTR_VALUE -> "100,0,200,50" [18:34]
|       |       |--WS ->   [18:49]
|       |       |--ATTRIBUTE -> ATTRIBUTE [18:50]
|       |       |   |--HTML_TAG_NAME -> HREF [18:50]
|       |       |   |--EQUALS -> = [18:54]
|       |       |   `--ATTR_VALUE -> "/href/" [18:55]
|       |       `--END -> > [18:64]
|       |--TEXT ->   [18:65]
|       `--TFOOT_TAG_END -> TFOOT_TAG_END [18:66]
|           |--START -> < [18:66]
|           |--SLASH -> / [18:67]
|           |--TFOOT_HTML_TAG_NAME -> tfoot [18:68]
|           `--END -> > [18:73]
`--EOF -> <EOF> [18:74]]
> but was:<...DOC -> JAVADOC [0:0][
|--LEADING_ASTERISK -> * [0:0]
|--TEXT ->   [0:1]
|--HTML_ELEMENT -> HTML_ELEMENT [0:2]
|   `--PARAGRAPH -> PARAGRAPH [0:2]
|       |--P_TAG_START -> P_TAG_START [0:2]
|       |   |--START -> < [0:2]
|       |   |--P_HTML_TAG_NAME -> p [0:3]
|       |   `--END -> > [0:4]
|       |--TEXT ->  paragraph with a  [0:5]
|       |--SINGLETON_ELEMENT -> SINGLETON_ELEMENT [0:23]
|       |   `--BR_TAG -> BR_TAG [0:23]
|       |       |--START -> < [0:23]
|       |       |--BR_HTML_TAG_NAME -> br [0:24]
|       |       `--END -> > [0:26]
|       |--TEXT -> singletonElement.  [0:27]
|       |--SINGLETON_ELEMENT -> SINGLETON_ELEMENT [0:45]
|       |   `--HR_TAG -> HR_TAG [0:45]
|       |       |--START -> < [0:45]
|       |       |--HR_HTML_TAG_NAME -> hr [0:46]
|       |       `--END -> > [0:48]
|       |--TEXT ->  And it contains another one.  [0:49]
|       `--P_TAG_END -> P_TAG_END [0:79]
|           |--START -> < [0:79]
|           |--SLASH -> / [0:80]
|           |--P_HTML_TAG_NAME -> p [0:81]
|           `--END -> > [0:82]
|--NEWLINE -> \n [0:83]
|--LEADING_ASTERISK -> * [1:0]
|--TEXT ->   [1:1]
|--HTML_ELEMENT -> HTML_ELEMENT [1:2]
|   `--LI -> LI [1:2]
|       |--LI_TAG_START -> LI_TAG_START [1:2]
|       |   |--START -> < [1:2]
|       |   |--LI_HTML_TAG_NAME -> li [1:3]
|       |   `--END -> > [1:5]
|       |--TEXT ->  List with singletonElement [1:6]
|       |--NEWLINE -> \n [1:33]
|       |--LEADING_ASTERISK -> * [2:0]
|       |--TEXT ->   [2:1]
|       |--SINGLETON_ELEMENT -> SINGLETON_ELEMENT [2:2]
|       |   `--PARAM_TAG -> PARAM_TAG [2:2]
|       |       |--START -> < [2:2]
|       |       |--PARAM_HTML_TAG_NAME -> param [2:3]
|       |       |--WS ->   [2:8]
|       |       |--ATTRIBUTE -> ATTRIBUTE [2:9]
|       |       |   |--HTML_TAG_NAME -> name [2:9]
|       |       |   |--EQUALS -> = [2:13]
|       |       |   `--ATTR_VALUE -> movie [2:14]
|       |       |--WS ->   [2:20]
|       |       |--ATTRIBUTE -> ATTRIBUTE [2:21]
|       |       |   |--HTML_TAG_NAME -> value [2:21]
|       |       |   |--EQUALS -> = [2:26]
|       |       |   `--ATTR_VALUE -> "~/imitation game.mp4" [2:27]
|       |       `--END -> > [2:50]
|       |--TEXT ->   [2:51]
|       |--SINGLETON_ELEMENT -> SINGLETON_ELEMENT [2:52]
|       |   `--PARAM_TAG -> PARAM_TAG [2:52]
|       |       |--START -> < [2:52]
|       |       |--PARAM_HTML_TAG_NAME -> param [2:53]
|       |       |--WS ->   [2:58]
|       |       |--ATTRIBUTE -> ATTRIBUTE [2:59]
|       |       |   |--HTML_TAG_NAME -> name [2:59]
|       |       |   |--EQUALS -> = [2:63]
|       |       |   `--ATTR_VALUE -> allowfullscreen [2:64]
|       |       |--WS ->   [2:80]
|       |       |--ATTRIBUTE -> ATTRIBUTE [2:81]
|       |       |   |--HTML_TAG_NAME -> value [2:81]
|       |       |   |--EQUALS -> = [2:86]
|       |       |   `--ATTR_VALUE -> true [2:87]
|       |       `--END -> > [2:92]
|       |--TEXT ->   [2:93]
|       `--LI_TAG_END -> LI_TAG_END [2:94]
|           |--START -> < [2:94]
|           |--SLASH -> / [2:95]
|           |--LI_HTML_TAG_NAME -> li [2:96]
|           `--END -> > [2:98]
|--NEWLINE -> \n [2:99]
|--LEADING_ASTERISK -> * [3:0]
|--NEWLINE -> \n [3:1]
|--LEADING_ASTERISK -> * [4:0]
|--TEXT ->   [4:1]
|--HTML_ELEMENT -> HTML_ELEMENT [4:2]
|   `--TR -> TR [4:2]
|       |--TR_TAG_START -> TR_TAG_START [4:2]
|       |   |--START -> < [4:2]
|       |   |--TR_HTML_TAG_NAME -> tr [4:3]
|       |   `--END -> > [4:5]
|       |--TEXT ->  tr with  [4:6]
|       |--SINGLETON_ELEMENT -> SINGLETON_ELEMENT [4:15]
|       |   `--BASE_TAG -> BASE_TAG [4:15]
|       |       |--START -> < [4:15]
|       |       |--BASE_HTML_TAG_NAME -> base [4:16]
|       |       |--WS ->   [4:20]
|       |       |--ATTRIBUTE -> ATTRIBUTE [4:21]
|       |       |   |--HTML_TAG_NAME -> href [4:21]
|       |       |   |--EQUALS -> = [4:25]
|       |       |   `--ATTR_VALUE -> "www.something.com" [4:26]
|       |       `--END -> > [4:46]
|       |--TEXT ->  singletonElement  [4:47]
|       `--TR_TAG_END -> TR_TAG_END [4:65]
|           |--START -> < [4:65]
|           |--SLASH -> / [4:66]
|           |--TR_HTML_TAG_NAME -> tr [4:67]
|           `--END -> > [4:69]
|--NEWLINE -> \n [4:70]
|--LEADING_ASTERISK -> * [5:0]
|--TEXT ->   [5:1]
|--HTML_ELEMENT -> HTML_ELEMENT [5:2]
|   `--TD -> TD [5:2]
|       |--TD_TAG_START -> TD_TAG_START [5:2]
|       |   |--START -> < [5:2]
|       |   |--TD_HTML_TAG_NAME -> td [5:3]
|       |   `--END -> > [5:5]
|       |--TEXT ->  td with singletonElement  [5:6]
|       |--SINGLETON_ELEMENT -> SINGLETON_ELEMENT [5:32]
|       |   `--BR_TAG -> BR_TAG [5:32]
|       |       |--START -> < [5:32]
|       |       |--BR_HTML_TAG_NAME -> br [5:33]
|       |       `--SLASH_END -> /> [5:35]
|       |--TEXT ->   [5:37]
|       `--TD_TAG_END -> TD_TAG_END [5:38]
|           |--START -> < [5:38]
|           |--SLASH -> / [5:39]
|           |--TD_HTML_TAG_NAME -> td [5:40]
|           `--END -> > [5:42]
|--NEWLINE -> \n [5:43]
|--LEADING_ASTERISK -> * [6:0]
|--TEXT ->   [6:1]
|--HTML_ELEMENT -> HTML_ELEMENT [6:2]
|   `--TH -> TH [6:2]
|       |--TH_TAG_START -> TH_TAG_START [6:2]
|       |   |--START -> < [6:2]
|       |   |--TH_HTML_TAG_NAME -> th [6:3]
|       |   `--END -> > [6:5]
|       |--TEXT ->  th with  [6:6]
|       |--SINGLETON_ELEMENT -> SINGLETON_ELEMENT [6:15]
|       |   `--BASE_TAG -> BASE_TAG [6:15]
|       |       |--START -> < [6:15]
|       |       |--BASE_HTML_TAG_NAME -> base [6:16]
|       |       `--SLASH_END -> /> [6:20]
|       |--TEXT ->  singletonElement  [6:22]
|       `--TH_TAG_END -> TH_TAG_END [6:40]
|           |--START -> < [6:40]
|           |--SLASH -> / [6:41]
|           |--TH_HTML_TAG_NAME -> th [6:42]
|           `--END -> > [6:44]
|--NEWLINE -> \n [6:45]
|--LEADING_ASTERISK -> * [7:0]
|--TEXT ->   [7:1]
|--HTML_ELEMENT -> HTML_ELEMENT [7:2]
|   `--BODY -> BODY [7:2]
|       |--BODY_TAG_START -> BODY_TAG_START [7:2]
|       |   |--START -> < [7:2]
|       |   |--BODY_HTML_TAG_NAME -> body [7:3]
|       |   `--END -> > [7:7]
|       |--TEXT ->  body with  [7:8]
|       |--SINGLETON_ELEMENT -> SINGLETON_ELEMENT [7:19]
|       |   `--BR_TAG -> BR_TAG [7:19]
|       |       |--START -> < [7:19]
|       |       |--BR_HTML_TAG_NAME -> br [7:20]
|       |       `--SLASH_END -> /> [7:22]
|       |--TEXT ->  singletonElement  [7:24]
|       `--BODY_TAG_END -> BODY_TAG_END [7:42]
|           |--START -> < [7:42]
|           |--SLASH -> / [7:43]
|           |--BODY_HTML_TAG_NAME -> body [7:44]
|           `--END -> > [7:48]
|--NEWLINE -> \n [7:49]
|--LEADING_ASTERISK -> * [8:0]
|--TEXT ->   [8:1]
|--HTML_ELEMENT -> HTML_ELEMENT [8:2]
|   `--COLGROUP -> COLGROUP [8:2]
|       |--COLGROUP_TAG_START -> COLGROUP_TAG_START [8:2]
|       |   |--START -> < [8:2]
|       |   |--COLGROUP_HTML_TAG_NAME -> colgroup [8:3]
|       |   `--END -> > [8:11]
|       |--SINGLETON_ELEMENT -> SINGLETON_ELEMENT [8:12]
|       |   `--COL_TAG -> COL_TAG [8:12]
|       |       |--START -> < [8:12]
|       |       |--COL_HTML_TAG_NAME -> col [8:13]
|       |       `--END -> > [8:16]
|       |--SINGLETON_ELEMENT -> SINGLETON_ELEMENT [8:17]
|       |   `--COL_TAG -> COL_TAG [8:17]
|       |       |--START -> < [8:17]
|       |       |--COL_HTML_TAG_NAME -> col [8:18]
|       |       `--END -> > [8:21]
|       |--SINGLETON_ELEMENT -> SINGLETON_ELEMENT [8:22]
|       |   `--COL_TAG -> COL_TAG [8:22]
|       |       |--START -> < [8:22]
|       |       |--COL_HTML_TAG_NAME -> col [8:23]
|       |       `--END -> > [8:26]
|       `--COLGROUP_TAG_END -> COLGROUP_TAG_END [8:27]
|           |--START -> < [8:27]
|           |--SLASH -> / [8:28]
|           |--COLGROUP_HTML_TAG_NAME -> colgroup [8:29]
|           `--END -> > [8:37]
|--NEWLINE -> \n [8:38]
|--LEADING_ASTERISK -> * [9:0]
|--TEXT ->   [9:1]
|--HTML_ELEMENT -> HTML_ELEMENT [9:2]
|   `--DD -> DD [9:2]
|       |--DD_TAG_START -> DD_TAG_START [9:2]
|       |   |--START -> < [9:2]
|       |   |--DD_HTML_TAG_NAME -> dd [9:3]
|       |   `--END -> > [9:5]
|       |--TEXT ->  dd with  [9:6]
|       |--SINGLETON_ELEMENT -> SINGLETON_ELEMENT [9:15]
|       |   `--HR_TAG -> HR_TAG [9:15]
|       |       |--START -> < [9:15]
|       |       |--HR_HTML_TAG_NAME -> hr [9:16]
|       |       `--END -> > [9:18]
|       |--TEXT ->  singletonElement  [9:19]
|       `--DD_TAG_END -> DD_TAG_END [9:37]
|           |--START -> < [9:37]
|           |--SLASH -> / [9:38]
|           |--DD_HTML_TAG_NAME -> dd [9:39]
|           `--END -> > [9:41]
|--NEWLINE -> \n [9:42]
|--LEADING_ASTERISK -> * [10:0]
|--TEXT ->   [10:1]
|--HTML_ELEMENT -> HTML_ELEMENT [10:2]
|   `--DT -> DT [10:2]
|       |--DT_TAG_START -> DT_TAG_START [10:2]
|       |   |--START -> < [10:2]
|       |   |--DT_HTML_TAG_NAME -> dt [10:3]
|       |   `--END -> > [10:5]
|       |--TEXT ->  dt with  [10:6]
|       |--SINGLETON_ELEMENT -> SINGLETON_ELEMENT [10:15]
|       |   `--IMG_TAG -> IMG_TAG [10:15]
|       |       |--START -> < [10:15]
|       |       |--IMG_HTML_TAG_NAME -> img [10:16]
|       |       |--WS ->   [10:19]
|       |       |--ATTRIBUTE -> ATTRIBUTE [10:20]
|       |       |   |--HTML_TAG_NAME -> src [10:20]
|       |       |   |--EQUALS -> = [10:23]
|       |       |   `--ATTR_VALUE -> "~/singletonElement.jpg" [10:24]
|       |       |--WS ->   [10:49]
|       |       |--ATTRIBUTE -> ATTRIBUTE [10:50]
|       |       |   |--HTML_TAG_NAME -> alt [10:50]
|       |       |   |--EQUALS -> = [10:53]
|       |       |   `--ATTR_VALUE -> "" [10:54]
|       |       |--WS ->   [10:57]
|       |       |--ATTRIBUTE -> ATTRIBUTE [10:58]
|       |       |   |--HTML_TAG_NAME -> width [10:58]
|       |       |   |--EQUALS -> = [10:63]
|       |       |   `--ATTR_VALUE -> "100" [10:64]
|       |       |--WS ->   [10:70]
|       |       |--ATTRIBUTE -> ATTRIBUTE [10:71]
|       |       |   |--HTML_TAG_NAME -> height [10:71]
|       |       |   |--EQUALS -> = [10:77]
|       |       |   `--ATTR_VALUE -> "150" [10:78]
|       |       `--SLASH_END -> /> [10:84]
|       |--TEXT ->  singletonEl  [10:86]
|       `--DT_TAG_END -> DT_TAG_END [10:99]
|           |--START -> < [10:99]
|           |--SLASH -> / [10:100]
|           |--DT_HTML_TAG_NAME -> dt [10:101]
|           `--END -> > [10:103]
|--NEWLINE -> \n [10:104]
|--LEADING_ASTERISK -> * [11:0]
|--TEXT ->   [11:1]
|--HTML_ELEMENT -> HTML_ELEMENT [11:2]
|   `--HEAD -> HEAD [11:2]
|       |--HEAD_TAG_START -> HEAD_TAG_START [11:2]
|       |   |--START -> < [11:2]
|       |   |--HEAD_HTML_TAG_NAME -> head [11:3]
|       |   `--END -> > [11:7]
|       |--TEXT ->  head with  [11:8]
|       |--SINGLETON_ELEMENT -> SINGLETON_ELEMENT [11:19]
|       |   `--IMG_TAG -> IMG_TAG [11:19]
|       |       |--START -> < [11:19]
|       |       |--IMG_HTML_TAG_NAME -> img [11:20]
|       |       |--WS ->   [11:23]
|       |       |--ATTRIBUTE -> ATTRIBUTE [11:24]
|       |       |   |--HTML_TAG_NAME -> src [11:24]
|       |       |   |--EQUALS -> = [11:27]
|       |       |   `--ATTR_VALUE -> "~/singletonElement.jpg" [11:28]
|       |       |--WS ->   [11:53]
|       |       |--ATTRIBUTE -> ATTRIBUTE [11:54]
|       |       |   |--HTML_TAG_NAME -> alt [11:54]
|       |       |   |--EQUALS -> = [11:57]
|       |       |   `--ATTR_VALUE -> "" [11:58]
|       |       |--WS ->   [11:61]
|       |       |--ATTRIBUTE -> ATTRIBUTE [11:62]
|       |       |   |--HTML_TAG_NAME -> width [11:62]
|       |       |   |--EQUALS -> = [11:67]
|       |       |   `--ATTR_VALUE -> "100" [11:68]
|       |       |--WS ->   [11:74]
|       |       |--ATTRIBUTE -> ATTRIBUTE [11:75]
|       |       |   |--HTML_TAG_NAME -> height [11:75]
|       |       |   |--EQUALS -> = [11:81]
|       |       |   `--ATTR_VALUE -> "150" [11:82]
|       |       `--END -> > [11:88]
|       |--NEWLINE -> \n [11:89]
|       |--LEADING_ASTERISK -> * [12:0]
|       |--TEXT ->  singletonElement  [12:1]
|       `--HEAD_TAG_END -> HEAD_TAG_END [12:19]
|           |--START -> < [12:19]
|           |--SLASH -> / [12:20]
|           |--HEAD_HTML_TAG_NAME -> head [12:21]
|           `--END -> > [12:25]
|--NEWLINE -> \n [12:26]
|--LEADING_ASTERISK -> * [13:0]
|--NEWLINE -> \n [13:1]
|--LEADING_ASTERISK -> * [14:0]
|--TEXT ->   [14:1]
|--HTML_ELEMENT -> HTML_ELEMENT [14:2]
|   `--HTML -> HTML [14:2]
|       |--HTML_TAG_START -> HTML_TAG_START [14:2]
|       |   |--START -> < [14:2]
|       |   |--HTML_HTML_TAG_NAME -> html [14:3]
|       |   `--END -> > [14:7]
|       |--TEXT ->   [14:8]
|       |--SINGLETON_ELEMENT -> SINGLETON_ELEMENT [14:9]
|       |   `--BR_TAG -> BR_TAG [14:9]
|       |       |--START -> < [14:9]
|       |       |--BR_HTML_TAG_NAME -> bR [14:10]
|       |       `--END -> > [14:12]
|       |--TEXT ->   [14:13]
|       |--SINGLETON_ELEMENT -> SINGLETON_ELEMENT [14:14]
|       |   `--BR_TAG -> BR_TAG [14:14]
|       |       |--START -> < [14:14]
|       |       |--BR_HTML_TAG_NAME -> Br [14:15]
|       |       `--END -> > [14:17]
|       |--TEXT ->   [14:18]
|       |--SINGLETON_ELEMENT -> SINGLETON_ELEMENT [14:19]
|       |   `--BR_TAG -> BR_TAG [14:19]
|       |       |--START -> < [14:19]
|       |       |--BR_HTML_TAG_NAME -> BR [14:20]
|       |       `--END -> > [14:22]
|       |--TEXT ->   [14:23]
|       |--SINGLETON_ELEMENT -> SINGLETON_ELEMENT [14:24]
|       |   `--BR_TAG -> BR_TAG [14:24]
|       |       |--START -> < [14:24]
|       |       |--BR_HTML_TAG_NAME -> Br [14:25]
|       |       `--SLASH_END -> /> [14:27]
|       |--TEXT ->   [14:29]
|       |--SINGLETON_ELEMENT -> SINGLETON_ELEMENT [14:30]
|       |   `--BR_TAG -> BR_TAG [14:30]
|       |       |--START -> < [14:30]
|       |       |--BR_HTML_TAG_NAME -> BR [14:31]
|       |       `--SLASH_END -> /> [14:33]
|       |--TEXT ->   [14:35]
|       |--SINGLETON_ELEMENT -> SINGLETON_ELEMENT [14:36]
|       |   `--BR_TAG -> BR_TAG [14:36]
|       |       |--START -> < [14:36]
|       |       |--BR_HTML_TAG_NAME -> bR [14:37]
|       |       `--SLASH_END -> /> [14:39]
|       |--TEXT ->   [14:41]
|       `--HTML_TAG_END -> HTML_TAG_END [14:42]
|           |--START -> < [14:42]
|           |--SLASH -> / [14:43]
|           |--HTML_HTML_TAG_NAME -> html [14:44]
|           `--END -> > [14:48]
|--NEWLINE -> \n [14:49]
|--LEADING_ASTERISK -> * [15:0]
|--TEXT ->   [15:1]
|--HTML_ELEMENT -> HTML_ELEMENT [15:2]
|   `--OPTION -> OPTION [15:2]
|       |--OPTION_TAG_START -> OPTION_TAG_START [15:2]
|       |   |--START -> < [15:2]
|       |   |--OPTION_HTML_TAG_NAME -> option [15:3]
|       |   `--END -> > [15:9]
|       |--TEXT ->   [15:10]
|       |--SINGLETON_ELEMENT -> SINGLETON_ELEMENT [15:11]
|       |   `--INPUT_TAG -> INPUT_TAG [15:11]
|       |       |--START -> < [15:11]
|       |       |--INPUT_HTML_TAG_NAME -> INPut [15:12]
|       |       `--SLASH_END -> /> [15:17]
|       |--TEXT ->   [15:19]
|       `--OPTION_TAG_END -> OPTION_TAG_END [15:20]
|           |--START -> < [15:20]
|           |--SLASH -> / [15:21]
|           |--OPTION_HTML_TAG_NAME -> option [15:22]
|           `--END -> > [15:28]
|--NEWLINE -> \n [15:29]
|--LEADING_ASTERISK -> * [16:0]
|--TEXT ->   [16:1]
|--HTML_ELEMENT -> HTML_ELEMENT [16:2]
|   `--TBODY -> TBODY [16:2]
|       |--TBODY_TAG_START -> TBODY_TAG_START [16:2]
|       |   |--START -> < [16:2]
|       |   |--TBODY_HTML_TAG_NAME -> tbody [16:3]
|       |   `--END -> > [16:8]
|       |--TEXT ->   [16:9]
|       |--SINGLETON_ELEMENT -> SINGLETON_ELEMENT [16:10]
|       |   `--INPUT_TAG -> INPUT_TAG [16:10]
|       |       |--START -> < [16:10]
|       |       |--INPUT_HTML_TAG_NAME -> input [16:11]
|       |       `--SLASH_END -> /> [16:16]
|       |--TEXT ->   [16:18]
|       |--SINGLETON_ELEMENT -> SINGLETON_ELEMENT [16:19]
|       |   `--BR_TAG -> BR_TAG [16:19]
|       |       |--START -> < [16:19]
|       |       |--BR_HTML_TAG_NAME -> br [16:20]
|       |       `--END -> > [16:22]
|       |--TEXT ->   [16:23]
|       `--TBODY_TAG_END -> TBODY_TAG_END [16:24]
|           |--START -> < [16:24]
|           |--SLASH -> / [16:25]
|           |--TBODY_HTML_TAG_NAME -> tbody [16:26]
|           `--END -> > [16:31]
|--NEWLINE -> \n [16:32]
|--LEADING_ASTERISK -> * [17:0]
|--TEXT ->   [17:1]
|--HTML_ELEMENT -> HTML_ELEMENT [17:2]
|   `--THEAD -> THEAD [17:2]
|       |--THEAD_TAG_START -> THEAD_TAG_START [17:2]
|       |   |--START -> < [17:2]
|       |   |--THEAD_HTML_TAG_NAME -> thead [17:3]
|       |   `--END -> > [17:8]
|       |--TEXT ->   [17:9]
|       |--SINGLETON_ELEMENT -> SINGLETON_ELEMENT [17:10]
|       |   `--BR_TAG -> BR_TAG [17:10]
|       |       |--START -> < [17:10]
|       |       |--BR_HTML_TAG_NAME -> br [17:11]
|       |       `--END -> > [17:13]
|       |--TEXT ->   [17:14]
|       `--THEAD_TAG_END -> THEAD_TAG_END [17:15]
|           |--START -> < [17:15]
|           |--SLASH -> / [17:16]
|           |--THEAD_HTML_TAG_NAME -> thead [17:17]
|           `--END -> > [17:22]
|--NEWLINE -> \n [17:23]
|--LEADING_ASTERISK -> * [18:0]
|--TEXT ->   [18:1]
|--HTML_ELEMENT -> HTML_ELEMENT [18:2]
|   `--TFOOT -> TFOOT [18:2]
|       |--TFOOT_TAG_START -> TFOOT_TAG_START [18:2]
|       |   |--START -> < [18:2]
|       |   |--TFOOT_HTML_TAG_NAME -> tfoot [18:3]
|       |   `--END -> > [18:8]
|       |--TEXT ->   [18:9]
|       |--SINGLETON_ELEMENT -> SINGLETON_ELEMENT [18:10]
|       |   `--AREA_TAG -> AREA_TAG [18:10]
|       |       |--START -> < [18:10]
|       |       |--AREA_HTML_TAG_NAME -> AREA [18:11]
|       |       |--WS ->   [18:15]
|       |       |--ATTRIBUTE -> ATTRIBUTE [18:16]
|       |       |   |--HTML_TAG_NAME -> ALT [18:16]
|       |       |   |--EQUALS -> = [18:19]
|       |       |   `--ATTR_VALUE -> "alt" [18:20]
|       |       |--WS ->   [18:26]
|       |       |--ATTRIBUTE -> ATTRIBUTE [18:27]
|       |       |   |--HTML_TAG_NAME -> COORDS [18:27]
|       |       |   |--EQUALS -> = [18:33]
|       |       |   `--ATTR_VALUE -> "100,0,200,50" [18:34]
|       |       |--WS ->   [18:49]
|       |       |--ATTRIBUTE -> ATTRIBUTE [18:50]
|       |       |   |--HTML_TAG_NAME -> HREF [18:50]
|       |       |   |--EQUALS -> = [18:54]
|       |       |   `--ATTR_VALUE -> "/href/" [18:55]
|       |       `--END -> > [18:64]
|       |--TEXT ->   [18:65]
|       `--TFOOT_TAG_END -> TFOOT_TAG_END [18:66]
|           |--START -> < [18:66]
|           |--SLASH -> / [18:67]
|           |--TFOOT_HTML_TAG_NAME -> tfoot [18:68]
|           `--END -> > [18:73]
`--EOF -> <EOF> [18:74]]
>
	at com.puppycrawl.tools.checkstyle.grammar.javadoc.JavadocParseTreeTest.testNestingWithSingletonElement(JavadocParseTreeTest.java:260)
]]></failure>
  </testcase>
  <testcase name="testOptgroupHtmlTag" classname="com.puppycrawl.tools.checkstyle.grammar.javadoc.JavadocParseTreeTest" time="0.109">
    <failure message="Generated tree from the javadoc file should match the pre-defined tree expected:&lt;...DOC -&gt; JAVADOC [0:0][&#10;|--LEADING_ASTERISK -&gt; * [0:0]&#10;|--TEXT -&gt;   [0:1]&#10;|--HTML_ELEMENT -&gt; HTML_ELEMENT [0:2]&#10;|   `--OPTGROUP -&gt; OPTGROUP [0:2]&#10;|       |--OPTGROUP_TAG_START -&gt; OPTGROUP_TAG_START [0:2]&#10;|       |   |--START -&gt; &lt; [0:2]&#10;|       |   |--OPTGROUP_HTML_TAG_NAME -&gt; optgroup [0:3]&#10;|       |   `--END -&gt; &gt; [0:11]&#10;|       |--TEXT -&gt;   [0:12]&#10;|       `--OPTGROUP_TAG_END -&gt; OPTGROUP_TAG_END [0:13]&#10;|           |--START -&gt; &lt; [0:13]&#10;|           |--SLASH -&gt; / [0:14]&#10;|           |--OPTGROUP_HTML_TAG_NAME -&gt; OPTGROUP [0:15]&#10;|           `--END -&gt; &gt; [0:23]&#10;|--NEWLINE -&gt; \n [0:24]&#10;|--LEADING_ASTERISK -&gt; * [1:0]&#10;|--TEXT -&gt;   [1:1]&#10;|--HTML_ELEMENT -&gt; HTML_ELEMENT [1:2]&#10;|   `--OPTGROUP -&gt; OPTGROUP [1:2]&#10;|       |--OPTGROUP_TAG_START -&gt; OPTGROUP_TAG_START [1:2]&#10;|       |   |--START -&gt; &lt; [1:2]&#10;|       |   |--OPTGROUP_HTML_TAG_NAME -&gt; optgroup [1:3]&#10;|       |   `--END -&gt; &gt; [1:11]&#10;|       |--TEXT -&gt;   [1:12]&#10;|       |--LI -&gt; LI [1:13]&#10;|       |   |--LI_TAG_START -&gt; LI_TAG_START [1:13]&#10;|       |   |   |--START -&gt; &lt; [1:13]&#10;|       |   |   |--LI_HTML_TAG_NAME -&gt; li [1:14]&#10;|       |   |   `--END -&gt; &gt; [1:16]&#10;|       |   |--TEXT -&gt;   [1:17]&#10;|       |   `--LI_TAG_END -&gt; LI_TAG_END [1:18]&#10;|       |       |--START -&gt; &lt; [1:18]&#10;|       |       |--SLASH -&gt; / [1:19]&#10;|       |       |--LI_HTML_TAG_NAME -&gt; li [1:20]&#10;|       |       `--END -&gt; &gt; [1:22]&#10;|       |--TEXT -&gt;   [1:23]&#10;|       `--OPTGROUP_TAG_END -&gt; OPTGROUP_TAG_END [1:24]&#10;|           |--START -&gt; &lt; [1:24]&#10;|           |--SLASH -&gt; / [1:25]&#10;|           |--OPTGROUP_HTML_TAG_NAME -&gt; OPTGROUP [1:26]&#10;|           `--END -&gt; &gt; [1:34]&#10;|--NEWLINE -&gt; \n [1:35]&#10;|--LEADING_ASTERISK -&gt; * [2:0]&#10;|--TEXT -&gt;   [2:1]&#10;|--HTML_ELEMENT -&gt; HTML_ELEMENT [2:2]&#10;|   `--OPTGROUP -&gt; OPTGROUP [2:2]&#10;|       |--OPTGROUP_TAG_START -&gt; OPTGROUP_TAG_START [2:2]&#10;|       |   |--START -&gt; &lt; [2:2]&#10;|       |   |--OPTGROUP_HTML_TAG_NAME -&gt; optgroup [2:3]&#10;|       |   `--END -&gt; &gt; [2:11]&#10;|       |--TEXT -&gt;   [2:12]&#10;|       |--LI_TAG_START -&gt; LI_TAG_START [2:13]&#10;|       |   |--START -&gt; &lt; [2:13]&#10;|       |   |--LI_HTML_TAG_NAME -&gt; li [2:14]&#10;|       |   `--END -&gt; &gt; [2:16]&#10;|       |--TEXT -&gt;   [2:17]&#10;|       `--OPTGROUP_TAG_END -&gt; OPTGROUP_TAG_END [2:18]&#10;|           |--START -&gt; &lt; [2:18]&#10;|           |--SLASH -&gt; / [2:19]&#10;|           |--OPTGROUP_HTML_TAG_NAME -&gt; OPTGROUP [2:20]&#10;|           `--END -&gt; &gt; [2:28]&#10;|--NEWLINE -&gt; \n [2:29]&#10;|--LEADING_ASTERISK -&gt; * [3:0]&#10;|--TEXT -&gt;   [3:1]&#10;|--HTML_ELEMENT -&gt; HTML_ELEMENT [3:2]&#10;|   `--OPTGROUP_TAG_START -&gt; OPTGROUP_TAG_START [3:2]&#10;|       |--START -&gt; &lt; [3:2]&#10;|       |--OPTGROUP_HTML_TAG_NAME -&gt; optgroup [3:3]&#10;|       `--END -&gt; &gt; [3:11]&#10;|--TEXT -&gt;   [3:12]&#10;|--HTML_ELEMENT -&gt; HTML_ELEMENT [3:13]&#10;|   `--LI_TAG_END -&gt; LI_TAG_END [3:13]&#10;|       |--START -&gt; &lt; [3:13]&#10;|       |--SLASH -&gt; / [3:14]&#10;|       |--LI_HTML_TAG_NAME -&gt; li [3:15]&#10;|       `--END -&gt; &gt; [3:17]&#10;|--TEXT -&gt;   [3:18]&#10;|--HTML_ELEMENT -&gt; HTML_ELEMENT [3:19]&#10;|   `--OPTGROUP_TAG_END -&gt; OPTGROUP_TAG_END [3:19]&#10;|       |--START -&gt; &lt; [3:19]&#10;|       |--SLASH -&gt; / [3:20]&#10;|       |--OPTGROUP_HTML_TAG_NAME -&gt; OPTGROUP [3:21]&#10;|       `--END -&gt; &gt; [3:29]&#10;|--NEWLINE -&gt; \n [3:30]&#10;|--LEADING_ASTERISK -&gt; * [4:0]&#10;|--TEXT -&gt;   [4:1]&#10;|--HTML_ELEMENT -&gt; HTML_ELEMENT [4:2]&#10;|   `--OPTGROUP -&gt; OPTGROUP [4:2]&#10;|       |--OPTGROUP_TAG_START -&gt; OPTGROUP_TAG_START [4:2]&#10;|       |   |--START -&gt; &lt; [4:2]&#10;|       |   |--OPTGROUP_HTML_TAG_NAME -&gt; optgroup [4:3]&#10;|       |   `--END -&gt; &gt; [4:11]&#10;|       |--TEXT -&gt;   [4:12]&#10;|       |--TR -&gt; TR [4:13]&#10;|       |   |--TR_TAG_START -&gt; TR_TAG_START [4:13]&#10;|       |   |   |--START -&gt; &lt; [4:13]&#10;|       |   |   |--TR_HTML_TAG_NAME -&gt; tr [4:14]&#10;|       |   |   `--END -&gt; &gt; [4:16]&#10;|       |   |--TEXT -&gt;   [4:17]&#10;|       |   `--TR_TAG_END -&gt; TR_TAG_END [4:18]&#10;|       |       |--START -&gt; &lt; [4:18]&#10;|       |       |--SLASH -&gt; / [4:19]&#10;|       |       |--TR_HTML_TAG_NAME -&gt; tr [4:20]&#10;|       |       `--END -&gt; &gt; [4:22]&#10;|       |--TEXT -&gt;   [4:23]&#10;|       `--OPTGROUP_TAG_END -&gt; OPTGROUP_TAG_END [4:24]&#10;|           |--START -&gt; &lt; [4:24]&#10;|           |--SLASH -&gt; / [4:25]&#10;|           |--OPTGROUP_HTML_TAG_NAME -&gt; OPTGROUP [4:26]&#10;|           `--END -&gt; &gt; [4:34]&#10;|--NEWLINE -&gt; \n [4:35]&#10;|--LEADING_ASTERISK -&gt; * [5:0]&#10;|--TEXT -&gt;   [5:1]&#10;|--HTML_ELEMENT -&gt; HTML_ELEMENT [5:2]&#10;|   `--OPTGROUP -&gt; OPTGROUP [5:2]&#10;|       |--OPTGROUP_TAG_START -&gt; OPTGROUP_TAG_START [5:2]&#10;|       |   |--START -&gt; &lt; [5:2]&#10;|       |   |--OPTGROUP_HTML_TAG_NAME -&gt; optgroup [5:3]&#10;|       |   `--END -&gt; &gt; [5:11]&#10;|       |--TEXT -&gt;   [5:12]&#10;|       |--TR_TAG_START -&gt; TR_TAG_START [5:13]&#10;|       |   |--START -&gt; &lt; [5:13]&#10;|       |   |--TR_HTML_TAG_NAME -&gt; tr [5:14]&#10;|       |   `--END -&gt; &gt; [5:16]&#10;|       |--TEXT -&gt;   [5:17]&#10;|       `--OPTGROUP_TAG_END -&gt; OPTGROUP_TAG_END [5:18]&#10;|           |--START -&gt; &lt; [5:18]&#10;|           |--SLASH -&gt; / [5:19]&#10;|           |--OPTGROUP_HTML_TAG_NAME -&gt; OPTGROUP [5:20]&#10;|           `--END -&gt; &gt; [5:28]&#10;|--NEWLINE -&gt; \n [5:29]&#10;|--LEADING_ASTERISK -&gt; * [6:0]&#10;|--TEXT -&gt;   [6:1]&#10;|--HTML_ELEMENT -&gt; HTML_ELEMENT [6:2]&#10;|   `--OPTGROUP_TAG_START -&gt; OPTGROUP_TAG_START [6:2]&#10;|       |--START -&gt; &lt; [6:2]&#10;|       |--OPTGROUP_HTML_TAG_NAME -&gt; optgroup [6:3]&#10;|       `--END -&gt; &gt; [6:11]&#10;|--TEXT -&gt;   [6:12]&#10;|--HTML_ELEMENT -&gt; HTML_ELEMENT [6:13]&#10;|   `--TR_TAG_END -&gt; TR_TAG_END [6:13]&#10;|       |--START -&gt; &lt; [6:13]&#10;|       |--SLASH -&gt; / [6:14]&#10;|       |--TR_HTML_TAG_NAME -&gt; tr [6:15]&#10;|       `--END -&gt; &gt; [6:17]&#10;|--TEXT -&gt;   [6:18]&#10;|--HTML_ELEMENT -&gt; HTML_ELEMENT [6:19]&#10;|   `--OPTGROUP_TAG_END -&gt; OPTGROUP_TAG_END [6:19]&#10;|       |--START -&gt; &lt; [6:19]&#10;|       |--SLASH -&gt; / [6:20]&#10;|       |--OPTGROUP_HTML_TAG_NAME -&gt; OPTGROUP [6:21]&#10;|       `--END -&gt; &gt; [6:29]&#10;|--NEWLINE -&gt; \n [6:30]&#10;|--LEADING_ASTERISK -&gt; * [7:0]&#10;|--TEXT -&gt;   [7:1]&#10;|--HTML_ELEMENT -&gt; HTML_ELEMENT [7:2]&#10;|   `--OPTGROUP -&gt; OPTGROUP [7:2]&#10;|       |--OPTGROUP_TAG_START -&gt; OPTGROUP_TAG_START [7:2]&#10;|       |   |--START -&gt; &lt; [7:2]&#10;|       |   |--OPTGROUP_HTML_TAG_NAME -&gt; optgroup [7:3]&#10;|       |   `--END -&gt; &gt; [7:11]&#10;|       |--TEXT -&gt;   [7:12]&#10;|       |--TD -&gt; TD [7:13]&#10;|       |   |--TD_TAG_START -&gt; TD_TAG_START [7:13]&#10;|       |   |   |--START -&gt; &lt; [7:13]&#10;|       |   |   |--TD_HTML_TAG_NAME -&gt; td [7:14]&#10;|       |   |   `--END -&gt; &gt; [7:16]&#10;|       |   |--TEXT -&gt;   [7:17]&#10;|       |   `--TD_TAG_END -&gt; TD_TAG_END [7:18]&#10;|       |       |--START -&gt; &lt; [7:18]&#10;|       |       |--SLASH -&gt; / [7:19]&#10;|       |       |--TD_HTML_TAG_NAME -&gt; td [7:20]&#10;|       |       `--END -&gt; &gt; [7:22]&#10;|       |--TEXT -&gt;   [7:23]&#10;|       `--OPTGROUP_TAG_END -&gt; OPTGROUP_TAG_END [7:24]&#10;|           |--START -&gt; &lt; [7:24]&#10;|           |--SLASH -&gt; / [7:25]&#10;|           |--OPTGROUP_HTML_TAG_NAME -&gt; OPTGROUP [7:26]&#10;|           `--END -&gt; &gt; [7:34]&#10;|--NEWLINE -&gt; \n [7:35]&#10;|--LEADING_ASTERISK -&gt; * [8:0]&#10;|--TEXT -&gt;   [8:1]&#10;|--HTML_ELEMENT -&gt; HTML_ELEMENT [8:2]&#10;|   `--OPTGROUP -&gt; OPTGROUP [8:2]&#10;|       |--OPTGROUP_TAG_START -&gt; OPTGROUP_TAG_START [8:2]&#10;|       |   |--START -&gt; &lt; [8:2]&#10;|       |   |--OPTGROUP_HTML_TAG_NAME -&gt; optgroup [8:3]&#10;|       |   `--END -&gt; &gt; [8:11]&#10;|       |--TEXT -&gt;   [8:12]&#10;|       |--TD_TAG_START -&gt; TD_TAG_START [8:13]&#10;|       |   |--START -&gt; &lt; [8:13]&#10;|       |   |--TD_HTML_TAG_NAME -&gt; td [8:14]&#10;|       |   `--END -&gt; &gt; [8:16]&#10;|       |--TEXT -&gt;   [8:17]&#10;|       `--OPTGROUP_TAG_END -&gt; OPTGROUP_TAG_END [8:18]&#10;|           |--START -&gt; &lt; [8:18]&#10;|           |--SLASH -&gt; / [8:19]&#10;|           |--OPTGROUP_HTML_TAG_NAME -&gt; OPTGROUP [8:20]&#10;|           `--END -&gt; &gt; [8:28]&#10;|--NEWLINE -&gt; \n [8:29]&#10;|--LEADING_ASTERISK -&gt; * [9:0]&#10;|--TEXT -&gt;   [9:1]&#10;|--HTML_ELEMENT -&gt; HTML_ELEMENT [9:2]&#10;|   `--OPTGROUP_TAG_START -&gt; OPTGROUP_TAG_START [9:2]&#10;|       |--START -&gt; &lt; [9:2]&#10;|       |--OPTGROUP_HTML_TAG_NAME -&gt; optgroup [9:3]&#10;|       `--END -&gt; &gt; [9:11]&#10;|--TEXT -&gt;   [9:12]&#10;|--HTML_ELEMENT -&gt; HTML_ELEMENT [9:13]&#10;|   `--TD_TAG_END -&gt; TD_TAG_END [9:13]&#10;|       |--START -&gt; &lt; [9:13]&#10;|       |--SLASH -&gt; / [9:14]&#10;|       |--TD_HTML_TAG_NAME -&gt; td [9:15]&#10;|       `--END -&gt; &gt; [9:17]&#10;|--TEXT -&gt;   [9:18]&#10;|--HTML_ELEMENT -&gt; HTML_ELEMENT [9:19]&#10;|   `--OPTGROUP_TAG_END -&gt; OPTGROUP_TAG_END [9:19]&#10;|       |--START -&gt; &lt; [9:19]&#10;|       |--SLASH -&gt; / [9:20]&#10;|       |--OPTGROUP_HTML_TAG_NAME -&gt; OPTGROUP [9:21]&#10;|       `--END -&gt; &gt; [9:29]&#10;|--NEWLINE -&gt; \n [9:30]&#10;|--LEADING_ASTERISK -&gt; * [10:0]&#10;|--TEXT -&gt;   [10:1]&#10;|--HTML_ELEMENT -&gt; HTML_ELEMENT [10:2]&#10;|   `--OPTGROUP -&gt; OPTGROUP [10:2]&#10;|       |--OPTGROUP_TAG_START -&gt; OPTGROUP_TAG_START [10:2]&#10;|       |   |--START -&gt; &lt; [10:2]&#10;|       |   |--OPTGROUP_HTML_TAG_NAME -&gt; optgroup [10:3]&#10;|       |   `--END -&gt; &gt; [10:11]&#10;|       |--TEXT -&gt;   [10:12]&#10;|       |--TH -&gt; TH [10:13]&#10;|       |   |--TH_TAG_START -&gt; TH_TAG_START [10:13]&#10;|       |   |   |--START -&gt; &lt; [10:13]&#10;|       |   |   |--TH_HTML_TAG_NAME -&gt; th [10:14]&#10;|       |   |   `--END -&gt; &gt; [10:16]&#10;|       |   |--TEXT -&gt;   [10:17]&#10;|       |   `--TH_TAG_END -&gt; TH_TAG_END [10:18]&#10;|       |       |--START -&gt; &lt; [10:18]&#10;|       |       |--SLASH -&gt; / [10:19]&#10;|       |       |--TH_HTML_TAG_NAME -&gt; th [10:20]&#10;|       |       `--END -&gt; &gt; [10:22]&#10;|       |--TEXT -&gt;   [10:23]&#10;|       `--OPTGROUP_TAG_END -&gt; OPTGROUP_TAG_END [10:24]&#10;|           |--START -&gt; &lt; [10:24]&#10;|           |--SLASH -&gt; / [10:25]&#10;|           |--OPTGROUP_HTML_TAG_NAME -&gt; OPTGROUP [10:26]&#10;|           `--END -&gt; &gt; [10:34]&#10;|--NEWLINE -&gt; \n [10:35]&#10;|--LEADING_ASTERISK -&gt; * [11:0]&#10;|--TEXT -&gt;   [11:1]&#10;|--HTML_ELEMENT -&gt; HTML_ELEMENT [11:2]&#10;|   `--OPTGROUP -&gt; OPTGROUP [11:2]&#10;|       |--OPTGROUP_TAG_START -&gt; OPTGROUP_TAG_START [11:2]&#10;|       |   |--START -&gt; &lt; [11:2]&#10;|       |   |--OPTGROUP_HTML_TAG_NAME -&gt; optgroup [11:3]&#10;|       |   `--END -&gt; &gt; [11:11]&#10;|       |--TEXT -&gt;   [11:12]&#10;|       |--TH_TAG_START -&gt; TH_TAG_START [11:13]&#10;|       |   |--START -&gt; &lt; [11:13]&#10;|       |   |--TH_HTML_TAG_NAME -&gt; th [11:14]&#10;|       |   `--END -&gt; &gt; [11:16]&#10;|       |--TEXT -&gt;   [11:17]&#10;|       `--OPTGROUP_TAG_END -&gt; OPTGROUP_TAG_END [11:18]&#10;|           |--START -&gt; &lt; [11:18]&#10;|           |--SLASH -&gt; / [11:19]&#10;|           |--OPTGROUP_HTML_TAG_NAME -&gt; OPTGROUP [11:20]&#10;|           `--END -&gt; &gt; [11:28]&#10;|--NEWLINE -&gt; \n [11:29]&#10;|--LEADING_ASTERISK -&gt; * [12:0]&#10;|--TEXT -&gt;   [12:1]&#10;|--HTML_ELEMENT -&gt; HTML_ELEMENT [12:2]&#10;|   `--OPTGROUP_TAG_START -&gt; OPTGROUP_TAG_START [12:2]&#10;|       |--START -&gt; &lt; [12:2]&#10;|       |--OPTGROUP_HTML_TAG_NAME -&gt; optgroup [12:3]&#10;|       `--END -&gt; &gt; [12:11]&#10;|--TEXT -&gt;   [12:12]&#10;|--HTML_ELEMENT -&gt; HTML_ELEMENT [12:13]&#10;|   `--TH_TAG_END -&gt; TH_TAG_END [12:13]&#10;|       |--START -&gt; &lt; [12:13]&#10;|       |--SLASH -&gt; / [12:14]&#10;|       |--TH_HTML_TAG_NAME -&gt; th [12:15]&#10;|       `--END -&gt; &gt; [12:17]&#10;|--TEXT -&gt;   [12:18]&#10;|--HTML_ELEMENT -&gt; HTML_ELEMENT [12:19]&#10;|   `--OPTGROUP_TAG_END -&gt; OPTGROUP_TAG_END [12:19]&#10;|       |--START -&gt; &lt; [12:19]&#10;|       |--SLASH -&gt; / [12:20]&#10;|       |--OPTGROUP_HTML_TAG_NAME -&gt; OPTGROUP [12:21]&#10;|       `--END -&gt; &gt; [12:29]&#10;|--NEWLINE -&gt; \n [12:30]&#10;|--LEADING_ASTERISK -&gt; * [13:0]&#10;|--TEXT -&gt;   [13:1]&#10;|--HTML_ELEMENT -&gt; HTML_ELEMENT [13:2]&#10;|   `--OPTGROUP -&gt; OPTGROUP [13:2]&#10;|       |--OPTGROUP_TAG_START -&gt; OPTGROUP_TAG_START [13:2]&#10;|       |   |--START -&gt; &lt; [13:2]&#10;|       |   |--OPTGROUP_HTML_TAG_NAME -&gt; optgroup [13:3]&#10;|       |   `--END -&gt; &gt; [13:11]&#10;|       |--TEXT -&gt;   [13:12]&#10;|       |--BODY -&gt; BODY [13:13]&#10;|       |   |--BODY_TAG_START -&gt; BODY_TAG_START [13:13]&#10;|       |   |   |--START -&gt; &lt; [13:13]&#10;|       |   |   |--BODY_HTML_TAG_NAME -&gt; body [13:14]&#10;|       |   |   `--END -&gt; &gt; [13:18]&#10;|       |   |--TEXT -&gt;   [13:19]&#10;|       |   `--BODY_TAG_END -&gt; BODY_TAG_END [13:20]&#10;|       |       |--START -&gt; &lt; [13:20]&#10;|       |       |--SLASH -&gt; / [13:21]&#10;|       |       |--BODY_HTML_TAG_NAME -&gt; body [13:22]&#10;|       |       `--END -&gt; &gt; [13:26]&#10;|       |--TEXT -&gt;   [13:27]&#10;|       `--OPTGROUP_TAG_END -&gt; OPTGROUP_TAG_END [13:28]&#10;|           |--START -&gt; &lt; [13:28]&#10;|           |--SLASH -&gt; / [13:29]&#10;|           |--OPTGROUP_HTML_TAG_NAME -&gt; OPTGROUP [13:30]&#10;|           `--END -&gt; &gt; [13:38]&#10;|--NEWLINE -&gt; \n [13:39]&#10;|--LEADING_ASTERISK -&gt; * [14:0]&#10;|--TEXT -&gt;   [14:1]&#10;|--HTML_ELEMENT -&gt; HTML_ELEMENT [14:2]&#10;|   `--OPTGROUP -&gt; OPTGROUP [14:2]&#10;|       |--OPTGROUP_TAG_START -&gt; OPTGROUP_TAG_START [14:2]&#10;|       |   |--START -&gt; &lt; [14:2]&#10;|       |   |--OPTGROUP_HTML_TAG_NAME -&gt; optgroup [14:3]&#10;|       |   `--END -&gt; &gt; [14:11]&#10;|       |--TEXT -&gt;   [14:12]&#10;|       |--BODY_TAG_START -&gt; BODY_TAG_START [14:13]&#10;|       |   |--START -&gt; &lt; [14:13]&#10;|       |   |--BODY_HTML_TAG_NAME -&gt; body [14:14]&#10;|       |   `--END -&gt; &gt; [14:18]&#10;|       |--TEXT -&gt;   [14:19]&#10;|       `--OPTGROUP_TAG_END -&gt; OPTGROUP_TAG_END [14:20]&#10;|           |--START -&gt; &lt; [14:20]&#10;|           |--SLASH -&gt; / [14:21]&#10;|           |--OPTGROUP_HTML_TAG_NAME -&gt; OPTGROUP [14:22]&#10;|           `--END -&gt; &gt; [14:30]&#10;|--NEWLINE -&gt; \n [14:31]&#10;|--LEADING_ASTERISK -&gt; * [15:0]&#10;|--TEXT -&gt;   [15:1]&#10;|--HTML_ELEMENT -&gt; HTML_ELEMENT [15:2]&#10;|   `--OPTGROUP_TAG_START -&gt; OPTGROUP_TAG_START [15:2]&#10;|       |--START -&gt; &lt; [15:2]&#10;|       |--OPTGROUP_HTML_TAG_NAME -&gt; optgroup [15:3]&#10;|       `--END -&gt; &gt; [15:11]&#10;|--TEXT -&gt;   [15:12]&#10;|--HTML_ELEMENT -&gt; HTML_ELEMENT [15:13]&#10;|   `--BODY_TAG_END -&gt; BODY_TAG_END [15:13]&#10;|       |--START -&gt; &lt; [15:13]&#10;|       |--SLASH -&gt; / [15:14]&#10;|       |--BODY_HTML_TAG_NAME -&gt; body [15:15]&#10;|       `--END -&gt; &gt; [15:19]&#10;|--TEXT -&gt;   [15:20]&#10;|--HTML_ELEMENT -&gt; HTML_ELEMENT [15:21]&#10;|   `--OPTGROUP_TAG_END -&gt; OPTGROUP_TAG_END [15:21]&#10;|       |--START -&gt; &lt; [15:21]&#10;|       |--SLASH -&gt; / [15:22]&#10;|       |--OPTGROUP_HTML_TAG_NAME -&gt; OPTGROUP [15:23]&#10;|       `--END -&gt; &gt; [15:31]&#10;|--NEWLINE -&gt; \n [15:32]&#10;|--LEADING_ASTERISK -&gt; * [16:0]&#10;|--TEXT -&gt;   [16:1]&#10;|--HTML_ELEMENT -&gt; HTML_ELEMENT [16:2]&#10;|   `--OPTGROUP -&gt; OPTGROUP [16:2]&#10;|       |--OPTGROUP_TAG_START -&gt; OPTGROUP_TAG_START [16:2]&#10;|       |   |--START -&gt; &lt; [16:2]&#10;|       |   |--OPTGROUP_HTML_TAG_NAME -&gt; optgroup [16:3]&#10;|       |   `--END -&gt; &gt; [16:11]&#10;|       |--TEXT -&gt;   [16:12]&#10;|       |--COLGROUP -&gt; COLGROUP [16:13]&#10;|       |   |--COLGROUP_TAG_START -&gt; COLGROUP_TAG_START [16:13]&#10;|       |   |   |--START -&gt; &lt; [16:13]&#10;|       |   |   |--COLGROUP_HTML_TAG_NAME -&gt; colgroup [16:14]&#10;|       |   |   `--END -&gt; &gt; [16:22]&#10;|       |   |--TEXT -&gt;   [16:23]&#10;|       |   `--COLGROUP_TAG_END -&gt; COLGROUP_TAG_END [16:24]&#10;|       |       |--START -&gt; &lt; [16:24]&#10;|       |       |--SLASH -&gt; / [16:25]&#10;|       |       |--COLGROUP_HTML_TAG_NAME -&gt; colgroup [16:26]&#10;|       |       `--END -&gt; &gt; [16:34]&#10;|       |--TEXT -&gt;   [16:35]&#10;|       `--OPTGROUP_TAG_END -&gt; OPTGROUP_TAG_END [16:36]&#10;|           |--START -&gt; &lt; [16:36]&#10;|           |--SLASH -&gt; / [16:37]&#10;|           |--OPTGROUP_HTML_TAG_NAME -&gt; OPTGROUP [16:38]&#10;|           `--END -&gt; &gt; [16:46]&#10;|--NEWLINE -&gt; \n [16:47]&#10;|--LEADING_ASTERISK -&gt; * [17:0]&#10;|--TEXT -&gt;   [17:1]&#10;|--HTML_ELEMENT -&gt; HTML_ELEMENT [17:2]&#10;|   `--OPTGROUP -&gt; OPTGROUP [17:2]&#10;|       |--OPTGROUP_TAG_START -&gt; OPTGROUP_TAG_START [17:2]&#10;|       |   |--START -&gt; &lt; [17:2]&#10;|       |   |--OPTGROUP_HTML_TAG_NAME -&gt; optgroup [17:3]&#10;|       |   `--END -&gt; &gt; [17:11]&#10;|       |--TEXT -&gt;   [17:12]&#10;|       |--COLGROUP_TAG_START -&gt; COLGROUP_TAG_START [17:13]&#10;|       |   |--START -&gt; &lt; [17:13]&#10;|       |   |--COLGROUP_HTML_TAG_NAME -&gt; colgroup [17:14]&#10;|       |   `--END -&gt; &gt; [17:22]&#10;|       |--TEXT -&gt;   [17:23]&#10;|       `--OPTGROUP_TAG_END -&gt; OPTGROUP_TAG_END [17:24]&#10;|           |--START -&gt; &lt; [17:24]&#10;|           |--SLASH -&gt; / [17:25]&#10;|           |--OPTGROUP_HTML_TAG_NAME -&gt; OPTGROUP [17:26]&#10;|           `--END -&gt; &gt; [17:34]&#10;|--NEWLINE -&gt; \n [17:35]&#10;|--LEADING_ASTERISK -&gt; * [18:0]&#10;|--TEXT -&gt;   [18:1]&#10;|--HTML_ELEMENT -&gt; HTML_ELEMENT [18:2]&#10;|   `--OPTGROUP_TAG_START -&gt; OPTGROUP_TAG_START [18:2]&#10;|       |--START -&gt; &lt; [18:2]&#10;|       |--OPTGROUP_HTML_TAG_NAME -&gt; optgroup [18:3]&#10;|       `--END -&gt; &gt; [18:11]&#10;|--TEXT -&gt;   [18:12]&#10;|--HTML_ELEMENT -&gt; HTML_ELEMENT [18:13]&#10;|   `--COLGROUP_TAG_END -&gt; COLGROUP_TAG_END [18:13]&#10;|       |--START -&gt; &lt; [18:13]&#10;|       |--SLASH -&gt; / [18:14]&#10;|       |--COLGROUP_HTML_TAG_NAME -&gt; colgroup [18:15]&#10;|       `--END -&gt; &gt; [18:23]&#10;|--TEXT -&gt;   [18:24]&#10;|--HTML_ELEMENT -&gt; HTML_ELEMENT [18:25]&#10;|   `--OPTGROUP_TAG_END -&gt; OPTGROUP_TAG_END [18:25]&#10;|       |--START -&gt; &lt; [18:25]&#10;|       |--SLASH -&gt; / [18:26]&#10;|       |--OPTGROUP_HTML_TAG_NAME -&gt; OPTGROUP [18:27]&#10;|       `--END -&gt; &gt; [18:35]&#10;|--NEWLINE -&gt; \n [18:36]&#10;|--LEADING_ASTERISK -&gt; * [19:0]&#10;|--TEXT -&gt;   [19:1]&#10;|--HTML_ELEMENT -&gt; HTML_ELEMENT [19:2]&#10;|   `--OPTGROUP -&gt; OPTGROUP [19:2]&#10;|       |--OPTGROUP_TAG_START -&gt; OPTGROUP_TAG_START [19:2]&#10;|       |   |--START -&gt; &lt; [19:2]&#10;|       |   |--OPTGROUP_HTML_TAG_NAME -&gt; optgroup [19:3]&#10;|       |   `--END -&gt; &gt; [19:11]&#10;|       |--TEXT -&gt;   [19:12]&#10;|       |--DD -&gt; DD [19:13]&#10;|       |   |--DD_TAG_START -&gt; DD_TAG_START [19:13]&#10;|       |   |   |--START -&gt; &lt; [19:13]&#10;|       |   |   |--DD_HTML_TAG_NAME -&gt; dd [19:14]&#10;|       |   |   `--END -&gt; &gt; [19:16]&#10;|       |   |--TEXT -&gt;   [19:17]&#10;|       |   `--DD_TAG_END -&gt; DD_TAG_END [19:18]&#10;|       |       |--START -&gt; &lt; [19:18]&#10;|       |       |--SLASH -&gt; / [19:19]&#10;|       |       |--DD_HTML_TAG_NAME -&gt; dd [19:20]&#10;|       |       `--END -&gt; &gt; [19:22]&#10;|       |--TEXT -&gt;   [19:23]&#10;|       `--OPTGROUP_TAG_END -&gt; OPTGROUP_TAG_END [19:24]&#10;|           |--START -&gt; &lt; [19:24]&#10;|           |--SLASH -&gt; / [19:25]&#10;|           |--OPTGROUP_HTML_TAG_NAME -&gt; OPTGROUP [19:26]&#10;|           `--END -&gt; &gt; [19:34]&#10;|--NEWLINE -&gt; \n [19:35]&#10;|--LEADING_ASTERISK -&gt; * [20:0]&#10;|--TEXT -&gt;   [20:1]&#10;|--HTML_ELEMENT -&gt; HTML_ELEMENT [20:2]&#10;|   `--OPTGROUP -&gt; OPTGROUP [20:2]&#10;|       |--OPTGROUP_TAG_START -&gt; OPTGROUP_TAG_START [20:2]&#10;|       |   |--START -&gt; &lt; [20:2]&#10;|       |   |--OPTGROUP_HTML_TAG_NAME -&gt; optgroup [20:3]&#10;|       |   `--END -&gt; &gt; [20:11]&#10;|       |--TEXT -&gt;   [20:12]&#10;|       |--DD_TAG_START -&gt; DD_TAG_START [20:13]&#10;|       |   |--START -&gt; &lt; [20:13]&#10;|       |   |--DD_HTML_TAG_NAME -&gt; dd [20:14]&#10;|       |   `--END -&gt; &gt; [20:16]&#10;|       |--TEXT -&gt;   [20:17]&#10;|       `--OPTGROUP_TAG_END -&gt; OPTGROUP_TAG_END [20:18]&#10;|           |--START -&gt; &lt; [20:18]&#10;|           |--SLASH -&gt; / [20:19]&#10;|           |--OPTGROUP_HTML_TAG_NAME -&gt; OPTGROUP [20:20]&#10;|           `--END -&gt; &gt; [20:28]&#10;|--NEWLINE -&gt; \n [20:29]&#10;|--LEADING_ASTERISK -&gt; * [21:0]&#10;|--TEXT -&gt;   [21:1]&#10;|--HTML_ELEMENT -&gt; HTML_ELEMENT [21:2]&#10;|   `--OPTGROUP_TAG_START -&gt; OPTGROUP_TAG_START [21:2]&#10;|       |--START -&gt; &lt; [21:2]&#10;|       |--OPTGROUP_HTML_TAG_NAME -&gt; optgroup [21:3]&#10;|       `--END -&gt; &gt; [21:11]&#10;|--TEXT -&gt;   [21:12]&#10;|--HTML_ELEMENT -&gt; HTML_ELEMENT [21:13]&#10;|   `--DD_TAG_END -&gt; DD_TAG_END [21:13]&#10;|       |--START -&gt; &lt; [21:13]&#10;|       |--SLASH -&gt; / [21:14]&#10;|       |--DD_HTML_TAG_NAME -&gt; dd [21:15]&#10;|       `--END -&gt; &gt; [21:17]&#10;|--TEXT -&gt;   [21:18]&#10;|--HTML_ELEMENT -&gt; HTML_ELEMENT [21:19]&#10;|   `--OPTGROUP_TAG_END -&gt; OPTGROUP_TAG_END [21:19]&#10;|       |--START -&gt; &lt; [21:19]&#10;|       |--SLASH -&gt; / [21:20]&#10;|       |--OPTGROUP_HTML_TAG_NAME -&gt; OPTGROUP [21:21]&#10;|       `--END -&gt; &gt; [21:29]&#10;|--NEWLINE -&gt; \n [21:30]&#10;|--LEADING_ASTERISK -&gt; * [22:0]&#10;|--TEXT -&gt;   [22:1]&#10;|--HTML_ELEMENT -&gt; HTML_ELEMENT [22:2]&#10;|   `--OPTGROUP -&gt; OPTGROUP [22:2]&#10;|       |--OPTGROUP_TAG_START -&gt; OPTGROUP_TAG_START [22:2]&#10;|       |   |--START -&gt; &lt; [22:2]&#10;|       |   |--OPTGROUP_HTML_TAG_NAME -&gt; optgroup [22:3]&#10;|       |   `--END -&gt; &gt; [22:11]&#10;|       |--TEXT -&gt;   [22:12]&#10;|       |--DT -&gt; DT [22:13]&#10;|       |   |--DT_TAG_START -&gt; DT_TAG_START [22:13]&#10;|       |   |   |--START -&gt; &lt; [22:13]&#10;|       |   |   |--DT_HTML_TAG_NAME -&gt; dt [22:14]&#10;|       |   |   `--END -&gt; &gt; [22:16]&#10;|       |   |--TEXT -&gt;   [22:17]&#10;|       |   `--DT_TAG_END -&gt; DT_TAG_END [22:18]&#10;|       |       |--START -&gt; &lt; [22:18]&#10;|       |       |--SLASH -&gt; / [22:19]&#10;|       |       |--DT_HTML_TAG_NAME -&gt; dt [22:20]&#10;|       |       `--END -&gt; &gt; [22:22]&#10;|       |--TEXT -&gt;   [22:23]&#10;|       `--OPTGROUP_TAG_END -&gt; OPTGROUP_TAG_END [22:24]&#10;|           |--START -&gt; &lt; [22:24]&#10;|           |--SLASH -&gt; / [22:25]&#10;|           |--OPTGROUP_HTML_TAG_NAME -&gt; OPTGROUP [22:26]&#10;|           `--END -&gt; &gt; [22:34]&#10;|--NEWLINE -&gt; \n [22:35]&#10;|--LEADING_ASTERISK -&gt; * [23:0]&#10;|--TEXT -&gt;   [23:1]&#10;|--HTML_ELEMENT -&gt; HTML_ELEMENT [23:2]&#10;|   `--OPTGROUP -&gt; OPTGROUP [23:2]&#10;|       |--OPTGROUP_TAG_START -&gt; OPTGROUP_TAG_START [23:2]&#10;|       |   |--START -&gt; &lt; [23:2]&#10;|       |   |--OPTGROUP_HTML_TAG_NAME -&gt; optgroup [23:3]&#10;|       |   `--END -&gt; &gt; [23:11]&#10;|       |--TEXT -&gt;   [23:12]&#10;|       |--DT_TAG_START -&gt; DT_TAG_START [23:13]&#10;|       |   |--START -&gt; &lt; [23:13]&#10;|       |   |--DT_HTML_TAG_NAME -&gt; dt [23:14]&#10;|       |   `--END -&gt; &gt; [23:16]&#10;|       |--TEXT -&gt;   [23:17]&#10;|       `--OPTGROUP_TAG_END -&gt; OPTGROUP_TAG_END [23:18]&#10;|           |--START -&gt; &lt; [23:18]&#10;|           |--SLASH -&gt; / [23:19]&#10;|           |--OPTGROUP_HTML_TAG_NAME -&gt; OPTGROUP [23:20]&#10;|           `--END -&gt; &gt; [23:28]&#10;|--NEWLINE -&gt; \n [23:29]&#10;|--LEADING_ASTERISK -&gt; * [24:0]&#10;|--TEXT -&gt;   [24:1]&#10;|--HTML_ELEMENT -&gt; HTML_ELEMENT [24:2]&#10;|   `--OPTGROUP_TAG_START -&gt; OPTGROUP_TAG_START [24:2]&#10;|       |--START -&gt; &lt; [24:2]&#10;|       |--OPTGROUP_HTML_TAG_NAME -&gt; optgroup [24:3]&#10;|       `--END -&gt; &gt; [24:11]&#10;|--TEXT -&gt;   [24:12]&#10;|--HTML_ELEMENT -&gt; HTML_ELEMENT [24:13]&#10;|   `--DT_TAG_END -&gt; DT_TAG_END [24:13]&#10;|       |--START -&gt; &lt; [24:13]&#10;|       |--SLASH -&gt; / [24:14]&#10;|       |--DT_HTML_TAG_NAME -&gt; dt [24:15]&#10;|       `--END -&gt; &gt; [24:17]&#10;|--TEXT -&gt;   [24:18]&#10;|--HTML_ELEMENT -&gt; HTML_ELEMENT [24:19]&#10;|   `--OPTGROUP_TAG_END -&gt; OPTGROUP_TAG_END [24:19]&#10;|       |--START -&gt; &lt; [24:19]&#10;|       |--SLASH -&gt; / [24:20]&#10;|       |--OPTGROUP_HTML_TAG_NAME -&gt; OPTGROUP [24:21]&#10;|       `--END -&gt; &gt; [24:29]&#10;|--NEWLINE -&gt; \n [24:30]&#10;|--LEADING_ASTERISK -&gt; * [25:0]&#10;|--TEXT -&gt;   [25:1]&#10;|--HTML_ELEMENT -&gt; HTML_ELEMENT [25:2]&#10;|   `--OPTGROUP -&gt; OPTGROUP [25:2]&#10;|       |--OPTGROUP_TAG_START -&gt; OPTGROUP_TAG_START [25:2]&#10;|       |   |--START -&gt; &lt; [25:2]&#10;|       |   |--OPTGROUP_HTML_TAG_NAME -&gt; optgroup [25:3]&#10;|       |   `--END -&gt; &gt; [25:11]&#10;|       |--TEXT -&gt;   [25:12]&#10;|       |--HEAD -&gt; HEAD [25:13]&#10;|       |   |--HEAD_TAG_START -&gt; HEAD_TAG_START [25:13]&#10;|       |   |   |--START -&gt; &lt; [25:13]&#10;|       |   |   |--HEAD_HTML_TAG_NAME -&gt; head [25:14]&#10;|       |   |   `--END -&gt; &gt; [25:18]&#10;|       |   |--TEXT -&gt;   [25:19]&#10;|       |   `--HEAD_TAG_END -&gt; HEAD_TAG_END [25:20]&#10;|       |       |--START -&gt; &lt; [25:20]&#10;|       |       |--SLASH -&gt; / [25:21]&#10;|       |       |--HEAD_HTML_TAG_NAME -&gt; head [25:22]&#10;|       |       `--END -&gt; &gt; [25:26]&#10;|       |--TEXT -&gt;   [25:27]&#10;|       `--OPTGROUP_TAG_END -&gt; OPTGROUP_TAG_END [25:28]&#10;|           |--START -&gt; &lt; [25:28]&#10;|           |--SLASH -&gt; / [25:29]&#10;|           |--OPTGROUP_HTML_TAG_NAME -&gt; OPTGROUP [25:30]&#10;|           `--END -&gt; &gt; [25:38]&#10;|--NEWLINE -&gt; \n [25:39]&#10;|--LEADING_ASTERISK -&gt; * [26:0]&#10;|--TEXT -&gt;   [26:1]&#10;|--HTML_ELEMENT -&gt; HTML_ELEMENT [26:2]&#10;|   `--OPTGROUP -&gt; OPTGROUP [26:2]&#10;|       |--OPTGROUP_TAG_START -&gt; OPTGROUP_TAG_START [26:2]&#10;|       |   |--START -&gt; &lt; [26:2]&#10;|       |   |--OPTGROUP_HTML_TAG_NAME -&gt; optgroup [26:3]&#10;|       |   `--END -&gt; &gt; [26:11]&#10;|       |--TEXT -&gt;   [26:12]&#10;|       |--HEAD_TAG_START -&gt; HEAD_TAG_START [26:13]&#10;|       |   |--START -&gt; &lt; [26:13]&#10;|       |   |--HEAD_HTML_TAG_NAME -&gt; head [26:14]&#10;|       |   `--END -&gt; &gt; [26:18]&#10;|       |--TEXT -&gt;   [26:19]&#10;|       `--OPTGROUP_TAG_END -&gt; OPTGROUP_TAG_END [26:20]&#10;|           |--START -&gt; &lt; [26:20]&#10;|           |--SLASH -&gt; / [26:21]&#10;|           |--OPTGROUP_HTML_TAG_NAME -&gt; OPTGROUP [26:22]&#10;|           `--END -&gt; &gt; [26:30]&#10;|--NEWLINE -&gt; \n [26:31]&#10;|--LEADING_ASTERISK -&gt; * [27:0]&#10;|--TEXT -&gt;   [27:1]&#10;|--HTML_ELEMENT -&gt; HTML_ELEMENT [27:2]&#10;|   `--OPTGROUP_TAG_START -&gt; OPTGROUP_TAG_START [27:2]&#10;|       |--START -&gt; &lt; [27:2]&#10;|       |--OPTGROUP_HTML_TAG_NAME -&gt; optgroup [27:3]&#10;|       `--END -&gt; &gt; [27:11]&#10;|--TEXT -&gt;   [27:12]&#10;|--HTML_ELEMENT -&gt; HTML_ELEMENT [27:13]&#10;|   `--HEAD_TAG_END -&gt; HEAD_TAG_END [27:13]&#10;|       |--START -&gt; &lt; [27:13]&#10;|       |--SLASH -&gt; / [27:14]&#10;|       |--HEAD_HTML_TAG_NAME -&gt; head [27:15]&#10;|       `--END -&gt; &gt; [27:19]&#10;|--TEXT -&gt;   [27:20]&#10;|--HTML_ELEMENT -&gt; HTML_ELEMENT [27:21]&#10;|   `--OPTGROUP_TAG_END -&gt; OPTGROUP_TAG_END [27:21]&#10;|       |--START -&gt; &lt; [27:21]&#10;|       |--SLASH -&gt; / [27:22]&#10;|       |--OPTGROUP_HTML_TAG_NAME -&gt; OPTGROUP [27:23]&#10;|       `--END -&gt; &gt; [27:31]&#10;|--NEWLINE -&gt; \n [27:32]&#10;|--LEADING_ASTERISK -&gt; * [28:0]&#10;|--TEXT -&gt;   [28:1]&#10;|--HTML_ELEMENT -&gt; HTML_ELEMENT [28:2]&#10;|   `--OPTGROUP -&gt; OPTGROUP [28:2]&#10;|       |--OPTGROUP_TAG_START -&gt; OPTGROUP_TAG_START [28:2]&#10;|       |   |--START -&gt; &lt; [28:2]&#10;|       |   |--OPTGROUP_HTML_TAG_NAME -&gt; optgroup [28:3]&#10;|       |   `--END -&gt; &gt; [28:11]&#10;|       |--TEXT -&gt;   [28:12]&#10;|       |--HTML -&gt; HTML [28:13]&#10;|       |   |--HTML_TAG_START -&gt; HTML_TAG_START [28:13]&#10;|       |   |   |--START -&gt; &lt; [28:13]&#10;|       |   |   |--HTML_HTML_TAG_NAME -&gt; html [28:14]&#10;|       |   |   `--END -&gt; &gt; [28:18]&#10;|       |   |--TEXT -&gt;   [28:19]&#10;|       |   `--HTML_TAG_END -&gt; HTML_TAG_END [28:20]&#10;|       |       |--START -&gt; &lt; [28:20]&#10;|       |       |--SLASH -&gt; / [28:21]&#10;|       |       |--HTML_HTML_TAG_NAME -&gt; html [28:22]&#10;|       |       `--END -&gt; &gt; [28:26]&#10;|       |--TEXT -&gt;   [28:27]&#10;|       `--OPTGROUP_TAG_END -&gt; OPTGROUP_TAG_END [28:28]&#10;|           |--START -&gt; &lt; [28:28]&#10;|           |--SLASH -&gt; / [28:29]&#10;|           |--OPTGROUP_HTML_TAG_NAME -&gt; OPTGROUP [28:30]&#10;|           `--END -&gt; &gt; [28:38]&#10;|--NEWLINE -&gt; \n [28:39]&#10;|--LEADING_ASTERISK -&gt; * [29:0]&#10;|--TEXT -&gt;   [29:1]&#10;|--HTML_ELEMENT -&gt; HTML_ELEMENT [29:2]&#10;|   `--OPTGROUP -&gt; OPTGROUP [29:2]&#10;|       |--OPTGROUP_TAG_START -&gt; OPTGROUP_TAG_START [29:2]&#10;|       |   |--START -&gt; &lt; [29:2]&#10;|       |   |--OPTGROUP_HTML_TAG_NAME -&gt; optgroup [29:3]&#10;|       |   `--END -&gt; &gt; [29:11]&#10;|       |--TEXT -&gt;   [29:12]&#10;|       |--HTML_TAG_START -&gt; HTML_TAG_START [29:13]&#10;|       |   |--START -&gt; &lt; [29:13]&#10;|       |   |--HTML_HTML_TAG_NAME -&gt; html [29:14]&#10;|       |   `--END -&gt; &gt; [29:18]&#10;|       |--TEXT -&gt;   [29:19]&#10;|       `--OPTGROUP_TAG_END -&gt; OPTGROUP_TAG_END [29:20]&#10;|           |--START -&gt; &lt; [29:20]&#10;|           |--SLASH -&gt; / [29:21]&#10;|           |--OPTGROUP_HTML_TAG_NAME -&gt; OPTGROUP [29:22]&#10;|           `--END -&gt; &gt; [29:30]&#10;|--NEWLINE -&gt; \n [29:31]&#10;|--LEADING_ASTERISK -&gt; * [30:0]&#10;|--TEXT -&gt;   [30:1]&#10;|--HTML_ELEMENT -&gt; HTML_ELEMENT [30:2]&#10;|   `--OPTGROUP_TAG_START -&gt; OPTGROUP_TAG_START [30:2]&#10;|       |--START -&gt; &lt; [30:2]&#10;|       |--OPTGROUP_HTML_TAG_NAME -&gt; optgroup [30:3]&#10;|       `--END -&gt; &gt; [30:11]&#10;|--TEXT -&gt;   [30:12]&#10;|--HTML_ELEMENT -&gt; HTML_ELEMENT [30:13]&#10;|   `--HTML_TAG_END -&gt; HTML_TAG_END [30:13]&#10;|       |--START -&gt; &lt; [30:13]&#10;|       |--SLASH -&gt; / [30:14]&#10;|       |--HTML_HTML_TAG_NAME -&gt; html [30:15]&#10;|       `--END -&gt; &gt; [30:19]&#10;|--TEXT -&gt;   [30:20]&#10;|--HTML_ELEMENT -&gt; HTML_ELEMENT [30:21]&#10;|   `--OPTGROUP_TAG_END -&gt; OPTGROUP_TAG_END [30:21]&#10;|       |--START -&gt; &lt; [30:21]&#10;|       |--SLASH -&gt; / [30:22]&#10;|       |--OPTGROUP_HTML_TAG_NAME -&gt; OPTGROUP [30:23]&#10;|       `--END -&gt; &gt; [30:31]&#10;|--NEWLINE -&gt; \n [30:32]&#10;|--LEADING_ASTERISK -&gt; * [31:0]&#10;|--TEXT -&gt;   [31:1]&#10;|--HTML_ELEMENT -&gt; HTML_ELEMENT [31:2]&#10;|   `--OPTGROUP -&gt; OPTGROUP [31:2]&#10;|       |--OPTGROUP_TAG_START -&gt; OPTGROUP_TAG_START [31:2]&#10;|       |   |--START -&gt; &lt; [31:2]&#10;|       |   |--OPTGROUP_HTML_TAG_NAME -&gt; optgroup [31:3]&#10;|       |   `--END -&gt; &gt; [31:11]&#10;|       |--TEXT -&gt;   [31:12]&#10;|       |--OPTION -&gt; OPTION [31:13]&#10;|       |   |--OPTION_TAG_START -&gt; OPTION_TAG_START [31:13]&#10;|       |   |   |--START -&gt; &lt; [31:13]&#10;|       |   |   |--OPTION_HTML_TAG_NAME -&gt; option [31:14]&#10;|       |   |   `--END -&gt; &gt; [31:20]&#10;|       |   |--TEXT -&gt;   [31:21]&#10;|       |   `--OPTION_TAG_END -&gt; OPTION_TAG_END [31:22]&#10;|       |       |--START -&gt; &lt; [31:22]&#10;|       |       |--SLASH -&gt; / [31:23]&#10;|       |       |--OPTION_HTML_TAG_NAME -&gt; option [31:24]&#10;|       |       `--END -&gt; &gt; [31:30]&#10;|       |--TEXT -&gt;   [31:31]&#10;|       `--OPTGROUP_TAG_END -&gt; OPTGROUP_TAG_END [31:32]&#10;|           |--START -&gt; &lt; [31:32]&#10;|           |--SLASH -&gt; / [31:33]&#10;|           |--OPTGROUP_HTML_TAG_NAME -&gt; OPTGROUP [31:34]&#10;|           `--END -&gt; &gt; [31:42]&#10;|--NEWLINE -&gt; \n [31:43]&#10;|--LEADING_ASTERISK -&gt; * [32:0]&#10;|--TEXT -&gt;   [32:1]&#10;|--HTML_ELEMENT -&gt; HTML_ELEMENT [32:2]&#10;|   `--OPTGROUP -&gt; OPTGROUP [32:2]&#10;|       |--OPTGROUP_TAG_START -&gt; OPTGROUP_TAG_START [32:2]&#10;|       |   |--START -&gt; &lt; [32:2]&#10;|       |   |--OPTGROUP_HTML_TAG_NAME -&gt; optgroup [32:3]&#10;|       |   `--END -&gt; &gt; [32:11]&#10;|       |--TEXT -&gt;   [32:12]&#10;|       |--OPTION_TAG_START -&gt; OPTION_TAG_START [32:13]&#10;|       |   |--START -&gt; &lt; [32:13]&#10;|       |   |--OPTION_HTML_TAG_NAME -&gt; option [32:14]&#10;|       |   `--END -&gt; &gt; [32:20]&#10;|       |--TEXT -&gt;   [32:21]&#10;|       `--OPTGROUP_TAG_END -&gt; OPTGROUP_TAG_END [32:22]&#10;|           |--START -&gt; &lt; [32:22]&#10;|           |--SLASH -&gt; / [32:23]&#10;|           |--OPTGROUP_HTML_TAG_NAME -&gt; OPTGROUP [32:24]&#10;|           `--END -&gt; &gt; [32:32]&#10;|--NEWLINE -&gt; \n [32:33]&#10;|--LEADING_ASTERISK -&gt; * [33:0]&#10;|--TEXT -&gt;   [33:1]&#10;|--HTML_ELEMENT -&gt; HTML_ELEMENT [33:2]&#10;|   `--OPTGROUP_TAG_START -&gt; OPTGROUP_TAG_START [33:2]&#10;|       |--START -&gt; &lt; [33:2]&#10;|       |--OPTGROUP_HTML_TAG_NAME -&gt; optgroup [33:3]&#10;|       `--END -&gt; &gt; [33:11]&#10;|--TEXT -&gt;   [33:12]&#10;|--HTML_ELEMENT -&gt; HTML_ELEMENT [33:13]&#10;|   `--OPTION_TAG_END -&gt; OPTION_TAG_END [33:13]&#10;|       |--START -&gt; &lt; [33:13]&#10;|       |--SLASH -&gt; / [33:14]&#10;|       |--OPTION_HTML_TAG_NAME -&gt; option [33:15]&#10;|       `--END -&gt; &gt; [33:21]&#10;|--TEXT -&gt;   [33:22]&#10;|--HTML_ELEMENT -&gt; HTML_ELEMENT [33:23]&#10;|   `--OPTGROUP_TAG_END -&gt; OPTGROUP_TAG_END [33:23]&#10;|       |--START -&gt; &lt; [33:23]&#10;|       |--SLASH -&gt; / [33:24]&#10;|       |--OPTGROUP_HTML_TAG_NAME -&gt; OPTGROUP [33:25]&#10;|       `--END -&gt; &gt; [33:33]&#10;|--NEWLINE -&gt; \n [33:34]&#10;|--LEADING_ASTERISK -&gt; * [34:0]&#10;|--TEXT -&gt;   [34:1]&#10;|--HTML_ELEMENT -&gt; HTML_ELEMENT [34:2]&#10;|   `--OPTGROUP -&gt; OPTGROUP [34:2]&#10;|       |--OPTGROUP_TAG_START -&gt; OPTGROUP_TAG_START [34:2]&#10;|       |   |--START -&gt; &lt; [34:2]&#10;|       |   |--OPTGROUP_HTML_TAG_NAME -&gt; optgroup [34:3]&#10;|       |   `--END -&gt; &gt; [34:11]&#10;|       |--TEXT -&gt;   [34:12]&#10;|       |--TBODY -&gt; TBODY [34:13]&#10;|       |   |--TBODY_TAG_START -&gt; TBODY_TAG_START [34:13]&#10;|       |   |   |--START -&gt; &lt; [34:13]&#10;|       |   |   |--TBODY_HTML_TAG_NAME -&gt; tbody [34:14]&#10;|       |   |   `--END -&gt; &gt; [34:19]&#10;|       |   |--TEXT -&gt;   [34:20]&#10;|       |   `--TBODY_TAG_END -&gt; TBODY_TAG_END [34:21]&#10;|       |       |--START -&gt; &lt; [34:21]&#10;|       |       |--SLASH -&gt; / [34:22]&#10;|       |       |--TBODY_HTML_TAG_NAME -&gt; tbody [34:23]&#10;|       |       `--END -&gt; &gt; [34:28]&#10;|       |--TEXT -&gt;   [34:29]&#10;|       `--OPTGROUP_TAG_END -&gt; OPTGROUP_TAG_END [34:30]&#10;|           |--START -&gt; &lt; [34:30]&#10;|           |--SLASH -&gt; / [34:31]&#10;|           |--OPTGROUP_HTML_TAG_NAME -&gt; OPTGROUP [34:32]&#10;|           `--END -&gt; &gt; [34:40]&#10;|--NEWLINE -&gt; \n [34:41]&#10;|--LEADING_ASTERISK -&gt; * [35:0]&#10;|--TEXT -&gt;   [35:1]&#10;|--HTML_ELEMENT -&gt; HTML_ELEMENT [35:2]&#10;|   `--OPTGROUP -&gt; OPTGROUP [35:2]&#10;|       |--OPTGROUP_TAG_START -&gt; OPTGROUP_TAG_START [35:2]&#10;|       |   |--START -&gt; &lt; [35:2]&#10;|       |   |--OPTGROUP_HTML_TAG_NAME -&gt; optgroup [35:3]&#10;|       |   `--END -&gt; &gt; [35:11]&#10;|       |--TEXT -&gt;   [35:12]&#10;|       |--TBODY_TAG_START -&gt; TBODY_TAG_START [35:13]&#10;|       |   |--START -&gt; &lt; [35:13]&#10;|       |   |--TBODY_HTML_TAG_NAME -&gt; tbody [35:14]&#10;|       |   `--END -&gt; &gt; [35:19]&#10;|       |--TEXT -&gt;   [35:20]&#10;|       `--OPTGROUP_TAG_END -&gt; OPTGROUP_TAG_END [35:21]&#10;|           |--START -&gt; &lt; [35:21]&#10;|           |--SLASH -&gt; / [35:22]&#10;|           |--OPTGROUP_HTML_TAG_NAME -&gt; OPTGROUP [35:23]&#10;|           `--END -&gt; &gt; [35:31]&#10;|--NEWLINE -&gt; \n [35:32]&#10;|--LEADING_ASTERISK -&gt; * [36:0]&#10;|--TEXT -&gt;   [36:1]&#10;|--HTML_ELEMENT -&gt; HTML_ELEMENT [36:2]&#10;|   `--OPTGROUP_TAG_START -&gt; OPTGROUP_TAG_START [36:2]&#10;|       |--START -&gt; &lt; [36:2]&#10;|       |--OPTGROUP_HTML_TAG_NAME -&gt; optgroup [36:3]&#10;|       `--END -&gt; &gt; [36:11]&#10;|--TEXT -&gt;   [36:12]&#10;|--HTML_ELEMENT -&gt; HTML_ELEMENT [36:13]&#10;|   `--TBODY_TAG_END -&gt; TBODY_TAG_END [36:13]&#10;|       |--START -&gt; &lt; [36:13]&#10;|       |--SLASH -&gt; / [36:14]&#10;|       |--TBODY_HTML_TAG_NAME -&gt; tbody [36:15]&#10;|       `--END -&gt; &gt; [36:20]&#10;|--TEXT -&gt;   [36:21]&#10;|--HTML_ELEMENT -&gt; HTML_ELEMENT [36:22]&#10;|   `--OPTGROUP_TAG_END -&gt; OPTGROUP_TAG_END [36:22]&#10;|       |--START -&gt; &lt; [36:22]&#10;|       |--SLASH -&gt; / [36:23]&#10;|       |--OPTGROUP_HTML_TAG_NAME -&gt; OPTGROUP [36:24]&#10;|       `--END -&gt; &gt; [36:32]&#10;|--NEWLINE -&gt; \n [36:33]&#10;|--LEADING_ASTERISK -&gt; * [37:0]&#10;|--TEXT -&gt;   [37:1]&#10;|--HTML_ELEMENT -&gt; HTML_ELEMENT [37:2]&#10;|   `--OPTGROUP -&gt; OPTGROUP [37:2]&#10;|       |--OPTGROUP_TAG_START -&gt; OPTGROUP_TAG_START [37:2]&#10;|       |   |--START -&gt; &lt; [37:2]&#10;|       |   |--OPTGROUP_HTML_TAG_NAME -&gt; optgroup [37:3]&#10;|       |   `--END -&gt; &gt; [37:11]&#10;|       |--TEXT -&gt;   [37:12]&#10;|       |--TFOOT -&gt; TFOOT [37:13]&#10;|       |   |--TFOOT_TAG_START -&gt; TFOOT_TAG_START [37:13]&#10;|       |   |   |--START -&gt; &lt; [37:13]&#10;|       |   |   |--TFOOT_HTML_TAG_NAME -&gt; tfoot [37:14]&#10;|       |   |   `--END -&gt; &gt; [37:19]&#10;|       |   |--TEXT -&gt;   [37:20]&#10;|       |   `--TFOOT_TAG_END -&gt; TFOOT_TAG_END [37:21]&#10;|       |       |--START -&gt; &lt; [37:21]&#10;|       |       |--SLASH -&gt; / [37:22]&#10;|       |       |--TFOOT_HTML_TAG_NAME -&gt; tfoot [37:23]&#10;|       |       `--END -&gt; &gt; [37:28]&#10;|       |--TEXT -&gt;   [37:29]&#10;|       `--OPTGROUP_TAG_END -&gt; OPTGROUP_TAG_END [37:30]&#10;|           |--START -&gt; &lt; [37:30]&#10;|           |--SLASH -&gt; / [37:31]&#10;|           |--OPTGROUP_HTML_TAG_NAME -&gt; OPTGROUP [37:32]&#10;|           `--END -&gt; &gt; [37:40]&#10;|--NEWLINE -&gt; \n [37:41]&#10;|--LEADING_ASTERISK -&gt; * [38:0]&#10;|--TEXT -&gt;   [38:1]&#10;|--HTML_ELEMENT -&gt; HTML_ELEMENT [38:2]&#10;|   `--OPTGROUP -&gt; OPTGROUP [38:2]&#10;|       |--OPTGROUP_TAG_START -&gt; OPTGROUP_TAG_START [38:2]&#10;|       |   |--START -&gt; &lt; [38:2]&#10;|       |   |--OPTGROUP_HTML_TAG_NAME -&gt; optgroup [38:3]&#10;|       |   `--END -&gt; &gt; [38:11]&#10;|       |--TEXT -&gt;   [38:12]&#10;|       |--TFOOT_TAG_START -&gt; TFOOT_TAG_START [38:13]&#10;|       |   |--START -&gt; &lt; [38:13]&#10;|       |   |--TFOOT_HTML_TAG_NAME -&gt; tfoot [38:14]&#10;|       |   `--END -&gt; &gt; [38:19]&#10;|       |--TEXT -&gt;   [38:20]&#10;|       `--OPTGROUP_TAG_END -&gt; OPTGROUP_TAG_END [38:21]&#10;|           |--START -&gt; &lt; [38:21]&#10;|           |--SLASH -&gt; / [38:22]&#10;|           |--OPTGROUP_HTML_TAG_NAME -&gt; OPTGROUP [38:23]&#10;|           `--END -&gt; &gt; [38:31]&#10;|--NEWLINE -&gt; \n [38:32]&#10;|--LEADING_ASTERISK -&gt; * [39:0]&#10;|--TEXT -&gt;   [39:1]&#10;|--HTML_ELEMENT -&gt; HTML_ELEMENT [39:2]&#10;|   `--OPTGROUP_TAG_START -&gt; OPTGROUP_TAG_START [39:2]&#10;|       |--START -&gt; &lt; [39:2]&#10;|       |--OPTGROUP_HTML_TAG_NAME -&gt; optgroup [39:3]&#10;|       `--END -&gt; &gt; [39:11]&#10;|--TEXT -&gt;   [39:12]&#10;|--HTML_ELEMENT -&gt; HTML_ELEMENT [39:13]&#10;|   `--TFOOT_TAG_END -&gt; TFOOT_TAG_END [39:13]&#10;|       |--START -&gt; &lt; [39:13]&#10;|       |--SLASH -&gt; / [39:14]&#10;|       |--TFOOT_HTML_TAG_NAME -&gt; tfoot [39:15]&#10;|       `--END -&gt; &gt; [39:20]&#10;|--TEXT -&gt;   [39:21]&#10;|--HTML_ELEMENT -&gt; HTML_ELEMENT [39:22]&#10;|   `--OPTGROUP_TAG_END -&gt; OPTGROUP_TAG_END [39:22]&#10;|       |--START -&gt; &lt; [39:22]&#10;|       |--SLASH -&gt; / [39:23]&#10;|       |--OPTGROUP_HTML_TAG_NAME -&gt; OPTGROUP [39:24]&#10;|       `--END -&gt; &gt; [39:32]&#10;|--NEWLINE -&gt; \n [39:33]&#10;|--LEADING_ASTERISK -&gt; * [40:0]&#10;|--TEXT -&gt;   [40:1]&#10;|--HTML_ELEMENT -&gt; HTML_ELEMENT [40:2]&#10;|   `--OPTGROUP -&gt; OPTGROUP [40:2]&#10;|       |--OPTGROUP_TAG_START -&gt; OPTGROUP_TAG_START [40:2]&#10;|       |   |--START -&gt; &lt; [40:2]&#10;|       |   |--OPTGROUP_HTML_TAG_NAME -&gt; optgroup [40:3]&#10;|       |   |--WS -&gt;   [40:11]&#10;|       |   |--ATTRIBUTE -&gt; ATTRIBUTE [40:12]&#10;|       |   |   |--HTML_TAG_NAME -&gt; style [40:12]&#10;|       |   |   |--EQUALS -&gt; = [40:17]&#10;|       |   |   `--ATTR_VALUE -&gt; &quot;color:red&quot; [40:18]&#10;|       |   |--WS -&gt;      [40:29]&#10;|       |   |--NEWLINE -&gt; \n [40:33]&#10;|       |   |--LEADING_ASTERISK -&gt; * [41:0]&#10;|       |   |--NEWLINE -&gt; \n [41:1]&#10;|       |   |--LEADING_ASTERISK -&gt; * [42:0]&#10;|       |   |--WS -&gt;   [42:2]&#10;|       |   `--END -&gt; &gt; [42:3]&#10;|       |--TEXT -&gt;   [42:4]&#10;|       |--HTML_COMMENT -&gt; HTML_COMMENT [42:5]&#10;|       |   |--HTML_COMMENT_START -&gt; &lt;!-- [42:5]&#10;|       |   |--TEXT -&gt; HTML COMMENT [42:9]&#10;|       |   `--HTML_COMMENT_END -&gt; --&gt; [42:21]&#10;|       |--TEXT -&gt;    [42:24]&#10;|       `--OPTGROUP_TAG_END -&gt; OPTGROUP_TAG_END [42:26]&#10;|           |--START -&gt; &lt; [42:26]&#10;|           |--SLASH -&gt; / [42:27]&#10;|           |--OPTGROUP_HTML_TAG_NAME -&gt; OptGroup [42:28]&#10;|           |--NEWLINE -&gt; \n [42:36]&#10;|           |--LEADING_ASTERISK -&gt; * [43:0]&#10;|           |--NEWLINE -&gt; \n [43:1]&#10;|           |--LEADING_ASTERISK -&gt; * [44:0]&#10;|           |--WS -&gt;   [44:1]&#10;|           `--END -&gt; &gt; [44:2]&#10;`--EOF -&gt; &lt;EOF&gt; [44:3]]&#10;&gt; but was:&lt;...DOC -&gt; JAVADOC [0:0][&#10;|--LEADING_ASTERISK -&gt; * [0:0]&#10;|--TEXT -&gt;   [0:1]&#10;|--HTML_ELEMENT -&gt; HTML_ELEMENT [0:2]&#10;|   `--OPTGROUP -&gt; OPTGROUP [0:2]&#10;|       |--OPTGROUP_TAG_START -&gt; OPTGROUP_TAG_START [0:2]&#10;|       |   |--START -&gt; &lt; [0:2]&#10;|       |   |--OPTGROUP_HTML_TAG_NAME -&gt; optgroup [0:3]&#10;|       |   `--END -&gt; &gt; [0:11]&#10;|       |--TEXT -&gt;   [0:12]&#10;|       `--OPTGROUP_TAG_END -&gt; OPTGROUP_TAG_END [0:13]&#10;|           |--START -&gt; &lt; [0:13]&#10;|           |--SLASH -&gt; / [0:14]&#10;|           |--OPTGROUP_HTML_TAG_NAME -&gt; OPTGROUP [0:15]&#10;|           `--END -&gt; &gt; [0:23]&#10;|--NEWLINE -&gt; \n [0:24]&#10;|--LEADING_ASTERISK -&gt; * [1:0]&#10;|--TEXT -&gt;   [1:1]&#10;|--HTML_ELEMENT -&gt; HTML_ELEMENT [1:2]&#10;|   `--OPTGROUP -&gt; OPTGROUP [1:2]&#10;|       |--OPTGROUP_TAG_START -&gt; OPTGROUP_TAG_START [1:2]&#10;|       |   |--START -&gt; &lt; [1:2]&#10;|       |   |--OPTGROUP_HTML_TAG_NAME -&gt; optgroup [1:3]&#10;|       |   `--END -&gt; &gt; [1:11]&#10;|       |--TEXT -&gt;   [1:12]&#10;|       |--LI -&gt; LI [1:13]&#10;|       |   |--LI_TAG_START -&gt; LI_TAG_START [1:13]&#10;|       |   |   |--START -&gt; &lt; [1:13]&#10;|       |   |   |--LI_HTML_TAG_NAME -&gt; li [1:14]&#10;|       |   |   `--END -&gt; &gt; [1:16]&#10;|       |   |--TEXT -&gt;   [1:17]&#10;|       |   `--LI_TAG_END -&gt; LI_TAG_END [1:18]&#10;|       |       |--START -&gt; &lt; [1:18]&#10;|       |       |--SLASH -&gt; / [1:19]&#10;|       |       |--LI_HTML_TAG_NAME -&gt; li [1:20]&#10;|       |       `--END -&gt; &gt; [1:22]&#10;|       |--TEXT -&gt;   [1:23]&#10;|       `--OPTGROUP_TAG_END -&gt; OPTGROUP_TAG_END [1:24]&#10;|           |--START -&gt; &lt; [1:24]&#10;|           |--SLASH -&gt; / [1:25]&#10;|           |--OPTGROUP_HTML_TAG_NAME -&gt; OPTGROUP [1:26]&#10;|           `--END -&gt; &gt; [1:34]&#10;|--NEWLINE -&gt; \n [1:35]&#10;|--LEADING_ASTERISK -&gt; * [2:0]&#10;|--TEXT -&gt;   [2:1]&#10;|--HTML_ELEMENT -&gt; HTML_ELEMENT [2:2]&#10;|   `--OPTGROUP -&gt; OPTGROUP [2:2]&#10;|       |--OPTGROUP_TAG_START -&gt; OPTGROUP_TAG_START [2:2]&#10;|       |   |--START -&gt; &lt; [2:2]&#10;|       |   |--OPTGROUP_HTML_TAG_NAME -&gt; optgroup [2:3]&#10;|       |   `--END -&gt; &gt; [2:11]&#10;|       |--TEXT -&gt;   [2:12]&#10;|       |--LI_TAG_START -&gt; LI_TAG_START [2:13]&#10;|       |   |--START -&gt; &lt; [2:13]&#10;|       |   |--LI_HTML_TAG_NAME -&gt; li [2:14]&#10;|       |   `--END -&gt; &gt; [2:16]&#10;|       |--TEXT -&gt;   [2:17]&#10;|       `--OPTGROUP_TAG_END -&gt; OPTGROUP_TAG_END [2:18]&#10;|           |--START -&gt; &lt; [2:18]&#10;|           |--SLASH -&gt; / [2:19]&#10;|           |--OPTGROUP_HTML_TAG_NAME -&gt; OPTGROUP [2:20]&#10;|           `--END -&gt; &gt; [2:28]&#10;|--NEWLINE -&gt; \n [2:29]&#10;|--LEADING_ASTERISK -&gt; * [3:0]&#10;|--TEXT -&gt;   [3:1]&#10;|--HTML_ELEMENT -&gt; HTML_ELEMENT [3:2]&#10;|   `--OPTGROUP_TAG_START -&gt; OPTGROUP_TAG_START [3:2]&#10;|       |--START -&gt; &lt; [3:2]&#10;|       |--OPTGROUP_HTML_TAG_NAME -&gt; optgroup [3:3]&#10;|       `--END -&gt; &gt; [3:11]&#10;|--TEXT -&gt;   [3:12]&#10;|--HTML_ELEMENT -&gt; HTML_ELEMENT [3:13]&#10;|   `--LI_TAG_END -&gt; LI_TAG_END [3:13]&#10;|       |--START -&gt; &lt; [3:13]&#10;|       |--SLASH -&gt; / [3:14]&#10;|       |--LI_HTML_TAG_NAME -&gt; li [3:15]&#10;|       `--END -&gt; &gt; [3:17]&#10;|--TEXT -&gt;   [3:18]&#10;|--HTML_ELEMENT -&gt; HTML_ELEMENT [3:19]&#10;|   `--OPTGROUP_TAG_END -&gt; OPTGROUP_TAG_END [3:19]&#10;|       |--START -&gt; &lt; [3:19]&#10;|       |--SLASH -&gt; / [3:20]&#10;|       |--OPTGROUP_HTML_TAG_NAME -&gt; OPTGROUP [3:21]&#10;|       `--END -&gt; &gt; [3:29]&#10;|--NEWLINE -&gt; \n [3:30]&#10;|--LEADING_ASTERISK -&gt; * [4:0]&#10;|--TEXT -&gt;   [4:1]&#10;|--HTML_ELEMENT -&gt; HTML_ELEMENT [4:2]&#10;|   `--OPTGROUP -&gt; OPTGROUP [4:2]&#10;|       |--OPTGROUP_TAG_START -&gt; OPTGROUP_TAG_START [4:2]&#10;|       |   |--START -&gt; &lt; [4:2]&#10;|       |   |--OPTGROUP_HTML_TAG_NAME -&gt; optgroup [4:3]&#10;|       |   `--END -&gt; &gt; [4:11]&#10;|       |--TEXT -&gt;   [4:12]&#10;|       |--TR -&gt; TR [4:13]&#10;|       |   |--TR_TAG_START -&gt; TR_TAG_START [4:13]&#10;|       |   |   |--START -&gt; &lt; [4:13]&#10;|       |   |   |--TR_HTML_TAG_NAME -&gt; tr [4:14]&#10;|       |   |   `--END -&gt; &gt; [4:16]&#10;|       |   |--TEXT -&gt;   [4:17]&#10;|       |   `--TR_TAG_END -&gt; TR_TAG_END [4:18]&#10;|       |       |--START -&gt; &lt; [4:18]&#10;|       |       |--SLASH -&gt; / [4:19]&#10;|       |       |--TR_HTML_TAG_NAME -&gt; tr [4:20]&#10;|       |       `--END -&gt; &gt; [4:22]&#10;|       |--TEXT -&gt;   [4:23]&#10;|       `--OPTGROUP_TAG_END -&gt; OPTGROUP_TAG_END [4:24]&#10;|           |--START -&gt; &lt; [4:24]&#10;|           |--SLASH -&gt; / [4:25]&#10;|           |--OPTGROUP_HTML_TAG_NAME -&gt; OPTGROUP [4:26]&#10;|           `--END -&gt; &gt; [4:34]&#10;|--NEWLINE -&gt; \n [4:35]&#10;|--LEADING_ASTERISK -&gt; * [5:0]&#10;|--TEXT -&gt;   [5:1]&#10;|--HTML_ELEMENT -&gt; HTML_ELEMENT [5:2]&#10;|   `--OPTGROUP -&gt; OPTGROUP [5:2]&#10;|       |--OPTGROUP_TAG_START -&gt; OPTGROUP_TAG_START [5:2]&#10;|       |   |--START -&gt; &lt; [5:2]&#10;|       |   |--OPTGROUP_HTML_TAG_NAME -&gt; optgroup [5:3]&#10;|       |   `--END -&gt; &gt; [5:11]&#10;|       |--TEXT -&gt;   [5:12]&#10;|       |--TR_TAG_START -&gt; TR_TAG_START [5:13]&#10;|       |   |--START -&gt; &lt; [5:13]&#10;|       |   |--TR_HTML_TAG_NAME -&gt; tr [5:14]&#10;|       |   `--END -&gt; &gt; [5:16]&#10;|       |--TEXT -&gt;   [5:17]&#10;|       `--OPTGROUP_TAG_END -&gt; OPTGROUP_TAG_END [5:18]&#10;|           |--START -&gt; &lt; [5:18]&#10;|           |--SLASH -&gt; / [5:19]&#10;|           |--OPTGROUP_HTML_TAG_NAME -&gt; OPTGROUP [5:20]&#10;|           `--END -&gt; &gt; [5:28]&#10;|--NEWLINE -&gt; \n [5:29]&#10;|--LEADING_ASTERISK -&gt; * [6:0]&#10;|--TEXT -&gt;   [6:1]&#10;|--HTML_ELEMENT -&gt; HTML_ELEMENT [6:2]&#10;|   `--OPTGROUP_TAG_START -&gt; OPTGROUP_TAG_START [6:2]&#10;|       |--START -&gt; &lt; [6:2]&#10;|       |--OPTGROUP_HTML_TAG_NAME -&gt; optgroup [6:3]&#10;|       `--END -&gt; &gt; [6:11]&#10;|--TEXT -&gt;   [6:12]&#10;|--HTML_ELEMENT -&gt; HTML_ELEMENT [6:13]&#10;|   `--TR_TAG_END -&gt; TR_TAG_END [6:13]&#10;|       |--START -&gt; &lt; [6:13]&#10;|       |--SLASH -&gt; / [6:14]&#10;|       |--TR_HTML_TAG_NAME -&gt; tr [6:15]&#10;|       `--END -&gt; &gt; [6:17]&#10;|--TEXT -&gt;   [6:18]&#10;|--HTML_ELEMENT -&gt; HTML_ELEMENT [6:19]&#10;|   `--OPTGROUP_TAG_END -&gt; OPTGROUP_TAG_END [6:19]&#10;|       |--START -&gt; &lt; [6:19]&#10;|       |--SLASH -&gt; / [6:20]&#10;|       |--OPTGROUP_HTML_TAG_NAME -&gt; OPTGROUP [6:21]&#10;|       `--END -&gt; &gt; [6:29]&#10;|--NEWLINE -&gt; \n [6:30]&#10;|--LEADING_ASTERISK -&gt; * [7:0]&#10;|--TEXT -&gt;   [7:1]&#10;|--HTML_ELEMENT -&gt; HTML_ELEMENT [7:2]&#10;|   `--OPTGROUP -&gt; OPTGROUP [7:2]&#10;|       |--OPTGROUP_TAG_START -&gt; OPTGROUP_TAG_START [7:2]&#10;|       |   |--START -&gt; &lt; [7:2]&#10;|       |   |--OPTGROUP_HTML_TAG_NAME -&gt; optgroup [7:3]&#10;|       |   `--END -&gt; &gt; [7:11]&#10;|       |--TEXT -&gt;   [7:12]&#10;|       |--TD -&gt; TD [7:13]&#10;|       |   |--TD_TAG_START -&gt; TD_TAG_START [7:13]&#10;|       |   |   |--START -&gt; &lt; [7:13]&#10;|       |   |   |--TD_HTML_TAG_NAME -&gt; td [7:14]&#10;|       |   |   `--END -&gt; &gt; [7:16]&#10;|       |   |--TEXT -&gt;   [7:17]&#10;|       |   `--TD_TAG_END -&gt; TD_TAG_END [7:18]&#10;|       |       |--START -&gt; &lt; [7:18]&#10;|       |       |--SLASH -&gt; / [7:19]&#10;|       |       |--TD_HTML_TAG_NAME -&gt; td [7:20]&#10;|       |       `--END -&gt; &gt; [7:22]&#10;|       |--TEXT -&gt;   [7:23]&#10;|       `--OPTGROUP_TAG_END -&gt; OPTGROUP_TAG_END [7:24]&#10;|           |--START -&gt; &lt; [7:24]&#10;|           |--SLASH -&gt; / [7:25]&#10;|           |--OPTGROUP_HTML_TAG_NAME -&gt; OPTGROUP [7:26]&#10;|           `--END -&gt; &gt; [7:34]&#10;|--NEWLINE -&gt; \n [7:35]&#10;|--LEADING_ASTERISK -&gt; * [8:0]&#10;|--TEXT -&gt;   [8:1]&#10;|--HTML_ELEMENT -&gt; HTML_ELEMENT [8:2]&#10;|   `--OPTGROUP -&gt; OPTGROUP [8:2]&#10;|       |--OPTGROUP_TAG_START -&gt; OPTGROUP_TAG_START [8:2]&#10;|       |   |--START -&gt; &lt; [8:2]&#10;|       |   |--OPTGROUP_HTML_TAG_NAME -&gt; optgroup [8:3]&#10;|       |   `--END -&gt; &gt; [8:11]&#10;|       |--TEXT -&gt;   [8:12]&#10;|       |--TD_TAG_START -&gt; TD_TAG_START [8:13]&#10;|       |   |--START -&gt; &lt; [8:13]&#10;|       |   |--TD_HTML_TAG_NAME -&gt; td [8:14]&#10;|       |   `--END -&gt; &gt; [8:16]&#10;|       |--TEXT -&gt;   [8:17]&#10;|       `--OPTGROUP_TAG_END -&gt; OPTGROUP_TAG_END [8:18]&#10;|           |--START -&gt; &lt; [8:18]&#10;|           |--SLASH -&gt; / [8:19]&#10;|           |--OPTGROUP_HTML_TAG_NAME -&gt; OPTGROUP [8:20]&#10;|           `--END -&gt; &gt; [8:28]&#10;|--NEWLINE -&gt; \n [8:29]&#10;|--LEADING_ASTERISK -&gt; * [9:0]&#10;|--TEXT -&gt;   [9:1]&#10;|--HTML_ELEMENT -&gt; HTML_ELEMENT [9:2]&#10;|   `--OPTGROUP_TAG_START -&gt; OPTGROUP_TAG_START [9:2]&#10;|       |--START -&gt; &lt; [9:2]&#10;|       |--OPTGROUP_HTML_TAG_NAME -&gt; optgroup [9:3]&#10;|       `--END -&gt; &gt; [9:11]&#10;|--TEXT -&gt;   [9:12]&#10;|--HTML_ELEMENT -&gt; HTML_ELEMENT [9:13]&#10;|   `--TD_TAG_END -&gt; TD_TAG_END [9:13]&#10;|       |--START -&gt; &lt; [9:13]&#10;|       |--SLASH -&gt; / [9:14]&#10;|       |--TD_HTML_TAG_NAME -&gt; td [9:15]&#10;|       `--END -&gt; &gt; [9:17]&#10;|--TEXT -&gt;   [9:18]&#10;|--HTML_ELEMENT -&gt; HTML_ELEMENT [9:19]&#10;|   `--OPTGROUP_TAG_END -&gt; OPTGROUP_TAG_END [9:19]&#10;|       |--START -&gt; &lt; [9:19]&#10;|       |--SLASH -&gt; / [9:20]&#10;|       |--OPTGROUP_HTML_TAG_NAME -&gt; OPTGROUP [9:21]&#10;|       `--END -&gt; &gt; [9:29]&#10;|--NEWLINE -&gt; \n [9:30]&#10;|--LEADING_ASTERISK -&gt; * [10:0]&#10;|--TEXT -&gt;   [10:1]&#10;|--HTML_ELEMENT -&gt; HTML_ELEMENT [10:2]&#10;|   `--OPTGROUP -&gt; OPTGROUP [10:2]&#10;|       |--OPTGROUP_TAG_START -&gt; OPTGROUP_TAG_START [10:2]&#10;|       |   |--START -&gt; &lt; [10:2]&#10;|       |   |--OPTGROUP_HTML_TAG_NAME -&gt; optgroup [10:3]&#10;|       |   `--END -&gt; &gt; [10:11]&#10;|       |--TEXT -&gt;   [10:12]&#10;|       |--TH -&gt; TH [10:13]&#10;|       |   |--TH_TAG_START -&gt; TH_TAG_START [10:13]&#10;|       |   |   |--START -&gt; &lt; [10:13]&#10;|       |   |   |--TH_HTML_TAG_NAME -&gt; th [10:14]&#10;|       |   |   `--END -&gt; &gt; [10:16]&#10;|       |   |--TEXT -&gt;   [10:17]&#10;|       |   `--TH_TAG_END -&gt; TH_TAG_END [10:18]&#10;|       |       |--START -&gt; &lt; [10:18]&#10;|       |       |--SLASH -&gt; / [10:19]&#10;|       |       |--TH_HTML_TAG_NAME -&gt; th [10:20]&#10;|       |       `--END -&gt; &gt; [10:22]&#10;|       |--TEXT -&gt;   [10:23]&#10;|       `--OPTGROUP_TAG_END -&gt; OPTGROUP_TAG_END [10:24]&#10;|           |--START -&gt; &lt; [10:24]&#10;|           |--SLASH -&gt; / [10:25]&#10;|           |--OPTGROUP_HTML_TAG_NAME -&gt; OPTGROUP [10:26]&#10;|           `--END -&gt; &gt; [10:34]&#10;|--NEWLINE -&gt; \n [10:35]&#10;|--LEADING_ASTERISK -&gt; * [11:0]&#10;|--TEXT -&gt;   [11:1]&#10;|--HTML_ELEMENT -&gt; HTML_ELEMENT [11:2]&#10;|   `--OPTGROUP -&gt; OPTGROUP [11:2]&#10;|       |--OPTGROUP_TAG_START -&gt; OPTGROUP_TAG_START [11:2]&#10;|       |   |--START -&gt; &lt; [11:2]&#10;|       |   |--OPTGROUP_HTML_TAG_NAME -&gt; optgroup [11:3]&#10;|       |   `--END -&gt; &gt; [11:11]&#10;|       |--TEXT -&gt;   [11:12]&#10;|       |--TH_TAG_START -&gt; TH_TAG_START [11:13]&#10;|       |   |--START -&gt; &lt; [11:13]&#10;|       |   |--TH_HTML_TAG_NAME -&gt; th [11:14]&#10;|       |   `--END -&gt; &gt; [11:16]&#10;|       |--TEXT -&gt;   [11:17]&#10;|       `--OPTGROUP_TAG_END -&gt; OPTGROUP_TAG_END [11:18]&#10;|           |--START -&gt; &lt; [11:18]&#10;|           |--SLASH -&gt; / [11:19]&#10;|           |--OPTGROUP_HTML_TAG_NAME -&gt; OPTGROUP [11:20]&#10;|           `--END -&gt; &gt; [11:28]&#10;|--NEWLINE -&gt; \n [11:29]&#10;|--LEADING_ASTERISK -&gt; * [12:0]&#10;|--TEXT -&gt;   [12:1]&#10;|--HTML_ELEMENT -&gt; HTML_ELEMENT [12:2]&#10;|   `--OPTGROUP_TAG_START -&gt; OPTGROUP_TAG_START [12:2]&#10;|       |--START -&gt; &lt; [12:2]&#10;|       |--OPTGROUP_HTML_TAG_NAME -&gt; optgroup [12:3]&#10;|       `--END -&gt; &gt; [12:11]&#10;|--TEXT -&gt;   [12:12]&#10;|--HTML_ELEMENT -&gt; HTML_ELEMENT [12:13]&#10;|   `--TH_TAG_END -&gt; TH_TAG_END [12:13]&#10;|       |--START -&gt; &lt; [12:13]&#10;|       |--SLASH -&gt; / [12:14]&#10;|       |--TH_HTML_TAG_NAME -&gt; th [12:15]&#10;|       `--END -&gt; &gt; [12:17]&#10;|--TEXT -&gt;   [12:18]&#10;|--HTML_ELEMENT -&gt; HTML_ELEMENT [12:19]&#10;|   `--OPTGROUP_TAG_END -&gt; OPTGROUP_TAG_END [12:19]&#10;|       |--START -&gt; &lt; [12:19]&#10;|       |--SLASH -&gt; / [12:20]&#10;|       |--OPTGROUP_HTML_TAG_NAME -&gt; OPTGROUP [12:21]&#10;|       `--END -&gt; &gt; [12:29]&#10;|--NEWLINE -&gt; \n [12:30]&#10;|--LEADING_ASTERISK -&gt; * [13:0]&#10;|--TEXT -&gt;   [13:1]&#10;|--HTML_ELEMENT -&gt; HTML_ELEMENT [13:2]&#10;|   `--OPTGROUP -&gt; OPTGROUP [13:2]&#10;|       |--OPTGROUP_TAG_START -&gt; OPTGROUP_TAG_START [13:2]&#10;|       |   |--START -&gt; &lt; [13:2]&#10;|       |   |--OPTGROUP_HTML_TAG_NAME -&gt; optgroup [13:3]&#10;|       |   `--END -&gt; &gt; [13:11]&#10;|       |--TEXT -&gt;   [13:12]&#10;|       |--BODY -&gt; BODY [13:13]&#10;|       |   |--BODY_TAG_START -&gt; BODY_TAG_START [13:13]&#10;|       |   |   |--START -&gt; &lt; [13:13]&#10;|       |   |   |--BODY_HTML_TAG_NAME -&gt; body [13:14]&#10;|       |   |   `--END -&gt; &gt; [13:18]&#10;|       |   |--TEXT -&gt;   [13:19]&#10;|       |   `--BODY_TAG_END -&gt; BODY_TAG_END [13:20]&#10;|       |       |--START -&gt; &lt; [13:20]&#10;|       |       |--SLASH -&gt; / [13:21]&#10;|       |       |--BODY_HTML_TAG_NAME -&gt; body [13:22]&#10;|       |       `--END -&gt; &gt; [13:26]&#10;|       |--TEXT -&gt;   [13:27]&#10;|       `--OPTGROUP_TAG_END -&gt; OPTGROUP_TAG_END [13:28]&#10;|           |--START -&gt; &lt; [13:28]&#10;|           |--SLASH -&gt; / [13:29]&#10;|           |--OPTGROUP_HTML_TAG_NAME -&gt; OPTGROUP [13:30]&#10;|           `--END -&gt; &gt; [13:38]&#10;|--NEWLINE -&gt; \n [13:39]&#10;|--LEADING_ASTERISK -&gt; * [14:0]&#10;|--TEXT -&gt;   [14:1]&#10;|--HTML_ELEMENT -&gt; HTML_ELEMENT [14:2]&#10;|   `--OPTGROUP -&gt; OPTGROUP [14:2]&#10;|       |--OPTGROUP_TAG_START -&gt; OPTGROUP_TAG_START [14:2]&#10;|       |   |--START -&gt; &lt; [14:2]&#10;|       |   |--OPTGROUP_HTML_TAG_NAME -&gt; optgroup [14:3]&#10;|       |   `--END -&gt; &gt; [14:11]&#10;|       |--TEXT -&gt;   [14:12]&#10;|       |--BODY_TAG_START -&gt; BODY_TAG_START [14:13]&#10;|       |   |--START -&gt; &lt; [14:13]&#10;|       |   |--BODY_HTML_TAG_NAME -&gt; body [14:14]&#10;|       |   `--END -&gt; &gt; [14:18]&#10;|       |--TEXT -&gt;   [14:19]&#10;|       `--OPTGROUP_TAG_END -&gt; OPTGROUP_TAG_END [14:20]&#10;|           |--START -&gt; &lt; [14:20]&#10;|           |--SLASH -&gt; / [14:21]&#10;|           |--OPTGROUP_HTML_TAG_NAME -&gt; OPTGROUP [14:22]&#10;|           `--END -&gt; &gt; [14:30]&#10;|--NEWLINE -&gt; \n [14:31]&#10;|--LEADING_ASTERISK -&gt; * [15:0]&#10;|--TEXT -&gt;   [15:1]&#10;|--HTML_ELEMENT -&gt; HTML_ELEMENT [15:2]&#10;|   `--OPTGROUP_TAG_START -&gt; OPTGROUP_TAG_START [15:2]&#10;|       |--START -&gt; &lt; [15:2]&#10;|       |--OPTGROUP_HTML_TAG_NAME -&gt; optgroup [15:3]&#10;|       `--END -&gt; &gt; [15:11]&#10;|--TEXT -&gt;   [15:12]&#10;|--HTML_ELEMENT -&gt; HTML_ELEMENT [15:13]&#10;|   `--BODY_TAG_END -&gt; BODY_TAG_END [15:13]&#10;|       |--START -&gt; &lt; [15:13]&#10;|       |--SLASH -&gt; / [15:14]&#10;|       |--BODY_HTML_TAG_NAME -&gt; body [15:15]&#10;|       `--END -&gt; &gt; [15:19]&#10;|--TEXT -&gt;   [15:20]&#10;|--HTML_ELEMENT -&gt; HTML_ELEMENT [15:21]&#10;|   `--OPTGROUP_TAG_END -&gt; OPTGROUP_TAG_END [15:21]&#10;|       |--START -&gt; &lt; [15:21]&#10;|       |--SLASH -&gt; / [15:22]&#10;|       |--OPTGROUP_HTML_TAG_NAME -&gt; OPTGROUP [15:23]&#10;|       `--END -&gt; &gt; [15:31]&#10;|--NEWLINE -&gt; \n [15:32]&#10;|--LEADING_ASTERISK -&gt; * [16:0]&#10;|--TEXT -&gt;   [16:1]&#10;|--HTML_ELEMENT -&gt; HTML_ELEMENT [16:2]&#10;|   `--OPTGROUP -&gt; OPTGROUP [16:2]&#10;|       |--OPTGROUP_TAG_START -&gt; OPTGROUP_TAG_START [16:2]&#10;|       |   |--START -&gt; &lt; [16:2]&#10;|       |   |--OPTGROUP_HTML_TAG_NAME -&gt; optgroup [16:3]&#10;|       |   `--END -&gt; &gt; [16:11]&#10;|       |--TEXT -&gt;   [16:12]&#10;|       |--COLGROUP -&gt; COLGROUP [16:13]&#10;|       |   |--COLGROUP_TAG_START -&gt; COLGROUP_TAG_START [16:13]&#10;|       |   |   |--START -&gt; &lt; [16:13]&#10;|       |   |   |--COLGROUP_HTML_TAG_NAME -&gt; colgroup [16:14]&#10;|       |   |   `--END -&gt; &gt; [16:22]&#10;|       |   |--TEXT -&gt;   [16:23]&#10;|       |   `--COLGROUP_TAG_END -&gt; COLGROUP_TAG_END [16:24]&#10;|       |       |--START -&gt; &lt; [16:24]&#10;|       |       |--SLASH -&gt; / [16:25]&#10;|       |       |--COLGROUP_HTML_TAG_NAME -&gt; colgroup [16:26]&#10;|       |       `--END -&gt; &gt; [16:34]&#10;|       |--TEXT -&gt;   [16:35]&#10;|       `--OPTGROUP_TAG_END -&gt; OPTGROUP_TAG_END [16:36]&#10;|           |--START -&gt; &lt; [16:36]&#10;|           |--SLASH -&gt; / [16:37]&#10;|           |--OPTGROUP_HTML_TAG_NAME -&gt; OPTGROUP [16:38]&#10;|           `--END -&gt; &gt; [16:46]&#10;|--NEWLINE -&gt; \n [16:47]&#10;|--LEADING_ASTERISK -&gt; * [17:0]&#10;|--TEXT -&gt;   [17:1]&#10;|--HTML_ELEMENT -&gt; HTML_ELEMENT [17:2]&#10;|   `--OPTGROUP -&gt; OPTGROUP [17:2]&#10;|       |--OPTGROUP_TAG_START -&gt; OPTGROUP_TAG_START [17:2]&#10;|       |   |--START -&gt; &lt; [17:2]&#10;|       |   |--OPTGROUP_HTML_TAG_NAME -&gt; optgroup [17:3]&#10;|       |   `--END -&gt; &gt; [17:11]&#10;|       |--TEXT -&gt;   [17:12]&#10;|       |--COLGROUP_TAG_START -&gt; COLGROUP_TAG_START [17:13]&#10;|       |   |--START -&gt; &lt; [17:13]&#10;|       |   |--COLGROUP_HTML_TAG_NAME -&gt; colgroup [17:14]&#10;|       |   `--END -&gt; &gt; [17:22]&#10;|       |--TEXT -&gt;   [17:23]&#10;|       `--OPTGROUP_TAG_END -&gt; OPTGROUP_TAG_END [17:24]&#10;|           |--START -&gt; &lt; [17:24]&#10;|           |--SLASH -&gt; / [17:25]&#10;|           |--OPTGROUP_HTML_TAG_NAME -&gt; OPTGROUP [17:26]&#10;|           `--END -&gt; &gt; [17:34]&#10;|--NEWLINE -&gt; \n [17:35]&#10;|--LEADING_ASTERISK -&gt; * [18:0]&#10;|--TEXT -&gt;   [18:1]&#10;|--HTML_ELEMENT -&gt; HTML_ELEMENT [18:2]&#10;|   `--OPTGROUP_TAG_START -&gt; OPTGROUP_TAG_START [18:2]&#10;|       |--START -&gt; &lt; [18:2]&#10;|       |--OPTGROUP_HTML_TAG_NAME -&gt; optgroup [18:3]&#10;|       `--END -&gt; &gt; [18:11]&#10;|--TEXT -&gt;   [18:12]&#10;|--HTML_ELEMENT -&gt; HTML_ELEMENT [18:13]&#10;|   `--COLGROUP_TAG_END -&gt; COLGROUP_TAG_END [18:13]&#10;|       |--START -&gt; &lt; [18:13]&#10;|       |--SLASH -&gt; / [18:14]&#10;|       |--COLGROUP_HTML_TAG_NAME -&gt; colgroup [18:15]&#10;|       `--END -&gt; &gt; [18:23]&#10;|--TEXT -&gt;   [18:24]&#10;|--HTML_ELEMENT -&gt; HTML_ELEMENT [18:25]&#10;|   `--OPTGROUP_TAG_END -&gt; OPTGROUP_TAG_END [18:25]&#10;|       |--START -&gt; &lt; [18:25]&#10;|       |--SLASH -&gt; / [18:26]&#10;|       |--OPTGROUP_HTML_TAG_NAME -&gt; OPTGROUP [18:27]&#10;|       `--END -&gt; &gt; [18:35]&#10;|--NEWLINE -&gt; \n [18:36]&#10;|--LEADING_ASTERISK -&gt; * [19:0]&#10;|--TEXT -&gt;   [19:1]&#10;|--HTML_ELEMENT -&gt; HTML_ELEMENT [19:2]&#10;|   `--OPTGROUP -&gt; OPTGROUP [19:2]&#10;|       |--OPTGROUP_TAG_START -&gt; OPTGROUP_TAG_START [19:2]&#10;|       |   |--START -&gt; &lt; [19:2]&#10;|       |   |--OPTGROUP_HTML_TAG_NAME -&gt; optgroup [19:3]&#10;|       |   `--END -&gt; &gt; [19:11]&#10;|       |--TEXT -&gt;   [19:12]&#10;|       |--DD -&gt; DD [19:13]&#10;|       |   |--DD_TAG_START -&gt; DD_TAG_START [19:13]&#10;|       |   |   |--START -&gt; &lt; [19:13]&#10;|       |   |   |--DD_HTML_TAG_NAME -&gt; dd [19:14]&#10;|       |   |   `--END -&gt; &gt; [19:16]&#10;|       |   |--TEXT -&gt;   [19:17]&#10;|       |   `--DD_TAG_END -&gt; DD_TAG_END [19:18]&#10;|       |       |--START -&gt; &lt; [19:18]&#10;|       |       |--SLASH -&gt; / [19:19]&#10;|       |       |--DD_HTML_TAG_NAME -&gt; dd [19:20]&#10;|       |       `--END -&gt; &gt; [19:22]&#10;|       |--TEXT -&gt;   [19:23]&#10;|       `--OPTGROUP_TAG_END -&gt; OPTGROUP_TAG_END [19:24]&#10;|           |--START -&gt; &lt; [19:24]&#10;|           |--SLASH -&gt; / [19:25]&#10;|           |--OPTGROUP_HTML_TAG_NAME -&gt; OPTGROUP [19:26]&#10;|           `--END -&gt; &gt; [19:34]&#10;|--NEWLINE -&gt; \n [19:35]&#10;|--LEADING_ASTERISK -&gt; * [20:0]&#10;|--TEXT -&gt;   [20:1]&#10;|--HTML_ELEMENT -&gt; HTML_ELEMENT [20:2]&#10;|   `--OPTGROUP -&gt; OPTGROUP [20:2]&#10;|       |--OPTGROUP_TAG_START -&gt; OPTGROUP_TAG_START [20:2]&#10;|       |   |--START -&gt; &lt; [20:2]&#10;|       |   |--OPTGROUP_HTML_TAG_NAME -&gt; optgroup [20:3]&#10;|       |   `--END -&gt; &gt; [20:11]&#10;|       |--TEXT -&gt;   [20:12]&#10;|       |--DD_TAG_START -&gt; DD_TAG_START [20:13]&#10;|       |   |--START -&gt; &lt; [20:13]&#10;|       |   |--DD_HTML_TAG_NAME -&gt; dd [20:14]&#10;|       |   `--END -&gt; &gt; [20:16]&#10;|       |--TEXT -&gt;   [20:17]&#10;|       `--OPTGROUP_TAG_END -&gt; OPTGROUP_TAG_END [20:18]&#10;|           |--START -&gt; &lt; [20:18]&#10;|           |--SLASH -&gt; / [20:19]&#10;|           |--OPTGROUP_HTML_TAG_NAME -&gt; OPTGROUP [20:20]&#10;|           `--END -&gt; &gt; [20:28]&#10;|--NEWLINE -&gt; \n [20:29]&#10;|--LEADING_ASTERISK -&gt; * [21:0]&#10;|--TEXT -&gt;   [21:1]&#10;|--HTML_ELEMENT -&gt; HTML_ELEMENT [21:2]&#10;|   `--OPTGROUP_TAG_START -&gt; OPTGROUP_TAG_START [21:2]&#10;|       |--START -&gt; &lt; [21:2]&#10;|       |--OPTGROUP_HTML_TAG_NAME -&gt; optgroup [21:3]&#10;|       `--END -&gt; &gt; [21:11]&#10;|--TEXT -&gt;   [21:12]&#10;|--HTML_ELEMENT -&gt; HTML_ELEMENT [21:13]&#10;|   `--DD_TAG_END -&gt; DD_TAG_END [21:13]&#10;|       |--START -&gt; &lt; [21:13]&#10;|       |--SLASH -&gt; / [21:14]&#10;|       |--DD_HTML_TAG_NAME -&gt; dd [21:15]&#10;|       `--END -&gt; &gt; [21:17]&#10;|--TEXT -&gt;   [21:18]&#10;|--HTML_ELEMENT -&gt; HTML_ELEMENT [21:19]&#10;|   `--OPTGROUP_TAG_END -&gt; OPTGROUP_TAG_END [21:19]&#10;|       |--START -&gt; &lt; [21:19]&#10;|       |--SLASH -&gt; / [21:20]&#10;|       |--OPTGROUP_HTML_TAG_NAME -&gt; OPTGROUP [21:21]&#10;|       `--END -&gt; &gt; [21:29]&#10;|--NEWLINE -&gt; \n [21:30]&#10;|--LEADING_ASTERISK -&gt; * [22:0]&#10;|--TEXT -&gt;   [22:1]&#10;|--HTML_ELEMENT -&gt; HTML_ELEMENT [22:2]&#10;|   `--OPTGROUP -&gt; OPTGROUP [22:2]&#10;|       |--OPTGROUP_TAG_START -&gt; OPTGROUP_TAG_START [22:2]&#10;|       |   |--START -&gt; &lt; [22:2]&#10;|       |   |--OPTGROUP_HTML_TAG_NAME -&gt; optgroup [22:3]&#10;|       |   `--END -&gt; &gt; [22:11]&#10;|       |--TEXT -&gt;   [22:12]&#10;|       |--DT -&gt; DT [22:13]&#10;|       |   |--DT_TAG_START -&gt; DT_TAG_START [22:13]&#10;|       |   |   |--START -&gt; &lt; [22:13]&#10;|       |   |   |--DT_HTML_TAG_NAME -&gt; dt [22:14]&#10;|       |   |   `--END -&gt; &gt; [22:16]&#10;|       |   |--TEXT -&gt;   [22:17]&#10;|       |   `--DT_TAG_END -&gt; DT_TAG_END [22:18]&#10;|       |       |--START -&gt; &lt; [22:18]&#10;|       |       |--SLASH -&gt; / [22:19]&#10;|       |       |--DT_HTML_TAG_NAME -&gt; dt [22:20]&#10;|       |       `--END -&gt; &gt; [22:22]&#10;|       |--TEXT -&gt;   [22:23]&#10;|       `--OPTGROUP_TAG_END -&gt; OPTGROUP_TAG_END [22:24]&#10;|           |--START -&gt; &lt; [22:24]&#10;|           |--SLASH -&gt; / [22:25]&#10;|           |--OPTGROUP_HTML_TAG_NAME -&gt; OPTGROUP [22:26]&#10;|           `--END -&gt; &gt; [22:34]&#10;|--NEWLINE -&gt; \n [22:35]&#10;|--LEADING_ASTERISK -&gt; * [23:0]&#10;|--TEXT -&gt;   [23:1]&#10;|--HTML_ELEMENT -&gt; HTML_ELEMENT [23:2]&#10;|   `--OPTGROUP -&gt; OPTGROUP [23:2]&#10;|       |--OPTGROUP_TAG_START -&gt; OPTGROUP_TAG_START [23:2]&#10;|       |   |--START -&gt; &lt; [23:2]&#10;|       |   |--OPTGROUP_HTML_TAG_NAME -&gt; optgroup [23:3]&#10;|       |   `--END -&gt; &gt; [23:11]&#10;|       |--TEXT -&gt;   [23:12]&#10;|       |--DT_TAG_START -&gt; DT_TAG_START [23:13]&#10;|       |   |--START -&gt; &lt; [23:13]&#10;|       |   |--DT_HTML_TAG_NAME -&gt; dt [23:14]&#10;|       |   `--END -&gt; &gt; [23:16]&#10;|       |--TEXT -&gt;   [23:17]&#10;|       `--OPTGROUP_TAG_END -&gt; OPTGROUP_TAG_END [23:18]&#10;|           |--START -&gt; &lt; [23:18]&#10;|           |--SLASH -&gt; / [23:19]&#10;|           |--OPTGROUP_HTML_TAG_NAME -&gt; OPTGROUP [23:20]&#10;|           `--END -&gt; &gt; [23:28]&#10;|--NEWLINE -&gt; \n [23:29]&#10;|--LEADING_ASTERISK -&gt; * [24:0]&#10;|--TEXT -&gt;   [24:1]&#10;|--HTML_ELEMENT -&gt; HTML_ELEMENT [24:2]&#10;|   `--OPTGROUP_TAG_START -&gt; OPTGROUP_TAG_START [24:2]&#10;|       |--START -&gt; &lt; [24:2]&#10;|       |--OPTGROUP_HTML_TAG_NAME -&gt; optgroup [24:3]&#10;|       `--END -&gt; &gt; [24:11]&#10;|--TEXT -&gt;   [24:12]&#10;|--HTML_ELEMENT -&gt; HTML_ELEMENT [24:13]&#10;|   `--DT_TAG_END -&gt; DT_TAG_END [24:13]&#10;|       |--START -&gt; &lt; [24:13]&#10;|       |--SLASH -&gt; / [24:14]&#10;|       |--DT_HTML_TAG_NAME -&gt; dt [24:15]&#10;|       `--END -&gt; &gt; [24:17]&#10;|--TEXT -&gt;   [24:18]&#10;|--HTML_ELEMENT -&gt; HTML_ELEMENT [24:19]&#10;|   `--OPTGROUP_TAG_END -&gt; OPTGROUP_TAG_END [24:19]&#10;|       |--START -&gt; &lt; [24:19]&#10;|       |--SLASH -&gt; / [24:20]&#10;|       |--OPTGROUP_HTML_TAG_NAME -&gt; OPTGROUP [24:21]&#10;|       `--END -&gt; &gt; [24:29]&#10;|--NEWLINE -&gt; \n [24:30]&#10;|--LEADING_ASTERISK -&gt; * [25:0]&#10;|--TEXT -&gt;   [25:1]&#10;|--HTML_ELEMENT -&gt; HTML_ELEMENT [25:2]&#10;|   `--OPTGROUP -&gt; OPTGROUP [25:2]&#10;|       |--OPTGROUP_TAG_START -&gt; OPTGROUP_TAG_START [25:2]&#10;|       |   |--START -&gt; &lt; [25:2]&#10;|       |   |--OPTGROUP_HTML_TAG_NAME -&gt; optgroup [25:3]&#10;|       |   `--END -&gt; &gt; [25:11]&#10;|       |--TEXT -&gt;   [25:12]&#10;|       |--HEAD -&gt; HEAD [25:13]&#10;|       |   |--HEAD_TAG_START -&gt; HEAD_TAG_START [25:13]&#10;|       |   |   |--START -&gt; &lt; [25:13]&#10;|       |   |   |--HEAD_HTML_TAG_NAME -&gt; head [25:14]&#10;|       |   |   `--END -&gt; &gt; [25:18]&#10;|       |   |--TEXT -&gt;   [25:19]&#10;|       |   `--HEAD_TAG_END -&gt; HEAD_TAG_END [25:20]&#10;|       |       |--START -&gt; &lt; [25:20]&#10;|       |       |--SLASH -&gt; / [25:21]&#10;|       |       |--HEAD_HTML_TAG_NAME -&gt; head [25:22]&#10;|       |       `--END -&gt; &gt; [25:26]&#10;|       |--TEXT -&gt;   [25:27]&#10;|       `--OPTGROUP_TAG_END -&gt; OPTGROUP_TAG_END [25:28]&#10;|           |--START -&gt; &lt; [25:28]&#10;|           |--SLASH -&gt; / [25:29]&#10;|           |--OPTGROUP_HTML_TAG_NAME -&gt; OPTGROUP [25:30]&#10;|           `--END -&gt; &gt; [25:38]&#10;|--NEWLINE -&gt; \n [25:39]&#10;|--LEADING_ASTERISK -&gt; * [26:0]&#10;|--TEXT -&gt;   [26:1]&#10;|--HTML_ELEMENT -&gt; HTML_ELEMENT [26:2]&#10;|   `--OPTGROUP -&gt; OPTGROUP [26:2]&#10;|       |--OPTGROUP_TAG_START -&gt; OPTGROUP_TAG_START [26:2]&#10;|       |   |--START -&gt; &lt; [26:2]&#10;|       |   |--OPTGROUP_HTML_TAG_NAME -&gt; optgroup [26:3]&#10;|       |   `--END -&gt; &gt; [26:11]&#10;|       |--TEXT -&gt;   [26:12]&#10;|       |--HEAD_TAG_START -&gt; HEAD_TAG_START [26:13]&#10;|       |   |--START -&gt; &lt; [26:13]&#10;|       |   |--HEAD_HTML_TAG_NAME -&gt; head [26:14]&#10;|       |   `--END -&gt; &gt; [26:18]&#10;|       |--TEXT -&gt;   [26:19]&#10;|       `--OPTGROUP_TAG_END -&gt; OPTGROUP_TAG_END [26:20]&#10;|           |--START -&gt; &lt; [26:20]&#10;|           |--SLASH -&gt; / [26:21]&#10;|           |--OPTGROUP_HTML_TAG_NAME -&gt; OPTGROUP [26:22]&#10;|           `--END -&gt; &gt; [26:30]&#10;|--NEWLINE -&gt; \n [26:31]&#10;|--LEADING_ASTERISK -&gt; * [27:0]&#10;|--TEXT -&gt;   [27:1]&#10;|--HTML_ELEMENT -&gt; HTML_ELEMENT [27:2]&#10;|   `--OPTGROUP_TAG_START -&gt; OPTGROUP_TAG_START [27:2]&#10;|       |--START -&gt; &lt; [27:2]&#10;|       |--OPTGROUP_HTML_TAG_NAME -&gt; optgroup [27:3]&#10;|       `--END -&gt; &gt; [27:11]&#10;|--TEXT -&gt;   [27:12]&#10;|--HTML_ELEMENT -&gt; HTML_ELEMENT [27:13]&#10;|   `--HEAD_TAG_END -&gt; HEAD_TAG_END [27:13]&#10;|       |--START -&gt; &lt; [27:13]&#10;|       |--SLASH -&gt; / [27:14]&#10;|       |--HEAD_HTML_TAG_NAME -&gt; head [27:15]&#10;|       `--END -&gt; &gt; [27:19]&#10;|--TEXT -&gt;   [27:20]&#10;|--HTML_ELEMENT -&gt; HTML_ELEMENT [27:21]&#10;|   `--OPTGROUP_TAG_END -&gt; OPTGROUP_TAG_END [27:21]&#10;|       |--START -&gt; &lt; [27:21]&#10;|       |--SLASH -&gt; / [27:22]&#10;|       |--OPTGROUP_HTML_TAG_NAME -&gt; OPTGROUP [27:23]&#10;|       `--END -&gt; &gt; [27:31]&#10;|--NEWLINE -&gt; \n [27:32]&#10;|--LEADING_ASTERISK -&gt; * [28:0]&#10;|--TEXT -&gt;   [28:1]&#10;|--HTML_ELEMENT -&gt; HTML_ELEMENT [28:2]&#10;|   `--OPTGROUP -&gt; OPTGROUP [28:2]&#10;|       |--OPTGROUP_TAG_START -&gt; OPTGROUP_TAG_START [28:2]&#10;|       |   |--START -&gt; &lt; [28:2]&#10;|       |   |--OPTGROUP_HTML_TAG_NAME -&gt; optgroup [28:3]&#10;|       |   `--END -&gt; &gt; [28:11]&#10;|       |--TEXT -&gt;   [28:12]&#10;|       |--HTML -&gt; HTML [28:13]&#10;|       |   |--HTML_TAG_START -&gt; HTML_TAG_START [28:13]&#10;|       |   |   |--START -&gt; &lt; [28:13]&#10;|       |   |   |--HTML_HTML_TAG_NAME -&gt; html [28:14]&#10;|       |   |   `--END -&gt; &gt; [28:18]&#10;|       |   |--TEXT -&gt;   [28:19]&#10;|       |   `--HTML_TAG_END -&gt; HTML_TAG_END [28:20]&#10;|       |       |--START -&gt; &lt; [28:20]&#10;|       |       |--SLASH -&gt; / [28:21]&#10;|       |       |--HTML_HTML_TAG_NAME -&gt; html [28:22]&#10;|       |       `--END -&gt; &gt; [28:26]&#10;|       |--TEXT -&gt;   [28:27]&#10;|       `--OPTGROUP_TAG_END -&gt; OPTGROUP_TAG_END [28:28]&#10;|           |--START -&gt; &lt; [28:28]&#10;|           |--SLASH -&gt; / [28:29]&#10;|           |--OPTGROUP_HTML_TAG_NAME -&gt; OPTGROUP [28:30]&#10;|           `--END -&gt; &gt; [28:38]&#10;|--NEWLINE -&gt; \n [28:39]&#10;|--LEADING_ASTERISK -&gt; * [29:0]&#10;|--TEXT -&gt;   [29:1]&#10;|--HTML_ELEMENT -&gt; HTML_ELEMENT [29:2]&#10;|   `--OPTGROUP -&gt; OPTGROUP [29:2]&#10;|       |--OPTGROUP_TAG_START -&gt; OPTGROUP_TAG_START [29:2]&#10;|       |   |--START -&gt; &lt; [29:2]&#10;|       |   |--OPTGROUP_HTML_TAG_NAME -&gt; optgroup [29:3]&#10;|       |   `--END -&gt; &gt; [29:11]&#10;|       |--TEXT -&gt;   [29:12]&#10;|       |--HTML_TAG_START -&gt; HTML_TAG_START [29:13]&#10;|       |   |--START -&gt; &lt; [29:13]&#10;|       |   |--HTML_HTML_TAG_NAME -&gt; html [29:14]&#10;|       |   `--END -&gt; &gt; [29:18]&#10;|       |--TEXT -&gt;   [29:19]&#10;|       `--OPTGROUP_TAG_END -&gt; OPTGROUP_TAG_END [29:20]&#10;|           |--START -&gt; &lt; [29:20]&#10;|           |--SLASH -&gt; / [29:21]&#10;|           |--OPTGROUP_HTML_TAG_NAME -&gt; OPTGROUP [29:22]&#10;|           `--END -&gt; &gt; [29:30]&#10;|--NEWLINE -&gt; \n [29:31]&#10;|--LEADING_ASTERISK -&gt; * [30:0]&#10;|--TEXT -&gt;   [30:1]&#10;|--HTML_ELEMENT -&gt; HTML_ELEMENT [30:2]&#10;|   `--OPTGROUP_TAG_START -&gt; OPTGROUP_TAG_START [30:2]&#10;|       |--START -&gt; &lt; [30:2]&#10;|       |--OPTGROUP_HTML_TAG_NAME -&gt; optgroup [30:3]&#10;|       `--END -&gt; &gt; [30:11]&#10;|--TEXT -&gt;   [30:12]&#10;|--HTML_ELEMENT -&gt; HTML_ELEMENT [30:13]&#10;|   `--HTML_TAG_END -&gt; HTML_TAG_END [30:13]&#10;|       |--START -&gt; &lt; [30:13]&#10;|       |--SLASH -&gt; / [30:14]&#10;|       |--HTML_HTML_TAG_NAME -&gt; html [30:15]&#10;|       `--END -&gt; &gt; [30:19]&#10;|--TEXT -&gt;   [30:20]&#10;|--HTML_ELEMENT -&gt; HTML_ELEMENT [30:21]&#10;|   `--OPTGROUP_TAG_END -&gt; OPTGROUP_TAG_END [30:21]&#10;|       |--START -&gt; &lt; [30:21]&#10;|       |--SLASH -&gt; / [30:22]&#10;|       |--OPTGROUP_HTML_TAG_NAME -&gt; OPTGROUP [30:23]&#10;|       `--END -&gt; &gt; [30:31]&#10;|--NEWLINE -&gt; \n [30:32]&#10;|--LEADING_ASTERISK -&gt; * [31:0]&#10;|--TEXT -&gt;   [31:1]&#10;|--HTML_ELEMENT -&gt; HTML_ELEMENT [31:2]&#10;|   `--OPTGROUP -&gt; OPTGROUP [31:2]&#10;|       |--OPTGROUP_TAG_START -&gt; OPTGROUP_TAG_START [31:2]&#10;|       |   |--START -&gt; &lt; [31:2]&#10;|       |   |--OPTGROUP_HTML_TAG_NAME -&gt; optgroup [31:3]&#10;|       |   `--END -&gt; &gt; [31:11]&#10;|       |--TEXT -&gt;   [31:12]&#10;|       |--OPTION -&gt; OPTION [31:13]&#10;|       |   |--OPTION_TAG_START -&gt; OPTION_TAG_START [31:13]&#10;|       |   |   |--START -&gt; &lt; [31:13]&#10;|       |   |   |--OPTION_HTML_TAG_NAME -&gt; option [31:14]&#10;|       |   |   `--END -&gt; &gt; [31:20]&#10;|       |   |--TEXT -&gt;   [31:21]&#10;|       |   `--OPTION_TAG_END -&gt; OPTION_TAG_END [31:22]&#10;|       |       |--START -&gt; &lt; [31:22]&#10;|       |       |--SLASH -&gt; / [31:23]&#10;|       |       |--OPTION_HTML_TAG_NAME -&gt; option [31:24]&#10;|       |       `--END -&gt; &gt; [31:30]&#10;|       |--TEXT -&gt;   [31:31]&#10;|       `--OPTGROUP_TAG_END -&gt; OPTGROUP_TAG_END [31:32]&#10;|           |--START -&gt; &lt; [31:32]&#10;|           |--SLASH -&gt; / [31:33]&#10;|           |--OPTGROUP_HTML_TAG_NAME -&gt; OPTGROUP [31:34]&#10;|           `--END -&gt; &gt; [31:42]&#10;|--NEWLINE -&gt; \n [31:43]&#10;|--LEADING_ASTERISK -&gt; * [32:0]&#10;|--TEXT -&gt;   [32:1]&#10;|--HTML_ELEMENT -&gt; HTML_ELEMENT [32:2]&#10;|   `--OPTGROUP -&gt; OPTGROUP [32:2]&#10;|       |--OPTGROUP_TAG_START -&gt; OPTGROUP_TAG_START [32:2]&#10;|       |   |--START -&gt; &lt; [32:2]&#10;|       |   |--OPTGROUP_HTML_TAG_NAME -&gt; optgroup [32:3]&#10;|       |   `--END -&gt; &gt; [32:11]&#10;|       |--TEXT -&gt;   [32:12]&#10;|       |--OPTION_TAG_START -&gt; OPTION_TAG_START [32:13]&#10;|       |   |--START -&gt; &lt; [32:13]&#10;|       |   |--OPTION_HTML_TAG_NAME -&gt; option [32:14]&#10;|       |   `--END -&gt; &gt; [32:20]&#10;|       |--TEXT -&gt;   [32:21]&#10;|       `--OPTGROUP_TAG_END -&gt; OPTGROUP_TAG_END [32:22]&#10;|           |--START -&gt; &lt; [32:22]&#10;|           |--SLASH -&gt; / [32:23]&#10;|           |--OPTGROUP_HTML_TAG_NAME -&gt; OPTGROUP [32:24]&#10;|           `--END -&gt; &gt; [32:32]&#10;|--NEWLINE -&gt; \n [32:33]&#10;|--LEADING_ASTERISK -&gt; * [33:0]&#10;|--TEXT -&gt;   [33:1]&#10;|--HTML_ELEMENT -&gt; HTML_ELEMENT [33:2]&#10;|   `--OPTGROUP_TAG_START -&gt; OPTGROUP_TAG_START [33:2]&#10;|       |--START -&gt; &lt; [33:2]&#10;|       |--OPTGROUP_HTML_TAG_NAME -&gt; optgroup [33:3]&#10;|       `--END -&gt; &gt; [33:11]&#10;|--TEXT -&gt;   [33:12]&#10;|--HTML_ELEMENT -&gt; HTML_ELEMENT [33:13]&#10;|   `--OPTION_TAG_END -&gt; OPTION_TAG_END [33:13]&#10;|       |--START -&gt; &lt; [33:13]&#10;|       |--SLASH -&gt; / [33:14]&#10;|       |--OPTION_HTML_TAG_NAME -&gt; option [33:15]&#10;|       `--END -&gt; &gt; [33:21]&#10;|--TEXT -&gt;   [33:22]&#10;|--HTML_ELEMENT -&gt; HTML_ELEMENT [33:23]&#10;|   `--OPTGROUP_TAG_END -&gt; OPTGROUP_TAG_END [33:23]&#10;|       |--START -&gt; &lt; [33:23]&#10;|       |--SLASH -&gt; / [33:24]&#10;|       |--OPTGROUP_HTML_TAG_NAME -&gt; OPTGROUP [33:25]&#10;|       `--END -&gt; &gt; [33:33]&#10;|--NEWLINE -&gt; \n [33:34]&#10;|--LEADING_ASTERISK -&gt; * [34:0]&#10;|--TEXT -&gt;   [34:1]&#10;|--HTML_ELEMENT -&gt; HTML_ELEMENT [34:2]&#10;|   `--OPTGROUP -&gt; OPTGROUP [34:2]&#10;|       |--OPTGROUP_TAG_START -&gt; OPTGROUP_TAG_START [34:2]&#10;|       |   |--START -&gt; &lt; [34:2]&#10;|       |   |--OPTGROUP_HTML_TAG_NAME -&gt; optgroup [34:3]&#10;|       |   `--END -&gt; &gt; [34:11]&#10;|       |--TEXT -&gt;   [34:12]&#10;|       |--TBODY -&gt; TBODY [34:13]&#10;|       |   |--TBODY_TAG_START -&gt; TBODY_TAG_START [34:13]&#10;|       |   |   |--START -&gt; &lt; [34:13]&#10;|       |   |   |--TBODY_HTML_TAG_NAME -&gt; tbody [34:14]&#10;|       |   |   `--END -&gt; &gt; [34:19]&#10;|       |   |--TEXT -&gt;   [34:20]&#10;|       |   `--TBODY_TAG_END -&gt; TBODY_TAG_END [34:21]&#10;|       |       |--START -&gt; &lt; [34:21]&#10;|       |       |--SLASH -&gt; / [34:22]&#10;|       |       |--TBODY_HTML_TAG_NAME -&gt; tbody [34:23]&#10;|       |       `--END -&gt; &gt; [34:28]&#10;|       |--TEXT -&gt;   [34:29]&#10;|       `--OPTGROUP_TAG_END -&gt; OPTGROUP_TAG_END [34:30]&#10;|           |--START -&gt; &lt; [34:30]&#10;|           |--SLASH -&gt; / [34:31]&#10;|           |--OPTGROUP_HTML_TAG_NAME -&gt; OPTGROUP [34:32]&#10;|           `--END -&gt; &gt; [34:40]&#10;|--NEWLINE -&gt; \n [34:41]&#10;|--LEADING_ASTERISK -&gt; * [35:0]&#10;|--TEXT -&gt;   [35:1]&#10;|--HTML_ELEMENT -&gt; HTML_ELEMENT [35:2]&#10;|   `--OPTGROUP -&gt; OPTGROUP [35:2]&#10;|       |--OPTGROUP_TAG_START -&gt; OPTGROUP_TAG_START [35:2]&#10;|       |   |--START -&gt; &lt; [35:2]&#10;|       |   |--OPTGROUP_HTML_TAG_NAME -&gt; optgroup [35:3]&#10;|       |   `--END -&gt; &gt; [35:11]&#10;|       |--TEXT -&gt;   [35:12]&#10;|       |--TBODY_TAG_START -&gt; TBODY_TAG_START [35:13]&#10;|       |   |--START -&gt; &lt; [35:13]&#10;|       |   |--TBODY_HTML_TAG_NAME -&gt; tbody [35:14]&#10;|       |   `--END -&gt; &gt; [35:19]&#10;|       |--TEXT -&gt;   [35:20]&#10;|       `--OPTGROUP_TAG_END -&gt; OPTGROUP_TAG_END [35:21]&#10;|           |--START -&gt; &lt; [35:21]&#10;|           |--SLASH -&gt; / [35:22]&#10;|           |--OPTGROUP_HTML_TAG_NAME -&gt; OPTGROUP [35:23]&#10;|           `--END -&gt; &gt; [35:31]&#10;|--NEWLINE -&gt; \n [35:32]&#10;|--LEADING_ASTERISK -&gt; * [36:0]&#10;|--TEXT -&gt;   [36:1]&#10;|--HTML_ELEMENT -&gt; HTML_ELEMENT [36:2]&#10;|   `--OPTGROUP_TAG_START -&gt; OPTGROUP_TAG_START [36:2]&#10;|       |--START -&gt; &lt; [36:2]&#10;|       |--OPTGROUP_HTML_TAG_NAME -&gt; optgroup [36:3]&#10;|       `--END -&gt; &gt; [36:11]&#10;|--TEXT -&gt;   [36:12]&#10;|--HTML_ELEMENT -&gt; HTML_ELEMENT [36:13]&#10;|   `--TBODY_TAG_END -&gt; TBODY_TAG_END [36:13]&#10;|       |--START -&gt; &lt; [36:13]&#10;|       |--SLASH -&gt; / [36:14]&#10;|       |--TBODY_HTML_TAG_NAME -&gt; tbody [36:15]&#10;|       `--END -&gt; &gt; [36:20]&#10;|--TEXT -&gt;   [36:21]&#10;|--HTML_ELEMENT -&gt; HTML_ELEMENT [36:22]&#10;|   `--OPTGROUP_TAG_END -&gt; OPTGROUP_TAG_END [36:22]&#10;|       |--START -&gt; &lt; [36:22]&#10;|       |--SLASH -&gt; / [36:23]&#10;|       |--OPTGROUP_HTML_TAG_NAME -&gt; OPTGROUP [36:24]&#10;|       `--END -&gt; &gt; [36:32]&#10;|--NEWLINE -&gt; \n [36:33]&#10;|--LEADING_ASTERISK -&gt; * [37:0]&#10;|--TEXT -&gt;   [37:1]&#10;|--HTML_ELEMENT -&gt; HTML_ELEMENT [37:2]&#10;|   `--OPTGROUP -&gt; OPTGROUP [37:2]&#10;|       |--OPTGROUP_TAG_START -&gt; OPTGROUP_TAG_START [37:2]&#10;|       |   |--START -&gt; &lt; [37:2]&#10;|       |   |--OPTGROUP_HTML_TAG_NAME -&gt; optgroup [37:3]&#10;|       |   `--END -&gt; &gt; [37:11]&#10;|       |--TEXT -&gt;   [37:12]&#10;|       |--TFOOT -&gt; TFOOT [37:13]&#10;|       |   |--TFOOT_TAG_START -&gt; TFOOT_TAG_START [37:13]&#10;|       |   |   |--START -&gt; &lt; [37:13]&#10;|       |   |   |--TFOOT_HTML_TAG_NAME -&gt; tfoot [37:14]&#10;|       |   |   `--END -&gt; &gt; [37:19]&#10;|       |   |--TEXT -&gt;   [37:20]&#10;|       |   `--TFOOT_TAG_END -&gt; TFOOT_TAG_END [37:21]&#10;|       |       |--START -&gt; &lt; [37:21]&#10;|       |       |--SLASH -&gt; / [37:22]&#10;|       |       |--TFOOT_HTML_TAG_NAME -&gt; tfoot [37:23]&#10;|       |       `--END -&gt; &gt; [37:28]&#10;|       |--TEXT -&gt;   [37:29]&#10;|       `--OPTGROUP_TAG_END -&gt; OPTGROUP_TAG_END [37:30]&#10;|           |--START -&gt; &lt; [37:30]&#10;|           |--SLASH -&gt; / [37:31]&#10;|           |--OPTGROUP_HTML_TAG_NAME -&gt; OPTGROUP [37:32]&#10;|           `--END -&gt; &gt; [37:40]&#10;|--NEWLINE -&gt; \n [37:41]&#10;|--LEADING_ASTERISK -&gt; * [38:0]&#10;|--TEXT -&gt;   [38:1]&#10;|--HTML_ELEMENT -&gt; HTML_ELEMENT [38:2]&#10;|   `--OPTGROUP -&gt; OPTGROUP [38:2]&#10;|       |--OPTGROUP_TAG_START -&gt; OPTGROUP_TAG_START [38:2]&#10;|       |   |--START -&gt; &lt; [38:2]&#10;|       |   |--OPTGROUP_HTML_TAG_NAME -&gt; optgroup [38:3]&#10;|       |   `--END -&gt; &gt; [38:11]&#10;|       |--TEXT -&gt;   [38:12]&#10;|       |--TFOOT_TAG_START -&gt; TFOOT_TAG_START [38:13]&#10;|       |   |--START -&gt; &lt; [38:13]&#10;|       |   |--TFOOT_HTML_TAG_NAME -&gt; tfoot [38:14]&#10;|       |   `--END -&gt; &gt; [38:19]&#10;|       |--TEXT -&gt;   [38:20]&#10;|       `--OPTGROUP_TAG_END -&gt; OPTGROUP_TAG_END [38:21]&#10;|           |--START -&gt; &lt; [38:21]&#10;|           |--SLASH -&gt; / [38:22]&#10;|           |--OPTGROUP_HTML_TAG_NAME -&gt; OPTGROUP [38:23]&#10;|           `--END -&gt; &gt; [38:31]&#10;|--NEWLINE -&gt; \n [38:32]&#10;|--LEADING_ASTERISK -&gt; * [39:0]&#10;|--TEXT -&gt;   [39:1]&#10;|--HTML_ELEMENT -&gt; HTML_ELEMENT [39:2]&#10;|   `--OPTGROUP_TAG_START -&gt; OPTGROUP_TAG_START [39:2]&#10;|       |--START -&gt; &lt; [39:2]&#10;|       |--OPTGROUP_HTML_TAG_NAME -&gt; optgroup [39:3]&#10;|       `--END -&gt; &gt; [39:11]&#10;|--TEXT -&gt;   [39:12]&#10;|--HTML_ELEMENT -&gt; HTML_ELEMENT [39:13]&#10;|   `--TFOOT_TAG_END -&gt; TFOOT_TAG_END [39:13]&#10;|       |--START -&gt; &lt; [39:13]&#10;|       |--SLASH -&gt; / [39:14]&#10;|       |--TFOOT_HTML_TAG_NAME -&gt; tfoot [39:15]&#10;|       `--END -&gt; &gt; [39:20]&#10;|--TEXT -&gt;   [39:21]&#10;|--HTML_ELEMENT -&gt; HTML_ELEMENT [39:22]&#10;|   `--OPTGROUP_TAG_END -&gt; OPTGROUP_TAG_END [39:22]&#10;|       |--START -&gt; &lt; [39:22]&#10;|       |--SLASH -&gt; / [39:23]&#10;|       |--OPTGROUP_HTML_TAG_NAME -&gt; OPTGROUP [39:24]&#10;|       `--END -&gt; &gt; [39:32]&#10;|--NEWLINE -&gt; \n [39:33]&#10;|--LEADING_ASTERISK -&gt; * [40:0]&#10;|--TEXT -&gt;   [40:1]&#10;|--HTML_ELEMENT -&gt; HTML_ELEMENT [40:2]&#10;|   `--OPTGROUP -&gt; OPTGROUP [40:2]&#10;|       |--OPTGROUP_TAG_START -&gt; OPTGROUP_TAG_START [40:2]&#10;|       |   |--START -&gt; &lt; [40:2]&#10;|       |   |--OPTGROUP_HTML_TAG_NAME -&gt; optgroup [40:3]&#10;|       |   |--WS -&gt;   [40:11]&#10;|       |   |--ATTRIBUTE -&gt; ATTRIBUTE [40:12]&#10;|       |   |   |--HTML_TAG_NAME -&gt; style [40:12]&#10;|       |   |   |--EQUALS -&gt; = [40:17]&#10;|       |   |   `--ATTR_VALUE -&gt; &quot;color:red&quot; [40:18]&#10;|       |   |--WS -&gt;      [40:29]&#10;|       |   |--NEWLINE -&gt; \n [40:33]&#10;|       |   |--LEADING_ASTERISK -&gt; * [41:0]&#10;|       |   |--NEWLINE -&gt; \n [41:1]&#10;|       |   |--LEADING_ASTERISK -&gt; * [42:0]&#10;|       |   |--WS -&gt;   [42:2]&#10;|       |   `--END -&gt; &gt; [42:3]&#10;|       |--TEXT -&gt;   [42:4]&#10;|       |--HTML_COMMENT -&gt; HTML_COMMENT [42:5]&#10;|       |   |--HTML_COMMENT_START -&gt; &lt;!-- [42:5]&#10;|       |   |--TEXT -&gt; HTML COMMENT [42:9]&#10;|       |   `--HTML_COMMENT_END -&gt; --&gt; [42:21]&#10;|       |--TEXT -&gt;    [42:24]&#10;|       `--OPTGROUP_TAG_END -&gt; OPTGROUP_TAG_END [42:26]&#10;|           |--START -&gt; &lt; [42:26]&#10;|           |--SLASH -&gt; / [42:27]&#10;|           |--OPTGROUP_HTML_TAG_NAME -&gt; OptGroup [42:28]&#10;|           |--NEWLINE -&gt; \n [42:36]&#10;|           |--LEADING_ASTERISK -&gt; * [43:0]&#10;|           |--NEWLINE -&gt; \n [43:1]&#10;|           |--LEADING_ASTERISK -&gt; * [44:0]&#10;|           |--WS -&gt;   [44:1]&#10;|           `--END -&gt; &gt; [44:2]&#10;`--EOF -&gt; &lt;EOF&gt; [44:3]&#13;]&#10;&gt;" type="org.junit.ComparisonFailure"><![CDATA[org.junit.ComparisonFailure: 
Generated tree from the javadoc file should match the pre-defined tree expected:<...DOC -> JAVADOC [0:0][
|--LEADING_ASTERISK -> * [0:0]
|--TEXT ->   [0:1]
|--HTML_ELEMENT -> HTML_ELEMENT [0:2]
|   `--OPTGROUP -> OPTGROUP [0:2]
|       |--OPTGROUP_TAG_START -> OPTGROUP_TAG_START [0:2]
|       |   |--START -> < [0:2]
|       |   |--OPTGROUP_HTML_TAG_NAME -> optgroup [0:3]
|       |   `--END -> > [0:11]
|       |--TEXT ->   [0:12]
|       `--OPTGROUP_TAG_END -> OPTGROUP_TAG_END [0:13]
|           |--START -> < [0:13]
|           |--SLASH -> / [0:14]
|           |--OPTGROUP_HTML_TAG_NAME -> OPTGROUP [0:15]
|           `--END -> > [0:23]
|--NEWLINE -> \n [0:24]
|--LEADING_ASTERISK -> * [1:0]
|--TEXT ->   [1:1]
|--HTML_ELEMENT -> HTML_ELEMENT [1:2]
|   `--OPTGROUP -> OPTGROUP [1:2]
|       |--OPTGROUP_TAG_START -> OPTGROUP_TAG_START [1:2]
|       |   |--START -> < [1:2]
|       |   |--OPTGROUP_HTML_TAG_NAME -> optgroup [1:3]
|       |   `--END -> > [1:11]
|       |--TEXT ->   [1:12]
|       |--LI -> LI [1:13]
|       |   |--LI_TAG_START -> LI_TAG_START [1:13]
|       |   |   |--START -> < [1:13]
|       |   |   |--LI_HTML_TAG_NAME -> li [1:14]
|       |   |   `--END -> > [1:16]
|       |   |--TEXT ->   [1:17]
|       |   `--LI_TAG_END -> LI_TAG_END [1:18]
|       |       |--START -> < [1:18]
|       |       |--SLASH -> / [1:19]
|       |       |--LI_HTML_TAG_NAME -> li [1:20]
|       |       `--END -> > [1:22]
|       |--TEXT ->   [1:23]
|       `--OPTGROUP_TAG_END -> OPTGROUP_TAG_END [1:24]
|           |--START -> < [1:24]
|           |--SLASH -> / [1:25]
|           |--OPTGROUP_HTML_TAG_NAME -> OPTGROUP [1:26]
|           `--END -> > [1:34]
|--NEWLINE -> \n [1:35]
|--LEADING_ASTERISK -> * [2:0]
|--TEXT ->   [2:1]
|--HTML_ELEMENT -> HTML_ELEMENT [2:2]
|   `--OPTGROUP -> OPTGROUP [2:2]
|       |--OPTGROUP_TAG_START -> OPTGROUP_TAG_START [2:2]
|       |   |--START -> < [2:2]
|       |   |--OPTGROUP_HTML_TAG_NAME -> optgroup [2:3]
|       |   `--END -> > [2:11]
|       |--TEXT ->   [2:12]
|       |--LI_TAG_START -> LI_TAG_START [2:13]
|       |   |--START -> < [2:13]
|       |   |--LI_HTML_TAG_NAME -> li [2:14]
|       |   `--END -> > [2:16]
|       |--TEXT ->   [2:17]
|       `--OPTGROUP_TAG_END -> OPTGROUP_TAG_END [2:18]
|           |--START -> < [2:18]
|           |--SLASH -> / [2:19]
|           |--OPTGROUP_HTML_TAG_NAME -> OPTGROUP [2:20]
|           `--END -> > [2:28]
|--NEWLINE -> \n [2:29]
|--LEADING_ASTERISK -> * [3:0]
|--TEXT ->   [3:1]
|--HTML_ELEMENT -> HTML_ELEMENT [3:2]
|   `--OPTGROUP_TAG_START -> OPTGROUP_TAG_START [3:2]
|       |--START -> < [3:2]
|       |--OPTGROUP_HTML_TAG_NAME -> optgroup [3:3]
|       `--END -> > [3:11]
|--TEXT ->   [3:12]
|--HTML_ELEMENT -> HTML_ELEMENT [3:13]
|   `--LI_TAG_END -> LI_TAG_END [3:13]
|       |--START -> < [3:13]
|       |--SLASH -> / [3:14]
|       |--LI_HTML_TAG_NAME -> li [3:15]
|       `--END -> > [3:17]
|--TEXT ->   [3:18]
|--HTML_ELEMENT -> HTML_ELEMENT [3:19]
|   `--OPTGROUP_TAG_END -> OPTGROUP_TAG_END [3:19]
|       |--START -> < [3:19]
|       |--SLASH -> / [3:20]
|       |--OPTGROUP_HTML_TAG_NAME -> OPTGROUP [3:21]
|       `--END -> > [3:29]
|--NEWLINE -> \n [3:30]
|--LEADING_ASTERISK -> * [4:0]
|--TEXT ->   [4:1]
|--HTML_ELEMENT -> HTML_ELEMENT [4:2]
|   `--OPTGROUP -> OPTGROUP [4:2]
|       |--OPTGROUP_TAG_START -> OPTGROUP_TAG_START [4:2]
|       |   |--START -> < [4:2]
|       |   |--OPTGROUP_HTML_TAG_NAME -> optgroup [4:3]
|       |   `--END -> > [4:11]
|       |--TEXT ->   [4:12]
|       |--TR -> TR [4:13]
|       |   |--TR_TAG_START -> TR_TAG_START [4:13]
|       |   |   |--START -> < [4:13]
|       |   |   |--TR_HTML_TAG_NAME -> tr [4:14]
|       |   |   `--END -> > [4:16]
|       |   |--TEXT ->   [4:17]
|       |   `--TR_TAG_END -> TR_TAG_END [4:18]
|       |       |--START -> < [4:18]
|       |       |--SLASH -> / [4:19]
|       |       |--TR_HTML_TAG_NAME -> tr [4:20]
|       |       `--END -> > [4:22]
|       |--TEXT ->   [4:23]
|       `--OPTGROUP_TAG_END -> OPTGROUP_TAG_END [4:24]
|           |--START -> < [4:24]
|           |--SLASH -> / [4:25]
|           |--OPTGROUP_HTML_TAG_NAME -> OPTGROUP [4:26]
|           `--END -> > [4:34]
|--NEWLINE -> \n [4:35]
|--LEADING_ASTERISK -> * [5:0]
|--TEXT ->   [5:1]
|--HTML_ELEMENT -> HTML_ELEMENT [5:2]
|   `--OPTGROUP -> OPTGROUP [5:2]
|       |--OPTGROUP_TAG_START -> OPTGROUP_TAG_START [5:2]
|       |   |--START -> < [5:2]
|       |   |--OPTGROUP_HTML_TAG_NAME -> optgroup [5:3]
|       |   `--END -> > [5:11]
|       |--TEXT ->   [5:12]
|       |--TR_TAG_START -> TR_TAG_START [5:13]
|       |   |--START -> < [5:13]
|       |   |--TR_HTML_TAG_NAME -> tr [5:14]
|       |   `--END -> > [5:16]
|       |--TEXT ->   [5:17]
|       `--OPTGROUP_TAG_END -> OPTGROUP_TAG_END [5:18]
|           |--START -> < [5:18]
|           |--SLASH -> / [5:19]
|           |--OPTGROUP_HTML_TAG_NAME -> OPTGROUP [5:20]
|           `--END -> > [5:28]
|--NEWLINE -> \n [5:29]
|--LEADING_ASTERISK -> * [6:0]
|--TEXT ->   [6:1]
|--HTML_ELEMENT -> HTML_ELEMENT [6:2]
|   `--OPTGROUP_TAG_START -> OPTGROUP_TAG_START [6:2]
|       |--START -> < [6:2]
|       |--OPTGROUP_HTML_TAG_NAME -> optgroup [6:3]
|       `--END -> > [6:11]
|--TEXT ->   [6:12]
|--HTML_ELEMENT -> HTML_ELEMENT [6:13]
|   `--TR_TAG_END -> TR_TAG_END [6:13]
|       |--START -> < [6:13]
|       |--SLASH -> / [6:14]
|       |--TR_HTML_TAG_NAME -> tr [6:15]
|       `--END -> > [6:17]
|--TEXT ->   [6:18]
|--HTML_ELEMENT -> HTML_ELEMENT [6:19]
|   `--OPTGROUP_TAG_END -> OPTGROUP_TAG_END [6:19]
|       |--START -> < [6:19]
|       |--SLASH -> / [6:20]
|       |--OPTGROUP_HTML_TAG_NAME -> OPTGROUP [6:21]
|       `--END -> > [6:29]
|--NEWLINE -> \n [6:30]
|--LEADING_ASTERISK -> * [7:0]
|--TEXT ->   [7:1]
|--HTML_ELEMENT -> HTML_ELEMENT [7:2]
|   `--OPTGROUP -> OPTGROUP [7:2]
|       |--OPTGROUP_TAG_START -> OPTGROUP_TAG_START [7:2]
|       |   |--START -> < [7:2]
|       |   |--OPTGROUP_HTML_TAG_NAME -> optgroup [7:3]
|       |   `--END -> > [7:11]
|       |--TEXT ->   [7:12]
|       |--TD -> TD [7:13]
|       |   |--TD_TAG_START -> TD_TAG_START [7:13]
|       |   |   |--START -> < [7:13]
|       |   |   |--TD_HTML_TAG_NAME -> td [7:14]
|       |   |   `--END -> > [7:16]
|       |   |--TEXT ->   [7:17]
|       |   `--TD_TAG_END -> TD_TAG_END [7:18]
|       |       |--START -> < [7:18]
|       |       |--SLASH -> / [7:19]
|       |       |--TD_HTML_TAG_NAME -> td [7:20]
|       |       `--END -> > [7:22]
|       |--TEXT ->   [7:23]
|       `--OPTGROUP_TAG_END -> OPTGROUP_TAG_END [7:24]
|           |--START -> < [7:24]
|           |--SLASH -> / [7:25]
|           |--OPTGROUP_HTML_TAG_NAME -> OPTGROUP [7:26]
|           `--END -> > [7:34]
|--NEWLINE -> \n [7:35]
|--LEADING_ASTERISK -> * [8:0]
|--TEXT ->   [8:1]
|--HTML_ELEMENT -> HTML_ELEMENT [8:2]
|   `--OPTGROUP -> OPTGROUP [8:2]
|       |--OPTGROUP_TAG_START -> OPTGROUP_TAG_START [8:2]
|       |   |--START -> < [8:2]
|       |   |--OPTGROUP_HTML_TAG_NAME -> optgroup [8:3]
|       |   `--END -> > [8:11]
|       |--TEXT ->   [8:12]
|       |--TD_TAG_START -> TD_TAG_START [8:13]
|       |   |--START -> < [8:13]
|       |   |--TD_HTML_TAG_NAME -> td [8:14]
|       |   `--END -> > [8:16]
|       |--TEXT ->   [8:17]
|       `--OPTGROUP_TAG_END -> OPTGROUP_TAG_END [8:18]
|           |--START -> < [8:18]
|           |--SLASH -> / [8:19]
|           |--OPTGROUP_HTML_TAG_NAME -> OPTGROUP [8:20]
|           `--END -> > [8:28]
|--NEWLINE -> \n [8:29]
|--LEADING_ASTERISK -> * [9:0]
|--TEXT ->   [9:1]
|--HTML_ELEMENT -> HTML_ELEMENT [9:2]
|   `--OPTGROUP_TAG_START -> OPTGROUP_TAG_START [9:2]
|       |--START -> < [9:2]
|       |--OPTGROUP_HTML_TAG_NAME -> optgroup [9:3]
|       `--END -> > [9:11]
|--TEXT ->   [9:12]
|--HTML_ELEMENT -> HTML_ELEMENT [9:13]
|   `--TD_TAG_END -> TD_TAG_END [9:13]
|       |--START -> < [9:13]
|       |--SLASH -> / [9:14]
|       |--TD_HTML_TAG_NAME -> td [9:15]
|       `--END -> > [9:17]
|--TEXT ->   [9:18]
|--HTML_ELEMENT -> HTML_ELEMENT [9:19]
|   `--OPTGROUP_TAG_END -> OPTGROUP_TAG_END [9:19]
|       |--START -> < [9:19]
|       |--SLASH -> / [9:20]
|       |--OPTGROUP_HTML_TAG_NAME -> OPTGROUP [9:21]
|       `--END -> > [9:29]
|--NEWLINE -> \n [9:30]
|--LEADING_ASTERISK -> * [10:0]
|--TEXT ->   [10:1]
|--HTML_ELEMENT -> HTML_ELEMENT [10:2]
|   `--OPTGROUP -> OPTGROUP [10:2]
|       |--OPTGROUP_TAG_START -> OPTGROUP_TAG_START [10:2]
|       |   |--START -> < [10:2]
|       |   |--OPTGROUP_HTML_TAG_NAME -> optgroup [10:3]
|       |   `--END -> > [10:11]
|       |--TEXT ->   [10:12]
|       |--TH -> TH [10:13]
|       |   |--TH_TAG_START -> TH_TAG_START [10:13]
|       |   |   |--START -> < [10:13]
|       |   |   |--TH_HTML_TAG_NAME -> th [10:14]
|       |   |   `--END -> > [10:16]
|       |   |--TEXT ->   [10:17]
|       |   `--TH_TAG_END -> TH_TAG_END [10:18]
|       |       |--START -> < [10:18]
|       |       |--SLASH -> / [10:19]
|       |       |--TH_HTML_TAG_NAME -> th [10:20]
|       |       `--END -> > [10:22]
|       |--TEXT ->   [10:23]
|       `--OPTGROUP_TAG_END -> OPTGROUP_TAG_END [10:24]
|           |--START -> < [10:24]
|           |--SLASH -> / [10:25]
|           |--OPTGROUP_HTML_TAG_NAME -> OPTGROUP [10:26]
|           `--END -> > [10:34]
|--NEWLINE -> \n [10:35]
|--LEADING_ASTERISK -> * [11:0]
|--TEXT ->   [11:1]
|--HTML_ELEMENT -> HTML_ELEMENT [11:2]
|   `--OPTGROUP -> OPTGROUP [11:2]
|       |--OPTGROUP_TAG_START -> OPTGROUP_TAG_START [11:2]
|       |   |--START -> < [11:2]
|       |   |--OPTGROUP_HTML_TAG_NAME -> optgroup [11:3]
|       |   `--END -> > [11:11]
|       |--TEXT ->   [11:12]
|       |--TH_TAG_START -> TH_TAG_START [11:13]
|       |   |--START -> < [11:13]
|       |   |--TH_HTML_TAG_NAME -> th [11:14]
|       |   `--END -> > [11:16]
|       |--TEXT ->   [11:17]
|       `--OPTGROUP_TAG_END -> OPTGROUP_TAG_END [11:18]
|           |--START -> < [11:18]
|           |--SLASH -> / [11:19]
|           |--OPTGROUP_HTML_TAG_NAME -> OPTGROUP [11:20]
|           `--END -> > [11:28]
|--NEWLINE -> \n [11:29]
|--LEADING_ASTERISK -> * [12:0]
|--TEXT ->   [12:1]
|--HTML_ELEMENT -> HTML_ELEMENT [12:2]
|   `--OPTGROUP_TAG_START -> OPTGROUP_TAG_START [12:2]
|       |--START -> < [12:2]
|       |--OPTGROUP_HTML_TAG_NAME -> optgroup [12:3]
|       `--END -> > [12:11]
|--TEXT ->   [12:12]
|--HTML_ELEMENT -> HTML_ELEMENT [12:13]
|   `--TH_TAG_END -> TH_TAG_END [12:13]
|       |--START -> < [12:13]
|       |--SLASH -> / [12:14]
|       |--TH_HTML_TAG_NAME -> th [12:15]
|       `--END -> > [12:17]
|--TEXT ->   [12:18]
|--HTML_ELEMENT -> HTML_ELEMENT [12:19]
|   `--OPTGROUP_TAG_END -> OPTGROUP_TAG_END [12:19]
|       |--START -> < [12:19]
|       |--SLASH -> / [12:20]
|       |--OPTGROUP_HTML_TAG_NAME -> OPTGROUP [12:21]
|       `--END -> > [12:29]
|--NEWLINE -> \n [12:30]
|--LEADING_ASTERISK -> * [13:0]
|--TEXT ->   [13:1]
|--HTML_ELEMENT -> HTML_ELEMENT [13:2]
|   `--OPTGROUP -> OPTGROUP [13:2]
|       |--OPTGROUP_TAG_START -> OPTGROUP_TAG_START [13:2]
|       |   |--START -> < [13:2]
|       |   |--OPTGROUP_HTML_TAG_NAME -> optgroup [13:3]
|       |   `--END -> > [13:11]
|       |--TEXT ->   [13:12]
|       |--BODY -> BODY [13:13]
|       |   |--BODY_TAG_START -> BODY_TAG_START [13:13]
|       |   |   |--START -> < [13:13]
|       |   |   |--BODY_HTML_TAG_NAME -> body [13:14]
|       |   |   `--END -> > [13:18]
|       |   |--TEXT ->   [13:19]
|       |   `--BODY_TAG_END -> BODY_TAG_END [13:20]
|       |       |--START -> < [13:20]
|       |       |--SLASH -> / [13:21]
|       |       |--BODY_HTML_TAG_NAME -> body [13:22]
|       |       `--END -> > [13:26]
|       |--TEXT ->   [13:27]
|       `--OPTGROUP_TAG_END -> OPTGROUP_TAG_END [13:28]
|           |--START -> < [13:28]
|           |--SLASH -> / [13:29]
|           |--OPTGROUP_HTML_TAG_NAME -> OPTGROUP [13:30]
|           `--END -> > [13:38]
|--NEWLINE -> \n [13:39]
|--LEADING_ASTERISK -> * [14:0]
|--TEXT ->   [14:1]
|--HTML_ELEMENT -> HTML_ELEMENT [14:2]
|   `--OPTGROUP -> OPTGROUP [14:2]
|       |--OPTGROUP_TAG_START -> OPTGROUP_TAG_START [14:2]
|       |   |--START -> < [14:2]
|       |   |--OPTGROUP_HTML_TAG_NAME -> optgroup [14:3]
|       |   `--END -> > [14:11]
|       |--TEXT ->   [14:12]
|       |--BODY_TAG_START -> BODY_TAG_START [14:13]
|       |   |--START -> < [14:13]
|       |   |--BODY_HTML_TAG_NAME -> body [14:14]
|       |   `--END -> > [14:18]
|       |--TEXT ->   [14:19]
|       `--OPTGROUP_TAG_END -> OPTGROUP_TAG_END [14:20]
|           |--START -> < [14:20]
|           |--SLASH -> / [14:21]
|           |--OPTGROUP_HTML_TAG_NAME -> OPTGROUP [14:22]
|           `--END -> > [14:30]
|--NEWLINE -> \n [14:31]
|--LEADING_ASTERISK -> * [15:0]
|--TEXT ->   [15:1]
|--HTML_ELEMENT -> HTML_ELEMENT [15:2]
|   `--OPTGROUP_TAG_START -> OPTGROUP_TAG_START [15:2]
|       |--START -> < [15:2]
|       |--OPTGROUP_HTML_TAG_NAME -> optgroup [15:3]
|       `--END -> > [15:11]
|--TEXT ->   [15:12]
|--HTML_ELEMENT -> HTML_ELEMENT [15:13]
|   `--BODY_TAG_END -> BODY_TAG_END [15:13]
|       |--START -> < [15:13]
|       |--SLASH -> / [15:14]
|       |--BODY_HTML_TAG_NAME -> body [15:15]
|       `--END -> > [15:19]
|--TEXT ->   [15:20]
|--HTML_ELEMENT -> HTML_ELEMENT [15:21]
|   `--OPTGROUP_TAG_END -> OPTGROUP_TAG_END [15:21]
|       |--START -> < [15:21]
|       |--SLASH -> / [15:22]
|       |--OPTGROUP_HTML_TAG_NAME -> OPTGROUP [15:23]
|       `--END -> > [15:31]
|--NEWLINE -> \n [15:32]
|--LEADING_ASTERISK -> * [16:0]
|--TEXT ->   [16:1]
|--HTML_ELEMENT -> HTML_ELEMENT [16:2]
|   `--OPTGROUP -> OPTGROUP [16:2]
|       |--OPTGROUP_TAG_START -> OPTGROUP_TAG_START [16:2]
|       |   |--START -> < [16:2]
|       |   |--OPTGROUP_HTML_TAG_NAME -> optgroup [16:3]
|       |   `--END -> > [16:11]
|       |--TEXT ->   [16:12]
|       |--COLGROUP -> COLGROUP [16:13]
|       |   |--COLGROUP_TAG_START -> COLGROUP_TAG_START [16:13]
|       |   |   |--START -> < [16:13]
|       |   |   |--COLGROUP_HTML_TAG_NAME -> colgroup [16:14]
|       |   |   `--END -> > [16:22]
|       |   |--TEXT ->   [16:23]
|       |   `--COLGROUP_TAG_END -> COLGROUP_TAG_END [16:24]
|       |       |--START -> < [16:24]
|       |       |--SLASH -> / [16:25]
|       |       |--COLGROUP_HTML_TAG_NAME -> colgroup [16:26]
|       |       `--END -> > [16:34]
|       |--TEXT ->   [16:35]
|       `--OPTGROUP_TAG_END -> OPTGROUP_TAG_END [16:36]
|           |--START -> < [16:36]
|           |--SLASH -> / [16:37]
|           |--OPTGROUP_HTML_TAG_NAME -> OPTGROUP [16:38]
|           `--END -> > [16:46]
|--NEWLINE -> \n [16:47]
|--LEADING_ASTERISK -> * [17:0]
|--TEXT ->   [17:1]
|--HTML_ELEMENT -> HTML_ELEMENT [17:2]
|   `--OPTGROUP -> OPTGROUP [17:2]
|       |--OPTGROUP_TAG_START -> OPTGROUP_TAG_START [17:2]
|       |   |--START -> < [17:2]
|       |   |--OPTGROUP_HTML_TAG_NAME -> optgroup [17:3]
|       |   `--END -> > [17:11]
|       |--TEXT ->   [17:12]
|       |--COLGROUP_TAG_START -> COLGROUP_TAG_START [17:13]
|       |   |--START -> < [17:13]
|       |   |--COLGROUP_HTML_TAG_NAME -> colgroup [17:14]
|       |   `--END -> > [17:22]
|       |--TEXT ->   [17:23]
|       `--OPTGROUP_TAG_END -> OPTGROUP_TAG_END [17:24]
|           |--START -> < [17:24]
|           |--SLASH -> / [17:25]
|           |--OPTGROUP_HTML_TAG_NAME -> OPTGROUP [17:26]
|           `--END -> > [17:34]
|--NEWLINE -> \n [17:35]
|--LEADING_ASTERISK -> * [18:0]
|--TEXT ->   [18:1]
|--HTML_ELEMENT -> HTML_ELEMENT [18:2]
|   `--OPTGROUP_TAG_START -> OPTGROUP_TAG_START [18:2]
|       |--START -> < [18:2]
|       |--OPTGROUP_HTML_TAG_NAME -> optgroup [18:3]
|       `--END -> > [18:11]
|--TEXT ->   [18:12]
|--HTML_ELEMENT -> HTML_ELEMENT [18:13]
|   `--COLGROUP_TAG_END -> COLGROUP_TAG_END [18:13]
|       |--START -> < [18:13]
|       |--SLASH -> / [18:14]
|       |--COLGROUP_HTML_TAG_NAME -> colgroup [18:15]
|       `--END -> > [18:23]
|--TEXT ->   [18:24]
|--HTML_ELEMENT -> HTML_ELEMENT [18:25]
|   `--OPTGROUP_TAG_END -> OPTGROUP_TAG_END [18:25]
|       |--START -> < [18:25]
|       |--SLASH -> / [18:26]
|       |--OPTGROUP_HTML_TAG_NAME -> OPTGROUP [18:27]
|       `--END -> > [18:35]
|--NEWLINE -> \n [18:36]
|--LEADING_ASTERISK -> * [19:0]
|--TEXT ->   [19:1]
|--HTML_ELEMENT -> HTML_ELEMENT [19:2]
|   `--OPTGROUP -> OPTGROUP [19:2]
|       |--OPTGROUP_TAG_START -> OPTGROUP_TAG_START [19:2]
|       |   |--START -> < [19:2]
|       |   |--OPTGROUP_HTML_TAG_NAME -> optgroup [19:3]
|       |   `--END -> > [19:11]
|       |--TEXT ->   [19:12]
|       |--DD -> DD [19:13]
|       |   |--DD_TAG_START -> DD_TAG_START [19:13]
|       |   |   |--START -> < [19:13]
|       |   |   |--DD_HTML_TAG_NAME -> dd [19:14]
|       |   |   `--END -> > [19:16]
|       |   |--TEXT ->   [19:17]
|       |   `--DD_TAG_END -> DD_TAG_END [19:18]
|       |       |--START -> < [19:18]
|       |       |--SLASH -> / [19:19]
|       |       |--DD_HTML_TAG_NAME -> dd [19:20]
|       |       `--END -> > [19:22]
|       |--TEXT ->   [19:23]
|       `--OPTGROUP_TAG_END -> OPTGROUP_TAG_END [19:24]
|           |--START -> < [19:24]
|           |--SLASH -> / [19:25]
|           |--OPTGROUP_HTML_TAG_NAME -> OPTGROUP [19:26]
|           `--END -> > [19:34]
|--NEWLINE -> \n [19:35]
|--LEADING_ASTERISK -> * [20:0]
|--TEXT ->   [20:1]
|--HTML_ELEMENT -> HTML_ELEMENT [20:2]
|   `--OPTGROUP -> OPTGROUP [20:2]
|       |--OPTGROUP_TAG_START -> OPTGROUP_TAG_START [20:2]
|       |   |--START -> < [20:2]
|       |   |--OPTGROUP_HTML_TAG_NAME -> optgroup [20:3]
|       |   `--END -> > [20:11]
|       |--TEXT ->   [20:12]
|       |--DD_TAG_START -> DD_TAG_START [20:13]
|       |   |--START -> < [20:13]
|       |   |--DD_HTML_TAG_NAME -> dd [20:14]
|       |   `--END -> > [20:16]
|       |--TEXT ->   [20:17]
|       `--OPTGROUP_TAG_END -> OPTGROUP_TAG_END [20:18]
|           |--START -> < [20:18]
|           |--SLASH -> / [20:19]
|           |--OPTGROUP_HTML_TAG_NAME -> OPTGROUP [20:20]
|           `--END -> > [20:28]
|--NEWLINE -> \n [20:29]
|--LEADING_ASTERISK -> * [21:0]
|--TEXT ->   [21:1]
|--HTML_ELEMENT -> HTML_ELEMENT [21:2]
|   `--OPTGROUP_TAG_START -> OPTGROUP_TAG_START [21:2]
|       |--START -> < [21:2]
|       |--OPTGROUP_HTML_TAG_NAME -> optgroup [21:3]
|       `--END -> > [21:11]
|--TEXT ->   [21:12]
|--HTML_ELEMENT -> HTML_ELEMENT [21:13]
|   `--DD_TAG_END -> DD_TAG_END [21:13]
|       |--START -> < [21:13]
|       |--SLASH -> / [21:14]
|       |--DD_HTML_TAG_NAME -> dd [21:15]
|       `--END -> > [21:17]
|--TEXT ->   [21:18]
|--HTML_ELEMENT -> HTML_ELEMENT [21:19]
|   `--OPTGROUP_TAG_END -> OPTGROUP_TAG_END [21:19]
|       |--START -> < [21:19]
|       |--SLASH -> / [21:20]
|       |--OPTGROUP_HTML_TAG_NAME -> OPTGROUP [21:21]
|       `--END -> > [21:29]
|--NEWLINE -> \n [21:30]
|--LEADING_ASTERISK -> * [22:0]
|--TEXT ->   [22:1]
|--HTML_ELEMENT -> HTML_ELEMENT [22:2]
|   `--OPTGROUP -> OPTGROUP [22:2]
|       |--OPTGROUP_TAG_START -> OPTGROUP_TAG_START [22:2]
|       |   |--START -> < [22:2]
|       |   |--OPTGROUP_HTML_TAG_NAME -> optgroup [22:3]
|       |   `--END -> > [22:11]
|       |--TEXT ->   [22:12]
|       |--DT -> DT [22:13]
|       |   |--DT_TAG_START -> DT_TAG_START [22:13]
|       |   |   |--START -> < [22:13]
|       |   |   |--DT_HTML_TAG_NAME -> dt [22:14]
|       |   |   `--END -> > [22:16]
|       |   |--TEXT ->   [22:17]
|       |   `--DT_TAG_END -> DT_TAG_END [22:18]
|       |       |--START -> < [22:18]
|       |       |--SLASH -> / [22:19]
|       |       |--DT_HTML_TAG_NAME -> dt [22:20]
|       |       `--END -> > [22:22]
|       |--TEXT ->   [22:23]
|       `--OPTGROUP_TAG_END -> OPTGROUP_TAG_END [22:24]
|           |--START -> < [22:24]
|           |--SLASH -> / [22:25]
|           |--OPTGROUP_HTML_TAG_NAME -> OPTGROUP [22:26]
|           `--END -> > [22:34]
|--NEWLINE -> \n [22:35]
|--LEADING_ASTERISK -> * [23:0]
|--TEXT ->   [23:1]
|--HTML_ELEMENT -> HTML_ELEMENT [23:2]
|   `--OPTGROUP -> OPTGROUP [23:2]
|       |--OPTGROUP_TAG_START -> OPTGROUP_TAG_START [23:2]
|       |   |--START -> < [23:2]
|       |   |--OPTGROUP_HTML_TAG_NAME -> optgroup [23:3]
|       |   `--END -> > [23:11]
|       |--TEXT ->   [23:12]
|       |--DT_TAG_START -> DT_TAG_START [23:13]
|       |   |--START -> < [23:13]
|       |   |--DT_HTML_TAG_NAME -> dt [23:14]
|       |   `--END -> > [23:16]
|       |--TEXT ->   [23:17]
|       `--OPTGROUP_TAG_END -> OPTGROUP_TAG_END [23:18]
|           |--START -> < [23:18]
|           |--SLASH -> / [23:19]
|           |--OPTGROUP_HTML_TAG_NAME -> OPTGROUP [23:20]
|           `--END -> > [23:28]
|--NEWLINE -> \n [23:29]
|--LEADING_ASTERISK -> * [24:0]
|--TEXT ->   [24:1]
|--HTML_ELEMENT -> HTML_ELEMENT [24:2]
|   `--OPTGROUP_TAG_START -> OPTGROUP_TAG_START [24:2]
|       |--START -> < [24:2]
|       |--OPTGROUP_HTML_TAG_NAME -> optgroup [24:3]
|       `--END -> > [24:11]
|--TEXT ->   [24:12]
|--HTML_ELEMENT -> HTML_ELEMENT [24:13]
|   `--DT_TAG_END -> DT_TAG_END [24:13]
|       |--START -> < [24:13]
|       |--SLASH -> / [24:14]
|       |--DT_HTML_TAG_NAME -> dt [24:15]
|       `--END -> > [24:17]
|--TEXT ->   [24:18]
|--HTML_ELEMENT -> HTML_ELEMENT [24:19]
|   `--OPTGROUP_TAG_END -> OPTGROUP_TAG_END [24:19]
|       |--START -> < [24:19]
|       |--SLASH -> / [24:20]
|       |--OPTGROUP_HTML_TAG_NAME -> OPTGROUP [24:21]
|       `--END -> > [24:29]
|--NEWLINE -> \n [24:30]
|--LEADING_ASTERISK -> * [25:0]
|--TEXT ->   [25:1]
|--HTML_ELEMENT -> HTML_ELEMENT [25:2]
|   `--OPTGROUP -> OPTGROUP [25:2]
|       |--OPTGROUP_TAG_START -> OPTGROUP_TAG_START [25:2]
|       |   |--START -> < [25:2]
|       |   |--OPTGROUP_HTML_TAG_NAME -> optgroup [25:3]
|       |   `--END -> > [25:11]
|       |--TEXT ->   [25:12]
|       |--HEAD -> HEAD [25:13]
|       |   |--HEAD_TAG_START -> HEAD_TAG_START [25:13]
|       |   |   |--START -> < [25:13]
|       |   |   |--HEAD_HTML_TAG_NAME -> head [25:14]
|       |   |   `--END -> > [25:18]
|       |   |--TEXT ->   [25:19]
|       |   `--HEAD_TAG_END -> HEAD_TAG_END [25:20]
|       |       |--START -> < [25:20]
|       |       |--SLASH -> / [25:21]
|       |       |--HEAD_HTML_TAG_NAME -> head [25:22]
|       |       `--END -> > [25:26]
|       |--TEXT ->   [25:27]
|       `--OPTGROUP_TAG_END -> OPTGROUP_TAG_END [25:28]
|           |--START -> < [25:28]
|           |--SLASH -> / [25:29]
|           |--OPTGROUP_HTML_TAG_NAME -> OPTGROUP [25:30]
|           `--END -> > [25:38]
|--NEWLINE -> \n [25:39]
|--LEADING_ASTERISK -> * [26:0]
|--TEXT ->   [26:1]
|--HTML_ELEMENT -> HTML_ELEMENT [26:2]
|   `--OPTGROUP -> OPTGROUP [26:2]
|       |--OPTGROUP_TAG_START -> OPTGROUP_TAG_START [26:2]
|       |   |--START -> < [26:2]
|       |   |--OPTGROUP_HTML_TAG_NAME -> optgroup [26:3]
|       |   `--END -> > [26:11]
|       |--TEXT ->   [26:12]
|       |--HEAD_TAG_START -> HEAD_TAG_START [26:13]
|       |   |--START -> < [26:13]
|       |   |--HEAD_HTML_TAG_NAME -> head [26:14]
|       |   `--END -> > [26:18]
|       |--TEXT ->   [26:19]
|       `--OPTGROUP_TAG_END -> OPTGROUP_TAG_END [26:20]
|           |--START -> < [26:20]
|           |--SLASH -> / [26:21]
|           |--OPTGROUP_HTML_TAG_NAME -> OPTGROUP [26:22]
|           `--END -> > [26:30]
|--NEWLINE -> \n [26:31]
|--LEADING_ASTERISK -> * [27:0]
|--TEXT ->   [27:1]
|--HTML_ELEMENT -> HTML_ELEMENT [27:2]
|   `--OPTGROUP_TAG_START -> OPTGROUP_TAG_START [27:2]
|       |--START -> < [27:2]
|       |--OPTGROUP_HTML_TAG_NAME -> optgroup [27:3]
|       `--END -> > [27:11]
|--TEXT ->   [27:12]
|--HTML_ELEMENT -> HTML_ELEMENT [27:13]
|   `--HEAD_TAG_END -> HEAD_TAG_END [27:13]
|       |--START -> < [27:13]
|       |--SLASH -> / [27:14]
|       |--HEAD_HTML_TAG_NAME -> head [27:15]
|       `--END -> > [27:19]
|--TEXT ->   [27:20]
|--HTML_ELEMENT -> HTML_ELEMENT [27:21]
|   `--OPTGROUP_TAG_END -> OPTGROUP_TAG_END [27:21]
|       |--START -> < [27:21]
|       |--SLASH -> / [27:22]
|       |--OPTGROUP_HTML_TAG_NAME -> OPTGROUP [27:23]
|       `--END -> > [27:31]
|--NEWLINE -> \n [27:32]
|--LEADING_ASTERISK -> * [28:0]
|--TEXT ->   [28:1]
|--HTML_ELEMENT -> HTML_ELEMENT [28:2]
|   `--OPTGROUP -> OPTGROUP [28:2]
|       |--OPTGROUP_TAG_START -> OPTGROUP_TAG_START [28:2]
|       |   |--START -> < [28:2]
|       |   |--OPTGROUP_HTML_TAG_NAME -> optgroup [28:3]
|       |   `--END -> > [28:11]
|       |--TEXT ->   [28:12]
|       |--HTML -> HTML [28:13]
|       |   |--HTML_TAG_START -> HTML_TAG_START [28:13]
|       |   |   |--START -> < [28:13]
|       |   |   |--HTML_HTML_TAG_NAME -> html [28:14]
|       |   |   `--END -> > [28:18]
|       |   |--TEXT ->   [28:19]
|       |   `--HTML_TAG_END -> HTML_TAG_END [28:20]
|       |       |--START -> < [28:20]
|       |       |--SLASH -> / [28:21]
|       |       |--HTML_HTML_TAG_NAME -> html [28:22]
|       |       `--END -> > [28:26]
|       |--TEXT ->   [28:27]
|       `--OPTGROUP_TAG_END -> OPTGROUP_TAG_END [28:28]
|           |--START -> < [28:28]
|           |--SLASH -> / [28:29]
|           |--OPTGROUP_HTML_TAG_NAME -> OPTGROUP [28:30]
|           `--END -> > [28:38]
|--NEWLINE -> \n [28:39]
|--LEADING_ASTERISK -> * [29:0]
|--TEXT ->   [29:1]
|--HTML_ELEMENT -> HTML_ELEMENT [29:2]
|   `--OPTGROUP -> OPTGROUP [29:2]
|       |--OPTGROUP_TAG_START -> OPTGROUP_TAG_START [29:2]
|       |   |--START -> < [29:2]
|       |   |--OPTGROUP_HTML_TAG_NAME -> optgroup [29:3]
|       |   `--END -> > [29:11]
|       |--TEXT ->   [29:12]
|       |--HTML_TAG_START -> HTML_TAG_START [29:13]
|       |   |--START -> < [29:13]
|       |   |--HTML_HTML_TAG_NAME -> html [29:14]
|       |   `--END -> > [29:18]
|       |--TEXT ->   [29:19]
|       `--OPTGROUP_TAG_END -> OPTGROUP_TAG_END [29:20]
|           |--START -> < [29:20]
|           |--SLASH -> / [29:21]
|           |--OPTGROUP_HTML_TAG_NAME -> OPTGROUP [29:22]
|           `--END -> > [29:30]
|--NEWLINE -> \n [29:31]
|--LEADING_ASTERISK -> * [30:0]
|--TEXT ->   [30:1]
|--HTML_ELEMENT -> HTML_ELEMENT [30:2]
|   `--OPTGROUP_TAG_START -> OPTGROUP_TAG_START [30:2]
|       |--START -> < [30:2]
|       |--OPTGROUP_HTML_TAG_NAME -> optgroup [30:3]
|       `--END -> > [30:11]
|--TEXT ->   [30:12]
|--HTML_ELEMENT -> HTML_ELEMENT [30:13]
|   `--HTML_TAG_END -> HTML_TAG_END [30:13]
|       |--START -> < [30:13]
|       |--SLASH -> / [30:14]
|       |--HTML_HTML_TAG_NAME -> html [30:15]
|       `--END -> > [30:19]
|--TEXT ->   [30:20]
|--HTML_ELEMENT -> HTML_ELEMENT [30:21]
|   `--OPTGROUP_TAG_END -> OPTGROUP_TAG_END [30:21]
|       |--START -> < [30:21]
|       |--SLASH -> / [30:22]
|       |--OPTGROUP_HTML_TAG_NAME -> OPTGROUP [30:23]
|       `--END -> > [30:31]
|--NEWLINE -> \n [30:32]
|--LEADING_ASTERISK -> * [31:0]
|--TEXT ->   [31:1]
|--HTML_ELEMENT -> HTML_ELEMENT [31:2]
|   `--OPTGROUP -> OPTGROUP [31:2]
|       |--OPTGROUP_TAG_START -> OPTGROUP_TAG_START [31:2]
|       |   |--START -> < [31:2]
|       |   |--OPTGROUP_HTML_TAG_NAME -> optgroup [31:3]
|       |   `--END -> > [31:11]
|       |--TEXT ->   [31:12]
|       |--OPTION -> OPTION [31:13]
|       |   |--OPTION_TAG_START -> OPTION_TAG_START [31:13]
|       |   |   |--START -> < [31:13]
|       |   |   |--OPTION_HTML_TAG_NAME -> option [31:14]
|       |   |   `--END -> > [31:20]
|       |   |--TEXT ->   [31:21]
|       |   `--OPTION_TAG_END -> OPTION_TAG_END [31:22]
|       |       |--START -> < [31:22]
|       |       |--SLASH -> / [31:23]
|       |       |--OPTION_HTML_TAG_NAME -> option [31:24]
|       |       `--END -> > [31:30]
|       |--TEXT ->   [31:31]
|       `--OPTGROUP_TAG_END -> OPTGROUP_TAG_END [31:32]
|           |--START -> < [31:32]
|           |--SLASH -> / [31:33]
|           |--OPTGROUP_HTML_TAG_NAME -> OPTGROUP [31:34]
|           `--END -> > [31:42]
|--NEWLINE -> \n [31:43]
|--LEADING_ASTERISK -> * [32:0]
|--TEXT ->   [32:1]
|--HTML_ELEMENT -> HTML_ELEMENT [32:2]
|   `--OPTGROUP -> OPTGROUP [32:2]
|       |--OPTGROUP_TAG_START -> OPTGROUP_TAG_START [32:2]
|       |   |--START -> < [32:2]
|       |   |--OPTGROUP_HTML_TAG_NAME -> optgroup [32:3]
|       |   `--END -> > [32:11]
|       |--TEXT ->   [32:12]
|       |--OPTION_TAG_START -> OPTION_TAG_START [32:13]
|       |   |--START -> < [32:13]
|       |   |--OPTION_HTML_TAG_NAME -> option [32:14]
|       |   `--END -> > [32:20]
|       |--TEXT ->   [32:21]
|       `--OPTGROUP_TAG_END -> OPTGROUP_TAG_END [32:22]
|           |--START -> < [32:22]
|           |--SLASH -> / [32:23]
|           |--OPTGROUP_HTML_TAG_NAME -> OPTGROUP [32:24]
|           `--END -> > [32:32]
|--NEWLINE -> \n [32:33]
|--LEADING_ASTERISK -> * [33:0]
|--TEXT ->   [33:1]
|--HTML_ELEMENT -> HTML_ELEMENT [33:2]
|   `--OPTGROUP_TAG_START -> OPTGROUP_TAG_START [33:2]
|       |--START -> < [33:2]
|       |--OPTGROUP_HTML_TAG_NAME -> optgroup [33:3]
|       `--END -> > [33:11]
|--TEXT ->   [33:12]
|--HTML_ELEMENT -> HTML_ELEMENT [33:13]
|   `--OPTION_TAG_END -> OPTION_TAG_END [33:13]
|       |--START -> < [33:13]
|       |--SLASH -> / [33:14]
|       |--OPTION_HTML_TAG_NAME -> option [33:15]
|       `--END -> > [33:21]
|--TEXT ->   [33:22]
|--HTML_ELEMENT -> HTML_ELEMENT [33:23]
|   `--OPTGROUP_TAG_END -> OPTGROUP_TAG_END [33:23]
|       |--START -> < [33:23]
|       |--SLASH -> / [33:24]
|       |--OPTGROUP_HTML_TAG_NAME -> OPTGROUP [33:25]
|       `--END -> > [33:33]
|--NEWLINE -> \n [33:34]
|--LEADING_ASTERISK -> * [34:0]
|--TEXT ->   [34:1]
|--HTML_ELEMENT -> HTML_ELEMENT [34:2]
|   `--OPTGROUP -> OPTGROUP [34:2]
|       |--OPTGROUP_TAG_START -> OPTGROUP_TAG_START [34:2]
|       |   |--START -> < [34:2]
|       |   |--OPTGROUP_HTML_TAG_NAME -> optgroup [34:3]
|       |   `--END -> > [34:11]
|       |--TEXT ->   [34:12]
|       |--TBODY -> TBODY [34:13]
|       |   |--TBODY_TAG_START -> TBODY_TAG_START [34:13]
|       |   |   |--START -> < [34:13]
|       |   |   |--TBODY_HTML_TAG_NAME -> tbody [34:14]
|       |   |   `--END -> > [34:19]
|       |   |--TEXT ->   [34:20]
|       |   `--TBODY_TAG_END -> TBODY_TAG_END [34:21]
|       |       |--START -> < [34:21]
|       |       |--SLASH -> / [34:22]
|       |       |--TBODY_HTML_TAG_NAME -> tbody [34:23]
|       |       `--END -> > [34:28]
|       |--TEXT ->   [34:29]
|       `--OPTGROUP_TAG_END -> OPTGROUP_TAG_END [34:30]
|           |--START -> < [34:30]
|           |--SLASH -> / [34:31]
|           |--OPTGROUP_HTML_TAG_NAME -> OPTGROUP [34:32]
|           `--END -> > [34:40]
|--NEWLINE -> \n [34:41]
|--LEADING_ASTERISK -> * [35:0]
|--TEXT ->   [35:1]
|--HTML_ELEMENT -> HTML_ELEMENT [35:2]
|   `--OPTGROUP -> OPTGROUP [35:2]
|       |--OPTGROUP_TAG_START -> OPTGROUP_TAG_START [35:2]
|       |   |--START -> < [35:2]
|       |   |--OPTGROUP_HTML_TAG_NAME -> optgroup [35:3]
|       |   `--END -> > [35:11]
|       |--TEXT ->   [35:12]
|       |--TBODY_TAG_START -> TBODY_TAG_START [35:13]
|       |   |--START -> < [35:13]
|       |   |--TBODY_HTML_TAG_NAME -> tbody [35:14]
|       |   `--END -> > [35:19]
|       |--TEXT ->   [35:20]
|       `--OPTGROUP_TAG_END -> OPTGROUP_TAG_END [35:21]
|           |--START -> < [35:21]
|           |--SLASH -> / [35:22]
|           |--OPTGROUP_HTML_TAG_NAME -> OPTGROUP [35:23]
|           `--END -> > [35:31]
|--NEWLINE -> \n [35:32]
|--LEADING_ASTERISK -> * [36:0]
|--TEXT ->   [36:1]
|--HTML_ELEMENT -> HTML_ELEMENT [36:2]
|   `--OPTGROUP_TAG_START -> OPTGROUP_TAG_START [36:2]
|       |--START -> < [36:2]
|       |--OPTGROUP_HTML_TAG_NAME -> optgroup [36:3]
|       `--END -> > [36:11]
|--TEXT ->   [36:12]
|--HTML_ELEMENT -> HTML_ELEMENT [36:13]
|   `--TBODY_TAG_END -> TBODY_TAG_END [36:13]
|       |--START -> < [36:13]
|       |--SLASH -> / [36:14]
|       |--TBODY_HTML_TAG_NAME -> tbody [36:15]
|       `--END -> > [36:20]
|--TEXT ->   [36:21]
|--HTML_ELEMENT -> HTML_ELEMENT [36:22]
|   `--OPTGROUP_TAG_END -> OPTGROUP_TAG_END [36:22]
|       |--START -> < [36:22]
|       |--SLASH -> / [36:23]
|       |--OPTGROUP_HTML_TAG_NAME -> OPTGROUP [36:24]
|       `--END -> > [36:32]
|--NEWLINE -> \n [36:33]
|--LEADING_ASTERISK -> * [37:0]
|--TEXT ->   [37:1]
|--HTML_ELEMENT -> HTML_ELEMENT [37:2]
|   `--OPTGROUP -> OPTGROUP [37:2]
|       |--OPTGROUP_TAG_START -> OPTGROUP_TAG_START [37:2]
|       |   |--START -> < [37:2]
|       |   |--OPTGROUP_HTML_TAG_NAME -> optgroup [37:3]
|       |   `--END -> > [37:11]
|       |--TEXT ->   [37:12]
|       |--TFOOT -> TFOOT [37:13]
|       |   |--TFOOT_TAG_START -> TFOOT_TAG_START [37:13]
|       |   |   |--START -> < [37:13]
|       |   |   |--TFOOT_HTML_TAG_NAME -> tfoot [37:14]
|       |   |   `--END -> > [37:19]
|       |   |--TEXT ->   [37:20]
|       |   `--TFOOT_TAG_END -> TFOOT_TAG_END [37:21]
|       |       |--START -> < [37:21]
|       |       |--SLASH -> / [37:22]
|       |       |--TFOOT_HTML_TAG_NAME -> tfoot [37:23]
|       |       `--END -> > [37:28]
|       |--TEXT ->   [37:29]
|       `--OPTGROUP_TAG_END -> OPTGROUP_TAG_END [37:30]
|           |--START -> < [37:30]
|           |--SLASH -> / [37:31]
|           |--OPTGROUP_HTML_TAG_NAME -> OPTGROUP [37:32]
|           `--END -> > [37:40]
|--NEWLINE -> \n [37:41]
|--LEADING_ASTERISK -> * [38:0]
|--TEXT ->   [38:1]
|--HTML_ELEMENT -> HTML_ELEMENT [38:2]
|   `--OPTGROUP -> OPTGROUP [38:2]
|       |--OPTGROUP_TAG_START -> OPTGROUP_TAG_START [38:2]
|       |   |--START -> < [38:2]
|       |   |--OPTGROUP_HTML_TAG_NAME -> optgroup [38:3]
|       |   `--END -> > [38:11]
|       |--TEXT ->   [38:12]
|       |--TFOOT_TAG_START -> TFOOT_TAG_START [38:13]
|       |   |--START -> < [38:13]
|       |   |--TFOOT_HTML_TAG_NAME -> tfoot [38:14]
|       |   `--END -> > [38:19]
|       |--TEXT ->   [38:20]
|       `--OPTGROUP_TAG_END -> OPTGROUP_TAG_END [38:21]
|           |--START -> < [38:21]
|           |--SLASH -> / [38:22]
|           |--OPTGROUP_HTML_TAG_NAME -> OPTGROUP [38:23]
|           `--END -> > [38:31]
|--NEWLINE -> \n [38:32]
|--LEADING_ASTERISK -> * [39:0]
|--TEXT ->   [39:1]
|--HTML_ELEMENT -> HTML_ELEMENT [39:2]
|   `--OPTGROUP_TAG_START -> OPTGROUP_TAG_START [39:2]
|       |--START -> < [39:2]
|       |--OPTGROUP_HTML_TAG_NAME -> optgroup [39:3]
|       `--END -> > [39:11]
|--TEXT ->   [39:12]
|--HTML_ELEMENT -> HTML_ELEMENT [39:13]
|   `--TFOOT_TAG_END -> TFOOT_TAG_END [39:13]
|       |--START -> < [39:13]
|       |--SLASH -> / [39:14]
|       |--TFOOT_HTML_TAG_NAME -> tfoot [39:15]
|       `--END -> > [39:20]
|--TEXT ->   [39:21]
|--HTML_ELEMENT -> HTML_ELEMENT [39:22]
|   `--OPTGROUP_TAG_END -> OPTGROUP_TAG_END [39:22]
|       |--START -> < [39:22]
|       |--SLASH -> / [39:23]
|       |--OPTGROUP_HTML_TAG_NAME -> OPTGROUP [39:24]
|       `--END -> > [39:32]
|--NEWLINE -> \n [39:33]
|--LEADING_ASTERISK -> * [40:0]
|--TEXT ->   [40:1]
|--HTML_ELEMENT -> HTML_ELEMENT [40:2]
|   `--OPTGROUP -> OPTGROUP [40:2]
|       |--OPTGROUP_TAG_START -> OPTGROUP_TAG_START [40:2]
|       |   |--START -> < [40:2]
|       |   |--OPTGROUP_HTML_TAG_NAME -> optgroup [40:3]
|       |   |--WS ->   [40:11]
|       |   |--ATTRIBUTE -> ATTRIBUTE [40:12]
|       |   |   |--HTML_TAG_NAME -> style [40:12]
|       |   |   |--EQUALS -> = [40:17]
|       |   |   `--ATTR_VALUE -> "color:red" [40:18]
|       |   |--WS ->      [40:29]
|       |   |--NEWLINE -> \n [40:33]
|       |   |--LEADING_ASTERISK -> * [41:0]
|       |   |--NEWLINE -> \n [41:1]
|       |   |--LEADING_ASTERISK -> * [42:0]
|       |   |--WS ->   [42:2]
|       |   `--END -> > [42:3]
|       |--TEXT ->   [42:4]
|       |--HTML_COMMENT -> HTML_COMMENT [42:5]
|       |   |--HTML_COMMENT_START -> <!-- [42:5]
|       |   |--TEXT -> HTML COMMENT [42:9]
|       |   `--HTML_COMMENT_END -> --> [42:21]
|       |--TEXT ->    [42:24]
|       `--OPTGROUP_TAG_END -> OPTGROUP_TAG_END [42:26]
|           |--START -> < [42:26]
|           |--SLASH -> / [42:27]
|           |--OPTGROUP_HTML_TAG_NAME -> OptGroup [42:28]
|           |--NEWLINE -> \n [42:36]
|           |--LEADING_ASTERISK -> * [43:0]
|           |--NEWLINE -> \n [43:1]
|           |--LEADING_ASTERISK -> * [44:0]
|           |--WS ->   [44:1]
|           `--END -> > [44:2]
`--EOF -> <EOF> [44:3]]
> but was:<...DOC -> JAVADOC [0:0][
|--LEADING_ASTERISK -> * [0:0]
|--TEXT ->   [0:1]
|--HTML_ELEMENT -> HTML_ELEMENT [0:2]
|   `--OPTGROUP -> OPTGROUP [0:2]
|       |--OPTGROUP_TAG_START -> OPTGROUP_TAG_START [0:2]
|       |   |--START -> < [0:2]
|       |   |--OPTGROUP_HTML_TAG_NAME -> optgroup [0:3]
|       |   `--END -> > [0:11]
|       |--TEXT ->   [0:12]
|       `--OPTGROUP_TAG_END -> OPTGROUP_TAG_END [0:13]
|           |--START -> < [0:13]
|           |--SLASH -> / [0:14]
|           |--OPTGROUP_HTML_TAG_NAME -> OPTGROUP [0:15]
|           `--END -> > [0:23]
|--NEWLINE -> \n [0:24]
|--LEADING_ASTERISK -> * [1:0]
|--TEXT ->   [1:1]
|--HTML_ELEMENT -> HTML_ELEMENT [1:2]
|   `--OPTGROUP -> OPTGROUP [1:2]
|       |--OPTGROUP_TAG_START -> OPTGROUP_TAG_START [1:2]
|       |   |--START -> < [1:2]
|       |   |--OPTGROUP_HTML_TAG_NAME -> optgroup [1:3]
|       |   `--END -> > [1:11]
|       |--TEXT ->   [1:12]
|       |--LI -> LI [1:13]
|       |   |--LI_TAG_START -> LI_TAG_START [1:13]
|       |   |   |--START -> < [1:13]
|       |   |   |--LI_HTML_TAG_NAME -> li [1:14]
|       |   |   `--END -> > [1:16]
|       |   |--TEXT ->   [1:17]
|       |   `--LI_TAG_END -> LI_TAG_END [1:18]
|       |       |--START -> < [1:18]
|       |       |--SLASH -> / [1:19]
|       |       |--LI_HTML_TAG_NAME -> li [1:20]
|       |       `--END -> > [1:22]
|       |--TEXT ->   [1:23]
|       `--OPTGROUP_TAG_END -> OPTGROUP_TAG_END [1:24]
|           |--START -> < [1:24]
|           |--SLASH -> / [1:25]
|           |--OPTGROUP_HTML_TAG_NAME -> OPTGROUP [1:26]
|           `--END -> > [1:34]
|--NEWLINE -> \n [1:35]
|--LEADING_ASTERISK -> * [2:0]
|--TEXT ->   [2:1]
|--HTML_ELEMENT -> HTML_ELEMENT [2:2]
|   `--OPTGROUP -> OPTGROUP [2:2]
|       |--OPTGROUP_TAG_START -> OPTGROUP_TAG_START [2:2]
|       |   |--START -> < [2:2]
|       |   |--OPTGROUP_HTML_TAG_NAME -> optgroup [2:3]
|       |   `--END -> > [2:11]
|       |--TEXT ->   [2:12]
|       |--LI_TAG_START -> LI_TAG_START [2:13]
|       |   |--START -> < [2:13]
|       |   |--LI_HTML_TAG_NAME -> li [2:14]
|       |   `--END -> > [2:16]
|       |--TEXT ->   [2:17]
|       `--OPTGROUP_TAG_END -> OPTGROUP_TAG_END [2:18]
|           |--START -> < [2:18]
|           |--SLASH -> / [2:19]
|           |--OPTGROUP_HTML_TAG_NAME -> OPTGROUP [2:20]
|           `--END -> > [2:28]
|--NEWLINE -> \n [2:29]
|--LEADING_ASTERISK -> * [3:0]
|--TEXT ->   [3:1]
|--HTML_ELEMENT -> HTML_ELEMENT [3:2]
|   `--OPTGROUP_TAG_START -> OPTGROUP_TAG_START [3:2]
|       |--START -> < [3:2]
|       |--OPTGROUP_HTML_TAG_NAME -> optgroup [3:3]
|       `--END -> > [3:11]
|--TEXT ->   [3:12]
|--HTML_ELEMENT -> HTML_ELEMENT [3:13]
|   `--LI_TAG_END -> LI_TAG_END [3:13]
|       |--START -> < [3:13]
|       |--SLASH -> / [3:14]
|       |--LI_HTML_TAG_NAME -> li [3:15]
|       `--END -> > [3:17]
|--TEXT ->   [3:18]
|--HTML_ELEMENT -> HTML_ELEMENT [3:19]
|   `--OPTGROUP_TAG_END -> OPTGROUP_TAG_END [3:19]
|       |--START -> < [3:19]
|       |--SLASH -> / [3:20]
|       |--OPTGROUP_HTML_TAG_NAME -> OPTGROUP [3:21]
|       `--END -> > [3:29]
|--NEWLINE -> \n [3:30]
|--LEADING_ASTERISK -> * [4:0]
|--TEXT ->   [4:1]
|--HTML_ELEMENT -> HTML_ELEMENT [4:2]
|   `--OPTGROUP -> OPTGROUP [4:2]
|       |--OPTGROUP_TAG_START -> OPTGROUP_TAG_START [4:2]
|       |   |--START -> < [4:2]
|       |   |--OPTGROUP_HTML_TAG_NAME -> optgroup [4:3]
|       |   `--END -> > [4:11]
|       |--TEXT ->   [4:12]
|       |--TR -> TR [4:13]
|       |   |--TR_TAG_START -> TR_TAG_START [4:13]
|       |   |   |--START -> < [4:13]
|       |   |   |--TR_HTML_TAG_NAME -> tr [4:14]
|       |   |   `--END -> > [4:16]
|       |   |--TEXT ->   [4:17]
|       |   `--TR_TAG_END -> TR_TAG_END [4:18]
|       |       |--START -> < [4:18]
|       |       |--SLASH -> / [4:19]
|       |       |--TR_HTML_TAG_NAME -> tr [4:20]
|       |       `--END -> > [4:22]
|       |--TEXT ->   [4:23]
|       `--OPTGROUP_TAG_END -> OPTGROUP_TAG_END [4:24]
|           |--START -> < [4:24]
|           |--SLASH -> / [4:25]
|           |--OPTGROUP_HTML_TAG_NAME -> OPTGROUP [4:26]
|           `--END -> > [4:34]
|--NEWLINE -> \n [4:35]
|--LEADING_ASTERISK -> * [5:0]
|--TEXT ->   [5:1]
|--HTML_ELEMENT -> HTML_ELEMENT [5:2]
|   `--OPTGROUP -> OPTGROUP [5:2]
|       |--OPTGROUP_TAG_START -> OPTGROUP_TAG_START [5:2]
|       |   |--START -> < [5:2]
|       |   |--OPTGROUP_HTML_TAG_NAME -> optgroup [5:3]
|       |   `--END -> > [5:11]
|       |--TEXT ->   [5:12]
|       |--TR_TAG_START -> TR_TAG_START [5:13]
|       |   |--START -> < [5:13]
|       |   |--TR_HTML_TAG_NAME -> tr [5:14]
|       |   `--END -> > [5:16]
|       |--TEXT ->   [5:17]
|       `--OPTGROUP_TAG_END -> OPTGROUP_TAG_END [5:18]
|           |--START -> < [5:18]
|           |--SLASH -> / [5:19]
|           |--OPTGROUP_HTML_TAG_NAME -> OPTGROUP [5:20]
|           `--END -> > [5:28]
|--NEWLINE -> \n [5:29]
|--LEADING_ASTERISK -> * [6:0]
|--TEXT ->   [6:1]
|--HTML_ELEMENT -> HTML_ELEMENT [6:2]
|   `--OPTGROUP_TAG_START -> OPTGROUP_TAG_START [6:2]
|       |--START -> < [6:2]
|       |--OPTGROUP_HTML_TAG_NAME -> optgroup [6:3]
|       `--END -> > [6:11]
|--TEXT ->   [6:12]
|--HTML_ELEMENT -> HTML_ELEMENT [6:13]
|   `--TR_TAG_END -> TR_TAG_END [6:13]
|       |--START -> < [6:13]
|       |--SLASH -> / [6:14]
|       |--TR_HTML_TAG_NAME -> tr [6:15]
|       `--END -> > [6:17]
|--TEXT ->   [6:18]
|--HTML_ELEMENT -> HTML_ELEMENT [6:19]
|   `--OPTGROUP_TAG_END -> OPTGROUP_TAG_END [6:19]
|       |--START -> < [6:19]
|       |--SLASH -> / [6:20]
|       |--OPTGROUP_HTML_TAG_NAME -> OPTGROUP [6:21]
|       `--END -> > [6:29]
|--NEWLINE -> \n [6:30]
|--LEADING_ASTERISK -> * [7:0]
|--TEXT ->   [7:1]
|--HTML_ELEMENT -> HTML_ELEMENT [7:2]
|   `--OPTGROUP -> OPTGROUP [7:2]
|       |--OPTGROUP_TAG_START -> OPTGROUP_TAG_START [7:2]
|       |   |--START -> < [7:2]
|       |   |--OPTGROUP_HTML_TAG_NAME -> optgroup [7:3]
|       |   `--END -> > [7:11]
|       |--TEXT ->   [7:12]
|       |--TD -> TD [7:13]
|       |   |--TD_TAG_START -> TD_TAG_START [7:13]
|       |   |   |--START -> < [7:13]
|       |   |   |--TD_HTML_TAG_NAME -> td [7:14]
|       |   |   `--END -> > [7:16]
|       |   |--TEXT ->   [7:17]
|       |   `--TD_TAG_END -> TD_TAG_END [7:18]
|       |       |--START -> < [7:18]
|       |       |--SLASH -> / [7:19]
|       |       |--TD_HTML_TAG_NAME -> td [7:20]
|       |       `--END -> > [7:22]
|       |--TEXT ->   [7:23]
|       `--OPTGROUP_TAG_END -> OPTGROUP_TAG_END [7:24]
|           |--START -> < [7:24]
|           |--SLASH -> / [7:25]
|           |--OPTGROUP_HTML_TAG_NAME -> OPTGROUP [7:26]
|           `--END -> > [7:34]
|--NEWLINE -> \n [7:35]
|--LEADING_ASTERISK -> * [8:0]
|--TEXT ->   [8:1]
|--HTML_ELEMENT -> HTML_ELEMENT [8:2]
|   `--OPTGROUP -> OPTGROUP [8:2]
|       |--OPTGROUP_TAG_START -> OPTGROUP_TAG_START [8:2]
|       |   |--START -> < [8:2]
|       |   |--OPTGROUP_HTML_TAG_NAME -> optgroup [8:3]
|       |   `--END -> > [8:11]
|       |--TEXT ->   [8:12]
|       |--TD_TAG_START -> TD_TAG_START [8:13]
|       |   |--START -> < [8:13]
|       |   |--TD_HTML_TAG_NAME -> td [8:14]
|       |   `--END -> > [8:16]
|       |--TEXT ->   [8:17]
|       `--OPTGROUP_TAG_END -> OPTGROUP_TAG_END [8:18]
|           |--START -> < [8:18]
|           |--SLASH -> / [8:19]
|           |--OPTGROUP_HTML_TAG_NAME -> OPTGROUP [8:20]
|           `--END -> > [8:28]
|--NEWLINE -> \n [8:29]
|--LEADING_ASTERISK -> * [9:0]
|--TEXT ->   [9:1]
|--HTML_ELEMENT -> HTML_ELEMENT [9:2]
|   `--OPTGROUP_TAG_START -> OPTGROUP_TAG_START [9:2]
|       |--START -> < [9:2]
|       |--OPTGROUP_HTML_TAG_NAME -> optgroup [9:3]
|       `--END -> > [9:11]
|--TEXT ->   [9:12]
|--HTML_ELEMENT -> HTML_ELEMENT [9:13]
|   `--TD_TAG_END -> TD_TAG_END [9:13]
|       |--START -> < [9:13]
|       |--SLASH -> / [9:14]
|       |--TD_HTML_TAG_NAME -> td [9:15]
|       `--END -> > [9:17]
|--TEXT ->   [9:18]
|--HTML_ELEMENT -> HTML_ELEMENT [9:19]
|   `--OPTGROUP_TAG_END -> OPTGROUP_TAG_END [9:19]
|       |--START -> < [9:19]
|       |--SLASH -> / [9:20]
|       |--OPTGROUP_HTML_TAG_NAME -> OPTGROUP [9:21]
|       `--END -> > [9:29]
|--NEWLINE -> \n [9:30]
|--LEADING_ASTERISK -> * [10:0]
|--TEXT ->   [10:1]
|--HTML_ELEMENT -> HTML_ELEMENT [10:2]
|   `--OPTGROUP -> OPTGROUP [10:2]
|       |--OPTGROUP_TAG_START -> OPTGROUP_TAG_START [10:2]
|       |   |--START -> < [10:2]
|       |   |--OPTGROUP_HTML_TAG_NAME -> optgroup [10:3]
|       |   `--END -> > [10:11]
|       |--TEXT ->   [10:12]
|       |--TH -> TH [10:13]
|       |   |--TH_TAG_START -> TH_TAG_START [10:13]
|       |   |   |--START -> < [10:13]
|       |   |   |--TH_HTML_TAG_NAME -> th [10:14]
|       |   |   `--END -> > [10:16]
|       |   |--TEXT ->   [10:17]
|       |   `--TH_TAG_END -> TH_TAG_END [10:18]
|       |       |--START -> < [10:18]
|       |       |--SLASH -> / [10:19]
|       |       |--TH_HTML_TAG_NAME -> th [10:20]
|       |       `--END -> > [10:22]
|       |--TEXT ->   [10:23]
|       `--OPTGROUP_TAG_END -> OPTGROUP_TAG_END [10:24]
|           |--START -> < [10:24]
|           |--SLASH -> / [10:25]
|           |--OPTGROUP_HTML_TAG_NAME -> OPTGROUP [10:26]
|           `--END -> > [10:34]
|--NEWLINE -> \n [10:35]
|--LEADING_ASTERISK -> * [11:0]
|--TEXT ->   [11:1]
|--HTML_ELEMENT -> HTML_ELEMENT [11:2]
|   `--OPTGROUP -> OPTGROUP [11:2]
|       |--OPTGROUP_TAG_START -> OPTGROUP_TAG_START [11:2]
|       |   |--START -> < [11:2]
|       |   |--OPTGROUP_HTML_TAG_NAME -> optgroup [11:3]
|       |   `--END -> > [11:11]
|       |--TEXT ->   [11:12]
|       |--TH_TAG_START -> TH_TAG_START [11:13]
|       |   |--START -> < [11:13]
|       |   |--TH_HTML_TAG_NAME -> th [11:14]
|       |   `--END -> > [11:16]
|       |--TEXT ->   [11:17]
|       `--OPTGROUP_TAG_END -> OPTGROUP_TAG_END [11:18]
|           |--START -> < [11:18]
|           |--SLASH -> / [11:19]
|           |--OPTGROUP_HTML_TAG_NAME -> OPTGROUP [11:20]
|           `--END -> > [11:28]
|--NEWLINE -> \n [11:29]
|--LEADING_ASTERISK -> * [12:0]
|--TEXT ->   [12:1]
|--HTML_ELEMENT -> HTML_ELEMENT [12:2]
|   `--OPTGROUP_TAG_START -> OPTGROUP_TAG_START [12:2]
|       |--START -> < [12:2]
|       |--OPTGROUP_HTML_TAG_NAME -> optgroup [12:3]
|       `--END -> > [12:11]
|--TEXT ->   [12:12]
|--HTML_ELEMENT -> HTML_ELEMENT [12:13]
|   `--TH_TAG_END -> TH_TAG_END [12:13]
|       |--START -> < [12:13]
|       |--SLASH -> / [12:14]
|       |--TH_HTML_TAG_NAME -> th [12:15]
|       `--END -> > [12:17]
|--TEXT ->   [12:18]
|--HTML_ELEMENT -> HTML_ELEMENT [12:19]
|   `--OPTGROUP_TAG_END -> OPTGROUP_TAG_END [12:19]
|       |--START -> < [12:19]
|       |--SLASH -> / [12:20]
|       |--OPTGROUP_HTML_TAG_NAME -> OPTGROUP [12:21]
|       `--END -> > [12:29]
|--NEWLINE -> \n [12:30]
|--LEADING_ASTERISK -> * [13:0]
|--TEXT ->   [13:1]
|--HTML_ELEMENT -> HTML_ELEMENT [13:2]
|   `--OPTGROUP -> OPTGROUP [13:2]
|       |--OPTGROUP_TAG_START -> OPTGROUP_TAG_START [13:2]
|       |   |--START -> < [13:2]
|       |   |--OPTGROUP_HTML_TAG_NAME -> optgroup [13:3]
|       |   `--END -> > [13:11]
|       |--TEXT ->   [13:12]
|       |--BODY -> BODY [13:13]
|       |   |--BODY_TAG_START -> BODY_TAG_START [13:13]
|       |   |   |--START -> < [13:13]
|       |   |   |--BODY_HTML_TAG_NAME -> body [13:14]
|       |   |   `--END -> > [13:18]
|       |   |--TEXT ->   [13:19]
|       |   `--BODY_TAG_END -> BODY_TAG_END [13:20]
|       |       |--START -> < [13:20]
|       |       |--SLASH -> / [13:21]
|       |       |--BODY_HTML_TAG_NAME -> body [13:22]
|       |       `--END -> > [13:26]
|       |--TEXT ->   [13:27]
|       `--OPTGROUP_TAG_END -> OPTGROUP_TAG_END [13:28]
|           |--START -> < [13:28]
|           |--SLASH -> / [13:29]
|           |--OPTGROUP_HTML_TAG_NAME -> OPTGROUP [13:30]
|           `--END -> > [13:38]
|--NEWLINE -> \n [13:39]
|--LEADING_ASTERISK -> * [14:0]
|--TEXT ->   [14:1]
|--HTML_ELEMENT -> HTML_ELEMENT [14:2]
|   `--OPTGROUP -> OPTGROUP [14:2]
|       |--OPTGROUP_TAG_START -> OPTGROUP_TAG_START [14:2]
|       |   |--START -> < [14:2]
|       |   |--OPTGROUP_HTML_TAG_NAME -> optgroup [14:3]
|       |   `--END -> > [14:11]
|       |--TEXT ->   [14:12]
|       |--BODY_TAG_START -> BODY_TAG_START [14:13]
|       |   |--START -> < [14:13]
|       |   |--BODY_HTML_TAG_NAME -> body [14:14]
|       |   `--END -> > [14:18]
|       |--TEXT ->   [14:19]
|       `--OPTGROUP_TAG_END -> OPTGROUP_TAG_END [14:20]
|           |--START -> < [14:20]
|           |--SLASH -> / [14:21]
|           |--OPTGROUP_HTML_TAG_NAME -> OPTGROUP [14:22]
|           `--END -> > [14:30]
|--NEWLINE -> \n [14:31]
|--LEADING_ASTERISK -> * [15:0]
|--TEXT ->   [15:1]
|--HTML_ELEMENT -> HTML_ELEMENT [15:2]
|   `--OPTGROUP_TAG_START -> OPTGROUP_TAG_START [15:2]
|       |--START -> < [15:2]
|       |--OPTGROUP_HTML_TAG_NAME -> optgroup [15:3]
|       `--END -> > [15:11]
|--TEXT ->   [15:12]
|--HTML_ELEMENT -> HTML_ELEMENT [15:13]
|   `--BODY_TAG_END -> BODY_TAG_END [15:13]
|       |--START -> < [15:13]
|       |--SLASH -> / [15:14]
|       |--BODY_HTML_TAG_NAME -> body [15:15]
|       `--END -> > [15:19]
|--TEXT ->   [15:20]
|--HTML_ELEMENT -> HTML_ELEMENT [15:21]
|   `--OPTGROUP_TAG_END -> OPTGROUP_TAG_END [15:21]
|       |--START -> < [15:21]
|       |--SLASH -> / [15:22]
|       |--OPTGROUP_HTML_TAG_NAME -> OPTGROUP [15:23]
|       `--END -> > [15:31]
|--NEWLINE -> \n [15:32]
|--LEADING_ASTERISK -> * [16:0]
|--TEXT ->   [16:1]
|--HTML_ELEMENT -> HTML_ELEMENT [16:2]
|   `--OPTGROUP -> OPTGROUP [16:2]
|       |--OPTGROUP_TAG_START -> OPTGROUP_TAG_START [16:2]
|       |   |--START -> < [16:2]
|       |   |--OPTGROUP_HTML_TAG_NAME -> optgroup [16:3]
|       |   `--END -> > [16:11]
|       |--TEXT ->   [16:12]
|       |--COLGROUP -> COLGROUP [16:13]
|       |   |--COLGROUP_TAG_START -> COLGROUP_TAG_START [16:13]
|       |   |   |--START -> < [16:13]
|       |   |   |--COLGROUP_HTML_TAG_NAME -> colgroup [16:14]
|       |   |   `--END -> > [16:22]
|       |   |--TEXT ->   [16:23]
|       |   `--COLGROUP_TAG_END -> COLGROUP_TAG_END [16:24]
|       |       |--START -> < [16:24]
|       |       |--SLASH -> / [16:25]
|       |       |--COLGROUP_HTML_TAG_NAME -> colgroup [16:26]
|       |       `--END -> > [16:34]
|       |--TEXT ->   [16:35]
|       `--OPTGROUP_TAG_END -> OPTGROUP_TAG_END [16:36]
|           |--START -> < [16:36]
|           |--SLASH -> / [16:37]
|           |--OPTGROUP_HTML_TAG_NAME -> OPTGROUP [16:38]
|           `--END -> > [16:46]
|--NEWLINE -> \n [16:47]
|--LEADING_ASTERISK -> * [17:0]
|--TEXT ->   [17:1]
|--HTML_ELEMENT -> HTML_ELEMENT [17:2]
|   `--OPTGROUP -> OPTGROUP [17:2]
|       |--OPTGROUP_TAG_START -> OPTGROUP_TAG_START [17:2]
|       |   |--START -> < [17:2]
|       |   |--OPTGROUP_HTML_TAG_NAME -> optgroup [17:3]
|       |   `--END -> > [17:11]
|       |--TEXT ->   [17:12]
|       |--COLGROUP_TAG_START -> COLGROUP_TAG_START [17:13]
|       |   |--START -> < [17:13]
|       |   |--COLGROUP_HTML_TAG_NAME -> colgroup [17:14]
|       |   `--END -> > [17:22]
|       |--TEXT ->   [17:23]
|       `--OPTGROUP_TAG_END -> OPTGROUP_TAG_END [17:24]
|           |--START -> < [17:24]
|           |--SLASH -> / [17:25]
|           |--OPTGROUP_HTML_TAG_NAME -> OPTGROUP [17:26]
|           `--END -> > [17:34]
|--NEWLINE -> \n [17:35]
|--LEADING_ASTERISK -> * [18:0]
|--TEXT ->   [18:1]
|--HTML_ELEMENT -> HTML_ELEMENT [18:2]
|   `--OPTGROUP_TAG_START -> OPTGROUP_TAG_START [18:2]
|       |--START -> < [18:2]
|       |--OPTGROUP_HTML_TAG_NAME -> optgroup [18:3]
|       `--END -> > [18:11]
|--TEXT ->   [18:12]
|--HTML_ELEMENT -> HTML_ELEMENT [18:13]
|   `--COLGROUP_TAG_END -> COLGROUP_TAG_END [18:13]
|       |--START -> < [18:13]
|       |--SLASH -> / [18:14]
|       |--COLGROUP_HTML_TAG_NAME -> colgroup [18:15]
|       `--END -> > [18:23]
|--TEXT ->   [18:24]
|--HTML_ELEMENT -> HTML_ELEMENT [18:25]
|   `--OPTGROUP_TAG_END -> OPTGROUP_TAG_END [18:25]
|       |--START -> < [18:25]
|       |--SLASH -> / [18:26]
|       |--OPTGROUP_HTML_TAG_NAME -> OPTGROUP [18:27]
|       `--END -> > [18:35]
|--NEWLINE -> \n [18:36]
|--LEADING_ASTERISK -> * [19:0]
|--TEXT ->   [19:1]
|--HTML_ELEMENT -> HTML_ELEMENT [19:2]
|   `--OPTGROUP -> OPTGROUP [19:2]
|       |--OPTGROUP_TAG_START -> OPTGROUP_TAG_START [19:2]
|       |   |--START -> < [19:2]
|       |   |--OPTGROUP_HTML_TAG_NAME -> optgroup [19:3]
|       |   `--END -> > [19:11]
|       |--TEXT ->   [19:12]
|       |--DD -> DD [19:13]
|       |   |--DD_TAG_START -> DD_TAG_START [19:13]
|       |   |   |--START -> < [19:13]
|       |   |   |--DD_HTML_TAG_NAME -> dd [19:14]
|       |   |   `--END -> > [19:16]
|       |   |--TEXT ->   [19:17]
|       |   `--DD_TAG_END -> DD_TAG_END [19:18]
|       |       |--START -> < [19:18]
|       |       |--SLASH -> / [19:19]
|       |       |--DD_HTML_TAG_NAME -> dd [19:20]
|       |       `--END -> > [19:22]
|       |--TEXT ->   [19:23]
|       `--OPTGROUP_TAG_END -> OPTGROUP_TAG_END [19:24]
|           |--START -> < [19:24]
|           |--SLASH -> / [19:25]
|           |--OPTGROUP_HTML_TAG_NAME -> OPTGROUP [19:26]
|           `--END -> > [19:34]
|--NEWLINE -> \n [19:35]
|--LEADING_ASTERISK -> * [20:0]
|--TEXT ->   [20:1]
|--HTML_ELEMENT -> HTML_ELEMENT [20:2]
|   `--OPTGROUP -> OPTGROUP [20:2]
|       |--OPTGROUP_TAG_START -> OPTGROUP_TAG_START [20:2]
|       |   |--START -> < [20:2]
|       |   |--OPTGROUP_HTML_TAG_NAME -> optgroup [20:3]
|       |   `--END -> > [20:11]
|       |--TEXT ->   [20:12]
|       |--DD_TAG_START -> DD_TAG_START [20:13]
|       |   |--START -> < [20:13]
|       |   |--DD_HTML_TAG_NAME -> dd [20:14]
|       |   `--END -> > [20:16]
|       |--TEXT ->   [20:17]
|       `--OPTGROUP_TAG_END -> OPTGROUP_TAG_END [20:18]
|           |--START -> < [20:18]
|           |--SLASH -> / [20:19]
|           |--OPTGROUP_HTML_TAG_NAME -> OPTGROUP [20:20]
|           `--END -> > [20:28]
|--NEWLINE -> \n [20:29]
|--LEADING_ASTERISK -> * [21:0]
|--TEXT ->   [21:1]
|--HTML_ELEMENT -> HTML_ELEMENT [21:2]
|   `--OPTGROUP_TAG_START -> OPTGROUP_TAG_START [21:2]
|       |--START -> < [21:2]
|       |--OPTGROUP_HTML_TAG_NAME -> optgroup [21:3]
|       `--END -> > [21:11]
|--TEXT ->   [21:12]
|--HTML_ELEMENT -> HTML_ELEMENT [21:13]
|   `--DD_TAG_END -> DD_TAG_END [21:13]
|       |--START -> < [21:13]
|       |--SLASH -> / [21:14]
|       |--DD_HTML_TAG_NAME -> dd [21:15]
|       `--END -> > [21:17]
|--TEXT ->   [21:18]
|--HTML_ELEMENT -> HTML_ELEMENT [21:19]
|   `--OPTGROUP_TAG_END -> OPTGROUP_TAG_END [21:19]
|       |--START -> < [21:19]
|       |--SLASH -> / [21:20]
|       |--OPTGROUP_HTML_TAG_NAME -> OPTGROUP [21:21]
|       `--END -> > [21:29]
|--NEWLINE -> \n [21:30]
|--LEADING_ASTERISK -> * [22:0]
|--TEXT ->   [22:1]
|--HTML_ELEMENT -> HTML_ELEMENT [22:2]
|   `--OPTGROUP -> OPTGROUP [22:2]
|       |--OPTGROUP_TAG_START -> OPTGROUP_TAG_START [22:2]
|       |   |--START -> < [22:2]
|       |   |--OPTGROUP_HTML_TAG_NAME -> optgroup [22:3]
|       |   `--END -> > [22:11]
|       |--TEXT ->   [22:12]
|       |--DT -> DT [22:13]
|       |   |--DT_TAG_START -> DT_TAG_START [22:13]
|       |   |   |--START -> < [22:13]
|       |   |   |--DT_HTML_TAG_NAME -> dt [22:14]
|       |   |   `--END -> > [22:16]
|       |   |--TEXT ->   [22:17]
|       |   `--DT_TAG_END -> DT_TAG_END [22:18]
|       |       |--START -> < [22:18]
|       |       |--SLASH -> / [22:19]
|       |       |--DT_HTML_TAG_NAME -> dt [22:20]
|       |       `--END -> > [22:22]
|       |--TEXT ->   [22:23]
|       `--OPTGROUP_TAG_END -> OPTGROUP_TAG_END [22:24]
|           |--START -> < [22:24]
|           |--SLASH -> / [22:25]
|           |--OPTGROUP_HTML_TAG_NAME -> OPTGROUP [22:26]
|           `--END -> > [22:34]
|--NEWLINE -> \n [22:35]
|--LEADING_ASTERISK -> * [23:0]
|--TEXT ->   [23:1]
|--HTML_ELEMENT -> HTML_ELEMENT [23:2]
|   `--OPTGROUP -> OPTGROUP [23:2]
|       |--OPTGROUP_TAG_START -> OPTGROUP_TAG_START [23:2]
|       |   |--START -> < [23:2]
|       |   |--OPTGROUP_HTML_TAG_NAME -> optgroup [23:3]
|       |   `--END -> > [23:11]
|       |--TEXT ->   [23:12]
|       |--DT_TAG_START -> DT_TAG_START [23:13]
|       |   |--START -> < [23:13]
|       |   |--DT_HTML_TAG_NAME -> dt [23:14]
|       |   `--END -> > [23:16]
|       |--TEXT ->   [23:17]
|       `--OPTGROUP_TAG_END -> OPTGROUP_TAG_END [23:18]
|           |--START -> < [23:18]
|           |--SLASH -> / [23:19]
|           |--OPTGROUP_HTML_TAG_NAME -> OPTGROUP [23:20]
|           `--END -> > [23:28]
|--NEWLINE -> \n [23:29]
|--LEADING_ASTERISK -> * [24:0]
|--TEXT ->   [24:1]
|--HTML_ELEMENT -> HTML_ELEMENT [24:2]
|   `--OPTGROUP_TAG_START -> OPTGROUP_TAG_START [24:2]
|       |--START -> < [24:2]
|       |--OPTGROUP_HTML_TAG_NAME -> optgroup [24:3]
|       `--END -> > [24:11]
|--TEXT ->   [24:12]
|--HTML_ELEMENT -> HTML_ELEMENT [24:13]
|   `--DT_TAG_END -> DT_TAG_END [24:13]
|       |--START -> < [24:13]
|       |--SLASH -> / [24:14]
|       |--DT_HTML_TAG_NAME -> dt [24:15]
|       `--END -> > [24:17]
|--TEXT ->   [24:18]
|--HTML_ELEMENT -> HTML_ELEMENT [24:19]
|   `--OPTGROUP_TAG_END -> OPTGROUP_TAG_END [24:19]
|       |--START -> < [24:19]
|       |--SLASH -> / [24:20]
|       |--OPTGROUP_HTML_TAG_NAME -> OPTGROUP [24:21]
|       `--END -> > [24:29]
|--NEWLINE -> \n [24:30]
|--LEADING_ASTERISK -> * [25:0]
|--TEXT ->   [25:1]
|--HTML_ELEMENT -> HTML_ELEMENT [25:2]
|   `--OPTGROUP -> OPTGROUP [25:2]
|       |--OPTGROUP_TAG_START -> OPTGROUP_TAG_START [25:2]
|       |   |--START -> < [25:2]
|       |   |--OPTGROUP_HTML_TAG_NAME -> optgroup [25:3]
|       |   `--END -> > [25:11]
|       |--TEXT ->   [25:12]
|       |--HEAD -> HEAD [25:13]
|       |   |--HEAD_TAG_START -> HEAD_TAG_START [25:13]
|       |   |   |--START -> < [25:13]
|       |   |   |--HEAD_HTML_TAG_NAME -> head [25:14]
|       |   |   `--END -> > [25:18]
|       |   |--TEXT ->   [25:19]
|       |   `--HEAD_TAG_END -> HEAD_TAG_END [25:20]
|       |       |--START -> < [25:20]
|       |       |--SLASH -> / [25:21]
|       |       |--HEAD_HTML_TAG_NAME -> head [25:22]
|       |       `--END -> > [25:26]
|       |--TEXT ->   [25:27]
|       `--OPTGROUP_TAG_END -> OPTGROUP_TAG_END [25:28]
|           |--START -> < [25:28]
|           |--SLASH -> / [25:29]
|           |--OPTGROUP_HTML_TAG_NAME -> OPTGROUP [25:30]
|           `--END -> > [25:38]
|--NEWLINE -> \n [25:39]
|--LEADING_ASTERISK -> * [26:0]
|--TEXT ->   [26:1]
|--HTML_ELEMENT -> HTML_ELEMENT [26:2]
|   `--OPTGROUP -> OPTGROUP [26:2]
|       |--OPTGROUP_TAG_START -> OPTGROUP_TAG_START [26:2]
|       |   |--START -> < [26:2]
|       |   |--OPTGROUP_HTML_TAG_NAME -> optgroup [26:3]
|       |   `--END -> > [26:11]
|       |--TEXT ->   [26:12]
|       |--HEAD_TAG_START -> HEAD_TAG_START [26:13]
|       |   |--START -> < [26:13]
|       |   |--HEAD_HTML_TAG_NAME -> head [26:14]
|       |   `--END -> > [26:18]
|       |--TEXT ->   [26:19]
|       `--OPTGROUP_TAG_END -> OPTGROUP_TAG_END [26:20]
|           |--START -> < [26:20]
|           |--SLASH -> / [26:21]
|           |--OPTGROUP_HTML_TAG_NAME -> OPTGROUP [26:22]
|           `--END -> > [26:30]
|--NEWLINE -> \n [26:31]
|--LEADING_ASTERISK -> * [27:0]
|--TEXT ->   [27:1]
|--HTML_ELEMENT -> HTML_ELEMENT [27:2]
|   `--OPTGROUP_TAG_START -> OPTGROUP_TAG_START [27:2]
|       |--START -> < [27:2]
|       |--OPTGROUP_HTML_TAG_NAME -> optgroup [27:3]
|       `--END -> > [27:11]
|--TEXT ->   [27:12]
|--HTML_ELEMENT -> HTML_ELEMENT [27:13]
|   `--HEAD_TAG_END -> HEAD_TAG_END [27:13]
|       |--START -> < [27:13]
|       |--SLASH -> / [27:14]
|       |--HEAD_HTML_TAG_NAME -> head [27:15]
|       `--END -> > [27:19]
|--TEXT ->   [27:20]
|--HTML_ELEMENT -> HTML_ELEMENT [27:21]
|   `--OPTGROUP_TAG_END -> OPTGROUP_TAG_END [27:21]
|       |--START -> < [27:21]
|       |--SLASH -> / [27:22]
|       |--OPTGROUP_HTML_TAG_NAME -> OPTGROUP [27:23]
|       `--END -> > [27:31]
|--NEWLINE -> \n [27:32]
|--LEADING_ASTERISK -> * [28:0]
|--TEXT ->   [28:1]
|--HTML_ELEMENT -> HTML_ELEMENT [28:2]
|   `--OPTGROUP -> OPTGROUP [28:2]
|       |--OPTGROUP_TAG_START -> OPTGROUP_TAG_START [28:2]
|       |   |--START -> < [28:2]
|       |   |--OPTGROUP_HTML_TAG_NAME -> optgroup [28:3]
|       |   `--END -> > [28:11]
|       |--TEXT ->   [28:12]
|       |--HTML -> HTML [28:13]
|       |   |--HTML_TAG_START -> HTML_TAG_START [28:13]
|       |   |   |--START -> < [28:13]
|       |   |   |--HTML_HTML_TAG_NAME -> html [28:14]
|       |   |   `--END -> > [28:18]
|       |   |--TEXT ->   [28:19]
|       |   `--HTML_TAG_END -> HTML_TAG_END [28:20]
|       |       |--START -> < [28:20]
|       |       |--SLASH -> / [28:21]
|       |       |--HTML_HTML_TAG_NAME -> html [28:22]
|       |       `--END -> > [28:26]
|       |--TEXT ->   [28:27]
|       `--OPTGROUP_TAG_END -> OPTGROUP_TAG_END [28:28]
|           |--START -> < [28:28]
|           |--SLASH -> / [28:29]
|           |--OPTGROUP_HTML_TAG_NAME -> OPTGROUP [28:30]
|           `--END -> > [28:38]
|--NEWLINE -> \n [28:39]
|--LEADING_ASTERISK -> * [29:0]
|--TEXT ->   [29:1]
|--HTML_ELEMENT -> HTML_ELEMENT [29:2]
|   `--OPTGROUP -> OPTGROUP [29:2]
|       |--OPTGROUP_TAG_START -> OPTGROUP_TAG_START [29:2]
|       |   |--START -> < [29:2]
|       |   |--OPTGROUP_HTML_TAG_NAME -> optgroup [29:3]
|       |   `--END -> > [29:11]
|       |--TEXT ->   [29:12]
|       |--HTML_TAG_START -> HTML_TAG_START [29:13]
|       |   |--START -> < [29:13]
|       |   |--HTML_HTML_TAG_NAME -> html [29:14]
|       |   `--END -> > [29:18]
|       |--TEXT ->   [29:19]
|       `--OPTGROUP_TAG_END -> OPTGROUP_TAG_END [29:20]
|           |--START -> < [29:20]
|           |--SLASH -> / [29:21]
|           |--OPTGROUP_HTML_TAG_NAME -> OPTGROUP [29:22]
|           `--END -> > [29:30]
|--NEWLINE -> \n [29:31]
|--LEADING_ASTERISK -> * [30:0]
|--TEXT ->   [30:1]
|--HTML_ELEMENT -> HTML_ELEMENT [30:2]
|   `--OPTGROUP_TAG_START -> OPTGROUP_TAG_START [30:2]
|       |--START -> < [30:2]
|       |--OPTGROUP_HTML_TAG_NAME -> optgroup [30:3]
|       `--END -> > [30:11]
|--TEXT ->   [30:12]
|--HTML_ELEMENT -> HTML_ELEMENT [30:13]
|   `--HTML_TAG_END -> HTML_TAG_END [30:13]
|       |--START -> < [30:13]
|       |--SLASH -> / [30:14]
|       |--HTML_HTML_TAG_NAME -> html [30:15]
|       `--END -> > [30:19]
|--TEXT ->   [30:20]
|--HTML_ELEMENT -> HTML_ELEMENT [30:21]
|   `--OPTGROUP_TAG_END -> OPTGROUP_TAG_END [30:21]
|       |--START -> < [30:21]
|       |--SLASH -> / [30:22]
|       |--OPTGROUP_HTML_TAG_NAME -> OPTGROUP [30:23]
|       `--END -> > [30:31]
|--NEWLINE -> \n [30:32]
|--LEADING_ASTERISK -> * [31:0]
|--TEXT ->   [31:1]
|--HTML_ELEMENT -> HTML_ELEMENT [31:2]
|   `--OPTGROUP -> OPTGROUP [31:2]
|       |--OPTGROUP_TAG_START -> OPTGROUP_TAG_START [31:2]
|       |   |--START -> < [31:2]
|       |   |--OPTGROUP_HTML_TAG_NAME -> optgroup [31:3]
|       |   `--END -> > [31:11]
|       |--TEXT ->   [31:12]
|       |--OPTION -> OPTION [31:13]
|       |   |--OPTION_TAG_START -> OPTION_TAG_START [31:13]
|       |   |   |--START -> < [31:13]
|       |   |   |--OPTION_HTML_TAG_NAME -> option [31:14]
|       |   |   `--END -> > [31:20]
|       |   |--TEXT ->   [31:21]
|       |   `--OPTION_TAG_END -> OPTION_TAG_END [31:22]
|       |       |--START -> < [31:22]
|       |       |--SLASH -> / [31:23]
|       |       |--OPTION_HTML_TAG_NAME -> option [31:24]
|       |       `--END -> > [31:30]
|       |--TEXT ->   [31:31]
|       `--OPTGROUP_TAG_END -> OPTGROUP_TAG_END [31:32]
|           |--START -> < [31:32]
|           |--SLASH -> / [31:33]
|           |--OPTGROUP_HTML_TAG_NAME -> OPTGROUP [31:34]
|           `--END -> > [31:42]
|--NEWLINE -> \n [31:43]
|--LEADING_ASTERISK -> * [32:0]
|--TEXT ->   [32:1]
|--HTML_ELEMENT -> HTML_ELEMENT [32:2]
|   `--OPTGROUP -> OPTGROUP [32:2]
|       |--OPTGROUP_TAG_START -> OPTGROUP_TAG_START [32:2]
|       |   |--START -> < [32:2]
|       |   |--OPTGROUP_HTML_TAG_NAME -> optgroup [32:3]
|       |   `--END -> > [32:11]
|       |--TEXT ->   [32:12]
|       |--OPTION_TAG_START -> OPTION_TAG_START [32:13]
|       |   |--START -> < [32:13]
|       |   |--OPTION_HTML_TAG_NAME -> option [32:14]
|       |   `--END -> > [32:20]
|       |--TEXT ->   [32:21]
|       `--OPTGROUP_TAG_END -> OPTGROUP_TAG_END [32:22]
|           |--START -> < [32:22]
|           |--SLASH -> / [32:23]
|           |--OPTGROUP_HTML_TAG_NAME -> OPTGROUP [32:24]
|           `--END -> > [32:32]
|--NEWLINE -> \n [32:33]
|--LEADING_ASTERISK -> * [33:0]
|--TEXT ->   [33:1]
|--HTML_ELEMENT -> HTML_ELEMENT [33:2]
|   `--OPTGROUP_TAG_START -> OPTGROUP_TAG_START [33:2]
|       |--START -> < [33:2]
|       |--OPTGROUP_HTML_TAG_NAME -> optgroup [33:3]
|       `--END -> > [33:11]
|--TEXT ->   [33:12]
|--HTML_ELEMENT -> HTML_ELEMENT [33:13]
|   `--OPTION_TAG_END -> OPTION_TAG_END [33:13]
|       |--START -> < [33:13]
|       |--SLASH -> / [33:14]
|       |--OPTION_HTML_TAG_NAME -> option [33:15]
|       `--END -> > [33:21]
|--TEXT ->   [33:22]
|--HTML_ELEMENT -> HTML_ELEMENT [33:23]
|   `--OPTGROUP_TAG_END -> OPTGROUP_TAG_END [33:23]
|       |--START -> < [33:23]
|       |--SLASH -> / [33:24]
|       |--OPTGROUP_HTML_TAG_NAME -> OPTGROUP [33:25]
|       `--END -> > [33:33]
|--NEWLINE -> \n [33:34]
|--LEADING_ASTERISK -> * [34:0]
|--TEXT ->   [34:1]
|--HTML_ELEMENT -> HTML_ELEMENT [34:2]
|   `--OPTGROUP -> OPTGROUP [34:2]
|       |--OPTGROUP_TAG_START -> OPTGROUP_TAG_START [34:2]
|       |   |--START -> < [34:2]
|       |   |--OPTGROUP_HTML_TAG_NAME -> optgroup [34:3]
|       |   `--END -> > [34:11]
|       |--TEXT ->   [34:12]
|       |--TBODY -> TBODY [34:13]
|       |   |--TBODY_TAG_START -> TBODY_TAG_START [34:13]
|       |   |   |--START -> < [34:13]
|       |   |   |--TBODY_HTML_TAG_NAME -> tbody [34:14]
|       |   |   `--END -> > [34:19]
|       |   |--TEXT ->   [34:20]
|       |   `--TBODY_TAG_END -> TBODY_TAG_END [34:21]
|       |       |--START -> < [34:21]
|       |       |--SLASH -> / [34:22]
|       |       |--TBODY_HTML_TAG_NAME -> tbody [34:23]
|       |       `--END -> > [34:28]
|       |--TEXT ->   [34:29]
|       `--OPTGROUP_TAG_END -> OPTGROUP_TAG_END [34:30]
|           |--START -> < [34:30]
|           |--SLASH -> / [34:31]
|           |--OPTGROUP_HTML_TAG_NAME -> OPTGROUP [34:32]
|           `--END -> > [34:40]
|--NEWLINE -> \n [34:41]
|--LEADING_ASTERISK -> * [35:0]
|--TEXT ->   [35:1]
|--HTML_ELEMENT -> HTML_ELEMENT [35:2]
|   `--OPTGROUP -> OPTGROUP [35:2]
|       |--OPTGROUP_TAG_START -> OPTGROUP_TAG_START [35:2]
|       |   |--START -> < [35:2]
|       |   |--OPTGROUP_HTML_TAG_NAME -> optgroup [35:3]
|       |   `--END -> > [35:11]
|       |--TEXT ->   [35:12]
|       |--TBODY_TAG_START -> TBODY_TAG_START [35:13]
|       |   |--START -> < [35:13]
|       |   |--TBODY_HTML_TAG_NAME -> tbody [35:14]
|       |   `--END -> > [35:19]
|       |--TEXT ->   [35:20]
|       `--OPTGROUP_TAG_END -> OPTGROUP_TAG_END [35:21]
|           |--START -> < [35:21]
|           |--SLASH -> / [35:22]
|           |--OPTGROUP_HTML_TAG_NAME -> OPTGROUP [35:23]
|           `--END -> > [35:31]
|--NEWLINE -> \n [35:32]
|--LEADING_ASTERISK -> * [36:0]
|--TEXT ->   [36:1]
|--HTML_ELEMENT -> HTML_ELEMENT [36:2]
|   `--OPTGROUP_TAG_START -> OPTGROUP_TAG_START [36:2]
|       |--START -> < [36:2]
|       |--OPTGROUP_HTML_TAG_NAME -> optgroup [36:3]
|       `--END -> > [36:11]
|--TEXT ->   [36:12]
|--HTML_ELEMENT -> HTML_ELEMENT [36:13]
|   `--TBODY_TAG_END -> TBODY_TAG_END [36:13]
|       |--START -> < [36:13]
|       |--SLASH -> / [36:14]
|       |--TBODY_HTML_TAG_NAME -> tbody [36:15]
|       `--END -> > [36:20]
|--TEXT ->   [36:21]
|--HTML_ELEMENT -> HTML_ELEMENT [36:22]
|   `--OPTGROUP_TAG_END -> OPTGROUP_TAG_END [36:22]
|       |--START -> < [36:22]
|       |--SLASH -> / [36:23]
|       |--OPTGROUP_HTML_TAG_NAME -> OPTGROUP [36:24]
|       `--END -> > [36:32]
|--NEWLINE -> \n [36:33]
|--LEADING_ASTERISK -> * [37:0]
|--TEXT ->   [37:1]
|--HTML_ELEMENT -> HTML_ELEMENT [37:2]
|   `--OPTGROUP -> OPTGROUP [37:2]
|       |--OPTGROUP_TAG_START -> OPTGROUP_TAG_START [37:2]
|       |   |--START -> < [37:2]
|       |   |--OPTGROUP_HTML_TAG_NAME -> optgroup [37:3]
|       |   `--END -> > [37:11]
|       |--TEXT ->   [37:12]
|       |--TFOOT -> TFOOT [37:13]
|       |   |--TFOOT_TAG_START -> TFOOT_TAG_START [37:13]
|       |   |   |--START -> < [37:13]
|       |   |   |--TFOOT_HTML_TAG_NAME -> tfoot [37:14]
|       |   |   `--END -> > [37:19]
|       |   |--TEXT ->   [37:20]
|       |   `--TFOOT_TAG_END -> TFOOT_TAG_END [37:21]
|       |       |--START -> < [37:21]
|       |       |--SLASH -> / [37:22]
|       |       |--TFOOT_HTML_TAG_NAME -> tfoot [37:23]
|       |       `--END -> > [37:28]
|       |--TEXT ->   [37:29]
|       `--OPTGROUP_TAG_END -> OPTGROUP_TAG_END [37:30]
|           |--START -> < [37:30]
|           |--SLASH -> / [37:31]
|           |--OPTGROUP_HTML_TAG_NAME -> OPTGROUP [37:32]
|           `--END -> > [37:40]
|--NEWLINE -> \n [37:41]
|--LEADING_ASTERISK -> * [38:0]
|--TEXT ->   [38:1]
|--HTML_ELEMENT -> HTML_ELEMENT [38:2]
|   `--OPTGROUP -> OPTGROUP [38:2]
|       |--OPTGROUP_TAG_START -> OPTGROUP_TAG_START [38:2]
|       |   |--START -> < [38:2]
|       |   |--OPTGROUP_HTML_TAG_NAME -> optgroup [38:3]
|       |   `--END -> > [38:11]
|       |--TEXT ->   [38:12]
|       |--TFOOT_TAG_START -> TFOOT_TAG_START [38:13]
|       |   |--START -> < [38:13]
|       |   |--TFOOT_HTML_TAG_NAME -> tfoot [38:14]
|       |   `--END -> > [38:19]
|       |--TEXT ->   [38:20]
|       `--OPTGROUP_TAG_END -> OPTGROUP_TAG_END [38:21]
|           |--START -> < [38:21]
|           |--SLASH -> / [38:22]
|           |--OPTGROUP_HTML_TAG_NAME -> OPTGROUP [38:23]
|           `--END -> > [38:31]
|--NEWLINE -> \n [38:32]
|--LEADING_ASTERISK -> * [39:0]
|--TEXT ->   [39:1]
|--HTML_ELEMENT -> HTML_ELEMENT [39:2]
|   `--OPTGROUP_TAG_START -> OPTGROUP_TAG_START [39:2]
|       |--START -> < [39:2]
|       |--OPTGROUP_HTML_TAG_NAME -> optgroup [39:3]
|       `--END -> > [39:11]
|--TEXT ->   [39:12]
|--HTML_ELEMENT -> HTML_ELEMENT [39:13]
|   `--TFOOT_TAG_END -> TFOOT_TAG_END [39:13]
|       |--START -> < [39:13]
|       |--SLASH -> / [39:14]
|       |--TFOOT_HTML_TAG_NAME -> tfoot [39:15]
|       `--END -> > [39:20]
|--TEXT ->   [39:21]
|--HTML_ELEMENT -> HTML_ELEMENT [39:22]
|   `--OPTGROUP_TAG_END -> OPTGROUP_TAG_END [39:22]
|       |--START -> < [39:22]
|       |--SLASH -> / [39:23]
|       |--OPTGROUP_HTML_TAG_NAME -> OPTGROUP [39:24]
|       `--END -> > [39:32]
|--NEWLINE -> \n [39:33]
|--LEADING_ASTERISK -> * [40:0]
|--TEXT ->   [40:1]
|--HTML_ELEMENT -> HTML_ELEMENT [40:2]
|   `--OPTGROUP -> OPTGROUP [40:2]
|       |--OPTGROUP_TAG_START -> OPTGROUP_TAG_START [40:2]
|       |   |--START -> < [40:2]
|       |   |--OPTGROUP_HTML_TAG_NAME -> optgroup [40:3]
|       |   |--WS ->   [40:11]
|       |   |--ATTRIBUTE -> ATTRIBUTE [40:12]
|       |   |   |--HTML_TAG_NAME -> style [40:12]
|       |   |   |--EQUALS -> = [40:17]
|       |   |   `--ATTR_VALUE -> "color:red" [40:18]
|       |   |--WS ->      [40:29]
|       |   |--NEWLINE -> \n [40:33]
|       |   |--LEADING_ASTERISK -> * [41:0]
|       |   |--NEWLINE -> \n [41:1]
|       |   |--LEADING_ASTERISK -> * [42:0]
|       |   |--WS ->   [42:2]
|       |   `--END -> > [42:3]
|       |--TEXT ->   [42:4]
|       |--HTML_COMMENT -> HTML_COMMENT [42:5]
|       |   |--HTML_COMMENT_START -> <!-- [42:5]
|       |   |--TEXT -> HTML COMMENT [42:9]
|       |   `--HTML_COMMENT_END -> --> [42:21]
|       |--TEXT ->    [42:24]
|       `--OPTGROUP_TAG_END -> OPTGROUP_TAG_END [42:26]
|           |--START -> < [42:26]
|           |--SLASH -> / [42:27]
|           |--OPTGROUP_HTML_TAG_NAME -> OptGroup [42:28]
|           |--NEWLINE -> \n [42:36]
|           |--LEADING_ASTERISK -> * [43:0]
|           |--NEWLINE -> \n [43:1]
|           |--LEADING_ASTERISK -> * [44:0]
|           |--WS ->   [44:1]
|           `--END -> > [44:2]
`--EOF -> <EOF> [44:3]]
>
	at com.puppycrawl.tools.checkstyle.grammar.javadoc.JavadocParseTreeTest.testOptgroupHtmlTag(JavadocParseTreeTest.java:314)
]]></failure>
  </testcase>
  <testcase name="since" classname="com.puppycrawl.tools.checkstyle.grammar.javadoc.JavadocParseTreeTest" time="0">
    <failure message="Generated tree from the javadoc file should match the pre-defined tree expected:&lt;...DOC -&gt; JAVADOC [0:0][&#10;|--LEADING_ASTERISK -&gt; * [0:0]&#10;|--WS -&gt;   [0:1]&#10;|--JAVADOC_TAG -&gt; JAVADOC_TAG [0:2]&#10;|   |--SINCE_LITERAL -&gt; @since [0:2]&#10;|   |--WS -&gt;   [0:8]&#10;|   `--DESCRIPTION -&gt; DESCRIPTION [0:9]&#10;|       |--TEXT -&gt; 1.5 [0:9]&#10;|       `--NEWLINE -&gt; \n [0:12]&#10;|--LEADING_ASTERISK -&gt;  * [1:0]&#10;|--WS -&gt;   [1:2]&#10;|--JAVADOC_TAG -&gt; JAVADOC_TAG [1:3]&#10;|   |--SINCE_LITERAL -&gt; @since [1:3]&#10;|   |--WS -&gt;   [1:9]&#10;|   `--DESCRIPTION -&gt; DESCRIPTION [1:10]&#10;|       `--TEXT -&gt; Release 3.4.5 [1:10]&#10;`--EOF -&gt; &lt;EOF&gt; [1:23]]&#10;&gt; but was:&lt;...DOC -&gt; JAVADOC [0:0][&#10;|--LEADING_ASTERISK -&gt; * [0:0]&#10;|--WS -&gt;   [0:1]&#10;|--JAVADOC_TAG -&gt; JAVADOC_TAG [0:2]&#10;|   |--SINCE_LITERAL -&gt; @since [0:2]&#10;|   |--WS -&gt;   [0:8]&#10;|   `--DESCRIPTION -&gt; DESCRIPTION [0:9]&#10;|       |--TEXT -&gt; 1.5 [0:9]&#10;|       `--NEWLINE -&gt; \n [0:12]&#10;|--LEADING_ASTERISK -&gt;  * [1:0]&#10;|--WS -&gt;   [1:2]&#10;|--JAVADOC_TAG -&gt; JAVADOC_TAG [1:3]&#10;|   |--SINCE_LITERAL -&gt; @since [1:3]&#10;|   |--WS -&gt;   [1:9]&#10;|   `--DESCRIPTION -&gt; DESCRIPTION [1:10]&#10;|       `--TEXT -&gt; Release 3.4.5 [1:10]&#10;`--EOF -&gt; &lt;EOF&gt; [1:23]&#13;]&#10;&gt;" type="org.junit.ComparisonFailure"><![CDATA[org.junit.ComparisonFailure: 
Generated tree from the javadoc file should match the pre-defined tree expected:<...DOC -> JAVADOC [0:0][
|--LEADING_ASTERISK -> * [0:0]
|--WS ->   [0:1]
|--JAVADOC_TAG -> JAVADOC_TAG [0:2]
|   |--SINCE_LITERAL -> @since [0:2]
|   |--WS ->   [0:8]
|   `--DESCRIPTION -> DESCRIPTION [0:9]
|       |--TEXT -> 1.5 [0:9]
|       `--NEWLINE -> \n [0:12]
|--LEADING_ASTERISK ->  * [1:0]
|--WS ->   [1:2]
|--JAVADOC_TAG -> JAVADOC_TAG [1:3]
|   |--SINCE_LITERAL -> @since [1:3]
|   |--WS ->   [1:9]
|   `--DESCRIPTION -> DESCRIPTION [1:10]
|       `--TEXT -> Release 3.4.5 [1:10]
`--EOF -> <EOF> [1:23]]
> but was:<...DOC -> JAVADOC [0:0][
|--LEADING_ASTERISK -> * [0:0]
|--WS ->   [0:1]
|--JAVADOC_TAG -> JAVADOC_TAG [0:2]
|   |--SINCE_LITERAL -> @since [0:2]
|   |--WS ->   [0:8]
|   `--DESCRIPTION -> DESCRIPTION [0:9]
|       |--TEXT -> 1.5 [0:9]
|       `--NEWLINE -> \n [0:12]
|--LEADING_ASTERISK ->  * [1:0]
|--WS ->   [1:2]
|--JAVADOC_TAG -> JAVADOC_TAG [1:3]
|   |--SINCE_LITERAL -> @since [1:3]
|   |--WS ->   [1:9]
|   `--DESCRIPTION -> DESCRIPTION [1:10]
|       `--TEXT -> Release 3.4.5 [1:10]
`--EOF -> <EOF> [1:23]]
>
	at com.puppycrawl.tools.checkstyle.grammar.javadoc.JavadocParseTreeTest.since(JavadocParseTreeTest.java:116)
]]></failure>
  </testcase>
  <testcase name="htmlComments" classname="com.puppycrawl.tools.checkstyle.grammar.javadoc.JavadocParseTreeTest" time="0">
    <failure message="Generated tree from the javadoc file should match the pre-defined tree expected:&lt;...DOC -&gt; JAVADOC [0:0][&#10;|--LEADING_ASTERISK -&gt;  * [0:0]&#10;|--TEXT -&gt;  Use  [0:2]&#10;|--HTML_COMMENT -&gt; HTML_COMMENT [0:7]&#10;|   |--HTML_COMMENT_START -&gt; &lt;!-- [0:7]&#10;|   |--TEXT -&gt;  standard [0:11]&#10;|   |--NEWLINE -&gt; \n [0:20]&#10;|   |--LEADING_ASTERISK -&gt;  * [1:0]&#10;|   |--TEXT -&gt;  java type  [1:2]&#10;|   `--HTML_COMMENT_END -&gt; --&gt; [1:13]&#10;|--TEXT -&gt;   [1:16]&#10;|--HTML_ELEMENT -&gt; HTML_ELEMENT [1:17]&#10;|   `--HTML_TAG -&gt; HTML_TAG [1:17]&#10;|       |--HTML_ELEMENT_START -&gt; HTML_ELEMENT_START [1:17]&#10;|       |   |--START -&gt; &lt; [1:17]&#10;|       |   |--HTML_TAG_NAME -&gt; b [1:18]&#10;|       |   `--END -&gt; &gt; [1:19]&#10;|       |--TEXT -&gt; String [1:20]&#10;|       `--HTML_ELEMENT_END -&gt; HTML_ELEMENT_END [1:26]&#10;|           |--START -&gt; &lt; [1:26]&#10;|           |--SLASH -&gt; / [1:27]&#10;|           |--HTML_TAG_NAME -&gt; b [1:28]&#10;|           `--END -&gt; &gt; [1:29]&#10;`--EOF -&gt; &lt;EOF&gt; [1:30]]&#10;&gt; but was:&lt;...DOC -&gt; JAVADOC [0:0][&#10;|--LEADING_ASTERISK -&gt;  * [0:0]&#10;|--TEXT -&gt;  Use  [0:2]&#10;|--HTML_COMMENT -&gt; HTML_COMMENT [0:7]&#10;|   |--HTML_COMMENT_START -&gt; &lt;!-- [0:7]&#10;|   |--TEXT -&gt;  standard [0:11]&#10;|   |--NEWLINE -&gt; \n [0:20]&#10;|   |--LEADING_ASTERISK -&gt;  * [1:0]&#10;|   |--TEXT -&gt;  java type  [1:2]&#10;|   `--HTML_COMMENT_END -&gt; --&gt; [1:13]&#10;|--TEXT -&gt;   [1:16]&#10;|--HTML_ELEMENT -&gt; HTML_ELEMENT [1:17]&#10;|   `--HTML_TAG -&gt; HTML_TAG [1:17]&#10;|       |--HTML_ELEMENT_START -&gt; HTML_ELEMENT_START [1:17]&#10;|       |   |--START -&gt; &lt; [1:17]&#10;|       |   |--HTML_TAG_NAME -&gt; b [1:18]&#10;|       |   `--END -&gt; &gt; [1:19]&#10;|       |--TEXT -&gt; String [1:20]&#10;|       `--HTML_ELEMENT_END -&gt; HTML_ELEMENT_END [1:26]&#10;|           |--START -&gt; &lt; [1:26]&#10;|           |--SLASH -&gt; / [1:27]&#10;|           |--HTML_TAG_NAME -&gt; b [1:28]&#10;|           `--END -&gt; &gt; [1:29]&#10;`--EOF -&gt; &lt;EOF&gt; [1:30]&#13;]&#10;&gt;" type="org.junit.ComparisonFailure"><![CDATA[org.junit.ComparisonFailure: 
Generated tree from the javadoc file should match the pre-defined tree expected:<...DOC -> JAVADOC [0:0][
|--LEADING_ASTERISK ->  * [0:0]
|--TEXT ->  Use  [0:2]
|--HTML_COMMENT -> HTML_COMMENT [0:7]
|   |--HTML_COMMENT_START -> <!-- [0:7]
|   |--TEXT ->  standard [0:11]
|   |--NEWLINE -> \n [0:20]
|   |--LEADING_ASTERISK ->  * [1:0]
|   |--TEXT ->  java type  [1:2]
|   `--HTML_COMMENT_END -> --> [1:13]
|--TEXT ->   [1:16]
|--HTML_ELEMENT -> HTML_ELEMENT [1:17]
|   `--HTML_TAG -> HTML_TAG [1:17]
|       |--HTML_ELEMENT_START -> HTML_ELEMENT_START [1:17]
|       |   |--START -> < [1:17]
|       |   |--HTML_TAG_NAME -> b [1:18]
|       |   `--END -> > [1:19]
|       |--TEXT -> String [1:20]
|       `--HTML_ELEMENT_END -> HTML_ELEMENT_END [1:26]
|           |--START -> < [1:26]
|           |--SLASH -> / [1:27]
|           |--HTML_TAG_NAME -> b [1:28]
|           `--END -> > [1:29]
`--EOF -> <EOF> [1:30]]
> but was:<...DOC -> JAVADOC [0:0][
|--LEADING_ASTERISK ->  * [0:0]
|--TEXT ->  Use  [0:2]
|--HTML_COMMENT -> HTML_COMMENT [0:7]
|   |--HTML_COMMENT_START -> <!-- [0:7]
|   |--TEXT ->  standard [0:11]
|   |--NEWLINE -> \n [0:20]
|   |--LEADING_ASTERISK ->  * [1:0]
|   |--TEXT ->  java type  [1:2]
|   `--HTML_COMMENT_END -> --> [1:13]
|--TEXT ->   [1:16]
|--HTML_ELEMENT -> HTML_ELEMENT [1:17]
|   `--HTML_TAG -> HTML_TAG [1:17]
|       |--HTML_ELEMENT_START -> HTML_ELEMENT_START [1:17]
|       |   |--START -> < [1:17]
|       |   |--HTML_TAG_NAME -> b [1:18]
|       |   `--END -> > [1:19]
|       |--TEXT -> String [1:20]
|       `--HTML_ELEMENT_END -> HTML_ELEMENT_END [1:26]
|           |--START -> < [1:26]
|           |--SLASH -> / [1:27]
|           |--HTML_TAG_NAME -> b [1:28]
|           `--END -> > [1:29]
`--EOF -> <EOF> [1:30]]
>
	at com.puppycrawl.tools.checkstyle.grammar.javadoc.JavadocParseTreeTest.htmlComments(JavadocParseTreeTest.java:164)
]]></failure>
  </testcase>
  <testcase name="testUppercaseInPackageName" classname="com.puppycrawl.tools.checkstyle.grammar.javadoc.JavadocParseTreeTest" time="0.047">
    <failure message="Generated tree from the javadoc file should match the pre-defined tree expected:&lt;...DOC -&gt; JAVADOC [0:0][&#10;|--LEADING_ASTERISK -&gt; * [0:0]&#10;|--WS -&gt;   [0:1]&#10;|--JAVADOC_TAG -&gt; JAVADOC_TAG [0:2]&#10;|   |--SEE_LITERAL -&gt; @see [0:2]&#10;|   |--WS -&gt;   [0:6]&#10;|   |--REFERENCE -&gt; REFERENCE [0:7]&#10;|   |   |--HASH -&gt; # [0:7]&#10;|   |   `--MEMBER -&gt; fn [0:8]&#10;|   `--NEWLINE -&gt; \n [0:10]&#10;|--LEADING_ASTERISK -&gt; * [1:0]&#10;|--WS -&gt;   [1:1]&#10;|--JAVADOC_TAG -&gt; JAVADOC_TAG [1:2]&#10;|   |--SEE_LITERAL -&gt; @see [1:2]&#10;|   |--WS -&gt;   [1:6]&#10;|   |--REFERENCE -&gt; REFERENCE [1:7]&#10;|   |   |--HASH -&gt; # [1:7]&#10;|   |   `--MEMBER -&gt; FN [1:8]&#10;|   `--NEWLINE -&gt; \n [1:10]&#10;|--LEADING_ASTERISK -&gt; * [2:0]&#10;|--WS -&gt;   [2:1]&#10;|--JAVADOC_TAG -&gt; JAVADOC_TAG [2:2]&#10;|   |--SEE_LITERAL -&gt; @see [2:2]&#10;|   |--WS -&gt;   [2:6]&#10;|   |--REFERENCE -&gt; REFERENCE [2:7]&#10;|   |   |--HASH -&gt; # [2:7]&#10;|   |   |--MEMBER -&gt; C [2:8]&#10;|   |   `--PARAMETERS -&gt; PARAMETERS [2:9]&#10;|   |       |--LEFT_BRACE -&gt; ( [2:9]&#10;|   |       |--ARGUMENT -&gt; Type [2:10]&#10;|   |       `--RIGHT_BRACE -&gt; ) [2:14]&#10;|   `--NEWLINE -&gt; \n [2:15]&#10;|--LEADING_ASTERISK -&gt; * [3:0]&#10;|--WS -&gt;   [3:1]&#10;|--JAVADOC_TAG -&gt; JAVADOC_TAG [3:2]&#10;|   |--SEE_LITERAL -&gt; @see [3:2]&#10;|   |--WS -&gt;   [3:6]&#10;|   |--REFERENCE -&gt; REFERENCE [3:7]&#10;|   |   |--HASH -&gt; # [3:7]&#10;|   |   |--MEMBER -&gt; CN [3:8]&#10;|   |   `--PARAMETERS -&gt; PARAMETERS [3:10]&#10;|   |       |--LEFT_BRACE -&gt; ( [3:10]&#10;|   |       |--ARGUMENT -&gt; Type [3:11]&#10;|   |       |--WS -&gt;   [3:15]&#10;|   |       |--ARGUMENT -&gt; id [3:16]&#10;|   |       `--RIGHT_BRACE -&gt; ) [3:18]&#10;|   `--NEWLINE -&gt; \n [3:19]&#10;|--LEADING_ASTERISK -&gt; * [4:0]&#10;|--WS -&gt;   [4:1]&#10;|--JAVADOC_TAG -&gt; JAVADOC_TAG [4:2]&#10;|   |--SEE_LITERAL -&gt; @see [4:2]&#10;|   |--WS -&gt;   [4:6]&#10;|   |--REFERENCE -&gt; REFERENCE [4:7]&#10;|   |   |--HASH -&gt; # [4:7]&#10;|   |   |--MEMBER -&gt; mN [4:8]&#10;|   |   `--PARAMETERS -&gt; PARAMETERS [4:10]&#10;|   |       |--LEFT_BRACE -&gt; ( [4:10]&#10;|   |       |--ARGUMENT -&gt; Type [4:11]&#10;|   |       |--WS -&gt;   [4:15]&#10;|   |       |--ARGUMENT -&gt; id [4:16]&#10;|   |       |--COMMA -&gt; , [4:18]&#10;|   |       |--WS -&gt;   [4:19]&#10;|   |       |--ARGUMENT -&gt; Type [4:20]&#10;|   |       |--COMMA -&gt; , [4:24]&#10;|   |       |--WS -&gt;   [4:25]&#10;|   |       |--ARGUMENT -&gt; Type [4:26]&#10;|   |       |--WS -&gt;   [4:30]&#10;|   |       |--ARGUMENT -&gt; id [4:31]&#10;|   |       `--RIGHT_BRACE -&gt; ) [4:33]&#10;|   `--NEWLINE -&gt; \n [4:34]&#10;|--LEADING_ASTERISK -&gt; * [5:0]&#10;|--WS -&gt;   [5:1]&#10;|--JAVADOC_TAG -&gt; JAVADOC_TAG [5:2]&#10;|   |--SEE_LITERAL -&gt; @see [5:2]&#10;|   |--WS -&gt;   [5:6]&#10;|   |--REFERENCE -&gt; REFERENCE [5:7]&#10;|   |   |--PACKAGE_CLASS -&gt; CN [5:7]&#10;|   |   |--HASH -&gt; # [5:9]&#10;|   |   `--MEMBER -&gt; fieldName [5:10]&#10;|   `--NEWLINE -&gt; \n [5:19]&#10;|--LEADING_ASTERISK -&gt; * [6:0]&#10;|--WS -&gt;   [6:1]&#10;|--JAVADOC_TAG -&gt; JAVADOC_TAG [6:2]&#10;|   |--SEE_LITERAL -&gt; @see [6:2]&#10;|   |--WS -&gt;   [6:6]&#10;|   |--REFERENCE -&gt; REFERENCE [6:7]&#10;|   |   |--PACKAGE_CLASS -&gt; CN [6:7]&#10;|   |   |--HASH -&gt; # [6:9]&#10;|   |   `--MEMBER -&gt; fn [6:10]&#10;|   `--NEWLINE -&gt; \n [6:12]&#10;|--LEADING_ASTERISK -&gt; * [7:0]&#10;|--WS -&gt;   [7:1]&#10;|--JAVADOC_TAG -&gt; JAVADOC_TAG [7:2]&#10;|   |--SEE_LITERAL -&gt; @see [7:2]&#10;|   |--WS -&gt;   [7:6]&#10;|   |--REFERENCE -&gt; REFERENCE [7:7]&#10;|   |   |--PACKAGE_CLASS -&gt; name [7:7]&#10;|   |   |--HASH -&gt; # [7:11]&#10;|   |   `--MEMBER -&gt; FN [7:12]&#10;|   `--NEWLINE -&gt; \n [7:14]&#10;|--LEADING_ASTERISK -&gt; * [8:0]&#10;|--WS -&gt;   [8:1]&#10;|--JAVADOC_TAG -&gt; JAVADOC_TAG [8:2]&#10;|   |--SEE_LITERAL -&gt; @see [8:2]&#10;|   |--WS -&gt;   [8:6]&#10;|   |--REFERENCE -&gt; REFERENCE [8:7]&#10;|   |   |--PACKAGE_CLASS -&gt; CN [8:7]&#10;|   |   |--HASH -&gt; # [8:9]&#10;|   |   |--MEMBER -&gt; C [8:10]&#10;|   |   `--PARAMETERS -&gt; PARAMETERS [8:11]&#10;|   |       |--LEFT_BRACE -&gt; ( [8:11]&#10;|   |       |--ARGUMENT -&gt; Type [8:12]&#10;|   |       `--RIGHT_BRACE -&gt; ) [8:16]&#10;|   `--NEWLINE -&gt; \n [8:17]&#10;|--LEADING_ASTERISK -&gt; * [9:0]&#10;|--WS -&gt;   [9:1]&#10;|--JAVADOC_TAG -&gt; JAVADOC_TAG [9:2]&#10;|   |--SEE_LITERAL -&gt; @see [9:2]&#10;|   |--WS -&gt;   [9:6]&#10;|   |--REFERENCE -&gt; REFERENCE [9:7]&#10;|   |   |--PACKAGE_CLASS -&gt; CN [9:7]&#10;|   |   |--HASH -&gt; # [9:9]&#10;|   |   |--MEMBER -&gt; CN [9:10]&#10;|   |   `--PARAMETERS -&gt; PARAMETERS [9:12]&#10;|   |       |--LEFT_BRACE -&gt; ( [9:12]&#10;|   |       |--ARGUMENT -&gt; Type [9:13]&#10;|   |       |--WS -&gt;   [9:17]&#10;|   |       |--ARGUMENT -&gt; id [9:18]&#10;|   |       `--RIGHT_BRACE -&gt; ) [9:20]&#10;|   `--NEWLINE -&gt; \n [9:21]&#10;|--LEADING_ASTERISK -&gt; * [10:0]&#10;|--WS -&gt;   [10:1]&#10;|--JAVADOC_TAG -&gt; JAVADOC_TAG [10:2]&#10;|   |--SEE_LITERAL -&gt; @see [10:2]&#10;|   |--WS -&gt;   [10:6]&#10;|   |--REFERENCE -&gt; REFERENCE [10:7]&#10;|   |   |--PACKAGE_CLASS -&gt; CN [10:7]&#10;|   |   |--HASH -&gt; # [10:9]&#10;|   |   |--MEMBER -&gt; mN [10:10]&#10;|   |   `--PARAMETERS -&gt; PARAMETERS [10:12]&#10;|   |       |--LEFT_BRACE -&gt; ( [10:12]&#10;|   |       |--ARGUMENT -&gt; Type [10:13]&#10;|   |       |--WS -&gt;   [10:17]&#10;|   |       |--ARGUMENT -&gt; id [10:18]&#10;|   |       |--COMMA -&gt; , [10:20]&#10;|   |       |--WS -&gt;   [10:21]&#10;|   |       |--ARGUMENT -&gt; Type [10:22]&#10;|   |       |--COMMA -&gt; , [10:26]&#10;|   |       |--WS -&gt;   [10:27]&#10;|   |       |--ARGUMENT -&gt; Type [10:28]&#10;|   |       |--WS -&gt;   [10:32]&#10;|   |       |--ARGUMENT -&gt; id [10:33]&#10;|   |       `--RIGHT_BRACE -&gt; ) [10:35]&#10;|   `--NEWLINE -&gt; \n [10:36]&#10;|--LEADING_ASTERISK -&gt; * [11:0]&#10;|--WS -&gt;   [11:1]&#10;|--JAVADOC_TAG -&gt; JAVADOC_TAG [11:2]&#10;|   |--SEE_LITERAL -&gt; @see [11:2]&#10;|   |--WS -&gt;   [11:6]&#10;|   |--REFERENCE -&gt; REFERENCE [11:7]&#10;|   |   |--PACKAGE_CLASS -&gt; lowercase.UPPERCASE.CamelCase.packageName.ClassName [11:7]&#10;|   |   |--HASH -&gt; # [11:58]&#10;|   |   `--MEMBER -&gt; fieldName [11:59]&#10;|   `--NEWLINE -&gt; \n [11:68]&#10;|--LEADING_ASTERISK -&gt; * [12:0]&#10;|--WS -&gt;   [12:1]&#10;|--JAVADOC_TAG -&gt; JAVADOC_TAG [12:2]&#10;|   |--SEE_LITERAL -&gt; @see [12:2]&#10;|   |--WS -&gt;   [12:6]&#10;|   |--REFERENCE -&gt; REFERENCE [12:7]&#10;|   |   |--PACKAGE_CLASS -&gt; lowercase.UPPERCASE.CamelCase.packageName.ClassName [12:7]&#10;|   |   |--HASH -&gt; # [12:58]&#10;|   |   `--MEMBER -&gt; fn [12:59]&#10;|   `--NEWLINE -&gt; \n [12:61]&#10;|--LEADING_ASTERISK -&gt; * [13:0]&#10;|--WS -&gt;   [13:1]&#10;|--JAVADOC_TAG -&gt; JAVADOC_TAG [13:2]&#10;|   |--SEE_LITERAL -&gt; @see [13:2]&#10;|   |--WS -&gt;   [13:6]&#10;|   |--REFERENCE -&gt; REFERENCE [13:7]&#10;|   |   |--PACKAGE_CLASS -&gt; lowercase.UPPERCASE.CamelCase.packageName.ClassName [13:7]&#10;|   |   |--HASH -&gt; # [13:58]&#10;|   |   `--MEMBER -&gt; FN [13:59]&#10;|   `--NEWLINE -&gt; \n [13:61]&#10;|--LEADING_ASTERISK -&gt; * [14:0]&#10;|--WS -&gt;   [14:1]&#10;|--JAVADOC_TAG -&gt; JAVADOC_TAG [14:2]&#10;|   |--SEE_LITERAL -&gt; @see [14:2]&#10;|   |--WS -&gt;   [14:6]&#10;|   |--REFERENCE -&gt; REFERENCE [14:7]&#10;|   |   |--PACKAGE_CLASS -&gt; lowercase.UPPERCASE.CamelCase.packageName.ClassName [14:7]&#10;|   |   |--HASH -&gt; # [14:58]&#10;|   |   |--MEMBER -&gt; C [14:59]&#10;|   |   `--PARAMETERS -&gt; PARAMETERS [14:60]&#10;|   |       |--LEFT_BRACE -&gt; ( [14:60]&#10;|   |       |--ARGUMENT -&gt; Type [14:61]&#10;|   |       `--RIGHT_BRACE -&gt; ) [14:65]&#10;|   `--NEWLINE -&gt; \n [14:66]&#10;|--LEADING_ASTERISK -&gt; * [15:0]&#10;|--WS -&gt;   [15:1]&#10;|--JAVADOC_TAG -&gt; JAVADOC_TAG [15:2]&#10;|   |--SEE_LITERAL -&gt; @see [15:2]&#10;|   |--WS -&gt;   [15:6]&#10;|   |--REFERENCE -&gt; REFERENCE [15:7]&#10;|   |   |--PACKAGE_CLASS -&gt; lowercase.UPPERCASE.CamelCase.packageName.ClassName [15:7]&#10;|   |   |--HASH -&gt; # [15:58]&#10;|   |   |--MEMBER -&gt; CN [15:59]&#10;|   |   `--PARAMETERS -&gt; PARAMETERS [15:61]&#10;|   |       |--LEFT_BRACE -&gt; ( [15:61]&#10;|   |       |--ARGUMENT -&gt; Type [15:62]&#10;|   |       |--WS -&gt;   [15:66]&#10;|   |       |--ARGUMENT -&gt; id [15:67]&#10;|   |       `--RIGHT_BRACE -&gt; ) [15:69]&#10;|   `--NEWLINE -&gt; \n [15:70]&#10;|--LEADING_ASTERISK -&gt; * [16:0]&#10;|--WS -&gt;   [16:1]&#10;|--JAVADOC_TAG -&gt; JAVADOC_TAG [16:2]&#10;|   |--SEE_LITERAL -&gt; @see [16:2]&#10;|   |--WS -&gt;   [16:6]&#10;|   |--REFERENCE -&gt; REFERENCE [16:7]&#10;|   |   |--PACKAGE_CLASS -&gt; pn.CN [16:7]&#10;|   |   |--HASH -&gt; # [16:12]&#10;|   |   |--MEMBER -&gt; mN [16:13]&#10;|   |   `--PARAMETERS -&gt; PARAMETERS [16:15]&#10;|   |       |--LEFT_BRACE -&gt; ( [16:15]&#10;|   |       |--ARGUMENT -&gt; Type [16:16]&#10;|   |       |--WS -&gt;   [16:20]&#10;|   |       |--ARGUMENT -&gt; id [16:21]&#10;|   |       |--COMMA -&gt; , [16:23]&#10;|   |       |--WS -&gt;   [16:24]&#10;|   |       |--ARGUMENT -&gt; Type [16:25]&#10;|   |       |--COMMA -&gt; , [16:29]&#10;|   |       |--WS -&gt;   [16:30]&#10;|   |       |--ARGUMENT -&gt; Type [16:31]&#10;|   |       |--WS -&gt;   [16:35]&#10;|   |       |--ARGUMENT -&gt; id [16:36]&#10;|   |       `--RIGHT_BRACE -&gt; ) [16:38]&#10;|   `--NEWLINE -&gt; \n [16:39]&#10;|--LEADING_ASTERISK -&gt; * [17:0]&#10;|--WS -&gt;   [17:1]&#10;|--JAVADOC_TAG -&gt; JAVADOC_TAG [17:2]&#10;|   |--SEE_LITERAL -&gt; @see [17:2]&#10;|   |--WS -&gt;   [17:6]&#10;|   |--REFERENCE -&gt; REFERENCE [17:7]&#10;|   |   |--PACKAGE_CLASS -&gt; pn.CN [17:7]&#10;|   |   |--HASH -&gt; # [17:12]&#10;|   |   `--MEMBER -&gt; FN [17:13]&#10;|   `--NEWLINE -&gt; \n [17:15]&#10;|--LEADING_ASTERISK -&gt; * [18:0]&#10;|--WS -&gt;   [18:1]&#10;|--JAVADOC_TAG -&gt; JAVADOC_TAG [18:2]&#10;|   |--SEE_LITERAL -&gt; @see [18:2]&#10;|   |--WS -&gt;   [18:6]&#10;|   |--REFERENCE -&gt; REFERENCE [18:7]&#10;|   |   |--PACKAGE_CLASS -&gt; pn.CN [18:7]&#10;|   |   |--HASH -&gt; # [18:12]&#10;|   |   `--MEMBER -&gt; m [18:13]&#10;|   `--NEWLINE -&gt; \n [18:14]&#10;|--LEADING_ASTERISK -&gt; * [19:0]&#10;|--WS -&gt;   [19:1]&#10;|--JAVADOC_TAG -&gt; JAVADOC_TAG [19:2]&#10;|   |--SEE_LITERAL -&gt; @see [19:2]&#10;|   |--WS -&gt;   [19:6]&#10;|   |--REFERENCE -&gt; REFERENCE [19:7]&#10;|   |   `--PACKAGE_CLASS -&gt; lowercase.UPPERCASE.CamelCase.packageName [19:7]&#10;|   `--NEWLINE -&gt; \n [19:48]&#10;|--LEADING_ASTERISK -&gt; * [20:0]&#10;|--WS -&gt;   [20:1]&#10;|--JAVADOC_TAG -&gt; JAVADOC_TAG [20:2]&#10;|   |--SEE_LITERAL -&gt; @see [20:2]&#10;|   |--WS -&gt;   [20:6]&#10;|   |--REFERENCE -&gt; REFERENCE [20:7]&#10;|   |   `--PACKAGE_CLASS -&gt; pn.p [20:7]&#10;|   `--NEWLINE -&gt; \n [20:11]&#10;|--LEADING_ASTERISK -&gt; * [21:0]&#10;|--WS -&gt;   [21:1]&#10;|--JAVADOC_TAG -&gt; JAVADOC_TAG [21:2]&#10;|   |--SEE_LITERAL -&gt; @see [21:2]&#10;|   |--WS -&gt;   [21:6]&#10;|   |--REFERENCE -&gt; REFERENCE [21:7]&#10;|   |   `--PACKAGE_CLASS -&gt; pn [21:7]&#10;|   `--NEWLINE -&gt; \n [21:9]&#10;|--LEADING_ASTERISK -&gt; * [22:0]&#10;|--WS -&gt;   [22:1]&#10;|--JAVADOC_TAG -&gt; JAVADOC_TAG [22:2]&#10;|   |--SEE_LITERAL -&gt; @see [22:2]&#10;|   |--WS -&gt;   [22:6]&#10;|   |--REFERENCE -&gt; REFERENCE [22:7]&#10;|   |   `--PACKAGE_CLASS -&gt; Up.Lo [22:7]&#10;|   |--WS -&gt;   [22:12]&#10;|   `--DESCRIPTION -&gt; DESCRIPTION [22:13]&#10;|       |--HTML_ELEMENT -&gt; HTML_ELEMENT [22:13]&#10;|       |   `--PARAGRAPH -&gt; PARAGRAPH [22:13]&#10;|       |       |--P_TAG_START -&gt; P_TAG_START [22:13]&#10;|       |       |   |--START -&gt; &lt; [22:13]&#10;|       |       |   |--P_HTML_TAG_NAME -&gt; p [22:14]&#10;|       |       |   `--END -&gt; &gt; [22:15]&#10;|       |       |--TEXT -&gt; Up.Lo is a package [22:16]&#10;|       |       `--P_TAG_END -&gt; P_TAG_END [22:34]&#10;|       |           |--START -&gt; &lt; [22:34]&#10;|       |           |--SLASH -&gt; / [22:35]&#10;|       |           |--P_HTML_TAG_NAME -&gt; p [22:36]&#10;|       |           `--END -&gt; &gt; [22:37]&#10;|       `--NEWLINE -&gt; \n [22:38]&#10;|--LEADING_ASTERISK -&gt; * [23:0]&#10;|--WS -&gt;   [23:1]&#10;|--JAVADOC_TAG -&gt; JAVADOC_TAG [23:2]&#10;|   |--SEE_LITERAL -&gt; @see [23:2]&#10;|   |--WS -&gt;   [23:6]&#10;|   |--REFERENCE -&gt; REFERENCE [23:7]&#10;|   |   |--PACKAGE_CLASS -&gt; Up.Lo [23:7]&#10;|   |   |--HASH -&gt; # [23:12]&#10;|   |   `--MEMBER -&gt; member [23:13]&#10;|   |--NEWLINE -&gt; \n [23:19]&#10;|   |--WS -&gt;            [24:0]&#10;|   `--DESCRIPTION -&gt; DESCRIPTION [24:10]&#10;|       |--HTML_ELEMENT -&gt; HTML_ELEMENT [24:10]&#10;|       |   `--PARAGRAPH -&gt; PARAGRAPH [24:10]&#10;|       |       |--P_TAG_START -&gt; P_TAG_START [24:10]&#10;|       |       |   |--START -&gt; &lt; [24:10]&#10;|       |       |   |--P_HTML_TAG_NAME -&gt; p [24:11]&#10;|       |       |   `--END -&gt; &gt; [24:12]&#10;|       |       |--HTML_TAG -&gt; HTML_TAG [24:13]&#10;|       |       |   |--HTML_ELEMENT_START -&gt; HTML_ELEMENT_START [24:13]&#10;|       |       |   |   |--START -&gt; &lt; [24:13]&#10;|       |       |   |   |--HTML_TAG_NAME -&gt; a [24:14]&#10;|       |       |   |   |--WS -&gt;   [24:15]&#10;|       |       |   |   |--ATTRIBUTE -&gt; ATTRIBUTE [24:16]&#10;|       |       |   |   |   |--HTML_TAG_NAME -&gt; href [24:16]&#10;|       |       |   |   |   |--EQUALS -&gt; = [24:20]&#10;|       |       |   |   |   `--ATTR_VALUE -&gt; &quot;org.UpLo&quot; [24:21]&#10;|       |       |   |   `--END -&gt; &gt; [24:32]&#10;|       |       |   |--TEXT -&gt; Up.Lo [24:33]&#10;|       |       |   `--HTML_ELEMENT_END -&gt; HTML_ELEMENT_END [24:38]&#10;|       |       |       |--START -&gt; &lt; [24:38]&#10;|       |       |       |--SLASH -&gt; / [24:39]&#10;|       |       |       |--HTML_TAG_NAME -&gt; a [24:40]&#10;|       |       |       `--END -&gt; &gt; [24:41]&#10;|       |       |--TEXT -&gt;  is a  [24:42]&#10;|       |       |--HTML_TAG -&gt; HTML_TAG [24:48]&#10;|       |       |   |--HTML_ELEMENT_START -&gt; HTML_ELEMENT_START [24:48]&#10;|       |       |   |   |--START -&gt; &lt; [24:48]&#10;|       |       |   |   |--HTML_TAG_NAME -&gt; b [24:49]&#10;|       |       |   |   `--END -&gt; &gt; [24:50]&#10;|       |       |   |--TEXT -&gt; class [24:51]&#10;|       |       |   `--HTML_ELEMENT_END -&gt; HTML_ELEMENT_END [24:56]&#10;|       |       |       |--START -&gt; &lt; [24:56]&#10;|       |       |       |--SLASH -&gt; / [24:57]&#10;|       |       |       |--HTML_TAG_NAME -&gt; b [24:58]&#10;|       |       |       `--END -&gt; &gt; [24:59]&#10;|       |       `--P_TAG_END -&gt; P_TAG_END [24:60]&#10;|       |           |--START -&gt; &lt; [24:60]&#10;|       |           |--SLASH -&gt; / [24:61]&#10;|       |           |--P_HTML_TAG_NAME -&gt; p [24:62]&#10;|       |           `--END -&gt; &gt; [24:63]&#10;|       `--NEWLINE -&gt; \n [24:64]&#10;|--LEADING_ASTERISK -&gt; * [25:0]&#10;|--WS -&gt;   [25:1]&#10;|--JAVADOC_TAG -&gt; JAVADOC_TAG [25:2]&#10;|   |--SEE_LITERAL -&gt; @see [25:2]&#10;|   |--WS -&gt;   [25:6]&#10;|   |--REFERENCE -&gt; REFERENCE [25:7]&#10;|   |   |--PACKAGE_CLASS -&gt; package.Class.NestedClassAtDepth1.NestedClassAtDepth2 [25:7]&#10;|   |   |--HASH -&gt; # [25:60]&#10;|   |   `--MEMBER -&gt; member [25:61]&#10;|   |--NEWLINE -&gt; \n [25:67]&#10;|   `--DESCRIPTION -&gt; DESCRIPTION [26:0]&#10;|       |--HTML_ELEMENT -&gt; HTML_ELEMENT [26:0]&#10;|       |   `--PARAGRAPH -&gt; PARAGRAPH [26:0]&#10;|       |       |--P_TAG_START -&gt; P_TAG_START [26:0]&#10;|       |       |   |--START -&gt; &lt; [26:0]&#10;|       |       |   |--P_HTML_TAG_NAME -&gt; p [26:1]&#10;|       |       |   `--END -&gt; &gt; [26:2]&#10;|       |       |--TEXT -&gt;  Separate package from class without context [26:3]&#10;|       |       |--NEWLINE -&gt; \n [26:47]&#10;|       |       |--LEADING_ASTERISK -&gt; * [27:0]&#10;|       |       |--TEXT -&gt;   [27:1]&#10;|       |       `--P_TAG_END -&gt; P_TAG_END [27:2]&#10;|       |           |--START -&gt; &lt; [27:2]&#10;|       |           |--SLASH -&gt; / [27:3]&#10;|       |           |--P_HTML_TAG_NAME -&gt; p [27:4]&#10;|       |           `--END -&gt; &gt; [27:5]&#10;|       `--NEWLINE -&gt; \n [27:6]&#10;|--LEADING_ASTERISK -&gt; * [28:0]&#10;|--WS -&gt;   [28:1]&#10;|--JAVADOC_TAG -&gt; JAVADOC_TAG [28:2]&#10;|   |--SEE_LITERAL -&gt; @see [28:2]&#10;|   |--WS -&gt;   [28:6]&#10;|   |--REFERENCE -&gt; REFERENCE [28:7]&#10;|   |   `--PACKAGE_CLASS -&gt; javax.swing.tree.DefaultTreeCellRenderer.getTreeCellRenderer [28:7]&#10;|   |--WS -&gt;   [28:67]&#10;|   `--DESCRIPTION -&gt; DESCRIPTION [28:68]&#10;|       `--TEXT -&gt; () [28:68]&#10;`--EOF -&gt; &lt;EOF&gt; [28:70]]&#10;&gt; but was:&lt;...DOC -&gt; JAVADOC [0:0][&#10;|--LEADING_ASTERISK -&gt; * [0:0]&#10;|--WS -&gt;   [0:1]&#10;|--JAVADOC_TAG -&gt; JAVADOC_TAG [0:2]&#10;|   |--SEE_LITERAL -&gt; @see [0:2]&#10;|   |--WS -&gt;   [0:6]&#10;|   |--REFERENCE -&gt; REFERENCE [0:7]&#10;|   |   |--HASH -&gt; # [0:7]&#10;|   |   `--MEMBER -&gt; fn [0:8]&#10;|   `--NEWLINE -&gt; \n [0:10]&#10;|--LEADING_ASTERISK -&gt; * [1:0]&#10;|--WS -&gt;   [1:1]&#10;|--JAVADOC_TAG -&gt; JAVADOC_TAG [1:2]&#10;|   |--SEE_LITERAL -&gt; @see [1:2]&#10;|   |--WS -&gt;   [1:6]&#10;|   |--REFERENCE -&gt; REFERENCE [1:7]&#10;|   |   |--HASH -&gt; # [1:7]&#10;|   |   `--MEMBER -&gt; FN [1:8]&#10;|   `--NEWLINE -&gt; \n [1:10]&#10;|--LEADING_ASTERISK -&gt; * [2:0]&#10;|--WS -&gt;   [2:1]&#10;|--JAVADOC_TAG -&gt; JAVADOC_TAG [2:2]&#10;|   |--SEE_LITERAL -&gt; @see [2:2]&#10;|   |--WS -&gt;   [2:6]&#10;|   |--REFERENCE -&gt; REFERENCE [2:7]&#10;|   |   |--HASH -&gt; # [2:7]&#10;|   |   |--MEMBER -&gt; C [2:8]&#10;|   |   `--PARAMETERS -&gt; PARAMETERS [2:9]&#10;|   |       |--LEFT_BRACE -&gt; ( [2:9]&#10;|   |       |--ARGUMENT -&gt; Type [2:10]&#10;|   |       `--RIGHT_BRACE -&gt; ) [2:14]&#10;|   `--NEWLINE -&gt; \n [2:15]&#10;|--LEADING_ASTERISK -&gt; * [3:0]&#10;|--WS -&gt;   [3:1]&#10;|--JAVADOC_TAG -&gt; JAVADOC_TAG [3:2]&#10;|   |--SEE_LITERAL -&gt; @see [3:2]&#10;|   |--WS -&gt;   [3:6]&#10;|   |--REFERENCE -&gt; REFERENCE [3:7]&#10;|   |   |--HASH -&gt; # [3:7]&#10;|   |   |--MEMBER -&gt; CN [3:8]&#10;|   |   `--PARAMETERS -&gt; PARAMETERS [3:10]&#10;|   |       |--LEFT_BRACE -&gt; ( [3:10]&#10;|   |       |--ARGUMENT -&gt; Type [3:11]&#10;|   |       |--WS -&gt;   [3:15]&#10;|   |       |--ARGUMENT -&gt; id [3:16]&#10;|   |       `--RIGHT_BRACE -&gt; ) [3:18]&#10;|   `--NEWLINE -&gt; \n [3:19]&#10;|--LEADING_ASTERISK -&gt; * [4:0]&#10;|--WS -&gt;   [4:1]&#10;|--JAVADOC_TAG -&gt; JAVADOC_TAG [4:2]&#10;|   |--SEE_LITERAL -&gt; @see [4:2]&#10;|   |--WS -&gt;   [4:6]&#10;|   |--REFERENCE -&gt; REFERENCE [4:7]&#10;|   |   |--HASH -&gt; # [4:7]&#10;|   |   |--MEMBER -&gt; mN [4:8]&#10;|   |   `--PARAMETERS -&gt; PARAMETERS [4:10]&#10;|   |       |--LEFT_BRACE -&gt; ( [4:10]&#10;|   |       |--ARGUMENT -&gt; Type [4:11]&#10;|   |       |--WS -&gt;   [4:15]&#10;|   |       |--ARGUMENT -&gt; id [4:16]&#10;|   |       |--COMMA -&gt; , [4:18]&#10;|   |       |--WS -&gt;   [4:19]&#10;|   |       |--ARGUMENT -&gt; Type [4:20]&#10;|   |       |--COMMA -&gt; , [4:24]&#10;|   |       |--WS -&gt;   [4:25]&#10;|   |       |--ARGUMENT -&gt; Type [4:26]&#10;|   |       |--WS -&gt;   [4:30]&#10;|   |       |--ARGUMENT -&gt; id [4:31]&#10;|   |       `--RIGHT_BRACE -&gt; ) [4:33]&#10;|   `--NEWLINE -&gt; \n [4:34]&#10;|--LEADING_ASTERISK -&gt; * [5:0]&#10;|--WS -&gt;   [5:1]&#10;|--JAVADOC_TAG -&gt; JAVADOC_TAG [5:2]&#10;|   |--SEE_LITERAL -&gt; @see [5:2]&#10;|   |--WS -&gt;   [5:6]&#10;|   |--REFERENCE -&gt; REFERENCE [5:7]&#10;|   |   |--PACKAGE_CLASS -&gt; CN [5:7]&#10;|   |   |--HASH -&gt; # [5:9]&#10;|   |   `--MEMBER -&gt; fieldName [5:10]&#10;|   `--NEWLINE -&gt; \n [5:19]&#10;|--LEADING_ASTERISK -&gt; * [6:0]&#10;|--WS -&gt;   [6:1]&#10;|--JAVADOC_TAG -&gt; JAVADOC_TAG [6:2]&#10;|   |--SEE_LITERAL -&gt; @see [6:2]&#10;|   |--WS -&gt;   [6:6]&#10;|   |--REFERENCE -&gt; REFERENCE [6:7]&#10;|   |   |--PACKAGE_CLASS -&gt; CN [6:7]&#10;|   |   |--HASH -&gt; # [6:9]&#10;|   |   `--MEMBER -&gt; fn [6:10]&#10;|   `--NEWLINE -&gt; \n [6:12]&#10;|--LEADING_ASTERISK -&gt; * [7:0]&#10;|--WS -&gt;   [7:1]&#10;|--JAVADOC_TAG -&gt; JAVADOC_TAG [7:2]&#10;|   |--SEE_LITERAL -&gt; @see [7:2]&#10;|   |--WS -&gt;   [7:6]&#10;|   |--REFERENCE -&gt; REFERENCE [7:7]&#10;|   |   |--PACKAGE_CLASS -&gt; name [7:7]&#10;|   |   |--HASH -&gt; # [7:11]&#10;|   |   `--MEMBER -&gt; FN [7:12]&#10;|   `--NEWLINE -&gt; \n [7:14]&#10;|--LEADING_ASTERISK -&gt; * [8:0]&#10;|--WS -&gt;   [8:1]&#10;|--JAVADOC_TAG -&gt; JAVADOC_TAG [8:2]&#10;|   |--SEE_LITERAL -&gt; @see [8:2]&#10;|   |--WS -&gt;   [8:6]&#10;|   |--REFERENCE -&gt; REFERENCE [8:7]&#10;|   |   |--PACKAGE_CLASS -&gt; CN [8:7]&#10;|   |   |--HASH -&gt; # [8:9]&#10;|   |   |--MEMBER -&gt; C [8:10]&#10;|   |   `--PARAMETERS -&gt; PARAMETERS [8:11]&#10;|   |       |--LEFT_BRACE -&gt; ( [8:11]&#10;|   |       |--ARGUMENT -&gt; Type [8:12]&#10;|   |       `--RIGHT_BRACE -&gt; ) [8:16]&#10;|   `--NEWLINE -&gt; \n [8:17]&#10;|--LEADING_ASTERISK -&gt; * [9:0]&#10;|--WS -&gt;   [9:1]&#10;|--JAVADOC_TAG -&gt; JAVADOC_TAG [9:2]&#10;|   |--SEE_LITERAL -&gt; @see [9:2]&#10;|   |--WS -&gt;   [9:6]&#10;|   |--REFERENCE -&gt; REFERENCE [9:7]&#10;|   |   |--PACKAGE_CLASS -&gt; CN [9:7]&#10;|   |   |--HASH -&gt; # [9:9]&#10;|   |   |--MEMBER -&gt; CN [9:10]&#10;|   |   `--PARAMETERS -&gt; PARAMETERS [9:12]&#10;|   |       |--LEFT_BRACE -&gt; ( [9:12]&#10;|   |       |--ARGUMENT -&gt; Type [9:13]&#10;|   |       |--WS -&gt;   [9:17]&#10;|   |       |--ARGUMENT -&gt; id [9:18]&#10;|   |       `--RIGHT_BRACE -&gt; ) [9:20]&#10;|   `--NEWLINE -&gt; \n [9:21]&#10;|--LEADING_ASTERISK -&gt; * [10:0]&#10;|--WS -&gt;   [10:1]&#10;|--JAVADOC_TAG -&gt; JAVADOC_TAG [10:2]&#10;|   |--SEE_LITERAL -&gt; @see [10:2]&#10;|   |--WS -&gt;   [10:6]&#10;|   |--REFERENCE -&gt; REFERENCE [10:7]&#10;|   |   |--PACKAGE_CLASS -&gt; CN [10:7]&#10;|   |   |--HASH -&gt; # [10:9]&#10;|   |   |--MEMBER -&gt; mN [10:10]&#10;|   |   `--PARAMETERS -&gt; PARAMETERS [10:12]&#10;|   |       |--LEFT_BRACE -&gt; ( [10:12]&#10;|   |       |--ARGUMENT -&gt; Type [10:13]&#10;|   |       |--WS -&gt;   [10:17]&#10;|   |       |--ARGUMENT -&gt; id [10:18]&#10;|   |       |--COMMA -&gt; , [10:20]&#10;|   |       |--WS -&gt;   [10:21]&#10;|   |       |--ARGUMENT -&gt; Type [10:22]&#10;|   |       |--COMMA -&gt; , [10:26]&#10;|   |       |--WS -&gt;   [10:27]&#10;|   |       |--ARGUMENT -&gt; Type [10:28]&#10;|   |       |--WS -&gt;   [10:32]&#10;|   |       |--ARGUMENT -&gt; id [10:33]&#10;|   |       `--RIGHT_BRACE -&gt; ) [10:35]&#10;|   `--NEWLINE -&gt; \n [10:36]&#10;|--LEADING_ASTERISK -&gt; * [11:0]&#10;|--WS -&gt;   [11:1]&#10;|--JAVADOC_TAG -&gt; JAVADOC_TAG [11:2]&#10;|   |--SEE_LITERAL -&gt; @see [11:2]&#10;|   |--WS -&gt;   [11:6]&#10;|   |--REFERENCE -&gt; REFERENCE [11:7]&#10;|   |   |--PACKAGE_CLASS -&gt; lowercase.UPPERCASE.CamelCase.packageName.ClassName [11:7]&#10;|   |   |--HASH -&gt; # [11:58]&#10;|   |   `--MEMBER -&gt; fieldName [11:59]&#10;|   `--NEWLINE -&gt; \n [11:68]&#10;|--LEADING_ASTERISK -&gt; * [12:0]&#10;|--WS -&gt;   [12:1]&#10;|--JAVADOC_TAG -&gt; JAVADOC_TAG [12:2]&#10;|   |--SEE_LITERAL -&gt; @see [12:2]&#10;|   |--WS -&gt;   [12:6]&#10;|   |--REFERENCE -&gt; REFERENCE [12:7]&#10;|   |   |--PACKAGE_CLASS -&gt; lowercase.UPPERCASE.CamelCase.packageName.ClassName [12:7]&#10;|   |   |--HASH -&gt; # [12:58]&#10;|   |   `--MEMBER -&gt; fn [12:59]&#10;|   `--NEWLINE -&gt; \n [12:61]&#10;|--LEADING_ASTERISK -&gt; * [13:0]&#10;|--WS -&gt;   [13:1]&#10;|--JAVADOC_TAG -&gt; JAVADOC_TAG [13:2]&#10;|   |--SEE_LITERAL -&gt; @see [13:2]&#10;|   |--WS -&gt;   [13:6]&#10;|   |--REFERENCE -&gt; REFERENCE [13:7]&#10;|   |   |--PACKAGE_CLASS -&gt; lowercase.UPPERCASE.CamelCase.packageName.ClassName [13:7]&#10;|   |   |--HASH -&gt; # [13:58]&#10;|   |   `--MEMBER -&gt; FN [13:59]&#10;|   `--NEWLINE -&gt; \n [13:61]&#10;|--LEADING_ASTERISK -&gt; * [14:0]&#10;|--WS -&gt;   [14:1]&#10;|--JAVADOC_TAG -&gt; JAVADOC_TAG [14:2]&#10;|   |--SEE_LITERAL -&gt; @see [14:2]&#10;|   |--WS -&gt;   [14:6]&#10;|   |--REFERENCE -&gt; REFERENCE [14:7]&#10;|   |   |--PACKAGE_CLASS -&gt; lowercase.UPPERCASE.CamelCase.packageName.ClassName [14:7]&#10;|   |   |--HASH -&gt; # [14:58]&#10;|   |   |--MEMBER -&gt; C [14:59]&#10;|   |   `--PARAMETERS -&gt; PARAMETERS [14:60]&#10;|   |       |--LEFT_BRACE -&gt; ( [14:60]&#10;|   |       |--ARGUMENT -&gt; Type [14:61]&#10;|   |       `--RIGHT_BRACE -&gt; ) [14:65]&#10;|   `--NEWLINE -&gt; \n [14:66]&#10;|--LEADING_ASTERISK -&gt; * [15:0]&#10;|--WS -&gt;   [15:1]&#10;|--JAVADOC_TAG -&gt; JAVADOC_TAG [15:2]&#10;|   |--SEE_LITERAL -&gt; @see [15:2]&#10;|   |--WS -&gt;   [15:6]&#10;|   |--REFERENCE -&gt; REFERENCE [15:7]&#10;|   |   |--PACKAGE_CLASS -&gt; lowercase.UPPERCASE.CamelCase.packageName.ClassName [15:7]&#10;|   |   |--HASH -&gt; # [15:58]&#10;|   |   |--MEMBER -&gt; CN [15:59]&#10;|   |   `--PARAMETERS -&gt; PARAMETERS [15:61]&#10;|   |       |--LEFT_BRACE -&gt; ( [15:61]&#10;|   |       |--ARGUMENT -&gt; Type [15:62]&#10;|   |       |--WS -&gt;   [15:66]&#10;|   |       |--ARGUMENT -&gt; id [15:67]&#10;|   |       `--RIGHT_BRACE -&gt; ) [15:69]&#10;|   `--NEWLINE -&gt; \n [15:70]&#10;|--LEADING_ASTERISK -&gt; * [16:0]&#10;|--WS -&gt;   [16:1]&#10;|--JAVADOC_TAG -&gt; JAVADOC_TAG [16:2]&#10;|   |--SEE_LITERAL -&gt; @see [16:2]&#10;|   |--WS -&gt;   [16:6]&#10;|   |--REFERENCE -&gt; REFERENCE [16:7]&#10;|   |   |--PACKAGE_CLASS -&gt; pn.CN [16:7]&#10;|   |   |--HASH -&gt; # [16:12]&#10;|   |   |--MEMBER -&gt; mN [16:13]&#10;|   |   `--PARAMETERS -&gt; PARAMETERS [16:15]&#10;|   |       |--LEFT_BRACE -&gt; ( [16:15]&#10;|   |       |--ARGUMENT -&gt; Type [16:16]&#10;|   |       |--WS -&gt;   [16:20]&#10;|   |       |--ARGUMENT -&gt; id [16:21]&#10;|   |       |--COMMA -&gt; , [16:23]&#10;|   |       |--WS -&gt;   [16:24]&#10;|   |       |--ARGUMENT -&gt; Type [16:25]&#10;|   |       |--COMMA -&gt; , [16:29]&#10;|   |       |--WS -&gt;   [16:30]&#10;|   |       |--ARGUMENT -&gt; Type [16:31]&#10;|   |       |--WS -&gt;   [16:35]&#10;|   |       |--ARGUMENT -&gt; id [16:36]&#10;|   |       `--RIGHT_BRACE -&gt; ) [16:38]&#10;|   `--NEWLINE -&gt; \n [16:39]&#10;|--LEADING_ASTERISK -&gt; * [17:0]&#10;|--WS -&gt;   [17:1]&#10;|--JAVADOC_TAG -&gt; JAVADOC_TAG [17:2]&#10;|   |--SEE_LITERAL -&gt; @see [17:2]&#10;|   |--WS -&gt;   [17:6]&#10;|   |--REFERENCE -&gt; REFERENCE [17:7]&#10;|   |   |--PACKAGE_CLASS -&gt; pn.CN [17:7]&#10;|   |   |--HASH -&gt; # [17:12]&#10;|   |   `--MEMBER -&gt; FN [17:13]&#10;|   `--NEWLINE -&gt; \n [17:15]&#10;|--LEADING_ASTERISK -&gt; * [18:0]&#10;|--WS -&gt;   [18:1]&#10;|--JAVADOC_TAG -&gt; JAVADOC_TAG [18:2]&#10;|   |--SEE_LITERAL -&gt; @see [18:2]&#10;|   |--WS -&gt;   [18:6]&#10;|   |--REFERENCE -&gt; REFERENCE [18:7]&#10;|   |   |--PACKAGE_CLASS -&gt; pn.CN [18:7]&#10;|   |   |--HASH -&gt; # [18:12]&#10;|   |   `--MEMBER -&gt; m [18:13]&#10;|   `--NEWLINE -&gt; \n [18:14]&#10;|--LEADING_ASTERISK -&gt; * [19:0]&#10;|--WS -&gt;   [19:1]&#10;|--JAVADOC_TAG -&gt; JAVADOC_TAG [19:2]&#10;|   |--SEE_LITERAL -&gt; @see [19:2]&#10;|   |--WS -&gt;   [19:6]&#10;|   |--REFERENCE -&gt; REFERENCE [19:7]&#10;|   |   `--PACKAGE_CLASS -&gt; lowercase.UPPERCASE.CamelCase.packageName [19:7]&#10;|   `--NEWLINE -&gt; \n [19:48]&#10;|--LEADING_ASTERISK -&gt; * [20:0]&#10;|--WS -&gt;   [20:1]&#10;|--JAVADOC_TAG -&gt; JAVADOC_TAG [20:2]&#10;|   |--SEE_LITERAL -&gt; @see [20:2]&#10;|   |--WS -&gt;   [20:6]&#10;|   |--REFERENCE -&gt; REFERENCE [20:7]&#10;|   |   `--PACKAGE_CLASS -&gt; pn.p [20:7]&#10;|   `--NEWLINE -&gt; \n [20:11]&#10;|--LEADING_ASTERISK -&gt; * [21:0]&#10;|--WS -&gt;   [21:1]&#10;|--JAVADOC_TAG -&gt; JAVADOC_TAG [21:2]&#10;|   |--SEE_LITERAL -&gt; @see [21:2]&#10;|   |--WS -&gt;   [21:6]&#10;|   |--REFERENCE -&gt; REFERENCE [21:7]&#10;|   |   `--PACKAGE_CLASS -&gt; pn [21:7]&#10;|   `--NEWLINE -&gt; \n [21:9]&#10;|--LEADING_ASTERISK -&gt; * [22:0]&#10;|--WS -&gt;   [22:1]&#10;|--JAVADOC_TAG -&gt; JAVADOC_TAG [22:2]&#10;|   |--SEE_LITERAL -&gt; @see [22:2]&#10;|   |--WS -&gt;   [22:6]&#10;|   |--REFERENCE -&gt; REFERENCE [22:7]&#10;|   |   `--PACKAGE_CLASS -&gt; Up.Lo [22:7]&#10;|   |--WS -&gt;   [22:12]&#10;|   `--DESCRIPTION -&gt; DESCRIPTION [22:13]&#10;|       |--HTML_ELEMENT -&gt; HTML_ELEMENT [22:13]&#10;|       |   `--PARAGRAPH -&gt; PARAGRAPH [22:13]&#10;|       |       |--P_TAG_START -&gt; P_TAG_START [22:13]&#10;|       |       |   |--START -&gt; &lt; [22:13]&#10;|       |       |   |--P_HTML_TAG_NAME -&gt; p [22:14]&#10;|       |       |   `--END -&gt; &gt; [22:15]&#10;|       |       |--TEXT -&gt; Up.Lo is a package [22:16]&#10;|       |       `--P_TAG_END -&gt; P_TAG_END [22:34]&#10;|       |           |--START -&gt; &lt; [22:34]&#10;|       |           |--SLASH -&gt; / [22:35]&#10;|       |           |--P_HTML_TAG_NAME -&gt; p [22:36]&#10;|       |           `--END -&gt; &gt; [22:37]&#10;|       `--NEWLINE -&gt; \n [22:38]&#10;|--LEADING_ASTERISK -&gt; * [23:0]&#10;|--WS -&gt;   [23:1]&#10;|--JAVADOC_TAG -&gt; JAVADOC_TAG [23:2]&#10;|   |--SEE_LITERAL -&gt; @see [23:2]&#10;|   |--WS -&gt;   [23:6]&#10;|   |--REFERENCE -&gt; REFERENCE [23:7]&#10;|   |   |--PACKAGE_CLASS -&gt; Up.Lo [23:7]&#10;|   |   |--HASH -&gt; # [23:12]&#10;|   |   `--MEMBER -&gt; member [23:13]&#10;|   |--NEWLINE -&gt; \n [23:19]&#10;|   |--WS -&gt;            [24:0]&#10;|   `--DESCRIPTION -&gt; DESCRIPTION [24:10]&#10;|       |--HTML_ELEMENT -&gt; HTML_ELEMENT [24:10]&#10;|       |   `--PARAGRAPH -&gt; PARAGRAPH [24:10]&#10;|       |       |--P_TAG_START -&gt; P_TAG_START [24:10]&#10;|       |       |   |--START -&gt; &lt; [24:10]&#10;|       |       |   |--P_HTML_TAG_NAME -&gt; p [24:11]&#10;|       |       |   `--END -&gt; &gt; [24:12]&#10;|       |       |--HTML_TAG -&gt; HTML_TAG [24:13]&#10;|       |       |   |--HTML_ELEMENT_START -&gt; HTML_ELEMENT_START [24:13]&#10;|       |       |   |   |--START -&gt; &lt; [24:13]&#10;|       |       |   |   |--HTML_TAG_NAME -&gt; a [24:14]&#10;|       |       |   |   |--WS -&gt;   [24:15]&#10;|       |       |   |   |--ATTRIBUTE -&gt; ATTRIBUTE [24:16]&#10;|       |       |   |   |   |--HTML_TAG_NAME -&gt; href [24:16]&#10;|       |       |   |   |   |--EQUALS -&gt; = [24:20]&#10;|       |       |   |   |   `--ATTR_VALUE -&gt; &quot;org.UpLo&quot; [24:21]&#10;|       |       |   |   `--END -&gt; &gt; [24:32]&#10;|       |       |   |--TEXT -&gt; Up.Lo [24:33]&#10;|       |       |   `--HTML_ELEMENT_END -&gt; HTML_ELEMENT_END [24:38]&#10;|       |       |       |--START -&gt; &lt; [24:38]&#10;|       |       |       |--SLASH -&gt; / [24:39]&#10;|       |       |       |--HTML_TAG_NAME -&gt; a [24:40]&#10;|       |       |       `--END -&gt; &gt; [24:41]&#10;|       |       |--TEXT -&gt;  is a  [24:42]&#10;|       |       |--HTML_TAG -&gt; HTML_TAG [24:48]&#10;|       |       |   |--HTML_ELEMENT_START -&gt; HTML_ELEMENT_START [24:48]&#10;|       |       |   |   |--START -&gt; &lt; [24:48]&#10;|       |       |   |   |--HTML_TAG_NAME -&gt; b [24:49]&#10;|       |       |   |   `--END -&gt; &gt; [24:50]&#10;|       |       |   |--TEXT -&gt; class [24:51]&#10;|       |       |   `--HTML_ELEMENT_END -&gt; HTML_ELEMENT_END [24:56]&#10;|       |       |       |--START -&gt; &lt; [24:56]&#10;|       |       |       |--SLASH -&gt; / [24:57]&#10;|       |       |       |--HTML_TAG_NAME -&gt; b [24:58]&#10;|       |       |       `--END -&gt; &gt; [24:59]&#10;|       |       `--P_TAG_END -&gt; P_TAG_END [24:60]&#10;|       |           |--START -&gt; &lt; [24:60]&#10;|       |           |--SLASH -&gt; / [24:61]&#10;|       |           |--P_HTML_TAG_NAME -&gt; p [24:62]&#10;|       |           `--END -&gt; &gt; [24:63]&#10;|       `--NEWLINE -&gt; \n [24:64]&#10;|--LEADING_ASTERISK -&gt; * [25:0]&#10;|--WS -&gt;   [25:1]&#10;|--JAVADOC_TAG -&gt; JAVADOC_TAG [25:2]&#10;|   |--SEE_LITERAL -&gt; @see [25:2]&#10;|   |--WS -&gt;   [25:6]&#10;|   |--REFERENCE -&gt; REFERENCE [25:7]&#10;|   |   |--PACKAGE_CLASS -&gt; package.Class.NestedClassAtDepth1.NestedClassAtDepth2 [25:7]&#10;|   |   |--HASH -&gt; # [25:60]&#10;|   |   `--MEMBER -&gt; member [25:61]&#10;|   |--NEWLINE -&gt; \n [25:67]&#10;|   `--DESCRIPTION -&gt; DESCRIPTION [26:0]&#10;|       |--HTML_ELEMENT -&gt; HTML_ELEMENT [26:0]&#10;|       |   `--PARAGRAPH -&gt; PARAGRAPH [26:0]&#10;|       |       |--P_TAG_START -&gt; P_TAG_START [26:0]&#10;|       |       |   |--START -&gt; &lt; [26:0]&#10;|       |       |   |--P_HTML_TAG_NAME -&gt; p [26:1]&#10;|       |       |   `--END -&gt; &gt; [26:2]&#10;|       |       |--TEXT -&gt;  Separate package from class without context [26:3]&#10;|       |       |--NEWLINE -&gt; \n [26:47]&#10;|       |       |--LEADING_ASTERISK -&gt; * [27:0]&#10;|       |       |--TEXT -&gt;   [27:1]&#10;|       |       `--P_TAG_END -&gt; P_TAG_END [27:2]&#10;|       |           |--START -&gt; &lt; [27:2]&#10;|       |           |--SLASH -&gt; / [27:3]&#10;|       |           |--P_HTML_TAG_NAME -&gt; p [27:4]&#10;|       |           `--END -&gt; &gt; [27:5]&#10;|       `--NEWLINE -&gt; \n [27:6]&#10;|--LEADING_ASTERISK -&gt; * [28:0]&#10;|--WS -&gt;   [28:1]&#10;|--JAVADOC_TAG -&gt; JAVADOC_TAG [28:2]&#10;|   |--SEE_LITERAL -&gt; @see [28:2]&#10;|   |--WS -&gt;   [28:6]&#10;|   |--REFERENCE -&gt; REFERENCE [28:7]&#10;|   |   `--PACKAGE_CLASS -&gt; javax.swing.tree.DefaultTreeCellRenderer.getTreeCellRenderer [28:7]&#10;|   |--WS -&gt;   [28:67]&#10;|   `--DESCRIPTION -&gt; DESCRIPTION [28:68]&#10;|       `--TEXT -&gt; () [28:68]&#10;`--EOF -&gt; &lt;EOF&gt; [28:70]&#13;]&#10;&gt;" type="org.junit.ComparisonFailure"><![CDATA[org.junit.ComparisonFailure: 
Generated tree from the javadoc file should match the pre-defined tree expected:<...DOC -> JAVADOC [0:0][
|--LEADING_ASTERISK -> * [0:0]
|--WS ->   [0:1]
|--JAVADOC_TAG -> JAVADOC_TAG [0:2]
|   |--SEE_LITERAL -> @see [0:2]
|   |--WS ->   [0:6]
|   |--REFERENCE -> REFERENCE [0:7]
|   |   |--HASH -> # [0:7]
|   |   `--MEMBER -> fn [0:8]
|   `--NEWLINE -> \n [0:10]
|--LEADING_ASTERISK -> * [1:0]
|--WS ->   [1:1]
|--JAVADOC_TAG -> JAVADOC_TAG [1:2]
|   |--SEE_LITERAL -> @see [1:2]
|   |--WS ->   [1:6]
|   |--REFERENCE -> REFERENCE [1:7]
|   |   |--HASH -> # [1:7]
|   |   `--MEMBER -> FN [1:8]
|   `--NEWLINE -> \n [1:10]
|--LEADING_ASTERISK -> * [2:0]
|--WS ->   [2:1]
|--JAVADOC_TAG -> JAVADOC_TAG [2:2]
|   |--SEE_LITERAL -> @see [2:2]
|   |--WS ->   [2:6]
|   |--REFERENCE -> REFERENCE [2:7]
|   |   |--HASH -> # [2:7]
|   |   |--MEMBER -> C [2:8]
|   |   `--PARAMETERS -> PARAMETERS [2:9]
|   |       |--LEFT_BRACE -> ( [2:9]
|   |       |--ARGUMENT -> Type [2:10]
|   |       `--RIGHT_BRACE -> ) [2:14]
|   `--NEWLINE -> \n [2:15]
|--LEADING_ASTERISK -> * [3:0]
|--WS ->   [3:1]
|--JAVADOC_TAG -> JAVADOC_TAG [3:2]
|   |--SEE_LITERAL -> @see [3:2]
|   |--WS ->   [3:6]
|   |--REFERENCE -> REFERENCE [3:7]
|   |   |--HASH -> # [3:7]
|   |   |--MEMBER -> CN [3:8]
|   |   `--PARAMETERS -> PARAMETERS [3:10]
|   |       |--LEFT_BRACE -> ( [3:10]
|   |       |--ARGUMENT -> Type [3:11]
|   |       |--WS ->   [3:15]
|   |       |--ARGUMENT -> id [3:16]
|   |       `--RIGHT_BRACE -> ) [3:18]
|   `--NEWLINE -> \n [3:19]
|--LEADING_ASTERISK -> * [4:0]
|--WS ->   [4:1]
|--JAVADOC_TAG -> JAVADOC_TAG [4:2]
|   |--SEE_LITERAL -> @see [4:2]
|   |--WS ->   [4:6]
|   |--REFERENCE -> REFERENCE [4:7]
|   |   |--HASH -> # [4:7]
|   |   |--MEMBER -> mN [4:8]
|   |   `--PARAMETERS -> PARAMETERS [4:10]
|   |       |--LEFT_BRACE -> ( [4:10]
|   |       |--ARGUMENT -> Type [4:11]
|   |       |--WS ->   [4:15]
|   |       |--ARGUMENT -> id [4:16]
|   |       |--COMMA -> , [4:18]
|   |       |--WS ->   [4:19]
|   |       |--ARGUMENT -> Type [4:20]
|   |       |--COMMA -> , [4:24]
|   |       |--WS ->   [4:25]
|   |       |--ARGUMENT -> Type [4:26]
|   |       |--WS ->   [4:30]
|   |       |--ARGUMENT -> id [4:31]
|   |       `--RIGHT_BRACE -> ) [4:33]
|   `--NEWLINE -> \n [4:34]
|--LEADING_ASTERISK -> * [5:0]
|--WS ->   [5:1]
|--JAVADOC_TAG -> JAVADOC_TAG [5:2]
|   |--SEE_LITERAL -> @see [5:2]
|   |--WS ->   [5:6]
|   |--REFERENCE -> REFERENCE [5:7]
|   |   |--PACKAGE_CLASS -> CN [5:7]
|   |   |--HASH -> # [5:9]
|   |   `--MEMBER -> fieldName [5:10]
|   `--NEWLINE -> \n [5:19]
|--LEADING_ASTERISK -> * [6:0]
|--WS ->   [6:1]
|--JAVADOC_TAG -> JAVADOC_TAG [6:2]
|   |--SEE_LITERAL -> @see [6:2]
|   |--WS ->   [6:6]
|   |--REFERENCE -> REFERENCE [6:7]
|   |   |--PACKAGE_CLASS -> CN [6:7]
|   |   |--HASH -> # [6:9]
|   |   `--MEMBER -> fn [6:10]
|   `--NEWLINE -> \n [6:12]
|--LEADING_ASTERISK -> * [7:0]
|--WS ->   [7:1]
|--JAVADOC_TAG -> JAVADOC_TAG [7:2]
|   |--SEE_LITERAL -> @see [7:2]
|   |--WS ->   [7:6]
|   |--REFERENCE -> REFERENCE [7:7]
|   |   |--PACKAGE_CLASS -> name [7:7]
|   |   |--HASH -> # [7:11]
|   |   `--MEMBER -> FN [7:12]
|   `--NEWLINE -> \n [7:14]
|--LEADING_ASTERISK -> * [8:0]
|--WS ->   [8:1]
|--JAVADOC_TAG -> JAVADOC_TAG [8:2]
|   |--SEE_LITERAL -> @see [8:2]
|   |--WS ->   [8:6]
|   |--REFERENCE -> REFERENCE [8:7]
|   |   |--PACKAGE_CLASS -> CN [8:7]
|   |   |--HASH -> # [8:9]
|   |   |--MEMBER -> C [8:10]
|   |   `--PARAMETERS -> PARAMETERS [8:11]
|   |       |--LEFT_BRACE -> ( [8:11]
|   |       |--ARGUMENT -> Type [8:12]
|   |       `--RIGHT_BRACE -> ) [8:16]
|   `--NEWLINE -> \n [8:17]
|--LEADING_ASTERISK -> * [9:0]
|--WS ->   [9:1]
|--JAVADOC_TAG -> JAVADOC_TAG [9:2]
|   |--SEE_LITERAL -> @see [9:2]
|   |--WS ->   [9:6]
|   |--REFERENCE -> REFERENCE [9:7]
|   |   |--PACKAGE_CLASS -> CN [9:7]
|   |   |--HASH -> # [9:9]
|   |   |--MEMBER -> CN [9:10]
|   |   `--PARAMETERS -> PARAMETERS [9:12]
|   |       |--LEFT_BRACE -> ( [9:12]
|   |       |--ARGUMENT -> Type [9:13]
|   |       |--WS ->   [9:17]
|   |       |--ARGUMENT -> id [9:18]
|   |       `--RIGHT_BRACE -> ) [9:20]
|   `--NEWLINE -> \n [9:21]
|--LEADING_ASTERISK -> * [10:0]
|--WS ->   [10:1]
|--JAVADOC_TAG -> JAVADOC_TAG [10:2]
|   |--SEE_LITERAL -> @see [10:2]
|   |--WS ->   [10:6]
|   |--REFERENCE -> REFERENCE [10:7]
|   |   |--PACKAGE_CLASS -> CN [10:7]
|   |   |--HASH -> # [10:9]
|   |   |--MEMBER -> mN [10:10]
|   |   `--PARAMETERS -> PARAMETERS [10:12]
|   |       |--LEFT_BRACE -> ( [10:12]
|   |       |--ARGUMENT -> Type [10:13]
|   |       |--WS ->   [10:17]
|   |       |--ARGUMENT -> id [10:18]
|   |       |--COMMA -> , [10:20]
|   |       |--WS ->   [10:21]
|   |       |--ARGUMENT -> Type [10:22]
|   |       |--COMMA -> , [10:26]
|   |       |--WS ->   [10:27]
|   |       |--ARGUMENT -> Type [10:28]
|   |       |--WS ->   [10:32]
|   |       |--ARGUMENT -> id [10:33]
|   |       `--RIGHT_BRACE -> ) [10:35]
|   `--NEWLINE -> \n [10:36]
|--LEADING_ASTERISK -> * [11:0]
|--WS ->   [11:1]
|--JAVADOC_TAG -> JAVADOC_TAG [11:2]
|   |--SEE_LITERAL -> @see [11:2]
|   |--WS ->   [11:6]
|   |--REFERENCE -> REFERENCE [11:7]
|   |   |--PACKAGE_CLASS -> lowercase.UPPERCASE.CamelCase.packageName.ClassName [11:7]
|   |   |--HASH -> # [11:58]
|   |   `--MEMBER -> fieldName [11:59]
|   `--NEWLINE -> \n [11:68]
|--LEADING_ASTERISK -> * [12:0]
|--WS ->   [12:1]
|--JAVADOC_TAG -> JAVADOC_TAG [12:2]
|   |--SEE_LITERAL -> @see [12:2]
|   |--WS ->   [12:6]
|   |--REFERENCE -> REFERENCE [12:7]
|   |   |--PACKAGE_CLASS -> lowercase.UPPERCASE.CamelCase.packageName.ClassName [12:7]
|   |   |--HASH -> # [12:58]
|   |   `--MEMBER -> fn [12:59]
|   `--NEWLINE -> \n [12:61]
|--LEADING_ASTERISK -> * [13:0]
|--WS ->   [13:1]
|--JAVADOC_TAG -> JAVADOC_TAG [13:2]
|   |--SEE_LITERAL -> @see [13:2]
|   |--WS ->   [13:6]
|   |--REFERENCE -> REFERENCE [13:7]
|   |   |--PACKAGE_CLASS -> lowercase.UPPERCASE.CamelCase.packageName.ClassName [13:7]
|   |   |--HASH -> # [13:58]
|   |   `--MEMBER -> FN [13:59]
|   `--NEWLINE -> \n [13:61]
|--LEADING_ASTERISK -> * [14:0]
|--WS ->   [14:1]
|--JAVADOC_TAG -> JAVADOC_TAG [14:2]
|   |--SEE_LITERAL -> @see [14:2]
|   |--WS ->   [14:6]
|   |--REFERENCE -> REFERENCE [14:7]
|   |   |--PACKAGE_CLASS -> lowercase.UPPERCASE.CamelCase.packageName.ClassName [14:7]
|   |   |--HASH -> # [14:58]
|   |   |--MEMBER -> C [14:59]
|   |   `--PARAMETERS -> PARAMETERS [14:60]
|   |       |--LEFT_BRACE -> ( [14:60]
|   |       |--ARGUMENT -> Type [14:61]
|   |       `--RIGHT_BRACE -> ) [14:65]
|   `--NEWLINE -> \n [14:66]
|--LEADING_ASTERISK -> * [15:0]
|--WS ->   [15:1]
|--JAVADOC_TAG -> JAVADOC_TAG [15:2]
|   |--SEE_LITERAL -> @see [15:2]
|   |--WS ->   [15:6]
|   |--REFERENCE -> REFERENCE [15:7]
|   |   |--PACKAGE_CLASS -> lowercase.UPPERCASE.CamelCase.packageName.ClassName [15:7]
|   |   |--HASH -> # [15:58]
|   |   |--MEMBER -> CN [15:59]
|   |   `--PARAMETERS -> PARAMETERS [15:61]
|   |       |--LEFT_BRACE -> ( [15:61]
|   |       |--ARGUMENT -> Type [15:62]
|   |       |--WS ->   [15:66]
|   |       |--ARGUMENT -> id [15:67]
|   |       `--RIGHT_BRACE -> ) [15:69]
|   `--NEWLINE -> \n [15:70]
|--LEADING_ASTERISK -> * [16:0]
|--WS ->   [16:1]
|--JAVADOC_TAG -> JAVADOC_TAG [16:2]
|   |--SEE_LITERAL -> @see [16:2]
|   |--WS ->   [16:6]
|   |--REFERENCE -> REFERENCE [16:7]
|   |   |--PACKAGE_CLASS -> pn.CN [16:7]
|   |   |--HASH -> # [16:12]
|   |   |--MEMBER -> mN [16:13]
|   |   `--PARAMETERS -> PARAMETERS [16:15]
|   |       |--LEFT_BRACE -> ( [16:15]
|   |       |--ARGUMENT -> Type [16:16]
|   |       |--WS ->   [16:20]
|   |       |--ARGUMENT -> id [16:21]
|   |       |--COMMA -> , [16:23]
|   |       |--WS ->   [16:24]
|   |       |--ARGUMENT -> Type [16:25]
|   |       |--COMMA -> , [16:29]
|   |       |--WS ->   [16:30]
|   |       |--ARGUMENT -> Type [16:31]
|   |       |--WS ->   [16:35]
|   |       |--ARGUMENT -> id [16:36]
|   |       `--RIGHT_BRACE -> ) [16:38]
|   `--NEWLINE -> \n [16:39]
|--LEADING_ASTERISK -> * [17:0]
|--WS ->   [17:1]
|--JAVADOC_TAG -> JAVADOC_TAG [17:2]
|   |--SEE_LITERAL -> @see [17:2]
|   |--WS ->   [17:6]
|   |--REFERENCE -> REFERENCE [17:7]
|   |   |--PACKAGE_CLASS -> pn.CN [17:7]
|   |   |--HASH -> # [17:12]
|   |   `--MEMBER -> FN [17:13]
|   `--NEWLINE -> \n [17:15]
|--LEADING_ASTERISK -> * [18:0]
|--WS ->   [18:1]
|--JAVADOC_TAG -> JAVADOC_TAG [18:2]
|   |--SEE_LITERAL -> @see [18:2]
|   |--WS ->   [18:6]
|   |--REFERENCE -> REFERENCE [18:7]
|   |   |--PACKAGE_CLASS -> pn.CN [18:7]
|   |   |--HASH -> # [18:12]
|   |   `--MEMBER -> m [18:13]
|   `--NEWLINE -> \n [18:14]
|--LEADING_ASTERISK -> * [19:0]
|--WS ->   [19:1]
|--JAVADOC_TAG -> JAVADOC_TAG [19:2]
|   |--SEE_LITERAL -> @see [19:2]
|   |--WS ->   [19:6]
|   |--REFERENCE -> REFERENCE [19:7]
|   |   `--PACKAGE_CLASS -> lowercase.UPPERCASE.CamelCase.packageName [19:7]
|   `--NEWLINE -> \n [19:48]
|--LEADING_ASTERISK -> * [20:0]
|--WS ->   [20:1]
|--JAVADOC_TAG -> JAVADOC_TAG [20:2]
|   |--SEE_LITERAL -> @see [20:2]
|   |--WS ->   [20:6]
|   |--REFERENCE -> REFERENCE [20:7]
|   |   `--PACKAGE_CLASS -> pn.p [20:7]
|   `--NEWLINE -> \n [20:11]
|--LEADING_ASTERISK -> * [21:0]
|--WS ->   [21:1]
|--JAVADOC_TAG -> JAVADOC_TAG [21:2]
|   |--SEE_LITERAL -> @see [21:2]
|   |--WS ->   [21:6]
|   |--REFERENCE -> REFERENCE [21:7]
|   |   `--PACKAGE_CLASS -> pn [21:7]
|   `--NEWLINE -> \n [21:9]
|--LEADING_ASTERISK -> * [22:0]
|--WS ->   [22:1]
|--JAVADOC_TAG -> JAVADOC_TAG [22:2]
|   |--SEE_LITERAL -> @see [22:2]
|   |--WS ->   [22:6]
|   |--REFERENCE -> REFERENCE [22:7]
|   |   `--PACKAGE_CLASS -> Up.Lo [22:7]
|   |--WS ->   [22:12]
|   `--DESCRIPTION -> DESCRIPTION [22:13]
|       |--HTML_ELEMENT -> HTML_ELEMENT [22:13]
|       |   `--PARAGRAPH -> PARAGRAPH [22:13]
|       |       |--P_TAG_START -> P_TAG_START [22:13]
|       |       |   |--START -> < [22:13]
|       |       |   |--P_HTML_TAG_NAME -> p [22:14]
|       |       |   `--END -> > [22:15]
|       |       |--TEXT -> Up.Lo is a package [22:16]
|       |       `--P_TAG_END -> P_TAG_END [22:34]
|       |           |--START -> < [22:34]
|       |           |--SLASH -> / [22:35]
|       |           |--P_HTML_TAG_NAME -> p [22:36]
|       |           `--END -> > [22:37]
|       `--NEWLINE -> \n [22:38]
|--LEADING_ASTERISK -> * [23:0]
|--WS ->   [23:1]
|--JAVADOC_TAG -> JAVADOC_TAG [23:2]
|   |--SEE_LITERAL -> @see [23:2]
|   |--WS ->   [23:6]
|   |--REFERENCE -> REFERENCE [23:7]
|   |   |--PACKAGE_CLASS -> Up.Lo [23:7]
|   |   |--HASH -> # [23:12]
|   |   `--MEMBER -> member [23:13]
|   |--NEWLINE -> \n [23:19]
|   |--WS ->            [24:0]
|   `--DESCRIPTION -> DESCRIPTION [24:10]
|       |--HTML_ELEMENT -> HTML_ELEMENT [24:10]
|       |   `--PARAGRAPH -> PARAGRAPH [24:10]
|       |       |--P_TAG_START -> P_TAG_START [24:10]
|       |       |   |--START -> < [24:10]
|       |       |   |--P_HTML_TAG_NAME -> p [24:11]
|       |       |   `--END -> > [24:12]
|       |       |--HTML_TAG -> HTML_TAG [24:13]
|       |       |   |--HTML_ELEMENT_START -> HTML_ELEMENT_START [24:13]
|       |       |   |   |--START -> < [24:13]
|       |       |   |   |--HTML_TAG_NAME -> a [24:14]
|       |       |   |   |--WS ->   [24:15]
|       |       |   |   |--ATTRIBUTE -> ATTRIBUTE [24:16]
|       |       |   |   |   |--HTML_TAG_NAME -> href [24:16]
|       |       |   |   |   |--EQUALS -> = [24:20]
|       |       |   |   |   `--ATTR_VALUE -> "org.UpLo" [24:21]
|       |       |   |   `--END -> > [24:32]
|       |       |   |--TEXT -> Up.Lo [24:33]
|       |       |   `--HTML_ELEMENT_END -> HTML_ELEMENT_END [24:38]
|       |       |       |--START -> < [24:38]
|       |       |       |--SLASH -> / [24:39]
|       |       |       |--HTML_TAG_NAME -> a [24:40]
|       |       |       `--END -> > [24:41]
|       |       |--TEXT ->  is a  [24:42]
|       |       |--HTML_TAG -> HTML_TAG [24:48]
|       |       |   |--HTML_ELEMENT_START -> HTML_ELEMENT_START [24:48]
|       |       |   |   |--START -> < [24:48]
|       |       |   |   |--HTML_TAG_NAME -> b [24:49]
|       |       |   |   `--END -> > [24:50]
|       |       |   |--TEXT -> class [24:51]
|       |       |   `--HTML_ELEMENT_END -> HTML_ELEMENT_END [24:56]
|       |       |       |--START -> < [24:56]
|       |       |       |--SLASH -> / [24:57]
|       |       |       |--HTML_TAG_NAME -> b [24:58]
|       |       |       `--END -> > [24:59]
|       |       `--P_TAG_END -> P_TAG_END [24:60]
|       |           |--START -> < [24:60]
|       |           |--SLASH -> / [24:61]
|       |           |--P_HTML_TAG_NAME -> p [24:62]
|       |           `--END -> > [24:63]
|       `--NEWLINE -> \n [24:64]
|--LEADING_ASTERISK -> * [25:0]
|--WS ->   [25:1]
|--JAVADOC_TAG -> JAVADOC_TAG [25:2]
|   |--SEE_LITERAL -> @see [25:2]
|   |--WS ->   [25:6]
|   |--REFERENCE -> REFERENCE [25:7]
|   |   |--PACKAGE_CLASS -> package.Class.NestedClassAtDepth1.NestedClassAtDepth2 [25:7]
|   |   |--HASH -> # [25:60]
|   |   `--MEMBER -> member [25:61]
|   |--NEWLINE -> \n [25:67]
|   `--DESCRIPTION -> DESCRIPTION [26:0]
|       |--HTML_ELEMENT -> HTML_ELEMENT [26:0]
|       |   `--PARAGRAPH -> PARAGRAPH [26:0]
|       |       |--P_TAG_START -> P_TAG_START [26:0]
|       |       |   |--START -> < [26:0]
|       |       |   |--P_HTML_TAG_NAME -> p [26:1]
|       |       |   `--END -> > [26:2]
|       |       |--TEXT ->  Separate package from class without context [26:3]
|       |       |--NEWLINE -> \n [26:47]
|       |       |--LEADING_ASTERISK -> * [27:0]
|       |       |--TEXT ->   [27:1]
|       |       `--P_TAG_END -> P_TAG_END [27:2]
|       |           |--START -> < [27:2]
|       |           |--SLASH -> / [27:3]
|       |           |--P_HTML_TAG_NAME -> p [27:4]
|       |           `--END -> > [27:5]
|       `--NEWLINE -> \n [27:6]
|--LEADING_ASTERISK -> * [28:0]
|--WS ->   [28:1]
|--JAVADOC_TAG -> JAVADOC_TAG [28:2]
|   |--SEE_LITERAL -> @see [28:2]
|   |--WS ->   [28:6]
|   |--REFERENCE -> REFERENCE [28:7]
|   |   `--PACKAGE_CLASS -> javax.swing.tree.DefaultTreeCellRenderer.getTreeCellRenderer [28:7]
|   |--WS ->   [28:67]
|   `--DESCRIPTION -> DESCRIPTION [28:68]
|       `--TEXT -> () [28:68]
`--EOF -> <EOF> [28:70]]
> but was:<...DOC -> JAVADOC [0:0][
|--LEADING_ASTERISK -> * [0:0]
|--WS ->   [0:1]
|--JAVADOC_TAG -> JAVADOC_TAG [0:2]
|   |--SEE_LITERAL -> @see [0:2]
|   |--WS ->   [0:6]
|   |--REFERENCE -> REFERENCE [0:7]
|   |   |--HASH -> # [0:7]
|   |   `--MEMBER -> fn [0:8]
|   `--NEWLINE -> \n [0:10]
|--LEADING_ASTERISK -> * [1:0]
|--WS ->   [1:1]
|--JAVADOC_TAG -> JAVADOC_TAG [1:2]
|   |--SEE_LITERAL -> @see [1:2]
|   |--WS ->   [1:6]
|   |--REFERENCE -> REFERENCE [1:7]
|   |   |--HASH -> # [1:7]
|   |   `--MEMBER -> FN [1:8]
|   `--NEWLINE -> \n [1:10]
|--LEADING_ASTERISK -> * [2:0]
|--WS ->   [2:1]
|--JAVADOC_TAG -> JAVADOC_TAG [2:2]
|   |--SEE_LITERAL -> @see [2:2]
|   |--WS ->   [2:6]
|   |--REFERENCE -> REFERENCE [2:7]
|   |   |--HASH -> # [2:7]
|   |   |--MEMBER -> C [2:8]
|   |   `--PARAMETERS -> PARAMETERS [2:9]
|   |       |--LEFT_BRACE -> ( [2:9]
|   |       |--ARGUMENT -> Type [2:10]
|   |       `--RIGHT_BRACE -> ) [2:14]
|   `--NEWLINE -> \n [2:15]
|--LEADING_ASTERISK -> * [3:0]
|--WS ->   [3:1]
|--JAVADOC_TAG -> JAVADOC_TAG [3:2]
|   |--SEE_LITERAL -> @see [3:2]
|   |--WS ->   [3:6]
|   |--REFERENCE -> REFERENCE [3:7]
|   |   |--HASH -> # [3:7]
|   |   |--MEMBER -> CN [3:8]
|   |   `--PARAMETERS -> PARAMETERS [3:10]
|   |       |--LEFT_BRACE -> ( [3:10]
|   |       |--ARGUMENT -> Type [3:11]
|   |       |--WS ->   [3:15]
|   |       |--ARGUMENT -> id [3:16]
|   |       `--RIGHT_BRACE -> ) [3:18]
|   `--NEWLINE -> \n [3:19]
|--LEADING_ASTERISK -> * [4:0]
|--WS ->   [4:1]
|--JAVADOC_TAG -> JAVADOC_TAG [4:2]
|   |--SEE_LITERAL -> @see [4:2]
|   |--WS ->   [4:6]
|   |--REFERENCE -> REFERENCE [4:7]
|   |   |--HASH -> # [4:7]
|   |   |--MEMBER -> mN [4:8]
|   |   `--PARAMETERS -> PARAMETERS [4:10]
|   |       |--LEFT_BRACE -> ( [4:10]
|   |       |--ARGUMENT -> Type [4:11]
|   |       |--WS ->   [4:15]
|   |       |--ARGUMENT -> id [4:16]
|   |       |--COMMA -> , [4:18]
|   |       |--WS ->   [4:19]
|   |       |--ARGUMENT -> Type [4:20]
|   |       |--COMMA -> , [4:24]
|   |       |--WS ->   [4:25]
|   |       |--ARGUMENT -> Type [4:26]
|   |       |--WS ->   [4:30]
|   |       |--ARGUMENT -> id [4:31]
|   |       `--RIGHT_BRACE -> ) [4:33]
|   `--NEWLINE -> \n [4:34]
|--LEADING_ASTERISK -> * [5:0]
|--WS ->   [5:1]
|--JAVADOC_TAG -> JAVADOC_TAG [5:2]
|   |--SEE_LITERAL -> @see [5:2]
|   |--WS ->   [5:6]
|   |--REFERENCE -> REFERENCE [5:7]
|   |   |--PACKAGE_CLASS -> CN [5:7]
|   |   |--HASH -> # [5:9]
|   |   `--MEMBER -> fieldName [5:10]
|   `--NEWLINE -> \n [5:19]
|--LEADING_ASTERISK -> * [6:0]
|--WS ->   [6:1]
|--JAVADOC_TAG -> JAVADOC_TAG [6:2]
|   |--SEE_LITERAL -> @see [6:2]
|   |--WS ->   [6:6]
|   |--REFERENCE -> REFERENCE [6:7]
|   |   |--PACKAGE_CLASS -> CN [6:7]
|   |   |--HASH -> # [6:9]
|   |   `--MEMBER -> fn [6:10]
|   `--NEWLINE -> \n [6:12]
|--LEADING_ASTERISK -> * [7:0]
|--WS ->   [7:1]
|--JAVADOC_TAG -> JAVADOC_TAG [7:2]
|   |--SEE_LITERAL -> @see [7:2]
|   |--WS ->   [7:6]
|   |--REFERENCE -> REFERENCE [7:7]
|   |   |--PACKAGE_CLASS -> name [7:7]
|   |   |--HASH -> # [7:11]
|   |   `--MEMBER -> FN [7:12]
|   `--NEWLINE -> \n [7:14]
|--LEADING_ASTERISK -> * [8:0]
|--WS ->   [8:1]
|--JAVADOC_TAG -> JAVADOC_TAG [8:2]
|   |--SEE_LITERAL -> @see [8:2]
|   |--WS ->   [8:6]
|   |--REFERENCE -> REFERENCE [8:7]
|   |   |--PACKAGE_CLASS -> CN [8:7]
|   |   |--HASH -> # [8:9]
|   |   |--MEMBER -> C [8:10]
|   |   `--PARAMETERS -> PARAMETERS [8:11]
|   |       |--LEFT_BRACE -> ( [8:11]
|   |       |--ARGUMENT -> Type [8:12]
|   |       `--RIGHT_BRACE -> ) [8:16]
|   `--NEWLINE -> \n [8:17]
|--LEADING_ASTERISK -> * [9:0]
|--WS ->   [9:1]
|--JAVADOC_TAG -> JAVADOC_TAG [9:2]
|   |--SEE_LITERAL -> @see [9:2]
|   |--WS ->   [9:6]
|   |--REFERENCE -> REFERENCE [9:7]
|   |   |--PACKAGE_CLASS -> CN [9:7]
|   |   |--HASH -> # [9:9]
|   |   |--MEMBER -> CN [9:10]
|   |   `--PARAMETERS -> PARAMETERS [9:12]
|   |       |--LEFT_BRACE -> ( [9:12]
|   |       |--ARGUMENT -> Type [9:13]
|   |       |--WS ->   [9:17]
|   |       |--ARGUMENT -> id [9:18]
|   |       `--RIGHT_BRACE -> ) [9:20]
|   `--NEWLINE -> \n [9:21]
|--LEADING_ASTERISK -> * [10:0]
|--WS ->   [10:1]
|--JAVADOC_TAG -> JAVADOC_TAG [10:2]
|   |--SEE_LITERAL -> @see [10:2]
|   |--WS ->   [10:6]
|   |--REFERENCE -> REFERENCE [10:7]
|   |   |--PACKAGE_CLASS -> CN [10:7]
|   |   |--HASH -> # [10:9]
|   |   |--MEMBER -> mN [10:10]
|   |   `--PARAMETERS -> PARAMETERS [10:12]
|   |       |--LEFT_BRACE -> ( [10:12]
|   |       |--ARGUMENT -> Type [10:13]
|   |       |--WS ->   [10:17]
|   |       |--ARGUMENT -> id [10:18]
|   |       |--COMMA -> , [10:20]
|   |       |--WS ->   [10:21]
|   |       |--ARGUMENT -> Type [10:22]
|   |       |--COMMA -> , [10:26]
|   |       |--WS ->   [10:27]
|   |       |--ARGUMENT -> Type [10:28]
|   |       |--WS ->   [10:32]
|   |       |--ARGUMENT -> id [10:33]
|   |       `--RIGHT_BRACE -> ) [10:35]
|   `--NEWLINE -> \n [10:36]
|--LEADING_ASTERISK -> * [11:0]
|--WS ->   [11:1]
|--JAVADOC_TAG -> JAVADOC_TAG [11:2]
|   |--SEE_LITERAL -> @see [11:2]
|   |--WS ->   [11:6]
|   |--REFERENCE -> REFERENCE [11:7]
|   |   |--PACKAGE_CLASS -> lowercase.UPPERCASE.CamelCase.packageName.ClassName [11:7]
|   |   |--HASH -> # [11:58]
|   |   `--MEMBER -> fieldName [11:59]
|   `--NEWLINE -> \n [11:68]
|--LEADING_ASTERISK -> * [12:0]
|--WS ->   [12:1]
|--JAVADOC_TAG -> JAVADOC_TAG [12:2]
|   |--SEE_LITERAL -> @see [12:2]
|   |--WS ->   [12:6]
|   |--REFERENCE -> REFERENCE [12:7]
|   |   |--PACKAGE_CLASS -> lowercase.UPPERCASE.CamelCase.packageName.ClassName [12:7]
|   |   |--HASH -> # [12:58]
|   |   `--MEMBER -> fn [12:59]
|   `--NEWLINE -> \n [12:61]
|--LEADING_ASTERISK -> * [13:0]
|--WS ->   [13:1]
|--JAVADOC_TAG -> JAVADOC_TAG [13:2]
|   |--SEE_LITERAL -> @see [13:2]
|   |--WS ->   [13:6]
|   |--REFERENCE -> REFERENCE [13:7]
|   |   |--PACKAGE_CLASS -> lowercase.UPPERCASE.CamelCase.packageName.ClassName [13:7]
|   |   |--HASH -> # [13:58]
|   |   `--MEMBER -> FN [13:59]
|   `--NEWLINE -> \n [13:61]
|--LEADING_ASTERISK -> * [14:0]
|--WS ->   [14:1]
|--JAVADOC_TAG -> JAVADOC_TAG [14:2]
|   |--SEE_LITERAL -> @see [14:2]
|   |--WS ->   [14:6]
|   |--REFERENCE -> REFERENCE [14:7]
|   |   |--PACKAGE_CLASS -> lowercase.UPPERCASE.CamelCase.packageName.ClassName [14:7]
|   |   |--HASH -> # [14:58]
|   |   |--MEMBER -> C [14:59]
|   |   `--PARAMETERS -> PARAMETERS [14:60]
|   |       |--LEFT_BRACE -> ( [14:60]
|   |       |--ARGUMENT -> Type [14:61]
|   |       `--RIGHT_BRACE -> ) [14:65]
|   `--NEWLINE -> \n [14:66]
|--LEADING_ASTERISK -> * [15:0]
|--WS ->   [15:1]
|--JAVADOC_TAG -> JAVADOC_TAG [15:2]
|   |--SEE_LITERAL -> @see [15:2]
|   |--WS ->   [15:6]
|   |--REFERENCE -> REFERENCE [15:7]
|   |   |--PACKAGE_CLASS -> lowercase.UPPERCASE.CamelCase.packageName.ClassName [15:7]
|   |   |--HASH -> # [15:58]
|   |   |--MEMBER -> CN [15:59]
|   |   `--PARAMETERS -> PARAMETERS [15:61]
|   |       |--LEFT_BRACE -> ( [15:61]
|   |       |--ARGUMENT -> Type [15:62]
|   |       |--WS ->   [15:66]
|   |       |--ARGUMENT -> id [15:67]
|   |       `--RIGHT_BRACE -> ) [15:69]
|   `--NEWLINE -> \n [15:70]
|--LEADING_ASTERISK -> * [16:0]
|--WS ->   [16:1]
|--JAVADOC_TAG -> JAVADOC_TAG [16:2]
|   |--SEE_LITERAL -> @see [16:2]
|   |--WS ->   [16:6]
|   |--REFERENCE -> REFERENCE [16:7]
|   |   |--PACKAGE_CLASS -> pn.CN [16:7]
|   |   |--HASH -> # [16:12]
|   |   |--MEMBER -> mN [16:13]
|   |   `--PARAMETERS -> PARAMETERS [16:15]
|   |       |--LEFT_BRACE -> ( [16:15]
|   |       |--ARGUMENT -> Type [16:16]
|   |       |--WS ->   [16:20]
|   |       |--ARGUMENT -> id [16:21]
|   |       |--COMMA -> , [16:23]
|   |       |--WS ->   [16:24]
|   |       |--ARGUMENT -> Type [16:25]
|   |       |--COMMA -> , [16:29]
|   |       |--WS ->   [16:30]
|   |       |--ARGUMENT -> Type [16:31]
|   |       |--WS ->   [16:35]
|   |       |--ARGUMENT -> id [16:36]
|   |       `--RIGHT_BRACE -> ) [16:38]
|   `--NEWLINE -> \n [16:39]
|--LEADING_ASTERISK -> * [17:0]
|--WS ->   [17:1]
|--JAVADOC_TAG -> JAVADOC_TAG [17:2]
|   |--SEE_LITERAL -> @see [17:2]
|   |--WS ->   [17:6]
|   |--REFERENCE -> REFERENCE [17:7]
|   |   |--PACKAGE_CLASS -> pn.CN [17:7]
|   |   |--HASH -> # [17:12]
|   |   `--MEMBER -> FN [17:13]
|   `--NEWLINE -> \n [17:15]
|--LEADING_ASTERISK -> * [18:0]
|--WS ->   [18:1]
|--JAVADOC_TAG -> JAVADOC_TAG [18:2]
|   |--SEE_LITERAL -> @see [18:2]
|   |--WS ->   [18:6]
|   |--REFERENCE -> REFERENCE [18:7]
|   |   |--PACKAGE_CLASS -> pn.CN [18:7]
|   |   |--HASH -> # [18:12]
|   |   `--MEMBER -> m [18:13]
|   `--NEWLINE -> \n [18:14]
|--LEADING_ASTERISK -> * [19:0]
|--WS ->   [19:1]
|--JAVADOC_TAG -> JAVADOC_TAG [19:2]
|   |--SEE_LITERAL -> @see [19:2]
|   |--WS ->   [19:6]
|   |--REFERENCE -> REFERENCE [19:7]
|   |   `--PACKAGE_CLASS -> lowercase.UPPERCASE.CamelCase.packageName [19:7]
|   `--NEWLINE -> \n [19:48]
|--LEADING_ASTERISK -> * [20:0]
|--WS ->   [20:1]
|--JAVADOC_TAG -> JAVADOC_TAG [20:2]
|   |--SEE_LITERAL -> @see [20:2]
|   |--WS ->   [20:6]
|   |--REFERENCE -> REFERENCE [20:7]
|   |   `--PACKAGE_CLASS -> pn.p [20:7]
|   `--NEWLINE -> \n [20:11]
|--LEADING_ASTERISK -> * [21:0]
|--WS ->   [21:1]
|--JAVADOC_TAG -> JAVADOC_TAG [21:2]
|   |--SEE_LITERAL -> @see [21:2]
|   |--WS ->   [21:6]
|   |--REFERENCE -> REFERENCE [21:7]
|   |   `--PACKAGE_CLASS -> pn [21:7]
|   `--NEWLINE -> \n [21:9]
|--LEADING_ASTERISK -> * [22:0]
|--WS ->   [22:1]
|--JAVADOC_TAG -> JAVADOC_TAG [22:2]
|   |--SEE_LITERAL -> @see [22:2]
|   |--WS ->   [22:6]
|   |--REFERENCE -> REFERENCE [22:7]
|   |   `--PACKAGE_CLASS -> Up.Lo [22:7]
|   |--WS ->   [22:12]
|   `--DESCRIPTION -> DESCRIPTION [22:13]
|       |--HTML_ELEMENT -> HTML_ELEMENT [22:13]
|       |   `--PARAGRAPH -> PARAGRAPH [22:13]
|       |       |--P_TAG_START -> P_TAG_START [22:13]
|       |       |   |--START -> < [22:13]
|       |       |   |--P_HTML_TAG_NAME -> p [22:14]
|       |       |   `--END -> > [22:15]
|       |       |--TEXT -> Up.Lo is a package [22:16]
|       |       `--P_TAG_END -> P_TAG_END [22:34]
|       |           |--START -> < [22:34]
|       |           |--SLASH -> / [22:35]
|       |           |--P_HTML_TAG_NAME -> p [22:36]
|       |           `--END -> > [22:37]
|       `--NEWLINE -> \n [22:38]
|--LEADING_ASTERISK -> * [23:0]
|--WS ->   [23:1]
|--JAVADOC_TAG -> JAVADOC_TAG [23:2]
|   |--SEE_LITERAL -> @see [23:2]
|   |--WS ->   [23:6]
|   |--REFERENCE -> REFERENCE [23:7]
|   |   |--PACKAGE_CLASS -> Up.Lo [23:7]
|   |   |--HASH -> # [23:12]
|   |   `--MEMBER -> member [23:13]
|   |--NEWLINE -> \n [23:19]
|   |--WS ->            [24:0]
|   `--DESCRIPTION -> DESCRIPTION [24:10]
|       |--HTML_ELEMENT -> HTML_ELEMENT [24:10]
|       |   `--PARAGRAPH -> PARAGRAPH [24:10]
|       |       |--P_TAG_START -> P_TAG_START [24:10]
|       |       |   |--START -> < [24:10]
|       |       |   |--P_HTML_TAG_NAME -> p [24:11]
|       |       |   `--END -> > [24:12]
|       |       |--HTML_TAG -> HTML_TAG [24:13]
|       |       |   |--HTML_ELEMENT_START -> HTML_ELEMENT_START [24:13]
|       |       |   |   |--START -> < [24:13]
|       |       |   |   |--HTML_TAG_NAME -> a [24:14]
|       |       |   |   |--WS ->   [24:15]
|       |       |   |   |--ATTRIBUTE -> ATTRIBUTE [24:16]
|       |       |   |   |   |--HTML_TAG_NAME -> href [24:16]
|       |       |   |   |   |--EQUALS -> = [24:20]
|       |       |   |   |   `--ATTR_VALUE -> "org.UpLo" [24:21]
|       |       |   |   `--END -> > [24:32]
|       |       |   |--TEXT -> Up.Lo [24:33]
|       |       |   `--HTML_ELEMENT_END -> HTML_ELEMENT_END [24:38]
|       |       |       |--START -> < [24:38]
|       |       |       |--SLASH -> / [24:39]
|       |       |       |--HTML_TAG_NAME -> a [24:40]
|       |       |       `--END -> > [24:41]
|       |       |--TEXT ->  is a  [24:42]
|       |       |--HTML_TAG -> HTML_TAG [24:48]
|       |       |   |--HTML_ELEMENT_START -> HTML_ELEMENT_START [24:48]
|       |       |   |   |--START -> < [24:48]
|       |       |   |   |--HTML_TAG_NAME -> b [24:49]
|       |       |   |   `--END -> > [24:50]
|       |       |   |--TEXT -> class [24:51]
|       |       |   `--HTML_ELEMENT_END -> HTML_ELEMENT_END [24:56]
|       |       |       |--START -> < [24:56]
|       |       |       |--SLASH -> / [24:57]
|       |       |       |--HTML_TAG_NAME -> b [24:58]
|       |       |       `--END -> > [24:59]
|       |       `--P_TAG_END -> P_TAG_END [24:60]
|       |           |--START -> < [24:60]
|       |           |--SLASH -> / [24:61]
|       |           |--P_HTML_TAG_NAME -> p [24:62]
|       |           `--END -> > [24:63]
|       `--NEWLINE -> \n [24:64]
|--LEADING_ASTERISK -> * [25:0]
|--WS ->   [25:1]
|--JAVADOC_TAG -> JAVADOC_TAG [25:2]
|   |--SEE_LITERAL -> @see [25:2]
|   |--WS ->   [25:6]
|   |--REFERENCE -> REFERENCE [25:7]
|   |   |--PACKAGE_CLASS -> package.Class.NestedClassAtDepth1.NestedClassAtDepth2 [25:7]
|   |   |--HASH -> # [25:60]
|   |   `--MEMBER -> member [25:61]
|   |--NEWLINE -> \n [25:67]
|   `--DESCRIPTION -> DESCRIPTION [26:0]
|       |--HTML_ELEMENT -> HTML_ELEMENT [26:0]
|       |   `--PARAGRAPH -> PARAGRAPH [26:0]
|       |       |--P_TAG_START -> P_TAG_START [26:0]
|       |       |   |--START -> < [26:0]
|       |       |   |--P_HTML_TAG_NAME -> p [26:1]
|       |       |   `--END -> > [26:2]
|       |       |--TEXT ->  Separate package from class without context [26:3]
|       |       |--NEWLINE -> \n [26:47]
|       |       |--LEADING_ASTERISK -> * [27:0]
|       |       |--TEXT ->   [27:1]
|       |       `--P_TAG_END -> P_TAG_END [27:2]
|       |           |--START -> < [27:2]
|       |           |--SLASH -> / [27:3]
|       |           |--P_HTML_TAG_NAME -> p [27:4]
|       |           `--END -> > [27:5]
|       `--NEWLINE -> \n [27:6]
|--LEADING_ASTERISK -> * [28:0]
|--WS ->   [28:1]
|--JAVADOC_TAG -> JAVADOC_TAG [28:2]
|   |--SEE_LITERAL -> @see [28:2]
|   |--WS ->   [28:6]
|   |--REFERENCE -> REFERENCE [28:7]
|   |   `--PACKAGE_CLASS -> javax.swing.tree.DefaultTreeCellRenderer.getTreeCellRenderer [28:7]
|   |--WS ->   [28:67]
|   `--DESCRIPTION -> DESCRIPTION [28:68]
|       `--TEXT -> () [28:68]
`--EOF -> <EOF> [28:70]]
>
	at com.puppycrawl.tools.checkstyle.grammar.javadoc.JavadocParseTreeTest.testUppercaseInPackageName(JavadocParseTreeTest.java:380)
]]></failure>
  </testcase>
  <testcase name="textBeforeJavadocTags" classname="com.puppycrawl.tools.checkstyle.grammar.javadoc.JavadocParseTreeTest" time="0">
    <failure message="Generated tree from the javadoc file should match the pre-defined tree expected:&lt;...DOC -&gt; JAVADOC [0:0][&#10;|--NEWLINE -&gt; \n [0:0]&#10;|--LEADING_ASTERISK -&gt;  * [1:0]&#10;|--TEXT -&gt;  a b [1:2]&#10;|--NEWLINE -&gt; \n [1:6]&#10;|--LEADING_ASTERISK -&gt;  * [2:0]&#10;|--TEXT -&gt;  c [2:2]&#10;|--NEWLINE -&gt; \n [2:4]&#10;|--LEADING_ASTERISK -&gt;  * [3:0]&#10;|--WS -&gt;   [3:2]&#10;|--JAVADOC_TAG -&gt; JAVADOC_TAG [3:3]&#10;|   |--SEE_LITERAL -&gt; @see [3:3]&#10;|   |--WS -&gt;   [3:7]&#10;|   |--REFERENCE -&gt; REFERENCE [3:8]&#10;|   |   `--PACKAGE_CLASS -&gt; Integer [3:8]&#10;|   |--WS -&gt;   [3:15]&#10;|   `--DESCRIPTION -&gt; DESCRIPTION [3:16]&#10;|       |--TEXT -&gt; Int [3:16]&#10;|       `--NEWLINE -&gt; \n [3:19]&#10;|--LEADING_ASTERISK -&gt;  * [4:0]&#10;|--WS -&gt;   [4:2]&#10;|--JAVADOC_TAG -&gt; JAVADOC_TAG [4:3]&#10;|   |--AUTHOR_LITERAL -&gt; @author [4:3]&#10;|   |--WS -&gt;   [4:10]&#10;|   `--DESCRIPTION -&gt; DESCRIPTION [4:11]&#10;|       |--TEXT -&gt; Walter White [4:11]&#10;|       `--NEWLINE -&gt; \n [4:23]&#10;|--LEADING_ASTERISK -&gt;  * [5:0]&#10;|--WS -&gt;   [5:2]&#10;|--JAVADOC_TAG -&gt; JAVADOC_TAG [5:3]&#10;|   |--AUTHOR_LITERAL -&gt; @author [5:3]&#10;|   |--WS -&gt;   [5:10]&#10;|   `--DESCRIPTION -&gt; DESCRIPTION [5:11]&#10;|       |--TEXT -&gt; John Snow [5:11]&#10;|       |--NEWLINE -&gt; \n [5:20]&#10;|       `--TEXT -&gt;   [6:0]&#10;`--EOF -&gt; &lt;EOF&gt; [6:1]]&#10;&gt; but was:&lt;...DOC -&gt; JAVADOC [0:0][&#10;|--NEWLINE -&gt; \n [0:0]&#10;|--LEADING_ASTERISK -&gt;  * [1:0]&#10;|--TEXT -&gt;  a b [1:2]&#10;|--NEWLINE -&gt; \n [1:6]&#10;|--LEADING_ASTERISK -&gt;  * [2:0]&#10;|--TEXT -&gt;  c [2:2]&#10;|--NEWLINE -&gt; \n [2:4]&#10;|--LEADING_ASTERISK -&gt;  * [3:0]&#10;|--WS -&gt;   [3:2]&#10;|--JAVADOC_TAG -&gt; JAVADOC_TAG [3:3]&#10;|   |--SEE_LITERAL -&gt; @see [3:3]&#10;|   |--WS -&gt;   [3:7]&#10;|   |--REFERENCE -&gt; REFERENCE [3:8]&#10;|   |   `--PACKAGE_CLASS -&gt; Integer [3:8]&#10;|   |--WS -&gt;   [3:15]&#10;|   `--DESCRIPTION -&gt; DESCRIPTION [3:16]&#10;|       |--TEXT -&gt; Int [3:16]&#10;|       `--NEWLINE -&gt; \n [3:19]&#10;|--LEADING_ASTERISK -&gt;  * [4:0]&#10;|--WS -&gt;   [4:2]&#10;|--JAVADOC_TAG -&gt; JAVADOC_TAG [4:3]&#10;|   |--AUTHOR_LITERAL -&gt; @author [4:3]&#10;|   |--WS -&gt;   [4:10]&#10;|   `--DESCRIPTION -&gt; DESCRIPTION [4:11]&#10;|       |--TEXT -&gt; Walter White [4:11]&#10;|       `--NEWLINE -&gt; \n [4:23]&#10;|--LEADING_ASTERISK -&gt;  * [5:0]&#10;|--WS -&gt;   [5:2]&#10;|--JAVADOC_TAG -&gt; JAVADOC_TAG [5:3]&#10;|   |--AUTHOR_LITERAL -&gt; @author [5:3]&#10;|   |--WS -&gt;   [5:10]&#10;|   `--DESCRIPTION -&gt; DESCRIPTION [5:11]&#10;|       |--TEXT -&gt; John Snow [5:11]&#10;|       |--NEWLINE -&gt; \n [5:20]&#10;|       `--TEXT -&gt;   [6:0]&#10;`--EOF -&gt; &lt;EOF&gt; [6:1]&#13;]&#10;&gt;" type="org.junit.ComparisonFailure"><![CDATA[org.junit.ComparisonFailure: 
Generated tree from the javadoc file should match the pre-defined tree expected:<...DOC -> JAVADOC [0:0][
|--NEWLINE -> \n [0:0]
|--LEADING_ASTERISK ->  * [1:0]
|--TEXT ->  a b [1:2]
|--NEWLINE -> \n [1:6]
|--LEADING_ASTERISK ->  * [2:0]
|--TEXT ->  c [2:2]
|--NEWLINE -> \n [2:4]
|--LEADING_ASTERISK ->  * [3:0]
|--WS ->   [3:2]
|--JAVADOC_TAG -> JAVADOC_TAG [3:3]
|   |--SEE_LITERAL -> @see [3:3]
|   |--WS ->   [3:7]
|   |--REFERENCE -> REFERENCE [3:8]
|   |   `--PACKAGE_CLASS -> Integer [3:8]
|   |--WS ->   [3:15]
|   `--DESCRIPTION -> DESCRIPTION [3:16]
|       |--TEXT -> Int [3:16]
|       `--NEWLINE -> \n [3:19]
|--LEADING_ASTERISK ->  * [4:0]
|--WS ->   [4:2]
|--JAVADOC_TAG -> JAVADOC_TAG [4:3]
|   |--AUTHOR_LITERAL -> @author [4:3]
|   |--WS ->   [4:10]
|   `--DESCRIPTION -> DESCRIPTION [4:11]
|       |--TEXT -> Walter White [4:11]
|       `--NEWLINE -> \n [4:23]
|--LEADING_ASTERISK ->  * [5:0]
|--WS ->   [5:2]
|--JAVADOC_TAG -> JAVADOC_TAG [5:3]
|   |--AUTHOR_LITERAL -> @author [5:3]
|   |--WS ->   [5:10]
|   `--DESCRIPTION -> DESCRIPTION [5:11]
|       |--TEXT -> John Snow [5:11]
|       |--NEWLINE -> \n [5:20]
|       `--TEXT ->   [6:0]
`--EOF -> <EOF> [6:1]]
> but was:<...DOC -> JAVADOC [0:0][
|--NEWLINE -> \n [0:0]
|--LEADING_ASTERISK ->  * [1:0]
|--TEXT ->  a b [1:2]
|--NEWLINE -> \n [1:6]
|--LEADING_ASTERISK ->  * [2:0]
|--TEXT ->  c [2:2]
|--NEWLINE -> \n [2:4]
|--LEADING_ASTERISK ->  * [3:0]
|--WS ->   [3:2]
|--JAVADOC_TAG -> JAVADOC_TAG [3:3]
|   |--SEE_LITERAL -> @see [3:3]
|   |--WS ->   [3:7]
|   |--REFERENCE -> REFERENCE [3:8]
|   |   `--PACKAGE_CLASS -> Integer [3:8]
|   |--WS ->   [3:15]
|   `--DESCRIPTION -> DESCRIPTION [3:16]
|       |--TEXT -> Int [3:16]
|       `--NEWLINE -> \n [3:19]
|--LEADING_ASTERISK ->  * [4:0]
|--WS ->   [4:2]
|--JAVADOC_TAG -> JAVADOC_TAG [4:3]
|   |--AUTHOR_LITERAL -> @author [4:3]
|   |--WS ->   [4:10]
|   `--DESCRIPTION -> DESCRIPTION [4:11]
|       |--TEXT -> Walter White [4:11]
|       `--NEWLINE -> \n [4:23]
|--LEADING_ASTERISK ->  * [5:0]
|--WS ->   [5:2]
|--JAVADOC_TAG -> JAVADOC_TAG [5:3]
|   |--AUTHOR_LITERAL -> @author [5:3]
|   |--WS ->   [5:10]
|   `--DESCRIPTION -> DESCRIPTION [5:11]
|       |--TEXT -> John Snow [5:11]
|       |--NEWLINE -> \n [5:20]
|       `--TEXT ->   [6:0]
`--EOF -> <EOF> [6:1]]
>
	at com.puppycrawl.tools.checkstyle.grammar.javadoc.JavadocParseTreeTest.textBeforeJavadocTags(JavadocParseTreeTest.java:56)
]]></failure>
  </testcase>
  <testcase name="testLeadingAsterisksExtended" classname="com.puppycrawl.tools.checkstyle.grammar.javadoc.JavadocParseTreeTest" time="0">
    <failure message="Generated tree from the javadoc file should match the pre-defined tree expected:&lt;...DOC -&gt; JAVADOC [0:0][&#10;|--TEXT -&gt;      [0:0]&#10;|--NEWLINE -&gt; \n [0:4]&#10;|--LEADING_ASTERISK -&gt; * [1:0]&#10;|--TEXT -&gt;  Checks that commentContent starts with &apos;*&apos; javadoc comment identifier. [1:1]&#10;|--NEWLINE -&gt; \n [1:72]&#10;|--LEADING_ASTERISK -&gt;     * [2:0]&#10;|--TEXT -&gt; &amp;lt;property name=&quot;ignorePattern&quot; value=&quot;^ *\* *[^ ]+$&quot;/&amp;gt* [2:5]&#10;|--NEWLINE -&gt; \n [2:65]&#10;|--LEADING_ASTERISK -&gt; \t* [3:0]&#10;|--TEXT -&gt;  This * is not a leading * [3:2]&#10;|--NEWLINE -&gt; \n [3:28]&#10;|--LEADING_ASTERISK -&gt; * [4:0]&#10;|--WS -&gt;   [4:1]&#10;|--JAVADOC_TAG -&gt; JAVADOC_TAG [4:2]&#10;|   |--RETURN_LITERAL -&gt; @return [4:2]&#10;|   |--WS -&gt;   [4:9]&#10;|   `--DESCRIPTION -&gt; DESCRIPTION [4:10]&#10;|       |--TEXT -&gt; true if commentContent starts with &apos;*&apos; javadoc comment identifier [4:10]&#10;|       `--NEWLINE -&gt; \n [4:75]&#10;`--EOF -&gt; &lt;EOF&gt; [5:0]]&#10;&gt; but was:&lt;...DOC -&gt; JAVADOC [0:0][&#10;|--TEXT -&gt;      [0:0]&#10;|--NEWLINE -&gt; \n [0:4]&#10;|--LEADING_ASTERISK -&gt; * [1:0]&#10;|--TEXT -&gt;  Checks that commentContent starts with &apos;*&apos; javadoc comment identifier. [1:1]&#10;|--NEWLINE -&gt; \n [1:72]&#10;|--LEADING_ASTERISK -&gt;     * [2:0]&#10;|--TEXT -&gt; &amp;lt;property name=&quot;ignorePattern&quot; value=&quot;^ *\* *[^ ]+$&quot;/&amp;gt* [2:5]&#10;|--NEWLINE -&gt; \n [2:65]&#10;|--LEADING_ASTERISK -&gt; \t* [3:0]&#10;|--TEXT -&gt;  This * is not a leading * [3:2]&#10;|--NEWLINE -&gt; \n [3:28]&#10;|--LEADING_ASTERISK -&gt; * [4:0]&#10;|--WS -&gt;   [4:1]&#10;|--JAVADOC_TAG -&gt; JAVADOC_TAG [4:2]&#10;|   |--RETURN_LITERAL -&gt; @return [4:2]&#10;|   |--WS -&gt;   [4:9]&#10;|   `--DESCRIPTION -&gt; DESCRIPTION [4:10]&#10;|       |--TEXT -&gt; true if commentContent starts with &apos;*&apos; javadoc comment identifier [4:10]&#10;|       `--NEWLINE -&gt; \n [4:75]&#10;`--EOF -&gt; &lt;EOF&gt; [5:0]&#13;]&#10;&gt;" type="org.junit.ComparisonFailure"><![CDATA[org.junit.ComparisonFailure: 
Generated tree from the javadoc file should match the pre-defined tree expected:<...DOC -> JAVADOC [0:0][
|--TEXT ->      [0:0]
|--NEWLINE -> \n [0:4]
|--LEADING_ASTERISK -> * [1:0]
|--TEXT ->  Checks that commentContent starts with '*' javadoc comment identifier. [1:1]
|--NEWLINE -> \n [1:72]
|--LEADING_ASTERISK ->     * [2:0]
|--TEXT -> &lt;property name="ignorePattern" value="^ *\* *[^ ]+$"/&gt* [2:5]
|--NEWLINE -> \n [2:65]
|--LEADING_ASTERISK -> \t* [3:0]
|--TEXT ->  This * is not a leading * [3:2]
|--NEWLINE -> \n [3:28]
|--LEADING_ASTERISK -> * [4:0]
|--WS ->   [4:1]
|--JAVADOC_TAG -> JAVADOC_TAG [4:2]
|   |--RETURN_LITERAL -> @return [4:2]
|   |--WS ->   [4:9]
|   `--DESCRIPTION -> DESCRIPTION [4:10]
|       |--TEXT -> true if commentContent starts with '*' javadoc comment identifier [4:10]
|       `--NEWLINE -> \n [4:75]
`--EOF -> <EOF> [5:0]]
> but was:<...DOC -> JAVADOC [0:0][
|--TEXT ->      [0:0]
|--NEWLINE -> \n [0:4]
|--LEADING_ASTERISK -> * [1:0]
|--TEXT ->  Checks that commentContent starts with '*' javadoc comment identifier. [1:1]
|--NEWLINE -> \n [1:72]
|--LEADING_ASTERISK ->     * [2:0]
|--TEXT -> &lt;property name="ignorePattern" value="^ *\* *[^ ]+$"/&gt* [2:5]
|--NEWLINE -> \n [2:65]
|--LEADING_ASTERISK -> \t* [3:0]
|--TEXT ->  This * is not a leading * [3:2]
|--NEWLINE -> \n [3:28]
|--LEADING_ASTERISK -> * [4:0]
|--WS ->   [4:1]
|--JAVADOC_TAG -> JAVADOC_TAG [4:2]
|   |--RETURN_LITERAL -> @return [4:2]
|   |--WS ->   [4:9]
|   `--DESCRIPTION -> DESCRIPTION [4:10]
|       |--TEXT -> true if commentContent starts with '*' javadoc comment identifier [4:10]
|       `--NEWLINE -> \n [4:75]
`--EOF -> <EOF> [5:0]]
>
	at com.puppycrawl.tools.checkstyle.grammar.javadoc.JavadocParseTreeTest.testLeadingAsterisksExtended(JavadocParseTreeTest.java:194)
]]></failure>
  </testcase>
  <testcase name="testHtmlVoidElementEmbed" classname="com.puppycrawl.tools.checkstyle.grammar.javadoc.JavadocParseTreeTest" time="0.062">
    <failure message="Generated tree from the javadoc file should match the pre-defined tree expected:&lt;...DOC -&gt; JAVADOC [0:0][&#10;|--LEADING_ASTERISK -&gt; * [0:0]&#10;|--TEXT -&gt;   [0:1]&#10;|--HTML_ELEMENT -&gt; HTML_ELEMENT [0:2]&#10;|   `--PARAGRAPH -&gt; PARAGRAPH [0:2]&#10;|       |--P_TAG_START -&gt; P_TAG_START [0:2]&#10;|       |   |--START -&gt; &lt; [0:2]&#10;|       |   |--P_HTML_TAG_NAME -&gt; p [0:3]&#10;|       |   `--END -&gt; &gt; [0:4]&#10;|       |--TEXT -&gt;   [0:5]&#10;|       |--SINGLETON_ELEMENT -&gt; SINGLETON_ELEMENT [0:6]&#10;|       |   `--EMBED_TAG -&gt; EMBED_TAG [0:6]&#10;|       |       |--START -&gt; &lt; [0:6]&#10;|       |       |--EMBED_HTML_TAG_NAME -&gt; embed [0:7]&#10;|       |       `--END -&gt; &gt; [0:12]&#10;|       |--TEXT -&gt;   [0:13]&#10;|       `--P_TAG_END -&gt; P_TAG_END [0:14]&#10;|           |--START -&gt; &lt; [0:14]&#10;|           |--SLASH -&gt; / [0:15]&#10;|           |--P_HTML_TAG_NAME -&gt; p [0:16]&#10;|           `--END -&gt; &gt; [0:17]&#10;|--NEWLINE -&gt; \n [0:18]&#10;|--LEADING_ASTERISK -&gt; * [1:0]&#10;|--TEXT -&gt;   [1:1]&#10;|--HTML_ELEMENT -&gt; HTML_ELEMENT [1:2]&#10;|   `--LI -&gt; LI [1:2]&#10;|       |--LI_TAG_START -&gt; LI_TAG_START [1:2]&#10;|       |   |--START -&gt; &lt; [1:2]&#10;|       |   |--LI_HTML_TAG_NAME -&gt; li [1:3]&#10;|       |   `--END -&gt; &gt; [1:5]&#10;|       |--TEXT -&gt;   [1:6]&#10;|       |--SINGLETON_ELEMENT -&gt; SINGLETON_ELEMENT [1:7]&#10;|       |   `--EMBED_TAG -&gt; EMBED_TAG [1:7]&#10;|       |       |--START -&gt; &lt; [1:7]&#10;|       |       |--EMBED_HTML_TAG_NAME -&gt; embed [1:8]&#10;|       |       `--END -&gt; &gt; [1:13]&#10;|       |--TEXT -&gt;   [1:14]&#10;|       `--LI_TAG_END -&gt; LI_TAG_END [1:15]&#10;|           |--START -&gt; &lt; [1:15]&#10;|           |--SLASH -&gt; / [1:16]&#10;|           |--LI_HTML_TAG_NAME -&gt; li [1:17]&#10;|           `--END -&gt; &gt; [1:19]&#10;|--NEWLINE -&gt; \n [1:20]&#10;|--LEADING_ASTERISK -&gt; * [2:0]&#10;|--TEXT -&gt;   [2:1]&#10;|--HTML_ELEMENT -&gt; HTML_ELEMENT [2:2]&#10;|   `--TR -&gt; TR [2:2]&#10;|       |--TR_TAG_START -&gt; TR_TAG_START [2:2]&#10;|       |   |--START -&gt; &lt; [2:2]&#10;|       |   |--TR_HTML_TAG_NAME -&gt; tr [2:3]&#10;|       |   `--END -&gt; &gt; [2:5]&#10;|       |--TEXT -&gt;   [2:6]&#10;|       |--SINGLETON_ELEMENT -&gt; SINGLETON_ELEMENT [2:7]&#10;|       |   `--EMBED_TAG -&gt; EMBED_TAG [2:7]&#10;|       |       |--START -&gt; &lt; [2:7]&#10;|       |       |--EMBED_HTML_TAG_NAME -&gt; embed [2:8]&#10;|       |       `--END -&gt; &gt; [2:13]&#10;|       |--TEXT -&gt;   [2:14]&#10;|       `--TR_TAG_END -&gt; TR_TAG_END [2:15]&#10;|           |--START -&gt; &lt; [2:15]&#10;|           |--SLASH -&gt; / [2:16]&#10;|           |--TR_HTML_TAG_NAME -&gt; tr [2:17]&#10;|           `--END -&gt; &gt; [2:19]&#10;|--NEWLINE -&gt; \n [2:20]&#10;|--LEADING_ASTERISK -&gt; * [3:0]&#10;|--TEXT -&gt;   [3:1]&#10;|--HTML_ELEMENT -&gt; HTML_ELEMENT [3:2]&#10;|   `--TD -&gt; TD [3:2]&#10;|       |--TD_TAG_START -&gt; TD_TAG_START [3:2]&#10;|       |   |--START -&gt; &lt; [3:2]&#10;|       |   |--TD_HTML_TAG_NAME -&gt; td [3:3]&#10;|       |   `--END -&gt; &gt; [3:5]&#10;|       |--TEXT -&gt;   [3:6]&#10;|       |--SINGLETON_ELEMENT -&gt; SINGLETON_ELEMENT [3:7]&#10;|       |   `--EMBED_TAG -&gt; EMBED_TAG [3:7]&#10;|       |       |--START -&gt; &lt; [3:7]&#10;|       |       |--EMBED_HTML_TAG_NAME -&gt; embed [3:8]&#10;|       |       `--END -&gt; &gt; [3:13]&#10;|       |--TEXT -&gt;   [3:14]&#10;|       `--TD_TAG_END -&gt; TD_TAG_END [3:15]&#10;|           |--START -&gt; &lt; [3:15]&#10;|           |--SLASH -&gt; / [3:16]&#10;|           |--TD_HTML_TAG_NAME -&gt; td [3:17]&#10;|           `--END -&gt; &gt; [3:19]&#10;|--NEWLINE -&gt; \n [3:20]&#10;|--LEADING_ASTERISK -&gt; * [4:0]&#10;|--TEXT -&gt;   [4:1]&#10;|--HTML_ELEMENT -&gt; HTML_ELEMENT [4:2]&#10;|   `--TH -&gt; TH [4:2]&#10;|       |--TH_TAG_START -&gt; TH_TAG_START [4:2]&#10;|       |   |--START -&gt; &lt; [4:2]&#10;|       |   |--TH_HTML_TAG_NAME -&gt; th [4:3]&#10;|       |   `--END -&gt; &gt; [4:5]&#10;|       |--TEXT -&gt;   [4:6]&#10;|       |--SINGLETON_ELEMENT -&gt; SINGLETON_ELEMENT [4:7]&#10;|       |   `--EMBED_TAG -&gt; EMBED_TAG [4:7]&#10;|       |       |--START -&gt; &lt; [4:7]&#10;|       |       |--EMBED_HTML_TAG_NAME -&gt; embed [4:8]&#10;|       |       `--END -&gt; &gt; [4:13]&#10;|       |--TEXT -&gt;   [4:14]&#10;|       `--TH_TAG_END -&gt; TH_TAG_END [4:15]&#10;|           |--START -&gt; &lt; [4:15]&#10;|           |--SLASH -&gt; / [4:16]&#10;|           |--TH_HTML_TAG_NAME -&gt; th [4:17]&#10;|           `--END -&gt; &gt; [4:19]&#10;|--NEWLINE -&gt; \n [4:20]&#10;|--LEADING_ASTERISK -&gt; * [5:0]&#10;|--TEXT -&gt;   [5:1]&#10;|--HTML_ELEMENT -&gt; HTML_ELEMENT [5:2]&#10;|   `--BODY -&gt; BODY [5:2]&#10;|       |--BODY_TAG_START -&gt; BODY_TAG_START [5:2]&#10;|       |   |--START -&gt; &lt; [5:2]&#10;|       |   |--BODY_HTML_TAG_NAME -&gt; body [5:3]&#10;|       |   `--END -&gt; &gt; [5:7]&#10;|       |--TEXT -&gt;   [5:8]&#10;|       |--SINGLETON_ELEMENT -&gt; SINGLETON_ELEMENT [5:9]&#10;|       |   `--EMBED_TAG -&gt; EMBED_TAG [5:9]&#10;|       |       |--START -&gt; &lt; [5:9]&#10;|       |       |--EMBED_HTML_TAG_NAME -&gt; embed [5:10]&#10;|       |       `--END -&gt; &gt; [5:15]&#10;|       |--TEXT -&gt;   [5:16]&#10;|       `--BODY_TAG_END -&gt; BODY_TAG_END [5:17]&#10;|           |--START -&gt; &lt; [5:17]&#10;|           |--SLASH -&gt; / [5:18]&#10;|           |--BODY_HTML_TAG_NAME -&gt; body [5:19]&#10;|           `--END -&gt; &gt; [5:23]&#10;|--NEWLINE -&gt; \n [5:24]&#10;|--LEADING_ASTERISK -&gt; * [6:0]&#10;|--TEXT -&gt;   [6:1]&#10;|--HTML_ELEMENT -&gt; HTML_ELEMENT [6:2]&#10;|   `--COLGROUP -&gt; COLGROUP [6:2]&#10;|       |--COLGROUP_TAG_START -&gt; COLGROUP_TAG_START [6:2]&#10;|       |   |--START -&gt; &lt; [6:2]&#10;|       |   |--COLGROUP_HTML_TAG_NAME -&gt; colgroup [6:3]&#10;|       |   `--END -&gt; &gt; [6:11]&#10;|       |--TEXT -&gt;   [6:12]&#10;|       |--SINGLETON_ELEMENT -&gt; SINGLETON_ELEMENT [6:13]&#10;|       |   `--EMBED_TAG -&gt; EMBED_TAG [6:13]&#10;|       |       |--START -&gt; &lt; [6:13]&#10;|       |       |--EMBED_HTML_TAG_NAME -&gt; embed [6:14]&#10;|       |       `--END -&gt; &gt; [6:19]&#10;|       |--TEXT -&gt;   [6:20]&#10;|       `--COLGROUP_TAG_END -&gt; COLGROUP_TAG_END [6:21]&#10;|           |--START -&gt; &lt; [6:21]&#10;|           |--SLASH -&gt; / [6:22]&#10;|           |--COLGROUP_HTML_TAG_NAME -&gt; colgroup [6:23]&#10;|           `--END -&gt; &gt; [6:31]&#10;|--NEWLINE -&gt; \n [6:32]&#10;|--LEADING_ASTERISK -&gt; * [7:0]&#10;|--TEXT -&gt;   [7:1]&#10;|--HTML_ELEMENT -&gt; HTML_ELEMENT [7:2]&#10;|   `--DD -&gt; DD [7:2]&#10;|       |--DD_TAG_START -&gt; DD_TAG_START [7:2]&#10;|       |   |--START -&gt; &lt; [7:2]&#10;|       |   |--DD_HTML_TAG_NAME -&gt; dd [7:3]&#10;|       |   `--END -&gt; &gt; [7:5]&#10;|       |--TEXT -&gt;   [7:6]&#10;|       |--SINGLETON_ELEMENT -&gt; SINGLETON_ELEMENT [7:7]&#10;|       |   `--EMBED_TAG -&gt; EMBED_TAG [7:7]&#10;|       |       |--START -&gt; &lt; [7:7]&#10;|       |       |--EMBED_HTML_TAG_NAME -&gt; embed [7:8]&#10;|       |       `--END -&gt; &gt; [7:13]&#10;|       |--TEXT -&gt;   [7:14]&#10;|       `--DD_TAG_END -&gt; DD_TAG_END [7:15]&#10;|           |--START -&gt; &lt; [7:15]&#10;|           |--SLASH -&gt; / [7:16]&#10;|           |--DD_HTML_TAG_NAME -&gt; dd [7:17]&#10;|           `--END -&gt; &gt; [7:19]&#10;|--NEWLINE -&gt; \n [7:20]&#10;|--LEADING_ASTERISK -&gt; * [8:0]&#10;|--TEXT -&gt;   [8:1]&#10;|--HTML_ELEMENT -&gt; HTML_ELEMENT [8:2]&#10;|   `--DT -&gt; DT [8:2]&#10;|       |--DT_TAG_START -&gt; DT_TAG_START [8:2]&#10;|       |   |--START -&gt; &lt; [8:2]&#10;|       |   |--DT_HTML_TAG_NAME -&gt; dt [8:3]&#10;|       |   `--END -&gt; &gt; [8:5]&#10;|       |--TEXT -&gt;   [8:6]&#10;|       |--SINGLETON_ELEMENT -&gt; SINGLETON_ELEMENT [8:7]&#10;|       |   `--EMBED_TAG -&gt; EMBED_TAG [8:7]&#10;|       |       |--START -&gt; &lt; [8:7]&#10;|       |       |--EMBED_HTML_TAG_NAME -&gt; embed [8:8]&#10;|       |       `--END -&gt; &gt; [8:13]&#10;|       |--TEXT -&gt;   [8:14]&#10;|       `--DT_TAG_END -&gt; DT_TAG_END [8:15]&#10;|           |--START -&gt; &lt; [8:15]&#10;|           |--SLASH -&gt; / [8:16]&#10;|           |--DT_HTML_TAG_NAME -&gt; dt [8:17]&#10;|           `--END -&gt; &gt; [8:19]&#10;|--NEWLINE -&gt; \n [8:20]&#10;|--LEADING_ASTERISK -&gt; * [9:0]&#10;|--TEXT -&gt;   [9:1]&#10;|--HTML_ELEMENT -&gt; HTML_ELEMENT [9:2]&#10;|   `--HEAD -&gt; HEAD [9:2]&#10;|       |--HEAD_TAG_START -&gt; HEAD_TAG_START [9:2]&#10;|       |   |--START -&gt; &lt; [9:2]&#10;|       |   |--HEAD_HTML_TAG_NAME -&gt; head [9:3]&#10;|       |   `--END -&gt; &gt; [9:7]&#10;|       |--TEXT -&gt;   [9:8]&#10;|       |--SINGLETON_ELEMENT -&gt; SINGLETON_ELEMENT [9:9]&#10;|       |   `--EMBED_TAG -&gt; EMBED_TAG [9:9]&#10;|       |       |--START -&gt; &lt; [9:9]&#10;|       |       |--EMBED_HTML_TAG_NAME -&gt; embed [9:10]&#10;|       |       `--END -&gt; &gt; [9:15]&#10;|       |--TEXT -&gt;   [9:16]&#10;|       `--HEAD_TAG_END -&gt; HEAD_TAG_END [9:17]&#10;|           |--START -&gt; &lt; [9:17]&#10;|           |--SLASH -&gt; / [9:18]&#10;|           |--HEAD_HTML_TAG_NAME -&gt; head [9:19]&#10;|           `--END -&gt; &gt; [9:23]&#10;|--NEWLINE -&gt; \n [9:24]&#10;|--LEADING_ASTERISK -&gt; * [10:0]&#10;|--TEXT -&gt;   [10:1]&#10;|--HTML_ELEMENT -&gt; HTML_ELEMENT [10:2]&#10;|   `--HTML -&gt; HTML [10:2]&#10;|       |--HTML_TAG_START -&gt; HTML_TAG_START [10:2]&#10;|       |   |--START -&gt; &lt; [10:2]&#10;|       |   |--HTML_HTML_TAG_NAME -&gt; html [10:3]&#10;|       |   `--END -&gt; &gt; [10:7]&#10;|       |--TEXT -&gt;   [10:8]&#10;|       |--SINGLETON_ELEMENT -&gt; SINGLETON_ELEMENT [10:9]&#10;|       |   `--EMBED_TAG -&gt; EMBED_TAG [10:9]&#10;|       |       |--START -&gt; &lt; [10:9]&#10;|       |       |--EMBED_HTML_TAG_NAME -&gt; embed [10:10]&#10;|       |       `--END -&gt; &gt; [10:15]&#10;|       |--TEXT -&gt;   [10:16]&#10;|       `--HTML_TAG_END -&gt; HTML_TAG_END [10:17]&#10;|           |--START -&gt; &lt; [10:17]&#10;|           |--SLASH -&gt; / [10:18]&#10;|           |--HTML_HTML_TAG_NAME -&gt; html [10:19]&#10;|           `--END -&gt; &gt; [10:23]&#10;|--NEWLINE -&gt; \n [10:24]&#10;|--LEADING_ASTERISK -&gt; * [11:0]&#10;|--TEXT -&gt;   [11:1]&#10;|--HTML_ELEMENT -&gt; HTML_ELEMENT [11:2]&#10;|   `--OPTION -&gt; OPTION [11:2]&#10;|       |--OPTION_TAG_START -&gt; OPTION_TAG_START [11:2]&#10;|       |   |--START -&gt; &lt; [11:2]&#10;|       |   |--OPTION_HTML_TAG_NAME -&gt; option [11:3]&#10;|       |   `--END -&gt; &gt; [11:9]&#10;|       |--TEXT -&gt;   [11:10]&#10;|       |--SINGLETON_ELEMENT -&gt; SINGLETON_ELEMENT [11:11]&#10;|       |   `--EMBED_TAG -&gt; EMBED_TAG [11:11]&#10;|       |       |--START -&gt; &lt; [11:11]&#10;|       |       |--EMBED_HTML_TAG_NAME -&gt; embed [11:12]&#10;|       |       `--END -&gt; &gt; [11:17]&#10;|       |--TEXT -&gt;   [11:18]&#10;|       `--OPTION_TAG_END -&gt; OPTION_TAG_END [11:19]&#10;|           |--START -&gt; &lt; [11:19]&#10;|           |--SLASH -&gt; / [11:20]&#10;|           |--OPTION_HTML_TAG_NAME -&gt; option [11:21]&#10;|           `--END -&gt; &gt; [11:27]&#10;|--NEWLINE -&gt; \n [11:28]&#10;|--LEADING_ASTERISK -&gt; * [12:0]&#10;|--TEXT -&gt;   [12:1]&#10;|--HTML_ELEMENT -&gt; HTML_ELEMENT [12:2]&#10;|   `--TBODY -&gt; TBODY [12:2]&#10;|       |--TBODY_TAG_START -&gt; TBODY_TAG_START [12:2]&#10;|       |   |--START -&gt; &lt; [12:2]&#10;|       |   |--TBODY_HTML_TAG_NAME -&gt; tbody [12:3]&#10;|       |   `--END -&gt; &gt; [12:8]&#10;|       |--TEXT -&gt;   [12:9]&#10;|       |--SINGLETON_ELEMENT -&gt; SINGLETON_ELEMENT [12:10]&#10;|       |   `--EMBED_TAG -&gt; EMBED_TAG [12:10]&#10;|       |       |--START -&gt; &lt; [12:10]&#10;|       |       |--EMBED_HTML_TAG_NAME -&gt; embed [12:11]&#10;|       |       `--END -&gt; &gt; [12:16]&#10;|       |--TEXT -&gt;   [12:17]&#10;|       `--TBODY_TAG_END -&gt; TBODY_TAG_END [12:18]&#10;|           |--START -&gt; &lt; [12:18]&#10;|           |--SLASH -&gt; / [12:19]&#10;|           |--TBODY_HTML_TAG_NAME -&gt; tbody [12:20]&#10;|           `--END -&gt; &gt; [12:25]&#10;|--NEWLINE -&gt; \n [12:26]&#10;|--LEADING_ASTERISK -&gt; * [13:0]&#10;|--TEXT -&gt;   [13:1]&#10;|--HTML_ELEMENT -&gt; HTML_ELEMENT [13:2]&#10;|   `--THEAD -&gt; THEAD [13:2]&#10;|       |--THEAD_TAG_START -&gt; THEAD_TAG_START [13:2]&#10;|       |   |--START -&gt; &lt; [13:2]&#10;|       |   |--THEAD_HTML_TAG_NAME -&gt; thead [13:3]&#10;|       |   `--END -&gt; &gt; [13:8]&#10;|       |--TEXT -&gt;   [13:9]&#10;|       |--SINGLETON_ELEMENT -&gt; SINGLETON_ELEMENT [13:10]&#10;|       |   `--EMBED_TAG -&gt; EMBED_TAG [13:10]&#10;|       |       |--START -&gt; &lt; [13:10]&#10;|       |       |--EMBED_HTML_TAG_NAME -&gt; embed [13:11]&#10;|       |       `--END -&gt; &gt; [13:16]&#10;|       |--TEXT -&gt;   [13:17]&#10;|       `--THEAD_TAG_END -&gt; THEAD_TAG_END [13:18]&#10;|           |--START -&gt; &lt; [13:18]&#10;|           |--SLASH -&gt; / [13:19]&#10;|           |--THEAD_HTML_TAG_NAME -&gt; thead [13:20]&#10;|           `--END -&gt; &gt; [13:25]&#10;|--NEWLINE -&gt; \n [13:26]&#10;|--LEADING_ASTERISK -&gt; * [14:0]&#10;|--TEXT -&gt;   [14:1]&#10;|--HTML_ELEMENT -&gt; HTML_ELEMENT [14:2]&#10;|   `--TFOOT -&gt; TFOOT [14:2]&#10;|       |--TFOOT_TAG_START -&gt; TFOOT_TAG_START [14:2]&#10;|       |   |--START -&gt; &lt; [14:2]&#10;|       |   |--TFOOT_HTML_TAG_NAME -&gt; tfoot [14:3]&#10;|       |   `--END -&gt; &gt; [14:8]&#10;|       |--TEXT -&gt;   [14:9]&#10;|       |--SINGLETON_ELEMENT -&gt; SINGLETON_ELEMENT [14:10]&#10;|       |   `--EMBED_TAG -&gt; EMBED_TAG [14:10]&#10;|       |       |--START -&gt; &lt; [14:10]&#10;|       |       |--EMBED_HTML_TAG_NAME -&gt; embed [14:11]&#10;|       |       `--END -&gt; &gt; [14:16]&#10;|       |--TEXT -&gt;   [14:17]&#10;|       `--TFOOT_TAG_END -&gt; TFOOT_TAG_END [14:18]&#10;|           |--START -&gt; &lt; [14:18]&#10;|           |--SLASH -&gt; / [14:19]&#10;|           |--TFOOT_HTML_TAG_NAME -&gt; tfoot [14:20]&#10;|           `--END -&gt; &gt; [14:25]&#10;|--NEWLINE -&gt; \n [14:26]&#10;|--NEWLINE -&gt; \n [15:0]&#10;|--LEADING_ASTERISK -&gt; * [16:0]&#10;|--TEXT -&gt;   [16:1]&#10;|--HTML_ELEMENT -&gt; HTML_ELEMENT [16:2]&#10;|   `--PARAGRAPH -&gt; PARAGRAPH [16:2]&#10;|       |--P_TAG_START -&gt; P_TAG_START [16:2]&#10;|       |   |--START -&gt; &lt; [16:2]&#10;|       |   |--P_HTML_TAG_NAME -&gt; p [16:3]&#10;|       |   `--END -&gt; &gt; [16:4]&#10;|       |--TEXT -&gt;   [16:5]&#10;|       |--SINGLETON_ELEMENT -&gt; SINGLETON_ELEMENT [16:6]&#10;|       |   `--EMBED_TAG -&gt; EMBED_TAG [16:6]&#10;|       |       |--START -&gt; &lt; [16:6]&#10;|       |       |--EMBED_HTML_TAG_NAME -&gt; embed [16:7]&#10;|       |       `--SLASH_END -&gt; /&gt; [16:12]&#10;|       |--TEXT -&gt;   [16:14]&#10;|       `--P_TAG_END -&gt; P_TAG_END [16:15]&#10;|           |--START -&gt; &lt; [16:15]&#10;|           |--SLASH -&gt; / [16:16]&#10;|           |--P_HTML_TAG_NAME -&gt; p [16:17]&#10;|           `--END -&gt; &gt; [16:18]&#10;|--NEWLINE -&gt; \n [16:19]&#10;|--LEADING_ASTERISK -&gt; * [17:0]&#10;|--TEXT -&gt;   [17:1]&#10;|--HTML_ELEMENT -&gt; HTML_ELEMENT [17:2]&#10;|   `--LI -&gt; LI [17:2]&#10;|       |--LI_TAG_START -&gt; LI_TAG_START [17:2]&#10;|       |   |--START -&gt; &lt; [17:2]&#10;|       |   |--LI_HTML_TAG_NAME -&gt; li [17:3]&#10;|       |   `--END -&gt; &gt; [17:5]&#10;|       |--TEXT -&gt;   [17:6]&#10;|       |--SINGLETON_ELEMENT -&gt; SINGLETON_ELEMENT [17:7]&#10;|       |   `--EMBED_TAG -&gt; EMBED_TAG [17:7]&#10;|       |       |--START -&gt; &lt; [17:7]&#10;|       |       |--EMBED_HTML_TAG_NAME -&gt; embed [17:8]&#10;|       |       `--SLASH_END -&gt; /&gt; [17:13]&#10;|       |--TEXT -&gt;   [17:15]&#10;|       `--LI_TAG_END -&gt; LI_TAG_END [17:16]&#10;|           |--START -&gt; &lt; [17:16]&#10;|           |--SLASH -&gt; / [17:17]&#10;|           |--LI_HTML_TAG_NAME -&gt; li [17:18]&#10;|           `--END -&gt; &gt; [17:20]&#10;|--NEWLINE -&gt; \n [17:21]&#10;|--LEADING_ASTERISK -&gt; * [18:0]&#10;|--TEXT -&gt;   [18:1]&#10;|--HTML_ELEMENT -&gt; HTML_ELEMENT [18:2]&#10;|   `--TR -&gt; TR [18:2]&#10;|       |--TR_TAG_START -&gt; TR_TAG_START [18:2]&#10;|       |   |--START -&gt; &lt; [18:2]&#10;|       |   |--TR_HTML_TAG_NAME -&gt; tr [18:3]&#10;|       |   `--END -&gt; &gt; [18:5]&#10;|       |--TEXT -&gt;   [18:6]&#10;|       |--SINGLETON_ELEMENT -&gt; SINGLETON_ELEMENT [18:7]&#10;|       |   `--EMBED_TAG -&gt; EMBED_TAG [18:7]&#10;|       |       |--START -&gt; &lt; [18:7]&#10;|       |       |--EMBED_HTML_TAG_NAME -&gt; embed [18:8]&#10;|       |       `--SLASH_END -&gt; /&gt; [18:13]&#10;|       |--TEXT -&gt;   [18:15]&#10;|       `--TR_TAG_END -&gt; TR_TAG_END [18:16]&#10;|           |--START -&gt; &lt; [18:16]&#10;|           |--SLASH -&gt; / [18:17]&#10;|           |--TR_HTML_TAG_NAME -&gt; tr [18:18]&#10;|           `--END -&gt; &gt; [18:20]&#10;|--NEWLINE -&gt; \n [18:21]&#10;|--LEADING_ASTERISK -&gt; * [19:0]&#10;|--TEXT -&gt;   [19:1]&#10;|--HTML_ELEMENT -&gt; HTML_ELEMENT [19:2]&#10;|   `--TD -&gt; TD [19:2]&#10;|       |--TD_TAG_START -&gt; TD_TAG_START [19:2]&#10;|       |   |--START -&gt; &lt; [19:2]&#10;|       |   |--TD_HTML_TAG_NAME -&gt; td [19:3]&#10;|       |   `--END -&gt; &gt; [19:5]&#10;|       |--TEXT -&gt;   [19:6]&#10;|       |--SINGLETON_ELEMENT -&gt; SINGLETON_ELEMENT [19:7]&#10;|       |   `--EMBED_TAG -&gt; EMBED_TAG [19:7]&#10;|       |       |--START -&gt; &lt; [19:7]&#10;|       |       |--EMBED_HTML_TAG_NAME -&gt; embed [19:8]&#10;|       |       `--SLASH_END -&gt; /&gt; [19:13]&#10;|       |--TEXT -&gt;   [19:15]&#10;|       `--TD_TAG_END -&gt; TD_TAG_END [19:16]&#10;|           |--START -&gt; &lt; [19:16]&#10;|           |--SLASH -&gt; / [19:17]&#10;|           |--TD_HTML_TAG_NAME -&gt; td [19:18]&#10;|           `--END -&gt; &gt; [19:20]&#10;|--NEWLINE -&gt; \n [19:21]&#10;|--LEADING_ASTERISK -&gt; * [20:0]&#10;|--TEXT -&gt;   [20:1]&#10;|--HTML_ELEMENT -&gt; HTML_ELEMENT [20:2]&#10;|   `--TH -&gt; TH [20:2]&#10;|       |--TH_TAG_START -&gt; TH_TAG_START [20:2]&#10;|       |   |--START -&gt; &lt; [20:2]&#10;|       |   |--TH_HTML_TAG_NAME -&gt; th [20:3]&#10;|       |   `--END -&gt; &gt; [20:5]&#10;|       |--TEXT -&gt;   [20:6]&#10;|       |--SINGLETON_ELEMENT -&gt; SINGLETON_ELEMENT [20:7]&#10;|       |   `--EMBED_TAG -&gt; EMBED_TAG [20:7]&#10;|       |       |--START -&gt; &lt; [20:7]&#10;|       |       |--EMBED_HTML_TAG_NAME -&gt; embed [20:8]&#10;|       |       `--SLASH_END -&gt; /&gt; [20:13]&#10;|       |--TEXT -&gt;   [20:15]&#10;|       `--TH_TAG_END -&gt; TH_TAG_END [20:16]&#10;|           |--START -&gt; &lt; [20:16]&#10;|           |--SLASH -&gt; / [20:17]&#10;|           |--TH_HTML_TAG_NAME -&gt; th [20:18]&#10;|           `--END -&gt; &gt; [20:20]&#10;|--NEWLINE -&gt; \n [20:21]&#10;|--LEADING_ASTERISK -&gt; * [21:0]&#10;|--TEXT -&gt;   [21:1]&#10;|--HTML_ELEMENT -&gt; HTML_ELEMENT [21:2]&#10;|   `--BODY -&gt; BODY [21:2]&#10;|       |--BODY_TAG_START -&gt; BODY_TAG_START [21:2]&#10;|       |   |--START -&gt; &lt; [21:2]&#10;|       |   |--BODY_HTML_TAG_NAME -&gt; body [21:3]&#10;|       |   `--END -&gt; &gt; [21:7]&#10;|       |--TEXT -&gt;   [21:8]&#10;|       |--SINGLETON_ELEMENT -&gt; SINGLETON_ELEMENT [21:9]&#10;|       |   `--EMBED_TAG -&gt; EMBED_TAG [21:9]&#10;|       |       |--START -&gt; &lt; [21:9]&#10;|       |       |--EMBED_HTML_TAG_NAME -&gt; embed [21:10]&#10;|       |       `--SLASH_END -&gt; /&gt; [21:15]&#10;|       |--TEXT -&gt;   [21:17]&#10;|       `--BODY_TAG_END -&gt; BODY_TAG_END [21:18]&#10;|           |--START -&gt; &lt; [21:18]&#10;|           |--SLASH -&gt; / [21:19]&#10;|           |--BODY_HTML_TAG_NAME -&gt; body [21:20]&#10;|           `--END -&gt; &gt; [21:24]&#10;|--NEWLINE -&gt; \n [21:25]&#10;|--LEADING_ASTERISK -&gt; * [22:0]&#10;|--TEXT -&gt;   [22:1]&#10;|--HTML_ELEMENT -&gt; HTML_ELEMENT [22:2]&#10;|   `--COLGROUP -&gt; COLGROUP [22:2]&#10;|       |--COLGROUP_TAG_START -&gt; COLGROUP_TAG_START [22:2]&#10;|       |   |--START -&gt; &lt; [22:2]&#10;|       |   |--COLGROUP_HTML_TAG_NAME -&gt; colgroup [22:3]&#10;|       |   `--END -&gt; &gt; [22:11]&#10;|       |--TEXT -&gt;   [22:12]&#10;|       |--SINGLETON_ELEMENT -&gt; SINGLETON_ELEMENT [22:13]&#10;|       |   `--EMBED_TAG -&gt; EMBED_TAG [22:13]&#10;|       |       |--START -&gt; &lt; [22:13]&#10;|       |       |--EMBED_HTML_TAG_NAME -&gt; embed [22:14]&#10;|       |       `--SLASH_END -&gt; /&gt; [22:19]&#10;|       |--TEXT -&gt;   [22:21]&#10;|       `--COLGROUP_TAG_END -&gt; COLGROUP_TAG_END [22:22]&#10;|           |--START -&gt; &lt; [22:22]&#10;|           |--SLASH -&gt; / [22:23]&#10;|           |--COLGROUP_HTML_TAG_NAME -&gt; colgroup [22:24]&#10;|           `--END -&gt; &gt; [22:32]&#10;|--NEWLINE -&gt; \n [22:33]&#10;|--LEADING_ASTERISK -&gt; * [23:0]&#10;|--TEXT -&gt;   [23:1]&#10;|--HTML_ELEMENT -&gt; HTML_ELEMENT [23:2]&#10;|   `--DD -&gt; DD [23:2]&#10;|       |--DD_TAG_START -&gt; DD_TAG_START [23:2]&#10;|       |   |--START -&gt; &lt; [23:2]&#10;|       |   |--DD_HTML_TAG_NAME -&gt; dd [23:3]&#10;|       |   `--END -&gt; &gt; [23:5]&#10;|       |--TEXT -&gt;   [23:6]&#10;|       |--SINGLETON_ELEMENT -&gt; SINGLETON_ELEMENT [23:7]&#10;|       |   `--EMBED_TAG -&gt; EMBED_TAG [23:7]&#10;|       |       |--START -&gt; &lt; [23:7]&#10;|       |       |--EMBED_HTML_TAG_NAME -&gt; embed [23:8]&#10;|       |       `--SLASH_END -&gt; /&gt; [23:13]&#10;|       |--TEXT -&gt;   [23:15]&#10;|       `--DD_TAG_END -&gt; DD_TAG_END [23:16]&#10;|           |--START -&gt; &lt; [23:16]&#10;|           |--SLASH -&gt; / [23:17]&#10;|           |--DD_HTML_TAG_NAME -&gt; dd [23:18]&#10;|           `--END -&gt; &gt; [23:20]&#10;|--NEWLINE -&gt; \n [23:21]&#10;|--LEADING_ASTERISK -&gt; * [24:0]&#10;|--TEXT -&gt;   [24:1]&#10;|--HTML_ELEMENT -&gt; HTML_ELEMENT [24:2]&#10;|   `--DT -&gt; DT [24:2]&#10;|       |--DT_TAG_START -&gt; DT_TAG_START [24:2]&#10;|       |   |--START -&gt; &lt; [24:2]&#10;|       |   |--DT_HTML_TAG_NAME -&gt; dt [24:3]&#10;|       |   `--END -&gt; &gt; [24:5]&#10;|       |--TEXT -&gt;   [24:6]&#10;|       |--SINGLETON_ELEMENT -&gt; SINGLETON_ELEMENT [24:7]&#10;|       |   `--EMBED_TAG -&gt; EMBED_TAG [24:7]&#10;|       |       |--START -&gt; &lt; [24:7]&#10;|       |       |--EMBED_HTML_TAG_NAME -&gt; embed [24:8]&#10;|       |       `--SLASH_END -&gt; /&gt; [24:13]&#10;|       |--TEXT -&gt;   [24:15]&#10;|       `--DT_TAG_END -&gt; DT_TAG_END [24:16]&#10;|           |--START -&gt; &lt; [24:16]&#10;|           |--SLASH -&gt; / [24:17]&#10;|           |--DT_HTML_TAG_NAME -&gt; dt [24:18]&#10;|           `--END -&gt; &gt; [24:20]&#10;|--NEWLINE -&gt; \n [24:21]&#10;|--LEADING_ASTERISK -&gt; * [25:0]&#10;|--TEXT -&gt;   [25:1]&#10;|--HTML_ELEMENT -&gt; HTML_ELEMENT [25:2]&#10;|   `--HEAD -&gt; HEAD [25:2]&#10;|       |--HEAD_TAG_START -&gt; HEAD_TAG_START [25:2]&#10;|       |   |--START -&gt; &lt; [25:2]&#10;|       |   |--HEAD_HTML_TAG_NAME -&gt; head [25:3]&#10;|       |   `--END -&gt; &gt; [25:7]&#10;|       |--TEXT -&gt;   [25:8]&#10;|       |--SINGLETON_ELEMENT -&gt; SINGLETON_ELEMENT [25:9]&#10;|       |   `--EMBED_TAG -&gt; EMBED_TAG [25:9]&#10;|       |       |--START -&gt; &lt; [25:9]&#10;|       |       |--EMBED_HTML_TAG_NAME -&gt; embed [25:10]&#10;|       |       `--SLASH_END -&gt; /&gt; [25:15]&#10;|       |--TEXT -&gt;   [25:17]&#10;|       `--HEAD_TAG_END -&gt; HEAD_TAG_END [25:18]&#10;|           |--START -&gt; &lt; [25:18]&#10;|           |--SLASH -&gt; / [25:19]&#10;|           |--HEAD_HTML_TAG_NAME -&gt; head [25:20]&#10;|           `--END -&gt; &gt; [25:24]&#10;|--NEWLINE -&gt; \n [25:25]&#10;|--LEADING_ASTERISK -&gt; * [26:0]&#10;|--TEXT -&gt;   [26:1]&#10;|--HTML_ELEMENT -&gt; HTML_ELEMENT [26:2]&#10;|   `--HTML -&gt; HTML [26:2]&#10;|       |--HTML_TAG_START -&gt; HTML_TAG_START [26:2]&#10;|       |   |--START -&gt; &lt; [26:2]&#10;|       |   |--HTML_HTML_TAG_NAME -&gt; html [26:3]&#10;|       |   `--END -&gt; &gt; [26:7]&#10;|       |--TEXT -&gt;   [26:8]&#10;|       |--SINGLETON_ELEMENT -&gt; SINGLETON_ELEMENT [26:9]&#10;|       |   `--EMBED_TAG -&gt; EMBED_TAG [26:9]&#10;|       |       |--START -&gt; &lt; [26:9]&#10;|       |       |--EMBED_HTML_TAG_NAME -&gt; embed [26:10]&#10;|       |       `--SLASH_END -&gt; /&gt; [26:15]&#10;|       |--TEXT -&gt;   [26:17]&#10;|       `--HTML_TAG_END -&gt; HTML_TAG_END [26:18]&#10;|           |--START -&gt; &lt; [26:18]&#10;|           |--SLASH -&gt; / [26:19]&#10;|           |--HTML_HTML_TAG_NAME -&gt; html [26:20]&#10;|           `--END -&gt; &gt; [26:24]&#10;|--NEWLINE -&gt; \n [26:25]&#10;|--LEADING_ASTERISK -&gt; * [27:0]&#10;|--TEXT -&gt;   [27:1]&#10;|--HTML_ELEMENT -&gt; HTML_ELEMENT [27:2]&#10;|   `--OPTION -&gt; OPTION [27:2]&#10;|       |--OPTION_TAG_START -&gt; OPTION_TAG_START [27:2]&#10;|       |   |--START -&gt; &lt; [27:2]&#10;|       |   |--OPTION_HTML_TAG_NAME -&gt; option [27:3]&#10;|       |   `--END -&gt; &gt; [27:9]&#10;|       |--TEXT -&gt;   [27:10]&#10;|       |--SINGLETON_ELEMENT -&gt; SINGLETON_ELEMENT [27:11]&#10;|       |   `--EMBED_TAG -&gt; EMBED_TAG [27:11]&#10;|       |       |--START -&gt; &lt; [27:11]&#10;|       |       |--EMBED_HTML_TAG_NAME -&gt; embed [27:12]&#10;|       |       `--SLASH_END -&gt; /&gt; [27:17]&#10;|       |--TEXT -&gt;   [27:19]&#10;|       `--OPTION_TAG_END -&gt; OPTION_TAG_END [27:20]&#10;|           |--START -&gt; &lt; [27:20]&#10;|           |--SLASH -&gt; / [27:21]&#10;|           |--OPTION_HTML_TAG_NAME -&gt; option [27:22]&#10;|           `--END -&gt; &gt; [27:28]&#10;|--NEWLINE -&gt; \n [27:29]&#10;|--LEADING_ASTERISK -&gt; * [28:0]&#10;|--TEXT -&gt;   [28:1]&#10;|--HTML_ELEMENT -&gt; HTML_ELEMENT [28:2]&#10;|   `--TBODY -&gt; TBODY [28:2]&#10;|       |--TBODY_TAG_START -&gt; TBODY_TAG_START [28:2]&#10;|       |   |--START -&gt; &lt; [28:2]&#10;|       |   |--TBODY_HTML_TAG_NAME -&gt; tbody [28:3]&#10;|       |   `--END -&gt; &gt; [28:8]&#10;|       |--TEXT -&gt;   [28:9]&#10;|       |--SINGLETON_ELEMENT -&gt; SINGLETON_ELEMENT [28:10]&#10;|       |   `--EMBED_TAG -&gt; EMBED_TAG [28:10]&#10;|       |       |--START -&gt; &lt; [28:10]&#10;|       |       |--EMBED_HTML_TAG_NAME -&gt; embed [28:11]&#10;|       |       `--SLASH_END -&gt; /&gt; [28:16]&#10;|       |--TEXT -&gt;   [28:18]&#10;|       `--TBODY_TAG_END -&gt; TBODY_TAG_END [28:19]&#10;|           |--START -&gt; &lt; [28:19]&#10;|           |--SLASH -&gt; / [28:20]&#10;|           |--TBODY_HTML_TAG_NAME -&gt; tbody [28:21]&#10;|           `--END -&gt; &gt; [28:26]&#10;|--NEWLINE -&gt; \n [28:27]&#10;|--LEADING_ASTERISK -&gt; * [29:0]&#10;|--TEXT -&gt;   [29:1]&#10;|--HTML_ELEMENT -&gt; HTML_ELEMENT [29:2]&#10;|   `--THEAD -&gt; THEAD [29:2]&#10;|       |--THEAD_TAG_START -&gt; THEAD_TAG_START [29:2]&#10;|       |   |--START -&gt; &lt; [29:2]&#10;|       |   |--THEAD_HTML_TAG_NAME -&gt; thead [29:3]&#10;|       |   `--END -&gt; &gt; [29:8]&#10;|       |--TEXT -&gt;   [29:9]&#10;|       |--SINGLETON_ELEMENT -&gt; SINGLETON_ELEMENT [29:10]&#10;|       |   `--EMBED_TAG -&gt; EMBED_TAG [29:10]&#10;|       |       |--START -&gt; &lt; [29:10]&#10;|       |       |--EMBED_HTML_TAG_NAME -&gt; embed [29:11]&#10;|       |       `--SLASH_END -&gt; /&gt; [29:16]&#10;|       |--TEXT -&gt;   [29:18]&#10;|       `--THEAD_TAG_END -&gt; THEAD_TAG_END [29:19]&#10;|           |--START -&gt; &lt; [29:19]&#10;|           |--SLASH -&gt; / [29:20]&#10;|           |--THEAD_HTML_TAG_NAME -&gt; thead [29:21]&#10;|           `--END -&gt; &gt; [29:26]&#10;|--NEWLINE -&gt; \n [29:27]&#10;|--LEADING_ASTERISK -&gt; * [30:0]&#10;|--TEXT -&gt;   [30:1]&#10;|--HTML_ELEMENT -&gt; HTML_ELEMENT [30:2]&#10;|   `--TFOOT -&gt; TFOOT [30:2]&#10;|       |--TFOOT_TAG_START -&gt; TFOOT_TAG_START [30:2]&#10;|       |   |--START -&gt; &lt; [30:2]&#10;|       |   |--TFOOT_HTML_TAG_NAME -&gt; tfoot [30:3]&#10;|       |   `--END -&gt; &gt; [30:8]&#10;|       |--TEXT -&gt;   [30:9]&#10;|       |--SINGLETON_ELEMENT -&gt; SINGLETON_ELEMENT [30:10]&#10;|       |   `--EMBED_TAG -&gt; EMBED_TAG [30:10]&#10;|       |       |--START -&gt; &lt; [30:10]&#10;|       |       |--EMBED_HTML_TAG_NAME -&gt; embed [30:11]&#10;|       |       `--SLASH_END -&gt; /&gt; [30:16]&#10;|       |--TEXT -&gt;   [30:18]&#10;|       `--TFOOT_TAG_END -&gt; TFOOT_TAG_END [30:19]&#10;|           |--START -&gt; &lt; [30:19]&#10;|           |--SLASH -&gt; / [30:20]&#10;|           |--TFOOT_HTML_TAG_NAME -&gt; tfoot [30:21]&#10;|           `--END -&gt; &gt; [30:26]&#10;|--NEWLINE -&gt; \n [30:27]&#10;|--NEWLINE -&gt; \n [31:0]&#10;|--LEADING_ASTERISK -&gt; * [32:0]&#10;|--TEXT -&gt;   [32:1]&#10;|--HTML_ELEMENT -&gt; HTML_ELEMENT [32:2]&#10;|   `--SINGLETON_ELEMENT -&gt; SINGLETON_ELEMENT [32:2]&#10;|       `--EMBED_TAG -&gt; EMBED_TAG [32:2]&#10;|           |--START -&gt; &lt; [32:2]&#10;|           |--EMBED_HTML_TAG_NAME -&gt; embed [32:3]&#10;|           `--END -&gt; &gt; [32:8]&#10;|--NEWLINE -&gt; \n [32:9]&#10;|--LEADING_ASTERISK -&gt; * [33:0]&#10;|--TEXT -&gt;   [33:1]&#10;|--HTML_ELEMENT -&gt; HTML_ELEMENT [33:2]&#10;|   `--SINGLETON_ELEMENT -&gt; SINGLETON_ELEMENT [33:2]&#10;|       `--EMBED_TAG -&gt; EMBED_TAG [33:2]&#10;|           |--START -&gt; &lt; [33:2]&#10;|           |--EMBED_HTML_TAG_NAME -&gt; embed [33:3]&#10;|           `--SLASH_END -&gt; /&gt; [33:8]&#10;|--NEWLINE -&gt; \n [33:10]&#10;|--LEADING_ASTERISK -&gt; * [34:0]&#10;|--TEXT -&gt;   [34:1]&#10;|--HTML_ELEMENT -&gt; HTML_ELEMENT [34:2]&#10;|   `--SINGLETON_ELEMENT -&gt; SINGLETON_ELEMENT [34:2]&#10;|       `--EMBED_TAG -&gt; EMBED_TAG [34:2]&#10;|           |--START -&gt; &lt; [34:2]&#10;|           |--EMBED_HTML_TAG_NAME -&gt; embed [34:3]&#10;|           |--WS -&gt;   [34:8]&#10;|           |--ATTRIBUTE -&gt; ATTRIBUTE [34:9]&#10;|           |   |--HTML_TAG_NAME -&gt; attr [34:9]&#10;|           |   |--EQUALS -&gt; = [34:13]&#10;|           |   `--ATTR_VALUE -&gt; &quot;something&quot; [34:14]&#10;|           `--END -&gt; &gt; [34:26]&#10;|--NEWLINE -&gt; \n [34:27]&#10;|--LEADING_ASTERISK -&gt; * [35:0]&#10;|--TEXT -&gt;   [35:1]&#10;|--HTML_ELEMENT -&gt; HTML_ELEMENT [35:2]&#10;|   `--SINGLETON_ELEMENT -&gt; SINGLETON_ELEMENT [35:2]&#10;|       `--EMBED_TAG -&gt; EMBED_TAG [35:2]&#10;|           |--START -&gt; &lt; [35:2]&#10;|           |--EMBED_HTML_TAG_NAME -&gt; embed [35:3]&#10;|           |--WS -&gt;   [35:8]&#10;|           |--ATTRIBUTE -&gt; ATTRIBUTE [35:9]&#10;|           |   |--HTML_TAG_NAME -&gt; attr [35:9]&#10;|           |   |--EQUALS -&gt; = [35:13]&#10;|           |   `--ATTR_VALUE -&gt; &quot;something&quot; [35:14]&#10;|           `--SLASH_END -&gt; /&gt; [35:26]&#10;|--NEWLINE -&gt; \n [35:28]&#10;|--LEADING_ASTERISK -&gt; * [36:0]&#10;|--TEXT -&gt;   [36:1]&#10;|--HTML_ELEMENT -&gt; HTML_ELEMENT [36:2]&#10;|   `--SINGLETON_ELEMENT -&gt; SINGLETON_ELEMENT [36:2]&#10;|       `--EMBED_TAG -&gt; EMBED_TAG [36:2]&#10;|           |--START -&gt; &lt; [36:2]&#10;|           |--EMBED_HTML_TAG_NAME -&gt; embed [36:3]&#10;|           |--WS -&gt;   [36:8]&#10;|           |--ATTRIBUTE -&gt; ATTRIBUTE [36:9]&#10;|           |   |--HTML_TAG_NAME -&gt; attr [36:9]&#10;|           |   |--EQUALS -&gt; = [36:13]&#10;|           |   `--ATTR_VALUE -&gt; &quot;something&quot; [36:14]&#10;|           |--WS -&gt;   [36:26]&#10;|           |--ATTRIBUTE -&gt; ATTRIBUTE [36:27]&#10;|           |   |--HTML_TAG_NAME -&gt; attr2 [36:27]&#10;|           |   |--EQUALS -&gt; = [36:32]&#10;|           |   `--ATTR_VALUE -&gt; &quot;someotherthing&quot; [36:33]&#10;|           `--END -&gt; &gt; [36:50]&#10;|--NEWLINE -&gt; \n [36:51]&#10;|--LEADING_ASTERISK -&gt; * [37:0]&#10;|--TEXT -&gt;   [37:1]&#10;|--HTML_ELEMENT -&gt; HTML_ELEMENT [37:2]&#10;|   `--SINGLETON_ELEMENT -&gt; SINGLETON_ELEMENT [37:2]&#10;|       `--EMBED_TAG -&gt; EMBED_TAG [37:2]&#10;|           |--START -&gt; &lt; [37:2]&#10;|           |--EMBED_HTML_TAG_NAME -&gt; embed [37:3]&#10;|           |--WS -&gt;   [37:8]&#10;|           |--ATTRIBUTE -&gt; ATTRIBUTE [37:9]&#10;|           |   |--HTML_TAG_NAME -&gt; attr [37:9]&#10;|           |   |--EQUALS -&gt; = [37:13]&#10;|           |   `--ATTR_VALUE -&gt; &quot;something&quot; [37:14]&#10;|           |--WS -&gt;   [37:26]&#10;|           |--ATTRIBUTE -&gt; ATTRIBUTE [37:27]&#10;|           |   |--HTML_TAG_NAME -&gt; attr2 [37:27]&#10;|           |   |--EQUALS -&gt; = [37:32]&#10;|           |   `--ATTR_VALUE -&gt; &quot;someotherthing&quot; [37:33]&#10;|           `--SLASH_END -&gt; /&gt; [37:50]&#10;|--NEWLINE -&gt; \n [37:52]&#10;|--LEADING_ASTERISK -&gt; * [38:0]&#10;|--TEXT -&gt;   [38:1]&#10;|--HTML_ELEMENT -&gt; HTML_ELEMENT [38:2]&#10;|   `--SINGLETON_ELEMENT -&gt; SINGLETON_ELEMENT [38:2]&#10;|       `--EMBED_TAG -&gt; EMBED_TAG [38:2]&#10;|           |--START -&gt; &lt; [38:2]&#10;|           |--EMBED_HTML_TAG_NAME -&gt; embed [38:3]&#10;|           |--WS -&gt;   [38:8]&#10;|           |--ATTRIBUTE -&gt; ATTRIBUTE [38:9]&#10;|           |   |--HTML_TAG_NAME -&gt; attr [38:9]&#10;|           |   |--EQUALS -&gt; = [38:13]&#10;|           |   `--ATTR_VALUE -&gt; &quot;something&quot; [38:14]&#10;|           |--WS -&gt;   [38:26]&#10;|           |--NEWLINE -&gt; \n [38:27]&#10;|           |--LEADING_ASTERISK -&gt; * [39:0]&#10;|           |--WS -&gt;   [39:1]&#10;|           |--ATTRIBUTE -&gt; ATTRIBUTE [39:2]&#10;|           |   |--HTML_TAG_NAME -&gt; attr2 [39:2]&#10;|           |   |--EQUALS -&gt; = [39:7]&#10;|           |   `--ATTR_VALUE -&gt; &quot;someotherting&quot; [39:8]&#10;|           `--END -&gt; &gt; [39:24]&#10;|--NEWLINE -&gt; \n [39:25]&#10;|--LEADING_ASTERISK -&gt; * [40:0]&#10;|--TEXT -&gt;   [40:1]&#10;|--HTML_ELEMENT -&gt; HTML_ELEMENT [40:2]&#10;|   `--SINGLETON_ELEMENT -&gt; SINGLETON_ELEMENT [40:2]&#10;|       `--EMBED_TAG -&gt; EMBED_TAG [40:2]&#10;|           |--START -&gt; &lt; [40:2]&#10;|           |--EMBED_HTML_TAG_NAME -&gt; embed [40:3]&#10;|           |--WS -&gt;   [40:8]&#10;|           |--ATTRIBUTE -&gt; ATTRIBUTE [40:9]&#10;|           |   |--HTML_TAG_NAME -&gt; attr [40:9]&#10;|           |   |--EQUALS -&gt; = [40:13]&#10;|           |   `--ATTR_VALUE -&gt; &quot;something&quot; [40:14]&#10;|           |--WS -&gt;   [40:26]&#10;|           |--NEWLINE -&gt; \n [40:27]&#10;|           |--LEADING_ASTERISK -&gt; * [41:0]&#10;|           |--WS -&gt;   [41:1]&#10;|           |--ATTRIBUTE -&gt; ATTRIBUTE [41:2]&#10;|           |   |--HTML_TAG_NAME -&gt; attr2 [41:2]&#10;|           |   |--EQUALS -&gt; = [41:7]&#10;|           |   `--ATTR_VALUE -&gt; &quot;someotherting&quot; [41:8]&#10;|           `--SLASH_END -&gt; /&gt; [41:24]&#10;`--EOF -&gt; &lt;EOF&gt; [41:26]]&#10;&gt; but was:&lt;...DOC -&gt; JAVADOC [0:0][&#10;|--LEADING_ASTERISK -&gt; * [0:0]&#10;|--TEXT -&gt;   [0:1]&#10;|--HTML_ELEMENT -&gt; HTML_ELEMENT [0:2]&#10;|   `--PARAGRAPH -&gt; PARAGRAPH [0:2]&#10;|       |--P_TAG_START -&gt; P_TAG_START [0:2]&#10;|       |   |--START -&gt; &lt; [0:2]&#10;|       |   |--P_HTML_TAG_NAME -&gt; p [0:3]&#10;|       |   `--END -&gt; &gt; [0:4]&#10;|       |--TEXT -&gt;   [0:5]&#10;|       |--SINGLETON_ELEMENT -&gt; SINGLETON_ELEMENT [0:6]&#10;|       |   `--EMBED_TAG -&gt; EMBED_TAG [0:6]&#10;|       |       |--START -&gt; &lt; [0:6]&#10;|       |       |--EMBED_HTML_TAG_NAME -&gt; embed [0:7]&#10;|       |       `--END -&gt; &gt; [0:12]&#10;|       |--TEXT -&gt;   [0:13]&#10;|       `--P_TAG_END -&gt; P_TAG_END [0:14]&#10;|           |--START -&gt; &lt; [0:14]&#10;|           |--SLASH -&gt; / [0:15]&#10;|           |--P_HTML_TAG_NAME -&gt; p [0:16]&#10;|           `--END -&gt; &gt; [0:17]&#10;|--NEWLINE -&gt; \n [0:18]&#10;|--LEADING_ASTERISK -&gt; * [1:0]&#10;|--TEXT -&gt;   [1:1]&#10;|--HTML_ELEMENT -&gt; HTML_ELEMENT [1:2]&#10;|   `--LI -&gt; LI [1:2]&#10;|       |--LI_TAG_START -&gt; LI_TAG_START [1:2]&#10;|       |   |--START -&gt; &lt; [1:2]&#10;|       |   |--LI_HTML_TAG_NAME -&gt; li [1:3]&#10;|       |   `--END -&gt; &gt; [1:5]&#10;|       |--TEXT -&gt;   [1:6]&#10;|       |--SINGLETON_ELEMENT -&gt; SINGLETON_ELEMENT [1:7]&#10;|       |   `--EMBED_TAG -&gt; EMBED_TAG [1:7]&#10;|       |       |--START -&gt; &lt; [1:7]&#10;|       |       |--EMBED_HTML_TAG_NAME -&gt; embed [1:8]&#10;|       |       `--END -&gt; &gt; [1:13]&#10;|       |--TEXT -&gt;   [1:14]&#10;|       `--LI_TAG_END -&gt; LI_TAG_END [1:15]&#10;|           |--START -&gt; &lt; [1:15]&#10;|           |--SLASH -&gt; / [1:16]&#10;|           |--LI_HTML_TAG_NAME -&gt; li [1:17]&#10;|           `--END -&gt; &gt; [1:19]&#10;|--NEWLINE -&gt; \n [1:20]&#10;|--LEADING_ASTERISK -&gt; * [2:0]&#10;|--TEXT -&gt;   [2:1]&#10;|--HTML_ELEMENT -&gt; HTML_ELEMENT [2:2]&#10;|   `--TR -&gt; TR [2:2]&#10;|       |--TR_TAG_START -&gt; TR_TAG_START [2:2]&#10;|       |   |--START -&gt; &lt; [2:2]&#10;|       |   |--TR_HTML_TAG_NAME -&gt; tr [2:3]&#10;|       |   `--END -&gt; &gt; [2:5]&#10;|       |--TEXT -&gt;   [2:6]&#10;|       |--SINGLETON_ELEMENT -&gt; SINGLETON_ELEMENT [2:7]&#10;|       |   `--EMBED_TAG -&gt; EMBED_TAG [2:7]&#10;|       |       |--START -&gt; &lt; [2:7]&#10;|       |       |--EMBED_HTML_TAG_NAME -&gt; embed [2:8]&#10;|       |       `--END -&gt; &gt; [2:13]&#10;|       |--TEXT -&gt;   [2:14]&#10;|       `--TR_TAG_END -&gt; TR_TAG_END [2:15]&#10;|           |--START -&gt; &lt; [2:15]&#10;|           |--SLASH -&gt; / [2:16]&#10;|           |--TR_HTML_TAG_NAME -&gt; tr [2:17]&#10;|           `--END -&gt; &gt; [2:19]&#10;|--NEWLINE -&gt; \n [2:20]&#10;|--LEADING_ASTERISK -&gt; * [3:0]&#10;|--TEXT -&gt;   [3:1]&#10;|--HTML_ELEMENT -&gt; HTML_ELEMENT [3:2]&#10;|   `--TD -&gt; TD [3:2]&#10;|       |--TD_TAG_START -&gt; TD_TAG_START [3:2]&#10;|       |   |--START -&gt; &lt; [3:2]&#10;|       |   |--TD_HTML_TAG_NAME -&gt; td [3:3]&#10;|       |   `--END -&gt; &gt; [3:5]&#10;|       |--TEXT -&gt;   [3:6]&#10;|       |--SINGLETON_ELEMENT -&gt; SINGLETON_ELEMENT [3:7]&#10;|       |   `--EMBED_TAG -&gt; EMBED_TAG [3:7]&#10;|       |       |--START -&gt; &lt; [3:7]&#10;|       |       |--EMBED_HTML_TAG_NAME -&gt; embed [3:8]&#10;|       |       `--END -&gt; &gt; [3:13]&#10;|       |--TEXT -&gt;   [3:14]&#10;|       `--TD_TAG_END -&gt; TD_TAG_END [3:15]&#10;|           |--START -&gt; &lt; [3:15]&#10;|           |--SLASH -&gt; / [3:16]&#10;|           |--TD_HTML_TAG_NAME -&gt; td [3:17]&#10;|           `--END -&gt; &gt; [3:19]&#10;|--NEWLINE -&gt; \n [3:20]&#10;|--LEADING_ASTERISK -&gt; * [4:0]&#10;|--TEXT -&gt;   [4:1]&#10;|--HTML_ELEMENT -&gt; HTML_ELEMENT [4:2]&#10;|   `--TH -&gt; TH [4:2]&#10;|       |--TH_TAG_START -&gt; TH_TAG_START [4:2]&#10;|       |   |--START -&gt; &lt; [4:2]&#10;|       |   |--TH_HTML_TAG_NAME -&gt; th [4:3]&#10;|       |   `--END -&gt; &gt; [4:5]&#10;|       |--TEXT -&gt;   [4:6]&#10;|       |--SINGLETON_ELEMENT -&gt; SINGLETON_ELEMENT [4:7]&#10;|       |   `--EMBED_TAG -&gt; EMBED_TAG [4:7]&#10;|       |       |--START -&gt; &lt; [4:7]&#10;|       |       |--EMBED_HTML_TAG_NAME -&gt; embed [4:8]&#10;|       |       `--END -&gt; &gt; [4:13]&#10;|       |--TEXT -&gt;   [4:14]&#10;|       `--TH_TAG_END -&gt; TH_TAG_END [4:15]&#10;|           |--START -&gt; &lt; [4:15]&#10;|           |--SLASH -&gt; / [4:16]&#10;|           |--TH_HTML_TAG_NAME -&gt; th [4:17]&#10;|           `--END -&gt; &gt; [4:19]&#10;|--NEWLINE -&gt; \n [4:20]&#10;|--LEADING_ASTERISK -&gt; * [5:0]&#10;|--TEXT -&gt;   [5:1]&#10;|--HTML_ELEMENT -&gt; HTML_ELEMENT [5:2]&#10;|   `--BODY -&gt; BODY [5:2]&#10;|       |--BODY_TAG_START -&gt; BODY_TAG_START [5:2]&#10;|       |   |--START -&gt; &lt; [5:2]&#10;|       |   |--BODY_HTML_TAG_NAME -&gt; body [5:3]&#10;|       |   `--END -&gt; &gt; [5:7]&#10;|       |--TEXT -&gt;   [5:8]&#10;|       |--SINGLETON_ELEMENT -&gt; SINGLETON_ELEMENT [5:9]&#10;|       |   `--EMBED_TAG -&gt; EMBED_TAG [5:9]&#10;|       |       |--START -&gt; &lt; [5:9]&#10;|       |       |--EMBED_HTML_TAG_NAME -&gt; embed [5:10]&#10;|       |       `--END -&gt; &gt; [5:15]&#10;|       |--TEXT -&gt;   [5:16]&#10;|       `--BODY_TAG_END -&gt; BODY_TAG_END [5:17]&#10;|           |--START -&gt; &lt; [5:17]&#10;|           |--SLASH -&gt; / [5:18]&#10;|           |--BODY_HTML_TAG_NAME -&gt; body [5:19]&#10;|           `--END -&gt; &gt; [5:23]&#10;|--NEWLINE -&gt; \n [5:24]&#10;|--LEADING_ASTERISK -&gt; * [6:0]&#10;|--TEXT -&gt;   [6:1]&#10;|--HTML_ELEMENT -&gt; HTML_ELEMENT [6:2]&#10;|   `--COLGROUP -&gt; COLGROUP [6:2]&#10;|       |--COLGROUP_TAG_START -&gt; COLGROUP_TAG_START [6:2]&#10;|       |   |--START -&gt; &lt; [6:2]&#10;|       |   |--COLGROUP_HTML_TAG_NAME -&gt; colgroup [6:3]&#10;|       |   `--END -&gt; &gt; [6:11]&#10;|       |--TEXT -&gt;   [6:12]&#10;|       |--SINGLETON_ELEMENT -&gt; SINGLETON_ELEMENT [6:13]&#10;|       |   `--EMBED_TAG -&gt; EMBED_TAG [6:13]&#10;|       |       |--START -&gt; &lt; [6:13]&#10;|       |       |--EMBED_HTML_TAG_NAME -&gt; embed [6:14]&#10;|       |       `--END -&gt; &gt; [6:19]&#10;|       |--TEXT -&gt;   [6:20]&#10;|       `--COLGROUP_TAG_END -&gt; COLGROUP_TAG_END [6:21]&#10;|           |--START -&gt; &lt; [6:21]&#10;|           |--SLASH -&gt; / [6:22]&#10;|           |--COLGROUP_HTML_TAG_NAME -&gt; colgroup [6:23]&#10;|           `--END -&gt; &gt; [6:31]&#10;|--NEWLINE -&gt; \n [6:32]&#10;|--LEADING_ASTERISK -&gt; * [7:0]&#10;|--TEXT -&gt;   [7:1]&#10;|--HTML_ELEMENT -&gt; HTML_ELEMENT [7:2]&#10;|   `--DD -&gt; DD [7:2]&#10;|       |--DD_TAG_START -&gt; DD_TAG_START [7:2]&#10;|       |   |--START -&gt; &lt; [7:2]&#10;|       |   |--DD_HTML_TAG_NAME -&gt; dd [7:3]&#10;|       |   `--END -&gt; &gt; [7:5]&#10;|       |--TEXT -&gt;   [7:6]&#10;|       |--SINGLETON_ELEMENT -&gt; SINGLETON_ELEMENT [7:7]&#10;|       |   `--EMBED_TAG -&gt; EMBED_TAG [7:7]&#10;|       |       |--START -&gt; &lt; [7:7]&#10;|       |       |--EMBED_HTML_TAG_NAME -&gt; embed [7:8]&#10;|       |       `--END -&gt; &gt; [7:13]&#10;|       |--TEXT -&gt;   [7:14]&#10;|       `--DD_TAG_END -&gt; DD_TAG_END [7:15]&#10;|           |--START -&gt; &lt; [7:15]&#10;|           |--SLASH -&gt; / [7:16]&#10;|           |--DD_HTML_TAG_NAME -&gt; dd [7:17]&#10;|           `--END -&gt; &gt; [7:19]&#10;|--NEWLINE -&gt; \n [7:20]&#10;|--LEADING_ASTERISK -&gt; * [8:0]&#10;|--TEXT -&gt;   [8:1]&#10;|--HTML_ELEMENT -&gt; HTML_ELEMENT [8:2]&#10;|   `--DT -&gt; DT [8:2]&#10;|       |--DT_TAG_START -&gt; DT_TAG_START [8:2]&#10;|       |   |--START -&gt; &lt; [8:2]&#10;|       |   |--DT_HTML_TAG_NAME -&gt; dt [8:3]&#10;|       |   `--END -&gt; &gt; [8:5]&#10;|       |--TEXT -&gt;   [8:6]&#10;|       |--SINGLETON_ELEMENT -&gt; SINGLETON_ELEMENT [8:7]&#10;|       |   `--EMBED_TAG -&gt; EMBED_TAG [8:7]&#10;|       |       |--START -&gt; &lt; [8:7]&#10;|       |       |--EMBED_HTML_TAG_NAME -&gt; embed [8:8]&#10;|       |       `--END -&gt; &gt; [8:13]&#10;|       |--TEXT -&gt;   [8:14]&#10;|       `--DT_TAG_END -&gt; DT_TAG_END [8:15]&#10;|           |--START -&gt; &lt; [8:15]&#10;|           |--SLASH -&gt; / [8:16]&#10;|           |--DT_HTML_TAG_NAME -&gt; dt [8:17]&#10;|           `--END -&gt; &gt; [8:19]&#10;|--NEWLINE -&gt; \n [8:20]&#10;|--LEADING_ASTERISK -&gt; * [9:0]&#10;|--TEXT -&gt;   [9:1]&#10;|--HTML_ELEMENT -&gt; HTML_ELEMENT [9:2]&#10;|   `--HEAD -&gt; HEAD [9:2]&#10;|       |--HEAD_TAG_START -&gt; HEAD_TAG_START [9:2]&#10;|       |   |--START -&gt; &lt; [9:2]&#10;|       |   |--HEAD_HTML_TAG_NAME -&gt; head [9:3]&#10;|       |   `--END -&gt; &gt; [9:7]&#10;|       |--TEXT -&gt;   [9:8]&#10;|       |--SINGLETON_ELEMENT -&gt; SINGLETON_ELEMENT [9:9]&#10;|       |   `--EMBED_TAG -&gt; EMBED_TAG [9:9]&#10;|       |       |--START -&gt; &lt; [9:9]&#10;|       |       |--EMBED_HTML_TAG_NAME -&gt; embed [9:10]&#10;|       |       `--END -&gt; &gt; [9:15]&#10;|       |--TEXT -&gt;   [9:16]&#10;|       `--HEAD_TAG_END -&gt; HEAD_TAG_END [9:17]&#10;|           |--START -&gt; &lt; [9:17]&#10;|           |--SLASH -&gt; / [9:18]&#10;|           |--HEAD_HTML_TAG_NAME -&gt; head [9:19]&#10;|           `--END -&gt; &gt; [9:23]&#10;|--NEWLINE -&gt; \n [9:24]&#10;|--LEADING_ASTERISK -&gt; * [10:0]&#10;|--TEXT -&gt;   [10:1]&#10;|--HTML_ELEMENT -&gt; HTML_ELEMENT [10:2]&#10;|   `--HTML -&gt; HTML [10:2]&#10;|       |--HTML_TAG_START -&gt; HTML_TAG_START [10:2]&#10;|       |   |--START -&gt; &lt; [10:2]&#10;|       |   |--HTML_HTML_TAG_NAME -&gt; html [10:3]&#10;|       |   `--END -&gt; &gt; [10:7]&#10;|       |--TEXT -&gt;   [10:8]&#10;|       |--SINGLETON_ELEMENT -&gt; SINGLETON_ELEMENT [10:9]&#10;|       |   `--EMBED_TAG -&gt; EMBED_TAG [10:9]&#10;|       |       |--START -&gt; &lt; [10:9]&#10;|       |       |--EMBED_HTML_TAG_NAME -&gt; embed [10:10]&#10;|       |       `--END -&gt; &gt; [10:15]&#10;|       |--TEXT -&gt;   [10:16]&#10;|       `--HTML_TAG_END -&gt; HTML_TAG_END [10:17]&#10;|           |--START -&gt; &lt; [10:17]&#10;|           |--SLASH -&gt; / [10:18]&#10;|           |--HTML_HTML_TAG_NAME -&gt; html [10:19]&#10;|           `--END -&gt; &gt; [10:23]&#10;|--NEWLINE -&gt; \n [10:24]&#10;|--LEADING_ASTERISK -&gt; * [11:0]&#10;|--TEXT -&gt;   [11:1]&#10;|--HTML_ELEMENT -&gt; HTML_ELEMENT [11:2]&#10;|   `--OPTION -&gt; OPTION [11:2]&#10;|       |--OPTION_TAG_START -&gt; OPTION_TAG_START [11:2]&#10;|       |   |--START -&gt; &lt; [11:2]&#10;|       |   |--OPTION_HTML_TAG_NAME -&gt; option [11:3]&#10;|       |   `--END -&gt; &gt; [11:9]&#10;|       |--TEXT -&gt;   [11:10]&#10;|       |--SINGLETON_ELEMENT -&gt; SINGLETON_ELEMENT [11:11]&#10;|       |   `--EMBED_TAG -&gt; EMBED_TAG [11:11]&#10;|       |       |--START -&gt; &lt; [11:11]&#10;|       |       |--EMBED_HTML_TAG_NAME -&gt; embed [11:12]&#10;|       |       `--END -&gt; &gt; [11:17]&#10;|       |--TEXT -&gt;   [11:18]&#10;|       `--OPTION_TAG_END -&gt; OPTION_TAG_END [11:19]&#10;|           |--START -&gt; &lt; [11:19]&#10;|           |--SLASH -&gt; / [11:20]&#10;|           |--OPTION_HTML_TAG_NAME -&gt; option [11:21]&#10;|           `--END -&gt; &gt; [11:27]&#10;|--NEWLINE -&gt; \n [11:28]&#10;|--LEADING_ASTERISK -&gt; * [12:0]&#10;|--TEXT -&gt;   [12:1]&#10;|--HTML_ELEMENT -&gt; HTML_ELEMENT [12:2]&#10;|   `--TBODY -&gt; TBODY [12:2]&#10;|       |--TBODY_TAG_START -&gt; TBODY_TAG_START [12:2]&#10;|       |   |--START -&gt; &lt; [12:2]&#10;|       |   |--TBODY_HTML_TAG_NAME -&gt; tbody [12:3]&#10;|       |   `--END -&gt; &gt; [12:8]&#10;|       |--TEXT -&gt;   [12:9]&#10;|       |--SINGLETON_ELEMENT -&gt; SINGLETON_ELEMENT [12:10]&#10;|       |   `--EMBED_TAG -&gt; EMBED_TAG [12:10]&#10;|       |       |--START -&gt; &lt; [12:10]&#10;|       |       |--EMBED_HTML_TAG_NAME -&gt; embed [12:11]&#10;|       |       `--END -&gt; &gt; [12:16]&#10;|       |--TEXT -&gt;   [12:17]&#10;|       `--TBODY_TAG_END -&gt; TBODY_TAG_END [12:18]&#10;|           |--START -&gt; &lt; [12:18]&#10;|           |--SLASH -&gt; / [12:19]&#10;|           |--TBODY_HTML_TAG_NAME -&gt; tbody [12:20]&#10;|           `--END -&gt; &gt; [12:25]&#10;|--NEWLINE -&gt; \n [12:26]&#10;|--LEADING_ASTERISK -&gt; * [13:0]&#10;|--TEXT -&gt;   [13:1]&#10;|--HTML_ELEMENT -&gt; HTML_ELEMENT [13:2]&#10;|   `--THEAD -&gt; THEAD [13:2]&#10;|       |--THEAD_TAG_START -&gt; THEAD_TAG_START [13:2]&#10;|       |   |--START -&gt; &lt; [13:2]&#10;|       |   |--THEAD_HTML_TAG_NAME -&gt; thead [13:3]&#10;|       |   `--END -&gt; &gt; [13:8]&#10;|       |--TEXT -&gt;   [13:9]&#10;|       |--SINGLETON_ELEMENT -&gt; SINGLETON_ELEMENT [13:10]&#10;|       |   `--EMBED_TAG -&gt; EMBED_TAG [13:10]&#10;|       |       |--START -&gt; &lt; [13:10]&#10;|       |       |--EMBED_HTML_TAG_NAME -&gt; embed [13:11]&#10;|       |       `--END -&gt; &gt; [13:16]&#10;|       |--TEXT -&gt;   [13:17]&#10;|       `--THEAD_TAG_END -&gt; THEAD_TAG_END [13:18]&#10;|           |--START -&gt; &lt; [13:18]&#10;|           |--SLASH -&gt; / [13:19]&#10;|           |--THEAD_HTML_TAG_NAME -&gt; thead [13:20]&#10;|           `--END -&gt; &gt; [13:25]&#10;|--NEWLINE -&gt; \n [13:26]&#10;|--LEADING_ASTERISK -&gt; * [14:0]&#10;|--TEXT -&gt;   [14:1]&#10;|--HTML_ELEMENT -&gt; HTML_ELEMENT [14:2]&#10;|   `--TFOOT -&gt; TFOOT [14:2]&#10;|       |--TFOOT_TAG_START -&gt; TFOOT_TAG_START [14:2]&#10;|       |   |--START -&gt; &lt; [14:2]&#10;|       |   |--TFOOT_HTML_TAG_NAME -&gt; tfoot [14:3]&#10;|       |   `--END -&gt; &gt; [14:8]&#10;|       |--TEXT -&gt;   [14:9]&#10;|       |--SINGLETON_ELEMENT -&gt; SINGLETON_ELEMENT [14:10]&#10;|       |   `--EMBED_TAG -&gt; EMBED_TAG [14:10]&#10;|       |       |--START -&gt; &lt; [14:10]&#10;|       |       |--EMBED_HTML_TAG_NAME -&gt; embed [14:11]&#10;|       |       `--END -&gt; &gt; [14:16]&#10;|       |--TEXT -&gt;   [14:17]&#10;|       `--TFOOT_TAG_END -&gt; TFOOT_TAG_END [14:18]&#10;|           |--START -&gt; &lt; [14:18]&#10;|           |--SLASH -&gt; / [14:19]&#10;|           |--TFOOT_HTML_TAG_NAME -&gt; tfoot [14:20]&#10;|           `--END -&gt; &gt; [14:25]&#10;|--NEWLINE -&gt; \n [14:26]&#10;|--NEWLINE -&gt; \n [15:0]&#10;|--LEADING_ASTERISK -&gt; * [16:0]&#10;|--TEXT -&gt;   [16:1]&#10;|--HTML_ELEMENT -&gt; HTML_ELEMENT [16:2]&#10;|   `--PARAGRAPH -&gt; PARAGRAPH [16:2]&#10;|       |--P_TAG_START -&gt; P_TAG_START [16:2]&#10;|       |   |--START -&gt; &lt; [16:2]&#10;|       |   |--P_HTML_TAG_NAME -&gt; p [16:3]&#10;|       |   `--END -&gt; &gt; [16:4]&#10;|       |--TEXT -&gt;   [16:5]&#10;|       |--SINGLETON_ELEMENT -&gt; SINGLETON_ELEMENT [16:6]&#10;|       |   `--EMBED_TAG -&gt; EMBED_TAG [16:6]&#10;|       |       |--START -&gt; &lt; [16:6]&#10;|       |       |--EMBED_HTML_TAG_NAME -&gt; embed [16:7]&#10;|       |       `--SLASH_END -&gt; /&gt; [16:12]&#10;|       |--TEXT -&gt;   [16:14]&#10;|       `--P_TAG_END -&gt; P_TAG_END [16:15]&#10;|           |--START -&gt; &lt; [16:15]&#10;|           |--SLASH -&gt; / [16:16]&#10;|           |--P_HTML_TAG_NAME -&gt; p [16:17]&#10;|           `--END -&gt; &gt; [16:18]&#10;|--NEWLINE -&gt; \n [16:19]&#10;|--LEADING_ASTERISK -&gt; * [17:0]&#10;|--TEXT -&gt;   [17:1]&#10;|--HTML_ELEMENT -&gt; HTML_ELEMENT [17:2]&#10;|   `--LI -&gt; LI [17:2]&#10;|       |--LI_TAG_START -&gt; LI_TAG_START [17:2]&#10;|       |   |--START -&gt; &lt; [17:2]&#10;|       |   |--LI_HTML_TAG_NAME -&gt; li [17:3]&#10;|       |   `--END -&gt; &gt; [17:5]&#10;|       |--TEXT -&gt;   [17:6]&#10;|       |--SINGLETON_ELEMENT -&gt; SINGLETON_ELEMENT [17:7]&#10;|       |   `--EMBED_TAG -&gt; EMBED_TAG [17:7]&#10;|       |       |--START -&gt; &lt; [17:7]&#10;|       |       |--EMBED_HTML_TAG_NAME -&gt; embed [17:8]&#10;|       |       `--SLASH_END -&gt; /&gt; [17:13]&#10;|       |--TEXT -&gt;   [17:15]&#10;|       `--LI_TAG_END -&gt; LI_TAG_END [17:16]&#10;|           |--START -&gt; &lt; [17:16]&#10;|           |--SLASH -&gt; / [17:17]&#10;|           |--LI_HTML_TAG_NAME -&gt; li [17:18]&#10;|           `--END -&gt; &gt; [17:20]&#10;|--NEWLINE -&gt; \n [17:21]&#10;|--LEADING_ASTERISK -&gt; * [18:0]&#10;|--TEXT -&gt;   [18:1]&#10;|--HTML_ELEMENT -&gt; HTML_ELEMENT [18:2]&#10;|   `--TR -&gt; TR [18:2]&#10;|       |--TR_TAG_START -&gt; TR_TAG_START [18:2]&#10;|       |   |--START -&gt; &lt; [18:2]&#10;|       |   |--TR_HTML_TAG_NAME -&gt; tr [18:3]&#10;|       |   `--END -&gt; &gt; [18:5]&#10;|       |--TEXT -&gt;   [18:6]&#10;|       |--SINGLETON_ELEMENT -&gt; SINGLETON_ELEMENT [18:7]&#10;|       |   `--EMBED_TAG -&gt; EMBED_TAG [18:7]&#10;|       |       |--START -&gt; &lt; [18:7]&#10;|       |       |--EMBED_HTML_TAG_NAME -&gt; embed [18:8]&#10;|       |       `--SLASH_END -&gt; /&gt; [18:13]&#10;|       |--TEXT -&gt;   [18:15]&#10;|       `--TR_TAG_END -&gt; TR_TAG_END [18:16]&#10;|           |--START -&gt; &lt; [18:16]&#10;|           |--SLASH -&gt; / [18:17]&#10;|           |--TR_HTML_TAG_NAME -&gt; tr [18:18]&#10;|           `--END -&gt; &gt; [18:20]&#10;|--NEWLINE -&gt; \n [18:21]&#10;|--LEADING_ASTERISK -&gt; * [19:0]&#10;|--TEXT -&gt;   [19:1]&#10;|--HTML_ELEMENT -&gt; HTML_ELEMENT [19:2]&#10;|   `--TD -&gt; TD [19:2]&#10;|       |--TD_TAG_START -&gt; TD_TAG_START [19:2]&#10;|       |   |--START -&gt; &lt; [19:2]&#10;|       |   |--TD_HTML_TAG_NAME -&gt; td [19:3]&#10;|       |   `--END -&gt; &gt; [19:5]&#10;|       |--TEXT -&gt;   [19:6]&#10;|       |--SINGLETON_ELEMENT -&gt; SINGLETON_ELEMENT [19:7]&#10;|       |   `--EMBED_TAG -&gt; EMBED_TAG [19:7]&#10;|       |       |--START -&gt; &lt; [19:7]&#10;|       |       |--EMBED_HTML_TAG_NAME -&gt; embed [19:8]&#10;|       |       `--SLASH_END -&gt; /&gt; [19:13]&#10;|       |--TEXT -&gt;   [19:15]&#10;|       `--TD_TAG_END -&gt; TD_TAG_END [19:16]&#10;|           |--START -&gt; &lt; [19:16]&#10;|           |--SLASH -&gt; / [19:17]&#10;|           |--TD_HTML_TAG_NAME -&gt; td [19:18]&#10;|           `--END -&gt; &gt; [19:20]&#10;|--NEWLINE -&gt; \n [19:21]&#10;|--LEADING_ASTERISK -&gt; * [20:0]&#10;|--TEXT -&gt;   [20:1]&#10;|--HTML_ELEMENT -&gt; HTML_ELEMENT [20:2]&#10;|   `--TH -&gt; TH [20:2]&#10;|       |--TH_TAG_START -&gt; TH_TAG_START [20:2]&#10;|       |   |--START -&gt; &lt; [20:2]&#10;|       |   |--TH_HTML_TAG_NAME -&gt; th [20:3]&#10;|       |   `--END -&gt; &gt; [20:5]&#10;|       |--TEXT -&gt;   [20:6]&#10;|       |--SINGLETON_ELEMENT -&gt; SINGLETON_ELEMENT [20:7]&#10;|       |   `--EMBED_TAG -&gt; EMBED_TAG [20:7]&#10;|       |       |--START -&gt; &lt; [20:7]&#10;|       |       |--EMBED_HTML_TAG_NAME -&gt; embed [20:8]&#10;|       |       `--SLASH_END -&gt; /&gt; [20:13]&#10;|       |--TEXT -&gt;   [20:15]&#10;|       `--TH_TAG_END -&gt; TH_TAG_END [20:16]&#10;|           |--START -&gt; &lt; [20:16]&#10;|           |--SLASH -&gt; / [20:17]&#10;|           |--TH_HTML_TAG_NAME -&gt; th [20:18]&#10;|           `--END -&gt; &gt; [20:20]&#10;|--NEWLINE -&gt; \n [20:21]&#10;|--LEADING_ASTERISK -&gt; * [21:0]&#10;|--TEXT -&gt;   [21:1]&#10;|--HTML_ELEMENT -&gt; HTML_ELEMENT [21:2]&#10;|   `--BODY -&gt; BODY [21:2]&#10;|       |--BODY_TAG_START -&gt; BODY_TAG_START [21:2]&#10;|       |   |--START -&gt; &lt; [21:2]&#10;|       |   |--BODY_HTML_TAG_NAME -&gt; body [21:3]&#10;|       |   `--END -&gt; &gt; [21:7]&#10;|       |--TEXT -&gt;   [21:8]&#10;|       |--SINGLETON_ELEMENT -&gt; SINGLETON_ELEMENT [21:9]&#10;|       |   `--EMBED_TAG -&gt; EMBED_TAG [21:9]&#10;|       |       |--START -&gt; &lt; [21:9]&#10;|       |       |--EMBED_HTML_TAG_NAME -&gt; embed [21:10]&#10;|       |       `--SLASH_END -&gt; /&gt; [21:15]&#10;|       |--TEXT -&gt;   [21:17]&#10;|       `--BODY_TAG_END -&gt; BODY_TAG_END [21:18]&#10;|           |--START -&gt; &lt; [21:18]&#10;|           |--SLASH -&gt; / [21:19]&#10;|           |--BODY_HTML_TAG_NAME -&gt; body [21:20]&#10;|           `--END -&gt; &gt; [21:24]&#10;|--NEWLINE -&gt; \n [21:25]&#10;|--LEADING_ASTERISK -&gt; * [22:0]&#10;|--TEXT -&gt;   [22:1]&#10;|--HTML_ELEMENT -&gt; HTML_ELEMENT [22:2]&#10;|   `--COLGROUP -&gt; COLGROUP [22:2]&#10;|       |--COLGROUP_TAG_START -&gt; COLGROUP_TAG_START [22:2]&#10;|       |   |--START -&gt; &lt; [22:2]&#10;|       |   |--COLGROUP_HTML_TAG_NAME -&gt; colgroup [22:3]&#10;|       |   `--END -&gt; &gt; [22:11]&#10;|       |--TEXT -&gt;   [22:12]&#10;|       |--SINGLETON_ELEMENT -&gt; SINGLETON_ELEMENT [22:13]&#10;|       |   `--EMBED_TAG -&gt; EMBED_TAG [22:13]&#10;|       |       |--START -&gt; &lt; [22:13]&#10;|       |       |--EMBED_HTML_TAG_NAME -&gt; embed [22:14]&#10;|       |       `--SLASH_END -&gt; /&gt; [22:19]&#10;|       |--TEXT -&gt;   [22:21]&#10;|       `--COLGROUP_TAG_END -&gt; COLGROUP_TAG_END [22:22]&#10;|           |--START -&gt; &lt; [22:22]&#10;|           |--SLASH -&gt; / [22:23]&#10;|           |--COLGROUP_HTML_TAG_NAME -&gt; colgroup [22:24]&#10;|           `--END -&gt; &gt; [22:32]&#10;|--NEWLINE -&gt; \n [22:33]&#10;|--LEADING_ASTERISK -&gt; * [23:0]&#10;|--TEXT -&gt;   [23:1]&#10;|--HTML_ELEMENT -&gt; HTML_ELEMENT [23:2]&#10;|   `--DD -&gt; DD [23:2]&#10;|       |--DD_TAG_START -&gt; DD_TAG_START [23:2]&#10;|       |   |--START -&gt; &lt; [23:2]&#10;|       |   |--DD_HTML_TAG_NAME -&gt; dd [23:3]&#10;|       |   `--END -&gt; &gt; [23:5]&#10;|       |--TEXT -&gt;   [23:6]&#10;|       |--SINGLETON_ELEMENT -&gt; SINGLETON_ELEMENT [23:7]&#10;|       |   `--EMBED_TAG -&gt; EMBED_TAG [23:7]&#10;|       |       |--START -&gt; &lt; [23:7]&#10;|       |       |--EMBED_HTML_TAG_NAME -&gt; embed [23:8]&#10;|       |       `--SLASH_END -&gt; /&gt; [23:13]&#10;|       |--TEXT -&gt;   [23:15]&#10;|       `--DD_TAG_END -&gt; DD_TAG_END [23:16]&#10;|           |--START -&gt; &lt; [23:16]&#10;|           |--SLASH -&gt; / [23:17]&#10;|           |--DD_HTML_TAG_NAME -&gt; dd [23:18]&#10;|           `--END -&gt; &gt; [23:20]&#10;|--NEWLINE -&gt; \n [23:21]&#10;|--LEADING_ASTERISK -&gt; * [24:0]&#10;|--TEXT -&gt;   [24:1]&#10;|--HTML_ELEMENT -&gt; HTML_ELEMENT [24:2]&#10;|   `--DT -&gt; DT [24:2]&#10;|       |--DT_TAG_START -&gt; DT_TAG_START [24:2]&#10;|       |   |--START -&gt; &lt; [24:2]&#10;|       |   |--DT_HTML_TAG_NAME -&gt; dt [24:3]&#10;|       |   `--END -&gt; &gt; [24:5]&#10;|       |--TEXT -&gt;   [24:6]&#10;|       |--SINGLETON_ELEMENT -&gt; SINGLETON_ELEMENT [24:7]&#10;|       |   `--EMBED_TAG -&gt; EMBED_TAG [24:7]&#10;|       |       |--START -&gt; &lt; [24:7]&#10;|       |       |--EMBED_HTML_TAG_NAME -&gt; embed [24:8]&#10;|       |       `--SLASH_END -&gt; /&gt; [24:13]&#10;|       |--TEXT -&gt;   [24:15]&#10;|       `--DT_TAG_END -&gt; DT_TAG_END [24:16]&#10;|           |--START -&gt; &lt; [24:16]&#10;|           |--SLASH -&gt; / [24:17]&#10;|           |--DT_HTML_TAG_NAME -&gt; dt [24:18]&#10;|           `--END -&gt; &gt; [24:20]&#10;|--NEWLINE -&gt; \n [24:21]&#10;|--LEADING_ASTERISK -&gt; * [25:0]&#10;|--TEXT -&gt;   [25:1]&#10;|--HTML_ELEMENT -&gt; HTML_ELEMENT [25:2]&#10;|   `--HEAD -&gt; HEAD [25:2]&#10;|       |--HEAD_TAG_START -&gt; HEAD_TAG_START [25:2]&#10;|       |   |--START -&gt; &lt; [25:2]&#10;|       |   |--HEAD_HTML_TAG_NAME -&gt; head [25:3]&#10;|       |   `--END -&gt; &gt; [25:7]&#10;|       |--TEXT -&gt;   [25:8]&#10;|       |--SINGLETON_ELEMENT -&gt; SINGLETON_ELEMENT [25:9]&#10;|       |   `--EMBED_TAG -&gt; EMBED_TAG [25:9]&#10;|       |       |--START -&gt; &lt; [25:9]&#10;|       |       |--EMBED_HTML_TAG_NAME -&gt; embed [25:10]&#10;|       |       `--SLASH_END -&gt; /&gt; [25:15]&#10;|       |--TEXT -&gt;   [25:17]&#10;|       `--HEAD_TAG_END -&gt; HEAD_TAG_END [25:18]&#10;|           |--START -&gt; &lt; [25:18]&#10;|           |--SLASH -&gt; / [25:19]&#10;|           |--HEAD_HTML_TAG_NAME -&gt; head [25:20]&#10;|           `--END -&gt; &gt; [25:24]&#10;|--NEWLINE -&gt; \n [25:25]&#10;|--LEADING_ASTERISK -&gt; * [26:0]&#10;|--TEXT -&gt;   [26:1]&#10;|--HTML_ELEMENT -&gt; HTML_ELEMENT [26:2]&#10;|   `--HTML -&gt; HTML [26:2]&#10;|       |--HTML_TAG_START -&gt; HTML_TAG_START [26:2]&#10;|       |   |--START -&gt; &lt; [26:2]&#10;|       |   |--HTML_HTML_TAG_NAME -&gt; html [26:3]&#10;|       |   `--END -&gt; &gt; [26:7]&#10;|       |--TEXT -&gt;   [26:8]&#10;|       |--SINGLETON_ELEMENT -&gt; SINGLETON_ELEMENT [26:9]&#10;|       |   `--EMBED_TAG -&gt; EMBED_TAG [26:9]&#10;|       |       |--START -&gt; &lt; [26:9]&#10;|       |       |--EMBED_HTML_TAG_NAME -&gt; embed [26:10]&#10;|       |       `--SLASH_END -&gt; /&gt; [26:15]&#10;|       |--TEXT -&gt;   [26:17]&#10;|       `--HTML_TAG_END -&gt; HTML_TAG_END [26:18]&#10;|           |--START -&gt; &lt; [26:18]&#10;|           |--SLASH -&gt; / [26:19]&#10;|           |--HTML_HTML_TAG_NAME -&gt; html [26:20]&#10;|           `--END -&gt; &gt; [26:24]&#10;|--NEWLINE -&gt; \n [26:25]&#10;|--LEADING_ASTERISK -&gt; * [27:0]&#10;|--TEXT -&gt;   [27:1]&#10;|--HTML_ELEMENT -&gt; HTML_ELEMENT [27:2]&#10;|   `--OPTION -&gt; OPTION [27:2]&#10;|       |--OPTION_TAG_START -&gt; OPTION_TAG_START [27:2]&#10;|       |   |--START -&gt; &lt; [27:2]&#10;|       |   |--OPTION_HTML_TAG_NAME -&gt; option [27:3]&#10;|       |   `--END -&gt; &gt; [27:9]&#10;|       |--TEXT -&gt;   [27:10]&#10;|       |--SINGLETON_ELEMENT -&gt; SINGLETON_ELEMENT [27:11]&#10;|       |   `--EMBED_TAG -&gt; EMBED_TAG [27:11]&#10;|       |       |--START -&gt; &lt; [27:11]&#10;|       |       |--EMBED_HTML_TAG_NAME -&gt; embed [27:12]&#10;|       |       `--SLASH_END -&gt; /&gt; [27:17]&#10;|       |--TEXT -&gt;   [27:19]&#10;|       `--OPTION_TAG_END -&gt; OPTION_TAG_END [27:20]&#10;|           |--START -&gt; &lt; [27:20]&#10;|           |--SLASH -&gt; / [27:21]&#10;|           |--OPTION_HTML_TAG_NAME -&gt; option [27:22]&#10;|           `--END -&gt; &gt; [27:28]&#10;|--NEWLINE -&gt; \n [27:29]&#10;|--LEADING_ASTERISK -&gt; * [28:0]&#10;|--TEXT -&gt;   [28:1]&#10;|--HTML_ELEMENT -&gt; HTML_ELEMENT [28:2]&#10;|   `--TBODY -&gt; TBODY [28:2]&#10;|       |--TBODY_TAG_START -&gt; TBODY_TAG_START [28:2]&#10;|       |   |--START -&gt; &lt; [28:2]&#10;|       |   |--TBODY_HTML_TAG_NAME -&gt; tbody [28:3]&#10;|       |   `--END -&gt; &gt; [28:8]&#10;|       |--TEXT -&gt;   [28:9]&#10;|       |--SINGLETON_ELEMENT -&gt; SINGLETON_ELEMENT [28:10]&#10;|       |   `--EMBED_TAG -&gt; EMBED_TAG [28:10]&#10;|       |       |--START -&gt; &lt; [28:10]&#10;|       |       |--EMBED_HTML_TAG_NAME -&gt; embed [28:11]&#10;|       |       `--SLASH_END -&gt; /&gt; [28:16]&#10;|       |--TEXT -&gt;   [28:18]&#10;|       `--TBODY_TAG_END -&gt; TBODY_TAG_END [28:19]&#10;|           |--START -&gt; &lt; [28:19]&#10;|           |--SLASH -&gt; / [28:20]&#10;|           |--TBODY_HTML_TAG_NAME -&gt; tbody [28:21]&#10;|           `--END -&gt; &gt; [28:26]&#10;|--NEWLINE -&gt; \n [28:27]&#10;|--LEADING_ASTERISK -&gt; * [29:0]&#10;|--TEXT -&gt;   [29:1]&#10;|--HTML_ELEMENT -&gt; HTML_ELEMENT [29:2]&#10;|   `--THEAD -&gt; THEAD [29:2]&#10;|       |--THEAD_TAG_START -&gt; THEAD_TAG_START [29:2]&#10;|       |   |--START -&gt; &lt; [29:2]&#10;|       |   |--THEAD_HTML_TAG_NAME -&gt; thead [29:3]&#10;|       |   `--END -&gt; &gt; [29:8]&#10;|       |--TEXT -&gt;   [29:9]&#10;|       |--SINGLETON_ELEMENT -&gt; SINGLETON_ELEMENT [29:10]&#10;|       |   `--EMBED_TAG -&gt; EMBED_TAG [29:10]&#10;|       |       |--START -&gt; &lt; [29:10]&#10;|       |       |--EMBED_HTML_TAG_NAME -&gt; embed [29:11]&#10;|       |       `--SLASH_END -&gt; /&gt; [29:16]&#10;|       |--TEXT -&gt;   [29:18]&#10;|       `--THEAD_TAG_END -&gt; THEAD_TAG_END [29:19]&#10;|           |--START -&gt; &lt; [29:19]&#10;|           |--SLASH -&gt; / [29:20]&#10;|           |--THEAD_HTML_TAG_NAME -&gt; thead [29:21]&#10;|           `--END -&gt; &gt; [29:26]&#10;|--NEWLINE -&gt; \n [29:27]&#10;|--LEADING_ASTERISK -&gt; * [30:0]&#10;|--TEXT -&gt;   [30:1]&#10;|--HTML_ELEMENT -&gt; HTML_ELEMENT [30:2]&#10;|   `--TFOOT -&gt; TFOOT [30:2]&#10;|       |--TFOOT_TAG_START -&gt; TFOOT_TAG_START [30:2]&#10;|       |   |--START -&gt; &lt; [30:2]&#10;|       |   |--TFOOT_HTML_TAG_NAME -&gt; tfoot [30:3]&#10;|       |   `--END -&gt; &gt; [30:8]&#10;|       |--TEXT -&gt;   [30:9]&#10;|       |--SINGLETON_ELEMENT -&gt; SINGLETON_ELEMENT [30:10]&#10;|       |   `--EMBED_TAG -&gt; EMBED_TAG [30:10]&#10;|       |       |--START -&gt; &lt; [30:10]&#10;|       |       |--EMBED_HTML_TAG_NAME -&gt; embed [30:11]&#10;|       |       `--SLASH_END -&gt; /&gt; [30:16]&#10;|       |--TEXT -&gt;   [30:18]&#10;|       `--TFOOT_TAG_END -&gt; TFOOT_TAG_END [30:19]&#10;|           |--START -&gt; &lt; [30:19]&#10;|           |--SLASH -&gt; / [30:20]&#10;|           |--TFOOT_HTML_TAG_NAME -&gt; tfoot [30:21]&#10;|           `--END -&gt; &gt; [30:26]&#10;|--NEWLINE -&gt; \n [30:27]&#10;|--NEWLINE -&gt; \n [31:0]&#10;|--LEADING_ASTERISK -&gt; * [32:0]&#10;|--TEXT -&gt;   [32:1]&#10;|--HTML_ELEMENT -&gt; HTML_ELEMENT [32:2]&#10;|   `--SINGLETON_ELEMENT -&gt; SINGLETON_ELEMENT [32:2]&#10;|       `--EMBED_TAG -&gt; EMBED_TAG [32:2]&#10;|           |--START -&gt; &lt; [32:2]&#10;|           |--EMBED_HTML_TAG_NAME -&gt; embed [32:3]&#10;|           `--END -&gt; &gt; [32:8]&#10;|--NEWLINE -&gt; \n [32:9]&#10;|--LEADING_ASTERISK -&gt; * [33:0]&#10;|--TEXT -&gt;   [33:1]&#10;|--HTML_ELEMENT -&gt; HTML_ELEMENT [33:2]&#10;|   `--SINGLETON_ELEMENT -&gt; SINGLETON_ELEMENT [33:2]&#10;|       `--EMBED_TAG -&gt; EMBED_TAG [33:2]&#10;|           |--START -&gt; &lt; [33:2]&#10;|           |--EMBED_HTML_TAG_NAME -&gt; embed [33:3]&#10;|           `--SLASH_END -&gt; /&gt; [33:8]&#10;|--NEWLINE -&gt; \n [33:10]&#10;|--LEADING_ASTERISK -&gt; * [34:0]&#10;|--TEXT -&gt;   [34:1]&#10;|--HTML_ELEMENT -&gt; HTML_ELEMENT [34:2]&#10;|   `--SINGLETON_ELEMENT -&gt; SINGLETON_ELEMENT [34:2]&#10;|       `--EMBED_TAG -&gt; EMBED_TAG [34:2]&#10;|           |--START -&gt; &lt; [34:2]&#10;|           |--EMBED_HTML_TAG_NAME -&gt; embed [34:3]&#10;|           |--WS -&gt;   [34:8]&#10;|           |--ATTRIBUTE -&gt; ATTRIBUTE [34:9]&#10;|           |   |--HTML_TAG_NAME -&gt; attr [34:9]&#10;|           |   |--EQUALS -&gt; = [34:13]&#10;|           |   `--ATTR_VALUE -&gt; &quot;something&quot; [34:14]&#10;|           `--END -&gt; &gt; [34:26]&#10;|--NEWLINE -&gt; \n [34:27]&#10;|--LEADING_ASTERISK -&gt; * [35:0]&#10;|--TEXT -&gt;   [35:1]&#10;|--HTML_ELEMENT -&gt; HTML_ELEMENT [35:2]&#10;|   `--SINGLETON_ELEMENT -&gt; SINGLETON_ELEMENT [35:2]&#10;|       `--EMBED_TAG -&gt; EMBED_TAG [35:2]&#10;|           |--START -&gt; &lt; [35:2]&#10;|           |--EMBED_HTML_TAG_NAME -&gt; embed [35:3]&#10;|           |--WS -&gt;   [35:8]&#10;|           |--ATTRIBUTE -&gt; ATTRIBUTE [35:9]&#10;|           |   |--HTML_TAG_NAME -&gt; attr [35:9]&#10;|           |   |--EQUALS -&gt; = [35:13]&#10;|           |   `--ATTR_VALUE -&gt; &quot;something&quot; [35:14]&#10;|           `--SLASH_END -&gt; /&gt; [35:26]&#10;|--NEWLINE -&gt; \n [35:28]&#10;|--LEADING_ASTERISK -&gt; * [36:0]&#10;|--TEXT -&gt;   [36:1]&#10;|--HTML_ELEMENT -&gt; HTML_ELEMENT [36:2]&#10;|   `--SINGLETON_ELEMENT -&gt; SINGLETON_ELEMENT [36:2]&#10;|       `--EMBED_TAG -&gt; EMBED_TAG [36:2]&#10;|           |--START -&gt; &lt; [36:2]&#10;|           |--EMBED_HTML_TAG_NAME -&gt; embed [36:3]&#10;|           |--WS -&gt;   [36:8]&#10;|           |--ATTRIBUTE -&gt; ATTRIBUTE [36:9]&#10;|           |   |--HTML_TAG_NAME -&gt; attr [36:9]&#10;|           |   |--EQUALS -&gt; = [36:13]&#10;|           |   `--ATTR_VALUE -&gt; &quot;something&quot; [36:14]&#10;|           |--WS -&gt;   [36:26]&#10;|           |--ATTRIBUTE -&gt; ATTRIBUTE [36:27]&#10;|           |   |--HTML_TAG_NAME -&gt; attr2 [36:27]&#10;|           |   |--EQUALS -&gt; = [36:32]&#10;|           |   `--ATTR_VALUE -&gt; &quot;someotherthing&quot; [36:33]&#10;|           `--END -&gt; &gt; [36:50]&#10;|--NEWLINE -&gt; \n [36:51]&#10;|--LEADING_ASTERISK -&gt; * [37:0]&#10;|--TEXT -&gt;   [37:1]&#10;|--HTML_ELEMENT -&gt; HTML_ELEMENT [37:2]&#10;|   `--SINGLETON_ELEMENT -&gt; SINGLETON_ELEMENT [37:2]&#10;|       `--EMBED_TAG -&gt; EMBED_TAG [37:2]&#10;|           |--START -&gt; &lt; [37:2]&#10;|           |--EMBED_HTML_TAG_NAME -&gt; embed [37:3]&#10;|           |--WS -&gt;   [37:8]&#10;|           |--ATTRIBUTE -&gt; ATTRIBUTE [37:9]&#10;|           |   |--HTML_TAG_NAME -&gt; attr [37:9]&#10;|           |   |--EQUALS -&gt; = [37:13]&#10;|           |   `--ATTR_VALUE -&gt; &quot;something&quot; [37:14]&#10;|           |--WS -&gt;   [37:26]&#10;|           |--ATTRIBUTE -&gt; ATTRIBUTE [37:27]&#10;|           |   |--HTML_TAG_NAME -&gt; attr2 [37:27]&#10;|           |   |--EQUALS -&gt; = [37:32]&#10;|           |   `--ATTR_VALUE -&gt; &quot;someotherthing&quot; [37:33]&#10;|           `--SLASH_END -&gt; /&gt; [37:50]&#10;|--NEWLINE -&gt; \n [37:52]&#10;|--LEADING_ASTERISK -&gt; * [38:0]&#10;|--TEXT -&gt;   [38:1]&#10;|--HTML_ELEMENT -&gt; HTML_ELEMENT [38:2]&#10;|   `--SINGLETON_ELEMENT -&gt; SINGLETON_ELEMENT [38:2]&#10;|       `--EMBED_TAG -&gt; EMBED_TAG [38:2]&#10;|           |--START -&gt; &lt; [38:2]&#10;|           |--EMBED_HTML_TAG_NAME -&gt; embed [38:3]&#10;|           |--WS -&gt;   [38:8]&#10;|           |--ATTRIBUTE -&gt; ATTRIBUTE [38:9]&#10;|           |   |--HTML_TAG_NAME -&gt; attr [38:9]&#10;|           |   |--EQUALS -&gt; = [38:13]&#10;|           |   `--ATTR_VALUE -&gt; &quot;something&quot; [38:14]&#10;|           |--WS -&gt;   [38:26]&#10;|           |--NEWLINE -&gt; \n [38:27]&#10;|           |--LEADING_ASTERISK -&gt; * [39:0]&#10;|           |--WS -&gt;   [39:1]&#10;|           |--ATTRIBUTE -&gt; ATTRIBUTE [39:2]&#10;|           |   |--HTML_TAG_NAME -&gt; attr2 [39:2]&#10;|           |   |--EQUALS -&gt; = [39:7]&#10;|           |   `--ATTR_VALUE -&gt; &quot;someotherting&quot; [39:8]&#10;|           `--END -&gt; &gt; [39:24]&#10;|--NEWLINE -&gt; \n [39:25]&#10;|--LEADING_ASTERISK -&gt; * [40:0]&#10;|--TEXT -&gt;   [40:1]&#10;|--HTML_ELEMENT -&gt; HTML_ELEMENT [40:2]&#10;|   `--SINGLETON_ELEMENT -&gt; SINGLETON_ELEMENT [40:2]&#10;|       `--EMBED_TAG -&gt; EMBED_TAG [40:2]&#10;|           |--START -&gt; &lt; [40:2]&#10;|           |--EMBED_HTML_TAG_NAME -&gt; embed [40:3]&#10;|           |--WS -&gt;   [40:8]&#10;|           |--ATTRIBUTE -&gt; ATTRIBUTE [40:9]&#10;|           |   |--HTML_TAG_NAME -&gt; attr [40:9]&#10;|           |   |--EQUALS -&gt; = [40:13]&#10;|           |   `--ATTR_VALUE -&gt; &quot;something&quot; [40:14]&#10;|           |--WS -&gt;   [40:26]&#10;|           |--NEWLINE -&gt; \n [40:27]&#10;|           |--LEADING_ASTERISK -&gt; * [41:0]&#10;|           |--WS -&gt;   [41:1]&#10;|           |--ATTRIBUTE -&gt; ATTRIBUTE [41:2]&#10;|           |   |--HTML_TAG_NAME -&gt; attr2 [41:2]&#10;|           |   |--EQUALS -&gt; = [41:7]&#10;|           |   `--ATTR_VALUE -&gt; &quot;someotherting&quot; [41:8]&#10;|           `--SLASH_END -&gt; /&gt; [41:24]&#10;`--EOF -&gt; &lt;EOF&gt; [41:26]&#13;]&#10;&gt;" type="org.junit.ComparisonFailure"><![CDATA[org.junit.ComparisonFailure: 
Generated tree from the javadoc file should match the pre-defined tree expected:<...DOC -> JAVADOC [0:0][
|--LEADING_ASTERISK -> * [0:0]
|--TEXT ->   [0:1]
|--HTML_ELEMENT -> HTML_ELEMENT [0:2]
|   `--PARAGRAPH -> PARAGRAPH [0:2]
|       |--P_TAG_START -> P_TAG_START [0:2]
|       |   |--START -> < [0:2]
|       |   |--P_HTML_TAG_NAME -> p [0:3]
|       |   `--END -> > [0:4]
|       |--TEXT ->   [0:5]
|       |--SINGLETON_ELEMENT -> SINGLETON_ELEMENT [0:6]
|       |   `--EMBED_TAG -> EMBED_TAG [0:6]
|       |       |--START -> < [0:6]
|       |       |--EMBED_HTML_TAG_NAME -> embed [0:7]
|       |       `--END -> > [0:12]
|       |--TEXT ->   [0:13]
|       `--P_TAG_END -> P_TAG_END [0:14]
|           |--START -> < [0:14]
|           |--SLASH -> / [0:15]
|           |--P_HTML_TAG_NAME -> p [0:16]
|           `--END -> > [0:17]
|--NEWLINE -> \n [0:18]
|--LEADING_ASTERISK -> * [1:0]
|--TEXT ->   [1:1]
|--HTML_ELEMENT -> HTML_ELEMENT [1:2]
|   `--LI -> LI [1:2]
|       |--LI_TAG_START -> LI_TAG_START [1:2]
|       |   |--START -> < [1:2]
|       |   |--LI_HTML_TAG_NAME -> li [1:3]
|       |   `--END -> > [1:5]
|       |--TEXT ->   [1:6]
|       |--SINGLETON_ELEMENT -> SINGLETON_ELEMENT [1:7]
|       |   `--EMBED_TAG -> EMBED_TAG [1:7]
|       |       |--START -> < [1:7]
|       |       |--EMBED_HTML_TAG_NAME -> embed [1:8]
|       |       `--END -> > [1:13]
|       |--TEXT ->   [1:14]
|       `--LI_TAG_END -> LI_TAG_END [1:15]
|           |--START -> < [1:15]
|           |--SLASH -> / [1:16]
|           |--LI_HTML_TAG_NAME -> li [1:17]
|           `--END -> > [1:19]
|--NEWLINE -> \n [1:20]
|--LEADING_ASTERISK -> * [2:0]
|--TEXT ->   [2:1]
|--HTML_ELEMENT -> HTML_ELEMENT [2:2]
|   `--TR -> TR [2:2]
|       |--TR_TAG_START -> TR_TAG_START [2:2]
|       |   |--START -> < [2:2]
|       |   |--TR_HTML_TAG_NAME -> tr [2:3]
|       |   `--END -> > [2:5]
|       |--TEXT ->   [2:6]
|       |--SINGLETON_ELEMENT -> SINGLETON_ELEMENT [2:7]
|       |   `--EMBED_TAG -> EMBED_TAG [2:7]
|       |       |--START -> < [2:7]
|       |       |--EMBED_HTML_TAG_NAME -> embed [2:8]
|       |       `--END -> > [2:13]
|       |--TEXT ->   [2:14]
|       `--TR_TAG_END -> TR_TAG_END [2:15]
|           |--START -> < [2:15]
|           |--SLASH -> / [2:16]
|           |--TR_HTML_TAG_NAME -> tr [2:17]
|           `--END -> > [2:19]
|--NEWLINE -> \n [2:20]
|--LEADING_ASTERISK -> * [3:0]
|--TEXT ->   [3:1]
|--HTML_ELEMENT -> HTML_ELEMENT [3:2]
|   `--TD -> TD [3:2]
|       |--TD_TAG_START -> TD_TAG_START [3:2]
|       |   |--START -> < [3:2]
|       |   |--TD_HTML_TAG_NAME -> td [3:3]
|       |   `--END -> > [3:5]
|       |--TEXT ->   [3:6]
|       |--SINGLETON_ELEMENT -> SINGLETON_ELEMENT [3:7]
|       |   `--EMBED_TAG -> EMBED_TAG [3:7]
|       |       |--START -> < [3:7]
|       |       |--EMBED_HTML_TAG_NAME -> embed [3:8]
|       |       `--END -> > [3:13]
|       |--TEXT ->   [3:14]
|       `--TD_TAG_END -> TD_TAG_END [3:15]
|           |--START -> < [3:15]
|           |--SLASH -> / [3:16]
|           |--TD_HTML_TAG_NAME -> td [3:17]
|           `--END -> > [3:19]
|--NEWLINE -> \n [3:20]
|--LEADING_ASTERISK -> * [4:0]
|--TEXT ->   [4:1]
|--HTML_ELEMENT -> HTML_ELEMENT [4:2]
|   `--TH -> TH [4:2]
|       |--TH_TAG_START -> TH_TAG_START [4:2]
|       |   |--START -> < [4:2]
|       |   |--TH_HTML_TAG_NAME -> th [4:3]
|       |   `--END -> > [4:5]
|       |--TEXT ->   [4:6]
|       |--SINGLETON_ELEMENT -> SINGLETON_ELEMENT [4:7]
|       |   `--EMBED_TAG -> EMBED_TAG [4:7]
|       |       |--START -> < [4:7]
|       |       |--EMBED_HTML_TAG_NAME -> embed [4:8]
|       |       `--END -> > [4:13]
|       |--TEXT ->   [4:14]
|       `--TH_TAG_END -> TH_TAG_END [4:15]
|           |--START -> < [4:15]
|           |--SLASH -> / [4:16]
|           |--TH_HTML_TAG_NAME -> th [4:17]
|           `--END -> > [4:19]
|--NEWLINE -> \n [4:20]
|--LEADING_ASTERISK -> * [5:0]
|--TEXT ->   [5:1]
|--HTML_ELEMENT -> HTML_ELEMENT [5:2]
|   `--BODY -> BODY [5:2]
|       |--BODY_TAG_START -> BODY_TAG_START [5:2]
|       |   |--START -> < [5:2]
|       |   |--BODY_HTML_TAG_NAME -> body [5:3]
|       |   `--END -> > [5:7]
|       |--TEXT ->   [5:8]
|       |--SINGLETON_ELEMENT -> SINGLETON_ELEMENT [5:9]
|       |   `--EMBED_TAG -> EMBED_TAG [5:9]
|       |       |--START -> < [5:9]
|       |       |--EMBED_HTML_TAG_NAME -> embed [5:10]
|       |       `--END -> > [5:15]
|       |--TEXT ->   [5:16]
|       `--BODY_TAG_END -> BODY_TAG_END [5:17]
|           |--START -> < [5:17]
|           |--SLASH -> / [5:18]
|           |--BODY_HTML_TAG_NAME -> body [5:19]
|           `--END -> > [5:23]
|--NEWLINE -> \n [5:24]
|--LEADING_ASTERISK -> * [6:0]
|--TEXT ->   [6:1]
|--HTML_ELEMENT -> HTML_ELEMENT [6:2]
|   `--COLGROUP -> COLGROUP [6:2]
|       |--COLGROUP_TAG_START -> COLGROUP_TAG_START [6:2]
|       |   |--START -> < [6:2]
|       |   |--COLGROUP_HTML_TAG_NAME -> colgroup [6:3]
|       |   `--END -> > [6:11]
|       |--TEXT ->   [6:12]
|       |--SINGLETON_ELEMENT -> SINGLETON_ELEMENT [6:13]
|       |   `--EMBED_TAG -> EMBED_TAG [6:13]
|       |       |--START -> < [6:13]
|       |       |--EMBED_HTML_TAG_NAME -> embed [6:14]
|       |       `--END -> > [6:19]
|       |--TEXT ->   [6:20]
|       `--COLGROUP_TAG_END -> COLGROUP_TAG_END [6:21]
|           |--START -> < [6:21]
|           |--SLASH -> / [6:22]
|           |--COLGROUP_HTML_TAG_NAME -> colgroup [6:23]
|           `--END -> > [6:31]
|--NEWLINE -> \n [6:32]
|--LEADING_ASTERISK -> * [7:0]
|--TEXT ->   [7:1]
|--HTML_ELEMENT -> HTML_ELEMENT [7:2]
|   `--DD -> DD [7:2]
|       |--DD_TAG_START -> DD_TAG_START [7:2]
|       |   |--START -> < [7:2]
|       |   |--DD_HTML_TAG_NAME -> dd [7:3]
|       |   `--END -> > [7:5]
|       |--TEXT ->   [7:6]
|       |--SINGLETON_ELEMENT -> SINGLETON_ELEMENT [7:7]
|       |   `--EMBED_TAG -> EMBED_TAG [7:7]
|       |       |--START -> < [7:7]
|       |       |--EMBED_HTML_TAG_NAME -> embed [7:8]
|       |       `--END -> > [7:13]
|       |--TEXT ->   [7:14]
|       `--DD_TAG_END -> DD_TAG_END [7:15]
|           |--START -> < [7:15]
|           |--SLASH -> / [7:16]
|           |--DD_HTML_TAG_NAME -> dd [7:17]
|           `--END -> > [7:19]
|--NEWLINE -> \n [7:20]
|--LEADING_ASTERISK -> * [8:0]
|--TEXT ->   [8:1]
|--HTML_ELEMENT -> HTML_ELEMENT [8:2]
|   `--DT -> DT [8:2]
|       |--DT_TAG_START -> DT_TAG_START [8:2]
|       |   |--START -> < [8:2]
|       |   |--DT_HTML_TAG_NAME -> dt [8:3]
|       |   `--END -> > [8:5]
|       |--TEXT ->   [8:6]
|       |--SINGLETON_ELEMENT -> SINGLETON_ELEMENT [8:7]
|       |   `--EMBED_TAG -> EMBED_TAG [8:7]
|       |       |--START -> < [8:7]
|       |       |--EMBED_HTML_TAG_NAME -> embed [8:8]
|       |       `--END -> > [8:13]
|       |--TEXT ->   [8:14]
|       `--DT_TAG_END -> DT_TAG_END [8:15]
|           |--START -> < [8:15]
|           |--SLASH -> / [8:16]
|           |--DT_HTML_TAG_NAME -> dt [8:17]
|           `--END -> > [8:19]
|--NEWLINE -> \n [8:20]
|--LEADING_ASTERISK -> * [9:0]
|--TEXT ->   [9:1]
|--HTML_ELEMENT -> HTML_ELEMENT [9:2]
|   `--HEAD -> HEAD [9:2]
|       |--HEAD_TAG_START -> HEAD_TAG_START [9:2]
|       |   |--START -> < [9:2]
|       |   |--HEAD_HTML_TAG_NAME -> head [9:3]
|       |   `--END -> > [9:7]
|       |--TEXT ->   [9:8]
|       |--SINGLETON_ELEMENT -> SINGLETON_ELEMENT [9:9]
|       |   `--EMBED_TAG -> EMBED_TAG [9:9]
|       |       |--START -> < [9:9]
|       |       |--EMBED_HTML_TAG_NAME -> embed [9:10]
|       |       `--END -> > [9:15]
|       |--TEXT ->   [9:16]
|       `--HEAD_TAG_END -> HEAD_TAG_END [9:17]
|           |--START -> < [9:17]
|           |--SLASH -> / [9:18]
|           |--HEAD_HTML_TAG_NAME -> head [9:19]
|           `--END -> > [9:23]
|--NEWLINE -> \n [9:24]
|--LEADING_ASTERISK -> * [10:0]
|--TEXT ->   [10:1]
|--HTML_ELEMENT -> HTML_ELEMENT [10:2]
|   `--HTML -> HTML [10:2]
|       |--HTML_TAG_START -> HTML_TAG_START [10:2]
|       |   |--START -> < [10:2]
|       |   |--HTML_HTML_TAG_NAME -> html [10:3]
|       |   `--END -> > [10:7]
|       |--TEXT ->   [10:8]
|       |--SINGLETON_ELEMENT -> SINGLETON_ELEMENT [10:9]
|       |   `--EMBED_TAG -> EMBED_TAG [10:9]
|       |       |--START -> < [10:9]
|       |       |--EMBED_HTML_TAG_NAME -> embed [10:10]
|       |       `--END -> > [10:15]
|       |--TEXT ->   [10:16]
|       `--HTML_TAG_END -> HTML_TAG_END [10:17]
|           |--START -> < [10:17]
|           |--SLASH -> / [10:18]
|           |--HTML_HTML_TAG_NAME -> html [10:19]
|           `--END -> > [10:23]
|--NEWLINE -> \n [10:24]
|--LEADING_ASTERISK -> * [11:0]
|--TEXT ->   [11:1]
|--HTML_ELEMENT -> HTML_ELEMENT [11:2]
|   `--OPTION -> OPTION [11:2]
|       |--OPTION_TAG_START -> OPTION_TAG_START [11:2]
|       |   |--START -> < [11:2]
|       |   |--OPTION_HTML_TAG_NAME -> option [11:3]
|       |   `--END -> > [11:9]
|       |--TEXT ->   [11:10]
|       |--SINGLETON_ELEMENT -> SINGLETON_ELEMENT [11:11]
|       |   `--EMBED_TAG -> EMBED_TAG [11:11]
|       |       |--START -> < [11:11]
|       |       |--EMBED_HTML_TAG_NAME -> embed [11:12]
|       |       `--END -> > [11:17]
|       |--TEXT ->   [11:18]
|       `--OPTION_TAG_END -> OPTION_TAG_END [11:19]
|           |--START -> < [11:19]
|           |--SLASH -> / [11:20]
|           |--OPTION_HTML_TAG_NAME -> option [11:21]
|           `--END -> > [11:27]
|--NEWLINE -> \n [11:28]
|--LEADING_ASTERISK -> * [12:0]
|--TEXT ->   [12:1]
|--HTML_ELEMENT -> HTML_ELEMENT [12:2]
|   `--TBODY -> TBODY [12:2]
|       |--TBODY_TAG_START -> TBODY_TAG_START [12:2]
|       |   |--START -> < [12:2]
|       |   |--TBODY_HTML_TAG_NAME -> tbody [12:3]
|       |   `--END -> > [12:8]
|       |--TEXT ->   [12:9]
|       |--SINGLETON_ELEMENT -> SINGLETON_ELEMENT [12:10]
|       |   `--EMBED_TAG -> EMBED_TAG [12:10]
|       |       |--START -> < [12:10]
|       |       |--EMBED_HTML_TAG_NAME -> embed [12:11]
|       |       `--END -> > [12:16]
|       |--TEXT ->   [12:17]
|       `--TBODY_TAG_END -> TBODY_TAG_END [12:18]
|           |--START -> < [12:18]
|           |--SLASH -> / [12:19]
|           |--TBODY_HTML_TAG_NAME -> tbody [12:20]
|           `--END -> > [12:25]
|--NEWLINE -> \n [12:26]
|--LEADING_ASTERISK -> * [13:0]
|--TEXT ->   [13:1]
|--HTML_ELEMENT -> HTML_ELEMENT [13:2]
|   `--THEAD -> THEAD [13:2]
|       |--THEAD_TAG_START -> THEAD_TAG_START [13:2]
|       |   |--START -> < [13:2]
|       |   |--THEAD_HTML_TAG_NAME -> thead [13:3]
|       |   `--END -> > [13:8]
|       |--TEXT ->   [13:9]
|       |--SINGLETON_ELEMENT -> SINGLETON_ELEMENT [13:10]
|       |   `--EMBED_TAG -> EMBED_TAG [13:10]
|       |       |--START -> < [13:10]
|       |       |--EMBED_HTML_TAG_NAME -> embed [13:11]
|       |       `--END -> > [13:16]
|       |--TEXT ->   [13:17]
|       `--THEAD_TAG_END -> THEAD_TAG_END [13:18]
|           |--START -> < [13:18]
|           |--SLASH -> / [13:19]
|           |--THEAD_HTML_TAG_NAME -> thead [13:20]
|           `--END -> > [13:25]
|--NEWLINE -> \n [13:26]
|--LEADING_ASTERISK -> * [14:0]
|--TEXT ->   [14:1]
|--HTML_ELEMENT -> HTML_ELEMENT [14:2]
|   `--TFOOT -> TFOOT [14:2]
|       |--TFOOT_TAG_START -> TFOOT_TAG_START [14:2]
|       |   |--START -> < [14:2]
|       |   |--TFOOT_HTML_TAG_NAME -> tfoot [14:3]
|       |   `--END -> > [14:8]
|       |--TEXT ->   [14:9]
|       |--SINGLETON_ELEMENT -> SINGLETON_ELEMENT [14:10]
|       |   `--EMBED_TAG -> EMBED_TAG [14:10]
|       |       |--START -> < [14:10]
|       |       |--EMBED_HTML_TAG_NAME -> embed [14:11]
|       |       `--END -> > [14:16]
|       |--TEXT ->   [14:17]
|       `--TFOOT_TAG_END -> TFOOT_TAG_END [14:18]
|           |--START -> < [14:18]
|           |--SLASH -> / [14:19]
|           |--TFOOT_HTML_TAG_NAME -> tfoot [14:20]
|           `--END -> > [14:25]
|--NEWLINE -> \n [14:26]
|--NEWLINE -> \n [15:0]
|--LEADING_ASTERISK -> * [16:0]
|--TEXT ->   [16:1]
|--HTML_ELEMENT -> HTML_ELEMENT [16:2]
|   `--PARAGRAPH -> PARAGRAPH [16:2]
|       |--P_TAG_START -> P_TAG_START [16:2]
|       |   |--START -> < [16:2]
|       |   |--P_HTML_TAG_NAME -> p [16:3]
|       |   `--END -> > [16:4]
|       |--TEXT ->   [16:5]
|       |--SINGLETON_ELEMENT -> SINGLETON_ELEMENT [16:6]
|       |   `--EMBED_TAG -> EMBED_TAG [16:6]
|       |       |--START -> < [16:6]
|       |       |--EMBED_HTML_TAG_NAME -> embed [16:7]
|       |       `--SLASH_END -> /> [16:12]
|       |--TEXT ->   [16:14]
|       `--P_TAG_END -> P_TAG_END [16:15]
|           |--START -> < [16:15]
|           |--SLASH -> / [16:16]
|           |--P_HTML_TAG_NAME -> p [16:17]
|           `--END -> > [16:18]
|--NEWLINE -> \n [16:19]
|--LEADING_ASTERISK -> * [17:0]
|--TEXT ->   [17:1]
|--HTML_ELEMENT -> HTML_ELEMENT [17:2]
|   `--LI -> LI [17:2]
|       |--LI_TAG_START -> LI_TAG_START [17:2]
|       |   |--START -> < [17:2]
|       |   |--LI_HTML_TAG_NAME -> li [17:3]
|       |   `--END -> > [17:5]
|       |--TEXT ->   [17:6]
|       |--SINGLETON_ELEMENT -> SINGLETON_ELEMENT [17:7]
|       |   `--EMBED_TAG -> EMBED_TAG [17:7]
|       |       |--START -> < [17:7]
|       |       |--EMBED_HTML_TAG_NAME -> embed [17:8]
|       |       `--SLASH_END -> /> [17:13]
|       |--TEXT ->   [17:15]
|       `--LI_TAG_END -> LI_TAG_END [17:16]
|           |--START -> < [17:16]
|           |--SLASH -> / [17:17]
|           |--LI_HTML_TAG_NAME -> li [17:18]
|           `--END -> > [17:20]
|--NEWLINE -> \n [17:21]
|--LEADING_ASTERISK -> * [18:0]
|--TEXT ->   [18:1]
|--HTML_ELEMENT -> HTML_ELEMENT [18:2]
|   `--TR -> TR [18:2]
|       |--TR_TAG_START -> TR_TAG_START [18:2]
|       |   |--START -> < [18:2]
|       |   |--TR_HTML_TAG_NAME -> tr [18:3]
|       |   `--END -> > [18:5]
|       |--TEXT ->   [18:6]
|       |--SINGLETON_ELEMENT -> SINGLETON_ELEMENT [18:7]
|       |   `--EMBED_TAG -> EMBED_TAG [18:7]
|       |       |--START -> < [18:7]
|       |       |--EMBED_HTML_TAG_NAME -> embed [18:8]
|       |       `--SLASH_END -> /> [18:13]
|       |--TEXT ->   [18:15]
|       `--TR_TAG_END -> TR_TAG_END [18:16]
|           |--START -> < [18:16]
|           |--SLASH -> / [18:17]
|           |--TR_HTML_TAG_NAME -> tr [18:18]
|           `--END -> > [18:20]
|--NEWLINE -> \n [18:21]
|--LEADING_ASTERISK -> * [19:0]
|--TEXT ->   [19:1]
|--HTML_ELEMENT -> HTML_ELEMENT [19:2]
|   `--TD -> TD [19:2]
|       |--TD_TAG_START -> TD_TAG_START [19:2]
|       |   |--START -> < [19:2]
|       |   |--TD_HTML_TAG_NAME -> td [19:3]
|       |   `--END -> > [19:5]
|       |--TEXT ->   [19:6]
|       |--SINGLETON_ELEMENT -> SINGLETON_ELEMENT [19:7]
|       |   `--EMBED_TAG -> EMBED_TAG [19:7]
|       |       |--START -> < [19:7]
|       |       |--EMBED_HTML_TAG_NAME -> embed [19:8]
|       |       `--SLASH_END -> /> [19:13]
|       |--TEXT ->   [19:15]
|       `--TD_TAG_END -> TD_TAG_END [19:16]
|           |--START -> < [19:16]
|           |--SLASH -> / [19:17]
|           |--TD_HTML_TAG_NAME -> td [19:18]
|           `--END -> > [19:20]
|--NEWLINE -> \n [19:21]
|--LEADING_ASTERISK -> * [20:0]
|--TEXT ->   [20:1]
|--HTML_ELEMENT -> HTML_ELEMENT [20:2]
|   `--TH -> TH [20:2]
|       |--TH_TAG_START -> TH_TAG_START [20:2]
|       |   |--START -> < [20:2]
|       |   |--TH_HTML_TAG_NAME -> th [20:3]
|       |   `--END -> > [20:5]
|       |--TEXT ->   [20:6]
|       |--SINGLETON_ELEMENT -> SINGLETON_ELEMENT [20:7]
|       |   `--EMBED_TAG -> EMBED_TAG [20:7]
|       |       |--START -> < [20:7]
|       |       |--EMBED_HTML_TAG_NAME -> embed [20:8]
|       |       `--SLASH_END -> /> [20:13]
|       |--TEXT ->   [20:15]
|       `--TH_TAG_END -> TH_TAG_END [20:16]
|           |--START -> < [20:16]
|           |--SLASH -> / [20:17]
|           |--TH_HTML_TAG_NAME -> th [20:18]
|           `--END -> > [20:20]
|--NEWLINE -> \n [20:21]
|--LEADING_ASTERISK -> * [21:0]
|--TEXT ->   [21:1]
|--HTML_ELEMENT -> HTML_ELEMENT [21:2]
|   `--BODY -> BODY [21:2]
|       |--BODY_TAG_START -> BODY_TAG_START [21:2]
|       |   |--START -> < [21:2]
|       |   |--BODY_HTML_TAG_NAME -> body [21:3]
|       |   `--END -> > [21:7]
|       |--TEXT ->   [21:8]
|       |--SINGLETON_ELEMENT -> SINGLETON_ELEMENT [21:9]
|       |   `--EMBED_TAG -> EMBED_TAG [21:9]
|       |       |--START -> < [21:9]
|       |       |--EMBED_HTML_TAG_NAME -> embed [21:10]
|       |       `--SLASH_END -> /> [21:15]
|       |--TEXT ->   [21:17]
|       `--BODY_TAG_END -> BODY_TAG_END [21:18]
|           |--START -> < [21:18]
|           |--SLASH -> / [21:19]
|           |--BODY_HTML_TAG_NAME -> body [21:20]
|           `--END -> > [21:24]
|--NEWLINE -> \n [21:25]
|--LEADING_ASTERISK -> * [22:0]
|--TEXT ->   [22:1]
|--HTML_ELEMENT -> HTML_ELEMENT [22:2]
|   `--COLGROUP -> COLGROUP [22:2]
|       |--COLGROUP_TAG_START -> COLGROUP_TAG_START [22:2]
|       |   |--START -> < [22:2]
|       |   |--COLGROUP_HTML_TAG_NAME -> colgroup [22:3]
|       |   `--END -> > [22:11]
|       |--TEXT ->   [22:12]
|       |--SINGLETON_ELEMENT -> SINGLETON_ELEMENT [22:13]
|       |   `--EMBED_TAG -> EMBED_TAG [22:13]
|       |       |--START -> < [22:13]
|       |       |--EMBED_HTML_TAG_NAME -> embed [22:14]
|       |       `--SLASH_END -> /> [22:19]
|       |--TEXT ->   [22:21]
|       `--COLGROUP_TAG_END -> COLGROUP_TAG_END [22:22]
|           |--START -> < [22:22]
|           |--SLASH -> / [22:23]
|           |--COLGROUP_HTML_TAG_NAME -> colgroup [22:24]
|           `--END -> > [22:32]
|--NEWLINE -> \n [22:33]
|--LEADING_ASTERISK -> * [23:0]
|--TEXT ->   [23:1]
|--HTML_ELEMENT -> HTML_ELEMENT [23:2]
|   `--DD -> DD [23:2]
|       |--DD_TAG_START -> DD_TAG_START [23:2]
|       |   |--START -> < [23:2]
|       |   |--DD_HTML_TAG_NAME -> dd [23:3]
|       |   `--END -> > [23:5]
|       |--TEXT ->   [23:6]
|       |--SINGLETON_ELEMENT -> SINGLETON_ELEMENT [23:7]
|       |   `--EMBED_TAG -> EMBED_TAG [23:7]
|       |       |--START -> < [23:7]
|       |       |--EMBED_HTML_TAG_NAME -> embed [23:8]
|       |       `--SLASH_END -> /> [23:13]
|       |--TEXT ->   [23:15]
|       `--DD_TAG_END -> DD_TAG_END [23:16]
|           |--START -> < [23:16]
|           |--SLASH -> / [23:17]
|           |--DD_HTML_TAG_NAME -> dd [23:18]
|           `--END -> > [23:20]
|--NEWLINE -> \n [23:21]
|--LEADING_ASTERISK -> * [24:0]
|--TEXT ->   [24:1]
|--HTML_ELEMENT -> HTML_ELEMENT [24:2]
|   `--DT -> DT [24:2]
|       |--DT_TAG_START -> DT_TAG_START [24:2]
|       |   |--START -> < [24:2]
|       |   |--DT_HTML_TAG_NAME -> dt [24:3]
|       |   `--END -> > [24:5]
|       |--TEXT ->   [24:6]
|       |--SINGLETON_ELEMENT -> SINGLETON_ELEMENT [24:7]
|       |   `--EMBED_TAG -> EMBED_TAG [24:7]
|       |       |--START -> < [24:7]
|       |       |--EMBED_HTML_TAG_NAME -> embed [24:8]
|       |       `--SLASH_END -> /> [24:13]
|       |--TEXT ->   [24:15]
|       `--DT_TAG_END -> DT_TAG_END [24:16]
|           |--START -> < [24:16]
|           |--SLASH -> / [24:17]
|           |--DT_HTML_TAG_NAME -> dt [24:18]
|           `--END -> > [24:20]
|--NEWLINE -> \n [24:21]
|--LEADING_ASTERISK -> * [25:0]
|--TEXT ->   [25:1]
|--HTML_ELEMENT -> HTML_ELEMENT [25:2]
|   `--HEAD -> HEAD [25:2]
|       |--HEAD_TAG_START -> HEAD_TAG_START [25:2]
|       |   |--START -> < [25:2]
|       |   |--HEAD_HTML_TAG_NAME -> head [25:3]
|       |   `--END -> > [25:7]
|       |--TEXT ->   [25:8]
|       |--SINGLETON_ELEMENT -> SINGLETON_ELEMENT [25:9]
|       |   `--EMBED_TAG -> EMBED_TAG [25:9]
|       |       |--START -> < [25:9]
|       |       |--EMBED_HTML_TAG_NAME -> embed [25:10]
|       |       `--SLASH_END -> /> [25:15]
|       |--TEXT ->   [25:17]
|       `--HEAD_TAG_END -> HEAD_TAG_END [25:18]
|           |--START -> < [25:18]
|           |--SLASH -> / [25:19]
|           |--HEAD_HTML_TAG_NAME -> head [25:20]
|           `--END -> > [25:24]
|--NEWLINE -> \n [25:25]
|--LEADING_ASTERISK -> * [26:0]
|--TEXT ->   [26:1]
|--HTML_ELEMENT -> HTML_ELEMENT [26:2]
|   `--HTML -> HTML [26:2]
|       |--HTML_TAG_START -> HTML_TAG_START [26:2]
|       |   |--START -> < [26:2]
|       |   |--HTML_HTML_TAG_NAME -> html [26:3]
|       |   `--END -> > [26:7]
|       |--TEXT ->   [26:8]
|       |--SINGLETON_ELEMENT -> SINGLETON_ELEMENT [26:9]
|       |   `--EMBED_TAG -> EMBED_TAG [26:9]
|       |       |--START -> < [26:9]
|       |       |--EMBED_HTML_TAG_NAME -> embed [26:10]
|       |       `--SLASH_END -> /> [26:15]
|       |--TEXT ->   [26:17]
|       `--HTML_TAG_END -> HTML_TAG_END [26:18]
|           |--START -> < [26:18]
|           |--SLASH -> / [26:19]
|           |--HTML_HTML_TAG_NAME -> html [26:20]
|           `--END -> > [26:24]
|--NEWLINE -> \n [26:25]
|--LEADING_ASTERISK -> * [27:0]
|--TEXT ->   [27:1]
|--HTML_ELEMENT -> HTML_ELEMENT [27:2]
|   `--OPTION -> OPTION [27:2]
|       |--OPTION_TAG_START -> OPTION_TAG_START [27:2]
|       |   |--START -> < [27:2]
|       |   |--OPTION_HTML_TAG_NAME -> option [27:3]
|       |   `--END -> > [27:9]
|       |--TEXT ->   [27:10]
|       |--SINGLETON_ELEMENT -> SINGLETON_ELEMENT [27:11]
|       |   `--EMBED_TAG -> EMBED_TAG [27:11]
|       |       |--START -> < [27:11]
|       |       |--EMBED_HTML_TAG_NAME -> embed [27:12]
|       |       `--SLASH_END -> /> [27:17]
|       |--TEXT ->   [27:19]
|       `--OPTION_TAG_END -> OPTION_TAG_END [27:20]
|           |--START -> < [27:20]
|           |--SLASH -> / [27:21]
|           |--OPTION_HTML_TAG_NAME -> option [27:22]
|           `--END -> > [27:28]
|--NEWLINE -> \n [27:29]
|--LEADING_ASTERISK -> * [28:0]
|--TEXT ->   [28:1]
|--HTML_ELEMENT -> HTML_ELEMENT [28:2]
|   `--TBODY -> TBODY [28:2]
|       |--TBODY_TAG_START -> TBODY_TAG_START [28:2]
|       |   |--START -> < [28:2]
|       |   |--TBODY_HTML_TAG_NAME -> tbody [28:3]
|       |   `--END -> > [28:8]
|       |--TEXT ->   [28:9]
|       |--SINGLETON_ELEMENT -> SINGLETON_ELEMENT [28:10]
|       |   `--EMBED_TAG -> EMBED_TAG [28:10]
|       |       |--START -> < [28:10]
|       |       |--EMBED_HTML_TAG_NAME -> embed [28:11]
|       |       `--SLASH_END -> /> [28:16]
|       |--TEXT ->   [28:18]
|       `--TBODY_TAG_END -> TBODY_TAG_END [28:19]
|           |--START -> < [28:19]
|           |--SLASH -> / [28:20]
|           |--TBODY_HTML_TAG_NAME -> tbody [28:21]
|           `--END -> > [28:26]
|--NEWLINE -> \n [28:27]
|--LEADING_ASTERISK -> * [29:0]
|--TEXT ->   [29:1]
|--HTML_ELEMENT -> HTML_ELEMENT [29:2]
|   `--THEAD -> THEAD [29:2]
|       |--THEAD_TAG_START -> THEAD_TAG_START [29:2]
|       |   |--START -> < [29:2]
|       |   |--THEAD_HTML_TAG_NAME -> thead [29:3]
|       |   `--END -> > [29:8]
|       |--TEXT ->   [29:9]
|       |--SINGLETON_ELEMENT -> SINGLETON_ELEMENT [29:10]
|       |   `--EMBED_TAG -> EMBED_TAG [29:10]
|       |       |--START -> < [29:10]
|       |       |--EMBED_HTML_TAG_NAME -> embed [29:11]
|       |       `--SLASH_END -> /> [29:16]
|       |--TEXT ->   [29:18]
|       `--THEAD_TAG_END -> THEAD_TAG_END [29:19]
|           |--START -> < [29:19]
|           |--SLASH -> / [29:20]
|           |--THEAD_HTML_TAG_NAME -> thead [29:21]
|           `--END -> > [29:26]
|--NEWLINE -> \n [29:27]
|--LEADING_ASTERISK -> * [30:0]
|--TEXT ->   [30:1]
|--HTML_ELEMENT -> HTML_ELEMENT [30:2]
|   `--TFOOT -> TFOOT [30:2]
|       |--TFOOT_TAG_START -> TFOOT_TAG_START [30:2]
|       |   |--START -> < [30:2]
|       |   |--TFOOT_HTML_TAG_NAME -> tfoot [30:3]
|       |   `--END -> > [30:8]
|       |--TEXT ->   [30:9]
|       |--SINGLETON_ELEMENT -> SINGLETON_ELEMENT [30:10]
|       |   `--EMBED_TAG -> EMBED_TAG [30:10]
|       |       |--START -> < [30:10]
|       |       |--EMBED_HTML_TAG_NAME -> embed [30:11]
|       |       `--SLASH_END -> /> [30:16]
|       |--TEXT ->   [30:18]
|       `--TFOOT_TAG_END -> TFOOT_TAG_END [30:19]
|           |--START -> < [30:19]
|           |--SLASH -> / [30:20]
|           |--TFOOT_HTML_TAG_NAME -> tfoot [30:21]
|           `--END -> > [30:26]
|--NEWLINE -> \n [30:27]
|--NEWLINE -> \n [31:0]
|--LEADING_ASTERISK -> * [32:0]
|--TEXT ->   [32:1]
|--HTML_ELEMENT -> HTML_ELEMENT [32:2]
|   `--SINGLETON_ELEMENT -> SINGLETON_ELEMENT [32:2]
|       `--EMBED_TAG -> EMBED_TAG [32:2]
|           |--START -> < [32:2]
|           |--EMBED_HTML_TAG_NAME -> embed [32:3]
|           `--END -> > [32:8]
|--NEWLINE -> \n [32:9]
|--LEADING_ASTERISK -> * [33:0]
|--TEXT ->   [33:1]
|--HTML_ELEMENT -> HTML_ELEMENT [33:2]
|   `--SINGLETON_ELEMENT -> SINGLETON_ELEMENT [33:2]
|       `--EMBED_TAG -> EMBED_TAG [33:2]
|           |--START -> < [33:2]
|           |--EMBED_HTML_TAG_NAME -> embed [33:3]
|           `--SLASH_END -> /> [33:8]
|--NEWLINE -> \n [33:10]
|--LEADING_ASTERISK -> * [34:0]
|--TEXT ->   [34:1]
|--HTML_ELEMENT -> HTML_ELEMENT [34:2]
|   `--SINGLETON_ELEMENT -> SINGLETON_ELEMENT [34:2]
|       `--EMBED_TAG -> EMBED_TAG [34:2]
|           |--START -> < [34:2]
|           |--EMBED_HTML_TAG_NAME -> embed [34:3]
|           |--WS ->   [34:8]
|           |--ATTRIBUTE -> ATTRIBUTE [34:9]
|           |   |--HTML_TAG_NAME -> attr [34:9]
|           |   |--EQUALS -> = [34:13]
|           |   `--ATTR_VALUE -> "something" [34:14]
|           `--END -> > [34:26]
|--NEWLINE -> \n [34:27]
|--LEADING_ASTERISK -> * [35:0]
|--TEXT ->   [35:1]
|--HTML_ELEMENT -> HTML_ELEMENT [35:2]
|   `--SINGLETON_ELEMENT -> SINGLETON_ELEMENT [35:2]
|       `--EMBED_TAG -> EMBED_TAG [35:2]
|           |--START -> < [35:2]
|           |--EMBED_HTML_TAG_NAME -> embed [35:3]
|           |--WS ->   [35:8]
|           |--ATTRIBUTE -> ATTRIBUTE [35:9]
|           |   |--HTML_TAG_NAME -> attr [35:9]
|           |   |--EQUALS -> = [35:13]
|           |   `--ATTR_VALUE -> "something" [35:14]
|           `--SLASH_END -> /> [35:26]
|--NEWLINE -> \n [35:28]
|--LEADING_ASTERISK -> * [36:0]
|--TEXT ->   [36:1]
|--HTML_ELEMENT -> HTML_ELEMENT [36:2]
|   `--SINGLETON_ELEMENT -> SINGLETON_ELEMENT [36:2]
|       `--EMBED_TAG -> EMBED_TAG [36:2]
|           |--START -> < [36:2]
|           |--EMBED_HTML_TAG_NAME -> embed [36:3]
|           |--WS ->   [36:8]
|           |--ATTRIBUTE -> ATTRIBUTE [36:9]
|           |   |--HTML_TAG_NAME -> attr [36:9]
|           |   |--EQUALS -> = [36:13]
|           |   `--ATTR_VALUE -> "something" [36:14]
|           |--WS ->   [36:26]
|           |--ATTRIBUTE -> ATTRIBUTE [36:27]
|           |   |--HTML_TAG_NAME -> attr2 [36:27]
|           |   |--EQUALS -> = [36:32]
|           |   `--ATTR_VALUE -> "someotherthing" [36:33]
|           `--END -> > [36:50]
|--NEWLINE -> \n [36:51]
|--LEADING_ASTERISK -> * [37:0]
|--TEXT ->   [37:1]
|--HTML_ELEMENT -> HTML_ELEMENT [37:2]
|   `--SINGLETON_ELEMENT -> SINGLETON_ELEMENT [37:2]
|       `--EMBED_TAG -> EMBED_TAG [37:2]
|           |--START -> < [37:2]
|           |--EMBED_HTML_TAG_NAME -> embed [37:3]
|           |--WS ->   [37:8]
|           |--ATTRIBUTE -> ATTRIBUTE [37:9]
|           |   |--HTML_TAG_NAME -> attr [37:9]
|           |   |--EQUALS -> = [37:13]
|           |   `--ATTR_VALUE -> "something" [37:14]
|           |--WS ->   [37:26]
|           |--ATTRIBUTE -> ATTRIBUTE [37:27]
|           |   |--HTML_TAG_NAME -> attr2 [37:27]
|           |   |--EQUALS -> = [37:32]
|           |   `--ATTR_VALUE -> "someotherthing" [37:33]
|           `--SLASH_END -> /> [37:50]
|--NEWLINE -> \n [37:52]
|--LEADING_ASTERISK -> * [38:0]
|--TEXT ->   [38:1]
|--HTML_ELEMENT -> HTML_ELEMENT [38:2]
|   `--SINGLETON_ELEMENT -> SINGLETON_ELEMENT [38:2]
|       `--EMBED_TAG -> EMBED_TAG [38:2]
|           |--START -> < [38:2]
|           |--EMBED_HTML_TAG_NAME -> embed [38:3]
|           |--WS ->   [38:8]
|           |--ATTRIBUTE -> ATTRIBUTE [38:9]
|           |   |--HTML_TAG_NAME -> attr [38:9]
|           |   |--EQUALS -> = [38:13]
|           |   `--ATTR_VALUE -> "something" [38:14]
|           |--WS ->   [38:26]
|           |--NEWLINE -> \n [38:27]
|           |--LEADING_ASTERISK -> * [39:0]
|           |--WS ->   [39:1]
|           |--ATTRIBUTE -> ATTRIBUTE [39:2]
|           |   |--HTML_TAG_NAME -> attr2 [39:2]
|           |   |--EQUALS -> = [39:7]
|           |   `--ATTR_VALUE -> "someotherting" [39:8]
|           `--END -> > [39:24]
|--NEWLINE -> \n [39:25]
|--LEADING_ASTERISK -> * [40:0]
|--TEXT ->   [40:1]
|--HTML_ELEMENT -> HTML_ELEMENT [40:2]
|   `--SINGLETON_ELEMENT -> SINGLETON_ELEMENT [40:2]
|       `--EMBED_TAG -> EMBED_TAG [40:2]
|           |--START -> < [40:2]
|           |--EMBED_HTML_TAG_NAME -> embed [40:3]
|           |--WS ->   [40:8]
|           |--ATTRIBUTE -> ATTRIBUTE [40:9]
|           |   |--HTML_TAG_NAME -> attr [40:9]
|           |   |--EQUALS -> = [40:13]
|           |   `--ATTR_VALUE -> "something" [40:14]
|           |--WS ->   [40:26]
|           |--NEWLINE -> \n [40:27]
|           |--LEADING_ASTERISK -> * [41:0]
|           |--WS ->   [41:1]
|           |--ATTRIBUTE -> ATTRIBUTE [41:2]
|           |   |--HTML_TAG_NAME -> attr2 [41:2]
|           |   |--EQUALS -> = [41:7]
|           |   `--ATTR_VALUE -> "someotherting" [41:8]
|           `--SLASH_END -> /> [41:24]
`--EOF -> <EOF> [41:26]]
> but was:<...DOC -> JAVADOC [0:0][
|--LEADING_ASTERISK -> * [0:0]
|--TEXT ->   [0:1]
|--HTML_ELEMENT -> HTML_ELEMENT [0:2]
|   `--PARAGRAPH -> PARAGRAPH [0:2]
|       |--P_TAG_START -> P_TAG_START [0:2]
|       |   |--START -> < [0:2]
|       |   |--P_HTML_TAG_NAME -> p [0:3]
|       |   `--END -> > [0:4]
|       |--TEXT ->   [0:5]
|       |--SINGLETON_ELEMENT -> SINGLETON_ELEMENT [0:6]
|       |   `--EMBED_TAG -> EMBED_TAG [0:6]
|       |       |--START -> < [0:6]
|       |       |--EMBED_HTML_TAG_NAME -> embed [0:7]
|       |       `--END -> > [0:12]
|       |--TEXT ->   [0:13]
|       `--P_TAG_END -> P_TAG_END [0:14]
|           |--START -> < [0:14]
|           |--SLASH -> / [0:15]
|           |--P_HTML_TAG_NAME -> p [0:16]
|           `--END -> > [0:17]
|--NEWLINE -> \n [0:18]
|--LEADING_ASTERISK -> * [1:0]
|--TEXT ->   [1:1]
|--HTML_ELEMENT -> HTML_ELEMENT [1:2]
|   `--LI -> LI [1:2]
|       |--LI_TAG_START -> LI_TAG_START [1:2]
|       |   |--START -> < [1:2]
|       |   |--LI_HTML_TAG_NAME -> li [1:3]
|       |   `--END -> > [1:5]
|       |--TEXT ->   [1:6]
|       |--SINGLETON_ELEMENT -> SINGLETON_ELEMENT [1:7]
|       |   `--EMBED_TAG -> EMBED_TAG [1:7]
|       |       |--START -> < [1:7]
|       |       |--EMBED_HTML_TAG_NAME -> embed [1:8]
|       |       `--END -> > [1:13]
|       |--TEXT ->   [1:14]
|       `--LI_TAG_END -> LI_TAG_END [1:15]
|           |--START -> < [1:15]
|           |--SLASH -> / [1:16]
|           |--LI_HTML_TAG_NAME -> li [1:17]
|           `--END -> > [1:19]
|--NEWLINE -> \n [1:20]
|--LEADING_ASTERISK -> * [2:0]
|--TEXT ->   [2:1]
|--HTML_ELEMENT -> HTML_ELEMENT [2:2]
|   `--TR -> TR [2:2]
|       |--TR_TAG_START -> TR_TAG_START [2:2]
|       |   |--START -> < [2:2]
|       |   |--TR_HTML_TAG_NAME -> tr [2:3]
|       |   `--END -> > [2:5]
|       |--TEXT ->   [2:6]
|       |--SINGLETON_ELEMENT -> SINGLETON_ELEMENT [2:7]
|       |   `--EMBED_TAG -> EMBED_TAG [2:7]
|       |       |--START -> < [2:7]
|       |       |--EMBED_HTML_TAG_NAME -> embed [2:8]
|       |       `--END -> > [2:13]
|       |--TEXT ->   [2:14]
|       `--TR_TAG_END -> TR_TAG_END [2:15]
|           |--START -> < [2:15]
|           |--SLASH -> / [2:16]
|           |--TR_HTML_TAG_NAME -> tr [2:17]
|           `--END -> > [2:19]
|--NEWLINE -> \n [2:20]
|--LEADING_ASTERISK -> * [3:0]
|--TEXT ->   [3:1]
|--HTML_ELEMENT -> HTML_ELEMENT [3:2]
|   `--TD -> TD [3:2]
|       |--TD_TAG_START -> TD_TAG_START [3:2]
|       |   |--START -> < [3:2]
|       |   |--TD_HTML_TAG_NAME -> td [3:3]
|       |   `--END -> > [3:5]
|       |--TEXT ->   [3:6]
|       |--SINGLETON_ELEMENT -> SINGLETON_ELEMENT [3:7]
|       |   `--EMBED_TAG -> EMBED_TAG [3:7]
|       |       |--START -> < [3:7]
|       |       |--EMBED_HTML_TAG_NAME -> embed [3:8]
|       |       `--END -> > [3:13]
|       |--TEXT ->   [3:14]
|       `--TD_TAG_END -> TD_TAG_END [3:15]
|           |--START -> < [3:15]
|           |--SLASH -> / [3:16]
|           |--TD_HTML_TAG_NAME -> td [3:17]
|           `--END -> > [3:19]
|--NEWLINE -> \n [3:20]
|--LEADING_ASTERISK -> * [4:0]
|--TEXT ->   [4:1]
|--HTML_ELEMENT -> HTML_ELEMENT [4:2]
|   `--TH -> TH [4:2]
|       |--TH_TAG_START -> TH_TAG_START [4:2]
|       |   |--START -> < [4:2]
|       |   |--TH_HTML_TAG_NAME -> th [4:3]
|       |   `--END -> > [4:5]
|       |--TEXT ->   [4:6]
|       |--SINGLETON_ELEMENT -> SINGLETON_ELEMENT [4:7]
|       |   `--EMBED_TAG -> EMBED_TAG [4:7]
|       |       |--START -> < [4:7]
|       |       |--EMBED_HTML_TAG_NAME -> embed [4:8]
|       |       `--END -> > [4:13]
|       |--TEXT ->   [4:14]
|       `--TH_TAG_END -> TH_TAG_END [4:15]
|           |--START -> < [4:15]
|           |--SLASH -> / [4:16]
|           |--TH_HTML_TAG_NAME -> th [4:17]
|           `--END -> > [4:19]
|--NEWLINE -> \n [4:20]
|--LEADING_ASTERISK -> * [5:0]
|--TEXT ->   [5:1]
|--HTML_ELEMENT -> HTML_ELEMENT [5:2]
|   `--BODY -> BODY [5:2]
|       |--BODY_TAG_START -> BODY_TAG_START [5:2]
|       |   |--START -> < [5:2]
|       |   |--BODY_HTML_TAG_NAME -> body [5:3]
|       |   `--END -> > [5:7]
|       |--TEXT ->   [5:8]
|       |--SINGLETON_ELEMENT -> SINGLETON_ELEMENT [5:9]
|       |   `--EMBED_TAG -> EMBED_TAG [5:9]
|       |       |--START -> < [5:9]
|       |       |--EMBED_HTML_TAG_NAME -> embed [5:10]
|       |       `--END -> > [5:15]
|       |--TEXT ->   [5:16]
|       `--BODY_TAG_END -> BODY_TAG_END [5:17]
|           |--START -> < [5:17]
|           |--SLASH -> / [5:18]
|           |--BODY_HTML_TAG_NAME -> body [5:19]
|           `--END -> > [5:23]
|--NEWLINE -> \n [5:24]
|--LEADING_ASTERISK -> * [6:0]
|--TEXT ->   [6:1]
|--HTML_ELEMENT -> HTML_ELEMENT [6:2]
|   `--COLGROUP -> COLGROUP [6:2]
|       |--COLGROUP_TAG_START -> COLGROUP_TAG_START [6:2]
|       |   |--START -> < [6:2]
|       |   |--COLGROUP_HTML_TAG_NAME -> colgroup [6:3]
|       |   `--END -> > [6:11]
|       |--TEXT ->   [6:12]
|       |--SINGLETON_ELEMENT -> SINGLETON_ELEMENT [6:13]
|       |   `--EMBED_TAG -> EMBED_TAG [6:13]
|       |       |--START -> < [6:13]
|       |       |--EMBED_HTML_TAG_NAME -> embed [6:14]
|       |       `--END -> > [6:19]
|       |--TEXT ->   [6:20]
|       `--COLGROUP_TAG_END -> COLGROUP_TAG_END [6:21]
|           |--START -> < [6:21]
|           |--SLASH -> / [6:22]
|           |--COLGROUP_HTML_TAG_NAME -> colgroup [6:23]
|           `--END -> > [6:31]
|--NEWLINE -> \n [6:32]
|--LEADING_ASTERISK -> * [7:0]
|--TEXT ->   [7:1]
|--HTML_ELEMENT -> HTML_ELEMENT [7:2]
|   `--DD -> DD [7:2]
|       |--DD_TAG_START -> DD_TAG_START [7:2]
|       |   |--START -> < [7:2]
|       |   |--DD_HTML_TAG_NAME -> dd [7:3]
|       |   `--END -> > [7:5]
|       |--TEXT ->   [7:6]
|       |--SINGLETON_ELEMENT -> SINGLETON_ELEMENT [7:7]
|       |   `--EMBED_TAG -> EMBED_TAG [7:7]
|       |       |--START -> < [7:7]
|       |       |--EMBED_HTML_TAG_NAME -> embed [7:8]
|       |       `--END -> > [7:13]
|       |--TEXT ->   [7:14]
|       `--DD_TAG_END -> DD_TAG_END [7:15]
|           |--START -> < [7:15]
|           |--SLASH -> / [7:16]
|           |--DD_HTML_TAG_NAME -> dd [7:17]
|           `--END -> > [7:19]
|--NEWLINE -> \n [7:20]
|--LEADING_ASTERISK -> * [8:0]
|--TEXT ->   [8:1]
|--HTML_ELEMENT -> HTML_ELEMENT [8:2]
|   `--DT -> DT [8:2]
|       |--DT_TAG_START -> DT_TAG_START [8:2]
|       |   |--START -> < [8:2]
|       |   |--DT_HTML_TAG_NAME -> dt [8:3]
|       |   `--END -> > [8:5]
|       |--TEXT ->   [8:6]
|       |--SINGLETON_ELEMENT -> SINGLETON_ELEMENT [8:7]
|       |   `--EMBED_TAG -> EMBED_TAG [8:7]
|       |       |--START -> < [8:7]
|       |       |--EMBED_HTML_TAG_NAME -> embed [8:8]
|       |       `--END -> > [8:13]
|       |--TEXT ->   [8:14]
|       `--DT_TAG_END -> DT_TAG_END [8:15]
|           |--START -> < [8:15]
|           |--SLASH -> / [8:16]
|           |--DT_HTML_TAG_NAME -> dt [8:17]
|           `--END -> > [8:19]
|--NEWLINE -> \n [8:20]
|--LEADING_ASTERISK -> * [9:0]
|--TEXT ->   [9:1]
|--HTML_ELEMENT -> HTML_ELEMENT [9:2]
|   `--HEAD -> HEAD [9:2]
|       |--HEAD_TAG_START -> HEAD_TAG_START [9:2]
|       |   |--START -> < [9:2]
|       |   |--HEAD_HTML_TAG_NAME -> head [9:3]
|       |   `--END -> > [9:7]
|       |--TEXT ->   [9:8]
|       |--SINGLETON_ELEMENT -> SINGLETON_ELEMENT [9:9]
|       |   `--EMBED_TAG -> EMBED_TAG [9:9]
|       |       |--START -> < [9:9]
|       |       |--EMBED_HTML_TAG_NAME -> embed [9:10]
|       |       `--END -> > [9:15]
|       |--TEXT ->   [9:16]
|       `--HEAD_TAG_END -> HEAD_TAG_END [9:17]
|           |--START -> < [9:17]
|           |--SLASH -> / [9:18]
|           |--HEAD_HTML_TAG_NAME -> head [9:19]
|           `--END -> > [9:23]
|--NEWLINE -> \n [9:24]
|--LEADING_ASTERISK -> * [10:0]
|--TEXT ->   [10:1]
|--HTML_ELEMENT -> HTML_ELEMENT [10:2]
|   `--HTML -> HTML [10:2]
|       |--HTML_TAG_START -> HTML_TAG_START [10:2]
|       |   |--START -> < [10:2]
|       |   |--HTML_HTML_TAG_NAME -> html [10:3]
|       |   `--END -> > [10:7]
|       |--TEXT ->   [10:8]
|       |--SINGLETON_ELEMENT -> SINGLETON_ELEMENT [10:9]
|       |   `--EMBED_TAG -> EMBED_TAG [10:9]
|       |       |--START -> < [10:9]
|       |       |--EMBED_HTML_TAG_NAME -> embed [10:10]
|       |       `--END -> > [10:15]
|       |--TEXT ->   [10:16]
|       `--HTML_TAG_END -> HTML_TAG_END [10:17]
|           |--START -> < [10:17]
|           |--SLASH -> / [10:18]
|           |--HTML_HTML_TAG_NAME -> html [10:19]
|           `--END -> > [10:23]
|--NEWLINE -> \n [10:24]
|--LEADING_ASTERISK -> * [11:0]
|--TEXT ->   [11:1]
|--HTML_ELEMENT -> HTML_ELEMENT [11:2]
|   `--OPTION -> OPTION [11:2]
|       |--OPTION_TAG_START -> OPTION_TAG_START [11:2]
|       |   |--START -> < [11:2]
|       |   |--OPTION_HTML_TAG_NAME -> option [11:3]
|       |   `--END -> > [11:9]
|       |--TEXT ->   [11:10]
|       |--SINGLETON_ELEMENT -> SINGLETON_ELEMENT [11:11]
|       |   `--EMBED_TAG -> EMBED_TAG [11:11]
|       |       |--START -> < [11:11]
|       |       |--EMBED_HTML_TAG_NAME -> embed [11:12]
|       |       `--END -> > [11:17]
|       |--TEXT ->   [11:18]
|       `--OPTION_TAG_END -> OPTION_TAG_END [11:19]
|           |--START -> < [11:19]
|           |--SLASH -> / [11:20]
|           |--OPTION_HTML_TAG_NAME -> option [11:21]
|           `--END -> > [11:27]
|--NEWLINE -> \n [11:28]
|--LEADING_ASTERISK -> * [12:0]
|--TEXT ->   [12:1]
|--HTML_ELEMENT -> HTML_ELEMENT [12:2]
|   `--TBODY -> TBODY [12:2]
|       |--TBODY_TAG_START -> TBODY_TAG_START [12:2]
|       |   |--START -> < [12:2]
|       |   |--TBODY_HTML_TAG_NAME -> tbody [12:3]
|       |   `--END -> > [12:8]
|       |--TEXT ->   [12:9]
|       |--SINGLETON_ELEMENT -> SINGLETON_ELEMENT [12:10]
|       |   `--EMBED_TAG -> EMBED_TAG [12:10]
|       |       |--START -> < [12:10]
|       |       |--EMBED_HTML_TAG_NAME -> embed [12:11]
|       |       `--END -> > [12:16]
|       |--TEXT ->   [12:17]
|       `--TBODY_TAG_END -> TBODY_TAG_END [12:18]
|           |--START -> < [12:18]
|           |--SLASH -> / [12:19]
|           |--TBODY_HTML_TAG_NAME -> tbody [12:20]
|           `--END -> > [12:25]
|--NEWLINE -> \n [12:26]
|--LEADING_ASTERISK -> * [13:0]
|--TEXT ->   [13:1]
|--HTML_ELEMENT -> HTML_ELEMENT [13:2]
|   `--THEAD -> THEAD [13:2]
|       |--THEAD_TAG_START -> THEAD_TAG_START [13:2]
|       |   |--START -> < [13:2]
|       |   |--THEAD_HTML_TAG_NAME -> thead [13:3]
|       |   `--END -> > [13:8]
|       |--TEXT ->   [13:9]
|       |--SINGLETON_ELEMENT -> SINGLETON_ELEMENT [13:10]
|       |   `--EMBED_TAG -> EMBED_TAG [13:10]
|       |       |--START -> < [13:10]
|       |       |--EMBED_HTML_TAG_NAME -> embed [13:11]
|       |       `--END -> > [13:16]
|       |--TEXT ->   [13:17]
|       `--THEAD_TAG_END -> THEAD_TAG_END [13:18]
|           |--START -> < [13:18]
|           |--SLASH -> / [13:19]
|           |--THEAD_HTML_TAG_NAME -> thead [13:20]
|           `--END -> > [13:25]
|--NEWLINE -> \n [13:26]
|--LEADING_ASTERISK -> * [14:0]
|--TEXT ->   [14:1]
|--HTML_ELEMENT -> HTML_ELEMENT [14:2]
|   `--TFOOT -> TFOOT [14:2]
|       |--TFOOT_TAG_START -> TFOOT_TAG_START [14:2]
|       |   |--START -> < [14:2]
|       |   |--TFOOT_HTML_TAG_NAME -> tfoot [14:3]
|       |   `--END -> > [14:8]
|       |--TEXT ->   [14:9]
|       |--SINGLETON_ELEMENT -> SINGLETON_ELEMENT [14:10]
|       |   `--EMBED_TAG -> EMBED_TAG [14:10]
|       |       |--START -> < [14:10]
|       |       |--EMBED_HTML_TAG_NAME -> embed [14:11]
|       |       `--END -> > [14:16]
|       |--TEXT ->   [14:17]
|       `--TFOOT_TAG_END -> TFOOT_TAG_END [14:18]
|           |--START -> < [14:18]
|           |--SLASH -> / [14:19]
|           |--TFOOT_HTML_TAG_NAME -> tfoot [14:20]
|           `--END -> > [14:25]
|--NEWLINE -> \n [14:26]
|--NEWLINE -> \n [15:0]
|--LEADING_ASTERISK -> * [16:0]
|--TEXT ->   [16:1]
|--HTML_ELEMENT -> HTML_ELEMENT [16:2]
|   `--PARAGRAPH -> PARAGRAPH [16:2]
|       |--P_TAG_START -> P_TAG_START [16:2]
|       |   |--START -> < [16:2]
|       |   |--P_HTML_TAG_NAME -> p [16:3]
|       |   `--END -> > [16:4]
|       |--TEXT ->   [16:5]
|       |--SINGLETON_ELEMENT -> SINGLETON_ELEMENT [16:6]
|       |   `--EMBED_TAG -> EMBED_TAG [16:6]
|       |       |--START -> < [16:6]
|       |       |--EMBED_HTML_TAG_NAME -> embed [16:7]
|       |       `--SLASH_END -> /> [16:12]
|       |--TEXT ->   [16:14]
|       `--P_TAG_END -> P_TAG_END [16:15]
|           |--START -> < [16:15]
|           |--SLASH -> / [16:16]
|           |--P_HTML_TAG_NAME -> p [16:17]
|           `--END -> > [16:18]
|--NEWLINE -> \n [16:19]
|--LEADING_ASTERISK -> * [17:0]
|--TEXT ->   [17:1]
|--HTML_ELEMENT -> HTML_ELEMENT [17:2]
|   `--LI -> LI [17:2]
|       |--LI_TAG_START -> LI_TAG_START [17:2]
|       |   |--START -> < [17:2]
|       |   |--LI_HTML_TAG_NAME -> li [17:3]
|       |   `--END -> > [17:5]
|       |--TEXT ->   [17:6]
|       |--SINGLETON_ELEMENT -> SINGLETON_ELEMENT [17:7]
|       |   `--EMBED_TAG -> EMBED_TAG [17:7]
|       |       |--START -> < [17:7]
|       |       |--EMBED_HTML_TAG_NAME -> embed [17:8]
|       |       `--SLASH_END -> /> [17:13]
|       |--TEXT ->   [17:15]
|       `--LI_TAG_END -> LI_TAG_END [17:16]
|           |--START -> < [17:16]
|           |--SLASH -> / [17:17]
|           |--LI_HTML_TAG_NAME -> li [17:18]
|           `--END -> > [17:20]
|--NEWLINE -> \n [17:21]
|--LEADING_ASTERISK -> * [18:0]
|--TEXT ->   [18:1]
|--HTML_ELEMENT -> HTML_ELEMENT [18:2]
|   `--TR -> TR [18:2]
|       |--TR_TAG_START -> TR_TAG_START [18:2]
|       |   |--START -> < [18:2]
|       |   |--TR_HTML_TAG_NAME -> tr [18:3]
|       |   `--END -> > [18:5]
|       |--TEXT ->   [18:6]
|       |--SINGLETON_ELEMENT -> SINGLETON_ELEMENT [18:7]
|       |   `--EMBED_TAG -> EMBED_TAG [18:7]
|       |       |--START -> < [18:7]
|       |       |--EMBED_HTML_TAG_NAME -> embed [18:8]
|       |       `--SLASH_END -> /> [18:13]
|       |--TEXT ->   [18:15]
|       `--TR_TAG_END -> TR_TAG_END [18:16]
|           |--START -> < [18:16]
|           |--SLASH -> / [18:17]
|           |--TR_HTML_TAG_NAME -> tr [18:18]
|           `--END -> > [18:20]
|--NEWLINE -> \n [18:21]
|--LEADING_ASTERISK -> * [19:0]
|--TEXT ->   [19:1]
|--HTML_ELEMENT -> HTML_ELEMENT [19:2]
|   `--TD -> TD [19:2]
|       |--TD_TAG_START -> TD_TAG_START [19:2]
|       |   |--START -> < [19:2]
|       |   |--TD_HTML_TAG_NAME -> td [19:3]
|       |   `--END -> > [19:5]
|       |--TEXT ->   [19:6]
|       |--SINGLETON_ELEMENT -> SINGLETON_ELEMENT [19:7]
|       |   `--EMBED_TAG -> EMBED_TAG [19:7]
|       |       |--START -> < [19:7]
|       |       |--EMBED_HTML_TAG_NAME -> embed [19:8]
|       |       `--SLASH_END -> /> [19:13]
|       |--TEXT ->   [19:15]
|       `--TD_TAG_END -> TD_TAG_END [19:16]
|           |--START -> < [19:16]
|           |--SLASH -> / [19:17]
|           |--TD_HTML_TAG_NAME -> td [19:18]
|           `--END -> > [19:20]
|--NEWLINE -> \n [19:21]
|--LEADING_ASTERISK -> * [20:0]
|--TEXT ->   [20:1]
|--HTML_ELEMENT -> HTML_ELEMENT [20:2]
|   `--TH -> TH [20:2]
|       |--TH_TAG_START -> TH_TAG_START [20:2]
|       |   |--START -> < [20:2]
|       |   |--TH_HTML_TAG_NAME -> th [20:3]
|       |   `--END -> > [20:5]
|       |--TEXT ->   [20:6]
|       |--SINGLETON_ELEMENT -> SINGLETON_ELEMENT [20:7]
|       |   `--EMBED_TAG -> EMBED_TAG [20:7]
|       |       |--START -> < [20:7]
|       |       |--EMBED_HTML_TAG_NAME -> embed [20:8]
|       |       `--SLASH_END -> /> [20:13]
|       |--TEXT ->   [20:15]
|       `--TH_TAG_END -> TH_TAG_END [20:16]
|           |--START -> < [20:16]
|           |--SLASH -> / [20:17]
|           |--TH_HTML_TAG_NAME -> th [20:18]
|           `--END -> > [20:20]
|--NEWLINE -> \n [20:21]
|--LEADING_ASTERISK -> * [21:0]
|--TEXT ->   [21:1]
|--HTML_ELEMENT -> HTML_ELEMENT [21:2]
|   `--BODY -> BODY [21:2]
|       |--BODY_TAG_START -> BODY_TAG_START [21:2]
|       |   |--START -> < [21:2]
|       |   |--BODY_HTML_TAG_NAME -> body [21:3]
|       |   `--END -> > [21:7]
|       |--TEXT ->   [21:8]
|       |--SINGLETON_ELEMENT -> SINGLETON_ELEMENT [21:9]
|       |   `--EMBED_TAG -> EMBED_TAG [21:9]
|       |       |--START -> < [21:9]
|       |       |--EMBED_HTML_TAG_NAME -> embed [21:10]
|       |       `--SLASH_END -> /> [21:15]
|       |--TEXT ->   [21:17]
|       `--BODY_TAG_END -> BODY_TAG_END [21:18]
|           |--START -> < [21:18]
|           |--SLASH -> / [21:19]
|           |--BODY_HTML_TAG_NAME -> body [21:20]
|           `--END -> > [21:24]
|--NEWLINE -> \n [21:25]
|--LEADING_ASTERISK -> * [22:0]
|--TEXT ->   [22:1]
|--HTML_ELEMENT -> HTML_ELEMENT [22:2]
|   `--COLGROUP -> COLGROUP [22:2]
|       |--COLGROUP_TAG_START -> COLGROUP_TAG_START [22:2]
|       |   |--START -> < [22:2]
|       |   |--COLGROUP_HTML_TAG_NAME -> colgroup [22:3]
|       |   `--END -> > [22:11]
|       |--TEXT ->   [22:12]
|       |--SINGLETON_ELEMENT -> SINGLETON_ELEMENT [22:13]
|       |   `--EMBED_TAG -> EMBED_TAG [22:13]
|       |       |--START -> < [22:13]
|       |       |--EMBED_HTML_TAG_NAME -> embed [22:14]
|       |       `--SLASH_END -> /> [22:19]
|       |--TEXT ->   [22:21]
|       `--COLGROUP_TAG_END -> COLGROUP_TAG_END [22:22]
|           |--START -> < [22:22]
|           |--SLASH -> / [22:23]
|           |--COLGROUP_HTML_TAG_NAME -> colgroup [22:24]
|           `--END -> > [22:32]
|--NEWLINE -> \n [22:33]
|--LEADING_ASTERISK -> * [23:0]
|--TEXT ->   [23:1]
|--HTML_ELEMENT -> HTML_ELEMENT [23:2]
|   `--DD -> DD [23:2]
|       |--DD_TAG_START -> DD_TAG_START [23:2]
|       |   |--START -> < [23:2]
|       |   |--DD_HTML_TAG_NAME -> dd [23:3]
|       |   `--END -> > [23:5]
|       |--TEXT ->   [23:6]
|       |--SINGLETON_ELEMENT -> SINGLETON_ELEMENT [23:7]
|       |   `--EMBED_TAG -> EMBED_TAG [23:7]
|       |       |--START -> < [23:7]
|       |       |--EMBED_HTML_TAG_NAME -> embed [23:8]
|       |       `--SLASH_END -> /> [23:13]
|       |--TEXT ->   [23:15]
|       `--DD_TAG_END -> DD_TAG_END [23:16]
|           |--START -> < [23:16]
|           |--SLASH -> / [23:17]
|           |--DD_HTML_TAG_NAME -> dd [23:18]
|           `--END -> > [23:20]
|--NEWLINE -> \n [23:21]
|--LEADING_ASTERISK -> * [24:0]
|--TEXT ->   [24:1]
|--HTML_ELEMENT -> HTML_ELEMENT [24:2]
|   `--DT -> DT [24:2]
|       |--DT_TAG_START -> DT_TAG_START [24:2]
|       |   |--START -> < [24:2]
|       |   |--DT_HTML_TAG_NAME -> dt [24:3]
|       |   `--END -> > [24:5]
|       |--TEXT ->   [24:6]
|       |--SINGLETON_ELEMENT -> SINGLETON_ELEMENT [24:7]
|       |   `--EMBED_TAG -> EMBED_TAG [24:7]
|       |       |--START -> < [24:7]
|       |       |--EMBED_HTML_TAG_NAME -> embed [24:8]
|       |       `--SLASH_END -> /> [24:13]
|       |--TEXT ->   [24:15]
|       `--DT_TAG_END -> DT_TAG_END [24:16]
|           |--START -> < [24:16]
|           |--SLASH -> / [24:17]
|           |--DT_HTML_TAG_NAME -> dt [24:18]
|           `--END -> > [24:20]
|--NEWLINE -> \n [24:21]
|--LEADING_ASTERISK -> * [25:0]
|--TEXT ->   [25:1]
|--HTML_ELEMENT -> HTML_ELEMENT [25:2]
|   `--HEAD -> HEAD [25:2]
|       |--HEAD_TAG_START -> HEAD_TAG_START [25:2]
|       |   |--START -> < [25:2]
|       |   |--HEAD_HTML_TAG_NAME -> head [25:3]
|       |   `--END -> > [25:7]
|       |--TEXT ->   [25:8]
|       |--SINGLETON_ELEMENT -> SINGLETON_ELEMENT [25:9]
|       |   `--EMBED_TAG -> EMBED_TAG [25:9]
|       |       |--START -> < [25:9]
|       |       |--EMBED_HTML_TAG_NAME -> embed [25:10]
|       |       `--SLASH_END -> /> [25:15]
|       |--TEXT ->   [25:17]
|       `--HEAD_TAG_END -> HEAD_TAG_END [25:18]
|           |--START -> < [25:18]
|           |--SLASH -> / [25:19]
|           |--HEAD_HTML_TAG_NAME -> head [25:20]
|           `--END -> > [25:24]
|--NEWLINE -> \n [25:25]
|--LEADING_ASTERISK -> * [26:0]
|--TEXT ->   [26:1]
|--HTML_ELEMENT -> HTML_ELEMENT [26:2]
|   `--HTML -> HTML [26:2]
|       |--HTML_TAG_START -> HTML_TAG_START [26:2]
|       |   |--START -> < [26:2]
|       |   |--HTML_HTML_TAG_NAME -> html [26:3]
|       |   `--END -> > [26:7]
|       |--TEXT ->   [26:8]
|       |--SINGLETON_ELEMENT -> SINGLETON_ELEMENT [26:9]
|       |   `--EMBED_TAG -> EMBED_TAG [26:9]
|       |       |--START -> < [26:9]
|       |       |--EMBED_HTML_TAG_NAME -> embed [26:10]
|       |       `--SLASH_END -> /> [26:15]
|       |--TEXT ->   [26:17]
|       `--HTML_TAG_END -> HTML_TAG_END [26:18]
|           |--START -> < [26:18]
|           |--SLASH -> / [26:19]
|           |--HTML_HTML_TAG_NAME -> html [26:20]
|           `--END -> > [26:24]
|--NEWLINE -> \n [26:25]
|--LEADING_ASTERISK -> * [27:0]
|--TEXT ->   [27:1]
|--HTML_ELEMENT -> HTML_ELEMENT [27:2]
|   `--OPTION -> OPTION [27:2]
|       |--OPTION_TAG_START -> OPTION_TAG_START [27:2]
|       |   |--START -> < [27:2]
|       |   |--OPTION_HTML_TAG_NAME -> option [27:3]
|       |   `--END -> > [27:9]
|       |--TEXT ->   [27:10]
|       |--SINGLETON_ELEMENT -> SINGLETON_ELEMENT [27:11]
|       |   `--EMBED_TAG -> EMBED_TAG [27:11]
|       |       |--START -> < [27:11]
|       |       |--EMBED_HTML_TAG_NAME -> embed [27:12]
|       |       `--SLASH_END -> /> [27:17]
|       |--TEXT ->   [27:19]
|       `--OPTION_TAG_END -> OPTION_TAG_END [27:20]
|           |--START -> < [27:20]
|           |--SLASH -> / [27:21]
|           |--OPTION_HTML_TAG_NAME -> option [27:22]
|           `--END -> > [27:28]
|--NEWLINE -> \n [27:29]
|--LEADING_ASTERISK -> * [28:0]
|--TEXT ->   [28:1]
|--HTML_ELEMENT -> HTML_ELEMENT [28:2]
|   `--TBODY -> TBODY [28:2]
|       |--TBODY_TAG_START -> TBODY_TAG_START [28:2]
|       |   |--START -> < [28:2]
|       |   |--TBODY_HTML_TAG_NAME -> tbody [28:3]
|       |   `--END -> > [28:8]
|       |--TEXT ->   [28:9]
|       |--SINGLETON_ELEMENT -> SINGLETON_ELEMENT [28:10]
|       |   `--EMBED_TAG -> EMBED_TAG [28:10]
|       |       |--START -> < [28:10]
|       |       |--EMBED_HTML_TAG_NAME -> embed [28:11]
|       |       `--SLASH_END -> /> [28:16]
|       |--TEXT ->   [28:18]
|       `--TBODY_TAG_END -> TBODY_TAG_END [28:19]
|           |--START -> < [28:19]
|           |--SLASH -> / [28:20]
|           |--TBODY_HTML_TAG_NAME -> tbody [28:21]
|           `--END -> > [28:26]
|--NEWLINE -> \n [28:27]
|--LEADING_ASTERISK -> * [29:0]
|--TEXT ->   [29:1]
|--HTML_ELEMENT -> HTML_ELEMENT [29:2]
|   `--THEAD -> THEAD [29:2]
|       |--THEAD_TAG_START -> THEAD_TAG_START [29:2]
|       |   |--START -> < [29:2]
|       |   |--THEAD_HTML_TAG_NAME -> thead [29:3]
|       |   `--END -> > [29:8]
|       |--TEXT ->   [29:9]
|       |--SINGLETON_ELEMENT -> SINGLETON_ELEMENT [29:10]
|       |   `--EMBED_TAG -> EMBED_TAG [29:10]
|       |       |--START -> < [29:10]
|       |       |--EMBED_HTML_TAG_NAME -> embed [29:11]
|       |       `--SLASH_END -> /> [29:16]
|       |--TEXT ->   [29:18]
|       `--THEAD_TAG_END -> THEAD_TAG_END [29:19]
|           |--START -> < [29:19]
|           |--SLASH -> / [29:20]
|           |--THEAD_HTML_TAG_NAME -> thead [29:21]
|           `--END -> > [29:26]
|--NEWLINE -> \n [29:27]
|--LEADING_ASTERISK -> * [30:0]
|--TEXT ->   [30:1]
|--HTML_ELEMENT -> HTML_ELEMENT [30:2]
|   `--TFOOT -> TFOOT [30:2]
|       |--TFOOT_TAG_START -> TFOOT_TAG_START [30:2]
|       |   |--START -> < [30:2]
|       |   |--TFOOT_HTML_TAG_NAME -> tfoot [30:3]
|       |   `--END -> > [30:8]
|       |--TEXT ->   [30:9]
|       |--SINGLETON_ELEMENT -> SINGLETON_ELEMENT [30:10]
|       |   `--EMBED_TAG -> EMBED_TAG [30:10]
|       |       |--START -> < [30:10]
|       |       |--EMBED_HTML_TAG_NAME -> embed [30:11]
|       |       `--SLASH_END -> /> [30:16]
|       |--TEXT ->   [30:18]
|       `--TFOOT_TAG_END -> TFOOT_TAG_END [30:19]
|           |--START -> < [30:19]
|           |--SLASH -> / [30:20]
|           |--TFOOT_HTML_TAG_NAME -> tfoot [30:21]
|           `--END -> > [30:26]
|--NEWLINE -> \n [30:27]
|--NEWLINE -> \n [31:0]
|--LEADING_ASTERISK -> * [32:0]
|--TEXT ->   [32:1]
|--HTML_ELEMENT -> HTML_ELEMENT [32:2]
|   `--SINGLETON_ELEMENT -> SINGLETON_ELEMENT [32:2]
|       `--EMBED_TAG -> EMBED_TAG [32:2]
|           |--START -> < [32:2]
|           |--EMBED_HTML_TAG_NAME -> embed [32:3]
|           `--END -> > [32:8]
|--NEWLINE -> \n [32:9]
|--LEADING_ASTERISK -> * [33:0]
|--TEXT ->   [33:1]
|--HTML_ELEMENT -> HTML_ELEMENT [33:2]
|   `--SINGLETON_ELEMENT -> SINGLETON_ELEMENT [33:2]
|       `--EMBED_TAG -> EMBED_TAG [33:2]
|           |--START -> < [33:2]
|           |--EMBED_HTML_TAG_NAME -> embed [33:3]
|           `--SLASH_END -> /> [33:8]
|--NEWLINE -> \n [33:10]
|--LEADING_ASTERISK -> * [34:0]
|--TEXT ->   [34:1]
|--HTML_ELEMENT -> HTML_ELEMENT [34:2]
|   `--SINGLETON_ELEMENT -> SINGLETON_ELEMENT [34:2]
|       `--EMBED_TAG -> EMBED_TAG [34:2]
|           |--START -> < [34:2]
|           |--EMBED_HTML_TAG_NAME -> embed [34:3]
|           |--WS ->   [34:8]
|           |--ATTRIBUTE -> ATTRIBUTE [34:9]
|           |   |--HTML_TAG_NAME -> attr [34:9]
|           |   |--EQUALS -> = [34:13]
|           |   `--ATTR_VALUE -> "something" [34:14]
|           `--END -> > [34:26]
|--NEWLINE -> \n [34:27]
|--LEADING_ASTERISK -> * [35:0]
|--TEXT ->   [35:1]
|--HTML_ELEMENT -> HTML_ELEMENT [35:2]
|   `--SINGLETON_ELEMENT -> SINGLETON_ELEMENT [35:2]
|       `--EMBED_TAG -> EMBED_TAG [35:2]
|           |--START -> < [35:2]
|           |--EMBED_HTML_TAG_NAME -> embed [35:3]
|           |--WS ->   [35:8]
|           |--ATTRIBUTE -> ATTRIBUTE [35:9]
|           |   |--HTML_TAG_NAME -> attr [35:9]
|           |   |--EQUALS -> = [35:13]
|           |   `--ATTR_VALUE -> "something" [35:14]
|           `--SLASH_END -> /> [35:26]
|--NEWLINE -> \n [35:28]
|--LEADING_ASTERISK -> * [36:0]
|--TEXT ->   [36:1]
|--HTML_ELEMENT -> HTML_ELEMENT [36:2]
|   `--SINGLETON_ELEMENT -> SINGLETON_ELEMENT [36:2]
|       `--EMBED_TAG -> EMBED_TAG [36:2]
|           |--START -> < [36:2]
|           |--EMBED_HTML_TAG_NAME -> embed [36:3]
|           |--WS ->   [36:8]
|           |--ATTRIBUTE -> ATTRIBUTE [36:9]
|           |   |--HTML_TAG_NAME -> attr [36:9]
|           |   |--EQUALS -> = [36:13]
|           |   `--ATTR_VALUE -> "something" [36:14]
|           |--WS ->   [36:26]
|           |--ATTRIBUTE -> ATTRIBUTE [36:27]
|           |   |--HTML_TAG_NAME -> attr2 [36:27]
|           |   |--EQUALS -> = [36:32]
|           |   `--ATTR_VALUE -> "someotherthing" [36:33]
|           `--END -> > [36:50]
|--NEWLINE -> \n [36:51]
|--LEADING_ASTERISK -> * [37:0]
|--TEXT ->   [37:1]
|--HTML_ELEMENT -> HTML_ELEMENT [37:2]
|   `--SINGLETON_ELEMENT -> SINGLETON_ELEMENT [37:2]
|       `--EMBED_TAG -> EMBED_TAG [37:2]
|           |--START -> < [37:2]
|           |--EMBED_HTML_TAG_NAME -> embed [37:3]
|           |--WS ->   [37:8]
|           |--ATTRIBUTE -> ATTRIBUTE [37:9]
|           |   |--HTML_TAG_NAME -> attr [37:9]
|           |   |--EQUALS -> = [37:13]
|           |   `--ATTR_VALUE -> "something" [37:14]
|           |--WS ->   [37:26]
|           |--ATTRIBUTE -> ATTRIBUTE [37:27]
|           |   |--HTML_TAG_NAME -> attr2 [37:27]
|           |   |--EQUALS -> = [37:32]
|           |   `--ATTR_VALUE -> "someotherthing" [37:33]
|           `--SLASH_END -> /> [37:50]
|--NEWLINE -> \n [37:52]
|--LEADING_ASTERISK -> * [38:0]
|--TEXT ->   [38:1]
|--HTML_ELEMENT -> HTML_ELEMENT [38:2]
|   `--SINGLETON_ELEMENT -> SINGLETON_ELEMENT [38:2]
|       `--EMBED_TAG -> EMBED_TAG [38:2]
|           |--START -> < [38:2]
|           |--EMBED_HTML_TAG_NAME -> embed [38:3]
|           |--WS ->   [38:8]
|           |--ATTRIBUTE -> ATTRIBUTE [38:9]
|           |   |--HTML_TAG_NAME -> attr [38:9]
|           |   |--EQUALS -> = [38:13]
|           |   `--ATTR_VALUE -> "something" [38:14]
|           |--WS ->   [38:26]
|           |--NEWLINE -> \n [38:27]
|           |--LEADING_ASTERISK -> * [39:0]
|           |--WS ->   [39:1]
|           |--ATTRIBUTE -> ATTRIBUTE [39:2]
|           |   |--HTML_TAG_NAME -> attr2 [39:2]
|           |   |--EQUALS -> = [39:7]
|           |   `--ATTR_VALUE -> "someotherting" [39:8]
|           `--END -> > [39:24]
|--NEWLINE -> \n [39:25]
|--LEADING_ASTERISK -> * [40:0]
|--TEXT ->   [40:1]
|--HTML_ELEMENT -> HTML_ELEMENT [40:2]
|   `--SINGLETON_ELEMENT -> SINGLETON_ELEMENT [40:2]
|       `--EMBED_TAG -> EMBED_TAG [40:2]
|           |--START -> < [40:2]
|           |--EMBED_HTML_TAG_NAME -> embed [40:3]
|           |--WS ->   [40:8]
|           |--ATTRIBUTE -> ATTRIBUTE [40:9]
|           |   |--HTML_TAG_NAME -> attr [40:9]
|           |   |--EQUALS -> = [40:13]
|           |   `--ATTR_VALUE -> "something" [40:14]
|           |--WS ->   [40:26]
|           |--NEWLINE -> \n [40:27]
|           |--LEADING_ASTERISK -> * [41:0]
|           |--WS ->   [41:1]
|           |--ATTRIBUTE -> ATTRIBUTE [41:2]
|           |   |--HTML_TAG_NAME -> attr2 [41:2]
|           |   |--EQUALS -> = [41:7]
|           |   `--ATTR_VALUE -> "someotherting" [41:8]
|           `--SLASH_END -> /> [41:24]
`--EOF -> <EOF> [41:26]]
>
	at com.puppycrawl.tools.checkstyle.grammar.javadoc.JavadocParseTreeTest.testHtmlVoidElementEmbed(JavadocParseTreeTest.java:272)
]]></failure>
  </testcase>
  <testcase name="testHtmlVoidElementTrack" classname="com.puppycrawl.tools.checkstyle.grammar.javadoc.JavadocParseTreeTest" time="0.047">
    <failure message="Generated tree from the javadoc file should match the pre-defined tree expected:&lt;...DOC -&gt; JAVADOC [0:0][&#10;|--LEADING_ASTERISK -&gt; * [0:0]&#10;|--TEXT -&gt;   [0:1]&#10;|--HTML_ELEMENT -&gt; HTML_ELEMENT [0:2]&#10;|   `--PARAGRAPH -&gt; PARAGRAPH [0:2]&#10;|       |--P_TAG_START -&gt; P_TAG_START [0:2]&#10;|       |   |--START -&gt; &lt; [0:2]&#10;|       |   |--P_HTML_TAG_NAME -&gt; p [0:3]&#10;|       |   `--END -&gt; &gt; [0:4]&#10;|       |--TEXT -&gt;   [0:5]&#10;|       |--SINGLETON_ELEMENT -&gt; SINGLETON_ELEMENT [0:6]&#10;|       |   `--TRACK_TAG -&gt; TRACK_TAG [0:6]&#10;|       |       |--START -&gt; &lt; [0:6]&#10;|       |       |--TRACK_HTML_TAG_NAME -&gt; track [0:7]&#10;|       |       `--END -&gt; &gt; [0:12]&#10;|       |--TEXT -&gt;   [0:13]&#10;|       `--P_TAG_END -&gt; P_TAG_END [0:14]&#10;|           |--START -&gt; &lt; [0:14]&#10;|           |--SLASH -&gt; / [0:15]&#10;|           |--P_HTML_TAG_NAME -&gt; p [0:16]&#10;|           `--END -&gt; &gt; [0:17]&#10;|--NEWLINE -&gt; \n [0:18]&#10;|--LEADING_ASTERISK -&gt; * [1:0]&#10;|--TEXT -&gt;   [1:1]&#10;|--HTML_ELEMENT -&gt; HTML_ELEMENT [1:2]&#10;|   `--LI -&gt; LI [1:2]&#10;|       |--LI_TAG_START -&gt; LI_TAG_START [1:2]&#10;|       |   |--START -&gt; &lt; [1:2]&#10;|       |   |--LI_HTML_TAG_NAME -&gt; li [1:3]&#10;|       |   `--END -&gt; &gt; [1:5]&#10;|       |--TEXT -&gt;   [1:6]&#10;|       |--SINGLETON_ELEMENT -&gt; SINGLETON_ELEMENT [1:7]&#10;|       |   `--TRACK_TAG -&gt; TRACK_TAG [1:7]&#10;|       |       |--START -&gt; &lt; [1:7]&#10;|       |       |--TRACK_HTML_TAG_NAME -&gt; track [1:8]&#10;|       |       `--END -&gt; &gt; [1:13]&#10;|       |--TEXT -&gt;   [1:14]&#10;|       `--LI_TAG_END -&gt; LI_TAG_END [1:15]&#10;|           |--START -&gt; &lt; [1:15]&#10;|           |--SLASH -&gt; / [1:16]&#10;|           |--LI_HTML_TAG_NAME -&gt; li [1:17]&#10;|           `--END -&gt; &gt; [1:19]&#10;|--NEWLINE -&gt; \n [1:20]&#10;|--LEADING_ASTERISK -&gt; * [2:0]&#10;|--TEXT -&gt;   [2:1]&#10;|--HTML_ELEMENT -&gt; HTML_ELEMENT [2:2]&#10;|   `--TR -&gt; TR [2:2]&#10;|       |--TR_TAG_START -&gt; TR_TAG_START [2:2]&#10;|       |   |--START -&gt; &lt; [2:2]&#10;|       |   |--TR_HTML_TAG_NAME -&gt; tr [2:3]&#10;|       |   `--END -&gt; &gt; [2:5]&#10;|       |--TEXT -&gt;   [2:6]&#10;|       |--SINGLETON_ELEMENT -&gt; SINGLETON_ELEMENT [2:7]&#10;|       |   `--TRACK_TAG -&gt; TRACK_TAG [2:7]&#10;|       |       |--START -&gt; &lt; [2:7]&#10;|       |       |--TRACK_HTML_TAG_NAME -&gt; track [2:8]&#10;|       |       `--END -&gt; &gt; [2:13]&#10;|       |--TEXT -&gt;   [2:14]&#10;|       `--TR_TAG_END -&gt; TR_TAG_END [2:15]&#10;|           |--START -&gt; &lt; [2:15]&#10;|           |--SLASH -&gt; / [2:16]&#10;|           |--TR_HTML_TAG_NAME -&gt; tr [2:17]&#10;|           `--END -&gt; &gt; [2:19]&#10;|--NEWLINE -&gt; \n [2:20]&#10;|--LEADING_ASTERISK -&gt; * [3:0]&#10;|--TEXT -&gt;   [3:1]&#10;|--HTML_ELEMENT -&gt; HTML_ELEMENT [3:2]&#10;|   `--TD -&gt; TD [3:2]&#10;|       |--TD_TAG_START -&gt; TD_TAG_START [3:2]&#10;|       |   |--START -&gt; &lt; [3:2]&#10;|       |   |--TD_HTML_TAG_NAME -&gt; td [3:3]&#10;|       |   `--END -&gt; &gt; [3:5]&#10;|       |--TEXT -&gt;   [3:6]&#10;|       |--SINGLETON_ELEMENT -&gt; SINGLETON_ELEMENT [3:7]&#10;|       |   `--TRACK_TAG -&gt; TRACK_TAG [3:7]&#10;|       |       |--START -&gt; &lt; [3:7]&#10;|       |       |--TRACK_HTML_TAG_NAME -&gt; track [3:8]&#10;|       |       `--END -&gt; &gt; [3:13]&#10;|       |--TEXT -&gt;   [3:14]&#10;|       `--TD_TAG_END -&gt; TD_TAG_END [3:15]&#10;|           |--START -&gt; &lt; [3:15]&#10;|           |--SLASH -&gt; / [3:16]&#10;|           |--TD_HTML_TAG_NAME -&gt; td [3:17]&#10;|           `--END -&gt; &gt; [3:19]&#10;|--NEWLINE -&gt; \n [3:20]&#10;|--LEADING_ASTERISK -&gt; * [4:0]&#10;|--TEXT -&gt;   [4:1]&#10;|--HTML_ELEMENT -&gt; HTML_ELEMENT [4:2]&#10;|   `--TH -&gt; TH [4:2]&#10;|       |--TH_TAG_START -&gt; TH_TAG_START [4:2]&#10;|       |   |--START -&gt; &lt; [4:2]&#10;|       |   |--TH_HTML_TAG_NAME -&gt; th [4:3]&#10;|       |   `--END -&gt; &gt; [4:5]&#10;|       |--TEXT -&gt;   [4:6]&#10;|       |--SINGLETON_ELEMENT -&gt; SINGLETON_ELEMENT [4:7]&#10;|       |   `--TRACK_TAG -&gt; TRACK_TAG [4:7]&#10;|       |       |--START -&gt; &lt; [4:7]&#10;|       |       |--TRACK_HTML_TAG_NAME -&gt; track [4:8]&#10;|       |       `--END -&gt; &gt; [4:13]&#10;|       |--TEXT -&gt;   [4:14]&#10;|       `--TH_TAG_END -&gt; TH_TAG_END [4:15]&#10;|           |--START -&gt; &lt; [4:15]&#10;|           |--SLASH -&gt; / [4:16]&#10;|           |--TH_HTML_TAG_NAME -&gt; th [4:17]&#10;|           `--END -&gt; &gt; [4:19]&#10;|--NEWLINE -&gt; \n [4:20]&#10;|--LEADING_ASTERISK -&gt; * [5:0]&#10;|--TEXT -&gt;   [5:1]&#10;|--HTML_ELEMENT -&gt; HTML_ELEMENT [5:2]&#10;|   `--BODY -&gt; BODY [5:2]&#10;|       |--BODY_TAG_START -&gt; BODY_TAG_START [5:2]&#10;|       |   |--START -&gt; &lt; [5:2]&#10;|       |   |--BODY_HTML_TAG_NAME -&gt; body [5:3]&#10;|       |   `--END -&gt; &gt; [5:7]&#10;|       |--TEXT -&gt;   [5:8]&#10;|       |--SINGLETON_ELEMENT -&gt; SINGLETON_ELEMENT [5:9]&#10;|       |   `--TRACK_TAG -&gt; TRACK_TAG [5:9]&#10;|       |       |--START -&gt; &lt; [5:9]&#10;|       |       |--TRACK_HTML_TAG_NAME -&gt; track [5:10]&#10;|       |       `--END -&gt; &gt; [5:15]&#10;|       |--TEXT -&gt;   [5:16]&#10;|       `--BODY_TAG_END -&gt; BODY_TAG_END [5:17]&#10;|           |--START -&gt; &lt; [5:17]&#10;|           |--SLASH -&gt; / [5:18]&#10;|           |--BODY_HTML_TAG_NAME -&gt; body [5:19]&#10;|           `--END -&gt; &gt; [5:23]&#10;|--NEWLINE -&gt; \n [5:24]&#10;|--LEADING_ASTERISK -&gt; * [6:0]&#10;|--TEXT -&gt;   [6:1]&#10;|--HTML_ELEMENT -&gt; HTML_ELEMENT [6:2]&#10;|   `--COLGROUP -&gt; COLGROUP [6:2]&#10;|       |--COLGROUP_TAG_START -&gt; COLGROUP_TAG_START [6:2]&#10;|       |   |--START -&gt; &lt; [6:2]&#10;|       |   |--COLGROUP_HTML_TAG_NAME -&gt; colgroup [6:3]&#10;|       |   `--END -&gt; &gt; [6:11]&#10;|       |--TEXT -&gt;   [6:12]&#10;|       |--SINGLETON_ELEMENT -&gt; SINGLETON_ELEMENT [6:13]&#10;|       |   `--TRACK_TAG -&gt; TRACK_TAG [6:13]&#10;|       |       |--START -&gt; &lt; [6:13]&#10;|       |       |--TRACK_HTML_TAG_NAME -&gt; track [6:14]&#10;|       |       `--END -&gt; &gt; [6:19]&#10;|       |--TEXT -&gt;   [6:20]&#10;|       `--COLGROUP_TAG_END -&gt; COLGROUP_TAG_END [6:21]&#10;|           |--START -&gt; &lt; [6:21]&#10;|           |--SLASH -&gt; / [6:22]&#10;|           |--COLGROUP_HTML_TAG_NAME -&gt; colgroup [6:23]&#10;|           `--END -&gt; &gt; [6:31]&#10;|--NEWLINE -&gt; \n [6:32]&#10;|--LEADING_ASTERISK -&gt; * [7:0]&#10;|--TEXT -&gt;   [7:1]&#10;|--HTML_ELEMENT -&gt; HTML_ELEMENT [7:2]&#10;|   `--DD -&gt; DD [7:2]&#10;|       |--DD_TAG_START -&gt; DD_TAG_START [7:2]&#10;|       |   |--START -&gt; &lt; [7:2]&#10;|       |   |--DD_HTML_TAG_NAME -&gt; dd [7:3]&#10;|       |   `--END -&gt; &gt; [7:5]&#10;|       |--TEXT -&gt;   [7:6]&#10;|       |--SINGLETON_ELEMENT -&gt; SINGLETON_ELEMENT [7:7]&#10;|       |   `--TRACK_TAG -&gt; TRACK_TAG [7:7]&#10;|       |       |--START -&gt; &lt; [7:7]&#10;|       |       |--TRACK_HTML_TAG_NAME -&gt; track [7:8]&#10;|       |       `--END -&gt; &gt; [7:13]&#10;|       |--TEXT -&gt;   [7:14]&#10;|       `--DD_TAG_END -&gt; DD_TAG_END [7:15]&#10;|           |--START -&gt; &lt; [7:15]&#10;|           |--SLASH -&gt; / [7:16]&#10;|           |--DD_HTML_TAG_NAME -&gt; dd [7:17]&#10;|           `--END -&gt; &gt; [7:19]&#10;|--NEWLINE -&gt; \n [7:20]&#10;|--LEADING_ASTERISK -&gt; * [8:0]&#10;|--TEXT -&gt;   [8:1]&#10;|--HTML_ELEMENT -&gt; HTML_ELEMENT [8:2]&#10;|   `--DT -&gt; DT [8:2]&#10;|       |--DT_TAG_START -&gt; DT_TAG_START [8:2]&#10;|       |   |--START -&gt; &lt; [8:2]&#10;|       |   |--DT_HTML_TAG_NAME -&gt; dt [8:3]&#10;|       |   `--END -&gt; &gt; [8:5]&#10;|       |--TEXT -&gt;   [8:6]&#10;|       |--SINGLETON_ELEMENT -&gt; SINGLETON_ELEMENT [8:7]&#10;|       |   `--TRACK_TAG -&gt; TRACK_TAG [8:7]&#10;|       |       |--START -&gt; &lt; [8:7]&#10;|       |       |--TRACK_HTML_TAG_NAME -&gt; track [8:8]&#10;|       |       `--END -&gt; &gt; [8:13]&#10;|       |--TEXT -&gt;   [8:14]&#10;|       `--DT_TAG_END -&gt; DT_TAG_END [8:15]&#10;|           |--START -&gt; &lt; [8:15]&#10;|           |--SLASH -&gt; / [8:16]&#10;|           |--DT_HTML_TAG_NAME -&gt; dt [8:17]&#10;|           `--END -&gt; &gt; [8:19]&#10;|--NEWLINE -&gt; \n [8:20]&#10;|--LEADING_ASTERISK -&gt; * [9:0]&#10;|--TEXT -&gt;   [9:1]&#10;|--HTML_ELEMENT -&gt; HTML_ELEMENT [9:2]&#10;|   `--HEAD -&gt; HEAD [9:2]&#10;|       |--HEAD_TAG_START -&gt; HEAD_TAG_START [9:2]&#10;|       |   |--START -&gt; &lt; [9:2]&#10;|       |   |--HEAD_HTML_TAG_NAME -&gt; head [9:3]&#10;|       |   `--END -&gt; &gt; [9:7]&#10;|       |--TEXT -&gt;   [9:8]&#10;|       |--SINGLETON_ELEMENT -&gt; SINGLETON_ELEMENT [9:9]&#10;|       |   `--TRACK_TAG -&gt; TRACK_TAG [9:9]&#10;|       |       |--START -&gt; &lt; [9:9]&#10;|       |       |--TRACK_HTML_TAG_NAME -&gt; track [9:10]&#10;|       |       `--END -&gt; &gt; [9:15]&#10;|       |--TEXT -&gt;   [9:16]&#10;|       `--HEAD_TAG_END -&gt; HEAD_TAG_END [9:17]&#10;|           |--START -&gt; &lt; [9:17]&#10;|           |--SLASH -&gt; / [9:18]&#10;|           |--HEAD_HTML_TAG_NAME -&gt; head [9:19]&#10;|           `--END -&gt; &gt; [9:23]&#10;|--NEWLINE -&gt; \n [9:24]&#10;|--LEADING_ASTERISK -&gt; * [10:0]&#10;|--TEXT -&gt;   [10:1]&#10;|--HTML_ELEMENT -&gt; HTML_ELEMENT [10:2]&#10;|   `--HTML -&gt; HTML [10:2]&#10;|       |--HTML_TAG_START -&gt; HTML_TAG_START [10:2]&#10;|       |   |--START -&gt; &lt; [10:2]&#10;|       |   |--HTML_HTML_TAG_NAME -&gt; html [10:3]&#10;|       |   `--END -&gt; &gt; [10:7]&#10;|       |--TEXT -&gt;   [10:8]&#10;|       |--SINGLETON_ELEMENT -&gt; SINGLETON_ELEMENT [10:9]&#10;|       |   `--TRACK_TAG -&gt; TRACK_TAG [10:9]&#10;|       |       |--START -&gt; &lt; [10:9]&#10;|       |       |--TRACK_HTML_TAG_NAME -&gt; track [10:10]&#10;|       |       `--END -&gt; &gt; [10:15]&#10;|       |--TEXT -&gt;   [10:16]&#10;|       `--HTML_TAG_END -&gt; HTML_TAG_END [10:17]&#10;|           |--START -&gt; &lt; [10:17]&#10;|           |--SLASH -&gt; / [10:18]&#10;|           |--HTML_HTML_TAG_NAME -&gt; html [10:19]&#10;|           `--END -&gt; &gt; [10:23]&#10;|--NEWLINE -&gt; \n [10:24]&#10;|--LEADING_ASTERISK -&gt; * [11:0]&#10;|--TEXT -&gt;   [11:1]&#10;|--HTML_ELEMENT -&gt; HTML_ELEMENT [11:2]&#10;|   `--OPTION -&gt; OPTION [11:2]&#10;|       |--OPTION_TAG_START -&gt; OPTION_TAG_START [11:2]&#10;|       |   |--START -&gt; &lt; [11:2]&#10;|       |   |--OPTION_HTML_TAG_NAME -&gt; option [11:3]&#10;|       |   `--END -&gt; &gt; [11:9]&#10;|       |--TEXT -&gt;   [11:10]&#10;|       |--SINGLETON_ELEMENT -&gt; SINGLETON_ELEMENT [11:11]&#10;|       |   `--TRACK_TAG -&gt; TRACK_TAG [11:11]&#10;|       |       |--START -&gt; &lt; [11:11]&#10;|       |       |--TRACK_HTML_TAG_NAME -&gt; track [11:12]&#10;|       |       `--END -&gt; &gt; [11:17]&#10;|       |--TEXT -&gt;   [11:18]&#10;|       `--OPTION_TAG_END -&gt; OPTION_TAG_END [11:19]&#10;|           |--START -&gt; &lt; [11:19]&#10;|           |--SLASH -&gt; / [11:20]&#10;|           |--OPTION_HTML_TAG_NAME -&gt; option [11:21]&#10;|           `--END -&gt; &gt; [11:27]&#10;|--NEWLINE -&gt; \n [11:28]&#10;|--LEADING_ASTERISK -&gt; * [12:0]&#10;|--TEXT -&gt;   [12:1]&#10;|--HTML_ELEMENT -&gt; HTML_ELEMENT [12:2]&#10;|   `--TBODY -&gt; TBODY [12:2]&#10;|       |--TBODY_TAG_START -&gt; TBODY_TAG_START [12:2]&#10;|       |   |--START -&gt; &lt; [12:2]&#10;|       |   |--TBODY_HTML_TAG_NAME -&gt; tbody [12:3]&#10;|       |   `--END -&gt; &gt; [12:8]&#10;|       |--TEXT -&gt;   [12:9]&#10;|       |--SINGLETON_ELEMENT -&gt; SINGLETON_ELEMENT [12:10]&#10;|       |   `--TRACK_TAG -&gt; TRACK_TAG [12:10]&#10;|       |       |--START -&gt; &lt; [12:10]&#10;|       |       |--TRACK_HTML_TAG_NAME -&gt; track [12:11]&#10;|       |       `--END -&gt; &gt; [12:16]&#10;|       |--TEXT -&gt;   [12:17]&#10;|       `--TBODY_TAG_END -&gt; TBODY_TAG_END [12:18]&#10;|           |--START -&gt; &lt; [12:18]&#10;|           |--SLASH -&gt; / [12:19]&#10;|           |--TBODY_HTML_TAG_NAME -&gt; tbody [12:20]&#10;|           `--END -&gt; &gt; [12:25]&#10;|--NEWLINE -&gt; \n [12:26]&#10;|--LEADING_ASTERISK -&gt; * [13:0]&#10;|--TEXT -&gt;   [13:1]&#10;|--HTML_ELEMENT -&gt; HTML_ELEMENT [13:2]&#10;|   `--THEAD -&gt; THEAD [13:2]&#10;|       |--THEAD_TAG_START -&gt; THEAD_TAG_START [13:2]&#10;|       |   |--START -&gt; &lt; [13:2]&#10;|       |   |--THEAD_HTML_TAG_NAME -&gt; thead [13:3]&#10;|       |   `--END -&gt; &gt; [13:8]&#10;|       |--TEXT -&gt;   [13:9]&#10;|       |--SINGLETON_ELEMENT -&gt; SINGLETON_ELEMENT [13:10]&#10;|       |   `--TRACK_TAG -&gt; TRACK_TAG [13:10]&#10;|       |       |--START -&gt; &lt; [13:10]&#10;|       |       |--TRACK_HTML_TAG_NAME -&gt; track [13:11]&#10;|       |       `--END -&gt; &gt; [13:16]&#10;|       |--TEXT -&gt;   [13:17]&#10;|       `--THEAD_TAG_END -&gt; THEAD_TAG_END [13:18]&#10;|           |--START -&gt; &lt; [13:18]&#10;|           |--SLASH -&gt; / [13:19]&#10;|           |--THEAD_HTML_TAG_NAME -&gt; thead [13:20]&#10;|           `--END -&gt; &gt; [13:25]&#10;|--NEWLINE -&gt; \n [13:26]&#10;|--LEADING_ASTERISK -&gt; * [14:0]&#10;|--TEXT -&gt;   [14:1]&#10;|--HTML_ELEMENT -&gt; HTML_ELEMENT [14:2]&#10;|   `--TFOOT -&gt; TFOOT [14:2]&#10;|       |--TFOOT_TAG_START -&gt; TFOOT_TAG_START [14:2]&#10;|       |   |--START -&gt; &lt; [14:2]&#10;|       |   |--TFOOT_HTML_TAG_NAME -&gt; tfoot [14:3]&#10;|       |   `--END -&gt; &gt; [14:8]&#10;|       |--TEXT -&gt;   [14:9]&#10;|       |--SINGLETON_ELEMENT -&gt; SINGLETON_ELEMENT [14:10]&#10;|       |   `--TRACK_TAG -&gt; TRACK_TAG [14:10]&#10;|       |       |--START -&gt; &lt; [14:10]&#10;|       |       |--TRACK_HTML_TAG_NAME -&gt; track [14:11]&#10;|       |       `--END -&gt; &gt; [14:16]&#10;|       |--TEXT -&gt;   [14:17]&#10;|       `--TFOOT_TAG_END -&gt; TFOOT_TAG_END [14:18]&#10;|           |--START -&gt; &lt; [14:18]&#10;|           |--SLASH -&gt; / [14:19]&#10;|           |--TFOOT_HTML_TAG_NAME -&gt; tfoot [14:20]&#10;|           `--END -&gt; &gt; [14:25]&#10;|--NEWLINE -&gt; \n [14:26]&#10;|--NEWLINE -&gt; \n [15:0]&#10;|--LEADING_ASTERISK -&gt; * [16:0]&#10;|--TEXT -&gt;   [16:1]&#10;|--HTML_ELEMENT -&gt; HTML_ELEMENT [16:2]&#10;|   `--PARAGRAPH -&gt; PARAGRAPH [16:2]&#10;|       |--P_TAG_START -&gt; P_TAG_START [16:2]&#10;|       |   |--START -&gt; &lt; [16:2]&#10;|       |   |--P_HTML_TAG_NAME -&gt; p [16:3]&#10;|       |   `--END -&gt; &gt; [16:4]&#10;|       |--TEXT -&gt;   [16:5]&#10;|       |--SINGLETON_ELEMENT -&gt; SINGLETON_ELEMENT [16:6]&#10;|       |   `--TRACK_TAG -&gt; TRACK_TAG [16:6]&#10;|       |       |--START -&gt; &lt; [16:6]&#10;|       |       |--TRACK_HTML_TAG_NAME -&gt; track [16:7]&#10;|       |       `--SLASH_END -&gt; /&gt; [16:12]&#10;|       |--TEXT -&gt;   [16:14]&#10;|       `--P_TAG_END -&gt; P_TAG_END [16:15]&#10;|           |--START -&gt; &lt; [16:15]&#10;|           |--SLASH -&gt; / [16:16]&#10;|           |--P_HTML_TAG_NAME -&gt; p [16:17]&#10;|           `--END -&gt; &gt; [16:18]&#10;|--NEWLINE -&gt; \n [16:19]&#10;|--LEADING_ASTERISK -&gt; * [17:0]&#10;|--TEXT -&gt;   [17:1]&#10;|--HTML_ELEMENT -&gt; HTML_ELEMENT [17:2]&#10;|   `--LI -&gt; LI [17:2]&#10;|       |--LI_TAG_START -&gt; LI_TAG_START [17:2]&#10;|       |   |--START -&gt; &lt; [17:2]&#10;|       |   |--LI_HTML_TAG_NAME -&gt; li [17:3]&#10;|       |   `--END -&gt; &gt; [17:5]&#10;|       |--TEXT -&gt;   [17:6]&#10;|       |--SINGLETON_ELEMENT -&gt; SINGLETON_ELEMENT [17:7]&#10;|       |   `--TRACK_TAG -&gt; TRACK_TAG [17:7]&#10;|       |       |--START -&gt; &lt; [17:7]&#10;|       |       |--TRACK_HTML_TAG_NAME -&gt; track [17:8]&#10;|       |       `--SLASH_END -&gt; /&gt; [17:13]&#10;|       |--TEXT -&gt;   [17:15]&#10;|       `--LI_TAG_END -&gt; LI_TAG_END [17:16]&#10;|           |--START -&gt; &lt; [17:16]&#10;|           |--SLASH -&gt; / [17:17]&#10;|           |--LI_HTML_TAG_NAME -&gt; li [17:18]&#10;|           `--END -&gt; &gt; [17:20]&#10;|--NEWLINE -&gt; \n [17:21]&#10;|--LEADING_ASTERISK -&gt; * [18:0]&#10;|--TEXT -&gt;   [18:1]&#10;|--HTML_ELEMENT -&gt; HTML_ELEMENT [18:2]&#10;|   `--TR -&gt; TR [18:2]&#10;|       |--TR_TAG_START -&gt; TR_TAG_START [18:2]&#10;|       |   |--START -&gt; &lt; [18:2]&#10;|       |   |--TR_HTML_TAG_NAME -&gt; tr [18:3]&#10;|       |   `--END -&gt; &gt; [18:5]&#10;|       |--TEXT -&gt;   [18:6]&#10;|       |--SINGLETON_ELEMENT -&gt; SINGLETON_ELEMENT [18:7]&#10;|       |   `--TRACK_TAG -&gt; TRACK_TAG [18:7]&#10;|       |       |--START -&gt; &lt; [18:7]&#10;|       |       |--TRACK_HTML_TAG_NAME -&gt; track [18:8]&#10;|       |       `--SLASH_END -&gt; /&gt; [18:13]&#10;|       |--TEXT -&gt;   [18:15]&#10;|       `--TR_TAG_END -&gt; TR_TAG_END [18:16]&#10;|           |--START -&gt; &lt; [18:16]&#10;|           |--SLASH -&gt; / [18:17]&#10;|           |--TR_HTML_TAG_NAME -&gt; tr [18:18]&#10;|           `--END -&gt; &gt; [18:20]&#10;|--NEWLINE -&gt; \n [18:21]&#10;|--LEADING_ASTERISK -&gt; * [19:0]&#10;|--TEXT -&gt;   [19:1]&#10;|--HTML_ELEMENT -&gt; HTML_ELEMENT [19:2]&#10;|   `--TD -&gt; TD [19:2]&#10;|       |--TD_TAG_START -&gt; TD_TAG_START [19:2]&#10;|       |   |--START -&gt; &lt; [19:2]&#10;|       |   |--TD_HTML_TAG_NAME -&gt; td [19:3]&#10;|       |   `--END -&gt; &gt; [19:5]&#10;|       |--TEXT -&gt;   [19:6]&#10;|       |--SINGLETON_ELEMENT -&gt; SINGLETON_ELEMENT [19:7]&#10;|       |   `--TRACK_TAG -&gt; TRACK_TAG [19:7]&#10;|       |       |--START -&gt; &lt; [19:7]&#10;|       |       |--TRACK_HTML_TAG_NAME -&gt; track [19:8]&#10;|       |       `--SLASH_END -&gt; /&gt; [19:13]&#10;|       |--TEXT -&gt;   [19:15]&#10;|       `--TD_TAG_END -&gt; TD_TAG_END [19:16]&#10;|           |--START -&gt; &lt; [19:16]&#10;|           |--SLASH -&gt; / [19:17]&#10;|           |--TD_HTML_TAG_NAME -&gt; td [19:18]&#10;|           `--END -&gt; &gt; [19:20]&#10;|--NEWLINE -&gt; \n [19:21]&#10;|--LEADING_ASTERISK -&gt; * [20:0]&#10;|--TEXT -&gt;   [20:1]&#10;|--HTML_ELEMENT -&gt; HTML_ELEMENT [20:2]&#10;|   `--TH -&gt; TH [20:2]&#10;|       |--TH_TAG_START -&gt; TH_TAG_START [20:2]&#10;|       |   |--START -&gt; &lt; [20:2]&#10;|       |   |--TH_HTML_TAG_NAME -&gt; th [20:3]&#10;|       |   `--END -&gt; &gt; [20:5]&#10;|       |--TEXT -&gt;   [20:6]&#10;|       |--SINGLETON_ELEMENT -&gt; SINGLETON_ELEMENT [20:7]&#10;|       |   `--TRACK_TAG -&gt; TRACK_TAG [20:7]&#10;|       |       |--START -&gt; &lt; [20:7]&#10;|       |       |--TRACK_HTML_TAG_NAME -&gt; track [20:8]&#10;|       |       `--SLASH_END -&gt; /&gt; [20:13]&#10;|       |--TEXT -&gt;   [20:15]&#10;|       `--TH_TAG_END -&gt; TH_TAG_END [20:16]&#10;|           |--START -&gt; &lt; [20:16]&#10;|           |--SLASH -&gt; / [20:17]&#10;|           |--TH_HTML_TAG_NAME -&gt; th [20:18]&#10;|           `--END -&gt; &gt; [20:20]&#10;|--NEWLINE -&gt; \n [20:21]&#10;|--LEADING_ASTERISK -&gt; * [21:0]&#10;|--TEXT -&gt;   [21:1]&#10;|--HTML_ELEMENT -&gt; HTML_ELEMENT [21:2]&#10;|   `--BODY -&gt; BODY [21:2]&#10;|       |--BODY_TAG_START -&gt; BODY_TAG_START [21:2]&#10;|       |   |--START -&gt; &lt; [21:2]&#10;|       |   |--BODY_HTML_TAG_NAME -&gt; body [21:3]&#10;|       |   `--END -&gt; &gt; [21:7]&#10;|       |--TEXT -&gt;   [21:8]&#10;|       |--SINGLETON_ELEMENT -&gt; SINGLETON_ELEMENT [21:9]&#10;|       |   `--TRACK_TAG -&gt; TRACK_TAG [21:9]&#10;|       |       |--START -&gt; &lt; [21:9]&#10;|       |       |--TRACK_HTML_TAG_NAME -&gt; track [21:10]&#10;|       |       `--SLASH_END -&gt; /&gt; [21:15]&#10;|       |--TEXT -&gt;   [21:17]&#10;|       `--BODY_TAG_END -&gt; BODY_TAG_END [21:18]&#10;|           |--START -&gt; &lt; [21:18]&#10;|           |--SLASH -&gt; / [21:19]&#10;|           |--BODY_HTML_TAG_NAME -&gt; body [21:20]&#10;|           `--END -&gt; &gt; [21:24]&#10;|--NEWLINE -&gt; \n [21:25]&#10;|--LEADING_ASTERISK -&gt; * [22:0]&#10;|--TEXT -&gt;   [22:1]&#10;|--HTML_ELEMENT -&gt; HTML_ELEMENT [22:2]&#10;|   `--COLGROUP -&gt; COLGROUP [22:2]&#10;|       |--COLGROUP_TAG_START -&gt; COLGROUP_TAG_START [22:2]&#10;|       |   |--START -&gt; &lt; [22:2]&#10;|       |   |--COLGROUP_HTML_TAG_NAME -&gt; colgroup [22:3]&#10;|       |   `--END -&gt; &gt; [22:11]&#10;|       |--TEXT -&gt;   [22:12]&#10;|       |--SINGLETON_ELEMENT -&gt; SINGLETON_ELEMENT [22:13]&#10;|       |   `--TRACK_TAG -&gt; TRACK_TAG [22:13]&#10;|       |       |--START -&gt; &lt; [22:13]&#10;|       |       |--TRACK_HTML_TAG_NAME -&gt; track [22:14]&#10;|       |       `--SLASH_END -&gt; /&gt; [22:19]&#10;|       |--TEXT -&gt;   [22:21]&#10;|       `--COLGROUP_TAG_END -&gt; COLGROUP_TAG_END [22:22]&#10;|           |--START -&gt; &lt; [22:22]&#10;|           |--SLASH -&gt; / [22:23]&#10;|           |--COLGROUP_HTML_TAG_NAME -&gt; colgroup [22:24]&#10;|           `--END -&gt; &gt; [22:32]&#10;|--NEWLINE -&gt; \n [22:33]&#10;|--LEADING_ASTERISK -&gt; * [23:0]&#10;|--TEXT -&gt;   [23:1]&#10;|--HTML_ELEMENT -&gt; HTML_ELEMENT [23:2]&#10;|   `--DD -&gt; DD [23:2]&#10;|       |--DD_TAG_START -&gt; DD_TAG_START [23:2]&#10;|       |   |--START -&gt; &lt; [23:2]&#10;|       |   |--DD_HTML_TAG_NAME -&gt; dd [23:3]&#10;|       |   `--END -&gt; &gt; [23:5]&#10;|       |--TEXT -&gt;   [23:6]&#10;|       |--SINGLETON_ELEMENT -&gt; SINGLETON_ELEMENT [23:7]&#10;|       |   `--TRACK_TAG -&gt; TRACK_TAG [23:7]&#10;|       |       |--START -&gt; &lt; [23:7]&#10;|       |       |--TRACK_HTML_TAG_NAME -&gt; track [23:8]&#10;|       |       `--SLASH_END -&gt; /&gt; [23:13]&#10;|       |--TEXT -&gt;   [23:15]&#10;|       `--DD_TAG_END -&gt; DD_TAG_END [23:16]&#10;|           |--START -&gt; &lt; [23:16]&#10;|           |--SLASH -&gt; / [23:17]&#10;|           |--DD_HTML_TAG_NAME -&gt; dd [23:18]&#10;|           `--END -&gt; &gt; [23:20]&#10;|--NEWLINE -&gt; \n [23:21]&#10;|--LEADING_ASTERISK -&gt; * [24:0]&#10;|--TEXT -&gt;   [24:1]&#10;|--HTML_ELEMENT -&gt; HTML_ELEMENT [24:2]&#10;|   `--DT -&gt; DT [24:2]&#10;|       |--DT_TAG_START -&gt; DT_TAG_START [24:2]&#10;|       |   |--START -&gt; &lt; [24:2]&#10;|       |   |--DT_HTML_TAG_NAME -&gt; dt [24:3]&#10;|       |   `--END -&gt; &gt; [24:5]&#10;|       |--TEXT -&gt;   [24:6]&#10;|       |--SINGLETON_ELEMENT -&gt; SINGLETON_ELEMENT [24:7]&#10;|       |   `--TRACK_TAG -&gt; TRACK_TAG [24:7]&#10;|       |       |--START -&gt; &lt; [24:7]&#10;|       |       |--TRACK_HTML_TAG_NAME -&gt; track [24:8]&#10;|       |       `--SLASH_END -&gt; /&gt; [24:13]&#10;|       |--TEXT -&gt;   [24:15]&#10;|       `--DT_TAG_END -&gt; DT_TAG_END [24:16]&#10;|           |--START -&gt; &lt; [24:16]&#10;|           |--SLASH -&gt; / [24:17]&#10;|           |--DT_HTML_TAG_NAME -&gt; dt [24:18]&#10;|           `--END -&gt; &gt; [24:20]&#10;|--NEWLINE -&gt; \n [24:21]&#10;|--LEADING_ASTERISK -&gt; * [25:0]&#10;|--TEXT -&gt;   [25:1]&#10;|--HTML_ELEMENT -&gt; HTML_ELEMENT [25:2]&#10;|   `--HEAD -&gt; HEAD [25:2]&#10;|       |--HEAD_TAG_START -&gt; HEAD_TAG_START [25:2]&#10;|       |   |--START -&gt; &lt; [25:2]&#10;|       |   |--HEAD_HTML_TAG_NAME -&gt; head [25:3]&#10;|       |   `--END -&gt; &gt; [25:7]&#10;|       |--TEXT -&gt;   [25:8]&#10;|       |--SINGLETON_ELEMENT -&gt; SINGLETON_ELEMENT [25:9]&#10;|       |   `--TRACK_TAG -&gt; TRACK_TAG [25:9]&#10;|       |       |--START -&gt; &lt; [25:9]&#10;|       |       |--TRACK_HTML_TAG_NAME -&gt; track [25:10]&#10;|       |       `--SLASH_END -&gt; /&gt; [25:15]&#10;|       |--TEXT -&gt;   [25:17]&#10;|       `--HEAD_TAG_END -&gt; HEAD_TAG_END [25:18]&#10;|           |--START -&gt; &lt; [25:18]&#10;|           |--SLASH -&gt; / [25:19]&#10;|           |--HEAD_HTML_TAG_NAME -&gt; head [25:20]&#10;|           `--END -&gt; &gt; [25:24]&#10;|--NEWLINE -&gt; \n [25:25]&#10;|--LEADING_ASTERISK -&gt; * [26:0]&#10;|--TEXT -&gt;   [26:1]&#10;|--HTML_ELEMENT -&gt; HTML_ELEMENT [26:2]&#10;|   `--HTML -&gt; HTML [26:2]&#10;|       |--HTML_TAG_START -&gt; HTML_TAG_START [26:2]&#10;|       |   |--START -&gt; &lt; [26:2]&#10;|       |   |--HTML_HTML_TAG_NAME -&gt; html [26:3]&#10;|       |   `--END -&gt; &gt; [26:7]&#10;|       |--TEXT -&gt;   [26:8]&#10;|       |--SINGLETON_ELEMENT -&gt; SINGLETON_ELEMENT [26:9]&#10;|       |   `--TRACK_TAG -&gt; TRACK_TAG [26:9]&#10;|       |       |--START -&gt; &lt; [26:9]&#10;|       |       |--TRACK_HTML_TAG_NAME -&gt; track [26:10]&#10;|       |       `--SLASH_END -&gt; /&gt; [26:15]&#10;|       |--TEXT -&gt;   [26:17]&#10;|       `--HTML_TAG_END -&gt; HTML_TAG_END [26:18]&#10;|           |--START -&gt; &lt; [26:18]&#10;|           |--SLASH -&gt; / [26:19]&#10;|           |--HTML_HTML_TAG_NAME -&gt; html [26:20]&#10;|           `--END -&gt; &gt; [26:24]&#10;|--NEWLINE -&gt; \n [26:25]&#10;|--LEADING_ASTERISK -&gt; * [27:0]&#10;|--TEXT -&gt;   [27:1]&#10;|--HTML_ELEMENT -&gt; HTML_ELEMENT [27:2]&#10;|   `--OPTION -&gt; OPTION [27:2]&#10;|       |--OPTION_TAG_START -&gt; OPTION_TAG_START [27:2]&#10;|       |   |--START -&gt; &lt; [27:2]&#10;|       |   |--OPTION_HTML_TAG_NAME -&gt; option [27:3]&#10;|       |   `--END -&gt; &gt; [27:9]&#10;|       |--TEXT -&gt;   [27:10]&#10;|       |--SINGLETON_ELEMENT -&gt; SINGLETON_ELEMENT [27:11]&#10;|       |   `--TRACK_TAG -&gt; TRACK_TAG [27:11]&#10;|       |       |--START -&gt; &lt; [27:11]&#10;|       |       |--TRACK_HTML_TAG_NAME -&gt; track [27:12]&#10;|       |       `--SLASH_END -&gt; /&gt; [27:17]&#10;|       |--TEXT -&gt;   [27:19]&#10;|       `--OPTION_TAG_END -&gt; OPTION_TAG_END [27:20]&#10;|           |--START -&gt; &lt; [27:20]&#10;|           |--SLASH -&gt; / [27:21]&#10;|           |--OPTION_HTML_TAG_NAME -&gt; option [27:22]&#10;|           `--END -&gt; &gt; [27:28]&#10;|--NEWLINE -&gt; \n [27:29]&#10;|--LEADING_ASTERISK -&gt; * [28:0]&#10;|--TEXT -&gt;   [28:1]&#10;|--HTML_ELEMENT -&gt; HTML_ELEMENT [28:2]&#10;|   `--TBODY -&gt; TBODY [28:2]&#10;|       |--TBODY_TAG_START -&gt; TBODY_TAG_START [28:2]&#10;|       |   |--START -&gt; &lt; [28:2]&#10;|       |   |--TBODY_HTML_TAG_NAME -&gt; tbody [28:3]&#10;|       |   `--END -&gt; &gt; [28:8]&#10;|       |--TEXT -&gt;   [28:9]&#10;|       |--SINGLETON_ELEMENT -&gt; SINGLETON_ELEMENT [28:10]&#10;|       |   `--TRACK_TAG -&gt; TRACK_TAG [28:10]&#10;|       |       |--START -&gt; &lt; [28:10]&#10;|       |       |--TRACK_HTML_TAG_NAME -&gt; track [28:11]&#10;|       |       `--SLASH_END -&gt; /&gt; [28:16]&#10;|       |--TEXT -&gt;   [28:18]&#10;|       `--TBODY_TAG_END -&gt; TBODY_TAG_END [28:19]&#10;|           |--START -&gt; &lt; [28:19]&#10;|           |--SLASH -&gt; / [28:20]&#10;|           |--TBODY_HTML_TAG_NAME -&gt; tbody [28:21]&#10;|           `--END -&gt; &gt; [28:26]&#10;|--NEWLINE -&gt; \n [28:27]&#10;|--LEADING_ASTERISK -&gt; * [29:0]&#10;|--TEXT -&gt;   [29:1]&#10;|--HTML_ELEMENT -&gt; HTML_ELEMENT [29:2]&#10;|   `--THEAD -&gt; THEAD [29:2]&#10;|       |--THEAD_TAG_START -&gt; THEAD_TAG_START [29:2]&#10;|       |   |--START -&gt; &lt; [29:2]&#10;|       |   |--THEAD_HTML_TAG_NAME -&gt; thead [29:3]&#10;|       |   `--END -&gt; &gt; [29:8]&#10;|       |--TEXT -&gt;   [29:9]&#10;|       |--SINGLETON_ELEMENT -&gt; SINGLETON_ELEMENT [29:10]&#10;|       |   `--TRACK_TAG -&gt; TRACK_TAG [29:10]&#10;|       |       |--START -&gt; &lt; [29:10]&#10;|       |       |--TRACK_HTML_TAG_NAME -&gt; track [29:11]&#10;|       |       `--SLASH_END -&gt; /&gt; [29:16]&#10;|       |--TEXT -&gt;   [29:18]&#10;|       `--THEAD_TAG_END -&gt; THEAD_TAG_END [29:19]&#10;|           |--START -&gt; &lt; [29:19]&#10;|           |--SLASH -&gt; / [29:20]&#10;|           |--THEAD_HTML_TAG_NAME -&gt; thead [29:21]&#10;|           `--END -&gt; &gt; [29:26]&#10;|--NEWLINE -&gt; \n [29:27]&#10;|--LEADING_ASTERISK -&gt; * [30:0]&#10;|--TEXT -&gt;   [30:1]&#10;|--HTML_ELEMENT -&gt; HTML_ELEMENT [30:2]&#10;|   `--TFOOT -&gt; TFOOT [30:2]&#10;|       |--TFOOT_TAG_START -&gt; TFOOT_TAG_START [30:2]&#10;|       |   |--START -&gt; &lt; [30:2]&#10;|       |   |--TFOOT_HTML_TAG_NAME -&gt; tfoot [30:3]&#10;|       |   `--END -&gt; &gt; [30:8]&#10;|       |--TEXT -&gt;   [30:9]&#10;|       |--SINGLETON_ELEMENT -&gt; SINGLETON_ELEMENT [30:10]&#10;|       |   `--TRACK_TAG -&gt; TRACK_TAG [30:10]&#10;|       |       |--START -&gt; &lt; [30:10]&#10;|       |       |--TRACK_HTML_TAG_NAME -&gt; track [30:11]&#10;|       |       `--SLASH_END -&gt; /&gt; [30:16]&#10;|       |--TEXT -&gt;   [30:18]&#10;|       `--TFOOT_TAG_END -&gt; TFOOT_TAG_END [30:19]&#10;|           |--START -&gt; &lt; [30:19]&#10;|           |--SLASH -&gt; / [30:20]&#10;|           |--TFOOT_HTML_TAG_NAME -&gt; tfoot [30:21]&#10;|           `--END -&gt; &gt; [30:26]&#10;|--NEWLINE -&gt; \n [30:27]&#10;|--NEWLINE -&gt; \n [31:0]&#10;|--LEADING_ASTERISK -&gt; * [32:0]&#10;|--TEXT -&gt;   [32:1]&#10;|--HTML_ELEMENT -&gt; HTML_ELEMENT [32:2]&#10;|   `--SINGLETON_ELEMENT -&gt; SINGLETON_ELEMENT [32:2]&#10;|       `--TRACK_TAG -&gt; TRACK_TAG [32:2]&#10;|           |--START -&gt; &lt; [32:2]&#10;|           |--TRACK_HTML_TAG_NAME -&gt; track [32:3]&#10;|           `--END -&gt; &gt; [32:8]&#10;|--NEWLINE -&gt; \n [32:9]&#10;|--LEADING_ASTERISK -&gt; * [33:0]&#10;|--TEXT -&gt;   [33:1]&#10;|--HTML_ELEMENT -&gt; HTML_ELEMENT [33:2]&#10;|   `--SINGLETON_ELEMENT -&gt; SINGLETON_ELEMENT [33:2]&#10;|       `--TRACK_TAG -&gt; TRACK_TAG [33:2]&#10;|           |--START -&gt; &lt; [33:2]&#10;|           |--TRACK_HTML_TAG_NAME -&gt; track [33:3]&#10;|           `--SLASH_END -&gt; /&gt; [33:8]&#10;|--NEWLINE -&gt; \n [33:10]&#10;|--LEADING_ASTERISK -&gt; * [34:0]&#10;|--TEXT -&gt;   [34:1]&#10;|--HTML_ELEMENT -&gt; HTML_ELEMENT [34:2]&#10;|   `--SINGLETON_ELEMENT -&gt; SINGLETON_ELEMENT [34:2]&#10;|       `--TRACK_TAG -&gt; TRACK_TAG [34:2]&#10;|           |--START -&gt; &lt; [34:2]&#10;|           |--TRACK_HTML_TAG_NAME -&gt; track [34:3]&#10;|           |--WS -&gt;   [34:8]&#10;|           |--ATTRIBUTE -&gt; ATTRIBUTE [34:9]&#10;|           |   |--HTML_TAG_NAME -&gt; attr [34:9]&#10;|           |   |--EQUALS -&gt; = [34:13]&#10;|           |   `--ATTR_VALUE -&gt; &quot;something&quot; [34:14]&#10;|           `--END -&gt; &gt; [34:26]&#10;|--NEWLINE -&gt; \n [34:27]&#10;|--LEADING_ASTERISK -&gt; * [35:0]&#10;|--TEXT -&gt;   [35:1]&#10;|--HTML_ELEMENT -&gt; HTML_ELEMENT [35:2]&#10;|   `--SINGLETON_ELEMENT -&gt; SINGLETON_ELEMENT [35:2]&#10;|       `--TRACK_TAG -&gt; TRACK_TAG [35:2]&#10;|           |--START -&gt; &lt; [35:2]&#10;|           |--TRACK_HTML_TAG_NAME -&gt; track [35:3]&#10;|           |--WS -&gt;   [35:8]&#10;|           |--ATTRIBUTE -&gt; ATTRIBUTE [35:9]&#10;|           |   |--HTML_TAG_NAME -&gt; attr [35:9]&#10;|           |   |--EQUALS -&gt; = [35:13]&#10;|           |   `--ATTR_VALUE -&gt; &quot;something&quot; [35:14]&#10;|           `--SLASH_END -&gt; /&gt; [35:26]&#10;|--NEWLINE -&gt; \n [35:28]&#10;|--LEADING_ASTERISK -&gt; * [36:0]&#10;|--TEXT -&gt;   [36:1]&#10;|--HTML_ELEMENT -&gt; HTML_ELEMENT [36:2]&#10;|   `--SINGLETON_ELEMENT -&gt; SINGLETON_ELEMENT [36:2]&#10;|       `--TRACK_TAG -&gt; TRACK_TAG [36:2]&#10;|           |--START -&gt; &lt; [36:2]&#10;|           |--TRACK_HTML_TAG_NAME -&gt; track [36:3]&#10;|           |--WS -&gt;   [36:8]&#10;|           |--ATTRIBUTE -&gt; ATTRIBUTE [36:9]&#10;|           |   |--HTML_TAG_NAME -&gt; attr [36:9]&#10;|           |   |--EQUALS -&gt; = [36:13]&#10;|           |   `--ATTR_VALUE -&gt; &quot;something&quot; [36:14]&#10;|           |--WS -&gt;   [36:26]&#10;|           |--ATTRIBUTE -&gt; ATTRIBUTE [36:27]&#10;|           |   |--HTML_TAG_NAME -&gt; attr2 [36:27]&#10;|           |   |--EQUALS -&gt; = [36:32]&#10;|           |   `--ATTR_VALUE -&gt; &quot;someotherthing&quot; [36:33]&#10;|           `--END -&gt; &gt; [36:50]&#10;|--NEWLINE -&gt; \n [36:51]&#10;|--LEADING_ASTERISK -&gt; * [37:0]&#10;|--TEXT -&gt;   [37:1]&#10;|--HTML_ELEMENT -&gt; HTML_ELEMENT [37:2]&#10;|   `--SINGLETON_ELEMENT -&gt; SINGLETON_ELEMENT [37:2]&#10;|       `--TRACK_TAG -&gt; TRACK_TAG [37:2]&#10;|           |--START -&gt; &lt; [37:2]&#10;|           |--TRACK_HTML_TAG_NAME -&gt; track [37:3]&#10;|           |--WS -&gt;   [37:8]&#10;|           |--ATTRIBUTE -&gt; ATTRIBUTE [37:9]&#10;|           |   |--HTML_TAG_NAME -&gt; attr [37:9]&#10;|           |   |--EQUALS -&gt; = [37:13]&#10;|           |   `--ATTR_VALUE -&gt; &quot;something&quot; [37:14]&#10;|           |--WS -&gt;   [37:26]&#10;|           |--ATTRIBUTE -&gt; ATTRIBUTE [37:27]&#10;|           |   |--HTML_TAG_NAME -&gt; attr2 [37:27]&#10;|           |   |--EQUALS -&gt; = [37:32]&#10;|           |   `--ATTR_VALUE -&gt; &quot;someotherthing&quot; [37:33]&#10;|           `--SLASH_END -&gt; /&gt; [37:50]&#10;|--NEWLINE -&gt; \n [37:52]&#10;|--LEADING_ASTERISK -&gt; * [38:0]&#10;|--TEXT -&gt;   [38:1]&#10;|--HTML_ELEMENT -&gt; HTML_ELEMENT [38:2]&#10;|   `--SINGLETON_ELEMENT -&gt; SINGLETON_ELEMENT [38:2]&#10;|       `--TRACK_TAG -&gt; TRACK_TAG [38:2]&#10;|           |--START -&gt; &lt; [38:2]&#10;|           |--TRACK_HTML_TAG_NAME -&gt; track [38:3]&#10;|           |--WS -&gt;   [38:8]&#10;|           |--ATTRIBUTE -&gt; ATTRIBUTE [38:9]&#10;|           |   |--HTML_TAG_NAME -&gt; attr [38:9]&#10;|           |   |--EQUALS -&gt; = [38:13]&#10;|           |   `--ATTR_VALUE -&gt; &quot;something&quot; [38:14]&#10;|           |--WS -&gt;   [38:26]&#10;|           |--NEWLINE -&gt; \n [38:27]&#10;|           |--LEADING_ASTERISK -&gt; * [39:0]&#10;|           |--WS -&gt;   [39:1]&#10;|           |--ATTRIBUTE -&gt; ATTRIBUTE [39:2]&#10;|           |   |--HTML_TAG_NAME -&gt; attr2 [39:2]&#10;|           |   |--EQUALS -&gt; = [39:7]&#10;|           |   `--ATTR_VALUE -&gt; &quot;someotherting&quot; [39:8]&#10;|           `--END -&gt; &gt; [39:24]&#10;|--NEWLINE -&gt; \n [39:25]&#10;|--LEADING_ASTERISK -&gt; * [40:0]&#10;|--TEXT -&gt;   [40:1]&#10;|--HTML_ELEMENT -&gt; HTML_ELEMENT [40:2]&#10;|   `--SINGLETON_ELEMENT -&gt; SINGLETON_ELEMENT [40:2]&#10;|       `--TRACK_TAG -&gt; TRACK_TAG [40:2]&#10;|           |--START -&gt; &lt; [40:2]&#10;|           |--TRACK_HTML_TAG_NAME -&gt; track [40:3]&#10;|           |--WS -&gt;   [40:8]&#10;|           |--ATTRIBUTE -&gt; ATTRIBUTE [40:9]&#10;|           |   |--HTML_TAG_NAME -&gt; attr [40:9]&#10;|           |   |--EQUALS -&gt; = [40:13]&#10;|           |   `--ATTR_VALUE -&gt; &quot;something&quot; [40:14]&#10;|           |--WS -&gt;   [40:26]&#10;|           |--NEWLINE -&gt; \n [40:27]&#10;|           |--LEADING_ASTERISK -&gt; * [41:0]&#10;|           |--WS -&gt;   [41:1]&#10;|           |--ATTRIBUTE -&gt; ATTRIBUTE [41:2]&#10;|           |   |--HTML_TAG_NAME -&gt; attr2 [41:2]&#10;|           |   |--EQUALS -&gt; = [41:7]&#10;|           |   `--ATTR_VALUE -&gt; &quot;someotherting&quot; [41:8]&#10;|           `--SLASH_END -&gt; /&gt; [41:24]&#10;`--EOF -&gt; &lt;EOF&gt; [41:26]]&#10;&gt; but was:&lt;...DOC -&gt; JAVADOC [0:0][&#10;|--LEADING_ASTERISK -&gt; * [0:0]&#10;|--TEXT -&gt;   [0:1]&#10;|--HTML_ELEMENT -&gt; HTML_ELEMENT [0:2]&#10;|   `--PARAGRAPH -&gt; PARAGRAPH [0:2]&#10;|       |--P_TAG_START -&gt; P_TAG_START [0:2]&#10;|       |   |--START -&gt; &lt; [0:2]&#10;|       |   |--P_HTML_TAG_NAME -&gt; p [0:3]&#10;|       |   `--END -&gt; &gt; [0:4]&#10;|       |--TEXT -&gt;   [0:5]&#10;|       |--SINGLETON_ELEMENT -&gt; SINGLETON_ELEMENT [0:6]&#10;|       |   `--TRACK_TAG -&gt; TRACK_TAG [0:6]&#10;|       |       |--START -&gt; &lt; [0:6]&#10;|       |       |--TRACK_HTML_TAG_NAME -&gt; track [0:7]&#10;|       |       `--END -&gt; &gt; [0:12]&#10;|       |--TEXT -&gt;   [0:13]&#10;|       `--P_TAG_END -&gt; P_TAG_END [0:14]&#10;|           |--START -&gt; &lt; [0:14]&#10;|           |--SLASH -&gt; / [0:15]&#10;|           |--P_HTML_TAG_NAME -&gt; p [0:16]&#10;|           `--END -&gt; &gt; [0:17]&#10;|--NEWLINE -&gt; \n [0:18]&#10;|--LEADING_ASTERISK -&gt; * [1:0]&#10;|--TEXT -&gt;   [1:1]&#10;|--HTML_ELEMENT -&gt; HTML_ELEMENT [1:2]&#10;|   `--LI -&gt; LI [1:2]&#10;|       |--LI_TAG_START -&gt; LI_TAG_START [1:2]&#10;|       |   |--START -&gt; &lt; [1:2]&#10;|       |   |--LI_HTML_TAG_NAME -&gt; li [1:3]&#10;|       |   `--END -&gt; &gt; [1:5]&#10;|       |--TEXT -&gt;   [1:6]&#10;|       |--SINGLETON_ELEMENT -&gt; SINGLETON_ELEMENT [1:7]&#10;|       |   `--TRACK_TAG -&gt; TRACK_TAG [1:7]&#10;|       |       |--START -&gt; &lt; [1:7]&#10;|       |       |--TRACK_HTML_TAG_NAME -&gt; track [1:8]&#10;|       |       `--END -&gt; &gt; [1:13]&#10;|       |--TEXT -&gt;   [1:14]&#10;|       `--LI_TAG_END -&gt; LI_TAG_END [1:15]&#10;|           |--START -&gt; &lt; [1:15]&#10;|           |--SLASH -&gt; / [1:16]&#10;|           |--LI_HTML_TAG_NAME -&gt; li [1:17]&#10;|           `--END -&gt; &gt; [1:19]&#10;|--NEWLINE -&gt; \n [1:20]&#10;|--LEADING_ASTERISK -&gt; * [2:0]&#10;|--TEXT -&gt;   [2:1]&#10;|--HTML_ELEMENT -&gt; HTML_ELEMENT [2:2]&#10;|   `--TR -&gt; TR [2:2]&#10;|       |--TR_TAG_START -&gt; TR_TAG_START [2:2]&#10;|       |   |--START -&gt; &lt; [2:2]&#10;|       |   |--TR_HTML_TAG_NAME -&gt; tr [2:3]&#10;|       |   `--END -&gt; &gt; [2:5]&#10;|       |--TEXT -&gt;   [2:6]&#10;|       |--SINGLETON_ELEMENT -&gt; SINGLETON_ELEMENT [2:7]&#10;|       |   `--TRACK_TAG -&gt; TRACK_TAG [2:7]&#10;|       |       |--START -&gt; &lt; [2:7]&#10;|       |       |--TRACK_HTML_TAG_NAME -&gt; track [2:8]&#10;|       |       `--END -&gt; &gt; [2:13]&#10;|       |--TEXT -&gt;   [2:14]&#10;|       `--TR_TAG_END -&gt; TR_TAG_END [2:15]&#10;|           |--START -&gt; &lt; [2:15]&#10;|           |--SLASH -&gt; / [2:16]&#10;|           |--TR_HTML_TAG_NAME -&gt; tr [2:17]&#10;|           `--END -&gt; &gt; [2:19]&#10;|--NEWLINE -&gt; \n [2:20]&#10;|--LEADING_ASTERISK -&gt; * [3:0]&#10;|--TEXT -&gt;   [3:1]&#10;|--HTML_ELEMENT -&gt; HTML_ELEMENT [3:2]&#10;|   `--TD -&gt; TD [3:2]&#10;|       |--TD_TAG_START -&gt; TD_TAG_START [3:2]&#10;|       |   |--START -&gt; &lt; [3:2]&#10;|       |   |--TD_HTML_TAG_NAME -&gt; td [3:3]&#10;|       |   `--END -&gt; &gt; [3:5]&#10;|       |--TEXT -&gt;   [3:6]&#10;|       |--SINGLETON_ELEMENT -&gt; SINGLETON_ELEMENT [3:7]&#10;|       |   `--TRACK_TAG -&gt; TRACK_TAG [3:7]&#10;|       |       |--START -&gt; &lt; [3:7]&#10;|       |       |--TRACK_HTML_TAG_NAME -&gt; track [3:8]&#10;|       |       `--END -&gt; &gt; [3:13]&#10;|       |--TEXT -&gt;   [3:14]&#10;|       `--TD_TAG_END -&gt; TD_TAG_END [3:15]&#10;|           |--START -&gt; &lt; [3:15]&#10;|           |--SLASH -&gt; / [3:16]&#10;|           |--TD_HTML_TAG_NAME -&gt; td [3:17]&#10;|           `--END -&gt; &gt; [3:19]&#10;|--NEWLINE -&gt; \n [3:20]&#10;|--LEADING_ASTERISK -&gt; * [4:0]&#10;|--TEXT -&gt;   [4:1]&#10;|--HTML_ELEMENT -&gt; HTML_ELEMENT [4:2]&#10;|   `--TH -&gt; TH [4:2]&#10;|       |--TH_TAG_START -&gt; TH_TAG_START [4:2]&#10;|       |   |--START -&gt; &lt; [4:2]&#10;|       |   |--TH_HTML_TAG_NAME -&gt; th [4:3]&#10;|       |   `--END -&gt; &gt; [4:5]&#10;|       |--TEXT -&gt;   [4:6]&#10;|       |--SINGLETON_ELEMENT -&gt; SINGLETON_ELEMENT [4:7]&#10;|       |   `--TRACK_TAG -&gt; TRACK_TAG [4:7]&#10;|       |       |--START -&gt; &lt; [4:7]&#10;|       |       |--TRACK_HTML_TAG_NAME -&gt; track [4:8]&#10;|       |       `--END -&gt; &gt; [4:13]&#10;|       |--TEXT -&gt;   [4:14]&#10;|       `--TH_TAG_END -&gt; TH_TAG_END [4:15]&#10;|           |--START -&gt; &lt; [4:15]&#10;|           |--SLASH -&gt; / [4:16]&#10;|           |--TH_HTML_TAG_NAME -&gt; th [4:17]&#10;|           `--END -&gt; &gt; [4:19]&#10;|--NEWLINE -&gt; \n [4:20]&#10;|--LEADING_ASTERISK -&gt; * [5:0]&#10;|--TEXT -&gt;   [5:1]&#10;|--HTML_ELEMENT -&gt; HTML_ELEMENT [5:2]&#10;|   `--BODY -&gt; BODY [5:2]&#10;|       |--BODY_TAG_START -&gt; BODY_TAG_START [5:2]&#10;|       |   |--START -&gt; &lt; [5:2]&#10;|       |   |--BODY_HTML_TAG_NAME -&gt; body [5:3]&#10;|       |   `--END -&gt; &gt; [5:7]&#10;|       |--TEXT -&gt;   [5:8]&#10;|       |--SINGLETON_ELEMENT -&gt; SINGLETON_ELEMENT [5:9]&#10;|       |   `--TRACK_TAG -&gt; TRACK_TAG [5:9]&#10;|       |       |--START -&gt; &lt; [5:9]&#10;|       |       |--TRACK_HTML_TAG_NAME -&gt; track [5:10]&#10;|       |       `--END -&gt; &gt; [5:15]&#10;|       |--TEXT -&gt;   [5:16]&#10;|       `--BODY_TAG_END -&gt; BODY_TAG_END [5:17]&#10;|           |--START -&gt; &lt; [5:17]&#10;|           |--SLASH -&gt; / [5:18]&#10;|           |--BODY_HTML_TAG_NAME -&gt; body [5:19]&#10;|           `--END -&gt; &gt; [5:23]&#10;|--NEWLINE -&gt; \n [5:24]&#10;|--LEADING_ASTERISK -&gt; * [6:0]&#10;|--TEXT -&gt;   [6:1]&#10;|--HTML_ELEMENT -&gt; HTML_ELEMENT [6:2]&#10;|   `--COLGROUP -&gt; COLGROUP [6:2]&#10;|       |--COLGROUP_TAG_START -&gt; COLGROUP_TAG_START [6:2]&#10;|       |   |--START -&gt; &lt; [6:2]&#10;|       |   |--COLGROUP_HTML_TAG_NAME -&gt; colgroup [6:3]&#10;|       |   `--END -&gt; &gt; [6:11]&#10;|       |--TEXT -&gt;   [6:12]&#10;|       |--SINGLETON_ELEMENT -&gt; SINGLETON_ELEMENT [6:13]&#10;|       |   `--TRACK_TAG -&gt; TRACK_TAG [6:13]&#10;|       |       |--START -&gt; &lt; [6:13]&#10;|       |       |--TRACK_HTML_TAG_NAME -&gt; track [6:14]&#10;|       |       `--END -&gt; &gt; [6:19]&#10;|       |--TEXT -&gt;   [6:20]&#10;|       `--COLGROUP_TAG_END -&gt; COLGROUP_TAG_END [6:21]&#10;|           |--START -&gt; &lt; [6:21]&#10;|           |--SLASH -&gt; / [6:22]&#10;|           |--COLGROUP_HTML_TAG_NAME -&gt; colgroup [6:23]&#10;|           `--END -&gt; &gt; [6:31]&#10;|--NEWLINE -&gt; \n [6:32]&#10;|--LEADING_ASTERISK -&gt; * [7:0]&#10;|--TEXT -&gt;   [7:1]&#10;|--HTML_ELEMENT -&gt; HTML_ELEMENT [7:2]&#10;|   `--DD -&gt; DD [7:2]&#10;|       |--DD_TAG_START -&gt; DD_TAG_START [7:2]&#10;|       |   |--START -&gt; &lt; [7:2]&#10;|       |   |--DD_HTML_TAG_NAME -&gt; dd [7:3]&#10;|       |   `--END -&gt; &gt; [7:5]&#10;|       |--TEXT -&gt;   [7:6]&#10;|       |--SINGLETON_ELEMENT -&gt; SINGLETON_ELEMENT [7:7]&#10;|       |   `--TRACK_TAG -&gt; TRACK_TAG [7:7]&#10;|       |       |--START -&gt; &lt; [7:7]&#10;|       |       |--TRACK_HTML_TAG_NAME -&gt; track [7:8]&#10;|       |       `--END -&gt; &gt; [7:13]&#10;|       |--TEXT -&gt;   [7:14]&#10;|       `--DD_TAG_END -&gt; DD_TAG_END [7:15]&#10;|           |--START -&gt; &lt; [7:15]&#10;|           |--SLASH -&gt; / [7:16]&#10;|           |--DD_HTML_TAG_NAME -&gt; dd [7:17]&#10;|           `--END -&gt; &gt; [7:19]&#10;|--NEWLINE -&gt; \n [7:20]&#10;|--LEADING_ASTERISK -&gt; * [8:0]&#10;|--TEXT -&gt;   [8:1]&#10;|--HTML_ELEMENT -&gt; HTML_ELEMENT [8:2]&#10;|   `--DT -&gt; DT [8:2]&#10;|       |--DT_TAG_START -&gt; DT_TAG_START [8:2]&#10;|       |   |--START -&gt; &lt; [8:2]&#10;|       |   |--DT_HTML_TAG_NAME -&gt; dt [8:3]&#10;|       |   `--END -&gt; &gt; [8:5]&#10;|       |--TEXT -&gt;   [8:6]&#10;|       |--SINGLETON_ELEMENT -&gt; SINGLETON_ELEMENT [8:7]&#10;|       |   `--TRACK_TAG -&gt; TRACK_TAG [8:7]&#10;|       |       |--START -&gt; &lt; [8:7]&#10;|       |       |--TRACK_HTML_TAG_NAME -&gt; track [8:8]&#10;|       |       `--END -&gt; &gt; [8:13]&#10;|       |--TEXT -&gt;   [8:14]&#10;|       `--DT_TAG_END -&gt; DT_TAG_END [8:15]&#10;|           |--START -&gt; &lt; [8:15]&#10;|           |--SLASH -&gt; / [8:16]&#10;|           |--DT_HTML_TAG_NAME -&gt; dt [8:17]&#10;|           `--END -&gt; &gt; [8:19]&#10;|--NEWLINE -&gt; \n [8:20]&#10;|--LEADING_ASTERISK -&gt; * [9:0]&#10;|--TEXT -&gt;   [9:1]&#10;|--HTML_ELEMENT -&gt; HTML_ELEMENT [9:2]&#10;|   `--HEAD -&gt; HEAD [9:2]&#10;|       |--HEAD_TAG_START -&gt; HEAD_TAG_START [9:2]&#10;|       |   |--START -&gt; &lt; [9:2]&#10;|       |   |--HEAD_HTML_TAG_NAME -&gt; head [9:3]&#10;|       |   `--END -&gt; &gt; [9:7]&#10;|       |--TEXT -&gt;   [9:8]&#10;|       |--SINGLETON_ELEMENT -&gt; SINGLETON_ELEMENT [9:9]&#10;|       |   `--TRACK_TAG -&gt; TRACK_TAG [9:9]&#10;|       |       |--START -&gt; &lt; [9:9]&#10;|       |       |--TRACK_HTML_TAG_NAME -&gt; track [9:10]&#10;|       |       `--END -&gt; &gt; [9:15]&#10;|       |--TEXT -&gt;   [9:16]&#10;|       `--HEAD_TAG_END -&gt; HEAD_TAG_END [9:17]&#10;|           |--START -&gt; &lt; [9:17]&#10;|           |--SLASH -&gt; / [9:18]&#10;|           |--HEAD_HTML_TAG_NAME -&gt; head [9:19]&#10;|           `--END -&gt; &gt; [9:23]&#10;|--NEWLINE -&gt; \n [9:24]&#10;|--LEADING_ASTERISK -&gt; * [10:0]&#10;|--TEXT -&gt;   [10:1]&#10;|--HTML_ELEMENT -&gt; HTML_ELEMENT [10:2]&#10;|   `--HTML -&gt; HTML [10:2]&#10;|       |--HTML_TAG_START -&gt; HTML_TAG_START [10:2]&#10;|       |   |--START -&gt; &lt; [10:2]&#10;|       |   |--HTML_HTML_TAG_NAME -&gt; html [10:3]&#10;|       |   `--END -&gt; &gt; [10:7]&#10;|       |--TEXT -&gt;   [10:8]&#10;|       |--SINGLETON_ELEMENT -&gt; SINGLETON_ELEMENT [10:9]&#10;|       |   `--TRACK_TAG -&gt; TRACK_TAG [10:9]&#10;|       |       |--START -&gt; &lt; [10:9]&#10;|       |       |--TRACK_HTML_TAG_NAME -&gt; track [10:10]&#10;|       |       `--END -&gt; &gt; [10:15]&#10;|       |--TEXT -&gt;   [10:16]&#10;|       `--HTML_TAG_END -&gt; HTML_TAG_END [10:17]&#10;|           |--START -&gt; &lt; [10:17]&#10;|           |--SLASH -&gt; / [10:18]&#10;|           |--HTML_HTML_TAG_NAME -&gt; html [10:19]&#10;|           `--END -&gt; &gt; [10:23]&#10;|--NEWLINE -&gt; \n [10:24]&#10;|--LEADING_ASTERISK -&gt; * [11:0]&#10;|--TEXT -&gt;   [11:1]&#10;|--HTML_ELEMENT -&gt; HTML_ELEMENT [11:2]&#10;|   `--OPTION -&gt; OPTION [11:2]&#10;|       |--OPTION_TAG_START -&gt; OPTION_TAG_START [11:2]&#10;|       |   |--START -&gt; &lt; [11:2]&#10;|       |   |--OPTION_HTML_TAG_NAME -&gt; option [11:3]&#10;|       |   `--END -&gt; &gt; [11:9]&#10;|       |--TEXT -&gt;   [11:10]&#10;|       |--SINGLETON_ELEMENT -&gt; SINGLETON_ELEMENT [11:11]&#10;|       |   `--TRACK_TAG -&gt; TRACK_TAG [11:11]&#10;|       |       |--START -&gt; &lt; [11:11]&#10;|       |       |--TRACK_HTML_TAG_NAME -&gt; track [11:12]&#10;|       |       `--END -&gt; &gt; [11:17]&#10;|       |--TEXT -&gt;   [11:18]&#10;|       `--OPTION_TAG_END -&gt; OPTION_TAG_END [11:19]&#10;|           |--START -&gt; &lt; [11:19]&#10;|           |--SLASH -&gt; / [11:20]&#10;|           |--OPTION_HTML_TAG_NAME -&gt; option [11:21]&#10;|           `--END -&gt; &gt; [11:27]&#10;|--NEWLINE -&gt; \n [11:28]&#10;|--LEADING_ASTERISK -&gt; * [12:0]&#10;|--TEXT -&gt;   [12:1]&#10;|--HTML_ELEMENT -&gt; HTML_ELEMENT [12:2]&#10;|   `--TBODY -&gt; TBODY [12:2]&#10;|       |--TBODY_TAG_START -&gt; TBODY_TAG_START [12:2]&#10;|       |   |--START -&gt; &lt; [12:2]&#10;|       |   |--TBODY_HTML_TAG_NAME -&gt; tbody [12:3]&#10;|       |   `--END -&gt; &gt; [12:8]&#10;|       |--TEXT -&gt;   [12:9]&#10;|       |--SINGLETON_ELEMENT -&gt; SINGLETON_ELEMENT [12:10]&#10;|       |   `--TRACK_TAG -&gt; TRACK_TAG [12:10]&#10;|       |       |--START -&gt; &lt; [12:10]&#10;|       |       |--TRACK_HTML_TAG_NAME -&gt; track [12:11]&#10;|       |       `--END -&gt; &gt; [12:16]&#10;|       |--TEXT -&gt;   [12:17]&#10;|       `--TBODY_TAG_END -&gt; TBODY_TAG_END [12:18]&#10;|           |--START -&gt; &lt; [12:18]&#10;|           |--SLASH -&gt; / [12:19]&#10;|           |--TBODY_HTML_TAG_NAME -&gt; tbody [12:20]&#10;|           `--END -&gt; &gt; [12:25]&#10;|--NEWLINE -&gt; \n [12:26]&#10;|--LEADING_ASTERISK -&gt; * [13:0]&#10;|--TEXT -&gt;   [13:1]&#10;|--HTML_ELEMENT -&gt; HTML_ELEMENT [13:2]&#10;|   `--THEAD -&gt; THEAD [13:2]&#10;|       |--THEAD_TAG_START -&gt; THEAD_TAG_START [13:2]&#10;|       |   |--START -&gt; &lt; [13:2]&#10;|       |   |--THEAD_HTML_TAG_NAME -&gt; thead [13:3]&#10;|       |   `--END -&gt; &gt; [13:8]&#10;|       |--TEXT -&gt;   [13:9]&#10;|       |--SINGLETON_ELEMENT -&gt; SINGLETON_ELEMENT [13:10]&#10;|       |   `--TRACK_TAG -&gt; TRACK_TAG [13:10]&#10;|       |       |--START -&gt; &lt; [13:10]&#10;|       |       |--TRACK_HTML_TAG_NAME -&gt; track [13:11]&#10;|       |       `--END -&gt; &gt; [13:16]&#10;|       |--TEXT -&gt;   [13:17]&#10;|       `--THEAD_TAG_END -&gt; THEAD_TAG_END [13:18]&#10;|           |--START -&gt; &lt; [13:18]&#10;|           |--SLASH -&gt; / [13:19]&#10;|           |--THEAD_HTML_TAG_NAME -&gt; thead [13:20]&#10;|           `--END -&gt; &gt; [13:25]&#10;|--NEWLINE -&gt; \n [13:26]&#10;|--LEADING_ASTERISK -&gt; * [14:0]&#10;|--TEXT -&gt;   [14:1]&#10;|--HTML_ELEMENT -&gt; HTML_ELEMENT [14:2]&#10;|   `--TFOOT -&gt; TFOOT [14:2]&#10;|       |--TFOOT_TAG_START -&gt; TFOOT_TAG_START [14:2]&#10;|       |   |--START -&gt; &lt; [14:2]&#10;|       |   |--TFOOT_HTML_TAG_NAME -&gt; tfoot [14:3]&#10;|       |   `--END -&gt; &gt; [14:8]&#10;|       |--TEXT -&gt;   [14:9]&#10;|       |--SINGLETON_ELEMENT -&gt; SINGLETON_ELEMENT [14:10]&#10;|       |   `--TRACK_TAG -&gt; TRACK_TAG [14:10]&#10;|       |       |--START -&gt; &lt; [14:10]&#10;|       |       |--TRACK_HTML_TAG_NAME -&gt; track [14:11]&#10;|       |       `--END -&gt; &gt; [14:16]&#10;|       |--TEXT -&gt;   [14:17]&#10;|       `--TFOOT_TAG_END -&gt; TFOOT_TAG_END [14:18]&#10;|           |--START -&gt; &lt; [14:18]&#10;|           |--SLASH -&gt; / [14:19]&#10;|           |--TFOOT_HTML_TAG_NAME -&gt; tfoot [14:20]&#10;|           `--END -&gt; &gt; [14:25]&#10;|--NEWLINE -&gt; \n [14:26]&#10;|--NEWLINE -&gt; \n [15:0]&#10;|--LEADING_ASTERISK -&gt; * [16:0]&#10;|--TEXT -&gt;   [16:1]&#10;|--HTML_ELEMENT -&gt; HTML_ELEMENT [16:2]&#10;|   `--PARAGRAPH -&gt; PARAGRAPH [16:2]&#10;|       |--P_TAG_START -&gt; P_TAG_START [16:2]&#10;|       |   |--START -&gt; &lt; [16:2]&#10;|       |   |--P_HTML_TAG_NAME -&gt; p [16:3]&#10;|       |   `--END -&gt; &gt; [16:4]&#10;|       |--TEXT -&gt;   [16:5]&#10;|       |--SINGLETON_ELEMENT -&gt; SINGLETON_ELEMENT [16:6]&#10;|       |   `--TRACK_TAG -&gt; TRACK_TAG [16:6]&#10;|       |       |--START -&gt; &lt; [16:6]&#10;|       |       |--TRACK_HTML_TAG_NAME -&gt; track [16:7]&#10;|       |       `--SLASH_END -&gt; /&gt; [16:12]&#10;|       |--TEXT -&gt;   [16:14]&#10;|       `--P_TAG_END -&gt; P_TAG_END [16:15]&#10;|           |--START -&gt; &lt; [16:15]&#10;|           |--SLASH -&gt; / [16:16]&#10;|           |--P_HTML_TAG_NAME -&gt; p [16:17]&#10;|           `--END -&gt; &gt; [16:18]&#10;|--NEWLINE -&gt; \n [16:19]&#10;|--LEADING_ASTERISK -&gt; * [17:0]&#10;|--TEXT -&gt;   [17:1]&#10;|--HTML_ELEMENT -&gt; HTML_ELEMENT [17:2]&#10;|   `--LI -&gt; LI [17:2]&#10;|       |--LI_TAG_START -&gt; LI_TAG_START [17:2]&#10;|       |   |--START -&gt; &lt; [17:2]&#10;|       |   |--LI_HTML_TAG_NAME -&gt; li [17:3]&#10;|       |   `--END -&gt; &gt; [17:5]&#10;|       |--TEXT -&gt;   [17:6]&#10;|       |--SINGLETON_ELEMENT -&gt; SINGLETON_ELEMENT [17:7]&#10;|       |   `--TRACK_TAG -&gt; TRACK_TAG [17:7]&#10;|       |       |--START -&gt; &lt; [17:7]&#10;|       |       |--TRACK_HTML_TAG_NAME -&gt; track [17:8]&#10;|       |       `--SLASH_END -&gt; /&gt; [17:13]&#10;|       |--TEXT -&gt;   [17:15]&#10;|       `--LI_TAG_END -&gt; LI_TAG_END [17:16]&#10;|           |--START -&gt; &lt; [17:16]&#10;|           |--SLASH -&gt; / [17:17]&#10;|           |--LI_HTML_TAG_NAME -&gt; li [17:18]&#10;|           `--END -&gt; &gt; [17:20]&#10;|--NEWLINE -&gt; \n [17:21]&#10;|--LEADING_ASTERISK -&gt; * [18:0]&#10;|--TEXT -&gt;   [18:1]&#10;|--HTML_ELEMENT -&gt; HTML_ELEMENT [18:2]&#10;|   `--TR -&gt; TR [18:2]&#10;|       |--TR_TAG_START -&gt; TR_TAG_START [18:2]&#10;|       |   |--START -&gt; &lt; [18:2]&#10;|       |   |--TR_HTML_TAG_NAME -&gt; tr [18:3]&#10;|       |   `--END -&gt; &gt; [18:5]&#10;|       |--TEXT -&gt;   [18:6]&#10;|       |--SINGLETON_ELEMENT -&gt; SINGLETON_ELEMENT [18:7]&#10;|       |   `--TRACK_TAG -&gt; TRACK_TAG [18:7]&#10;|       |       |--START -&gt; &lt; [18:7]&#10;|       |       |--TRACK_HTML_TAG_NAME -&gt; track [18:8]&#10;|       |       `--SLASH_END -&gt; /&gt; [18:13]&#10;|       |--TEXT -&gt;   [18:15]&#10;|       `--TR_TAG_END -&gt; TR_TAG_END [18:16]&#10;|           |--START -&gt; &lt; [18:16]&#10;|           |--SLASH -&gt; / [18:17]&#10;|           |--TR_HTML_TAG_NAME -&gt; tr [18:18]&#10;|           `--END -&gt; &gt; [18:20]&#10;|--NEWLINE -&gt; \n [18:21]&#10;|--LEADING_ASTERISK -&gt; * [19:0]&#10;|--TEXT -&gt;   [19:1]&#10;|--HTML_ELEMENT -&gt; HTML_ELEMENT [19:2]&#10;|   `--TD -&gt; TD [19:2]&#10;|       |--TD_TAG_START -&gt; TD_TAG_START [19:2]&#10;|       |   |--START -&gt; &lt; [19:2]&#10;|       |   |--TD_HTML_TAG_NAME -&gt; td [19:3]&#10;|       |   `--END -&gt; &gt; [19:5]&#10;|       |--TEXT -&gt;   [19:6]&#10;|       |--SINGLETON_ELEMENT -&gt; SINGLETON_ELEMENT [19:7]&#10;|       |   `--TRACK_TAG -&gt; TRACK_TAG [19:7]&#10;|       |       |--START -&gt; &lt; [19:7]&#10;|       |       |--TRACK_HTML_TAG_NAME -&gt; track [19:8]&#10;|       |       `--SLASH_END -&gt; /&gt; [19:13]&#10;|       |--TEXT -&gt;   [19:15]&#10;|       `--TD_TAG_END -&gt; TD_TAG_END [19:16]&#10;|           |--START -&gt; &lt; [19:16]&#10;|           |--SLASH -&gt; / [19:17]&#10;|           |--TD_HTML_TAG_NAME -&gt; td [19:18]&#10;|           `--END -&gt; &gt; [19:20]&#10;|--NEWLINE -&gt; \n [19:21]&#10;|--LEADING_ASTERISK -&gt; * [20:0]&#10;|--TEXT -&gt;   [20:1]&#10;|--HTML_ELEMENT -&gt; HTML_ELEMENT [20:2]&#10;|   `--TH -&gt; TH [20:2]&#10;|       |--TH_TAG_START -&gt; TH_TAG_START [20:2]&#10;|       |   |--START -&gt; &lt; [20:2]&#10;|       |   |--TH_HTML_TAG_NAME -&gt; th [20:3]&#10;|       |   `--END -&gt; &gt; [20:5]&#10;|       |--TEXT -&gt;   [20:6]&#10;|       |--SINGLETON_ELEMENT -&gt; SINGLETON_ELEMENT [20:7]&#10;|       |   `--TRACK_TAG -&gt; TRACK_TAG [20:7]&#10;|       |       |--START -&gt; &lt; [20:7]&#10;|       |       |--TRACK_HTML_TAG_NAME -&gt; track [20:8]&#10;|       |       `--SLASH_END -&gt; /&gt; [20:13]&#10;|       |--TEXT -&gt;   [20:15]&#10;|       `--TH_TAG_END -&gt; TH_TAG_END [20:16]&#10;|           |--START -&gt; &lt; [20:16]&#10;|           |--SLASH -&gt; / [20:17]&#10;|           |--TH_HTML_TAG_NAME -&gt; th [20:18]&#10;|           `--END -&gt; &gt; [20:20]&#10;|--NEWLINE -&gt; \n [20:21]&#10;|--LEADING_ASTERISK -&gt; * [21:0]&#10;|--TEXT -&gt;   [21:1]&#10;|--HTML_ELEMENT -&gt; HTML_ELEMENT [21:2]&#10;|   `--BODY -&gt; BODY [21:2]&#10;|       |--BODY_TAG_START -&gt; BODY_TAG_START [21:2]&#10;|       |   |--START -&gt; &lt; [21:2]&#10;|       |   |--BODY_HTML_TAG_NAME -&gt; body [21:3]&#10;|       |   `--END -&gt; &gt; [21:7]&#10;|       |--TEXT -&gt;   [21:8]&#10;|       |--SINGLETON_ELEMENT -&gt; SINGLETON_ELEMENT [21:9]&#10;|       |   `--TRACK_TAG -&gt; TRACK_TAG [21:9]&#10;|       |       |--START -&gt; &lt; [21:9]&#10;|       |       |--TRACK_HTML_TAG_NAME -&gt; track [21:10]&#10;|       |       `--SLASH_END -&gt; /&gt; [21:15]&#10;|       |--TEXT -&gt;   [21:17]&#10;|       `--BODY_TAG_END -&gt; BODY_TAG_END [21:18]&#10;|           |--START -&gt; &lt; [21:18]&#10;|           |--SLASH -&gt; / [21:19]&#10;|           |--BODY_HTML_TAG_NAME -&gt; body [21:20]&#10;|           `--END -&gt; &gt; [21:24]&#10;|--NEWLINE -&gt; \n [21:25]&#10;|--LEADING_ASTERISK -&gt; * [22:0]&#10;|--TEXT -&gt;   [22:1]&#10;|--HTML_ELEMENT -&gt; HTML_ELEMENT [22:2]&#10;|   `--COLGROUP -&gt; COLGROUP [22:2]&#10;|       |--COLGROUP_TAG_START -&gt; COLGROUP_TAG_START [22:2]&#10;|       |   |--START -&gt; &lt; [22:2]&#10;|       |   |--COLGROUP_HTML_TAG_NAME -&gt; colgroup [22:3]&#10;|       |   `--END -&gt; &gt; [22:11]&#10;|       |--TEXT -&gt;   [22:12]&#10;|       |--SINGLETON_ELEMENT -&gt; SINGLETON_ELEMENT [22:13]&#10;|       |   `--TRACK_TAG -&gt; TRACK_TAG [22:13]&#10;|       |       |--START -&gt; &lt; [22:13]&#10;|       |       |--TRACK_HTML_TAG_NAME -&gt; track [22:14]&#10;|       |       `--SLASH_END -&gt; /&gt; [22:19]&#10;|       |--TEXT -&gt;   [22:21]&#10;|       `--COLGROUP_TAG_END -&gt; COLGROUP_TAG_END [22:22]&#10;|           |--START -&gt; &lt; [22:22]&#10;|           |--SLASH -&gt; / [22:23]&#10;|           |--COLGROUP_HTML_TAG_NAME -&gt; colgroup [22:24]&#10;|           `--END -&gt; &gt; [22:32]&#10;|--NEWLINE -&gt; \n [22:33]&#10;|--LEADING_ASTERISK -&gt; * [23:0]&#10;|--TEXT -&gt;   [23:1]&#10;|--HTML_ELEMENT -&gt; HTML_ELEMENT [23:2]&#10;|   `--DD -&gt; DD [23:2]&#10;|       |--DD_TAG_START -&gt; DD_TAG_START [23:2]&#10;|       |   |--START -&gt; &lt; [23:2]&#10;|       |   |--DD_HTML_TAG_NAME -&gt; dd [23:3]&#10;|       |   `--END -&gt; &gt; [23:5]&#10;|       |--TEXT -&gt;   [23:6]&#10;|       |--SINGLETON_ELEMENT -&gt; SINGLETON_ELEMENT [23:7]&#10;|       |   `--TRACK_TAG -&gt; TRACK_TAG [23:7]&#10;|       |       |--START -&gt; &lt; [23:7]&#10;|       |       |--TRACK_HTML_TAG_NAME -&gt; track [23:8]&#10;|       |       `--SLASH_END -&gt; /&gt; [23:13]&#10;|       |--TEXT -&gt;   [23:15]&#10;|       `--DD_TAG_END -&gt; DD_TAG_END [23:16]&#10;|           |--START -&gt; &lt; [23:16]&#10;|           |--SLASH -&gt; / [23:17]&#10;|           |--DD_HTML_TAG_NAME -&gt; dd [23:18]&#10;|           `--END -&gt; &gt; [23:20]&#10;|--NEWLINE -&gt; \n [23:21]&#10;|--LEADING_ASTERISK -&gt; * [24:0]&#10;|--TEXT -&gt;   [24:1]&#10;|--HTML_ELEMENT -&gt; HTML_ELEMENT [24:2]&#10;|   `--DT -&gt; DT [24:2]&#10;|       |--DT_TAG_START -&gt; DT_TAG_START [24:2]&#10;|       |   |--START -&gt; &lt; [24:2]&#10;|       |   |--DT_HTML_TAG_NAME -&gt; dt [24:3]&#10;|       |   `--END -&gt; &gt; [24:5]&#10;|       |--TEXT -&gt;   [24:6]&#10;|       |--SINGLETON_ELEMENT -&gt; SINGLETON_ELEMENT [24:7]&#10;|       |   `--TRACK_TAG -&gt; TRACK_TAG [24:7]&#10;|       |       |--START -&gt; &lt; [24:7]&#10;|       |       |--TRACK_HTML_TAG_NAME -&gt; track [24:8]&#10;|       |       `--SLASH_END -&gt; /&gt; [24:13]&#10;|       |--TEXT -&gt;   [24:15]&#10;|       `--DT_TAG_END -&gt; DT_TAG_END [24:16]&#10;|           |--START -&gt; &lt; [24:16]&#10;|           |--SLASH -&gt; / [24:17]&#10;|           |--DT_HTML_TAG_NAME -&gt; dt [24:18]&#10;|           `--END -&gt; &gt; [24:20]&#10;|--NEWLINE -&gt; \n [24:21]&#10;|--LEADING_ASTERISK -&gt; * [25:0]&#10;|--TEXT -&gt;   [25:1]&#10;|--HTML_ELEMENT -&gt; HTML_ELEMENT [25:2]&#10;|   `--HEAD -&gt; HEAD [25:2]&#10;|       |--HEAD_TAG_START -&gt; HEAD_TAG_START [25:2]&#10;|       |   |--START -&gt; &lt; [25:2]&#10;|       |   |--HEAD_HTML_TAG_NAME -&gt; head [25:3]&#10;|       |   `--END -&gt; &gt; [25:7]&#10;|       |--TEXT -&gt;   [25:8]&#10;|       |--SINGLETON_ELEMENT -&gt; SINGLETON_ELEMENT [25:9]&#10;|       |   `--TRACK_TAG -&gt; TRACK_TAG [25:9]&#10;|       |       |--START -&gt; &lt; [25:9]&#10;|       |       |--TRACK_HTML_TAG_NAME -&gt; track [25:10]&#10;|       |       `--SLASH_END -&gt; /&gt; [25:15]&#10;|       |--TEXT -&gt;   [25:17]&#10;|       `--HEAD_TAG_END -&gt; HEAD_TAG_END [25:18]&#10;|           |--START -&gt; &lt; [25:18]&#10;|           |--SLASH -&gt; / [25:19]&#10;|           |--HEAD_HTML_TAG_NAME -&gt; head [25:20]&#10;|           `--END -&gt; &gt; [25:24]&#10;|--NEWLINE -&gt; \n [25:25]&#10;|--LEADING_ASTERISK -&gt; * [26:0]&#10;|--TEXT -&gt;   [26:1]&#10;|--HTML_ELEMENT -&gt; HTML_ELEMENT [26:2]&#10;|   `--HTML -&gt; HTML [26:2]&#10;|       |--HTML_TAG_START -&gt; HTML_TAG_START [26:2]&#10;|       |   |--START -&gt; &lt; [26:2]&#10;|       |   |--HTML_HTML_TAG_NAME -&gt; html [26:3]&#10;|       |   `--END -&gt; &gt; [26:7]&#10;|       |--TEXT -&gt;   [26:8]&#10;|       |--SINGLETON_ELEMENT -&gt; SINGLETON_ELEMENT [26:9]&#10;|       |   `--TRACK_TAG -&gt; TRACK_TAG [26:9]&#10;|       |       |--START -&gt; &lt; [26:9]&#10;|       |       |--TRACK_HTML_TAG_NAME -&gt; track [26:10]&#10;|       |       `--SLASH_END -&gt; /&gt; [26:15]&#10;|       |--TEXT -&gt;   [26:17]&#10;|       `--HTML_TAG_END -&gt; HTML_TAG_END [26:18]&#10;|           |--START -&gt; &lt; [26:18]&#10;|           |--SLASH -&gt; / [26:19]&#10;|           |--HTML_HTML_TAG_NAME -&gt; html [26:20]&#10;|           `--END -&gt; &gt; [26:24]&#10;|--NEWLINE -&gt; \n [26:25]&#10;|--LEADING_ASTERISK -&gt; * [27:0]&#10;|--TEXT -&gt;   [27:1]&#10;|--HTML_ELEMENT -&gt; HTML_ELEMENT [27:2]&#10;|   `--OPTION -&gt; OPTION [27:2]&#10;|       |--OPTION_TAG_START -&gt; OPTION_TAG_START [27:2]&#10;|       |   |--START -&gt; &lt; [27:2]&#10;|       |   |--OPTION_HTML_TAG_NAME -&gt; option [27:3]&#10;|       |   `--END -&gt; &gt; [27:9]&#10;|       |--TEXT -&gt;   [27:10]&#10;|       |--SINGLETON_ELEMENT -&gt; SINGLETON_ELEMENT [27:11]&#10;|       |   `--TRACK_TAG -&gt; TRACK_TAG [27:11]&#10;|       |       |--START -&gt; &lt; [27:11]&#10;|       |       |--TRACK_HTML_TAG_NAME -&gt; track [27:12]&#10;|       |       `--SLASH_END -&gt; /&gt; [27:17]&#10;|       |--TEXT -&gt;   [27:19]&#10;|       `--OPTION_TAG_END -&gt; OPTION_TAG_END [27:20]&#10;|           |--START -&gt; &lt; [27:20]&#10;|           |--SLASH -&gt; / [27:21]&#10;|           |--OPTION_HTML_TAG_NAME -&gt; option [27:22]&#10;|           `--END -&gt; &gt; [27:28]&#10;|--NEWLINE -&gt; \n [27:29]&#10;|--LEADING_ASTERISK -&gt; * [28:0]&#10;|--TEXT -&gt;   [28:1]&#10;|--HTML_ELEMENT -&gt; HTML_ELEMENT [28:2]&#10;|   `--TBODY -&gt; TBODY [28:2]&#10;|       |--TBODY_TAG_START -&gt; TBODY_TAG_START [28:2]&#10;|       |   |--START -&gt; &lt; [28:2]&#10;|       |   |--TBODY_HTML_TAG_NAME -&gt; tbody [28:3]&#10;|       |   `--END -&gt; &gt; [28:8]&#10;|       |--TEXT -&gt;   [28:9]&#10;|       |--SINGLETON_ELEMENT -&gt; SINGLETON_ELEMENT [28:10]&#10;|       |   `--TRACK_TAG -&gt; TRACK_TAG [28:10]&#10;|       |       |--START -&gt; &lt; [28:10]&#10;|       |       |--TRACK_HTML_TAG_NAME -&gt; track [28:11]&#10;|       |       `--SLASH_END -&gt; /&gt; [28:16]&#10;|       |--TEXT -&gt;   [28:18]&#10;|       `--TBODY_TAG_END -&gt; TBODY_TAG_END [28:19]&#10;|           |--START -&gt; &lt; [28:19]&#10;|           |--SLASH -&gt; / [28:20]&#10;|           |--TBODY_HTML_TAG_NAME -&gt; tbody [28:21]&#10;|           `--END -&gt; &gt; [28:26]&#10;|--NEWLINE -&gt; \n [28:27]&#10;|--LEADING_ASTERISK -&gt; * [29:0]&#10;|--TEXT -&gt;   [29:1]&#10;|--HTML_ELEMENT -&gt; HTML_ELEMENT [29:2]&#10;|   `--THEAD -&gt; THEAD [29:2]&#10;|       |--THEAD_TAG_START -&gt; THEAD_TAG_START [29:2]&#10;|       |   |--START -&gt; &lt; [29:2]&#10;|       |   |--THEAD_HTML_TAG_NAME -&gt; thead [29:3]&#10;|       |   `--END -&gt; &gt; [29:8]&#10;|       |--TEXT -&gt;   [29:9]&#10;|       |--SINGLETON_ELEMENT -&gt; SINGLETON_ELEMENT [29:10]&#10;|       |   `--TRACK_TAG -&gt; TRACK_TAG [29:10]&#10;|       |       |--START -&gt; &lt; [29:10]&#10;|       |       |--TRACK_HTML_TAG_NAME -&gt; track [29:11]&#10;|       |       `--SLASH_END -&gt; /&gt; [29:16]&#10;|       |--TEXT -&gt;   [29:18]&#10;|       `--THEAD_TAG_END -&gt; THEAD_TAG_END [29:19]&#10;|           |--START -&gt; &lt; [29:19]&#10;|           |--SLASH -&gt; / [29:20]&#10;|           |--THEAD_HTML_TAG_NAME -&gt; thead [29:21]&#10;|           `--END -&gt; &gt; [29:26]&#10;|--NEWLINE -&gt; \n [29:27]&#10;|--LEADING_ASTERISK -&gt; * [30:0]&#10;|--TEXT -&gt;   [30:1]&#10;|--HTML_ELEMENT -&gt; HTML_ELEMENT [30:2]&#10;|   `--TFOOT -&gt; TFOOT [30:2]&#10;|       |--TFOOT_TAG_START -&gt; TFOOT_TAG_START [30:2]&#10;|       |   |--START -&gt; &lt; [30:2]&#10;|       |   |--TFOOT_HTML_TAG_NAME -&gt; tfoot [30:3]&#10;|       |   `--END -&gt; &gt; [30:8]&#10;|       |--TEXT -&gt;   [30:9]&#10;|       |--SINGLETON_ELEMENT -&gt; SINGLETON_ELEMENT [30:10]&#10;|       |   `--TRACK_TAG -&gt; TRACK_TAG [30:10]&#10;|       |       |--START -&gt; &lt; [30:10]&#10;|       |       |--TRACK_HTML_TAG_NAME -&gt; track [30:11]&#10;|       |       `--SLASH_END -&gt; /&gt; [30:16]&#10;|       |--TEXT -&gt;   [30:18]&#10;|       `--TFOOT_TAG_END -&gt; TFOOT_TAG_END [30:19]&#10;|           |--START -&gt; &lt; [30:19]&#10;|           |--SLASH -&gt; / [30:20]&#10;|           |--TFOOT_HTML_TAG_NAME -&gt; tfoot [30:21]&#10;|           `--END -&gt; &gt; [30:26]&#10;|--NEWLINE -&gt; \n [30:27]&#10;|--NEWLINE -&gt; \n [31:0]&#10;|--LEADING_ASTERISK -&gt; * [32:0]&#10;|--TEXT -&gt;   [32:1]&#10;|--HTML_ELEMENT -&gt; HTML_ELEMENT [32:2]&#10;|   `--SINGLETON_ELEMENT -&gt; SINGLETON_ELEMENT [32:2]&#10;|       `--TRACK_TAG -&gt; TRACK_TAG [32:2]&#10;|           |--START -&gt; &lt; [32:2]&#10;|           |--TRACK_HTML_TAG_NAME -&gt; track [32:3]&#10;|           `--END -&gt; &gt; [32:8]&#10;|--NEWLINE -&gt; \n [32:9]&#10;|--LEADING_ASTERISK -&gt; * [33:0]&#10;|--TEXT -&gt;   [33:1]&#10;|--HTML_ELEMENT -&gt; HTML_ELEMENT [33:2]&#10;|   `--SINGLETON_ELEMENT -&gt; SINGLETON_ELEMENT [33:2]&#10;|       `--TRACK_TAG -&gt; TRACK_TAG [33:2]&#10;|           |--START -&gt; &lt; [33:2]&#10;|           |--TRACK_HTML_TAG_NAME -&gt; track [33:3]&#10;|           `--SLASH_END -&gt; /&gt; [33:8]&#10;|--NEWLINE -&gt; \n [33:10]&#10;|--LEADING_ASTERISK -&gt; * [34:0]&#10;|--TEXT -&gt;   [34:1]&#10;|--HTML_ELEMENT -&gt; HTML_ELEMENT [34:2]&#10;|   `--SINGLETON_ELEMENT -&gt; SINGLETON_ELEMENT [34:2]&#10;|       `--TRACK_TAG -&gt; TRACK_TAG [34:2]&#10;|           |--START -&gt; &lt; [34:2]&#10;|           |--TRACK_HTML_TAG_NAME -&gt; track [34:3]&#10;|           |--WS -&gt;   [34:8]&#10;|           |--ATTRIBUTE -&gt; ATTRIBUTE [34:9]&#10;|           |   |--HTML_TAG_NAME -&gt; attr [34:9]&#10;|           |   |--EQUALS -&gt; = [34:13]&#10;|           |   `--ATTR_VALUE -&gt; &quot;something&quot; [34:14]&#10;|           `--END -&gt; &gt; [34:26]&#10;|--NEWLINE -&gt; \n [34:27]&#10;|--LEADING_ASTERISK -&gt; * [35:0]&#10;|--TEXT -&gt;   [35:1]&#10;|--HTML_ELEMENT -&gt; HTML_ELEMENT [35:2]&#10;|   `--SINGLETON_ELEMENT -&gt; SINGLETON_ELEMENT [35:2]&#10;|       `--TRACK_TAG -&gt; TRACK_TAG [35:2]&#10;|           |--START -&gt; &lt; [35:2]&#10;|           |--TRACK_HTML_TAG_NAME -&gt; track [35:3]&#10;|           |--WS -&gt;   [35:8]&#10;|           |--ATTRIBUTE -&gt; ATTRIBUTE [35:9]&#10;|           |   |--HTML_TAG_NAME -&gt; attr [35:9]&#10;|           |   |--EQUALS -&gt; = [35:13]&#10;|           |   `--ATTR_VALUE -&gt; &quot;something&quot; [35:14]&#10;|           `--SLASH_END -&gt; /&gt; [35:26]&#10;|--NEWLINE -&gt; \n [35:28]&#10;|--LEADING_ASTERISK -&gt; * [36:0]&#10;|--TEXT -&gt;   [36:1]&#10;|--HTML_ELEMENT -&gt; HTML_ELEMENT [36:2]&#10;|   `--SINGLETON_ELEMENT -&gt; SINGLETON_ELEMENT [36:2]&#10;|       `--TRACK_TAG -&gt; TRACK_TAG [36:2]&#10;|           |--START -&gt; &lt; [36:2]&#10;|           |--TRACK_HTML_TAG_NAME -&gt; track [36:3]&#10;|           |--WS -&gt;   [36:8]&#10;|           |--ATTRIBUTE -&gt; ATTRIBUTE [36:9]&#10;|           |   |--HTML_TAG_NAME -&gt; attr [36:9]&#10;|           |   |--EQUALS -&gt; = [36:13]&#10;|           |   `--ATTR_VALUE -&gt; &quot;something&quot; [36:14]&#10;|           |--WS -&gt;   [36:26]&#10;|           |--ATTRIBUTE -&gt; ATTRIBUTE [36:27]&#10;|           |   |--HTML_TAG_NAME -&gt; attr2 [36:27]&#10;|           |   |--EQUALS -&gt; = [36:32]&#10;|           |   `--ATTR_VALUE -&gt; &quot;someotherthing&quot; [36:33]&#10;|           `--END -&gt; &gt; [36:50]&#10;|--NEWLINE -&gt; \n [36:51]&#10;|--LEADING_ASTERISK -&gt; * [37:0]&#10;|--TEXT -&gt;   [37:1]&#10;|--HTML_ELEMENT -&gt; HTML_ELEMENT [37:2]&#10;|   `--SINGLETON_ELEMENT -&gt; SINGLETON_ELEMENT [37:2]&#10;|       `--TRACK_TAG -&gt; TRACK_TAG [37:2]&#10;|           |--START -&gt; &lt; [37:2]&#10;|           |--TRACK_HTML_TAG_NAME -&gt; track [37:3]&#10;|           |--WS -&gt;   [37:8]&#10;|           |--ATTRIBUTE -&gt; ATTRIBUTE [37:9]&#10;|           |   |--HTML_TAG_NAME -&gt; attr [37:9]&#10;|           |   |--EQUALS -&gt; = [37:13]&#10;|           |   `--ATTR_VALUE -&gt; &quot;something&quot; [37:14]&#10;|           |--WS -&gt;   [37:26]&#10;|           |--ATTRIBUTE -&gt; ATTRIBUTE [37:27]&#10;|           |   |--HTML_TAG_NAME -&gt; attr2 [37:27]&#10;|           |   |--EQUALS -&gt; = [37:32]&#10;|           |   `--ATTR_VALUE -&gt; &quot;someotherthing&quot; [37:33]&#10;|           `--SLASH_END -&gt; /&gt; [37:50]&#10;|--NEWLINE -&gt; \n [37:52]&#10;|--LEADING_ASTERISK -&gt; * [38:0]&#10;|--TEXT -&gt;   [38:1]&#10;|--HTML_ELEMENT -&gt; HTML_ELEMENT [38:2]&#10;|   `--SINGLETON_ELEMENT -&gt; SINGLETON_ELEMENT [38:2]&#10;|       `--TRACK_TAG -&gt; TRACK_TAG [38:2]&#10;|           |--START -&gt; &lt; [38:2]&#10;|           |--TRACK_HTML_TAG_NAME -&gt; track [38:3]&#10;|           |--WS -&gt;   [38:8]&#10;|           |--ATTRIBUTE -&gt; ATTRIBUTE [38:9]&#10;|           |   |--HTML_TAG_NAME -&gt; attr [38:9]&#10;|           |   |--EQUALS -&gt; = [38:13]&#10;|           |   `--ATTR_VALUE -&gt; &quot;something&quot; [38:14]&#10;|           |--WS -&gt;   [38:26]&#10;|           |--NEWLINE -&gt; \n [38:27]&#10;|           |--LEADING_ASTERISK -&gt; * [39:0]&#10;|           |--WS -&gt;   [39:1]&#10;|           |--ATTRIBUTE -&gt; ATTRIBUTE [39:2]&#10;|           |   |--HTML_TAG_NAME -&gt; attr2 [39:2]&#10;|           |   |--EQUALS -&gt; = [39:7]&#10;|           |   `--ATTR_VALUE -&gt; &quot;someotherting&quot; [39:8]&#10;|           `--END -&gt; &gt; [39:24]&#10;|--NEWLINE -&gt; \n [39:25]&#10;|--LEADING_ASTERISK -&gt; * [40:0]&#10;|--TEXT -&gt;   [40:1]&#10;|--HTML_ELEMENT -&gt; HTML_ELEMENT [40:2]&#10;|   `--SINGLETON_ELEMENT -&gt; SINGLETON_ELEMENT [40:2]&#10;|       `--TRACK_TAG -&gt; TRACK_TAG [40:2]&#10;|           |--START -&gt; &lt; [40:2]&#10;|           |--TRACK_HTML_TAG_NAME -&gt; track [40:3]&#10;|           |--WS -&gt;   [40:8]&#10;|           |--ATTRIBUTE -&gt; ATTRIBUTE [40:9]&#10;|           |   |--HTML_TAG_NAME -&gt; attr [40:9]&#10;|           |   |--EQUALS -&gt; = [40:13]&#10;|           |   `--ATTR_VALUE -&gt; &quot;something&quot; [40:14]&#10;|           |--WS -&gt;   [40:26]&#10;|           |--NEWLINE -&gt; \n [40:27]&#10;|           |--LEADING_ASTERISK -&gt; * [41:0]&#10;|           |--WS -&gt;   [41:1]&#10;|           |--ATTRIBUTE -&gt; ATTRIBUTE [41:2]&#10;|           |   |--HTML_TAG_NAME -&gt; attr2 [41:2]&#10;|           |   |--EQUALS -&gt; = [41:7]&#10;|           |   `--ATTR_VALUE -&gt; &quot;someotherting&quot; [41:8]&#10;|           `--SLASH_END -&gt; /&gt; [41:24]&#10;`--EOF -&gt; &lt;EOF&gt; [41:26]&#13;]&#10;&gt;" type="org.junit.ComparisonFailure"><![CDATA[org.junit.ComparisonFailure: 
Generated tree from the javadoc file should match the pre-defined tree expected:<...DOC -> JAVADOC [0:0][
|--LEADING_ASTERISK -> * [0:0]
|--TEXT ->   [0:1]
|--HTML_ELEMENT -> HTML_ELEMENT [0:2]
|   `--PARAGRAPH -> PARAGRAPH [0:2]
|       |--P_TAG_START -> P_TAG_START [0:2]
|       |   |--START -> < [0:2]
|       |   |--P_HTML_TAG_NAME -> p [0:3]
|       |   `--END -> > [0:4]
|       |--TEXT ->   [0:5]
|       |--SINGLETON_ELEMENT -> SINGLETON_ELEMENT [0:6]
|       |   `--TRACK_TAG -> TRACK_TAG [0:6]
|       |       |--START -> < [0:6]
|       |       |--TRACK_HTML_TAG_NAME -> track [0:7]
|       |       `--END -> > [0:12]
|       |--TEXT ->   [0:13]
|       `--P_TAG_END -> P_TAG_END [0:14]
|           |--START -> < [0:14]
|           |--SLASH -> / [0:15]
|           |--P_HTML_TAG_NAME -> p [0:16]
|           `--END -> > [0:17]
|--NEWLINE -> \n [0:18]
|--LEADING_ASTERISK -> * [1:0]
|--TEXT ->   [1:1]
|--HTML_ELEMENT -> HTML_ELEMENT [1:2]
|   `--LI -> LI [1:2]
|       |--LI_TAG_START -> LI_TAG_START [1:2]
|       |   |--START -> < [1:2]
|       |   |--LI_HTML_TAG_NAME -> li [1:3]
|       |   `--END -> > [1:5]
|       |--TEXT ->   [1:6]
|       |--SINGLETON_ELEMENT -> SINGLETON_ELEMENT [1:7]
|       |   `--TRACK_TAG -> TRACK_TAG [1:7]
|       |       |--START -> < [1:7]
|       |       |--TRACK_HTML_TAG_NAME -> track [1:8]
|       |       `--END -> > [1:13]
|       |--TEXT ->   [1:14]
|       `--LI_TAG_END -> LI_TAG_END [1:15]
|           |--START -> < [1:15]
|           |--SLASH -> / [1:16]
|           |--LI_HTML_TAG_NAME -> li [1:17]
|           `--END -> > [1:19]
|--NEWLINE -> \n [1:20]
|--LEADING_ASTERISK -> * [2:0]
|--TEXT ->   [2:1]
|--HTML_ELEMENT -> HTML_ELEMENT [2:2]
|   `--TR -> TR [2:2]
|       |--TR_TAG_START -> TR_TAG_START [2:2]
|       |   |--START -> < [2:2]
|       |   |--TR_HTML_TAG_NAME -> tr [2:3]
|       |   `--END -> > [2:5]
|       |--TEXT ->   [2:6]
|       |--SINGLETON_ELEMENT -> SINGLETON_ELEMENT [2:7]
|       |   `--TRACK_TAG -> TRACK_TAG [2:7]
|       |       |--START -> < [2:7]
|       |       |--TRACK_HTML_TAG_NAME -> track [2:8]
|       |       `--END -> > [2:13]
|       |--TEXT ->   [2:14]
|       `--TR_TAG_END -> TR_TAG_END [2:15]
|           |--START -> < [2:15]
|           |--SLASH -> / [2:16]
|           |--TR_HTML_TAG_NAME -> tr [2:17]
|           `--END -> > [2:19]
|--NEWLINE -> \n [2:20]
|--LEADING_ASTERISK -> * [3:0]
|--TEXT ->   [3:1]
|--HTML_ELEMENT -> HTML_ELEMENT [3:2]
|   `--TD -> TD [3:2]
|       |--TD_TAG_START -> TD_TAG_START [3:2]
|       |   |--START -> < [3:2]
|       |   |--TD_HTML_TAG_NAME -> td [3:3]
|       |   `--END -> > [3:5]
|       |--TEXT ->   [3:6]
|       |--SINGLETON_ELEMENT -> SINGLETON_ELEMENT [3:7]
|       |   `--TRACK_TAG -> TRACK_TAG [3:7]
|       |       |--START -> < [3:7]
|       |       |--TRACK_HTML_TAG_NAME -> track [3:8]
|       |       `--END -> > [3:13]
|       |--TEXT ->   [3:14]
|       `--TD_TAG_END -> TD_TAG_END [3:15]
|           |--START -> < [3:15]
|           |--SLASH -> / [3:16]
|           |--TD_HTML_TAG_NAME -> td [3:17]
|           `--END -> > [3:19]
|--NEWLINE -> \n [3:20]
|--LEADING_ASTERISK -> * [4:0]
|--TEXT ->   [4:1]
|--HTML_ELEMENT -> HTML_ELEMENT [4:2]
|   `--TH -> TH [4:2]
|       |--TH_TAG_START -> TH_TAG_START [4:2]
|       |   |--START -> < [4:2]
|       |   |--TH_HTML_TAG_NAME -> th [4:3]
|       |   `--END -> > [4:5]
|       |--TEXT ->   [4:6]
|       |--SINGLETON_ELEMENT -> SINGLETON_ELEMENT [4:7]
|       |   `--TRACK_TAG -> TRACK_TAG [4:7]
|       |       |--START -> < [4:7]
|       |       |--TRACK_HTML_TAG_NAME -> track [4:8]
|       |       `--END -> > [4:13]
|       |--TEXT ->   [4:14]
|       `--TH_TAG_END -> TH_TAG_END [4:15]
|           |--START -> < [4:15]
|           |--SLASH -> / [4:16]
|           |--TH_HTML_TAG_NAME -> th [4:17]
|           `--END -> > [4:19]
|--NEWLINE -> \n [4:20]
|--LEADING_ASTERISK -> * [5:0]
|--TEXT ->   [5:1]
|--HTML_ELEMENT -> HTML_ELEMENT [5:2]
|   `--BODY -> BODY [5:2]
|       |--BODY_TAG_START -> BODY_TAG_START [5:2]
|       |   |--START -> < [5:2]
|       |   |--BODY_HTML_TAG_NAME -> body [5:3]
|       |   `--END -> > [5:7]
|       |--TEXT ->   [5:8]
|       |--SINGLETON_ELEMENT -> SINGLETON_ELEMENT [5:9]
|       |   `--TRACK_TAG -> TRACK_TAG [5:9]
|       |       |--START -> < [5:9]
|       |       |--TRACK_HTML_TAG_NAME -> track [5:10]
|       |       `--END -> > [5:15]
|       |--TEXT ->   [5:16]
|       `--BODY_TAG_END -> BODY_TAG_END [5:17]
|           |--START -> < [5:17]
|           |--SLASH -> / [5:18]
|           |--BODY_HTML_TAG_NAME -> body [5:19]
|           `--END -> > [5:23]
|--NEWLINE -> \n [5:24]
|--LEADING_ASTERISK -> * [6:0]
|--TEXT ->   [6:1]
|--HTML_ELEMENT -> HTML_ELEMENT [6:2]
|   `--COLGROUP -> COLGROUP [6:2]
|       |--COLGROUP_TAG_START -> COLGROUP_TAG_START [6:2]
|       |   |--START -> < [6:2]
|       |   |--COLGROUP_HTML_TAG_NAME -> colgroup [6:3]
|       |   `--END -> > [6:11]
|       |--TEXT ->   [6:12]
|       |--SINGLETON_ELEMENT -> SINGLETON_ELEMENT [6:13]
|       |   `--TRACK_TAG -> TRACK_TAG [6:13]
|       |       |--START -> < [6:13]
|       |       |--TRACK_HTML_TAG_NAME -> track [6:14]
|       |       `--END -> > [6:19]
|       |--TEXT ->   [6:20]
|       `--COLGROUP_TAG_END -> COLGROUP_TAG_END [6:21]
|           |--START -> < [6:21]
|           |--SLASH -> / [6:22]
|           |--COLGROUP_HTML_TAG_NAME -> colgroup [6:23]
|           `--END -> > [6:31]
|--NEWLINE -> \n [6:32]
|--LEADING_ASTERISK -> * [7:0]
|--TEXT ->   [7:1]
|--HTML_ELEMENT -> HTML_ELEMENT [7:2]
|   `--DD -> DD [7:2]
|       |--DD_TAG_START -> DD_TAG_START [7:2]
|       |   |--START -> < [7:2]
|       |   |--DD_HTML_TAG_NAME -> dd [7:3]
|       |   `--END -> > [7:5]
|       |--TEXT ->   [7:6]
|       |--SINGLETON_ELEMENT -> SINGLETON_ELEMENT [7:7]
|       |   `--TRACK_TAG -> TRACK_TAG [7:7]
|       |       |--START -> < [7:7]
|       |       |--TRACK_HTML_TAG_NAME -> track [7:8]
|       |       `--END -> > [7:13]
|       |--TEXT ->   [7:14]
|       `--DD_TAG_END -> DD_TAG_END [7:15]
|           |--START -> < [7:15]
|           |--SLASH -> / [7:16]
|           |--DD_HTML_TAG_NAME -> dd [7:17]
|           `--END -> > [7:19]
|--NEWLINE -> \n [7:20]
|--LEADING_ASTERISK -> * [8:0]
|--TEXT ->   [8:1]
|--HTML_ELEMENT -> HTML_ELEMENT [8:2]
|   `--DT -> DT [8:2]
|       |--DT_TAG_START -> DT_TAG_START [8:2]
|       |   |--START -> < [8:2]
|       |   |--DT_HTML_TAG_NAME -> dt [8:3]
|       |   `--END -> > [8:5]
|       |--TEXT ->   [8:6]
|       |--SINGLETON_ELEMENT -> SINGLETON_ELEMENT [8:7]
|       |   `--TRACK_TAG -> TRACK_TAG [8:7]
|       |       |--START -> < [8:7]
|       |       |--TRACK_HTML_TAG_NAME -> track [8:8]
|       |       `--END -> > [8:13]
|       |--TEXT ->   [8:14]
|       `--DT_TAG_END -> DT_TAG_END [8:15]
|           |--START -> < [8:15]
|           |--SLASH -> / [8:16]
|           |--DT_HTML_TAG_NAME -> dt [8:17]
|           `--END -> > [8:19]
|--NEWLINE -> \n [8:20]
|--LEADING_ASTERISK -> * [9:0]
|--TEXT ->   [9:1]
|--HTML_ELEMENT -> HTML_ELEMENT [9:2]
|   `--HEAD -> HEAD [9:2]
|       |--HEAD_TAG_START -> HEAD_TAG_START [9:2]
|       |   |--START -> < [9:2]
|       |   |--HEAD_HTML_TAG_NAME -> head [9:3]
|       |   `--END -> > [9:7]
|       |--TEXT ->   [9:8]
|       |--SINGLETON_ELEMENT -> SINGLETON_ELEMENT [9:9]
|       |   `--TRACK_TAG -> TRACK_TAG [9:9]
|       |       |--START -> < [9:9]
|       |       |--TRACK_HTML_TAG_NAME -> track [9:10]
|       |       `--END -> > [9:15]
|       |--TEXT ->   [9:16]
|       `--HEAD_TAG_END -> HEAD_TAG_END [9:17]
|           |--START -> < [9:17]
|           |--SLASH -> / [9:18]
|           |--HEAD_HTML_TAG_NAME -> head [9:19]
|           `--END -> > [9:23]
|--NEWLINE -> \n [9:24]
|--LEADING_ASTERISK -> * [10:0]
|--TEXT ->   [10:1]
|--HTML_ELEMENT -> HTML_ELEMENT [10:2]
|   `--HTML -> HTML [10:2]
|       |--HTML_TAG_START -> HTML_TAG_START [10:2]
|       |   |--START -> < [10:2]
|       |   |--HTML_HTML_TAG_NAME -> html [10:3]
|       |   `--END -> > [10:7]
|       |--TEXT ->   [10:8]
|       |--SINGLETON_ELEMENT -> SINGLETON_ELEMENT [10:9]
|       |   `--TRACK_TAG -> TRACK_TAG [10:9]
|       |       |--START -> < [10:9]
|       |       |--TRACK_HTML_TAG_NAME -> track [10:10]
|       |       `--END -> > [10:15]
|       |--TEXT ->   [10:16]
|       `--HTML_TAG_END -> HTML_TAG_END [10:17]
|           |--START -> < [10:17]
|           |--SLASH -> / [10:18]
|           |--HTML_HTML_TAG_NAME -> html [10:19]
|           `--END -> > [10:23]
|--NEWLINE -> \n [10:24]
|--LEADING_ASTERISK -> * [11:0]
|--TEXT ->   [11:1]
|--HTML_ELEMENT -> HTML_ELEMENT [11:2]
|   `--OPTION -> OPTION [11:2]
|       |--OPTION_TAG_START -> OPTION_TAG_START [11:2]
|       |   |--START -> < [11:2]
|       |   |--OPTION_HTML_TAG_NAME -> option [11:3]
|       |   `--END -> > [11:9]
|       |--TEXT ->   [11:10]
|       |--SINGLETON_ELEMENT -> SINGLETON_ELEMENT [11:11]
|       |   `--TRACK_TAG -> TRACK_TAG [11:11]
|       |       |--START -> < [11:11]
|       |       |--TRACK_HTML_TAG_NAME -> track [11:12]
|       |       `--END -> > [11:17]
|       |--TEXT ->   [11:18]
|       `--OPTION_TAG_END -> OPTION_TAG_END [11:19]
|           |--START -> < [11:19]
|           |--SLASH -> / [11:20]
|           |--OPTION_HTML_TAG_NAME -> option [11:21]
|           `--END -> > [11:27]
|--NEWLINE -> \n [11:28]
|--LEADING_ASTERISK -> * [12:0]
|--TEXT ->   [12:1]
|--HTML_ELEMENT -> HTML_ELEMENT [12:2]
|   `--TBODY -> TBODY [12:2]
|       |--TBODY_TAG_START -> TBODY_TAG_START [12:2]
|       |   |--START -> < [12:2]
|       |   |--TBODY_HTML_TAG_NAME -> tbody [12:3]
|       |   `--END -> > [12:8]
|       |--TEXT ->   [12:9]
|       |--SINGLETON_ELEMENT -> SINGLETON_ELEMENT [12:10]
|       |   `--TRACK_TAG -> TRACK_TAG [12:10]
|       |       |--START -> < [12:10]
|       |       |--TRACK_HTML_TAG_NAME -> track [12:11]
|       |       `--END -> > [12:16]
|       |--TEXT ->   [12:17]
|       `--TBODY_TAG_END -> TBODY_TAG_END [12:18]
|           |--START -> < [12:18]
|           |--SLASH -> / [12:19]
|           |--TBODY_HTML_TAG_NAME -> tbody [12:20]
|           `--END -> > [12:25]
|--NEWLINE -> \n [12:26]
|--LEADING_ASTERISK -> * [13:0]
|--TEXT ->   [13:1]
|--HTML_ELEMENT -> HTML_ELEMENT [13:2]
|   `--THEAD -> THEAD [13:2]
|       |--THEAD_TAG_START -> THEAD_TAG_START [13:2]
|       |   |--START -> < [13:2]
|       |   |--THEAD_HTML_TAG_NAME -> thead [13:3]
|       |   `--END -> > [13:8]
|       |--TEXT ->   [13:9]
|       |--SINGLETON_ELEMENT -> SINGLETON_ELEMENT [13:10]
|       |   `--TRACK_TAG -> TRACK_TAG [13:10]
|       |       |--START -> < [13:10]
|       |       |--TRACK_HTML_TAG_NAME -> track [13:11]
|       |       `--END -> > [13:16]
|       |--TEXT ->   [13:17]
|       `--THEAD_TAG_END -> THEAD_TAG_END [13:18]
|           |--START -> < [13:18]
|           |--SLASH -> / [13:19]
|           |--THEAD_HTML_TAG_NAME -> thead [13:20]
|           `--END -> > [13:25]
|--NEWLINE -> \n [13:26]
|--LEADING_ASTERISK -> * [14:0]
|--TEXT ->   [14:1]
|--HTML_ELEMENT -> HTML_ELEMENT [14:2]
|   `--TFOOT -> TFOOT [14:2]
|       |--TFOOT_TAG_START -> TFOOT_TAG_START [14:2]
|       |   |--START -> < [14:2]
|       |   |--TFOOT_HTML_TAG_NAME -> tfoot [14:3]
|       |   `--END -> > [14:8]
|       |--TEXT ->   [14:9]
|       |--SINGLETON_ELEMENT -> SINGLETON_ELEMENT [14:10]
|       |   `--TRACK_TAG -> TRACK_TAG [14:10]
|       |       |--START -> < [14:10]
|       |       |--TRACK_HTML_TAG_NAME -> track [14:11]
|       |       `--END -> > [14:16]
|       |--TEXT ->   [14:17]
|       `--TFOOT_TAG_END -> TFOOT_TAG_END [14:18]
|           |--START -> < [14:18]
|           |--SLASH -> / [14:19]
|           |--TFOOT_HTML_TAG_NAME -> tfoot [14:20]
|           `--END -> > [14:25]
|--NEWLINE -> \n [14:26]
|--NEWLINE -> \n [15:0]
|--LEADING_ASTERISK -> * [16:0]
|--TEXT ->   [16:1]
|--HTML_ELEMENT -> HTML_ELEMENT [16:2]
|   `--PARAGRAPH -> PARAGRAPH [16:2]
|       |--P_TAG_START -> P_TAG_START [16:2]
|       |   |--START -> < [16:2]
|       |   |--P_HTML_TAG_NAME -> p [16:3]
|       |   `--END -> > [16:4]
|       |--TEXT ->   [16:5]
|       |--SINGLETON_ELEMENT -> SINGLETON_ELEMENT [16:6]
|       |   `--TRACK_TAG -> TRACK_TAG [16:6]
|       |       |--START -> < [16:6]
|       |       |--TRACK_HTML_TAG_NAME -> track [16:7]
|       |       `--SLASH_END -> /> [16:12]
|       |--TEXT ->   [16:14]
|       `--P_TAG_END -> P_TAG_END [16:15]
|           |--START -> < [16:15]
|           |--SLASH -> / [16:16]
|           |--P_HTML_TAG_NAME -> p [16:17]
|           `--END -> > [16:18]
|--NEWLINE -> \n [16:19]
|--LEADING_ASTERISK -> * [17:0]
|--TEXT ->   [17:1]
|--HTML_ELEMENT -> HTML_ELEMENT [17:2]
|   `--LI -> LI [17:2]
|       |--LI_TAG_START -> LI_TAG_START [17:2]
|       |   |--START -> < [17:2]
|       |   |--LI_HTML_TAG_NAME -> li [17:3]
|       |   `--END -> > [17:5]
|       |--TEXT ->   [17:6]
|       |--SINGLETON_ELEMENT -> SINGLETON_ELEMENT [17:7]
|       |   `--TRACK_TAG -> TRACK_TAG [17:7]
|       |       |--START -> < [17:7]
|       |       |--TRACK_HTML_TAG_NAME -> track [17:8]
|       |       `--SLASH_END -> /> [17:13]
|       |--TEXT ->   [17:15]
|       `--LI_TAG_END -> LI_TAG_END [17:16]
|           |--START -> < [17:16]
|           |--SLASH -> / [17:17]
|           |--LI_HTML_TAG_NAME -> li [17:18]
|           `--END -> > [17:20]
|--NEWLINE -> \n [17:21]
|--LEADING_ASTERISK -> * [18:0]
|--TEXT ->   [18:1]
|--HTML_ELEMENT -> HTML_ELEMENT [18:2]
|   `--TR -> TR [18:2]
|       |--TR_TAG_START -> TR_TAG_START [18:2]
|       |   |--START -> < [18:2]
|       |   |--TR_HTML_TAG_NAME -> tr [18:3]
|       |   `--END -> > [18:5]
|       |--TEXT ->   [18:6]
|       |--SINGLETON_ELEMENT -> SINGLETON_ELEMENT [18:7]
|       |   `--TRACK_TAG -> TRACK_TAG [18:7]
|       |       |--START -> < [18:7]
|       |       |--TRACK_HTML_TAG_NAME -> track [18:8]
|       |       `--SLASH_END -> /> [18:13]
|       |--TEXT ->   [18:15]
|       `--TR_TAG_END -> TR_TAG_END [18:16]
|           |--START -> < [18:16]
|           |--SLASH -> / [18:17]
|           |--TR_HTML_TAG_NAME -> tr [18:18]
|           `--END -> > [18:20]
|--NEWLINE -> \n [18:21]
|--LEADING_ASTERISK -> * [19:0]
|--TEXT ->   [19:1]
|--HTML_ELEMENT -> HTML_ELEMENT [19:2]
|   `--TD -> TD [19:2]
|       |--TD_TAG_START -> TD_TAG_START [19:2]
|       |   |--START -> < [19:2]
|       |   |--TD_HTML_TAG_NAME -> td [19:3]
|       |   `--END -> > [19:5]
|       |--TEXT ->   [19:6]
|       |--SINGLETON_ELEMENT -> SINGLETON_ELEMENT [19:7]
|       |   `--TRACK_TAG -> TRACK_TAG [19:7]
|       |       |--START -> < [19:7]
|       |       |--TRACK_HTML_TAG_NAME -> track [19:8]
|       |       `--SLASH_END -> /> [19:13]
|       |--TEXT ->   [19:15]
|       `--TD_TAG_END -> TD_TAG_END [19:16]
|           |--START -> < [19:16]
|           |--SLASH -> / [19:17]
|           |--TD_HTML_TAG_NAME -> td [19:18]
|           `--END -> > [19:20]
|--NEWLINE -> \n [19:21]
|--LEADING_ASTERISK -> * [20:0]
|--TEXT ->   [20:1]
|--HTML_ELEMENT -> HTML_ELEMENT [20:2]
|   `--TH -> TH [20:2]
|       |--TH_TAG_START -> TH_TAG_START [20:2]
|       |   |--START -> < [20:2]
|       |   |--TH_HTML_TAG_NAME -> th [20:3]
|       |   `--END -> > [20:5]
|       |--TEXT ->   [20:6]
|       |--SINGLETON_ELEMENT -> SINGLETON_ELEMENT [20:7]
|       |   `--TRACK_TAG -> TRACK_TAG [20:7]
|       |       |--START -> < [20:7]
|       |       |--TRACK_HTML_TAG_NAME -> track [20:8]
|       |       `--SLASH_END -> /> [20:13]
|       |--TEXT ->   [20:15]
|       `--TH_TAG_END -> TH_TAG_END [20:16]
|           |--START -> < [20:16]
|           |--SLASH -> / [20:17]
|           |--TH_HTML_TAG_NAME -> th [20:18]
|           `--END -> > [20:20]
|--NEWLINE -> \n [20:21]
|--LEADING_ASTERISK -> * [21:0]
|--TEXT ->   [21:1]
|--HTML_ELEMENT -> HTML_ELEMENT [21:2]
|   `--BODY -> BODY [21:2]
|       |--BODY_TAG_START -> BODY_TAG_START [21:2]
|       |   |--START -> < [21:2]
|       |   |--BODY_HTML_TAG_NAME -> body [21:3]
|       |   `--END -> > [21:7]
|       |--TEXT ->   [21:8]
|       |--SINGLETON_ELEMENT -> SINGLETON_ELEMENT [21:9]
|       |   `--TRACK_TAG -> TRACK_TAG [21:9]
|       |       |--START -> < [21:9]
|       |       |--TRACK_HTML_TAG_NAME -> track [21:10]
|       |       `--SLASH_END -> /> [21:15]
|       |--TEXT ->   [21:17]
|       `--BODY_TAG_END -> BODY_TAG_END [21:18]
|           |--START -> < [21:18]
|           |--SLASH -> / [21:19]
|           |--BODY_HTML_TAG_NAME -> body [21:20]
|           `--END -> > [21:24]
|--NEWLINE -> \n [21:25]
|--LEADING_ASTERISK -> * [22:0]
|--TEXT ->   [22:1]
|--HTML_ELEMENT -> HTML_ELEMENT [22:2]
|   `--COLGROUP -> COLGROUP [22:2]
|       |--COLGROUP_TAG_START -> COLGROUP_TAG_START [22:2]
|       |   |--START -> < [22:2]
|       |   |--COLGROUP_HTML_TAG_NAME -> colgroup [22:3]
|       |   `--END -> > [22:11]
|       |--TEXT ->   [22:12]
|       |--SINGLETON_ELEMENT -> SINGLETON_ELEMENT [22:13]
|       |   `--TRACK_TAG -> TRACK_TAG [22:13]
|       |       |--START -> < [22:13]
|       |       |--TRACK_HTML_TAG_NAME -> track [22:14]
|       |       `--SLASH_END -> /> [22:19]
|       |--TEXT ->   [22:21]
|       `--COLGROUP_TAG_END -> COLGROUP_TAG_END [22:22]
|           |--START -> < [22:22]
|           |--SLASH -> / [22:23]
|           |--COLGROUP_HTML_TAG_NAME -> colgroup [22:24]
|           `--END -> > [22:32]
|--NEWLINE -> \n [22:33]
|--LEADING_ASTERISK -> * [23:0]
|--TEXT ->   [23:1]
|--HTML_ELEMENT -> HTML_ELEMENT [23:2]
|   `--DD -> DD [23:2]
|       |--DD_TAG_START -> DD_TAG_START [23:2]
|       |   |--START -> < [23:2]
|       |   |--DD_HTML_TAG_NAME -> dd [23:3]
|       |   `--END -> > [23:5]
|       |--TEXT ->   [23:6]
|       |--SINGLETON_ELEMENT -> SINGLETON_ELEMENT [23:7]
|       |   `--TRACK_TAG -> TRACK_TAG [23:7]
|       |       |--START -> < [23:7]
|       |       |--TRACK_HTML_TAG_NAME -> track [23:8]
|       |       `--SLASH_END -> /> [23:13]
|       |--TEXT ->   [23:15]
|       `--DD_TAG_END -> DD_TAG_END [23:16]
|           |--START -> < [23:16]
|           |--SLASH -> / [23:17]
|           |--DD_HTML_TAG_NAME -> dd [23:18]
|           `--END -> > [23:20]
|--NEWLINE -> \n [23:21]
|--LEADING_ASTERISK -> * [24:0]
|--TEXT ->   [24:1]
|--HTML_ELEMENT -> HTML_ELEMENT [24:2]
|   `--DT -> DT [24:2]
|       |--DT_TAG_START -> DT_TAG_START [24:2]
|       |   |--START -> < [24:2]
|       |   |--DT_HTML_TAG_NAME -> dt [24:3]
|       |   `--END -> > [24:5]
|       |--TEXT ->   [24:6]
|       |--SINGLETON_ELEMENT -> SINGLETON_ELEMENT [24:7]
|       |   `--TRACK_TAG -> TRACK_TAG [24:7]
|       |       |--START -> < [24:7]
|       |       |--TRACK_HTML_TAG_NAME -> track [24:8]
|       |       `--SLASH_END -> /> [24:13]
|       |--TEXT ->   [24:15]
|       `--DT_TAG_END -> DT_TAG_END [24:16]
|           |--START -> < [24:16]
|           |--SLASH -> / [24:17]
|           |--DT_HTML_TAG_NAME -> dt [24:18]
|           `--END -> > [24:20]
|--NEWLINE -> \n [24:21]
|--LEADING_ASTERISK -> * [25:0]
|--TEXT ->   [25:1]
|--HTML_ELEMENT -> HTML_ELEMENT [25:2]
|   `--HEAD -> HEAD [25:2]
|       |--HEAD_TAG_START -> HEAD_TAG_START [25:2]
|       |   |--START -> < [25:2]
|       |   |--HEAD_HTML_TAG_NAME -> head [25:3]
|       |   `--END -> > [25:7]
|       |--TEXT ->   [25:8]
|       |--SINGLETON_ELEMENT -> SINGLETON_ELEMENT [25:9]
|       |   `--TRACK_TAG -> TRACK_TAG [25:9]
|       |       |--START -> < [25:9]
|       |       |--TRACK_HTML_TAG_NAME -> track [25:10]
|       |       `--SLASH_END -> /> [25:15]
|       |--TEXT ->   [25:17]
|       `--HEAD_TAG_END -> HEAD_TAG_END [25:18]
|           |--START -> < [25:18]
|           |--SLASH -> / [25:19]
|           |--HEAD_HTML_TAG_NAME -> head [25:20]
|           `--END -> > [25:24]
|--NEWLINE -> \n [25:25]
|--LEADING_ASTERISK -> * [26:0]
|--TEXT ->   [26:1]
|--HTML_ELEMENT -> HTML_ELEMENT [26:2]
|   `--HTML -> HTML [26:2]
|       |--HTML_TAG_START -> HTML_TAG_START [26:2]
|       |   |--START -> < [26:2]
|       |   |--HTML_HTML_TAG_NAME -> html [26:3]
|       |   `--END -> > [26:7]
|       |--TEXT ->   [26:8]
|       |--SINGLETON_ELEMENT -> SINGLETON_ELEMENT [26:9]
|       |   `--TRACK_TAG -> TRACK_TAG [26:9]
|       |       |--START -> < [26:9]
|       |       |--TRACK_HTML_TAG_NAME -> track [26:10]
|       |       `--SLASH_END -> /> [26:15]
|       |--TEXT ->   [26:17]
|       `--HTML_TAG_END -> HTML_TAG_END [26:18]
|           |--START -> < [26:18]
|           |--SLASH -> / [26:19]
|           |--HTML_HTML_TAG_NAME -> html [26:20]
|           `--END -> > [26:24]
|--NEWLINE -> \n [26:25]
|--LEADING_ASTERISK -> * [27:0]
|--TEXT ->   [27:1]
|--HTML_ELEMENT -> HTML_ELEMENT [27:2]
|   `--OPTION -> OPTION [27:2]
|       |--OPTION_TAG_START -> OPTION_TAG_START [27:2]
|       |   |--START -> < [27:2]
|       |   |--OPTION_HTML_TAG_NAME -> option [27:3]
|       |   `--END -> > [27:9]
|       |--TEXT ->   [27:10]
|       |--SINGLETON_ELEMENT -> SINGLETON_ELEMENT [27:11]
|       |   `--TRACK_TAG -> TRACK_TAG [27:11]
|       |       |--START -> < [27:11]
|       |       |--TRACK_HTML_TAG_NAME -> track [27:12]
|       |       `--SLASH_END -> /> [27:17]
|       |--TEXT ->   [27:19]
|       `--OPTION_TAG_END -> OPTION_TAG_END [27:20]
|           |--START -> < [27:20]
|           |--SLASH -> / [27:21]
|           |--OPTION_HTML_TAG_NAME -> option [27:22]
|           `--END -> > [27:28]
|--NEWLINE -> \n [27:29]
|--LEADING_ASTERISK -> * [28:0]
|--TEXT ->   [28:1]
|--HTML_ELEMENT -> HTML_ELEMENT [28:2]
|   `--TBODY -> TBODY [28:2]
|       |--TBODY_TAG_START -> TBODY_TAG_START [28:2]
|       |   |--START -> < [28:2]
|       |   |--TBODY_HTML_TAG_NAME -> tbody [28:3]
|       |   `--END -> > [28:8]
|       |--TEXT ->   [28:9]
|       |--SINGLETON_ELEMENT -> SINGLETON_ELEMENT [28:10]
|       |   `--TRACK_TAG -> TRACK_TAG [28:10]
|       |       |--START -> < [28:10]
|       |       |--TRACK_HTML_TAG_NAME -> track [28:11]
|       |       `--SLASH_END -> /> [28:16]
|       |--TEXT ->   [28:18]
|       `--TBODY_TAG_END -> TBODY_TAG_END [28:19]
|           |--START -> < [28:19]
|           |--SLASH -> / [28:20]
|           |--TBODY_HTML_TAG_NAME -> tbody [28:21]
|           `--END -> > [28:26]
|--NEWLINE -> \n [28:27]
|--LEADING_ASTERISK -> * [29:0]
|--TEXT ->   [29:1]
|--HTML_ELEMENT -> HTML_ELEMENT [29:2]
|   `--THEAD -> THEAD [29:2]
|       |--THEAD_TAG_START -> THEAD_TAG_START [29:2]
|       |   |--START -> < [29:2]
|       |   |--THEAD_HTML_TAG_NAME -> thead [29:3]
|       |   `--END -> > [29:8]
|       |--TEXT ->   [29:9]
|       |--SINGLETON_ELEMENT -> SINGLETON_ELEMENT [29:10]
|       |   `--TRACK_TAG -> TRACK_TAG [29:10]
|       |       |--START -> < [29:10]
|       |       |--TRACK_HTML_TAG_NAME -> track [29:11]
|       |       `--SLASH_END -> /> [29:16]
|       |--TEXT ->   [29:18]
|       `--THEAD_TAG_END -> THEAD_TAG_END [29:19]
|           |--START -> < [29:19]
|           |--SLASH -> / [29:20]
|           |--THEAD_HTML_TAG_NAME -> thead [29:21]
|           `--END -> > [29:26]
|--NEWLINE -> \n [29:27]
|--LEADING_ASTERISK -> * [30:0]
|--TEXT ->   [30:1]
|--HTML_ELEMENT -> HTML_ELEMENT [30:2]
|   `--TFOOT -> TFOOT [30:2]
|       |--TFOOT_TAG_START -> TFOOT_TAG_START [30:2]
|       |   |--START -> < [30:2]
|       |   |--TFOOT_HTML_TAG_NAME -> tfoot [30:3]
|       |   `--END -> > [30:8]
|       |--TEXT ->   [30:9]
|       |--SINGLETON_ELEMENT -> SINGLETON_ELEMENT [30:10]
|       |   `--TRACK_TAG -> TRACK_TAG [30:10]
|       |       |--START -> < [30:10]
|       |       |--TRACK_HTML_TAG_NAME -> track [30:11]
|       |       `--SLASH_END -> /> [30:16]
|       |--TEXT ->   [30:18]
|       `--TFOOT_TAG_END -> TFOOT_TAG_END [30:19]
|           |--START -> < [30:19]
|           |--SLASH -> / [30:20]
|           |--TFOOT_HTML_TAG_NAME -> tfoot [30:21]
|           `--END -> > [30:26]
|--NEWLINE -> \n [30:27]
|--NEWLINE -> \n [31:0]
|--LEADING_ASTERISK -> * [32:0]
|--TEXT ->   [32:1]
|--HTML_ELEMENT -> HTML_ELEMENT [32:2]
|   `--SINGLETON_ELEMENT -> SINGLETON_ELEMENT [32:2]
|       `--TRACK_TAG -> TRACK_TAG [32:2]
|           |--START -> < [32:2]
|           |--TRACK_HTML_TAG_NAME -> track [32:3]
|           `--END -> > [32:8]
|--NEWLINE -> \n [32:9]
|--LEADING_ASTERISK -> * [33:0]
|--TEXT ->   [33:1]
|--HTML_ELEMENT -> HTML_ELEMENT [33:2]
|   `--SINGLETON_ELEMENT -> SINGLETON_ELEMENT [33:2]
|       `--TRACK_TAG -> TRACK_TAG [33:2]
|           |--START -> < [33:2]
|           |--TRACK_HTML_TAG_NAME -> track [33:3]
|           `--SLASH_END -> /> [33:8]
|--NEWLINE -> \n [33:10]
|--LEADING_ASTERISK -> * [34:0]
|--TEXT ->   [34:1]
|--HTML_ELEMENT -> HTML_ELEMENT [34:2]
|   `--SINGLETON_ELEMENT -> SINGLETON_ELEMENT [34:2]
|       `--TRACK_TAG -> TRACK_TAG [34:2]
|           |--START -> < [34:2]
|           |--TRACK_HTML_TAG_NAME -> track [34:3]
|           |--WS ->   [34:8]
|           |--ATTRIBUTE -> ATTRIBUTE [34:9]
|           |   |--HTML_TAG_NAME -> attr [34:9]
|           |   |--EQUALS -> = [34:13]
|           |   `--ATTR_VALUE -> "something" [34:14]
|           `--END -> > [34:26]
|--NEWLINE -> \n [34:27]
|--LEADING_ASTERISK -> * [35:0]
|--TEXT ->   [35:1]
|--HTML_ELEMENT -> HTML_ELEMENT [35:2]
|   `--SINGLETON_ELEMENT -> SINGLETON_ELEMENT [35:2]
|       `--TRACK_TAG -> TRACK_TAG [35:2]
|           |--START -> < [35:2]
|           |--TRACK_HTML_TAG_NAME -> track [35:3]
|           |--WS ->   [35:8]
|           |--ATTRIBUTE -> ATTRIBUTE [35:9]
|           |   |--HTML_TAG_NAME -> attr [35:9]
|           |   |--EQUALS -> = [35:13]
|           |   `--ATTR_VALUE -> "something" [35:14]
|           `--SLASH_END -> /> [35:26]
|--NEWLINE -> \n [35:28]
|--LEADING_ASTERISK -> * [36:0]
|--TEXT ->   [36:1]
|--HTML_ELEMENT -> HTML_ELEMENT [36:2]
|   `--SINGLETON_ELEMENT -> SINGLETON_ELEMENT [36:2]
|       `--TRACK_TAG -> TRACK_TAG [36:2]
|           |--START -> < [36:2]
|           |--TRACK_HTML_TAG_NAME -> track [36:3]
|           |--WS ->   [36:8]
|           |--ATTRIBUTE -> ATTRIBUTE [36:9]
|           |   |--HTML_TAG_NAME -> attr [36:9]
|           |   |--EQUALS -> = [36:13]
|           |   `--ATTR_VALUE -> "something" [36:14]
|           |--WS ->   [36:26]
|           |--ATTRIBUTE -> ATTRIBUTE [36:27]
|           |   |--HTML_TAG_NAME -> attr2 [36:27]
|           |   |--EQUALS -> = [36:32]
|           |   `--ATTR_VALUE -> "someotherthing" [36:33]
|           `--END -> > [36:50]
|--NEWLINE -> \n [36:51]
|--LEADING_ASTERISK -> * [37:0]
|--TEXT ->   [37:1]
|--HTML_ELEMENT -> HTML_ELEMENT [37:2]
|   `--SINGLETON_ELEMENT -> SINGLETON_ELEMENT [37:2]
|       `--TRACK_TAG -> TRACK_TAG [37:2]
|           |--START -> < [37:2]
|           |--TRACK_HTML_TAG_NAME -> track [37:3]
|           |--WS ->   [37:8]
|           |--ATTRIBUTE -> ATTRIBUTE [37:9]
|           |   |--HTML_TAG_NAME -> attr [37:9]
|           |   |--EQUALS -> = [37:13]
|           |   `--ATTR_VALUE -> "something" [37:14]
|           |--WS ->   [37:26]
|           |--ATTRIBUTE -> ATTRIBUTE [37:27]
|           |   |--HTML_TAG_NAME -> attr2 [37:27]
|           |   |--EQUALS -> = [37:32]
|           |   `--ATTR_VALUE -> "someotherthing" [37:33]
|           `--SLASH_END -> /> [37:50]
|--NEWLINE -> \n [37:52]
|--LEADING_ASTERISK -> * [38:0]
|--TEXT ->   [38:1]
|--HTML_ELEMENT -> HTML_ELEMENT [38:2]
|   `--SINGLETON_ELEMENT -> SINGLETON_ELEMENT [38:2]
|       `--TRACK_TAG -> TRACK_TAG [38:2]
|           |--START -> < [38:2]
|           |--TRACK_HTML_TAG_NAME -> track [38:3]
|           |--WS ->   [38:8]
|           |--ATTRIBUTE -> ATTRIBUTE [38:9]
|           |   |--HTML_TAG_NAME -> attr [38:9]
|           |   |--EQUALS -> = [38:13]
|           |   `--ATTR_VALUE -> "something" [38:14]
|           |--WS ->   [38:26]
|           |--NEWLINE -> \n [38:27]
|           |--LEADING_ASTERISK -> * [39:0]
|           |--WS ->   [39:1]
|           |--ATTRIBUTE -> ATTRIBUTE [39:2]
|           |   |--HTML_TAG_NAME -> attr2 [39:2]
|           |   |--EQUALS -> = [39:7]
|           |   `--ATTR_VALUE -> "someotherting" [39:8]
|           `--END -> > [39:24]
|--NEWLINE -> \n [39:25]
|--LEADING_ASTERISK -> * [40:0]
|--TEXT ->   [40:1]
|--HTML_ELEMENT -> HTML_ELEMENT [40:2]
|   `--SINGLETON_ELEMENT -> SINGLETON_ELEMENT [40:2]
|       `--TRACK_TAG -> TRACK_TAG [40:2]
|           |--START -> < [40:2]
|           |--TRACK_HTML_TAG_NAME -> track [40:3]
|           |--WS ->   [40:8]
|           |--ATTRIBUTE -> ATTRIBUTE [40:9]
|           |   |--HTML_TAG_NAME -> attr [40:9]
|           |   |--EQUALS -> = [40:13]
|           |   `--ATTR_VALUE -> "something" [40:14]
|           |--WS ->   [40:26]
|           |--NEWLINE -> \n [40:27]
|           |--LEADING_ASTERISK -> * [41:0]
|           |--WS ->   [41:1]
|           |--ATTRIBUTE -> ATTRIBUTE [41:2]
|           |   |--HTML_TAG_NAME -> attr2 [41:2]
|           |   |--EQUALS -> = [41:7]
|           |   `--ATTR_VALUE -> "someotherting" [41:8]
|           `--SLASH_END -> /> [41:24]
`--EOF -> <EOF> [41:26]]
> but was:<...DOC -> JAVADOC [0:0][
|--LEADING_ASTERISK -> * [0:0]
|--TEXT ->   [0:1]
|--HTML_ELEMENT -> HTML_ELEMENT [0:2]
|   `--PARAGRAPH -> PARAGRAPH [0:2]
|       |--P_TAG_START -> P_TAG_START [0:2]
|       |   |--START -> < [0:2]
|       |   |--P_HTML_TAG_NAME -> p [0:3]
|       |   `--END -> > [0:4]
|       |--TEXT ->   [0:5]
|       |--SINGLETON_ELEMENT -> SINGLETON_ELEMENT [0:6]
|       |   `--TRACK_TAG -> TRACK_TAG [0:6]
|       |       |--START -> < [0:6]
|       |       |--TRACK_HTML_TAG_NAME -> track [0:7]
|       |       `--END -> > [0:12]
|       |--TEXT ->   [0:13]
|       `--P_TAG_END -> P_TAG_END [0:14]
|           |--START -> < [0:14]
|           |--SLASH -> / [0:15]
|           |--P_HTML_TAG_NAME -> p [0:16]
|           `--END -> > [0:17]
|--NEWLINE -> \n [0:18]
|--LEADING_ASTERISK -> * [1:0]
|--TEXT ->   [1:1]
|--HTML_ELEMENT -> HTML_ELEMENT [1:2]
|   `--LI -> LI [1:2]
|       |--LI_TAG_START -> LI_TAG_START [1:2]
|       |   |--START -> < [1:2]
|       |   |--LI_HTML_TAG_NAME -> li [1:3]
|       |   `--END -> > [1:5]
|       |--TEXT ->   [1:6]
|       |--SINGLETON_ELEMENT -> SINGLETON_ELEMENT [1:7]
|       |   `--TRACK_TAG -> TRACK_TAG [1:7]
|       |       |--START -> < [1:7]
|       |       |--TRACK_HTML_TAG_NAME -> track [1:8]
|       |       `--END -> > [1:13]
|       |--TEXT ->   [1:14]
|       `--LI_TAG_END -> LI_TAG_END [1:15]
|           |--START -> < [1:15]
|           |--SLASH -> / [1:16]
|           |--LI_HTML_TAG_NAME -> li [1:17]
|           `--END -> > [1:19]
|--NEWLINE -> \n [1:20]
|--LEADING_ASTERISK -> * [2:0]
|--TEXT ->   [2:1]
|--HTML_ELEMENT -> HTML_ELEMENT [2:2]
|   `--TR -> TR [2:2]
|       |--TR_TAG_START -> TR_TAG_START [2:2]
|       |   |--START -> < [2:2]
|       |   |--TR_HTML_TAG_NAME -> tr [2:3]
|       |   `--END -> > [2:5]
|       |--TEXT ->   [2:6]
|       |--SINGLETON_ELEMENT -> SINGLETON_ELEMENT [2:7]
|       |   `--TRACK_TAG -> TRACK_TAG [2:7]
|       |       |--START -> < [2:7]
|       |       |--TRACK_HTML_TAG_NAME -> track [2:8]
|       |       `--END -> > [2:13]
|       |--TEXT ->   [2:14]
|       `--TR_TAG_END -> TR_TAG_END [2:15]
|           |--START -> < [2:15]
|           |--SLASH -> / [2:16]
|           |--TR_HTML_TAG_NAME -> tr [2:17]
|           `--END -> > [2:19]
|--NEWLINE -> \n [2:20]
|--LEADING_ASTERISK -> * [3:0]
|--TEXT ->   [3:1]
|--HTML_ELEMENT -> HTML_ELEMENT [3:2]
|   `--TD -> TD [3:2]
|       |--TD_TAG_START -> TD_TAG_START [3:2]
|       |   |--START -> < [3:2]
|       |   |--TD_HTML_TAG_NAME -> td [3:3]
|       |   `--END -> > [3:5]
|       |--TEXT ->   [3:6]
|       |--SINGLETON_ELEMENT -> SINGLETON_ELEMENT [3:7]
|       |   `--TRACK_TAG -> TRACK_TAG [3:7]
|       |       |--START -> < [3:7]
|       |       |--TRACK_HTML_TAG_NAME -> track [3:8]
|       |       `--END -> > [3:13]
|       |--TEXT ->   [3:14]
|       `--TD_TAG_END -> TD_TAG_END [3:15]
|           |--START -> < [3:15]
|           |--SLASH -> / [3:16]
|           |--TD_HTML_TAG_NAME -> td [3:17]
|           `--END -> > [3:19]
|--NEWLINE -> \n [3:20]
|--LEADING_ASTERISK -> * [4:0]
|--TEXT ->   [4:1]
|--HTML_ELEMENT -> HTML_ELEMENT [4:2]
|   `--TH -> TH [4:2]
|       |--TH_TAG_START -> TH_TAG_START [4:2]
|       |   |--START -> < [4:2]
|       |   |--TH_HTML_TAG_NAME -> th [4:3]
|       |   `--END -> > [4:5]
|       |--TEXT ->   [4:6]
|       |--SINGLETON_ELEMENT -> SINGLETON_ELEMENT [4:7]
|       |   `--TRACK_TAG -> TRACK_TAG [4:7]
|       |       |--START -> < [4:7]
|       |       |--TRACK_HTML_TAG_NAME -> track [4:8]
|       |       `--END -> > [4:13]
|       |--TEXT ->   [4:14]
|       `--TH_TAG_END -> TH_TAG_END [4:15]
|           |--START -> < [4:15]
|           |--SLASH -> / [4:16]
|           |--TH_HTML_TAG_NAME -> th [4:17]
|           `--END -> > [4:19]
|--NEWLINE -> \n [4:20]
|--LEADING_ASTERISK -> * [5:0]
|--TEXT ->   [5:1]
|--HTML_ELEMENT -> HTML_ELEMENT [5:2]
|   `--BODY -> BODY [5:2]
|       |--BODY_TAG_START -> BODY_TAG_START [5:2]
|       |   |--START -> < [5:2]
|       |   |--BODY_HTML_TAG_NAME -> body [5:3]
|       |   `--END -> > [5:7]
|       |--TEXT ->   [5:8]
|       |--SINGLETON_ELEMENT -> SINGLETON_ELEMENT [5:9]
|       |   `--TRACK_TAG -> TRACK_TAG [5:9]
|       |       |--START -> < [5:9]
|       |       |--TRACK_HTML_TAG_NAME -> track [5:10]
|       |       `--END -> > [5:15]
|       |--TEXT ->   [5:16]
|       `--BODY_TAG_END -> BODY_TAG_END [5:17]
|           |--START -> < [5:17]
|           |--SLASH -> / [5:18]
|           |--BODY_HTML_TAG_NAME -> body [5:19]
|           `--END -> > [5:23]
|--NEWLINE -> \n [5:24]
|--LEADING_ASTERISK -> * [6:0]
|--TEXT ->   [6:1]
|--HTML_ELEMENT -> HTML_ELEMENT [6:2]
|   `--COLGROUP -> COLGROUP [6:2]
|       |--COLGROUP_TAG_START -> COLGROUP_TAG_START [6:2]
|       |   |--START -> < [6:2]
|       |   |--COLGROUP_HTML_TAG_NAME -> colgroup [6:3]
|       |   `--END -> > [6:11]
|       |--TEXT ->   [6:12]
|       |--SINGLETON_ELEMENT -> SINGLETON_ELEMENT [6:13]
|       |   `--TRACK_TAG -> TRACK_TAG [6:13]
|       |       |--START -> < [6:13]
|       |       |--TRACK_HTML_TAG_NAME -> track [6:14]
|       |       `--END -> > [6:19]
|       |--TEXT ->   [6:20]
|       `--COLGROUP_TAG_END -> COLGROUP_TAG_END [6:21]
|           |--START -> < [6:21]
|           |--SLASH -> / [6:22]
|           |--COLGROUP_HTML_TAG_NAME -> colgroup [6:23]
|           `--END -> > [6:31]
|--NEWLINE -> \n [6:32]
|--LEADING_ASTERISK -> * [7:0]
|--TEXT ->   [7:1]
|--HTML_ELEMENT -> HTML_ELEMENT [7:2]
|   `--DD -> DD [7:2]
|       |--DD_TAG_START -> DD_TAG_START [7:2]
|       |   |--START -> < [7:2]
|       |   |--DD_HTML_TAG_NAME -> dd [7:3]
|       |   `--END -> > [7:5]
|       |--TEXT ->   [7:6]
|       |--SINGLETON_ELEMENT -> SINGLETON_ELEMENT [7:7]
|       |   `--TRACK_TAG -> TRACK_TAG [7:7]
|       |       |--START -> < [7:7]
|       |       |--TRACK_HTML_TAG_NAME -> track [7:8]
|       |       `--END -> > [7:13]
|       |--TEXT ->   [7:14]
|       `--DD_TAG_END -> DD_TAG_END [7:15]
|           |--START -> < [7:15]
|           |--SLASH -> / [7:16]
|           |--DD_HTML_TAG_NAME -> dd [7:17]
|           `--END -> > [7:19]
|--NEWLINE -> \n [7:20]
|--LEADING_ASTERISK -> * [8:0]
|--TEXT ->   [8:1]
|--HTML_ELEMENT -> HTML_ELEMENT [8:2]
|   `--DT -> DT [8:2]
|       |--DT_TAG_START -> DT_TAG_START [8:2]
|       |   |--START -> < [8:2]
|       |   |--DT_HTML_TAG_NAME -> dt [8:3]
|       |   `--END -> > [8:5]
|       |--TEXT ->   [8:6]
|       |--SINGLETON_ELEMENT -> SINGLETON_ELEMENT [8:7]
|       |   `--TRACK_TAG -> TRACK_TAG [8:7]
|       |       |--START -> < [8:7]
|       |       |--TRACK_HTML_TAG_NAME -> track [8:8]
|       |       `--END -> > [8:13]
|       |--TEXT ->   [8:14]
|       `--DT_TAG_END -> DT_TAG_END [8:15]
|           |--START -> < [8:15]
|           |--SLASH -> / [8:16]
|           |--DT_HTML_TAG_NAME -> dt [8:17]
|           `--END -> > [8:19]
|--NEWLINE -> \n [8:20]
|--LEADING_ASTERISK -> * [9:0]
|--TEXT ->   [9:1]
|--HTML_ELEMENT -> HTML_ELEMENT [9:2]
|   `--HEAD -> HEAD [9:2]
|       |--HEAD_TAG_START -> HEAD_TAG_START [9:2]
|       |   |--START -> < [9:2]
|       |   |--HEAD_HTML_TAG_NAME -> head [9:3]
|       |   `--END -> > [9:7]
|       |--TEXT ->   [9:8]
|       |--SINGLETON_ELEMENT -> SINGLETON_ELEMENT [9:9]
|       |   `--TRACK_TAG -> TRACK_TAG [9:9]
|       |       |--START -> < [9:9]
|       |       |--TRACK_HTML_TAG_NAME -> track [9:10]
|       |       `--END -> > [9:15]
|       |--TEXT ->   [9:16]
|       `--HEAD_TAG_END -> HEAD_TAG_END [9:17]
|           |--START -> < [9:17]
|           |--SLASH -> / [9:18]
|           |--HEAD_HTML_TAG_NAME -> head [9:19]
|           `--END -> > [9:23]
|--NEWLINE -> \n [9:24]
|--LEADING_ASTERISK -> * [10:0]
|--TEXT ->   [10:1]
|--HTML_ELEMENT -> HTML_ELEMENT [10:2]
|   `--HTML -> HTML [10:2]
|       |--HTML_TAG_START -> HTML_TAG_START [10:2]
|       |   |--START -> < [10:2]
|       |   |--HTML_HTML_TAG_NAME -> html [10:3]
|       |   `--END -> > [10:7]
|       |--TEXT ->   [10:8]
|       |--SINGLETON_ELEMENT -> SINGLETON_ELEMENT [10:9]
|       |   `--TRACK_TAG -> TRACK_TAG [10:9]
|       |       |--START -> < [10:9]
|       |       |--TRACK_HTML_TAG_NAME -> track [10:10]
|       |       `--END -> > [10:15]
|       |--TEXT ->   [10:16]
|       `--HTML_TAG_END -> HTML_TAG_END [10:17]
|           |--START -> < [10:17]
|           |--SLASH -> / [10:18]
|           |--HTML_HTML_TAG_NAME -> html [10:19]
|           `--END -> > [10:23]
|--NEWLINE -> \n [10:24]
|--LEADING_ASTERISK -> * [11:0]
|--TEXT ->   [11:1]
|--HTML_ELEMENT -> HTML_ELEMENT [11:2]
|   `--OPTION -> OPTION [11:2]
|       |--OPTION_TAG_START -> OPTION_TAG_START [11:2]
|       |   |--START -> < [11:2]
|       |   |--OPTION_HTML_TAG_NAME -> option [11:3]
|       |   `--END -> > [11:9]
|       |--TEXT ->   [11:10]
|       |--SINGLETON_ELEMENT -> SINGLETON_ELEMENT [11:11]
|       |   `--TRACK_TAG -> TRACK_TAG [11:11]
|       |       |--START -> < [11:11]
|       |       |--TRACK_HTML_TAG_NAME -> track [11:12]
|       |       `--END -> > [11:17]
|       |--TEXT ->   [11:18]
|       `--OPTION_TAG_END -> OPTION_TAG_END [11:19]
|           |--START -> < [11:19]
|           |--SLASH -> / [11:20]
|           |--OPTION_HTML_TAG_NAME -> option [11:21]
|           `--END -> > [11:27]
|--NEWLINE -> \n [11:28]
|--LEADING_ASTERISK -> * [12:0]
|--TEXT ->   [12:1]
|--HTML_ELEMENT -> HTML_ELEMENT [12:2]
|   `--TBODY -> TBODY [12:2]
|       |--TBODY_TAG_START -> TBODY_TAG_START [12:2]
|       |   |--START -> < [12:2]
|       |   |--TBODY_HTML_TAG_NAME -> tbody [12:3]
|       |   `--END -> > [12:8]
|       |--TEXT ->   [12:9]
|       |--SINGLETON_ELEMENT -> SINGLETON_ELEMENT [12:10]
|       |   `--TRACK_TAG -> TRACK_TAG [12:10]
|       |       |--START -> < [12:10]
|       |       |--TRACK_HTML_TAG_NAME -> track [12:11]
|       |       `--END -> > [12:16]
|       |--TEXT ->   [12:17]
|       `--TBODY_TAG_END -> TBODY_TAG_END [12:18]
|           |--START -> < [12:18]
|           |--SLASH -> / [12:19]
|           |--TBODY_HTML_TAG_NAME -> tbody [12:20]
|           `--END -> > [12:25]
|--NEWLINE -> \n [12:26]
|--LEADING_ASTERISK -> * [13:0]
|--TEXT ->   [13:1]
|--HTML_ELEMENT -> HTML_ELEMENT [13:2]
|   `--THEAD -> THEAD [13:2]
|       |--THEAD_TAG_START -> THEAD_TAG_START [13:2]
|       |   |--START -> < [13:2]
|       |   |--THEAD_HTML_TAG_NAME -> thead [13:3]
|       |   `--END -> > [13:8]
|       |--TEXT ->   [13:9]
|       |--SINGLETON_ELEMENT -> SINGLETON_ELEMENT [13:10]
|       |   `--TRACK_TAG -> TRACK_TAG [13:10]
|       |       |--START -> < [13:10]
|       |       |--TRACK_HTML_TAG_NAME -> track [13:11]
|       |       `--END -> > [13:16]
|       |--TEXT ->   [13:17]
|       `--THEAD_TAG_END -> THEAD_TAG_END [13:18]
|           |--START -> < [13:18]
|           |--SLASH -> / [13:19]
|           |--THEAD_HTML_TAG_NAME -> thead [13:20]
|           `--END -> > [13:25]
|--NEWLINE -> \n [13:26]
|--LEADING_ASTERISK -> * [14:0]
|--TEXT ->   [14:1]
|--HTML_ELEMENT -> HTML_ELEMENT [14:2]
|   `--TFOOT -> TFOOT [14:2]
|       |--TFOOT_TAG_START -> TFOOT_TAG_START [14:2]
|       |   |--START -> < [14:2]
|       |   |--TFOOT_HTML_TAG_NAME -> tfoot [14:3]
|       |   `--END -> > [14:8]
|       |--TEXT ->   [14:9]
|       |--SINGLETON_ELEMENT -> SINGLETON_ELEMENT [14:10]
|       |   `--TRACK_TAG -> TRACK_TAG [14:10]
|       |       |--START -> < [14:10]
|       |       |--TRACK_HTML_TAG_NAME -> track [14:11]
|       |       `--END -> > [14:16]
|       |--TEXT ->   [14:17]
|       `--TFOOT_TAG_END -> TFOOT_TAG_END [14:18]
|           |--START -> < [14:18]
|           |--SLASH -> / [14:19]
|           |--TFOOT_HTML_TAG_NAME -> tfoot [14:20]
|           `--END -> > [14:25]
|--NEWLINE -> \n [14:26]
|--NEWLINE -> \n [15:0]
|--LEADING_ASTERISK -> * [16:0]
|--TEXT ->   [16:1]
|--HTML_ELEMENT -> HTML_ELEMENT [16:2]
|   `--PARAGRAPH -> PARAGRAPH [16:2]
|       |--P_TAG_START -> P_TAG_START [16:2]
|       |   |--START -> < [16:2]
|       |   |--P_HTML_TAG_NAME -> p [16:3]
|       |   `--END -> > [16:4]
|       |--TEXT ->   [16:5]
|       |--SINGLETON_ELEMENT -> SINGLETON_ELEMENT [16:6]
|       |   `--TRACK_TAG -> TRACK_TAG [16:6]
|       |       |--START -> < [16:6]
|       |       |--TRACK_HTML_TAG_NAME -> track [16:7]
|       |       `--SLASH_END -> /> [16:12]
|       |--TEXT ->   [16:14]
|       `--P_TAG_END -> P_TAG_END [16:15]
|           |--START -> < [16:15]
|           |--SLASH -> / [16:16]
|           |--P_HTML_TAG_NAME -> p [16:17]
|           `--END -> > [16:18]
|--NEWLINE -> \n [16:19]
|--LEADING_ASTERISK -> * [17:0]
|--TEXT ->   [17:1]
|--HTML_ELEMENT -> HTML_ELEMENT [17:2]
|   `--LI -> LI [17:2]
|       |--LI_TAG_START -> LI_TAG_START [17:2]
|       |   |--START -> < [17:2]
|       |   |--LI_HTML_TAG_NAME -> li [17:3]
|       |   `--END -> > [17:5]
|       |--TEXT ->   [17:6]
|       |--SINGLETON_ELEMENT -> SINGLETON_ELEMENT [17:7]
|       |   `--TRACK_TAG -> TRACK_TAG [17:7]
|       |       |--START -> < [17:7]
|       |       |--TRACK_HTML_TAG_NAME -> track [17:8]
|       |       `--SLASH_END -> /> [17:13]
|       |--TEXT ->   [17:15]
|       `--LI_TAG_END -> LI_TAG_END [17:16]
|           |--START -> < [17:16]
|           |--SLASH -> / [17:17]
|           |--LI_HTML_TAG_NAME -> li [17:18]
|           `--END -> > [17:20]
|--NEWLINE -> \n [17:21]
|--LEADING_ASTERISK -> * [18:0]
|--TEXT ->   [18:1]
|--HTML_ELEMENT -> HTML_ELEMENT [18:2]
|   `--TR -> TR [18:2]
|       |--TR_TAG_START -> TR_TAG_START [18:2]
|       |   |--START -> < [18:2]
|       |   |--TR_HTML_TAG_NAME -> tr [18:3]
|       |   `--END -> > [18:5]
|       |--TEXT ->   [18:6]
|       |--SINGLETON_ELEMENT -> SINGLETON_ELEMENT [18:7]
|       |   `--TRACK_TAG -> TRACK_TAG [18:7]
|       |       |--START -> < [18:7]
|       |       |--TRACK_HTML_TAG_NAME -> track [18:8]
|       |       `--SLASH_END -> /> [18:13]
|       |--TEXT ->   [18:15]
|       `--TR_TAG_END -> TR_TAG_END [18:16]
|           |--START -> < [18:16]
|           |--SLASH -> / [18:17]
|           |--TR_HTML_TAG_NAME -> tr [18:18]
|           `--END -> > [18:20]
|--NEWLINE -> \n [18:21]
|--LEADING_ASTERISK -> * [19:0]
|--TEXT ->   [19:1]
|--HTML_ELEMENT -> HTML_ELEMENT [19:2]
|   `--TD -> TD [19:2]
|       |--TD_TAG_START -> TD_TAG_START [19:2]
|       |   |--START -> < [19:2]
|       |   |--TD_HTML_TAG_NAME -> td [19:3]
|       |   `--END -> > [19:5]
|       |--TEXT ->   [19:6]
|       |--SINGLETON_ELEMENT -> SINGLETON_ELEMENT [19:7]
|       |   `--TRACK_TAG -> TRACK_TAG [19:7]
|       |       |--START -> < [19:7]
|       |       |--TRACK_HTML_TAG_NAME -> track [19:8]
|       |       `--SLASH_END -> /> [19:13]
|       |--TEXT ->   [19:15]
|       `--TD_TAG_END -> TD_TAG_END [19:16]
|           |--START -> < [19:16]
|           |--SLASH -> / [19:17]
|           |--TD_HTML_TAG_NAME -> td [19:18]
|           `--END -> > [19:20]
|--NEWLINE -> \n [19:21]
|--LEADING_ASTERISK -> * [20:0]
|--TEXT ->   [20:1]
|--HTML_ELEMENT -> HTML_ELEMENT [20:2]
|   `--TH -> TH [20:2]
|       |--TH_TAG_START -> TH_TAG_START [20:2]
|       |   |--START -> < [20:2]
|       |   |--TH_HTML_TAG_NAME -> th [20:3]
|       |   `--END -> > [20:5]
|       |--TEXT ->   [20:6]
|       |--SINGLETON_ELEMENT -> SINGLETON_ELEMENT [20:7]
|       |   `--TRACK_TAG -> TRACK_TAG [20:7]
|       |       |--START -> < [20:7]
|       |       |--TRACK_HTML_TAG_NAME -> track [20:8]
|       |       `--SLASH_END -> /> [20:13]
|       |--TEXT ->   [20:15]
|       `--TH_TAG_END -> TH_TAG_END [20:16]
|           |--START -> < [20:16]
|           |--SLASH -> / [20:17]
|           |--TH_HTML_TAG_NAME -> th [20:18]
|           `--END -> > [20:20]
|--NEWLINE -> \n [20:21]
|--LEADING_ASTERISK -> * [21:0]
|--TEXT ->   [21:1]
|--HTML_ELEMENT -> HTML_ELEMENT [21:2]
|   `--BODY -> BODY [21:2]
|       |--BODY_TAG_START -> BODY_TAG_START [21:2]
|       |   |--START -> < [21:2]
|       |   |--BODY_HTML_TAG_NAME -> body [21:3]
|       |   `--END -> > [21:7]
|       |--TEXT ->   [21:8]
|       |--SINGLETON_ELEMENT -> SINGLETON_ELEMENT [21:9]
|       |   `--TRACK_TAG -> TRACK_TAG [21:9]
|       |       |--START -> < [21:9]
|       |       |--TRACK_HTML_TAG_NAME -> track [21:10]
|       |       `--SLASH_END -> /> [21:15]
|       |--TEXT ->   [21:17]
|       `--BODY_TAG_END -> BODY_TAG_END [21:18]
|           |--START -> < [21:18]
|           |--SLASH -> / [21:19]
|           |--BODY_HTML_TAG_NAME -> body [21:20]
|           `--END -> > [21:24]
|--NEWLINE -> \n [21:25]
|--LEADING_ASTERISK -> * [22:0]
|--TEXT ->   [22:1]
|--HTML_ELEMENT -> HTML_ELEMENT [22:2]
|   `--COLGROUP -> COLGROUP [22:2]
|       |--COLGROUP_TAG_START -> COLGROUP_TAG_START [22:2]
|       |   |--START -> < [22:2]
|       |   |--COLGROUP_HTML_TAG_NAME -> colgroup [22:3]
|       |   `--END -> > [22:11]
|       |--TEXT ->   [22:12]
|       |--SINGLETON_ELEMENT -> SINGLETON_ELEMENT [22:13]
|       |   `--TRACK_TAG -> TRACK_TAG [22:13]
|       |       |--START -> < [22:13]
|       |       |--TRACK_HTML_TAG_NAME -> track [22:14]
|       |       `--SLASH_END -> /> [22:19]
|       |--TEXT ->   [22:21]
|       `--COLGROUP_TAG_END -> COLGROUP_TAG_END [22:22]
|           |--START -> < [22:22]
|           |--SLASH -> / [22:23]
|           |--COLGROUP_HTML_TAG_NAME -> colgroup [22:24]
|           `--END -> > [22:32]
|--NEWLINE -> \n [22:33]
|--LEADING_ASTERISK -> * [23:0]
|--TEXT ->   [23:1]
|--HTML_ELEMENT -> HTML_ELEMENT [23:2]
|   `--DD -> DD [23:2]
|       |--DD_TAG_START -> DD_TAG_START [23:2]
|       |   |--START -> < [23:2]
|       |   |--DD_HTML_TAG_NAME -> dd [23:3]
|       |   `--END -> > [23:5]
|       |--TEXT ->   [23:6]
|       |--SINGLETON_ELEMENT -> SINGLETON_ELEMENT [23:7]
|       |   `--TRACK_TAG -> TRACK_TAG [23:7]
|       |       |--START -> < [23:7]
|       |       |--TRACK_HTML_TAG_NAME -> track [23:8]
|       |       `--SLASH_END -> /> [23:13]
|       |--TEXT ->   [23:15]
|       `--DD_TAG_END -> DD_TAG_END [23:16]
|           |--START -> < [23:16]
|           |--SLASH -> / [23:17]
|           |--DD_HTML_TAG_NAME -> dd [23:18]
|           `--END -> > [23:20]
|--NEWLINE -> \n [23:21]
|--LEADING_ASTERISK -> * [24:0]
|--TEXT ->   [24:1]
|--HTML_ELEMENT -> HTML_ELEMENT [24:2]
|   `--DT -> DT [24:2]
|       |--DT_TAG_START -> DT_TAG_START [24:2]
|       |   |--START -> < [24:2]
|       |   |--DT_HTML_TAG_NAME -> dt [24:3]
|       |   `--END -> > [24:5]
|       |--TEXT ->   [24:6]
|       |--SINGLETON_ELEMENT -> SINGLETON_ELEMENT [24:7]
|       |   `--TRACK_TAG -> TRACK_TAG [24:7]
|       |       |--START -> < [24:7]
|       |       |--TRACK_HTML_TAG_NAME -> track [24:8]
|       |       `--SLASH_END -> /> [24:13]
|       |--TEXT ->   [24:15]
|       `--DT_TAG_END -> DT_TAG_END [24:16]
|           |--START -> < [24:16]
|           |--SLASH -> / [24:17]
|           |--DT_HTML_TAG_NAME -> dt [24:18]
|           `--END -> > [24:20]
|--NEWLINE -> \n [24:21]
|--LEADING_ASTERISK -> * [25:0]
|--TEXT ->   [25:1]
|--HTML_ELEMENT -> HTML_ELEMENT [25:2]
|   `--HEAD -> HEAD [25:2]
|       |--HEAD_TAG_START -> HEAD_TAG_START [25:2]
|       |   |--START -> < [25:2]
|       |   |--HEAD_HTML_TAG_NAME -> head [25:3]
|       |   `--END -> > [25:7]
|       |--TEXT ->   [25:8]
|       |--SINGLETON_ELEMENT -> SINGLETON_ELEMENT [25:9]
|       |   `--TRACK_TAG -> TRACK_TAG [25:9]
|       |       |--START -> < [25:9]
|       |       |--TRACK_HTML_TAG_NAME -> track [25:10]
|       |       `--SLASH_END -> /> [25:15]
|       |--TEXT ->   [25:17]
|       `--HEAD_TAG_END -> HEAD_TAG_END [25:18]
|           |--START -> < [25:18]
|           |--SLASH -> / [25:19]
|           |--HEAD_HTML_TAG_NAME -> head [25:20]
|           `--END -> > [25:24]
|--NEWLINE -> \n [25:25]
|--LEADING_ASTERISK -> * [26:0]
|--TEXT ->   [26:1]
|--HTML_ELEMENT -> HTML_ELEMENT [26:2]
|   `--HTML -> HTML [26:2]
|       |--HTML_TAG_START -> HTML_TAG_START [26:2]
|       |   |--START -> < [26:2]
|       |   |--HTML_HTML_TAG_NAME -> html [26:3]
|       |   `--END -> > [26:7]
|       |--TEXT ->   [26:8]
|       |--SINGLETON_ELEMENT -> SINGLETON_ELEMENT [26:9]
|       |   `--TRACK_TAG -> TRACK_TAG [26:9]
|       |       |--START -> < [26:9]
|       |       |--TRACK_HTML_TAG_NAME -> track [26:10]
|       |       `--SLASH_END -> /> [26:15]
|       |--TEXT ->   [26:17]
|       `--HTML_TAG_END -> HTML_TAG_END [26:18]
|           |--START -> < [26:18]
|           |--SLASH -> / [26:19]
|           |--HTML_HTML_TAG_NAME -> html [26:20]
|           `--END -> > [26:24]
|--NEWLINE -> \n [26:25]
|--LEADING_ASTERISK -> * [27:0]
|--TEXT ->   [27:1]
|--HTML_ELEMENT -> HTML_ELEMENT [27:2]
|   `--OPTION -> OPTION [27:2]
|       |--OPTION_TAG_START -> OPTION_TAG_START [27:2]
|       |   |--START -> < [27:2]
|       |   |--OPTION_HTML_TAG_NAME -> option [27:3]
|       |   `--END -> > [27:9]
|       |--TEXT ->   [27:10]
|       |--SINGLETON_ELEMENT -> SINGLETON_ELEMENT [27:11]
|       |   `--TRACK_TAG -> TRACK_TAG [27:11]
|       |       |--START -> < [27:11]
|       |       |--TRACK_HTML_TAG_NAME -> track [27:12]
|       |       `--SLASH_END -> /> [27:17]
|       |--TEXT ->   [27:19]
|       `--OPTION_TAG_END -> OPTION_TAG_END [27:20]
|           |--START -> < [27:20]
|           |--SLASH -> / [27:21]
|           |--OPTION_HTML_TAG_NAME -> option [27:22]
|           `--END -> > [27:28]
|--NEWLINE -> \n [27:29]
|--LEADING_ASTERISK -> * [28:0]
|--TEXT ->   [28:1]
|--HTML_ELEMENT -> HTML_ELEMENT [28:2]
|   `--TBODY -> TBODY [28:2]
|       |--TBODY_TAG_START -> TBODY_TAG_START [28:2]
|       |   |--START -> < [28:2]
|       |   |--TBODY_HTML_TAG_NAME -> tbody [28:3]
|       |   `--END -> > [28:8]
|       |--TEXT ->   [28:9]
|       |--SINGLETON_ELEMENT -> SINGLETON_ELEMENT [28:10]
|       |   `--TRACK_TAG -> TRACK_TAG [28:10]
|       |       |--START -> < [28:10]
|       |       |--TRACK_HTML_TAG_NAME -> track [28:11]
|       |       `--SLASH_END -> /> [28:16]
|       |--TEXT ->   [28:18]
|       `--TBODY_TAG_END -> TBODY_TAG_END [28:19]
|           |--START -> < [28:19]
|           |--SLASH -> / [28:20]
|           |--TBODY_HTML_TAG_NAME -> tbody [28:21]
|           `--END -> > [28:26]
|--NEWLINE -> \n [28:27]
|--LEADING_ASTERISK -> * [29:0]
|--TEXT ->   [29:1]
|--HTML_ELEMENT -> HTML_ELEMENT [29:2]
|   `--THEAD -> THEAD [29:2]
|       |--THEAD_TAG_START -> THEAD_TAG_START [29:2]
|       |   |--START -> < [29:2]
|       |   |--THEAD_HTML_TAG_NAME -> thead [29:3]
|       |   `--END -> > [29:8]
|       |--TEXT ->   [29:9]
|       |--SINGLETON_ELEMENT -> SINGLETON_ELEMENT [29:10]
|       |   `--TRACK_TAG -> TRACK_TAG [29:10]
|       |       |--START -> < [29:10]
|       |       |--TRACK_HTML_TAG_NAME -> track [29:11]
|       |       `--SLASH_END -> /> [29:16]
|       |--TEXT ->   [29:18]
|       `--THEAD_TAG_END -> THEAD_TAG_END [29:19]
|           |--START -> < [29:19]
|           |--SLASH -> / [29:20]
|           |--THEAD_HTML_TAG_NAME -> thead [29:21]
|           `--END -> > [29:26]
|--NEWLINE -> \n [29:27]
|--LEADING_ASTERISK -> * [30:0]
|--TEXT ->   [30:1]
|--HTML_ELEMENT -> HTML_ELEMENT [30:2]
|   `--TFOOT -> TFOOT [30:2]
|       |--TFOOT_TAG_START -> TFOOT_TAG_START [30:2]
|       |   |--START -> < [30:2]
|       |   |--TFOOT_HTML_TAG_NAME -> tfoot [30:3]
|       |   `--END -> > [30:8]
|       |--TEXT ->   [30:9]
|       |--SINGLETON_ELEMENT -> SINGLETON_ELEMENT [30:10]
|       |   `--TRACK_TAG -> TRACK_TAG [30:10]
|       |       |--START -> < [30:10]
|       |       |--TRACK_HTML_TAG_NAME -> track [30:11]
|       |       `--SLASH_END -> /> [30:16]
|       |--TEXT ->   [30:18]
|       `--TFOOT_TAG_END -> TFOOT_TAG_END [30:19]
|           |--START -> < [30:19]
|           |--SLASH -> / [30:20]
|           |--TFOOT_HTML_TAG_NAME -> tfoot [30:21]
|           `--END -> > [30:26]
|--NEWLINE -> \n [30:27]
|--NEWLINE -> \n [31:0]
|--LEADING_ASTERISK -> * [32:0]
|--TEXT ->   [32:1]
|--HTML_ELEMENT -> HTML_ELEMENT [32:2]
|   `--SINGLETON_ELEMENT -> SINGLETON_ELEMENT [32:2]
|       `--TRACK_TAG -> TRACK_TAG [32:2]
|           |--START -> < [32:2]
|           |--TRACK_HTML_TAG_NAME -> track [32:3]
|           `--END -> > [32:8]
|--NEWLINE -> \n [32:9]
|--LEADING_ASTERISK -> * [33:0]
|--TEXT ->   [33:1]
|--HTML_ELEMENT -> HTML_ELEMENT [33:2]
|   `--SINGLETON_ELEMENT -> SINGLETON_ELEMENT [33:2]
|       `--TRACK_TAG -> TRACK_TAG [33:2]
|           |--START -> < [33:2]
|           |--TRACK_HTML_TAG_NAME -> track [33:3]
|           `--SLASH_END -> /> [33:8]
|--NEWLINE -> \n [33:10]
|--LEADING_ASTERISK -> * [34:0]
|--TEXT ->   [34:1]
|--HTML_ELEMENT -> HTML_ELEMENT [34:2]
|   `--SINGLETON_ELEMENT -> SINGLETON_ELEMENT [34:2]
|       `--TRACK_TAG -> TRACK_TAG [34:2]
|           |--START -> < [34:2]
|           |--TRACK_HTML_TAG_NAME -> track [34:3]
|           |--WS ->   [34:8]
|           |--ATTRIBUTE -> ATTRIBUTE [34:9]
|           |   |--HTML_TAG_NAME -> attr [34:9]
|           |   |--EQUALS -> = [34:13]
|           |   `--ATTR_VALUE -> "something" [34:14]
|           `--END -> > [34:26]
|--NEWLINE -> \n [34:27]
|--LEADING_ASTERISK -> * [35:0]
|--TEXT ->   [35:1]
|--HTML_ELEMENT -> HTML_ELEMENT [35:2]
|   `--SINGLETON_ELEMENT -> SINGLETON_ELEMENT [35:2]
|       `--TRACK_TAG -> TRACK_TAG [35:2]
|           |--START -> < [35:2]
|           |--TRACK_HTML_TAG_NAME -> track [35:3]
|           |--WS ->   [35:8]
|           |--ATTRIBUTE -> ATTRIBUTE [35:9]
|           |   |--HTML_TAG_NAME -> attr [35:9]
|           |   |--EQUALS -> = [35:13]
|           |   `--ATTR_VALUE -> "something" [35:14]
|           `--SLASH_END -> /> [35:26]
|--NEWLINE -> \n [35:28]
|--LEADING_ASTERISK -> * [36:0]
|--TEXT ->   [36:1]
|--HTML_ELEMENT -> HTML_ELEMENT [36:2]
|   `--SINGLETON_ELEMENT -> SINGLETON_ELEMENT [36:2]
|       `--TRACK_TAG -> TRACK_TAG [36:2]
|           |--START -> < [36:2]
|           |--TRACK_HTML_TAG_NAME -> track [36:3]
|           |--WS ->   [36:8]
|           |--ATTRIBUTE -> ATTRIBUTE [36:9]
|           |   |--HTML_TAG_NAME -> attr [36:9]
|           |   |--EQUALS -> = [36:13]
|           |   `--ATTR_VALUE -> "something" [36:14]
|           |--WS ->   [36:26]
|           |--ATTRIBUTE -> ATTRIBUTE [36:27]
|           |   |--HTML_TAG_NAME -> attr2 [36:27]
|           |   |--EQUALS -> = [36:32]
|           |   `--ATTR_VALUE -> "someotherthing" [36:33]
|           `--END -> > [36:50]
|--NEWLINE -> \n [36:51]
|--LEADING_ASTERISK -> * [37:0]
|--TEXT ->   [37:1]
|--HTML_ELEMENT -> HTML_ELEMENT [37:2]
|   `--SINGLETON_ELEMENT -> SINGLETON_ELEMENT [37:2]
|       `--TRACK_TAG -> TRACK_TAG [37:2]
|           |--START -> < [37:2]
|           |--TRACK_HTML_TAG_NAME -> track [37:3]
|           |--WS ->   [37:8]
|           |--ATTRIBUTE -> ATTRIBUTE [37:9]
|           |   |--HTML_TAG_NAME -> attr [37:9]
|           |   |--EQUALS -> = [37:13]
|           |   `--ATTR_VALUE -> "something" [37:14]
|           |--WS ->   [37:26]
|           |--ATTRIBUTE -> ATTRIBUTE [37:27]
|           |   |--HTML_TAG_NAME -> attr2 [37:27]
|           |   |--EQUALS -> = [37:32]
|           |   `--ATTR_VALUE -> "someotherthing" [37:33]
|           `--SLASH_END -> /> [37:50]
|--NEWLINE -> \n [37:52]
|--LEADING_ASTERISK -> * [38:0]
|--TEXT ->   [38:1]
|--HTML_ELEMENT -> HTML_ELEMENT [38:2]
|   `--SINGLETON_ELEMENT -> SINGLETON_ELEMENT [38:2]
|       `--TRACK_TAG -> TRACK_TAG [38:2]
|           |--START -> < [38:2]
|           |--TRACK_HTML_TAG_NAME -> track [38:3]
|           |--WS ->   [38:8]
|           |--ATTRIBUTE -> ATTRIBUTE [38:9]
|           |   |--HTML_TAG_NAME -> attr [38:9]
|           |   |--EQUALS -> = [38:13]
|           |   `--ATTR_VALUE -> "something" [38:14]
|           |--WS ->   [38:26]
|           |--NEWLINE -> \n [38:27]
|           |--LEADING_ASTERISK -> * [39:0]
|           |--WS ->   [39:1]
|           |--ATTRIBUTE -> ATTRIBUTE [39:2]
|           |   |--HTML_TAG_NAME -> attr2 [39:2]
|           |   |--EQUALS -> = [39:7]
|           |   `--ATTR_VALUE -> "someotherting" [39:8]
|           `--END -> > [39:24]
|--NEWLINE -> \n [39:25]
|--LEADING_ASTERISK -> * [40:0]
|--TEXT ->   [40:1]
|--HTML_ELEMENT -> HTML_ELEMENT [40:2]
|   `--SINGLETON_ELEMENT -> SINGLETON_ELEMENT [40:2]
|       `--TRACK_TAG -> TRACK_TAG [40:2]
|           |--START -> < [40:2]
|           |--TRACK_HTML_TAG_NAME -> track [40:3]
|           |--WS ->   [40:8]
|           |--ATTRIBUTE -> ATTRIBUTE [40:9]
|           |   |--HTML_TAG_NAME -> attr [40:9]
|           |   |--EQUALS -> = [40:13]
|           |   `--ATTR_VALUE -> "something" [40:14]
|           |--WS ->   [40:26]
|           |--NEWLINE -> \n [40:27]
|           |--LEADING_ASTERISK -> * [41:0]
|           |--WS ->   [41:1]
|           |--ATTRIBUTE -> ATTRIBUTE [41:2]
|           |   |--HTML_TAG_NAME -> attr2 [41:2]
|           |   |--EQUALS -> = [41:7]
|           |   `--ATTR_VALUE -> "someotherting" [41:8]
|           `--SLASH_END -> /> [41:24]
`--EOF -> <EOF> [41:26]]
>
	at com.puppycrawl.tools.checkstyle.grammar.javadoc.JavadocParseTreeTest.testHtmlVoidElementTrack(JavadocParseTreeTest.java:302)
]]></failure>
  </testcase>
  <testcase name="testHtmlVoidElementWbr" classname="com.puppycrawl.tools.checkstyle.grammar.javadoc.JavadocParseTreeTest" time="0.047">
    <failure message="Generated tree from the javadoc file should match the pre-defined tree expected:&lt;...DOC -&gt; JAVADOC [0:0][&#10;|--LEADING_ASTERISK -&gt; * [0:0]&#10;|--TEXT -&gt;   [0:1]&#10;|--HTML_ELEMENT -&gt; HTML_ELEMENT [0:2]&#10;|   `--PARAGRAPH -&gt; PARAGRAPH [0:2]&#10;|       |--P_TAG_START -&gt; P_TAG_START [0:2]&#10;|       |   |--START -&gt; &lt; [0:2]&#10;|       |   |--P_HTML_TAG_NAME -&gt; p [0:3]&#10;|       |   `--END -&gt; &gt; [0:4]&#10;|       |--TEXT -&gt;   [0:5]&#10;|       |--SINGLETON_ELEMENT -&gt; SINGLETON_ELEMENT [0:6]&#10;|       |   `--WBR_TAG -&gt; WBR_TAG [0:6]&#10;|       |       |--START -&gt; &lt; [0:6]&#10;|       |       |--WBR_HTML_TAG_NAME -&gt; wbr [0:7]&#10;|       |       `--END -&gt; &gt; [0:10]&#10;|       |--TEXT -&gt;   [0:11]&#10;|       `--P_TAG_END -&gt; P_TAG_END [0:12]&#10;|           |--START -&gt; &lt; [0:12]&#10;|           |--SLASH -&gt; / [0:13]&#10;|           |--P_HTML_TAG_NAME -&gt; p [0:14]&#10;|           `--END -&gt; &gt; [0:15]&#10;|--NEWLINE -&gt; \n [0:16]&#10;|--LEADING_ASTERISK -&gt; * [1:0]&#10;|--TEXT -&gt;   [1:1]&#10;|--HTML_ELEMENT -&gt; HTML_ELEMENT [1:2]&#10;|   `--LI -&gt; LI [1:2]&#10;|       |--LI_TAG_START -&gt; LI_TAG_START [1:2]&#10;|       |   |--START -&gt; &lt; [1:2]&#10;|       |   |--LI_HTML_TAG_NAME -&gt; li [1:3]&#10;|       |   `--END -&gt; &gt; [1:5]&#10;|       |--TEXT -&gt;   [1:6]&#10;|       |--SINGLETON_ELEMENT -&gt; SINGLETON_ELEMENT [1:7]&#10;|       |   `--WBR_TAG -&gt; WBR_TAG [1:7]&#10;|       |       |--START -&gt; &lt; [1:7]&#10;|       |       |--WBR_HTML_TAG_NAME -&gt; wbr [1:8]&#10;|       |       `--END -&gt; &gt; [1:11]&#10;|       |--TEXT -&gt;   [1:12]&#10;|       `--LI_TAG_END -&gt; LI_TAG_END [1:13]&#10;|           |--START -&gt; &lt; [1:13]&#10;|           |--SLASH -&gt; / [1:14]&#10;|           |--LI_HTML_TAG_NAME -&gt; li [1:15]&#10;|           `--END -&gt; &gt; [1:17]&#10;|--NEWLINE -&gt; \n [1:18]&#10;|--LEADING_ASTERISK -&gt; * [2:0]&#10;|--TEXT -&gt;   [2:1]&#10;|--HTML_ELEMENT -&gt; HTML_ELEMENT [2:2]&#10;|   `--TR -&gt; TR [2:2]&#10;|       |--TR_TAG_START -&gt; TR_TAG_START [2:2]&#10;|       |   |--START -&gt; &lt; [2:2]&#10;|       |   |--TR_HTML_TAG_NAME -&gt; tr [2:3]&#10;|       |   `--END -&gt; &gt; [2:5]&#10;|       |--TEXT -&gt;   [2:6]&#10;|       |--SINGLETON_ELEMENT -&gt; SINGLETON_ELEMENT [2:7]&#10;|       |   `--WBR_TAG -&gt; WBR_TAG [2:7]&#10;|       |       |--START -&gt; &lt; [2:7]&#10;|       |       |--WBR_HTML_TAG_NAME -&gt; wbr [2:8]&#10;|       |       `--END -&gt; &gt; [2:11]&#10;|       |--TEXT -&gt;   [2:12]&#10;|       `--TR_TAG_END -&gt; TR_TAG_END [2:13]&#10;|           |--START -&gt; &lt; [2:13]&#10;|           |--SLASH -&gt; / [2:14]&#10;|           |--TR_HTML_TAG_NAME -&gt; tr [2:15]&#10;|           `--END -&gt; &gt; [2:17]&#10;|--NEWLINE -&gt; \n [2:18]&#10;|--LEADING_ASTERISK -&gt; * [3:0]&#10;|--TEXT -&gt;   [3:1]&#10;|--HTML_ELEMENT -&gt; HTML_ELEMENT [3:2]&#10;|   `--TD -&gt; TD [3:2]&#10;|       |--TD_TAG_START -&gt; TD_TAG_START [3:2]&#10;|       |   |--START -&gt; &lt; [3:2]&#10;|       |   |--TD_HTML_TAG_NAME -&gt; td [3:3]&#10;|       |   `--END -&gt; &gt; [3:5]&#10;|       |--TEXT -&gt;   [3:6]&#10;|       |--SINGLETON_ELEMENT -&gt; SINGLETON_ELEMENT [3:7]&#10;|       |   `--WBR_TAG -&gt; WBR_TAG [3:7]&#10;|       |       |--START -&gt; &lt; [3:7]&#10;|       |       |--WBR_HTML_TAG_NAME -&gt; wbr [3:8]&#10;|       |       `--END -&gt; &gt; [3:11]&#10;|       |--TEXT -&gt;   [3:12]&#10;|       `--TD_TAG_END -&gt; TD_TAG_END [3:13]&#10;|           |--START -&gt; &lt; [3:13]&#10;|           |--SLASH -&gt; / [3:14]&#10;|           |--TD_HTML_TAG_NAME -&gt; td [3:15]&#10;|           `--END -&gt; &gt; [3:17]&#10;|--NEWLINE -&gt; \n [3:18]&#10;|--LEADING_ASTERISK -&gt; * [4:0]&#10;|--TEXT -&gt;   [4:1]&#10;|--HTML_ELEMENT -&gt; HTML_ELEMENT [4:2]&#10;|   `--TH -&gt; TH [4:2]&#10;|       |--TH_TAG_START -&gt; TH_TAG_START [4:2]&#10;|       |   |--START -&gt; &lt; [4:2]&#10;|       |   |--TH_HTML_TAG_NAME -&gt; th [4:3]&#10;|       |   `--END -&gt; &gt; [4:5]&#10;|       |--TEXT -&gt;   [4:6]&#10;|       |--SINGLETON_ELEMENT -&gt; SINGLETON_ELEMENT [4:7]&#10;|       |   `--WBR_TAG -&gt; WBR_TAG [4:7]&#10;|       |       |--START -&gt; &lt; [4:7]&#10;|       |       |--WBR_HTML_TAG_NAME -&gt; wbr [4:8]&#10;|       |       `--END -&gt; &gt; [4:11]&#10;|       |--TEXT -&gt;   [4:12]&#10;|       `--TH_TAG_END -&gt; TH_TAG_END [4:13]&#10;|           |--START -&gt; &lt; [4:13]&#10;|           |--SLASH -&gt; / [4:14]&#10;|           |--TH_HTML_TAG_NAME -&gt; th [4:15]&#10;|           `--END -&gt; &gt; [4:17]&#10;|--NEWLINE -&gt; \n [4:18]&#10;|--LEADING_ASTERISK -&gt; * [5:0]&#10;|--TEXT -&gt;   [5:1]&#10;|--HTML_ELEMENT -&gt; HTML_ELEMENT [5:2]&#10;|   `--BODY -&gt; BODY [5:2]&#10;|       |--BODY_TAG_START -&gt; BODY_TAG_START [5:2]&#10;|       |   |--START -&gt; &lt; [5:2]&#10;|       |   |--BODY_HTML_TAG_NAME -&gt; body [5:3]&#10;|       |   `--END -&gt; &gt; [5:7]&#10;|       |--TEXT -&gt;   [5:8]&#10;|       |--SINGLETON_ELEMENT -&gt; SINGLETON_ELEMENT [5:9]&#10;|       |   `--WBR_TAG -&gt; WBR_TAG [5:9]&#10;|       |       |--START -&gt; &lt; [5:9]&#10;|       |       |--WBR_HTML_TAG_NAME -&gt; wbr [5:10]&#10;|       |       `--END -&gt; &gt; [5:13]&#10;|       |--TEXT -&gt;   [5:14]&#10;|       `--BODY_TAG_END -&gt; BODY_TAG_END [5:15]&#10;|           |--START -&gt; &lt; [5:15]&#10;|           |--SLASH -&gt; / [5:16]&#10;|           |--BODY_HTML_TAG_NAME -&gt; body [5:17]&#10;|           `--END -&gt; &gt; [5:21]&#10;|--NEWLINE -&gt; \n [5:22]&#10;|--LEADING_ASTERISK -&gt; * [6:0]&#10;|--TEXT -&gt;   [6:1]&#10;|--HTML_ELEMENT -&gt; HTML_ELEMENT [6:2]&#10;|   `--COLGROUP -&gt; COLGROUP [6:2]&#10;|       |--COLGROUP_TAG_START -&gt; COLGROUP_TAG_START [6:2]&#10;|       |   |--START -&gt; &lt; [6:2]&#10;|       |   |--COLGROUP_HTML_TAG_NAME -&gt; colgroup [6:3]&#10;|       |   `--END -&gt; &gt; [6:11]&#10;|       |--TEXT -&gt;   [6:12]&#10;|       |--SINGLETON_ELEMENT -&gt; SINGLETON_ELEMENT [6:13]&#10;|       |   `--WBR_TAG -&gt; WBR_TAG [6:13]&#10;|       |       |--START -&gt; &lt; [6:13]&#10;|       |       |--WBR_HTML_TAG_NAME -&gt; wbr [6:14]&#10;|       |       `--END -&gt; &gt; [6:17]&#10;|       |--TEXT -&gt;   [6:18]&#10;|       `--COLGROUP_TAG_END -&gt; COLGROUP_TAG_END [6:19]&#10;|           |--START -&gt; &lt; [6:19]&#10;|           |--SLASH -&gt; / [6:20]&#10;|           |--COLGROUP_HTML_TAG_NAME -&gt; colgroup [6:21]&#10;|           `--END -&gt; &gt; [6:29]&#10;|--NEWLINE -&gt; \n [6:30]&#10;|--LEADING_ASTERISK -&gt; * [7:0]&#10;|--TEXT -&gt;   [7:1]&#10;|--HTML_ELEMENT -&gt; HTML_ELEMENT [7:2]&#10;|   `--DD -&gt; DD [7:2]&#10;|       |--DD_TAG_START -&gt; DD_TAG_START [7:2]&#10;|       |   |--START -&gt; &lt; [7:2]&#10;|       |   |--DD_HTML_TAG_NAME -&gt; dd [7:3]&#10;|       |   `--END -&gt; &gt; [7:5]&#10;|       |--TEXT -&gt;   [7:6]&#10;|       |--SINGLETON_ELEMENT -&gt; SINGLETON_ELEMENT [7:7]&#10;|       |   `--WBR_TAG -&gt; WBR_TAG [7:7]&#10;|       |       |--START -&gt; &lt; [7:7]&#10;|       |       |--WBR_HTML_TAG_NAME -&gt; wbr [7:8]&#10;|       |       `--END -&gt; &gt; [7:11]&#10;|       |--TEXT -&gt;   [7:12]&#10;|       `--DD_TAG_END -&gt; DD_TAG_END [7:13]&#10;|           |--START -&gt; &lt; [7:13]&#10;|           |--SLASH -&gt; / [7:14]&#10;|           |--DD_HTML_TAG_NAME -&gt; dd [7:15]&#10;|           `--END -&gt; &gt; [7:17]&#10;|--NEWLINE -&gt; \n [7:18]&#10;|--LEADING_ASTERISK -&gt; * [8:0]&#10;|--TEXT -&gt;   [8:1]&#10;|--HTML_ELEMENT -&gt; HTML_ELEMENT [8:2]&#10;|   `--DT -&gt; DT [8:2]&#10;|       |--DT_TAG_START -&gt; DT_TAG_START [8:2]&#10;|       |   |--START -&gt; &lt; [8:2]&#10;|       |   |--DT_HTML_TAG_NAME -&gt; dt [8:3]&#10;|       |   `--END -&gt; &gt; [8:5]&#10;|       |--TEXT -&gt;   [8:6]&#10;|       |--SINGLETON_ELEMENT -&gt; SINGLETON_ELEMENT [8:7]&#10;|       |   `--WBR_TAG -&gt; WBR_TAG [8:7]&#10;|       |       |--START -&gt; &lt; [8:7]&#10;|       |       |--WBR_HTML_TAG_NAME -&gt; wbr [8:8]&#10;|       |       `--END -&gt; &gt; [8:11]&#10;|       |--TEXT -&gt;   [8:12]&#10;|       `--DT_TAG_END -&gt; DT_TAG_END [8:13]&#10;|           |--START -&gt; &lt; [8:13]&#10;|           |--SLASH -&gt; / [8:14]&#10;|           |--DT_HTML_TAG_NAME -&gt; dt [8:15]&#10;|           `--END -&gt; &gt; [8:17]&#10;|--NEWLINE -&gt; \n [8:18]&#10;|--LEADING_ASTERISK -&gt; * [9:0]&#10;|--TEXT -&gt;   [9:1]&#10;|--HTML_ELEMENT -&gt; HTML_ELEMENT [9:2]&#10;|   `--HEAD -&gt; HEAD [9:2]&#10;|       |--HEAD_TAG_START -&gt; HEAD_TAG_START [9:2]&#10;|       |   |--START -&gt; &lt; [9:2]&#10;|       |   |--HEAD_HTML_TAG_NAME -&gt; head [9:3]&#10;|       |   `--END -&gt; &gt; [9:7]&#10;|       |--TEXT -&gt;   [9:8]&#10;|       |--SINGLETON_ELEMENT -&gt; SINGLETON_ELEMENT [9:9]&#10;|       |   `--WBR_TAG -&gt; WBR_TAG [9:9]&#10;|       |       |--START -&gt; &lt; [9:9]&#10;|       |       |--WBR_HTML_TAG_NAME -&gt; wbr [9:10]&#10;|       |       `--END -&gt; &gt; [9:13]&#10;|       |--TEXT -&gt;   [9:14]&#10;|       `--HEAD_TAG_END -&gt; HEAD_TAG_END [9:15]&#10;|           |--START -&gt; &lt; [9:15]&#10;|           |--SLASH -&gt; / [9:16]&#10;|           |--HEAD_HTML_TAG_NAME -&gt; head [9:17]&#10;|           `--END -&gt; &gt; [9:21]&#10;|--NEWLINE -&gt; \n [9:22]&#10;|--LEADING_ASTERISK -&gt; * [10:0]&#10;|--TEXT -&gt;   [10:1]&#10;|--HTML_ELEMENT -&gt; HTML_ELEMENT [10:2]&#10;|   `--HTML -&gt; HTML [10:2]&#10;|       |--HTML_TAG_START -&gt; HTML_TAG_START [10:2]&#10;|       |   |--START -&gt; &lt; [10:2]&#10;|       |   |--HTML_HTML_TAG_NAME -&gt; html [10:3]&#10;|       |   `--END -&gt; &gt; [10:7]&#10;|       |--TEXT -&gt;   [10:8]&#10;|       |--SINGLETON_ELEMENT -&gt; SINGLETON_ELEMENT [10:9]&#10;|       |   `--WBR_TAG -&gt; WBR_TAG [10:9]&#10;|       |       |--START -&gt; &lt; [10:9]&#10;|       |       |--WBR_HTML_TAG_NAME -&gt; wbr [10:10]&#10;|       |       `--END -&gt; &gt; [10:13]&#10;|       |--TEXT -&gt;   [10:14]&#10;|       `--HTML_TAG_END -&gt; HTML_TAG_END [10:15]&#10;|           |--START -&gt; &lt; [10:15]&#10;|           |--SLASH -&gt; / [10:16]&#10;|           |--HTML_HTML_TAG_NAME -&gt; html [10:17]&#10;|           `--END -&gt; &gt; [10:21]&#10;|--NEWLINE -&gt; \n [10:22]&#10;|--LEADING_ASTERISK -&gt; * [11:0]&#10;|--TEXT -&gt;   [11:1]&#10;|--HTML_ELEMENT -&gt; HTML_ELEMENT [11:2]&#10;|   `--OPTION -&gt; OPTION [11:2]&#10;|       |--OPTION_TAG_START -&gt; OPTION_TAG_START [11:2]&#10;|       |   |--START -&gt; &lt; [11:2]&#10;|       |   |--OPTION_HTML_TAG_NAME -&gt; option [11:3]&#10;|       |   `--END -&gt; &gt; [11:9]&#10;|       |--TEXT -&gt;   [11:10]&#10;|       |--SINGLETON_ELEMENT -&gt; SINGLETON_ELEMENT [11:11]&#10;|       |   `--WBR_TAG -&gt; WBR_TAG [11:11]&#10;|       |       |--START -&gt; &lt; [11:11]&#10;|       |       |--WBR_HTML_TAG_NAME -&gt; wbr [11:12]&#10;|       |       `--END -&gt; &gt; [11:15]&#10;|       |--TEXT -&gt;   [11:16]&#10;|       `--OPTION_TAG_END -&gt; OPTION_TAG_END [11:17]&#10;|           |--START -&gt; &lt; [11:17]&#10;|           |--SLASH -&gt; / [11:18]&#10;|           |--OPTION_HTML_TAG_NAME -&gt; option [11:19]&#10;|           `--END -&gt; &gt; [11:25]&#10;|--NEWLINE -&gt; \n [11:26]&#10;|--LEADING_ASTERISK -&gt; * [12:0]&#10;|--TEXT -&gt;   [12:1]&#10;|--HTML_ELEMENT -&gt; HTML_ELEMENT [12:2]&#10;|   `--TBODY -&gt; TBODY [12:2]&#10;|       |--TBODY_TAG_START -&gt; TBODY_TAG_START [12:2]&#10;|       |   |--START -&gt; &lt; [12:2]&#10;|       |   |--TBODY_HTML_TAG_NAME -&gt; tbody [12:3]&#10;|       |   `--END -&gt; &gt; [12:8]&#10;|       |--TEXT -&gt;   [12:9]&#10;|       |--SINGLETON_ELEMENT -&gt; SINGLETON_ELEMENT [12:10]&#10;|       |   `--WBR_TAG -&gt; WBR_TAG [12:10]&#10;|       |       |--START -&gt; &lt; [12:10]&#10;|       |       |--WBR_HTML_TAG_NAME -&gt; wbr [12:11]&#10;|       |       `--END -&gt; &gt; [12:14]&#10;|       |--TEXT -&gt;   [12:15]&#10;|       `--TBODY_TAG_END -&gt; TBODY_TAG_END [12:16]&#10;|           |--START -&gt; &lt; [12:16]&#10;|           |--SLASH -&gt; / [12:17]&#10;|           |--TBODY_HTML_TAG_NAME -&gt; tbody [12:18]&#10;|           `--END -&gt; &gt; [12:23]&#10;|--NEWLINE -&gt; \n [12:24]&#10;|--LEADING_ASTERISK -&gt; * [13:0]&#10;|--TEXT -&gt;   [13:1]&#10;|--HTML_ELEMENT -&gt; HTML_ELEMENT [13:2]&#10;|   `--THEAD -&gt; THEAD [13:2]&#10;|       |--THEAD_TAG_START -&gt; THEAD_TAG_START [13:2]&#10;|       |   |--START -&gt; &lt; [13:2]&#10;|       |   |--THEAD_HTML_TAG_NAME -&gt; thead [13:3]&#10;|       |   `--END -&gt; &gt; [13:8]&#10;|       |--TEXT -&gt;   [13:9]&#10;|       |--SINGLETON_ELEMENT -&gt; SINGLETON_ELEMENT [13:10]&#10;|       |   `--WBR_TAG -&gt; WBR_TAG [13:10]&#10;|       |       |--START -&gt; &lt; [13:10]&#10;|       |       |--WBR_HTML_TAG_NAME -&gt; wbr [13:11]&#10;|       |       `--END -&gt; &gt; [13:14]&#10;|       |--TEXT -&gt;   [13:15]&#10;|       `--THEAD_TAG_END -&gt; THEAD_TAG_END [13:16]&#10;|           |--START -&gt; &lt; [13:16]&#10;|           |--SLASH -&gt; / [13:17]&#10;|           |--THEAD_HTML_TAG_NAME -&gt; thead [13:18]&#10;|           `--END -&gt; &gt; [13:23]&#10;|--NEWLINE -&gt; \n [13:24]&#10;|--LEADING_ASTERISK -&gt; * [14:0]&#10;|--TEXT -&gt;   [14:1]&#10;|--HTML_ELEMENT -&gt; HTML_ELEMENT [14:2]&#10;|   `--TFOOT -&gt; TFOOT [14:2]&#10;|       |--TFOOT_TAG_START -&gt; TFOOT_TAG_START [14:2]&#10;|       |   |--START -&gt; &lt; [14:2]&#10;|       |   |--TFOOT_HTML_TAG_NAME -&gt; tfoot [14:3]&#10;|       |   `--END -&gt; &gt; [14:8]&#10;|       |--TEXT -&gt;   [14:9]&#10;|       |--SINGLETON_ELEMENT -&gt; SINGLETON_ELEMENT [14:10]&#10;|       |   `--WBR_TAG -&gt; WBR_TAG [14:10]&#10;|       |       |--START -&gt; &lt; [14:10]&#10;|       |       |--WBR_HTML_TAG_NAME -&gt; wbr [14:11]&#10;|       |       `--END -&gt; &gt; [14:14]&#10;|       |--TEXT -&gt;   [14:15]&#10;|       `--TFOOT_TAG_END -&gt; TFOOT_TAG_END [14:16]&#10;|           |--START -&gt; &lt; [14:16]&#10;|           |--SLASH -&gt; / [14:17]&#10;|           |--TFOOT_HTML_TAG_NAME -&gt; tfoot [14:18]&#10;|           `--END -&gt; &gt; [14:23]&#10;|--NEWLINE -&gt; \n [14:24]&#10;|--NEWLINE -&gt; \n [15:0]&#10;|--LEADING_ASTERISK -&gt; * [16:0]&#10;|--TEXT -&gt;   [16:1]&#10;|--HTML_ELEMENT -&gt; HTML_ELEMENT [16:2]&#10;|   `--PARAGRAPH -&gt; PARAGRAPH [16:2]&#10;|       |--P_TAG_START -&gt; P_TAG_START [16:2]&#10;|       |   |--START -&gt; &lt; [16:2]&#10;|       |   |--P_HTML_TAG_NAME -&gt; p [16:3]&#10;|       |   `--END -&gt; &gt; [16:4]&#10;|       |--TEXT -&gt;   [16:5]&#10;|       |--SINGLETON_ELEMENT -&gt; SINGLETON_ELEMENT [16:6]&#10;|       |   `--WBR_TAG -&gt; WBR_TAG [16:6]&#10;|       |       |--START -&gt; &lt; [16:6]&#10;|       |       |--WBR_HTML_TAG_NAME -&gt; wbr [16:7]&#10;|       |       `--SLASH_END -&gt; /&gt; [16:10]&#10;|       |--TEXT -&gt;   [16:12]&#10;|       `--P_TAG_END -&gt; P_TAG_END [16:13]&#10;|           |--START -&gt; &lt; [16:13]&#10;|           |--SLASH -&gt; / [16:14]&#10;|           |--P_HTML_TAG_NAME -&gt; p [16:15]&#10;|           `--END -&gt; &gt; [16:16]&#10;|--NEWLINE -&gt; \n [16:17]&#10;|--LEADING_ASTERISK -&gt; * [17:0]&#10;|--TEXT -&gt;   [17:1]&#10;|--HTML_ELEMENT -&gt; HTML_ELEMENT [17:2]&#10;|   `--LI -&gt; LI [17:2]&#10;|       |--LI_TAG_START -&gt; LI_TAG_START [17:2]&#10;|       |   |--START -&gt; &lt; [17:2]&#10;|       |   |--LI_HTML_TAG_NAME -&gt; li [17:3]&#10;|       |   `--END -&gt; &gt; [17:5]&#10;|       |--TEXT -&gt;   [17:6]&#10;|       |--SINGLETON_ELEMENT -&gt; SINGLETON_ELEMENT [17:7]&#10;|       |   `--WBR_TAG -&gt; WBR_TAG [17:7]&#10;|       |       |--START -&gt; &lt; [17:7]&#10;|       |       |--WBR_HTML_TAG_NAME -&gt; wbr [17:8]&#10;|       |       `--SLASH_END -&gt; /&gt; [17:11]&#10;|       |--TEXT -&gt;   [17:13]&#10;|       `--LI_TAG_END -&gt; LI_TAG_END [17:14]&#10;|           |--START -&gt; &lt; [17:14]&#10;|           |--SLASH -&gt; / [17:15]&#10;|           |--LI_HTML_TAG_NAME -&gt; li [17:16]&#10;|           `--END -&gt; &gt; [17:18]&#10;|--NEWLINE -&gt; \n [17:19]&#10;|--LEADING_ASTERISK -&gt; * [18:0]&#10;|--TEXT -&gt;   [18:1]&#10;|--HTML_ELEMENT -&gt; HTML_ELEMENT [18:2]&#10;|   `--TR -&gt; TR [18:2]&#10;|       |--TR_TAG_START -&gt; TR_TAG_START [18:2]&#10;|       |   |--START -&gt; &lt; [18:2]&#10;|       |   |--TR_HTML_TAG_NAME -&gt; tr [18:3]&#10;|       |   `--END -&gt; &gt; [18:5]&#10;|       |--TEXT -&gt;   [18:6]&#10;|       |--SINGLETON_ELEMENT -&gt; SINGLETON_ELEMENT [18:7]&#10;|       |   `--WBR_TAG -&gt; WBR_TAG [18:7]&#10;|       |       |--START -&gt; &lt; [18:7]&#10;|       |       |--WBR_HTML_TAG_NAME -&gt; wbr [18:8]&#10;|       |       `--SLASH_END -&gt; /&gt; [18:11]&#10;|       |--TEXT -&gt;   [18:13]&#10;|       `--TR_TAG_END -&gt; TR_TAG_END [18:14]&#10;|           |--START -&gt; &lt; [18:14]&#10;|           |--SLASH -&gt; / [18:15]&#10;|           |--TR_HTML_TAG_NAME -&gt; tr [18:16]&#10;|           `--END -&gt; &gt; [18:18]&#10;|--NEWLINE -&gt; \n [18:19]&#10;|--LEADING_ASTERISK -&gt; * [19:0]&#10;|--TEXT -&gt;   [19:1]&#10;|--HTML_ELEMENT -&gt; HTML_ELEMENT [19:2]&#10;|   `--TD -&gt; TD [19:2]&#10;|       |--TD_TAG_START -&gt; TD_TAG_START [19:2]&#10;|       |   |--START -&gt; &lt; [19:2]&#10;|       |   |--TD_HTML_TAG_NAME -&gt; td [19:3]&#10;|       |   `--END -&gt; &gt; [19:5]&#10;|       |--TEXT -&gt;   [19:6]&#10;|       |--SINGLETON_ELEMENT -&gt; SINGLETON_ELEMENT [19:7]&#10;|       |   `--WBR_TAG -&gt; WBR_TAG [19:7]&#10;|       |       |--START -&gt; &lt; [19:7]&#10;|       |       |--WBR_HTML_TAG_NAME -&gt; wbr [19:8]&#10;|       |       `--SLASH_END -&gt; /&gt; [19:11]&#10;|       |--TEXT -&gt;   [19:13]&#10;|       `--TD_TAG_END -&gt; TD_TAG_END [19:14]&#10;|           |--START -&gt; &lt; [19:14]&#10;|           |--SLASH -&gt; / [19:15]&#10;|           |--TD_HTML_TAG_NAME -&gt; td [19:16]&#10;|           `--END -&gt; &gt; [19:18]&#10;|--NEWLINE -&gt; \n [19:19]&#10;|--LEADING_ASTERISK -&gt; * [20:0]&#10;|--TEXT -&gt;   [20:1]&#10;|--HTML_ELEMENT -&gt; HTML_ELEMENT [20:2]&#10;|   `--TH -&gt; TH [20:2]&#10;|       |--TH_TAG_START -&gt; TH_TAG_START [20:2]&#10;|       |   |--START -&gt; &lt; [20:2]&#10;|       |   |--TH_HTML_TAG_NAME -&gt; th [20:3]&#10;|       |   `--END -&gt; &gt; [20:5]&#10;|       |--TEXT -&gt;   [20:6]&#10;|       |--SINGLETON_ELEMENT -&gt; SINGLETON_ELEMENT [20:7]&#10;|       |   `--WBR_TAG -&gt; WBR_TAG [20:7]&#10;|       |       |--START -&gt; &lt; [20:7]&#10;|       |       |--WBR_HTML_TAG_NAME -&gt; wbr [20:8]&#10;|       |       `--SLASH_END -&gt; /&gt; [20:11]&#10;|       |--TEXT -&gt;   [20:13]&#10;|       `--TH_TAG_END -&gt; TH_TAG_END [20:14]&#10;|           |--START -&gt; &lt; [20:14]&#10;|           |--SLASH -&gt; / [20:15]&#10;|           |--TH_HTML_TAG_NAME -&gt; th [20:16]&#10;|           `--END -&gt; &gt; [20:18]&#10;|--NEWLINE -&gt; \n [20:19]&#10;|--LEADING_ASTERISK -&gt; * [21:0]&#10;|--TEXT -&gt;   [21:1]&#10;|--HTML_ELEMENT -&gt; HTML_ELEMENT [21:2]&#10;|   `--BODY -&gt; BODY [21:2]&#10;|       |--BODY_TAG_START -&gt; BODY_TAG_START [21:2]&#10;|       |   |--START -&gt; &lt; [21:2]&#10;|       |   |--BODY_HTML_TAG_NAME -&gt; body [21:3]&#10;|       |   `--END -&gt; &gt; [21:7]&#10;|       |--TEXT -&gt;   [21:8]&#10;|       |--SINGLETON_ELEMENT -&gt; SINGLETON_ELEMENT [21:9]&#10;|       |   `--WBR_TAG -&gt; WBR_TAG [21:9]&#10;|       |       |--START -&gt; &lt; [21:9]&#10;|       |       |--WBR_HTML_TAG_NAME -&gt; wbr [21:10]&#10;|       |       `--SLASH_END -&gt; /&gt; [21:13]&#10;|       |--TEXT -&gt;   [21:15]&#10;|       `--BODY_TAG_END -&gt; BODY_TAG_END [21:16]&#10;|           |--START -&gt; &lt; [21:16]&#10;|           |--SLASH -&gt; / [21:17]&#10;|           |--BODY_HTML_TAG_NAME -&gt; body [21:18]&#10;|           `--END -&gt; &gt; [21:22]&#10;|--NEWLINE -&gt; \n [21:23]&#10;|--LEADING_ASTERISK -&gt; * [22:0]&#10;|--TEXT -&gt;   [22:1]&#10;|--HTML_ELEMENT -&gt; HTML_ELEMENT [22:2]&#10;|   `--COLGROUP -&gt; COLGROUP [22:2]&#10;|       |--COLGROUP_TAG_START -&gt; COLGROUP_TAG_START [22:2]&#10;|       |   |--START -&gt; &lt; [22:2]&#10;|       |   |--COLGROUP_HTML_TAG_NAME -&gt; colgroup [22:3]&#10;|       |   `--END -&gt; &gt; [22:11]&#10;|       |--TEXT -&gt;   [22:12]&#10;|       |--SINGLETON_ELEMENT -&gt; SINGLETON_ELEMENT [22:13]&#10;|       |   `--WBR_TAG -&gt; WBR_TAG [22:13]&#10;|       |       |--START -&gt; &lt; [22:13]&#10;|       |       |--WBR_HTML_TAG_NAME -&gt; wbr [22:14]&#10;|       |       `--SLASH_END -&gt; /&gt; [22:17]&#10;|       |--TEXT -&gt;   [22:19]&#10;|       `--COLGROUP_TAG_END -&gt; COLGROUP_TAG_END [22:20]&#10;|           |--START -&gt; &lt; [22:20]&#10;|           |--SLASH -&gt; / [22:21]&#10;|           |--COLGROUP_HTML_TAG_NAME -&gt; colgroup [22:22]&#10;|           `--END -&gt; &gt; [22:30]&#10;|--NEWLINE -&gt; \n [22:31]&#10;|--LEADING_ASTERISK -&gt; * [23:0]&#10;|--TEXT -&gt;   [23:1]&#10;|--HTML_ELEMENT -&gt; HTML_ELEMENT [23:2]&#10;|   `--DD -&gt; DD [23:2]&#10;|       |--DD_TAG_START -&gt; DD_TAG_START [23:2]&#10;|       |   |--START -&gt; &lt; [23:2]&#10;|       |   |--DD_HTML_TAG_NAME -&gt; dd [23:3]&#10;|       |   `--END -&gt; &gt; [23:5]&#10;|       |--TEXT -&gt;   [23:6]&#10;|       |--SINGLETON_ELEMENT -&gt; SINGLETON_ELEMENT [23:7]&#10;|       |   `--WBR_TAG -&gt; WBR_TAG [23:7]&#10;|       |       |--START -&gt; &lt; [23:7]&#10;|       |       |--WBR_HTML_TAG_NAME -&gt; wbr [23:8]&#10;|       |       `--SLASH_END -&gt; /&gt; [23:11]&#10;|       |--TEXT -&gt;   [23:13]&#10;|       `--DD_TAG_END -&gt; DD_TAG_END [23:14]&#10;|           |--START -&gt; &lt; [23:14]&#10;|           |--SLASH -&gt; / [23:15]&#10;|           |--DD_HTML_TAG_NAME -&gt; dd [23:16]&#10;|           `--END -&gt; &gt; [23:18]&#10;|--NEWLINE -&gt; \n [23:19]&#10;|--LEADING_ASTERISK -&gt; * [24:0]&#10;|--TEXT -&gt;   [24:1]&#10;|--HTML_ELEMENT -&gt; HTML_ELEMENT [24:2]&#10;|   `--DT -&gt; DT [24:2]&#10;|       |--DT_TAG_START -&gt; DT_TAG_START [24:2]&#10;|       |   |--START -&gt; &lt; [24:2]&#10;|       |   |--DT_HTML_TAG_NAME -&gt; dt [24:3]&#10;|       |   `--END -&gt; &gt; [24:5]&#10;|       |--TEXT -&gt;   [24:6]&#10;|       |--SINGLETON_ELEMENT -&gt; SINGLETON_ELEMENT [24:7]&#10;|       |   `--WBR_TAG -&gt; WBR_TAG [24:7]&#10;|       |       |--START -&gt; &lt; [24:7]&#10;|       |       |--WBR_HTML_TAG_NAME -&gt; wbr [24:8]&#10;|       |       `--SLASH_END -&gt; /&gt; [24:11]&#10;|       |--TEXT -&gt;   [24:13]&#10;|       `--DT_TAG_END -&gt; DT_TAG_END [24:14]&#10;|           |--START -&gt; &lt; [24:14]&#10;|           |--SLASH -&gt; / [24:15]&#10;|           |--DT_HTML_TAG_NAME -&gt; dt [24:16]&#10;|           `--END -&gt; &gt; [24:18]&#10;|--NEWLINE -&gt; \n [24:19]&#10;|--LEADING_ASTERISK -&gt; * [25:0]&#10;|--TEXT -&gt;   [25:1]&#10;|--HTML_ELEMENT -&gt; HTML_ELEMENT [25:2]&#10;|   `--HEAD -&gt; HEAD [25:2]&#10;|       |--HEAD_TAG_START -&gt; HEAD_TAG_START [25:2]&#10;|       |   |--START -&gt; &lt; [25:2]&#10;|       |   |--HEAD_HTML_TAG_NAME -&gt; head [25:3]&#10;|       |   `--END -&gt; &gt; [25:7]&#10;|       |--TEXT -&gt;   [25:8]&#10;|       |--SINGLETON_ELEMENT -&gt; SINGLETON_ELEMENT [25:9]&#10;|       |   `--WBR_TAG -&gt; WBR_TAG [25:9]&#10;|       |       |--START -&gt; &lt; [25:9]&#10;|       |       |--WBR_HTML_TAG_NAME -&gt; wbr [25:10]&#10;|       |       `--SLASH_END -&gt; /&gt; [25:13]&#10;|       |--TEXT -&gt;   [25:15]&#10;|       `--HEAD_TAG_END -&gt; HEAD_TAG_END [25:16]&#10;|           |--START -&gt; &lt; [25:16]&#10;|           |--SLASH -&gt; / [25:17]&#10;|           |--HEAD_HTML_TAG_NAME -&gt; head [25:18]&#10;|           `--END -&gt; &gt; [25:22]&#10;|--NEWLINE -&gt; \n [25:23]&#10;|--LEADING_ASTERISK -&gt; * [26:0]&#10;|--TEXT -&gt;   [26:1]&#10;|--HTML_ELEMENT -&gt; HTML_ELEMENT [26:2]&#10;|   `--HTML -&gt; HTML [26:2]&#10;|       |--HTML_TAG_START -&gt; HTML_TAG_START [26:2]&#10;|       |   |--START -&gt; &lt; [26:2]&#10;|       |   |--HTML_HTML_TAG_NAME -&gt; html [26:3]&#10;|       |   `--END -&gt; &gt; [26:7]&#10;|       |--TEXT -&gt;   [26:8]&#10;|       |--SINGLETON_ELEMENT -&gt; SINGLETON_ELEMENT [26:9]&#10;|       |   `--WBR_TAG -&gt; WBR_TAG [26:9]&#10;|       |       |--START -&gt; &lt; [26:9]&#10;|       |       |--WBR_HTML_TAG_NAME -&gt; wbr [26:10]&#10;|       |       `--SLASH_END -&gt; /&gt; [26:13]&#10;|       |--TEXT -&gt;   [26:15]&#10;|       `--HTML_TAG_END -&gt; HTML_TAG_END [26:16]&#10;|           |--START -&gt; &lt; [26:16]&#10;|           |--SLASH -&gt; / [26:17]&#10;|           |--HTML_HTML_TAG_NAME -&gt; html [26:18]&#10;|           `--END -&gt; &gt; [26:22]&#10;|--NEWLINE -&gt; \n [26:23]&#10;|--LEADING_ASTERISK -&gt; * [27:0]&#10;|--TEXT -&gt;   [27:1]&#10;|--HTML_ELEMENT -&gt; HTML_ELEMENT [27:2]&#10;|   `--OPTION -&gt; OPTION [27:2]&#10;|       |--OPTION_TAG_START -&gt; OPTION_TAG_START [27:2]&#10;|       |   |--START -&gt; &lt; [27:2]&#10;|       |   |--OPTION_HTML_TAG_NAME -&gt; option [27:3]&#10;|       |   `--END -&gt; &gt; [27:9]&#10;|       |--TEXT -&gt;   [27:10]&#10;|       |--SINGLETON_ELEMENT -&gt; SINGLETON_ELEMENT [27:11]&#10;|       |   `--WBR_TAG -&gt; WBR_TAG [27:11]&#10;|       |       |--START -&gt; &lt; [27:11]&#10;|       |       |--WBR_HTML_TAG_NAME -&gt; wbr [27:12]&#10;|       |       `--SLASH_END -&gt; /&gt; [27:15]&#10;|       |--TEXT -&gt;   [27:17]&#10;|       `--OPTION_TAG_END -&gt; OPTION_TAG_END [27:18]&#10;|           |--START -&gt; &lt; [27:18]&#10;|           |--SLASH -&gt; / [27:19]&#10;|           |--OPTION_HTML_TAG_NAME -&gt; option [27:20]&#10;|           `--END -&gt; &gt; [27:26]&#10;|--NEWLINE -&gt; \n [27:27]&#10;|--LEADING_ASTERISK -&gt; * [28:0]&#10;|--TEXT -&gt;   [28:1]&#10;|--HTML_ELEMENT -&gt; HTML_ELEMENT [28:2]&#10;|   `--TBODY -&gt; TBODY [28:2]&#10;|       |--TBODY_TAG_START -&gt; TBODY_TAG_START [28:2]&#10;|       |   |--START -&gt; &lt; [28:2]&#10;|       |   |--TBODY_HTML_TAG_NAME -&gt; tbody [28:3]&#10;|       |   `--END -&gt; &gt; [28:8]&#10;|       |--TEXT -&gt;   [28:9]&#10;|       |--SINGLETON_ELEMENT -&gt; SINGLETON_ELEMENT [28:10]&#10;|       |   `--WBR_TAG -&gt; WBR_TAG [28:10]&#10;|       |       |--START -&gt; &lt; [28:10]&#10;|       |       |--WBR_HTML_TAG_NAME -&gt; wbr [28:11]&#10;|       |       `--SLASH_END -&gt; /&gt; [28:14]&#10;|       |--TEXT -&gt;   [28:16]&#10;|       `--TBODY_TAG_END -&gt; TBODY_TAG_END [28:17]&#10;|           |--START -&gt; &lt; [28:17]&#10;|           |--SLASH -&gt; / [28:18]&#10;|           |--TBODY_HTML_TAG_NAME -&gt; tbody [28:19]&#10;|           `--END -&gt; &gt; [28:24]&#10;|--NEWLINE -&gt; \n [28:25]&#10;|--LEADING_ASTERISK -&gt; * [29:0]&#10;|--TEXT -&gt;   [29:1]&#10;|--HTML_ELEMENT -&gt; HTML_ELEMENT [29:2]&#10;|   `--THEAD -&gt; THEAD [29:2]&#10;|       |--THEAD_TAG_START -&gt; THEAD_TAG_START [29:2]&#10;|       |   |--START -&gt; &lt; [29:2]&#10;|       |   |--THEAD_HTML_TAG_NAME -&gt; thead [29:3]&#10;|       |   `--END -&gt; &gt; [29:8]&#10;|       |--TEXT -&gt;   [29:9]&#10;|       |--SINGLETON_ELEMENT -&gt; SINGLETON_ELEMENT [29:10]&#10;|       |   `--WBR_TAG -&gt; WBR_TAG [29:10]&#10;|       |       |--START -&gt; &lt; [29:10]&#10;|       |       |--WBR_HTML_TAG_NAME -&gt; wbr [29:11]&#10;|       |       `--SLASH_END -&gt; /&gt; [29:14]&#10;|       |--TEXT -&gt;   [29:16]&#10;|       `--THEAD_TAG_END -&gt; THEAD_TAG_END [29:17]&#10;|           |--START -&gt; &lt; [29:17]&#10;|           |--SLASH -&gt; / [29:18]&#10;|           |--THEAD_HTML_TAG_NAME -&gt; thead [29:19]&#10;|           `--END -&gt; &gt; [29:24]&#10;|--NEWLINE -&gt; \n [29:25]&#10;|--LEADING_ASTERISK -&gt; * [30:0]&#10;|--TEXT -&gt;   [30:1]&#10;|--HTML_ELEMENT -&gt; HTML_ELEMENT [30:2]&#10;|   `--TFOOT -&gt; TFOOT [30:2]&#10;|       |--TFOOT_TAG_START -&gt; TFOOT_TAG_START [30:2]&#10;|       |   |--START -&gt; &lt; [30:2]&#10;|       |   |--TFOOT_HTML_TAG_NAME -&gt; tfoot [30:3]&#10;|       |   `--END -&gt; &gt; [30:8]&#10;|       |--TEXT -&gt;   [30:9]&#10;|       |--SINGLETON_ELEMENT -&gt; SINGLETON_ELEMENT [30:10]&#10;|       |   `--WBR_TAG -&gt; WBR_TAG [30:10]&#10;|       |       |--START -&gt; &lt; [30:10]&#10;|       |       |--WBR_HTML_TAG_NAME -&gt; wbr [30:11]&#10;|       |       `--SLASH_END -&gt; /&gt; [30:14]&#10;|       |--TEXT -&gt;   [30:16]&#10;|       `--TFOOT_TAG_END -&gt; TFOOT_TAG_END [30:17]&#10;|           |--START -&gt; &lt; [30:17]&#10;|           |--SLASH -&gt; / [30:18]&#10;|           |--TFOOT_HTML_TAG_NAME -&gt; tfoot [30:19]&#10;|           `--END -&gt; &gt; [30:24]&#10;|--NEWLINE -&gt; \n [30:25]&#10;|--NEWLINE -&gt; \n [31:0]&#10;|--LEADING_ASTERISK -&gt; * [32:0]&#10;|--TEXT -&gt;   [32:1]&#10;|--HTML_ELEMENT -&gt; HTML_ELEMENT [32:2]&#10;|   `--SINGLETON_ELEMENT -&gt; SINGLETON_ELEMENT [32:2]&#10;|       `--WBR_TAG -&gt; WBR_TAG [32:2]&#10;|           |--START -&gt; &lt; [32:2]&#10;|           |--WBR_HTML_TAG_NAME -&gt; wbr [32:3]&#10;|           `--END -&gt; &gt; [32:6]&#10;|--NEWLINE -&gt; \n [32:7]&#10;|--LEADING_ASTERISK -&gt; * [33:0]&#10;|--TEXT -&gt;   [33:1]&#10;|--HTML_ELEMENT -&gt; HTML_ELEMENT [33:2]&#10;|   `--SINGLETON_ELEMENT -&gt; SINGLETON_ELEMENT [33:2]&#10;|       `--WBR_TAG -&gt; WBR_TAG [33:2]&#10;|           |--START -&gt; &lt; [33:2]&#10;|           |--WBR_HTML_TAG_NAME -&gt; wbr [33:3]&#10;|           `--SLASH_END -&gt; /&gt; [33:6]&#10;|--NEWLINE -&gt; \n [33:8]&#10;|--LEADING_ASTERISK -&gt; * [34:0]&#10;|--TEXT -&gt;   [34:1]&#10;|--HTML_ELEMENT -&gt; HTML_ELEMENT [34:2]&#10;|   `--SINGLETON_ELEMENT -&gt; SINGLETON_ELEMENT [34:2]&#10;|       `--WBR_TAG -&gt; WBR_TAG [34:2]&#10;|           |--START -&gt; &lt; [34:2]&#10;|           |--WBR_HTML_TAG_NAME -&gt; wbr [34:3]&#10;|           |--WS -&gt;   [34:6]&#10;|           |--ATTRIBUTE -&gt; ATTRIBUTE [34:7]&#10;|           |   |--HTML_TAG_NAME -&gt; attr [34:7]&#10;|           |   |--EQUALS -&gt; = [34:11]&#10;|           |   `--ATTR_VALUE -&gt; &quot;something&quot; [34:12]&#10;|           `--END -&gt; &gt; [34:24]&#10;|--NEWLINE -&gt; \n [34:25]&#10;|--LEADING_ASTERISK -&gt; * [35:0]&#10;|--TEXT -&gt;   [35:1]&#10;|--HTML_ELEMENT -&gt; HTML_ELEMENT [35:2]&#10;|   `--SINGLETON_ELEMENT -&gt; SINGLETON_ELEMENT [35:2]&#10;|       `--WBR_TAG -&gt; WBR_TAG [35:2]&#10;|           |--START -&gt; &lt; [35:2]&#10;|           |--WBR_HTML_TAG_NAME -&gt; wbr [35:3]&#10;|           |--WS -&gt;   [35:6]&#10;|           |--ATTRIBUTE -&gt; ATTRIBUTE [35:7]&#10;|           |   |--HTML_TAG_NAME -&gt; attr [35:7]&#10;|           |   |--EQUALS -&gt; = [35:11]&#10;|           |   `--ATTR_VALUE -&gt; &quot;something&quot; [35:12]&#10;|           `--SLASH_END -&gt; /&gt; [35:24]&#10;|--NEWLINE -&gt; \n [35:26]&#10;|--LEADING_ASTERISK -&gt; * [36:0]&#10;|--TEXT -&gt;   [36:1]&#10;|--HTML_ELEMENT -&gt; HTML_ELEMENT [36:2]&#10;|   `--SINGLETON_ELEMENT -&gt; SINGLETON_ELEMENT [36:2]&#10;|       `--WBR_TAG -&gt; WBR_TAG [36:2]&#10;|           |--START -&gt; &lt; [36:2]&#10;|           |--WBR_HTML_TAG_NAME -&gt; wbr [36:3]&#10;|           |--WS -&gt;   [36:6]&#10;|           |--ATTRIBUTE -&gt; ATTRIBUTE [36:7]&#10;|           |   |--HTML_TAG_NAME -&gt; attr [36:7]&#10;|           |   |--EQUALS -&gt; = [36:11]&#10;|           |   `--ATTR_VALUE -&gt; &quot;something&quot; [36:12]&#10;|           |--WS -&gt;   [36:24]&#10;|           |--ATTRIBUTE -&gt; ATTRIBUTE [36:25]&#10;|           |   |--HTML_TAG_NAME -&gt; attr2 [36:25]&#10;|           |   |--EQUALS -&gt; = [36:30]&#10;|           |   `--ATTR_VALUE -&gt; &quot;someotherthing&quot; [36:31]&#10;|           `--END -&gt; &gt; [36:48]&#10;|--NEWLINE -&gt; \n [36:49]&#10;|--LEADING_ASTERISK -&gt; * [37:0]&#10;|--TEXT -&gt;   [37:1]&#10;|--HTML_ELEMENT -&gt; HTML_ELEMENT [37:2]&#10;|   `--SINGLETON_ELEMENT -&gt; SINGLETON_ELEMENT [37:2]&#10;|       `--WBR_TAG -&gt; WBR_TAG [37:2]&#10;|           |--START -&gt; &lt; [37:2]&#10;|           |--WBR_HTML_TAG_NAME -&gt; wbr [37:3]&#10;|           |--WS -&gt;   [37:6]&#10;|           |--ATTRIBUTE -&gt; ATTRIBUTE [37:7]&#10;|           |   |--HTML_TAG_NAME -&gt; attr [37:7]&#10;|           |   |--EQUALS -&gt; = [37:11]&#10;|           |   `--ATTR_VALUE -&gt; &quot;something&quot; [37:12]&#10;|           |--WS -&gt;   [37:24]&#10;|           |--ATTRIBUTE -&gt; ATTRIBUTE [37:25]&#10;|           |   |--HTML_TAG_NAME -&gt; attr2 [37:25]&#10;|           |   |--EQUALS -&gt; = [37:30]&#10;|           |   `--ATTR_VALUE -&gt; &quot;someotherthing&quot; [37:31]&#10;|           `--SLASH_END -&gt; /&gt; [37:48]&#10;|--NEWLINE -&gt; \n [37:50]&#10;|--LEADING_ASTERISK -&gt; * [38:0]&#10;|--TEXT -&gt;   [38:1]&#10;|--HTML_ELEMENT -&gt; HTML_ELEMENT [38:2]&#10;|   `--SINGLETON_ELEMENT -&gt; SINGLETON_ELEMENT [38:2]&#10;|       `--WBR_TAG -&gt; WBR_TAG [38:2]&#10;|           |--START -&gt; &lt; [38:2]&#10;|           |--WBR_HTML_TAG_NAME -&gt; wbr [38:3]&#10;|           |--WS -&gt;   [38:6]&#10;|           |--ATTRIBUTE -&gt; ATTRIBUTE [38:7]&#10;|           |   |--HTML_TAG_NAME -&gt; attr [38:7]&#10;|           |   |--EQUALS -&gt; = [38:11]&#10;|           |   `--ATTR_VALUE -&gt; &quot;something&quot; [38:12]&#10;|           |--WS -&gt;   [38:24]&#10;|           |--NEWLINE -&gt; \n [38:25]&#10;|           |--LEADING_ASTERISK -&gt; * [39:0]&#10;|           |--WS -&gt;   [39:1]&#10;|           |--ATTRIBUTE -&gt; ATTRIBUTE [39:2]&#10;|           |   |--HTML_TAG_NAME -&gt; attr2 [39:2]&#10;|           |   |--EQUALS -&gt; = [39:7]&#10;|           |   `--ATTR_VALUE -&gt; &quot;someotherting&quot; [39:8]&#10;|           `--END -&gt; &gt; [39:24]&#10;|--NEWLINE -&gt; \n [39:25]&#10;|--LEADING_ASTERISK -&gt; * [40:0]&#10;|--TEXT -&gt;   [40:1]&#10;|--HTML_ELEMENT -&gt; HTML_ELEMENT [40:2]&#10;|   `--SINGLETON_ELEMENT -&gt; SINGLETON_ELEMENT [40:2]&#10;|       `--WBR_TAG -&gt; WBR_TAG [40:2]&#10;|           |--START -&gt; &lt; [40:2]&#10;|           |--WBR_HTML_TAG_NAME -&gt; wbr [40:3]&#10;|           |--WS -&gt;   [40:6]&#10;|           |--ATTRIBUTE -&gt; ATTRIBUTE [40:7]&#10;|           |   |--HTML_TAG_NAME -&gt; attr [40:7]&#10;|           |   |--EQUALS -&gt; = [40:11]&#10;|           |   `--ATTR_VALUE -&gt; &quot;something&quot; [40:12]&#10;|           |--WS -&gt;   [40:24]&#10;|           |--NEWLINE -&gt; \n [40:25]&#10;|           |--LEADING_ASTERISK -&gt; * [41:0]&#10;|           |--WS -&gt;   [41:1]&#10;|           |--ATTRIBUTE -&gt; ATTRIBUTE [41:2]&#10;|           |   |--HTML_TAG_NAME -&gt; attr2 [41:2]&#10;|           |   |--EQUALS -&gt; = [41:7]&#10;|           |   `--ATTR_VALUE -&gt; &quot;someotherting&quot; [41:8]&#10;|           `--SLASH_END -&gt; /&gt; [41:24]&#10;`--EOF -&gt; &lt;EOF&gt; [41:26]]&#10;&gt; but was:&lt;...DOC -&gt; JAVADOC [0:0][&#10;|--LEADING_ASTERISK -&gt; * [0:0]&#10;|--TEXT -&gt;   [0:1]&#10;|--HTML_ELEMENT -&gt; HTML_ELEMENT [0:2]&#10;|   `--PARAGRAPH -&gt; PARAGRAPH [0:2]&#10;|       |--P_TAG_START -&gt; P_TAG_START [0:2]&#10;|       |   |--START -&gt; &lt; [0:2]&#10;|       |   |--P_HTML_TAG_NAME -&gt; p [0:3]&#10;|       |   `--END -&gt; &gt; [0:4]&#10;|       |--TEXT -&gt;   [0:5]&#10;|       |--SINGLETON_ELEMENT -&gt; SINGLETON_ELEMENT [0:6]&#10;|       |   `--WBR_TAG -&gt; WBR_TAG [0:6]&#10;|       |       |--START -&gt; &lt; [0:6]&#10;|       |       |--WBR_HTML_TAG_NAME -&gt; wbr [0:7]&#10;|       |       `--END -&gt; &gt; [0:10]&#10;|       |--TEXT -&gt;   [0:11]&#10;|       `--P_TAG_END -&gt; P_TAG_END [0:12]&#10;|           |--START -&gt; &lt; [0:12]&#10;|           |--SLASH -&gt; / [0:13]&#10;|           |--P_HTML_TAG_NAME -&gt; p [0:14]&#10;|           `--END -&gt; &gt; [0:15]&#10;|--NEWLINE -&gt; \n [0:16]&#10;|--LEADING_ASTERISK -&gt; * [1:0]&#10;|--TEXT -&gt;   [1:1]&#10;|--HTML_ELEMENT -&gt; HTML_ELEMENT [1:2]&#10;|   `--LI -&gt; LI [1:2]&#10;|       |--LI_TAG_START -&gt; LI_TAG_START [1:2]&#10;|       |   |--START -&gt; &lt; [1:2]&#10;|       |   |--LI_HTML_TAG_NAME -&gt; li [1:3]&#10;|       |   `--END -&gt; &gt; [1:5]&#10;|       |--TEXT -&gt;   [1:6]&#10;|       |--SINGLETON_ELEMENT -&gt; SINGLETON_ELEMENT [1:7]&#10;|       |   `--WBR_TAG -&gt; WBR_TAG [1:7]&#10;|       |       |--START -&gt; &lt; [1:7]&#10;|       |       |--WBR_HTML_TAG_NAME -&gt; wbr [1:8]&#10;|       |       `--END -&gt; &gt; [1:11]&#10;|       |--TEXT -&gt;   [1:12]&#10;|       `--LI_TAG_END -&gt; LI_TAG_END [1:13]&#10;|           |--START -&gt; &lt; [1:13]&#10;|           |--SLASH -&gt; / [1:14]&#10;|           |--LI_HTML_TAG_NAME -&gt; li [1:15]&#10;|           `--END -&gt; &gt; [1:17]&#10;|--NEWLINE -&gt; \n [1:18]&#10;|--LEADING_ASTERISK -&gt; * [2:0]&#10;|--TEXT -&gt;   [2:1]&#10;|--HTML_ELEMENT -&gt; HTML_ELEMENT [2:2]&#10;|   `--TR -&gt; TR [2:2]&#10;|       |--TR_TAG_START -&gt; TR_TAG_START [2:2]&#10;|       |   |--START -&gt; &lt; [2:2]&#10;|       |   |--TR_HTML_TAG_NAME -&gt; tr [2:3]&#10;|       |   `--END -&gt; &gt; [2:5]&#10;|       |--TEXT -&gt;   [2:6]&#10;|       |--SINGLETON_ELEMENT -&gt; SINGLETON_ELEMENT [2:7]&#10;|       |   `--WBR_TAG -&gt; WBR_TAG [2:7]&#10;|       |       |--START -&gt; &lt; [2:7]&#10;|       |       |--WBR_HTML_TAG_NAME -&gt; wbr [2:8]&#10;|       |       `--END -&gt; &gt; [2:11]&#10;|       |--TEXT -&gt;   [2:12]&#10;|       `--TR_TAG_END -&gt; TR_TAG_END [2:13]&#10;|           |--START -&gt; &lt; [2:13]&#10;|           |--SLASH -&gt; / [2:14]&#10;|           |--TR_HTML_TAG_NAME -&gt; tr [2:15]&#10;|           `--END -&gt; &gt; [2:17]&#10;|--NEWLINE -&gt; \n [2:18]&#10;|--LEADING_ASTERISK -&gt; * [3:0]&#10;|--TEXT -&gt;   [3:1]&#10;|--HTML_ELEMENT -&gt; HTML_ELEMENT [3:2]&#10;|   `--TD -&gt; TD [3:2]&#10;|       |--TD_TAG_START -&gt; TD_TAG_START [3:2]&#10;|       |   |--START -&gt; &lt; [3:2]&#10;|       |   |--TD_HTML_TAG_NAME -&gt; td [3:3]&#10;|       |   `--END -&gt; &gt; [3:5]&#10;|       |--TEXT -&gt;   [3:6]&#10;|       |--SINGLETON_ELEMENT -&gt; SINGLETON_ELEMENT [3:7]&#10;|       |   `--WBR_TAG -&gt; WBR_TAG [3:7]&#10;|       |       |--START -&gt; &lt; [3:7]&#10;|       |       |--WBR_HTML_TAG_NAME -&gt; wbr [3:8]&#10;|       |       `--END -&gt; &gt; [3:11]&#10;|       |--TEXT -&gt;   [3:12]&#10;|       `--TD_TAG_END -&gt; TD_TAG_END [3:13]&#10;|           |--START -&gt; &lt; [3:13]&#10;|           |--SLASH -&gt; / [3:14]&#10;|           |--TD_HTML_TAG_NAME -&gt; td [3:15]&#10;|           `--END -&gt; &gt; [3:17]&#10;|--NEWLINE -&gt; \n [3:18]&#10;|--LEADING_ASTERISK -&gt; * [4:0]&#10;|--TEXT -&gt;   [4:1]&#10;|--HTML_ELEMENT -&gt; HTML_ELEMENT [4:2]&#10;|   `--TH -&gt; TH [4:2]&#10;|       |--TH_TAG_START -&gt; TH_TAG_START [4:2]&#10;|       |   |--START -&gt; &lt; [4:2]&#10;|       |   |--TH_HTML_TAG_NAME -&gt; th [4:3]&#10;|       |   `--END -&gt; &gt; [4:5]&#10;|       |--TEXT -&gt;   [4:6]&#10;|       |--SINGLETON_ELEMENT -&gt; SINGLETON_ELEMENT [4:7]&#10;|       |   `--WBR_TAG -&gt; WBR_TAG [4:7]&#10;|       |       |--START -&gt; &lt; [4:7]&#10;|       |       |--WBR_HTML_TAG_NAME -&gt; wbr [4:8]&#10;|       |       `--END -&gt; &gt; [4:11]&#10;|       |--TEXT -&gt;   [4:12]&#10;|       `--TH_TAG_END -&gt; TH_TAG_END [4:13]&#10;|           |--START -&gt; &lt; [4:13]&#10;|           |--SLASH -&gt; / [4:14]&#10;|           |--TH_HTML_TAG_NAME -&gt; th [4:15]&#10;|           `--END -&gt; &gt; [4:17]&#10;|--NEWLINE -&gt; \n [4:18]&#10;|--LEADING_ASTERISK -&gt; * [5:0]&#10;|--TEXT -&gt;   [5:1]&#10;|--HTML_ELEMENT -&gt; HTML_ELEMENT [5:2]&#10;|   `--BODY -&gt; BODY [5:2]&#10;|       |--BODY_TAG_START -&gt; BODY_TAG_START [5:2]&#10;|       |   |--START -&gt; &lt; [5:2]&#10;|       |   |--BODY_HTML_TAG_NAME -&gt; body [5:3]&#10;|       |   `--END -&gt; &gt; [5:7]&#10;|       |--TEXT -&gt;   [5:8]&#10;|       |--SINGLETON_ELEMENT -&gt; SINGLETON_ELEMENT [5:9]&#10;|       |   `--WBR_TAG -&gt; WBR_TAG [5:9]&#10;|       |       |--START -&gt; &lt; [5:9]&#10;|       |       |--WBR_HTML_TAG_NAME -&gt; wbr [5:10]&#10;|       |       `--END -&gt; &gt; [5:13]&#10;|       |--TEXT -&gt;   [5:14]&#10;|       `--BODY_TAG_END -&gt; BODY_TAG_END [5:15]&#10;|           |--START -&gt; &lt; [5:15]&#10;|           |--SLASH -&gt; / [5:16]&#10;|           |--BODY_HTML_TAG_NAME -&gt; body [5:17]&#10;|           `--END -&gt; &gt; [5:21]&#10;|--NEWLINE -&gt; \n [5:22]&#10;|--LEADING_ASTERISK -&gt; * [6:0]&#10;|--TEXT -&gt;   [6:1]&#10;|--HTML_ELEMENT -&gt; HTML_ELEMENT [6:2]&#10;|   `--COLGROUP -&gt; COLGROUP [6:2]&#10;|       |--COLGROUP_TAG_START -&gt; COLGROUP_TAG_START [6:2]&#10;|       |   |--START -&gt; &lt; [6:2]&#10;|       |   |--COLGROUP_HTML_TAG_NAME -&gt; colgroup [6:3]&#10;|       |   `--END -&gt; &gt; [6:11]&#10;|       |--TEXT -&gt;   [6:12]&#10;|       |--SINGLETON_ELEMENT -&gt; SINGLETON_ELEMENT [6:13]&#10;|       |   `--WBR_TAG -&gt; WBR_TAG [6:13]&#10;|       |       |--START -&gt; &lt; [6:13]&#10;|       |       |--WBR_HTML_TAG_NAME -&gt; wbr [6:14]&#10;|       |       `--END -&gt; &gt; [6:17]&#10;|       |--TEXT -&gt;   [6:18]&#10;|       `--COLGROUP_TAG_END -&gt; COLGROUP_TAG_END [6:19]&#10;|           |--START -&gt; &lt; [6:19]&#10;|           |--SLASH -&gt; / [6:20]&#10;|           |--COLGROUP_HTML_TAG_NAME -&gt; colgroup [6:21]&#10;|           `--END -&gt; &gt; [6:29]&#10;|--NEWLINE -&gt; \n [6:30]&#10;|--LEADING_ASTERISK -&gt; * [7:0]&#10;|--TEXT -&gt;   [7:1]&#10;|--HTML_ELEMENT -&gt; HTML_ELEMENT [7:2]&#10;|   `--DD -&gt; DD [7:2]&#10;|       |--DD_TAG_START -&gt; DD_TAG_START [7:2]&#10;|       |   |--START -&gt; &lt; [7:2]&#10;|       |   |--DD_HTML_TAG_NAME -&gt; dd [7:3]&#10;|       |   `--END -&gt; &gt; [7:5]&#10;|       |--TEXT -&gt;   [7:6]&#10;|       |--SINGLETON_ELEMENT -&gt; SINGLETON_ELEMENT [7:7]&#10;|       |   `--WBR_TAG -&gt; WBR_TAG [7:7]&#10;|       |       |--START -&gt; &lt; [7:7]&#10;|       |       |--WBR_HTML_TAG_NAME -&gt; wbr [7:8]&#10;|       |       `--END -&gt; &gt; [7:11]&#10;|       |--TEXT -&gt;   [7:12]&#10;|       `--DD_TAG_END -&gt; DD_TAG_END [7:13]&#10;|           |--START -&gt; &lt; [7:13]&#10;|           |--SLASH -&gt; / [7:14]&#10;|           |--DD_HTML_TAG_NAME -&gt; dd [7:15]&#10;|           `--END -&gt; &gt; [7:17]&#10;|--NEWLINE -&gt; \n [7:18]&#10;|--LEADING_ASTERISK -&gt; * [8:0]&#10;|--TEXT -&gt;   [8:1]&#10;|--HTML_ELEMENT -&gt; HTML_ELEMENT [8:2]&#10;|   `--DT -&gt; DT [8:2]&#10;|       |--DT_TAG_START -&gt; DT_TAG_START [8:2]&#10;|       |   |--START -&gt; &lt; [8:2]&#10;|       |   |--DT_HTML_TAG_NAME -&gt; dt [8:3]&#10;|       |   `--END -&gt; &gt; [8:5]&#10;|       |--TEXT -&gt;   [8:6]&#10;|       |--SINGLETON_ELEMENT -&gt; SINGLETON_ELEMENT [8:7]&#10;|       |   `--WBR_TAG -&gt; WBR_TAG [8:7]&#10;|       |       |--START -&gt; &lt; [8:7]&#10;|       |       |--WBR_HTML_TAG_NAME -&gt; wbr [8:8]&#10;|       |       `--END -&gt; &gt; [8:11]&#10;|       |--TEXT -&gt;   [8:12]&#10;|       `--DT_TAG_END -&gt; DT_TAG_END [8:13]&#10;|           |--START -&gt; &lt; [8:13]&#10;|           |--SLASH -&gt; / [8:14]&#10;|           |--DT_HTML_TAG_NAME -&gt; dt [8:15]&#10;|           `--END -&gt; &gt; [8:17]&#10;|--NEWLINE -&gt; \n [8:18]&#10;|--LEADING_ASTERISK -&gt; * [9:0]&#10;|--TEXT -&gt;   [9:1]&#10;|--HTML_ELEMENT -&gt; HTML_ELEMENT [9:2]&#10;|   `--HEAD -&gt; HEAD [9:2]&#10;|       |--HEAD_TAG_START -&gt; HEAD_TAG_START [9:2]&#10;|       |   |--START -&gt; &lt; [9:2]&#10;|       |   |--HEAD_HTML_TAG_NAME -&gt; head [9:3]&#10;|       |   `--END -&gt; &gt; [9:7]&#10;|       |--TEXT -&gt;   [9:8]&#10;|       |--SINGLETON_ELEMENT -&gt; SINGLETON_ELEMENT [9:9]&#10;|       |   `--WBR_TAG -&gt; WBR_TAG [9:9]&#10;|       |       |--START -&gt; &lt; [9:9]&#10;|       |       |--WBR_HTML_TAG_NAME -&gt; wbr [9:10]&#10;|       |       `--END -&gt; &gt; [9:13]&#10;|       |--TEXT -&gt;   [9:14]&#10;|       `--HEAD_TAG_END -&gt; HEAD_TAG_END [9:15]&#10;|           |--START -&gt; &lt; [9:15]&#10;|           |--SLASH -&gt; / [9:16]&#10;|           |--HEAD_HTML_TAG_NAME -&gt; head [9:17]&#10;|           `--END -&gt; &gt; [9:21]&#10;|--NEWLINE -&gt; \n [9:22]&#10;|--LEADING_ASTERISK -&gt; * [10:0]&#10;|--TEXT -&gt;   [10:1]&#10;|--HTML_ELEMENT -&gt; HTML_ELEMENT [10:2]&#10;|   `--HTML -&gt; HTML [10:2]&#10;|       |--HTML_TAG_START -&gt; HTML_TAG_START [10:2]&#10;|       |   |--START -&gt; &lt; [10:2]&#10;|       |   |--HTML_HTML_TAG_NAME -&gt; html [10:3]&#10;|       |   `--END -&gt; &gt; [10:7]&#10;|       |--TEXT -&gt;   [10:8]&#10;|       |--SINGLETON_ELEMENT -&gt; SINGLETON_ELEMENT [10:9]&#10;|       |   `--WBR_TAG -&gt; WBR_TAG [10:9]&#10;|       |       |--START -&gt; &lt; [10:9]&#10;|       |       |--WBR_HTML_TAG_NAME -&gt; wbr [10:10]&#10;|       |       `--END -&gt; &gt; [10:13]&#10;|       |--TEXT -&gt;   [10:14]&#10;|       `--HTML_TAG_END -&gt; HTML_TAG_END [10:15]&#10;|           |--START -&gt; &lt; [10:15]&#10;|           |--SLASH -&gt; / [10:16]&#10;|           |--HTML_HTML_TAG_NAME -&gt; html [10:17]&#10;|           `--END -&gt; &gt; [10:21]&#10;|--NEWLINE -&gt; \n [10:22]&#10;|--LEADING_ASTERISK -&gt; * [11:0]&#10;|--TEXT -&gt;   [11:1]&#10;|--HTML_ELEMENT -&gt; HTML_ELEMENT [11:2]&#10;|   `--OPTION -&gt; OPTION [11:2]&#10;|       |--OPTION_TAG_START -&gt; OPTION_TAG_START [11:2]&#10;|       |   |--START -&gt; &lt; [11:2]&#10;|       |   |--OPTION_HTML_TAG_NAME -&gt; option [11:3]&#10;|       |   `--END -&gt; &gt; [11:9]&#10;|       |--TEXT -&gt;   [11:10]&#10;|       |--SINGLETON_ELEMENT -&gt; SINGLETON_ELEMENT [11:11]&#10;|       |   `--WBR_TAG -&gt; WBR_TAG [11:11]&#10;|       |       |--START -&gt; &lt; [11:11]&#10;|       |       |--WBR_HTML_TAG_NAME -&gt; wbr [11:12]&#10;|       |       `--END -&gt; &gt; [11:15]&#10;|       |--TEXT -&gt;   [11:16]&#10;|       `--OPTION_TAG_END -&gt; OPTION_TAG_END [11:17]&#10;|           |--START -&gt; &lt; [11:17]&#10;|           |--SLASH -&gt; / [11:18]&#10;|           |--OPTION_HTML_TAG_NAME -&gt; option [11:19]&#10;|           `--END -&gt; &gt; [11:25]&#10;|--NEWLINE -&gt; \n [11:26]&#10;|--LEADING_ASTERISK -&gt; * [12:0]&#10;|--TEXT -&gt;   [12:1]&#10;|--HTML_ELEMENT -&gt; HTML_ELEMENT [12:2]&#10;|   `--TBODY -&gt; TBODY [12:2]&#10;|       |--TBODY_TAG_START -&gt; TBODY_TAG_START [12:2]&#10;|       |   |--START -&gt; &lt; [12:2]&#10;|       |   |--TBODY_HTML_TAG_NAME -&gt; tbody [12:3]&#10;|       |   `--END -&gt; &gt; [12:8]&#10;|       |--TEXT -&gt;   [12:9]&#10;|       |--SINGLETON_ELEMENT -&gt; SINGLETON_ELEMENT [12:10]&#10;|       |   `--WBR_TAG -&gt; WBR_TAG [12:10]&#10;|       |       |--START -&gt; &lt; [12:10]&#10;|       |       |--WBR_HTML_TAG_NAME -&gt; wbr [12:11]&#10;|       |       `--END -&gt; &gt; [12:14]&#10;|       |--TEXT -&gt;   [12:15]&#10;|       `--TBODY_TAG_END -&gt; TBODY_TAG_END [12:16]&#10;|           |--START -&gt; &lt; [12:16]&#10;|           |--SLASH -&gt; / [12:17]&#10;|           |--TBODY_HTML_TAG_NAME -&gt; tbody [12:18]&#10;|           `--END -&gt; &gt; [12:23]&#10;|--NEWLINE -&gt; \n [12:24]&#10;|--LEADING_ASTERISK -&gt; * [13:0]&#10;|--TEXT -&gt;   [13:1]&#10;|--HTML_ELEMENT -&gt; HTML_ELEMENT [13:2]&#10;|   `--THEAD -&gt; THEAD [13:2]&#10;|       |--THEAD_TAG_START -&gt; THEAD_TAG_START [13:2]&#10;|       |   |--START -&gt; &lt; [13:2]&#10;|       |   |--THEAD_HTML_TAG_NAME -&gt; thead [13:3]&#10;|       |   `--END -&gt; &gt; [13:8]&#10;|       |--TEXT -&gt;   [13:9]&#10;|       |--SINGLETON_ELEMENT -&gt; SINGLETON_ELEMENT [13:10]&#10;|       |   `--WBR_TAG -&gt; WBR_TAG [13:10]&#10;|       |       |--START -&gt; &lt; [13:10]&#10;|       |       |--WBR_HTML_TAG_NAME -&gt; wbr [13:11]&#10;|       |       `--END -&gt; &gt; [13:14]&#10;|       |--TEXT -&gt;   [13:15]&#10;|       `--THEAD_TAG_END -&gt; THEAD_TAG_END [13:16]&#10;|           |--START -&gt; &lt; [13:16]&#10;|           |--SLASH -&gt; / [13:17]&#10;|           |--THEAD_HTML_TAG_NAME -&gt; thead [13:18]&#10;|           `--END -&gt; &gt; [13:23]&#10;|--NEWLINE -&gt; \n [13:24]&#10;|--LEADING_ASTERISK -&gt; * [14:0]&#10;|--TEXT -&gt;   [14:1]&#10;|--HTML_ELEMENT -&gt; HTML_ELEMENT [14:2]&#10;|   `--TFOOT -&gt; TFOOT [14:2]&#10;|       |--TFOOT_TAG_START -&gt; TFOOT_TAG_START [14:2]&#10;|       |   |--START -&gt; &lt; [14:2]&#10;|       |   |--TFOOT_HTML_TAG_NAME -&gt; tfoot [14:3]&#10;|       |   `--END -&gt; &gt; [14:8]&#10;|       |--TEXT -&gt;   [14:9]&#10;|       |--SINGLETON_ELEMENT -&gt; SINGLETON_ELEMENT [14:10]&#10;|       |   `--WBR_TAG -&gt; WBR_TAG [14:10]&#10;|       |       |--START -&gt; &lt; [14:10]&#10;|       |       |--WBR_HTML_TAG_NAME -&gt; wbr [14:11]&#10;|       |       `--END -&gt; &gt; [14:14]&#10;|       |--TEXT -&gt;   [14:15]&#10;|       `--TFOOT_TAG_END -&gt; TFOOT_TAG_END [14:16]&#10;|           |--START -&gt; &lt; [14:16]&#10;|           |--SLASH -&gt; / [14:17]&#10;|           |--TFOOT_HTML_TAG_NAME -&gt; tfoot [14:18]&#10;|           `--END -&gt; &gt; [14:23]&#10;|--NEWLINE -&gt; \n [14:24]&#10;|--NEWLINE -&gt; \n [15:0]&#10;|--LEADING_ASTERISK -&gt; * [16:0]&#10;|--TEXT -&gt;   [16:1]&#10;|--HTML_ELEMENT -&gt; HTML_ELEMENT [16:2]&#10;|   `--PARAGRAPH -&gt; PARAGRAPH [16:2]&#10;|       |--P_TAG_START -&gt; P_TAG_START [16:2]&#10;|       |   |--START -&gt; &lt; [16:2]&#10;|       |   |--P_HTML_TAG_NAME -&gt; p [16:3]&#10;|       |   `--END -&gt; &gt; [16:4]&#10;|       |--TEXT -&gt;   [16:5]&#10;|       |--SINGLETON_ELEMENT -&gt; SINGLETON_ELEMENT [16:6]&#10;|       |   `--WBR_TAG -&gt; WBR_TAG [16:6]&#10;|       |       |--START -&gt; &lt; [16:6]&#10;|       |       |--WBR_HTML_TAG_NAME -&gt; wbr [16:7]&#10;|       |       `--SLASH_END -&gt; /&gt; [16:10]&#10;|       |--TEXT -&gt;   [16:12]&#10;|       `--P_TAG_END -&gt; P_TAG_END [16:13]&#10;|           |--START -&gt; &lt; [16:13]&#10;|           |--SLASH -&gt; / [16:14]&#10;|           |--P_HTML_TAG_NAME -&gt; p [16:15]&#10;|           `--END -&gt; &gt; [16:16]&#10;|--NEWLINE -&gt; \n [16:17]&#10;|--LEADING_ASTERISK -&gt; * [17:0]&#10;|--TEXT -&gt;   [17:1]&#10;|--HTML_ELEMENT -&gt; HTML_ELEMENT [17:2]&#10;|   `--LI -&gt; LI [17:2]&#10;|       |--LI_TAG_START -&gt; LI_TAG_START [17:2]&#10;|       |   |--START -&gt; &lt; [17:2]&#10;|       |   |--LI_HTML_TAG_NAME -&gt; li [17:3]&#10;|       |   `--END -&gt; &gt; [17:5]&#10;|       |--TEXT -&gt;   [17:6]&#10;|       |--SINGLETON_ELEMENT -&gt; SINGLETON_ELEMENT [17:7]&#10;|       |   `--WBR_TAG -&gt; WBR_TAG [17:7]&#10;|       |       |--START -&gt; &lt; [17:7]&#10;|       |       |--WBR_HTML_TAG_NAME -&gt; wbr [17:8]&#10;|       |       `--SLASH_END -&gt; /&gt; [17:11]&#10;|       |--TEXT -&gt;   [17:13]&#10;|       `--LI_TAG_END -&gt; LI_TAG_END [17:14]&#10;|           |--START -&gt; &lt; [17:14]&#10;|           |--SLASH -&gt; / [17:15]&#10;|           |--LI_HTML_TAG_NAME -&gt; li [17:16]&#10;|           `--END -&gt; &gt; [17:18]&#10;|--NEWLINE -&gt; \n [17:19]&#10;|--LEADING_ASTERISK -&gt; * [18:0]&#10;|--TEXT -&gt;   [18:1]&#10;|--HTML_ELEMENT -&gt; HTML_ELEMENT [18:2]&#10;|   `--TR -&gt; TR [18:2]&#10;|       |--TR_TAG_START -&gt; TR_TAG_START [18:2]&#10;|       |   |--START -&gt; &lt; [18:2]&#10;|       |   |--TR_HTML_TAG_NAME -&gt; tr [18:3]&#10;|       |   `--END -&gt; &gt; [18:5]&#10;|       |--TEXT -&gt;   [18:6]&#10;|       |--SINGLETON_ELEMENT -&gt; SINGLETON_ELEMENT [18:7]&#10;|       |   `--WBR_TAG -&gt; WBR_TAG [18:7]&#10;|       |       |--START -&gt; &lt; [18:7]&#10;|       |       |--WBR_HTML_TAG_NAME -&gt; wbr [18:8]&#10;|       |       `--SLASH_END -&gt; /&gt; [18:11]&#10;|       |--TEXT -&gt;   [18:13]&#10;|       `--TR_TAG_END -&gt; TR_TAG_END [18:14]&#10;|           |--START -&gt; &lt; [18:14]&#10;|           |--SLASH -&gt; / [18:15]&#10;|           |--TR_HTML_TAG_NAME -&gt; tr [18:16]&#10;|           `--END -&gt; &gt; [18:18]&#10;|--NEWLINE -&gt; \n [18:19]&#10;|--LEADING_ASTERISK -&gt; * [19:0]&#10;|--TEXT -&gt;   [19:1]&#10;|--HTML_ELEMENT -&gt; HTML_ELEMENT [19:2]&#10;|   `--TD -&gt; TD [19:2]&#10;|       |--TD_TAG_START -&gt; TD_TAG_START [19:2]&#10;|       |   |--START -&gt; &lt; [19:2]&#10;|       |   |--TD_HTML_TAG_NAME -&gt; td [19:3]&#10;|       |   `--END -&gt; &gt; [19:5]&#10;|       |--TEXT -&gt;   [19:6]&#10;|       |--SINGLETON_ELEMENT -&gt; SINGLETON_ELEMENT [19:7]&#10;|       |   `--WBR_TAG -&gt; WBR_TAG [19:7]&#10;|       |       |--START -&gt; &lt; [19:7]&#10;|       |       |--WBR_HTML_TAG_NAME -&gt; wbr [19:8]&#10;|       |       `--SLASH_END -&gt; /&gt; [19:11]&#10;|       |--TEXT -&gt;   [19:13]&#10;|       `--TD_TAG_END -&gt; TD_TAG_END [19:14]&#10;|           |--START -&gt; &lt; [19:14]&#10;|           |--SLASH -&gt; / [19:15]&#10;|           |--TD_HTML_TAG_NAME -&gt; td [19:16]&#10;|           `--END -&gt; &gt; [19:18]&#10;|--NEWLINE -&gt; \n [19:19]&#10;|--LEADING_ASTERISK -&gt; * [20:0]&#10;|--TEXT -&gt;   [20:1]&#10;|--HTML_ELEMENT -&gt; HTML_ELEMENT [20:2]&#10;|   `--TH -&gt; TH [20:2]&#10;|       |--TH_TAG_START -&gt; TH_TAG_START [20:2]&#10;|       |   |--START -&gt; &lt; [20:2]&#10;|       |   |--TH_HTML_TAG_NAME -&gt; th [20:3]&#10;|       |   `--END -&gt; &gt; [20:5]&#10;|       |--TEXT -&gt;   [20:6]&#10;|       |--SINGLETON_ELEMENT -&gt; SINGLETON_ELEMENT [20:7]&#10;|       |   `--WBR_TAG -&gt; WBR_TAG [20:7]&#10;|       |       |--START -&gt; &lt; [20:7]&#10;|       |       |--WBR_HTML_TAG_NAME -&gt; wbr [20:8]&#10;|       |       `--SLASH_END -&gt; /&gt; [20:11]&#10;|       |--TEXT -&gt;   [20:13]&#10;|       `--TH_TAG_END -&gt; TH_TAG_END [20:14]&#10;|           |--START -&gt; &lt; [20:14]&#10;|           |--SLASH -&gt; / [20:15]&#10;|           |--TH_HTML_TAG_NAME -&gt; th [20:16]&#10;|           `--END -&gt; &gt; [20:18]&#10;|--NEWLINE -&gt; \n [20:19]&#10;|--LEADING_ASTERISK -&gt; * [21:0]&#10;|--TEXT -&gt;   [21:1]&#10;|--HTML_ELEMENT -&gt; HTML_ELEMENT [21:2]&#10;|   `--BODY -&gt; BODY [21:2]&#10;|       |--BODY_TAG_START -&gt; BODY_TAG_START [21:2]&#10;|       |   |--START -&gt; &lt; [21:2]&#10;|       |   |--BODY_HTML_TAG_NAME -&gt; body [21:3]&#10;|       |   `--END -&gt; &gt; [21:7]&#10;|       |--TEXT -&gt;   [21:8]&#10;|       |--SINGLETON_ELEMENT -&gt; SINGLETON_ELEMENT [21:9]&#10;|       |   `--WBR_TAG -&gt; WBR_TAG [21:9]&#10;|       |       |--START -&gt; &lt; [21:9]&#10;|       |       |--WBR_HTML_TAG_NAME -&gt; wbr [21:10]&#10;|       |       `--SLASH_END -&gt; /&gt; [21:13]&#10;|       |--TEXT -&gt;   [21:15]&#10;|       `--BODY_TAG_END -&gt; BODY_TAG_END [21:16]&#10;|           |--START -&gt; &lt; [21:16]&#10;|           |--SLASH -&gt; / [21:17]&#10;|           |--BODY_HTML_TAG_NAME -&gt; body [21:18]&#10;|           `--END -&gt; &gt; [21:22]&#10;|--NEWLINE -&gt; \n [21:23]&#10;|--LEADING_ASTERISK -&gt; * [22:0]&#10;|--TEXT -&gt;   [22:1]&#10;|--HTML_ELEMENT -&gt; HTML_ELEMENT [22:2]&#10;|   `--COLGROUP -&gt; COLGROUP [22:2]&#10;|       |--COLGROUP_TAG_START -&gt; COLGROUP_TAG_START [22:2]&#10;|       |   |--START -&gt; &lt; [22:2]&#10;|       |   |--COLGROUP_HTML_TAG_NAME -&gt; colgroup [22:3]&#10;|       |   `--END -&gt; &gt; [22:11]&#10;|       |--TEXT -&gt;   [22:12]&#10;|       |--SINGLETON_ELEMENT -&gt; SINGLETON_ELEMENT [22:13]&#10;|       |   `--WBR_TAG -&gt; WBR_TAG [22:13]&#10;|       |       |--START -&gt; &lt; [22:13]&#10;|       |       |--WBR_HTML_TAG_NAME -&gt; wbr [22:14]&#10;|       |       `--SLASH_END -&gt; /&gt; [22:17]&#10;|       |--TEXT -&gt;   [22:19]&#10;|       `--COLGROUP_TAG_END -&gt; COLGROUP_TAG_END [22:20]&#10;|           |--START -&gt; &lt; [22:20]&#10;|           |--SLASH -&gt; / [22:21]&#10;|           |--COLGROUP_HTML_TAG_NAME -&gt; colgroup [22:22]&#10;|           `--END -&gt; &gt; [22:30]&#10;|--NEWLINE -&gt; \n [22:31]&#10;|--LEADING_ASTERISK -&gt; * [23:0]&#10;|--TEXT -&gt;   [23:1]&#10;|--HTML_ELEMENT -&gt; HTML_ELEMENT [23:2]&#10;|   `--DD -&gt; DD [23:2]&#10;|       |--DD_TAG_START -&gt; DD_TAG_START [23:2]&#10;|       |   |--START -&gt; &lt; [23:2]&#10;|       |   |--DD_HTML_TAG_NAME -&gt; dd [23:3]&#10;|       |   `--END -&gt; &gt; [23:5]&#10;|       |--TEXT -&gt;   [23:6]&#10;|       |--SINGLETON_ELEMENT -&gt; SINGLETON_ELEMENT [23:7]&#10;|       |   `--WBR_TAG -&gt; WBR_TAG [23:7]&#10;|       |       |--START -&gt; &lt; [23:7]&#10;|       |       |--WBR_HTML_TAG_NAME -&gt; wbr [23:8]&#10;|       |       `--SLASH_END -&gt; /&gt; [23:11]&#10;|       |--TEXT -&gt;   [23:13]&#10;|       `--DD_TAG_END -&gt; DD_TAG_END [23:14]&#10;|           |--START -&gt; &lt; [23:14]&#10;|           |--SLASH -&gt; / [23:15]&#10;|           |--DD_HTML_TAG_NAME -&gt; dd [23:16]&#10;|           `--END -&gt; &gt; [23:18]&#10;|--NEWLINE -&gt; \n [23:19]&#10;|--LEADING_ASTERISK -&gt; * [24:0]&#10;|--TEXT -&gt;   [24:1]&#10;|--HTML_ELEMENT -&gt; HTML_ELEMENT [24:2]&#10;|   `--DT -&gt; DT [24:2]&#10;|       |--DT_TAG_START -&gt; DT_TAG_START [24:2]&#10;|       |   |--START -&gt; &lt; [24:2]&#10;|       |   |--DT_HTML_TAG_NAME -&gt; dt [24:3]&#10;|       |   `--END -&gt; &gt; [24:5]&#10;|       |--TEXT -&gt;   [24:6]&#10;|       |--SINGLETON_ELEMENT -&gt; SINGLETON_ELEMENT [24:7]&#10;|       |   `--WBR_TAG -&gt; WBR_TAG [24:7]&#10;|       |       |--START -&gt; &lt; [24:7]&#10;|       |       |--WBR_HTML_TAG_NAME -&gt; wbr [24:8]&#10;|       |       `--SLASH_END -&gt; /&gt; [24:11]&#10;|       |--TEXT -&gt;   [24:13]&#10;|       `--DT_TAG_END -&gt; DT_TAG_END [24:14]&#10;|           |--START -&gt; &lt; [24:14]&#10;|           |--SLASH -&gt; / [24:15]&#10;|           |--DT_HTML_TAG_NAME -&gt; dt [24:16]&#10;|           `--END -&gt; &gt; [24:18]&#10;|--NEWLINE -&gt; \n [24:19]&#10;|--LEADING_ASTERISK -&gt; * [25:0]&#10;|--TEXT -&gt;   [25:1]&#10;|--HTML_ELEMENT -&gt; HTML_ELEMENT [25:2]&#10;|   `--HEAD -&gt; HEAD [25:2]&#10;|       |--HEAD_TAG_START -&gt; HEAD_TAG_START [25:2]&#10;|       |   |--START -&gt; &lt; [25:2]&#10;|       |   |--HEAD_HTML_TAG_NAME -&gt; head [25:3]&#10;|       |   `--END -&gt; &gt; [25:7]&#10;|       |--TEXT -&gt;   [25:8]&#10;|       |--SINGLETON_ELEMENT -&gt; SINGLETON_ELEMENT [25:9]&#10;|       |   `--WBR_TAG -&gt; WBR_TAG [25:9]&#10;|       |       |--START -&gt; &lt; [25:9]&#10;|       |       |--WBR_HTML_TAG_NAME -&gt; wbr [25:10]&#10;|       |       `--SLASH_END -&gt; /&gt; [25:13]&#10;|       |--TEXT -&gt;   [25:15]&#10;|       `--HEAD_TAG_END -&gt; HEAD_TAG_END [25:16]&#10;|           |--START -&gt; &lt; [25:16]&#10;|           |--SLASH -&gt; / [25:17]&#10;|           |--HEAD_HTML_TAG_NAME -&gt; head [25:18]&#10;|           `--END -&gt; &gt; [25:22]&#10;|--NEWLINE -&gt; \n [25:23]&#10;|--LEADING_ASTERISK -&gt; * [26:0]&#10;|--TEXT -&gt;   [26:1]&#10;|--HTML_ELEMENT -&gt; HTML_ELEMENT [26:2]&#10;|   `--HTML -&gt; HTML [26:2]&#10;|       |--HTML_TAG_START -&gt; HTML_TAG_START [26:2]&#10;|       |   |--START -&gt; &lt; [26:2]&#10;|       |   |--HTML_HTML_TAG_NAME -&gt; html [26:3]&#10;|       |   `--END -&gt; &gt; [26:7]&#10;|       |--TEXT -&gt;   [26:8]&#10;|       |--SINGLETON_ELEMENT -&gt; SINGLETON_ELEMENT [26:9]&#10;|       |   `--WBR_TAG -&gt; WBR_TAG [26:9]&#10;|       |       |--START -&gt; &lt; [26:9]&#10;|       |       |--WBR_HTML_TAG_NAME -&gt; wbr [26:10]&#10;|       |       `--SLASH_END -&gt; /&gt; [26:13]&#10;|       |--TEXT -&gt;   [26:15]&#10;|       `--HTML_TAG_END -&gt; HTML_TAG_END [26:16]&#10;|           |--START -&gt; &lt; [26:16]&#10;|           |--SLASH -&gt; / [26:17]&#10;|           |--HTML_HTML_TAG_NAME -&gt; html [26:18]&#10;|           `--END -&gt; &gt; [26:22]&#10;|--NEWLINE -&gt; \n [26:23]&#10;|--LEADING_ASTERISK -&gt; * [27:0]&#10;|--TEXT -&gt;   [27:1]&#10;|--HTML_ELEMENT -&gt; HTML_ELEMENT [27:2]&#10;|   `--OPTION -&gt; OPTION [27:2]&#10;|       |--OPTION_TAG_START -&gt; OPTION_TAG_START [27:2]&#10;|       |   |--START -&gt; &lt; [27:2]&#10;|       |   |--OPTION_HTML_TAG_NAME -&gt; option [27:3]&#10;|       |   `--END -&gt; &gt; [27:9]&#10;|       |--TEXT -&gt;   [27:10]&#10;|       |--SINGLETON_ELEMENT -&gt; SINGLETON_ELEMENT [27:11]&#10;|       |   `--WBR_TAG -&gt; WBR_TAG [27:11]&#10;|       |       |--START -&gt; &lt; [27:11]&#10;|       |       |--WBR_HTML_TAG_NAME -&gt; wbr [27:12]&#10;|       |       `--SLASH_END -&gt; /&gt; [27:15]&#10;|       |--TEXT -&gt;   [27:17]&#10;|       `--OPTION_TAG_END -&gt; OPTION_TAG_END [27:18]&#10;|           |--START -&gt; &lt; [27:18]&#10;|           |--SLASH -&gt; / [27:19]&#10;|           |--OPTION_HTML_TAG_NAME -&gt; option [27:20]&#10;|           `--END -&gt; &gt; [27:26]&#10;|--NEWLINE -&gt; \n [27:27]&#10;|--LEADING_ASTERISK -&gt; * [28:0]&#10;|--TEXT -&gt;   [28:1]&#10;|--HTML_ELEMENT -&gt; HTML_ELEMENT [28:2]&#10;|   `--TBODY -&gt; TBODY [28:2]&#10;|       |--TBODY_TAG_START -&gt; TBODY_TAG_START [28:2]&#10;|       |   |--START -&gt; &lt; [28:2]&#10;|       |   |--TBODY_HTML_TAG_NAME -&gt; tbody [28:3]&#10;|       |   `--END -&gt; &gt; [28:8]&#10;|       |--TEXT -&gt;   [28:9]&#10;|       |--SINGLETON_ELEMENT -&gt; SINGLETON_ELEMENT [28:10]&#10;|       |   `--WBR_TAG -&gt; WBR_TAG [28:10]&#10;|       |       |--START -&gt; &lt; [28:10]&#10;|       |       |--WBR_HTML_TAG_NAME -&gt; wbr [28:11]&#10;|       |       `--SLASH_END -&gt; /&gt; [28:14]&#10;|       |--TEXT -&gt;   [28:16]&#10;|       `--TBODY_TAG_END -&gt; TBODY_TAG_END [28:17]&#10;|           |--START -&gt; &lt; [28:17]&#10;|           |--SLASH -&gt; / [28:18]&#10;|           |--TBODY_HTML_TAG_NAME -&gt; tbody [28:19]&#10;|           `--END -&gt; &gt; [28:24]&#10;|--NEWLINE -&gt; \n [28:25]&#10;|--LEADING_ASTERISK -&gt; * [29:0]&#10;|--TEXT -&gt;   [29:1]&#10;|--HTML_ELEMENT -&gt; HTML_ELEMENT [29:2]&#10;|   `--THEAD -&gt; THEAD [29:2]&#10;|       |--THEAD_TAG_START -&gt; THEAD_TAG_START [29:2]&#10;|       |   |--START -&gt; &lt; [29:2]&#10;|       |   |--THEAD_HTML_TAG_NAME -&gt; thead [29:3]&#10;|       |   `--END -&gt; &gt; [29:8]&#10;|       |--TEXT -&gt;   [29:9]&#10;|       |--SINGLETON_ELEMENT -&gt; SINGLETON_ELEMENT [29:10]&#10;|       |   `--WBR_TAG -&gt; WBR_TAG [29:10]&#10;|       |       |--START -&gt; &lt; [29:10]&#10;|       |       |--WBR_HTML_TAG_NAME -&gt; wbr [29:11]&#10;|       |       `--SLASH_END -&gt; /&gt; [29:14]&#10;|       |--TEXT -&gt;   [29:16]&#10;|       `--THEAD_TAG_END -&gt; THEAD_TAG_END [29:17]&#10;|           |--START -&gt; &lt; [29:17]&#10;|           |--SLASH -&gt; / [29:18]&#10;|           |--THEAD_HTML_TAG_NAME -&gt; thead [29:19]&#10;|           `--END -&gt; &gt; [29:24]&#10;|--NEWLINE -&gt; \n [29:25]&#10;|--LEADING_ASTERISK -&gt; * [30:0]&#10;|--TEXT -&gt;   [30:1]&#10;|--HTML_ELEMENT -&gt; HTML_ELEMENT [30:2]&#10;|   `--TFOOT -&gt; TFOOT [30:2]&#10;|       |--TFOOT_TAG_START -&gt; TFOOT_TAG_START [30:2]&#10;|       |   |--START -&gt; &lt; [30:2]&#10;|       |   |--TFOOT_HTML_TAG_NAME -&gt; tfoot [30:3]&#10;|       |   `--END -&gt; &gt; [30:8]&#10;|       |--TEXT -&gt;   [30:9]&#10;|       |--SINGLETON_ELEMENT -&gt; SINGLETON_ELEMENT [30:10]&#10;|       |   `--WBR_TAG -&gt; WBR_TAG [30:10]&#10;|       |       |--START -&gt; &lt; [30:10]&#10;|       |       |--WBR_HTML_TAG_NAME -&gt; wbr [30:11]&#10;|       |       `--SLASH_END -&gt; /&gt; [30:14]&#10;|       |--TEXT -&gt;   [30:16]&#10;|       `--TFOOT_TAG_END -&gt; TFOOT_TAG_END [30:17]&#10;|           |--START -&gt; &lt; [30:17]&#10;|           |--SLASH -&gt; / [30:18]&#10;|           |--TFOOT_HTML_TAG_NAME -&gt; tfoot [30:19]&#10;|           `--END -&gt; &gt; [30:24]&#10;|--NEWLINE -&gt; \n [30:25]&#10;|--NEWLINE -&gt; \n [31:0]&#10;|--LEADING_ASTERISK -&gt; * [32:0]&#10;|--TEXT -&gt;   [32:1]&#10;|--HTML_ELEMENT -&gt; HTML_ELEMENT [32:2]&#10;|   `--SINGLETON_ELEMENT -&gt; SINGLETON_ELEMENT [32:2]&#10;|       `--WBR_TAG -&gt; WBR_TAG [32:2]&#10;|           |--START -&gt; &lt; [32:2]&#10;|           |--WBR_HTML_TAG_NAME -&gt; wbr [32:3]&#10;|           `--END -&gt; &gt; [32:6]&#10;|--NEWLINE -&gt; \n [32:7]&#10;|--LEADING_ASTERISK -&gt; * [33:0]&#10;|--TEXT -&gt;   [33:1]&#10;|--HTML_ELEMENT -&gt; HTML_ELEMENT [33:2]&#10;|   `--SINGLETON_ELEMENT -&gt; SINGLETON_ELEMENT [33:2]&#10;|       `--WBR_TAG -&gt; WBR_TAG [33:2]&#10;|           |--START -&gt; &lt; [33:2]&#10;|           |--WBR_HTML_TAG_NAME -&gt; wbr [33:3]&#10;|           `--SLASH_END -&gt; /&gt; [33:6]&#10;|--NEWLINE -&gt; \n [33:8]&#10;|--LEADING_ASTERISK -&gt; * [34:0]&#10;|--TEXT -&gt;   [34:1]&#10;|--HTML_ELEMENT -&gt; HTML_ELEMENT [34:2]&#10;|   `--SINGLETON_ELEMENT -&gt; SINGLETON_ELEMENT [34:2]&#10;|       `--WBR_TAG -&gt; WBR_TAG [34:2]&#10;|           |--START -&gt; &lt; [34:2]&#10;|           |--WBR_HTML_TAG_NAME -&gt; wbr [34:3]&#10;|           |--WS -&gt;   [34:6]&#10;|           |--ATTRIBUTE -&gt; ATTRIBUTE [34:7]&#10;|           |   |--HTML_TAG_NAME -&gt; attr [34:7]&#10;|           |   |--EQUALS -&gt; = [34:11]&#10;|           |   `--ATTR_VALUE -&gt; &quot;something&quot; [34:12]&#10;|           `--END -&gt; &gt; [34:24]&#10;|--NEWLINE -&gt; \n [34:25]&#10;|--LEADING_ASTERISK -&gt; * [35:0]&#10;|--TEXT -&gt;   [35:1]&#10;|--HTML_ELEMENT -&gt; HTML_ELEMENT [35:2]&#10;|   `--SINGLETON_ELEMENT -&gt; SINGLETON_ELEMENT [35:2]&#10;|       `--WBR_TAG -&gt; WBR_TAG [35:2]&#10;|           |--START -&gt; &lt; [35:2]&#10;|           |--WBR_HTML_TAG_NAME -&gt; wbr [35:3]&#10;|           |--WS -&gt;   [35:6]&#10;|           |--ATTRIBUTE -&gt; ATTRIBUTE [35:7]&#10;|           |   |--HTML_TAG_NAME -&gt; attr [35:7]&#10;|           |   |--EQUALS -&gt; = [35:11]&#10;|           |   `--ATTR_VALUE -&gt; &quot;something&quot; [35:12]&#10;|           `--SLASH_END -&gt; /&gt; [35:24]&#10;|--NEWLINE -&gt; \n [35:26]&#10;|--LEADING_ASTERISK -&gt; * [36:0]&#10;|--TEXT -&gt;   [36:1]&#10;|--HTML_ELEMENT -&gt; HTML_ELEMENT [36:2]&#10;|   `--SINGLETON_ELEMENT -&gt; SINGLETON_ELEMENT [36:2]&#10;|       `--WBR_TAG -&gt; WBR_TAG [36:2]&#10;|           |--START -&gt; &lt; [36:2]&#10;|           |--WBR_HTML_TAG_NAME -&gt; wbr [36:3]&#10;|           |--WS -&gt;   [36:6]&#10;|           |--ATTRIBUTE -&gt; ATTRIBUTE [36:7]&#10;|           |   |--HTML_TAG_NAME -&gt; attr [36:7]&#10;|           |   |--EQUALS -&gt; = [36:11]&#10;|           |   `--ATTR_VALUE -&gt; &quot;something&quot; [36:12]&#10;|           |--WS -&gt;   [36:24]&#10;|           |--ATTRIBUTE -&gt; ATTRIBUTE [36:25]&#10;|           |   |--HTML_TAG_NAME -&gt; attr2 [36:25]&#10;|           |   |--EQUALS -&gt; = [36:30]&#10;|           |   `--ATTR_VALUE -&gt; &quot;someotherthing&quot; [36:31]&#10;|           `--END -&gt; &gt; [36:48]&#10;|--NEWLINE -&gt; \n [36:49]&#10;|--LEADING_ASTERISK -&gt; * [37:0]&#10;|--TEXT -&gt;   [37:1]&#10;|--HTML_ELEMENT -&gt; HTML_ELEMENT [37:2]&#10;|   `--SINGLETON_ELEMENT -&gt; SINGLETON_ELEMENT [37:2]&#10;|       `--WBR_TAG -&gt; WBR_TAG [37:2]&#10;|           |--START -&gt; &lt; [37:2]&#10;|           |--WBR_HTML_TAG_NAME -&gt; wbr [37:3]&#10;|           |--WS -&gt;   [37:6]&#10;|           |--ATTRIBUTE -&gt; ATTRIBUTE [37:7]&#10;|           |   |--HTML_TAG_NAME -&gt; attr [37:7]&#10;|           |   |--EQUALS -&gt; = [37:11]&#10;|           |   `--ATTR_VALUE -&gt; &quot;something&quot; [37:12]&#10;|           |--WS -&gt;   [37:24]&#10;|           |--ATTRIBUTE -&gt; ATTRIBUTE [37:25]&#10;|           |   |--HTML_TAG_NAME -&gt; attr2 [37:25]&#10;|           |   |--EQUALS -&gt; = [37:30]&#10;|           |   `--ATTR_VALUE -&gt; &quot;someotherthing&quot; [37:31]&#10;|           `--SLASH_END -&gt; /&gt; [37:48]&#10;|--NEWLINE -&gt; \n [37:50]&#10;|--LEADING_ASTERISK -&gt; * [38:0]&#10;|--TEXT -&gt;   [38:1]&#10;|--HTML_ELEMENT -&gt; HTML_ELEMENT [38:2]&#10;|   `--SINGLETON_ELEMENT -&gt; SINGLETON_ELEMENT [38:2]&#10;|       `--WBR_TAG -&gt; WBR_TAG [38:2]&#10;|           |--START -&gt; &lt; [38:2]&#10;|           |--WBR_HTML_TAG_NAME -&gt; wbr [38:3]&#10;|           |--WS -&gt;   [38:6]&#10;|           |--ATTRIBUTE -&gt; ATTRIBUTE [38:7]&#10;|           |   |--HTML_TAG_NAME -&gt; attr [38:7]&#10;|           |   |--EQUALS -&gt; = [38:11]&#10;|           |   `--ATTR_VALUE -&gt; &quot;something&quot; [38:12]&#10;|           |--WS -&gt;   [38:24]&#10;|           |--NEWLINE -&gt; \n [38:25]&#10;|           |--LEADING_ASTERISK -&gt; * [39:0]&#10;|           |--WS -&gt;   [39:1]&#10;|           |--ATTRIBUTE -&gt; ATTRIBUTE [39:2]&#10;|           |   |--HTML_TAG_NAME -&gt; attr2 [39:2]&#10;|           |   |--EQUALS -&gt; = [39:7]&#10;|           |   `--ATTR_VALUE -&gt; &quot;someotherting&quot; [39:8]&#10;|           `--END -&gt; &gt; [39:24]&#10;|--NEWLINE -&gt; \n [39:25]&#10;|--LEADING_ASTERISK -&gt; * [40:0]&#10;|--TEXT -&gt;   [40:1]&#10;|--HTML_ELEMENT -&gt; HTML_ELEMENT [40:2]&#10;|   `--SINGLETON_ELEMENT -&gt; SINGLETON_ELEMENT [40:2]&#10;|       `--WBR_TAG -&gt; WBR_TAG [40:2]&#10;|           |--START -&gt; &lt; [40:2]&#10;|           |--WBR_HTML_TAG_NAME -&gt; wbr [40:3]&#10;|           |--WS -&gt;   [40:6]&#10;|           |--ATTRIBUTE -&gt; ATTRIBUTE [40:7]&#10;|           |   |--HTML_TAG_NAME -&gt; attr [40:7]&#10;|           |   |--EQUALS -&gt; = [40:11]&#10;|           |   `--ATTR_VALUE -&gt; &quot;something&quot; [40:12]&#10;|           |--WS -&gt;   [40:24]&#10;|           |--NEWLINE -&gt; \n [40:25]&#10;|           |--LEADING_ASTERISK -&gt; * [41:0]&#10;|           |--WS -&gt;   [41:1]&#10;|           |--ATTRIBUTE -&gt; ATTRIBUTE [41:2]&#10;|           |   |--HTML_TAG_NAME -&gt; attr2 [41:2]&#10;|           |   |--EQUALS -&gt; = [41:7]&#10;|           |   `--ATTR_VALUE -&gt; &quot;someotherting&quot; [41:8]&#10;|           `--SLASH_END -&gt; /&gt; [41:24]&#10;`--EOF -&gt; &lt;EOF&gt; [41:26]&#13;]&#10;&gt;" type="org.junit.ComparisonFailure"><![CDATA[org.junit.ComparisonFailure: 
Generated tree from the javadoc file should match the pre-defined tree expected:<...DOC -> JAVADOC [0:0][
|--LEADING_ASTERISK -> * [0:0]
|--TEXT ->   [0:1]
|--HTML_ELEMENT -> HTML_ELEMENT [0:2]
|   `--PARAGRAPH -> PARAGRAPH [0:2]
|       |--P_TAG_START -> P_TAG_START [0:2]
|       |   |--START -> < [0:2]
|       |   |--P_HTML_TAG_NAME -> p [0:3]
|       |   `--END -> > [0:4]
|       |--TEXT ->   [0:5]
|       |--SINGLETON_ELEMENT -> SINGLETON_ELEMENT [0:6]
|       |   `--WBR_TAG -> WBR_TAG [0:6]
|       |       |--START -> < [0:6]
|       |       |--WBR_HTML_TAG_NAME -> wbr [0:7]
|       |       `--END -> > [0:10]
|       |--TEXT ->   [0:11]
|       `--P_TAG_END -> P_TAG_END [0:12]
|           |--START -> < [0:12]
|           |--SLASH -> / [0:13]
|           |--P_HTML_TAG_NAME -> p [0:14]
|           `--END -> > [0:15]
|--NEWLINE -> \n [0:16]
|--LEADING_ASTERISK -> * [1:0]
|--TEXT ->   [1:1]
|--HTML_ELEMENT -> HTML_ELEMENT [1:2]
|   `--LI -> LI [1:2]
|       |--LI_TAG_START -> LI_TAG_START [1:2]
|       |   |--START -> < [1:2]
|       |   |--LI_HTML_TAG_NAME -> li [1:3]
|       |   `--END -> > [1:5]
|       |--TEXT ->   [1:6]
|       |--SINGLETON_ELEMENT -> SINGLETON_ELEMENT [1:7]
|       |   `--WBR_TAG -> WBR_TAG [1:7]
|       |       |--START -> < [1:7]
|       |       |--WBR_HTML_TAG_NAME -> wbr [1:8]
|       |       `--END -> > [1:11]
|       |--TEXT ->   [1:12]
|       `--LI_TAG_END -> LI_TAG_END [1:13]
|           |--START -> < [1:13]
|           |--SLASH -> / [1:14]
|           |--LI_HTML_TAG_NAME -> li [1:15]
|           `--END -> > [1:17]
|--NEWLINE -> \n [1:18]
|--LEADING_ASTERISK -> * [2:0]
|--TEXT ->   [2:1]
|--HTML_ELEMENT -> HTML_ELEMENT [2:2]
|   `--TR -> TR [2:2]
|       |--TR_TAG_START -> TR_TAG_START [2:2]
|       |   |--START -> < [2:2]
|       |   |--TR_HTML_TAG_NAME -> tr [2:3]
|       |   `--END -> > [2:5]
|       |--TEXT ->   [2:6]
|       |--SINGLETON_ELEMENT -> SINGLETON_ELEMENT [2:7]
|       |   `--WBR_TAG -> WBR_TAG [2:7]
|       |       |--START -> < [2:7]
|       |       |--WBR_HTML_TAG_NAME -> wbr [2:8]
|       |       `--END -> > [2:11]
|       |--TEXT ->   [2:12]
|       `--TR_TAG_END -> TR_TAG_END [2:13]
|           |--START -> < [2:13]
|           |--SLASH -> / [2:14]
|           |--TR_HTML_TAG_NAME -> tr [2:15]
|           `--END -> > [2:17]
|--NEWLINE -> \n [2:18]
|--LEADING_ASTERISK -> * [3:0]
|--TEXT ->   [3:1]
|--HTML_ELEMENT -> HTML_ELEMENT [3:2]
|   `--TD -> TD [3:2]
|       |--TD_TAG_START -> TD_TAG_START [3:2]
|       |   |--START -> < [3:2]
|       |   |--TD_HTML_TAG_NAME -> td [3:3]
|       |   `--END -> > [3:5]
|       |--TEXT ->   [3:6]
|       |--SINGLETON_ELEMENT -> SINGLETON_ELEMENT [3:7]
|       |   `--WBR_TAG -> WBR_TAG [3:7]
|       |       |--START -> < [3:7]
|       |       |--WBR_HTML_TAG_NAME -> wbr [3:8]
|       |       `--END -> > [3:11]
|       |--TEXT ->   [3:12]
|       `--TD_TAG_END -> TD_TAG_END [3:13]
|           |--START -> < [3:13]
|           |--SLASH -> / [3:14]
|           |--TD_HTML_TAG_NAME -> td [3:15]
|           `--END -> > [3:17]
|--NEWLINE -> \n [3:18]
|--LEADING_ASTERISK -> * [4:0]
|--TEXT ->   [4:1]
|--HTML_ELEMENT -> HTML_ELEMENT [4:2]
|   `--TH -> TH [4:2]
|       |--TH_TAG_START -> TH_TAG_START [4:2]
|       |   |--START -> < [4:2]
|       |   |--TH_HTML_TAG_NAME -> th [4:3]
|       |   `--END -> > [4:5]
|       |--TEXT ->   [4:6]
|       |--SINGLETON_ELEMENT -> SINGLETON_ELEMENT [4:7]
|       |   `--WBR_TAG -> WBR_TAG [4:7]
|       |       |--START -> < [4:7]
|       |       |--WBR_HTML_TAG_NAME -> wbr [4:8]
|       |       `--END -> > [4:11]
|       |--TEXT ->   [4:12]
|       `--TH_TAG_END -> TH_TAG_END [4:13]
|           |--START -> < [4:13]
|           |--SLASH -> / [4:14]
|           |--TH_HTML_TAG_NAME -> th [4:15]
|           `--END -> > [4:17]
|--NEWLINE -> \n [4:18]
|--LEADING_ASTERISK -> * [5:0]
|--TEXT ->   [5:1]
|--HTML_ELEMENT -> HTML_ELEMENT [5:2]
|   `--BODY -> BODY [5:2]
|       |--BODY_TAG_START -> BODY_TAG_START [5:2]
|       |   |--START -> < [5:2]
|       |   |--BODY_HTML_TAG_NAME -> body [5:3]
|       |   `--END -> > [5:7]
|       |--TEXT ->   [5:8]
|       |--SINGLETON_ELEMENT -> SINGLETON_ELEMENT [5:9]
|       |   `--WBR_TAG -> WBR_TAG [5:9]
|       |       |--START -> < [5:9]
|       |       |--WBR_HTML_TAG_NAME -> wbr [5:10]
|       |       `--END -> > [5:13]
|       |--TEXT ->   [5:14]
|       `--BODY_TAG_END -> BODY_TAG_END [5:15]
|           |--START -> < [5:15]
|           |--SLASH -> / [5:16]
|           |--BODY_HTML_TAG_NAME -> body [5:17]
|           `--END -> > [5:21]
|--NEWLINE -> \n [5:22]
|--LEADING_ASTERISK -> * [6:0]
|--TEXT ->   [6:1]
|--HTML_ELEMENT -> HTML_ELEMENT [6:2]
|   `--COLGROUP -> COLGROUP [6:2]
|       |--COLGROUP_TAG_START -> COLGROUP_TAG_START [6:2]
|       |   |--START -> < [6:2]
|       |   |--COLGROUP_HTML_TAG_NAME -> colgroup [6:3]
|       |   `--END -> > [6:11]
|       |--TEXT ->   [6:12]
|       |--SINGLETON_ELEMENT -> SINGLETON_ELEMENT [6:13]
|       |   `--WBR_TAG -> WBR_TAG [6:13]
|       |       |--START -> < [6:13]
|       |       |--WBR_HTML_TAG_NAME -> wbr [6:14]
|       |       `--END -> > [6:17]
|       |--TEXT ->   [6:18]
|       `--COLGROUP_TAG_END -> COLGROUP_TAG_END [6:19]
|           |--START -> < [6:19]
|           |--SLASH -> / [6:20]
|           |--COLGROUP_HTML_TAG_NAME -> colgroup [6:21]
|           `--END -> > [6:29]
|--NEWLINE -> \n [6:30]
|--LEADING_ASTERISK -> * [7:0]
|--TEXT ->   [7:1]
|--HTML_ELEMENT -> HTML_ELEMENT [7:2]
|   `--DD -> DD [7:2]
|       |--DD_TAG_START -> DD_TAG_START [7:2]
|       |   |--START -> < [7:2]
|       |   |--DD_HTML_TAG_NAME -> dd [7:3]
|       |   `--END -> > [7:5]
|       |--TEXT ->   [7:6]
|       |--SINGLETON_ELEMENT -> SINGLETON_ELEMENT [7:7]
|       |   `--WBR_TAG -> WBR_TAG [7:7]
|       |       |--START -> < [7:7]
|       |       |--WBR_HTML_TAG_NAME -> wbr [7:8]
|       |       `--END -> > [7:11]
|       |--TEXT ->   [7:12]
|       `--DD_TAG_END -> DD_TAG_END [7:13]
|           |--START -> < [7:13]
|           |--SLASH -> / [7:14]
|           |--DD_HTML_TAG_NAME -> dd [7:15]
|           `--END -> > [7:17]
|--NEWLINE -> \n [7:18]
|--LEADING_ASTERISK -> * [8:0]
|--TEXT ->   [8:1]
|--HTML_ELEMENT -> HTML_ELEMENT [8:2]
|   `--DT -> DT [8:2]
|       |--DT_TAG_START -> DT_TAG_START [8:2]
|       |   |--START -> < [8:2]
|       |   |--DT_HTML_TAG_NAME -> dt [8:3]
|       |   `--END -> > [8:5]
|       |--TEXT ->   [8:6]
|       |--SINGLETON_ELEMENT -> SINGLETON_ELEMENT [8:7]
|       |   `--WBR_TAG -> WBR_TAG [8:7]
|       |       |--START -> < [8:7]
|       |       |--WBR_HTML_TAG_NAME -> wbr [8:8]
|       |       `--END -> > [8:11]
|       |--TEXT ->   [8:12]
|       `--DT_TAG_END -> DT_TAG_END [8:13]
|           |--START -> < [8:13]
|           |--SLASH -> / [8:14]
|           |--DT_HTML_TAG_NAME -> dt [8:15]
|           `--END -> > [8:17]
|--NEWLINE -> \n [8:18]
|--LEADING_ASTERISK -> * [9:0]
|--TEXT ->   [9:1]
|--HTML_ELEMENT -> HTML_ELEMENT [9:2]
|   `--HEAD -> HEAD [9:2]
|       |--HEAD_TAG_START -> HEAD_TAG_START [9:2]
|       |   |--START -> < [9:2]
|       |   |--HEAD_HTML_TAG_NAME -> head [9:3]
|       |   `--END -> > [9:7]
|       |--TEXT ->   [9:8]
|       |--SINGLETON_ELEMENT -> SINGLETON_ELEMENT [9:9]
|       |   `--WBR_TAG -> WBR_TAG [9:9]
|       |       |--START -> < [9:9]
|       |       |--WBR_HTML_TAG_NAME -> wbr [9:10]
|       |       `--END -> > [9:13]
|       |--TEXT ->   [9:14]
|       `--HEAD_TAG_END -> HEAD_TAG_END [9:15]
|           |--START -> < [9:15]
|           |--SLASH -> / [9:16]
|           |--HEAD_HTML_TAG_NAME -> head [9:17]
|           `--END -> > [9:21]
|--NEWLINE -> \n [9:22]
|--LEADING_ASTERISK -> * [10:0]
|--TEXT ->   [10:1]
|--HTML_ELEMENT -> HTML_ELEMENT [10:2]
|   `--HTML -> HTML [10:2]
|       |--HTML_TAG_START -> HTML_TAG_START [10:2]
|       |   |--START -> < [10:2]
|       |   |--HTML_HTML_TAG_NAME -> html [10:3]
|       |   `--END -> > [10:7]
|       |--TEXT ->   [10:8]
|       |--SINGLETON_ELEMENT -> SINGLETON_ELEMENT [10:9]
|       |   `--WBR_TAG -> WBR_TAG [10:9]
|       |       |--START -> < [10:9]
|       |       |--WBR_HTML_TAG_NAME -> wbr [10:10]
|       |       `--END -> > [10:13]
|       |--TEXT ->   [10:14]
|       `--HTML_TAG_END -> HTML_TAG_END [10:15]
|           |--START -> < [10:15]
|           |--SLASH -> / [10:16]
|           |--HTML_HTML_TAG_NAME -> html [10:17]
|           `--END -> > [10:21]
|--NEWLINE -> \n [10:22]
|--LEADING_ASTERISK -> * [11:0]
|--TEXT ->   [11:1]
|--HTML_ELEMENT -> HTML_ELEMENT [11:2]
|   `--OPTION -> OPTION [11:2]
|       |--OPTION_TAG_START -> OPTION_TAG_START [11:2]
|       |   |--START -> < [11:2]
|       |   |--OPTION_HTML_TAG_NAME -> option [11:3]
|       |   `--END -> > [11:9]
|       |--TEXT ->   [11:10]
|       |--SINGLETON_ELEMENT -> SINGLETON_ELEMENT [11:11]
|       |   `--WBR_TAG -> WBR_TAG [11:11]
|       |       |--START -> < [11:11]
|       |       |--WBR_HTML_TAG_NAME -> wbr [11:12]
|       |       `--END -> > [11:15]
|       |--TEXT ->   [11:16]
|       `--OPTION_TAG_END -> OPTION_TAG_END [11:17]
|           |--START -> < [11:17]
|           |--SLASH -> / [11:18]
|           |--OPTION_HTML_TAG_NAME -> option [11:19]
|           `--END -> > [11:25]
|--NEWLINE -> \n [11:26]
|--LEADING_ASTERISK -> * [12:0]
|--TEXT ->   [12:1]
|--HTML_ELEMENT -> HTML_ELEMENT [12:2]
|   `--TBODY -> TBODY [12:2]
|       |--TBODY_TAG_START -> TBODY_TAG_START [12:2]
|       |   |--START -> < [12:2]
|       |   |--TBODY_HTML_TAG_NAME -> tbody [12:3]
|       |   `--END -> > [12:8]
|       |--TEXT ->   [12:9]
|       |--SINGLETON_ELEMENT -> SINGLETON_ELEMENT [12:10]
|       |   `--WBR_TAG -> WBR_TAG [12:10]
|       |       |--START -> < [12:10]
|       |       |--WBR_HTML_TAG_NAME -> wbr [12:11]
|       |       `--END -> > [12:14]
|       |--TEXT ->   [12:15]
|       `--TBODY_TAG_END -> TBODY_TAG_END [12:16]
|           |--START -> < [12:16]
|           |--SLASH -> / [12:17]
|           |--TBODY_HTML_TAG_NAME -> tbody [12:18]
|           `--END -> > [12:23]
|--NEWLINE -> \n [12:24]
|--LEADING_ASTERISK -> * [13:0]
|--TEXT ->   [13:1]
|--HTML_ELEMENT -> HTML_ELEMENT [13:2]
|   `--THEAD -> THEAD [13:2]
|       |--THEAD_TAG_START -> THEAD_TAG_START [13:2]
|       |   |--START -> < [13:2]
|       |   |--THEAD_HTML_TAG_NAME -> thead [13:3]
|       |   `--END -> > [13:8]
|       |--TEXT ->   [13:9]
|       |--SINGLETON_ELEMENT -> SINGLETON_ELEMENT [13:10]
|       |   `--WBR_TAG -> WBR_TAG [13:10]
|       |       |--START -> < [13:10]
|       |       |--WBR_HTML_TAG_NAME -> wbr [13:11]
|       |       `--END -> > [13:14]
|       |--TEXT ->   [13:15]
|       `--THEAD_TAG_END -> THEAD_TAG_END [13:16]
|           |--START -> < [13:16]
|           |--SLASH -> / [13:17]
|           |--THEAD_HTML_TAG_NAME -> thead [13:18]
|           `--END -> > [13:23]
|--NEWLINE -> \n [13:24]
|--LEADING_ASTERISK -> * [14:0]
|--TEXT ->   [14:1]
|--HTML_ELEMENT -> HTML_ELEMENT [14:2]
|   `--TFOOT -> TFOOT [14:2]
|       |--TFOOT_TAG_START -> TFOOT_TAG_START [14:2]
|       |   |--START -> < [14:2]
|       |   |--TFOOT_HTML_TAG_NAME -> tfoot [14:3]
|       |   `--END -> > [14:8]
|       |--TEXT ->   [14:9]
|       |--SINGLETON_ELEMENT -> SINGLETON_ELEMENT [14:10]
|       |   `--WBR_TAG -> WBR_TAG [14:10]
|       |       |--START -> < [14:10]
|       |       |--WBR_HTML_TAG_NAME -> wbr [14:11]
|       |       `--END -> > [14:14]
|       |--TEXT ->   [14:15]
|       `--TFOOT_TAG_END -> TFOOT_TAG_END [14:16]
|           |--START -> < [14:16]
|           |--SLASH -> / [14:17]
|           |--TFOOT_HTML_TAG_NAME -> tfoot [14:18]
|           `--END -> > [14:23]
|--NEWLINE -> \n [14:24]
|--NEWLINE -> \n [15:0]
|--LEADING_ASTERISK -> * [16:0]
|--TEXT ->   [16:1]
|--HTML_ELEMENT -> HTML_ELEMENT [16:2]
|   `--PARAGRAPH -> PARAGRAPH [16:2]
|       |--P_TAG_START -> P_TAG_START [16:2]
|       |   |--START -> < [16:2]
|       |   |--P_HTML_TAG_NAME -> p [16:3]
|       |   `--END -> > [16:4]
|       |--TEXT ->   [16:5]
|       |--SINGLETON_ELEMENT -> SINGLETON_ELEMENT [16:6]
|       |   `--WBR_TAG -> WBR_TAG [16:6]
|       |       |--START -> < [16:6]
|       |       |--WBR_HTML_TAG_NAME -> wbr [16:7]
|       |       `--SLASH_END -> /> [16:10]
|       |--TEXT ->   [16:12]
|       `--P_TAG_END -> P_TAG_END [16:13]
|           |--START -> < [16:13]
|           |--SLASH -> / [16:14]
|           |--P_HTML_TAG_NAME -> p [16:15]
|           `--END -> > [16:16]
|--NEWLINE -> \n [16:17]
|--LEADING_ASTERISK -> * [17:0]
|--TEXT ->   [17:1]
|--HTML_ELEMENT -> HTML_ELEMENT [17:2]
|   `--LI -> LI [17:2]
|       |--LI_TAG_START -> LI_TAG_START [17:2]
|       |   |--START -> < [17:2]
|       |   |--LI_HTML_TAG_NAME -> li [17:3]
|       |   `--END -> > [17:5]
|       |--TEXT ->   [17:6]
|       |--SINGLETON_ELEMENT -> SINGLETON_ELEMENT [17:7]
|       |   `--WBR_TAG -> WBR_TAG [17:7]
|       |       |--START -> < [17:7]
|       |       |--WBR_HTML_TAG_NAME -> wbr [17:8]
|       |       `--SLASH_END -> /> [17:11]
|       |--TEXT ->   [17:13]
|       `--LI_TAG_END -> LI_TAG_END [17:14]
|           |--START -> < [17:14]
|           |--SLASH -> / [17:15]
|           |--LI_HTML_TAG_NAME -> li [17:16]
|           `--END -> > [17:18]
|--NEWLINE -> \n [17:19]
|--LEADING_ASTERISK -> * [18:0]
|--TEXT ->   [18:1]
|--HTML_ELEMENT -> HTML_ELEMENT [18:2]
|   `--TR -> TR [18:2]
|       |--TR_TAG_START -> TR_TAG_START [18:2]
|       |   |--START -> < [18:2]
|       |   |--TR_HTML_TAG_NAME -> tr [18:3]
|       |   `--END -> > [18:5]
|       |--TEXT ->   [18:6]
|       |--SINGLETON_ELEMENT -> SINGLETON_ELEMENT [18:7]
|       |   `--WBR_TAG -> WBR_TAG [18:7]
|       |       |--START -> < [18:7]
|       |       |--WBR_HTML_TAG_NAME -> wbr [18:8]
|       |       `--SLASH_END -> /> [18:11]
|       |--TEXT ->   [18:13]
|       `--TR_TAG_END -> TR_TAG_END [18:14]
|           |--START -> < [18:14]
|           |--SLASH -> / [18:15]
|           |--TR_HTML_TAG_NAME -> tr [18:16]
|           `--END -> > [18:18]
|--NEWLINE -> \n [18:19]
|--LEADING_ASTERISK -> * [19:0]
|--TEXT ->   [19:1]
|--HTML_ELEMENT -> HTML_ELEMENT [19:2]
|   `--TD -> TD [19:2]
|       |--TD_TAG_START -> TD_TAG_START [19:2]
|       |   |--START -> < [19:2]
|       |   |--TD_HTML_TAG_NAME -> td [19:3]
|       |   `--END -> > [19:5]
|       |--TEXT ->   [19:6]
|       |--SINGLETON_ELEMENT -> SINGLETON_ELEMENT [19:7]
|       |   `--WBR_TAG -> WBR_TAG [19:7]
|       |       |--START -> < [19:7]
|       |       |--WBR_HTML_TAG_NAME -> wbr [19:8]
|       |       `--SLASH_END -> /> [19:11]
|       |--TEXT ->   [19:13]
|       `--TD_TAG_END -> TD_TAG_END [19:14]
|           |--START -> < [19:14]
|           |--SLASH -> / [19:15]
|           |--TD_HTML_TAG_NAME -> td [19:16]
|           `--END -> > [19:18]
|--NEWLINE -> \n [19:19]
|--LEADING_ASTERISK -> * [20:0]
|--TEXT ->   [20:1]
|--HTML_ELEMENT -> HTML_ELEMENT [20:2]
|   `--TH -> TH [20:2]
|       |--TH_TAG_START -> TH_TAG_START [20:2]
|       |   |--START -> < [20:2]
|       |   |--TH_HTML_TAG_NAME -> th [20:3]
|       |   `--END -> > [20:5]
|       |--TEXT ->   [20:6]
|       |--SINGLETON_ELEMENT -> SINGLETON_ELEMENT [20:7]
|       |   `--WBR_TAG -> WBR_TAG [20:7]
|       |       |--START -> < [20:7]
|       |       |--WBR_HTML_TAG_NAME -> wbr [20:8]
|       |       `--SLASH_END -> /> [20:11]
|       |--TEXT ->   [20:13]
|       `--TH_TAG_END -> TH_TAG_END [20:14]
|           |--START -> < [20:14]
|           |--SLASH -> / [20:15]
|           |--TH_HTML_TAG_NAME -> th [20:16]
|           `--END -> > [20:18]
|--NEWLINE -> \n [20:19]
|--LEADING_ASTERISK -> * [21:0]
|--TEXT ->   [21:1]
|--HTML_ELEMENT -> HTML_ELEMENT [21:2]
|   `--BODY -> BODY [21:2]
|       |--BODY_TAG_START -> BODY_TAG_START [21:2]
|       |   |--START -> < [21:2]
|       |   |--BODY_HTML_TAG_NAME -> body [21:3]
|       |   `--END -> > [21:7]
|       |--TEXT ->   [21:8]
|       |--SINGLETON_ELEMENT -> SINGLETON_ELEMENT [21:9]
|       |   `--WBR_TAG -> WBR_TAG [21:9]
|       |       |--START -> < [21:9]
|       |       |--WBR_HTML_TAG_NAME -> wbr [21:10]
|       |       `--SLASH_END -> /> [21:13]
|       |--TEXT ->   [21:15]
|       `--BODY_TAG_END -> BODY_TAG_END [21:16]
|           |--START -> < [21:16]
|           |--SLASH -> / [21:17]
|           |--BODY_HTML_TAG_NAME -> body [21:18]
|           `--END -> > [21:22]
|--NEWLINE -> \n [21:23]
|--LEADING_ASTERISK -> * [22:0]
|--TEXT ->   [22:1]
|--HTML_ELEMENT -> HTML_ELEMENT [22:2]
|   `--COLGROUP -> COLGROUP [22:2]
|       |--COLGROUP_TAG_START -> COLGROUP_TAG_START [22:2]
|       |   |--START -> < [22:2]
|       |   |--COLGROUP_HTML_TAG_NAME -> colgroup [22:3]
|       |   `--END -> > [22:11]
|       |--TEXT ->   [22:12]
|       |--SINGLETON_ELEMENT -> SINGLETON_ELEMENT [22:13]
|       |   `--WBR_TAG -> WBR_TAG [22:13]
|       |       |--START -> < [22:13]
|       |       |--WBR_HTML_TAG_NAME -> wbr [22:14]
|       |       `--SLASH_END -> /> [22:17]
|       |--TEXT ->   [22:19]
|       `--COLGROUP_TAG_END -> COLGROUP_TAG_END [22:20]
|           |--START -> < [22:20]
|           |--SLASH -> / [22:21]
|           |--COLGROUP_HTML_TAG_NAME -> colgroup [22:22]
|           `--END -> > [22:30]
|--NEWLINE -> \n [22:31]
|--LEADING_ASTERISK -> * [23:0]
|--TEXT ->   [23:1]
|--HTML_ELEMENT -> HTML_ELEMENT [23:2]
|   `--DD -> DD [23:2]
|       |--DD_TAG_START -> DD_TAG_START [23:2]
|       |   |--START -> < [23:2]
|       |   |--DD_HTML_TAG_NAME -> dd [23:3]
|       |   `--END -> > [23:5]
|       |--TEXT ->   [23:6]
|       |--SINGLETON_ELEMENT -> SINGLETON_ELEMENT [23:7]
|       |   `--WBR_TAG -> WBR_TAG [23:7]
|       |       |--START -> < [23:7]
|       |       |--WBR_HTML_TAG_NAME -> wbr [23:8]
|       |       `--SLASH_END -> /> [23:11]
|       |--TEXT ->   [23:13]
|       `--DD_TAG_END -> DD_TAG_END [23:14]
|           |--START -> < [23:14]
|           |--SLASH -> / [23:15]
|           |--DD_HTML_TAG_NAME -> dd [23:16]
|           `--END -> > [23:18]
|--NEWLINE -> \n [23:19]
|--LEADING_ASTERISK -> * [24:0]
|--TEXT ->   [24:1]
|--HTML_ELEMENT -> HTML_ELEMENT [24:2]
|   `--DT -> DT [24:2]
|       |--DT_TAG_START -> DT_TAG_START [24:2]
|       |   |--START -> < [24:2]
|       |   |--DT_HTML_TAG_NAME -> dt [24:3]
|       |   `--END -> > [24:5]
|       |--TEXT ->   [24:6]
|       |--SINGLETON_ELEMENT -> SINGLETON_ELEMENT [24:7]
|       |   `--WBR_TAG -> WBR_TAG [24:7]
|       |       |--START -> < [24:7]
|       |       |--WBR_HTML_TAG_NAME -> wbr [24:8]
|       |       `--SLASH_END -> /> [24:11]
|       |--TEXT ->   [24:13]
|       `--DT_TAG_END -> DT_TAG_END [24:14]
|           |--START -> < [24:14]
|           |--SLASH -> / [24:15]
|           |--DT_HTML_TAG_NAME -> dt [24:16]
|           `--END -> > [24:18]
|--NEWLINE -> \n [24:19]
|--LEADING_ASTERISK -> * [25:0]
|--TEXT ->   [25:1]
|--HTML_ELEMENT -> HTML_ELEMENT [25:2]
|   `--HEAD -> HEAD [25:2]
|       |--HEAD_TAG_START -> HEAD_TAG_START [25:2]
|       |   |--START -> < [25:2]
|       |   |--HEAD_HTML_TAG_NAME -> head [25:3]
|       |   `--END -> > [25:7]
|       |--TEXT ->   [25:8]
|       |--SINGLETON_ELEMENT -> SINGLETON_ELEMENT [25:9]
|       |   `--WBR_TAG -> WBR_TAG [25:9]
|       |       |--START -> < [25:9]
|       |       |--WBR_HTML_TAG_NAME -> wbr [25:10]
|       |       `--SLASH_END -> /> [25:13]
|       |--TEXT ->   [25:15]
|       `--HEAD_TAG_END -> HEAD_TAG_END [25:16]
|           |--START -> < [25:16]
|           |--SLASH -> / [25:17]
|           |--HEAD_HTML_TAG_NAME -> head [25:18]
|           `--END -> > [25:22]
|--NEWLINE -> \n [25:23]
|--LEADING_ASTERISK -> * [26:0]
|--TEXT ->   [26:1]
|--HTML_ELEMENT -> HTML_ELEMENT [26:2]
|   `--HTML -> HTML [26:2]
|       |--HTML_TAG_START -> HTML_TAG_START [26:2]
|       |   |--START -> < [26:2]
|       |   |--HTML_HTML_TAG_NAME -> html [26:3]
|       |   `--END -> > [26:7]
|       |--TEXT ->   [26:8]
|       |--SINGLETON_ELEMENT -> SINGLETON_ELEMENT [26:9]
|       |   `--WBR_TAG -> WBR_TAG [26:9]
|       |       |--START -> < [26:9]
|       |       |--WBR_HTML_TAG_NAME -> wbr [26:10]
|       |       `--SLASH_END -> /> [26:13]
|       |--TEXT ->   [26:15]
|       `--HTML_TAG_END -> HTML_TAG_END [26:16]
|           |--START -> < [26:16]
|           |--SLASH -> / [26:17]
|           |--HTML_HTML_TAG_NAME -> html [26:18]
|           `--END -> > [26:22]
|--NEWLINE -> \n [26:23]
|--LEADING_ASTERISK -> * [27:0]
|--TEXT ->   [27:1]
|--HTML_ELEMENT -> HTML_ELEMENT [27:2]
|   `--OPTION -> OPTION [27:2]
|       |--OPTION_TAG_START -> OPTION_TAG_START [27:2]
|       |   |--START -> < [27:2]
|       |   |--OPTION_HTML_TAG_NAME -> option [27:3]
|       |   `--END -> > [27:9]
|       |--TEXT ->   [27:10]
|       |--SINGLETON_ELEMENT -> SINGLETON_ELEMENT [27:11]
|       |   `--WBR_TAG -> WBR_TAG [27:11]
|       |       |--START -> < [27:11]
|       |       |--WBR_HTML_TAG_NAME -> wbr [27:12]
|       |       `--SLASH_END -> /> [27:15]
|       |--TEXT ->   [27:17]
|       `--OPTION_TAG_END -> OPTION_TAG_END [27:18]
|           |--START -> < [27:18]
|           |--SLASH -> / [27:19]
|           |--OPTION_HTML_TAG_NAME -> option [27:20]
|           `--END -> > [27:26]
|--NEWLINE -> \n [27:27]
|--LEADING_ASTERISK -> * [28:0]
|--TEXT ->   [28:1]
|--HTML_ELEMENT -> HTML_ELEMENT [28:2]
|   `--TBODY -> TBODY [28:2]
|       |--TBODY_TAG_START -> TBODY_TAG_START [28:2]
|       |   |--START -> < [28:2]
|       |   |--TBODY_HTML_TAG_NAME -> tbody [28:3]
|       |   `--END -> > [28:8]
|       |--TEXT ->   [28:9]
|       |--SINGLETON_ELEMENT -> SINGLETON_ELEMENT [28:10]
|       |   `--WBR_TAG -> WBR_TAG [28:10]
|       |       |--START -> < [28:10]
|       |       |--WBR_HTML_TAG_NAME -> wbr [28:11]
|       |       `--SLASH_END -> /> [28:14]
|       |--TEXT ->   [28:16]
|       `--TBODY_TAG_END -> TBODY_TAG_END [28:17]
|           |--START -> < [28:17]
|           |--SLASH -> / [28:18]
|           |--TBODY_HTML_TAG_NAME -> tbody [28:19]
|           `--END -> > [28:24]
|--NEWLINE -> \n [28:25]
|--LEADING_ASTERISK -> * [29:0]
|--TEXT ->   [29:1]
|--HTML_ELEMENT -> HTML_ELEMENT [29:2]
|   `--THEAD -> THEAD [29:2]
|       |--THEAD_TAG_START -> THEAD_TAG_START [29:2]
|       |   |--START -> < [29:2]
|       |   |--THEAD_HTML_TAG_NAME -> thead [29:3]
|       |   `--END -> > [29:8]
|       |--TEXT ->   [29:9]
|       |--SINGLETON_ELEMENT -> SINGLETON_ELEMENT [29:10]
|       |   `--WBR_TAG -> WBR_TAG [29:10]
|       |       |--START -> < [29:10]
|       |       |--WBR_HTML_TAG_NAME -> wbr [29:11]
|       |       `--SLASH_END -> /> [29:14]
|       |--TEXT ->   [29:16]
|       `--THEAD_TAG_END -> THEAD_TAG_END [29:17]
|           |--START -> < [29:17]
|           |--SLASH -> / [29:18]
|           |--THEAD_HTML_TAG_NAME -> thead [29:19]
|           `--END -> > [29:24]
|--NEWLINE -> \n [29:25]
|--LEADING_ASTERISK -> * [30:0]
|--TEXT ->   [30:1]
|--HTML_ELEMENT -> HTML_ELEMENT [30:2]
|   `--TFOOT -> TFOOT [30:2]
|       |--TFOOT_TAG_START -> TFOOT_TAG_START [30:2]
|       |   |--START -> < [30:2]
|       |   |--TFOOT_HTML_TAG_NAME -> tfoot [30:3]
|       |   `--END -> > [30:8]
|       |--TEXT ->   [30:9]
|       |--SINGLETON_ELEMENT -> SINGLETON_ELEMENT [30:10]
|       |   `--WBR_TAG -> WBR_TAG [30:10]
|       |       |--START -> < [30:10]
|       |       |--WBR_HTML_TAG_NAME -> wbr [30:11]
|       |       `--SLASH_END -> /> [30:14]
|       |--TEXT ->   [30:16]
|       `--TFOOT_TAG_END -> TFOOT_TAG_END [30:17]
|           |--START -> < [30:17]
|           |--SLASH -> / [30:18]
|           |--TFOOT_HTML_TAG_NAME -> tfoot [30:19]
|           `--END -> > [30:24]
|--NEWLINE -> \n [30:25]
|--NEWLINE -> \n [31:0]
|--LEADING_ASTERISK -> * [32:0]
|--TEXT ->   [32:1]
|--HTML_ELEMENT -> HTML_ELEMENT [32:2]
|   `--SINGLETON_ELEMENT -> SINGLETON_ELEMENT [32:2]
|       `--WBR_TAG -> WBR_TAG [32:2]
|           |--START -> < [32:2]
|           |--WBR_HTML_TAG_NAME -> wbr [32:3]
|           `--END -> > [32:6]
|--NEWLINE -> \n [32:7]
|--LEADING_ASTERISK -> * [33:0]
|--TEXT ->   [33:1]
|--HTML_ELEMENT -> HTML_ELEMENT [33:2]
|   `--SINGLETON_ELEMENT -> SINGLETON_ELEMENT [33:2]
|       `--WBR_TAG -> WBR_TAG [33:2]
|           |--START -> < [33:2]
|           |--WBR_HTML_TAG_NAME -> wbr [33:3]
|           `--SLASH_END -> /> [33:6]
|--NEWLINE -> \n [33:8]
|--LEADING_ASTERISK -> * [34:0]
|--TEXT ->   [34:1]
|--HTML_ELEMENT -> HTML_ELEMENT [34:2]
|   `--SINGLETON_ELEMENT -> SINGLETON_ELEMENT [34:2]
|       `--WBR_TAG -> WBR_TAG [34:2]
|           |--START -> < [34:2]
|           |--WBR_HTML_TAG_NAME -> wbr [34:3]
|           |--WS ->   [34:6]
|           |--ATTRIBUTE -> ATTRIBUTE [34:7]
|           |   |--HTML_TAG_NAME -> attr [34:7]
|           |   |--EQUALS -> = [34:11]
|           |   `--ATTR_VALUE -> "something" [34:12]
|           `--END -> > [34:24]
|--NEWLINE -> \n [34:25]
|--LEADING_ASTERISK -> * [35:0]
|--TEXT ->   [35:1]
|--HTML_ELEMENT -> HTML_ELEMENT [35:2]
|   `--SINGLETON_ELEMENT -> SINGLETON_ELEMENT [35:2]
|       `--WBR_TAG -> WBR_TAG [35:2]
|           |--START -> < [35:2]
|           |--WBR_HTML_TAG_NAME -> wbr [35:3]
|           |--WS ->   [35:6]
|           |--ATTRIBUTE -> ATTRIBUTE [35:7]
|           |   |--HTML_TAG_NAME -> attr [35:7]
|           |   |--EQUALS -> = [35:11]
|           |   `--ATTR_VALUE -> "something" [35:12]
|           `--SLASH_END -> /> [35:24]
|--NEWLINE -> \n [35:26]
|--LEADING_ASTERISK -> * [36:0]
|--TEXT ->   [36:1]
|--HTML_ELEMENT -> HTML_ELEMENT [36:2]
|   `--SINGLETON_ELEMENT -> SINGLETON_ELEMENT [36:2]
|       `--WBR_TAG -> WBR_TAG [36:2]
|           |--START -> < [36:2]
|           |--WBR_HTML_TAG_NAME -> wbr [36:3]
|           |--WS ->   [36:6]
|           |--ATTRIBUTE -> ATTRIBUTE [36:7]
|           |   |--HTML_TAG_NAME -> attr [36:7]
|           |   |--EQUALS -> = [36:11]
|           |   `--ATTR_VALUE -> "something" [36:12]
|           |--WS ->   [36:24]
|           |--ATTRIBUTE -> ATTRIBUTE [36:25]
|           |   |--HTML_TAG_NAME -> attr2 [36:25]
|           |   |--EQUALS -> = [36:30]
|           |   `--ATTR_VALUE -> "someotherthing" [36:31]
|           `--END -> > [36:48]
|--NEWLINE -> \n [36:49]
|--LEADING_ASTERISK -> * [37:0]
|--TEXT ->   [37:1]
|--HTML_ELEMENT -> HTML_ELEMENT [37:2]
|   `--SINGLETON_ELEMENT -> SINGLETON_ELEMENT [37:2]
|       `--WBR_TAG -> WBR_TAG [37:2]
|           |--START -> < [37:2]
|           |--WBR_HTML_TAG_NAME -> wbr [37:3]
|           |--WS ->   [37:6]
|           |--ATTRIBUTE -> ATTRIBUTE [37:7]
|           |   |--HTML_TAG_NAME -> attr [37:7]
|           |   |--EQUALS -> = [37:11]
|           |   `--ATTR_VALUE -> "something" [37:12]
|           |--WS ->   [37:24]
|           |--ATTRIBUTE -> ATTRIBUTE [37:25]
|           |   |--HTML_TAG_NAME -> attr2 [37:25]
|           |   |--EQUALS -> = [37:30]
|           |   `--ATTR_VALUE -> "someotherthing" [37:31]
|           `--SLASH_END -> /> [37:48]
|--NEWLINE -> \n [37:50]
|--LEADING_ASTERISK -> * [38:0]
|--TEXT ->   [38:1]
|--HTML_ELEMENT -> HTML_ELEMENT [38:2]
|   `--SINGLETON_ELEMENT -> SINGLETON_ELEMENT [38:2]
|       `--WBR_TAG -> WBR_TAG [38:2]
|           |--START -> < [38:2]
|           |--WBR_HTML_TAG_NAME -> wbr [38:3]
|           |--WS ->   [38:6]
|           |--ATTRIBUTE -> ATTRIBUTE [38:7]
|           |   |--HTML_TAG_NAME -> attr [38:7]
|           |   |--EQUALS -> = [38:11]
|           |   `--ATTR_VALUE -> "something" [38:12]
|           |--WS ->   [38:24]
|           |--NEWLINE -> \n [38:25]
|           |--LEADING_ASTERISK -> * [39:0]
|           |--WS ->   [39:1]
|           |--ATTRIBUTE -> ATTRIBUTE [39:2]
|           |   |--HTML_TAG_NAME -> attr2 [39:2]
|           |   |--EQUALS -> = [39:7]
|           |   `--ATTR_VALUE -> "someotherting" [39:8]
|           `--END -> > [39:24]
|--NEWLINE -> \n [39:25]
|--LEADING_ASTERISK -> * [40:0]
|--TEXT ->   [40:1]
|--HTML_ELEMENT -> HTML_ELEMENT [40:2]
|   `--SINGLETON_ELEMENT -> SINGLETON_ELEMENT [40:2]
|       `--WBR_TAG -> WBR_TAG [40:2]
|           |--START -> < [40:2]
|           |--WBR_HTML_TAG_NAME -> wbr [40:3]
|           |--WS ->   [40:6]
|           |--ATTRIBUTE -> ATTRIBUTE [40:7]
|           |   |--HTML_TAG_NAME -> attr [40:7]
|           |   |--EQUALS -> = [40:11]
|           |   `--ATTR_VALUE -> "something" [40:12]
|           |--WS ->   [40:24]
|           |--NEWLINE -> \n [40:25]
|           |--LEADING_ASTERISK -> * [41:0]
|           |--WS ->   [41:1]
|           |--ATTRIBUTE -> ATTRIBUTE [41:2]
|           |   |--HTML_TAG_NAME -> attr2 [41:2]
|           |   |--EQUALS -> = [41:7]
|           |   `--ATTR_VALUE -> "someotherting" [41:8]
|           `--SLASH_END -> /> [41:24]
`--EOF -> <EOF> [41:26]]
> but was:<...DOC -> JAVADOC [0:0][
|--LEADING_ASTERISK -> * [0:0]
|--TEXT ->   [0:1]
|--HTML_ELEMENT -> HTML_ELEMENT [0:2]
|   `--PARAGRAPH -> PARAGRAPH [0:2]
|       |--P_TAG_START -> P_TAG_START [0:2]
|       |   |--START -> < [0:2]
|       |   |--P_HTML_TAG_NAME -> p [0:3]
|       |   `--END -> > [0:4]
|       |--TEXT ->   [0:5]
|       |--SINGLETON_ELEMENT -> SINGLETON_ELEMENT [0:6]
|       |   `--WBR_TAG -> WBR_TAG [0:6]
|       |       |--START -> < [0:6]
|       |       |--WBR_HTML_TAG_NAME -> wbr [0:7]
|       |       `--END -> > [0:10]
|       |--TEXT ->   [0:11]
|       `--P_TAG_END -> P_TAG_END [0:12]
|           |--START -> < [0:12]
|           |--SLASH -> / [0:13]
|           |--P_HTML_TAG_NAME -> p [0:14]
|           `--END -> > [0:15]
|--NEWLINE -> \n [0:16]
|--LEADING_ASTERISK -> * [1:0]
|--TEXT ->   [1:1]
|--HTML_ELEMENT -> HTML_ELEMENT [1:2]
|   `--LI -> LI [1:2]
|       |--LI_TAG_START -> LI_TAG_START [1:2]
|       |   |--START -> < [1:2]
|       |   |--LI_HTML_TAG_NAME -> li [1:3]
|       |   `--END -> > [1:5]
|       |--TEXT ->   [1:6]
|       |--SINGLETON_ELEMENT -> SINGLETON_ELEMENT [1:7]
|       |   `--WBR_TAG -> WBR_TAG [1:7]
|       |       |--START -> < [1:7]
|       |       |--WBR_HTML_TAG_NAME -> wbr [1:8]
|       |       `--END -> > [1:11]
|       |--TEXT ->   [1:12]
|       `--LI_TAG_END -> LI_TAG_END [1:13]
|           |--START -> < [1:13]
|           |--SLASH -> / [1:14]
|           |--LI_HTML_TAG_NAME -> li [1:15]
|           `--END -> > [1:17]
|--NEWLINE -> \n [1:18]
|--LEADING_ASTERISK -> * [2:0]
|--TEXT ->   [2:1]
|--HTML_ELEMENT -> HTML_ELEMENT [2:2]
|   `--TR -> TR [2:2]
|       |--TR_TAG_START -> TR_TAG_START [2:2]
|       |   |--START -> < [2:2]
|       |   |--TR_HTML_TAG_NAME -> tr [2:3]
|       |   `--END -> > [2:5]
|       |--TEXT ->   [2:6]
|       |--SINGLETON_ELEMENT -> SINGLETON_ELEMENT [2:7]
|       |   `--WBR_TAG -> WBR_TAG [2:7]
|       |       |--START -> < [2:7]
|       |       |--WBR_HTML_TAG_NAME -> wbr [2:8]
|       |       `--END -> > [2:11]
|       |--TEXT ->   [2:12]
|       `--TR_TAG_END -> TR_TAG_END [2:13]
|           |--START -> < [2:13]
|           |--SLASH -> / [2:14]
|           |--TR_HTML_TAG_NAME -> tr [2:15]
|           `--END -> > [2:17]
|--NEWLINE -> \n [2:18]
|--LEADING_ASTERISK -> * [3:0]
|--TEXT ->   [3:1]
|--HTML_ELEMENT -> HTML_ELEMENT [3:2]
|   `--TD -> TD [3:2]
|       |--TD_TAG_START -> TD_TAG_START [3:2]
|       |   |--START -> < [3:2]
|       |   |--TD_HTML_TAG_NAME -> td [3:3]
|       |   `--END -> > [3:5]
|       |--TEXT ->   [3:6]
|       |--SINGLETON_ELEMENT -> SINGLETON_ELEMENT [3:7]
|       |   `--WBR_TAG -> WBR_TAG [3:7]
|       |       |--START -> < [3:7]
|       |       |--WBR_HTML_TAG_NAME -> wbr [3:8]
|       |       `--END -> > [3:11]
|       |--TEXT ->   [3:12]
|       `--TD_TAG_END -> TD_TAG_END [3:13]
|           |--START -> < [3:13]
|           |--SLASH -> / [3:14]
|           |--TD_HTML_TAG_NAME -> td [3:15]
|           `--END -> > [3:17]
|--NEWLINE -> \n [3:18]
|--LEADING_ASTERISK -> * [4:0]
|--TEXT ->   [4:1]
|--HTML_ELEMENT -> HTML_ELEMENT [4:2]
|   `--TH -> TH [4:2]
|       |--TH_TAG_START -> TH_TAG_START [4:2]
|       |   |--START -> < [4:2]
|       |   |--TH_HTML_TAG_NAME -> th [4:3]
|       |   `--END -> > [4:5]
|       |--TEXT ->   [4:6]
|       |--SINGLETON_ELEMENT -> SINGLETON_ELEMENT [4:7]
|       |   `--WBR_TAG -> WBR_TAG [4:7]
|       |       |--START -> < [4:7]
|       |       |--WBR_HTML_TAG_NAME -> wbr [4:8]
|       |       `--END -> > [4:11]
|       |--TEXT ->   [4:12]
|       `--TH_TAG_END -> TH_TAG_END [4:13]
|           |--START -> < [4:13]
|           |--SLASH -> / [4:14]
|           |--TH_HTML_TAG_NAME -> th [4:15]
|           `--END -> > [4:17]
|--NEWLINE -> \n [4:18]
|--LEADING_ASTERISK -> * [5:0]
|--TEXT ->   [5:1]
|--HTML_ELEMENT -> HTML_ELEMENT [5:2]
|   `--BODY -> BODY [5:2]
|       |--BODY_TAG_START -> BODY_TAG_START [5:2]
|       |   |--START -> < [5:2]
|       |   |--BODY_HTML_TAG_NAME -> body [5:3]
|       |   `--END -> > [5:7]
|       |--TEXT ->   [5:8]
|       |--SINGLETON_ELEMENT -> SINGLETON_ELEMENT [5:9]
|       |   `--WBR_TAG -> WBR_TAG [5:9]
|       |       |--START -> < [5:9]
|       |       |--WBR_HTML_TAG_NAME -> wbr [5:10]
|       |       `--END -> > [5:13]
|       |--TEXT ->   [5:14]
|       `--BODY_TAG_END -> BODY_TAG_END [5:15]
|           |--START -> < [5:15]
|           |--SLASH -> / [5:16]
|           |--BODY_HTML_TAG_NAME -> body [5:17]
|           `--END -> > [5:21]
|--NEWLINE -> \n [5:22]
|--LEADING_ASTERISK -> * [6:0]
|--TEXT ->   [6:1]
|--HTML_ELEMENT -> HTML_ELEMENT [6:2]
|   `--COLGROUP -> COLGROUP [6:2]
|       |--COLGROUP_TAG_START -> COLGROUP_TAG_START [6:2]
|       |   |--START -> < [6:2]
|       |   |--COLGROUP_HTML_TAG_NAME -> colgroup [6:3]
|       |   `--END -> > [6:11]
|       |--TEXT ->   [6:12]
|       |--SINGLETON_ELEMENT -> SINGLETON_ELEMENT [6:13]
|       |   `--WBR_TAG -> WBR_TAG [6:13]
|       |       |--START -> < [6:13]
|       |       |--WBR_HTML_TAG_NAME -> wbr [6:14]
|       |       `--END -> > [6:17]
|       |--TEXT ->   [6:18]
|       `--COLGROUP_TAG_END -> COLGROUP_TAG_END [6:19]
|           |--START -> < [6:19]
|           |--SLASH -> / [6:20]
|           |--COLGROUP_HTML_TAG_NAME -> colgroup [6:21]
|           `--END -> > [6:29]
|--NEWLINE -> \n [6:30]
|--LEADING_ASTERISK -> * [7:0]
|--TEXT ->   [7:1]
|--HTML_ELEMENT -> HTML_ELEMENT [7:2]
|   `--DD -> DD [7:2]
|       |--DD_TAG_START -> DD_TAG_START [7:2]
|       |   |--START -> < [7:2]
|       |   |--DD_HTML_TAG_NAME -> dd [7:3]
|       |   `--END -> > [7:5]
|       |--TEXT ->   [7:6]
|       |--SINGLETON_ELEMENT -> SINGLETON_ELEMENT [7:7]
|       |   `--WBR_TAG -> WBR_TAG [7:7]
|       |       |--START -> < [7:7]
|       |       |--WBR_HTML_TAG_NAME -> wbr [7:8]
|       |       `--END -> > [7:11]
|       |--TEXT ->   [7:12]
|       `--DD_TAG_END -> DD_TAG_END [7:13]
|           |--START -> < [7:13]
|           |--SLASH -> / [7:14]
|           |--DD_HTML_TAG_NAME -> dd [7:15]
|           `--END -> > [7:17]
|--NEWLINE -> \n [7:18]
|--LEADING_ASTERISK -> * [8:0]
|--TEXT ->   [8:1]
|--HTML_ELEMENT -> HTML_ELEMENT [8:2]
|   `--DT -> DT [8:2]
|       |--DT_TAG_START -> DT_TAG_START [8:2]
|       |   |--START -> < [8:2]
|       |   |--DT_HTML_TAG_NAME -> dt [8:3]
|       |   `--END -> > [8:5]
|       |--TEXT ->   [8:6]
|       |--SINGLETON_ELEMENT -> SINGLETON_ELEMENT [8:7]
|       |   `--WBR_TAG -> WBR_TAG [8:7]
|       |       |--START -> < [8:7]
|       |       |--WBR_HTML_TAG_NAME -> wbr [8:8]
|       |       `--END -> > [8:11]
|       |--TEXT ->   [8:12]
|       `--DT_TAG_END -> DT_TAG_END [8:13]
|           |--START -> < [8:13]
|           |--SLASH -> / [8:14]
|           |--DT_HTML_TAG_NAME -> dt [8:15]
|           `--END -> > [8:17]
|--NEWLINE -> \n [8:18]
|--LEADING_ASTERISK -> * [9:0]
|--TEXT ->   [9:1]
|--HTML_ELEMENT -> HTML_ELEMENT [9:2]
|   `--HEAD -> HEAD [9:2]
|       |--HEAD_TAG_START -> HEAD_TAG_START [9:2]
|       |   |--START -> < [9:2]
|       |   |--HEAD_HTML_TAG_NAME -> head [9:3]
|       |   `--END -> > [9:7]
|       |--TEXT ->   [9:8]
|       |--SINGLETON_ELEMENT -> SINGLETON_ELEMENT [9:9]
|       |   `--WBR_TAG -> WBR_TAG [9:9]
|       |       |--START -> < [9:9]
|       |       |--WBR_HTML_TAG_NAME -> wbr [9:10]
|       |       `--END -> > [9:13]
|       |--TEXT ->   [9:14]
|       `--HEAD_TAG_END -> HEAD_TAG_END [9:15]
|           |--START -> < [9:15]
|           |--SLASH -> / [9:16]
|           |--HEAD_HTML_TAG_NAME -> head [9:17]
|           `--END -> > [9:21]
|--NEWLINE -> \n [9:22]
|--LEADING_ASTERISK -> * [10:0]
|--TEXT ->   [10:1]
|--HTML_ELEMENT -> HTML_ELEMENT [10:2]
|   `--HTML -> HTML [10:2]
|       |--HTML_TAG_START -> HTML_TAG_START [10:2]
|       |   |--START -> < [10:2]
|       |   |--HTML_HTML_TAG_NAME -> html [10:3]
|       |   `--END -> > [10:7]
|       |--TEXT ->   [10:8]
|       |--SINGLETON_ELEMENT -> SINGLETON_ELEMENT [10:9]
|       |   `--WBR_TAG -> WBR_TAG [10:9]
|       |       |--START -> < [10:9]
|       |       |--WBR_HTML_TAG_NAME -> wbr [10:10]
|       |       `--END -> > [10:13]
|       |--TEXT ->   [10:14]
|       `--HTML_TAG_END -> HTML_TAG_END [10:15]
|           |--START -> < [10:15]
|           |--SLASH -> / [10:16]
|           |--HTML_HTML_TAG_NAME -> html [10:17]
|           `--END -> > [10:21]
|--NEWLINE -> \n [10:22]
|--LEADING_ASTERISK -> * [11:0]
|--TEXT ->   [11:1]
|--HTML_ELEMENT -> HTML_ELEMENT [11:2]
|   `--OPTION -> OPTION [11:2]
|       |--OPTION_TAG_START -> OPTION_TAG_START [11:2]
|       |   |--START -> < [11:2]
|       |   |--OPTION_HTML_TAG_NAME -> option [11:3]
|       |   `--END -> > [11:9]
|       |--TEXT ->   [11:10]
|       |--SINGLETON_ELEMENT -> SINGLETON_ELEMENT [11:11]
|       |   `--WBR_TAG -> WBR_TAG [11:11]
|       |       |--START -> < [11:11]
|       |       |--WBR_HTML_TAG_NAME -> wbr [11:12]
|       |       `--END -> > [11:15]
|       |--TEXT ->   [11:16]
|       `--OPTION_TAG_END -> OPTION_TAG_END [11:17]
|           |--START -> < [11:17]
|           |--SLASH -> / [11:18]
|           |--OPTION_HTML_TAG_NAME -> option [11:19]
|           `--END -> > [11:25]
|--NEWLINE -> \n [11:26]
|--LEADING_ASTERISK -> * [12:0]
|--TEXT ->   [12:1]
|--HTML_ELEMENT -> HTML_ELEMENT [12:2]
|   `--TBODY -> TBODY [12:2]
|       |--TBODY_TAG_START -> TBODY_TAG_START [12:2]
|       |   |--START -> < [12:2]
|       |   |--TBODY_HTML_TAG_NAME -> tbody [12:3]
|       |   `--END -> > [12:8]
|       |--TEXT ->   [12:9]
|       |--SINGLETON_ELEMENT -> SINGLETON_ELEMENT [12:10]
|       |   `--WBR_TAG -> WBR_TAG [12:10]
|       |       |--START -> < [12:10]
|       |       |--WBR_HTML_TAG_NAME -> wbr [12:11]
|       |       `--END -> > [12:14]
|       |--TEXT ->   [12:15]
|       `--TBODY_TAG_END -> TBODY_TAG_END [12:16]
|           |--START -> < [12:16]
|           |--SLASH -> / [12:17]
|           |--TBODY_HTML_TAG_NAME -> tbody [12:18]
|           `--END -> > [12:23]
|--NEWLINE -> \n [12:24]
|--LEADING_ASTERISK -> * [13:0]
|--TEXT ->   [13:1]
|--HTML_ELEMENT -> HTML_ELEMENT [13:2]
|   `--THEAD -> THEAD [13:2]
|       |--THEAD_TAG_START -> THEAD_TAG_START [13:2]
|       |   |--START -> < [13:2]
|       |   |--THEAD_HTML_TAG_NAME -> thead [13:3]
|       |   `--END -> > [13:8]
|       |--TEXT ->   [13:9]
|       |--SINGLETON_ELEMENT -> SINGLETON_ELEMENT [13:10]
|       |   `--WBR_TAG -> WBR_TAG [13:10]
|       |       |--START -> < [13:10]
|       |       |--WBR_HTML_TAG_NAME -> wbr [13:11]
|       |       `--END -> > [13:14]
|       |--TEXT ->   [13:15]
|       `--THEAD_TAG_END -> THEAD_TAG_END [13:16]
|           |--START -> < [13:16]
|           |--SLASH -> / [13:17]
|           |--THEAD_HTML_TAG_NAME -> thead [13:18]
|           `--END -> > [13:23]
|--NEWLINE -> \n [13:24]
|--LEADING_ASTERISK -> * [14:0]
|--TEXT ->   [14:1]
|--HTML_ELEMENT -> HTML_ELEMENT [14:2]
|   `--TFOOT -> TFOOT [14:2]
|       |--TFOOT_TAG_START -> TFOOT_TAG_START [14:2]
|       |   |--START -> < [14:2]
|       |   |--TFOOT_HTML_TAG_NAME -> tfoot [14:3]
|       |   `--END -> > [14:8]
|       |--TEXT ->   [14:9]
|       |--SINGLETON_ELEMENT -> SINGLETON_ELEMENT [14:10]
|       |   `--WBR_TAG -> WBR_TAG [14:10]
|       |       |--START -> < [14:10]
|       |       |--WBR_HTML_TAG_NAME -> wbr [14:11]
|       |       `--END -> > [14:14]
|       |--TEXT ->   [14:15]
|       `--TFOOT_TAG_END -> TFOOT_TAG_END [14:16]
|           |--START -> < [14:16]
|           |--SLASH -> / [14:17]
|           |--TFOOT_HTML_TAG_NAME -> tfoot [14:18]
|           `--END -> > [14:23]
|--NEWLINE -> \n [14:24]
|--NEWLINE -> \n [15:0]
|--LEADING_ASTERISK -> * [16:0]
|--TEXT ->   [16:1]
|--HTML_ELEMENT -> HTML_ELEMENT [16:2]
|   `--PARAGRAPH -> PARAGRAPH [16:2]
|       |--P_TAG_START -> P_TAG_START [16:2]
|       |   |--START -> < [16:2]
|       |   |--P_HTML_TAG_NAME -> p [16:3]
|       |   `--END -> > [16:4]
|       |--TEXT ->   [16:5]
|       |--SINGLETON_ELEMENT -> SINGLETON_ELEMENT [16:6]
|       |   `--WBR_TAG -> WBR_TAG [16:6]
|       |       |--START -> < [16:6]
|       |       |--WBR_HTML_TAG_NAME -> wbr [16:7]
|       |       `--SLASH_END -> /> [16:10]
|       |--TEXT ->   [16:12]
|       `--P_TAG_END -> P_TAG_END [16:13]
|           |--START -> < [16:13]
|           |--SLASH -> / [16:14]
|           |--P_HTML_TAG_NAME -> p [16:15]
|           `--END -> > [16:16]
|--NEWLINE -> \n [16:17]
|--LEADING_ASTERISK -> * [17:0]
|--TEXT ->   [17:1]
|--HTML_ELEMENT -> HTML_ELEMENT [17:2]
|   `--LI -> LI [17:2]
|       |--LI_TAG_START -> LI_TAG_START [17:2]
|       |   |--START -> < [17:2]
|       |   |--LI_HTML_TAG_NAME -> li [17:3]
|       |   `--END -> > [17:5]
|       |--TEXT ->   [17:6]
|       |--SINGLETON_ELEMENT -> SINGLETON_ELEMENT [17:7]
|       |   `--WBR_TAG -> WBR_TAG [17:7]
|       |       |--START -> < [17:7]
|       |       |--WBR_HTML_TAG_NAME -> wbr [17:8]
|       |       `--SLASH_END -> /> [17:11]
|       |--TEXT ->   [17:13]
|       `--LI_TAG_END -> LI_TAG_END [17:14]
|           |--START -> < [17:14]
|           |--SLASH -> / [17:15]
|           |--LI_HTML_TAG_NAME -> li [17:16]
|           `--END -> > [17:18]
|--NEWLINE -> \n [17:19]
|--LEADING_ASTERISK -> * [18:0]
|--TEXT ->   [18:1]
|--HTML_ELEMENT -> HTML_ELEMENT [18:2]
|   `--TR -> TR [18:2]
|       |--TR_TAG_START -> TR_TAG_START [18:2]
|       |   |--START -> < [18:2]
|       |   |--TR_HTML_TAG_NAME -> tr [18:3]
|       |   `--END -> > [18:5]
|       |--TEXT ->   [18:6]
|       |--SINGLETON_ELEMENT -> SINGLETON_ELEMENT [18:7]
|       |   `--WBR_TAG -> WBR_TAG [18:7]
|       |       |--START -> < [18:7]
|       |       |--WBR_HTML_TAG_NAME -> wbr [18:8]
|       |       `--SLASH_END -> /> [18:11]
|       |--TEXT ->   [18:13]
|       `--TR_TAG_END -> TR_TAG_END [18:14]
|           |--START -> < [18:14]
|           |--SLASH -> / [18:15]
|           |--TR_HTML_TAG_NAME -> tr [18:16]
|           `--END -> > [18:18]
|--NEWLINE -> \n [18:19]
|--LEADING_ASTERISK -> * [19:0]
|--TEXT ->   [19:1]
|--HTML_ELEMENT -> HTML_ELEMENT [19:2]
|   `--TD -> TD [19:2]
|       |--TD_TAG_START -> TD_TAG_START [19:2]
|       |   |--START -> < [19:2]
|       |   |--TD_HTML_TAG_NAME -> td [19:3]
|       |   `--END -> > [19:5]
|       |--TEXT ->   [19:6]
|       |--SINGLETON_ELEMENT -> SINGLETON_ELEMENT [19:7]
|       |   `--WBR_TAG -> WBR_TAG [19:7]
|       |       |--START -> < [19:7]
|       |       |--WBR_HTML_TAG_NAME -> wbr [19:8]
|       |       `--SLASH_END -> /> [19:11]
|       |--TEXT ->   [19:13]
|       `--TD_TAG_END -> TD_TAG_END [19:14]
|           |--START -> < [19:14]
|           |--SLASH -> / [19:15]
|           |--TD_HTML_TAG_NAME -> td [19:16]
|           `--END -> > [19:18]
|--NEWLINE -> \n [19:19]
|--LEADING_ASTERISK -> * [20:0]
|--TEXT ->   [20:1]
|--HTML_ELEMENT -> HTML_ELEMENT [20:2]
|   `--TH -> TH [20:2]
|       |--TH_TAG_START -> TH_TAG_START [20:2]
|       |   |--START -> < [20:2]
|       |   |--TH_HTML_TAG_NAME -> th [20:3]
|       |   `--END -> > [20:5]
|       |--TEXT ->   [20:6]
|       |--SINGLETON_ELEMENT -> SINGLETON_ELEMENT [20:7]
|       |   `--WBR_TAG -> WBR_TAG [20:7]
|       |       |--START -> < [20:7]
|       |       |--WBR_HTML_TAG_NAME -> wbr [20:8]
|       |       `--SLASH_END -> /> [20:11]
|       |--TEXT ->   [20:13]
|       `--TH_TAG_END -> TH_TAG_END [20:14]
|           |--START -> < [20:14]
|           |--SLASH -> / [20:15]
|           |--TH_HTML_TAG_NAME -> th [20:16]
|           `--END -> > [20:18]
|--NEWLINE -> \n [20:19]
|--LEADING_ASTERISK -> * [21:0]
|--TEXT ->   [21:1]
|--HTML_ELEMENT -> HTML_ELEMENT [21:2]
|   `--BODY -> BODY [21:2]
|       |--BODY_TAG_START -> BODY_TAG_START [21:2]
|       |   |--START -> < [21:2]
|       |   |--BODY_HTML_TAG_NAME -> body [21:3]
|       |   `--END -> > [21:7]
|       |--TEXT ->   [21:8]
|       |--SINGLETON_ELEMENT -> SINGLETON_ELEMENT [21:9]
|       |   `--WBR_TAG -> WBR_TAG [21:9]
|       |       |--START -> < [21:9]
|       |       |--WBR_HTML_TAG_NAME -> wbr [21:10]
|       |       `--SLASH_END -> /> [21:13]
|       |--TEXT ->   [21:15]
|       `--BODY_TAG_END -> BODY_TAG_END [21:16]
|           |--START -> < [21:16]
|           |--SLASH -> / [21:17]
|           |--BODY_HTML_TAG_NAME -> body [21:18]
|           `--END -> > [21:22]
|--NEWLINE -> \n [21:23]
|--LEADING_ASTERISK -> * [22:0]
|--TEXT ->   [22:1]
|--HTML_ELEMENT -> HTML_ELEMENT [22:2]
|   `--COLGROUP -> COLGROUP [22:2]
|       |--COLGROUP_TAG_START -> COLGROUP_TAG_START [22:2]
|       |   |--START -> < [22:2]
|       |   |--COLGROUP_HTML_TAG_NAME -> colgroup [22:3]
|       |   `--END -> > [22:11]
|       |--TEXT ->   [22:12]
|       |--SINGLETON_ELEMENT -> SINGLETON_ELEMENT [22:13]
|       |   `--WBR_TAG -> WBR_TAG [22:13]
|       |       |--START -> < [22:13]
|       |       |--WBR_HTML_TAG_NAME -> wbr [22:14]
|       |       `--SLASH_END -> /> [22:17]
|       |--TEXT ->   [22:19]
|       `--COLGROUP_TAG_END -> COLGROUP_TAG_END [22:20]
|           |--START -> < [22:20]
|           |--SLASH -> / [22:21]
|           |--COLGROUP_HTML_TAG_NAME -> colgroup [22:22]
|           `--END -> > [22:30]
|--NEWLINE -> \n [22:31]
|--LEADING_ASTERISK -> * [23:0]
|--TEXT ->   [23:1]
|--HTML_ELEMENT -> HTML_ELEMENT [23:2]
|   `--DD -> DD [23:2]
|       |--DD_TAG_START -> DD_TAG_START [23:2]
|       |   |--START -> < [23:2]
|       |   |--DD_HTML_TAG_NAME -> dd [23:3]
|       |   `--END -> > [23:5]
|       |--TEXT ->   [23:6]
|       |--SINGLETON_ELEMENT -> SINGLETON_ELEMENT [23:7]
|       |   `--WBR_TAG -> WBR_TAG [23:7]
|       |       |--START -> < [23:7]
|       |       |--WBR_HTML_TAG_NAME -> wbr [23:8]
|       |       `--SLASH_END -> /> [23:11]
|       |--TEXT ->   [23:13]
|       `--DD_TAG_END -> DD_TAG_END [23:14]
|           |--START -> < [23:14]
|           |--SLASH -> / [23:15]
|           |--DD_HTML_TAG_NAME -> dd [23:16]
|           `--END -> > [23:18]
|--NEWLINE -> \n [23:19]
|--LEADING_ASTERISK -> * [24:0]
|--TEXT ->   [24:1]
|--HTML_ELEMENT -> HTML_ELEMENT [24:2]
|   `--DT -> DT [24:2]
|       |--DT_TAG_START -> DT_TAG_START [24:2]
|       |   |--START -> < [24:2]
|       |   |--DT_HTML_TAG_NAME -> dt [24:3]
|       |   `--END -> > [24:5]
|       |--TEXT ->   [24:6]
|       |--SINGLETON_ELEMENT -> SINGLETON_ELEMENT [24:7]
|       |   `--WBR_TAG -> WBR_TAG [24:7]
|       |       |--START -> < [24:7]
|       |       |--WBR_HTML_TAG_NAME -> wbr [24:8]
|       |       `--SLASH_END -> /> [24:11]
|       |--TEXT ->   [24:13]
|       `--DT_TAG_END -> DT_TAG_END [24:14]
|           |--START -> < [24:14]
|           |--SLASH -> / [24:15]
|           |--DT_HTML_TAG_NAME -> dt [24:16]
|           `--END -> > [24:18]
|--NEWLINE -> \n [24:19]
|--LEADING_ASTERISK -> * [25:0]
|--TEXT ->   [25:1]
|--HTML_ELEMENT -> HTML_ELEMENT [25:2]
|   `--HEAD -> HEAD [25:2]
|       |--HEAD_TAG_START -> HEAD_TAG_START [25:2]
|       |   |--START -> < [25:2]
|       |   |--HEAD_HTML_TAG_NAME -> head [25:3]
|       |   `--END -> > [25:7]
|       |--TEXT ->   [25:8]
|       |--SINGLETON_ELEMENT -> SINGLETON_ELEMENT [25:9]
|       |   `--WBR_TAG -> WBR_TAG [25:9]
|       |       |--START -> < [25:9]
|       |       |--WBR_HTML_TAG_NAME -> wbr [25:10]
|       |       `--SLASH_END -> /> [25:13]
|       |--TEXT ->   [25:15]
|       `--HEAD_TAG_END -> HEAD_TAG_END [25:16]
|           |--START -> < [25:16]
|           |--SLASH -> / [25:17]
|           |--HEAD_HTML_TAG_NAME -> head [25:18]
|           `--END -> > [25:22]
|--NEWLINE -> \n [25:23]
|--LEADING_ASTERISK -> * [26:0]
|--TEXT ->   [26:1]
|--HTML_ELEMENT -> HTML_ELEMENT [26:2]
|   `--HTML -> HTML [26:2]
|       |--HTML_TAG_START -> HTML_TAG_START [26:2]
|       |   |--START -> < [26:2]
|       |   |--HTML_HTML_TAG_NAME -> html [26:3]
|       |   `--END -> > [26:7]
|       |--TEXT ->   [26:8]
|       |--SINGLETON_ELEMENT -> SINGLETON_ELEMENT [26:9]
|       |   `--WBR_TAG -> WBR_TAG [26:9]
|       |       |--START -> < [26:9]
|       |       |--WBR_HTML_TAG_NAME -> wbr [26:10]
|       |       `--SLASH_END -> /> [26:13]
|       |--TEXT ->   [26:15]
|       `--HTML_TAG_END -> HTML_TAG_END [26:16]
|           |--START -> < [26:16]
|           |--SLASH -> / [26:17]
|           |--HTML_HTML_TAG_NAME -> html [26:18]
|           `--END -> > [26:22]
|--NEWLINE -> \n [26:23]
|--LEADING_ASTERISK -> * [27:0]
|--TEXT ->   [27:1]
|--HTML_ELEMENT -> HTML_ELEMENT [27:2]
|   `--OPTION -> OPTION [27:2]
|       |--OPTION_TAG_START -> OPTION_TAG_START [27:2]
|       |   |--START -> < [27:2]
|       |   |--OPTION_HTML_TAG_NAME -> option [27:3]
|       |   `--END -> > [27:9]
|       |--TEXT ->   [27:10]
|       |--SINGLETON_ELEMENT -> SINGLETON_ELEMENT [27:11]
|       |   `--WBR_TAG -> WBR_TAG [27:11]
|       |       |--START -> < [27:11]
|       |       |--WBR_HTML_TAG_NAME -> wbr [27:12]
|       |       `--SLASH_END -> /> [27:15]
|       |--TEXT ->   [27:17]
|       `--OPTION_TAG_END -> OPTION_TAG_END [27:18]
|           |--START -> < [27:18]
|           |--SLASH -> / [27:19]
|           |--OPTION_HTML_TAG_NAME -> option [27:20]
|           `--END -> > [27:26]
|--NEWLINE -> \n [27:27]
|--LEADING_ASTERISK -> * [28:0]
|--TEXT ->   [28:1]
|--HTML_ELEMENT -> HTML_ELEMENT [28:2]
|   `--TBODY -> TBODY [28:2]
|       |--TBODY_TAG_START -> TBODY_TAG_START [28:2]
|       |   |--START -> < [28:2]
|       |   |--TBODY_HTML_TAG_NAME -> tbody [28:3]
|       |   `--END -> > [28:8]
|       |--TEXT ->   [28:9]
|       |--SINGLETON_ELEMENT -> SINGLETON_ELEMENT [28:10]
|       |   `--WBR_TAG -> WBR_TAG [28:10]
|       |       |--START -> < [28:10]
|       |       |--WBR_HTML_TAG_NAME -> wbr [28:11]
|       |       `--SLASH_END -> /> [28:14]
|       |--TEXT ->   [28:16]
|       `--TBODY_TAG_END -> TBODY_TAG_END [28:17]
|           |--START -> < [28:17]
|           |--SLASH -> / [28:18]
|           |--TBODY_HTML_TAG_NAME -> tbody [28:19]
|           `--END -> > [28:24]
|--NEWLINE -> \n [28:25]
|--LEADING_ASTERISK -> * [29:0]
|--TEXT ->   [29:1]
|--HTML_ELEMENT -> HTML_ELEMENT [29:2]
|   `--THEAD -> THEAD [29:2]
|       |--THEAD_TAG_START -> THEAD_TAG_START [29:2]
|       |   |--START -> < [29:2]
|       |   |--THEAD_HTML_TAG_NAME -> thead [29:3]
|       |   `--END -> > [29:8]
|       |--TEXT ->   [29:9]
|       |--SINGLETON_ELEMENT -> SINGLETON_ELEMENT [29:10]
|       |   `--WBR_TAG -> WBR_TAG [29:10]
|       |       |--START -> < [29:10]
|       |       |--WBR_HTML_TAG_NAME -> wbr [29:11]
|       |       `--SLASH_END -> /> [29:14]
|       |--TEXT ->   [29:16]
|       `--THEAD_TAG_END -> THEAD_TAG_END [29:17]
|           |--START -> < [29:17]
|           |--SLASH -> / [29:18]
|           |--THEAD_HTML_TAG_NAME -> thead [29:19]
|           `--END -> > [29:24]
|--NEWLINE -> \n [29:25]
|--LEADING_ASTERISK -> * [30:0]
|--TEXT ->   [30:1]
|--HTML_ELEMENT -> HTML_ELEMENT [30:2]
|   `--TFOOT -> TFOOT [30:2]
|       |--TFOOT_TAG_START -> TFOOT_TAG_START [30:2]
|       |   |--START -> < [30:2]
|       |   |--TFOOT_HTML_TAG_NAME -> tfoot [30:3]
|       |   `--END -> > [30:8]
|       |--TEXT ->   [30:9]
|       |--SINGLETON_ELEMENT -> SINGLETON_ELEMENT [30:10]
|       |   `--WBR_TAG -> WBR_TAG [30:10]
|       |       |--START -> < [30:10]
|       |       |--WBR_HTML_TAG_NAME -> wbr [30:11]
|       |       `--SLASH_END -> /> [30:14]
|       |--TEXT ->   [30:16]
|       `--TFOOT_TAG_END -> TFOOT_TAG_END [30:17]
|           |--START -> < [30:17]
|           |--SLASH -> / [30:18]
|           |--TFOOT_HTML_TAG_NAME -> tfoot [30:19]
|           `--END -> > [30:24]
|--NEWLINE -> \n [30:25]
|--NEWLINE -> \n [31:0]
|--LEADING_ASTERISK -> * [32:0]
|--TEXT ->   [32:1]
|--HTML_ELEMENT -> HTML_ELEMENT [32:2]
|   `--SINGLETON_ELEMENT -> SINGLETON_ELEMENT [32:2]
|       `--WBR_TAG -> WBR_TAG [32:2]
|           |--START -> < [32:2]
|           |--WBR_HTML_TAG_NAME -> wbr [32:3]
|           `--END -> > [32:6]
|--NEWLINE -> \n [32:7]
|--LEADING_ASTERISK -> * [33:0]
|--TEXT ->   [33:1]
|--HTML_ELEMENT -> HTML_ELEMENT [33:2]
|   `--SINGLETON_ELEMENT -> SINGLETON_ELEMENT [33:2]
|       `--WBR_TAG -> WBR_TAG [33:2]
|           |--START -> < [33:2]
|           |--WBR_HTML_TAG_NAME -> wbr [33:3]
|           `--SLASH_END -> /> [33:6]
|--NEWLINE -> \n [33:8]
|--LEADING_ASTERISK -> * [34:0]
|--TEXT ->   [34:1]
|--HTML_ELEMENT -> HTML_ELEMENT [34:2]
|   `--SINGLETON_ELEMENT -> SINGLETON_ELEMENT [34:2]
|       `--WBR_TAG -> WBR_TAG [34:2]
|           |--START -> < [34:2]
|           |--WBR_HTML_TAG_NAME -> wbr [34:3]
|           |--WS ->   [34:6]
|           |--ATTRIBUTE -> ATTRIBUTE [34:7]
|           |   |--HTML_TAG_NAME -> attr [34:7]
|           |   |--EQUALS -> = [34:11]
|           |   `--ATTR_VALUE -> "something" [34:12]
|           `--END -> > [34:24]
|--NEWLINE -> \n [34:25]
|--LEADING_ASTERISK -> * [35:0]
|--TEXT ->   [35:1]
|--HTML_ELEMENT -> HTML_ELEMENT [35:2]
|   `--SINGLETON_ELEMENT -> SINGLETON_ELEMENT [35:2]
|       `--WBR_TAG -> WBR_TAG [35:2]
|           |--START -> < [35:2]
|           |--WBR_HTML_TAG_NAME -> wbr [35:3]
|           |--WS ->   [35:6]
|           |--ATTRIBUTE -> ATTRIBUTE [35:7]
|           |   |--HTML_TAG_NAME -> attr [35:7]
|           |   |--EQUALS -> = [35:11]
|           |   `--ATTR_VALUE -> "something" [35:12]
|           `--SLASH_END -> /> [35:24]
|--NEWLINE -> \n [35:26]
|--LEADING_ASTERISK -> * [36:0]
|--TEXT ->   [36:1]
|--HTML_ELEMENT -> HTML_ELEMENT [36:2]
|   `--SINGLETON_ELEMENT -> SINGLETON_ELEMENT [36:2]
|       `--WBR_TAG -> WBR_TAG [36:2]
|           |--START -> < [36:2]
|           |--WBR_HTML_TAG_NAME -> wbr [36:3]
|           |--WS ->   [36:6]
|           |--ATTRIBUTE -> ATTRIBUTE [36:7]
|           |   |--HTML_TAG_NAME -> attr [36:7]
|           |   |--EQUALS -> = [36:11]
|           |   `--ATTR_VALUE -> "something" [36:12]
|           |--WS ->   [36:24]
|           |--ATTRIBUTE -> ATTRIBUTE [36:25]
|           |   |--HTML_TAG_NAME -> attr2 [36:25]
|           |   |--EQUALS -> = [36:30]
|           |   `--ATTR_VALUE -> "someotherthing" [36:31]
|           `--END -> > [36:48]
|--NEWLINE -> \n [36:49]
|--LEADING_ASTERISK -> * [37:0]
|--TEXT ->   [37:1]
|--HTML_ELEMENT -> HTML_ELEMENT [37:2]
|   `--SINGLETON_ELEMENT -> SINGLETON_ELEMENT [37:2]
|       `--WBR_TAG -> WBR_TAG [37:2]
|           |--START -> < [37:2]
|           |--WBR_HTML_TAG_NAME -> wbr [37:3]
|           |--WS ->   [37:6]
|           |--ATTRIBUTE -> ATTRIBUTE [37:7]
|           |   |--HTML_TAG_NAME -> attr [37:7]
|           |   |--EQUALS -> = [37:11]
|           |   `--ATTR_VALUE -> "something" [37:12]
|           |--WS ->   [37:24]
|           |--ATTRIBUTE -> ATTRIBUTE [37:25]
|           |   |--HTML_TAG_NAME -> attr2 [37:25]
|           |   |--EQUALS -> = [37:30]
|           |   `--ATTR_VALUE -> "someotherthing" [37:31]
|           `--SLASH_END -> /> [37:48]
|--NEWLINE -> \n [37:50]
|--LEADING_ASTERISK -> * [38:0]
|--TEXT ->   [38:1]
|--HTML_ELEMENT -> HTML_ELEMENT [38:2]
|   `--SINGLETON_ELEMENT -> SINGLETON_ELEMENT [38:2]
|       `--WBR_TAG -> WBR_TAG [38:2]
|           |--START -> < [38:2]
|           |--WBR_HTML_TAG_NAME -> wbr [38:3]
|           |--WS ->   [38:6]
|           |--ATTRIBUTE -> ATTRIBUTE [38:7]
|           |   |--HTML_TAG_NAME -> attr [38:7]
|           |   |--EQUALS -> = [38:11]
|           |   `--ATTR_VALUE -> "something" [38:12]
|           |--WS ->   [38:24]
|           |--NEWLINE -> \n [38:25]
|           |--LEADING_ASTERISK -> * [39:0]
|           |--WS ->   [39:1]
|           |--ATTRIBUTE -> ATTRIBUTE [39:2]
|           |   |--HTML_TAG_NAME -> attr2 [39:2]
|           |   |--EQUALS -> = [39:7]
|           |   `--ATTR_VALUE -> "someotherting" [39:8]
|           `--END -> > [39:24]
|--NEWLINE -> \n [39:25]
|--LEADING_ASTERISK -> * [40:0]
|--TEXT ->   [40:1]
|--HTML_ELEMENT -> HTML_ELEMENT [40:2]
|   `--SINGLETON_ELEMENT -> SINGLETON_ELEMENT [40:2]
|       `--WBR_TAG -> WBR_TAG [40:2]
|           |--START -> < [40:2]
|           |--WBR_HTML_TAG_NAME -> wbr [40:3]
|           |--WS ->   [40:6]
|           |--ATTRIBUTE -> ATTRIBUTE [40:7]
|           |   |--HTML_TAG_NAME -> attr [40:7]
|           |   |--EQUALS -> = [40:11]
|           |   `--ATTR_VALUE -> "something" [40:12]
|           |--WS ->   [40:24]
|           |--NEWLINE -> \n [40:25]
|           |--LEADING_ASTERISK -> * [41:0]
|           |--WS ->   [41:1]
|           |--ATTRIBUTE -> ATTRIBUTE [41:2]
|           |   |--HTML_TAG_NAME -> attr2 [41:2]
|           |   |--EQUALS -> = [41:7]
|           |   `--ATTR_VALUE -> "someotherting" [41:8]
|           `--SLASH_END -> /> [41:24]
`--EOF -> <EOF> [41:26]]
>
	at com.puppycrawl.tools.checkstyle.grammar.javadoc.JavadocParseTreeTest.testHtmlVoidElementWbr(JavadocParseTreeTest.java:308)
]]></failure>
  </testcase>
  <testcase name="mixedCaseOfHtmlTags" classname="com.puppycrawl.tools.checkstyle.grammar.javadoc.JavadocParseTreeTest" time="0.016">
    <failure message="Generated tree from the javadoc file should match the pre-defined tree expected:&lt;...DOC -&gt; JAVADOC [0:0][&#10;|--HTML_ELEMENT -&gt; HTML_ELEMENT [0:0]&#10;|   `--PARAGRAPH -&gt; PARAGRAPH [0:0]&#10;|       |--P_TAG_START -&gt; P_TAG_START [0:0]&#10;|       |   |--START -&gt; &lt; [0:0]&#10;|       |   |--P_HTML_TAG_NAME -&gt; P [0:1]&#10;|       |   `--END -&gt; &gt; [0:2]&#10;|       |--NEWLINE -&gt; \n [0:3]&#10;|       |--SINGLETON_ELEMENT -&gt; SINGLETON_ELEMENT [1:0]&#10;|       |   `--BR_TAG -&gt; BR_TAG [1:0]&#10;|       |       |--START -&gt; &lt; [1:0]&#10;|       |       |--BR_HTML_TAG_NAME -&gt; br [1:1]&#10;|       |       `--END -&gt; &gt; [1:3]&#10;|       |--NEWLINE -&gt; \n [1:4]&#10;|       |--SINGLETON_ELEMENT -&gt; SINGLETON_ELEMENT [2:0]&#10;|       |   `--BR_TAG -&gt; BR_TAG [2:0]&#10;|       |       |--START -&gt; &lt; [2:0]&#10;|       |       |--BR_HTML_TAG_NAME -&gt; br [2:1]&#10;|       |       `--SLASH_END -&gt; /&gt; [2:3]&#10;|       |--NEWLINE -&gt; \n [2:5]&#10;|       |--SINGLETON_ELEMENT -&gt; SINGLETON_ELEMENT [3:0]&#10;|       |   `--BR_TAG -&gt; BR_TAG [3:0]&#10;|       |       |--START -&gt; &lt; [3:0]&#10;|       |       |--BR_HTML_TAG_NAME -&gt; BR [3:1]&#10;|       |       `--END -&gt; &gt; [3:3]&#10;|       |--NEWLINE -&gt; \n [3:4]&#10;|       |--SINGLETON_ELEMENT -&gt; SINGLETON_ELEMENT [4:0]&#10;|       |   `--BR_TAG -&gt; BR_TAG [4:0]&#10;|       |       |--START -&gt; &lt; [4:0]&#10;|       |       |--BR_HTML_TAG_NAME -&gt; BR [4:1]&#10;|       |       `--SLASH_END -&gt; /&gt; [4:3]&#10;|       |--NEWLINE -&gt; \n [4:5]&#10;|       |--HTML_TAG -&gt; HTML_TAG [5:0]&#10;|       |   |--HTML_ELEMENT_START -&gt; HTML_ELEMENT_START [5:0]&#10;|       |   |   |--START -&gt; &lt; [5:0]&#10;|       |   |   |--HTML_TAG_NAME -&gt; TABLE [5:1]&#10;|       |   |   `--END -&gt; &gt; [5:6]&#10;|       |   |--NEWLINE -&gt; \n [5:7]&#10;|       |   |--TEXT -&gt; \t [6:0]&#10;|       |   |--HTML_ELEMENT -&gt; HTML_ELEMENT [6:1]&#10;|       |   |   `--TR -&gt; TR [6:1]&#10;|       |   |       |--TR_TAG_START -&gt; TR_TAG_START [6:1]&#10;|       |   |       |   |--START -&gt; &lt; [6:1]&#10;|       |   |       |   |--TR_HTML_TAG_NAME -&gt; tr [6:2]&#10;|       |   |       |   `--END -&gt; &gt; [6:4]&#10;|       |   |       `--TR_TAG_END -&gt; TR_TAG_END [6:5]&#10;|       |   |           |--START -&gt; &lt; [6:5]&#10;|       |   |           |--SLASH -&gt; / [6:6]&#10;|       |   |           |--TR_HTML_TAG_NAME -&gt; TR [6:7]&#10;|       |   |           `--END -&gt; &gt; [6:9]&#10;|       |   |--NEWLINE -&gt; \n [6:10]&#10;|       |   |--TEXT -&gt; \t [7:0]&#10;|       |   |--HTML_ELEMENT -&gt; HTML_ELEMENT [7:1]&#10;|       |   |   `--TR -&gt; TR [7:1]&#10;|       |   |       |--TR_TAG_START -&gt; TR_TAG_START [7:1]&#10;|       |   |       |   |--START -&gt; &lt; [7:1]&#10;|       |   |       |   |--TR_HTML_TAG_NAME -&gt; TR [7:2]&#10;|       |   |       |   `--END -&gt; &gt; [7:4]&#10;|       |   |       `--TR_TAG_END -&gt; TR_TAG_END [7:5]&#10;|       |   |           |--START -&gt; &lt; [7:5]&#10;|       |   |           |--SLASH -&gt; / [7:6]&#10;|       |   |           |--TR_HTML_TAG_NAME -&gt; tr [7:7]&#10;|       |   |           `--END -&gt; &gt; [7:9]&#10;|       |   |--NEWLINE -&gt; \n [7:10]&#10;|       |   `--HTML_ELEMENT_END -&gt; HTML_ELEMENT_END [8:0]&#10;|       |       |--START -&gt; &lt; [8:0]&#10;|       |       |--SLASH -&gt; / [8:1]&#10;|       |       |--HTML_TAG_NAME -&gt; table [8:2]&#10;|       |       `--END -&gt; &gt; [8:7]&#10;|       |--NEWLINE -&gt; \n [8:8]&#10;|       `--P_TAG_END -&gt; P_TAG_END [9:0]&#10;|           |--START -&gt; &lt; [9:0]&#10;|           |--SLASH -&gt; / [9:1]&#10;|           |--P_HTML_TAG_NAME -&gt; p [9:2]&#10;|           `--END -&gt; &gt; [9:3]&#10;`--EOF -&gt; &lt;EOF&gt; [9:4]]&#10;&gt; but was:&lt;...DOC -&gt; JAVADOC [0:0][&#10;|--HTML_ELEMENT -&gt; HTML_ELEMENT [0:0]&#10;|   `--PARAGRAPH -&gt; PARAGRAPH [0:0]&#10;|       |--P_TAG_START -&gt; P_TAG_START [0:0]&#10;|       |   |--START -&gt; &lt; [0:0]&#10;|       |   |--P_HTML_TAG_NAME -&gt; P [0:1]&#10;|       |   `--END -&gt; &gt; [0:2]&#10;|       |--NEWLINE -&gt; \n [0:3]&#10;|       |--SINGLETON_ELEMENT -&gt; SINGLETON_ELEMENT [1:0]&#10;|       |   `--BR_TAG -&gt; BR_TAG [1:0]&#10;|       |       |--START -&gt; &lt; [1:0]&#10;|       |       |--BR_HTML_TAG_NAME -&gt; br [1:1]&#10;|       |       `--END -&gt; &gt; [1:3]&#10;|       |--NEWLINE -&gt; \n [1:4]&#10;|       |--SINGLETON_ELEMENT -&gt; SINGLETON_ELEMENT [2:0]&#10;|       |   `--BR_TAG -&gt; BR_TAG [2:0]&#10;|       |       |--START -&gt; &lt; [2:0]&#10;|       |       |--BR_HTML_TAG_NAME -&gt; br [2:1]&#10;|       |       `--SLASH_END -&gt; /&gt; [2:3]&#10;|       |--NEWLINE -&gt; \n [2:5]&#10;|       |--SINGLETON_ELEMENT -&gt; SINGLETON_ELEMENT [3:0]&#10;|       |   `--BR_TAG -&gt; BR_TAG [3:0]&#10;|       |       |--START -&gt; &lt; [3:0]&#10;|       |       |--BR_HTML_TAG_NAME -&gt; BR [3:1]&#10;|       |       `--END -&gt; &gt; [3:3]&#10;|       |--NEWLINE -&gt; \n [3:4]&#10;|       |--SINGLETON_ELEMENT -&gt; SINGLETON_ELEMENT [4:0]&#10;|       |   `--BR_TAG -&gt; BR_TAG [4:0]&#10;|       |       |--START -&gt; &lt; [4:0]&#10;|       |       |--BR_HTML_TAG_NAME -&gt; BR [4:1]&#10;|       |       `--SLASH_END -&gt; /&gt; [4:3]&#10;|       |--NEWLINE -&gt; \n [4:5]&#10;|       |--HTML_TAG -&gt; HTML_TAG [5:0]&#10;|       |   |--HTML_ELEMENT_START -&gt; HTML_ELEMENT_START [5:0]&#10;|       |   |   |--START -&gt; &lt; [5:0]&#10;|       |   |   |--HTML_TAG_NAME -&gt; TABLE [5:1]&#10;|       |   |   `--END -&gt; &gt; [5:6]&#10;|       |   |--NEWLINE -&gt; \n [5:7]&#10;|       |   |--TEXT -&gt; \t [6:0]&#10;|       |   |--HTML_ELEMENT -&gt; HTML_ELEMENT [6:1]&#10;|       |   |   `--TR -&gt; TR [6:1]&#10;|       |   |       |--TR_TAG_START -&gt; TR_TAG_START [6:1]&#10;|       |   |       |   |--START -&gt; &lt; [6:1]&#10;|       |   |       |   |--TR_HTML_TAG_NAME -&gt; tr [6:2]&#10;|       |   |       |   `--END -&gt; &gt; [6:4]&#10;|       |   |       `--TR_TAG_END -&gt; TR_TAG_END [6:5]&#10;|       |   |           |--START -&gt; &lt; [6:5]&#10;|       |   |           |--SLASH -&gt; / [6:6]&#10;|       |   |           |--TR_HTML_TAG_NAME -&gt; TR [6:7]&#10;|       |   |           `--END -&gt; &gt; [6:9]&#10;|       |   |--NEWLINE -&gt; \n [6:10]&#10;|       |   |--TEXT -&gt; \t [7:0]&#10;|       |   |--HTML_ELEMENT -&gt; HTML_ELEMENT [7:1]&#10;|       |   |   `--TR -&gt; TR [7:1]&#10;|       |   |       |--TR_TAG_START -&gt; TR_TAG_START [7:1]&#10;|       |   |       |   |--START -&gt; &lt; [7:1]&#10;|       |   |       |   |--TR_HTML_TAG_NAME -&gt; TR [7:2]&#10;|       |   |       |   `--END -&gt; &gt; [7:4]&#10;|       |   |       `--TR_TAG_END -&gt; TR_TAG_END [7:5]&#10;|       |   |           |--START -&gt; &lt; [7:5]&#10;|       |   |           |--SLASH -&gt; / [7:6]&#10;|       |   |           |--TR_HTML_TAG_NAME -&gt; tr [7:7]&#10;|       |   |           `--END -&gt; &gt; [7:9]&#10;|       |   |--NEWLINE -&gt; \n [7:10]&#10;|       |   `--HTML_ELEMENT_END -&gt; HTML_ELEMENT_END [8:0]&#10;|       |       |--START -&gt; &lt; [8:0]&#10;|       |       |--SLASH -&gt; / [8:1]&#10;|       |       |--HTML_TAG_NAME -&gt; table [8:2]&#10;|       |       `--END -&gt; &gt; [8:7]&#10;|       |--NEWLINE -&gt; \n [8:8]&#10;|       `--P_TAG_END -&gt; P_TAG_END [9:0]&#10;|           |--START -&gt; &lt; [9:0]&#10;|           |--SLASH -&gt; / [9:1]&#10;|           |--P_HTML_TAG_NAME -&gt; p [9:2]&#10;|           `--END -&gt; &gt; [9:3]&#10;`--EOF -&gt; &lt;EOF&gt; [9:4]&#13;]&#10;&gt;" type="org.junit.ComparisonFailure"><![CDATA[org.junit.ComparisonFailure: 
Generated tree from the javadoc file should match the pre-defined tree expected:<...DOC -> JAVADOC [0:0][
|--HTML_ELEMENT -> HTML_ELEMENT [0:0]
|   `--PARAGRAPH -> PARAGRAPH [0:0]
|       |--P_TAG_START -> P_TAG_START [0:0]
|       |   |--START -> < [0:0]
|       |   |--P_HTML_TAG_NAME -> P [0:1]
|       |   `--END -> > [0:2]
|       |--NEWLINE -> \n [0:3]
|       |--SINGLETON_ELEMENT -> SINGLETON_ELEMENT [1:0]
|       |   `--BR_TAG -> BR_TAG [1:0]
|       |       |--START -> < [1:0]
|       |       |--BR_HTML_TAG_NAME -> br [1:1]
|       |       `--END -> > [1:3]
|       |--NEWLINE -> \n [1:4]
|       |--SINGLETON_ELEMENT -> SINGLETON_ELEMENT [2:0]
|       |   `--BR_TAG -> BR_TAG [2:0]
|       |       |--START -> < [2:0]
|       |       |--BR_HTML_TAG_NAME -> br [2:1]
|       |       `--SLASH_END -> /> [2:3]
|       |--NEWLINE -> \n [2:5]
|       |--SINGLETON_ELEMENT -> SINGLETON_ELEMENT [3:0]
|       |   `--BR_TAG -> BR_TAG [3:0]
|       |       |--START -> < [3:0]
|       |       |--BR_HTML_TAG_NAME -> BR [3:1]
|       |       `--END -> > [3:3]
|       |--NEWLINE -> \n [3:4]
|       |--SINGLETON_ELEMENT -> SINGLETON_ELEMENT [4:0]
|       |   `--BR_TAG -> BR_TAG [4:0]
|       |       |--START -> < [4:0]
|       |       |--BR_HTML_TAG_NAME -> BR [4:1]
|       |       `--SLASH_END -> /> [4:3]
|       |--NEWLINE -> \n [4:5]
|       |--HTML_TAG -> HTML_TAG [5:0]
|       |   |--HTML_ELEMENT_START -> HTML_ELEMENT_START [5:0]
|       |   |   |--START -> < [5:0]
|       |   |   |--HTML_TAG_NAME -> TABLE [5:1]
|       |   |   `--END -> > [5:6]
|       |   |--NEWLINE -> \n [5:7]
|       |   |--TEXT -> \t [6:0]
|       |   |--HTML_ELEMENT -> HTML_ELEMENT [6:1]
|       |   |   `--TR -> TR [6:1]
|       |   |       |--TR_TAG_START -> TR_TAG_START [6:1]
|       |   |       |   |--START -> < [6:1]
|       |   |       |   |--TR_HTML_TAG_NAME -> tr [6:2]
|       |   |       |   `--END -> > [6:4]
|       |   |       `--TR_TAG_END -> TR_TAG_END [6:5]
|       |   |           |--START -> < [6:5]
|       |   |           |--SLASH -> / [6:6]
|       |   |           |--TR_HTML_TAG_NAME -> TR [6:7]
|       |   |           `--END -> > [6:9]
|       |   |--NEWLINE -> \n [6:10]
|       |   |--TEXT -> \t [7:0]
|       |   |--HTML_ELEMENT -> HTML_ELEMENT [7:1]
|       |   |   `--TR -> TR [7:1]
|       |   |       |--TR_TAG_START -> TR_TAG_START [7:1]
|       |   |       |   |--START -> < [7:1]
|       |   |       |   |--TR_HTML_TAG_NAME -> TR [7:2]
|       |   |       |   `--END -> > [7:4]
|       |   |       `--TR_TAG_END -> TR_TAG_END [7:5]
|       |   |           |--START -> < [7:5]
|       |   |           |--SLASH -> / [7:6]
|       |   |           |--TR_HTML_TAG_NAME -> tr [7:7]
|       |   |           `--END -> > [7:9]
|       |   |--NEWLINE -> \n [7:10]
|       |   `--HTML_ELEMENT_END -> HTML_ELEMENT_END [8:0]
|       |       |--START -> < [8:0]
|       |       |--SLASH -> / [8:1]
|       |       |--HTML_TAG_NAME -> table [8:2]
|       |       `--END -> > [8:7]
|       |--NEWLINE -> \n [8:8]
|       `--P_TAG_END -> P_TAG_END [9:0]
|           |--START -> < [9:0]
|           |--SLASH -> / [9:1]
|           |--P_HTML_TAG_NAME -> p [9:2]
|           `--END -> > [9:3]
`--EOF -> <EOF> [9:4]]
> but was:<...DOC -> JAVADOC [0:0][
|--HTML_ELEMENT -> HTML_ELEMENT [0:0]
|   `--PARAGRAPH -> PARAGRAPH [0:0]
|       |--P_TAG_START -> P_TAG_START [0:0]
|       |   |--START -> < [0:0]
|       |   |--P_HTML_TAG_NAME -> P [0:1]
|       |   `--END -> > [0:2]
|       |--NEWLINE -> \n [0:3]
|       |--SINGLETON_ELEMENT -> SINGLETON_ELEMENT [1:0]
|       |   `--BR_TAG -> BR_TAG [1:0]
|       |       |--START -> < [1:0]
|       |       |--BR_HTML_TAG_NAME -> br [1:1]
|       |       `--END -> > [1:3]
|       |--NEWLINE -> \n [1:4]
|       |--SINGLETON_ELEMENT -> SINGLETON_ELEMENT [2:0]
|       |   `--BR_TAG -> BR_TAG [2:0]
|       |       |--START -> < [2:0]
|       |       |--BR_HTML_TAG_NAME -> br [2:1]
|       |       `--SLASH_END -> /> [2:3]
|       |--NEWLINE -> \n [2:5]
|       |--SINGLETON_ELEMENT -> SINGLETON_ELEMENT [3:0]
|       |   `--BR_TAG -> BR_TAG [3:0]
|       |       |--START -> < [3:0]
|       |       |--BR_HTML_TAG_NAME -> BR [3:1]
|       |       `--END -> > [3:3]
|       |--NEWLINE -> \n [3:4]
|       |--SINGLETON_ELEMENT -> SINGLETON_ELEMENT [4:0]
|       |   `--BR_TAG -> BR_TAG [4:0]
|       |       |--START -> < [4:0]
|       |       |--BR_HTML_TAG_NAME -> BR [4:1]
|       |       `--SLASH_END -> /> [4:3]
|       |--NEWLINE -> \n [4:5]
|       |--HTML_TAG -> HTML_TAG [5:0]
|       |   |--HTML_ELEMENT_START -> HTML_ELEMENT_START [5:0]
|       |   |   |--START -> < [5:0]
|       |   |   |--HTML_TAG_NAME -> TABLE [5:1]
|       |   |   `--END -> > [5:6]
|       |   |--NEWLINE -> \n [5:7]
|       |   |--TEXT -> \t [6:0]
|       |   |--HTML_ELEMENT -> HTML_ELEMENT [6:1]
|       |   |   `--TR -> TR [6:1]
|       |   |       |--TR_TAG_START -> TR_TAG_START [6:1]
|       |   |       |   |--START -> < [6:1]
|       |   |       |   |--TR_HTML_TAG_NAME -> tr [6:2]
|       |   |       |   `--END -> > [6:4]
|       |   |       `--TR_TAG_END -> TR_TAG_END [6:5]
|       |   |           |--START -> < [6:5]
|       |   |           |--SLASH -> / [6:6]
|       |   |           |--TR_HTML_TAG_NAME -> TR [6:7]
|       |   |           `--END -> > [6:9]
|       |   |--NEWLINE -> \n [6:10]
|       |   |--TEXT -> \t [7:0]
|       |   |--HTML_ELEMENT -> HTML_ELEMENT [7:1]
|       |   |   `--TR -> TR [7:1]
|       |   |       |--TR_TAG_START -> TR_TAG_START [7:1]
|       |   |       |   |--START -> < [7:1]
|       |   |       |   |--TR_HTML_TAG_NAME -> TR [7:2]
|       |   |       |   `--END -> > [7:4]
|       |   |       `--TR_TAG_END -> TR_TAG_END [7:5]
|       |   |           |--START -> < [7:5]
|       |   |           |--SLASH -> / [7:6]
|       |   |           |--TR_HTML_TAG_NAME -> tr [7:7]
|       |   |           `--END -> > [7:9]
|       |   |--NEWLINE -> \n [7:10]
|       |   `--HTML_ELEMENT_END -> HTML_ELEMENT_END [8:0]
|       |       |--START -> < [8:0]
|       |       |--SLASH -> / [8:1]
|       |       |--HTML_TAG_NAME -> table [8:2]
|       |       `--END -> > [8:7]
|       |--NEWLINE -> \n [8:8]
|       `--P_TAG_END -> P_TAG_END [9:0]
|           |--START -> < [9:0]
|           |--SLASH -> / [9:1]
|           |--P_HTML_TAG_NAME -> p [9:2]
|           `--END -> > [9:3]
`--EOF -> <EOF> [9:4]]
>
	at com.puppycrawl.tools.checkstyle.grammar.javadoc.JavadocParseTreeTest.mixedCaseOfHtmlTags(JavadocParseTreeTest.java:158)
]]></failure>
  </testcase>
  <testcase name="listWithUnclosedItemInUnclosedParagraph" classname="com.puppycrawl.tools.checkstyle.grammar.javadoc.JavadocParseTreeTest" time="0">
    <failure message="Generated tree from the javadoc file should match the pre-defined tree expected:&lt;...DOC -&gt; JAVADOC [0:0][&#10;|--HTML_ELEMENT -&gt; HTML_ELEMENT [0:0]&#10;|   `--P_TAG_START -&gt; P_TAG_START [0:0]&#10;|       |--START -&gt; &lt; [0:0]&#10;|       |--P_HTML_TAG_NAME -&gt; p [0:1]&#10;|       `--END -&gt; &gt; [0:2]&#10;|--NEWLINE -&gt; \n [0:3]&#10;|--HTML_ELEMENT -&gt; HTML_ELEMENT [1:0]&#10;|   `--HTML_TAG -&gt; HTML_TAG [1:0]&#10;|       |--HTML_ELEMENT_START -&gt; HTML_ELEMENT_START [1:0]&#10;|       |   |--START -&gt; &lt; [1:0]&#10;|       |   |--HTML_TAG_NAME -&gt; ul [1:1]&#10;|       |   `--END -&gt; &gt; [1:3]&#10;|       |--NEWLINE -&gt; \n [1:4]&#10;|       |--TEXT -&gt; \t [2:0]&#10;|       |--HTML_ELEMENT -&gt; HTML_ELEMENT [2:1]&#10;|       |   `--LI_TAG_START -&gt; LI_TAG_START [2:1]&#10;|       |       |--START -&gt; &lt; [2:1]&#10;|       |       |--LI_HTML_TAG_NAME -&gt; li [2:2]&#10;|       |       `--END -&gt; &gt; [2:4]&#10;|       |--TEXT -&gt; item 1 [2:5]&#10;|       |--NEWLINE -&gt; \n [2:11]&#10;|       |--TEXT -&gt; \t [3:0]&#10;|       |--HTML_ELEMENT -&gt; HTML_ELEMENT [3:1]&#10;|       |   `--LI -&gt; LI [3:1]&#10;|       |       |--LI_TAG_START -&gt; LI_TAG_START [3:1]&#10;|       |       |   |--START -&gt; &lt; [3:1]&#10;|       |       |   |--LI_HTML_TAG_NAME -&gt; li [3:2]&#10;|       |       |   `--END -&gt; &gt; [3:4]&#10;|       |       |--TEXT -&gt; item 2 [3:5]&#10;|       |       `--LI_TAG_END -&gt; LI_TAG_END [3:11]&#10;|       |           |--START -&gt; &lt; [3:11]&#10;|       |           |--SLASH -&gt; / [3:12]&#10;|       |           |--LI_HTML_TAG_NAME -&gt; li [3:13]&#10;|       |           `--END -&gt; &gt; [3:15]&#10;|       |--NEWLINE -&gt; \n [3:16]&#10;|       `--HTML_ELEMENT_END -&gt; HTML_ELEMENT_END [4:0]&#10;|           |--START -&gt; &lt; [4:0]&#10;|           |--SLASH -&gt; / [4:1]&#10;|           |--HTML_TAG_NAME -&gt; ul [4:2]&#10;|           `--END -&gt; &gt; [4:4]&#10;`--EOF -&gt; &lt;EOF&gt; [4:5]]&#10;&gt; but was:&lt;...DOC -&gt; JAVADOC [0:0][&#10;|--HTML_ELEMENT -&gt; HTML_ELEMENT [0:0]&#10;|   `--P_TAG_START -&gt; P_TAG_START [0:0]&#10;|       |--START -&gt; &lt; [0:0]&#10;|       |--P_HTML_TAG_NAME -&gt; p [0:1]&#10;|       `--END -&gt; &gt; [0:2]&#10;|--NEWLINE -&gt; \n [0:3]&#10;|--HTML_ELEMENT -&gt; HTML_ELEMENT [1:0]&#10;|   `--HTML_TAG -&gt; HTML_TAG [1:0]&#10;|       |--HTML_ELEMENT_START -&gt; HTML_ELEMENT_START [1:0]&#10;|       |   |--START -&gt; &lt; [1:0]&#10;|       |   |--HTML_TAG_NAME -&gt; ul [1:1]&#10;|       |   `--END -&gt; &gt; [1:3]&#10;|       |--NEWLINE -&gt; \n [1:4]&#10;|       |--TEXT -&gt; \t [2:0]&#10;|       |--HTML_ELEMENT -&gt; HTML_ELEMENT [2:1]&#10;|       |   `--LI_TAG_START -&gt; LI_TAG_START [2:1]&#10;|       |       |--START -&gt; &lt; [2:1]&#10;|       |       |--LI_HTML_TAG_NAME -&gt; li [2:2]&#10;|       |       `--END -&gt; &gt; [2:4]&#10;|       |--TEXT -&gt; item 1 [2:5]&#10;|       |--NEWLINE -&gt; \n [2:11]&#10;|       |--TEXT -&gt; \t [3:0]&#10;|       |--HTML_ELEMENT -&gt; HTML_ELEMENT [3:1]&#10;|       |   `--LI -&gt; LI [3:1]&#10;|       |       |--LI_TAG_START -&gt; LI_TAG_START [3:1]&#10;|       |       |   |--START -&gt; &lt; [3:1]&#10;|       |       |   |--LI_HTML_TAG_NAME -&gt; li [3:2]&#10;|       |       |   `--END -&gt; &gt; [3:4]&#10;|       |       |--TEXT -&gt; item 2 [3:5]&#10;|       |       `--LI_TAG_END -&gt; LI_TAG_END [3:11]&#10;|       |           |--START -&gt; &lt; [3:11]&#10;|       |           |--SLASH -&gt; / [3:12]&#10;|       |           |--LI_HTML_TAG_NAME -&gt; li [3:13]&#10;|       |           `--END -&gt; &gt; [3:15]&#10;|       |--NEWLINE -&gt; \n [3:16]&#10;|       `--HTML_ELEMENT_END -&gt; HTML_ELEMENT_END [4:0]&#10;|           |--START -&gt; &lt; [4:0]&#10;|           |--SLASH -&gt; / [4:1]&#10;|           |--HTML_TAG_NAME -&gt; ul [4:2]&#10;|           `--END -&gt; &gt; [4:4]&#10;`--EOF -&gt; &lt;EOF&gt; [4:5]&#13;]&#10;&gt;" type="org.junit.ComparisonFailure"><![CDATA[org.junit.ComparisonFailure: 
Generated tree from the javadoc file should match the pre-defined tree expected:<...DOC -> JAVADOC [0:0][
|--HTML_ELEMENT -> HTML_ELEMENT [0:0]
|   `--P_TAG_START -> P_TAG_START [0:0]
|       |--START -> < [0:0]
|       |--P_HTML_TAG_NAME -> p [0:1]
|       `--END -> > [0:2]
|--NEWLINE -> \n [0:3]
|--HTML_ELEMENT -> HTML_ELEMENT [1:0]
|   `--HTML_TAG -> HTML_TAG [1:0]
|       |--HTML_ELEMENT_START -> HTML_ELEMENT_START [1:0]
|       |   |--START -> < [1:0]
|       |   |--HTML_TAG_NAME -> ul [1:1]
|       |   `--END -> > [1:3]
|       |--NEWLINE -> \n [1:4]
|       |--TEXT -> \t [2:0]
|       |--HTML_ELEMENT -> HTML_ELEMENT [2:1]
|       |   `--LI_TAG_START -> LI_TAG_START [2:1]
|       |       |--START -> < [2:1]
|       |       |--LI_HTML_TAG_NAME -> li [2:2]
|       |       `--END -> > [2:4]
|       |--TEXT -> item 1 [2:5]
|       |--NEWLINE -> \n [2:11]
|       |--TEXT -> \t [3:0]
|       |--HTML_ELEMENT -> HTML_ELEMENT [3:1]
|       |   `--LI -> LI [3:1]
|       |       |--LI_TAG_START -> LI_TAG_START [3:1]
|       |       |   |--START -> < [3:1]
|       |       |   |--LI_HTML_TAG_NAME -> li [3:2]
|       |       |   `--END -> > [3:4]
|       |       |--TEXT -> item 2 [3:5]
|       |       `--LI_TAG_END -> LI_TAG_END [3:11]
|       |           |--START -> < [3:11]
|       |           |--SLASH -> / [3:12]
|       |           |--LI_HTML_TAG_NAME -> li [3:13]
|       |           `--END -> > [3:15]
|       |--NEWLINE -> \n [3:16]
|       `--HTML_ELEMENT_END -> HTML_ELEMENT_END [4:0]
|           |--START -> < [4:0]
|           |--SLASH -> / [4:1]
|           |--HTML_TAG_NAME -> ul [4:2]
|           `--END -> > [4:4]
`--EOF -> <EOF> [4:5]]
> but was:<...DOC -> JAVADOC [0:0][
|--HTML_ELEMENT -> HTML_ELEMENT [0:0]
|   `--P_TAG_START -> P_TAG_START [0:0]
|       |--START -> < [0:0]
|       |--P_HTML_TAG_NAME -> p [0:1]
|       `--END -> > [0:2]
|--NEWLINE -> \n [0:3]
|--HTML_ELEMENT -> HTML_ELEMENT [1:0]
|   `--HTML_TAG -> HTML_TAG [1:0]
|       |--HTML_ELEMENT_START -> HTML_ELEMENT_START [1:0]
|       |   |--START -> < [1:0]
|       |   |--HTML_TAG_NAME -> ul [1:1]
|       |   `--END -> > [1:3]
|       |--NEWLINE -> \n [1:4]
|       |--TEXT -> \t [2:0]
|       |--HTML_ELEMENT -> HTML_ELEMENT [2:1]
|       |   `--LI_TAG_START -> LI_TAG_START [2:1]
|       |       |--START -> < [2:1]
|       |       |--LI_HTML_TAG_NAME -> li [2:2]
|       |       `--END -> > [2:4]
|       |--TEXT -> item 1 [2:5]
|       |--NEWLINE -> \n [2:11]
|       |--TEXT -> \t [3:0]
|       |--HTML_ELEMENT -> HTML_ELEMENT [3:1]
|       |   `--LI -> LI [3:1]
|       |       |--LI_TAG_START -> LI_TAG_START [3:1]
|       |       |   |--START -> < [3:1]
|       |       |   |--LI_HTML_TAG_NAME -> li [3:2]
|       |       |   `--END -> > [3:4]
|       |       |--TEXT -> item 2 [3:5]
|       |       `--LI_TAG_END -> LI_TAG_END [3:11]
|       |           |--START -> < [3:11]
|       |           |--SLASH -> / [3:12]
|       |           |--LI_HTML_TAG_NAME -> li [3:13]
|       |           `--END -> > [3:15]
|       |--NEWLINE -> \n [3:16]
|       `--HTML_ELEMENT_END -> HTML_ELEMENT_END [4:0]
|           |--START -> < [4:0]
|           |--SLASH -> / [4:1]
|           |--HTML_TAG_NAME -> ul [4:2]
|           `--END -> > [4:4]
`--EOF -> <EOF> [4:5]]
>
	at com.puppycrawl.tools.checkstyle.grammar.javadoc.JavadocParseTreeTest.listWithUnclosedItemInUnclosedParagraph(JavadocParseTreeTest.java:128)
]]></failure>
  </testcase>
  <testcase name="testLinkToPackage" classname="com.puppycrawl.tools.checkstyle.grammar.javadoc.JavadocParseTreeTest" time="0">
    <failure message="Generated tree from the javadoc file should match the pre-defined tree expected:&lt;...DOC -&gt; JAVADOC [0:0][&#10;|--JAVADOC_INLINE_TAG -&gt; JAVADOC_INLINE_TAG [0:0]&#10;|   |--JAVADOC_INLINE_TAG_START -&gt; { [0:0]&#10;|   |--LINK_LITERAL -&gt; @link [0:1]&#10;|   |--WS -&gt;   [0:6]&#10;|   |--REFERENCE -&gt; REFERENCE [0:7]&#10;|   |   `--PACKAGE_CLASS -&gt; _com._1organizationname.appname [0:7]&#10;|   `--JAVADOC_INLINE_TAG_END -&gt; } [0:38]&#10;|--NEWLINE -&gt; \n [0:39]&#10;`--EOF -&gt; &lt;EOF&gt; [1:0]]&#10;&gt; but was:&lt;...DOC -&gt; JAVADOC [0:0][&#10;|--JAVADOC_INLINE_TAG -&gt; JAVADOC_INLINE_TAG [0:0]&#10;|   |--JAVADOC_INLINE_TAG_START -&gt; { [0:0]&#10;|   |--LINK_LITERAL -&gt; @link [0:1]&#10;|   |--WS -&gt;   [0:6]&#10;|   |--REFERENCE -&gt; REFERENCE [0:7]&#10;|   |   `--PACKAGE_CLASS -&gt; _com._1organizationname.appname [0:7]&#10;|   `--JAVADOC_INLINE_TAG_END -&gt; } [0:38]&#10;|--NEWLINE -&gt; \n [0:39]&#10;`--EOF -&gt; &lt;EOF&gt; [1:0]&#13;]&#10;&gt;" type="org.junit.ComparisonFailure"><![CDATA[org.junit.ComparisonFailure: 
Generated tree from the javadoc file should match the pre-defined tree expected:<...DOC -> JAVADOC [0:0][
|--JAVADOC_INLINE_TAG -> JAVADOC_INLINE_TAG [0:0]
|   |--JAVADOC_INLINE_TAG_START -> { [0:0]
|   |--LINK_LITERAL -> @link [0:1]
|   |--WS ->   [0:6]
|   |--REFERENCE -> REFERENCE [0:7]
|   |   `--PACKAGE_CLASS -> _com._1organizationname.appname [0:7]
|   `--JAVADOC_INLINE_TAG_END -> } [0:38]
|--NEWLINE -> \n [0:39]
`--EOF -> <EOF> [1:0]]
> but was:<...DOC -> JAVADOC [0:0][
|--JAVADOC_INLINE_TAG -> JAVADOC_INLINE_TAG [0:0]
|   |--JAVADOC_INLINE_TAG_START -> { [0:0]
|   |--LINK_LITERAL -> @link [0:1]
|   |--WS ->   [0:6]
|   |--REFERENCE -> REFERENCE [0:7]
|   |   `--PACKAGE_CLASS -> _com._1organizationname.appname [0:7]
|   `--JAVADOC_INLINE_TAG_END -> } [0:38]
|--NEWLINE -> \n [0:39]
`--EOF -> <EOF> [1:0]]
>
	at com.puppycrawl.tools.checkstyle.grammar.javadoc.JavadocParseTreeTest.testLinkToPackage(JavadocParseTreeTest.java:188)
]]></failure>
  </testcase>
  <testcase name="testLeadingAsteriskAfterSeeTag" classname="com.puppycrawl.tools.checkstyle.grammar.javadoc.JavadocParseTreeTest" time="0">
    <failure message="Generated tree from the javadoc file should match the pre-defined tree expected:&lt;...DOC -&gt; JAVADOC [0:0][&#10;|--LEADING_ASTERISK -&gt; * [0:0]&#10;|--WS -&gt;   [0:1]&#10;|--JAVADOC_TAG -&gt; JAVADOC_TAG [0:2]&#10;|   |--SEE_LITERAL -&gt; @see [0:2]&#10;|   |--NEWLINE -&gt; \n [0:6]&#10;|   |--LEADING_ASTERISK -&gt; * [1:0]&#10;|   |--WS -&gt;   [1:1]&#10;|   |--STRING -&gt; &quot;string&quot; [1:2]&#10;|   |--NEWLINE -&gt; \n [1:10]&#10;|   `--NEWLINE -&gt; \n [2:0]&#10;|--LEADING_ASTERISK -&gt; * [3:0]&#10;|--WS -&gt;   [3:1]&#10;|--JAVADOC_TAG -&gt; JAVADOC_TAG [3:2]&#10;|   |--SEE_LITERAL -&gt; @see [3:2]&#10;|   |--NEWLINE -&gt; \n [3:6]&#10;|   |--LEADING_ASTERISK -&gt; * [4:0]&#10;|   |--WS -&gt;   [4:1]&#10;|   |--REFERENCE -&gt; REFERENCE [4:2]&#10;|   |   |--PACKAGE_CLASS -&gt; package.Class [4:2]&#10;|   |   |--HASH -&gt; # [4:15]&#10;|   |   |--MEMBER -&gt; member [4:16]&#10;|   |   `--PARAMETERS -&gt; PARAMETERS [4:22]&#10;|   |       |--LEFT_BRACE -&gt; ( [4:22]&#10;|   |       `--RIGHT_BRACE -&gt; ) [4:23]&#10;|   |--NEWLINE -&gt; \n [4:24]&#10;|   `--DESCRIPTION -&gt; DESCRIPTION [5:0]&#10;|       |--LEADING_ASTERISK -&gt; * [5:0]&#10;|       `--TEXT -&gt;  Description [5:1]&#10;`--EOF -&gt; &lt;EOF&gt; [5:13]]&#10;&gt; but was:&lt;...DOC -&gt; JAVADOC [0:0][&#10;|--LEADING_ASTERISK -&gt; * [0:0]&#10;|--WS -&gt;   [0:1]&#10;|--JAVADOC_TAG -&gt; JAVADOC_TAG [0:2]&#10;|   |--SEE_LITERAL -&gt; @see [0:2]&#10;|   |--NEWLINE -&gt; \n [0:6]&#10;|   |--LEADING_ASTERISK -&gt; * [1:0]&#10;|   |--WS -&gt;   [1:1]&#10;|   |--STRING -&gt; &quot;string&quot; [1:2]&#10;|   |--NEWLINE -&gt; \n [1:10]&#10;|   `--NEWLINE -&gt; \n [2:0]&#10;|--LEADING_ASTERISK -&gt; * [3:0]&#10;|--WS -&gt;   [3:1]&#10;|--JAVADOC_TAG -&gt; JAVADOC_TAG [3:2]&#10;|   |--SEE_LITERAL -&gt; @see [3:2]&#10;|   |--NEWLINE -&gt; \n [3:6]&#10;|   |--LEADING_ASTERISK -&gt; * [4:0]&#10;|   |--WS -&gt;   [4:1]&#10;|   |--REFERENCE -&gt; REFERENCE [4:2]&#10;|   |   |--PACKAGE_CLASS -&gt; package.Class [4:2]&#10;|   |   |--HASH -&gt; # [4:15]&#10;|   |   |--MEMBER -&gt; member [4:16]&#10;|   |   `--PARAMETERS -&gt; PARAMETERS [4:22]&#10;|   |       |--LEFT_BRACE -&gt; ( [4:22]&#10;|   |       `--RIGHT_BRACE -&gt; ) [4:23]&#10;|   |--NEWLINE -&gt; \n [4:24]&#10;|   `--DESCRIPTION -&gt; DESCRIPTION [5:0]&#10;|       |--LEADING_ASTERISK -&gt; * [5:0]&#10;|       `--TEXT -&gt;  Description [5:1]&#10;`--EOF -&gt; &lt;EOF&gt; [5:13]&#13;]&#10;&gt;" type="org.junit.ComparisonFailure"><![CDATA[org.junit.ComparisonFailure: 
Generated tree from the javadoc file should match the pre-defined tree expected:<...DOC -> JAVADOC [0:0][
|--LEADING_ASTERISK -> * [0:0]
|--WS ->   [0:1]
|--JAVADOC_TAG -> JAVADOC_TAG [0:2]
|   |--SEE_LITERAL -> @see [0:2]
|   |--NEWLINE -> \n [0:6]
|   |--LEADING_ASTERISK -> * [1:0]
|   |--WS ->   [1:1]
|   |--STRING -> "string" [1:2]
|   |--NEWLINE -> \n [1:10]
|   `--NEWLINE -> \n [2:0]
|--LEADING_ASTERISK -> * [3:0]
|--WS ->   [3:1]
|--JAVADOC_TAG -> JAVADOC_TAG [3:2]
|   |--SEE_LITERAL -> @see [3:2]
|   |--NEWLINE -> \n [3:6]
|   |--LEADING_ASTERISK -> * [4:0]
|   |--WS ->   [4:1]
|   |--REFERENCE -> REFERENCE [4:2]
|   |   |--PACKAGE_CLASS -> package.Class [4:2]
|   |   |--HASH -> # [4:15]
|   |   |--MEMBER -> member [4:16]
|   |   `--PARAMETERS -> PARAMETERS [4:22]
|   |       |--LEFT_BRACE -> ( [4:22]
|   |       `--RIGHT_BRACE -> ) [4:23]
|   |--NEWLINE -> \n [4:24]
|   `--DESCRIPTION -> DESCRIPTION [5:0]
|       |--LEADING_ASTERISK -> * [5:0]
|       `--TEXT ->  Description [5:1]
`--EOF -> <EOF> [5:13]]
> but was:<...DOC -> JAVADOC [0:0][
|--LEADING_ASTERISK -> * [0:0]
|--WS ->   [0:1]
|--JAVADOC_TAG -> JAVADOC_TAG [0:2]
|   |--SEE_LITERAL -> @see [0:2]
|   |--NEWLINE -> \n [0:6]
|   |--LEADING_ASTERISK -> * [1:0]
|   |--WS ->   [1:1]
|   |--STRING -> "string" [1:2]
|   |--NEWLINE -> \n [1:10]
|   `--NEWLINE -> \n [2:0]
|--LEADING_ASTERISK -> * [3:0]
|--WS ->   [3:1]
|--JAVADOC_TAG -> JAVADOC_TAG [3:2]
|   |--SEE_LITERAL -> @see [3:2]
|   |--NEWLINE -> \n [3:6]
|   |--LEADING_ASTERISK -> * [4:0]
|   |--WS ->   [4:1]
|   |--REFERENCE -> REFERENCE [4:2]
|   |   |--PACKAGE_CLASS -> package.Class [4:2]
|   |   |--HASH -> # [4:15]
|   |   |--MEMBER -> member [4:16]
|   |   `--PARAMETERS -> PARAMETERS [4:22]
|   |       |--LEFT_BRACE -> ( [4:22]
|   |       `--RIGHT_BRACE -> ) [4:23]
|   |--NEWLINE -> \n [4:24]
|   `--DESCRIPTION -> DESCRIPTION [5:0]
|       |--LEADING_ASTERISK -> * [5:0]
|       `--TEXT ->  Description [5:1]
`--EOF -> <EOF> [5:13]]
>
	at com.puppycrawl.tools.checkstyle.grammar.javadoc.JavadocParseTreeTest.testLeadingAsteriskAfterSeeTag(JavadocParseTreeTest.java:374)
]]></failure>
  </testcase>
  <testcase name="linkInlineTags" classname="com.puppycrawl.tools.checkstyle.grammar.javadoc.JavadocParseTreeTest" time="0.015">
    <failure message="Generated tree from the javadoc file should match the pre-defined tree expected:&lt;...DOC -&gt; JAVADOC [0:0][&#10;|--JAVADOC_INLINE_TAG -&gt; JAVADOC_INLINE_TAG [0:0]&#10;|   |--JAVADOC_INLINE_TAG_START -&gt; { [0:0]&#10;|   |--LINK_LITERAL -&gt; @link [0:1]&#10;|   |--WS -&gt;   [0:6]&#10;|   |--REFERENCE -&gt; REFERENCE [0:7]&#10;|   |   |--PACKAGE_CLASS -&gt; java.lang.Integer [0:7]&#10;|   |   |--HASH -&gt; # [0:24]&#10;|   |   `--MEMBER -&gt; valueOf [0:25]&#10;|   `--JAVADOC_INLINE_TAG_END -&gt; } [0:32]&#10;|--NEWLINE -&gt; \n [0:33]&#10;|--JAVADOC_INLINE_TAG -&gt; JAVADOC_INLINE_TAG [1:0]&#10;|   |--JAVADOC_INLINE_TAG_START -&gt; { [1:0]&#10;|   |--LINK_LITERAL -&gt; @link [1:1]&#10;|   |--WS -&gt;   [1:6]&#10;|   |--REFERENCE -&gt; REFERENCE [1:7]&#10;|   |   |--PACKAGE_CLASS -&gt; java.lang.Integer [1:7]&#10;|   |   |--HASH -&gt; # [1:24]&#10;|   |   `--MEMBER -&gt; valueOf [1:25]&#10;|   |--WS -&gt;   [1:32]&#10;|   |--DESCRIPTION -&gt; DESCRIPTION [1:33]&#10;|   |   `--TEXT -&gt; valueOf [1:33]&#10;|   `--JAVADOC_INLINE_TAG_END -&gt; } [1:40]&#10;`--EOF -&gt; &lt;EOF&gt; [1:41]]&#10;&gt; but was:&lt;...DOC -&gt; JAVADOC [0:0][&#10;|--JAVADOC_INLINE_TAG -&gt; JAVADOC_INLINE_TAG [0:0]&#10;|   |--JAVADOC_INLINE_TAG_START -&gt; { [0:0]&#10;|   |--LINK_LITERAL -&gt; @link [0:1]&#10;|   |--WS -&gt;   [0:6]&#10;|   |--REFERENCE -&gt; REFERENCE [0:7]&#10;|   |   |--PACKAGE_CLASS -&gt; java.lang.Integer [0:7]&#10;|   |   |--HASH -&gt; # [0:24]&#10;|   |   `--MEMBER -&gt; valueOf [0:25]&#10;|   `--JAVADOC_INLINE_TAG_END -&gt; } [0:32]&#10;|--NEWLINE -&gt; \n [0:33]&#10;|--JAVADOC_INLINE_TAG -&gt; JAVADOC_INLINE_TAG [1:0]&#10;|   |--JAVADOC_INLINE_TAG_START -&gt; { [1:0]&#10;|   |--LINK_LITERAL -&gt; @link [1:1]&#10;|   |--WS -&gt;   [1:6]&#10;|   |--REFERENCE -&gt; REFERENCE [1:7]&#10;|   |   |--PACKAGE_CLASS -&gt; java.lang.Integer [1:7]&#10;|   |   |--HASH -&gt; # [1:24]&#10;|   |   `--MEMBER -&gt; valueOf [1:25]&#10;|   |--WS -&gt;   [1:32]&#10;|   |--DESCRIPTION -&gt; DESCRIPTION [1:33]&#10;|   |   `--TEXT -&gt; valueOf [1:33]&#10;|   `--JAVADOC_INLINE_TAG_END -&gt; } [1:40]&#10;`--EOF -&gt; &lt;EOF&gt; [1:41]&#13;]&#10;&gt;" type="org.junit.ComparisonFailure"><![CDATA[org.junit.ComparisonFailure: 
Generated tree from the javadoc file should match the pre-defined tree expected:<...DOC -> JAVADOC [0:0][
|--JAVADOC_INLINE_TAG -> JAVADOC_INLINE_TAG [0:0]
|   |--JAVADOC_INLINE_TAG_START -> { [0:0]
|   |--LINK_LITERAL -> @link [0:1]
|   |--WS ->   [0:6]
|   |--REFERENCE -> REFERENCE [0:7]
|   |   |--PACKAGE_CLASS -> java.lang.Integer [0:7]
|   |   |--HASH -> # [0:24]
|   |   `--MEMBER -> valueOf [0:25]
|   `--JAVADOC_INLINE_TAG_END -> } [0:32]
|--NEWLINE -> \n [0:33]
|--JAVADOC_INLINE_TAG -> JAVADOC_INLINE_TAG [1:0]
|   |--JAVADOC_INLINE_TAG_START -> { [1:0]
|   |--LINK_LITERAL -> @link [1:1]
|   |--WS ->   [1:6]
|   |--REFERENCE -> REFERENCE [1:7]
|   |   |--PACKAGE_CLASS -> java.lang.Integer [1:7]
|   |   |--HASH -> # [1:24]
|   |   `--MEMBER -> valueOf [1:25]
|   |--WS ->   [1:32]
|   |--DESCRIPTION -> DESCRIPTION [1:33]
|   |   `--TEXT -> valueOf [1:33]
|   `--JAVADOC_INLINE_TAG_END -> } [1:40]
`--EOF -> <EOF> [1:41]]
> but was:<...DOC -> JAVADOC [0:0][
|--JAVADOC_INLINE_TAG -> JAVADOC_INLINE_TAG [0:0]
|   |--JAVADOC_INLINE_TAG_START -> { [0:0]
|   |--LINK_LITERAL -> @link [0:1]
|   |--WS ->   [0:6]
|   |--REFERENCE -> REFERENCE [0:7]
|   |   |--PACKAGE_CLASS -> java.lang.Integer [0:7]
|   |   |--HASH -> # [0:24]
|   |   `--MEMBER -> valueOf [0:25]
|   `--JAVADOC_INLINE_TAG_END -> } [0:32]
|--NEWLINE -> \n [0:33]
|--JAVADOC_INLINE_TAG -> JAVADOC_INLINE_TAG [1:0]
|   |--JAVADOC_INLINE_TAG_START -> { [1:0]
|   |--LINK_LITERAL -> @link [1:1]
|   |--WS ->   [1:6]
|   |--REFERENCE -> REFERENCE [1:7]
|   |   |--PACKAGE_CLASS -> java.lang.Integer [1:7]
|   |   |--HASH -> # [1:24]
|   |   `--MEMBER -> valueOf [1:25]
|   |--WS ->   [1:32]
|   |--DESCRIPTION -> DESCRIPTION [1:33]
|   |   `--TEXT -> valueOf [1:33]
|   `--JAVADOC_INLINE_TAG_END -> } [1:40]
`--EOF -> <EOF> [1:41]]
>
	at com.puppycrawl.tools.checkstyle.grammar.javadoc.JavadocParseTreeTest.linkInlineTags(JavadocParseTreeTest.java:92)
]]></failure>
  </testcase>
  <testcase name="testRpHtmlTag" classname="com.puppycrawl.tools.checkstyle.grammar.javadoc.JavadocParseTreeTest" time="0.063">
    <failure message="Generated tree from the javadoc file should match the pre-defined tree expected:&lt;...DOC -&gt; JAVADOC [0:0][&#10;|--LEADING_ASTERISK -&gt; * [0:0]&#10;|--TEXT -&gt;   [0:1]&#10;|--HTML_ELEMENT -&gt; HTML_ELEMENT [0:2]&#10;|   `--RP -&gt; RP [0:2]&#10;|       |--RP_TAG_START -&gt; RP_TAG_START [0:2]&#10;|       |   |--START -&gt; &lt; [0:2]&#10;|       |   |--RP_HTML_TAG_NAME -&gt; rp [0:3]&#10;|       |   `--END -&gt; &gt; [0:5]&#10;|       |--TEXT -&gt;   [0:6]&#10;|       `--RP_TAG_END -&gt; RP_TAG_END [0:7]&#10;|           |--START -&gt; &lt; [0:7]&#10;|           |--SLASH -&gt; / [0:8]&#10;|           |--RP_HTML_TAG_NAME -&gt; RP [0:9]&#10;|           `--END -&gt; &gt; [0:11]&#10;|--NEWLINE -&gt; \n [0:12]&#10;|--LEADING_ASTERISK -&gt; * [1:0]&#10;|--TEXT -&gt;   [1:1]&#10;|--HTML_ELEMENT -&gt; HTML_ELEMENT [1:2]&#10;|   `--RP -&gt; RP [1:2]&#10;|       |--RP_TAG_START -&gt; RP_TAG_START [1:2]&#10;|       |   |--START -&gt; &lt; [1:2]&#10;|       |   |--RP_HTML_TAG_NAME -&gt; rp [1:3]&#10;|       |   `--END -&gt; &gt; [1:5]&#10;|       |--TEXT -&gt;   [1:6]&#10;|       |--LI -&gt; LI [1:7]&#10;|       |   |--LI_TAG_START -&gt; LI_TAG_START [1:7]&#10;|       |   |   |--START -&gt; &lt; [1:7]&#10;|       |   |   |--LI_HTML_TAG_NAME -&gt; li [1:8]&#10;|       |   |   `--END -&gt; &gt; [1:10]&#10;|       |   |--TEXT -&gt;   [1:11]&#10;|       |   `--LI_TAG_END -&gt; LI_TAG_END [1:12]&#10;|       |       |--START -&gt; &lt; [1:12]&#10;|       |       |--SLASH -&gt; / [1:13]&#10;|       |       |--LI_HTML_TAG_NAME -&gt; li [1:14]&#10;|       |       `--END -&gt; &gt; [1:16]&#10;|       |--TEXT -&gt;   [1:17]&#10;|       `--RP_TAG_END -&gt; RP_TAG_END [1:18]&#10;|           |--START -&gt; &lt; [1:18]&#10;|           |--SLASH -&gt; / [1:19]&#10;|           |--RP_HTML_TAG_NAME -&gt; RP [1:20]&#10;|           `--END -&gt; &gt; [1:22]&#10;|--NEWLINE -&gt; \n [1:23]&#10;|--LEADING_ASTERISK -&gt; * [2:0]&#10;|--TEXT -&gt;   [2:1]&#10;|--HTML_ELEMENT -&gt; HTML_ELEMENT [2:2]&#10;|   `--RP -&gt; RP [2:2]&#10;|       |--RP_TAG_START -&gt; RP_TAG_START [2:2]&#10;|       |   |--START -&gt; &lt; [2:2]&#10;|       |   |--RP_HTML_TAG_NAME -&gt; rp [2:3]&#10;|       |   `--END -&gt; &gt; [2:5]&#10;|       |--TEXT -&gt;   [2:6]&#10;|       |--LI_TAG_START -&gt; LI_TAG_START [2:7]&#10;|       |   |--START -&gt; &lt; [2:7]&#10;|       |   |--LI_HTML_TAG_NAME -&gt; li [2:8]&#10;|       |   `--END -&gt; &gt; [2:10]&#10;|       |--TEXT -&gt;   [2:11]&#10;|       `--RP_TAG_END -&gt; RP_TAG_END [2:12]&#10;|           |--START -&gt; &lt; [2:12]&#10;|           |--SLASH -&gt; / [2:13]&#10;|           |--RP_HTML_TAG_NAME -&gt; RP [2:14]&#10;|           `--END -&gt; &gt; [2:16]&#10;|--NEWLINE -&gt; \n [2:17]&#10;|--LEADING_ASTERISK -&gt; * [3:0]&#10;|--TEXT -&gt;   [3:1]&#10;|--HTML_ELEMENT -&gt; HTML_ELEMENT [3:2]&#10;|   `--RP_TAG_START -&gt; RP_TAG_START [3:2]&#10;|       |--START -&gt; &lt; [3:2]&#10;|       |--RP_HTML_TAG_NAME -&gt; rp [3:3]&#10;|       `--END -&gt; &gt; [3:5]&#10;|--TEXT -&gt;   [3:6]&#10;|--HTML_ELEMENT -&gt; HTML_ELEMENT [3:7]&#10;|   `--LI_TAG_END -&gt; LI_TAG_END [3:7]&#10;|       |--START -&gt; &lt; [3:7]&#10;|       |--SLASH -&gt; / [3:8]&#10;|       |--LI_HTML_TAG_NAME -&gt; li [3:9]&#10;|       `--END -&gt; &gt; [3:11]&#10;|--TEXT -&gt;   [3:12]&#10;|--HTML_ELEMENT -&gt; HTML_ELEMENT [3:13]&#10;|   `--RP_TAG_END -&gt; RP_TAG_END [3:13]&#10;|       |--START -&gt; &lt; [3:13]&#10;|       |--SLASH -&gt; / [3:14]&#10;|       |--RP_HTML_TAG_NAME -&gt; RP [3:15]&#10;|       `--END -&gt; &gt; [3:17]&#10;|--NEWLINE -&gt; \n [3:18]&#10;|--LEADING_ASTERISK -&gt; * [4:0]&#10;|--TEXT -&gt;   [4:1]&#10;|--HTML_ELEMENT -&gt; HTML_ELEMENT [4:2]&#10;|   `--RP -&gt; RP [4:2]&#10;|       |--RP_TAG_START -&gt; RP_TAG_START [4:2]&#10;|       |   |--START -&gt; &lt; [4:2]&#10;|       |   |--RP_HTML_TAG_NAME -&gt; rp [4:3]&#10;|       |   `--END -&gt; &gt; [4:5]&#10;|       |--TEXT -&gt;   [4:6]&#10;|       |--TR -&gt; TR [4:7]&#10;|       |   |--TR_TAG_START -&gt; TR_TAG_START [4:7]&#10;|       |   |   |--START -&gt; &lt; [4:7]&#10;|       |   |   |--TR_HTML_TAG_NAME -&gt; tr [4:8]&#10;|       |   |   `--END -&gt; &gt; [4:10]&#10;|       |   |--TEXT -&gt;   [4:11]&#10;|       |   `--TR_TAG_END -&gt; TR_TAG_END [4:12]&#10;|       |       |--START -&gt; &lt; [4:12]&#10;|       |       |--SLASH -&gt; / [4:13]&#10;|       |       |--TR_HTML_TAG_NAME -&gt; tr [4:14]&#10;|       |       `--END -&gt; &gt; [4:16]&#10;|       |--TEXT -&gt;   [4:17]&#10;|       `--RP_TAG_END -&gt; RP_TAG_END [4:18]&#10;|           |--START -&gt; &lt; [4:18]&#10;|           |--SLASH -&gt; / [4:19]&#10;|           |--RP_HTML_TAG_NAME -&gt; RP [4:20]&#10;|           `--END -&gt; &gt; [4:22]&#10;|--NEWLINE -&gt; \n [4:23]&#10;|--LEADING_ASTERISK -&gt; * [5:0]&#10;|--TEXT -&gt;   [5:1]&#10;|--HTML_ELEMENT -&gt; HTML_ELEMENT [5:2]&#10;|   `--RP -&gt; RP [5:2]&#10;|       |--RP_TAG_START -&gt; RP_TAG_START [5:2]&#10;|       |   |--START -&gt; &lt; [5:2]&#10;|       |   |--RP_HTML_TAG_NAME -&gt; rp [5:3]&#10;|       |   `--END -&gt; &gt; [5:5]&#10;|       |--TEXT -&gt;   [5:6]&#10;|       |--TR_TAG_START -&gt; TR_TAG_START [5:7]&#10;|       |   |--START -&gt; &lt; [5:7]&#10;|       |   |--TR_HTML_TAG_NAME -&gt; tr [5:8]&#10;|       |   `--END -&gt; &gt; [5:10]&#10;|       |--TEXT -&gt;   [5:11]&#10;|       `--RP_TAG_END -&gt; RP_TAG_END [5:12]&#10;|           |--START -&gt; &lt; [5:12]&#10;|           |--SLASH -&gt; / [5:13]&#10;|           |--RP_HTML_TAG_NAME -&gt; RP [5:14]&#10;|           `--END -&gt; &gt; [5:16]&#10;|--NEWLINE -&gt; \n [5:17]&#10;|--LEADING_ASTERISK -&gt; * [6:0]&#10;|--TEXT -&gt;   [6:1]&#10;|--HTML_ELEMENT -&gt; HTML_ELEMENT [6:2]&#10;|   `--RP_TAG_START -&gt; RP_TAG_START [6:2]&#10;|       |--START -&gt; &lt; [6:2]&#10;|       |--RP_HTML_TAG_NAME -&gt; rp [6:3]&#10;|       `--END -&gt; &gt; [6:5]&#10;|--TEXT -&gt;   [6:6]&#10;|--HTML_ELEMENT -&gt; HTML_ELEMENT [6:7]&#10;|   `--TR_TAG_END -&gt; TR_TAG_END [6:7]&#10;|       |--START -&gt; &lt; [6:7]&#10;|       |--SLASH -&gt; / [6:8]&#10;|       |--TR_HTML_TAG_NAME -&gt; tr [6:9]&#10;|       `--END -&gt; &gt; [6:11]&#10;|--TEXT -&gt;   [6:12]&#10;|--HTML_ELEMENT -&gt; HTML_ELEMENT [6:13]&#10;|   `--RP_TAG_END -&gt; RP_TAG_END [6:13]&#10;|       |--START -&gt; &lt; [6:13]&#10;|       |--SLASH -&gt; / [6:14]&#10;|       |--RP_HTML_TAG_NAME -&gt; RP [6:15]&#10;|       `--END -&gt; &gt; [6:17]&#10;|--NEWLINE -&gt; \n [6:18]&#10;|--LEADING_ASTERISK -&gt; * [7:0]&#10;|--TEXT -&gt;   [7:1]&#10;|--HTML_ELEMENT -&gt; HTML_ELEMENT [7:2]&#10;|   `--RP -&gt; RP [7:2]&#10;|       |--RP_TAG_START -&gt; RP_TAG_START [7:2]&#10;|       |   |--START -&gt; &lt; [7:2]&#10;|       |   |--RP_HTML_TAG_NAME -&gt; rp [7:3]&#10;|       |   `--END -&gt; &gt; [7:5]&#10;|       |--TEXT -&gt;   [7:6]&#10;|       |--TD -&gt; TD [7:7]&#10;|       |   |--TD_TAG_START -&gt; TD_TAG_START [7:7]&#10;|       |   |   |--START -&gt; &lt; [7:7]&#10;|       |   |   |--TD_HTML_TAG_NAME -&gt; td [7:8]&#10;|       |   |   `--END -&gt; &gt; [7:10]&#10;|       |   |--TEXT -&gt;   [7:11]&#10;|       |   `--TD_TAG_END -&gt; TD_TAG_END [7:12]&#10;|       |       |--START -&gt; &lt; [7:12]&#10;|       |       |--SLASH -&gt; / [7:13]&#10;|       |       |--TD_HTML_TAG_NAME -&gt; td [7:14]&#10;|       |       `--END -&gt; &gt; [7:16]&#10;|       |--TEXT -&gt;   [7:17]&#10;|       `--RP_TAG_END -&gt; RP_TAG_END [7:18]&#10;|           |--START -&gt; &lt; [7:18]&#10;|           |--SLASH -&gt; / [7:19]&#10;|           |--RP_HTML_TAG_NAME -&gt; RP [7:20]&#10;|           `--END -&gt; &gt; [7:22]&#10;|--NEWLINE -&gt; \n [7:23]&#10;|--LEADING_ASTERISK -&gt; * [8:0]&#10;|--TEXT -&gt;   [8:1]&#10;|--HTML_ELEMENT -&gt; HTML_ELEMENT [8:2]&#10;|   `--RP -&gt; RP [8:2]&#10;|       |--RP_TAG_START -&gt; RP_TAG_START [8:2]&#10;|       |   |--START -&gt; &lt; [8:2]&#10;|       |   |--RP_HTML_TAG_NAME -&gt; rp [8:3]&#10;|       |   `--END -&gt; &gt; [8:5]&#10;|       |--TEXT -&gt;   [8:6]&#10;|       |--TD_TAG_START -&gt; TD_TAG_START [8:7]&#10;|       |   |--START -&gt; &lt; [8:7]&#10;|       |   |--TD_HTML_TAG_NAME -&gt; td [8:8]&#10;|       |   `--END -&gt; &gt; [8:10]&#10;|       |--TEXT -&gt;   [8:11]&#10;|       `--RP_TAG_END -&gt; RP_TAG_END [8:12]&#10;|           |--START -&gt; &lt; [8:12]&#10;|           |--SLASH -&gt; / [8:13]&#10;|           |--RP_HTML_TAG_NAME -&gt; RP [8:14]&#10;|           `--END -&gt; &gt; [8:16]&#10;|--NEWLINE -&gt; \n [8:17]&#10;|--LEADING_ASTERISK -&gt; * [9:0]&#10;|--TEXT -&gt;   [9:1]&#10;|--HTML_ELEMENT -&gt; HTML_ELEMENT [9:2]&#10;|   `--RP_TAG_START -&gt; RP_TAG_START [9:2]&#10;|       |--START -&gt; &lt; [9:2]&#10;|       |--RP_HTML_TAG_NAME -&gt; rp [9:3]&#10;|       `--END -&gt; &gt; [9:5]&#10;|--TEXT -&gt;   [9:6]&#10;|--HTML_ELEMENT -&gt; HTML_ELEMENT [9:7]&#10;|   `--TD_TAG_END -&gt; TD_TAG_END [9:7]&#10;|       |--START -&gt; &lt; [9:7]&#10;|       |--SLASH -&gt; / [9:8]&#10;|       |--TD_HTML_TAG_NAME -&gt; td [9:9]&#10;|       `--END -&gt; &gt; [9:11]&#10;|--TEXT -&gt;   [9:12]&#10;|--HTML_ELEMENT -&gt; HTML_ELEMENT [9:13]&#10;|   `--RP_TAG_END -&gt; RP_TAG_END [9:13]&#10;|       |--START -&gt; &lt; [9:13]&#10;|       |--SLASH -&gt; / [9:14]&#10;|       |--RP_HTML_TAG_NAME -&gt; RP [9:15]&#10;|       `--END -&gt; &gt; [9:17]&#10;|--NEWLINE -&gt; \n [9:18]&#10;|--LEADING_ASTERISK -&gt; * [10:0]&#10;|--TEXT -&gt;   [10:1]&#10;|--HTML_ELEMENT -&gt; HTML_ELEMENT [10:2]&#10;|   `--RP -&gt; RP [10:2]&#10;|       |--RP_TAG_START -&gt; RP_TAG_START [10:2]&#10;|       |   |--START -&gt; &lt; [10:2]&#10;|       |   |--RP_HTML_TAG_NAME -&gt; rp [10:3]&#10;|       |   `--END -&gt; &gt; [10:5]&#10;|       |--TEXT -&gt;   [10:6]&#10;|       |--TH -&gt; TH [10:7]&#10;|       |   |--TH_TAG_START -&gt; TH_TAG_START [10:7]&#10;|       |   |   |--START -&gt; &lt; [10:7]&#10;|       |   |   |--TH_HTML_TAG_NAME -&gt; th [10:8]&#10;|       |   |   `--END -&gt; &gt; [10:10]&#10;|       |   |--TEXT -&gt;   [10:11]&#10;|       |   `--TH_TAG_END -&gt; TH_TAG_END [10:12]&#10;|       |       |--START -&gt; &lt; [10:12]&#10;|       |       |--SLASH -&gt; / [10:13]&#10;|       |       |--TH_HTML_TAG_NAME -&gt; th [10:14]&#10;|       |       `--END -&gt; &gt; [10:16]&#10;|       |--TEXT -&gt;   [10:17]&#10;|       `--RP_TAG_END -&gt; RP_TAG_END [10:18]&#10;|           |--START -&gt; &lt; [10:18]&#10;|           |--SLASH -&gt; / [10:19]&#10;|           |--RP_HTML_TAG_NAME -&gt; RP [10:20]&#10;|           `--END -&gt; &gt; [10:22]&#10;|--NEWLINE -&gt; \n [10:23]&#10;|--LEADING_ASTERISK -&gt; * [11:0]&#10;|--TEXT -&gt;   [11:1]&#10;|--HTML_ELEMENT -&gt; HTML_ELEMENT [11:2]&#10;|   `--RP -&gt; RP [11:2]&#10;|       |--RP_TAG_START -&gt; RP_TAG_START [11:2]&#10;|       |   |--START -&gt; &lt; [11:2]&#10;|       |   |--RP_HTML_TAG_NAME -&gt; rp [11:3]&#10;|       |   `--END -&gt; &gt; [11:5]&#10;|       |--TEXT -&gt;   [11:6]&#10;|       |--TH_TAG_START -&gt; TH_TAG_START [11:7]&#10;|       |   |--START -&gt; &lt; [11:7]&#10;|       |   |--TH_HTML_TAG_NAME -&gt; th [11:8]&#10;|       |   `--END -&gt; &gt; [11:10]&#10;|       |--TEXT -&gt;   [11:11]&#10;|       `--RP_TAG_END -&gt; RP_TAG_END [11:12]&#10;|           |--START -&gt; &lt; [11:12]&#10;|           |--SLASH -&gt; / [11:13]&#10;|           |--RP_HTML_TAG_NAME -&gt; RP [11:14]&#10;|           `--END -&gt; &gt; [11:16]&#10;|--NEWLINE -&gt; \n [11:17]&#10;|--LEADING_ASTERISK -&gt; * [12:0]&#10;|--TEXT -&gt;   [12:1]&#10;|--HTML_ELEMENT -&gt; HTML_ELEMENT [12:2]&#10;|   `--RP_TAG_START -&gt; RP_TAG_START [12:2]&#10;|       |--START -&gt; &lt; [12:2]&#10;|       |--RP_HTML_TAG_NAME -&gt; rp [12:3]&#10;|       `--END -&gt; &gt; [12:5]&#10;|--TEXT -&gt;   [12:6]&#10;|--HTML_ELEMENT -&gt; HTML_ELEMENT [12:7]&#10;|   `--TH_TAG_END -&gt; TH_TAG_END [12:7]&#10;|       |--START -&gt; &lt; [12:7]&#10;|       |--SLASH -&gt; / [12:8]&#10;|       |--TH_HTML_TAG_NAME -&gt; th [12:9]&#10;|       `--END -&gt; &gt; [12:11]&#10;|--TEXT -&gt;   [12:12]&#10;|--HTML_ELEMENT -&gt; HTML_ELEMENT [12:13]&#10;|   `--RP_TAG_END -&gt; RP_TAG_END [12:13]&#10;|       |--START -&gt; &lt; [12:13]&#10;|       |--SLASH -&gt; / [12:14]&#10;|       |--RP_HTML_TAG_NAME -&gt; RP [12:15]&#10;|       `--END -&gt; &gt; [12:17]&#10;|--NEWLINE -&gt; \n [12:18]&#10;|--LEADING_ASTERISK -&gt; * [13:0]&#10;|--TEXT -&gt;   [13:1]&#10;|--HTML_ELEMENT -&gt; HTML_ELEMENT [13:2]&#10;|   `--RP -&gt; RP [13:2]&#10;|       |--RP_TAG_START -&gt; RP_TAG_START [13:2]&#10;|       |   |--START -&gt; &lt; [13:2]&#10;|       |   |--RP_HTML_TAG_NAME -&gt; rp [13:3]&#10;|       |   `--END -&gt; &gt; [13:5]&#10;|       |--TEXT -&gt;   [13:6]&#10;|       |--BODY -&gt; BODY [13:7]&#10;|       |   |--BODY_TAG_START -&gt; BODY_TAG_START [13:7]&#10;|       |   |   |--START -&gt; &lt; [13:7]&#10;|       |   |   |--BODY_HTML_TAG_NAME -&gt; body [13:8]&#10;|       |   |   `--END -&gt; &gt; [13:12]&#10;|       |   |--TEXT -&gt;   [13:13]&#10;|       |   `--BODY_TAG_END -&gt; BODY_TAG_END [13:14]&#10;|       |       |--START -&gt; &lt; [13:14]&#10;|       |       |--SLASH -&gt; / [13:15]&#10;|       |       |--BODY_HTML_TAG_NAME -&gt; body [13:16]&#10;|       |       `--END -&gt; &gt; [13:20]&#10;|       |--TEXT -&gt;   [13:21]&#10;|       `--RP_TAG_END -&gt; RP_TAG_END [13:22]&#10;|           |--START -&gt; &lt; [13:22]&#10;|           |--SLASH -&gt; / [13:23]&#10;|           |--RP_HTML_TAG_NAME -&gt; RP [13:24]&#10;|           `--END -&gt; &gt; [13:26]&#10;|--NEWLINE -&gt; \n [13:27]&#10;|--LEADING_ASTERISK -&gt; * [14:0]&#10;|--TEXT -&gt;   [14:1]&#10;|--HTML_ELEMENT -&gt; HTML_ELEMENT [14:2]&#10;|   `--RP -&gt; RP [14:2]&#10;|       |--RP_TAG_START -&gt; RP_TAG_START [14:2]&#10;|       |   |--START -&gt; &lt; [14:2]&#10;|       |   |--RP_HTML_TAG_NAME -&gt; rp [14:3]&#10;|       |   `--END -&gt; &gt; [14:5]&#10;|       |--TEXT -&gt;   [14:6]&#10;|       |--BODY_TAG_START -&gt; BODY_TAG_START [14:7]&#10;|       |   |--START -&gt; &lt; [14:7]&#10;|       |   |--BODY_HTML_TAG_NAME -&gt; body [14:8]&#10;|       |   `--END -&gt; &gt; [14:12]&#10;|       |--TEXT -&gt;   [14:13]&#10;|       `--RP_TAG_END -&gt; RP_TAG_END [14:14]&#10;|           |--START -&gt; &lt; [14:14]&#10;|           |--SLASH -&gt; / [14:15]&#10;|           |--RP_HTML_TAG_NAME -&gt; RP [14:16]&#10;|           `--END -&gt; &gt; [14:18]&#10;|--NEWLINE -&gt; \n [14:19]&#10;|--LEADING_ASTERISK -&gt; * [15:0]&#10;|--TEXT -&gt;   [15:1]&#10;|--HTML_ELEMENT -&gt; HTML_ELEMENT [15:2]&#10;|   `--RP_TAG_START -&gt; RP_TAG_START [15:2]&#10;|       |--START -&gt; &lt; [15:2]&#10;|       |--RP_HTML_TAG_NAME -&gt; rp [15:3]&#10;|       `--END -&gt; &gt; [15:5]&#10;|--TEXT -&gt;   [15:6]&#10;|--HTML_ELEMENT -&gt; HTML_ELEMENT [15:7]&#10;|   `--BODY_TAG_END -&gt; BODY_TAG_END [15:7]&#10;|       |--START -&gt; &lt; [15:7]&#10;|       |--SLASH -&gt; / [15:8]&#10;|       |--BODY_HTML_TAG_NAME -&gt; body [15:9]&#10;|       `--END -&gt; &gt; [15:13]&#10;|--TEXT -&gt;   [15:14]&#10;|--HTML_ELEMENT -&gt; HTML_ELEMENT [15:15]&#10;|   `--RP_TAG_END -&gt; RP_TAG_END [15:15]&#10;|       |--START -&gt; &lt; [15:15]&#10;|       |--SLASH -&gt; / [15:16]&#10;|       |--RP_HTML_TAG_NAME -&gt; RP [15:17]&#10;|       `--END -&gt; &gt; [15:19]&#10;|--NEWLINE -&gt; \n [15:20]&#10;|--LEADING_ASTERISK -&gt; * [16:0]&#10;|--TEXT -&gt;   [16:1]&#10;|--HTML_ELEMENT -&gt; HTML_ELEMENT [16:2]&#10;|   `--RP -&gt; RP [16:2]&#10;|       |--RP_TAG_START -&gt; RP_TAG_START [16:2]&#10;|       |   |--START -&gt; &lt; [16:2]&#10;|       |   |--RP_HTML_TAG_NAME -&gt; rp [16:3]&#10;|       |   `--END -&gt; &gt; [16:5]&#10;|       |--TEXT -&gt;   [16:6]&#10;|       |--COLGROUP -&gt; COLGROUP [16:7]&#10;|       |   |--COLGROUP_TAG_START -&gt; COLGROUP_TAG_START [16:7]&#10;|       |   |   |--START -&gt; &lt; [16:7]&#10;|       |   |   |--COLGROUP_HTML_TAG_NAME -&gt; colgroup [16:8]&#10;|       |   |   `--END -&gt; &gt; [16:16]&#10;|       |   |--TEXT -&gt;   [16:17]&#10;|       |   `--COLGROUP_TAG_END -&gt; COLGROUP_TAG_END [16:18]&#10;|       |       |--START -&gt; &lt; [16:18]&#10;|       |       |--SLASH -&gt; / [16:19]&#10;|       |       |--COLGROUP_HTML_TAG_NAME -&gt; colgroup [16:20]&#10;|       |       `--END -&gt; &gt; [16:28]&#10;|       |--TEXT -&gt;   [16:29]&#10;|       `--RP_TAG_END -&gt; RP_TAG_END [16:30]&#10;|           |--START -&gt; &lt; [16:30]&#10;|           |--SLASH -&gt; / [16:31]&#10;|           |--RP_HTML_TAG_NAME -&gt; RP [16:32]&#10;|           `--END -&gt; &gt; [16:34]&#10;|--NEWLINE -&gt; \n [16:35]&#10;|--LEADING_ASTERISK -&gt; * [17:0]&#10;|--TEXT -&gt;   [17:1]&#10;|--HTML_ELEMENT -&gt; HTML_ELEMENT [17:2]&#10;|   `--RP -&gt; RP [17:2]&#10;|       |--RP_TAG_START -&gt; RP_TAG_START [17:2]&#10;|       |   |--START -&gt; &lt; [17:2]&#10;|       |   |--RP_HTML_TAG_NAME -&gt; rp [17:3]&#10;|       |   `--END -&gt; &gt; [17:5]&#10;|       |--TEXT -&gt;   [17:6]&#10;|       |--COLGROUP_TAG_START -&gt; COLGROUP_TAG_START [17:7]&#10;|       |   |--START -&gt; &lt; [17:7]&#10;|       |   |--COLGROUP_HTML_TAG_NAME -&gt; colgroup [17:8]&#10;|       |   `--END -&gt; &gt; [17:16]&#10;|       |--TEXT -&gt;   [17:17]&#10;|       `--RP_TAG_END -&gt; RP_TAG_END [17:18]&#10;|           |--START -&gt; &lt; [17:18]&#10;|           |--SLASH -&gt; / [17:19]&#10;|           |--RP_HTML_TAG_NAME -&gt; RP [17:20]&#10;|           `--END -&gt; &gt; [17:22]&#10;|--NEWLINE -&gt; \n [17:23]&#10;|--LEADING_ASTERISK -&gt; * [18:0]&#10;|--TEXT -&gt;   [18:1]&#10;|--HTML_ELEMENT -&gt; HTML_ELEMENT [18:2]&#10;|   `--RP_TAG_START -&gt; RP_TAG_START [18:2]&#10;|       |--START -&gt; &lt; [18:2]&#10;|       |--RP_HTML_TAG_NAME -&gt; rp [18:3]&#10;|       `--END -&gt; &gt; [18:5]&#10;|--TEXT -&gt;   [18:6]&#10;|--HTML_ELEMENT -&gt; HTML_ELEMENT [18:7]&#10;|   `--COLGROUP_TAG_END -&gt; COLGROUP_TAG_END [18:7]&#10;|       |--START -&gt; &lt; [18:7]&#10;|       |--SLASH -&gt; / [18:8]&#10;|       |--COLGROUP_HTML_TAG_NAME -&gt; colgroup [18:9]&#10;|       `--END -&gt; &gt; [18:17]&#10;|--TEXT -&gt;   [18:18]&#10;|--HTML_ELEMENT -&gt; HTML_ELEMENT [18:19]&#10;|   `--RP_TAG_END -&gt; RP_TAG_END [18:19]&#10;|       |--START -&gt; &lt; [18:19]&#10;|       |--SLASH -&gt; / [18:20]&#10;|       |--RP_HTML_TAG_NAME -&gt; RP [18:21]&#10;|       `--END -&gt; &gt; [18:23]&#10;|--NEWLINE -&gt; \n [18:24]&#10;|--LEADING_ASTERISK -&gt; * [19:0]&#10;|--TEXT -&gt;   [19:1]&#10;|--HTML_ELEMENT -&gt; HTML_ELEMENT [19:2]&#10;|   `--RP -&gt; RP [19:2]&#10;|       |--RP_TAG_START -&gt; RP_TAG_START [19:2]&#10;|       |   |--START -&gt; &lt; [19:2]&#10;|       |   |--RP_HTML_TAG_NAME -&gt; rp [19:3]&#10;|       |   `--END -&gt; &gt; [19:5]&#10;|       |--TEXT -&gt;   [19:6]&#10;|       |--DD -&gt; DD [19:7]&#10;|       |   |--DD_TAG_START -&gt; DD_TAG_START [19:7]&#10;|       |   |   |--START -&gt; &lt; [19:7]&#10;|       |   |   |--DD_HTML_TAG_NAME -&gt; dd [19:8]&#10;|       |   |   `--END -&gt; &gt; [19:10]&#10;|       |   |--TEXT -&gt;   [19:11]&#10;|       |   `--DD_TAG_END -&gt; DD_TAG_END [19:12]&#10;|       |       |--START -&gt; &lt; [19:12]&#10;|       |       |--SLASH -&gt; / [19:13]&#10;|       |       |--DD_HTML_TAG_NAME -&gt; dd [19:14]&#10;|       |       `--END -&gt; &gt; [19:16]&#10;|       |--TEXT -&gt;   [19:17]&#10;|       `--RP_TAG_END -&gt; RP_TAG_END [19:18]&#10;|           |--START -&gt; &lt; [19:18]&#10;|           |--SLASH -&gt; / [19:19]&#10;|           |--RP_HTML_TAG_NAME -&gt; RP [19:20]&#10;|           `--END -&gt; &gt; [19:22]&#10;|--NEWLINE -&gt; \n [19:23]&#10;|--LEADING_ASTERISK -&gt; * [20:0]&#10;|--TEXT -&gt;   [20:1]&#10;|--HTML_ELEMENT -&gt; HTML_ELEMENT [20:2]&#10;|   `--RP -&gt; RP [20:2]&#10;|       |--RP_TAG_START -&gt; RP_TAG_START [20:2]&#10;|       |   |--START -&gt; &lt; [20:2]&#10;|       |   |--RP_HTML_TAG_NAME -&gt; rp [20:3]&#10;|       |   `--END -&gt; &gt; [20:5]&#10;|       |--TEXT -&gt;   [20:6]&#10;|       |--DD_TAG_START -&gt; DD_TAG_START [20:7]&#10;|       |   |--START -&gt; &lt; [20:7]&#10;|       |   |--DD_HTML_TAG_NAME -&gt; dd [20:8]&#10;|       |   `--END -&gt; &gt; [20:10]&#10;|       |--TEXT -&gt;   [20:11]&#10;|       `--RP_TAG_END -&gt; RP_TAG_END [20:12]&#10;|           |--START -&gt; &lt; [20:12]&#10;|           |--SLASH -&gt; / [20:13]&#10;|           |--RP_HTML_TAG_NAME -&gt; RP [20:14]&#10;|           `--END -&gt; &gt; [20:16]&#10;|--NEWLINE -&gt; \n [20:17]&#10;|--LEADING_ASTERISK -&gt; * [21:0]&#10;|--TEXT -&gt;   [21:1]&#10;|--HTML_ELEMENT -&gt; HTML_ELEMENT [21:2]&#10;|   `--RP_TAG_START -&gt; RP_TAG_START [21:2]&#10;|       |--START -&gt; &lt; [21:2]&#10;|       |--RP_HTML_TAG_NAME -&gt; rp [21:3]&#10;|       `--END -&gt; &gt; [21:5]&#10;|--TEXT -&gt;   [21:6]&#10;|--HTML_ELEMENT -&gt; HTML_ELEMENT [21:7]&#10;|   `--DD_TAG_END -&gt; DD_TAG_END [21:7]&#10;|       |--START -&gt; &lt; [21:7]&#10;|       |--SLASH -&gt; / [21:8]&#10;|       |--DD_HTML_TAG_NAME -&gt; dd [21:9]&#10;|       `--END -&gt; &gt; [21:11]&#10;|--TEXT -&gt;   [21:12]&#10;|--HTML_ELEMENT -&gt; HTML_ELEMENT [21:13]&#10;|   `--RP_TAG_END -&gt; RP_TAG_END [21:13]&#10;|       |--START -&gt; &lt; [21:13]&#10;|       |--SLASH -&gt; / [21:14]&#10;|       |--RP_HTML_TAG_NAME -&gt; RP [21:15]&#10;|       `--END -&gt; &gt; [21:17]&#10;|--NEWLINE -&gt; \n [21:18]&#10;|--LEADING_ASTERISK -&gt; * [22:0]&#10;|--TEXT -&gt;   [22:1]&#10;|--HTML_ELEMENT -&gt; HTML_ELEMENT [22:2]&#10;|   `--RP -&gt; RP [22:2]&#10;|       |--RP_TAG_START -&gt; RP_TAG_START [22:2]&#10;|       |   |--START -&gt; &lt; [22:2]&#10;|       |   |--RP_HTML_TAG_NAME -&gt; rp [22:3]&#10;|       |   `--END -&gt; &gt; [22:5]&#10;|       |--TEXT -&gt;   [22:6]&#10;|       |--DT -&gt; DT [22:7]&#10;|       |   |--DT_TAG_START -&gt; DT_TAG_START [22:7]&#10;|       |   |   |--START -&gt; &lt; [22:7]&#10;|       |   |   |--DT_HTML_TAG_NAME -&gt; dt [22:8]&#10;|       |   |   `--END -&gt; &gt; [22:10]&#10;|       |   |--TEXT -&gt;   [22:11]&#10;|       |   `--DT_TAG_END -&gt; DT_TAG_END [22:12]&#10;|       |       |--START -&gt; &lt; [22:12]&#10;|       |       |--SLASH -&gt; / [22:13]&#10;|       |       |--DT_HTML_TAG_NAME -&gt; dt [22:14]&#10;|       |       `--END -&gt; &gt; [22:16]&#10;|       |--TEXT -&gt;   [22:17]&#10;|       `--RP_TAG_END -&gt; RP_TAG_END [22:18]&#10;|           |--START -&gt; &lt; [22:18]&#10;|           |--SLASH -&gt; / [22:19]&#10;|           |--RP_HTML_TAG_NAME -&gt; RP [22:20]&#10;|           `--END -&gt; &gt; [22:22]&#10;|--NEWLINE -&gt; \n [22:23]&#10;|--LEADING_ASTERISK -&gt; * [23:0]&#10;|--TEXT -&gt;   [23:1]&#10;|--HTML_ELEMENT -&gt; HTML_ELEMENT [23:2]&#10;|   `--RP -&gt; RP [23:2]&#10;|       |--RP_TAG_START -&gt; RP_TAG_START [23:2]&#10;|       |   |--START -&gt; &lt; [23:2]&#10;|       |   |--RP_HTML_TAG_NAME -&gt; rp [23:3]&#10;|       |   `--END -&gt; &gt; [23:5]&#10;|       |--TEXT -&gt;   [23:6]&#10;|       |--DT_TAG_START -&gt; DT_TAG_START [23:7]&#10;|       |   |--START -&gt; &lt; [23:7]&#10;|       |   |--DT_HTML_TAG_NAME -&gt; dt [23:8]&#10;|       |   `--END -&gt; &gt; [23:10]&#10;|       |--TEXT -&gt;   [23:11]&#10;|       `--RP_TAG_END -&gt; RP_TAG_END [23:12]&#10;|           |--START -&gt; &lt; [23:12]&#10;|           |--SLASH -&gt; / [23:13]&#10;|           |--RP_HTML_TAG_NAME -&gt; RP [23:14]&#10;|           `--END -&gt; &gt; [23:16]&#10;|--NEWLINE -&gt; \n [23:17]&#10;|--LEADING_ASTERISK -&gt; * [24:0]&#10;|--TEXT -&gt;   [24:1]&#10;|--HTML_ELEMENT -&gt; HTML_ELEMENT [24:2]&#10;|   `--RP_TAG_START -&gt; RP_TAG_START [24:2]&#10;|       |--START -&gt; &lt; [24:2]&#10;|       |--RP_HTML_TAG_NAME -&gt; rp [24:3]&#10;|       `--END -&gt; &gt; [24:5]&#10;|--TEXT -&gt;   [24:6]&#10;|--HTML_ELEMENT -&gt; HTML_ELEMENT [24:7]&#10;|   `--DT_TAG_END -&gt; DT_TAG_END [24:7]&#10;|       |--START -&gt; &lt; [24:7]&#10;|       |--SLASH -&gt; / [24:8]&#10;|       |--DT_HTML_TAG_NAME -&gt; dt [24:9]&#10;|       `--END -&gt; &gt; [24:11]&#10;|--TEXT -&gt;   [24:12]&#10;|--HTML_ELEMENT -&gt; HTML_ELEMENT [24:13]&#10;|   `--RP_TAG_END -&gt; RP_TAG_END [24:13]&#10;|       |--START -&gt; &lt; [24:13]&#10;|       |--SLASH -&gt; / [24:14]&#10;|       |--RP_HTML_TAG_NAME -&gt; RP [24:15]&#10;|       `--END -&gt; &gt; [24:17]&#10;|--NEWLINE -&gt; \n [24:18]&#10;|--LEADING_ASTERISK -&gt; * [25:0]&#10;|--TEXT -&gt;   [25:1]&#10;|--HTML_ELEMENT -&gt; HTML_ELEMENT [25:2]&#10;|   `--RP -&gt; RP [25:2]&#10;|       |--RP_TAG_START -&gt; RP_TAG_START [25:2]&#10;|       |   |--START -&gt; &lt; [25:2]&#10;|       |   |--RP_HTML_TAG_NAME -&gt; rp [25:3]&#10;|       |   `--END -&gt; &gt; [25:5]&#10;|       |--TEXT -&gt;   [25:6]&#10;|       |--HEAD -&gt; HEAD [25:7]&#10;|       |   |--HEAD_TAG_START -&gt; HEAD_TAG_START [25:7]&#10;|       |   |   |--START -&gt; &lt; [25:7]&#10;|       |   |   |--HEAD_HTML_TAG_NAME -&gt; head [25:8]&#10;|       |   |   `--END -&gt; &gt; [25:12]&#10;|       |   |--TEXT -&gt;   [25:13]&#10;|       |   `--HEAD_TAG_END -&gt; HEAD_TAG_END [25:14]&#10;|       |       |--START -&gt; &lt; [25:14]&#10;|       |       |--SLASH -&gt; / [25:15]&#10;|       |       |--HEAD_HTML_TAG_NAME -&gt; head [25:16]&#10;|       |       `--END -&gt; &gt; [25:20]&#10;|       |--TEXT -&gt;   [25:21]&#10;|       `--RP_TAG_END -&gt; RP_TAG_END [25:22]&#10;|           |--START -&gt; &lt; [25:22]&#10;|           |--SLASH -&gt; / [25:23]&#10;|           |--RP_HTML_TAG_NAME -&gt; RP [25:24]&#10;|           `--END -&gt; &gt; [25:26]&#10;|--NEWLINE -&gt; \n [25:27]&#10;|--LEADING_ASTERISK -&gt; * [26:0]&#10;|--TEXT -&gt;   [26:1]&#10;|--HTML_ELEMENT -&gt; HTML_ELEMENT [26:2]&#10;|   `--RP -&gt; RP [26:2]&#10;|       |--RP_TAG_START -&gt; RP_TAG_START [26:2]&#10;|       |   |--START -&gt; &lt; [26:2]&#10;|       |   |--RP_HTML_TAG_NAME -&gt; rp [26:3]&#10;|       |   `--END -&gt; &gt; [26:5]&#10;|       |--TEXT -&gt;   [26:6]&#10;|       |--HEAD_TAG_START -&gt; HEAD_TAG_START [26:7]&#10;|       |   |--START -&gt; &lt; [26:7]&#10;|       |   |--HEAD_HTML_TAG_NAME -&gt; head [26:8]&#10;|       |   `--END -&gt; &gt; [26:12]&#10;|       |--TEXT -&gt;   [26:13]&#10;|       `--RP_TAG_END -&gt; RP_TAG_END [26:14]&#10;|           |--START -&gt; &lt; [26:14]&#10;|           |--SLASH -&gt; / [26:15]&#10;|           |--RP_HTML_TAG_NAME -&gt; RP [26:16]&#10;|           `--END -&gt; &gt; [26:18]&#10;|--NEWLINE -&gt; \n [26:19]&#10;|--LEADING_ASTERISK -&gt; * [27:0]&#10;|--TEXT -&gt;   [27:1]&#10;|--HTML_ELEMENT -&gt; HTML_ELEMENT [27:2]&#10;|   `--RP_TAG_START -&gt; RP_TAG_START [27:2]&#10;|       |--START -&gt; &lt; [27:2]&#10;|       |--RP_HTML_TAG_NAME -&gt; rp [27:3]&#10;|       `--END -&gt; &gt; [27:5]&#10;|--TEXT -&gt;   [27:6]&#10;|--HTML_ELEMENT -&gt; HTML_ELEMENT [27:7]&#10;|   `--HEAD_TAG_END -&gt; HEAD_TAG_END [27:7]&#10;|       |--START -&gt; &lt; [27:7]&#10;|       |--SLASH -&gt; / [27:8]&#10;|       |--HEAD_HTML_TAG_NAME -&gt; head [27:9]&#10;|       `--END -&gt; &gt; [27:13]&#10;|--TEXT -&gt;   [27:14]&#10;|--HTML_ELEMENT -&gt; HTML_ELEMENT [27:15]&#10;|   `--RP_TAG_END -&gt; RP_TAG_END [27:15]&#10;|       |--START -&gt; &lt; [27:15]&#10;|       |--SLASH -&gt; / [27:16]&#10;|       |--RP_HTML_TAG_NAME -&gt; RP [27:17]&#10;|       `--END -&gt; &gt; [27:19]&#10;|--NEWLINE -&gt; \n [27:20]&#10;|--LEADING_ASTERISK -&gt; * [28:0]&#10;|--TEXT -&gt;   [28:1]&#10;|--HTML_ELEMENT -&gt; HTML_ELEMENT [28:2]&#10;|   `--RP -&gt; RP [28:2]&#10;|       |--RP_TAG_START -&gt; RP_TAG_START [28:2]&#10;|       |   |--START -&gt; &lt; [28:2]&#10;|       |   |--RP_HTML_TAG_NAME -&gt; rp [28:3]&#10;|       |   `--END -&gt; &gt; [28:5]&#10;|       |--TEXT -&gt;   [28:6]&#10;|       |--HTML -&gt; HTML [28:7]&#10;|       |   |--HTML_TAG_START -&gt; HTML_TAG_START [28:7]&#10;|       |   |   |--START -&gt; &lt; [28:7]&#10;|       |   |   |--HTML_HTML_TAG_NAME -&gt; html [28:8]&#10;|       |   |   `--END -&gt; &gt; [28:12]&#10;|       |   |--TEXT -&gt;   [28:13]&#10;|       |   `--HTML_TAG_END -&gt; HTML_TAG_END [28:14]&#10;|       |       |--START -&gt; &lt; [28:14]&#10;|       |       |--SLASH -&gt; / [28:15]&#10;|       |       |--HTML_HTML_TAG_NAME -&gt; html [28:16]&#10;|       |       `--END -&gt; &gt; [28:20]&#10;|       |--TEXT -&gt;   [28:21]&#10;|       `--RP_TAG_END -&gt; RP_TAG_END [28:22]&#10;|           |--START -&gt; &lt; [28:22]&#10;|           |--SLASH -&gt; / [28:23]&#10;|           |--RP_HTML_TAG_NAME -&gt; RP [28:24]&#10;|           `--END -&gt; &gt; [28:26]&#10;|--NEWLINE -&gt; \n [28:27]&#10;|--LEADING_ASTERISK -&gt; * [29:0]&#10;|--TEXT -&gt;   [29:1]&#10;|--HTML_ELEMENT -&gt; HTML_ELEMENT [29:2]&#10;|   `--RP -&gt; RP [29:2]&#10;|       |--RP_TAG_START -&gt; RP_TAG_START [29:2]&#10;|       |   |--START -&gt; &lt; [29:2]&#10;|       |   |--RP_HTML_TAG_NAME -&gt; rp [29:3]&#10;|       |   `--END -&gt; &gt; [29:5]&#10;|       |--TEXT -&gt;   [29:6]&#10;|       |--HTML_TAG_START -&gt; HTML_TAG_START [29:7]&#10;|       |   |--START -&gt; &lt; [29:7]&#10;|       |   |--HTML_HTML_TAG_NAME -&gt; html [29:8]&#10;|       |   `--END -&gt; &gt; [29:12]&#10;|       |--TEXT -&gt;   [29:13]&#10;|       `--RP_TAG_END -&gt; RP_TAG_END [29:14]&#10;|           |--START -&gt; &lt; [29:14]&#10;|           |--SLASH -&gt; / [29:15]&#10;|           |--RP_HTML_TAG_NAME -&gt; RP [29:16]&#10;|           `--END -&gt; &gt; [29:18]&#10;|--NEWLINE -&gt; \n [29:19]&#10;|--LEADING_ASTERISK -&gt; * [30:0]&#10;|--TEXT -&gt;   [30:1]&#10;|--HTML_ELEMENT -&gt; HTML_ELEMENT [30:2]&#10;|   `--RP_TAG_START -&gt; RP_TAG_START [30:2]&#10;|       |--START -&gt; &lt; [30:2]&#10;|       |--RP_HTML_TAG_NAME -&gt; rp [30:3]&#10;|       `--END -&gt; &gt; [30:5]&#10;|--TEXT -&gt;   [30:6]&#10;|--HTML_ELEMENT -&gt; HTML_ELEMENT [30:7]&#10;|   `--HTML_TAG_END -&gt; HTML_TAG_END [30:7]&#10;|       |--START -&gt; &lt; [30:7]&#10;|       |--SLASH -&gt; / [30:8]&#10;|       |--HTML_HTML_TAG_NAME -&gt; html [30:9]&#10;|       `--END -&gt; &gt; [30:13]&#10;|--TEXT -&gt;   [30:14]&#10;|--HTML_ELEMENT -&gt; HTML_ELEMENT [30:15]&#10;|   `--RP_TAG_END -&gt; RP_TAG_END [30:15]&#10;|       |--START -&gt; &lt; [30:15]&#10;|       |--SLASH -&gt; / [30:16]&#10;|       |--RP_HTML_TAG_NAME -&gt; RP [30:17]&#10;|       `--END -&gt; &gt; [30:19]&#10;|--NEWLINE -&gt; \n [30:20]&#10;|--LEADING_ASTERISK -&gt; * [31:0]&#10;|--TEXT -&gt;   [31:1]&#10;|--HTML_ELEMENT -&gt; HTML_ELEMENT [31:2]&#10;|   `--RP -&gt; RP [31:2]&#10;|       |--RP_TAG_START -&gt; RP_TAG_START [31:2]&#10;|       |   |--START -&gt; &lt; [31:2]&#10;|       |   |--RP_HTML_TAG_NAME -&gt; rp [31:3]&#10;|       |   `--END -&gt; &gt; [31:5]&#10;|       |--TEXT -&gt;   [31:6]&#10;|       |--OPTION -&gt; OPTION [31:7]&#10;|       |   |--OPTION_TAG_START -&gt; OPTION_TAG_START [31:7]&#10;|       |   |   |--START -&gt; &lt; [31:7]&#10;|       |   |   |--OPTION_HTML_TAG_NAME -&gt; option [31:8]&#10;|       |   |   `--END -&gt; &gt; [31:14]&#10;|       |   |--TEXT -&gt;   [31:15]&#10;|       |   `--OPTION_TAG_END -&gt; OPTION_TAG_END [31:16]&#10;|       |       |--START -&gt; &lt; [31:16]&#10;|       |       |--SLASH -&gt; / [31:17]&#10;|       |       |--OPTION_HTML_TAG_NAME -&gt; option [31:18]&#10;|       |       `--END -&gt; &gt; [31:24]&#10;|       |--TEXT -&gt;   [31:25]&#10;|       `--RP_TAG_END -&gt; RP_TAG_END [31:26]&#10;|           |--START -&gt; &lt; [31:26]&#10;|           |--SLASH -&gt; / [31:27]&#10;|           |--RP_HTML_TAG_NAME -&gt; RP [31:28]&#10;|           `--END -&gt; &gt; [31:30]&#10;|--NEWLINE -&gt; \n [31:31]&#10;|--LEADING_ASTERISK -&gt; * [32:0]&#10;|--TEXT -&gt;   [32:1]&#10;|--HTML_ELEMENT -&gt; HTML_ELEMENT [32:2]&#10;|   `--RP -&gt; RP [32:2]&#10;|       |--RP_TAG_START -&gt; RP_TAG_START [32:2]&#10;|       |   |--START -&gt; &lt; [32:2]&#10;|       |   |--RP_HTML_TAG_NAME -&gt; rp [32:3]&#10;|       |   `--END -&gt; &gt; [32:5]&#10;|       |--TEXT -&gt;   [32:6]&#10;|       |--OPTION_TAG_START -&gt; OPTION_TAG_START [32:7]&#10;|       |   |--START -&gt; &lt; [32:7]&#10;|       |   |--OPTION_HTML_TAG_NAME -&gt; option [32:8]&#10;|       |   `--END -&gt; &gt; [32:14]&#10;|       |--TEXT -&gt;   [32:15]&#10;|       `--RP_TAG_END -&gt; RP_TAG_END [32:16]&#10;|           |--START -&gt; &lt; [32:16]&#10;|           |--SLASH -&gt; / [32:17]&#10;|           |--RP_HTML_TAG_NAME -&gt; RP [32:18]&#10;|           `--END -&gt; &gt; [32:20]&#10;|--NEWLINE -&gt; \n [32:21]&#10;|--LEADING_ASTERISK -&gt; * [33:0]&#10;|--TEXT -&gt;   [33:1]&#10;|--HTML_ELEMENT -&gt; HTML_ELEMENT [33:2]&#10;|   `--RP_TAG_START -&gt; RP_TAG_START [33:2]&#10;|       |--START -&gt; &lt; [33:2]&#10;|       |--RP_HTML_TAG_NAME -&gt; rp [33:3]&#10;|       `--END -&gt; &gt; [33:5]&#10;|--TEXT -&gt;   [33:6]&#10;|--HTML_ELEMENT -&gt; HTML_ELEMENT [33:7]&#10;|   `--OPTION_TAG_END -&gt; OPTION_TAG_END [33:7]&#10;|       |--START -&gt; &lt; [33:7]&#10;|       |--SLASH -&gt; / [33:8]&#10;|       |--OPTION_HTML_TAG_NAME -&gt; option [33:9]&#10;|       `--END -&gt; &gt; [33:15]&#10;|--TEXT -&gt;   [33:16]&#10;|--HTML_ELEMENT -&gt; HTML_ELEMENT [33:17]&#10;|   `--RP_TAG_END -&gt; RP_TAG_END [33:17]&#10;|       |--START -&gt; &lt; [33:17]&#10;|       |--SLASH -&gt; / [33:18]&#10;|       |--RP_HTML_TAG_NAME -&gt; RP [33:19]&#10;|       `--END -&gt; &gt; [33:21]&#10;|--NEWLINE -&gt; \n [33:22]&#10;|--LEADING_ASTERISK -&gt; * [34:0]&#10;|--TEXT -&gt;   [34:1]&#10;|--HTML_ELEMENT -&gt; HTML_ELEMENT [34:2]&#10;|   `--RP -&gt; RP [34:2]&#10;|       |--RP_TAG_START -&gt; RP_TAG_START [34:2]&#10;|       |   |--START -&gt; &lt; [34:2]&#10;|       |   |--RP_HTML_TAG_NAME -&gt; rp [34:3]&#10;|       |   `--END -&gt; &gt; [34:5]&#10;|       |--TEXT -&gt;   [34:6]&#10;|       |--TBODY -&gt; TBODY [34:7]&#10;|       |   |--TBODY_TAG_START -&gt; TBODY_TAG_START [34:7]&#10;|       |   |   |--START -&gt; &lt; [34:7]&#10;|       |   |   |--TBODY_HTML_TAG_NAME -&gt; tbody [34:8]&#10;|       |   |   `--END -&gt; &gt; [34:13]&#10;|       |   |--TEXT -&gt;   [34:14]&#10;|       |   `--TBODY_TAG_END -&gt; TBODY_TAG_END [34:15]&#10;|       |       |--START -&gt; &lt; [34:15]&#10;|       |       |--SLASH -&gt; / [34:16]&#10;|       |       |--TBODY_HTML_TAG_NAME -&gt; tbody [34:17]&#10;|       |       `--END -&gt; &gt; [34:22]&#10;|       |--TEXT -&gt;   [34:23]&#10;|       `--RP_TAG_END -&gt; RP_TAG_END [34:24]&#10;|           |--START -&gt; &lt; [34:24]&#10;|           |--SLASH -&gt; / [34:25]&#10;|           |--RP_HTML_TAG_NAME -&gt; rP [34:26]&#10;|           `--END -&gt; &gt; [34:28]&#10;|--NEWLINE -&gt; \n [34:29]&#10;|--LEADING_ASTERISK -&gt; * [35:0]&#10;|--TEXT -&gt;   [35:1]&#10;|--HTML_ELEMENT -&gt; HTML_ELEMENT [35:2]&#10;|   `--RP -&gt; RP [35:2]&#10;|       |--RP_TAG_START -&gt; RP_TAG_START [35:2]&#10;|       |   |--START -&gt; &lt; [35:2]&#10;|       |   |--RP_HTML_TAG_NAME -&gt; rp [35:3]&#10;|       |   `--END -&gt; &gt; [35:5]&#10;|       |--TEXT -&gt;   [35:6]&#10;|       |--TBODY_TAG_START -&gt; TBODY_TAG_START [35:7]&#10;|       |   |--START -&gt; &lt; [35:7]&#10;|       |   |--TBODY_HTML_TAG_NAME -&gt; tbody [35:8]&#10;|       |   `--END -&gt; &gt; [35:13]&#10;|       |--TEXT -&gt;   [35:14]&#10;|       `--RP_TAG_END -&gt; RP_TAG_END [35:15]&#10;|           |--START -&gt; &lt; [35:15]&#10;|           |--SLASH -&gt; / [35:16]&#10;|           |--RP_HTML_TAG_NAME -&gt; RP [35:17]&#10;|           `--END -&gt; &gt; [35:19]&#10;|--NEWLINE -&gt; \n [35:20]&#10;|--LEADING_ASTERISK -&gt; * [36:0]&#10;|--TEXT -&gt;   [36:1]&#10;|--HTML_ELEMENT -&gt; HTML_ELEMENT [36:2]&#10;|   `--RP_TAG_START -&gt; RP_TAG_START [36:2]&#10;|       |--START -&gt; &lt; [36:2]&#10;|       |--RP_HTML_TAG_NAME -&gt; rp [36:3]&#10;|       `--END -&gt; &gt; [36:5]&#10;|--TEXT -&gt;   [36:6]&#10;|--HTML_ELEMENT -&gt; HTML_ELEMENT [36:7]&#10;|   `--TBODY_TAG_END -&gt; TBODY_TAG_END [36:7]&#10;|       |--START -&gt; &lt; [36:7]&#10;|       |--SLASH -&gt; / [36:8]&#10;|       |--TBODY_HTML_TAG_NAME -&gt; tbody [36:9]&#10;|       `--END -&gt; &gt; [36:14]&#10;|--TEXT -&gt;   [36:15]&#10;|--HTML_ELEMENT -&gt; HTML_ELEMENT [36:16]&#10;|   `--RP_TAG_END -&gt; RP_TAG_END [36:16]&#10;|       |--START -&gt; &lt; [36:16]&#10;|       |--SLASH -&gt; / [36:17]&#10;|       |--RP_HTML_TAG_NAME -&gt; RP [36:18]&#10;|       `--END -&gt; &gt; [36:20]&#10;|--NEWLINE -&gt; \n [36:21]&#10;|--LEADING_ASTERISK -&gt; * [37:0]&#10;|--TEXT -&gt;   [37:1]&#10;|--HTML_ELEMENT -&gt; HTML_ELEMENT [37:2]&#10;|   `--RP -&gt; RP [37:2]&#10;|       |--RP_TAG_START -&gt; RP_TAG_START [37:2]&#10;|       |   |--START -&gt; &lt; [37:2]&#10;|       |   |--RP_HTML_TAG_NAME -&gt; rp [37:3]&#10;|       |   `--END -&gt; &gt; [37:5]&#10;|       |--TEXT -&gt;   [37:6]&#10;|       |--TFOOT -&gt; TFOOT [37:7]&#10;|       |   |--TFOOT_TAG_START -&gt; TFOOT_TAG_START [37:7]&#10;|       |   |   |--START -&gt; &lt; [37:7]&#10;|       |   |   |--TFOOT_HTML_TAG_NAME -&gt; tfoot [37:8]&#10;|       |   |   `--END -&gt; &gt; [37:13]&#10;|       |   |--TEXT -&gt;   [37:14]&#10;|       |   `--TFOOT_TAG_END -&gt; TFOOT_TAG_END [37:15]&#10;|       |       |--START -&gt; &lt; [37:15]&#10;|       |       |--SLASH -&gt; / [37:16]&#10;|       |       |--TFOOT_HTML_TAG_NAME -&gt; tfoot [37:17]&#10;|       |       `--END -&gt; &gt; [37:22]&#10;|       |--TEXT -&gt;   [37:23]&#10;|       `--RP_TAG_END -&gt; RP_TAG_END [37:24]&#10;|           |--START -&gt; &lt; [37:24]&#10;|           |--SLASH -&gt; / [37:25]&#10;|           |--RP_HTML_TAG_NAME -&gt; RP [37:26]&#10;|           `--END -&gt; &gt; [37:28]&#10;|--NEWLINE -&gt; \n [37:29]&#10;|--LEADING_ASTERISK -&gt; * [38:0]&#10;|--TEXT -&gt;   [38:1]&#10;|--HTML_ELEMENT -&gt; HTML_ELEMENT [38:2]&#10;|   `--RP -&gt; RP [38:2]&#10;|       |--RP_TAG_START -&gt; RP_TAG_START [38:2]&#10;|       |   |--START -&gt; &lt; [38:2]&#10;|       |   |--RP_HTML_TAG_NAME -&gt; rp [38:3]&#10;|       |   `--END -&gt; &gt; [38:5]&#10;|       |--TEXT -&gt;   [38:6]&#10;|       |--TFOOT_TAG_START -&gt; TFOOT_TAG_START [38:7]&#10;|       |   |--START -&gt; &lt; [38:7]&#10;|       |   |--TFOOT_HTML_TAG_NAME -&gt; tfoot [38:8]&#10;|       |   `--END -&gt; &gt; [38:13]&#10;|       |--TEXT -&gt;   [38:14]&#10;|       `--RP_TAG_END -&gt; RP_TAG_END [38:15]&#10;|           |--START -&gt; &lt; [38:15]&#10;|           |--SLASH -&gt; / [38:16]&#10;|           |--RP_HTML_TAG_NAME -&gt; RP [38:17]&#10;|           `--END -&gt; &gt; [38:19]&#10;|--NEWLINE -&gt; \n [38:20]&#10;|--LEADING_ASTERISK -&gt; * [39:0]&#10;|--TEXT -&gt;   [39:1]&#10;|--HTML_ELEMENT -&gt; HTML_ELEMENT [39:2]&#10;|   `--RP_TAG_START -&gt; RP_TAG_START [39:2]&#10;|       |--START -&gt; &lt; [39:2]&#10;|       |--RP_HTML_TAG_NAME -&gt; rp [39:3]&#10;|       `--END -&gt; &gt; [39:5]&#10;|--TEXT -&gt;   [39:6]&#10;|--HTML_ELEMENT -&gt; HTML_ELEMENT [39:7]&#10;|   `--TFOOT_TAG_END -&gt; TFOOT_TAG_END [39:7]&#10;|       |--START -&gt; &lt; [39:7]&#10;|       |--SLASH -&gt; / [39:8]&#10;|       |--TFOOT_HTML_TAG_NAME -&gt; tfoot [39:9]&#10;|       `--END -&gt; &gt; [39:14]&#10;|--TEXT -&gt;   [39:15]&#10;|--HTML_ELEMENT -&gt; HTML_ELEMENT [39:16]&#10;|   `--RP_TAG_END -&gt; RP_TAG_END [39:16]&#10;|       |--START -&gt; &lt; [39:16]&#10;|       |--SLASH -&gt; / [39:17]&#10;|       |--RP_HTML_TAG_NAME -&gt; RP [39:18]&#10;|       `--END -&gt; &gt; [39:20]&#10;|--NEWLINE -&gt; \n [39:21]&#10;|--LEADING_ASTERISK -&gt; * [40:0]&#10;|--TEXT -&gt;   [40:1]&#10;|--HTML_ELEMENT -&gt; HTML_ELEMENT [40:2]&#10;|   `--RP -&gt; RP [40:2]&#10;|       |--RP_TAG_START -&gt; RP_TAG_START [40:2]&#10;|       |   |--START -&gt; &lt; [40:2]&#10;|       |   |--RP_HTML_TAG_NAME -&gt; rp [40:3]&#10;|       |   |--WS -&gt;   [40:5]&#10;|       |   |--ATTRIBUTE -&gt; ATTRIBUTE [40:6]&#10;|       |   |   |--HTML_TAG_NAME -&gt; style [40:6]&#10;|       |   |   |--EQUALS -&gt; = [40:11]&#10;|       |   |   `--ATTR_VALUE -&gt; &quot;color:red&quot; [40:12]&#10;|       |   |--WS -&gt;   [40:24]&#10;|       |   |--NEWLINE -&gt; \n [40:25]&#10;|       |   |--LEADING_ASTERISK -&gt; * [41:0]&#10;|       |   |--NEWLINE -&gt; \n [41:1]&#10;|       |   |--LEADING_ASTERISK -&gt; * [42:0]&#10;|       |   |--WS -&gt;   [42:1]&#10;|       |   `--END -&gt; &gt; [42:2]&#10;|       |--TEXT -&gt;   [42:3]&#10;|       |--HTML_COMMENT -&gt; HTML_COMMENT [42:4]&#10;|       |   |--HTML_COMMENT_START -&gt; &lt;!-- [42:4]&#10;|       |   |--TEXT -&gt; HTML COMMENT [42:8]&#10;|       |   `--HTML_COMMENT_END -&gt; --&gt; [42:20]&#10;|       |--TEXT -&gt;    [42:23]&#10;|       `--RP_TAG_END -&gt; RP_TAG_END [42:25]&#10;|           |--START -&gt; &lt; [42:25]&#10;|           |--SLASH -&gt; / [42:26]&#10;|           |--RP_HTML_TAG_NAME -&gt; Rp [42:27]&#10;|           |--NEWLINE -&gt; \n [42:29]&#10;|           |--LEADING_ASTERISK -&gt; * [43:0]&#10;|           |--NEWLINE -&gt; \n [43:1]&#10;|           |--LEADING_ASTERISK -&gt; * [44:0]&#10;|           |--WS -&gt;   [44:1]&#10;|           `--END -&gt; &gt; [44:2]&#10;|--NEWLINE -&gt; \n [44:3]&#10;`--EOF -&gt; &lt;EOF&gt; [45:0]]&#10;&gt; but was:&lt;...DOC -&gt; JAVADOC [0:0][&#10;|--LEADING_ASTERISK -&gt; * [0:0]&#10;|--TEXT -&gt;   [0:1]&#10;|--HTML_ELEMENT -&gt; HTML_ELEMENT [0:2]&#10;|   `--RP -&gt; RP [0:2]&#10;|       |--RP_TAG_START -&gt; RP_TAG_START [0:2]&#10;|       |   |--START -&gt; &lt; [0:2]&#10;|       |   |--RP_HTML_TAG_NAME -&gt; rp [0:3]&#10;|       |   `--END -&gt; &gt; [0:5]&#10;|       |--TEXT -&gt;   [0:6]&#10;|       `--RP_TAG_END -&gt; RP_TAG_END [0:7]&#10;|           |--START -&gt; &lt; [0:7]&#10;|           |--SLASH -&gt; / [0:8]&#10;|           |--RP_HTML_TAG_NAME -&gt; RP [0:9]&#10;|           `--END -&gt; &gt; [0:11]&#10;|--NEWLINE -&gt; \n [0:12]&#10;|--LEADING_ASTERISK -&gt; * [1:0]&#10;|--TEXT -&gt;   [1:1]&#10;|--HTML_ELEMENT -&gt; HTML_ELEMENT [1:2]&#10;|   `--RP -&gt; RP [1:2]&#10;|       |--RP_TAG_START -&gt; RP_TAG_START [1:2]&#10;|       |   |--START -&gt; &lt; [1:2]&#10;|       |   |--RP_HTML_TAG_NAME -&gt; rp [1:3]&#10;|       |   `--END -&gt; &gt; [1:5]&#10;|       |--TEXT -&gt;   [1:6]&#10;|       |--LI -&gt; LI [1:7]&#10;|       |   |--LI_TAG_START -&gt; LI_TAG_START [1:7]&#10;|       |   |   |--START -&gt; &lt; [1:7]&#10;|       |   |   |--LI_HTML_TAG_NAME -&gt; li [1:8]&#10;|       |   |   `--END -&gt; &gt; [1:10]&#10;|       |   |--TEXT -&gt;   [1:11]&#10;|       |   `--LI_TAG_END -&gt; LI_TAG_END [1:12]&#10;|       |       |--START -&gt; &lt; [1:12]&#10;|       |       |--SLASH -&gt; / [1:13]&#10;|       |       |--LI_HTML_TAG_NAME -&gt; li [1:14]&#10;|       |       `--END -&gt; &gt; [1:16]&#10;|       |--TEXT -&gt;   [1:17]&#10;|       `--RP_TAG_END -&gt; RP_TAG_END [1:18]&#10;|           |--START -&gt; &lt; [1:18]&#10;|           |--SLASH -&gt; / [1:19]&#10;|           |--RP_HTML_TAG_NAME -&gt; RP [1:20]&#10;|           `--END -&gt; &gt; [1:22]&#10;|--NEWLINE -&gt; \n [1:23]&#10;|--LEADING_ASTERISK -&gt; * [2:0]&#10;|--TEXT -&gt;   [2:1]&#10;|--HTML_ELEMENT -&gt; HTML_ELEMENT [2:2]&#10;|   `--RP -&gt; RP [2:2]&#10;|       |--RP_TAG_START -&gt; RP_TAG_START [2:2]&#10;|       |   |--START -&gt; &lt; [2:2]&#10;|       |   |--RP_HTML_TAG_NAME -&gt; rp [2:3]&#10;|       |   `--END -&gt; &gt; [2:5]&#10;|       |--TEXT -&gt;   [2:6]&#10;|       |--LI_TAG_START -&gt; LI_TAG_START [2:7]&#10;|       |   |--START -&gt; &lt; [2:7]&#10;|       |   |--LI_HTML_TAG_NAME -&gt; li [2:8]&#10;|       |   `--END -&gt; &gt; [2:10]&#10;|       |--TEXT -&gt;   [2:11]&#10;|       `--RP_TAG_END -&gt; RP_TAG_END [2:12]&#10;|           |--START -&gt; &lt; [2:12]&#10;|           |--SLASH -&gt; / [2:13]&#10;|           |--RP_HTML_TAG_NAME -&gt; RP [2:14]&#10;|           `--END -&gt; &gt; [2:16]&#10;|--NEWLINE -&gt; \n [2:17]&#10;|--LEADING_ASTERISK -&gt; * [3:0]&#10;|--TEXT -&gt;   [3:1]&#10;|--HTML_ELEMENT -&gt; HTML_ELEMENT [3:2]&#10;|   `--RP_TAG_START -&gt; RP_TAG_START [3:2]&#10;|       |--START -&gt; &lt; [3:2]&#10;|       |--RP_HTML_TAG_NAME -&gt; rp [3:3]&#10;|       `--END -&gt; &gt; [3:5]&#10;|--TEXT -&gt;   [3:6]&#10;|--HTML_ELEMENT -&gt; HTML_ELEMENT [3:7]&#10;|   `--LI_TAG_END -&gt; LI_TAG_END [3:7]&#10;|       |--START -&gt; &lt; [3:7]&#10;|       |--SLASH -&gt; / [3:8]&#10;|       |--LI_HTML_TAG_NAME -&gt; li [3:9]&#10;|       `--END -&gt; &gt; [3:11]&#10;|--TEXT -&gt;   [3:12]&#10;|--HTML_ELEMENT -&gt; HTML_ELEMENT [3:13]&#10;|   `--RP_TAG_END -&gt; RP_TAG_END [3:13]&#10;|       |--START -&gt; &lt; [3:13]&#10;|       |--SLASH -&gt; / [3:14]&#10;|       |--RP_HTML_TAG_NAME -&gt; RP [3:15]&#10;|       `--END -&gt; &gt; [3:17]&#10;|--NEWLINE -&gt; \n [3:18]&#10;|--LEADING_ASTERISK -&gt; * [4:0]&#10;|--TEXT -&gt;   [4:1]&#10;|--HTML_ELEMENT -&gt; HTML_ELEMENT [4:2]&#10;|   `--RP -&gt; RP [4:2]&#10;|       |--RP_TAG_START -&gt; RP_TAG_START [4:2]&#10;|       |   |--START -&gt; &lt; [4:2]&#10;|       |   |--RP_HTML_TAG_NAME -&gt; rp [4:3]&#10;|       |   `--END -&gt; &gt; [4:5]&#10;|       |--TEXT -&gt;   [4:6]&#10;|       |--TR -&gt; TR [4:7]&#10;|       |   |--TR_TAG_START -&gt; TR_TAG_START [4:7]&#10;|       |   |   |--START -&gt; &lt; [4:7]&#10;|       |   |   |--TR_HTML_TAG_NAME -&gt; tr [4:8]&#10;|       |   |   `--END -&gt; &gt; [4:10]&#10;|       |   |--TEXT -&gt;   [4:11]&#10;|       |   `--TR_TAG_END -&gt; TR_TAG_END [4:12]&#10;|       |       |--START -&gt; &lt; [4:12]&#10;|       |       |--SLASH -&gt; / [4:13]&#10;|       |       |--TR_HTML_TAG_NAME -&gt; tr [4:14]&#10;|       |       `--END -&gt; &gt; [4:16]&#10;|       |--TEXT -&gt;   [4:17]&#10;|       `--RP_TAG_END -&gt; RP_TAG_END [4:18]&#10;|           |--START -&gt; &lt; [4:18]&#10;|           |--SLASH -&gt; / [4:19]&#10;|           |--RP_HTML_TAG_NAME -&gt; RP [4:20]&#10;|           `--END -&gt; &gt; [4:22]&#10;|--NEWLINE -&gt; \n [4:23]&#10;|--LEADING_ASTERISK -&gt; * [5:0]&#10;|--TEXT -&gt;   [5:1]&#10;|--HTML_ELEMENT -&gt; HTML_ELEMENT [5:2]&#10;|   `--RP -&gt; RP [5:2]&#10;|       |--RP_TAG_START -&gt; RP_TAG_START [5:2]&#10;|       |   |--START -&gt; &lt; [5:2]&#10;|       |   |--RP_HTML_TAG_NAME -&gt; rp [5:3]&#10;|       |   `--END -&gt; &gt; [5:5]&#10;|       |--TEXT -&gt;   [5:6]&#10;|       |--TR_TAG_START -&gt; TR_TAG_START [5:7]&#10;|       |   |--START -&gt; &lt; [5:7]&#10;|       |   |--TR_HTML_TAG_NAME -&gt; tr [5:8]&#10;|       |   `--END -&gt; &gt; [5:10]&#10;|       |--TEXT -&gt;   [5:11]&#10;|       `--RP_TAG_END -&gt; RP_TAG_END [5:12]&#10;|           |--START -&gt; &lt; [5:12]&#10;|           |--SLASH -&gt; / [5:13]&#10;|           |--RP_HTML_TAG_NAME -&gt; RP [5:14]&#10;|           `--END -&gt; &gt; [5:16]&#10;|--NEWLINE -&gt; \n [5:17]&#10;|--LEADING_ASTERISK -&gt; * [6:0]&#10;|--TEXT -&gt;   [6:1]&#10;|--HTML_ELEMENT -&gt; HTML_ELEMENT [6:2]&#10;|   `--RP_TAG_START -&gt; RP_TAG_START [6:2]&#10;|       |--START -&gt; &lt; [6:2]&#10;|       |--RP_HTML_TAG_NAME -&gt; rp [6:3]&#10;|       `--END -&gt; &gt; [6:5]&#10;|--TEXT -&gt;   [6:6]&#10;|--HTML_ELEMENT -&gt; HTML_ELEMENT [6:7]&#10;|   `--TR_TAG_END -&gt; TR_TAG_END [6:7]&#10;|       |--START -&gt; &lt; [6:7]&#10;|       |--SLASH -&gt; / [6:8]&#10;|       |--TR_HTML_TAG_NAME -&gt; tr [6:9]&#10;|       `--END -&gt; &gt; [6:11]&#10;|--TEXT -&gt;   [6:12]&#10;|--HTML_ELEMENT -&gt; HTML_ELEMENT [6:13]&#10;|   `--RP_TAG_END -&gt; RP_TAG_END [6:13]&#10;|       |--START -&gt; &lt; [6:13]&#10;|       |--SLASH -&gt; / [6:14]&#10;|       |--RP_HTML_TAG_NAME -&gt; RP [6:15]&#10;|       `--END -&gt; &gt; [6:17]&#10;|--NEWLINE -&gt; \n [6:18]&#10;|--LEADING_ASTERISK -&gt; * [7:0]&#10;|--TEXT -&gt;   [7:1]&#10;|--HTML_ELEMENT -&gt; HTML_ELEMENT [7:2]&#10;|   `--RP -&gt; RP [7:2]&#10;|       |--RP_TAG_START -&gt; RP_TAG_START [7:2]&#10;|       |   |--START -&gt; &lt; [7:2]&#10;|       |   |--RP_HTML_TAG_NAME -&gt; rp [7:3]&#10;|       |   `--END -&gt; &gt; [7:5]&#10;|       |--TEXT -&gt;   [7:6]&#10;|       |--TD -&gt; TD [7:7]&#10;|       |   |--TD_TAG_START -&gt; TD_TAG_START [7:7]&#10;|       |   |   |--START -&gt; &lt; [7:7]&#10;|       |   |   |--TD_HTML_TAG_NAME -&gt; td [7:8]&#10;|       |   |   `--END -&gt; &gt; [7:10]&#10;|       |   |--TEXT -&gt;   [7:11]&#10;|       |   `--TD_TAG_END -&gt; TD_TAG_END [7:12]&#10;|       |       |--START -&gt; &lt; [7:12]&#10;|       |       |--SLASH -&gt; / [7:13]&#10;|       |       |--TD_HTML_TAG_NAME -&gt; td [7:14]&#10;|       |       `--END -&gt; &gt; [7:16]&#10;|       |--TEXT -&gt;   [7:17]&#10;|       `--RP_TAG_END -&gt; RP_TAG_END [7:18]&#10;|           |--START -&gt; &lt; [7:18]&#10;|           |--SLASH -&gt; / [7:19]&#10;|           |--RP_HTML_TAG_NAME -&gt; RP [7:20]&#10;|           `--END -&gt; &gt; [7:22]&#10;|--NEWLINE -&gt; \n [7:23]&#10;|--LEADING_ASTERISK -&gt; * [8:0]&#10;|--TEXT -&gt;   [8:1]&#10;|--HTML_ELEMENT -&gt; HTML_ELEMENT [8:2]&#10;|   `--RP -&gt; RP [8:2]&#10;|       |--RP_TAG_START -&gt; RP_TAG_START [8:2]&#10;|       |   |--START -&gt; &lt; [8:2]&#10;|       |   |--RP_HTML_TAG_NAME -&gt; rp [8:3]&#10;|       |   `--END -&gt; &gt; [8:5]&#10;|       |--TEXT -&gt;   [8:6]&#10;|       |--TD_TAG_START -&gt; TD_TAG_START [8:7]&#10;|       |   |--START -&gt; &lt; [8:7]&#10;|       |   |--TD_HTML_TAG_NAME -&gt; td [8:8]&#10;|       |   `--END -&gt; &gt; [8:10]&#10;|       |--TEXT -&gt;   [8:11]&#10;|       `--RP_TAG_END -&gt; RP_TAG_END [8:12]&#10;|           |--START -&gt; &lt; [8:12]&#10;|           |--SLASH -&gt; / [8:13]&#10;|           |--RP_HTML_TAG_NAME -&gt; RP [8:14]&#10;|           `--END -&gt; &gt; [8:16]&#10;|--NEWLINE -&gt; \n [8:17]&#10;|--LEADING_ASTERISK -&gt; * [9:0]&#10;|--TEXT -&gt;   [9:1]&#10;|--HTML_ELEMENT -&gt; HTML_ELEMENT [9:2]&#10;|   `--RP_TAG_START -&gt; RP_TAG_START [9:2]&#10;|       |--START -&gt; &lt; [9:2]&#10;|       |--RP_HTML_TAG_NAME -&gt; rp [9:3]&#10;|       `--END -&gt; &gt; [9:5]&#10;|--TEXT -&gt;   [9:6]&#10;|--HTML_ELEMENT -&gt; HTML_ELEMENT [9:7]&#10;|   `--TD_TAG_END -&gt; TD_TAG_END [9:7]&#10;|       |--START -&gt; &lt; [9:7]&#10;|       |--SLASH -&gt; / [9:8]&#10;|       |--TD_HTML_TAG_NAME -&gt; td [9:9]&#10;|       `--END -&gt; &gt; [9:11]&#10;|--TEXT -&gt;   [9:12]&#10;|--HTML_ELEMENT -&gt; HTML_ELEMENT [9:13]&#10;|   `--RP_TAG_END -&gt; RP_TAG_END [9:13]&#10;|       |--START -&gt; &lt; [9:13]&#10;|       |--SLASH -&gt; / [9:14]&#10;|       |--RP_HTML_TAG_NAME -&gt; RP [9:15]&#10;|       `--END -&gt; &gt; [9:17]&#10;|--NEWLINE -&gt; \n [9:18]&#10;|--LEADING_ASTERISK -&gt; * [10:0]&#10;|--TEXT -&gt;   [10:1]&#10;|--HTML_ELEMENT -&gt; HTML_ELEMENT [10:2]&#10;|   `--RP -&gt; RP [10:2]&#10;|       |--RP_TAG_START -&gt; RP_TAG_START [10:2]&#10;|       |   |--START -&gt; &lt; [10:2]&#10;|       |   |--RP_HTML_TAG_NAME -&gt; rp [10:3]&#10;|       |   `--END -&gt; &gt; [10:5]&#10;|       |--TEXT -&gt;   [10:6]&#10;|       |--TH -&gt; TH [10:7]&#10;|       |   |--TH_TAG_START -&gt; TH_TAG_START [10:7]&#10;|       |   |   |--START -&gt; &lt; [10:7]&#10;|       |   |   |--TH_HTML_TAG_NAME -&gt; th [10:8]&#10;|       |   |   `--END -&gt; &gt; [10:10]&#10;|       |   |--TEXT -&gt;   [10:11]&#10;|       |   `--TH_TAG_END -&gt; TH_TAG_END [10:12]&#10;|       |       |--START -&gt; &lt; [10:12]&#10;|       |       |--SLASH -&gt; / [10:13]&#10;|       |       |--TH_HTML_TAG_NAME -&gt; th [10:14]&#10;|       |       `--END -&gt; &gt; [10:16]&#10;|       |--TEXT -&gt;   [10:17]&#10;|       `--RP_TAG_END -&gt; RP_TAG_END [10:18]&#10;|           |--START -&gt; &lt; [10:18]&#10;|           |--SLASH -&gt; / [10:19]&#10;|           |--RP_HTML_TAG_NAME -&gt; RP [10:20]&#10;|           `--END -&gt; &gt; [10:22]&#10;|--NEWLINE -&gt; \n [10:23]&#10;|--LEADING_ASTERISK -&gt; * [11:0]&#10;|--TEXT -&gt;   [11:1]&#10;|--HTML_ELEMENT -&gt; HTML_ELEMENT [11:2]&#10;|   `--RP -&gt; RP [11:2]&#10;|       |--RP_TAG_START -&gt; RP_TAG_START [11:2]&#10;|       |   |--START -&gt; &lt; [11:2]&#10;|       |   |--RP_HTML_TAG_NAME -&gt; rp [11:3]&#10;|       |   `--END -&gt; &gt; [11:5]&#10;|       |--TEXT -&gt;   [11:6]&#10;|       |--TH_TAG_START -&gt; TH_TAG_START [11:7]&#10;|       |   |--START -&gt; &lt; [11:7]&#10;|       |   |--TH_HTML_TAG_NAME -&gt; th [11:8]&#10;|       |   `--END -&gt; &gt; [11:10]&#10;|       |--TEXT -&gt;   [11:11]&#10;|       `--RP_TAG_END -&gt; RP_TAG_END [11:12]&#10;|           |--START -&gt; &lt; [11:12]&#10;|           |--SLASH -&gt; / [11:13]&#10;|           |--RP_HTML_TAG_NAME -&gt; RP [11:14]&#10;|           `--END -&gt; &gt; [11:16]&#10;|--NEWLINE -&gt; \n [11:17]&#10;|--LEADING_ASTERISK -&gt; * [12:0]&#10;|--TEXT -&gt;   [12:1]&#10;|--HTML_ELEMENT -&gt; HTML_ELEMENT [12:2]&#10;|   `--RP_TAG_START -&gt; RP_TAG_START [12:2]&#10;|       |--START -&gt; &lt; [12:2]&#10;|       |--RP_HTML_TAG_NAME -&gt; rp [12:3]&#10;|       `--END -&gt; &gt; [12:5]&#10;|--TEXT -&gt;   [12:6]&#10;|--HTML_ELEMENT -&gt; HTML_ELEMENT [12:7]&#10;|   `--TH_TAG_END -&gt; TH_TAG_END [12:7]&#10;|       |--START -&gt; &lt; [12:7]&#10;|       |--SLASH -&gt; / [12:8]&#10;|       |--TH_HTML_TAG_NAME -&gt; th [12:9]&#10;|       `--END -&gt; &gt; [12:11]&#10;|--TEXT -&gt;   [12:12]&#10;|--HTML_ELEMENT -&gt; HTML_ELEMENT [12:13]&#10;|   `--RP_TAG_END -&gt; RP_TAG_END [12:13]&#10;|       |--START -&gt; &lt; [12:13]&#10;|       |--SLASH -&gt; / [12:14]&#10;|       |--RP_HTML_TAG_NAME -&gt; RP [12:15]&#10;|       `--END -&gt; &gt; [12:17]&#10;|--NEWLINE -&gt; \n [12:18]&#10;|--LEADING_ASTERISK -&gt; * [13:0]&#10;|--TEXT -&gt;   [13:1]&#10;|--HTML_ELEMENT -&gt; HTML_ELEMENT [13:2]&#10;|   `--RP -&gt; RP [13:2]&#10;|       |--RP_TAG_START -&gt; RP_TAG_START [13:2]&#10;|       |   |--START -&gt; &lt; [13:2]&#10;|       |   |--RP_HTML_TAG_NAME -&gt; rp [13:3]&#10;|       |   `--END -&gt; &gt; [13:5]&#10;|       |--TEXT -&gt;   [13:6]&#10;|       |--BODY -&gt; BODY [13:7]&#10;|       |   |--BODY_TAG_START -&gt; BODY_TAG_START [13:7]&#10;|       |   |   |--START -&gt; &lt; [13:7]&#10;|       |   |   |--BODY_HTML_TAG_NAME -&gt; body [13:8]&#10;|       |   |   `--END -&gt; &gt; [13:12]&#10;|       |   |--TEXT -&gt;   [13:13]&#10;|       |   `--BODY_TAG_END -&gt; BODY_TAG_END [13:14]&#10;|       |       |--START -&gt; &lt; [13:14]&#10;|       |       |--SLASH -&gt; / [13:15]&#10;|       |       |--BODY_HTML_TAG_NAME -&gt; body [13:16]&#10;|       |       `--END -&gt; &gt; [13:20]&#10;|       |--TEXT -&gt;   [13:21]&#10;|       `--RP_TAG_END -&gt; RP_TAG_END [13:22]&#10;|           |--START -&gt; &lt; [13:22]&#10;|           |--SLASH -&gt; / [13:23]&#10;|           |--RP_HTML_TAG_NAME -&gt; RP [13:24]&#10;|           `--END -&gt; &gt; [13:26]&#10;|--NEWLINE -&gt; \n [13:27]&#10;|--LEADING_ASTERISK -&gt; * [14:0]&#10;|--TEXT -&gt;   [14:1]&#10;|--HTML_ELEMENT -&gt; HTML_ELEMENT [14:2]&#10;|   `--RP -&gt; RP [14:2]&#10;|       |--RP_TAG_START -&gt; RP_TAG_START [14:2]&#10;|       |   |--START -&gt; &lt; [14:2]&#10;|       |   |--RP_HTML_TAG_NAME -&gt; rp [14:3]&#10;|       |   `--END -&gt; &gt; [14:5]&#10;|       |--TEXT -&gt;   [14:6]&#10;|       |--BODY_TAG_START -&gt; BODY_TAG_START [14:7]&#10;|       |   |--START -&gt; &lt; [14:7]&#10;|       |   |--BODY_HTML_TAG_NAME -&gt; body [14:8]&#10;|       |   `--END -&gt; &gt; [14:12]&#10;|       |--TEXT -&gt;   [14:13]&#10;|       `--RP_TAG_END -&gt; RP_TAG_END [14:14]&#10;|           |--START -&gt; &lt; [14:14]&#10;|           |--SLASH -&gt; / [14:15]&#10;|           |--RP_HTML_TAG_NAME -&gt; RP [14:16]&#10;|           `--END -&gt; &gt; [14:18]&#10;|--NEWLINE -&gt; \n [14:19]&#10;|--LEADING_ASTERISK -&gt; * [15:0]&#10;|--TEXT -&gt;   [15:1]&#10;|--HTML_ELEMENT -&gt; HTML_ELEMENT [15:2]&#10;|   `--RP_TAG_START -&gt; RP_TAG_START [15:2]&#10;|       |--START -&gt; &lt; [15:2]&#10;|       |--RP_HTML_TAG_NAME -&gt; rp [15:3]&#10;|       `--END -&gt; &gt; [15:5]&#10;|--TEXT -&gt;   [15:6]&#10;|--HTML_ELEMENT -&gt; HTML_ELEMENT [15:7]&#10;|   `--BODY_TAG_END -&gt; BODY_TAG_END [15:7]&#10;|       |--START -&gt; &lt; [15:7]&#10;|       |--SLASH -&gt; / [15:8]&#10;|       |--BODY_HTML_TAG_NAME -&gt; body [15:9]&#10;|       `--END -&gt; &gt; [15:13]&#10;|--TEXT -&gt;   [15:14]&#10;|--HTML_ELEMENT -&gt; HTML_ELEMENT [15:15]&#10;|   `--RP_TAG_END -&gt; RP_TAG_END [15:15]&#10;|       |--START -&gt; &lt; [15:15]&#10;|       |--SLASH -&gt; / [15:16]&#10;|       |--RP_HTML_TAG_NAME -&gt; RP [15:17]&#10;|       `--END -&gt; &gt; [15:19]&#10;|--NEWLINE -&gt; \n [15:20]&#10;|--LEADING_ASTERISK -&gt; * [16:0]&#10;|--TEXT -&gt;   [16:1]&#10;|--HTML_ELEMENT -&gt; HTML_ELEMENT [16:2]&#10;|   `--RP -&gt; RP [16:2]&#10;|       |--RP_TAG_START -&gt; RP_TAG_START [16:2]&#10;|       |   |--START -&gt; &lt; [16:2]&#10;|       |   |--RP_HTML_TAG_NAME -&gt; rp [16:3]&#10;|       |   `--END -&gt; &gt; [16:5]&#10;|       |--TEXT -&gt;   [16:6]&#10;|       |--COLGROUP -&gt; COLGROUP [16:7]&#10;|       |   |--COLGROUP_TAG_START -&gt; COLGROUP_TAG_START [16:7]&#10;|       |   |   |--START -&gt; &lt; [16:7]&#10;|       |   |   |--COLGROUP_HTML_TAG_NAME -&gt; colgroup [16:8]&#10;|       |   |   `--END -&gt; &gt; [16:16]&#10;|       |   |--TEXT -&gt;   [16:17]&#10;|       |   `--COLGROUP_TAG_END -&gt; COLGROUP_TAG_END [16:18]&#10;|       |       |--START -&gt; &lt; [16:18]&#10;|       |       |--SLASH -&gt; / [16:19]&#10;|       |       |--COLGROUP_HTML_TAG_NAME -&gt; colgroup [16:20]&#10;|       |       `--END -&gt; &gt; [16:28]&#10;|       |--TEXT -&gt;   [16:29]&#10;|       `--RP_TAG_END -&gt; RP_TAG_END [16:30]&#10;|           |--START -&gt; &lt; [16:30]&#10;|           |--SLASH -&gt; / [16:31]&#10;|           |--RP_HTML_TAG_NAME -&gt; RP [16:32]&#10;|           `--END -&gt; &gt; [16:34]&#10;|--NEWLINE -&gt; \n [16:35]&#10;|--LEADING_ASTERISK -&gt; * [17:0]&#10;|--TEXT -&gt;   [17:1]&#10;|--HTML_ELEMENT -&gt; HTML_ELEMENT [17:2]&#10;|   `--RP -&gt; RP [17:2]&#10;|       |--RP_TAG_START -&gt; RP_TAG_START [17:2]&#10;|       |   |--START -&gt; &lt; [17:2]&#10;|       |   |--RP_HTML_TAG_NAME -&gt; rp [17:3]&#10;|       |   `--END -&gt; &gt; [17:5]&#10;|       |--TEXT -&gt;   [17:6]&#10;|       |--COLGROUP_TAG_START -&gt; COLGROUP_TAG_START [17:7]&#10;|       |   |--START -&gt; &lt; [17:7]&#10;|       |   |--COLGROUP_HTML_TAG_NAME -&gt; colgroup [17:8]&#10;|       |   `--END -&gt; &gt; [17:16]&#10;|       |--TEXT -&gt;   [17:17]&#10;|       `--RP_TAG_END -&gt; RP_TAG_END [17:18]&#10;|           |--START -&gt; &lt; [17:18]&#10;|           |--SLASH -&gt; / [17:19]&#10;|           |--RP_HTML_TAG_NAME -&gt; RP [17:20]&#10;|           `--END -&gt; &gt; [17:22]&#10;|--NEWLINE -&gt; \n [17:23]&#10;|--LEADING_ASTERISK -&gt; * [18:0]&#10;|--TEXT -&gt;   [18:1]&#10;|--HTML_ELEMENT -&gt; HTML_ELEMENT [18:2]&#10;|   `--RP_TAG_START -&gt; RP_TAG_START [18:2]&#10;|       |--START -&gt; &lt; [18:2]&#10;|       |--RP_HTML_TAG_NAME -&gt; rp [18:3]&#10;|       `--END -&gt; &gt; [18:5]&#10;|--TEXT -&gt;   [18:6]&#10;|--HTML_ELEMENT -&gt; HTML_ELEMENT [18:7]&#10;|   `--COLGROUP_TAG_END -&gt; COLGROUP_TAG_END [18:7]&#10;|       |--START -&gt; &lt; [18:7]&#10;|       |--SLASH -&gt; / [18:8]&#10;|       |--COLGROUP_HTML_TAG_NAME -&gt; colgroup [18:9]&#10;|       `--END -&gt; &gt; [18:17]&#10;|--TEXT -&gt;   [18:18]&#10;|--HTML_ELEMENT -&gt; HTML_ELEMENT [18:19]&#10;|   `--RP_TAG_END -&gt; RP_TAG_END [18:19]&#10;|       |--START -&gt; &lt; [18:19]&#10;|       |--SLASH -&gt; / [18:20]&#10;|       |--RP_HTML_TAG_NAME -&gt; RP [18:21]&#10;|       `--END -&gt; &gt; [18:23]&#10;|--NEWLINE -&gt; \n [18:24]&#10;|--LEADING_ASTERISK -&gt; * [19:0]&#10;|--TEXT -&gt;   [19:1]&#10;|--HTML_ELEMENT -&gt; HTML_ELEMENT [19:2]&#10;|   `--RP -&gt; RP [19:2]&#10;|       |--RP_TAG_START -&gt; RP_TAG_START [19:2]&#10;|       |   |--START -&gt; &lt; [19:2]&#10;|       |   |--RP_HTML_TAG_NAME -&gt; rp [19:3]&#10;|       |   `--END -&gt; &gt; [19:5]&#10;|       |--TEXT -&gt;   [19:6]&#10;|       |--DD -&gt; DD [19:7]&#10;|       |   |--DD_TAG_START -&gt; DD_TAG_START [19:7]&#10;|       |   |   |--START -&gt; &lt; [19:7]&#10;|       |   |   |--DD_HTML_TAG_NAME -&gt; dd [19:8]&#10;|       |   |   `--END -&gt; &gt; [19:10]&#10;|       |   |--TEXT -&gt;   [19:11]&#10;|       |   `--DD_TAG_END -&gt; DD_TAG_END [19:12]&#10;|       |       |--START -&gt; &lt; [19:12]&#10;|       |       |--SLASH -&gt; / [19:13]&#10;|       |       |--DD_HTML_TAG_NAME -&gt; dd [19:14]&#10;|       |       `--END -&gt; &gt; [19:16]&#10;|       |--TEXT -&gt;   [19:17]&#10;|       `--RP_TAG_END -&gt; RP_TAG_END [19:18]&#10;|           |--START -&gt; &lt; [19:18]&#10;|           |--SLASH -&gt; / [19:19]&#10;|           |--RP_HTML_TAG_NAME -&gt; RP [19:20]&#10;|           `--END -&gt; &gt; [19:22]&#10;|--NEWLINE -&gt; \n [19:23]&#10;|--LEADING_ASTERISK -&gt; * [20:0]&#10;|--TEXT -&gt;   [20:1]&#10;|--HTML_ELEMENT -&gt; HTML_ELEMENT [20:2]&#10;|   `--RP -&gt; RP [20:2]&#10;|       |--RP_TAG_START -&gt; RP_TAG_START [20:2]&#10;|       |   |--START -&gt; &lt; [20:2]&#10;|       |   |--RP_HTML_TAG_NAME -&gt; rp [20:3]&#10;|       |   `--END -&gt; &gt; [20:5]&#10;|       |--TEXT -&gt;   [20:6]&#10;|       |--DD_TAG_START -&gt; DD_TAG_START [20:7]&#10;|       |   |--START -&gt; &lt; [20:7]&#10;|       |   |--DD_HTML_TAG_NAME -&gt; dd [20:8]&#10;|       |   `--END -&gt; &gt; [20:10]&#10;|       |--TEXT -&gt;   [20:11]&#10;|       `--RP_TAG_END -&gt; RP_TAG_END [20:12]&#10;|           |--START -&gt; &lt; [20:12]&#10;|           |--SLASH -&gt; / [20:13]&#10;|           |--RP_HTML_TAG_NAME -&gt; RP [20:14]&#10;|           `--END -&gt; &gt; [20:16]&#10;|--NEWLINE -&gt; \n [20:17]&#10;|--LEADING_ASTERISK -&gt; * [21:0]&#10;|--TEXT -&gt;   [21:1]&#10;|--HTML_ELEMENT -&gt; HTML_ELEMENT [21:2]&#10;|   `--RP_TAG_START -&gt; RP_TAG_START [21:2]&#10;|       |--START -&gt; &lt; [21:2]&#10;|       |--RP_HTML_TAG_NAME -&gt; rp [21:3]&#10;|       `--END -&gt; &gt; [21:5]&#10;|--TEXT -&gt;   [21:6]&#10;|--HTML_ELEMENT -&gt; HTML_ELEMENT [21:7]&#10;|   `--DD_TAG_END -&gt; DD_TAG_END [21:7]&#10;|       |--START -&gt; &lt; [21:7]&#10;|       |--SLASH -&gt; / [21:8]&#10;|       |--DD_HTML_TAG_NAME -&gt; dd [21:9]&#10;|       `--END -&gt; &gt; [21:11]&#10;|--TEXT -&gt;   [21:12]&#10;|--HTML_ELEMENT -&gt; HTML_ELEMENT [21:13]&#10;|   `--RP_TAG_END -&gt; RP_TAG_END [21:13]&#10;|       |--START -&gt; &lt; [21:13]&#10;|       |--SLASH -&gt; / [21:14]&#10;|       |--RP_HTML_TAG_NAME -&gt; RP [21:15]&#10;|       `--END -&gt; &gt; [21:17]&#10;|--NEWLINE -&gt; \n [21:18]&#10;|--LEADING_ASTERISK -&gt; * [22:0]&#10;|--TEXT -&gt;   [22:1]&#10;|--HTML_ELEMENT -&gt; HTML_ELEMENT [22:2]&#10;|   `--RP -&gt; RP [22:2]&#10;|       |--RP_TAG_START -&gt; RP_TAG_START [22:2]&#10;|       |   |--START -&gt; &lt; [22:2]&#10;|       |   |--RP_HTML_TAG_NAME -&gt; rp [22:3]&#10;|       |   `--END -&gt; &gt; [22:5]&#10;|       |--TEXT -&gt;   [22:6]&#10;|       |--DT -&gt; DT [22:7]&#10;|       |   |--DT_TAG_START -&gt; DT_TAG_START [22:7]&#10;|       |   |   |--START -&gt; &lt; [22:7]&#10;|       |   |   |--DT_HTML_TAG_NAME -&gt; dt [22:8]&#10;|       |   |   `--END -&gt; &gt; [22:10]&#10;|       |   |--TEXT -&gt;   [22:11]&#10;|       |   `--DT_TAG_END -&gt; DT_TAG_END [22:12]&#10;|       |       |--START -&gt; &lt; [22:12]&#10;|       |       |--SLASH -&gt; / [22:13]&#10;|       |       |--DT_HTML_TAG_NAME -&gt; dt [22:14]&#10;|       |       `--END -&gt; &gt; [22:16]&#10;|       |--TEXT -&gt;   [22:17]&#10;|       `--RP_TAG_END -&gt; RP_TAG_END [22:18]&#10;|           |--START -&gt; &lt; [22:18]&#10;|           |--SLASH -&gt; / [22:19]&#10;|           |--RP_HTML_TAG_NAME -&gt; RP [22:20]&#10;|           `--END -&gt; &gt; [22:22]&#10;|--NEWLINE -&gt; \n [22:23]&#10;|--LEADING_ASTERISK -&gt; * [23:0]&#10;|--TEXT -&gt;   [23:1]&#10;|--HTML_ELEMENT -&gt; HTML_ELEMENT [23:2]&#10;|   `--RP -&gt; RP [23:2]&#10;|       |--RP_TAG_START -&gt; RP_TAG_START [23:2]&#10;|       |   |--START -&gt; &lt; [23:2]&#10;|       |   |--RP_HTML_TAG_NAME -&gt; rp [23:3]&#10;|       |   `--END -&gt; &gt; [23:5]&#10;|       |--TEXT -&gt;   [23:6]&#10;|       |--DT_TAG_START -&gt; DT_TAG_START [23:7]&#10;|       |   |--START -&gt; &lt; [23:7]&#10;|       |   |--DT_HTML_TAG_NAME -&gt; dt [23:8]&#10;|       |   `--END -&gt; &gt; [23:10]&#10;|       |--TEXT -&gt;   [23:11]&#10;|       `--RP_TAG_END -&gt; RP_TAG_END [23:12]&#10;|           |--START -&gt; &lt; [23:12]&#10;|           |--SLASH -&gt; / [23:13]&#10;|           |--RP_HTML_TAG_NAME -&gt; RP [23:14]&#10;|           `--END -&gt; &gt; [23:16]&#10;|--NEWLINE -&gt; \n [23:17]&#10;|--LEADING_ASTERISK -&gt; * [24:0]&#10;|--TEXT -&gt;   [24:1]&#10;|--HTML_ELEMENT -&gt; HTML_ELEMENT [24:2]&#10;|   `--RP_TAG_START -&gt; RP_TAG_START [24:2]&#10;|       |--START -&gt; &lt; [24:2]&#10;|       |--RP_HTML_TAG_NAME -&gt; rp [24:3]&#10;|       `--END -&gt; &gt; [24:5]&#10;|--TEXT -&gt;   [24:6]&#10;|--HTML_ELEMENT -&gt; HTML_ELEMENT [24:7]&#10;|   `--DT_TAG_END -&gt; DT_TAG_END [24:7]&#10;|       |--START -&gt; &lt; [24:7]&#10;|       |--SLASH -&gt; / [24:8]&#10;|       |--DT_HTML_TAG_NAME -&gt; dt [24:9]&#10;|       `--END -&gt; &gt; [24:11]&#10;|--TEXT -&gt;   [24:12]&#10;|--HTML_ELEMENT -&gt; HTML_ELEMENT [24:13]&#10;|   `--RP_TAG_END -&gt; RP_TAG_END [24:13]&#10;|       |--START -&gt; &lt; [24:13]&#10;|       |--SLASH -&gt; / [24:14]&#10;|       |--RP_HTML_TAG_NAME -&gt; RP [24:15]&#10;|       `--END -&gt; &gt; [24:17]&#10;|--NEWLINE -&gt; \n [24:18]&#10;|--LEADING_ASTERISK -&gt; * [25:0]&#10;|--TEXT -&gt;   [25:1]&#10;|--HTML_ELEMENT -&gt; HTML_ELEMENT [25:2]&#10;|   `--RP -&gt; RP [25:2]&#10;|       |--RP_TAG_START -&gt; RP_TAG_START [25:2]&#10;|       |   |--START -&gt; &lt; [25:2]&#10;|       |   |--RP_HTML_TAG_NAME -&gt; rp [25:3]&#10;|       |   `--END -&gt; &gt; [25:5]&#10;|       |--TEXT -&gt;   [25:6]&#10;|       |--HEAD -&gt; HEAD [25:7]&#10;|       |   |--HEAD_TAG_START -&gt; HEAD_TAG_START [25:7]&#10;|       |   |   |--START -&gt; &lt; [25:7]&#10;|       |   |   |--HEAD_HTML_TAG_NAME -&gt; head [25:8]&#10;|       |   |   `--END -&gt; &gt; [25:12]&#10;|       |   |--TEXT -&gt;   [25:13]&#10;|       |   `--HEAD_TAG_END -&gt; HEAD_TAG_END [25:14]&#10;|       |       |--START -&gt; &lt; [25:14]&#10;|       |       |--SLASH -&gt; / [25:15]&#10;|       |       |--HEAD_HTML_TAG_NAME -&gt; head [25:16]&#10;|       |       `--END -&gt; &gt; [25:20]&#10;|       |--TEXT -&gt;   [25:21]&#10;|       `--RP_TAG_END -&gt; RP_TAG_END [25:22]&#10;|           |--START -&gt; &lt; [25:22]&#10;|           |--SLASH -&gt; / [25:23]&#10;|           |--RP_HTML_TAG_NAME -&gt; RP [25:24]&#10;|           `--END -&gt; &gt; [25:26]&#10;|--NEWLINE -&gt; \n [25:27]&#10;|--LEADING_ASTERISK -&gt; * [26:0]&#10;|--TEXT -&gt;   [26:1]&#10;|--HTML_ELEMENT -&gt; HTML_ELEMENT [26:2]&#10;|   `--RP -&gt; RP [26:2]&#10;|       |--RP_TAG_START -&gt; RP_TAG_START [26:2]&#10;|       |   |--START -&gt; &lt; [26:2]&#10;|       |   |--RP_HTML_TAG_NAME -&gt; rp [26:3]&#10;|       |   `--END -&gt; &gt; [26:5]&#10;|       |--TEXT -&gt;   [26:6]&#10;|       |--HEAD_TAG_START -&gt; HEAD_TAG_START [26:7]&#10;|       |   |--START -&gt; &lt; [26:7]&#10;|       |   |--HEAD_HTML_TAG_NAME -&gt; head [26:8]&#10;|       |   `--END -&gt; &gt; [26:12]&#10;|       |--TEXT -&gt;   [26:13]&#10;|       `--RP_TAG_END -&gt; RP_TAG_END [26:14]&#10;|           |--START -&gt; &lt; [26:14]&#10;|           |--SLASH -&gt; / [26:15]&#10;|           |--RP_HTML_TAG_NAME -&gt; RP [26:16]&#10;|           `--END -&gt; &gt; [26:18]&#10;|--NEWLINE -&gt; \n [26:19]&#10;|--LEADING_ASTERISK -&gt; * [27:0]&#10;|--TEXT -&gt;   [27:1]&#10;|--HTML_ELEMENT -&gt; HTML_ELEMENT [27:2]&#10;|   `--RP_TAG_START -&gt; RP_TAG_START [27:2]&#10;|       |--START -&gt; &lt; [27:2]&#10;|       |--RP_HTML_TAG_NAME -&gt; rp [27:3]&#10;|       `--END -&gt; &gt; [27:5]&#10;|--TEXT -&gt;   [27:6]&#10;|--HTML_ELEMENT -&gt; HTML_ELEMENT [27:7]&#10;|   `--HEAD_TAG_END -&gt; HEAD_TAG_END [27:7]&#10;|       |--START -&gt; &lt; [27:7]&#10;|       |--SLASH -&gt; / [27:8]&#10;|       |--HEAD_HTML_TAG_NAME -&gt; head [27:9]&#10;|       `--END -&gt; &gt; [27:13]&#10;|--TEXT -&gt;   [27:14]&#10;|--HTML_ELEMENT -&gt; HTML_ELEMENT [27:15]&#10;|   `--RP_TAG_END -&gt; RP_TAG_END [27:15]&#10;|       |--START -&gt; &lt; [27:15]&#10;|       |--SLASH -&gt; / [27:16]&#10;|       |--RP_HTML_TAG_NAME -&gt; RP [27:17]&#10;|       `--END -&gt; &gt; [27:19]&#10;|--NEWLINE -&gt; \n [27:20]&#10;|--LEADING_ASTERISK -&gt; * [28:0]&#10;|--TEXT -&gt;   [28:1]&#10;|--HTML_ELEMENT -&gt; HTML_ELEMENT [28:2]&#10;|   `--RP -&gt; RP [28:2]&#10;|       |--RP_TAG_START -&gt; RP_TAG_START [28:2]&#10;|       |   |--START -&gt; &lt; [28:2]&#10;|       |   |--RP_HTML_TAG_NAME -&gt; rp [28:3]&#10;|       |   `--END -&gt; &gt; [28:5]&#10;|       |--TEXT -&gt;   [28:6]&#10;|       |--HTML -&gt; HTML [28:7]&#10;|       |   |--HTML_TAG_START -&gt; HTML_TAG_START [28:7]&#10;|       |   |   |--START -&gt; &lt; [28:7]&#10;|       |   |   |--HTML_HTML_TAG_NAME -&gt; html [28:8]&#10;|       |   |   `--END -&gt; &gt; [28:12]&#10;|       |   |--TEXT -&gt;   [28:13]&#10;|       |   `--HTML_TAG_END -&gt; HTML_TAG_END [28:14]&#10;|       |       |--START -&gt; &lt; [28:14]&#10;|       |       |--SLASH -&gt; / [28:15]&#10;|       |       |--HTML_HTML_TAG_NAME -&gt; html [28:16]&#10;|       |       `--END -&gt; &gt; [28:20]&#10;|       |--TEXT -&gt;   [28:21]&#10;|       `--RP_TAG_END -&gt; RP_TAG_END [28:22]&#10;|           |--START -&gt; &lt; [28:22]&#10;|           |--SLASH -&gt; / [28:23]&#10;|           |--RP_HTML_TAG_NAME -&gt; RP [28:24]&#10;|           `--END -&gt; &gt; [28:26]&#10;|--NEWLINE -&gt; \n [28:27]&#10;|--LEADING_ASTERISK -&gt; * [29:0]&#10;|--TEXT -&gt;   [29:1]&#10;|--HTML_ELEMENT -&gt; HTML_ELEMENT [29:2]&#10;|   `--RP -&gt; RP [29:2]&#10;|       |--RP_TAG_START -&gt; RP_TAG_START [29:2]&#10;|       |   |--START -&gt; &lt; [29:2]&#10;|       |   |--RP_HTML_TAG_NAME -&gt; rp [29:3]&#10;|       |   `--END -&gt; &gt; [29:5]&#10;|       |--TEXT -&gt;   [29:6]&#10;|       |--HTML_TAG_START -&gt; HTML_TAG_START [29:7]&#10;|       |   |--START -&gt; &lt; [29:7]&#10;|       |   |--HTML_HTML_TAG_NAME -&gt; html [29:8]&#10;|       |   `--END -&gt; &gt; [29:12]&#10;|       |--TEXT -&gt;   [29:13]&#10;|       `--RP_TAG_END -&gt; RP_TAG_END [29:14]&#10;|           |--START -&gt; &lt; [29:14]&#10;|           |--SLASH -&gt; / [29:15]&#10;|           |--RP_HTML_TAG_NAME -&gt; RP [29:16]&#10;|           `--END -&gt; &gt; [29:18]&#10;|--NEWLINE -&gt; \n [29:19]&#10;|--LEADING_ASTERISK -&gt; * [30:0]&#10;|--TEXT -&gt;   [30:1]&#10;|--HTML_ELEMENT -&gt; HTML_ELEMENT [30:2]&#10;|   `--RP_TAG_START -&gt; RP_TAG_START [30:2]&#10;|       |--START -&gt; &lt; [30:2]&#10;|       |--RP_HTML_TAG_NAME -&gt; rp [30:3]&#10;|       `--END -&gt; &gt; [30:5]&#10;|--TEXT -&gt;   [30:6]&#10;|--HTML_ELEMENT -&gt; HTML_ELEMENT [30:7]&#10;|   `--HTML_TAG_END -&gt; HTML_TAG_END [30:7]&#10;|       |--START -&gt; &lt; [30:7]&#10;|       |--SLASH -&gt; / [30:8]&#10;|       |--HTML_HTML_TAG_NAME -&gt; html [30:9]&#10;|       `--END -&gt; &gt; [30:13]&#10;|--TEXT -&gt;   [30:14]&#10;|--HTML_ELEMENT -&gt; HTML_ELEMENT [30:15]&#10;|   `--RP_TAG_END -&gt; RP_TAG_END [30:15]&#10;|       |--START -&gt; &lt; [30:15]&#10;|       |--SLASH -&gt; / [30:16]&#10;|       |--RP_HTML_TAG_NAME -&gt; RP [30:17]&#10;|       `--END -&gt; &gt; [30:19]&#10;|--NEWLINE -&gt; \n [30:20]&#10;|--LEADING_ASTERISK -&gt; * [31:0]&#10;|--TEXT -&gt;   [31:1]&#10;|--HTML_ELEMENT -&gt; HTML_ELEMENT [31:2]&#10;|   `--RP -&gt; RP [31:2]&#10;|       |--RP_TAG_START -&gt; RP_TAG_START [31:2]&#10;|       |   |--START -&gt; &lt; [31:2]&#10;|       |   |--RP_HTML_TAG_NAME -&gt; rp [31:3]&#10;|       |   `--END -&gt; &gt; [31:5]&#10;|       |--TEXT -&gt;   [31:6]&#10;|       |--OPTION -&gt; OPTION [31:7]&#10;|       |   |--OPTION_TAG_START -&gt; OPTION_TAG_START [31:7]&#10;|       |   |   |--START -&gt; &lt; [31:7]&#10;|       |   |   |--OPTION_HTML_TAG_NAME -&gt; option [31:8]&#10;|       |   |   `--END -&gt; &gt; [31:14]&#10;|       |   |--TEXT -&gt;   [31:15]&#10;|       |   `--OPTION_TAG_END -&gt; OPTION_TAG_END [31:16]&#10;|       |       |--START -&gt; &lt; [31:16]&#10;|       |       |--SLASH -&gt; / [31:17]&#10;|       |       |--OPTION_HTML_TAG_NAME -&gt; option [31:18]&#10;|       |       `--END -&gt; &gt; [31:24]&#10;|       |--TEXT -&gt;   [31:25]&#10;|       `--RP_TAG_END -&gt; RP_TAG_END [31:26]&#10;|           |--START -&gt; &lt; [31:26]&#10;|           |--SLASH -&gt; / [31:27]&#10;|           |--RP_HTML_TAG_NAME -&gt; RP [31:28]&#10;|           `--END -&gt; &gt; [31:30]&#10;|--NEWLINE -&gt; \n [31:31]&#10;|--LEADING_ASTERISK -&gt; * [32:0]&#10;|--TEXT -&gt;   [32:1]&#10;|--HTML_ELEMENT -&gt; HTML_ELEMENT [32:2]&#10;|   `--RP -&gt; RP [32:2]&#10;|       |--RP_TAG_START -&gt; RP_TAG_START [32:2]&#10;|       |   |--START -&gt; &lt; [32:2]&#10;|       |   |--RP_HTML_TAG_NAME -&gt; rp [32:3]&#10;|       |   `--END -&gt; &gt; [32:5]&#10;|       |--TEXT -&gt;   [32:6]&#10;|       |--OPTION_TAG_START -&gt; OPTION_TAG_START [32:7]&#10;|       |   |--START -&gt; &lt; [32:7]&#10;|       |   |--OPTION_HTML_TAG_NAME -&gt; option [32:8]&#10;|       |   `--END -&gt; &gt; [32:14]&#10;|       |--TEXT -&gt;   [32:15]&#10;|       `--RP_TAG_END -&gt; RP_TAG_END [32:16]&#10;|           |--START -&gt; &lt; [32:16]&#10;|           |--SLASH -&gt; / [32:17]&#10;|           |--RP_HTML_TAG_NAME -&gt; RP [32:18]&#10;|           `--END -&gt; &gt; [32:20]&#10;|--NEWLINE -&gt; \n [32:21]&#10;|--LEADING_ASTERISK -&gt; * [33:0]&#10;|--TEXT -&gt;   [33:1]&#10;|--HTML_ELEMENT -&gt; HTML_ELEMENT [33:2]&#10;|   `--RP_TAG_START -&gt; RP_TAG_START [33:2]&#10;|       |--START -&gt; &lt; [33:2]&#10;|       |--RP_HTML_TAG_NAME -&gt; rp [33:3]&#10;|       `--END -&gt; &gt; [33:5]&#10;|--TEXT -&gt;   [33:6]&#10;|--HTML_ELEMENT -&gt; HTML_ELEMENT [33:7]&#10;|   `--OPTION_TAG_END -&gt; OPTION_TAG_END [33:7]&#10;|       |--START -&gt; &lt; [33:7]&#10;|       |--SLASH -&gt; / [33:8]&#10;|       |--OPTION_HTML_TAG_NAME -&gt; option [33:9]&#10;|       `--END -&gt; &gt; [33:15]&#10;|--TEXT -&gt;   [33:16]&#10;|--HTML_ELEMENT -&gt; HTML_ELEMENT [33:17]&#10;|   `--RP_TAG_END -&gt; RP_TAG_END [33:17]&#10;|       |--START -&gt; &lt; [33:17]&#10;|       |--SLASH -&gt; / [33:18]&#10;|       |--RP_HTML_TAG_NAME -&gt; RP [33:19]&#10;|       `--END -&gt; &gt; [33:21]&#10;|--NEWLINE -&gt; \n [33:22]&#10;|--LEADING_ASTERISK -&gt; * [34:0]&#10;|--TEXT -&gt;   [34:1]&#10;|--HTML_ELEMENT -&gt; HTML_ELEMENT [34:2]&#10;|   `--RP -&gt; RP [34:2]&#10;|       |--RP_TAG_START -&gt; RP_TAG_START [34:2]&#10;|       |   |--START -&gt; &lt; [34:2]&#10;|       |   |--RP_HTML_TAG_NAME -&gt; rp [34:3]&#10;|       |   `--END -&gt; &gt; [34:5]&#10;|       |--TEXT -&gt;   [34:6]&#10;|       |--TBODY -&gt; TBODY [34:7]&#10;|       |   |--TBODY_TAG_START -&gt; TBODY_TAG_START [34:7]&#10;|       |   |   |--START -&gt; &lt; [34:7]&#10;|       |   |   |--TBODY_HTML_TAG_NAME -&gt; tbody [34:8]&#10;|       |   |   `--END -&gt; &gt; [34:13]&#10;|       |   |--TEXT -&gt;   [34:14]&#10;|       |   `--TBODY_TAG_END -&gt; TBODY_TAG_END [34:15]&#10;|       |       |--START -&gt; &lt; [34:15]&#10;|       |       |--SLASH -&gt; / [34:16]&#10;|       |       |--TBODY_HTML_TAG_NAME -&gt; tbody [34:17]&#10;|       |       `--END -&gt; &gt; [34:22]&#10;|       |--TEXT -&gt;   [34:23]&#10;|       `--RP_TAG_END -&gt; RP_TAG_END [34:24]&#10;|           |--START -&gt; &lt; [34:24]&#10;|           |--SLASH -&gt; / [34:25]&#10;|           |--RP_HTML_TAG_NAME -&gt; rP [34:26]&#10;|           `--END -&gt; &gt; [34:28]&#10;|--NEWLINE -&gt; \n [34:29]&#10;|--LEADING_ASTERISK -&gt; * [35:0]&#10;|--TEXT -&gt;   [35:1]&#10;|--HTML_ELEMENT -&gt; HTML_ELEMENT [35:2]&#10;|   `--RP -&gt; RP [35:2]&#10;|       |--RP_TAG_START -&gt; RP_TAG_START [35:2]&#10;|       |   |--START -&gt; &lt; [35:2]&#10;|       |   |--RP_HTML_TAG_NAME -&gt; rp [35:3]&#10;|       |   `--END -&gt; &gt; [35:5]&#10;|       |--TEXT -&gt;   [35:6]&#10;|       |--TBODY_TAG_START -&gt; TBODY_TAG_START [35:7]&#10;|       |   |--START -&gt; &lt; [35:7]&#10;|       |   |--TBODY_HTML_TAG_NAME -&gt; tbody [35:8]&#10;|       |   `--END -&gt; &gt; [35:13]&#10;|       |--TEXT -&gt;   [35:14]&#10;|       `--RP_TAG_END -&gt; RP_TAG_END [35:15]&#10;|           |--START -&gt; &lt; [35:15]&#10;|           |--SLASH -&gt; / [35:16]&#10;|           |--RP_HTML_TAG_NAME -&gt; RP [35:17]&#10;|           `--END -&gt; &gt; [35:19]&#10;|--NEWLINE -&gt; \n [35:20]&#10;|--LEADING_ASTERISK -&gt; * [36:0]&#10;|--TEXT -&gt;   [36:1]&#10;|--HTML_ELEMENT -&gt; HTML_ELEMENT [36:2]&#10;|   `--RP_TAG_START -&gt; RP_TAG_START [36:2]&#10;|       |--START -&gt; &lt; [36:2]&#10;|       |--RP_HTML_TAG_NAME -&gt; rp [36:3]&#10;|       `--END -&gt; &gt; [36:5]&#10;|--TEXT -&gt;   [36:6]&#10;|--HTML_ELEMENT -&gt; HTML_ELEMENT [36:7]&#10;|   `--TBODY_TAG_END -&gt; TBODY_TAG_END [36:7]&#10;|       |--START -&gt; &lt; [36:7]&#10;|       |--SLASH -&gt; / [36:8]&#10;|       |--TBODY_HTML_TAG_NAME -&gt; tbody [36:9]&#10;|       `--END -&gt; &gt; [36:14]&#10;|--TEXT -&gt;   [36:15]&#10;|--HTML_ELEMENT -&gt; HTML_ELEMENT [36:16]&#10;|   `--RP_TAG_END -&gt; RP_TAG_END [36:16]&#10;|       |--START -&gt; &lt; [36:16]&#10;|       |--SLASH -&gt; / [36:17]&#10;|       |--RP_HTML_TAG_NAME -&gt; RP [36:18]&#10;|       `--END -&gt; &gt; [36:20]&#10;|--NEWLINE -&gt; \n [36:21]&#10;|--LEADING_ASTERISK -&gt; * [37:0]&#10;|--TEXT -&gt;   [37:1]&#10;|--HTML_ELEMENT -&gt; HTML_ELEMENT [37:2]&#10;|   `--RP -&gt; RP [37:2]&#10;|       |--RP_TAG_START -&gt; RP_TAG_START [37:2]&#10;|       |   |--START -&gt; &lt; [37:2]&#10;|       |   |--RP_HTML_TAG_NAME -&gt; rp [37:3]&#10;|       |   `--END -&gt; &gt; [37:5]&#10;|       |--TEXT -&gt;   [37:6]&#10;|       |--TFOOT -&gt; TFOOT [37:7]&#10;|       |   |--TFOOT_TAG_START -&gt; TFOOT_TAG_START [37:7]&#10;|       |   |   |--START -&gt; &lt; [37:7]&#10;|       |   |   |--TFOOT_HTML_TAG_NAME -&gt; tfoot [37:8]&#10;|       |   |   `--END -&gt; &gt; [37:13]&#10;|       |   |--TEXT -&gt;   [37:14]&#10;|       |   `--TFOOT_TAG_END -&gt; TFOOT_TAG_END [37:15]&#10;|       |       |--START -&gt; &lt; [37:15]&#10;|       |       |--SLASH -&gt; / [37:16]&#10;|       |       |--TFOOT_HTML_TAG_NAME -&gt; tfoot [37:17]&#10;|       |       `--END -&gt; &gt; [37:22]&#10;|       |--TEXT -&gt;   [37:23]&#10;|       `--RP_TAG_END -&gt; RP_TAG_END [37:24]&#10;|           |--START -&gt; &lt; [37:24]&#10;|           |--SLASH -&gt; / [37:25]&#10;|           |--RP_HTML_TAG_NAME -&gt; RP [37:26]&#10;|           `--END -&gt; &gt; [37:28]&#10;|--NEWLINE -&gt; \n [37:29]&#10;|--LEADING_ASTERISK -&gt; * [38:0]&#10;|--TEXT -&gt;   [38:1]&#10;|--HTML_ELEMENT -&gt; HTML_ELEMENT [38:2]&#10;|   `--RP -&gt; RP [38:2]&#10;|       |--RP_TAG_START -&gt; RP_TAG_START [38:2]&#10;|       |   |--START -&gt; &lt; [38:2]&#10;|       |   |--RP_HTML_TAG_NAME -&gt; rp [38:3]&#10;|       |   `--END -&gt; &gt; [38:5]&#10;|       |--TEXT -&gt;   [38:6]&#10;|       |--TFOOT_TAG_START -&gt; TFOOT_TAG_START [38:7]&#10;|       |   |--START -&gt; &lt; [38:7]&#10;|       |   |--TFOOT_HTML_TAG_NAME -&gt; tfoot [38:8]&#10;|       |   `--END -&gt; &gt; [38:13]&#10;|       |--TEXT -&gt;   [38:14]&#10;|       `--RP_TAG_END -&gt; RP_TAG_END [38:15]&#10;|           |--START -&gt; &lt; [38:15]&#10;|           |--SLASH -&gt; / [38:16]&#10;|           |--RP_HTML_TAG_NAME -&gt; RP [38:17]&#10;|           `--END -&gt; &gt; [38:19]&#10;|--NEWLINE -&gt; \n [38:20]&#10;|--LEADING_ASTERISK -&gt; * [39:0]&#10;|--TEXT -&gt;   [39:1]&#10;|--HTML_ELEMENT -&gt; HTML_ELEMENT [39:2]&#10;|   `--RP_TAG_START -&gt; RP_TAG_START [39:2]&#10;|       |--START -&gt; &lt; [39:2]&#10;|       |--RP_HTML_TAG_NAME -&gt; rp [39:3]&#10;|       `--END -&gt; &gt; [39:5]&#10;|--TEXT -&gt;   [39:6]&#10;|--HTML_ELEMENT -&gt; HTML_ELEMENT [39:7]&#10;|   `--TFOOT_TAG_END -&gt; TFOOT_TAG_END [39:7]&#10;|       |--START -&gt; &lt; [39:7]&#10;|       |--SLASH -&gt; / [39:8]&#10;|       |--TFOOT_HTML_TAG_NAME -&gt; tfoot [39:9]&#10;|       `--END -&gt; &gt; [39:14]&#10;|--TEXT -&gt;   [39:15]&#10;|--HTML_ELEMENT -&gt; HTML_ELEMENT [39:16]&#10;|   `--RP_TAG_END -&gt; RP_TAG_END [39:16]&#10;|       |--START -&gt; &lt; [39:16]&#10;|       |--SLASH -&gt; / [39:17]&#10;|       |--RP_HTML_TAG_NAME -&gt; RP [39:18]&#10;|       `--END -&gt; &gt; [39:20]&#10;|--NEWLINE -&gt; \n [39:21]&#10;|--LEADING_ASTERISK -&gt; * [40:0]&#10;|--TEXT -&gt;   [40:1]&#10;|--HTML_ELEMENT -&gt; HTML_ELEMENT [40:2]&#10;|   `--RP -&gt; RP [40:2]&#10;|       |--RP_TAG_START -&gt; RP_TAG_START [40:2]&#10;|       |   |--START -&gt; &lt; [40:2]&#10;|       |   |--RP_HTML_TAG_NAME -&gt; rp [40:3]&#10;|       |   |--WS -&gt;   [40:5]&#10;|       |   |--ATTRIBUTE -&gt; ATTRIBUTE [40:6]&#10;|       |   |   |--HTML_TAG_NAME -&gt; style [40:6]&#10;|       |   |   |--EQUALS -&gt; = [40:11]&#10;|       |   |   `--ATTR_VALUE -&gt; &quot;color:red&quot; [40:12]&#10;|       |   |--WS -&gt;   [40:24]&#10;|       |   |--NEWLINE -&gt; \n [40:25]&#10;|       |   |--LEADING_ASTERISK -&gt; * [41:0]&#10;|       |   |--NEWLINE -&gt; \n [41:1]&#10;|       |   |--LEADING_ASTERISK -&gt; * [42:0]&#10;|       |   |--WS -&gt;   [42:1]&#10;|       |   `--END -&gt; &gt; [42:2]&#10;|       |--TEXT -&gt;   [42:3]&#10;|       |--HTML_COMMENT -&gt; HTML_COMMENT [42:4]&#10;|       |   |--HTML_COMMENT_START -&gt; &lt;!-- [42:4]&#10;|       |   |--TEXT -&gt; HTML COMMENT [42:8]&#10;|       |   `--HTML_COMMENT_END -&gt; --&gt; [42:20]&#10;|       |--TEXT -&gt;    [42:23]&#10;|       `--RP_TAG_END -&gt; RP_TAG_END [42:25]&#10;|           |--START -&gt; &lt; [42:25]&#10;|           |--SLASH -&gt; / [42:26]&#10;|           |--RP_HTML_TAG_NAME -&gt; Rp [42:27]&#10;|           |--NEWLINE -&gt; \n [42:29]&#10;|           |--LEADING_ASTERISK -&gt; * [43:0]&#10;|           |--NEWLINE -&gt; \n [43:1]&#10;|           |--LEADING_ASTERISK -&gt; * [44:0]&#10;|           |--WS -&gt;   [44:1]&#10;|           `--END -&gt; &gt; [44:2]&#10;|--NEWLINE -&gt; \n [44:3]&#10;`--EOF -&gt; &lt;EOF&gt; [45:0]&#13;]&#10;&gt;" type="org.junit.ComparisonFailure"><![CDATA[org.junit.ComparisonFailure: 
Generated tree from the javadoc file should match the pre-defined tree expected:<...DOC -> JAVADOC [0:0][
|--LEADING_ASTERISK -> * [0:0]
|--TEXT ->   [0:1]
|--HTML_ELEMENT -> HTML_ELEMENT [0:2]
|   `--RP -> RP [0:2]
|       |--RP_TAG_START -> RP_TAG_START [0:2]
|       |   |--START -> < [0:2]
|       |   |--RP_HTML_TAG_NAME -> rp [0:3]
|       |   `--END -> > [0:5]
|       |--TEXT ->   [0:6]
|       `--RP_TAG_END -> RP_TAG_END [0:7]
|           |--START -> < [0:7]
|           |--SLASH -> / [0:8]
|           |--RP_HTML_TAG_NAME -> RP [0:9]
|           `--END -> > [0:11]
|--NEWLINE -> \n [0:12]
|--LEADING_ASTERISK -> * [1:0]
|--TEXT ->   [1:1]
|--HTML_ELEMENT -> HTML_ELEMENT [1:2]
|   `--RP -> RP [1:2]
|       |--RP_TAG_START -> RP_TAG_START [1:2]
|       |   |--START -> < [1:2]
|       |   |--RP_HTML_TAG_NAME -> rp [1:3]
|       |   `--END -> > [1:5]
|       |--TEXT ->   [1:6]
|       |--LI -> LI [1:7]
|       |   |--LI_TAG_START -> LI_TAG_START [1:7]
|       |   |   |--START -> < [1:7]
|       |   |   |--LI_HTML_TAG_NAME -> li [1:8]
|       |   |   `--END -> > [1:10]
|       |   |--TEXT ->   [1:11]
|       |   `--LI_TAG_END -> LI_TAG_END [1:12]
|       |       |--START -> < [1:12]
|       |       |--SLASH -> / [1:13]
|       |       |--LI_HTML_TAG_NAME -> li [1:14]
|       |       `--END -> > [1:16]
|       |--TEXT ->   [1:17]
|       `--RP_TAG_END -> RP_TAG_END [1:18]
|           |--START -> < [1:18]
|           |--SLASH -> / [1:19]
|           |--RP_HTML_TAG_NAME -> RP [1:20]
|           `--END -> > [1:22]
|--NEWLINE -> \n [1:23]
|--LEADING_ASTERISK -> * [2:0]
|--TEXT ->   [2:1]
|--HTML_ELEMENT -> HTML_ELEMENT [2:2]
|   `--RP -> RP [2:2]
|       |--RP_TAG_START -> RP_TAG_START [2:2]
|       |   |--START -> < [2:2]
|       |   |--RP_HTML_TAG_NAME -> rp [2:3]
|       |   `--END -> > [2:5]
|       |--TEXT ->   [2:6]
|       |--LI_TAG_START -> LI_TAG_START [2:7]
|       |   |--START -> < [2:7]
|       |   |--LI_HTML_TAG_NAME -> li [2:8]
|       |   `--END -> > [2:10]
|       |--TEXT ->   [2:11]
|       `--RP_TAG_END -> RP_TAG_END [2:12]
|           |--START -> < [2:12]
|           |--SLASH -> / [2:13]
|           |--RP_HTML_TAG_NAME -> RP [2:14]
|           `--END -> > [2:16]
|--NEWLINE -> \n [2:17]
|--LEADING_ASTERISK -> * [3:0]
|--TEXT ->   [3:1]
|--HTML_ELEMENT -> HTML_ELEMENT [3:2]
|   `--RP_TAG_START -> RP_TAG_START [3:2]
|       |--START -> < [3:2]
|       |--RP_HTML_TAG_NAME -> rp [3:3]
|       `--END -> > [3:5]
|--TEXT ->   [3:6]
|--HTML_ELEMENT -> HTML_ELEMENT [3:7]
|   `--LI_TAG_END -> LI_TAG_END [3:7]
|       |--START -> < [3:7]
|       |--SLASH -> / [3:8]
|       |--LI_HTML_TAG_NAME -> li [3:9]
|       `--END -> > [3:11]
|--TEXT ->   [3:12]
|--HTML_ELEMENT -> HTML_ELEMENT [3:13]
|   `--RP_TAG_END -> RP_TAG_END [3:13]
|       |--START -> < [3:13]
|       |--SLASH -> / [3:14]
|       |--RP_HTML_TAG_NAME -> RP [3:15]
|       `--END -> > [3:17]
|--NEWLINE -> \n [3:18]
|--LEADING_ASTERISK -> * [4:0]
|--TEXT ->   [4:1]
|--HTML_ELEMENT -> HTML_ELEMENT [4:2]
|   `--RP -> RP [4:2]
|       |--RP_TAG_START -> RP_TAG_START [4:2]
|       |   |--START -> < [4:2]
|       |   |--RP_HTML_TAG_NAME -> rp [4:3]
|       |   `--END -> > [4:5]
|       |--TEXT ->   [4:6]
|       |--TR -> TR [4:7]
|       |   |--TR_TAG_START -> TR_TAG_START [4:7]
|       |   |   |--START -> < [4:7]
|       |   |   |--TR_HTML_TAG_NAME -> tr [4:8]
|       |   |   `--END -> > [4:10]
|       |   |--TEXT ->   [4:11]
|       |   `--TR_TAG_END -> TR_TAG_END [4:12]
|       |       |--START -> < [4:12]
|       |       |--SLASH -> / [4:13]
|       |       |--TR_HTML_TAG_NAME -> tr [4:14]
|       |       `--END -> > [4:16]
|       |--TEXT ->   [4:17]
|       `--RP_TAG_END -> RP_TAG_END [4:18]
|           |--START -> < [4:18]
|           |--SLASH -> / [4:19]
|           |--RP_HTML_TAG_NAME -> RP [4:20]
|           `--END -> > [4:22]
|--NEWLINE -> \n [4:23]
|--LEADING_ASTERISK -> * [5:0]
|--TEXT ->   [5:1]
|--HTML_ELEMENT -> HTML_ELEMENT [5:2]
|   `--RP -> RP [5:2]
|       |--RP_TAG_START -> RP_TAG_START [5:2]
|       |   |--START -> < [5:2]
|       |   |--RP_HTML_TAG_NAME -> rp [5:3]
|       |   `--END -> > [5:5]
|       |--TEXT ->   [5:6]
|       |--TR_TAG_START -> TR_TAG_START [5:7]
|       |   |--START -> < [5:7]
|       |   |--TR_HTML_TAG_NAME -> tr [5:8]
|       |   `--END -> > [5:10]
|       |--TEXT ->   [5:11]
|       `--RP_TAG_END -> RP_TAG_END [5:12]
|           |--START -> < [5:12]
|           |--SLASH -> / [5:13]
|           |--RP_HTML_TAG_NAME -> RP [5:14]
|           `--END -> > [5:16]
|--NEWLINE -> \n [5:17]
|--LEADING_ASTERISK -> * [6:0]
|--TEXT ->   [6:1]
|--HTML_ELEMENT -> HTML_ELEMENT [6:2]
|   `--RP_TAG_START -> RP_TAG_START [6:2]
|       |--START -> < [6:2]
|       |--RP_HTML_TAG_NAME -> rp [6:3]
|       `--END -> > [6:5]
|--TEXT ->   [6:6]
|--HTML_ELEMENT -> HTML_ELEMENT [6:7]
|   `--TR_TAG_END -> TR_TAG_END [6:7]
|       |--START -> < [6:7]
|       |--SLASH -> / [6:8]
|       |--TR_HTML_TAG_NAME -> tr [6:9]
|       `--END -> > [6:11]
|--TEXT ->   [6:12]
|--HTML_ELEMENT -> HTML_ELEMENT [6:13]
|   `--RP_TAG_END -> RP_TAG_END [6:13]
|       |--START -> < [6:13]
|       |--SLASH -> / [6:14]
|       |--RP_HTML_TAG_NAME -> RP [6:15]
|       `--END -> > [6:17]
|--NEWLINE -> \n [6:18]
|--LEADING_ASTERISK -> * [7:0]
|--TEXT ->   [7:1]
|--HTML_ELEMENT -> HTML_ELEMENT [7:2]
|   `--RP -> RP [7:2]
|       |--RP_TAG_START -> RP_TAG_START [7:2]
|       |   |--START -> < [7:2]
|       |   |--RP_HTML_TAG_NAME -> rp [7:3]
|       |   `--END -> > [7:5]
|       |--TEXT ->   [7:6]
|       |--TD -> TD [7:7]
|       |   |--TD_TAG_START -> TD_TAG_START [7:7]
|       |   |   |--START -> < [7:7]
|       |   |   |--TD_HTML_TAG_NAME -> td [7:8]
|       |   |   `--END -> > [7:10]
|       |   |--TEXT ->   [7:11]
|       |   `--TD_TAG_END -> TD_TAG_END [7:12]
|       |       |--START -> < [7:12]
|       |       |--SLASH -> / [7:13]
|       |       |--TD_HTML_TAG_NAME -> td [7:14]
|       |       `--END -> > [7:16]
|       |--TEXT ->   [7:17]
|       `--RP_TAG_END -> RP_TAG_END [7:18]
|           |--START -> < [7:18]
|           |--SLASH -> / [7:19]
|           |--RP_HTML_TAG_NAME -> RP [7:20]
|           `--END -> > [7:22]
|--NEWLINE -> \n [7:23]
|--LEADING_ASTERISK -> * [8:0]
|--TEXT ->   [8:1]
|--HTML_ELEMENT -> HTML_ELEMENT [8:2]
|   `--RP -> RP [8:2]
|       |--RP_TAG_START -> RP_TAG_START [8:2]
|       |   |--START -> < [8:2]
|       |   |--RP_HTML_TAG_NAME -> rp [8:3]
|       |   `--END -> > [8:5]
|       |--TEXT ->   [8:6]
|       |--TD_TAG_START -> TD_TAG_START [8:7]
|       |   |--START -> < [8:7]
|       |   |--TD_HTML_TAG_NAME -> td [8:8]
|       |   `--END -> > [8:10]
|       |--TEXT ->   [8:11]
|       `--RP_TAG_END -> RP_TAG_END [8:12]
|           |--START -> < [8:12]
|           |--SLASH -> / [8:13]
|           |--RP_HTML_TAG_NAME -> RP [8:14]
|           `--END -> > [8:16]
|--NEWLINE -> \n [8:17]
|--LEADING_ASTERISK -> * [9:0]
|--TEXT ->   [9:1]
|--HTML_ELEMENT -> HTML_ELEMENT [9:2]
|   `--RP_TAG_START -> RP_TAG_START [9:2]
|       |--START -> < [9:2]
|       |--RP_HTML_TAG_NAME -> rp [9:3]
|       `--END -> > [9:5]
|--TEXT ->   [9:6]
|--HTML_ELEMENT -> HTML_ELEMENT [9:7]
|   `--TD_TAG_END -> TD_TAG_END [9:7]
|       |--START -> < [9:7]
|       |--SLASH -> / [9:8]
|       |--TD_HTML_TAG_NAME -> td [9:9]
|       `--END -> > [9:11]
|--TEXT ->   [9:12]
|--HTML_ELEMENT -> HTML_ELEMENT [9:13]
|   `--RP_TAG_END -> RP_TAG_END [9:13]
|       |--START -> < [9:13]
|       |--SLASH -> / [9:14]
|       |--RP_HTML_TAG_NAME -> RP [9:15]
|       `--END -> > [9:17]
|--NEWLINE -> \n [9:18]
|--LEADING_ASTERISK -> * [10:0]
|--TEXT ->   [10:1]
|--HTML_ELEMENT -> HTML_ELEMENT [10:2]
|   `--RP -> RP [10:2]
|       |--RP_TAG_START -> RP_TAG_START [10:2]
|       |   |--START -> < [10:2]
|       |   |--RP_HTML_TAG_NAME -> rp [10:3]
|       |   `--END -> > [10:5]
|       |--TEXT ->   [10:6]
|       |--TH -> TH [10:7]
|       |   |--TH_TAG_START -> TH_TAG_START [10:7]
|       |   |   |--START -> < [10:7]
|       |   |   |--TH_HTML_TAG_NAME -> th [10:8]
|       |   |   `--END -> > [10:10]
|       |   |--TEXT ->   [10:11]
|       |   `--TH_TAG_END -> TH_TAG_END [10:12]
|       |       |--START -> < [10:12]
|       |       |--SLASH -> / [10:13]
|       |       |--TH_HTML_TAG_NAME -> th [10:14]
|       |       `--END -> > [10:16]
|       |--TEXT ->   [10:17]
|       `--RP_TAG_END -> RP_TAG_END [10:18]
|           |--START -> < [10:18]
|           |--SLASH -> / [10:19]
|           |--RP_HTML_TAG_NAME -> RP [10:20]
|           `--END -> > [10:22]
|--NEWLINE -> \n [10:23]
|--LEADING_ASTERISK -> * [11:0]
|--TEXT ->   [11:1]
|--HTML_ELEMENT -> HTML_ELEMENT [11:2]
|   `--RP -> RP [11:2]
|       |--RP_TAG_START -> RP_TAG_START [11:2]
|       |   |--START -> < [11:2]
|       |   |--RP_HTML_TAG_NAME -> rp [11:3]
|       |   `--END -> > [11:5]
|       |--TEXT ->   [11:6]
|       |--TH_TAG_START -> TH_TAG_START [11:7]
|       |   |--START -> < [11:7]
|       |   |--TH_HTML_TAG_NAME -> th [11:8]
|       |   `--END -> > [11:10]
|       |--TEXT ->   [11:11]
|       `--RP_TAG_END -> RP_TAG_END [11:12]
|           |--START -> < [11:12]
|           |--SLASH -> / [11:13]
|           |--RP_HTML_TAG_NAME -> RP [11:14]
|           `--END -> > [11:16]
|--NEWLINE -> \n [11:17]
|--LEADING_ASTERISK -> * [12:0]
|--TEXT ->   [12:1]
|--HTML_ELEMENT -> HTML_ELEMENT [12:2]
|   `--RP_TAG_START -> RP_TAG_START [12:2]
|       |--START -> < [12:2]
|       |--RP_HTML_TAG_NAME -> rp [12:3]
|       `--END -> > [12:5]
|--TEXT ->   [12:6]
|--HTML_ELEMENT -> HTML_ELEMENT [12:7]
|   `--TH_TAG_END -> TH_TAG_END [12:7]
|       |--START -> < [12:7]
|       |--SLASH -> / [12:8]
|       |--TH_HTML_TAG_NAME -> th [12:9]
|       `--END -> > [12:11]
|--TEXT ->   [12:12]
|--HTML_ELEMENT -> HTML_ELEMENT [12:13]
|   `--RP_TAG_END -> RP_TAG_END [12:13]
|       |--START -> < [12:13]
|       |--SLASH -> / [12:14]
|       |--RP_HTML_TAG_NAME -> RP [12:15]
|       `--END -> > [12:17]
|--NEWLINE -> \n [12:18]
|--LEADING_ASTERISK -> * [13:0]
|--TEXT ->   [13:1]
|--HTML_ELEMENT -> HTML_ELEMENT [13:2]
|   `--RP -> RP [13:2]
|       |--RP_TAG_START -> RP_TAG_START [13:2]
|       |   |--START -> < [13:2]
|       |   |--RP_HTML_TAG_NAME -> rp [13:3]
|       |   `--END -> > [13:5]
|       |--TEXT ->   [13:6]
|       |--BODY -> BODY [13:7]
|       |   |--BODY_TAG_START -> BODY_TAG_START [13:7]
|       |   |   |--START -> < [13:7]
|       |   |   |--BODY_HTML_TAG_NAME -> body [13:8]
|       |   |   `--END -> > [13:12]
|       |   |--TEXT ->   [13:13]
|       |   `--BODY_TAG_END -> BODY_TAG_END [13:14]
|       |       |--START -> < [13:14]
|       |       |--SLASH -> / [13:15]
|       |       |--BODY_HTML_TAG_NAME -> body [13:16]
|       |       `--END -> > [13:20]
|       |--TEXT ->   [13:21]
|       `--RP_TAG_END -> RP_TAG_END [13:22]
|           |--START -> < [13:22]
|           |--SLASH -> / [13:23]
|           |--RP_HTML_TAG_NAME -> RP [13:24]
|           `--END -> > [13:26]
|--NEWLINE -> \n [13:27]
|--LEADING_ASTERISK -> * [14:0]
|--TEXT ->   [14:1]
|--HTML_ELEMENT -> HTML_ELEMENT [14:2]
|   `--RP -> RP [14:2]
|       |--RP_TAG_START -> RP_TAG_START [14:2]
|       |   |--START -> < [14:2]
|       |   |--RP_HTML_TAG_NAME -> rp [14:3]
|       |   `--END -> > [14:5]
|       |--TEXT ->   [14:6]
|       |--BODY_TAG_START -> BODY_TAG_START [14:7]
|       |   |--START -> < [14:7]
|       |   |--BODY_HTML_TAG_NAME -> body [14:8]
|       |   `--END -> > [14:12]
|       |--TEXT ->   [14:13]
|       `--RP_TAG_END -> RP_TAG_END [14:14]
|           |--START -> < [14:14]
|           |--SLASH -> / [14:15]
|           |--RP_HTML_TAG_NAME -> RP [14:16]
|           `--END -> > [14:18]
|--NEWLINE -> \n [14:19]
|--LEADING_ASTERISK -> * [15:0]
|--TEXT ->   [15:1]
|--HTML_ELEMENT -> HTML_ELEMENT [15:2]
|   `--RP_TAG_START -> RP_TAG_START [15:2]
|       |--START -> < [15:2]
|       |--RP_HTML_TAG_NAME -> rp [15:3]
|       `--END -> > [15:5]
|--TEXT ->   [15:6]
|--HTML_ELEMENT -> HTML_ELEMENT [15:7]
|   `--BODY_TAG_END -> BODY_TAG_END [15:7]
|       |--START -> < [15:7]
|       |--SLASH -> / [15:8]
|       |--BODY_HTML_TAG_NAME -> body [15:9]
|       `--END -> > [15:13]
|--TEXT ->   [15:14]
|--HTML_ELEMENT -> HTML_ELEMENT [15:15]
|   `--RP_TAG_END -> RP_TAG_END [15:15]
|       |--START -> < [15:15]
|       |--SLASH -> / [15:16]
|       |--RP_HTML_TAG_NAME -> RP [15:17]
|       `--END -> > [15:19]
|--NEWLINE -> \n [15:20]
|--LEADING_ASTERISK -> * [16:0]
|--TEXT ->   [16:1]
|--HTML_ELEMENT -> HTML_ELEMENT [16:2]
|   `--RP -> RP [16:2]
|       |--RP_TAG_START -> RP_TAG_START [16:2]
|       |   |--START -> < [16:2]
|       |   |--RP_HTML_TAG_NAME -> rp [16:3]
|       |   `--END -> > [16:5]
|       |--TEXT ->   [16:6]
|       |--COLGROUP -> COLGROUP [16:7]
|       |   |--COLGROUP_TAG_START -> COLGROUP_TAG_START [16:7]
|       |   |   |--START -> < [16:7]
|       |   |   |--COLGROUP_HTML_TAG_NAME -> colgroup [16:8]
|       |   |   `--END -> > [16:16]
|       |   |--TEXT ->   [16:17]
|       |   `--COLGROUP_TAG_END -> COLGROUP_TAG_END [16:18]
|       |       |--START -> < [16:18]
|       |       |--SLASH -> / [16:19]
|       |       |--COLGROUP_HTML_TAG_NAME -> colgroup [16:20]
|       |       `--END -> > [16:28]
|       |--TEXT ->   [16:29]
|       `--RP_TAG_END -> RP_TAG_END [16:30]
|           |--START -> < [16:30]
|           |--SLASH -> / [16:31]
|           |--RP_HTML_TAG_NAME -> RP [16:32]
|           `--END -> > [16:34]
|--NEWLINE -> \n [16:35]
|--LEADING_ASTERISK -> * [17:0]
|--TEXT ->   [17:1]
|--HTML_ELEMENT -> HTML_ELEMENT [17:2]
|   `--RP -> RP [17:2]
|       |--RP_TAG_START -> RP_TAG_START [17:2]
|       |   |--START -> < [17:2]
|       |   |--RP_HTML_TAG_NAME -> rp [17:3]
|       |   `--END -> > [17:5]
|       |--TEXT ->   [17:6]
|       |--COLGROUP_TAG_START -> COLGROUP_TAG_START [17:7]
|       |   |--START -> < [17:7]
|       |   |--COLGROUP_HTML_TAG_NAME -> colgroup [17:8]
|       |   `--END -> > [17:16]
|       |--TEXT ->   [17:17]
|       `--RP_TAG_END -> RP_TAG_END [17:18]
|           |--START -> < [17:18]
|           |--SLASH -> / [17:19]
|           |--RP_HTML_TAG_NAME -> RP [17:20]
|           `--END -> > [17:22]
|--NEWLINE -> \n [17:23]
|--LEADING_ASTERISK -> * [18:0]
|--TEXT ->   [18:1]
|--HTML_ELEMENT -> HTML_ELEMENT [18:2]
|   `--RP_TAG_START -> RP_TAG_START [18:2]
|       |--START -> < [18:2]
|       |--RP_HTML_TAG_NAME -> rp [18:3]
|       `--END -> > [18:5]
|--TEXT ->   [18:6]
|--HTML_ELEMENT -> HTML_ELEMENT [18:7]
|   `--COLGROUP_TAG_END -> COLGROUP_TAG_END [18:7]
|       |--START -> < [18:7]
|       |--SLASH -> / [18:8]
|       |--COLGROUP_HTML_TAG_NAME -> colgroup [18:9]
|       `--END -> > [18:17]
|--TEXT ->   [18:18]
|--HTML_ELEMENT -> HTML_ELEMENT [18:19]
|   `--RP_TAG_END -> RP_TAG_END [18:19]
|       |--START -> < [18:19]
|       |--SLASH -> / [18:20]
|       |--RP_HTML_TAG_NAME -> RP [18:21]
|       `--END -> > [18:23]
|--NEWLINE -> \n [18:24]
|--LEADING_ASTERISK -> * [19:0]
|--TEXT ->   [19:1]
|--HTML_ELEMENT -> HTML_ELEMENT [19:2]
|   `--RP -> RP [19:2]
|       |--RP_TAG_START -> RP_TAG_START [19:2]
|       |   |--START -> < [19:2]
|       |   |--RP_HTML_TAG_NAME -> rp [19:3]
|       |   `--END -> > [19:5]
|       |--TEXT ->   [19:6]
|       |--DD -> DD [19:7]
|       |   |--DD_TAG_START -> DD_TAG_START [19:7]
|       |   |   |--START -> < [19:7]
|       |   |   |--DD_HTML_TAG_NAME -> dd [19:8]
|       |   |   `--END -> > [19:10]
|       |   |--TEXT ->   [19:11]
|       |   `--DD_TAG_END -> DD_TAG_END [19:12]
|       |       |--START -> < [19:12]
|       |       |--SLASH -> / [19:13]
|       |       |--DD_HTML_TAG_NAME -> dd [19:14]
|       |       `--END -> > [19:16]
|       |--TEXT ->   [19:17]
|       `--RP_TAG_END -> RP_TAG_END [19:18]
|           |--START -> < [19:18]
|           |--SLASH -> / [19:19]
|           |--RP_HTML_TAG_NAME -> RP [19:20]
|           `--END -> > [19:22]
|--NEWLINE -> \n [19:23]
|--LEADING_ASTERISK -> * [20:0]
|--TEXT ->   [20:1]
|--HTML_ELEMENT -> HTML_ELEMENT [20:2]
|   `--RP -> RP [20:2]
|       |--RP_TAG_START -> RP_TAG_START [20:2]
|       |   |--START -> < [20:2]
|       |   |--RP_HTML_TAG_NAME -> rp [20:3]
|       |   `--END -> > [20:5]
|       |--TEXT ->   [20:6]
|       |--DD_TAG_START -> DD_TAG_START [20:7]
|       |   |--START -> < [20:7]
|       |   |--DD_HTML_TAG_NAME -> dd [20:8]
|       |   `--END -> > [20:10]
|       |--TEXT ->   [20:11]
|       `--RP_TAG_END -> RP_TAG_END [20:12]
|           |--START -> < [20:12]
|           |--SLASH -> / [20:13]
|           |--RP_HTML_TAG_NAME -> RP [20:14]
|           `--END -> > [20:16]
|--NEWLINE -> \n [20:17]
|--LEADING_ASTERISK -> * [21:0]
|--TEXT ->   [21:1]
|--HTML_ELEMENT -> HTML_ELEMENT [21:2]
|   `--RP_TAG_START -> RP_TAG_START [21:2]
|       |--START -> < [21:2]
|       |--RP_HTML_TAG_NAME -> rp [21:3]
|       `--END -> > [21:5]
|--TEXT ->   [21:6]
|--HTML_ELEMENT -> HTML_ELEMENT [21:7]
|   `--DD_TAG_END -> DD_TAG_END [21:7]
|       |--START -> < [21:7]
|       |--SLASH -> / [21:8]
|       |--DD_HTML_TAG_NAME -> dd [21:9]
|       `--END -> > [21:11]
|--TEXT ->   [21:12]
|--HTML_ELEMENT -> HTML_ELEMENT [21:13]
|   `--RP_TAG_END -> RP_TAG_END [21:13]
|       |--START -> < [21:13]
|       |--SLASH -> / [21:14]
|       |--RP_HTML_TAG_NAME -> RP [21:15]
|       `--END -> > [21:17]
|--NEWLINE -> \n [21:18]
|--LEADING_ASTERISK -> * [22:0]
|--TEXT ->   [22:1]
|--HTML_ELEMENT -> HTML_ELEMENT [22:2]
|   `--RP -> RP [22:2]
|       |--RP_TAG_START -> RP_TAG_START [22:2]
|       |   |--START -> < [22:2]
|       |   |--RP_HTML_TAG_NAME -> rp [22:3]
|       |   `--END -> > [22:5]
|       |--TEXT ->   [22:6]
|       |--DT -> DT [22:7]
|       |   |--DT_TAG_START -> DT_TAG_START [22:7]
|       |   |   |--START -> < [22:7]
|       |   |   |--DT_HTML_TAG_NAME -> dt [22:8]
|       |   |   `--END -> > [22:10]
|       |   |--TEXT ->   [22:11]
|       |   `--DT_TAG_END -> DT_TAG_END [22:12]
|       |       |--START -> < [22:12]
|       |       |--SLASH -> / [22:13]
|       |       |--DT_HTML_TAG_NAME -> dt [22:14]
|       |       `--END -> > [22:16]
|       |--TEXT ->   [22:17]
|       `--RP_TAG_END -> RP_TAG_END [22:18]
|           |--START -> < [22:18]
|           |--SLASH -> / [22:19]
|           |--RP_HTML_TAG_NAME -> RP [22:20]
|           `--END -> > [22:22]
|--NEWLINE -> \n [22:23]
|--LEADING_ASTERISK -> * [23:0]
|--TEXT ->   [23:1]
|--HTML_ELEMENT -> HTML_ELEMENT [23:2]
|   `--RP -> RP [23:2]
|       |--RP_TAG_START -> RP_TAG_START [23:2]
|       |   |--START -> < [23:2]
|       |   |--RP_HTML_TAG_NAME -> rp [23:3]
|       |   `--END -> > [23:5]
|       |--TEXT ->   [23:6]
|       |--DT_TAG_START -> DT_TAG_START [23:7]
|       |   |--START -> < [23:7]
|       |   |--DT_HTML_TAG_NAME -> dt [23:8]
|       |   `--END -> > [23:10]
|       |--TEXT ->   [23:11]
|       `--RP_TAG_END -> RP_TAG_END [23:12]
|           |--START -> < [23:12]
|           |--SLASH -> / [23:13]
|           |--RP_HTML_TAG_NAME -> RP [23:14]
|           `--END -> > [23:16]
|--NEWLINE -> \n [23:17]
|--LEADING_ASTERISK -> * [24:0]
|--TEXT ->   [24:1]
|--HTML_ELEMENT -> HTML_ELEMENT [24:2]
|   `--RP_TAG_START -> RP_TAG_START [24:2]
|       |--START -> < [24:2]
|       |--RP_HTML_TAG_NAME -> rp [24:3]
|       `--END -> > [24:5]
|--TEXT ->   [24:6]
|--HTML_ELEMENT -> HTML_ELEMENT [24:7]
|   `--DT_TAG_END -> DT_TAG_END [24:7]
|       |--START -> < [24:7]
|       |--SLASH -> / [24:8]
|       |--DT_HTML_TAG_NAME -> dt [24:9]
|       `--END -> > [24:11]
|--TEXT ->   [24:12]
|--HTML_ELEMENT -> HTML_ELEMENT [24:13]
|   `--RP_TAG_END -> RP_TAG_END [24:13]
|       |--START -> < [24:13]
|       |--SLASH -> / [24:14]
|       |--RP_HTML_TAG_NAME -> RP [24:15]
|       `--END -> > [24:17]
|--NEWLINE -> \n [24:18]
|--LEADING_ASTERISK -> * [25:0]
|--TEXT ->   [25:1]
|--HTML_ELEMENT -> HTML_ELEMENT [25:2]
|   `--RP -> RP [25:2]
|       |--RP_TAG_START -> RP_TAG_START [25:2]
|       |   |--START -> < [25:2]
|       |   |--RP_HTML_TAG_NAME -> rp [25:3]
|       |   `--END -> > [25:5]
|       |--TEXT ->   [25:6]
|       |--HEAD -> HEAD [25:7]
|       |   |--HEAD_TAG_START -> HEAD_TAG_START [25:7]
|       |   |   |--START -> < [25:7]
|       |   |   |--HEAD_HTML_TAG_NAME -> head [25:8]
|       |   |   `--END -> > [25:12]
|       |   |--TEXT ->   [25:13]
|       |   `--HEAD_TAG_END -> HEAD_TAG_END [25:14]
|       |       |--START -> < [25:14]
|       |       |--SLASH -> / [25:15]
|       |       |--HEAD_HTML_TAG_NAME -> head [25:16]
|       |       `--END -> > [25:20]
|       |--TEXT ->   [25:21]
|       `--RP_TAG_END -> RP_TAG_END [25:22]
|           |--START -> < [25:22]
|           |--SLASH -> / [25:23]
|           |--RP_HTML_TAG_NAME -> RP [25:24]
|           `--END -> > [25:26]
|--NEWLINE -> \n [25:27]
|--LEADING_ASTERISK -> * [26:0]
|--TEXT ->   [26:1]
|--HTML_ELEMENT -> HTML_ELEMENT [26:2]
|   `--RP -> RP [26:2]
|       |--RP_TAG_START -> RP_TAG_START [26:2]
|       |   |--START -> < [26:2]
|       |   |--RP_HTML_TAG_NAME -> rp [26:3]
|       |   `--END -> > [26:5]
|       |--TEXT ->   [26:6]
|       |--HEAD_TAG_START -> HEAD_TAG_START [26:7]
|       |   |--START -> < [26:7]
|       |   |--HEAD_HTML_TAG_NAME -> head [26:8]
|       |   `--END -> > [26:12]
|       |--TEXT ->   [26:13]
|       `--RP_TAG_END -> RP_TAG_END [26:14]
|           |--START -> < [26:14]
|           |--SLASH -> / [26:15]
|           |--RP_HTML_TAG_NAME -> RP [26:16]
|           `--END -> > [26:18]
|--NEWLINE -> \n [26:19]
|--LEADING_ASTERISK -> * [27:0]
|--TEXT ->   [27:1]
|--HTML_ELEMENT -> HTML_ELEMENT [27:2]
|   `--RP_TAG_START -> RP_TAG_START [27:2]
|       |--START -> < [27:2]
|       |--RP_HTML_TAG_NAME -> rp [27:3]
|       `--END -> > [27:5]
|--TEXT ->   [27:6]
|--HTML_ELEMENT -> HTML_ELEMENT [27:7]
|   `--HEAD_TAG_END -> HEAD_TAG_END [27:7]
|       |--START -> < [27:7]
|       |--SLASH -> / [27:8]
|       |--HEAD_HTML_TAG_NAME -> head [27:9]
|       `--END -> > [27:13]
|--TEXT ->   [27:14]
|--HTML_ELEMENT -> HTML_ELEMENT [27:15]
|   `--RP_TAG_END -> RP_TAG_END [27:15]
|       |--START -> < [27:15]
|       |--SLASH -> / [27:16]
|       |--RP_HTML_TAG_NAME -> RP [27:17]
|       `--END -> > [27:19]
|--NEWLINE -> \n [27:20]
|--LEADING_ASTERISK -> * [28:0]
|--TEXT ->   [28:1]
|--HTML_ELEMENT -> HTML_ELEMENT [28:2]
|   `--RP -> RP [28:2]
|       |--RP_TAG_START -> RP_TAG_START [28:2]
|       |   |--START -> < [28:2]
|       |   |--RP_HTML_TAG_NAME -> rp [28:3]
|       |   `--END -> > [28:5]
|       |--TEXT ->   [28:6]
|       |--HTML -> HTML [28:7]
|       |   |--HTML_TAG_START -> HTML_TAG_START [28:7]
|       |   |   |--START -> < [28:7]
|       |   |   |--HTML_HTML_TAG_NAME -> html [28:8]
|       |   |   `--END -> > [28:12]
|       |   |--TEXT ->   [28:13]
|       |   `--HTML_TAG_END -> HTML_TAG_END [28:14]
|       |       |--START -> < [28:14]
|       |       |--SLASH -> / [28:15]
|       |       |--HTML_HTML_TAG_NAME -> html [28:16]
|       |       `--END -> > [28:20]
|       |--TEXT ->   [28:21]
|       `--RP_TAG_END -> RP_TAG_END [28:22]
|           |--START -> < [28:22]
|           |--SLASH -> / [28:23]
|           |--RP_HTML_TAG_NAME -> RP [28:24]
|           `--END -> > [28:26]
|--NEWLINE -> \n [28:27]
|--LEADING_ASTERISK -> * [29:0]
|--TEXT ->   [29:1]
|--HTML_ELEMENT -> HTML_ELEMENT [29:2]
|   `--RP -> RP [29:2]
|       |--RP_TAG_START -> RP_TAG_START [29:2]
|       |   |--START -> < [29:2]
|       |   |--RP_HTML_TAG_NAME -> rp [29:3]
|       |   `--END -> > [29:5]
|       |--TEXT ->   [29:6]
|       |--HTML_TAG_START -> HTML_TAG_START [29:7]
|       |   |--START -> < [29:7]
|       |   |--HTML_HTML_TAG_NAME -> html [29:8]
|       |   `--END -> > [29:12]
|       |--TEXT ->   [29:13]
|       `--RP_TAG_END -> RP_TAG_END [29:14]
|           |--START -> < [29:14]
|           |--SLASH -> / [29:15]
|           |--RP_HTML_TAG_NAME -> RP [29:16]
|           `--END -> > [29:18]
|--NEWLINE -> \n [29:19]
|--LEADING_ASTERISK -> * [30:0]
|--TEXT ->   [30:1]
|--HTML_ELEMENT -> HTML_ELEMENT [30:2]
|   `--RP_TAG_START -> RP_TAG_START [30:2]
|       |--START -> < [30:2]
|       |--RP_HTML_TAG_NAME -> rp [30:3]
|       `--END -> > [30:5]
|--TEXT ->   [30:6]
|--HTML_ELEMENT -> HTML_ELEMENT [30:7]
|   `--HTML_TAG_END -> HTML_TAG_END [30:7]
|       |--START -> < [30:7]
|       |--SLASH -> / [30:8]
|       |--HTML_HTML_TAG_NAME -> html [30:9]
|       `--END -> > [30:13]
|--TEXT ->   [30:14]
|--HTML_ELEMENT -> HTML_ELEMENT [30:15]
|   `--RP_TAG_END -> RP_TAG_END [30:15]
|       |--START -> < [30:15]
|       |--SLASH -> / [30:16]
|       |--RP_HTML_TAG_NAME -> RP [30:17]
|       `--END -> > [30:19]
|--NEWLINE -> \n [30:20]
|--LEADING_ASTERISK -> * [31:0]
|--TEXT ->   [31:1]
|--HTML_ELEMENT -> HTML_ELEMENT [31:2]
|   `--RP -> RP [31:2]
|       |--RP_TAG_START -> RP_TAG_START [31:2]
|       |   |--START -> < [31:2]
|       |   |--RP_HTML_TAG_NAME -> rp [31:3]
|       |   `--END -> > [31:5]
|       |--TEXT ->   [31:6]
|       |--OPTION -> OPTION [31:7]
|       |   |--OPTION_TAG_START -> OPTION_TAG_START [31:7]
|       |   |   |--START -> < [31:7]
|       |   |   |--OPTION_HTML_TAG_NAME -> option [31:8]
|       |   |   `--END -> > [31:14]
|       |   |--TEXT ->   [31:15]
|       |   `--OPTION_TAG_END -> OPTION_TAG_END [31:16]
|       |       |--START -> < [31:16]
|       |       |--SLASH -> / [31:17]
|       |       |--OPTION_HTML_TAG_NAME -> option [31:18]
|       |       `--END -> > [31:24]
|       |--TEXT ->   [31:25]
|       `--RP_TAG_END -> RP_TAG_END [31:26]
|           |--START -> < [31:26]
|           |--SLASH -> / [31:27]
|           |--RP_HTML_TAG_NAME -> RP [31:28]
|           `--END -> > [31:30]
|--NEWLINE -> \n [31:31]
|--LEADING_ASTERISK -> * [32:0]
|--TEXT ->   [32:1]
|--HTML_ELEMENT -> HTML_ELEMENT [32:2]
|   `--RP -> RP [32:2]
|       |--RP_TAG_START -> RP_TAG_START [32:2]
|       |   |--START -> < [32:2]
|       |   |--RP_HTML_TAG_NAME -> rp [32:3]
|       |   `--END -> > [32:5]
|       |--TEXT ->   [32:6]
|       |--OPTION_TAG_START -> OPTION_TAG_START [32:7]
|       |   |--START -> < [32:7]
|       |   |--OPTION_HTML_TAG_NAME -> option [32:8]
|       |   `--END -> > [32:14]
|       |--TEXT ->   [32:15]
|       `--RP_TAG_END -> RP_TAG_END [32:16]
|           |--START -> < [32:16]
|           |--SLASH -> / [32:17]
|           |--RP_HTML_TAG_NAME -> RP [32:18]
|           `--END -> > [32:20]
|--NEWLINE -> \n [32:21]
|--LEADING_ASTERISK -> * [33:0]
|--TEXT ->   [33:1]
|--HTML_ELEMENT -> HTML_ELEMENT [33:2]
|   `--RP_TAG_START -> RP_TAG_START [33:2]
|       |--START -> < [33:2]
|       |--RP_HTML_TAG_NAME -> rp [33:3]
|       `--END -> > [33:5]
|--TEXT ->   [33:6]
|--HTML_ELEMENT -> HTML_ELEMENT [33:7]
|   `--OPTION_TAG_END -> OPTION_TAG_END [33:7]
|       |--START -> < [33:7]
|       |--SLASH -> / [33:8]
|       |--OPTION_HTML_TAG_NAME -> option [33:9]
|       `--END -> > [33:15]
|--TEXT ->   [33:16]
|--HTML_ELEMENT -> HTML_ELEMENT [33:17]
|   `--RP_TAG_END -> RP_TAG_END [33:17]
|       |--START -> < [33:17]
|       |--SLASH -> / [33:18]
|       |--RP_HTML_TAG_NAME -> RP [33:19]
|       `--END -> > [33:21]
|--NEWLINE -> \n [33:22]
|--LEADING_ASTERISK -> * [34:0]
|--TEXT ->   [34:1]
|--HTML_ELEMENT -> HTML_ELEMENT [34:2]
|   `--RP -> RP [34:2]
|       |--RP_TAG_START -> RP_TAG_START [34:2]
|       |   |--START -> < [34:2]
|       |   |--RP_HTML_TAG_NAME -> rp [34:3]
|       |   `--END -> > [34:5]
|       |--TEXT ->   [34:6]
|       |--TBODY -> TBODY [34:7]
|       |   |--TBODY_TAG_START -> TBODY_TAG_START [34:7]
|       |   |   |--START -> < [34:7]
|       |   |   |--TBODY_HTML_TAG_NAME -> tbody [34:8]
|       |   |   `--END -> > [34:13]
|       |   |--TEXT ->   [34:14]
|       |   `--TBODY_TAG_END -> TBODY_TAG_END [34:15]
|       |       |--START -> < [34:15]
|       |       |--SLASH -> / [34:16]
|       |       |--TBODY_HTML_TAG_NAME -> tbody [34:17]
|       |       `--END -> > [34:22]
|       |--TEXT ->   [34:23]
|       `--RP_TAG_END -> RP_TAG_END [34:24]
|           |--START -> < [34:24]
|           |--SLASH -> / [34:25]
|           |--RP_HTML_TAG_NAME -> rP [34:26]
|           `--END -> > [34:28]
|--NEWLINE -> \n [34:29]
|--LEADING_ASTERISK -> * [35:0]
|--TEXT ->   [35:1]
|--HTML_ELEMENT -> HTML_ELEMENT [35:2]
|   `--RP -> RP [35:2]
|       |--RP_TAG_START -> RP_TAG_START [35:2]
|       |   |--START -> < [35:2]
|       |   |--RP_HTML_TAG_NAME -> rp [35:3]
|       |   `--END -> > [35:5]
|       |--TEXT ->   [35:6]
|       |--TBODY_TAG_START -> TBODY_TAG_START [35:7]
|       |   |--START -> < [35:7]
|       |   |--TBODY_HTML_TAG_NAME -> tbody [35:8]
|       |   `--END -> > [35:13]
|       |--TEXT ->   [35:14]
|       `--RP_TAG_END -> RP_TAG_END [35:15]
|           |--START -> < [35:15]
|           |--SLASH -> / [35:16]
|           |--RP_HTML_TAG_NAME -> RP [35:17]
|           `--END -> > [35:19]
|--NEWLINE -> \n [35:20]
|--LEADING_ASTERISK -> * [36:0]
|--TEXT ->   [36:1]
|--HTML_ELEMENT -> HTML_ELEMENT [36:2]
|   `--RP_TAG_START -> RP_TAG_START [36:2]
|       |--START -> < [36:2]
|       |--RP_HTML_TAG_NAME -> rp [36:3]
|       `--END -> > [36:5]
|--TEXT ->   [36:6]
|--HTML_ELEMENT -> HTML_ELEMENT [36:7]
|   `--TBODY_TAG_END -> TBODY_TAG_END [36:7]
|       |--START -> < [36:7]
|       |--SLASH -> / [36:8]
|       |--TBODY_HTML_TAG_NAME -> tbody [36:9]
|       `--END -> > [36:14]
|--TEXT ->   [36:15]
|--HTML_ELEMENT -> HTML_ELEMENT [36:16]
|   `--RP_TAG_END -> RP_TAG_END [36:16]
|       |--START -> < [36:16]
|       |--SLASH -> / [36:17]
|       |--RP_HTML_TAG_NAME -> RP [36:18]
|       `--END -> > [36:20]
|--NEWLINE -> \n [36:21]
|--LEADING_ASTERISK -> * [37:0]
|--TEXT ->   [37:1]
|--HTML_ELEMENT -> HTML_ELEMENT [37:2]
|   `--RP -> RP [37:2]
|       |--RP_TAG_START -> RP_TAG_START [37:2]
|       |   |--START -> < [37:2]
|       |   |--RP_HTML_TAG_NAME -> rp [37:3]
|       |   `--END -> > [37:5]
|       |--TEXT ->   [37:6]
|       |--TFOOT -> TFOOT [37:7]
|       |   |--TFOOT_TAG_START -> TFOOT_TAG_START [37:7]
|       |   |   |--START -> < [37:7]
|       |   |   |--TFOOT_HTML_TAG_NAME -> tfoot [37:8]
|       |   |   `--END -> > [37:13]
|       |   |--TEXT ->   [37:14]
|       |   `--TFOOT_TAG_END -> TFOOT_TAG_END [37:15]
|       |       |--START -> < [37:15]
|       |       |--SLASH -> / [37:16]
|       |       |--TFOOT_HTML_TAG_NAME -> tfoot [37:17]
|       |       `--END -> > [37:22]
|       |--TEXT ->   [37:23]
|       `--RP_TAG_END -> RP_TAG_END [37:24]
|           |--START -> < [37:24]
|           |--SLASH -> / [37:25]
|           |--RP_HTML_TAG_NAME -> RP [37:26]
|           `--END -> > [37:28]
|--NEWLINE -> \n [37:29]
|--LEADING_ASTERISK -> * [38:0]
|--TEXT ->   [38:1]
|--HTML_ELEMENT -> HTML_ELEMENT [38:2]
|   `--RP -> RP [38:2]
|       |--RP_TAG_START -> RP_TAG_START [38:2]
|       |   |--START -> < [38:2]
|       |   |--RP_HTML_TAG_NAME -> rp [38:3]
|       |   `--END -> > [38:5]
|       |--TEXT ->   [38:6]
|       |--TFOOT_TAG_START -> TFOOT_TAG_START [38:7]
|       |   |--START -> < [38:7]
|       |   |--TFOOT_HTML_TAG_NAME -> tfoot [38:8]
|       |   `--END -> > [38:13]
|       |--TEXT ->   [38:14]
|       `--RP_TAG_END -> RP_TAG_END [38:15]
|           |--START -> < [38:15]
|           |--SLASH -> / [38:16]
|           |--RP_HTML_TAG_NAME -> RP [38:17]
|           `--END -> > [38:19]
|--NEWLINE -> \n [38:20]
|--LEADING_ASTERISK -> * [39:0]
|--TEXT ->   [39:1]
|--HTML_ELEMENT -> HTML_ELEMENT [39:2]
|   `--RP_TAG_START -> RP_TAG_START [39:2]
|       |--START -> < [39:2]
|       |--RP_HTML_TAG_NAME -> rp [39:3]
|       `--END -> > [39:5]
|--TEXT ->   [39:6]
|--HTML_ELEMENT -> HTML_ELEMENT [39:7]
|   `--TFOOT_TAG_END -> TFOOT_TAG_END [39:7]
|       |--START -> < [39:7]
|       |--SLASH -> / [39:8]
|       |--TFOOT_HTML_TAG_NAME -> tfoot [39:9]
|       `--END -> > [39:14]
|--TEXT ->   [39:15]
|--HTML_ELEMENT -> HTML_ELEMENT [39:16]
|   `--RP_TAG_END -> RP_TAG_END [39:16]
|       |--START -> < [39:16]
|       |--SLASH -> / [39:17]
|       |--RP_HTML_TAG_NAME -> RP [39:18]
|       `--END -> > [39:20]
|--NEWLINE -> \n [39:21]
|--LEADING_ASTERISK -> * [40:0]
|--TEXT ->   [40:1]
|--HTML_ELEMENT -> HTML_ELEMENT [40:2]
|   `--RP -> RP [40:2]
|       |--RP_TAG_START -> RP_TAG_START [40:2]
|       |   |--START -> < [40:2]
|       |   |--RP_HTML_TAG_NAME -> rp [40:3]
|       |   |--WS ->   [40:5]
|       |   |--ATTRIBUTE -> ATTRIBUTE [40:6]
|       |   |   |--HTML_TAG_NAME -> style [40:6]
|       |   |   |--EQUALS -> = [40:11]
|       |   |   `--ATTR_VALUE -> "color:red" [40:12]
|       |   |--WS ->   [40:24]
|       |   |--NEWLINE -> \n [40:25]
|       |   |--LEADING_ASTERISK -> * [41:0]
|       |   |--NEWLINE -> \n [41:1]
|       |   |--LEADING_ASTERISK -> * [42:0]
|       |   |--WS ->   [42:1]
|       |   `--END -> > [42:2]
|       |--TEXT ->   [42:3]
|       |--HTML_COMMENT -> HTML_COMMENT [42:4]
|       |   |--HTML_COMMENT_START -> <!-- [42:4]
|       |   |--TEXT -> HTML COMMENT [42:8]
|       |   `--HTML_COMMENT_END -> --> [42:20]
|       |--TEXT ->    [42:23]
|       `--RP_TAG_END -> RP_TAG_END [42:25]
|           |--START -> < [42:25]
|           |--SLASH -> / [42:26]
|           |--RP_HTML_TAG_NAME -> Rp [42:27]
|           |--NEWLINE -> \n [42:29]
|           |--LEADING_ASTERISK -> * [43:0]
|           |--NEWLINE -> \n [43:1]
|           |--LEADING_ASTERISK -> * [44:0]
|           |--WS ->   [44:1]
|           `--END -> > [44:2]
|--NEWLINE -> \n [44:3]
`--EOF -> <EOF> [45:0]]
> but was:<...DOC -> JAVADOC [0:0][
|--LEADING_ASTERISK -> * [0:0]
|--TEXT ->   [0:1]
|--HTML_ELEMENT -> HTML_ELEMENT [0:2]
|   `--RP -> RP [0:2]
|       |--RP_TAG_START -> RP_TAG_START [0:2]
|       |   |--START -> < [0:2]
|       |   |--RP_HTML_TAG_NAME -> rp [0:3]
|       |   `--END -> > [0:5]
|       |--TEXT ->   [0:6]
|       `--RP_TAG_END -> RP_TAG_END [0:7]
|           |--START -> < [0:7]
|           |--SLASH -> / [0:8]
|           |--RP_HTML_TAG_NAME -> RP [0:9]
|           `--END -> > [0:11]
|--NEWLINE -> \n [0:12]
|--LEADING_ASTERISK -> * [1:0]
|--TEXT ->   [1:1]
|--HTML_ELEMENT -> HTML_ELEMENT [1:2]
|   `--RP -> RP [1:2]
|       |--RP_TAG_START -> RP_TAG_START [1:2]
|       |   |--START -> < [1:2]
|       |   |--RP_HTML_TAG_NAME -> rp [1:3]
|       |   `--END -> > [1:5]
|       |--TEXT ->   [1:6]
|       |--LI -> LI [1:7]
|       |   |--LI_TAG_START -> LI_TAG_START [1:7]
|       |   |   |--START -> < [1:7]
|       |   |   |--LI_HTML_TAG_NAME -> li [1:8]
|       |   |   `--END -> > [1:10]
|       |   |--TEXT ->   [1:11]
|       |   `--LI_TAG_END -> LI_TAG_END [1:12]
|       |       |--START -> < [1:12]
|       |       |--SLASH -> / [1:13]
|       |       |--LI_HTML_TAG_NAME -> li [1:14]
|       |       `--END -> > [1:16]
|       |--TEXT ->   [1:17]
|       `--RP_TAG_END -> RP_TAG_END [1:18]
|           |--START -> < [1:18]
|           |--SLASH -> / [1:19]
|           |--RP_HTML_TAG_NAME -> RP [1:20]
|           `--END -> > [1:22]
|--NEWLINE -> \n [1:23]
|--LEADING_ASTERISK -> * [2:0]
|--TEXT ->   [2:1]
|--HTML_ELEMENT -> HTML_ELEMENT [2:2]
|   `--RP -> RP [2:2]
|       |--RP_TAG_START -> RP_TAG_START [2:2]
|       |   |--START -> < [2:2]
|       |   |--RP_HTML_TAG_NAME -> rp [2:3]
|       |   `--END -> > [2:5]
|       |--TEXT ->   [2:6]
|       |--LI_TAG_START -> LI_TAG_START [2:7]
|       |   |--START -> < [2:7]
|       |   |--LI_HTML_TAG_NAME -> li [2:8]
|       |   `--END -> > [2:10]
|       |--TEXT ->   [2:11]
|       `--RP_TAG_END -> RP_TAG_END [2:12]
|           |--START -> < [2:12]
|           |--SLASH -> / [2:13]
|           |--RP_HTML_TAG_NAME -> RP [2:14]
|           `--END -> > [2:16]
|--NEWLINE -> \n [2:17]
|--LEADING_ASTERISK -> * [3:0]
|--TEXT ->   [3:1]
|--HTML_ELEMENT -> HTML_ELEMENT [3:2]
|   `--RP_TAG_START -> RP_TAG_START [3:2]
|       |--START -> < [3:2]
|       |--RP_HTML_TAG_NAME -> rp [3:3]
|       `--END -> > [3:5]
|--TEXT ->   [3:6]
|--HTML_ELEMENT -> HTML_ELEMENT [3:7]
|   `--LI_TAG_END -> LI_TAG_END [3:7]
|       |--START -> < [3:7]
|       |--SLASH -> / [3:8]
|       |--LI_HTML_TAG_NAME -> li [3:9]
|       `--END -> > [3:11]
|--TEXT ->   [3:12]
|--HTML_ELEMENT -> HTML_ELEMENT [3:13]
|   `--RP_TAG_END -> RP_TAG_END [3:13]
|       |--START -> < [3:13]
|       |--SLASH -> / [3:14]
|       |--RP_HTML_TAG_NAME -> RP [3:15]
|       `--END -> > [3:17]
|--NEWLINE -> \n [3:18]
|--LEADING_ASTERISK -> * [4:0]
|--TEXT ->   [4:1]
|--HTML_ELEMENT -> HTML_ELEMENT [4:2]
|   `--RP -> RP [4:2]
|       |--RP_TAG_START -> RP_TAG_START [4:2]
|       |   |--START -> < [4:2]
|       |   |--RP_HTML_TAG_NAME -> rp [4:3]
|       |   `--END -> > [4:5]
|       |--TEXT ->   [4:6]
|       |--TR -> TR [4:7]
|       |   |--TR_TAG_START -> TR_TAG_START [4:7]
|       |   |   |--START -> < [4:7]
|       |   |   |--TR_HTML_TAG_NAME -> tr [4:8]
|       |   |   `--END -> > [4:10]
|       |   |--TEXT ->   [4:11]
|       |   `--TR_TAG_END -> TR_TAG_END [4:12]
|       |       |--START -> < [4:12]
|       |       |--SLASH -> / [4:13]
|       |       |--TR_HTML_TAG_NAME -> tr [4:14]
|       |       `--END -> > [4:16]
|       |--TEXT ->   [4:17]
|       `--RP_TAG_END -> RP_TAG_END [4:18]
|           |--START -> < [4:18]
|           |--SLASH -> / [4:19]
|           |--RP_HTML_TAG_NAME -> RP [4:20]
|           `--END -> > [4:22]
|--NEWLINE -> \n [4:23]
|--LEADING_ASTERISK -> * [5:0]
|--TEXT ->   [5:1]
|--HTML_ELEMENT -> HTML_ELEMENT [5:2]
|   `--RP -> RP [5:2]
|       |--RP_TAG_START -> RP_TAG_START [5:2]
|       |   |--START -> < [5:2]
|       |   |--RP_HTML_TAG_NAME -> rp [5:3]
|       |   `--END -> > [5:5]
|       |--TEXT ->   [5:6]
|       |--TR_TAG_START -> TR_TAG_START [5:7]
|       |   |--START -> < [5:7]
|       |   |--TR_HTML_TAG_NAME -> tr [5:8]
|       |   `--END -> > [5:10]
|       |--TEXT ->   [5:11]
|       `--RP_TAG_END -> RP_TAG_END [5:12]
|           |--START -> < [5:12]
|           |--SLASH -> / [5:13]
|           |--RP_HTML_TAG_NAME -> RP [5:14]
|           `--END -> > [5:16]
|--NEWLINE -> \n [5:17]
|--LEADING_ASTERISK -> * [6:0]
|--TEXT ->   [6:1]
|--HTML_ELEMENT -> HTML_ELEMENT [6:2]
|   `--RP_TAG_START -> RP_TAG_START [6:2]
|       |--START -> < [6:2]
|       |--RP_HTML_TAG_NAME -> rp [6:3]
|       `--END -> > [6:5]
|--TEXT ->   [6:6]
|--HTML_ELEMENT -> HTML_ELEMENT [6:7]
|   `--TR_TAG_END -> TR_TAG_END [6:7]
|       |--START -> < [6:7]
|       |--SLASH -> / [6:8]
|       |--TR_HTML_TAG_NAME -> tr [6:9]
|       `--END -> > [6:11]
|--TEXT ->   [6:12]
|--HTML_ELEMENT -> HTML_ELEMENT [6:13]
|   `--RP_TAG_END -> RP_TAG_END [6:13]
|       |--START -> < [6:13]
|       |--SLASH -> / [6:14]
|       |--RP_HTML_TAG_NAME -> RP [6:15]
|       `--END -> > [6:17]
|--NEWLINE -> \n [6:18]
|--LEADING_ASTERISK -> * [7:0]
|--TEXT ->   [7:1]
|--HTML_ELEMENT -> HTML_ELEMENT [7:2]
|   `--RP -> RP [7:2]
|       |--RP_TAG_START -> RP_TAG_START [7:2]
|       |   |--START -> < [7:2]
|       |   |--RP_HTML_TAG_NAME -> rp [7:3]
|       |   `--END -> > [7:5]
|       |--TEXT ->   [7:6]
|       |--TD -> TD [7:7]
|       |   |--TD_TAG_START -> TD_TAG_START [7:7]
|       |   |   |--START -> < [7:7]
|       |   |   |--TD_HTML_TAG_NAME -> td [7:8]
|       |   |   `--END -> > [7:10]
|       |   |--TEXT ->   [7:11]
|       |   `--TD_TAG_END -> TD_TAG_END [7:12]
|       |       |--START -> < [7:12]
|       |       |--SLASH -> / [7:13]
|       |       |--TD_HTML_TAG_NAME -> td [7:14]
|       |       `--END -> > [7:16]
|       |--TEXT ->   [7:17]
|       `--RP_TAG_END -> RP_TAG_END [7:18]
|           |--START -> < [7:18]
|           |--SLASH -> / [7:19]
|           |--RP_HTML_TAG_NAME -> RP [7:20]
|           `--END -> > [7:22]
|--NEWLINE -> \n [7:23]
|--LEADING_ASTERISK -> * [8:0]
|--TEXT ->   [8:1]
|--HTML_ELEMENT -> HTML_ELEMENT [8:2]
|   `--RP -> RP [8:2]
|       |--RP_TAG_START -> RP_TAG_START [8:2]
|       |   |--START -> < [8:2]
|       |   |--RP_HTML_TAG_NAME -> rp [8:3]
|       |   `--END -> > [8:5]
|       |--TEXT ->   [8:6]
|       |--TD_TAG_START -> TD_TAG_START [8:7]
|       |   |--START -> < [8:7]
|       |   |--TD_HTML_TAG_NAME -> td [8:8]
|       |   `--END -> > [8:10]
|       |--TEXT ->   [8:11]
|       `--RP_TAG_END -> RP_TAG_END [8:12]
|           |--START -> < [8:12]
|           |--SLASH -> / [8:13]
|           |--RP_HTML_TAG_NAME -> RP [8:14]
|           `--END -> > [8:16]
|--NEWLINE -> \n [8:17]
|--LEADING_ASTERISK -> * [9:0]
|--TEXT ->   [9:1]
|--HTML_ELEMENT -> HTML_ELEMENT [9:2]
|   `--RP_TAG_START -> RP_TAG_START [9:2]
|       |--START -> < [9:2]
|       |--RP_HTML_TAG_NAME -> rp [9:3]
|       `--END -> > [9:5]
|--TEXT ->   [9:6]
|--HTML_ELEMENT -> HTML_ELEMENT [9:7]
|   `--TD_TAG_END -> TD_TAG_END [9:7]
|       |--START -> < [9:7]
|       |--SLASH -> / [9:8]
|       |--TD_HTML_TAG_NAME -> td [9:9]
|       `--END -> > [9:11]
|--TEXT ->   [9:12]
|--HTML_ELEMENT -> HTML_ELEMENT [9:13]
|   `--RP_TAG_END -> RP_TAG_END [9:13]
|       |--START -> < [9:13]
|       |--SLASH -> / [9:14]
|       |--RP_HTML_TAG_NAME -> RP [9:15]
|       `--END -> > [9:17]
|--NEWLINE -> \n [9:18]
|--LEADING_ASTERISK -> * [10:0]
|--TEXT ->   [10:1]
|--HTML_ELEMENT -> HTML_ELEMENT [10:2]
|   `--RP -> RP [10:2]
|       |--RP_TAG_START -> RP_TAG_START [10:2]
|       |   |--START -> < [10:2]
|       |   |--RP_HTML_TAG_NAME -> rp [10:3]
|       |   `--END -> > [10:5]
|       |--TEXT ->   [10:6]
|       |--TH -> TH [10:7]
|       |   |--TH_TAG_START -> TH_TAG_START [10:7]
|       |   |   |--START -> < [10:7]
|       |   |   |--TH_HTML_TAG_NAME -> th [10:8]
|       |   |   `--END -> > [10:10]
|       |   |--TEXT ->   [10:11]
|       |   `--TH_TAG_END -> TH_TAG_END [10:12]
|       |       |--START -> < [10:12]
|       |       |--SLASH -> / [10:13]
|       |       |--TH_HTML_TAG_NAME -> th [10:14]
|       |       `--END -> > [10:16]
|       |--TEXT ->   [10:17]
|       `--RP_TAG_END -> RP_TAG_END [10:18]
|           |--START -> < [10:18]
|           |--SLASH -> / [10:19]
|           |--RP_HTML_TAG_NAME -> RP [10:20]
|           `--END -> > [10:22]
|--NEWLINE -> \n [10:23]
|--LEADING_ASTERISK -> * [11:0]
|--TEXT ->   [11:1]
|--HTML_ELEMENT -> HTML_ELEMENT [11:2]
|   `--RP -> RP [11:2]
|       |--RP_TAG_START -> RP_TAG_START [11:2]
|       |   |--START -> < [11:2]
|       |   |--RP_HTML_TAG_NAME -> rp [11:3]
|       |   `--END -> > [11:5]
|       |--TEXT ->   [11:6]
|       |--TH_TAG_START -> TH_TAG_START [11:7]
|       |   |--START -> < [11:7]
|       |   |--TH_HTML_TAG_NAME -> th [11:8]
|       |   `--END -> > [11:10]
|       |--TEXT ->   [11:11]
|       `--RP_TAG_END -> RP_TAG_END [11:12]
|           |--START -> < [11:12]
|           |--SLASH -> / [11:13]
|           |--RP_HTML_TAG_NAME -> RP [11:14]
|           `--END -> > [11:16]
|--NEWLINE -> \n [11:17]
|--LEADING_ASTERISK -> * [12:0]
|--TEXT ->   [12:1]
|--HTML_ELEMENT -> HTML_ELEMENT [12:2]
|   `--RP_TAG_START -> RP_TAG_START [12:2]
|       |--START -> < [12:2]
|       |--RP_HTML_TAG_NAME -> rp [12:3]
|       `--END -> > [12:5]
|--TEXT ->   [12:6]
|--HTML_ELEMENT -> HTML_ELEMENT [12:7]
|   `--TH_TAG_END -> TH_TAG_END [12:7]
|       |--START -> < [12:7]
|       |--SLASH -> / [12:8]
|       |--TH_HTML_TAG_NAME -> th [12:9]
|       `--END -> > [12:11]
|--TEXT ->   [12:12]
|--HTML_ELEMENT -> HTML_ELEMENT [12:13]
|   `--RP_TAG_END -> RP_TAG_END [12:13]
|       |--START -> < [12:13]
|       |--SLASH -> / [12:14]
|       |--RP_HTML_TAG_NAME -> RP [12:15]
|       `--END -> > [12:17]
|--NEWLINE -> \n [12:18]
|--LEADING_ASTERISK -> * [13:0]
|--TEXT ->   [13:1]
|--HTML_ELEMENT -> HTML_ELEMENT [13:2]
|   `--RP -> RP [13:2]
|       |--RP_TAG_START -> RP_TAG_START [13:2]
|       |   |--START -> < [13:2]
|       |   |--RP_HTML_TAG_NAME -> rp [13:3]
|       |   `--END -> > [13:5]
|       |--TEXT ->   [13:6]
|       |--BODY -> BODY [13:7]
|       |   |--BODY_TAG_START -> BODY_TAG_START [13:7]
|       |   |   |--START -> < [13:7]
|       |   |   |--BODY_HTML_TAG_NAME -> body [13:8]
|       |   |   `--END -> > [13:12]
|       |   |--TEXT ->   [13:13]
|       |   `--BODY_TAG_END -> BODY_TAG_END [13:14]
|       |       |--START -> < [13:14]
|       |       |--SLASH -> / [13:15]
|       |       |--BODY_HTML_TAG_NAME -> body [13:16]
|       |       `--END -> > [13:20]
|       |--TEXT ->   [13:21]
|       `--RP_TAG_END -> RP_TAG_END [13:22]
|           |--START -> < [13:22]
|           |--SLASH -> / [13:23]
|           |--RP_HTML_TAG_NAME -> RP [13:24]
|           `--END -> > [13:26]
|--NEWLINE -> \n [13:27]
|--LEADING_ASTERISK -> * [14:0]
|--TEXT ->   [14:1]
|--HTML_ELEMENT -> HTML_ELEMENT [14:2]
|   `--RP -> RP [14:2]
|       |--RP_TAG_START -> RP_TAG_START [14:2]
|       |   |--START -> < [14:2]
|       |   |--RP_HTML_TAG_NAME -> rp [14:3]
|       |   `--END -> > [14:5]
|       |--TEXT ->   [14:6]
|       |--BODY_TAG_START -> BODY_TAG_START [14:7]
|       |   |--START -> < [14:7]
|       |   |--BODY_HTML_TAG_NAME -> body [14:8]
|       |   `--END -> > [14:12]
|       |--TEXT ->   [14:13]
|       `--RP_TAG_END -> RP_TAG_END [14:14]
|           |--START -> < [14:14]
|           |--SLASH -> / [14:15]
|           |--RP_HTML_TAG_NAME -> RP [14:16]
|           `--END -> > [14:18]
|--NEWLINE -> \n [14:19]
|--LEADING_ASTERISK -> * [15:0]
|--TEXT ->   [15:1]
|--HTML_ELEMENT -> HTML_ELEMENT [15:2]
|   `--RP_TAG_START -> RP_TAG_START [15:2]
|       |--START -> < [15:2]
|       |--RP_HTML_TAG_NAME -> rp [15:3]
|       `--END -> > [15:5]
|--TEXT ->   [15:6]
|--HTML_ELEMENT -> HTML_ELEMENT [15:7]
|   `--BODY_TAG_END -> BODY_TAG_END [15:7]
|       |--START -> < [15:7]
|       |--SLASH -> / [15:8]
|       |--BODY_HTML_TAG_NAME -> body [15:9]
|       `--END -> > [15:13]
|--TEXT ->   [15:14]
|--HTML_ELEMENT -> HTML_ELEMENT [15:15]
|   `--RP_TAG_END -> RP_TAG_END [15:15]
|       |--START -> < [15:15]
|       |--SLASH -> / [15:16]
|       |--RP_HTML_TAG_NAME -> RP [15:17]
|       `--END -> > [15:19]
|--NEWLINE -> \n [15:20]
|--LEADING_ASTERISK -> * [16:0]
|--TEXT ->   [16:1]
|--HTML_ELEMENT -> HTML_ELEMENT [16:2]
|   `--RP -> RP [16:2]
|       |--RP_TAG_START -> RP_TAG_START [16:2]
|       |   |--START -> < [16:2]
|       |   |--RP_HTML_TAG_NAME -> rp [16:3]
|       |   `--END -> > [16:5]
|       |--TEXT ->   [16:6]
|       |--COLGROUP -> COLGROUP [16:7]
|       |   |--COLGROUP_TAG_START -> COLGROUP_TAG_START [16:7]
|       |   |   |--START -> < [16:7]
|       |   |   |--COLGROUP_HTML_TAG_NAME -> colgroup [16:8]
|       |   |   `--END -> > [16:16]
|       |   |--TEXT ->   [16:17]
|       |   `--COLGROUP_TAG_END -> COLGROUP_TAG_END [16:18]
|       |       |--START -> < [16:18]
|       |       |--SLASH -> / [16:19]
|       |       |--COLGROUP_HTML_TAG_NAME -> colgroup [16:20]
|       |       `--END -> > [16:28]
|       |--TEXT ->   [16:29]
|       `--RP_TAG_END -> RP_TAG_END [16:30]
|           |--START -> < [16:30]
|           |--SLASH -> / [16:31]
|           |--RP_HTML_TAG_NAME -> RP [16:32]
|           `--END -> > [16:34]
|--NEWLINE -> \n [16:35]
|--LEADING_ASTERISK -> * [17:0]
|--TEXT ->   [17:1]
|--HTML_ELEMENT -> HTML_ELEMENT [17:2]
|   `--RP -> RP [17:2]
|       |--RP_TAG_START -> RP_TAG_START [17:2]
|       |   |--START -> < [17:2]
|       |   |--RP_HTML_TAG_NAME -> rp [17:3]
|       |   `--END -> > [17:5]
|       |--TEXT ->   [17:6]
|       |--COLGROUP_TAG_START -> COLGROUP_TAG_START [17:7]
|       |   |--START -> < [17:7]
|       |   |--COLGROUP_HTML_TAG_NAME -> colgroup [17:8]
|       |   `--END -> > [17:16]
|       |--TEXT ->   [17:17]
|       `--RP_TAG_END -> RP_TAG_END [17:18]
|           |--START -> < [17:18]
|           |--SLASH -> / [17:19]
|           |--RP_HTML_TAG_NAME -> RP [17:20]
|           `--END -> > [17:22]
|--NEWLINE -> \n [17:23]
|--LEADING_ASTERISK -> * [18:0]
|--TEXT ->   [18:1]
|--HTML_ELEMENT -> HTML_ELEMENT [18:2]
|   `--RP_TAG_START -> RP_TAG_START [18:2]
|       |--START -> < [18:2]
|       |--RP_HTML_TAG_NAME -> rp [18:3]
|       `--END -> > [18:5]
|--TEXT ->   [18:6]
|--HTML_ELEMENT -> HTML_ELEMENT [18:7]
|   `--COLGROUP_TAG_END -> COLGROUP_TAG_END [18:7]
|       |--START -> < [18:7]
|       |--SLASH -> / [18:8]
|       |--COLGROUP_HTML_TAG_NAME -> colgroup [18:9]
|       `--END -> > [18:17]
|--TEXT ->   [18:18]
|--HTML_ELEMENT -> HTML_ELEMENT [18:19]
|   `--RP_TAG_END -> RP_TAG_END [18:19]
|       |--START -> < [18:19]
|       |--SLASH -> / [18:20]
|       |--RP_HTML_TAG_NAME -> RP [18:21]
|       `--END -> > [18:23]
|--NEWLINE -> \n [18:24]
|--LEADING_ASTERISK -> * [19:0]
|--TEXT ->   [19:1]
|--HTML_ELEMENT -> HTML_ELEMENT [19:2]
|   `--RP -> RP [19:2]
|       |--RP_TAG_START -> RP_TAG_START [19:2]
|       |   |--START -> < [19:2]
|       |   |--RP_HTML_TAG_NAME -> rp [19:3]
|       |   `--END -> > [19:5]
|       |--TEXT ->   [19:6]
|       |--DD -> DD [19:7]
|       |   |--DD_TAG_START -> DD_TAG_START [19:7]
|       |   |   |--START -> < [19:7]
|       |   |   |--DD_HTML_TAG_NAME -> dd [19:8]
|       |   |   `--END -> > [19:10]
|       |   |--TEXT ->   [19:11]
|       |   `--DD_TAG_END -> DD_TAG_END [19:12]
|       |       |--START -> < [19:12]
|       |       |--SLASH -> / [19:13]
|       |       |--DD_HTML_TAG_NAME -> dd [19:14]
|       |       `--END -> > [19:16]
|       |--TEXT ->   [19:17]
|       `--RP_TAG_END -> RP_TAG_END [19:18]
|           |--START -> < [19:18]
|           |--SLASH -> / [19:19]
|           |--RP_HTML_TAG_NAME -> RP [19:20]
|           `--END -> > [19:22]
|--NEWLINE -> \n [19:23]
|--LEADING_ASTERISK -> * [20:0]
|--TEXT ->   [20:1]
|--HTML_ELEMENT -> HTML_ELEMENT [20:2]
|   `--RP -> RP [20:2]
|       |--RP_TAG_START -> RP_TAG_START [20:2]
|       |   |--START -> < [20:2]
|       |   |--RP_HTML_TAG_NAME -> rp [20:3]
|       |   `--END -> > [20:5]
|       |--TEXT ->   [20:6]
|       |--DD_TAG_START -> DD_TAG_START [20:7]
|       |   |--START -> < [20:7]
|       |   |--DD_HTML_TAG_NAME -> dd [20:8]
|       |   `--END -> > [20:10]
|       |--TEXT ->   [20:11]
|       `--RP_TAG_END -> RP_TAG_END [20:12]
|           |--START -> < [20:12]
|           |--SLASH -> / [20:13]
|           |--RP_HTML_TAG_NAME -> RP [20:14]
|           `--END -> > [20:16]
|--NEWLINE -> \n [20:17]
|--LEADING_ASTERISK -> * [21:0]
|--TEXT ->   [21:1]
|--HTML_ELEMENT -> HTML_ELEMENT [21:2]
|   `--RP_TAG_START -> RP_TAG_START [21:2]
|       |--START -> < [21:2]
|       |--RP_HTML_TAG_NAME -> rp [21:3]
|       `--END -> > [21:5]
|--TEXT ->   [21:6]
|--HTML_ELEMENT -> HTML_ELEMENT [21:7]
|   `--DD_TAG_END -> DD_TAG_END [21:7]
|       |--START -> < [21:7]
|       |--SLASH -> / [21:8]
|       |--DD_HTML_TAG_NAME -> dd [21:9]
|       `--END -> > [21:11]
|--TEXT ->   [21:12]
|--HTML_ELEMENT -> HTML_ELEMENT [21:13]
|   `--RP_TAG_END -> RP_TAG_END [21:13]
|       |--START -> < [21:13]
|       |--SLASH -> / [21:14]
|       |--RP_HTML_TAG_NAME -> RP [21:15]
|       `--END -> > [21:17]
|--NEWLINE -> \n [21:18]
|--LEADING_ASTERISK -> * [22:0]
|--TEXT ->   [22:1]
|--HTML_ELEMENT -> HTML_ELEMENT [22:2]
|   `--RP -> RP [22:2]
|       |--RP_TAG_START -> RP_TAG_START [22:2]
|       |   |--START -> < [22:2]
|       |   |--RP_HTML_TAG_NAME -> rp [22:3]
|       |   `--END -> > [22:5]
|       |--TEXT ->   [22:6]
|       |--DT -> DT [22:7]
|       |   |--DT_TAG_START -> DT_TAG_START [22:7]
|       |   |   |--START -> < [22:7]
|       |   |   |--DT_HTML_TAG_NAME -> dt [22:8]
|       |   |   `--END -> > [22:10]
|       |   |--TEXT ->   [22:11]
|       |   `--DT_TAG_END -> DT_TAG_END [22:12]
|       |       |--START -> < [22:12]
|       |       |--SLASH -> / [22:13]
|       |       |--DT_HTML_TAG_NAME -> dt [22:14]
|       |       `--END -> > [22:16]
|       |--TEXT ->   [22:17]
|       `--RP_TAG_END -> RP_TAG_END [22:18]
|           |--START -> < [22:18]
|           |--SLASH -> / [22:19]
|           |--RP_HTML_TAG_NAME -> RP [22:20]
|           `--END -> > [22:22]
|--NEWLINE -> \n [22:23]
|--LEADING_ASTERISK -> * [23:0]
|--TEXT ->   [23:1]
|--HTML_ELEMENT -> HTML_ELEMENT [23:2]
|   `--RP -> RP [23:2]
|       |--RP_TAG_START -> RP_TAG_START [23:2]
|       |   |--START -> < [23:2]
|       |   |--RP_HTML_TAG_NAME -> rp [23:3]
|       |   `--END -> > [23:5]
|       |--TEXT ->   [23:6]
|       |--DT_TAG_START -> DT_TAG_START [23:7]
|       |   |--START -> < [23:7]
|       |   |--DT_HTML_TAG_NAME -> dt [23:8]
|       |   `--END -> > [23:10]
|       |--TEXT ->   [23:11]
|       `--RP_TAG_END -> RP_TAG_END [23:12]
|           |--START -> < [23:12]
|           |--SLASH -> / [23:13]
|           |--RP_HTML_TAG_NAME -> RP [23:14]
|           `--END -> > [23:16]
|--NEWLINE -> \n [23:17]
|--LEADING_ASTERISK -> * [24:0]
|--TEXT ->   [24:1]
|--HTML_ELEMENT -> HTML_ELEMENT [24:2]
|   `--RP_TAG_START -> RP_TAG_START [24:2]
|       |--START -> < [24:2]
|       |--RP_HTML_TAG_NAME -> rp [24:3]
|       `--END -> > [24:5]
|--TEXT ->   [24:6]
|--HTML_ELEMENT -> HTML_ELEMENT [24:7]
|   `--DT_TAG_END -> DT_TAG_END [24:7]
|       |--START -> < [24:7]
|       |--SLASH -> / [24:8]
|       |--DT_HTML_TAG_NAME -> dt [24:9]
|       `--END -> > [24:11]
|--TEXT ->   [24:12]
|--HTML_ELEMENT -> HTML_ELEMENT [24:13]
|   `--RP_TAG_END -> RP_TAG_END [24:13]
|       |--START -> < [24:13]
|       |--SLASH -> / [24:14]
|       |--RP_HTML_TAG_NAME -> RP [24:15]
|       `--END -> > [24:17]
|--NEWLINE -> \n [24:18]
|--LEADING_ASTERISK -> * [25:0]
|--TEXT ->   [25:1]
|--HTML_ELEMENT -> HTML_ELEMENT [25:2]
|   `--RP -> RP [25:2]
|       |--RP_TAG_START -> RP_TAG_START [25:2]
|       |   |--START -> < [25:2]
|       |   |--RP_HTML_TAG_NAME -> rp [25:3]
|       |   `--END -> > [25:5]
|       |--TEXT ->   [25:6]
|       |--HEAD -> HEAD [25:7]
|       |   |--HEAD_TAG_START -> HEAD_TAG_START [25:7]
|       |   |   |--START -> < [25:7]
|       |   |   |--HEAD_HTML_TAG_NAME -> head [25:8]
|       |   |   `--END -> > [25:12]
|       |   |--TEXT ->   [25:13]
|       |   `--HEAD_TAG_END -> HEAD_TAG_END [25:14]
|       |       |--START -> < [25:14]
|       |       |--SLASH -> / [25:15]
|       |       |--HEAD_HTML_TAG_NAME -> head [25:16]
|       |       `--END -> > [25:20]
|       |--TEXT ->   [25:21]
|       `--RP_TAG_END -> RP_TAG_END [25:22]
|           |--START -> < [25:22]
|           |--SLASH -> / [25:23]
|           |--RP_HTML_TAG_NAME -> RP [25:24]
|           `--END -> > [25:26]
|--NEWLINE -> \n [25:27]
|--LEADING_ASTERISK -> * [26:0]
|--TEXT ->   [26:1]
|--HTML_ELEMENT -> HTML_ELEMENT [26:2]
|   `--RP -> RP [26:2]
|       |--RP_TAG_START -> RP_TAG_START [26:2]
|       |   |--START -> < [26:2]
|       |   |--RP_HTML_TAG_NAME -> rp [26:3]
|       |   `--END -> > [26:5]
|       |--TEXT ->   [26:6]
|       |--HEAD_TAG_START -> HEAD_TAG_START [26:7]
|       |   |--START -> < [26:7]
|       |   |--HEAD_HTML_TAG_NAME -> head [26:8]
|       |   `--END -> > [26:12]
|       |--TEXT ->   [26:13]
|       `--RP_TAG_END -> RP_TAG_END [26:14]
|           |--START -> < [26:14]
|           |--SLASH -> / [26:15]
|           |--RP_HTML_TAG_NAME -> RP [26:16]
|           `--END -> > [26:18]
|--NEWLINE -> \n [26:19]
|--LEADING_ASTERISK -> * [27:0]
|--TEXT ->   [27:1]
|--HTML_ELEMENT -> HTML_ELEMENT [27:2]
|   `--RP_TAG_START -> RP_TAG_START [27:2]
|       |--START -> < [27:2]
|       |--RP_HTML_TAG_NAME -> rp [27:3]
|       `--END -> > [27:5]
|--TEXT ->   [27:6]
|--HTML_ELEMENT -> HTML_ELEMENT [27:7]
|   `--HEAD_TAG_END -> HEAD_TAG_END [27:7]
|       |--START -> < [27:7]
|       |--SLASH -> / [27:8]
|       |--HEAD_HTML_TAG_NAME -> head [27:9]
|       `--END -> > [27:13]
|--TEXT ->   [27:14]
|--HTML_ELEMENT -> HTML_ELEMENT [27:15]
|   `--RP_TAG_END -> RP_TAG_END [27:15]
|       |--START -> < [27:15]
|       |--SLASH -> / [27:16]
|       |--RP_HTML_TAG_NAME -> RP [27:17]
|       `--END -> > [27:19]
|--NEWLINE -> \n [27:20]
|--LEADING_ASTERISK -> * [28:0]
|--TEXT ->   [28:1]
|--HTML_ELEMENT -> HTML_ELEMENT [28:2]
|   `--RP -> RP [28:2]
|       |--RP_TAG_START -> RP_TAG_START [28:2]
|       |   |--START -> < [28:2]
|       |   |--RP_HTML_TAG_NAME -> rp [28:3]
|       |   `--END -> > [28:5]
|       |--TEXT ->   [28:6]
|       |--HTML -> HTML [28:7]
|       |   |--HTML_TAG_START -> HTML_TAG_START [28:7]
|       |   |   |--START -> < [28:7]
|       |   |   |--HTML_HTML_TAG_NAME -> html [28:8]
|       |   |   `--END -> > [28:12]
|       |   |--TEXT ->   [28:13]
|       |   `--HTML_TAG_END -> HTML_TAG_END [28:14]
|       |       |--START -> < [28:14]
|       |       |--SLASH -> / [28:15]
|       |       |--HTML_HTML_TAG_NAME -> html [28:16]
|       |       `--END -> > [28:20]
|       |--TEXT ->   [28:21]
|       `--RP_TAG_END -> RP_TAG_END [28:22]
|           |--START -> < [28:22]
|           |--SLASH -> / [28:23]
|           |--RP_HTML_TAG_NAME -> RP [28:24]
|           `--END -> > [28:26]
|--NEWLINE -> \n [28:27]
|--LEADING_ASTERISK -> * [29:0]
|--TEXT ->   [29:1]
|--HTML_ELEMENT -> HTML_ELEMENT [29:2]
|   `--RP -> RP [29:2]
|       |--RP_TAG_START -> RP_TAG_START [29:2]
|       |   |--START -> < [29:2]
|       |   |--RP_HTML_TAG_NAME -> rp [29:3]
|       |   `--END -> > [29:5]
|       |--TEXT ->   [29:6]
|       |--HTML_TAG_START -> HTML_TAG_START [29:7]
|       |   |--START -> < [29:7]
|       |   |--HTML_HTML_TAG_NAME -> html [29:8]
|       |   `--END -> > [29:12]
|       |--TEXT ->   [29:13]
|       `--RP_TAG_END -> RP_TAG_END [29:14]
|           |--START -> < [29:14]
|           |--SLASH -> / [29:15]
|           |--RP_HTML_TAG_NAME -> RP [29:16]
|           `--END -> > [29:18]
|--NEWLINE -> \n [29:19]
|--LEADING_ASTERISK -> * [30:0]
|--TEXT ->   [30:1]
|--HTML_ELEMENT -> HTML_ELEMENT [30:2]
|   `--RP_TAG_START -> RP_TAG_START [30:2]
|       |--START -> < [30:2]
|       |--RP_HTML_TAG_NAME -> rp [30:3]
|       `--END -> > [30:5]
|--TEXT ->   [30:6]
|--HTML_ELEMENT -> HTML_ELEMENT [30:7]
|   `--HTML_TAG_END -> HTML_TAG_END [30:7]
|       |--START -> < [30:7]
|       |--SLASH -> / [30:8]
|       |--HTML_HTML_TAG_NAME -> html [30:9]
|       `--END -> > [30:13]
|--TEXT ->   [30:14]
|--HTML_ELEMENT -> HTML_ELEMENT [30:15]
|   `--RP_TAG_END -> RP_TAG_END [30:15]
|       |--START -> < [30:15]
|       |--SLASH -> / [30:16]
|       |--RP_HTML_TAG_NAME -> RP [30:17]
|       `--END -> > [30:19]
|--NEWLINE -> \n [30:20]
|--LEADING_ASTERISK -> * [31:0]
|--TEXT ->   [31:1]
|--HTML_ELEMENT -> HTML_ELEMENT [31:2]
|   `--RP -> RP [31:2]
|       |--RP_TAG_START -> RP_TAG_START [31:2]
|       |   |--START -> < [31:2]
|       |   |--RP_HTML_TAG_NAME -> rp [31:3]
|       |   `--END -> > [31:5]
|       |--TEXT ->   [31:6]
|       |--OPTION -> OPTION [31:7]
|       |   |--OPTION_TAG_START -> OPTION_TAG_START [31:7]
|       |   |   |--START -> < [31:7]
|       |   |   |--OPTION_HTML_TAG_NAME -> option [31:8]
|       |   |   `--END -> > [31:14]
|       |   |--TEXT ->   [31:15]
|       |   `--OPTION_TAG_END -> OPTION_TAG_END [31:16]
|       |       |--START -> < [31:16]
|       |       |--SLASH -> / [31:17]
|       |       |--OPTION_HTML_TAG_NAME -> option [31:18]
|       |       `--END -> > [31:24]
|       |--TEXT ->   [31:25]
|       `--RP_TAG_END -> RP_TAG_END [31:26]
|           |--START -> < [31:26]
|           |--SLASH -> / [31:27]
|           |--RP_HTML_TAG_NAME -> RP [31:28]
|           `--END -> > [31:30]
|--NEWLINE -> \n [31:31]
|--LEADING_ASTERISK -> * [32:0]
|--TEXT ->   [32:1]
|--HTML_ELEMENT -> HTML_ELEMENT [32:2]
|   `--RP -> RP [32:2]
|       |--RP_TAG_START -> RP_TAG_START [32:2]
|       |   |--START -> < [32:2]
|       |   |--RP_HTML_TAG_NAME -> rp [32:3]
|       |   `--END -> > [32:5]
|       |--TEXT ->   [32:6]
|       |--OPTION_TAG_START -> OPTION_TAG_START [32:7]
|       |   |--START -> < [32:7]
|       |   |--OPTION_HTML_TAG_NAME -> option [32:8]
|       |   `--END -> > [32:14]
|       |--TEXT ->   [32:15]
|       `--RP_TAG_END -> RP_TAG_END [32:16]
|           |--START -> < [32:16]
|           |--SLASH -> / [32:17]
|           |--RP_HTML_TAG_NAME -> RP [32:18]
|           `--END -> > [32:20]
|--NEWLINE -> \n [32:21]
|--LEADING_ASTERISK -> * [33:0]
|--TEXT ->   [33:1]
|--HTML_ELEMENT -> HTML_ELEMENT [33:2]
|   `--RP_TAG_START -> RP_TAG_START [33:2]
|       |--START -> < [33:2]
|       |--RP_HTML_TAG_NAME -> rp [33:3]
|       `--END -> > [33:5]
|--TEXT ->   [33:6]
|--HTML_ELEMENT -> HTML_ELEMENT [33:7]
|   `--OPTION_TAG_END -> OPTION_TAG_END [33:7]
|       |--START -> < [33:7]
|       |--SLASH -> / [33:8]
|       |--OPTION_HTML_TAG_NAME -> option [33:9]
|       `--END -> > [33:15]
|--TEXT ->   [33:16]
|--HTML_ELEMENT -> HTML_ELEMENT [33:17]
|   `--RP_TAG_END -> RP_TAG_END [33:17]
|       |--START -> < [33:17]
|       |--SLASH -> / [33:18]
|       |--RP_HTML_TAG_NAME -> RP [33:19]
|       `--END -> > [33:21]
|--NEWLINE -> \n [33:22]
|--LEADING_ASTERISK -> * [34:0]
|--TEXT ->   [34:1]
|--HTML_ELEMENT -> HTML_ELEMENT [34:2]
|   `--RP -> RP [34:2]
|       |--RP_TAG_START -> RP_TAG_START [34:2]
|       |   |--START -> < [34:2]
|       |   |--RP_HTML_TAG_NAME -> rp [34:3]
|       |   `--END -> > [34:5]
|       |--TEXT ->   [34:6]
|       |--TBODY -> TBODY [34:7]
|       |   |--TBODY_TAG_START -> TBODY_TAG_START [34:7]
|       |   |   |--START -> < [34:7]
|       |   |   |--TBODY_HTML_TAG_NAME -> tbody [34:8]
|       |   |   `--END -> > [34:13]
|       |   |--TEXT ->   [34:14]
|       |   `--TBODY_TAG_END -> TBODY_TAG_END [34:15]
|       |       |--START -> < [34:15]
|       |       |--SLASH -> / [34:16]
|       |       |--TBODY_HTML_TAG_NAME -> tbody [34:17]
|       |       `--END -> > [34:22]
|       |--TEXT ->   [34:23]
|       `--RP_TAG_END -> RP_TAG_END [34:24]
|           |--START -> < [34:24]
|           |--SLASH -> / [34:25]
|           |--RP_HTML_TAG_NAME -> rP [34:26]
|           `--END -> > [34:28]
|--NEWLINE -> \n [34:29]
|--LEADING_ASTERISK -> * [35:0]
|--TEXT ->   [35:1]
|--HTML_ELEMENT -> HTML_ELEMENT [35:2]
|   `--RP -> RP [35:2]
|       |--RP_TAG_START -> RP_TAG_START [35:2]
|       |   |--START -> < [35:2]
|       |   |--RP_HTML_TAG_NAME -> rp [35:3]
|       |   `--END -> > [35:5]
|       |--TEXT ->   [35:6]
|       |--TBODY_TAG_START -> TBODY_TAG_START [35:7]
|       |   |--START -> < [35:7]
|       |   |--TBODY_HTML_TAG_NAME -> tbody [35:8]
|       |   `--END -> > [35:13]
|       |--TEXT ->   [35:14]
|       `--RP_TAG_END -> RP_TAG_END [35:15]
|           |--START -> < [35:15]
|           |--SLASH -> / [35:16]
|           |--RP_HTML_TAG_NAME -> RP [35:17]
|           `--END -> > [35:19]
|--NEWLINE -> \n [35:20]
|--LEADING_ASTERISK -> * [36:0]
|--TEXT ->   [36:1]
|--HTML_ELEMENT -> HTML_ELEMENT [36:2]
|   `--RP_TAG_START -> RP_TAG_START [36:2]
|       |--START -> < [36:2]
|       |--RP_HTML_TAG_NAME -> rp [36:3]
|       `--END -> > [36:5]
|--TEXT ->   [36:6]
|--HTML_ELEMENT -> HTML_ELEMENT [36:7]
|   `--TBODY_TAG_END -> TBODY_TAG_END [36:7]
|       |--START -> < [36:7]
|       |--SLASH -> / [36:8]
|       |--TBODY_HTML_TAG_NAME -> tbody [36:9]
|       `--END -> > [36:14]
|--TEXT ->   [36:15]
|--HTML_ELEMENT -> HTML_ELEMENT [36:16]
|   `--RP_TAG_END -> RP_TAG_END [36:16]
|       |--START -> < [36:16]
|       |--SLASH -> / [36:17]
|       |--RP_HTML_TAG_NAME -> RP [36:18]
|       `--END -> > [36:20]
|--NEWLINE -> \n [36:21]
|--LEADING_ASTERISK -> * [37:0]
|--TEXT ->   [37:1]
|--HTML_ELEMENT -> HTML_ELEMENT [37:2]
|   `--RP -> RP [37:2]
|       |--RP_TAG_START -> RP_TAG_START [37:2]
|       |   |--START -> < [37:2]
|       |   |--RP_HTML_TAG_NAME -> rp [37:3]
|       |   `--END -> > [37:5]
|       |--TEXT ->   [37:6]
|       |--TFOOT -> TFOOT [37:7]
|       |   |--TFOOT_TAG_START -> TFOOT_TAG_START [37:7]
|       |   |   |--START -> < [37:7]
|       |   |   |--TFOOT_HTML_TAG_NAME -> tfoot [37:8]
|       |   |   `--END -> > [37:13]
|       |   |--TEXT ->   [37:14]
|       |   `--TFOOT_TAG_END -> TFOOT_TAG_END [37:15]
|       |       |--START -> < [37:15]
|       |       |--SLASH -> / [37:16]
|       |       |--TFOOT_HTML_TAG_NAME -> tfoot [37:17]
|       |       `--END -> > [37:22]
|       |--TEXT ->   [37:23]
|       `--RP_TAG_END -> RP_TAG_END [37:24]
|           |--START -> < [37:24]
|           |--SLASH -> / [37:25]
|           |--RP_HTML_TAG_NAME -> RP [37:26]
|           `--END -> > [37:28]
|--NEWLINE -> \n [37:29]
|--LEADING_ASTERISK -> * [38:0]
|--TEXT ->   [38:1]
|--HTML_ELEMENT -> HTML_ELEMENT [38:2]
|   `--RP -> RP [38:2]
|       |--RP_TAG_START -> RP_TAG_START [38:2]
|       |   |--START -> < [38:2]
|       |   |--RP_HTML_TAG_NAME -> rp [38:3]
|       |   `--END -> > [38:5]
|       |--TEXT ->   [38:6]
|       |--TFOOT_TAG_START -> TFOOT_TAG_START [38:7]
|       |   |--START -> < [38:7]
|       |   |--TFOOT_HTML_TAG_NAME -> tfoot [38:8]
|       |   `--END -> > [38:13]
|       |--TEXT ->   [38:14]
|       `--RP_TAG_END -> RP_TAG_END [38:15]
|           |--START -> < [38:15]
|           |--SLASH -> / [38:16]
|           |--RP_HTML_TAG_NAME -> RP [38:17]
|           `--END -> > [38:19]
|--NEWLINE -> \n [38:20]
|--LEADING_ASTERISK -> * [39:0]
|--TEXT ->   [39:1]
|--HTML_ELEMENT -> HTML_ELEMENT [39:2]
|   `--RP_TAG_START -> RP_TAG_START [39:2]
|       |--START -> < [39:2]
|       |--RP_HTML_TAG_NAME -> rp [39:3]
|       `--END -> > [39:5]
|--TEXT ->   [39:6]
|--HTML_ELEMENT -> HTML_ELEMENT [39:7]
|   `--TFOOT_TAG_END -> TFOOT_TAG_END [39:7]
|       |--START -> < [39:7]
|       |--SLASH -> / [39:8]
|       |--TFOOT_HTML_TAG_NAME -> tfoot [39:9]
|       `--END -> > [39:14]
|--TEXT ->   [39:15]
|--HTML_ELEMENT -> HTML_ELEMENT [39:16]
|   `--RP_TAG_END -> RP_TAG_END [39:16]
|       |--START -> < [39:16]
|       |--SLASH -> / [39:17]
|       |--RP_HTML_TAG_NAME -> RP [39:18]
|       `--END -> > [39:20]
|--NEWLINE -> \n [39:21]
|--LEADING_ASTERISK -> * [40:0]
|--TEXT ->   [40:1]
|--HTML_ELEMENT -> HTML_ELEMENT [40:2]
|   `--RP -> RP [40:2]
|       |--RP_TAG_START -> RP_TAG_START [40:2]
|       |   |--START -> < [40:2]
|       |   |--RP_HTML_TAG_NAME -> rp [40:3]
|       |   |--WS ->   [40:5]
|       |   |--ATTRIBUTE -> ATTRIBUTE [40:6]
|       |   |   |--HTML_TAG_NAME -> style [40:6]
|       |   |   |--EQUALS -> = [40:11]
|       |   |   `--ATTR_VALUE -> "color:red" [40:12]
|       |   |--WS ->   [40:24]
|       |   |--NEWLINE -> \n [40:25]
|       |   |--LEADING_ASTERISK -> * [41:0]
|       |   |--NEWLINE -> \n [41:1]
|       |   |--LEADING_ASTERISK -> * [42:0]
|       |   |--WS ->   [42:1]
|       |   `--END -> > [42:2]
|       |--TEXT ->   [42:3]
|       |--HTML_COMMENT -> HTML_COMMENT [42:4]
|       |   |--HTML_COMMENT_START -> <!-- [42:4]
|       |   |--TEXT -> HTML COMMENT [42:8]
|       |   `--HTML_COMMENT_END -> --> [42:20]
|       |--TEXT ->    [42:23]
|       `--RP_TAG_END -> RP_TAG_END [42:25]
|           |--START -> < [42:25]
|           |--SLASH -> / [42:26]
|           |--RP_HTML_TAG_NAME -> Rp [42:27]
|           |--NEWLINE -> \n [42:29]
|           |--LEADING_ASTERISK -> * [43:0]
|           |--NEWLINE -> \n [43:1]
|           |--LEADING_ASTERISK -> * [44:0]
|           |--WS ->   [44:1]
|           `--END -> > [44:2]
|--NEWLINE -> \n [44:3]
`--EOF -> <EOF> [45:0]]
>
	at com.puppycrawl.tools.checkstyle.grammar.javadoc.JavadocParseTreeTest.testRpHtmlTag(JavadocParseTreeTest.java:362)
]]></failure>
  </testcase>
  <testcase name="authorWithMailto" classname="com.puppycrawl.tools.checkstyle.grammar.javadoc.JavadocParseTreeTest" time="0">
    <failure message="Generated tree from the javadoc file should match the pre-defined tree expected:&lt;...DOC -&gt; JAVADOC [0:0][&#10;|--JAVADOC_TAG -&gt; JAVADOC_TAG [0:0]&#10;|   |--AUTHOR_LITERAL -&gt; @author [0:0]&#10;|   |--WS -&gt;   [0:7]&#10;|   `--DESCRIPTION -&gt; DESCRIPTION [0:8]&#10;|       `--HTML_ELEMENT -&gt; HTML_ELEMENT [0:8]&#10;|           `--HTML_TAG -&gt; HTML_TAG [0:8]&#10;|               |--HTML_ELEMENT_START -&gt; HTML_ELEMENT_START [0:8]&#10;|               |   |--START -&gt; &lt; [0:8]&#10;|               |   |--HTML_TAG_NAME -&gt; a [0:9]&#10;|               |   |--WS -&gt;   [0:10]&#10;|               |   |--ATTRIBUTE -&gt; ATTRIBUTE [0:11]&#10;|               |   |   |--HTML_TAG_NAME -&gt; href [0:11]&#10;|               |   |   |--EQUALS -&gt; = [0:15]&#10;|               |   |   `--ATTR_VALUE -&gt; &quot;mailto:barataliba@gmail.com&quot; [0:16]&#10;|               |   `--END -&gt; &gt; [0:46]&#10;|               |--TEXT -&gt; Baratali Izmailov [0:47]&#10;|               `--HTML_ELEMENT_END -&gt; HTML_ELEMENT_END [0:64]&#10;|                   |--START -&gt; &lt; [0:64]&#10;|                   |--SLASH -&gt; / [0:65]&#10;|                   |--HTML_TAG_NAME -&gt; a [0:66]&#10;|                   `--END -&gt; &gt; [0:67]&#10;`--EOF -&gt; &lt;EOF&gt; [0:68]]&#10;&gt; but was:&lt;...DOC -&gt; JAVADOC [0:0][&#10;|--JAVADOC_TAG -&gt; JAVADOC_TAG [0:0]&#10;|   |--AUTHOR_LITERAL -&gt; @author [0:0]&#10;|   |--WS -&gt;   [0:7]&#10;|   `--DESCRIPTION -&gt; DESCRIPTION [0:8]&#10;|       `--HTML_ELEMENT -&gt; HTML_ELEMENT [0:8]&#10;|           `--HTML_TAG -&gt; HTML_TAG [0:8]&#10;|               |--HTML_ELEMENT_START -&gt; HTML_ELEMENT_START [0:8]&#10;|               |   |--START -&gt; &lt; [0:8]&#10;|               |   |--HTML_TAG_NAME -&gt; a [0:9]&#10;|               |   |--WS -&gt;   [0:10]&#10;|               |   |--ATTRIBUTE -&gt; ATTRIBUTE [0:11]&#10;|               |   |   |--HTML_TAG_NAME -&gt; href [0:11]&#10;|               |   |   |--EQUALS -&gt; = [0:15]&#10;|               |   |   `--ATTR_VALUE -&gt; &quot;mailto:barataliba@gmail.com&quot; [0:16]&#10;|               |   `--END -&gt; &gt; [0:46]&#10;|               |--TEXT -&gt; Baratali Izmailov [0:47]&#10;|               `--HTML_ELEMENT_END -&gt; HTML_ELEMENT_END [0:64]&#10;|                   |--START -&gt; &lt; [0:64]&#10;|                   |--SLASH -&gt; / [0:65]&#10;|                   |--HTML_TAG_NAME -&gt; a [0:66]&#10;|                   `--END -&gt; &gt; [0:67]&#10;`--EOF -&gt; &lt;EOF&gt; [0:68]&#13;]&#10;&gt;" type="org.junit.ComparisonFailure"><![CDATA[org.junit.ComparisonFailure: 
Generated tree from the javadoc file should match the pre-defined tree expected:<...DOC -> JAVADOC [0:0][
|--JAVADOC_TAG -> JAVADOC_TAG [0:0]
|   |--AUTHOR_LITERAL -> @author [0:0]
|   |--WS ->   [0:7]
|   `--DESCRIPTION -> DESCRIPTION [0:8]
|       `--HTML_ELEMENT -> HTML_ELEMENT [0:8]
|           `--HTML_TAG -> HTML_TAG [0:8]
|               |--HTML_ELEMENT_START -> HTML_ELEMENT_START [0:8]
|               |   |--START -> < [0:8]
|               |   |--HTML_TAG_NAME -> a [0:9]
|               |   |--WS ->   [0:10]
|               |   |--ATTRIBUTE -> ATTRIBUTE [0:11]
|               |   |   |--HTML_TAG_NAME -> href [0:11]
|               |   |   |--EQUALS -> = [0:15]
|               |   |   `--ATTR_VALUE -> "mailto:barataliba@gmail.com" [0:16]
|               |   `--END -> > [0:46]
|               |--TEXT -> Baratali Izmailov [0:47]
|               `--HTML_ELEMENT_END -> HTML_ELEMENT_END [0:64]
|                   |--START -> < [0:64]
|                   |--SLASH -> / [0:65]
|                   |--HTML_TAG_NAME -> a [0:66]
|                   `--END -> > [0:67]
`--EOF -> <EOF> [0:68]]
> but was:<...DOC -> JAVADOC [0:0][
|--JAVADOC_TAG -> JAVADOC_TAG [0:0]
|   |--AUTHOR_LITERAL -> @author [0:0]
|   |--WS ->   [0:7]
|   `--DESCRIPTION -> DESCRIPTION [0:8]
|       `--HTML_ELEMENT -> HTML_ELEMENT [0:8]
|           `--HTML_TAG -> HTML_TAG [0:8]
|               |--HTML_ELEMENT_START -> HTML_ELEMENT_START [0:8]
|               |   |--START -> < [0:8]
|               |   |--HTML_TAG_NAME -> a [0:9]
|               |   |--WS ->   [0:10]
|               |   |--ATTRIBUTE -> ATTRIBUTE [0:11]
|               |   |   |--HTML_TAG_NAME -> href [0:11]
|               |   |   |--EQUALS -> = [0:15]
|               |   |   `--ATTR_VALUE -> "mailto:barataliba@gmail.com" [0:16]
|               |   `--END -> > [0:46]
|               |--TEXT -> Baratali Izmailov [0:47]
|               `--HTML_ELEMENT_END -> HTML_ELEMENT_END [0:64]
|                   |--START -> < [0:64]
|                   |--SLASH -> / [0:65]
|                   |--HTML_TAG_NAME -> a [0:66]
|                   `--END -> > [0:67]
`--EOF -> <EOF> [0:68]]
>
	at com.puppycrawl.tools.checkstyle.grammar.javadoc.JavadocParseTreeTest.authorWithMailto(JavadocParseTreeTest.java:80)
]]></failure>
  </testcase>
  <testcase name="fewWhiteSpacesAsSeparator" classname="com.puppycrawl.tools.checkstyle.grammar.javadoc.JavadocParseTreeTest" time="0">
    <failure message="Generated tree from the javadoc file should match the pre-defined tree expected:&lt;...DOC -&gt; JAVADOC [0:0][&#10;|--LEADING_ASTERISK -&gt;        * [0:0]&#10;|--WS -&gt;   [0:8]&#10;|--JAVADOC_TAG -&gt; JAVADOC_TAG [0:9]&#10;|   |--PARAM_LITERAL -&gt; @param [0:9]&#10;|   |--WS -&gt;     [0:15]&#10;|   |--PARAMETER_NAME -&gt; initialCapacity [0:18]&#10;|   |--WS -&gt;       [0:33]&#10;|   `--DESCRIPTION -&gt; DESCRIPTION [0:38]&#10;|       `--TEXT -&gt; the initial capacity of the ByteBuffer. [0:38]&#10;`--EOF -&gt; &lt;EOF&gt; [0:77]]&#10;&gt; but was:&lt;...DOC -&gt; JAVADOC [0:0][&#10;|--LEADING_ASTERISK -&gt;        * [0:0]&#10;|--WS -&gt;   [0:8]&#10;|--JAVADOC_TAG -&gt; JAVADOC_TAG [0:9]&#10;|   |--PARAM_LITERAL -&gt; @param [0:9]&#10;|   |--WS -&gt;     [0:15]&#10;|   |--PARAMETER_NAME -&gt; initialCapacity [0:18]&#10;|   |--WS -&gt;       [0:33]&#10;|   `--DESCRIPTION -&gt; DESCRIPTION [0:38]&#10;|       `--TEXT -&gt; the initial capacity of the ByteBuffer. [0:38]&#10;`--EOF -&gt; &lt;EOF&gt; [0:77]&#13;]&#10;&gt;" type="org.junit.ComparisonFailure"><![CDATA[org.junit.ComparisonFailure: 
Generated tree from the javadoc file should match the pre-defined tree expected:<...DOC -> JAVADOC [0:0][
|--LEADING_ASTERISK ->        * [0:0]
|--WS ->   [0:8]
|--JAVADOC_TAG -> JAVADOC_TAG [0:9]
|   |--PARAM_LITERAL -> @param [0:9]
|   |--WS ->     [0:15]
|   |--PARAMETER_NAME -> initialCapacity [0:18]
|   |--WS ->       [0:33]
|   `--DESCRIPTION -> DESCRIPTION [0:38]
|       `--TEXT -> the initial capacity of the ByteBuffer. [0:38]
`--EOF -> <EOF> [0:77]]
> but was:<...DOC -> JAVADOC [0:0][
|--LEADING_ASTERISK ->        * [0:0]
|--WS ->   [0:8]
|--JAVADOC_TAG -> JAVADOC_TAG [0:9]
|   |--PARAM_LITERAL -> @param [0:9]
|   |--WS ->     [0:15]
|   |--PARAMETER_NAME -> initialCapacity [0:18]
|   |--WS ->       [0:33]
|   `--DESCRIPTION -> DESCRIPTION [0:38]
|       `--TEXT -> the initial capacity of the ByteBuffer. [0:38]
`--EOF -> <EOF> [0:77]]
>
	at com.puppycrawl.tools.checkstyle.grammar.javadoc.JavadocParseTreeTest.fewWhiteSpacesAsSeparator(JavadocParseTreeTest.java:152)
]]></failure>
  </testcase>
  <testcase name="testNonTightRpHtmlTag" classname="com.puppycrawl.tools.checkstyle.grammar.javadoc.JavadocParseTreeTest" time="0.063">
    <failure message="Generated tree from the javadoc file should match the pre-defined tree expected:&lt;...DOC -&gt; JAVADOC [0:0][&#10;|--LEADING_ASTERISK -&gt; * [0:0]&#10;|--TEXT -&gt;   [0:1]&#10;|--HTML_ELEMENT -&gt; HTML_ELEMENT [0:2]&#10;|   `--RP_TAG_END -&gt; RP_TAG_END [0:2]&#10;|       |--START -&gt; &lt; [0:2]&#10;|       |--SLASH -&gt; / [0:3]&#10;|       |--RP_HTML_TAG_NAME -&gt; rp [0:4]&#10;|       `--END -&gt; &gt; [0:6]&#10;|--TEXT -&gt;   [0:7]&#10;|--HTML_ELEMENT -&gt; HTML_ELEMENT [0:8]&#10;|   `--RP_TAG_START -&gt; RP_TAG_START [0:8]&#10;|       |--START -&gt; &lt; [0:8]&#10;|       |--RP_HTML_TAG_NAME -&gt; rp [0:9]&#10;|       `--END -&gt; &gt; [0:11]&#10;|--NEWLINE -&gt; \n [0:12]&#10;|--LEADING_ASTERISK -&gt; * [1:0]&#10;|--TEXT -&gt;   [1:1]&#10;|--HTML_ELEMENT -&gt; HTML_ELEMENT [1:2]&#10;|   `--PARAGRAPH -&gt; PARAGRAPH [1:2]&#10;|       |--P_TAG_START -&gt; P_TAG_START [1:2]&#10;|       |   |--START -&gt; &lt; [1:2]&#10;|       |   |--P_HTML_TAG_NAME -&gt; p [1:3]&#10;|       |   `--END -&gt; &gt; [1:4]&#10;|       |--TEXT -&gt;   [1:5]&#10;|       |--RP_TAG_START -&gt; RP_TAG_START [1:6]&#10;|       |   |--START -&gt; &lt; [1:6]&#10;|       |   |--RP_HTML_TAG_NAME -&gt; rp [1:7]&#10;|       |   `--END -&gt; &gt; [1:9]&#10;|       |--TEXT -&gt;   [1:10]&#10;|       `--P_TAG_END -&gt; P_TAG_END [1:11]&#10;|           |--START -&gt; &lt; [1:11]&#10;|           |--SLASH -&gt; / [1:12]&#10;|           |--P_HTML_TAG_NAME -&gt; p [1:13]&#10;|           `--END -&gt; &gt; [1:14]&#10;|--NEWLINE -&gt; \n [1:15]&#10;|--LEADING_ASTERISK -&gt; * [2:0]&#10;|--TEXT -&gt;   [2:1]&#10;|--HTML_ELEMENT -&gt; HTML_ELEMENT [2:2]&#10;|   `--LI -&gt; LI [2:2]&#10;|       |--LI_TAG_START -&gt; LI_TAG_START [2:2]&#10;|       |   |--START -&gt; &lt; [2:2]&#10;|       |   |--LI_HTML_TAG_NAME -&gt; li [2:3]&#10;|       |   `--END -&gt; &gt; [2:5]&#10;|       |--TEXT -&gt;   [2:6]&#10;|       |--RP_TAG_START -&gt; RP_TAG_START [2:7]&#10;|       |   |--START -&gt; &lt; [2:7]&#10;|       |   |--RP_HTML_TAG_NAME -&gt; rp [2:8]&#10;|       |   `--END -&gt; &gt; [2:10]&#10;|       |--TEXT -&gt;   [2:11]&#10;|       `--LI_TAG_END -&gt; LI_TAG_END [2:12]&#10;|           |--START -&gt; &lt; [2:12]&#10;|           |--SLASH -&gt; / [2:13]&#10;|           |--LI_HTML_TAG_NAME -&gt; li [2:14]&#10;|           `--END -&gt; &gt; [2:16]&#10;|--NEWLINE -&gt; \n [2:17]&#10;|--LEADING_ASTERISK -&gt; * [3:0]&#10;|--TEXT -&gt;   [3:1]&#10;|--HTML_ELEMENT -&gt; HTML_ELEMENT [3:2]&#10;|   `--TR -&gt; TR [3:2]&#10;|       |--TR_TAG_START -&gt; TR_TAG_START [3:2]&#10;|       |   |--START -&gt; &lt; [3:2]&#10;|       |   |--TR_HTML_TAG_NAME -&gt; tr [3:3]&#10;|       |   `--END -&gt; &gt; [3:5]&#10;|       |--TEXT -&gt;   [3:6]&#10;|       |--RP_TAG_START -&gt; RP_TAG_START [3:7]&#10;|       |   |--START -&gt; &lt; [3:7]&#10;|       |   |--RP_HTML_TAG_NAME -&gt; rp [3:8]&#10;|       |   `--END -&gt; &gt; [3:10]&#10;|       |--TEXT -&gt;   [3:11]&#10;|       `--TR_TAG_END -&gt; TR_TAG_END [3:12]&#10;|           |--START -&gt; &lt; [3:12]&#10;|           |--SLASH -&gt; / [3:13]&#10;|           |--TR_HTML_TAG_NAME -&gt; tr [3:14]&#10;|           `--END -&gt; &gt; [3:16]&#10;|--NEWLINE -&gt; \n [3:17]&#10;|--LEADING_ASTERISK -&gt; * [4:0]&#10;|--TEXT -&gt;   [4:1]&#10;|--HTML_ELEMENT -&gt; HTML_ELEMENT [4:2]&#10;|   `--TD -&gt; TD [4:2]&#10;|       |--TD_TAG_START -&gt; TD_TAG_START [4:2]&#10;|       |   |--START -&gt; &lt; [4:2]&#10;|       |   |--TD_HTML_TAG_NAME -&gt; td [4:3]&#10;|       |   `--END -&gt; &gt; [4:5]&#10;|       |--TEXT -&gt;   [4:6]&#10;|       |--RP_TAG_START -&gt; RP_TAG_START [4:7]&#10;|       |   |--START -&gt; &lt; [4:7]&#10;|       |   |--RP_HTML_TAG_NAME -&gt; Rp [4:8]&#10;|       |   `--END -&gt; &gt; [4:10]&#10;|       |--TEXT -&gt;   [4:11]&#10;|       `--TD_TAG_END -&gt; TD_TAG_END [4:12]&#10;|           |--START -&gt; &lt; [4:12]&#10;|           |--SLASH -&gt; / [4:13]&#10;|           |--TD_HTML_TAG_NAME -&gt; td [4:14]&#10;|           `--END -&gt; &gt; [4:16]&#10;|--NEWLINE -&gt; \n [4:17]&#10;|--LEADING_ASTERISK -&gt; * [5:0]&#10;|--TEXT -&gt;   [5:1]&#10;|--HTML_ELEMENT -&gt; HTML_ELEMENT [5:2]&#10;|   `--TH -&gt; TH [5:2]&#10;|       |--TH_TAG_START -&gt; TH_TAG_START [5:2]&#10;|       |   |--START -&gt; &lt; [5:2]&#10;|       |   |--TH_HTML_TAG_NAME -&gt; th [5:3]&#10;|       |   `--END -&gt; &gt; [5:5]&#10;|       |--TEXT -&gt;   [5:6]&#10;|       |--RP_TAG_START -&gt; RP_TAG_START [5:7]&#10;|       |   |--START -&gt; &lt; [5:7]&#10;|       |   |--RP_HTML_TAG_NAME -&gt; rp [5:8]&#10;|       |   `--END -&gt; &gt; [5:10]&#10;|       |--TEXT -&gt;   [5:11]&#10;|       `--TH_TAG_END -&gt; TH_TAG_END [5:12]&#10;|           |--START -&gt; &lt; [5:12]&#10;|           |--SLASH -&gt; / [5:13]&#10;|           |--TH_HTML_TAG_NAME -&gt; th [5:14]&#10;|           `--END -&gt; &gt; [5:16]&#10;|--NEWLINE -&gt; \n [5:17]&#10;|--LEADING_ASTERISK -&gt; * [6:0]&#10;|--TEXT -&gt;   [6:1]&#10;|--HTML_ELEMENT -&gt; HTML_ELEMENT [6:2]&#10;|   `--BODY -&gt; BODY [6:2]&#10;|       |--BODY_TAG_START -&gt; BODY_TAG_START [6:2]&#10;|       |   |--START -&gt; &lt; [6:2]&#10;|       |   |--BODY_HTML_TAG_NAME -&gt; body [6:3]&#10;|       |   `--END -&gt; &gt; [6:7]&#10;|       |--TEXT -&gt;   [6:8]&#10;|       |--RP_TAG_START -&gt; RP_TAG_START [6:9]&#10;|       |   |--START -&gt; &lt; [6:9]&#10;|       |   |--RP_HTML_TAG_NAME -&gt; rp [6:10]&#10;|       |   `--END -&gt; &gt; [6:12]&#10;|       |--TEXT -&gt;   [6:13]&#10;|       `--BODY_TAG_END -&gt; BODY_TAG_END [6:14]&#10;|           |--START -&gt; &lt; [6:14]&#10;|           |--SLASH -&gt; / [6:15]&#10;|           |--BODY_HTML_TAG_NAME -&gt; body [6:16]&#10;|           `--END -&gt; &gt; [6:20]&#10;|--NEWLINE -&gt; \n [6:21]&#10;|--LEADING_ASTERISK -&gt; * [7:0]&#10;|--TEXT -&gt;   [7:1]&#10;|--HTML_ELEMENT -&gt; HTML_ELEMENT [7:2]&#10;|   `--COLGROUP -&gt; COLGROUP [7:2]&#10;|       |--COLGROUP_TAG_START -&gt; COLGROUP_TAG_START [7:2]&#10;|       |   |--START -&gt; &lt; [7:2]&#10;|       |   |--COLGROUP_HTML_TAG_NAME -&gt; colgroup [7:3]&#10;|       |   `--END -&gt; &gt; [7:11]&#10;|       |--TEXT -&gt;   [7:12]&#10;|       |--RP_TAG_START -&gt; RP_TAG_START [7:13]&#10;|       |   |--START -&gt; &lt; [7:13]&#10;|       |   |--RP_HTML_TAG_NAME -&gt; RP [7:14]&#10;|       |   `--END -&gt; &gt; [7:16]&#10;|       |--TEXT -&gt;   [7:17]&#10;|       `--COLGROUP_TAG_END -&gt; COLGROUP_TAG_END [7:18]&#10;|           |--START -&gt; &lt; [7:18]&#10;|           |--SLASH -&gt; / [7:19]&#10;|           |--COLGROUP_HTML_TAG_NAME -&gt; colgroup [7:20]&#10;|           `--END -&gt; &gt; [7:28]&#10;|--NEWLINE -&gt; \n [7:29]&#10;|--LEADING_ASTERISK -&gt; * [8:0]&#10;|--TEXT -&gt;   [8:1]&#10;|--HTML_ELEMENT -&gt; HTML_ELEMENT [8:2]&#10;|   `--DD -&gt; DD [8:2]&#10;|       |--DD_TAG_START -&gt; DD_TAG_START [8:2]&#10;|       |   |--START -&gt; &lt; [8:2]&#10;|       |   |--DD_HTML_TAG_NAME -&gt; dd [8:3]&#10;|       |   `--END -&gt; &gt; [8:5]&#10;|       |--TEXT -&gt;   [8:6]&#10;|       |--RP_TAG_START -&gt; RP_TAG_START [8:7]&#10;|       |   |--START -&gt; &lt; [8:7]&#10;|       |   |--RP_HTML_TAG_NAME -&gt; Rp [8:8]&#10;|       |   `--END -&gt; &gt; [8:10]&#10;|       |--TEXT -&gt;   [8:11]&#10;|       `--DD_TAG_END -&gt; DD_TAG_END [8:12]&#10;|           |--START -&gt; &lt; [8:12]&#10;|           |--SLASH -&gt; / [8:13]&#10;|           |--DD_HTML_TAG_NAME -&gt; dd [8:14]&#10;|           `--END -&gt; &gt; [8:16]&#10;|--NEWLINE -&gt; \n [8:17]&#10;|--LEADING_ASTERISK -&gt; * [9:0]&#10;|--TEXT -&gt;   [9:1]&#10;|--HTML_ELEMENT -&gt; HTML_ELEMENT [9:2]&#10;|   `--DT -&gt; DT [9:2]&#10;|       |--DT_TAG_START -&gt; DT_TAG_START [9:2]&#10;|       |   |--START -&gt; &lt; [9:2]&#10;|       |   |--DT_HTML_TAG_NAME -&gt; dt [9:3]&#10;|       |   `--END -&gt; &gt; [9:5]&#10;|       |--TEXT -&gt;   [9:6]&#10;|       |--RP_TAG_START -&gt; RP_TAG_START [9:7]&#10;|       |   |--START -&gt; &lt; [9:7]&#10;|       |   |--RP_HTML_TAG_NAME -&gt; rP [9:8]&#10;|       |   `--END -&gt; &gt; [9:10]&#10;|       |--TEXT -&gt;   [9:11]&#10;|       `--DT_TAG_END -&gt; DT_TAG_END [9:12]&#10;|           |--START -&gt; &lt; [9:12]&#10;|           |--SLASH -&gt; / [9:13]&#10;|           |--DT_HTML_TAG_NAME -&gt; dt [9:14]&#10;|           `--END -&gt; &gt; [9:16]&#10;|--NEWLINE -&gt; \n [9:17]&#10;|--LEADING_ASTERISK -&gt; * [10:0]&#10;|--TEXT -&gt;   [10:1]&#10;|--HTML_ELEMENT -&gt; HTML_ELEMENT [10:2]&#10;|   `--HEAD -&gt; HEAD [10:2]&#10;|       |--HEAD_TAG_START -&gt; HEAD_TAG_START [10:2]&#10;|       |   |--START -&gt; &lt; [10:2]&#10;|       |   |--HEAD_HTML_TAG_NAME -&gt; head [10:3]&#10;|       |   `--END -&gt; &gt; [10:7]&#10;|       |--TEXT -&gt;   [10:8]&#10;|       |--RP_TAG_START -&gt; RP_TAG_START [10:9]&#10;|       |   |--START -&gt; &lt; [10:9]&#10;|       |   |--RP_HTML_TAG_NAME -&gt; Rp [10:10]&#10;|       |   `--END -&gt; &gt; [10:12]&#10;|       |--TEXT -&gt;   [10:13]&#10;|       `--HEAD_TAG_END -&gt; HEAD_TAG_END [10:14]&#10;|           |--START -&gt; &lt; [10:14]&#10;|           |--SLASH -&gt; / [10:15]&#10;|           |--HEAD_HTML_TAG_NAME -&gt; head [10:16]&#10;|           `--END -&gt; &gt; [10:20]&#10;|--NEWLINE -&gt; \n [10:21]&#10;|--LEADING_ASTERISK -&gt; * [11:0]&#10;|--TEXT -&gt;   [11:1]&#10;|--HTML_ELEMENT -&gt; HTML_ELEMENT [11:2]&#10;|   `--HTML -&gt; HTML [11:2]&#10;|       |--HTML_TAG_START -&gt; HTML_TAG_START [11:2]&#10;|       |   |--START -&gt; &lt; [11:2]&#10;|       |   |--HTML_HTML_TAG_NAME -&gt; html [11:3]&#10;|       |   `--END -&gt; &gt; [11:7]&#10;|       |--TEXT -&gt;   [11:8]&#10;|       |--RP_TAG_START -&gt; RP_TAG_START [11:9]&#10;|       |   |--START -&gt; &lt; [11:9]&#10;|       |   |--RP_HTML_TAG_NAME -&gt; rp [11:10]&#10;|       |   `--END -&gt; &gt; [11:12]&#10;|       |--TEXT -&gt;   [11:13]&#10;|       `--HTML_TAG_END -&gt; HTML_TAG_END [11:14]&#10;|           |--START -&gt; &lt; [11:14]&#10;|           |--SLASH -&gt; / [11:15]&#10;|           |--HTML_HTML_TAG_NAME -&gt; html [11:16]&#10;|           `--END -&gt; &gt; [11:20]&#10;|--NEWLINE -&gt; \n [11:21]&#10;|--LEADING_ASTERISK -&gt; * [12:0]&#10;|--TEXT -&gt;   [12:1]&#10;|--HTML_ELEMENT -&gt; HTML_ELEMENT [12:2]&#10;|   `--OPTION -&gt; OPTION [12:2]&#10;|       |--OPTION_TAG_START -&gt; OPTION_TAG_START [12:2]&#10;|       |   |--START -&gt; &lt; [12:2]&#10;|       |   |--OPTION_HTML_TAG_NAME -&gt; option [12:3]&#10;|       |   `--END -&gt; &gt; [12:9]&#10;|       |--TEXT -&gt;   [12:10]&#10;|       |--RP_TAG_START -&gt; RP_TAG_START [12:11]&#10;|       |   |--START -&gt; &lt; [12:11]&#10;|       |   |--RP_HTML_TAG_NAME -&gt; rp [12:12]&#10;|       |   `--END -&gt; &gt; [12:14]&#10;|       |--TEXT -&gt;   [12:15]&#10;|       `--OPTION_TAG_END -&gt; OPTION_TAG_END [12:16]&#10;|           |--START -&gt; &lt; [12:16]&#10;|           |--SLASH -&gt; / [12:17]&#10;|           |--OPTION_HTML_TAG_NAME -&gt; option [12:18]&#10;|           `--END -&gt; &gt; [12:24]&#10;|--NEWLINE -&gt; \n [12:25]&#10;|--LEADING_ASTERISK -&gt; * [13:0]&#10;|--TEXT -&gt;   [13:1]&#10;|--HTML_ELEMENT -&gt; HTML_ELEMENT [13:2]&#10;|   `--TBODY -&gt; TBODY [13:2]&#10;|       |--TBODY_TAG_START -&gt; TBODY_TAG_START [13:2]&#10;|       |   |--START -&gt; &lt; [13:2]&#10;|       |   |--TBODY_HTML_TAG_NAME -&gt; tbody [13:3]&#10;|       |   `--END -&gt; &gt; [13:8]&#10;|       |--TEXT -&gt;   [13:9]&#10;|       |--RP_TAG_START -&gt; RP_TAG_START [13:10]&#10;|       |   |--START -&gt; &lt; [13:10]&#10;|       |   |--RP_HTML_TAG_NAME -&gt; RP [13:11]&#10;|       |   `--END -&gt; &gt; [13:13]&#10;|       |--TEXT -&gt;   [13:14]&#10;|       `--TBODY_TAG_END -&gt; TBODY_TAG_END [13:15]&#10;|           |--START -&gt; &lt; [13:15]&#10;|           |--SLASH -&gt; / [13:16]&#10;|           |--TBODY_HTML_TAG_NAME -&gt; tbody [13:17]&#10;|           `--END -&gt; &gt; [13:22]&#10;|--NEWLINE -&gt; \n [13:23]&#10;|--LEADING_ASTERISK -&gt; * [14:0]&#10;|--TEXT -&gt;   [14:1]&#10;|--HTML_ELEMENT -&gt; HTML_ELEMENT [14:2]&#10;|   `--TFOOT -&gt; TFOOT [14:2]&#10;|       |--TFOOT_TAG_START -&gt; TFOOT_TAG_START [14:2]&#10;|       |   |--START -&gt; &lt; [14:2]&#10;|       |   |--TFOOT_HTML_TAG_NAME -&gt; tfoot [14:3]&#10;|       |   `--END -&gt; &gt; [14:8]&#10;|       |--TEXT -&gt;   [14:9]&#10;|       |--RP_TAG_START -&gt; RP_TAG_START [14:10]&#10;|       |   |--START -&gt; &lt; [14:10]&#10;|       |   |--RP_HTML_TAG_NAME -&gt; rp [14:11]&#10;|       |   `--END -&gt; &gt; [14:13]&#10;|       |--TEXT -&gt;   [14:14]&#10;|       `--TFOOT_TAG_END -&gt; TFOOT_TAG_END [14:15]&#10;|           |--START -&gt; &lt; [14:15]&#10;|           |--SLASH -&gt; / [14:16]&#10;|           |--TFOOT_HTML_TAG_NAME -&gt; tfoot [14:17]&#10;|           `--END -&gt; &gt; [14:22]&#10;|--NEWLINE -&gt; \n [14:23]&#10;|--LEADING_ASTERISK -&gt; * [15:0]&#10;|--TEXT -&gt;   [15:1]&#10;|--HTML_ELEMENT -&gt; HTML_ELEMENT [15:2]&#10;|   `--RP_TAG_START -&gt; RP_TAG_START [15:2]&#10;|       |--START -&gt; &lt; [15:2]&#10;|       |--RP_HTML_TAG_NAME -&gt; rp [15:3]&#10;|       |--WS -&gt;   [15:5]&#10;|       |--ATTRIBUTE -&gt; ATTRIBUTE [15:6]&#10;|       |   |--HTML_TAG_NAME -&gt; style [15:6]&#10;|       |   |--EQUALS -&gt; = [15:11]&#10;|       |   `--ATTR_VALUE -&gt; &quot;color:red&quot; [15:12]&#10;|       |--WS -&gt;   [15:24]&#10;|       |--NEWLINE -&gt; \n [15:25]&#10;|       |--LEADING_ASTERISK -&gt; * [16:0]&#10;|       |--NEWLINE -&gt; \n [16:1]&#10;|       |--LEADING_ASTERISK -&gt; * [17:0]&#10;|       |--WS -&gt;   [17:1]&#10;|       `--END -&gt; &gt; [17:2]&#10;|--TEXT -&gt;   [17:3]&#10;|--HTML_COMMENT -&gt; HTML_COMMENT [17:4]&#10;|   |--HTML_COMMENT_START -&gt; &lt;!-- [17:4]&#10;|   |--TEXT -&gt; HTML COMMENT [17:8]&#10;|   `--HTML_COMMENT_END -&gt; --&gt; [17:20]&#10;`--EOF -&gt; &lt;EOF&gt; [17:23]]&#10;&gt; but was:&lt;...DOC -&gt; JAVADOC [0:0][&#10;|--LEADING_ASTERISK -&gt; * [0:0]&#10;|--TEXT -&gt;   [0:1]&#10;|--HTML_ELEMENT -&gt; HTML_ELEMENT [0:2]&#10;|   `--RP_TAG_END -&gt; RP_TAG_END [0:2]&#10;|       |--START -&gt; &lt; [0:2]&#10;|       |--SLASH -&gt; / [0:3]&#10;|       |--RP_HTML_TAG_NAME -&gt; rp [0:4]&#10;|       `--END -&gt; &gt; [0:6]&#10;|--TEXT -&gt;   [0:7]&#10;|--HTML_ELEMENT -&gt; HTML_ELEMENT [0:8]&#10;|   `--RP_TAG_START -&gt; RP_TAG_START [0:8]&#10;|       |--START -&gt; &lt; [0:8]&#10;|       |--RP_HTML_TAG_NAME -&gt; rp [0:9]&#10;|       `--END -&gt; &gt; [0:11]&#10;|--NEWLINE -&gt; \n [0:12]&#10;|--LEADING_ASTERISK -&gt; * [1:0]&#10;|--TEXT -&gt;   [1:1]&#10;|--HTML_ELEMENT -&gt; HTML_ELEMENT [1:2]&#10;|   `--PARAGRAPH -&gt; PARAGRAPH [1:2]&#10;|       |--P_TAG_START -&gt; P_TAG_START [1:2]&#10;|       |   |--START -&gt; &lt; [1:2]&#10;|       |   |--P_HTML_TAG_NAME -&gt; p [1:3]&#10;|       |   `--END -&gt; &gt; [1:4]&#10;|       |--TEXT -&gt;   [1:5]&#10;|       |--RP_TAG_START -&gt; RP_TAG_START [1:6]&#10;|       |   |--START -&gt; &lt; [1:6]&#10;|       |   |--RP_HTML_TAG_NAME -&gt; rp [1:7]&#10;|       |   `--END -&gt; &gt; [1:9]&#10;|       |--TEXT -&gt;   [1:10]&#10;|       `--P_TAG_END -&gt; P_TAG_END [1:11]&#10;|           |--START -&gt; &lt; [1:11]&#10;|           |--SLASH -&gt; / [1:12]&#10;|           |--P_HTML_TAG_NAME -&gt; p [1:13]&#10;|           `--END -&gt; &gt; [1:14]&#10;|--NEWLINE -&gt; \n [1:15]&#10;|--LEADING_ASTERISK -&gt; * [2:0]&#10;|--TEXT -&gt;   [2:1]&#10;|--HTML_ELEMENT -&gt; HTML_ELEMENT [2:2]&#10;|   `--LI -&gt; LI [2:2]&#10;|       |--LI_TAG_START -&gt; LI_TAG_START [2:2]&#10;|       |   |--START -&gt; &lt; [2:2]&#10;|       |   |--LI_HTML_TAG_NAME -&gt; li [2:3]&#10;|       |   `--END -&gt; &gt; [2:5]&#10;|       |--TEXT -&gt;   [2:6]&#10;|       |--RP_TAG_START -&gt; RP_TAG_START [2:7]&#10;|       |   |--START -&gt; &lt; [2:7]&#10;|       |   |--RP_HTML_TAG_NAME -&gt; rp [2:8]&#10;|       |   `--END -&gt; &gt; [2:10]&#10;|       |--TEXT -&gt;   [2:11]&#10;|       `--LI_TAG_END -&gt; LI_TAG_END [2:12]&#10;|           |--START -&gt; &lt; [2:12]&#10;|           |--SLASH -&gt; / [2:13]&#10;|           |--LI_HTML_TAG_NAME -&gt; li [2:14]&#10;|           `--END -&gt; &gt; [2:16]&#10;|--NEWLINE -&gt; \n [2:17]&#10;|--LEADING_ASTERISK -&gt; * [3:0]&#10;|--TEXT -&gt;   [3:1]&#10;|--HTML_ELEMENT -&gt; HTML_ELEMENT [3:2]&#10;|   `--TR -&gt; TR [3:2]&#10;|       |--TR_TAG_START -&gt; TR_TAG_START [3:2]&#10;|       |   |--START -&gt; &lt; [3:2]&#10;|       |   |--TR_HTML_TAG_NAME -&gt; tr [3:3]&#10;|       |   `--END -&gt; &gt; [3:5]&#10;|       |--TEXT -&gt;   [3:6]&#10;|       |--RP_TAG_START -&gt; RP_TAG_START [3:7]&#10;|       |   |--START -&gt; &lt; [3:7]&#10;|       |   |--RP_HTML_TAG_NAME -&gt; rp [3:8]&#10;|       |   `--END -&gt; &gt; [3:10]&#10;|       |--TEXT -&gt;   [3:11]&#10;|       `--TR_TAG_END -&gt; TR_TAG_END [3:12]&#10;|           |--START -&gt; &lt; [3:12]&#10;|           |--SLASH -&gt; / [3:13]&#10;|           |--TR_HTML_TAG_NAME -&gt; tr [3:14]&#10;|           `--END -&gt; &gt; [3:16]&#10;|--NEWLINE -&gt; \n [3:17]&#10;|--LEADING_ASTERISK -&gt; * [4:0]&#10;|--TEXT -&gt;   [4:1]&#10;|--HTML_ELEMENT -&gt; HTML_ELEMENT [4:2]&#10;|   `--TD -&gt; TD [4:2]&#10;|       |--TD_TAG_START -&gt; TD_TAG_START [4:2]&#10;|       |   |--START -&gt; &lt; [4:2]&#10;|       |   |--TD_HTML_TAG_NAME -&gt; td [4:3]&#10;|       |   `--END -&gt; &gt; [4:5]&#10;|       |--TEXT -&gt;   [4:6]&#10;|       |--RP_TAG_START -&gt; RP_TAG_START [4:7]&#10;|       |   |--START -&gt; &lt; [4:7]&#10;|       |   |--RP_HTML_TAG_NAME -&gt; Rp [4:8]&#10;|       |   `--END -&gt; &gt; [4:10]&#10;|       |--TEXT -&gt;   [4:11]&#10;|       `--TD_TAG_END -&gt; TD_TAG_END [4:12]&#10;|           |--START -&gt; &lt; [4:12]&#10;|           |--SLASH -&gt; / [4:13]&#10;|           |--TD_HTML_TAG_NAME -&gt; td [4:14]&#10;|           `--END -&gt; &gt; [4:16]&#10;|--NEWLINE -&gt; \n [4:17]&#10;|--LEADING_ASTERISK -&gt; * [5:0]&#10;|--TEXT -&gt;   [5:1]&#10;|--HTML_ELEMENT -&gt; HTML_ELEMENT [5:2]&#10;|   `--TH -&gt; TH [5:2]&#10;|       |--TH_TAG_START -&gt; TH_TAG_START [5:2]&#10;|       |   |--START -&gt; &lt; [5:2]&#10;|       |   |--TH_HTML_TAG_NAME -&gt; th [5:3]&#10;|       |   `--END -&gt; &gt; [5:5]&#10;|       |--TEXT -&gt;   [5:6]&#10;|       |--RP_TAG_START -&gt; RP_TAG_START [5:7]&#10;|       |   |--START -&gt; &lt; [5:7]&#10;|       |   |--RP_HTML_TAG_NAME -&gt; rp [5:8]&#10;|       |   `--END -&gt; &gt; [5:10]&#10;|       |--TEXT -&gt;   [5:11]&#10;|       `--TH_TAG_END -&gt; TH_TAG_END [5:12]&#10;|           |--START -&gt; &lt; [5:12]&#10;|           |--SLASH -&gt; / [5:13]&#10;|           |--TH_HTML_TAG_NAME -&gt; th [5:14]&#10;|           `--END -&gt; &gt; [5:16]&#10;|--NEWLINE -&gt; \n [5:17]&#10;|--LEADING_ASTERISK -&gt; * [6:0]&#10;|--TEXT -&gt;   [6:1]&#10;|--HTML_ELEMENT -&gt; HTML_ELEMENT [6:2]&#10;|   `--BODY -&gt; BODY [6:2]&#10;|       |--BODY_TAG_START -&gt; BODY_TAG_START [6:2]&#10;|       |   |--START -&gt; &lt; [6:2]&#10;|       |   |--BODY_HTML_TAG_NAME -&gt; body [6:3]&#10;|       |   `--END -&gt; &gt; [6:7]&#10;|       |--TEXT -&gt;   [6:8]&#10;|       |--RP_TAG_START -&gt; RP_TAG_START [6:9]&#10;|       |   |--START -&gt; &lt; [6:9]&#10;|       |   |--RP_HTML_TAG_NAME -&gt; rp [6:10]&#10;|       |   `--END -&gt; &gt; [6:12]&#10;|       |--TEXT -&gt;   [6:13]&#10;|       `--BODY_TAG_END -&gt; BODY_TAG_END [6:14]&#10;|           |--START -&gt; &lt; [6:14]&#10;|           |--SLASH -&gt; / [6:15]&#10;|           |--BODY_HTML_TAG_NAME -&gt; body [6:16]&#10;|           `--END -&gt; &gt; [6:20]&#10;|--NEWLINE -&gt; \n [6:21]&#10;|--LEADING_ASTERISK -&gt; * [7:0]&#10;|--TEXT -&gt;   [7:1]&#10;|--HTML_ELEMENT -&gt; HTML_ELEMENT [7:2]&#10;|   `--COLGROUP -&gt; COLGROUP [7:2]&#10;|       |--COLGROUP_TAG_START -&gt; COLGROUP_TAG_START [7:2]&#10;|       |   |--START -&gt; &lt; [7:2]&#10;|       |   |--COLGROUP_HTML_TAG_NAME -&gt; colgroup [7:3]&#10;|       |   `--END -&gt; &gt; [7:11]&#10;|       |--TEXT -&gt;   [7:12]&#10;|       |--RP_TAG_START -&gt; RP_TAG_START [7:13]&#10;|       |   |--START -&gt; &lt; [7:13]&#10;|       |   |--RP_HTML_TAG_NAME -&gt; RP [7:14]&#10;|       |   `--END -&gt; &gt; [7:16]&#10;|       |--TEXT -&gt;   [7:17]&#10;|       `--COLGROUP_TAG_END -&gt; COLGROUP_TAG_END [7:18]&#10;|           |--START -&gt; &lt; [7:18]&#10;|           |--SLASH -&gt; / [7:19]&#10;|           |--COLGROUP_HTML_TAG_NAME -&gt; colgroup [7:20]&#10;|           `--END -&gt; &gt; [7:28]&#10;|--NEWLINE -&gt; \n [7:29]&#10;|--LEADING_ASTERISK -&gt; * [8:0]&#10;|--TEXT -&gt;   [8:1]&#10;|--HTML_ELEMENT -&gt; HTML_ELEMENT [8:2]&#10;|   `--DD -&gt; DD [8:2]&#10;|       |--DD_TAG_START -&gt; DD_TAG_START [8:2]&#10;|       |   |--START -&gt; &lt; [8:2]&#10;|       |   |--DD_HTML_TAG_NAME -&gt; dd [8:3]&#10;|       |   `--END -&gt; &gt; [8:5]&#10;|       |--TEXT -&gt;   [8:6]&#10;|       |--RP_TAG_START -&gt; RP_TAG_START [8:7]&#10;|       |   |--START -&gt; &lt; [8:7]&#10;|       |   |--RP_HTML_TAG_NAME -&gt; Rp [8:8]&#10;|       |   `--END -&gt; &gt; [8:10]&#10;|       |--TEXT -&gt;   [8:11]&#10;|       `--DD_TAG_END -&gt; DD_TAG_END [8:12]&#10;|           |--START -&gt; &lt; [8:12]&#10;|           |--SLASH -&gt; / [8:13]&#10;|           |--DD_HTML_TAG_NAME -&gt; dd [8:14]&#10;|           `--END -&gt; &gt; [8:16]&#10;|--NEWLINE -&gt; \n [8:17]&#10;|--LEADING_ASTERISK -&gt; * [9:0]&#10;|--TEXT -&gt;   [9:1]&#10;|--HTML_ELEMENT -&gt; HTML_ELEMENT [9:2]&#10;|   `--DT -&gt; DT [9:2]&#10;|       |--DT_TAG_START -&gt; DT_TAG_START [9:2]&#10;|       |   |--START -&gt; &lt; [9:2]&#10;|       |   |--DT_HTML_TAG_NAME -&gt; dt [9:3]&#10;|       |   `--END -&gt; &gt; [9:5]&#10;|       |--TEXT -&gt;   [9:6]&#10;|       |--RP_TAG_START -&gt; RP_TAG_START [9:7]&#10;|       |   |--START -&gt; &lt; [9:7]&#10;|       |   |--RP_HTML_TAG_NAME -&gt; rP [9:8]&#10;|       |   `--END -&gt; &gt; [9:10]&#10;|       |--TEXT -&gt;   [9:11]&#10;|       `--DT_TAG_END -&gt; DT_TAG_END [9:12]&#10;|           |--START -&gt; &lt; [9:12]&#10;|           |--SLASH -&gt; / [9:13]&#10;|           |--DT_HTML_TAG_NAME -&gt; dt [9:14]&#10;|           `--END -&gt; &gt; [9:16]&#10;|--NEWLINE -&gt; \n [9:17]&#10;|--LEADING_ASTERISK -&gt; * [10:0]&#10;|--TEXT -&gt;   [10:1]&#10;|--HTML_ELEMENT -&gt; HTML_ELEMENT [10:2]&#10;|   `--HEAD -&gt; HEAD [10:2]&#10;|       |--HEAD_TAG_START -&gt; HEAD_TAG_START [10:2]&#10;|       |   |--START -&gt; &lt; [10:2]&#10;|       |   |--HEAD_HTML_TAG_NAME -&gt; head [10:3]&#10;|       |   `--END -&gt; &gt; [10:7]&#10;|       |--TEXT -&gt;   [10:8]&#10;|       |--RP_TAG_START -&gt; RP_TAG_START [10:9]&#10;|       |   |--START -&gt; &lt; [10:9]&#10;|       |   |--RP_HTML_TAG_NAME -&gt; Rp [10:10]&#10;|       |   `--END -&gt; &gt; [10:12]&#10;|       |--TEXT -&gt;   [10:13]&#10;|       `--HEAD_TAG_END -&gt; HEAD_TAG_END [10:14]&#10;|           |--START -&gt; &lt; [10:14]&#10;|           |--SLASH -&gt; / [10:15]&#10;|           |--HEAD_HTML_TAG_NAME -&gt; head [10:16]&#10;|           `--END -&gt; &gt; [10:20]&#10;|--NEWLINE -&gt; \n [10:21]&#10;|--LEADING_ASTERISK -&gt; * [11:0]&#10;|--TEXT -&gt;   [11:1]&#10;|--HTML_ELEMENT -&gt; HTML_ELEMENT [11:2]&#10;|   `--HTML -&gt; HTML [11:2]&#10;|       |--HTML_TAG_START -&gt; HTML_TAG_START [11:2]&#10;|       |   |--START -&gt; &lt; [11:2]&#10;|       |   |--HTML_HTML_TAG_NAME -&gt; html [11:3]&#10;|       |   `--END -&gt; &gt; [11:7]&#10;|       |--TEXT -&gt;   [11:8]&#10;|       |--RP_TAG_START -&gt; RP_TAG_START [11:9]&#10;|       |   |--START -&gt; &lt; [11:9]&#10;|       |   |--RP_HTML_TAG_NAME -&gt; rp [11:10]&#10;|       |   `--END -&gt; &gt; [11:12]&#10;|       |--TEXT -&gt;   [11:13]&#10;|       `--HTML_TAG_END -&gt; HTML_TAG_END [11:14]&#10;|           |--START -&gt; &lt; [11:14]&#10;|           |--SLASH -&gt; / [11:15]&#10;|           |--HTML_HTML_TAG_NAME -&gt; html [11:16]&#10;|           `--END -&gt; &gt; [11:20]&#10;|--NEWLINE -&gt; \n [11:21]&#10;|--LEADING_ASTERISK -&gt; * [12:0]&#10;|--TEXT -&gt;   [12:1]&#10;|--HTML_ELEMENT -&gt; HTML_ELEMENT [12:2]&#10;|   `--OPTION -&gt; OPTION [12:2]&#10;|       |--OPTION_TAG_START -&gt; OPTION_TAG_START [12:2]&#10;|       |   |--START -&gt; &lt; [12:2]&#10;|       |   |--OPTION_HTML_TAG_NAME -&gt; option [12:3]&#10;|       |   `--END -&gt; &gt; [12:9]&#10;|       |--TEXT -&gt;   [12:10]&#10;|       |--RP_TAG_START -&gt; RP_TAG_START [12:11]&#10;|       |   |--START -&gt; &lt; [12:11]&#10;|       |   |--RP_HTML_TAG_NAME -&gt; rp [12:12]&#10;|       |   `--END -&gt; &gt; [12:14]&#10;|       |--TEXT -&gt;   [12:15]&#10;|       `--OPTION_TAG_END -&gt; OPTION_TAG_END [12:16]&#10;|           |--START -&gt; &lt; [12:16]&#10;|           |--SLASH -&gt; / [12:17]&#10;|           |--OPTION_HTML_TAG_NAME -&gt; option [12:18]&#10;|           `--END -&gt; &gt; [12:24]&#10;|--NEWLINE -&gt; \n [12:25]&#10;|--LEADING_ASTERISK -&gt; * [13:0]&#10;|--TEXT -&gt;   [13:1]&#10;|--HTML_ELEMENT -&gt; HTML_ELEMENT [13:2]&#10;|   `--TBODY -&gt; TBODY [13:2]&#10;|       |--TBODY_TAG_START -&gt; TBODY_TAG_START [13:2]&#10;|       |   |--START -&gt; &lt; [13:2]&#10;|       |   |--TBODY_HTML_TAG_NAME -&gt; tbody [13:3]&#10;|       |   `--END -&gt; &gt; [13:8]&#10;|       |--TEXT -&gt;   [13:9]&#10;|       |--RP_TAG_START -&gt; RP_TAG_START [13:10]&#10;|       |   |--START -&gt; &lt; [13:10]&#10;|       |   |--RP_HTML_TAG_NAME -&gt; RP [13:11]&#10;|       |   `--END -&gt; &gt; [13:13]&#10;|       |--TEXT -&gt;   [13:14]&#10;|       `--TBODY_TAG_END -&gt; TBODY_TAG_END [13:15]&#10;|           |--START -&gt; &lt; [13:15]&#10;|           |--SLASH -&gt; / [13:16]&#10;|           |--TBODY_HTML_TAG_NAME -&gt; tbody [13:17]&#10;|           `--END -&gt; &gt; [13:22]&#10;|--NEWLINE -&gt; \n [13:23]&#10;|--LEADING_ASTERISK -&gt; * [14:0]&#10;|--TEXT -&gt;   [14:1]&#10;|--HTML_ELEMENT -&gt; HTML_ELEMENT [14:2]&#10;|   `--TFOOT -&gt; TFOOT [14:2]&#10;|       |--TFOOT_TAG_START -&gt; TFOOT_TAG_START [14:2]&#10;|       |   |--START -&gt; &lt; [14:2]&#10;|       |   |--TFOOT_HTML_TAG_NAME -&gt; tfoot [14:3]&#10;|       |   `--END -&gt; &gt; [14:8]&#10;|       |--TEXT -&gt;   [14:9]&#10;|       |--RP_TAG_START -&gt; RP_TAG_START [14:10]&#10;|       |   |--START -&gt; &lt; [14:10]&#10;|       |   |--RP_HTML_TAG_NAME -&gt; rp [14:11]&#10;|       |   `--END -&gt; &gt; [14:13]&#10;|       |--TEXT -&gt;   [14:14]&#10;|       `--TFOOT_TAG_END -&gt; TFOOT_TAG_END [14:15]&#10;|           |--START -&gt; &lt; [14:15]&#10;|           |--SLASH -&gt; / [14:16]&#10;|           |--TFOOT_HTML_TAG_NAME -&gt; tfoot [14:17]&#10;|           `--END -&gt; &gt; [14:22]&#10;|--NEWLINE -&gt; \n [14:23]&#10;|--LEADING_ASTERISK -&gt; * [15:0]&#10;|--TEXT -&gt;   [15:1]&#10;|--HTML_ELEMENT -&gt; HTML_ELEMENT [15:2]&#10;|   `--RP_TAG_START -&gt; RP_TAG_START [15:2]&#10;|       |--START -&gt; &lt; [15:2]&#10;|       |--RP_HTML_TAG_NAME -&gt; rp [15:3]&#10;|       |--WS -&gt;   [15:5]&#10;|       |--ATTRIBUTE -&gt; ATTRIBUTE [15:6]&#10;|       |   |--HTML_TAG_NAME -&gt; style [15:6]&#10;|       |   |--EQUALS -&gt; = [15:11]&#10;|       |   `--ATTR_VALUE -&gt; &quot;color:red&quot; [15:12]&#10;|       |--WS -&gt;   [15:24]&#10;|       |--NEWLINE -&gt; \n [15:25]&#10;|       |--LEADING_ASTERISK -&gt; * [16:0]&#10;|       |--NEWLINE -&gt; \n [16:1]&#10;|       |--LEADING_ASTERISK -&gt; * [17:0]&#10;|       |--WS -&gt;   [17:1]&#10;|       `--END -&gt; &gt; [17:2]&#10;|--TEXT -&gt;   [17:3]&#10;|--HTML_COMMENT -&gt; HTML_COMMENT [17:4]&#10;|   |--HTML_COMMENT_START -&gt; &lt;!-- [17:4]&#10;|   |--TEXT -&gt; HTML COMMENT [17:8]&#10;|   `--HTML_COMMENT_END -&gt; --&gt; [17:20]&#10;`--EOF -&gt; &lt;EOF&gt; [17:23]&#13;]&#10;&gt;" type="org.junit.ComparisonFailure"><![CDATA[org.junit.ComparisonFailure: 
Generated tree from the javadoc file should match the pre-defined tree expected:<...DOC -> JAVADOC [0:0][
|--LEADING_ASTERISK -> * [0:0]
|--TEXT ->   [0:1]
|--HTML_ELEMENT -> HTML_ELEMENT [0:2]
|   `--RP_TAG_END -> RP_TAG_END [0:2]
|       |--START -> < [0:2]
|       |--SLASH -> / [0:3]
|       |--RP_HTML_TAG_NAME -> rp [0:4]
|       `--END -> > [0:6]
|--TEXT ->   [0:7]
|--HTML_ELEMENT -> HTML_ELEMENT [0:8]
|   `--RP_TAG_START -> RP_TAG_START [0:8]
|       |--START -> < [0:8]
|       |--RP_HTML_TAG_NAME -> rp [0:9]
|       `--END -> > [0:11]
|--NEWLINE -> \n [0:12]
|--LEADING_ASTERISK -> * [1:0]
|--TEXT ->   [1:1]
|--HTML_ELEMENT -> HTML_ELEMENT [1:2]
|   `--PARAGRAPH -> PARAGRAPH [1:2]
|       |--P_TAG_START -> P_TAG_START [1:2]
|       |   |--START -> < [1:2]
|       |   |--P_HTML_TAG_NAME -> p [1:3]
|       |   `--END -> > [1:4]
|       |--TEXT ->   [1:5]
|       |--RP_TAG_START -> RP_TAG_START [1:6]
|       |   |--START -> < [1:6]
|       |   |--RP_HTML_TAG_NAME -> rp [1:7]
|       |   `--END -> > [1:9]
|       |--TEXT ->   [1:10]
|       `--P_TAG_END -> P_TAG_END [1:11]
|           |--START -> < [1:11]
|           |--SLASH -> / [1:12]
|           |--P_HTML_TAG_NAME -> p [1:13]
|           `--END -> > [1:14]
|--NEWLINE -> \n [1:15]
|--LEADING_ASTERISK -> * [2:0]
|--TEXT ->   [2:1]
|--HTML_ELEMENT -> HTML_ELEMENT [2:2]
|   `--LI -> LI [2:2]
|       |--LI_TAG_START -> LI_TAG_START [2:2]
|       |   |--START -> < [2:2]
|       |   |--LI_HTML_TAG_NAME -> li [2:3]
|       |   `--END -> > [2:5]
|       |--TEXT ->   [2:6]
|       |--RP_TAG_START -> RP_TAG_START [2:7]
|       |   |--START -> < [2:7]
|       |   |--RP_HTML_TAG_NAME -> rp [2:8]
|       |   `--END -> > [2:10]
|       |--TEXT ->   [2:11]
|       `--LI_TAG_END -> LI_TAG_END [2:12]
|           |--START -> < [2:12]
|           |--SLASH -> / [2:13]
|           |--LI_HTML_TAG_NAME -> li [2:14]
|           `--END -> > [2:16]
|--NEWLINE -> \n [2:17]
|--LEADING_ASTERISK -> * [3:0]
|--TEXT ->   [3:1]
|--HTML_ELEMENT -> HTML_ELEMENT [3:2]
|   `--TR -> TR [3:2]
|       |--TR_TAG_START -> TR_TAG_START [3:2]
|       |   |--START -> < [3:2]
|       |   |--TR_HTML_TAG_NAME -> tr [3:3]
|       |   `--END -> > [3:5]
|       |--TEXT ->   [3:6]
|       |--RP_TAG_START -> RP_TAG_START [3:7]
|       |   |--START -> < [3:7]
|       |   |--RP_HTML_TAG_NAME -> rp [3:8]
|       |   `--END -> > [3:10]
|       |--TEXT ->   [3:11]
|       `--TR_TAG_END -> TR_TAG_END [3:12]
|           |--START -> < [3:12]
|           |--SLASH -> / [3:13]
|           |--TR_HTML_TAG_NAME -> tr [3:14]
|           `--END -> > [3:16]
|--NEWLINE -> \n [3:17]
|--LEADING_ASTERISK -> * [4:0]
|--TEXT ->   [4:1]
|--HTML_ELEMENT -> HTML_ELEMENT [4:2]
|   `--TD -> TD [4:2]
|       |--TD_TAG_START -> TD_TAG_START [4:2]
|       |   |--START -> < [4:2]
|       |   |--TD_HTML_TAG_NAME -> td [4:3]
|       |   `--END -> > [4:5]
|       |--TEXT ->   [4:6]
|       |--RP_TAG_START -> RP_TAG_START [4:7]
|       |   |--START -> < [4:7]
|       |   |--RP_HTML_TAG_NAME -> Rp [4:8]
|       |   `--END -> > [4:10]
|       |--TEXT ->   [4:11]
|       `--TD_TAG_END -> TD_TAG_END [4:12]
|           |--START -> < [4:12]
|           |--SLASH -> / [4:13]
|           |--TD_HTML_TAG_NAME -> td [4:14]
|           `--END -> > [4:16]
|--NEWLINE -> \n [4:17]
|--LEADING_ASTERISK -> * [5:0]
|--TEXT ->   [5:1]
|--HTML_ELEMENT -> HTML_ELEMENT [5:2]
|   `--TH -> TH [5:2]
|       |--TH_TAG_START -> TH_TAG_START [5:2]
|       |   |--START -> < [5:2]
|       |   |--TH_HTML_TAG_NAME -> th [5:3]
|       |   `--END -> > [5:5]
|       |--TEXT ->   [5:6]
|       |--RP_TAG_START -> RP_TAG_START [5:7]
|       |   |--START -> < [5:7]
|       |   |--RP_HTML_TAG_NAME -> rp [5:8]
|       |   `--END -> > [5:10]
|       |--TEXT ->   [5:11]
|       `--TH_TAG_END -> TH_TAG_END [5:12]
|           |--START -> < [5:12]
|           |--SLASH -> / [5:13]
|           |--TH_HTML_TAG_NAME -> th [5:14]
|           `--END -> > [5:16]
|--NEWLINE -> \n [5:17]
|--LEADING_ASTERISK -> * [6:0]
|--TEXT ->   [6:1]
|--HTML_ELEMENT -> HTML_ELEMENT [6:2]
|   `--BODY -> BODY [6:2]
|       |--BODY_TAG_START -> BODY_TAG_START [6:2]
|       |   |--START -> < [6:2]
|       |   |--BODY_HTML_TAG_NAME -> body [6:3]
|       |   `--END -> > [6:7]
|       |--TEXT ->   [6:8]
|       |--RP_TAG_START -> RP_TAG_START [6:9]
|       |   |--START -> < [6:9]
|       |   |--RP_HTML_TAG_NAME -> rp [6:10]
|       |   `--END -> > [6:12]
|       |--TEXT ->   [6:13]
|       `--BODY_TAG_END -> BODY_TAG_END [6:14]
|           |--START -> < [6:14]
|           |--SLASH -> / [6:15]
|           |--BODY_HTML_TAG_NAME -> body [6:16]
|           `--END -> > [6:20]
|--NEWLINE -> \n [6:21]
|--LEADING_ASTERISK -> * [7:0]
|--TEXT ->   [7:1]
|--HTML_ELEMENT -> HTML_ELEMENT [7:2]
|   `--COLGROUP -> COLGROUP [7:2]
|       |--COLGROUP_TAG_START -> COLGROUP_TAG_START [7:2]
|       |   |--START -> < [7:2]
|       |   |--COLGROUP_HTML_TAG_NAME -> colgroup [7:3]
|       |   `--END -> > [7:11]
|       |--TEXT ->   [7:12]
|       |--RP_TAG_START -> RP_TAG_START [7:13]
|       |   |--START -> < [7:13]
|       |   |--RP_HTML_TAG_NAME -> RP [7:14]
|       |   `--END -> > [7:16]
|       |--TEXT ->   [7:17]
|       `--COLGROUP_TAG_END -> COLGROUP_TAG_END [7:18]
|           |--START -> < [7:18]
|           |--SLASH -> / [7:19]
|           |--COLGROUP_HTML_TAG_NAME -> colgroup [7:20]
|           `--END -> > [7:28]
|--NEWLINE -> \n [7:29]
|--LEADING_ASTERISK -> * [8:0]
|--TEXT ->   [8:1]
|--HTML_ELEMENT -> HTML_ELEMENT [8:2]
|   `--DD -> DD [8:2]
|       |--DD_TAG_START -> DD_TAG_START [8:2]
|       |   |--START -> < [8:2]
|       |   |--DD_HTML_TAG_NAME -> dd [8:3]
|       |   `--END -> > [8:5]
|       |--TEXT ->   [8:6]
|       |--RP_TAG_START -> RP_TAG_START [8:7]
|       |   |--START -> < [8:7]
|       |   |--RP_HTML_TAG_NAME -> Rp [8:8]
|       |   `--END -> > [8:10]
|       |--TEXT ->   [8:11]
|       `--DD_TAG_END -> DD_TAG_END [8:12]
|           |--START -> < [8:12]
|           |--SLASH -> / [8:13]
|           |--DD_HTML_TAG_NAME -> dd [8:14]
|           `--END -> > [8:16]
|--NEWLINE -> \n [8:17]
|--LEADING_ASTERISK -> * [9:0]
|--TEXT ->   [9:1]
|--HTML_ELEMENT -> HTML_ELEMENT [9:2]
|   `--DT -> DT [9:2]
|       |--DT_TAG_START -> DT_TAG_START [9:2]
|       |   |--START -> < [9:2]
|       |   |--DT_HTML_TAG_NAME -> dt [9:3]
|       |   `--END -> > [9:5]
|       |--TEXT ->   [9:6]
|       |--RP_TAG_START -> RP_TAG_START [9:7]
|       |   |--START -> < [9:7]
|       |   |--RP_HTML_TAG_NAME -> rP [9:8]
|       |   `--END -> > [9:10]
|       |--TEXT ->   [9:11]
|       `--DT_TAG_END -> DT_TAG_END [9:12]
|           |--START -> < [9:12]
|           |--SLASH -> / [9:13]
|           |--DT_HTML_TAG_NAME -> dt [9:14]
|           `--END -> > [9:16]
|--NEWLINE -> \n [9:17]
|--LEADING_ASTERISK -> * [10:0]
|--TEXT ->   [10:1]
|--HTML_ELEMENT -> HTML_ELEMENT [10:2]
|   `--HEAD -> HEAD [10:2]
|       |--HEAD_TAG_START -> HEAD_TAG_START [10:2]
|       |   |--START -> < [10:2]
|       |   |--HEAD_HTML_TAG_NAME -> head [10:3]
|       |   `--END -> > [10:7]
|       |--TEXT ->   [10:8]
|       |--RP_TAG_START -> RP_TAG_START [10:9]
|       |   |--START -> < [10:9]
|       |   |--RP_HTML_TAG_NAME -> Rp [10:10]
|       |   `--END -> > [10:12]
|       |--TEXT ->   [10:13]
|       `--HEAD_TAG_END -> HEAD_TAG_END [10:14]
|           |--START -> < [10:14]
|           |--SLASH -> / [10:15]
|           |--HEAD_HTML_TAG_NAME -> head [10:16]
|           `--END -> > [10:20]
|--NEWLINE -> \n [10:21]
|--LEADING_ASTERISK -> * [11:0]
|--TEXT ->   [11:1]
|--HTML_ELEMENT -> HTML_ELEMENT [11:2]
|   `--HTML -> HTML [11:2]
|       |--HTML_TAG_START -> HTML_TAG_START [11:2]
|       |   |--START -> < [11:2]
|       |   |--HTML_HTML_TAG_NAME -> html [11:3]
|       |   `--END -> > [11:7]
|       |--TEXT ->   [11:8]
|       |--RP_TAG_START -> RP_TAG_START [11:9]
|       |   |--START -> < [11:9]
|       |   |--RP_HTML_TAG_NAME -> rp [11:10]
|       |   `--END -> > [11:12]
|       |--TEXT ->   [11:13]
|       `--HTML_TAG_END -> HTML_TAG_END [11:14]
|           |--START -> < [11:14]
|           |--SLASH -> / [11:15]
|           |--HTML_HTML_TAG_NAME -> html [11:16]
|           `--END -> > [11:20]
|--NEWLINE -> \n [11:21]
|--LEADING_ASTERISK -> * [12:0]
|--TEXT ->   [12:1]
|--HTML_ELEMENT -> HTML_ELEMENT [12:2]
|   `--OPTION -> OPTION [12:2]
|       |--OPTION_TAG_START -> OPTION_TAG_START [12:2]
|       |   |--START -> < [12:2]
|       |   |--OPTION_HTML_TAG_NAME -> option [12:3]
|       |   `--END -> > [12:9]
|       |--TEXT ->   [12:10]
|       |--RP_TAG_START -> RP_TAG_START [12:11]
|       |   |--START -> < [12:11]
|       |   |--RP_HTML_TAG_NAME -> rp [12:12]
|       |   `--END -> > [12:14]
|       |--TEXT ->   [12:15]
|       `--OPTION_TAG_END -> OPTION_TAG_END [12:16]
|           |--START -> < [12:16]
|           |--SLASH -> / [12:17]
|           |--OPTION_HTML_TAG_NAME -> option [12:18]
|           `--END -> > [12:24]
|--NEWLINE -> \n [12:25]
|--LEADING_ASTERISK -> * [13:0]
|--TEXT ->   [13:1]
|--HTML_ELEMENT -> HTML_ELEMENT [13:2]
|   `--TBODY -> TBODY [13:2]
|       |--TBODY_TAG_START -> TBODY_TAG_START [13:2]
|       |   |--START -> < [13:2]
|       |   |--TBODY_HTML_TAG_NAME -> tbody [13:3]
|       |   `--END -> > [13:8]
|       |--TEXT ->   [13:9]
|       |--RP_TAG_START -> RP_TAG_START [13:10]
|       |   |--START -> < [13:10]
|       |   |--RP_HTML_TAG_NAME -> RP [13:11]
|       |   `--END -> > [13:13]
|       |--TEXT ->   [13:14]
|       `--TBODY_TAG_END -> TBODY_TAG_END [13:15]
|           |--START -> < [13:15]
|           |--SLASH -> / [13:16]
|           |--TBODY_HTML_TAG_NAME -> tbody [13:17]
|           `--END -> > [13:22]
|--NEWLINE -> \n [13:23]
|--LEADING_ASTERISK -> * [14:0]
|--TEXT ->   [14:1]
|--HTML_ELEMENT -> HTML_ELEMENT [14:2]
|   `--TFOOT -> TFOOT [14:2]
|       |--TFOOT_TAG_START -> TFOOT_TAG_START [14:2]
|       |   |--START -> < [14:2]
|       |   |--TFOOT_HTML_TAG_NAME -> tfoot [14:3]
|       |   `--END -> > [14:8]
|       |--TEXT ->   [14:9]
|       |--RP_TAG_START -> RP_TAG_START [14:10]
|       |   |--START -> < [14:10]
|       |   |--RP_HTML_TAG_NAME -> rp [14:11]
|       |   `--END -> > [14:13]
|       |--TEXT ->   [14:14]
|       `--TFOOT_TAG_END -> TFOOT_TAG_END [14:15]
|           |--START -> < [14:15]
|           |--SLASH -> / [14:16]
|           |--TFOOT_HTML_TAG_NAME -> tfoot [14:17]
|           `--END -> > [14:22]
|--NEWLINE -> \n [14:23]
|--LEADING_ASTERISK -> * [15:0]
|--TEXT ->   [15:1]
|--HTML_ELEMENT -> HTML_ELEMENT [15:2]
|   `--RP_TAG_START -> RP_TAG_START [15:2]
|       |--START -> < [15:2]
|       |--RP_HTML_TAG_NAME -> rp [15:3]
|       |--WS ->   [15:5]
|       |--ATTRIBUTE -> ATTRIBUTE [15:6]
|       |   |--HTML_TAG_NAME -> style [15:6]
|       |   |--EQUALS -> = [15:11]
|       |   `--ATTR_VALUE -> "color:red" [15:12]
|       |--WS ->   [15:24]
|       |--NEWLINE -> \n [15:25]
|       |--LEADING_ASTERISK -> * [16:0]
|       |--NEWLINE -> \n [16:1]
|       |--LEADING_ASTERISK -> * [17:0]
|       |--WS ->   [17:1]
|       `--END -> > [17:2]
|--TEXT ->   [17:3]
|--HTML_COMMENT -> HTML_COMMENT [17:4]
|   |--HTML_COMMENT_START -> <!-- [17:4]
|   |--TEXT -> HTML COMMENT [17:8]
|   `--HTML_COMMENT_END -> --> [17:20]
`--EOF -> <EOF> [17:23]]
> but was:<...DOC -> JAVADOC [0:0][
|--LEADING_ASTERISK -> * [0:0]
|--TEXT ->   [0:1]
|--HTML_ELEMENT -> HTML_ELEMENT [0:2]
|   `--RP_TAG_END -> RP_TAG_END [0:2]
|       |--START -> < [0:2]
|       |--SLASH -> / [0:3]
|       |--RP_HTML_TAG_NAME -> rp [0:4]
|       `--END -> > [0:6]
|--TEXT ->   [0:7]
|--HTML_ELEMENT -> HTML_ELEMENT [0:8]
|   `--RP_TAG_START -> RP_TAG_START [0:8]
|       |--START -> < [0:8]
|       |--RP_HTML_TAG_NAME -> rp [0:9]
|       `--END -> > [0:11]
|--NEWLINE -> \n [0:12]
|--LEADING_ASTERISK -> * [1:0]
|--TEXT ->   [1:1]
|--HTML_ELEMENT -> HTML_ELEMENT [1:2]
|   `--PARAGRAPH -> PARAGRAPH [1:2]
|       |--P_TAG_START -> P_TAG_START [1:2]
|       |   |--START -> < [1:2]
|       |   |--P_HTML_TAG_NAME -> p [1:3]
|       |   `--END -> > [1:4]
|       |--TEXT ->   [1:5]
|       |--RP_TAG_START -> RP_TAG_START [1:6]
|       |   |--START -> < [1:6]
|       |   |--RP_HTML_TAG_NAME -> rp [1:7]
|       |   `--END -> > [1:9]
|       |--TEXT ->   [1:10]
|       `--P_TAG_END -> P_TAG_END [1:11]
|           |--START -> < [1:11]
|           |--SLASH -> / [1:12]
|           |--P_HTML_TAG_NAME -> p [1:13]
|           `--END -> > [1:14]
|--NEWLINE -> \n [1:15]
|--LEADING_ASTERISK -> * [2:0]
|--TEXT ->   [2:1]
|--HTML_ELEMENT -> HTML_ELEMENT [2:2]
|   `--LI -> LI [2:2]
|       |--LI_TAG_START -> LI_TAG_START [2:2]
|       |   |--START -> < [2:2]
|       |   |--LI_HTML_TAG_NAME -> li [2:3]
|       |   `--END -> > [2:5]
|       |--TEXT ->   [2:6]
|       |--RP_TAG_START -> RP_TAG_START [2:7]
|       |   |--START -> < [2:7]
|       |   |--RP_HTML_TAG_NAME -> rp [2:8]
|       |   `--END -> > [2:10]
|       |--TEXT ->   [2:11]
|       `--LI_TAG_END -> LI_TAG_END [2:12]
|           |--START -> < [2:12]
|           |--SLASH -> / [2:13]
|           |--LI_HTML_TAG_NAME -> li [2:14]
|           `--END -> > [2:16]
|--NEWLINE -> \n [2:17]
|--LEADING_ASTERISK -> * [3:0]
|--TEXT ->   [3:1]
|--HTML_ELEMENT -> HTML_ELEMENT [3:2]
|   `--TR -> TR [3:2]
|       |--TR_TAG_START -> TR_TAG_START [3:2]
|       |   |--START -> < [3:2]
|       |   |--TR_HTML_TAG_NAME -> tr [3:3]
|       |   `--END -> > [3:5]
|       |--TEXT ->   [3:6]
|       |--RP_TAG_START -> RP_TAG_START [3:7]
|       |   |--START -> < [3:7]
|       |   |--RP_HTML_TAG_NAME -> rp [3:8]
|       |   `--END -> > [3:10]
|       |--TEXT ->   [3:11]
|       `--TR_TAG_END -> TR_TAG_END [3:12]
|           |--START -> < [3:12]
|           |--SLASH -> / [3:13]
|           |--TR_HTML_TAG_NAME -> tr [3:14]
|           `--END -> > [3:16]
|--NEWLINE -> \n [3:17]
|--LEADING_ASTERISK -> * [4:0]
|--TEXT ->   [4:1]
|--HTML_ELEMENT -> HTML_ELEMENT [4:2]
|   `--TD -> TD [4:2]
|       |--TD_TAG_START -> TD_TAG_START [4:2]
|       |   |--START -> < [4:2]
|       |   |--TD_HTML_TAG_NAME -> td [4:3]
|       |   `--END -> > [4:5]
|       |--TEXT ->   [4:6]
|       |--RP_TAG_START -> RP_TAG_START [4:7]
|       |   |--START -> < [4:7]
|       |   |--RP_HTML_TAG_NAME -> Rp [4:8]
|       |   `--END -> > [4:10]
|       |--TEXT ->   [4:11]
|       `--TD_TAG_END -> TD_TAG_END [4:12]
|           |--START -> < [4:12]
|           |--SLASH -> / [4:13]
|           |--TD_HTML_TAG_NAME -> td [4:14]
|           `--END -> > [4:16]
|--NEWLINE -> \n [4:17]
|--LEADING_ASTERISK -> * [5:0]
|--TEXT ->   [5:1]
|--HTML_ELEMENT -> HTML_ELEMENT [5:2]
|   `--TH -> TH [5:2]
|       |--TH_TAG_START -> TH_TAG_START [5:2]
|       |   |--START -> < [5:2]
|       |   |--TH_HTML_TAG_NAME -> th [5:3]
|       |   `--END -> > [5:5]
|       |--TEXT ->   [5:6]
|       |--RP_TAG_START -> RP_TAG_START [5:7]
|       |   |--START -> < [5:7]
|       |   |--RP_HTML_TAG_NAME -> rp [5:8]
|       |   `--END -> > [5:10]
|       |--TEXT ->   [5:11]
|       `--TH_TAG_END -> TH_TAG_END [5:12]
|           |--START -> < [5:12]
|           |--SLASH -> / [5:13]
|           |--TH_HTML_TAG_NAME -> th [5:14]
|           `--END -> > [5:16]
|--NEWLINE -> \n [5:17]
|--LEADING_ASTERISK -> * [6:0]
|--TEXT ->   [6:1]
|--HTML_ELEMENT -> HTML_ELEMENT [6:2]
|   `--BODY -> BODY [6:2]
|       |--BODY_TAG_START -> BODY_TAG_START [6:2]
|       |   |--START -> < [6:2]
|       |   |--BODY_HTML_TAG_NAME -> body [6:3]
|       |   `--END -> > [6:7]
|       |--TEXT ->   [6:8]
|       |--RP_TAG_START -> RP_TAG_START [6:9]
|       |   |--START -> < [6:9]
|       |   |--RP_HTML_TAG_NAME -> rp [6:10]
|       |   `--END -> > [6:12]
|       |--TEXT ->   [6:13]
|       `--BODY_TAG_END -> BODY_TAG_END [6:14]
|           |--START -> < [6:14]
|           |--SLASH -> / [6:15]
|           |--BODY_HTML_TAG_NAME -> body [6:16]
|           `--END -> > [6:20]
|--NEWLINE -> \n [6:21]
|--LEADING_ASTERISK -> * [7:0]
|--TEXT ->   [7:1]
|--HTML_ELEMENT -> HTML_ELEMENT [7:2]
|   `--COLGROUP -> COLGROUP [7:2]
|       |--COLGROUP_TAG_START -> COLGROUP_TAG_START [7:2]
|       |   |--START -> < [7:2]
|       |   |--COLGROUP_HTML_TAG_NAME -> colgroup [7:3]
|       |   `--END -> > [7:11]
|       |--TEXT ->   [7:12]
|       |--RP_TAG_START -> RP_TAG_START [7:13]
|       |   |--START -> < [7:13]
|       |   |--RP_HTML_TAG_NAME -> RP [7:14]
|       |   `--END -> > [7:16]
|       |--TEXT ->   [7:17]
|       `--COLGROUP_TAG_END -> COLGROUP_TAG_END [7:18]
|           |--START -> < [7:18]
|           |--SLASH -> / [7:19]
|           |--COLGROUP_HTML_TAG_NAME -> colgroup [7:20]
|           `--END -> > [7:28]
|--NEWLINE -> \n [7:29]
|--LEADING_ASTERISK -> * [8:0]
|--TEXT ->   [8:1]
|--HTML_ELEMENT -> HTML_ELEMENT [8:2]
|   `--DD -> DD [8:2]
|       |--DD_TAG_START -> DD_TAG_START [8:2]
|       |   |--START -> < [8:2]
|       |   |--DD_HTML_TAG_NAME -> dd [8:3]
|       |   `--END -> > [8:5]
|       |--TEXT ->   [8:6]
|       |--RP_TAG_START -> RP_TAG_START [8:7]
|       |   |--START -> < [8:7]
|       |   |--RP_HTML_TAG_NAME -> Rp [8:8]
|       |   `--END -> > [8:10]
|       |--TEXT ->   [8:11]
|       `--DD_TAG_END -> DD_TAG_END [8:12]
|           |--START -> < [8:12]
|           |--SLASH -> / [8:13]
|           |--DD_HTML_TAG_NAME -> dd [8:14]
|           `--END -> > [8:16]
|--NEWLINE -> \n [8:17]
|--LEADING_ASTERISK -> * [9:0]
|--TEXT ->   [9:1]
|--HTML_ELEMENT -> HTML_ELEMENT [9:2]
|   `--DT -> DT [9:2]
|       |--DT_TAG_START -> DT_TAG_START [9:2]
|       |   |--START -> < [9:2]
|       |   |--DT_HTML_TAG_NAME -> dt [9:3]
|       |   `--END -> > [9:5]
|       |--TEXT ->   [9:6]
|       |--RP_TAG_START -> RP_TAG_START [9:7]
|       |   |--START -> < [9:7]
|       |   |--RP_HTML_TAG_NAME -> rP [9:8]
|       |   `--END -> > [9:10]
|       |--TEXT ->   [9:11]
|       `--DT_TAG_END -> DT_TAG_END [9:12]
|           |--START -> < [9:12]
|           |--SLASH -> / [9:13]
|           |--DT_HTML_TAG_NAME -> dt [9:14]
|           `--END -> > [9:16]
|--NEWLINE -> \n [9:17]
|--LEADING_ASTERISK -> * [10:0]
|--TEXT ->   [10:1]
|--HTML_ELEMENT -> HTML_ELEMENT [10:2]
|   `--HEAD -> HEAD [10:2]
|       |--HEAD_TAG_START -> HEAD_TAG_START [10:2]
|       |   |--START -> < [10:2]
|       |   |--HEAD_HTML_TAG_NAME -> head [10:3]
|       |   `--END -> > [10:7]
|       |--TEXT ->   [10:8]
|       |--RP_TAG_START -> RP_TAG_START [10:9]
|       |   |--START -> < [10:9]
|       |   |--RP_HTML_TAG_NAME -> Rp [10:10]
|       |   `--END -> > [10:12]
|       |--TEXT ->   [10:13]
|       `--HEAD_TAG_END -> HEAD_TAG_END [10:14]
|           |--START -> < [10:14]
|           |--SLASH -> / [10:15]
|           |--HEAD_HTML_TAG_NAME -> head [10:16]
|           `--END -> > [10:20]
|--NEWLINE -> \n [10:21]
|--LEADING_ASTERISK -> * [11:0]
|--TEXT ->   [11:1]
|--HTML_ELEMENT -> HTML_ELEMENT [11:2]
|   `--HTML -> HTML [11:2]
|       |--HTML_TAG_START -> HTML_TAG_START [11:2]
|       |   |--START -> < [11:2]
|       |   |--HTML_HTML_TAG_NAME -> html [11:3]
|       |   `--END -> > [11:7]
|       |--TEXT ->   [11:8]
|       |--RP_TAG_START -> RP_TAG_START [11:9]
|       |   |--START -> < [11:9]
|       |   |--RP_HTML_TAG_NAME -> rp [11:10]
|       |   `--END -> > [11:12]
|       |--TEXT ->   [11:13]
|       `--HTML_TAG_END -> HTML_TAG_END [11:14]
|           |--START -> < [11:14]
|           |--SLASH -> / [11:15]
|           |--HTML_HTML_TAG_NAME -> html [11:16]
|           `--END -> > [11:20]
|--NEWLINE -> \n [11:21]
|--LEADING_ASTERISK -> * [12:0]
|--TEXT ->   [12:1]
|--HTML_ELEMENT -> HTML_ELEMENT [12:2]
|   `--OPTION -> OPTION [12:2]
|       |--OPTION_TAG_START -> OPTION_TAG_START [12:2]
|       |   |--START -> < [12:2]
|       |   |--OPTION_HTML_TAG_NAME -> option [12:3]
|       |   `--END -> > [12:9]
|       |--TEXT ->   [12:10]
|       |--RP_TAG_START -> RP_TAG_START [12:11]
|       |   |--START -> < [12:11]
|       |   |--RP_HTML_TAG_NAME -> rp [12:12]
|       |   `--END -> > [12:14]
|       |--TEXT ->   [12:15]
|       `--OPTION_TAG_END -> OPTION_TAG_END [12:16]
|           |--START -> < [12:16]
|           |--SLASH -> / [12:17]
|           |--OPTION_HTML_TAG_NAME -> option [12:18]
|           `--END -> > [12:24]
|--NEWLINE -> \n [12:25]
|--LEADING_ASTERISK -> * [13:0]
|--TEXT ->   [13:1]
|--HTML_ELEMENT -> HTML_ELEMENT [13:2]
|   `--TBODY -> TBODY [13:2]
|       |--TBODY_TAG_START -> TBODY_TAG_START [13:2]
|       |   |--START -> < [13:2]
|       |   |--TBODY_HTML_TAG_NAME -> tbody [13:3]
|       |   `--END -> > [13:8]
|       |--TEXT ->   [13:9]
|       |--RP_TAG_START -> RP_TAG_START [13:10]
|       |   |--START -> < [13:10]
|       |   |--RP_HTML_TAG_NAME -> RP [13:11]
|       |   `--END -> > [13:13]
|       |--TEXT ->   [13:14]
|       `--TBODY_TAG_END -> TBODY_TAG_END [13:15]
|           |--START -> < [13:15]
|           |--SLASH -> / [13:16]
|           |--TBODY_HTML_TAG_NAME -> tbody [13:17]
|           `--END -> > [13:22]
|--NEWLINE -> \n [13:23]
|--LEADING_ASTERISK -> * [14:0]
|--TEXT ->   [14:1]
|--HTML_ELEMENT -> HTML_ELEMENT [14:2]
|   `--TFOOT -> TFOOT [14:2]
|       |--TFOOT_TAG_START -> TFOOT_TAG_START [14:2]
|       |   |--START -> < [14:2]
|       |   |--TFOOT_HTML_TAG_NAME -> tfoot [14:3]
|       |   `--END -> > [14:8]
|       |--TEXT ->   [14:9]
|       |--RP_TAG_START -> RP_TAG_START [14:10]
|       |   |--START -> < [14:10]
|       |   |--RP_HTML_TAG_NAME -> rp [14:11]
|       |   `--END -> > [14:13]
|       |--TEXT ->   [14:14]
|       `--TFOOT_TAG_END -> TFOOT_TAG_END [14:15]
|           |--START -> < [14:15]
|           |--SLASH -> / [14:16]
|           |--TFOOT_HTML_TAG_NAME -> tfoot [14:17]
|           `--END -> > [14:22]
|--NEWLINE -> \n [14:23]
|--LEADING_ASTERISK -> * [15:0]
|--TEXT ->   [15:1]
|--HTML_ELEMENT -> HTML_ELEMENT [15:2]
|   `--RP_TAG_START -> RP_TAG_START [15:2]
|       |--START -> < [15:2]
|       |--RP_HTML_TAG_NAME -> rp [15:3]
|       |--WS ->   [15:5]
|       |--ATTRIBUTE -> ATTRIBUTE [15:6]
|       |   |--HTML_TAG_NAME -> style [15:6]
|       |   |--EQUALS -> = [15:11]
|       |   `--ATTR_VALUE -> "color:red" [15:12]
|       |--WS ->   [15:24]
|       |--NEWLINE -> \n [15:25]
|       |--LEADING_ASTERISK -> * [16:0]
|       |--NEWLINE -> \n [16:1]
|       |--LEADING_ASTERISK -> * [17:0]
|       |--WS ->   [17:1]
|       `--END -> > [17:2]
|--TEXT ->   [17:3]
|--HTML_COMMENT -> HTML_COMMENT [17:4]
|   |--HTML_COMMENT_START -> <!-- [17:4]
|   |--TEXT -> HTML COMMENT [17:8]
|   `--HTML_COMMENT_END -> --> [17:20]
`--EOF -> <EOF> [17:23]]
>
	at com.puppycrawl.tools.checkstyle.grammar.javadoc.JavadocParseTreeTest.testNonTightRpHtmlTag(JavadocParseTreeTest.java:368)
]]></failure>
  </testcase>
  <testcase name="customJavadocTags" classname="com.puppycrawl.tools.checkstyle.grammar.javadoc.JavadocParseTreeTest" time="0">
    <failure message="Generated tree from the javadoc file should match the pre-defined tree expected:&lt;...DOC -&gt; JAVADOC [0:0][&#10;|--LEADING_ASTERISK -&gt;  * [0:0]&#10;|--WS -&gt;   [0:2]&#10;|--JAVADOC_TAG -&gt; JAVADOC_TAG [0:3]&#10;|   |--CUSTOM_NAME -&gt; @myTag [0:3]&#10;|   |--WS -&gt;   [0:9]&#10;|   `--DESCRIPTION -&gt; DESCRIPTION [0:10]&#10;|       |--TEXT -&gt; yes it is [0:10]&#10;|       `--NEWLINE -&gt; \n [0:19]&#10;|--LEADING_ASTERISK -&gt;  * [1:0]&#10;|--WS -&gt;   [1:2]&#10;|--JAVADOC_TAG -&gt; JAVADOC_TAG [1:3]&#10;|   |--CUSTOM_NAME -&gt; @anotherTagWithoutParameter [1:3]&#10;|   `--NEWLINE -&gt; \n [1:30]&#10;|--LEADING_ASTERISK -&gt;  * [2:0]&#10;|--WS -&gt;   [2:2]&#10;|--JAVADOC_TAG -&gt; JAVADOC_TAG [2:3]&#10;|   |--AUTHOR_LITERAL -&gt; @author [2:3]&#10;|   |--WS -&gt;   [2:10]&#10;|   `--DESCRIPTION -&gt; DESCRIPTION [2:11]&#10;|       |--TEXT -&gt; I [2:11]&#10;|       |--NEWLINE -&gt; \n [2:12]&#10;|       `--TEXT -&gt;   [3:0]&#10;`--EOF -&gt; &lt;EOF&gt; [3:1]]&#10;&gt; but was:&lt;...DOC -&gt; JAVADOC [0:0][&#10;|--LEADING_ASTERISK -&gt;  * [0:0]&#10;|--WS -&gt;   [0:2]&#10;|--JAVADOC_TAG -&gt; JAVADOC_TAG [0:3]&#10;|   |--CUSTOM_NAME -&gt; @myTag [0:3]&#10;|   |--WS -&gt;   [0:9]&#10;|   `--DESCRIPTION -&gt; DESCRIPTION [0:10]&#10;|       |--TEXT -&gt; yes it is [0:10]&#10;|       `--NEWLINE -&gt; \n [0:19]&#10;|--LEADING_ASTERISK -&gt;  * [1:0]&#10;|--WS -&gt;   [1:2]&#10;|--JAVADOC_TAG -&gt; JAVADOC_TAG [1:3]&#10;|   |--CUSTOM_NAME -&gt; @anotherTagWithoutParameter [1:3]&#10;|   `--NEWLINE -&gt; \n [1:30]&#10;|--LEADING_ASTERISK -&gt;  * [2:0]&#10;|--WS -&gt;   [2:2]&#10;|--JAVADOC_TAG -&gt; JAVADOC_TAG [2:3]&#10;|   |--AUTHOR_LITERAL -&gt; @author [2:3]&#10;|   |--WS -&gt;   [2:10]&#10;|   `--DESCRIPTION -&gt; DESCRIPTION [2:11]&#10;|       |--TEXT -&gt; I [2:11]&#10;|       |--NEWLINE -&gt; \n [2:12]&#10;|       `--TEXT -&gt;   [3:0]&#10;`--EOF -&gt; &lt;EOF&gt; [3:1]&#13;]&#10;&gt;" type="org.junit.ComparisonFailure"><![CDATA[org.junit.ComparisonFailure: 
Generated tree from the javadoc file should match the pre-defined tree expected:<...DOC -> JAVADOC [0:0][
|--LEADING_ASTERISK ->  * [0:0]
|--WS ->   [0:2]
|--JAVADOC_TAG -> JAVADOC_TAG [0:3]
|   |--CUSTOM_NAME -> @myTag [0:3]
|   |--WS ->   [0:9]
|   `--DESCRIPTION -> DESCRIPTION [0:10]
|       |--TEXT -> yes it is [0:10]
|       `--NEWLINE -> \n [0:19]
|--LEADING_ASTERISK ->  * [1:0]
|--WS ->   [1:2]
|--JAVADOC_TAG -> JAVADOC_TAG [1:3]
|   |--CUSTOM_NAME -> @anotherTagWithoutParameter [1:3]
|   `--NEWLINE -> \n [1:30]
|--LEADING_ASTERISK ->  * [2:0]
|--WS ->   [2:2]
|--JAVADOC_TAG -> JAVADOC_TAG [2:3]
|   |--AUTHOR_LITERAL -> @author [2:3]
|   |--WS ->   [2:10]
|   `--DESCRIPTION -> DESCRIPTION [2:11]
|       |--TEXT -> I [2:11]
|       |--NEWLINE -> \n [2:12]
|       `--TEXT ->   [3:0]
`--EOF -> <EOF> [3:1]]
> but was:<...DOC -> JAVADOC [0:0][
|--LEADING_ASTERISK ->  * [0:0]
|--WS ->   [0:2]
|--JAVADOC_TAG -> JAVADOC_TAG [0:3]
|   |--CUSTOM_NAME -> @myTag [0:3]
|   |--WS ->   [0:9]
|   `--DESCRIPTION -> DESCRIPTION [0:10]
|       |--TEXT -> yes it is [0:10]
|       `--NEWLINE -> \n [0:19]
|--LEADING_ASTERISK ->  * [1:0]
|--WS ->   [1:2]
|--JAVADOC_TAG -> JAVADOC_TAG [1:3]
|   |--CUSTOM_NAME -> @anotherTagWithoutParameter [1:3]
|   `--NEWLINE -> \n [1:30]
|--LEADING_ASTERISK ->  * [2:0]
|--WS ->   [2:2]
|--JAVADOC_TAG -> JAVADOC_TAG [2:3]
|   |--AUTHOR_LITERAL -> @author [2:3]
|   |--WS ->   [2:10]
|   `--DESCRIPTION -> DESCRIPTION [2:11]
|       |--TEXT -> I [2:11]
|       |--NEWLINE -> \n [2:12]
|       `--TEXT ->   [3:0]
`--EOF -> <EOF> [3:1]]
>
	at com.puppycrawl.tools.checkstyle.grammar.javadoc.JavadocParseTreeTest.customJavadocTags(JavadocParseTreeTest.java:62)
]]></failure>
  </testcase>
  <testcase name="testJavadocWithCrAsNewline" classname="com.puppycrawl.tools.checkstyle.grammar.javadoc.JavadocParseTreeTest" time="0">
    <failure message="Generated tree from the javadoc file should match the pre-defined tree expected:&lt;...DOC -&gt; JAVADOC [0:0][&#10;|--TEXT -&gt;      [0:0]&#10;|--NEWLINE -&gt; \r [0:4]&#10;|--LEADING_ASTERISK -&gt; * [0:5]&#10;|--TEXT -&gt;  Checks that commentContent starts with &apos;*&apos; javadoc comment identifier. [0:6]&#10;|--NEWLINE -&gt; \r [0:77]&#10;|--LEADING_ASTERISK -&gt;     * [0:78]&#10;|--TEXT -&gt; &amp;lt;property name=&quot;ignorePattern&quot; value=&quot;^ *\* *[^ ]+$&quot;/&amp;gt* [0:83]&#10;|--NEWLINE -&gt; \r [0:143]&#10;|--LEADING_ASTERISK -&gt; \t* [0:144]&#10;|--TEXT -&gt;  This * is not a leading * [0:146]&#10;|--NEWLINE -&gt; \r [0:172]&#10;|--LEADING_ASTERISK -&gt; * [0:173]&#10;|--WS -&gt;   [0:174]&#10;|--JAVADOC_TAG -&gt; JAVADOC_TAG [0:175]&#10;|   |--RETURN_LITERAL -&gt; @return [0:175]&#10;|   |--WS -&gt;   [0:182]&#10;|   `--DESCRIPTION -&gt; DESCRIPTION [0:183]&#10;|       |--TEXT -&gt; true if commentContent starts with &apos;*&apos; javadoc comment identifier [0:183]&#10;|       `--NEWLINE -&gt; \r [0:248]&#10;`--EOF -&gt; &lt;EOF&gt; [0:249]]&#10;&gt; but was:&lt;...DOC -&gt; JAVADOC [0:0][&#10;|--TEXT -&gt;      [0:0]&#10;|--NEWLINE -&gt; \r [0:4]&#10;|--LEADING_ASTERISK -&gt; * [0:5]&#10;|--TEXT -&gt;  Checks that commentContent starts with &apos;*&apos; javadoc comment identifier. [0:6]&#10;|--NEWLINE -&gt; \r [0:77]&#10;|--LEADING_ASTERISK -&gt;     * [0:78]&#10;|--TEXT -&gt; &amp;lt;property name=&quot;ignorePattern&quot; value=&quot;^ *\* *[^ ]+$&quot;/&amp;gt* [0:83]&#10;|--NEWLINE -&gt; \r [0:143]&#10;|--LEADING_ASTERISK -&gt; \t* [0:144]&#10;|--TEXT -&gt;  This * is not a leading * [0:146]&#10;|--NEWLINE -&gt; \r [0:172]&#10;|--LEADING_ASTERISK -&gt; * [0:173]&#10;|--WS -&gt;   [0:174]&#10;|--JAVADOC_TAG -&gt; JAVADOC_TAG [0:175]&#10;|   |--RETURN_LITERAL -&gt; @return [0:175]&#10;|   |--WS -&gt;   [0:182]&#10;|   `--DESCRIPTION -&gt; DESCRIPTION [0:183]&#10;|       |--TEXT -&gt; true if commentContent starts with &apos;*&apos; javadoc comment identifier [0:183]&#10;|       `--NEWLINE -&gt; \r [0:248]&#10;`--EOF -&gt; &lt;EOF&gt; [0:249]&#13;]&#10;&gt;" type="org.junit.ComparisonFailure"><![CDATA[org.junit.ComparisonFailure: 
Generated tree from the javadoc file should match the pre-defined tree expected:<...DOC -> JAVADOC [0:0][
|--TEXT ->      [0:0]
|--NEWLINE -> \r [0:4]
|--LEADING_ASTERISK -> * [0:5]
|--TEXT ->  Checks that commentContent starts with '*' javadoc comment identifier. [0:6]
|--NEWLINE -> \r [0:77]
|--LEADING_ASTERISK ->     * [0:78]
|--TEXT -> &lt;property name="ignorePattern" value="^ *\* *[^ ]+$"/&gt* [0:83]
|--NEWLINE -> \r [0:143]
|--LEADING_ASTERISK -> \t* [0:144]
|--TEXT ->  This * is not a leading * [0:146]
|--NEWLINE -> \r [0:172]
|--LEADING_ASTERISK -> * [0:173]
|--WS ->   [0:174]
|--JAVADOC_TAG -> JAVADOC_TAG [0:175]
|   |--RETURN_LITERAL -> @return [0:175]
|   |--WS ->   [0:182]
|   `--DESCRIPTION -> DESCRIPTION [0:183]
|       |--TEXT -> true if commentContent starts with '*' javadoc comment identifier [0:183]
|       `--NEWLINE -> \r [0:248]
`--EOF -> <EOF> [0:249]]
> but was:<...DOC -> JAVADOC [0:0][
|--TEXT ->      [0:0]
|--NEWLINE -> \r [0:4]
|--LEADING_ASTERISK -> * [0:5]
|--TEXT ->  Checks that commentContent starts with '*' javadoc comment identifier. [0:6]
|--NEWLINE -> \r [0:77]
|--LEADING_ASTERISK ->     * [0:78]
|--TEXT -> &lt;property name="ignorePattern" value="^ *\* *[^ ]+$"/&gt* [0:83]
|--NEWLINE -> \r [0:143]
|--LEADING_ASTERISK -> \t* [0:144]
|--TEXT ->  This * is not a leading * [0:146]
|--NEWLINE -> \r [0:172]
|--LEADING_ASTERISK -> * [0:173]
|--WS ->   [0:174]
|--JAVADOC_TAG -> JAVADOC_TAG [0:175]
|   |--RETURN_LITERAL -> @return [0:175]
|   |--WS ->   [0:182]
|   `--DESCRIPTION -> DESCRIPTION [0:183]
|       |--TEXT -> true if commentContent starts with '*' javadoc comment identifier [0:183]
|       `--NEWLINE -> \r [0:248]
`--EOF -> <EOF> [0:249]]
>
	at com.puppycrawl.tools.checkstyle.grammar.javadoc.JavadocParseTreeTest.testJavadocWithCrAsNewline(JavadocParseTreeTest.java:254)
]]></failure>
  </testcase>
  <testcase name="unclosedAndClosedParagraphs" classname="com.puppycrawl.tools.checkstyle.grammar.javadoc.JavadocParseTreeTest" time="0.015">
    <failure message="Generated tree from the javadoc file should match the pre-defined tree expected:&lt;...DOC -&gt; JAVADOC [0:0][&#10;|--HTML_ELEMENT -&gt; HTML_ELEMENT [0:0]&#10;|   `--P_TAG_START -&gt; P_TAG_START [0:0]&#10;|       |--START -&gt; &lt; [0:0]&#10;|       |--P_HTML_TAG_NAME -&gt; p [0:1]&#10;|       `--END -&gt; &gt; [0:2]&#10;|--NEWLINE -&gt; \n [0:3]&#10;|--TEXT -&gt; first paragraph [1:0]&#10;|--NEWLINE -&gt; \n [1:15]&#10;|--HTML_ELEMENT -&gt; HTML_ELEMENT [2:0]&#10;|   `--PARAGRAPH -&gt; PARAGRAPH [2:0]&#10;|       |--P_TAG_START -&gt; P_TAG_START [2:0]&#10;|       |   |--START -&gt; &lt; [2:0]&#10;|       |   |--P_HTML_TAG_NAME -&gt; p [2:1]&#10;|       |   `--END -&gt; &gt; [2:2]&#10;|       |--NEWLINE -&gt; \n [2:3]&#10;|       |--TEXT -&gt; second paragraph [3:0]&#10;|       |--NEWLINE -&gt; \n [3:16]&#10;|       `--P_TAG_END -&gt; P_TAG_END [4:0]&#10;|           |--START -&gt; &lt; [4:0]&#10;|           |--SLASH -&gt; / [4:1]&#10;|           |--P_HTML_TAG_NAME -&gt; p [4:2]&#10;|           `--END -&gt; &gt; [4:3]&#10;`--EOF -&gt; &lt;EOF&gt; [4:4]]&#10;&gt; but was:&lt;...DOC -&gt; JAVADOC [0:0][&#10;|--HTML_ELEMENT -&gt; HTML_ELEMENT [0:0]&#10;|   `--P_TAG_START -&gt; P_TAG_START [0:0]&#10;|       |--START -&gt; &lt; [0:0]&#10;|       |--P_HTML_TAG_NAME -&gt; p [0:1]&#10;|       `--END -&gt; &gt; [0:2]&#10;|--NEWLINE -&gt; \n [0:3]&#10;|--TEXT -&gt; first paragraph [1:0]&#10;|--NEWLINE -&gt; \n [1:15]&#10;|--HTML_ELEMENT -&gt; HTML_ELEMENT [2:0]&#10;|   `--PARAGRAPH -&gt; PARAGRAPH [2:0]&#10;|       |--P_TAG_START -&gt; P_TAG_START [2:0]&#10;|       |   |--START -&gt; &lt; [2:0]&#10;|       |   |--P_HTML_TAG_NAME -&gt; p [2:1]&#10;|       |   `--END -&gt; &gt; [2:2]&#10;|       |--NEWLINE -&gt; \n [2:3]&#10;|       |--TEXT -&gt; second paragraph [3:0]&#10;|       |--NEWLINE -&gt; \n [3:16]&#10;|       `--P_TAG_END -&gt; P_TAG_END [4:0]&#10;|           |--START -&gt; &lt; [4:0]&#10;|           |--SLASH -&gt; / [4:1]&#10;|           |--P_HTML_TAG_NAME -&gt; p [4:2]&#10;|           `--END -&gt; &gt; [4:3]&#10;`--EOF -&gt; &lt;EOF&gt; [4:4]&#13;]&#10;&gt;" type="org.junit.ComparisonFailure"><![CDATA[org.junit.ComparisonFailure: 
Generated tree from the javadoc file should match the pre-defined tree expected:<...DOC -> JAVADOC [0:0][
|--HTML_ELEMENT -> HTML_ELEMENT [0:0]
|   `--P_TAG_START -> P_TAG_START [0:0]
|       |--START -> < [0:0]
|       |--P_HTML_TAG_NAME -> p [0:1]
|       `--END -> > [0:2]
|--NEWLINE -> \n [0:3]
|--TEXT -> first paragraph [1:0]
|--NEWLINE -> \n [1:15]
|--HTML_ELEMENT -> HTML_ELEMENT [2:0]
|   `--PARAGRAPH -> PARAGRAPH [2:0]
|       |--P_TAG_START -> P_TAG_START [2:0]
|       |   |--START -> < [2:0]
|       |   |--P_HTML_TAG_NAME -> p [2:1]
|       |   `--END -> > [2:2]
|       |--NEWLINE -> \n [2:3]
|       |--TEXT -> second paragraph [3:0]
|       |--NEWLINE -> \n [3:16]
|       `--P_TAG_END -> P_TAG_END [4:0]
|           |--START -> < [4:0]
|           |--SLASH -> / [4:1]
|           |--P_HTML_TAG_NAME -> p [4:2]
|           `--END -> > [4:3]
`--EOF -> <EOF> [4:4]]
> but was:<...DOC -> JAVADOC [0:0][
|--HTML_ELEMENT -> HTML_ELEMENT [0:0]
|   `--P_TAG_START -> P_TAG_START [0:0]
|       |--START -> < [0:0]
|       |--P_HTML_TAG_NAME -> p [0:1]
|       `--END -> > [0:2]
|--NEWLINE -> \n [0:3]
|--TEXT -> first paragraph [1:0]
|--NEWLINE -> \n [1:15]
|--HTML_ELEMENT -> HTML_ELEMENT [2:0]
|   `--PARAGRAPH -> PARAGRAPH [2:0]
|       |--P_TAG_START -> P_TAG_START [2:0]
|       |   |--START -> < [2:0]
|       |   |--P_HTML_TAG_NAME -> p [2:1]
|       |   `--END -> > [2:2]
|       |--NEWLINE -> \n [2:3]
|       |--TEXT -> second paragraph [3:0]
|       |--NEWLINE -> \n [3:16]
|       `--P_TAG_END -> P_TAG_END [4:0]
|           |--START -> < [4:0]
|           |--SLASH -> / [4:1]
|           |--P_HTML_TAG_NAME -> p [4:2]
|           `--END -> > [4:3]
`--EOF -> <EOF> [4:4]]
>
	at com.puppycrawl.tools.checkstyle.grammar.javadoc.JavadocParseTreeTest.unclosedAndClosedParagraphs(JavadocParseTreeTest.java:122)
]]></failure>
  </testcase>
  <testcase name="testNewlineAndAsteriskInParameters" classname="com.puppycrawl.tools.checkstyle.grammar.javadoc.JavadocParseTreeTest" time="0">
    <failure message="Generated tree from the javadoc file should match the pre-defined tree expected:&lt;...DOC -&gt; JAVADOC [0:0][&#10;|--LEADING_ASTERISK -&gt;   * [0:0]&#10;|--TEXT -&gt;   [0:3]&#10;|--JAVADOC_INLINE_TAG -&gt; JAVADOC_INLINE_TAG [0:4]&#10;|   |--JAVADOC_INLINE_TAG_START -&gt; { [0:4]&#10;|   |--LINK_LITERAL -&gt; @link [0:5]&#10;|   |--WS -&gt;   [0:10]&#10;|   |--REFERENCE -&gt; REFERENCE [0:11]&#10;|   |   |--PACKAGE_CLASS -&gt; ImmutableSortedMap [0:11]&#10;|   |   |--HASH -&gt; # [0:29]&#10;|   |   |--MEMBER -&gt; of [0:30]&#10;|   |   `--PARAMETERS -&gt; PARAMETERS [0:32]&#10;|   |       |--LEFT_BRACE -&gt; ( [0:32]&#10;|   |       |--NEWLINE -&gt; \n [0:33]&#10;|   |       |--LEADING_ASTERISK -&gt;   * [1:0]&#10;|   |       |--NEWLINE -&gt; \n [1:3]&#10;|   |       |--LEADING_ASTERISK -&gt;   * [2:0]&#10;|   |       |--WS -&gt;   [2:3]&#10;|   |       `--RIGHT_BRACE -&gt; ) [2:4]&#10;|   `--JAVADOC_INLINE_TAG_END -&gt; } [2:5]&#10;`--EOF -&gt; &lt;EOF&gt; [2:6]]&#10;&gt; but was:&lt;...DOC -&gt; JAVADOC [0:0][&#10;|--LEADING_ASTERISK -&gt;   * [0:0]&#10;|--TEXT -&gt;   [0:3]&#10;|--JAVADOC_INLINE_TAG -&gt; JAVADOC_INLINE_TAG [0:4]&#10;|   |--JAVADOC_INLINE_TAG_START -&gt; { [0:4]&#10;|   |--LINK_LITERAL -&gt; @link [0:5]&#10;|   |--WS -&gt;   [0:10]&#10;|   |--REFERENCE -&gt; REFERENCE [0:11]&#10;|   |   |--PACKAGE_CLASS -&gt; ImmutableSortedMap [0:11]&#10;|   |   |--HASH -&gt; # [0:29]&#10;|   |   |--MEMBER -&gt; of [0:30]&#10;|   |   `--PARAMETERS -&gt; PARAMETERS [0:32]&#10;|   |       |--LEFT_BRACE -&gt; ( [0:32]&#10;|   |       |--NEWLINE -&gt; \n [0:33]&#10;|   |       |--LEADING_ASTERISK -&gt;   * [1:0]&#10;|   |       |--NEWLINE -&gt; \n [1:3]&#10;|   |       |--LEADING_ASTERISK -&gt;   * [2:0]&#10;|   |       |--WS -&gt;   [2:3]&#10;|   |       `--RIGHT_BRACE -&gt; ) [2:4]&#10;|   `--JAVADOC_INLINE_TAG_END -&gt; } [2:5]&#10;`--EOF -&gt; &lt;EOF&gt; [2:6]&#13;]&#10;&gt;" type="org.junit.ComparisonFailure"><![CDATA[org.junit.ComparisonFailure: 
Generated tree from the javadoc file should match the pre-defined tree expected:<...DOC -> JAVADOC [0:0][
|--LEADING_ASTERISK ->   * [0:0]
|--TEXT ->   [0:3]
|--JAVADOC_INLINE_TAG -> JAVADOC_INLINE_TAG [0:4]
|   |--JAVADOC_INLINE_TAG_START -> { [0:4]
|   |--LINK_LITERAL -> @link [0:5]
|   |--WS ->   [0:10]
|   |--REFERENCE -> REFERENCE [0:11]
|   |   |--PACKAGE_CLASS -> ImmutableSortedMap [0:11]
|   |   |--HASH -> # [0:29]
|   |   |--MEMBER -> of [0:30]
|   |   `--PARAMETERS -> PARAMETERS [0:32]
|   |       |--LEFT_BRACE -> ( [0:32]
|   |       |--NEWLINE -> \n [0:33]
|   |       |--LEADING_ASTERISK ->   * [1:0]
|   |       |--NEWLINE -> \n [1:3]
|   |       |--LEADING_ASTERISK ->   * [2:0]
|   |       |--WS ->   [2:3]
|   |       `--RIGHT_BRACE -> ) [2:4]
|   `--JAVADOC_INLINE_TAG_END -> } [2:5]
`--EOF -> <EOF> [2:6]]
> but was:<...DOC -> JAVADOC [0:0][
|--LEADING_ASTERISK ->   * [0:0]
|--TEXT ->   [0:3]
|--JAVADOC_INLINE_TAG -> JAVADOC_INLINE_TAG [0:4]
|   |--JAVADOC_INLINE_TAG_START -> { [0:4]
|   |--LINK_LITERAL -> @link [0:5]
|   |--WS ->   [0:10]
|   |--REFERENCE -> REFERENCE [0:11]
|   |   |--PACKAGE_CLASS -> ImmutableSortedMap [0:11]
|   |   |--HASH -> # [0:29]
|   |   |--MEMBER -> of [0:30]
|   |   `--PARAMETERS -> PARAMETERS [0:32]
|   |       |--LEFT_BRACE -> ( [0:32]
|   |       |--NEWLINE -> \n [0:33]
|   |       |--LEADING_ASTERISK ->   * [1:0]
|   |       |--NEWLINE -> \n [1:3]
|   |       |--LEADING_ASTERISK ->   * [2:0]
|   |       |--WS ->   [2:3]
|   |       `--RIGHT_BRACE -> ) [2:4]
|   `--JAVADOC_INLINE_TAG_END -> } [2:5]
`--EOF -> <EOF> [2:6]]
>
	at com.puppycrawl.tools.checkstyle.grammar.javadoc.JavadocParseTreeTest.testNewlineAndAsteriskInParameters(JavadocParseTreeTest.java:242)
]]></failure>
  </testcase>
  <testcase name="testVoidElements" classname="com.puppycrawl.tools.checkstyle.grammar.javadoc.JavadocParseTreeTest" time="0">
    <failure message="Generated tree from the javadoc file should match the pre-defined tree expected:&lt;...DOC -&gt; JAVADOC [0:0][&#10;|--HTML_ELEMENT -&gt; HTML_ELEMENT [0:0]&#10;|   `--SINGLETON_ELEMENT -&gt; SINGLETON_ELEMENT [0:0]&#10;|       `--AREA_TAG -&gt; AREA_TAG [0:0]&#10;|           |--START -&gt; &lt; [0:0]&#10;|           |--AREA_HTML_TAG_NAME -&gt; area [0:1]&#10;|           `--END -&gt; &gt; [0:5]&#10;|--NEWLINE -&gt; \n [0:6]&#10;|--HTML_ELEMENT -&gt; HTML_ELEMENT [1:0]&#10;|   `--SINGLETON_ELEMENT -&gt; SINGLETON_ELEMENT [1:0]&#10;|       `--BASE_TAG -&gt; BASE_TAG [1:0]&#10;|           |--START -&gt; &lt; [1:0]&#10;|           |--BASE_HTML_TAG_NAME -&gt; base [1:1]&#10;|           `--END -&gt; &gt; [1:5]&#10;|--NEWLINE -&gt; \n [1:6]&#10;|--HTML_ELEMENT -&gt; HTML_ELEMENT [2:0]&#10;|   `--SINGLETON_ELEMENT -&gt; SINGLETON_ELEMENT [2:0]&#10;|       `--BASEFONT_TAG -&gt; BASEFONT_TAG [2:0]&#10;|           |--START -&gt; &lt; [2:0]&#10;|           |--BASEFONT_HTML_TAG_NAME -&gt; basefont [2:1]&#10;|           `--END -&gt; &gt; [2:9]&#10;|--NEWLINE -&gt; \n [2:10]&#10;|--HTML_ELEMENT -&gt; HTML_ELEMENT [3:0]&#10;|   `--SINGLETON_ELEMENT -&gt; SINGLETON_ELEMENT [3:0]&#10;|       `--BR_TAG -&gt; BR_TAG [3:0]&#10;|           |--START -&gt; &lt; [3:0]&#10;|           |--BR_HTML_TAG_NAME -&gt; br [3:1]&#10;|           `--END -&gt; &gt; [3:3]&#10;|--NEWLINE -&gt; \n [3:4]&#10;|--HTML_ELEMENT -&gt; HTML_ELEMENT [4:0]&#10;|   `--SINGLETON_ELEMENT -&gt; SINGLETON_ELEMENT [4:0]&#10;|       `--COL_TAG -&gt; COL_TAG [4:0]&#10;|           |--START -&gt; &lt; [4:0]&#10;|           |--COL_HTML_TAG_NAME -&gt; col [4:1]&#10;|           `--END -&gt; &gt; [4:4]&#10;|--NEWLINE -&gt; \n [4:5]&#10;|--HTML_ELEMENT -&gt; HTML_ELEMENT [5:0]&#10;|   `--SINGLETON_ELEMENT -&gt; SINGLETON_ELEMENT [5:0]&#10;|       `--FRAME_TAG -&gt; FRAME_TAG [5:0]&#10;|           |--START -&gt; &lt; [5:0]&#10;|           |--FRAME_HTML_TAG_NAME -&gt; frame [5:1]&#10;|           `--END -&gt; &gt; [5:6]&#10;|--NEWLINE -&gt; \n [5:7]&#10;|--HTML_ELEMENT -&gt; HTML_ELEMENT [6:0]&#10;|   `--SINGLETON_ELEMENT -&gt; SINGLETON_ELEMENT [6:0]&#10;|       `--HR_TAG -&gt; HR_TAG [6:0]&#10;|           |--START -&gt; &lt; [6:0]&#10;|           |--HR_HTML_TAG_NAME -&gt; hr [6:1]&#10;|           `--END -&gt; &gt; [6:3]&#10;|--NEWLINE -&gt; \n [6:4]&#10;|--HTML_ELEMENT -&gt; HTML_ELEMENT [7:0]&#10;|   `--SINGLETON_ELEMENT -&gt; SINGLETON_ELEMENT [7:0]&#10;|       `--IMG_TAG -&gt; IMG_TAG [7:0]&#10;|           |--START -&gt; &lt; [7:0]&#10;|           |--IMG_HTML_TAG_NAME -&gt; img [7:1]&#10;|           `--END -&gt; &gt; [7:4]&#10;|--NEWLINE -&gt; \n [7:5]&#10;|--HTML_ELEMENT -&gt; HTML_ELEMENT [8:0]&#10;|   `--SINGLETON_ELEMENT -&gt; SINGLETON_ELEMENT [8:0]&#10;|       `--INPUT_TAG -&gt; INPUT_TAG [8:0]&#10;|           |--START -&gt; &lt; [8:0]&#10;|           |--INPUT_HTML_TAG_NAME -&gt; input [8:1]&#10;|           `--END -&gt; &gt; [8:6]&#10;|--NEWLINE -&gt; \n [8:7]&#10;|--HTML_ELEMENT -&gt; HTML_ELEMENT [9:0]&#10;|   `--SINGLETON_ELEMENT -&gt; SINGLETON_ELEMENT [9:0]&#10;|       `--ISINDEX_TAG -&gt; ISINDEX_TAG [9:0]&#10;|           |--START -&gt; &lt; [9:0]&#10;|           |--ISINDEX_HTML_TAG_NAME -&gt; isindex [9:1]&#10;|           `--END -&gt; &gt; [9:8]&#10;|--NEWLINE -&gt; \n [9:9]&#10;|--HTML_ELEMENT -&gt; HTML_ELEMENT [10:0]&#10;|   `--SINGLETON_ELEMENT -&gt; SINGLETON_ELEMENT [10:0]&#10;|       `--LINK_TAG -&gt; LINK_TAG [10:0]&#10;|           |--START -&gt; &lt; [10:0]&#10;|           |--LINK_HTML_TAG_NAME -&gt; link [10:1]&#10;|           `--END -&gt; &gt; [10:5]&#10;|--NEWLINE -&gt; \n [10:6]&#10;|--HTML_ELEMENT -&gt; HTML_ELEMENT [11:0]&#10;|   `--SINGLETON_ELEMENT -&gt; SINGLETON_ELEMENT [11:0]&#10;|       `--META_TAG -&gt; META_TAG [11:0]&#10;|           |--START -&gt; &lt; [11:0]&#10;|           |--META_HTML_TAG_NAME -&gt; meta [11:1]&#10;|           `--END -&gt; &gt; [11:5]&#10;|--NEWLINE -&gt; \n [11:6]&#10;|--HTML_ELEMENT -&gt; HTML_ELEMENT [12:0]&#10;|   `--SINGLETON_ELEMENT -&gt; SINGLETON_ELEMENT [12:0]&#10;|       `--PARAM_TAG -&gt; PARAM_TAG [12:0]&#10;|           |--START -&gt; &lt; [12:0]&#10;|           |--PARAM_HTML_TAG_NAME -&gt; param [12:1]&#10;|           `--END -&gt; &gt; [12:6]&#10;|--NEWLINE -&gt; \n [12:7]&#10;|--HTML_ELEMENT -&gt; HTML_ELEMENT [13:0]&#10;|   `--SINGLETON_ELEMENT -&gt; SINGLETON_ELEMENT [13:0]&#10;|       `--EMBED_TAG -&gt; EMBED_TAG [13:0]&#10;|           |--START -&gt; &lt; [13:0]&#10;|           |--EMBED_HTML_TAG_NAME -&gt; embed [13:1]&#10;|           `--END -&gt; &gt; [13:6]&#10;|--NEWLINE -&gt; \n [13:7]&#10;|--NEWLINE -&gt; \n [14:0]&#10;|--HTML_ELEMENT -&gt; HTML_ELEMENT [15:0]&#10;|   `--SINGLETON_ELEMENT -&gt; SINGLETON_ELEMENT [15:0]&#10;|       `--AREA_TAG -&gt; AREA_TAG [15:0]&#10;|           |--START -&gt; &lt; [15:0]&#10;|           |--AREA_HTML_TAG_NAME -&gt; area [15:1]&#10;|           `--SLASH_END -&gt; /&gt; [15:5]&#10;|--NEWLINE -&gt; \n [15:7]&#10;|--HTML_ELEMENT -&gt; HTML_ELEMENT [16:0]&#10;|   `--SINGLETON_ELEMENT -&gt; SINGLETON_ELEMENT [16:0]&#10;|       `--BASE_TAG -&gt; BASE_TAG [16:0]&#10;|           |--START -&gt; &lt; [16:0]&#10;|           |--BASE_HTML_TAG_NAME -&gt; base [16:1]&#10;|           `--SLASH_END -&gt; /&gt; [16:5]&#10;|--NEWLINE -&gt; \n [16:7]&#10;|--HTML_ELEMENT -&gt; HTML_ELEMENT [17:0]&#10;|   `--SINGLETON_ELEMENT -&gt; SINGLETON_ELEMENT [17:0]&#10;|       `--BASEFONT_TAG -&gt; BASEFONT_TAG [17:0]&#10;|           |--START -&gt; &lt; [17:0]&#10;|           |--BASEFONT_HTML_TAG_NAME -&gt; basefont [17:1]&#10;|           `--SLASH_END -&gt; /&gt; [17:9]&#10;|--NEWLINE -&gt; \n [17:11]&#10;|--HTML_ELEMENT -&gt; HTML_ELEMENT [18:0]&#10;|   `--SINGLETON_ELEMENT -&gt; SINGLETON_ELEMENT [18:0]&#10;|       `--BR_TAG -&gt; BR_TAG [18:0]&#10;|           |--START -&gt; &lt; [18:0]&#10;|           |--BR_HTML_TAG_NAME -&gt; br [18:1]&#10;|           `--SLASH_END -&gt; /&gt; [18:3]&#10;|--NEWLINE -&gt; \n [18:5]&#10;|--HTML_ELEMENT -&gt; HTML_ELEMENT [19:0]&#10;|   `--SINGLETON_ELEMENT -&gt; SINGLETON_ELEMENT [19:0]&#10;|       `--COL_TAG -&gt; COL_TAG [19:0]&#10;|           |--START -&gt; &lt; [19:0]&#10;|           |--COL_HTML_TAG_NAME -&gt; col [19:1]&#10;|           `--SLASH_END -&gt; /&gt; [19:4]&#10;|--NEWLINE -&gt; \n [19:6]&#10;|--HTML_ELEMENT -&gt; HTML_ELEMENT [20:0]&#10;|   `--SINGLETON_ELEMENT -&gt; SINGLETON_ELEMENT [20:0]&#10;|       `--FRAME_TAG -&gt; FRAME_TAG [20:0]&#10;|           |--START -&gt; &lt; [20:0]&#10;|           |--FRAME_HTML_TAG_NAME -&gt; frame [20:1]&#10;|           `--SLASH_END -&gt; /&gt; [20:6]&#10;|--NEWLINE -&gt; \n [20:8]&#10;|--HTML_ELEMENT -&gt; HTML_ELEMENT [21:0]&#10;|   `--SINGLETON_ELEMENT -&gt; SINGLETON_ELEMENT [21:0]&#10;|       `--HR_TAG -&gt; HR_TAG [21:0]&#10;|           |--START -&gt; &lt; [21:0]&#10;|           |--HR_HTML_TAG_NAME -&gt; hr [21:1]&#10;|           `--SLASH_END -&gt; /&gt; [21:3]&#10;|--NEWLINE -&gt; \n [21:5]&#10;|--HTML_ELEMENT -&gt; HTML_ELEMENT [22:0]&#10;|   `--SINGLETON_ELEMENT -&gt; SINGLETON_ELEMENT [22:0]&#10;|       `--IMG_TAG -&gt; IMG_TAG [22:0]&#10;|           |--START -&gt; &lt; [22:0]&#10;|           |--IMG_HTML_TAG_NAME -&gt; img [22:1]&#10;|           `--SLASH_END -&gt; /&gt; [22:4]&#10;|--NEWLINE -&gt; \n [22:6]&#10;|--HTML_ELEMENT -&gt; HTML_ELEMENT [23:0]&#10;|   `--SINGLETON_ELEMENT -&gt; SINGLETON_ELEMENT [23:0]&#10;|       `--INPUT_TAG -&gt; INPUT_TAG [23:0]&#10;|           |--START -&gt; &lt; [23:0]&#10;|           |--INPUT_HTML_TAG_NAME -&gt; input [23:1]&#10;|           `--SLASH_END -&gt; /&gt; [23:6]&#10;|--NEWLINE -&gt; \n [23:8]&#10;|--HTML_ELEMENT -&gt; HTML_ELEMENT [24:0]&#10;|   `--SINGLETON_ELEMENT -&gt; SINGLETON_ELEMENT [24:0]&#10;|       `--ISINDEX_TAG -&gt; ISINDEX_TAG [24:0]&#10;|           |--START -&gt; &lt; [24:0]&#10;|           |--ISINDEX_HTML_TAG_NAME -&gt; isindex [24:1]&#10;|           `--SLASH_END -&gt; /&gt; [24:8]&#10;|--NEWLINE -&gt; \n [24:10]&#10;|--HTML_ELEMENT -&gt; HTML_ELEMENT [25:0]&#10;|   `--SINGLETON_ELEMENT -&gt; SINGLETON_ELEMENT [25:0]&#10;|       `--LINK_TAG -&gt; LINK_TAG [25:0]&#10;|           |--START -&gt; &lt; [25:0]&#10;|           |--LINK_HTML_TAG_NAME -&gt; link [25:1]&#10;|           `--SLASH_END -&gt; /&gt; [25:5]&#10;|--NEWLINE -&gt; \n [25:7]&#10;|--HTML_ELEMENT -&gt; HTML_ELEMENT [26:0]&#10;|   `--SINGLETON_ELEMENT -&gt; SINGLETON_ELEMENT [26:0]&#10;|       `--META_TAG -&gt; META_TAG [26:0]&#10;|           |--START -&gt; &lt; [26:0]&#10;|           |--META_HTML_TAG_NAME -&gt; meta [26:1]&#10;|           `--SLASH_END -&gt; /&gt; [26:5]&#10;|--NEWLINE -&gt; \n [26:7]&#10;|--HTML_ELEMENT -&gt; HTML_ELEMENT [27:0]&#10;|   `--SINGLETON_ELEMENT -&gt; SINGLETON_ELEMENT [27:0]&#10;|       `--PARAM_TAG -&gt; PARAM_TAG [27:0]&#10;|           |--START -&gt; &lt; [27:0]&#10;|           |--PARAM_HTML_TAG_NAME -&gt; param [27:1]&#10;|           `--SLASH_END -&gt; /&gt; [27:6]&#10;|--NEWLINE -&gt; \n [27:8]&#10;|--HTML_ELEMENT -&gt; HTML_ELEMENT [28:0]&#10;|   `--SINGLETON_ELEMENT -&gt; SINGLETON_ELEMENT [28:0]&#10;|       `--EMBED_TAG -&gt; EMBED_TAG [28:0]&#10;|           |--START -&gt; &lt; [28:0]&#10;|           |--EMBED_HTML_TAG_NAME -&gt; embed [28:1]&#10;|           `--SLASH_END -&gt; /&gt; [28:6]&#10;`--EOF -&gt; &lt;EOF&gt; [28:8]]&#10;&gt; but was:&lt;...DOC -&gt; JAVADOC [0:0][&#10;|--HTML_ELEMENT -&gt; HTML_ELEMENT [0:0]&#10;|   `--SINGLETON_ELEMENT -&gt; SINGLETON_ELEMENT [0:0]&#10;|       `--AREA_TAG -&gt; AREA_TAG [0:0]&#10;|           |--START -&gt; &lt; [0:0]&#10;|           |--AREA_HTML_TAG_NAME -&gt; area [0:1]&#10;|           `--END -&gt; &gt; [0:5]&#10;|--NEWLINE -&gt; \n [0:6]&#10;|--HTML_ELEMENT -&gt; HTML_ELEMENT [1:0]&#10;|   `--SINGLETON_ELEMENT -&gt; SINGLETON_ELEMENT [1:0]&#10;|       `--BASE_TAG -&gt; BASE_TAG [1:0]&#10;|           |--START -&gt; &lt; [1:0]&#10;|           |--BASE_HTML_TAG_NAME -&gt; base [1:1]&#10;|           `--END -&gt; &gt; [1:5]&#10;|--NEWLINE -&gt; \n [1:6]&#10;|--HTML_ELEMENT -&gt; HTML_ELEMENT [2:0]&#10;|   `--SINGLETON_ELEMENT -&gt; SINGLETON_ELEMENT [2:0]&#10;|       `--BASEFONT_TAG -&gt; BASEFONT_TAG [2:0]&#10;|           |--START -&gt; &lt; [2:0]&#10;|           |--BASEFONT_HTML_TAG_NAME -&gt; basefont [2:1]&#10;|           `--END -&gt; &gt; [2:9]&#10;|--NEWLINE -&gt; \n [2:10]&#10;|--HTML_ELEMENT -&gt; HTML_ELEMENT [3:0]&#10;|   `--SINGLETON_ELEMENT -&gt; SINGLETON_ELEMENT [3:0]&#10;|       `--BR_TAG -&gt; BR_TAG [3:0]&#10;|           |--START -&gt; &lt; [3:0]&#10;|           |--BR_HTML_TAG_NAME -&gt; br [3:1]&#10;|           `--END -&gt; &gt; [3:3]&#10;|--NEWLINE -&gt; \n [3:4]&#10;|--HTML_ELEMENT -&gt; HTML_ELEMENT [4:0]&#10;|   `--SINGLETON_ELEMENT -&gt; SINGLETON_ELEMENT [4:0]&#10;|       `--COL_TAG -&gt; COL_TAG [4:0]&#10;|           |--START -&gt; &lt; [4:0]&#10;|           |--COL_HTML_TAG_NAME -&gt; col [4:1]&#10;|           `--END -&gt; &gt; [4:4]&#10;|--NEWLINE -&gt; \n [4:5]&#10;|--HTML_ELEMENT -&gt; HTML_ELEMENT [5:0]&#10;|   `--SINGLETON_ELEMENT -&gt; SINGLETON_ELEMENT [5:0]&#10;|       `--FRAME_TAG -&gt; FRAME_TAG [5:0]&#10;|           |--START -&gt; &lt; [5:0]&#10;|           |--FRAME_HTML_TAG_NAME -&gt; frame [5:1]&#10;|           `--END -&gt; &gt; [5:6]&#10;|--NEWLINE -&gt; \n [5:7]&#10;|--HTML_ELEMENT -&gt; HTML_ELEMENT [6:0]&#10;|   `--SINGLETON_ELEMENT -&gt; SINGLETON_ELEMENT [6:0]&#10;|       `--HR_TAG -&gt; HR_TAG [6:0]&#10;|           |--START -&gt; &lt; [6:0]&#10;|           |--HR_HTML_TAG_NAME -&gt; hr [6:1]&#10;|           `--END -&gt; &gt; [6:3]&#10;|--NEWLINE -&gt; \n [6:4]&#10;|--HTML_ELEMENT -&gt; HTML_ELEMENT [7:0]&#10;|   `--SINGLETON_ELEMENT -&gt; SINGLETON_ELEMENT [7:0]&#10;|       `--IMG_TAG -&gt; IMG_TAG [7:0]&#10;|           |--START -&gt; &lt; [7:0]&#10;|           |--IMG_HTML_TAG_NAME -&gt; img [7:1]&#10;|           `--END -&gt; &gt; [7:4]&#10;|--NEWLINE -&gt; \n [7:5]&#10;|--HTML_ELEMENT -&gt; HTML_ELEMENT [8:0]&#10;|   `--SINGLETON_ELEMENT -&gt; SINGLETON_ELEMENT [8:0]&#10;|       `--INPUT_TAG -&gt; INPUT_TAG [8:0]&#10;|           |--START -&gt; &lt; [8:0]&#10;|           |--INPUT_HTML_TAG_NAME -&gt; input [8:1]&#10;|           `--END -&gt; &gt; [8:6]&#10;|--NEWLINE -&gt; \n [8:7]&#10;|--HTML_ELEMENT -&gt; HTML_ELEMENT [9:0]&#10;|   `--SINGLETON_ELEMENT -&gt; SINGLETON_ELEMENT [9:0]&#10;|       `--ISINDEX_TAG -&gt; ISINDEX_TAG [9:0]&#10;|           |--START -&gt; &lt; [9:0]&#10;|           |--ISINDEX_HTML_TAG_NAME -&gt; isindex [9:1]&#10;|           `--END -&gt; &gt; [9:8]&#10;|--NEWLINE -&gt; \n [9:9]&#10;|--HTML_ELEMENT -&gt; HTML_ELEMENT [10:0]&#10;|   `--SINGLETON_ELEMENT -&gt; SINGLETON_ELEMENT [10:0]&#10;|       `--LINK_TAG -&gt; LINK_TAG [10:0]&#10;|           |--START -&gt; &lt; [10:0]&#10;|           |--LINK_HTML_TAG_NAME -&gt; link [10:1]&#10;|           `--END -&gt; &gt; [10:5]&#10;|--NEWLINE -&gt; \n [10:6]&#10;|--HTML_ELEMENT -&gt; HTML_ELEMENT [11:0]&#10;|   `--SINGLETON_ELEMENT -&gt; SINGLETON_ELEMENT [11:0]&#10;|       `--META_TAG -&gt; META_TAG [11:0]&#10;|           |--START -&gt; &lt; [11:0]&#10;|           |--META_HTML_TAG_NAME -&gt; meta [11:1]&#10;|           `--END -&gt; &gt; [11:5]&#10;|--NEWLINE -&gt; \n [11:6]&#10;|--HTML_ELEMENT -&gt; HTML_ELEMENT [12:0]&#10;|   `--SINGLETON_ELEMENT -&gt; SINGLETON_ELEMENT [12:0]&#10;|       `--PARAM_TAG -&gt; PARAM_TAG [12:0]&#10;|           |--START -&gt; &lt; [12:0]&#10;|           |--PARAM_HTML_TAG_NAME -&gt; param [12:1]&#10;|           `--END -&gt; &gt; [12:6]&#10;|--NEWLINE -&gt; \n [12:7]&#10;|--HTML_ELEMENT -&gt; HTML_ELEMENT [13:0]&#10;|   `--SINGLETON_ELEMENT -&gt; SINGLETON_ELEMENT [13:0]&#10;|       `--EMBED_TAG -&gt; EMBED_TAG [13:0]&#10;|           |--START -&gt; &lt; [13:0]&#10;|           |--EMBED_HTML_TAG_NAME -&gt; embed [13:1]&#10;|           `--END -&gt; &gt; [13:6]&#10;|--NEWLINE -&gt; \n [13:7]&#10;|--NEWLINE -&gt; \n [14:0]&#10;|--HTML_ELEMENT -&gt; HTML_ELEMENT [15:0]&#10;|   `--SINGLETON_ELEMENT -&gt; SINGLETON_ELEMENT [15:0]&#10;|       `--AREA_TAG -&gt; AREA_TAG [15:0]&#10;|           |--START -&gt; &lt; [15:0]&#10;|           |--AREA_HTML_TAG_NAME -&gt; area [15:1]&#10;|           `--SLASH_END -&gt; /&gt; [15:5]&#10;|--NEWLINE -&gt; \n [15:7]&#10;|--HTML_ELEMENT -&gt; HTML_ELEMENT [16:0]&#10;|   `--SINGLETON_ELEMENT -&gt; SINGLETON_ELEMENT [16:0]&#10;|       `--BASE_TAG -&gt; BASE_TAG [16:0]&#10;|           |--START -&gt; &lt; [16:0]&#10;|           |--BASE_HTML_TAG_NAME -&gt; base [16:1]&#10;|           `--SLASH_END -&gt; /&gt; [16:5]&#10;|--NEWLINE -&gt; \n [16:7]&#10;|--HTML_ELEMENT -&gt; HTML_ELEMENT [17:0]&#10;|   `--SINGLETON_ELEMENT -&gt; SINGLETON_ELEMENT [17:0]&#10;|       `--BASEFONT_TAG -&gt; BASEFONT_TAG [17:0]&#10;|           |--START -&gt; &lt; [17:0]&#10;|           |--BASEFONT_HTML_TAG_NAME -&gt; basefont [17:1]&#10;|           `--SLASH_END -&gt; /&gt; [17:9]&#10;|--NEWLINE -&gt; \n [17:11]&#10;|--HTML_ELEMENT -&gt; HTML_ELEMENT [18:0]&#10;|   `--SINGLETON_ELEMENT -&gt; SINGLETON_ELEMENT [18:0]&#10;|       `--BR_TAG -&gt; BR_TAG [18:0]&#10;|           |--START -&gt; &lt; [18:0]&#10;|           |--BR_HTML_TAG_NAME -&gt; br [18:1]&#10;|           `--SLASH_END -&gt; /&gt; [18:3]&#10;|--NEWLINE -&gt; \n [18:5]&#10;|--HTML_ELEMENT -&gt; HTML_ELEMENT [19:0]&#10;|   `--SINGLETON_ELEMENT -&gt; SINGLETON_ELEMENT [19:0]&#10;|       `--COL_TAG -&gt; COL_TAG [19:0]&#10;|           |--START -&gt; &lt; [19:0]&#10;|           |--COL_HTML_TAG_NAME -&gt; col [19:1]&#10;|           `--SLASH_END -&gt; /&gt; [19:4]&#10;|--NEWLINE -&gt; \n [19:6]&#10;|--HTML_ELEMENT -&gt; HTML_ELEMENT [20:0]&#10;|   `--SINGLETON_ELEMENT -&gt; SINGLETON_ELEMENT [20:0]&#10;|       `--FRAME_TAG -&gt; FRAME_TAG [20:0]&#10;|           |--START -&gt; &lt; [20:0]&#10;|           |--FRAME_HTML_TAG_NAME -&gt; frame [20:1]&#10;|           `--SLASH_END -&gt; /&gt; [20:6]&#10;|--NEWLINE -&gt; \n [20:8]&#10;|--HTML_ELEMENT -&gt; HTML_ELEMENT [21:0]&#10;|   `--SINGLETON_ELEMENT -&gt; SINGLETON_ELEMENT [21:0]&#10;|       `--HR_TAG -&gt; HR_TAG [21:0]&#10;|           |--START -&gt; &lt; [21:0]&#10;|           |--HR_HTML_TAG_NAME -&gt; hr [21:1]&#10;|           `--SLASH_END -&gt; /&gt; [21:3]&#10;|--NEWLINE -&gt; \n [21:5]&#10;|--HTML_ELEMENT -&gt; HTML_ELEMENT [22:0]&#10;|   `--SINGLETON_ELEMENT -&gt; SINGLETON_ELEMENT [22:0]&#10;|       `--IMG_TAG -&gt; IMG_TAG [22:0]&#10;|           |--START -&gt; &lt; [22:0]&#10;|           |--IMG_HTML_TAG_NAME -&gt; img [22:1]&#10;|           `--SLASH_END -&gt; /&gt; [22:4]&#10;|--NEWLINE -&gt; \n [22:6]&#10;|--HTML_ELEMENT -&gt; HTML_ELEMENT [23:0]&#10;|   `--SINGLETON_ELEMENT -&gt; SINGLETON_ELEMENT [23:0]&#10;|       `--INPUT_TAG -&gt; INPUT_TAG [23:0]&#10;|           |--START -&gt; &lt; [23:0]&#10;|           |--INPUT_HTML_TAG_NAME -&gt; input [23:1]&#10;|           `--SLASH_END -&gt; /&gt; [23:6]&#10;|--NEWLINE -&gt; \n [23:8]&#10;|--HTML_ELEMENT -&gt; HTML_ELEMENT [24:0]&#10;|   `--SINGLETON_ELEMENT -&gt; SINGLETON_ELEMENT [24:0]&#10;|       `--ISINDEX_TAG -&gt; ISINDEX_TAG [24:0]&#10;|           |--START -&gt; &lt; [24:0]&#10;|           |--ISINDEX_HTML_TAG_NAME -&gt; isindex [24:1]&#10;|           `--SLASH_END -&gt; /&gt; [24:8]&#10;|--NEWLINE -&gt; \n [24:10]&#10;|--HTML_ELEMENT -&gt; HTML_ELEMENT [25:0]&#10;|   `--SINGLETON_ELEMENT -&gt; SINGLETON_ELEMENT [25:0]&#10;|       `--LINK_TAG -&gt; LINK_TAG [25:0]&#10;|           |--START -&gt; &lt; [25:0]&#10;|           |--LINK_HTML_TAG_NAME -&gt; link [25:1]&#10;|           `--SLASH_END -&gt; /&gt; [25:5]&#10;|--NEWLINE -&gt; \n [25:7]&#10;|--HTML_ELEMENT -&gt; HTML_ELEMENT [26:0]&#10;|   `--SINGLETON_ELEMENT -&gt; SINGLETON_ELEMENT [26:0]&#10;|       `--META_TAG -&gt; META_TAG [26:0]&#10;|           |--START -&gt; &lt; [26:0]&#10;|           |--META_HTML_TAG_NAME -&gt; meta [26:1]&#10;|           `--SLASH_END -&gt; /&gt; [26:5]&#10;|--NEWLINE -&gt; \n [26:7]&#10;|--HTML_ELEMENT -&gt; HTML_ELEMENT [27:0]&#10;|   `--SINGLETON_ELEMENT -&gt; SINGLETON_ELEMENT [27:0]&#10;|       `--PARAM_TAG -&gt; PARAM_TAG [27:0]&#10;|           |--START -&gt; &lt; [27:0]&#10;|           |--PARAM_HTML_TAG_NAME -&gt; param [27:1]&#10;|           `--SLASH_END -&gt; /&gt; [27:6]&#10;|--NEWLINE -&gt; \n [27:8]&#10;|--HTML_ELEMENT -&gt; HTML_ELEMENT [28:0]&#10;|   `--SINGLETON_ELEMENT -&gt; SINGLETON_ELEMENT [28:0]&#10;|       `--EMBED_TAG -&gt; EMBED_TAG [28:0]&#10;|           |--START -&gt; &lt; [28:0]&#10;|           |--EMBED_HTML_TAG_NAME -&gt; embed [28:1]&#10;|           `--SLASH_END -&gt; /&gt; [28:6]&#10;`--EOF -&gt; &lt;EOF&gt; [28:8]&#13;]&#10;&gt;" type="org.junit.ComparisonFailure"><![CDATA[org.junit.ComparisonFailure: 
Generated tree from the javadoc file should match the pre-defined tree expected:<...DOC -> JAVADOC [0:0][
|--HTML_ELEMENT -> HTML_ELEMENT [0:0]
|   `--SINGLETON_ELEMENT -> SINGLETON_ELEMENT [0:0]
|       `--AREA_TAG -> AREA_TAG [0:0]
|           |--START -> < [0:0]
|           |--AREA_HTML_TAG_NAME -> area [0:1]
|           `--END -> > [0:5]
|--NEWLINE -> \n [0:6]
|--HTML_ELEMENT -> HTML_ELEMENT [1:0]
|   `--SINGLETON_ELEMENT -> SINGLETON_ELEMENT [1:0]
|       `--BASE_TAG -> BASE_TAG [1:0]
|           |--START -> < [1:0]
|           |--BASE_HTML_TAG_NAME -> base [1:1]
|           `--END -> > [1:5]
|--NEWLINE -> \n [1:6]
|--HTML_ELEMENT -> HTML_ELEMENT [2:0]
|   `--SINGLETON_ELEMENT -> SINGLETON_ELEMENT [2:0]
|       `--BASEFONT_TAG -> BASEFONT_TAG [2:0]
|           |--START -> < [2:0]
|           |--BASEFONT_HTML_TAG_NAME -> basefont [2:1]
|           `--END -> > [2:9]
|--NEWLINE -> \n [2:10]
|--HTML_ELEMENT -> HTML_ELEMENT [3:0]
|   `--SINGLETON_ELEMENT -> SINGLETON_ELEMENT [3:0]
|       `--BR_TAG -> BR_TAG [3:0]
|           |--START -> < [3:0]
|           |--BR_HTML_TAG_NAME -> br [3:1]
|           `--END -> > [3:3]
|--NEWLINE -> \n [3:4]
|--HTML_ELEMENT -> HTML_ELEMENT [4:0]
|   `--SINGLETON_ELEMENT -> SINGLETON_ELEMENT [4:0]
|       `--COL_TAG -> COL_TAG [4:0]
|           |--START -> < [4:0]
|           |--COL_HTML_TAG_NAME -> col [4:1]
|           `--END -> > [4:4]
|--NEWLINE -> \n [4:5]
|--HTML_ELEMENT -> HTML_ELEMENT [5:0]
|   `--SINGLETON_ELEMENT -> SINGLETON_ELEMENT [5:0]
|       `--FRAME_TAG -> FRAME_TAG [5:0]
|           |--START -> < [5:0]
|           |--FRAME_HTML_TAG_NAME -> frame [5:1]
|           `--END -> > [5:6]
|--NEWLINE -> \n [5:7]
|--HTML_ELEMENT -> HTML_ELEMENT [6:0]
|   `--SINGLETON_ELEMENT -> SINGLETON_ELEMENT [6:0]
|       `--HR_TAG -> HR_TAG [6:0]
|           |--START -> < [6:0]
|           |--HR_HTML_TAG_NAME -> hr [6:1]
|           `--END -> > [6:3]
|--NEWLINE -> \n [6:4]
|--HTML_ELEMENT -> HTML_ELEMENT [7:0]
|   `--SINGLETON_ELEMENT -> SINGLETON_ELEMENT [7:0]
|       `--IMG_TAG -> IMG_TAG [7:0]
|           |--START -> < [7:0]
|           |--IMG_HTML_TAG_NAME -> img [7:1]
|           `--END -> > [7:4]
|--NEWLINE -> \n [7:5]
|--HTML_ELEMENT -> HTML_ELEMENT [8:0]
|   `--SINGLETON_ELEMENT -> SINGLETON_ELEMENT [8:0]
|       `--INPUT_TAG -> INPUT_TAG [8:0]
|           |--START -> < [8:0]
|           |--INPUT_HTML_TAG_NAME -> input [8:1]
|           `--END -> > [8:6]
|--NEWLINE -> \n [8:7]
|--HTML_ELEMENT -> HTML_ELEMENT [9:0]
|   `--SINGLETON_ELEMENT -> SINGLETON_ELEMENT [9:0]
|       `--ISINDEX_TAG -> ISINDEX_TAG [9:0]
|           |--START -> < [9:0]
|           |--ISINDEX_HTML_TAG_NAME -> isindex [9:1]
|           `--END -> > [9:8]
|--NEWLINE -> \n [9:9]
|--HTML_ELEMENT -> HTML_ELEMENT [10:0]
|   `--SINGLETON_ELEMENT -> SINGLETON_ELEMENT [10:0]
|       `--LINK_TAG -> LINK_TAG [10:0]
|           |--START -> < [10:0]
|           |--LINK_HTML_TAG_NAME -> link [10:1]
|           `--END -> > [10:5]
|--NEWLINE -> \n [10:6]
|--HTML_ELEMENT -> HTML_ELEMENT [11:0]
|   `--SINGLETON_ELEMENT -> SINGLETON_ELEMENT [11:0]
|       `--META_TAG -> META_TAG [11:0]
|           |--START -> < [11:0]
|           |--META_HTML_TAG_NAME -> meta [11:1]
|           `--END -> > [11:5]
|--NEWLINE -> \n [11:6]
|--HTML_ELEMENT -> HTML_ELEMENT [12:0]
|   `--SINGLETON_ELEMENT -> SINGLETON_ELEMENT [12:0]
|       `--PARAM_TAG -> PARAM_TAG [12:0]
|           |--START -> < [12:0]
|           |--PARAM_HTML_TAG_NAME -> param [12:1]
|           `--END -> > [12:6]
|--NEWLINE -> \n [12:7]
|--HTML_ELEMENT -> HTML_ELEMENT [13:0]
|   `--SINGLETON_ELEMENT -> SINGLETON_ELEMENT [13:0]
|       `--EMBED_TAG -> EMBED_TAG [13:0]
|           |--START -> < [13:0]
|           |--EMBED_HTML_TAG_NAME -> embed [13:1]
|           `--END -> > [13:6]
|--NEWLINE -> \n [13:7]
|--NEWLINE -> \n [14:0]
|--HTML_ELEMENT -> HTML_ELEMENT [15:0]
|   `--SINGLETON_ELEMENT -> SINGLETON_ELEMENT [15:0]
|       `--AREA_TAG -> AREA_TAG [15:0]
|           |--START -> < [15:0]
|           |--AREA_HTML_TAG_NAME -> area [15:1]
|           `--SLASH_END -> /> [15:5]
|--NEWLINE -> \n [15:7]
|--HTML_ELEMENT -> HTML_ELEMENT [16:0]
|   `--SINGLETON_ELEMENT -> SINGLETON_ELEMENT [16:0]
|       `--BASE_TAG -> BASE_TAG [16:0]
|           |--START -> < [16:0]
|           |--BASE_HTML_TAG_NAME -> base [16:1]
|           `--SLASH_END -> /> [16:5]
|--NEWLINE -> \n [16:7]
|--HTML_ELEMENT -> HTML_ELEMENT [17:0]
|   `--SINGLETON_ELEMENT -> SINGLETON_ELEMENT [17:0]
|       `--BASEFONT_TAG -> BASEFONT_TAG [17:0]
|           |--START -> < [17:0]
|           |--BASEFONT_HTML_TAG_NAME -> basefont [17:1]
|           `--SLASH_END -> /> [17:9]
|--NEWLINE -> \n [17:11]
|--HTML_ELEMENT -> HTML_ELEMENT [18:0]
|   `--SINGLETON_ELEMENT -> SINGLETON_ELEMENT [18:0]
|       `--BR_TAG -> BR_TAG [18:0]
|           |--START -> < [18:0]
|           |--BR_HTML_TAG_NAME -> br [18:1]
|           `--SLASH_END -> /> [18:3]
|--NEWLINE -> \n [18:5]
|--HTML_ELEMENT -> HTML_ELEMENT [19:0]
|   `--SINGLETON_ELEMENT -> SINGLETON_ELEMENT [19:0]
|       `--COL_TAG -> COL_TAG [19:0]
|           |--START -> < [19:0]
|           |--COL_HTML_TAG_NAME -> col [19:1]
|           `--SLASH_END -> /> [19:4]
|--NEWLINE -> \n [19:6]
|--HTML_ELEMENT -> HTML_ELEMENT [20:0]
|   `--SINGLETON_ELEMENT -> SINGLETON_ELEMENT [20:0]
|       `--FRAME_TAG -> FRAME_TAG [20:0]
|           |--START -> < [20:0]
|           |--FRAME_HTML_TAG_NAME -> frame [20:1]
|           `--SLASH_END -> /> [20:6]
|--NEWLINE -> \n [20:8]
|--HTML_ELEMENT -> HTML_ELEMENT [21:0]
|   `--SINGLETON_ELEMENT -> SINGLETON_ELEMENT [21:0]
|       `--HR_TAG -> HR_TAG [21:0]
|           |--START -> < [21:0]
|           |--HR_HTML_TAG_NAME -> hr [21:1]
|           `--SLASH_END -> /> [21:3]
|--NEWLINE -> \n [21:5]
|--HTML_ELEMENT -> HTML_ELEMENT [22:0]
|   `--SINGLETON_ELEMENT -> SINGLETON_ELEMENT [22:0]
|       `--IMG_TAG -> IMG_TAG [22:0]
|           |--START -> < [22:0]
|           |--IMG_HTML_TAG_NAME -> img [22:1]
|           `--SLASH_END -> /> [22:4]
|--NEWLINE -> \n [22:6]
|--HTML_ELEMENT -> HTML_ELEMENT [23:0]
|   `--SINGLETON_ELEMENT -> SINGLETON_ELEMENT [23:0]
|       `--INPUT_TAG -> INPUT_TAG [23:0]
|           |--START -> < [23:0]
|           |--INPUT_HTML_TAG_NAME -> input [23:1]
|           `--SLASH_END -> /> [23:6]
|--NEWLINE -> \n [23:8]
|--HTML_ELEMENT -> HTML_ELEMENT [24:0]
|   `--SINGLETON_ELEMENT -> SINGLETON_ELEMENT [24:0]
|       `--ISINDEX_TAG -> ISINDEX_TAG [24:0]
|           |--START -> < [24:0]
|           |--ISINDEX_HTML_TAG_NAME -> isindex [24:1]
|           `--SLASH_END -> /> [24:8]
|--NEWLINE -> \n [24:10]
|--HTML_ELEMENT -> HTML_ELEMENT [25:0]
|   `--SINGLETON_ELEMENT -> SINGLETON_ELEMENT [25:0]
|       `--LINK_TAG -> LINK_TAG [25:0]
|           |--START -> < [25:0]
|           |--LINK_HTML_TAG_NAME -> link [25:1]
|           `--SLASH_END -> /> [25:5]
|--NEWLINE -> \n [25:7]
|--HTML_ELEMENT -> HTML_ELEMENT [26:0]
|   `--SINGLETON_ELEMENT -> SINGLETON_ELEMENT [26:0]
|       `--META_TAG -> META_TAG [26:0]
|           |--START -> < [26:0]
|           |--META_HTML_TAG_NAME -> meta [26:1]
|           `--SLASH_END -> /> [26:5]
|--NEWLINE -> \n [26:7]
|--HTML_ELEMENT -> HTML_ELEMENT [27:0]
|   `--SINGLETON_ELEMENT -> SINGLETON_ELEMENT [27:0]
|       `--PARAM_TAG -> PARAM_TAG [27:0]
|           |--START -> < [27:0]
|           |--PARAM_HTML_TAG_NAME -> param [27:1]
|           `--SLASH_END -> /> [27:6]
|--NEWLINE -> \n [27:8]
|--HTML_ELEMENT -> HTML_ELEMENT [28:0]
|   `--SINGLETON_ELEMENT -> SINGLETON_ELEMENT [28:0]
|       `--EMBED_TAG -> EMBED_TAG [28:0]
|           |--START -> < [28:0]
|           |--EMBED_HTML_TAG_NAME -> embed [28:1]
|           `--SLASH_END -> /> [28:6]
`--EOF -> <EOF> [28:8]]
> but was:<...DOC -> JAVADOC [0:0][
|--HTML_ELEMENT -> HTML_ELEMENT [0:0]
|   `--SINGLETON_ELEMENT -> SINGLETON_ELEMENT [0:0]
|       `--AREA_TAG -> AREA_TAG [0:0]
|           |--START -> < [0:0]
|           |--AREA_HTML_TAG_NAME -> area [0:1]
|           `--END -> > [0:5]
|--NEWLINE -> \n [0:6]
|--HTML_ELEMENT -> HTML_ELEMENT [1:0]
|   `--SINGLETON_ELEMENT -> SINGLETON_ELEMENT [1:0]
|       `--BASE_TAG -> BASE_TAG [1:0]
|           |--START -> < [1:0]
|           |--BASE_HTML_TAG_NAME -> base [1:1]
|           `--END -> > [1:5]
|--NEWLINE -> \n [1:6]
|--HTML_ELEMENT -> HTML_ELEMENT [2:0]
|   `--SINGLETON_ELEMENT -> SINGLETON_ELEMENT [2:0]
|       `--BASEFONT_TAG -> BASEFONT_TAG [2:0]
|           |--START -> < [2:0]
|           |--BASEFONT_HTML_TAG_NAME -> basefont [2:1]
|           `--END -> > [2:9]
|--NEWLINE -> \n [2:10]
|--HTML_ELEMENT -> HTML_ELEMENT [3:0]
|   `--SINGLETON_ELEMENT -> SINGLETON_ELEMENT [3:0]
|       `--BR_TAG -> BR_TAG [3:0]
|           |--START -> < [3:0]
|           |--BR_HTML_TAG_NAME -> br [3:1]
|           `--END -> > [3:3]
|--NEWLINE -> \n [3:4]
|--HTML_ELEMENT -> HTML_ELEMENT [4:0]
|   `--SINGLETON_ELEMENT -> SINGLETON_ELEMENT [4:0]
|       `--COL_TAG -> COL_TAG [4:0]
|           |--START -> < [4:0]
|           |--COL_HTML_TAG_NAME -> col [4:1]
|           `--END -> > [4:4]
|--NEWLINE -> \n [4:5]
|--HTML_ELEMENT -> HTML_ELEMENT [5:0]
|   `--SINGLETON_ELEMENT -> SINGLETON_ELEMENT [5:0]
|       `--FRAME_TAG -> FRAME_TAG [5:0]
|           |--START -> < [5:0]
|           |--FRAME_HTML_TAG_NAME -> frame [5:1]
|           `--END -> > [5:6]
|--NEWLINE -> \n [5:7]
|--HTML_ELEMENT -> HTML_ELEMENT [6:0]
|   `--SINGLETON_ELEMENT -> SINGLETON_ELEMENT [6:0]
|       `--HR_TAG -> HR_TAG [6:0]
|           |--START -> < [6:0]
|           |--HR_HTML_TAG_NAME -> hr [6:1]
|           `--END -> > [6:3]
|--NEWLINE -> \n [6:4]
|--HTML_ELEMENT -> HTML_ELEMENT [7:0]
|   `--SINGLETON_ELEMENT -> SINGLETON_ELEMENT [7:0]
|       `--IMG_TAG -> IMG_TAG [7:0]
|           |--START -> < [7:0]
|           |--IMG_HTML_TAG_NAME -> img [7:1]
|           `--END -> > [7:4]
|--NEWLINE -> \n [7:5]
|--HTML_ELEMENT -> HTML_ELEMENT [8:0]
|   `--SINGLETON_ELEMENT -> SINGLETON_ELEMENT [8:0]
|       `--INPUT_TAG -> INPUT_TAG [8:0]
|           |--START -> < [8:0]
|           |--INPUT_HTML_TAG_NAME -> input [8:1]
|           `--END -> > [8:6]
|--NEWLINE -> \n [8:7]
|--HTML_ELEMENT -> HTML_ELEMENT [9:0]
|   `--SINGLETON_ELEMENT -> SINGLETON_ELEMENT [9:0]
|       `--ISINDEX_TAG -> ISINDEX_TAG [9:0]
|           |--START -> < [9:0]
|           |--ISINDEX_HTML_TAG_NAME -> isindex [9:1]
|           `--END -> > [9:8]
|--NEWLINE -> \n [9:9]
|--HTML_ELEMENT -> HTML_ELEMENT [10:0]
|   `--SINGLETON_ELEMENT -> SINGLETON_ELEMENT [10:0]
|       `--LINK_TAG -> LINK_TAG [10:0]
|           |--START -> < [10:0]
|           |--LINK_HTML_TAG_NAME -> link [10:1]
|           `--END -> > [10:5]
|--NEWLINE -> \n [10:6]
|--HTML_ELEMENT -> HTML_ELEMENT [11:0]
|   `--SINGLETON_ELEMENT -> SINGLETON_ELEMENT [11:0]
|       `--META_TAG -> META_TAG [11:0]
|           |--START -> < [11:0]
|           |--META_HTML_TAG_NAME -> meta [11:1]
|           `--END -> > [11:5]
|--NEWLINE -> \n [11:6]
|--HTML_ELEMENT -> HTML_ELEMENT [12:0]
|   `--SINGLETON_ELEMENT -> SINGLETON_ELEMENT [12:0]
|       `--PARAM_TAG -> PARAM_TAG [12:0]
|           |--START -> < [12:0]
|           |--PARAM_HTML_TAG_NAME -> param [12:1]
|           `--END -> > [12:6]
|--NEWLINE -> \n [12:7]
|--HTML_ELEMENT -> HTML_ELEMENT [13:0]
|   `--SINGLETON_ELEMENT -> SINGLETON_ELEMENT [13:0]
|       `--EMBED_TAG -> EMBED_TAG [13:0]
|           |--START -> < [13:0]
|           |--EMBED_HTML_TAG_NAME -> embed [13:1]
|           `--END -> > [13:6]
|--NEWLINE -> \n [13:7]
|--NEWLINE -> \n [14:0]
|--HTML_ELEMENT -> HTML_ELEMENT [15:0]
|   `--SINGLETON_ELEMENT -> SINGLETON_ELEMENT [15:0]
|       `--AREA_TAG -> AREA_TAG [15:0]
|           |--START -> < [15:0]
|           |--AREA_HTML_TAG_NAME -> area [15:1]
|           `--SLASH_END -> /> [15:5]
|--NEWLINE -> \n [15:7]
|--HTML_ELEMENT -> HTML_ELEMENT [16:0]
|   `--SINGLETON_ELEMENT -> SINGLETON_ELEMENT [16:0]
|       `--BASE_TAG -> BASE_TAG [16:0]
|           |--START -> < [16:0]
|           |--BASE_HTML_TAG_NAME -> base [16:1]
|           `--SLASH_END -> /> [16:5]
|--NEWLINE -> \n [16:7]
|--HTML_ELEMENT -> HTML_ELEMENT [17:0]
|   `--SINGLETON_ELEMENT -> SINGLETON_ELEMENT [17:0]
|       `--BASEFONT_TAG -> BASEFONT_TAG [17:0]
|           |--START -> < [17:0]
|           |--BASEFONT_HTML_TAG_NAME -> basefont [17:1]
|           `--SLASH_END -> /> [17:9]
|--NEWLINE -> \n [17:11]
|--HTML_ELEMENT -> HTML_ELEMENT [18:0]
|   `--SINGLETON_ELEMENT -> SINGLETON_ELEMENT [18:0]
|       `--BR_TAG -> BR_TAG [18:0]
|           |--START -> < [18:0]
|           |--BR_HTML_TAG_NAME -> br [18:1]
|           `--SLASH_END -> /> [18:3]
|--NEWLINE -> \n [18:5]
|--HTML_ELEMENT -> HTML_ELEMENT [19:0]
|   `--SINGLETON_ELEMENT -> SINGLETON_ELEMENT [19:0]
|       `--COL_TAG -> COL_TAG [19:0]
|           |--START -> < [19:0]
|           |--COL_HTML_TAG_NAME -> col [19:1]
|           `--SLASH_END -> /> [19:4]
|--NEWLINE -> \n [19:6]
|--HTML_ELEMENT -> HTML_ELEMENT [20:0]
|   `--SINGLETON_ELEMENT -> SINGLETON_ELEMENT [20:0]
|       `--FRAME_TAG -> FRAME_TAG [20:0]
|           |--START -> < [20:0]
|           |--FRAME_HTML_TAG_NAME -> frame [20:1]
|           `--SLASH_END -> /> [20:6]
|--NEWLINE -> \n [20:8]
|--HTML_ELEMENT -> HTML_ELEMENT [21:0]
|   `--SINGLETON_ELEMENT -> SINGLETON_ELEMENT [21:0]
|       `--HR_TAG -> HR_TAG [21:0]
|           |--START -> < [21:0]
|           |--HR_HTML_TAG_NAME -> hr [21:1]
|           `--SLASH_END -> /> [21:3]
|--NEWLINE -> \n [21:5]
|--HTML_ELEMENT -> HTML_ELEMENT [22:0]
|   `--SINGLETON_ELEMENT -> SINGLETON_ELEMENT [22:0]
|       `--IMG_TAG -> IMG_TAG [22:0]
|           |--START -> < [22:0]
|           |--IMG_HTML_TAG_NAME -> img [22:1]
|           `--SLASH_END -> /> [22:4]
|--NEWLINE -> \n [22:6]
|--HTML_ELEMENT -> HTML_ELEMENT [23:0]
|   `--SINGLETON_ELEMENT -> SINGLETON_ELEMENT [23:0]
|       `--INPUT_TAG -> INPUT_TAG [23:0]
|           |--START -> < [23:0]
|           |--INPUT_HTML_TAG_NAME -> input [23:1]
|           `--SLASH_END -> /> [23:6]
|--NEWLINE -> \n [23:8]
|--HTML_ELEMENT -> HTML_ELEMENT [24:0]
|   `--SINGLETON_ELEMENT -> SINGLETON_ELEMENT [24:0]
|       `--ISINDEX_TAG -> ISINDEX_TAG [24:0]
|           |--START -> < [24:0]
|           |--ISINDEX_HTML_TAG_NAME -> isindex [24:1]
|           `--SLASH_END -> /> [24:8]
|--NEWLINE -> \n [24:10]
|--HTML_ELEMENT -> HTML_ELEMENT [25:0]
|   `--SINGLETON_ELEMENT -> SINGLETON_ELEMENT [25:0]
|       `--LINK_TAG -> LINK_TAG [25:0]
|           |--START -> < [25:0]
|           |--LINK_HTML_TAG_NAME -> link [25:1]
|           `--SLASH_END -> /> [25:5]
|--NEWLINE -> \n [25:7]
|--HTML_ELEMENT -> HTML_ELEMENT [26:0]
|   `--SINGLETON_ELEMENT -> SINGLETON_ELEMENT [26:0]
|       `--META_TAG -> META_TAG [26:0]
|           |--START -> < [26:0]
|           |--META_HTML_TAG_NAME -> meta [26:1]
|           `--SLASH_END -> /> [26:5]
|--NEWLINE -> \n [26:7]
|--HTML_ELEMENT -> HTML_ELEMENT [27:0]
|   `--SINGLETON_ELEMENT -> SINGLETON_ELEMENT [27:0]
|       `--PARAM_TAG -> PARAM_TAG [27:0]
|           |--START -> < [27:0]
|           |--PARAM_HTML_TAG_NAME -> param [27:1]
|           `--SLASH_END -> /> [27:6]
|--NEWLINE -> \n [27:8]
|--HTML_ELEMENT -> HTML_ELEMENT [28:0]
|   `--SINGLETON_ELEMENT -> SINGLETON_ELEMENT [28:0]
|       `--EMBED_TAG -> EMBED_TAG [28:0]
|           |--START -> < [28:0]
|           |--EMBED_HTML_TAG_NAME -> embed [28:1]
|           `--SLASH_END -> /> [28:6]
`--EOF -> <EOF> [28:8]]
>
	at com.puppycrawl.tools.checkstyle.grammar.javadoc.JavadocParseTreeTest.testVoidElements(JavadocParseTreeTest.java:266)
]]></failure>
  </testcase>
  <testcase name="oneSimpleHtmlTag" classname="com.puppycrawl.tools.checkstyle.grammar.javadoc.JavadocParseTreeTest" time="0">
    <failure message="Generated tree from the javadoc file should match the pre-defined tree expected:&lt;...DOC -&gt; JAVADOC [0:0][&#10;|--HTML_ELEMENT -&gt; HTML_ELEMENT [0:0]&#10;|   `--HTML_TAG -&gt; HTML_TAG [0:0]&#10;|       |--HTML_ELEMENT_START -&gt; HTML_ELEMENT_START [0:0]&#10;|       |   |--START -&gt; &lt; [0:0]&#10;|       |   |--HTML_TAG_NAME -&gt; g [0:1]&#10;|       |   `--END -&gt; &gt; [0:2]&#10;|       |--TEXT -&gt; blabla [0:3]&#10;|       `--HTML_ELEMENT_END -&gt; HTML_ELEMENT_END [0:9]&#10;|           |--START -&gt; &lt; [0:9]&#10;|           |--SLASH -&gt; / [0:10]&#10;|           |--HTML_TAG_NAME -&gt; g [0:11]&#10;|           `--END -&gt; &gt; [0:12]&#10;`--EOF -&gt; &lt;EOF&gt; [0:13]]&#10;&gt; but was:&lt;...DOC -&gt; JAVADOC [0:0][&#10;|--HTML_ELEMENT -&gt; HTML_ELEMENT [0:0]&#10;|   `--HTML_TAG -&gt; HTML_TAG [0:0]&#10;|       |--HTML_ELEMENT_START -&gt; HTML_ELEMENT_START [0:0]&#10;|       |   |--START -&gt; &lt; [0:0]&#10;|       |   |--HTML_TAG_NAME -&gt; g [0:1]&#10;|       |   `--END -&gt; &gt; [0:2]&#10;|       |--TEXT -&gt; blabla [0:3]&#10;|       `--HTML_ELEMENT_END -&gt; HTML_ELEMENT_END [0:9]&#10;|           |--START -&gt; &lt; [0:9]&#10;|           |--SLASH -&gt; / [0:10]&#10;|           |--HTML_TAG_NAME -&gt; g [0:11]&#10;|           `--END -&gt; &gt; [0:12]&#10;`--EOF -&gt; &lt;EOF&gt; [0:13]&#13;]&#10;&gt;" type="org.junit.ComparisonFailure"><![CDATA[org.junit.ComparisonFailure: 
Generated tree from the javadoc file should match the pre-defined tree expected:<...DOC -> JAVADOC [0:0][
|--HTML_ELEMENT -> HTML_ELEMENT [0:0]
|   `--HTML_TAG -> HTML_TAG [0:0]
|       |--HTML_ELEMENT_START -> HTML_ELEMENT_START [0:0]
|       |   |--START -> < [0:0]
|       |   |--HTML_TAG_NAME -> g [0:1]
|       |   `--END -> > [0:2]
|       |--TEXT -> blabla [0:3]
|       `--HTML_ELEMENT_END -> HTML_ELEMENT_END [0:9]
|           |--START -> < [0:9]
|           |--SLASH -> / [0:10]
|           |--HTML_TAG_NAME -> g [0:11]
|           `--END -> > [0:12]
`--EOF -> <EOF> [0:13]]
> but was:<...DOC -> JAVADOC [0:0][
|--HTML_ELEMENT -> HTML_ELEMENT [0:0]
|   `--HTML_TAG -> HTML_TAG [0:0]
|       |--HTML_ELEMENT_START -> HTML_ELEMENT_START [0:0]
|       |   |--START -> < [0:0]
|       |   |--HTML_TAG_NAME -> g [0:1]
|       |   `--END -> > [0:2]
|       |--TEXT -> blabla [0:3]
|       `--HTML_ELEMENT_END -> HTML_ELEMENT_END [0:9]
|           |--START -> < [0:9]
|           |--SLASH -> / [0:10]
|           |--HTML_TAG_NAME -> g [0:11]
|           `--END -> > [0:12]
`--EOF -> <EOF> [0:13]]
>
	at com.puppycrawl.tools.checkstyle.grammar.javadoc.JavadocParseTreeTest.oneSimpleHtmlTag(JavadocParseTreeTest.java:50)
]]></failure>
  </testcase>
</testsuite>