<?xml version="1.0" encoding="UTF-8"?>
<testsuite xmlns:xsi="http://www.w3.org/2001/XMLSchema-instance" xsi:noNamespaceSchemaLocation="https://maven.apache.org/surefire/maven-surefire-plugin/xsd/surefire-test-report.xsd" name="com.puppycrawl.tools.checkstyle.grammar.AstRegressionTest" time="0.188" tests="18" errors="0" skipped="0" failures="12">
  <properties>
    <property name="sun.desktop" value="windows"/>
    <property name="awt.toolkit" value="sun.awt.windows.WToolkit"/>
    <property name="java.specification.version" value="11"/>
    <property name="sun.cpu.isalist" value="amd64"/>
    <property name="sun.jnu.encoding" value="Cp1252"/>
    <property name="java.class.path" value="C:\Users\Farzad Omarzadeh\Desktop\Project-SM\checkstyle-checkstyle-8.21\target\test-classes;C:\Users\Farzad Omarzadeh\Desktop\Project-SM\checkstyle-checkstyle-8.21\target\classes;C:\Users\Farzad Omarzadeh\.m2\repository\info\picocli\picocli\3.9.6\picocli-3.9.6.jar;C:\Users\Farzad Omarzadeh\.m2\repository\antlr\antlr\2.7.7\antlr-2.7.7.jar;C:\Users\Farzad Omarzadeh\.m2\repository\org\antlr\antlr4-runtime\4.7.2\antlr4-runtime-4.7.2.jar;C:\Users\Farzad Omarzadeh\.m2\repository\commons-beanutils\commons-beanutils\1.9.3\commons-beanutils-1.9.3.jar;C:\Users\Farzad Omarzadeh\.m2\repository\commons-logging\commons-logging\1.2\commons-logging-1.2.jar;C:\Users\Farzad Omarzadeh\.m2\repository\commons-collections\commons-collections\3.2.2\commons-collections-3.2.2.jar;C:\Users\Farzad Omarzadeh\.m2\repository\com\google\guava\guava\27.1-jre\guava-27.1-jre.jar;C:\Users\Farzad Omarzadeh\.m2\repository\com\google\guava\failureaccess\1.0.1\failureaccess-1.0.1.jar;C:\Users\Farzad Omarzadeh\.m2\repository\com\google\guava\listenablefuture\9999.0-empty-to-avoid-conflict-with-guava\listenablefuture-9999.0-empty-to-avoid-conflict-with-guava.jar;C:\Users\Farzad Omarzadeh\.m2\repository\com\google\code\findbugs\jsr305\3.0.2\jsr305-3.0.2.jar;C:\Users\Farzad Omarzadeh\.m2\repository\org\checkerframework\checker-qual\2.5.2\checker-qual-2.5.2.jar;C:\Users\Farzad Omarzadeh\.m2\repository\com\google\errorprone\error_prone_annotations\2.2.0\error_prone_annotations-2.2.0.jar;C:\Users\Farzad Omarzadeh\.m2\repository\com\google\j2objc\j2objc-annotations\1.1\j2objc-annotations-1.1.jar;C:\Users\Farzad Omarzadeh\.m2\repository\org\codehaus\mojo\animal-sniffer-annotations\1.17\animal-sniffer-annotations-1.17.jar;C:\Users\Farzad Omarzadeh\.m2\repository\org\apache\ant\ant\1.10.6\ant-1.10.6.jar;C:\Users\Farzad Omarzadeh\.m2\repository\org\apache\ant\ant-launcher\1.10.6\ant-launcher-1.10.6.jar;C:\Users\Farzad Omarzadeh\.m2\repository\junit\junit\4.12\junit-4.12.jar;C:\Users\Farzad Omarzadeh\.m2\repository\org\hamcrest\hamcrest-core\1.3\hamcrest-core-1.3.jar;C:\Users\Farzad Omarzadeh\.m2\repository\com\github\stefanbirkner\system-rules\1.19.0\system-rules-1.19.0.jar;C:\Users\Farzad Omarzadeh\.m2\repository\nl\jqno\equalsverifier\equalsverifier\3.1.8\equalsverifier-3.1.8.jar;C:\Users\Farzad Omarzadeh\.m2\repository\org\powermock\powermock-api-mockito2\2.0.2\powermock-api-mockito2-2.0.2.jar;C:\Users\Farzad Omarzadeh\.m2\repository\org\powermock\powermock-api-support\2.0.2\powermock-api-support-2.0.2.jar;C:\Users\Farzad Omarzadeh\.m2\repository\org\powermock\powermock-reflect\2.0.2\powermock-reflect-2.0.2.jar;C:\Users\Farzad Omarzadeh\.m2\repository\net\bytebuddy\byte-buddy\1.9.3\byte-buddy-1.9.3.jar;C:\Users\Farzad Omarzadeh\.m2\repository\net\bytebuddy\byte-buddy-agent\1.9.3\byte-buddy-agent-1.9.3.jar;C:\Users\Farzad Omarzadeh\.m2\repository\org\powermock\powermock-core\2.0.2\powermock-core-2.0.2.jar;C:\Users\Farzad Omarzadeh\.m2\repository\org\javassist\javassist\3.24.0-GA\javassist-3.24.0-GA.jar;C:\Users\Farzad Omarzadeh\.m2\repository\org\mockito\mockito-core\2.23.0\mockito-core-2.23.0.jar;C:\Users\Farzad Omarzadeh\.m2\repository\org\objenesis\objenesis\2.6\objenesis-2.6.jar;C:\Users\Farzad Omarzadeh\.m2\repository\org\powermock\powermock-module-junit4\2.0.2\powermock-module-junit4-2.0.2.jar;C:\Users\Farzad Omarzadeh\.m2\repository\org\powermock\powermock-module-junit4-common\2.0.2\powermock-module-junit4-common-2.0.2.jar;C:\Users\Farzad Omarzadeh\.m2\repository\commons-io\commons-io\2.6\commons-io-2.6.jar;C:\Users\Farzad Omarzadeh\.m2\repository\org\eclipse\jgit\org.eclipse.jgit\5.3.1.201904271842-r\org.eclipse.jgit-5.3.1.201904271842-r.jar;C:\Users\Farzad Omarzadeh\.m2\repository\com\jcraft\jsch\0.1.54\jsch-0.1.54.jar;C:\Users\Farzad Omarzadeh\.m2\repository\com\jcraft\jzlib\1.1.1\jzlib-1.1.1.jar;C:\Users\Farzad Omarzadeh\.m2\repository\com\googlecode\javaewah\JavaEWAH\1.1.6\JavaEWAH-1.1.6.jar;C:\Users\Farzad Omarzadeh\.m2\repository\org\slf4j\slf4j-api\1.7.2\slf4j-api-1.7.2.jar;C:\Users\Farzad Omarzadeh\.m2\repository\org\bouncycastle\bcpg-jdk15on\1.60\bcpg-jdk15on-1.60.jar;C:\Users\Farzad Omarzadeh\.m2\repository\org\bouncycastle\bcprov-jdk15on\1.60\bcprov-jdk15on-1.60.jar;C:\Users\Farzad Omarzadeh\.m2\repository\org\bouncycastle\bcpkix-jdk15on\1.60\bcpkix-jdk15on-1.60.jar;C:\Users\Farzad Omarzadeh\.m2\repository\org\slf4j\slf4j-simple\1.7.26\slf4j-simple-1.7.26.jar;C:\Users\Farzad Omarzadeh\.m2\repository\org\jacoco\org.jacoco.agent\0.8.3\org.jacoco.agent-0.8.3-runtime.jar;C:\Users\Farzad Omarzadeh\.m2\repository\net\sf\saxon\Saxon-HE\9.9.1-2\Saxon-HE-9.9.1-2.jar;src/test/resources-noncompilable;"/>
    <property name="java.vm.vendor" value="Oracle Corporation"/>
    <property name="sun.arch.data.model" value="64"/>
    <property name="user.variant" value=""/>
    <property name="java.vendor.url" value="http://java.oracle.com/"/>
    <property name="user.timezone" value="America/New_York"/>
    <property name="java.vm.specification.version" value="11"/>
    <property name="os.name" value="Windows 10"/>
    <property name="sun.java.launcher" value="SUN_STANDARD"/>
    <property name="user.country" value="US"/>
    <property name="sun.boot.library.path" value="C:\Program Files\Java\jdk-11\bin"/>
    <property name="sun.java.command" value="C:\Users\FARZAD~1\AppData\Local\Temp\surefire9051892076776103498\surefirebooter12149655432264947610.jar C:\Users\Farzad Omarzadeh\AppData\Local\Temp\surefire9051892076776103498 2019-06-01T17-27-44_190-jvmRun1 surefire11323186388476848417tmp surefire_07657420768074746620tmp"/>
    <property name="jdk.debug" value="release"/>
    <property name="surefire.test.class.path" value="C:\Users\Farzad Omarzadeh\Desktop\Project-SM\checkstyle-checkstyle-8.21\target\test-classes;C:\Users\Farzad Omarzadeh\Desktop\Project-SM\checkstyle-checkstyle-8.21\target\classes;C:\Users\Farzad Omarzadeh\.m2\repository\info\picocli\picocli\3.9.6\picocli-3.9.6.jar;C:\Users\Farzad Omarzadeh\.m2\repository\antlr\antlr\2.7.7\antlr-2.7.7.jar;C:\Users\Farzad Omarzadeh\.m2\repository\org\antlr\antlr4-runtime\4.7.2\antlr4-runtime-4.7.2.jar;C:\Users\Farzad Omarzadeh\.m2\repository\commons-beanutils\commons-beanutils\1.9.3\commons-beanutils-1.9.3.jar;C:\Users\Farzad Omarzadeh\.m2\repository\commons-logging\commons-logging\1.2\commons-logging-1.2.jar;C:\Users\Farzad Omarzadeh\.m2\repository\commons-collections\commons-collections\3.2.2\commons-collections-3.2.2.jar;C:\Users\Farzad Omarzadeh\.m2\repository\com\google\guava\guava\27.1-jre\guava-27.1-jre.jar;C:\Users\Farzad Omarzadeh\.m2\repository\com\google\guava\failureaccess\1.0.1\failureaccess-1.0.1.jar;C:\Users\Farzad Omarzadeh\.m2\repository\com\google\guava\listenablefuture\9999.0-empty-to-avoid-conflict-with-guava\listenablefuture-9999.0-empty-to-avoid-conflict-with-guava.jar;C:\Users\Farzad Omarzadeh\.m2\repository\com\google\code\findbugs\jsr305\3.0.2\jsr305-3.0.2.jar;C:\Users\Farzad Omarzadeh\.m2\repository\org\checkerframework\checker-qual\2.5.2\checker-qual-2.5.2.jar;C:\Users\Farzad Omarzadeh\.m2\repository\com\google\errorprone\error_prone_annotations\2.2.0\error_prone_annotations-2.2.0.jar;C:\Users\Farzad Omarzadeh\.m2\repository\com\google\j2objc\j2objc-annotations\1.1\j2objc-annotations-1.1.jar;C:\Users\Farzad Omarzadeh\.m2\repository\org\codehaus\mojo\animal-sniffer-annotations\1.17\animal-sniffer-annotations-1.17.jar;C:\Users\Farzad Omarzadeh\.m2\repository\org\apache\ant\ant\1.10.6\ant-1.10.6.jar;C:\Users\Farzad Omarzadeh\.m2\repository\org\apache\ant\ant-launcher\1.10.6\ant-launcher-1.10.6.jar;C:\Users\Farzad Omarzadeh\.m2\repository\junit\junit\4.12\junit-4.12.jar;C:\Users\Farzad Omarzadeh\.m2\repository\org\hamcrest\hamcrest-core\1.3\hamcrest-core-1.3.jar;C:\Users\Farzad Omarzadeh\.m2\repository\com\github\stefanbirkner\system-rules\1.19.0\system-rules-1.19.0.jar;C:\Users\Farzad Omarzadeh\.m2\repository\nl\jqno\equalsverifier\equalsverifier\3.1.8\equalsverifier-3.1.8.jar;C:\Users\Farzad Omarzadeh\.m2\repository\org\powermock\powermock-api-mockito2\2.0.2\powermock-api-mockito2-2.0.2.jar;C:\Users\Farzad Omarzadeh\.m2\repository\org\powermock\powermock-api-support\2.0.2\powermock-api-support-2.0.2.jar;C:\Users\Farzad Omarzadeh\.m2\repository\org\powermock\powermock-reflect\2.0.2\powermock-reflect-2.0.2.jar;C:\Users\Farzad Omarzadeh\.m2\repository\net\bytebuddy\byte-buddy\1.9.3\byte-buddy-1.9.3.jar;C:\Users\Farzad Omarzadeh\.m2\repository\net\bytebuddy\byte-buddy-agent\1.9.3\byte-buddy-agent-1.9.3.jar;C:\Users\Farzad Omarzadeh\.m2\repository\org\powermock\powermock-core\2.0.2\powermock-core-2.0.2.jar;C:\Users\Farzad Omarzadeh\.m2\repository\org\javassist\javassist\3.24.0-GA\javassist-3.24.0-GA.jar;C:\Users\Farzad Omarzadeh\.m2\repository\org\mockito\mockito-core\2.23.0\mockito-core-2.23.0.jar;C:\Users\Farzad Omarzadeh\.m2\repository\org\objenesis\objenesis\2.6\objenesis-2.6.jar;C:\Users\Farzad Omarzadeh\.m2\repository\org\powermock\powermock-module-junit4\2.0.2\powermock-module-junit4-2.0.2.jar;C:\Users\Farzad Omarzadeh\.m2\repository\org\powermock\powermock-module-junit4-common\2.0.2\powermock-module-junit4-common-2.0.2.jar;C:\Users\Farzad Omarzadeh\.m2\repository\commons-io\commons-io\2.6\commons-io-2.6.jar;C:\Users\Farzad Omarzadeh\.m2\repository\org\eclipse\jgit\org.eclipse.jgit\5.3.1.201904271842-r\org.eclipse.jgit-5.3.1.201904271842-r.jar;C:\Users\Farzad Omarzadeh\.m2\repository\com\jcraft\jsch\0.1.54\jsch-0.1.54.jar;C:\Users\Farzad Omarzadeh\.m2\repository\com\jcraft\jzlib\1.1.1\jzlib-1.1.1.jar;C:\Users\Farzad Omarzadeh\.m2\repository\com\googlecode\javaewah\JavaEWAH\1.1.6\JavaEWAH-1.1.6.jar;C:\Users\Farzad Omarzadeh\.m2\repository\org\slf4j\slf4j-api\1.7.2\slf4j-api-1.7.2.jar;C:\Users\Farzad Omarzadeh\.m2\repository\org\bouncycastle\bcpg-jdk15on\1.60\bcpg-jdk15on-1.60.jar;C:\Users\Farzad Omarzadeh\.m2\repository\org\bouncycastle\bcprov-jdk15on\1.60\bcprov-jdk15on-1.60.jar;C:\Users\Farzad Omarzadeh\.m2\repository\org\bouncycastle\bcpkix-jdk15on\1.60\bcpkix-jdk15on-1.60.jar;C:\Users\Farzad Omarzadeh\.m2\repository\org\slf4j\slf4j-simple\1.7.26\slf4j-simple-1.7.26.jar;C:\Users\Farzad Omarzadeh\.m2\repository\org\jacoco\org.jacoco.agent\0.8.3\org.jacoco.agent-0.8.3-runtime.jar;C:\Users\Farzad Omarzadeh\.m2\repository\net\sf\saxon\Saxon-HE\9.9.1-2\Saxon-HE-9.9.1-2.jar;src/test/resources-noncompilable;"/>
    <property name="sun.cpu.endian" value="little"/>
    <property name="user.home" value="C:\Users\Farzad Omarzadeh"/>
    <property name="user.language" value="en"/>
    <property name="java.specification.vendor" value="Oracle Corporation"/>
    <property name="java.version.date" value="2018-09-25"/>
    <property name="java.home" value="C:\Program Files\Java\jdk-11"/>
    <property name="file.separator" value="\"/>
    <property name="basedir" value="C:\Users\Farzad Omarzadeh\Desktop\Project-SM\checkstyle-checkstyle-8.21"/>
    <property name="java.vm.compressedOopsMode" value="32-bit"/>
    <property name="line.separator" value="&#10;"/>
    <property name="java.specification.name" value="Java Platform API Specification"/>
    <property name="java.vm.specification.vendor" value="Oracle Corporation"/>
    <property name="java.awt.graphicsenv" value="sun.awt.Win32GraphicsEnvironment"/>
    <property name="surefire.real.class.path" value="C:\Users\FARZAD~1\AppData\Local\Temp\surefire9051892076776103498\surefirebooter12149655432264947610.jar"/>
    <property name="user.script" value=""/>
    <property name="sun.management.compiler" value="HotSpot 64-Bit Tiered Compilers"/>
    <property name="java.runtime.version" value="11+28"/>
    <property name="user.name" value="Farzad Omarzadeh"/>
    <property name="path.separator" value=";"/>
    <property name="os.version" value="10.0"/>
    <property name="java.runtime.name" value="Java(TM) SE Runtime Environment"/>
    <property name="file.encoding" value="Cp1252"/>
    <property name="java.vm.name" value="Java HotSpot(TM) 64-Bit Server VM"/>
    <property name="java.vendor.version" value="18.9"/>
    <property name="localRepository" value="C:\Users\Farzad Omarzadeh\.m2\repository"/>
    <property name="java.vendor.url.bug" value="http://bugreport.java.com/bugreport/"/>
    <property name="java.io.tmpdir" value="C:\Users\FARZAD~1\AppData\Local\Temp\"/>
    <property name="idea.version" value="2018.3.1"/>
    <property name="java.version" value="11"/>
    <property name="user.dir" value="C:\Users\Farzad Omarzadeh\Desktop\Project-SM\checkstyle-checkstyle-8.21"/>
    <property name="os.arch" value="amd64"/>
    <property name="java.vm.specification.name" value="Java Virtual Machine Specification"/>
    <property name="java.awt.printerjob" value="sun.awt.windows.WPrinterJob"/>
    <property name="sun.os.patch.level" value=""/>
    <property name="java.library.path" value="C:\Program Files\Java\jdk-11\bin;C:\WINDOWS\Sun\Java\bin;C:\WINDOWS\system32;C:\WINDOWS;C:\Program Files (x86)\Common Files\Oracle\Java\javapath;C:\WINDOWS\system32;C:\WINDOWS;C:\WINDOWS\System32\Wbem;C:\WINDOWS\System32\WindowsPowerShell\v1.0\;C:\Program Files (x86)\Common Files\Acronis\VirtualFile\;C:\Program Files (x86)\Common Files\Acronis\VirtualFile64\;C:\Program Files (x86)\Common Files\Acronis\FileProtector\;C:\Program Files (x86)\Common Files\Acronis\FileProtector64\;C:\Program Files (x86)\Common Files\Acronis\SnapAPI\;C:\WINDOWS\System32\OpenSSH\;C:\Program Files\Microsoft SQL Server\Client SDK\ODBC\130\Tools\Binn\;C:\Program Files (x86)\Microsoft SQL Server\140\Tools\Binn\;C:\Program Files\Microsoft SQL Server\140\Tools\Binn\;C:\Program Files\Microsoft SQL Server\140\DTS\Binn\;C:\Program Files (x86)\Microsoft SQL Server\Client SDK\ODBC\130\Tools\Binn\;C:\Program Files (x86)\Microsoft SQL Server\140\DTS\Binn\;C:\Program Files (x86)\Microsoft SQL Server\140\Tools\Binn\ManagementStudio\;C:\Program Files\Java\jdk1.8.0_181\bin;C:\Program Files\dotnet\;C:\Program Files\Microsoft SQL Server\130\Tools\Binn\;C:\Program Files\nodejs\;C:\Users\Farzad Omarzadeh\AppData\Local\Microsoft\WindowsApps;C:\Program Files\JetBrains\IntelliJ IDEA 2018.3.1\bin;;C:\Program Files\JetBrains\WebStorm 2018.3.5\bin;;C:\Users\Farzad Omarzadeh\AppData\Roaming\npm;C:\Program Files\MySQL\MySQL Server 8.0\bin;;."/>
    <property name="java.vendor" value="Oracle Corporation"/>
    <property name="java.vm.info" value="mixed mode"/>
    <property name="java.vm.version" value="11+28"/>
    <property name="sun.io.unicode.encoding" value="UnicodeLittle"/>
    <property name="java.class.version" value="55.0"/>
    <property name="jacoco-agent.destfile" value="C:\Users\Farzad Omarzadeh\Desktop\Project-SM\checkstyle-checkstyle-8.21\target/jacoco.exec"/>
  </properties>
  <testcase name="testCustomAstTree" classname="com.puppycrawl.tools.checkstyle.grammar.AstRegressionTest" time="0"/>
  <testcase name="testJava8InterfaceAstTree1" classname="com.puppycrawl.tools.checkstyle.grammar.AstRegressionTest" time="0">
    <failure message="Generated AST from Java file should match pre-defined AST expected:&lt;...DEF -&gt; package [2:0][&#10;|--ANNOTATIONS -&gt; ANNOTATIONS [2:39]&#10;|--DOT -&gt; . [2:39]&#10;|   |--DOT -&gt; . [2:28]&#10;|   |   |--DOT -&gt; . [2:22]&#10;|   |   |   |--DOT -&gt; . [2:11]&#10;|   |   |   |   |--IDENT -&gt; com [2:8]&#10;|   |   |   |   `--IDENT -&gt; puppycrawl [2:12]&#10;|   |   |   `--IDENT -&gt; tools [2:23]&#10;|   |   `--IDENT -&gt; checkstyle [2:29]&#10;|   `--IDENT -&gt; grammar [2:40]&#10;`--SEMI -&gt; ; [2:47]&#10;INTERFACE_DEF -&gt; INTERFACE_DEF [4:0]&#10;|--MODIFIERS -&gt; MODIFIERS [4:0]&#10;|   `--LITERAL_PUBLIC -&gt; public [4:0]&#10;|--LITERAL_INTERFACE -&gt; interface [4:7]&#10;|--IDENT -&gt; InputRegressionJava8Interface1 [4:17]&#10;`--OBJBLOCK -&gt; OBJBLOCK [4:48]&#10;    |--LCURLY -&gt; { [4:48]&#10;    |--METHOD_DEF -&gt; METHOD_DEF [5:4]&#10;    |   |--MODIFIERS -&gt; MODIFIERS [5:4]&#10;    |   |   `--LITERAL_DEFAULT -&gt; default [5:4]&#10;    |   |--TYPE -&gt; TYPE [5:12]&#10;    |   |   `--LITERAL_VOID -&gt; void [5:12]&#10;    |   |--IDENT -&gt; m [5:17]&#10;    |   |--LPAREN -&gt; ( [5:18]&#10;    |   |--PARAMETERS -&gt; PARAMETERS [5:19]&#10;    |   |--RPAREN -&gt; ) [5:19]&#10;    |   `--SLIST -&gt; { [5:21]&#10;    |       `--RCURLY -&gt; } [5:22]&#10;    `--RCURLY -&gt; } [6:0]]&#10;&gt; but was:&lt;...DEF -&gt; package [2:0][&#10;|--ANNOTATIONS -&gt; ANNOTATIONS [2:39]&#10;|--DOT -&gt; . [2:39]&#10;|   |--DOT -&gt; . [2:28]&#10;|   |   |--DOT -&gt; . [2:22]&#10;|   |   |   |--DOT -&gt; . [2:11]&#10;|   |   |   |   |--IDENT -&gt; com [2:8]&#10;|   |   |   |   `--IDENT -&gt; puppycrawl [2:12]&#10;|   |   |   `--IDENT -&gt; tools [2:23]&#10;|   |   `--IDENT -&gt; checkstyle [2:29]&#10;|   `--IDENT -&gt; grammar [2:40]&#10;`--SEMI -&gt; ; [2:47]&#10;INTERFACE_DEF -&gt; INTERFACE_DEF [4:0]&#10;|--MODIFIERS -&gt; MODIFIERS [4:0]&#10;|   `--LITERAL_PUBLIC -&gt; public [4:0]&#10;|--LITERAL_INTERFACE -&gt; interface [4:7]&#10;|--IDENT -&gt; InputRegressionJava8Interface1 [4:17]&#10;`--OBJBLOCK -&gt; OBJBLOCK [4:48]&#10;    |--LCURLY -&gt; { [4:48]&#10;    |--METHOD_DEF -&gt; METHOD_DEF [5:4]&#10;    |   |--MODIFIERS -&gt; MODIFIERS [5:4]&#10;    |   |   `--LITERAL_DEFAULT -&gt; default [5:4]&#10;    |   |--TYPE -&gt; TYPE [5:12]&#10;    |   |   `--LITERAL_VOID -&gt; void [5:12]&#10;    |   |--IDENT -&gt; m [5:17]&#10;    |   |--LPAREN -&gt; ( [5:18]&#10;    |   |--PARAMETERS -&gt; PARAMETERS [5:19]&#10;    |   |--RPAREN -&gt; ) [5:19]&#10;    |   `--SLIST -&gt; { [5:21]&#10;    |       `--RCURLY -&gt; } [5:22]&#10;    `--RCURLY -&gt; } [6:0]&#13;]&#10;&gt;" type="org.junit.ComparisonFailure"><![CDATA[org.junit.ComparisonFailure: 
Generated AST from Java file should match pre-defined AST expected:<...DEF -> package [2:0][
|--ANNOTATIONS -> ANNOTATIONS [2:39]
|--DOT -> . [2:39]
|   |--DOT -> . [2:28]
|   |   |--DOT -> . [2:22]
|   |   |   |--DOT -> . [2:11]
|   |   |   |   |--IDENT -> com [2:8]
|   |   |   |   `--IDENT -> puppycrawl [2:12]
|   |   |   `--IDENT -> tools [2:23]
|   |   `--IDENT -> checkstyle [2:29]
|   `--IDENT -> grammar [2:40]
`--SEMI -> ; [2:47]
INTERFACE_DEF -> INTERFACE_DEF [4:0]
|--MODIFIERS -> MODIFIERS [4:0]
|   `--LITERAL_PUBLIC -> public [4:0]
|--LITERAL_INTERFACE -> interface [4:7]
|--IDENT -> InputRegressionJava8Interface1 [4:17]
`--OBJBLOCK -> OBJBLOCK [4:48]
    |--LCURLY -> { [4:48]
    |--METHOD_DEF -> METHOD_DEF [5:4]
    |   |--MODIFIERS -> MODIFIERS [5:4]
    |   |   `--LITERAL_DEFAULT -> default [5:4]
    |   |--TYPE -> TYPE [5:12]
    |   |   `--LITERAL_VOID -> void [5:12]
    |   |--IDENT -> m [5:17]
    |   |--LPAREN -> ( [5:18]
    |   |--PARAMETERS -> PARAMETERS [5:19]
    |   |--RPAREN -> ) [5:19]
    |   `--SLIST -> { [5:21]
    |       `--RCURLY -> } [5:22]
    `--RCURLY -> } [6:0]]
> but was:<...DEF -> package [2:0][
|--ANNOTATIONS -> ANNOTATIONS [2:39]
|--DOT -> . [2:39]
|   |--DOT -> . [2:28]
|   |   |--DOT -> . [2:22]
|   |   |   |--DOT -> . [2:11]
|   |   |   |   |--IDENT -> com [2:8]
|   |   |   |   `--IDENT -> puppycrawl [2:12]
|   |   |   `--IDENT -> tools [2:23]
|   |   `--IDENT -> checkstyle [2:29]
|   `--IDENT -> grammar [2:40]
`--SEMI -> ; [2:47]
INTERFACE_DEF -> INTERFACE_DEF [4:0]
|--MODIFIERS -> MODIFIERS [4:0]
|   `--LITERAL_PUBLIC -> public [4:0]
|--LITERAL_INTERFACE -> interface [4:7]
|--IDENT -> InputRegressionJava8Interface1 [4:17]
`--OBJBLOCK -> OBJBLOCK [4:48]
    |--LCURLY -> { [4:48]
    |--METHOD_DEF -> METHOD_DEF [5:4]
    |   |--MODIFIERS -> MODIFIERS [5:4]
    |   |   `--LITERAL_DEFAULT -> default [5:4]
    |   |--TYPE -> TYPE [5:12]
    |   |   `--LITERAL_VOID -> void [5:12]
    |   |--IDENT -> m [5:17]
    |   |--LPAREN -> ( [5:18]
    |   |--PARAMETERS -> PARAMETERS [5:19]
    |   |--RPAREN -> ) [5:19]
    |   `--SLIST -> { [5:21]
    |       `--RCURLY -> } [5:22]
    `--RCURLY -> } [6:0]]
>
	at com.puppycrawl.tools.checkstyle.grammar.AstRegressionTest.testJava8InterfaceAstTree1(AstRegressionTest.java:91)
]]></failure>
  </testcase>
  <testcase name="testClassAstTree1" classname="com.puppycrawl.tools.checkstyle.grammar.AstRegressionTest" time="0.125">
    <failure message="Generated AST from Java file should match pre-defined AST expected:&lt;...DEF -&gt; package [1:0][&#10;|--ANNOTATIONS -&gt; ANNOTATIONS [1:39]&#10;|--DOT -&gt; . [1:39]&#10;|   |--DOT -&gt; . [1:28]&#10;|   |   |--DOT -&gt; . [1:22]&#10;|   |   |   |--DOT -&gt; . [1:11]&#10;|   |   |   |   |--IDENT -&gt; com [1:8]&#10;|   |   |   |   `--IDENT -&gt; puppycrawl [1:12]&#10;|   |   |   `--IDENT -&gt; tools [1:23]&#10;|   |   `--IDENT -&gt; checkstyle [1:29]&#10;|   `--IDENT -&gt; grammar [1:40]&#10;`--SEMI -&gt; ; [1:47]&#10;STATIC_IMPORT -&gt; import [3:0]&#10;|--LITERAL_STATIC -&gt; static [3:7]&#10;|--DOT -&gt; . [3:30]&#10;|   |--DOT -&gt; . [3:23]&#10;|   |   |--DOT -&gt; . [3:18]&#10;|   |   |   |--IDENT -&gt; java [3:14]&#10;|   |   |   `--IDENT -&gt; lang [3:19]&#10;|   |   `--IDENT -&gt; String [3:24]&#10;|   `--IDENT -&gt; valueOf [3:31]&#10;`--SEMI -&gt; ; [3:38]&#10;IMPORT -&gt; import [5:0]&#10;|--DOT -&gt; . [5:14]&#10;|   |--DOT -&gt; . [5:11]&#10;|   |   |--IDENT -&gt; java [5:7]&#10;|   |   `--IDENT -&gt; io [5:12]&#10;|   `--IDENT -&gt; BufferedReader [5:15]&#10;`--SEMI -&gt; ; [5:29]&#10;IMPORT -&gt; import [6:0]&#10;|--DOT -&gt; . [6:14]&#10;|   |--DOT -&gt; . [6:11]&#10;|   |   |--IDENT -&gt; java [6:7]&#10;|   |   `--IDENT -&gt; io [6:12]&#10;|   `--IDENT -&gt; FileNotFoundException [6:15]&#10;`--SEMI -&gt; ; [6:36]&#10;IMPORT -&gt; import [7:0]&#10;|--DOT -&gt; . [7:14]&#10;|   |--DOT -&gt; . [7:11]&#10;|   |   |--IDENT -&gt; java [7:7]&#10;|   |   `--IDENT -&gt; io [7:12]&#10;|   `--IDENT -&gt; IOException [7:15]&#10;`--SEMI -&gt; ; [7:26]&#10;IMPORT -&gt; import [8:0]&#10;|--DOT -&gt; . [8:14]&#10;|   |--DOT -&gt; . [8:11]&#10;|   |   |--IDENT -&gt; java [8:7]&#10;|   |   `--IDENT -&gt; io [8:12]&#10;|   `--IDENT -&gt; InputStreamReader [8:15]&#10;`--SEMI -&gt; ; [8:32]&#10;IMPORT -&gt; import [9:0]&#10;|--DOT -&gt; . [9:16]&#10;|   |--DOT -&gt; . [9:11]&#10;|   |   |--IDENT -&gt; java [9:7]&#10;|   |   `--IDENT -&gt; util [9:12]&#10;|   `--IDENT -&gt; ArrayList [9:17]&#10;`--SEMI -&gt; ; [9:26]&#10;IMPORT -&gt; import [10:0]&#10;|--DOT -&gt; . [10:16]&#10;|   |--DOT -&gt; . [10:11]&#10;|   |   |--IDENT -&gt; java [10:7]&#10;|   |   `--IDENT -&gt; util [10:12]&#10;|   `--IDENT -&gt; HashMap [10:17]&#10;`--SEMI -&gt; ; [10:24]&#10;IMPORT -&gt; import [11:0]&#10;|--DOT -&gt; . [11:16]&#10;|   |--DOT -&gt; . [11:11]&#10;|   |   |--IDENT -&gt; java [11:7]&#10;|   |   `--IDENT -&gt; util [11:12]&#10;|   `--IDENT -&gt; Iterator [11:17]&#10;`--SEMI -&gt; ; [11:25]&#10;IMPORT -&gt; import [12:0]&#10;|--DOT -&gt; . [12:16]&#10;|   |--DOT -&gt; . [12:11]&#10;|   |   |--IDENT -&gt; java [12:7]&#10;|   |   `--IDENT -&gt; util [12:12]&#10;|   `--IDENT -&gt; List [12:17]&#10;`--SEMI -&gt; ; [12:21]&#10;IMPORT -&gt; import [13:0]&#10;|--DOT -&gt; . [13:16]&#10;|   |--DOT -&gt; . [13:11]&#10;|   |   |--IDENT -&gt; java [13:7]&#10;|   |   `--IDENT -&gt; util [13:12]&#10;|   `--IDENT -&gt; Map [13:17]&#10;`--SEMI -&gt; ; [13:20]&#10;IMPORT -&gt; import [15:0]&#10;|--DOT -&gt; . [15:16]&#10;|   |--DOT -&gt; . [15:12]&#10;|   |   |--IDENT -&gt; javax [15:7]&#10;|   |   `--IDENT -&gt; xml [15:13]&#10;|   `--STAR -&gt; * [15:17]&#10;`--SEMI -&gt; ; [15:18]&#10;CLASS_DEF -&gt; CLASS_DEF [17:0]&#10;|--MODIFIERS -&gt; MODIFIERS [17:0]&#10;|   `--LITERAL_PUBLIC -&gt; public [17:0]&#10;|--LITERAL_CLASS -&gt; class [17:7]&#10;|--IDENT -&gt; InputRegressionJavaClass1 [17:13]&#10;`--OBJBLOCK -&gt; OBJBLOCK [17:39]&#10;    |--LCURLY -&gt; { [17:39]&#10;    |--VARIABLE_DEF -&gt; VARIABLE_DEF [29:4]&#10;    |   |--MODIFIERS -&gt; MODIFIERS [29:4]&#10;    |   |   `--LITERAL_PUBLIC -&gt; public [29:4]&#10;    |   |--TYPE -&gt; TYPE [29:11]&#10;    |   |   `--LITERAL_INT -&gt; int [29:11]&#10;    |   |--IDENT -&gt; f1 [29:15]&#10;    |   `--SEMI -&gt; ; [29:17]&#10;    |--VARIABLE_DEF -&gt; VARIABLE_DEF [30:4]&#10;    |   |--MODIFIERS -&gt; MODIFIERS [30:4]&#10;    |   |   `--LITERAL_PRIVATE -&gt; private [30:4]&#10;    |   |--TYPE -&gt; TYPE [30:12]&#10;    |   |   `--LITERAL_INT -&gt; int [30:12]&#10;    |   |--IDENT -&gt; f2 [30:16]&#10;    |   `--SEMI -&gt; ; [30:18]&#10;    |--VARIABLE_DEF -&gt; VARIABLE_DEF [31:4]&#10;    |   |--MODIFIERS -&gt; MODIFIERS [31:4]&#10;    |   |   `--LITERAL_PROTECTED -&gt; protected [31:4]&#10;    |   |--TYPE -&gt; TYPE [31:14]&#10;    |   |   `--LITERAL_INT -&gt; int [31:14]&#10;    |   |--IDENT -&gt; f3 [31:18]&#10;    |   `--SEMI -&gt; ; [31:20]&#10;    |--VARIABLE_DEF -&gt; VARIABLE_DEF [32:4]&#10;    |   |--MODIFIERS -&gt; MODIFIERS [32:4]&#10;    |   |--TYPE -&gt; TYPE [32:4]&#10;    |   |   `--LITERAL_INT -&gt; int [32:4]&#10;    |   |--IDENT -&gt; f4 [32:8]&#10;    |   `--SEMI -&gt; ; [32:10]&#10;    |--VARIABLE_DEF -&gt; VARIABLE_DEF [33:4]&#10;    |   |--MODIFIERS -&gt; MODIFIERS [33:4]&#10;    |   |   `--LITERAL_STATIC -&gt; static [33:4]&#10;    |   |--TYPE -&gt; TYPE [33:11]&#10;    |   |   `--LITERAL_INT -&gt; int [33:11]&#10;    |   |--IDENT -&gt; f5 [33:15]&#10;    |   `--SEMI -&gt; ; [33:17]&#10;    |--VARIABLE_DEF -&gt; VARIABLE_DEF [34:4]&#10;    |   |--MODIFIERS -&gt; MODIFIERS [34:4]&#10;    |   |   `--FINAL -&gt; final [34:4]&#10;    |   |--TYPE -&gt; TYPE [34:10]&#10;    |   |   `--LITERAL_INT -&gt; int [34:10]&#10;    |   |--IDENT -&gt; f6 [34:14]&#10;    |   `--SEMI -&gt; ; [34:16]&#10;    |--VARIABLE_DEF -&gt; VARIABLE_DEF [35:4]&#10;    |   |--MODIFIERS -&gt; MODIFIERS [35:4]&#10;    |   |   `--LITERAL_VOLATILE -&gt; volatile [35:4]&#10;    |   |--TYPE -&gt; TYPE [35:13]&#10;    |   |   `--LITERAL_INT -&gt; int [35:13]&#10;    |   |--IDENT -&gt; f7 [35:17]&#10;    |   `--SEMI -&gt; ; [35:19]&#10;    |--VARIABLE_DEF -&gt; VARIABLE_DEF [36:4]&#10;    |   |--MODIFIERS -&gt; MODIFIERS [36:4]&#10;    |   |   `--LITERAL_TRANSIENT -&gt; transient [36:4]&#10;    |   |--TYPE -&gt; TYPE [36:14]&#10;    |   |   `--LITERAL_INT -&gt; int [36:14]&#10;    |   |--IDENT -&gt; f8 [36:18]&#10;    |   `--SEMI -&gt; ; [36:20]&#10;    |--VARIABLE_DEF -&gt; VARIABLE_DEF [37:4]&#10;    |   |--MODIFIERS -&gt; MODIFIERS [37:4]&#10;    |   |--TYPE -&gt; TYPE [37:4]&#10;    |   |   `--IDENT -&gt; Object [37:4]&#10;    |   |--IDENT -&gt; f9 [37:11]&#10;    |   `--SEMI -&gt; ; [37:13]&#10;    |--STATIC_INIT -&gt; STATIC_INIT [40:4]&#10;    |   `--SLIST -&gt; { [40:11]&#10;    |       `--RCURLY -&gt; } [40:12]&#10;    |--CTOR_DEF -&gt; CTOR_DEF [41:4]&#10;    |   |--MODIFIERS -&gt; MODIFIERS [41:4]&#10;    |   |   `--LITERAL_PUBLIC -&gt; public [41:4]&#10;    |   |--IDENT -&gt; InputRegressionJavaClass1 [41:11]&#10;    |   |--LPAREN -&gt; ( [41:36]&#10;    |   |--PARAMETERS -&gt; PARAMETERS [41:37]&#10;    |   |--RPAREN -&gt; ) [41:37]&#10;    |   `--SLIST -&gt; { [41:39]&#10;    |       |--EXPR -&gt; EXPR [41:43]&#10;    |       |   `--ASSIGN -&gt; = [41:43]&#10;    |       |       |--IDENT -&gt; f6 [41:40]&#10;    |       |       `--NUM_INT -&gt; 0 [41:45]&#10;    |       |--SEMI -&gt; ; [41:46]&#10;    |       `--RCURLY -&gt; } [41:47]&#10;    |--CTOR_DEF -&gt; CTOR_DEF [42:4]&#10;    |   |--MODIFIERS -&gt; MODIFIERS [42:4]&#10;    |   |   `--LITERAL_PUBLIC -&gt; public [42:4]&#10;    |   |--IDENT -&gt; InputRegressionJavaClass1 [42:11]&#10;    |   |--LPAREN -&gt; ( [42:36]&#10;    |   |--PARAMETERS -&gt; PARAMETERS [42:37]&#10;    |   |   `--PARAMETER_DEF -&gt; PARAMETER_DEF [42:37]&#10;    |   |       |--MODIFIERS -&gt; MODIFIERS [42:37]&#10;    |   |       |--TYPE -&gt; TYPE [42:37]&#10;    |   |       |   `--LITERAL_INT -&gt; int [42:37]&#10;    |   |       `--IDENT -&gt; i [42:41]&#10;    |   |--RPAREN -&gt; ) [42:42]&#10;    |   `--SLIST -&gt; { [42:44]&#10;    |       |--EXPR -&gt; EXPR [42:53]&#10;    |       |   `--ASSIGN -&gt; = [42:53]&#10;    |       |       |--DOT -&gt; . [42:49]&#10;    |       |       |   |--LITERAL_THIS -&gt; this [42:45]&#10;    |       |       |   `--IDENT -&gt; f6 [42:50]&#10;    |       |       `--IDENT -&gt; i [42:55]&#10;    |       |--SEMI -&gt; ; [42:56]&#10;    |       `--RCURLY -&gt; } [42:57]&#10;    |--CTOR_DEF -&gt; CTOR_DEF [43:4]&#10;    |   |--MODIFIERS -&gt; MODIFIERS [43:4]&#10;    |   |   `--LITERAL_PUBLIC -&gt; public [43:4]&#10;    |   |--IDENT -&gt; InputRegressionJavaClass1 [43:11]&#10;    |   |--LPAREN -&gt; ( [43:36]&#10;    |   |--PARAMETERS -&gt; PARAMETERS [43:37]&#10;    |   |   `--PARAMETER_DEF -&gt; PARAMETER_DEF [43:37]&#10;    |   |       |--MODIFIERS -&gt; MODIFIERS [43:37]&#10;    |   |       |--TYPE -&gt; TYPE [43:37]&#10;    |   |       |   `--LITERAL_FLOAT -&gt; float [43:37]&#10;    |   |       `--IDENT -&gt; f [43:43]&#10;    |   |--RPAREN -&gt; ) [43:44]&#10;    |   `--SLIST -&gt; { [43:46]&#10;    |       |--CTOR_CALL -&gt; this [43:47]&#10;    |       |   |--LPAREN -&gt; ( [43:51]&#10;    |       |   |--ELIST -&gt; ELIST [43:52]&#10;    |       |   |   `--EXPR -&gt; EXPR [43:52]&#10;    |       |   |       `--TYPECAST -&gt; ( [43:52]&#10;    |       |   |           |--TYPE -&gt; TYPE [43:53]&#10;    |       |   |           |   `--LITERAL_INT -&gt; int [43:53]&#10;    |       |   |           |--RPAREN -&gt; ) [43:56]&#10;    |       |   |           `--IDENT -&gt; f [43:57]&#10;    |       |   |--RPAREN -&gt; ) [43:58]&#10;    |       |   `--SEMI -&gt; ; [43:59]&#10;    |       `--RCURLY -&gt; } [43:60]&#10;    |--CTOR_DEF -&gt; CTOR_DEF [44:4]&#10;    |   |--MODIFIERS -&gt; MODIFIERS [44:4]&#10;    |   |--IDENT -&gt; InputRegressionJavaClass1 [44:4]&#10;    |   |--LPAREN -&gt; ( [44:29]&#10;    |   |--PARAMETERS -&gt; PARAMETERS [44:30]&#10;    |   |   `--PARAMETER_DEF -&gt; PARAMETER_DEF [44:30]&#10;    |   |       |--MODIFIERS -&gt; MODIFIERS [44:30]&#10;    |   |       |--TYPE -&gt; TYPE [44:30]&#10;    |   |       |   `--LITERAL_DOUBLE -&gt; double [44:30]&#10;    |   |       `--IDENT -&gt; a [44:37]&#10;    |   |--RPAREN -&gt; ) [44:38]&#10;    |   |--LITERAL_THROWS -&gt; throws [44:40]&#10;    |   |   `--IDENT -&gt; Exception [44:47]&#10;    |   `--SLIST -&gt; { [44:57]&#10;    |       |--EXPR -&gt; EXPR [44:61]&#10;    |       |   `--ASSIGN -&gt; = [44:61]&#10;    |       |       |--IDENT -&gt; f6 [44:58]&#10;    |       |       `--NUM_INT -&gt; 0 [44:63]&#10;    |       |--SEMI -&gt; ; [44:64]&#10;    |       `--RCURLY -&gt; } [44:65]&#10;    |--METHOD_DEF -&gt; METHOD_DEF [48:4]&#10;    |   |--MODIFIERS -&gt; MODIFIERS [48:4]&#10;    |   |   `--LITERAL_NATIVE -&gt; native [48:4]&#10;    |   |--TYPE -&gt; TYPE [48:11]&#10;    |   |   `--LITERAL_VOID -&gt; void [48:11]&#10;    |   |--IDENT -&gt; m1 [48:16]&#10;    |   |--LPAREN -&gt; ( [48:18]&#10;    |   |--PARAMETERS -&gt; PARAMETERS [48:19]&#10;    |   |--RPAREN -&gt; ) [48:19]&#10;    |   `--SEMI -&gt; ; [48:20]&#10;    |--METHOD_DEF -&gt; METHOD_DEF [49:4]&#10;    |   |--MODIFIERS -&gt; MODIFIERS [49:4]&#10;    |   |--TYPE -&gt; TYPE [49:4]&#10;    |   |   `--LITERAL_VOID -&gt; void [49:4]&#10;    |   |--IDENT -&gt; m2 [49:9]&#10;    |   |--LPAREN -&gt; ( [49:11]&#10;    |   |--PARAMETERS -&gt; PARAMETERS [49:12]&#10;    |   |--RPAREN -&gt; ) [49:12]&#10;    |   `--SLIST -&gt; { [49:14]&#10;    |       `--RCURLY -&gt; } [49:15]&#10;    |--METHOD_DEF -&gt; METHOD_DEF [50:4]&#10;    |   |--MODIFIERS -&gt; MODIFIERS [50:4]&#10;    |   |   `--LITERAL_SYNCHRONIZED -&gt; synchronized [50:4]&#10;    |   |--TYPE -&gt; TYPE [50:17]&#10;    |   |   `--LITERAL_VOID -&gt; void [50:17]&#10;    |   |--IDENT -&gt; m4 [50:22]&#10;    |   |--LPAREN -&gt; ( [50:24]&#10;    |   |--PARAMETERS -&gt; PARAMETERS [50:25]&#10;    |   |--RPAREN -&gt; ) [50:25]&#10;    |   `--SLIST -&gt; { [50:27]&#10;    |       `--RCURLY -&gt; } [50:28]&#10;    |--METHOD_DEF -&gt; METHOD_DEF [51:4]&#10;    |   |--MODIFIERS -&gt; MODIFIERS [51:4]&#10;    |   |   `--STRICTFP -&gt; strictfp [51:4]&#10;    |   |--TYPE -&gt; TYPE [51:13]&#10;    |   |   `--LITERAL_VOID -&gt; void [51:13]&#10;    |   |--IDENT -&gt; m5 [51:18]&#10;    |   |--LPAREN -&gt; ( [51:20]&#10;    |   |--PARAMETERS -&gt; PARAMETERS [51:21]&#10;    |   |--RPAREN -&gt; ) [51:21]&#10;    |   `--SLIST -&gt; { [51:23]&#10;    |       `--RCURLY -&gt; } [51:24]&#10;    |--METHOD_DEF -&gt; METHOD_DEF [54:4]&#10;    |   |--MODIFIERS -&gt; MODIFIERS [54:4]&#10;    |   |   `--LITERAL_PUBLIC -&gt; public [54:4]&#10;    |   |--TYPE -&gt; TYPE [54:14]&#10;    |   |   `--ARRAY_DECLARATOR -&gt; [ [54:14]&#10;    |   |       |--LITERAL_INT -&gt; int [54:11]&#10;    |   |       `--RBRACK -&gt; ] [54:15]&#10;    |   |--IDENT -&gt; m6 [54:17]&#10;    |   |--LPAREN -&gt; ( [54:19]&#10;    |   |--PARAMETERS -&gt; PARAMETERS [54:20]&#10;    |   |--RPAREN -&gt; ) [54:20]&#10;    |   `--SLIST -&gt; { [54:22]&#10;    |       |--LITERAL_RETURN -&gt; return [54:23]&#10;    |       |   |--EXPR -&gt; EXPR [54:30]&#10;    |       |   |   `--LITERAL_NULL -&gt; null [54:30]&#10;    |       |   `--SEMI -&gt; ; [54:34]&#10;    |       `--RCURLY -&gt; } [54:35]&#10;    |--METHOD_DEF -&gt; METHOD_DEF [55:4]&#10;    |   |--MODIFIERS -&gt; MODIFIERS [55:4]&#10;    |   |   `--LITERAL_PUBLIC -&gt; public [55:4]&#10;    |   |--TYPE -&gt; TYPE [55:20]&#10;    |   |   `--ARRAY_DECLARATOR -&gt; [ [55:20]&#10;    |   |       |--LITERAL_INT -&gt; int [55:11]&#10;    |   |       `--RBRACK -&gt; ] [55:21]&#10;    |   |--IDENT -&gt; m7 [55:15]&#10;    |   |--LPAREN -&gt; ( [55:17]&#10;    |   |--PARAMETERS -&gt; PARAMETERS [55:18]&#10;    |   |--RPAREN -&gt; ) [55:18]&#10;    |   `--SLIST -&gt; { [55:23]&#10;    |       |--LITERAL_RETURN -&gt; return [55:24]&#10;    |       |   |--EXPR -&gt; EXPR [55:31]&#10;    |       |   |   `--LITERAL_NULL -&gt; null [55:31]&#10;    |       |   `--SEMI -&gt; ; [55:35]&#10;    |       `--RCURLY -&gt; } [55:36]&#10;    |--METHOD_DEF -&gt; METHOD_DEF [58:4]&#10;    |   |--MODIFIERS -&gt; MODIFIERS [58:4]&#10;    |   |   `--LITERAL_PUBLIC -&gt; public [58:4]&#10;    |   |--TYPE -&gt; TYPE [58:11]&#10;    |   |   `--LITERAL_VOID -&gt; void [58:11]&#10;    |   |--IDENT -&gt; m10 [58:16]&#10;    |   |--LPAREN -&gt; ( [58:19]&#10;    |   |--PARAMETERS -&gt; PARAMETERS [58:20]&#10;    |   |   `--PARAMETER_DEF -&gt; PARAMETER_DEF [58:20]&#10;    |   |       |--MODIFIERS -&gt; MODIFIERS [58:20]&#10;    |   |       |--TYPE -&gt; TYPE [58:20]&#10;    |   |       |   `--IDENT -&gt; String [58:20]&#10;    |   |       `--IDENT -&gt; p1 [58:27]&#10;    |   |--RPAREN -&gt; ) [58:29]&#10;    |   `--SLIST -&gt; { [58:31]&#10;    |       `--RCURLY -&gt; } [58:32]&#10;    |--METHOD_DEF -&gt; METHOD_DEF [59:4]&#10;    |   |--MODIFIERS -&gt; MODIFIERS [59:4]&#10;    |   |   `--LITERAL_PUBLIC -&gt; public [59:4]&#10;    |   |--TYPE -&gt; TYPE [59:11]&#10;    |   |   `--LITERAL_VOID -&gt; void [59:11]&#10;    |   |--IDENT -&gt; m11 [59:16]&#10;    |   |--LPAREN -&gt; ( [59:19]&#10;    |   |--PARAMETERS -&gt; PARAMETERS [59:20]&#10;    |   |   `--PARAMETER_DEF -&gt; PARAMETER_DEF [59:20]&#10;    |   |       |--MODIFIERS -&gt; MODIFIERS [59:20]&#10;    |   |       |   `--FINAL -&gt; final [59:20]&#10;    |   |       |--TYPE -&gt; TYPE [59:26]&#10;    |   |       |   `--IDENT -&gt; String [59:26]&#10;    |   |       `--IDENT -&gt; p1 [59:33]&#10;    |   |--RPAREN -&gt; ) [59:35]&#10;    |   `--SLIST -&gt; { [59:37]&#10;    |       `--RCURLY -&gt; } [59:38]&#10;    |--METHOD_DEF -&gt; METHOD_DEF [60:4]&#10;    |   |--MODIFIERS -&gt; MODIFIERS [60:4]&#10;    |   |   `--LITERAL_PUBLIC -&gt; public [60:4]&#10;    |   |--TYPE -&gt; TYPE [60:11]&#10;    |   |   `--LITERAL_VOID -&gt; void [60:11]&#10;    |   |--IDENT -&gt; m12 [60:16]&#10;    |   |--LPAREN -&gt; ( [60:19]&#10;    |   |--PARAMETERS -&gt; PARAMETERS [60:26]&#10;    |   |   `--PARAMETER_DEF -&gt; PARAMETER_DEF [60:26]&#10;    |   |       |--MODIFIERS -&gt; MODIFIERS [60:26]&#10;    |   |       |--TYPE -&gt; TYPE [60:26]&#10;    |   |       |   `--ARRAY_DECLARATOR -&gt; [ [60:26]&#10;    |   |       |       |--IDENT -&gt; String [60:20]&#10;    |   |       |       `--RBRACK -&gt; ] [60:27]&#10;    |   |       `--IDENT -&gt; p1 [60:29]&#10;    |   |--RPAREN -&gt; ) [60:31]&#10;    |   `--SLIST -&gt; { [60:33]&#10;    |       `--RCURLY -&gt; } [60:34]&#10;    |--METHOD_DEF -&gt; METHOD_DEF [61:4]&#10;    |   |--MODIFIERS -&gt; MODIFIERS [61:4]&#10;    |   |   `--LITERAL_PUBLIC -&gt; public [61:4]&#10;    |   |--TYPE -&gt; TYPE [61:11]&#10;    |   |   `--LITERAL_VOID -&gt; void [61:11]&#10;    |   |--IDENT -&gt; m13 [61:16]&#10;    |   |--LPAREN -&gt; ( [61:19]&#10;    |   |--PARAMETERS -&gt; PARAMETERS [61:28]&#10;    |   |   `--PARAMETER_DEF -&gt; PARAMETER_DEF [61:28]&#10;    |   |       |--MODIFIERS -&gt; MODIFIERS [61:28]&#10;    |   |       |--TYPE -&gt; TYPE [61:28]&#10;    |   |       |   `--ARRAY_DECLARATOR -&gt; [ [61:28]&#10;    |   |       |       |--ARRAY_DECLARATOR -&gt; [ [61:26]&#10;    |   |       |       |   |--IDENT -&gt; String [61:20]&#10;    |   |       |       |   `--RBRACK -&gt; ] [61:27]&#10;    |   |       |       `--RBRACK -&gt; ] [61:29]&#10;    |   |       `--IDENT -&gt; p1 [61:31]&#10;    |   |--RPAREN -&gt; ) [61:33]&#10;    |   `--SLIST -&gt; { [61:35]&#10;    |       `--RCURLY -&gt; } [61:36]&#10;    |--METHOD_DEF -&gt; METHOD_DEF [62:4]&#10;    |   |--MODIFIERS -&gt; MODIFIERS [62:4]&#10;    |   |   `--LITERAL_PUBLIC -&gt; public [62:4]&#10;    |   |--TYPE -&gt; TYPE [62:11]&#10;    |   |   `--LITERAL_VOID -&gt; void [62:11]&#10;    |   |--IDENT -&gt; m14 [62:16]&#10;    |   |--LPAREN -&gt; ( [62:19]&#10;    |   |--PARAMETERS -&gt; PARAMETERS [62:20]&#10;    |   |   |--PARAMETER_DEF -&gt; PARAMETER_DEF [62:20]&#10;    |   |   |   |--MODIFIERS -&gt; MODIFIERS [62:20]&#10;    |   |   |   |--TYPE -&gt; TYPE [62:20]&#10;    |   |   |   |   `--IDENT -&gt; String [62:20]&#10;    |   |   |   `--IDENT -&gt; p1 [62:27]&#10;    |   |   |--COMMA -&gt; , [62:29]&#10;    |   |   `--PARAMETER_DEF -&gt; PARAMETER_DEF [62:31]&#10;    |   |       |--MODIFIERS -&gt; MODIFIERS [62:31]&#10;    |   |       |--TYPE -&gt; TYPE [62:31]&#10;    |   |       |   `--IDENT -&gt; String [62:31]&#10;    |   |       `--IDENT -&gt; p2 [62:38]&#10;    |   |--RPAREN -&gt; ) [62:40]&#10;    |   `--SLIST -&gt; { [62:42]&#10;    |       `--RCURLY -&gt; } [62:43]&#10;    |--METHOD_DEF -&gt; METHOD_DEF [63:4]&#10;    |   |--MODIFIERS -&gt; MODIFIERS [63:4]&#10;    |   |   `--LITERAL_PUBLIC -&gt; public [63:4]&#10;    |   |--TYPE -&gt; TYPE [63:11]&#10;    |   |   `--LITERAL_VOID -&gt; void [63:11]&#10;    |   |--IDENT -&gt; m15 [63:16]&#10;    |   |--LPAREN -&gt; ( [63:19]&#10;    |   |--PARAMETERS -&gt; PARAMETERS [63:20]&#10;    |   |   `--PARAMETER_DEF -&gt; PARAMETER_DEF [63:20]&#10;    |   |       |--MODIFIERS -&gt; MODIFIERS [63:20]&#10;    |   |       |--TYPE -&gt; TYPE [63:20]&#10;    |   |       |   `--IDENT -&gt; String [63:20]&#10;    |   |       |--ELLIPSIS -&gt; ... [63:26]&#10;    |   |       `--IDENT -&gt; p1 [63:30]&#10;    |   |--RPAREN -&gt; ) [63:32]&#10;    |   `--SLIST -&gt; { [63:34]&#10;    |       `--RCURLY -&gt; } [63:35]&#10;    |--METHOD_DEF -&gt; METHOD_DEF [64:4]&#10;    |   |--MODIFIERS -&gt; MODIFIERS [64:4]&#10;    |   |   `--LITERAL_PUBLIC -&gt; public [64:4]&#10;    |   |--TYPE -&gt; TYPE [64:11]&#10;    |   |   `--LITERAL_VOID -&gt; void [64:11]&#10;    |   |--IDENT -&gt; m16 [64:16]&#10;    |   |--LPAREN -&gt; ( [64:19]&#10;    |   |--PARAMETERS -&gt; PARAMETERS [64:26]&#10;    |   |   `--PARAMETER_DEF -&gt; PARAMETER_DEF [64:26]&#10;    |   |       |--MODIFIERS -&gt; MODIFIERS [64:26]&#10;    |   |       |--TYPE -&gt; TYPE [64:26]&#10;    |   |       |   `--ARRAY_DECLARATOR -&gt; [ [64:26]&#10;    |   |       |       |--IDENT -&gt; String [64:20]&#10;    |   |       |       `--RBRACK -&gt; ] [64:27]&#10;    |   |       |--ELLIPSIS -&gt; ... [64:28]&#10;    |   |       `--IDENT -&gt; p1 [64:32]&#10;    |   |--RPAREN -&gt; ) [64:34]&#10;    |   `--SLIST -&gt; { [64:36]&#10;    |       `--RCURLY -&gt; } [64:37]&#10;    |--METHOD_DEF -&gt; METHOD_DEF [65:4]&#10;    |   |--MODIFIERS -&gt; MODIFIERS [65:4]&#10;    |   |   `--LITERAL_PUBLIC -&gt; public [65:4]&#10;    |   |--TYPE -&gt; TYPE [65:11]&#10;    |   |   `--LITERAL_VOID -&gt; void [65:11]&#10;    |   |--IDENT -&gt; m17 [65:16]&#10;    |   |--LPAREN -&gt; ( [65:19]&#10;    |   |--PARAMETERS -&gt; PARAMETERS [65:20]&#10;    |   |   |--PARAMETER_DEF -&gt; PARAMETER_DEF [65:20]&#10;    |   |   |   |--MODIFIERS -&gt; MODIFIERS [65:20]&#10;    |   |   |   |--TYPE -&gt; TYPE [65:20]&#10;    |   |   |   |   `--LITERAL_INT -&gt; int [65:20]&#10;    |   |   |   `--IDENT -&gt; p1 [65:24]&#10;    |   |   |--COMMA -&gt; , [65:26]&#10;    |   |   `--PARAMETER_DEF -&gt; PARAMETER_DEF [65:34]&#10;    |   |       |--MODIFIERS -&gt; MODIFIERS [65:34]&#10;    |   |       |--TYPE -&gt; TYPE [65:34]&#10;    |   |       |   `--ARRAY_DECLARATOR -&gt; [ [65:34]&#10;    |   |       |       |--IDENT -&gt; String [65:28]&#10;    |   |       |       `--RBRACK -&gt; ] [65:35]&#10;    |   |       |--ELLIPSIS -&gt; ... [65:36]&#10;    |   |       `--IDENT -&gt; p2 [65:40]&#10;    |   |--RPAREN -&gt; ) [65:42]&#10;    |   `--SLIST -&gt; { [65:44]&#10;    |       `--RCURLY -&gt; } [65:45]&#10;    |--METHOD_DEF -&gt; METHOD_DEF [68:4]&#10;    |   |--MODIFIERS -&gt; MODIFIERS [68:4]&#10;    |   |   `--LITERAL_PUBLIC -&gt; public [68:4]&#10;    |   |--TYPE -&gt; TYPE [68:11]&#10;    |   |   `--LITERAL_VOID -&gt; void [68:11]&#10;    |   |--IDENT -&gt; m18 [68:16]&#10;    |   |--LPAREN -&gt; ( [68:19]&#10;    |   |--PARAMETERS -&gt; PARAMETERS [68:20]&#10;    |   |--RPAREN -&gt; ) [68:20]&#10;    |   |--LITERAL_THROWS -&gt; throws [68:22]&#10;    |   |   `--IDENT -&gt; Exception [68:29]&#10;    |   `--SLIST -&gt; { [68:39]&#10;    |       `--RCURLY -&gt; } [68:40]&#10;    |--METHOD_DEF -&gt; METHOD_DEF [69:4]&#10;    |   |--MODIFIERS -&gt; MODIFIERS [69:4]&#10;    |   |   `--LITERAL_PUBLIC -&gt; public [69:4]&#10;    |   |--TYPE -&gt; TYPE [69:11]&#10;    |   |   `--LITERAL_VOID -&gt; void [69:11]&#10;    |   |--IDENT -&gt; m19 [69:16]&#10;    |   |--LPAREN -&gt; ( [69:19]&#10;    |   |--PARAMETERS -&gt; PARAMETERS [69:20]&#10;    |   |--RPAREN -&gt; ) [69:20]&#10;    |   |--LITERAL_THROWS -&gt; throws [69:22]&#10;    |   |   |--IDENT -&gt; IOException [69:29]&#10;    |   |   |--COMMA -&gt; , [69:40]&#10;    |   |   `--IDENT -&gt; Exception [69:42]&#10;    |   `--SLIST -&gt; { [69:52]&#10;    |       `--RCURLY -&gt; } [69:53]&#10;    |--METHOD_DEF -&gt; METHOD_DEF [72:4]&#10;    |   |--MODIFIERS -&gt; MODIFIERS [72:4]&#10;    |   |   `--LITERAL_PUBLIC -&gt; public [72:4]&#10;    |   |--TYPE_PARAMETERS -&gt; TYPE_PARAMETERS [72:11]&#10;    |   |   |--GENERIC_START -&gt; &lt; [72:11]&#10;    |   |   |--TYPE_PARAMETER -&gt; TYPE_PARAMETER [72:12]&#10;    |   |   |   `--IDENT -&gt; T_$ [72:12]&#10;    |   |   `--GENERIC_END -&gt; &gt; [72:15]&#10;    |   |--TYPE -&gt; TYPE [72:17]&#10;    |   |   `--IDENT -&gt; T_$ [72:17]&#10;    |   |--IDENT -&gt; m20 [72:21]&#10;    |   |--LPAREN -&gt; ( [72:24]&#10;    |   |--PARAMETERS -&gt; PARAMETERS [72:25]&#10;    |   |--RPAREN -&gt; ) [72:25]&#10;    |   `--SLIST -&gt; { [72:27]&#10;    |       |--LITERAL_RETURN -&gt; return [72:28]&#10;    |       |   |--EXPR -&gt; EXPR [72:35]&#10;    |       |   |   `--LITERAL_NULL -&gt; null [72:35]&#10;    |       |   `--SEMI -&gt; ; [72:39]&#10;    |       `--RCURLY -&gt; } [72:40]&#10;    |--METHOD_DEF -&gt; METHOD_DEF [73:4]&#10;    |   |--MODIFIERS -&gt; MODIFIERS [73:4]&#10;    |   |   `--LITERAL_PUBLIC -&gt; public [73:4]&#10;    |   |--TYPE_PARAMETERS -&gt; TYPE_PARAMETERS [73:11]&#10;    |   |   |--GENERIC_START -&gt; &lt; [73:11]&#10;    |   |   |--TYPE_PARAMETER -&gt; TYPE_PARAMETER [73:12]&#10;    |   |   |   `--IDENT -&gt; $_T [73:12]&#10;    |   |   `--GENERIC_END -&gt; &gt; [73:15]&#10;    |   |--TYPE -&gt; TYPE [73:17]&#10;    |   |   `--IDENT -&gt; $_T [73:17]&#10;    |   |--IDENT -&gt; m21 [73:21]&#10;    |   |--LPAREN -&gt; ( [73:24]&#10;    |   |--PARAMETERS -&gt; PARAMETERS [73:25]&#10;    |   |--RPAREN -&gt; ) [73:25]&#10;    |   `--SLIST -&gt; { [73:27]&#10;    |       |--LITERAL_RETURN -&gt; return [73:28]&#10;    |       |   |--EXPR -&gt; EXPR [73:35]&#10;    |       |   |   `--LITERAL_NULL -&gt; null [73:35]&#10;    |       |   `--SEMI -&gt; ; [73:39]&#10;    |       `--RCURLY -&gt; } [73:40]&#10;    |--METHOD_DEF -&gt; METHOD_DEF [74:4]&#10;    |   |--MODIFIERS -&gt; MODIFIERS [74:4]&#10;    |   |   `--LITERAL_PUBLIC -&gt; public [74:4]&#10;    |   |--TYPE_PARAMETERS -&gt; TYPE_PARAMETERS [74:11]&#10;    |   |   |--GENERIC_START -&gt; &lt; [74:11]&#10;    |   |   |--TYPE_PARAMETER -&gt; TYPE_PARAMETER [74:12]&#10;    |   |   |   |--IDENT -&gt; T [74:12]&#10;    |   |   |   `--TYPE_UPPER_BOUNDS -&gt; extends [74:14]&#10;    |   |   |       |--IDENT -&gt; Enum [74:22]&#10;    |   |   |       `--TYPE_ARGUMENTS -&gt; TYPE_ARGUMENTS [74:26]&#10;    |   |   |           |--GENERIC_START -&gt; &lt; [74:26]&#10;    |   |   |           |--TYPE_ARGUMENT -&gt; TYPE_ARGUMENT [74:27]&#10;    |   |   |           |   `--TYPE -&gt; TYPE [74:27]&#10;    |   |   |           |       `--IDENT -&gt; T [74:27]&#10;    |   |   |           `--GENERIC_END -&gt; &gt; [74:28]&#10;    |   |   `--GENERIC_END -&gt; &gt; [74:29]&#10;    |   |--TYPE -&gt; TYPE [74:31]&#10;    |   |   `--LITERAL_VOID -&gt; void [74:31]&#10;    |   |--IDENT -&gt; m22 [74:36]&#10;    |   |--LPAREN -&gt; ( [74:39]&#10;    |   |--PARAMETERS -&gt; PARAMETERS [74:40]&#10;    |   |--RPAREN -&gt; ) [74:40]&#10;    |   `--SLIST -&gt; { [74:42]&#10;    |       `--RCURLY -&gt; } [74:43]&#10;    |--METHOD_DEF -&gt; METHOD_DEF [75:4]&#10;    |   |--MODIFIERS -&gt; MODIFIERS [75:4]&#10;    |   |   `--LITERAL_PUBLIC -&gt; public [75:4]&#10;    |   |--TYPE_PARAMETERS -&gt; TYPE_PARAMETERS [75:11]&#10;    |   |   |--GENERIC_START -&gt; &lt; [75:11]&#10;    |   |   |--TYPE_PARAMETER -&gt; TYPE_PARAMETER [75:12]&#10;    |   |   |   `--IDENT -&gt; T [75:12]&#10;    |   |   `--GENERIC_END -&gt; &gt; [75:13]&#10;    |   |--TYPE -&gt; TYPE [75:15]&#10;    |   |   `--LITERAL_VOID -&gt; void [75:15]&#10;    |   |--IDENT -&gt; m23 [75:20]&#10;    |   |--LPAREN -&gt; ( [75:23]&#10;    |   |--PARAMETERS -&gt; PARAMETERS [75:24]&#10;    |   |--RPAREN -&gt; ) [75:24]&#10;    |   `--SLIST -&gt; { [75:26]&#10;    |       `--RCURLY -&gt; } [75:27]&#10;    |--SEMI -&gt; ; [75:28]&#10;    |--METHOD_DEF -&gt; METHOD_DEF [76:4]&#10;    |   |--MODIFIERS -&gt; MODIFIERS [76:4]&#10;    |   |   `--LITERAL_PUBLIC -&gt; public [76:4]&#10;    |   |--TYPE_PARAMETERS -&gt; TYPE_PARAMETERS [76:11]&#10;    |   |   |--GENERIC_START -&gt; &lt; [76:11]&#10;    |   |   |--TYPE_PARAMETER -&gt; TYPE_PARAMETER [76:12]&#10;    |   |   |   |--IDENT -&gt; T [76:12]&#10;    |   |   |   `--TYPE_UPPER_BOUNDS -&gt; extends [76:14]&#10;    |   |   |       |--IDENT -&gt; RuntimeException [76:22]&#10;    |   |   |       |--TYPE_EXTENSION_AND -&gt; &amp; [76:39]&#10;    |   |   |       `--DOT -&gt; . [76:48]&#10;    |   |   |           |--DOT -&gt; . [76:45]&#10;    |   |   |           |   |--IDENT -&gt; java [76:41]&#10;    |   |   |           |   `--IDENT -&gt; io [76:46]&#10;    |   |   |           `--IDENT -&gt; Serializable [76:49]&#10;    |   |   `--GENERIC_END -&gt; &gt; [76:61]&#10;    |   |--TYPE -&gt; TYPE [76:63]&#10;    |   |   `--LITERAL_VOID -&gt; void [76:63]&#10;    |   |--IDENT -&gt; m24 [76:68]&#10;    |   |--LPAREN -&gt; ( [76:71]&#10;    |   |--PARAMETERS -&gt; PARAMETERS [76:72]&#10;    |   |--RPAREN -&gt; ) [76:72]&#10;    |   `--SLIST -&gt; { [76:74]&#10;    |       `--RCURLY -&gt; } [76:75]&#10;    |--METHOD_DEF -&gt; METHOD_DEF [79:4]&#10;    |   |--MODIFIERS -&gt; MODIFIERS [79:4]&#10;    |   |   |--ANNOTATION -&gt; ANNOTATION [79:4]&#10;    |   |   |   |--AT -&gt; @ [79:4]&#10;    |   |   |   |--IDENT -&gt; SuppressWarnings [79:5]&#10;    |   |   |   |--LPAREN -&gt; ( [79:21]&#10;    |   |   |   |--ANNOTATION_ARRAY_INIT -&gt; { [79:22]&#10;    |   |   |   |   `--RCURLY -&gt; } [79:23]&#10;    |   |   |   `--RPAREN -&gt; ) [79:24]&#10;    |   |   `--LITERAL_PUBLIC -&gt; public [80:4]&#10;    |   |--TYPE -&gt; TYPE [80:11]&#10;    |   |   `--LITERAL_VOID -&gt; void [80:11]&#10;    |   |--IDENT -&gt; m50 [80:16]&#10;    |   |--LPAREN -&gt; ( [80:19]&#10;    |   |--PARAMETERS -&gt; PARAMETERS [80:20]&#10;    |   |--RPAREN -&gt; ) [80:20]&#10;    |   `--SLIST -&gt; { [80:22]&#10;    |       `--RCURLY -&gt; } [80:23]&#10;    |--METHOD_DEF -&gt; METHOD_DEF [81:4]&#10;    |   |--MODIFIERS -&gt; MODIFIERS [81:4]&#10;    |   |   |--ANNOTATION -&gt; ANNOTATION [81:4]&#10;    |   |   |   |--AT -&gt; @ [81:4]&#10;    |   |   |   |--IDENT -&gt; SuppressWarnings [81:5]&#10;    |   |   |   |--LPAREN -&gt; ( [81:21]&#10;    |   |   |   |--ANNOTATION_ARRAY_INIT -&gt; { [81:22]&#10;    |   |   |   |   |--EXPR -&gt; EXPR [81:23]&#10;    |   |   |   |   |   `--STRING_LITERAL -&gt; &quot;1&quot; [81:23]&#10;    |   |   |   |   `--RCURLY -&gt; } [81:26]&#10;    |   |   |   `--RPAREN -&gt; ) [81:27]&#10;    |   |   `--LITERAL_PUBLIC -&gt; public [82:4]&#10;    |   |--TYPE -&gt; TYPE [82:11]&#10;    |   |   `--LITERAL_VOID -&gt; void [82:11]&#10;    |   |--IDENT -&gt; m51 [82:16]&#10;    |   |--LPAREN -&gt; ( [82:19]&#10;    |   |--PARAMETERS -&gt; PARAMETERS [82:20]&#10;    |   |--RPAREN -&gt; ) [82:20]&#10;    |   `--SLIST -&gt; { [82:22]&#10;    |       `--RCURLY -&gt; } [82:23]&#10;    |--METHOD_DEF -&gt; METHOD_DEF [83:4]&#10;    |   |--MODIFIERS -&gt; MODIFIERS [83:4]&#10;    |   |   |--ANNOTATION -&gt; ANNOTATION [83:4]&#10;    |   |   |   |--AT -&gt; @ [83:4]&#10;    |   |   |   |--IDENT -&gt; SuppressWarnings [83:5]&#10;    |   |   |   |--LPAREN -&gt; ( [83:21]&#10;    |   |   |   |--ANNOTATION_ARRAY_INIT -&gt; { [83:22]&#10;    |   |   |   |   |--EXPR -&gt; EXPR [83:23]&#10;    |   |   |   |   |   `--STRING_LITERAL -&gt; &quot;1&quot; [83:23]&#10;    |   |   |   |   |--COMMA -&gt; , [83:26]&#10;    |   |   |   |   |--EXPR -&gt; EXPR [83:27]&#10;    |   |   |   |   |   `--STRING_LITERAL -&gt; &quot;2&quot; [83:27]&#10;    |   |   |   |   `--RCURLY -&gt; } [83:30]&#10;    |   |   |   `--RPAREN -&gt; ) [83:31]&#10;    |   |   `--LITERAL_PUBLIC -&gt; public [84:4]&#10;    |   |--TYPE -&gt; TYPE [84:11]&#10;    |   |   `--LITERAL_VOID -&gt; void [84:11]&#10;    |   |--IDENT -&gt; m52 [84:16]&#10;    |   |--LPAREN -&gt; ( [84:19]&#10;    |   |--PARAMETERS -&gt; PARAMETERS [84:20]&#10;    |   |--RPAREN -&gt; ) [84:20]&#10;    |   `--SLIST -&gt; { [84:22]&#10;    |       `--RCURLY -&gt; } [84:23]&#10;    |--METHOD_DEF -&gt; METHOD_DEF [85:4]&#10;    |   |--MODIFIERS -&gt; MODIFIERS [85:4]&#10;    |   |   |--ANNOTATION -&gt; ANNOTATION [85:4]&#10;    |   |   |   |--AT -&gt; @ [85:4]&#10;    |   |   |   |--IDENT -&gt; SuppressWarnings [85:5]&#10;    |   |   |   |--LPAREN -&gt; ( [85:21]&#10;    |   |   |   |--ANNOTATION_MEMBER_VALUE_PAIR -&gt; ANNOTATION_MEMBER_VALUE_PAIR [85:22]&#10;    |   |   |   |   |--IDENT -&gt; value [85:22]&#10;    |   |   |   |   |--ASSIGN -&gt; = [85:27]&#10;    |   |   |   |   `--ANNOTATION_ARRAY_INIT -&gt; { [85:28]&#10;    |   |   |   |       |--EXPR -&gt; EXPR [85:29]&#10;    |   |   |   |       |   `--STRING_LITERAL -&gt; &quot;1&quot; [85:29]&#10;    |   |   |   |       `--RCURLY -&gt; } [85:32]&#10;    |   |   |   `--RPAREN -&gt; ) [85:33]&#10;    |   |   `--LITERAL_PUBLIC -&gt; public [86:4]&#10;    |   |--TYPE -&gt; TYPE [86:11]&#10;    |   |   `--LITERAL_VOID -&gt; void [86:11]&#10;    |   |--IDENT -&gt; m53 [86:16]&#10;    |   |--LPAREN -&gt; ( [86:19]&#10;    |   |--PARAMETERS -&gt; PARAMETERS [86:20]&#10;    |   |--RPAREN -&gt; ) [86:20]&#10;    |   `--SLIST -&gt; { [86:22]&#10;    |       `--RCURLY -&gt; } [86:23]&#10;    |--METHOD_DEF -&gt; METHOD_DEF [87:4]&#10;    |   |--MODIFIERS -&gt; MODIFIERS [87:4]&#10;    |   |   |--ANNOTATION -&gt; ANNOTATION [87:4]&#10;    |   |   |   |--AT -&gt; @ [87:4]&#10;    |   |   |   |--IDENT -&gt; SuppressWarnings [87:5]&#10;    |   |   |   |--LPAREN -&gt; ( [87:21]&#10;    |   |   |   |--ANNOTATION_MEMBER_VALUE_PAIR -&gt; ANNOTATION_MEMBER_VALUE_PAIR [87:22]&#10;    |   |   |   |   |--IDENT -&gt; value [87:22]&#10;    |   |   |   |   |--ASSIGN -&gt; = [87:27]&#10;    |   |   |   |   `--ANNOTATION_ARRAY_INIT -&gt; { [87:28]&#10;    |   |   |   |       |--EXPR -&gt; EXPR [87:29]&#10;    |   |   |   |       |   `--STRING_LITERAL -&gt; &quot;1&quot; [87:29]&#10;    |   |   |   |       |--COMMA -&gt; , [87:32]&#10;    |   |   |   |       `--RCURLY -&gt; } [87:33]&#10;    |   |   |   `--RPAREN -&gt; ) [87:34]&#10;    |   |   `--LITERAL_PUBLIC -&gt; public [88:4]&#10;    |   |--TYPE -&gt; TYPE [88:11]&#10;    |   |   `--LITERAL_VOID -&gt; void [88:11]&#10;    |   |--IDENT -&gt; m54 [88:16]&#10;    |   |--LPAREN -&gt; ( [88:19]&#10;    |   |--PARAMETERS -&gt; PARAMETERS [88:20]&#10;    |   |--RPAREN -&gt; ) [88:20]&#10;    |   `--SLIST -&gt; { [88:22]&#10;    |       `--RCURLY -&gt; } [88:23]&#10;    |--METHOD_DEF -&gt; METHOD_DEF [89:4]&#10;    |   |--MODIFIERS -&gt; MODIFIERS [89:4]&#10;    |   |   |--ANNOTATION -&gt; ANNOTATION [89:4]&#10;    |   |   |   |--AT -&gt; @ [89:4]&#10;    |   |   |   |--IDENT -&gt; SuppressWarnings [89:5]&#10;    |   |   |   |--LPAREN -&gt; ( [89:21]&#10;    |   |   |   |--ANNOTATION_MEMBER_VALUE_PAIR -&gt; ANNOTATION_MEMBER_VALUE_PAIR [89:22]&#10;    |   |   |   |   |--IDENT -&gt; value [89:22]&#10;    |   |   |   |   |--ASSIGN -&gt; = [89:27]&#10;    |   |   |   |   `--ANNOTATION_ARRAY_INIT -&gt; { [89:28]&#10;    |   |   |   |       |--EXPR -&gt; EXPR [89:29]&#10;    |   |   |   |       |   `--STRING_LITERAL -&gt; &quot;1&quot; [89:29]&#10;    |   |   |   |       |--COMMA -&gt; , [89:32]&#10;    |   |   |   |       |--EXPR -&gt; EXPR [89:33]&#10;    |   |   |   |       |   `--STRING_LITERAL -&gt; &quot;2&quot; [89:33]&#10;    |   |   |   |       `--RCURLY -&gt; } [89:36]&#10;    |   |   |   `--RPAREN -&gt; ) [89:37]&#10;    |   |   `--LITERAL_PUBLIC -&gt; public [90:4]&#10;    |   |--TYPE -&gt; TYPE [90:11]&#10;    |   |   `--LITERAL_VOID -&gt; void [90:11]&#10;    |   |--IDENT -&gt; m55 [90:16]&#10;    |   |--LPAREN -&gt; ( [90:19]&#10;    |   |--PARAMETERS -&gt; PARAMETERS [90:20]&#10;    |   |--RPAREN -&gt; ) [90:20]&#10;    |   `--SLIST -&gt; { [90:22]&#10;    |       `--RCURLY -&gt; } [90:23]&#10;    |--METHOD_DEF -&gt; METHOD_DEF [91:4]&#10;    |   |--MODIFIERS -&gt; MODIFIERS [91:4]&#10;    |   |   |--ANNOTATION -&gt; ANNOTATION [91:4]&#10;    |   |   |   |--AT -&gt; @ [91:4]&#10;    |   |   |   |--IDENT -&gt; InputRegressionJavaAnnotation1 [91:5]&#10;    |   |   |   |--LPAREN -&gt; ( [91:35]&#10;    |   |   |   |--ANNOTATION_MEMBER_VALUE_PAIR -&gt; ANNOTATION_MEMBER_VALUE_PAIR [91:36]&#10;    |   |   |   |   |--IDENT -&gt; m1 [91:36]&#10;    |   |   |   |   |--ASSIGN -&gt; = [91:38]&#10;    |   |   |   |   `--EXPR -&gt; EXPR [91:39]&#10;    |   |   |   |       `--STRING_LITERAL -&gt; &quot;1&quot; [91:39]&#10;    |   |   |   |--COMMA -&gt; , [91:42]&#10;    |   |   |   |--ANNOTATION_MEMBER_VALUE_PAIR -&gt; ANNOTATION_MEMBER_VALUE_PAIR [91:44]&#10;    |   |   |   |   |--IDENT -&gt; m2 [91:44]&#10;    |   |   |   |   |--ASSIGN -&gt; = [91:46]&#10;    |   |   |   |   `--EXPR -&gt; EXPR [91:47]&#10;    |   |   |   |       `--STRING_LITERAL -&gt; &quot;2&quot; [91:47]&#10;    |   |   |   `--RPAREN -&gt; ) [91:50]&#10;    |   |   `--LITERAL_PUBLIC -&gt; public [92:4]&#10;    |   |--TYPE -&gt; TYPE [92:11]&#10;    |   |   `--LITERAL_VOID -&gt; void [92:11]&#10;    |   |--IDENT -&gt; m56 [92:16]&#10;    |   |--LPAREN -&gt; ( [92:19]&#10;    |   |--PARAMETERS -&gt; PARAMETERS [92:20]&#10;    |   |--RPAREN -&gt; ) [92:20]&#10;    |   `--SLIST -&gt; { [92:22]&#10;    |       `--RCURLY -&gt; } [92:23]&#10;    |--METHOD_DEF -&gt; METHOD_DEF [93:4]&#10;    |   |--MODIFIERS -&gt; MODIFIERS [93:4]&#10;    |   |   |--ANNOTATION -&gt; ANNOTATION [93:4]&#10;    |   |   |   |--AT -&gt; @ [93:4]&#10;    |   |   |   |--IDENT -&gt; ComplexAnnotation [93:5]&#10;    |   |   |   |--LPAREN -&gt; ( [93:22]&#10;    |   |   |   |--ANNOTATION_ARRAY_INIT -&gt; { [93:23]&#10;    |   |   |   |   |--ANNOTATION -&gt; ANNOTATION [94:12]&#10;    |   |   |   |   |   |--AT -&gt; @ [94:12]&#10;    |   |   |   |   |   |--IDENT -&gt; InputRegressionJavaAnnotation1 [94:13]&#10;    |   |   |   |   |   |--LPAREN -&gt; ( [94:43]&#10;    |   |   |   |   |   |--ANNOTATION_MEMBER_VALUE_PAIR -&gt; ANNOTATION_MEMBER_VALUE_PAIR [94:44]&#10;    |   |   |   |   |   |   |--IDENT -&gt; m1 [94:44]&#10;    |   |   |   |   |   |   |--ASSIGN -&gt; = [94:47]&#10;    |   |   |   |   |   |   `--EXPR -&gt; EXPR [94:49]&#10;    |   |   |   |   |   |       `--STRING_LITERAL -&gt; &quot;1&quot; [94:49]&#10;    |   |   |   |   |   `--RPAREN -&gt; ) [94:52]&#10;    |   |   |   |   |--COMMA -&gt; , [94:53]&#10;    |   |   |   |   |--ANNOTATION -&gt; ANNOTATION [94:55]&#10;    |   |   |   |   |   |--AT -&gt; @ [94:55]&#10;    |   |   |   |   |   |--IDENT -&gt; InputRegressionJavaAnnotation1 [94:56]&#10;    |   |   |   |   |   |--LPAREN -&gt; ( [94:86]&#10;    |   |   |   |   |   |--ANNOTATION_MEMBER_VALUE_PAIR -&gt; ANNOTATION_MEMBER_VALUE_PAIR [94:87]&#10;    |   |   |   |   |   |   |--IDENT -&gt; m1 [94:87]&#10;    |   |   |   |   |   |   |--ASSIGN -&gt; = [94:90]&#10;    |   |   |   |   |   |   `--EXPR -&gt; EXPR [94:92]&#10;    |   |   |   |   |   |       `--STRING_LITERAL -&gt; &quot;1&quot; [94:92]&#10;    |   |   |   |   |   `--RPAREN -&gt; ) [94:95]&#10;    |   |   |   |   `--RCURLY -&gt; } [95:4]&#10;    |   |   |   `--RPAREN -&gt; ) [95:5]&#10;    |   |   `--LITERAL_PUBLIC -&gt; public [96:4]&#10;    |   |--TYPE -&gt; TYPE [96:11]&#10;    |   |   `--LITERAL_VOID -&gt; void [96:11]&#10;    |   |--IDENT -&gt; m57 [96:16]&#10;    |   |--LPAREN -&gt; ( [96:19]&#10;    |   |--PARAMETERS -&gt; PARAMETERS [96:20]&#10;    |   |--RPAREN -&gt; ) [96:20]&#10;    |   `--SLIST -&gt; { [96:22]&#10;    |       `--RCURLY -&gt; } [96:23]&#10;    |--METHOD_DEF -&gt; METHOD_DEF [97:4]&#10;    |   |--MODIFIERS -&gt; MODIFIERS [97:4]&#10;    |   |   `--LITERAL_PUBLIC -&gt; public [97:4]&#10;    |   |--TYPE -&gt; TYPE [97:11]&#10;    |   |   `--LITERAL_VOID -&gt; void [97:11]&#10;    |   |--IDENT -&gt; m58 [97:16]&#10;    |   |--LPAREN -&gt; ( [97:19]&#10;    |   |--PARAMETERS -&gt; PARAMETERS [97:20]&#10;    |   |   `--PARAMETER_DEF -&gt; PARAMETER_DEF [97:20]&#10;    |   |       |--MODIFIERS -&gt; MODIFIERS [97:20]&#10;    |   |       |   `--ANNOTATION -&gt; ANNOTATION [97:20]&#10;    |   |       |       |--AT -&gt; @ [97:20]&#10;    |   |       |       `--IDENT -&gt; Deprecated [97:21]&#10;    |   |       |--TYPE -&gt; TYPE [97:32]&#10;    |   |       |   `--IDENT -&gt; String [97:32]&#10;    |   |       `--IDENT -&gt; s [97:39]&#10;    |   |--RPAREN -&gt; ) [97:40]&#10;    |   `--SLIST -&gt; { [97:42]&#10;    |       `--RCURLY -&gt; } [97:43]&#10;    |--METHOD_DEF -&gt; METHOD_DEF [98:4]&#10;    |   |--MODIFIERS -&gt; MODIFIERS [98:4]&#10;    |   |   `--LITERAL_PUBLIC -&gt; public [98:4]&#10;    |   |--TYPE -&gt; TYPE [98:11]&#10;    |   |   `--LITERAL_VOID -&gt; void [98:11]&#10;    |   |--IDENT -&gt; m59 [98:16]&#10;    |   |--LPAREN -&gt; ( [98:19]&#10;    |   |--PARAMETERS -&gt; PARAMETERS [98:20]&#10;    |   |   `--PARAMETER_DEF -&gt; PARAMETER_DEF [98:20]&#10;    |   |       |--MODIFIERS -&gt; MODIFIERS [98:20]&#10;    |   |       |   |--FINAL -&gt; final [98:20]&#10;    |   |       |   `--ANNOTATION -&gt; ANNOTATION [98:26]&#10;    |   |       |       |--AT -&gt; @ [98:26]&#10;    |   |       |       `--IDENT -&gt; Deprecated [98:27]&#10;    |   |       |--TYPE -&gt; TYPE [98:38]&#10;    |   |       |   `--IDENT -&gt; List [98:38]&#10;    |   |       `--IDENT -&gt; l [98:43]&#10;    |   |--RPAREN -&gt; ) [98:44]&#10;    |   `--SLIST -&gt; { [98:46]&#10;    |       `--RCURLY -&gt; } [98:47]&#10;    |--INSTANCE_INIT -&gt; INSTANCE_INIT [101:4]&#10;    |   `--SLIST -&gt; { [101:4]&#10;    |       `--RCURLY -&gt; } [101:5]&#10;    |--SEMI -&gt; ; [102:4]&#10;    |--METHOD_DEF -&gt; METHOD_DEF [105:4]&#10;    |   |--MODIFIERS -&gt; MODIFIERS [105:4]&#10;    |   |   `--LITERAL_PUBLIC -&gt; public [105:4]&#10;    |   |--TYPE -&gt; TYPE [105:11]&#10;    |   |   `--LITERAL_VOID -&gt; void [105:11]&#10;    |   |--IDENT -&gt; instructions [105:16]&#10;    |   |--LPAREN -&gt; ( [105:28]&#10;    |   |--PARAMETERS -&gt; PARAMETERS [105:29]&#10;    |   |--RPAREN -&gt; ) [105:29]&#10;    |   |--LITERAL_THROWS -&gt; throws [105:31]&#10;    |   |   `--IDENT -&gt; Exception [105:38]&#10;    |   `--SLIST -&gt; { [105:48]&#10;    |       |--VARIABLE_DEF -&gt; VARIABLE_DEF [107:8]&#10;    |       |   |--MODIFIERS -&gt; MODIFIERS [107:8]&#10;    |       |   |--TYPE -&gt; TYPE [107:8]&#10;    |       |   |   `--LITERAL_BOOLEAN -&gt; boolean [107:8]&#10;    |       |   |--IDENT -&gt; b [107:16]&#10;    |       |   `--ASSIGN -&gt; = [107:18]&#10;    |       |       `--EXPR -&gt; EXPR [107:34]&#10;    |       |           `--GT -&gt; &gt; [107:34]&#10;    |       |               |--METHOD_CALL -&gt; ( [107:31]&#10;    |       |               |   |--DOT -&gt; . [107:24]&#10;    |       |               |   |   |--IDENT -&gt; Math [107:20]&#10;    |       |               |   |   `--IDENT -&gt; random [107:25]&#10;    |       |               |   |--ELIST -&gt; ELIST [107:32]&#10;    |       |               |   `--RPAREN -&gt; ) [107:32]&#10;    |       |               `--NUM_INT -&gt; 0 [107:36]&#10;    |       |--SEMI -&gt; ; [107:37]&#10;    |       |--VARIABLE_DEF -&gt; VARIABLE_DEF [110:8]&#10;    |       |   |--MODIFIERS -&gt; MODIFIERS [110:8]&#10;    |       |   |--TYPE -&gt; TYPE [110:8]&#10;    |       |   |   `--LITERAL_BYTE -&gt; byte [110:8]&#10;    |       |   `--IDENT -&gt; vbyte [110:13]&#10;    |       |--SEMI -&gt; ; [110:18]&#10;    |       |--VARIABLE_DEF -&gt; VARIABLE_DEF [111:8]&#10;    |       |   |--MODIFIERS -&gt; MODIFIERS [111:8]&#10;    |       |   |--TYPE -&gt; TYPE [111:8]&#10;    |       |   |   `--LITERAL_BOOLEAN -&gt; boolean [111:8]&#10;    |       |   `--IDENT -&gt; vboolean [111:16]&#10;    |       |--SEMI -&gt; ; [111:24]&#10;    |       |--VARIABLE_DEF -&gt; VARIABLE_DEF [112:8]&#10;    |       |   |--MODIFIERS -&gt; MODIFIERS [112:8]&#10;    |       |   |--TYPE -&gt; TYPE [112:8]&#10;    |       |   |   `--LITERAL_CHAR -&gt; char [112:8]&#10;    |       |   `--IDENT -&gt; vchar [112:13]&#10;    |       |--SEMI -&gt; ; [112:18]&#10;    |       |--VARIABLE_DEF -&gt; VARIABLE_DEF [113:8]&#10;    |       |   |--MODIFIERS -&gt; MODIFIERS [113:8]&#10;    |       |   |--TYPE -&gt; TYPE [113:8]&#10;    |       |   |   `--LITERAL_SHORT -&gt; short [113:8]&#10;    |       |   `--IDENT -&gt; vshort [113:14]&#10;    |       |--SEMI -&gt; ; [113:20]&#10;    |       |--VARIABLE_DEF -&gt; VARIABLE_DEF [114:8]&#10;    |       |   |--MODIFIERS -&gt; MODIFIERS [114:8]&#10;    |       |   |--TYPE -&gt; TYPE [114:8]&#10;    |       |   |   `--LITERAL_INT -&gt; int [114:8]&#10;    |       |   `--IDENT -&gt; vint [114:12]&#10;    |       |--SEMI -&gt; ; [114:16]&#10;    |       |--VARIABLE_DEF -&gt; VARIABLE_DEF [115:8]&#10;    |       |   |--MODIFIERS -&gt; MODIFIERS [115:8]&#10;    |       |   |--TYPE -&gt; TYPE [115:8]&#10;    |       |   |   `--LITERAL_LONG -&gt; long [115:8]&#10;    |       |   `--IDENT -&gt; vlong [115:13]&#10;    |       |--SEMI -&gt; ; [115:18]&#10;    |       |--VARIABLE_DEF -&gt; VARIABLE_DEF [116:8]&#10;    |       |   |--MODIFIERS -&gt; MODIFIERS [116:8]&#10;    |       |   |--TYPE -&gt; TYPE [116:8]&#10;    |       |   |   `--LITERAL_FLOAT -&gt; float [116:8]&#10;    |       |   `--IDENT -&gt; vfloat [116:14]&#10;    |       |--SEMI -&gt; ; [116:20]&#10;    |       |--VARIABLE_DEF -&gt; VARIABLE_DEF [117:8]&#10;    |       |   |--MODIFIERS -&gt; MODIFIERS [117:8]&#10;    |       |   |--TYPE -&gt; TYPE [117:8]&#10;    |       |   |   `--LITERAL_DOUBLE -&gt; double [117:8]&#10;    |       |   `--IDENT -&gt; vdouble [117:15]&#10;    |       |--SEMI -&gt; ; [117:22]&#10;    |       |--VARIABLE_DEF -&gt; VARIABLE_DEF [118:11]&#10;    |       |   |--MODIFIERS -&gt; MODIFIERS [118:11]&#10;    |       |   |--TYPE -&gt; TYPE [118:11]&#10;    |       |   |   `--ARRAY_DECLARATOR -&gt; [ [118:11]&#10;    |       |   |       |--LITERAL_INT -&gt; int [118:8]&#10;    |       |   |       `--RBRACK -&gt; ] [118:12]&#10;    |       |   `--IDENT -&gt; varray [118:14]&#10;    |       |--SEMI -&gt; ; [118:20]&#10;    |       |--VARIABLE_DEF -&gt; VARIABLE_DEF [119:19]&#10;    |       |   |--MODIFIERS -&gt; MODIFIERS [119:19]&#10;    |       |   |--TYPE -&gt; TYPE [119:19]&#10;    |       |   |   `--ARRAY_DECLARATOR -&gt; [ [119:19]&#10;    |       |   |       |--LITERAL_INT -&gt; int [119:8]&#10;    |       |   |       `--RBRACK -&gt; ] [119:20]&#10;    |       |   `--IDENT -&gt; varray2 [119:12]&#10;    |       |--SEMI -&gt; ; [119:21]&#10;    |       |--VARIABLE_DEF -&gt; VARIABLE_DEF [120:8]&#10;    |       |   |--MODIFIERS -&gt; MODIFIERS [120:8]&#10;    |       |   |--TYPE -&gt; TYPE [120:8]&#10;    |       |   |   `--LITERAL_BOOLEAN -&gt; boolean [120:8]&#10;    |       |   |--IDENT -&gt; test1 [120:16]&#10;    |       |   `--ASSIGN -&gt; = [120:22]&#10;    |       |       `--EXPR -&gt; EXPR [120:24]&#10;    |       |           `--LITERAL_TRUE -&gt; true [120:24]&#10;    |       |--SEMI -&gt; ; [120:28]&#10;    |       |--VARIABLE_DEF -&gt; VARIABLE_DEF [123:8]&#10;    |       |   |--MODIFIERS -&gt; MODIFIERS [123:8]&#10;    |       |   |--TYPE -&gt; TYPE [123:8]&#10;    |       |   |   `--IDENT -&gt; String [123:8]&#10;    |       |   `--IDENT -&gt; vstring [123:15]&#10;    |       |--SEMI -&gt; ; [123:22]&#10;    |       |--VARIABLE_DEF -&gt; VARIABLE_DEF [124:8]&#10;    |       |   |--MODIFIERS -&gt; MODIFIERS [124:8]&#10;    |       |   |--TYPE -&gt; TYPE [124:8]&#10;    |       |   |   |--IDENT -&gt; List [124:8]&#10;    |       |   |   `--TYPE_ARGUMENTS -&gt; TYPE_ARGUMENTS [124:12]&#10;    |       |   |       |--GENERIC_START -&gt; &lt; [124:12]&#10;    |       |   |       |--TYPE_ARGUMENT -&gt; TYPE_ARGUMENT [124:13]&#10;    |       |   |       |   `--IDENT -&gt; String [124:13]&#10;    |       |   |       `--GENERIC_END -&gt; &gt; [124:19]&#10;    |       |   `--IDENT -&gt; vlist [124:21]&#10;    |       |--SEMI -&gt; ; [124:26]&#10;    |       |--VARIABLE_DEF -&gt; VARIABLE_DEF [125:8]&#10;    |       |   |--MODIFIERS -&gt; MODIFIERS [125:8]&#10;    |       |   |--TYPE -&gt; TYPE [125:8]&#10;    |       |   |   |--IDENT -&gt; Map [125:8]&#10;    |       |   |   `--TYPE_ARGUMENTS -&gt; TYPE_ARGUMENTS [125:11]&#10;    |       |   |       |--GENERIC_START -&gt; &lt; [125:11]&#10;    |       |   |       |--TYPE_ARGUMENT -&gt; TYPE_ARGUMENT [125:12]&#10;    |       |   |       |   `--IDENT -&gt; String [125:12]&#10;    |       |   |       |--COMMA -&gt; , [125:18]&#10;    |       |   |       |--TYPE_ARGUMENT -&gt; TYPE_ARGUMENT [125:26]&#10;    |       |   |       |   `--ARRAY_DECLARATOR -&gt; [ [125:26]&#10;    |       |   |       |       |--IDENT -&gt; String [125:20]&#10;    |       |   |       |       `--RBRACK -&gt; ] [125:27]&#10;    |       |   |       `--GENERIC_END -&gt; &gt; [125:28]&#10;    |       |   `--IDENT -&gt; vmap [125:30]&#10;    |       |--SEMI -&gt; ; [125:34]&#10;    |       |--VARIABLE_DEF -&gt; VARIABLE_DEF [126:11]&#10;    |       |   |--MODIFIERS -&gt; MODIFIERS [126:11]&#10;    |       |   |--TYPE -&gt; TYPE [126:11]&#10;    |       |   |   `--ARRAY_DECLARATOR -&gt; [ [126:11]&#10;    |       |   |       |--LITERAL_INT -&gt; int [126:8]&#10;    |       |   |       `--RBRACK -&gt; ] [126:12]&#10;    |       |   |--IDENT -&gt; test2 [126:14]&#10;    |       |   `--ASSIGN -&gt; = [126:20]&#10;    |       |       `--ARRAY_INIT -&gt; { [126:22]&#10;    |       |           `--RCURLY -&gt; } [126:23]&#10;    |       |--SEMI -&gt; ; [126:24]&#10;    |       |--VARIABLE_DEF -&gt; VARIABLE_DEF [127:8]&#10;    |       |   |--MODIFIERS -&gt; MODIFIERS [127:8]&#10;    |       |   |--TYPE -&gt; TYPE [127:8]&#10;    |       |   |   |--IDENT -&gt; List [127:8]&#10;    |       |   |   `--TYPE_ARGUMENTS -&gt; TYPE_ARGUMENTS [127:12]&#10;    |       |   |       |--GENERIC_START -&gt; &lt; [127:12]&#10;    |       |   |       |--TYPE_ARGUMENT -&gt; TYPE_ARGUMENT [127:17]&#10;    |       |   |       |   `--ARRAY_DECLARATOR -&gt; [ [127:17]&#10;    |       |   |       |       |--LITERAL_CHAR -&gt; char [127:13]&#10;    |       |   |       |       `--RBRACK -&gt; ] [127:18]&#10;    |       |   |       `--GENERIC_END -&gt; &gt; [127:19]&#10;    |       |   `--IDENT -&gt; test3 [127:21]&#10;    |       |--SEMI -&gt; ; [127:26]&#10;    |       |--VARIABLE_DEF -&gt; VARIABLE_DEF [128:8]&#10;    |       |   |--MODIFIERS -&gt; MODIFIERS [128:8]&#10;    |       |   |--TYPE -&gt; TYPE [128:8]&#10;    |       |   |   |--IDENT -&gt; Class [128:8]&#10;    |       |   |   `--TYPE_ARGUMENTS -&gt; TYPE_ARGUMENTS [128:13]&#10;    |       |   |       |--GENERIC_START -&gt; &lt; [128:13]&#10;    |       |   |       |--TYPE_ARGUMENT -&gt; TYPE_ARGUMENT [128:14]&#10;    |       |   |       |   `--WILDCARD_TYPE -&gt; ? [128:14]&#10;    |       |   |       `--GENERIC_END -&gt; &gt; [128:15]&#10;    |       |   `--IDENT -&gt; test4 [128:17]&#10;    |       |--SEMI -&gt; ; [128:22]&#10;    |       |--VARIABLE_DEF -&gt; VARIABLE_DEF [129:8]&#10;    |       |   |--MODIFIERS -&gt; MODIFIERS [129:8]&#10;    |       |   |--TYPE -&gt; TYPE [129:8]&#10;    |       |   |   |--IDENT -&gt; List [129:8]&#10;    |       |   |   `--TYPE_ARGUMENTS -&gt; TYPE_ARGUMENTS [129:12]&#10;    |       |   |       |--GENERIC_START -&gt; &lt; [129:12]&#10;    |       |   |       |--TYPE_ARGUMENT -&gt; TYPE_ARGUMENT [129:13]&#10;    |       |   |       |   |--WILDCARD_TYPE -&gt; ? [129:13]&#10;    |       |   |       |   `--TYPE_UPPER_BOUNDS -&gt; extends [129:15]&#10;    |       |   |       |       `--IDENT -&gt; InputRegressionJavaClass1 [129:23]&#10;    |       |   |       `--GENERIC_END -&gt; &gt; [129:48]&#10;    |       |   `--IDENT -&gt; test5 [129:50]&#10;    |       |--SEMI -&gt; ; [129:55]&#10;    |       |--VARIABLE_DEF -&gt; VARIABLE_DEF [130:8]&#10;    |       |   |--MODIFIERS -&gt; MODIFIERS [130:8]&#10;    |       |   |--TYPE -&gt; TYPE [130:8]&#10;    |       |   |   |--IDENT -&gt; List [130:8]&#10;    |       |   |   `--TYPE_ARGUMENTS -&gt; TYPE_ARGUMENTS [130:12]&#10;    |       |   |       |--GENERIC_START -&gt; &lt; [130:12]&#10;    |       |   |       |--TYPE_ARGUMENT -&gt; TYPE_ARGUMENT [130:13]&#10;    |       |   |       |   |--WILDCARD_TYPE -&gt; ? [130:13]&#10;    |       |   |       |   `--TYPE_UPPER_BOUNDS -&gt; extends [130:15]&#10;    |       |   |       |       |--IDENT -&gt; List [130:23]&#10;    |       |   |       |       `--TYPE_ARGUMENTS -&gt; TYPE_ARGUMENTS [130:27]&#10;    |       |   |       |           |--GENERIC_START -&gt; &lt; [130:27]&#10;    |       |   |       |           |--TYPE_ARGUMENT -&gt; TYPE_ARGUMENT [130:28]&#10;    |       |   |       |           |   `--IDENT -&gt; Object [130:28]&#10;    |       |   |       |           `--GENERIC_END -&gt; &gt; [130:34]&#10;    |       |   |       `--GENERIC_END -&gt; &gt; [130:35]&#10;    |       |   `--IDENT -&gt; test6 [130:37]&#10;    |       |--SEMI -&gt; ; [130:42]&#10;    |       |--VARIABLE_DEF -&gt; VARIABLE_DEF [131:8]&#10;    |       |   |--MODIFIERS -&gt; MODIFIERS [131:8]&#10;    |       |   |--TYPE -&gt; TYPE [131:8]&#10;    |       |   |   |--IDENT -&gt; List [131:8]&#10;    |       |   |   `--TYPE_ARGUMENTS -&gt; TYPE_ARGUMENTS [131:12]&#10;    |       |   |       |--GENERIC_START -&gt; &lt; [131:12]&#10;    |       |   |       |--TYPE_ARGUMENT -&gt; TYPE_ARGUMENT [131:13]&#10;    |       |   |       |   |--WILDCARD_TYPE -&gt; ? [131:13]&#10;    |       |   |       |   `--TYPE_UPPER_BOUNDS -&gt; extends [131:15]&#10;    |       |   |       |       |--IDENT -&gt; List [131:23]&#10;    |       |   |       |       `--TYPE_ARGUMENTS -&gt; TYPE_ARGUMENTS [131:27]&#10;    |       |   |       |           |--GENERIC_START -&gt; &lt; [131:27]&#10;    |       |   |       |           |--TYPE_ARGUMENT -&gt; TYPE_ARGUMENT [131:28]&#10;    |       |   |       |           |   |--IDENT -&gt; List [131:28]&#10;    |       |   |       |           |   `--TYPE_ARGUMENTS -&gt; TYPE_ARGUMENTS [131:32]&#10;    |       |   |       |           |       |--GENERIC_START -&gt; &lt; [131:32]&#10;    |       |   |       |           |       |--TYPE_ARGUMENT -&gt; TYPE_ARGUMENT [131:33]&#10;    |       |   |       |           |       |   `--IDENT -&gt; Object [131:33]&#10;    |       |   |       |           |       `--GENERIC_END -&gt; &gt; [131:39]&#10;    |       |   |       |           `--GENERIC_END -&gt; &gt; [131:40]&#10;    |       |   |       `--GENERIC_END -&gt; &gt; [131:41]&#10;    |       |   `--IDENT -&gt; test7 [131:43]&#10;    |       |--SEMI -&gt; ; [131:48]&#10;    |       |--VARIABLE_DEF -&gt; VARIABLE_DEF [132:8]&#10;    |       |   |--MODIFIERS -&gt; MODIFIERS [132:8]&#10;    |       |   |--TYPE -&gt; TYPE [132:8]&#10;    |       |   |   |--IDENT -&gt; List [132:8]&#10;    |       |   |   `--TYPE_ARGUMENTS -&gt; TYPE_ARGUMENTS [132:12]&#10;    |       |   |       |--GENERIC_START -&gt; &lt; [132:12]&#10;    |       |   |       |--TYPE_ARGUMENT -&gt; TYPE_ARGUMENT [132:13]&#10;    |       |   |       |   |--WILDCARD_TYPE -&gt; ? [132:13]&#10;    |       |   |       |   `--ARRAY_DECLARATOR -&gt; [ [132:26]&#10;    |       |   |       |       |--TYPE_UPPER_BOUNDS -&gt; extends [132:15]&#10;    |       |   |       |       |   `--LITERAL_INT -&gt; int [132:23]&#10;    |       |   |       |       `--RBRACK -&gt; ] [132:27]&#10;    |       |   |       `--GENERIC_END -&gt; &gt; [132:28]&#10;    |       |   `--IDENT -&gt; test8 [132:30]&#10;    |       |--SEMI -&gt; ; [132:35]&#10;    |       |--VARIABLE_DEF -&gt; VARIABLE_DEF [133:8]&#10;    |       |   |--MODIFIERS -&gt; MODIFIERS [133:8]&#10;    |       |   |--TYPE -&gt; TYPE [133:8]&#10;    |       |   |   |--IDENT -&gt; List [133:8]&#10;    |       |   |   `--TYPE_ARGUMENTS -&gt; TYPE_ARGUMENTS [133:12]&#10;    |       |   |       |--GENERIC_START -&gt; &lt; [133:12]&#10;    |       |   |       |--TYPE_ARGUMENT -&gt; TYPE_ARGUMENT [133:13]&#10;    |       |   |       |   |--WILDCARD_TYPE -&gt; ? [133:13]&#10;    |       |   |       |   `--TYPE_LOWER_BOUNDS -&gt; super [133:15]&#10;    |       |   |       |       `--IDENT -&gt; InputRegressionJavaClass1 [133:21]&#10;    |       |   |       `--GENERIC_END -&gt; &gt; [133:46]&#10;    |       |   `--IDENT -&gt; test9 [133:48]&#10;    |       |--SEMI -&gt; ; [133:53]&#10;    |       |--EXPR -&gt; EXPR [136:17]&#10;    |       |   `--ASSIGN -&gt; = [136:17]&#10;    |       |       |--IDENT -&gt; vboolean [136:8]&#10;    |       |       `--LITERAL_TRUE -&gt; true [136:19]&#10;    |       |--SEMI -&gt; ; [136:23]&#10;    |       |--EXPR -&gt; EXPR [137:17]&#10;    |       |   `--ASSIGN -&gt; = [137:17]&#10;    |       |       |--IDENT -&gt; vboolean [137:8]&#10;    |       |       `--LITERAL_FALSE -&gt; false [137:19]&#10;    |       |--SEMI -&gt; ; [137:24]&#10;    |       |--EXPR -&gt; EXPR [138:14]&#10;    |       |   `--ASSIGN -&gt; = [138:14]&#10;    |       |       |--IDENT -&gt; vchar [138:8]&#10;    |       |       `--CHAR_LITERAL -&gt; &apos; &apos; [138:16]&#10;    |       |--SEMI -&gt; ; [138:19]&#10;    |       |--EXPR -&gt; EXPR [139:14]&#10;    |       |   `--ASSIGN -&gt; = [139:14]&#10;    |       |       |--IDENT -&gt; vchar [139:8]&#10;    |       |       `--CHAR_LITERAL -&gt; &apos;&quot;&apos; [139:16]&#10;    |       |--SEMI -&gt; ; [139:19]&#10;    |       |--EXPR -&gt; EXPR [140:14]&#10;    |       |   `--ASSIGN -&gt; = [140:14]&#10;    |       |       |--IDENT -&gt; vchar [140:8]&#10;    |       |       `--CHAR_LITERAL -&gt; &apos;\0&apos; [140:16]&#10;    |       |--SEMI -&gt; ; [140:20]&#10;    |       |--EXPR -&gt; EXPR [141:14]&#10;    |       |   `--ASSIGN -&gt; = [141:14]&#10;    |       |       |--IDENT -&gt; vchar [141:8]&#10;    |       |       `--CHAR_LITERAL -&gt; &apos;\&apos;&apos; [141:16]&#10;    |       |--SEMI -&gt; ; [141:20]&#10;    |       |--EXPR -&gt; EXPR [142:14]&#10;    |       |   `--ASSIGN -&gt; = [142:14]&#10;    |       |       |--IDENT -&gt; vchar [142:8]&#10;    |       |       `--CHAR_LITERAL -&gt; &apos;\n&apos; [142:16]&#10;    |       |--SEMI -&gt; ; [142:20]&#10;    |       |--EXPR -&gt; EXPR [143:14]&#10;    |       |   `--ASSIGN -&gt; = [143:14]&#10;    |       |       |--IDENT -&gt; vchar [143:8]&#10;    |       |       `--CHAR_LITERAL -&gt; &apos;\r&apos; [143:16]&#10;    |       |--SEMI -&gt; ; [143:20]&#10;    |       |--EXPR -&gt; EXPR [144:14]&#10;    |       |   `--ASSIGN -&gt; = [144:14]&#10;    |       |       |--IDENT -&gt; vchar [144:8]&#10;    |       |       `--CHAR_LITERAL -&gt; &apos;\t&apos; [144:16]&#10;    |       |--SEMI -&gt; ; [144:20]&#10;    |       |--EXPR -&gt; EXPR [145:14]&#10;    |       |   `--ASSIGN -&gt; = [145:14]&#10;    |       |       |--IDENT -&gt; vchar [145:8]&#10;    |       |       `--CHAR_LITERAL -&gt; &apos;\b&apos; [145:16]&#10;    |       |--SEMI -&gt; ; [145:20]&#10;    |       |--EXPR -&gt; EXPR [146:14]&#10;    |       |   `--ASSIGN -&gt; = [146:14]&#10;    |       |       |--IDENT -&gt; vchar [146:8]&#10;    |       |       `--CHAR_LITERAL -&gt; &apos;\f&apos; [146:16]&#10;    |       |--SEMI -&gt; ; [146:20]&#10;    |       |--EXPR -&gt; EXPR [147:14]&#10;    |       |   `--ASSIGN -&gt; = [147:14]&#10;    |       |       |--IDENT -&gt; vchar [147:8]&#10;    |       |       `--CHAR_LITERAL -&gt; &apos;\&quot;&apos; [147:16]&#10;    |       |--SEMI -&gt; ; [147:20]&#10;    |       |--EXPR -&gt; EXPR [148:14]&#10;    |       |   `--ASSIGN -&gt; = [148:14]&#10;    |       |       |--IDENT -&gt; vchar [148:8]&#10;    |       |       `--CHAR_LITERAL -&gt; &apos;\&apos;&apos; [148:16]&#10;    |       |--SEMI -&gt; ; [148:20]&#10;    |       |--EXPR -&gt; EXPR [149:14]&#10;    |       |   `--ASSIGN -&gt; = [149:14]&#10;    |       |       |--IDENT -&gt; vchar [149:8]&#10;    |       |       `--CHAR_LITERAL -&gt; &apos;\\&apos; [149:16]&#10;    |       |--SEMI -&gt; ; [149:20]&#10;    |       |--EXPR -&gt; EXPR [150:14]&#10;    |       |   `--ASSIGN -&gt; = [150:14]&#10;    |       |       |--IDENT -&gt; vchar [150:8]&#10;    |       |       `--CHAR_LITERAL -&gt; &apos;\00&apos; [150:16]&#10;    |       |--SEMI -&gt; ; [150:21]&#10;    |       |--EXPR -&gt; EXPR [151:14]&#10;    |       |   `--ASSIGN -&gt; = [151:14]&#10;    |       |       |--IDENT -&gt; vchar [151:8]&#10;    |       |       `--CHAR_LITERAL -&gt; &apos;\013&apos; [151:16]&#10;    |       |--SEMI -&gt; ; [151:22]&#10;    |       |--EXPR -&gt; EXPR [152:14]&#10;    |       |   `--ASSIGN -&gt; = [152:14]&#10;    |       |       |--IDENT -&gt; vchar [152:8]&#10;    |       |       `--CHAR_LITERAL -&gt; &apos;\4&apos; [152:16]&#10;    |       |--SEMI -&gt; ; [152:20]&#10;    |       |--EXPR -&gt; EXPR [153:14]&#10;    |       |   `--ASSIGN -&gt; = [153:14]&#10;    |       |       |--IDENT -&gt; vchar [153:8]&#10;    |       |       `--CHAR_LITERAL -&gt; &apos;\40&apos; [153:16]&#10;    |       |--SEMI -&gt; ; [153:21]&#10;    |       |--EXPR -&gt; EXPR [154:14]&#10;    |       |   `--ASSIGN -&gt; = [154:14]&#10;    |       |       |--IDENT -&gt; vchar [154:8]&#10;    |       |       `--CHAR_LITERAL -&gt; &apos;\u0000&apos; [154:16]&#10;    |       |--SEMI -&gt; ; [154:24]&#10;    |       |--EXPR -&gt; EXPR [155:14]&#10;    |       |   `--ASSIGN -&gt; = [155:14]&#10;    |       |       |--IDENT -&gt; vchar [155:8]&#10;    |       |       `--CHAR_LITERAL -&gt; &apos;\u1234&apos; [155:16]&#10;    |       |--SEMI -&gt; ; [155:24]&#10;    |       |--EXPR -&gt; EXPR [156:14]&#10;    |       |   `--ASSIGN -&gt; = [156:14]&#10;    |       |       |--IDENT -&gt; vchar [156:8]&#10;    |       |       `--CHAR_LITERAL -&gt; &apos;\u005C\u005C&apos; [156:16]&#10;    |       |--SEMI -&gt; ; [156:30]&#10;    |       |--EXPR -&gt; EXPR [157:14]&#10;    |       |   `--ASSIGN -&gt; = [157:14]&#10;    |       |       |--IDENT -&gt; vchar [157:8]&#10;    |       |       `--CHAR_LITERAL -&gt; &apos;\u005c\u005c&apos; [157:16]&#10;    |       |--SEMI -&gt; ; [157:30]&#10;    |       |--EXPR -&gt; EXPR [158:14]&#10;    |       |   `--ASSIGN -&gt; = [158:14]&#10;    |       |       |--IDENT -&gt; vchar [158:8]&#10;    |       |       `--CHAR_LITERAL -&gt; &apos;\uu005C\uuuuu005C&apos; [158:16]&#10;    |       |--SEMI -&gt; ; [158:35]&#10;    |       |--EXPR -&gt; EXPR [159:14]&#10;    |       |   `--ASSIGN -&gt; = [159:14]&#10;    |       |       |--IDENT -&gt; vchar [159:8]&#10;    |       |       `--CHAR_LITERAL -&gt; &apos;\u005cn&apos; [159:16]&#10;    |       |--SEMI -&gt; ; [159:25]&#10;    |       |--EXPR -&gt; EXPR [160:14]&#10;    |       |   `--ASSIGN -&gt; = [160:14]&#10;    |       |       |--IDENT -&gt; vchar [160:8]&#10;    |       |       `--CHAR_LITERAL -&gt; &apos;\u005cr&apos; [160:16]&#10;    |       |--SEMI -&gt; ; [160:25]&#10;    |       |--EXPR -&gt; EXPR [161:14]&#10;    |       |   `--ASSIGN -&gt; = [161:14]&#10;    |       |       |--IDENT -&gt; vchar [161:8]&#10;    |       |       `--CHAR_LITERAL -&gt; &apos;\u005ct&apos; [161:16]&#10;    |       |--SEMI -&gt; ; [161:25]&#10;    |       |--EXPR -&gt; EXPR [162:14]&#10;    |       |   `--ASSIGN -&gt; = [162:14]&#10;    |       |       |--IDENT -&gt; vchar [162:8]&#10;    |       |       `--CHAR_LITERAL -&gt; &apos;\u005cb&apos; [162:16]&#10;    |       |--SEMI -&gt; ; [162:25]&#10;    |       |--EXPR -&gt; EXPR [163:14]&#10;    |       |   `--ASSIGN -&gt; = [163:14]&#10;    |       |       |--IDENT -&gt; vchar [163:8]&#10;    |       |       `--CHAR_LITERAL -&gt; &apos;\u005cf&apos; [163:16]&#10;    |       |--SEMI -&gt; ; [163:25]&#10;    |       |--EXPR -&gt; EXPR [164:14]&#10;    |       |   `--ASSIGN -&gt; = [164:14]&#10;    |       |       |--IDENT -&gt; vchar [164:8]&#10;    |       |       `--CHAR_LITERAL -&gt; &apos;\u005c&quot;&apos; [164:16]&#10;    |       |--SEMI -&gt; ; [164:25]&#10;    |       |--EXPR -&gt; EXPR [165:14]&#10;    |       |   `--ASSIGN -&gt; = [165:14]&#10;    |       |       |--IDENT -&gt; vchar [165:8]&#10;    |       |       `--CHAR_LITERAL -&gt; &apos;\u005c&apos;&apos; [165:16]&#10;    |       |--SEMI -&gt; ; [165:25]&#10;    |       |--EXPR -&gt; EXPR [166:14]&#10;    |       |   `--ASSIGN -&gt; = [166:14]&#10;    |       |       |--IDENT -&gt; vchar [166:8]&#10;    |       |       `--CHAR_LITERAL -&gt; &apos;\u005c\&apos; [166:16]&#10;    |       |--SEMI -&gt; ; [166:25]&#10;    |       |--EXPR -&gt; EXPR [167:13]&#10;    |       |   `--ASSIGN -&gt; = [167:13]&#10;    |       |       |--IDENT -&gt; vint [167:8]&#10;    |       |       `--NUM_INT -&gt; 0 [167:15]&#10;    |       |--SEMI -&gt; ; [167:16]&#10;    |       |--EXPR -&gt; EXPR [168:13]&#10;    |       |   `--ASSIGN -&gt; = [168:13]&#10;    |       |       |--IDENT -&gt; vint [168:8]&#10;    |       |       `--UNARY_MINUS -&gt; - [168:15]&#10;    |       |           `--NUM_INT -&gt; 1 [168:16]&#10;    |       |--SEMI -&gt; ; [168:17]&#10;    |       |--EXPR -&gt; EXPR [169:13]&#10;    |       |   `--ASSIGN -&gt; = [169:13]&#10;    |       |       |--IDENT -&gt; vint [169:8]&#10;    |       |       `--UNARY_PLUS -&gt; + [169:15]&#10;    |       |           `--NUM_INT -&gt; 1 [169:16]&#10;    |       |--SEMI -&gt; ; [169:17]&#10;    |       |--EXPR -&gt; EXPR [170:13]&#10;    |       |   `--ASSIGN -&gt; = [170:13]&#10;    |       |       |--IDENT -&gt; vint [170:8]&#10;    |       |       `--NUM_INT -&gt; 100_000 [170:15]&#10;    |       |--SEMI -&gt; ; [170:22]&#10;    |       |--EXPR -&gt; EXPR [171:13]&#10;    |       |   `--ASSIGN -&gt; = [171:13]&#10;    |       |       |--IDENT -&gt; vint [171:8]&#10;    |       |       `--NUM_INT -&gt; 0x00 [171:15]&#10;    |       |--SEMI -&gt; ; [171:19]&#10;    |       |--EXPR -&gt; EXPR [172:13]&#10;    |       |   `--ASSIGN -&gt; = [172:13]&#10;    |       |       |--IDENT -&gt; vint [172:8]&#10;    |       |       `--NUM_INT -&gt; 0x12345678 [172:15]&#10;    |       |--SEMI -&gt; ; [172:25]&#10;    |       |--EXPR -&gt; EXPR [173:13]&#10;    |       |   `--ASSIGN -&gt; = [173:13]&#10;    |       |       |--IDENT -&gt; vint [173:8]&#10;    |       |       `--NUM_INT -&gt; 0X9 [173:15]&#10;    |       |--SEMI -&gt; ; [173:18]&#10;    |       |--EXPR -&gt; EXPR [174:13]&#10;    |       |   `--ASSIGN -&gt; = [174:13]&#10;    |       |       |--IDENT -&gt; vint [174:8]&#10;    |       |       `--NUM_INT -&gt; 0x1234_5678 [174:15]&#10;    |       |--SEMI -&gt; ; [174:26]&#10;    |       |--EXPR -&gt; EXPR [175:13]&#10;    |       |   `--ASSIGN -&gt; = [175:13]&#10;    |       |       |--IDENT -&gt; vint [175:8]&#10;    |       |       `--NUM_INT -&gt; 0b101 [175:15]&#10;    |       |--SEMI -&gt; ; [175:20]&#10;    |       |--EXPR -&gt; EXPR [176:13]&#10;    |       |   `--ASSIGN -&gt; = [176:13]&#10;    |       |       |--IDENT -&gt; vint [176:8]&#10;    |       |       `--NUM_INT -&gt; 0B101 [176:15]&#10;    |       |--SEMI -&gt; ; [176:20]&#10;    |       |--EXPR -&gt; EXPR [177:13]&#10;    |       |   `--ASSIGN -&gt; = [177:13]&#10;    |       |       |--IDENT -&gt; vint [177:8]&#10;    |       |       `--NUM_INT -&gt; 0b1 [177:15]&#10;    |       |--SEMI -&gt; ; [177:18]&#10;    |       |--EXPR -&gt; EXPR [178:13]&#10;    |       |   `--ASSIGN -&gt; = [178:13]&#10;    |       |       |--IDENT -&gt; vint [178:8]&#10;    |       |       `--NUM_INT -&gt; 0b1_0 [178:15]&#10;    |       |--SEMI -&gt; ; [178:20]&#10;    |       |--EXPR -&gt; EXPR [179:13]&#10;    |       |   `--ASSIGN -&gt; = [179:13]&#10;    |       |       |--IDENT -&gt; vint [179:8]&#10;    |       |       `--NUM_INT -&gt; 012345670 [179:15]&#10;    |       |--SEMI -&gt; ; [179:24]&#10;    |       |--EXPR -&gt; EXPR [180:13]&#10;    |       |   `--ASSIGN -&gt; = [180:13]&#10;    |       |       |--IDENT -&gt; vint [180:8]&#10;    |       |       `--NUM_INT -&gt; 01234_5670 [180:15]&#10;    |       |--SEMI -&gt; ; [180:25]&#10;    |       |--EXPR -&gt; EXPR [181:14]&#10;    |       |   `--ASSIGN -&gt; = [181:14]&#10;    |       |       |--IDENT -&gt; vlong [181:8]&#10;    |       |       `--NUM_LONG -&gt; 0L [181:16]&#10;    |       |--SEMI -&gt; ; [181:18]&#10;    |       |--EXPR -&gt; EXPR [182:14]&#10;    |       |   `--ASSIGN -&gt; = [182:14]&#10;    |       |       |--IDENT -&gt; vlong [182:8]&#10;    |       |       `--NUM_LONG -&gt; 1L [182:16]&#10;    |       |--SEMI -&gt; ; [182:18]&#10;    |       |--EXPR -&gt; EXPR [183:14]&#10;    |       |   `--ASSIGN -&gt; = [183:14]&#10;    |       |       |--IDENT -&gt; vlong [183:8]&#10;    |       |       `--NUM_LONG -&gt; 0b1L [183:16]&#10;    |       |--SEMI -&gt; ; [183:20]&#10;    |       |--EXPR -&gt; EXPR [184:14]&#10;    |       |   `--ASSIGN -&gt; = [184:14]&#10;    |       |       |--IDENT -&gt; vlong [184:8]&#10;    |       |       `--NUM_LONG -&gt; 1234567890l [184:16]&#10;    |       |--SEMI -&gt; ; [184:27]&#10;    |       |--EXPR -&gt; EXPR [185:14]&#10;    |       |   `--ASSIGN -&gt; = [185:14]&#10;    |       |       |--IDENT -&gt; vlong [185:8]&#10;    |       |       `--NUM_LONG -&gt; 1234567890L [185:16]&#10;    |       |--SEMI -&gt; ; [185:27]&#10;    |       |--EXPR -&gt; EXPR [186:14]&#10;    |       |   `--ASSIGN -&gt; = [186:14]&#10;    |       |       |--IDENT -&gt; vlong [186:8]&#10;    |       |       `--NUM_LONG -&gt; 0x0l [186:16]&#10;    |       |--SEMI -&gt; ; [186:20]&#10;    |       |--EXPR -&gt; EXPR [187:14]&#10;    |       |   `--ASSIGN -&gt; = [187:14]&#10;    |       |       |--IDENT -&gt; vlong [187:8]&#10;    |       |       `--NUM_LONG -&gt; 0xABCDEFl [187:16]&#10;    |       |--SEMI -&gt; ; [187:25]&#10;    |       |--EXPR -&gt; EXPR [188:14]&#10;    |       |   `--ASSIGN -&gt; = [188:14]&#10;    |       |       |--IDENT -&gt; vlong [188:8]&#10;    |       |       `--NUM_LONG -&gt; 0XABCDEFL [188:16]&#10;    |       |--SEMI -&gt; ; [188:25]&#10;    |       |--EXPR -&gt; EXPR [189:15]&#10;    |       |   `--ASSIGN -&gt; = [189:15]&#10;    |       |       |--IDENT -&gt; vfloat [189:8]&#10;    |       |       `--NUM_FLOAT -&gt; 0f [189:17]&#10;    |       |--SEMI -&gt; ; [189:19]&#10;    |       |--EXPR -&gt; EXPR [190:15]&#10;    |       |   `--ASSIGN -&gt; = [190:15]&#10;    |       |       |--IDENT -&gt; vfloat [190:8]&#10;    |       |       `--NUM_FLOAT -&gt; 0F [190:17]&#10;    |       |--SEMI -&gt; ; [190:19]&#10;    |       |--EXPR -&gt; EXPR [191:15]&#10;    |       |   `--ASSIGN -&gt; = [191:15]&#10;    |       |       |--IDENT -&gt; vfloat [191:8]&#10;    |       |       `--NUM_FLOAT -&gt; 1.1f [191:17]&#10;    |       |--SEMI -&gt; ; [191:21]&#10;    |       |--EXPR -&gt; EXPR [192:15]&#10;    |       |   `--ASSIGN -&gt; = [192:15]&#10;    |       |       |--IDENT -&gt; vfloat [192:8]&#10;    |       |       `--NUM_FLOAT -&gt; 1.10_1F [192:17]&#10;    |       |--SEMI -&gt; ; [192:24]&#10;    |       |--EXPR -&gt; EXPR [193:15]&#10;    |       |   `--ASSIGN -&gt; = [193:15]&#10;    |       |       |--IDENT -&gt; vfloat [193:8]&#10;    |       |       `--NUM_FLOAT -&gt; 0_1.1_1F [193:17]&#10;    |       |--SEMI -&gt; ; [193:25]&#10;    |       |--EXPR -&gt; EXPR [194:15]&#10;    |       |   `--ASSIGN -&gt; = [194:15]&#10;    |       |       |--IDENT -&gt; vfloat [194:8]&#10;    |       |       `--NUM_FLOAT -&gt; 1e0f [194:17]&#10;    |       |--SEMI -&gt; ; [194:21]&#10;    |       |--EXPR -&gt; EXPR [195:15]&#10;    |       |   `--ASSIGN -&gt; = [195:15]&#10;    |       |       |--IDENT -&gt; vfloat [195:8]&#10;    |       |       `--NUM_FLOAT -&gt; 1e0F [195:17]&#10;    |       |--SEMI -&gt; ; [195:21]&#10;    |       |--EXPR -&gt; EXPR [196:15]&#10;    |       |   `--ASSIGN -&gt; = [196:15]&#10;    |       |       |--IDENT -&gt; vfloat [196:8]&#10;    |       |       `--NUM_FLOAT -&gt; 1.0e0F [196:17]&#10;    |       |--SEMI -&gt; ; [196:23]&#10;    |       |--EXPR -&gt; EXPR [197:15]&#10;    |       |   `--ASSIGN -&gt; = [197:15]&#10;    |       |       |--IDENT -&gt; vfloat [197:8]&#10;    |       |       `--NUM_FLOAT -&gt; 0x2__3_34.4___AFP00_00f [197:17]&#10;    |       |--SEMI -&gt; ; [197:40]&#10;    |       |--EXPR -&gt; EXPR [198:16]&#10;    |       |   `--ASSIGN -&gt; = [198:16]&#10;    |       |       |--IDENT -&gt; vdouble [198:8]&#10;    |       |       `--NUM_FLOAT -&gt; 10. [198:18]&#10;    |       |--SEMI -&gt; ; [198:21]&#10;    |       |--EXPR -&gt; EXPR [199:16]&#10;    |       |   `--ASSIGN -&gt; = [199:16]&#10;    |       |       |--IDENT -&gt; vdouble [199:8]&#10;    |       |       `--NUM_FLOAT -&gt; .1 [199:18]&#10;    |       |--SEMI -&gt; ; [199:20]&#10;    |       |--EXPR -&gt; EXPR [200:16]&#10;    |       |   `--ASSIGN -&gt; = [200:16]&#10;    |       |       |--IDENT -&gt; vdouble [200:8]&#10;    |       |       `--NUM_FLOAT -&gt; .1__1_1 [200:18]&#10;    |       |--SEMI -&gt; ; [200:25]&#10;    |       |--EXPR -&gt; EXPR [201:16]&#10;    |       |   `--ASSIGN -&gt; = [201:16]&#10;    |       |       |--IDENT -&gt; vdouble [201:8]&#10;    |       |       `--NUM_FLOAT -&gt; 0.0 [201:18]&#10;    |       |--SEMI -&gt; ; [201:21]&#10;    |       |--EXPR -&gt; EXPR [202:16]&#10;    |       |   `--ASSIGN -&gt; = [202:16]&#10;    |       |       |--IDENT -&gt; vdouble [202:8]&#10;    |       |       `--NUM_FLOAT -&gt; 1000.0 [202:18]&#10;    |       |--SEMI -&gt; ; [202:24]&#10;    |       |--EXPR -&gt; EXPR [203:16]&#10;    |       |   `--ASSIGN -&gt; = [203:16]&#10;    |       |       |--IDENT -&gt; vdouble [203:8]&#10;    |       |       `--NUM_DOUBLE -&gt; .1d [203:18]&#10;    |       |--SEMI -&gt; ; [203:21]&#10;    |       |--EXPR -&gt; EXPR [204:16]&#10;    |       |   `--ASSIGN -&gt; = [204:16]&#10;    |       |       |--IDENT -&gt; vdouble [204:8]&#10;    |       |       `--NUM_DOUBLE -&gt; 1.D [204:18]&#10;    |       |--SEMI -&gt; ; [204:21]&#10;    |       |--EXPR -&gt; EXPR [205:16]&#10;    |       |   `--ASSIGN -&gt; = [205:16]&#10;    |       |       |--IDENT -&gt; vdouble [205:8]&#10;    |       |       `--NUM_DOUBLE -&gt; 0_1.0d [205:18]&#10;    |       |--SEMI -&gt; ; [205:24]&#10;    |       |--EXPR -&gt; EXPR [206:16]&#10;    |       |   `--ASSIGN -&gt; = [206:16]&#10;    |       |       |--IDENT -&gt; vdouble [206:8]&#10;    |       |       `--NUM_DOUBLE -&gt; 0_1.0D [206:18]&#10;    |       |--SEMI -&gt; ; [206:24]&#10;    |       |--EXPR -&gt; EXPR [207:16]&#10;    |       |   `--ASSIGN -&gt; = [207:16]&#10;    |       |       |--IDENT -&gt; vdouble [207:8]&#10;    |       |       `--NUM_FLOAT -&gt; 4e23 [207:18]&#10;    |       |--SEMI -&gt; ; [207:22]&#10;    |       |--EXPR -&gt; EXPR [208:16]&#10;    |       |   `--ASSIGN -&gt; = [208:16]&#10;    |       |       |--IDENT -&gt; vdouble [208:8]&#10;    |       |       `--NUM_FLOAT -&gt; 4E23 [208:18]&#10;    |       |--SEMI -&gt; ; [208:22]&#10;    |       |--EXPR -&gt; EXPR [209:16]&#10;    |       |   `--ASSIGN -&gt; = [209:16]&#10;    |       |       |--IDENT -&gt; vdouble [209:8]&#10;    |       |       `--NUM_FLOAT -&gt; 4E2_3 [209:18]&#10;    |       |--SEMI -&gt; ; [209:23]&#10;    |       |--EXPR -&gt; EXPR [210:16]&#10;    |       |   `--ASSIGN -&gt; = [210:16]&#10;    |       |       |--IDENT -&gt; vdouble [210:8]&#10;    |       |       `--NUM_FLOAT -&gt; 0x0.0000000000001p-1022 [210:18]&#10;    |       |--SEMI -&gt; ; [210:41]&#10;    |       |--EXPR -&gt; EXPR [211:16]&#10;    |       |   `--ASSIGN -&gt; = [211:16]&#10;    |       |       |--IDENT -&gt; vdouble [211:8]&#10;    |       |       `--NUM_FLOAT -&gt; 0x0.0000000000001P-1022 [211:18]&#10;    |       |--SEMI -&gt; ; [211:41]&#10;    |       |--EXPR -&gt; EXPR [212:16]&#10;    |       |   `--ASSIGN -&gt; = [212:16]&#10;    |       |       |--IDENT -&gt; vdouble [212:8]&#10;    |       |       `--NUM_FLOAT -&gt; 0X0.0000000000001p+1022 [212:18]&#10;    |       |--SEMI -&gt; ; [212:41]&#10;    |       |--EXPR -&gt; EXPR [213:16]&#10;    |       |   `--ASSIGN -&gt; = [213:16]&#10;    |       |       |--IDENT -&gt; vdouble [213:8]&#10;    |       |       `--NUM_FLOAT -&gt; 0X0.0000000000001P+1022 [213:18]&#10;    |       |--SEMI -&gt; ; [213:41]&#10;    |       |--EXPR -&gt; EXPR [214:16]&#10;    |       |   `--ASSIGN -&gt; = [214:16]&#10;    |       |       |--IDENT -&gt; vdouble [214:8]&#10;    |       |       `--NUM_FLOAT -&gt; 0x.0P0 [214:18]&#10;    |       |--SEMI -&gt; ; [214:24]&#10;    |       |--EXPR -&gt; EXPR [215:16]&#10;    |       |   `--ASSIGN -&gt; = [215:16]&#10;    |       |       |--IDENT -&gt; vdouble [215:8]&#10;    |       |       `--NUM_FLOAT -&gt; 0X0p+2 [215:18]&#10;    |       |--SEMI -&gt; ; [215:24]&#10;    |       |--EXPR -&gt; EXPR [216:16]&#10;    |       |   `--ASSIGN -&gt; = [216:16]&#10;    |       |       |--IDENT -&gt; vdouble [216:8]&#10;    |       |       `--NUM_FLOAT -&gt; 0X0p+20F [216:18]&#10;    |       |--SEMI -&gt; ; [216:26]&#10;    |       |--EXPR -&gt; EXPR [217:16]&#10;    |       |   `--ASSIGN -&gt; = [217:16]&#10;    |       |       |--IDENT -&gt; vdouble [217:8]&#10;    |       |       `--NUM_DOUBLE -&gt; 0X0p+2D [217:18]&#10;    |       |--SEMI -&gt; ; [217:25]&#10;    |       |--EXPR -&gt; EXPR [218:16]&#10;    |       |   `--ASSIGN -&gt; = [218:16]&#10;    |       |       |--IDENT -&gt; vdouble [218:8]&#10;    |       |       `--NUM_DOUBLE -&gt; 0X0p+2d [218:18]&#10;    |       |--SEMI -&gt; ; [218:25]&#10;    |       |--EXPR -&gt; EXPR [219:16]&#10;    |       |   `--ASSIGN -&gt; = [219:16]&#10;    |       |       |--IDENT -&gt; vdouble [219:8]&#10;    |       |       `--NUM_FLOAT -&gt; 0x1.P-1 [219:18]&#10;    |       |--SEMI -&gt; ; [219:25]&#10;    |       |--EXPR -&gt; EXPR [220:16]&#10;    |       |   `--ASSIGN -&gt; = [220:16]&#10;    |       |       |--IDENT -&gt; vdouble [220:8]&#10;    |       |       `--NUM_FLOAT -&gt; 0x.1___AFp1 [220:18]&#10;    |       |--SEMI -&gt; ; [220:29]&#10;    |       |--EXPR -&gt; EXPR [221:16]&#10;    |       |   `--ASSIGN -&gt; = [221:16]&#10;    |       |       |--IDENT -&gt; vstring [221:8]&#10;    |       |       `--LITERAL_NULL -&gt; null [221:18]&#10;    |       |--SEMI -&gt; ; [221:22]&#10;    |       |--EXPR -&gt; EXPR [222:16]&#10;    |       |   `--ASSIGN -&gt; = [222:16]&#10;    |       |       |--IDENT -&gt; vstring [222:8]&#10;    |       |       `--STRING_LITERAL -&gt; &quot;&quot; [222:18]&#10;    |       |--SEMI -&gt; ; [222:20]&#10;    |       |--EXPR -&gt; EXPR [223:16]&#10;    |       |   `--ASSIGN -&gt; = [223:16]&#10;    |       |       |--IDENT -&gt; vstring [223:8]&#10;    |       |       `--STRING_LITERAL -&gt; &quot;\\&quot; [223:18]&#10;    |       |--SEMI -&gt; ; [223:22]&#10;    |       |--EXPR -&gt; EXPR [226:13]&#10;    |       |   `--ASSIGN -&gt; = [226:13]&#10;    |       |       |--IDENT -&gt; vint [226:8]&#10;    |       |       `--PLUS -&gt; + [226:17]&#10;    |       |           |--NUM_INT -&gt; 1 [226:15]&#10;    |       |           `--NUM_INT -&gt; 1 [226:19]&#10;    |       |--SEMI -&gt; ; [226:20]&#10;    |       |--EXPR -&gt; EXPR [227:13]&#10;    |       |   `--ASSIGN -&gt; = [227:13]&#10;    |       |       |--IDENT -&gt; vint [227:8]&#10;    |       |       `--MINUS -&gt; - [227:17]&#10;    |       |           |--NUM_INT -&gt; 1 [227:15]&#10;    |       |           `--NUM_INT -&gt; 1 [227:19]&#10;    |       |--SEMI -&gt; ; [227:20]&#10;    |       |--EXPR -&gt; EXPR [228:13]&#10;    |       |   `--ASSIGN -&gt; = [228:13]&#10;    |       |       |--IDENT -&gt; vint [228:8]&#10;    |       |       `--STAR -&gt; * [228:17]&#10;    |       |           |--NUM_INT -&gt; 1 [228:15]&#10;    |       |           `--NUM_INT -&gt; 1 [228:19]&#10;    |       |--SEMI -&gt; ; [228:20]&#10;    |       |--EXPR -&gt; EXPR [229:13]&#10;    |       |   `--ASSIGN -&gt; = [229:13]&#10;    |       |       |--IDENT -&gt; vint [229:8]&#10;    |       |       `--DIV -&gt; / [229:17]&#10;    |       |           |--NUM_INT -&gt; 1 [229:15]&#10;    |       |           `--NUM_INT -&gt; 1 [229:19]&#10;    |       |--SEMI -&gt; ; [229:20]&#10;    |       |--EXPR -&gt; EXPR [230:13]&#10;    |       |   `--ASSIGN -&gt; = [230:13]&#10;    |       |       |--IDENT -&gt; vint [230:8]&#10;    |       |       `--MOD -&gt; % [230:17]&#10;    |       |           |--NUM_INT -&gt; 1 [230:15]&#10;    |       |           `--NUM_INT -&gt; 1 [230:19]&#10;    |       |--SEMI -&gt; ; [230:20]&#10;    |       |--EXPR -&gt; EXPR [231:13]&#10;    |       |   `--ASSIGN -&gt; = [231:13]&#10;    |       |       |--IDENT -&gt; vint [231:8]&#10;    |       |       `--BAND -&gt; &amp; [231:17]&#10;    |       |           |--NUM_INT -&gt; 1 [231:15]&#10;    |       |           `--NUM_INT -&gt; 1 [231:19]&#10;    |       |--SEMI -&gt; ; [231:20]&#10;    |       |--EXPR -&gt; EXPR [232:13]&#10;    |       |   `--ASSIGN -&gt; = [232:13]&#10;    |       |       |--IDENT -&gt; vint [232:8]&#10;    |       |       `--BOR -&gt; | [232:17]&#10;    |       |           |--NUM_INT -&gt; 1 [232:15]&#10;    |       |           `--NUM_INT -&gt; 1 [232:19]&#10;    |       |--SEMI -&gt; ; [232:20]&#10;    |       |--EXPR -&gt; EXPR [233:13]&#10;    |       |   `--ASSIGN -&gt; = [233:13]&#10;    |       |       |--IDENT -&gt; vint [233:8]&#10;    |       |       `--BXOR -&gt; ^ [233:17]&#10;    |       |           |--NUM_INT -&gt; 1 [233:15]&#10;    |       |           `--NUM_INT -&gt; 1 [233:19]&#10;    |       |--SEMI -&gt; ; [233:20]&#10;    |       |--EXPR -&gt; EXPR [234:13]&#10;    |       |   `--ASSIGN -&gt; = [234:13]&#10;    |       |       |--IDENT -&gt; vint [234:8]&#10;    |       |       `--BNOT -&gt; ~ [234:15]&#10;    |       |           `--NUM_INT -&gt; 1 [234:16]&#10;    |       |--SEMI -&gt; ; [234:17]&#10;    |       |--EXPR -&gt; EXPR [235:17]&#10;    |       |   `--ASSIGN -&gt; = [235:17]&#10;    |       |       |--IDENT -&gt; vboolean [235:8]&#10;    |       |       `--NOT_EQUAL -&gt; != [235:21]&#10;    |       |           |--NUM_INT -&gt; 1 [235:19]&#10;    |       |           `--NUM_INT -&gt; 0 [235:24]&#10;    |       |--SEMI -&gt; ; [235:25]&#10;    |       |--EXPR -&gt; EXPR [236:17]&#10;    |       |   `--ASSIGN -&gt; = [236:17]&#10;    |       |       |--IDENT -&gt; vboolean [236:8]&#10;    |       |       `--EQUAL -&gt; == [236:21]&#10;    |       |           |--NUM_INT -&gt; 1 [236:19]&#10;    |       |           `--NUM_INT -&gt; 0 [236:24]&#10;    |       |--SEMI -&gt; ; [236:25]&#10;    |       |--EXPR -&gt; EXPR [237:17]&#10;    |       |   `--ASSIGN -&gt; = [237:17]&#10;    |       |       |--IDENT -&gt; vboolean [237:8]&#10;    |       |       `--GT -&gt; &gt; [237:21]&#10;    |       |           |--NUM_INT -&gt; 1 [237:19]&#10;    |       |           `--NUM_INT -&gt; 0 [237:23]&#10;    |       |--SEMI -&gt; ; [237:24]&#10;    |       |--EXPR -&gt; EXPR [238:17]&#10;    |       |   `--ASSIGN -&gt; = [238:17]&#10;    |       |       |--IDENT -&gt; vboolean [238:8]&#10;    |       |       `--GE -&gt; &gt;= [238:21]&#10;    |       |           |--NUM_INT -&gt; 1 [238:19]&#10;    |       |           `--NUM_INT -&gt; 0 [238:24]&#10;    |       |--SEMI -&gt; ; [238:25]&#10;    |       |--EXPR -&gt; EXPR [239:17]&#10;    |       |   `--ASSIGN -&gt; = [239:17]&#10;    |       |       |--IDENT -&gt; vboolean [239:8]&#10;    |       |       `--LT -&gt; &lt; [239:21]&#10;    |       |           |--NUM_INT -&gt; 1 [239:19]&#10;    |       |           `--NUM_INT -&gt; 0 [239:23]&#10;    |       |--SEMI -&gt; ; [239:24]&#10;    |       |--EXPR -&gt; EXPR [240:17]&#10;    |       |   `--ASSIGN -&gt; = [240:17]&#10;    |       |       |--IDENT -&gt; vboolean [240:8]&#10;    |       |       `--LE -&gt; &lt;= [240:21]&#10;    |       |           |--NUM_INT -&gt; 1 [240:19]&#10;    |       |           `--NUM_INT -&gt; 0 [240:24]&#10;    |       |--SEMI -&gt; ; [240:25]&#10;    |       |--EXPR -&gt; EXPR [241:17]&#10;    |       |   `--ASSIGN -&gt; = [241:17]&#10;    |       |       |--IDENT -&gt; vboolean [241:8]&#10;    |       |       `--LAND -&gt; &amp;&amp; [241:24]&#10;    |       |           |--LITERAL_TRUE -&gt; true [241:19]&#10;    |       |           `--LITERAL_TRUE -&gt; true [241:27]&#10;    |       |--SEMI -&gt; ; [241:31]&#10;    |       |--EXPR -&gt; EXPR [242:17]&#10;    |       |   `--ASSIGN -&gt; = [242:17]&#10;    |       |       |--IDENT -&gt; vboolean [242:8]&#10;    |       |       `--LOR -&gt; || [242:24]&#10;    |       |           |--LITERAL_TRUE -&gt; true [242:19]&#10;    |       |           `--LITERAL_TRUE -&gt; true [242:27]&#10;    |       |--SEMI -&gt; ; [242:31]&#10;    |       |--EXPR -&gt; EXPR [243:17]&#10;    |       |   `--ASSIGN -&gt; = [243:17]&#10;    |       |       |--IDENT -&gt; vboolean [243:8]&#10;    |       |       `--QUESTION -&gt; ? [243:24]&#10;    |       |           |--LITERAL_TRUE -&gt; true [243:19]&#10;    |       |           |--LITERAL_TRUE -&gt; true [243:26]&#10;    |       |           |--COLON -&gt; : [243:31]&#10;    |       |           `--LITERAL_FALSE -&gt; false [243:33]&#10;    |       |--SEMI -&gt; ; [243:38]&#10;    |       |--EXPR -&gt; EXPR [244:17]&#10;    |       |   `--ASSIGN -&gt; = [244:17]&#10;    |       |       |--IDENT -&gt; vboolean [244:8]&#10;    |       |       `--LNOT -&gt; ! [244:19]&#10;    |       |           `--LITERAL_TRUE -&gt; true [244:20]&#10;    |       |--SEMI -&gt; ; [244:24]&#10;    |       |--EXPR -&gt; EXPR [245:17]&#10;    |       |   `--ASSIGN -&gt; = [245:17]&#10;    |       |       |--IDENT -&gt; vboolean [245:8]&#10;    |       |       `--LITERAL_INSTANCEOF -&gt; instanceof [245:22]&#10;    |       |           |--IDENT -&gt; f9 [245:19]&#10;    |       |           `--TYPE -&gt; TYPE [245:33]&#10;    |       |               `--IDENT -&gt; Object [245:33]&#10;    |       |--SEMI -&gt; ; [245:39]&#10;    |       |--EXPR -&gt; EXPR [246:13]&#10;    |       |   `--ASSIGN -&gt; = [246:13]&#10;    |       |       |--IDENT -&gt; vint [246:8]&#10;    |       |       `--SL -&gt; &lt;&lt; [246:17]&#10;    |       |           |--NUM_INT -&gt; 1 [246:15]&#10;    |       |           `--NUM_INT -&gt; 1 [246:20]&#10;    |       |--SEMI -&gt; ; [246:21]&#10;    |       |--EXPR -&gt; EXPR [247:13]&#10;    |       |   `--ASSIGN -&gt; = [247:13]&#10;    |       |       |--IDENT -&gt; vint [247:8]&#10;    |       |       `--SR -&gt; &gt;&gt; [247:17]&#10;    |       |           |--NUM_INT -&gt; 1 [247:15]&#10;    |       |           `--NUM_INT -&gt; 1 [247:20]&#10;    |       |--SEMI -&gt; ; [247:21]&#10;    |       |--EXPR -&gt; EXPR [248:13]&#10;    |       |   `--ASSIGN -&gt; = [248:13]&#10;    |       |       |--IDENT -&gt; vint [248:8]&#10;    |       |       `--BSR -&gt; &gt;&gt;&gt; [248:17]&#10;    |       |           |--NUM_INT -&gt; 1 [248:15]&#10;    |       |           `--NUM_INT -&gt; 1 [248:21]&#10;    |       |--SEMI -&gt; ; [248:22]&#10;    |       |--EXPR -&gt; EXPR [249:13]&#10;    |       |   `--PLUS_ASSIGN -&gt; += [249:13]&#10;    |       |       |--IDENT -&gt; vint [249:8]&#10;    |       |       `--NUM_INT -&gt; 1 [249:16]&#10;    |       |--SEMI -&gt; ; [249:17]&#10;    |       |--EXPR -&gt; EXPR [250:13]&#10;    |       |   `--MINUS_ASSIGN -&gt; -= [250:13]&#10;    |       |       |--IDENT -&gt; vint [250:8]&#10;    |       |       `--NUM_INT -&gt; 1 [250:16]&#10;    |       |--SEMI -&gt; ; [250:17]&#10;    |       |--EXPR -&gt; EXPR [251:13]&#10;    |       |   `--STAR_ASSIGN -&gt; *= [251:13]&#10;    |       |       |--IDENT -&gt; vint [251:8]&#10;    |       |       `--NUM_INT -&gt; 1 [251:16]&#10;    |       |--SEMI -&gt; ; [251:17]&#10;    |       |--EXPR -&gt; EXPR [252:13]&#10;    |       |   `--DIV_ASSIGN -&gt; /= [252:13]&#10;    |       |       |--IDENT -&gt; vint [252:8]&#10;    |       |       `--NUM_INT -&gt; 1 [252:16]&#10;    |       |--SEMI -&gt; ; [252:17]&#10;    |       |--EXPR -&gt; EXPR [253:13]&#10;    |       |   `--MOD_ASSIGN -&gt; %= [253:13]&#10;    |       |       |--IDENT -&gt; vint [253:8]&#10;    |       |       `--NUM_INT -&gt; 1 [253:16]&#10;    |       |--SEMI -&gt; ; [253:17]&#10;    |       |--EXPR -&gt; EXPR [254:13]&#10;    |       |   `--BAND_ASSIGN -&gt; &amp;= [254:13]&#10;    |       |       |--IDENT -&gt; vint [254:8]&#10;    |       |       `--NUM_INT -&gt; 1 [254:16]&#10;    |       |--SEMI -&gt; ; [254:17]&#10;    |       |--EXPR -&gt; EXPR [255:13]&#10;    |       |   `--BOR_ASSIGN -&gt; |= [255:13]&#10;    |       |       |--IDENT -&gt; vint [255:8]&#10;    |       |       `--NUM_INT -&gt; 1 [255:16]&#10;    |       |--SEMI -&gt; ; [255:17]&#10;    |       |--EXPR -&gt; EXPR [256:13]&#10;    |       |   `--BXOR_ASSIGN -&gt; ^= [256:13]&#10;    |       |       |--IDENT -&gt; vint [256:8]&#10;    |       |       `--NUM_INT -&gt; 1 [256:16]&#10;    |       |--SEMI -&gt; ; [256:17]&#10;    |       |--EXPR -&gt; EXPR [257:13]&#10;    |       |   `--SL_ASSIGN -&gt; &lt;&lt;= [257:13]&#10;    |       |       |--IDENT -&gt; vint [257:8]&#10;    |       |       `--NUM_INT -&gt; 1 [257:17]&#10;    |       |--SEMI -&gt; ; [257:18]&#10;    |       |--EXPR -&gt; EXPR [258:13]&#10;    |       |   `--SR_ASSIGN -&gt; &gt;&gt;= [258:13]&#10;    |       |       |--IDENT -&gt; vint [258:8]&#10;    |       |       `--NUM_INT -&gt; 1 [258:17]&#10;    |       |--SEMI -&gt; ; [258:18]&#10;    |       |--EXPR -&gt; EXPR [259:13]&#10;    |       |   `--BSR_ASSIGN -&gt; &gt;&gt;&gt;= [259:13]&#10;    |       |       |--IDENT -&gt; vint [259:8]&#10;    |       |       `--NUM_INT -&gt; 1 [259:18]&#10;    |       |--SEMI -&gt; ; [259:19]&#10;    |       |--EXPR -&gt; EXPR [260:12]&#10;    |       |   `--POST_INC -&gt; ++ [260:12]&#10;    |       |       `--IDENT -&gt; vint [260:8]&#10;    |       |--SEMI -&gt; ; [260:14]&#10;    |       |--EXPR -&gt; EXPR [261:12]&#10;    |       |   `--POST_DEC -&gt; -- [261:12]&#10;    |       |       `--IDENT -&gt; vint [261:8]&#10;    |       |--SEMI -&gt; ; [261:14]&#10;    |       |--EXPR -&gt; EXPR [262:8]&#10;    |       |   `--INC -&gt; ++ [262:8]&#10;    |       |       `--IDENT -&gt; vint [262:10]&#10;    |       |--SEMI -&gt; ; [262:14]&#10;    |       |--EXPR -&gt; EXPR [263:8]&#10;    |       |   `--DEC -&gt; -- [263:8]&#10;    |       |       `--IDENT -&gt; vint [263:10]&#10;    |       |--SEMI -&gt; ; [263:14]&#10;    |       |--VARIABLE_DEF -&gt; VARIABLE_DEF [264:14]&#10;    |       |   |--MODIFIERS -&gt; MODIFIERS [264:14]&#10;    |       |   |--TYPE -&gt; TYPE [264:14]&#10;    |       |   |   `--ARRAY_DECLARATOR -&gt; [ [264:14]&#10;    |       |   |       |--IDENT -&gt; String [264:8]&#10;    |       |   |       `--RBRACK -&gt; ] [264:15]&#10;    |       |   |--IDENT -&gt; arrayinit [264:17]&#10;    |       |   `--ASSIGN -&gt; = [264:27]&#10;    |       |       `--ARRAY_INIT -&gt; { [264:29]&#10;    |       |           `--RCURLY -&gt; } [264:30]&#10;    |       |--SEMI -&gt; ; [264:31]&#10;    |       |--VARIABLE_DEF -&gt; VARIABLE_DEF [265:14]&#10;    |       |   |--MODIFIERS -&gt; MODIFIERS [265:14]&#10;    |       |   |--TYPE -&gt; TYPE [265:14]&#10;    |       |   |   `--ARRAY_DECLARATOR -&gt; [ [265:14]&#10;    |       |   |       |--IDENT -&gt; String [265:8]&#10;    |       |   |       `--RBRACK -&gt; ] [265:15]&#10;    |       |   |--IDENT -&gt; arrayinit2 [265:17]&#10;    |       |   `--ASSIGN -&gt; = [265:28]&#10;    |       |       `--ARRAY_INIT -&gt; { [265:30]&#10;    |       |           |--EXPR -&gt; EXPR [265:31]&#10;    |       |           |   `--STRING_LITERAL -&gt; &quot;&quot; [265:31]&#10;    |       |           `--RCURLY -&gt; } [265:33]&#10;    |       |--SEMI -&gt; ; [265:34]&#10;    |       |--VARIABLE_DEF -&gt; VARIABLE_DEF [266:14]&#10;    |       |   |--MODIFIERS -&gt; MODIFIERS [266:14]&#10;    |       |   |--TYPE -&gt; TYPE [266:14]&#10;    |       |   |   `--ARRAY_DECLARATOR -&gt; [ [266:14]&#10;    |       |   |       |--IDENT -&gt; String [266:8]&#10;    |       |   |       `--RBRACK -&gt; ] [266:15]&#10;    |       |   |--IDENT -&gt; arrayinit3 [266:17]&#10;    |       |   `--ASSIGN -&gt; = [266:28]&#10;    |       |       `--ARRAY_INIT -&gt; { [266:30]&#10;    |       |           |--EXPR -&gt; EXPR [266:31]&#10;    |       |           |   `--STRING_LITERAL -&gt; &quot;&quot; [266:31]&#10;    |       |           |--COMMA -&gt; , [266:33]&#10;    |       |           |--EXPR -&gt; EXPR [266:35]&#10;    |       |           |   `--STRING_LITERAL -&gt; &quot;&quot; [266:35]&#10;    |       |           |--COMMA -&gt; , [266:37]&#10;    |       |           `--RCURLY -&gt; } [266:38]&#10;    |       |--SEMI -&gt; ; [266:39]&#10;    |       |--EXPR -&gt; EXPR [269:15]&#10;    |       |   `--ASSIGN -&gt; = [269:15]&#10;    |       |       |--IDENT -&gt; varray [269:8]&#10;    |       |       `--LITERAL_NEW -&gt; new [269:17]&#10;    |       |           |--LITERAL_INT -&gt; int [269:21]&#10;    |       |           |--ARRAY_DECLARATOR -&gt; [ [269:24]&#10;    |       |           |   `--RBRACK -&gt; ] [269:25]&#10;    |       |           `--ARRAY_INIT -&gt; { [269:26]&#10;    |       |               `--RCURLY -&gt; } [269:27]&#10;    |       |--SEMI -&gt; ; [269:28]&#10;    |       |--EXPR -&gt; EXPR [270:15]&#10;    |       |   `--ASSIGN -&gt; = [270:15]&#10;    |       |       |--IDENT -&gt; varray [270:8]&#10;    |       |       `--LITERAL_NEW -&gt; new [270:17]&#10;    |       |           |--LITERAL_INT -&gt; int [270:21]&#10;    |       |           |--ARRAY_DECLARATOR -&gt; [ [270:24]&#10;    |       |           |   `--RBRACK -&gt; ] [270:25]&#10;    |       |           `--ARRAY_INIT -&gt; { [270:26]&#10;    |       |               |--EXPR -&gt; EXPR [270:27]&#10;    |       |               |   `--NUM_INT -&gt; 0 [270:27]&#10;    |       |               `--RCURLY -&gt; } [270:28]&#10;    |       |--SEMI -&gt; ; [270:29]&#10;    |       |--EXPR -&gt; EXPR [271:15]&#10;    |       |   `--ASSIGN -&gt; = [271:15]&#10;    |       |       |--IDENT -&gt; varray [271:8]&#10;    |       |       `--LITERAL_NEW -&gt; new [271:17]&#10;    |       |           |--LITERAL_INT -&gt; int [271:21]&#10;    |       |           |--ARRAY_DECLARATOR -&gt; [ [271:24]&#10;    |       |           |   `--RBRACK -&gt; ] [271:25]&#10;    |       |           `--ARRAY_INIT -&gt; { [271:26]&#10;    |       |               |--EXPR -&gt; EXPR [271:27]&#10;    |       |               |   `--NUM_INT -&gt; 0 [271:27]&#10;    |       |               |--COMMA -&gt; , [271:28]&#10;    |       |               |--EXPR -&gt; EXPR [271:30]&#10;    |       |               |   `--NUM_INT -&gt; 1 [271:30]&#10;    |       |               `--RCURLY -&gt; } [271:31]&#10;    |       |--SEMI -&gt; ; [271:32]&#10;    |       |--EXPR -&gt; EXPR [272:15]&#10;    |       |   `--ASSIGN -&gt; = [272:15]&#10;    |       |       |--IDENT -&gt; varray [272:8]&#10;    |       |       `--LITERAL_NEW -&gt; new [272:17]&#10;    |       |           |--LITERAL_INT -&gt; int [272:21]&#10;    |       |           `--ARRAY_DECLARATOR -&gt; [ [272:24]&#10;    |       |               |--EXPR -&gt; EXPR [272:25]&#10;    |       |               |   `--NUM_INT -&gt; 5 [272:25]&#10;    |       |               `--RBRACK -&gt; ] [272:26]&#10;    |       |--SEMI -&gt; ; [272:27]&#10;    |       |--EXPR -&gt; EXPR [273:14]&#10;    |       |   `--ASSIGN -&gt; = [273:14]&#10;    |       |       |--IDENT -&gt; vlist [273:8]&#10;    |       |       `--LITERAL_NEW -&gt; new [273:16]&#10;    |       |           |--IDENT -&gt; ArrayList [273:20]&#10;    |       |           |--TYPE_ARGUMENTS -&gt; TYPE_ARGUMENTS [273:29]&#10;    |       |           |   |--GENERIC_START -&gt; &lt; [273:29]&#10;    |       |           |   |--TYPE_ARGUMENT -&gt; TYPE_ARGUMENT [273:30]&#10;    |       |           |   |   `--IDENT -&gt; String [273:30]&#10;    |       |           |   `--GENERIC_END -&gt; &gt; [273:36]&#10;    |       |           |--LPAREN -&gt; ( [273:37]&#10;    |       |           |--ELIST -&gt; ELIST [273:38]&#10;    |       |           `--RPAREN -&gt; ) [273:38]&#10;    |       |--SEMI -&gt; ; [273:39]&#10;    |       |--EXPR -&gt; EXPR [274:13]&#10;    |       |   `--ASSIGN -&gt; = [274:13]&#10;    |       |       |--IDENT -&gt; vmap [274:8]&#10;    |       |       `--LITERAL_NEW -&gt; new [274:15]&#10;    |       |           |--IDENT -&gt; HashMap [274:19]&#10;    |       |           |--TYPE_ARGUMENTS -&gt; TYPE_ARGUMENTS [274:26]&#10;    |       |           |   |--GENERIC_START -&gt; &lt; [274:26]&#10;    |       |           |   |--TYPE_ARGUMENT -&gt; TYPE_ARGUMENT [274:27]&#10;    |       |           |   |   `--IDENT -&gt; String [274:27]&#10;    |       |           |   |--COMMA -&gt; , [274:33]&#10;    |       |           |   |--TYPE_ARGUMENT -&gt; TYPE_ARGUMENT [274:41]&#10;    |       |           |   |   `--ARRAY_DECLARATOR -&gt; [ [274:41]&#10;    |       |           |   |       |--IDENT -&gt; String [274:35]&#10;    |       |           |   |       `--RBRACK -&gt; ] [274:42]&#10;    |       |           |   `--GENERIC_END -&gt; &gt; [274:43]&#10;    |       |           |--LPAREN -&gt; ( [274:44]&#10;    |       |           |--ELIST -&gt; ELIST [274:45]&#10;    |       |           `--RPAREN -&gt; ) [274:45]&#10;    |       |--SEMI -&gt; ; [274:46]&#10;    |       |--VARIABLE_DEF -&gt; VARIABLE_DEF [275:8]&#10;    |       |   |--MODIFIERS -&gt; MODIFIERS [275:8]&#10;    |       |   |--TYPE -&gt; TYPE [275:8]&#10;    |       |   |   `--IDENT -&gt; Object [275:8]&#10;    |       |   |--IDENT -&gt; anonymous [275:15]&#10;    |       |   `--ASSIGN -&gt; = [275:25]&#10;    |       |       `--EXPR -&gt; EXPR [275:27]&#10;    |       |           `--LITERAL_NEW -&gt; new [275:27]&#10;    |       |               |--IDENT -&gt; InputRegressionJavaClass1 [275:31]&#10;    |       |               |--LPAREN -&gt; ( [275:56]&#10;    |       |               |--ELIST -&gt; ELIST [275:57]&#10;    |       |               |--RPAREN -&gt; ) [275:57]&#10;    |       |               `--OBJBLOCK -&gt; OBJBLOCK [275:59]&#10;    |       |                   |--LCURLY -&gt; { [275:59]&#10;    |       |                   `--RCURLY -&gt; } [275:60]&#10;    |       |--SEMI -&gt; ; [275:61]&#10;    |       |--EMPTY_STAT -&gt; ; [278:8]&#10;    |       |--EXPR -&gt; EXPR [279:16]&#10;    |       |   `--ASSIGN -&gt; = [279:16]&#10;    |       |       |--DOT -&gt; . [279:12]&#10;    |       |       |   |--LITERAL_THIS -&gt; this [279:8]&#10;    |       |       |   `--IDENT -&gt; f1 [279:13]&#10;    |       |       `--NUM_INT -&gt; 0 [279:18]&#10;    |       |--SEMI -&gt; ; [279:19]&#10;    |       |--LABELED_STAT -&gt; : [282:19]&#10;    |       |   |--IDENT -&gt; test_label1 [282:8]&#10;    |       |   `--SLIST -&gt; { [285:8]&#10;    |       |       `--RCURLY -&gt; } [285:9]&#10;    |       |--LITERAL_IF -&gt; if [286:8]&#10;    |       |   |--LPAREN -&gt; ( [286:11]&#10;    |       |   |--EXPR -&gt; EXPR [286:12]&#10;    |       |   |   `--LITERAL_TRUE -&gt; true [286:12]&#10;    |       |   |--RPAREN -&gt; ) [286:16]&#10;    |       |   `--EMPTY_STAT -&gt; ; [286:18]&#10;    |       |--LITERAL_IF -&gt; if [287:8]&#10;    |       |   |--LPAREN -&gt; ( [287:11]&#10;    |       |   |--EXPR -&gt; EXPR [287:12]&#10;    |       |   |   `--LITERAL_TRUE -&gt; true [287:12]&#10;    |       |   |--RPAREN -&gt; ) [287:16]&#10;    |       |   `--SLIST -&gt; { [287:18]&#10;    |       |       `--RCURLY -&gt; } [287:19]&#10;    |       |--LITERAL_IF -&gt; if [288:8]&#10;    |       |   |--LPAREN -&gt; ( [288:11]&#10;    |       |   |--EXPR -&gt; EXPR [288:12]&#10;    |       |   |   `--LITERAL_TRUE -&gt; true [288:12]&#10;    |       |   |--RPAREN -&gt; ) [288:16]&#10;    |       |   |--SLIST -&gt; { [288:18]&#10;    |       |   |   `--RCURLY -&gt; } [288:19]&#10;    |       |   `--LITERAL_ELSE -&gt; else [288:21]&#10;    |       |       `--EMPTY_STAT -&gt; ; [288:26]&#10;    |       |--LITERAL_IF -&gt; if [289:8]&#10;    |       |   |--LPAREN -&gt; ( [289:11]&#10;    |       |   |--EXPR -&gt; EXPR [289:12]&#10;    |       |   |   `--LITERAL_TRUE -&gt; true [289:12]&#10;    |       |   |--RPAREN -&gt; ) [289:16]&#10;    |       |   |--SLIST -&gt; { [289:18]&#10;    |       |   |   `--RCURLY -&gt; } [289:19]&#10;    |       |   `--LITERAL_ELSE -&gt; else [289:21]&#10;    |       |       `--SLIST -&gt; { [289:26]&#10;    |       |           `--RCURLY -&gt; } [289:27]&#10;    |       |--LITERAL_IF -&gt; if [290:8]&#10;    |       |   |--LPAREN -&gt; ( [290:11]&#10;    |       |   |--EXPR -&gt; EXPR [290:12]&#10;    |       |   |   `--IDENT -&gt; b [290:12]&#10;    |       |   |--RPAREN -&gt; ) [290:13]&#10;    |       |   `--SLIST -&gt; { [290:15]&#10;    |       |       |--LITERAL_FOR -&gt; for [290:17]&#10;    |       |       |   |--LPAREN -&gt; ( [290:21]&#10;    |       |       |   |--FOR_INIT -&gt; FOR_INIT [290:22]&#10;    |       |       |   |--SEMI -&gt; ; [290:22]&#10;    |       |       |   |--FOR_CONDITION -&gt; FOR_CONDITION [290:23]&#10;    |       |       |   |--SEMI -&gt; ; [290:23]&#10;    |       |       |   |--FOR_ITERATOR -&gt; FOR_ITERATOR [290:24]&#10;    |       |       |   |--RPAREN -&gt; ) [290:24]&#10;    |       |       |   `--EMPTY_STAT -&gt; ; [290:26]&#10;    |       |       `--RCURLY -&gt; } [290:28]&#10;    |       |--LITERAL_IF -&gt; if [291:8]&#10;    |       |   |--LPAREN -&gt; ( [291:11]&#10;    |       |   |--EXPR -&gt; EXPR [291:12]&#10;    |       |   |   `--IDENT -&gt; b [291:12]&#10;    |       |   |--RPAREN -&gt; ) [291:13]&#10;    |       |   `--SLIST -&gt; { [291:15]&#10;    |       |       |--LITERAL_FOR -&gt; for [291:17]&#10;    |       |       |   |--LPAREN -&gt; ( [291:21]&#10;    |       |       |   |--FOR_INIT -&gt; FOR_INIT [291:22]&#10;    |       |       |   |--SEMI -&gt; ; [291:22]&#10;    |       |       |   |--FOR_CONDITION -&gt; FOR_CONDITION [291:23]&#10;    |       |       |   |--SEMI -&gt; ; [291:23]&#10;    |       |       |   |--FOR_ITERATOR -&gt; FOR_ITERATOR [291:24]&#10;    |       |       |   |--RPAREN -&gt; ) [291:24]&#10;    |       |       |   `--SLIST -&gt; { [291:26]&#10;    |       |       |       `--RCURLY -&gt; } [291:27]&#10;    |       |       `--RCURLY -&gt; } [291:29]&#10;    |       |--LITERAL_FOR -&gt; for [292:8]&#10;    |       |   |--LPAREN -&gt; ( [292:12]&#10;    |       |   |--FOR_INIT -&gt; FOR_INIT [292:13]&#10;    |       |   |   `--VARIABLE_DEF -&gt; VARIABLE_DEF [292:13]&#10;    |       |   |       |--MODIFIERS -&gt; MODIFIERS [292:13]&#10;    |       |   |       |--TYPE -&gt; TYPE [292:13]&#10;    |       |   |       |   `--LITERAL_INT -&gt; int [292:13]&#10;    |       |   |       |--IDENT -&gt; i [292:17]&#10;    |       |   |       `--ASSIGN -&gt; = [292:19]&#10;    |       |   |           `--EXPR -&gt; EXPR [292:21]&#10;    |       |   |               `--NUM_INT -&gt; 0 [292:21]&#10;    |       |   |--SEMI -&gt; ; [292:22]&#10;    |       |   |--FOR_CONDITION -&gt; FOR_CONDITION [292:26]&#10;    |       |   |   `--EXPR -&gt; EXPR [292:26]&#10;    |       |   |       `--LT -&gt; &lt; [292:26]&#10;    |       |   |           |--IDENT -&gt; i [292:24]&#10;    |       |   |           `--NUM_INT -&gt; 1 [292:28]&#10;    |       |   |--SEMI -&gt; ; [292:29]&#10;    |       |   |--FOR_ITERATOR -&gt; FOR_ITERATOR [292:32]&#10;    |       |   |   `--ELIST -&gt; ELIST [292:32]&#10;    |       |   |       `--EXPR -&gt; EXPR [292:32]&#10;    |       |   |           `--POST_INC -&gt; ++ [292:32]&#10;    |       |   |               `--IDENT -&gt; i [292:31]&#10;    |       |   |--RPAREN -&gt; ) [292:34]&#10;    |       |   `--SLIST -&gt; { [292:36]&#10;    |       |       `--RCURLY -&gt; } [292:37]&#10;    |       |--LITERAL_FOR -&gt; for [293:8]&#10;    |       |   |--LPAREN -&gt; ( [293:12]&#10;    |       |   |--FOR_INIT -&gt; FOR_INIT [293:13]&#10;    |       |   |   |--VARIABLE_DEF -&gt; VARIABLE_DEF [293:13]&#10;    |       |   |   |   |--MODIFIERS -&gt; MODIFIERS [293:13]&#10;    |       |   |   |   |--TYPE -&gt; TYPE [293:13]&#10;    |       |   |   |   |   `--LITERAL_INT -&gt; int [293:13]&#10;    |       |   |   |   |--IDENT -&gt; i [293:17]&#10;    |       |   |   |   `--ASSIGN -&gt; = [293:19]&#10;    |       |   |   |       `--EXPR -&gt; EXPR [293:21]&#10;    |       |   |   |           `--NUM_INT -&gt; 0 [293:21]&#10;    |       |   |   |--COMMA -&gt; , [293:22]&#10;    |       |   |   `--VARIABLE_DEF -&gt; VARIABLE_DEF [293:13]&#10;    |       |   |       |--MODIFIERS -&gt; MODIFIERS [293:13]&#10;    |       |   |       |--TYPE -&gt; TYPE [293:13]&#10;    |       |   |       |   `--LITERAL_INT -&gt; int [293:13]&#10;    |       |   |       |--IDENT -&gt; j [293:24]&#10;    |       |   |       `--ASSIGN -&gt; = [293:26]&#10;    |       |   |           `--EXPR -&gt; EXPR [293:28]&#10;    |       |   |               `--NUM_INT -&gt; 0 [293:28]&#10;    |       |   |--SEMI -&gt; ; [293:29]&#10;    |       |   |--FOR_CONDITION -&gt; FOR_CONDITION [293:33]&#10;    |       |   |   `--EXPR -&gt; EXPR [293:33]&#10;    |       |   |       `--LT -&gt; &lt; [293:33]&#10;    |       |   |           |--IDENT -&gt; i [293:31]&#10;    |       |   |           `--NUM_INT -&gt; 1 [293:35]&#10;    |       |   |--SEMI -&gt; ; [293:36]&#10;    |       |   |--FOR_ITERATOR -&gt; FOR_ITERATOR [293:39]&#10;    |       |   |   `--ELIST -&gt; ELIST [293:39]&#10;    |       |   |       |--EXPR -&gt; EXPR [293:39]&#10;    |       |   |       |   `--POST_INC -&gt; ++ [293:39]&#10;    |       |   |       |       `--IDENT -&gt; i [293:38]&#10;    |       |   |       |--COMMA -&gt; , [293:41]&#10;    |       |   |       `--EXPR -&gt; EXPR [293:45]&#10;    |       |   |           `--PLUS_ASSIGN -&gt; += [293:45]&#10;    |       |   |               |--IDENT -&gt; j [293:43]&#10;    |       |   |               `--NUM_INT -&gt; 2 [293:48]&#10;    |       |   |--RPAREN -&gt; ) [293:49]&#10;    |       |   `--SLIST -&gt; { [293:51]&#10;    |       |       `--RCURLY -&gt; } [293:52]&#10;    |       |--LITERAL_FOR -&gt; for [294:8]&#10;    |       |   |--LPAREN -&gt; ( [294:12]&#10;    |       |   |--FOR_EACH_CLAUSE -&gt; FOR_EACH_CLAUSE [294:13]&#10;    |       |   |   |--VARIABLE_DEF -&gt; VARIABLE_DEF [294:13]&#10;    |       |   |   |   |--MODIFIERS -&gt; MODIFIERS [294:13]&#10;    |       |   |   |   |--TYPE -&gt; TYPE [294:13]&#10;    |       |   |   |   |   `--LITERAL_INT -&gt; int [294:13]&#10;    |       |   |   |   `--IDENT -&gt; value [294:17]&#10;    |       |   |   |--COLON -&gt; : [294:22]&#10;    |       |   |   `--EXPR -&gt; EXPR [294:24]&#10;    |       |   |       `--LITERAL_NEW -&gt; new [294:24]&#10;    |       |   |           |--LITERAL_INT -&gt; int [294:28]&#10;    |       |   |           |--ARRAY_DECLARATOR -&gt; [ [294:31]&#10;    |       |   |           |   `--RBRACK -&gt; ] [294:32]&#10;    |       |   |           `--ARRAY_INIT -&gt; { [294:33]&#10;    |       |   |               `--RCURLY -&gt; } [294:34]&#10;    |       |   |--RPAREN -&gt; ) [294:35]&#10;    |       |   `--EMPTY_STAT -&gt; ; [294:37]&#10;    |       |--LITERAL_FOR -&gt; for [295:8]&#10;    |       |   |--LPAREN -&gt; ( [295:12]&#10;    |       |   |--FOR_EACH_CLAUSE -&gt; FOR_EACH_CLAUSE [295:13]&#10;    |       |   |   |--VARIABLE_DEF -&gt; VARIABLE_DEF [295:13]&#10;    |       |   |   |   |--MODIFIERS -&gt; MODIFIERS [295:13]&#10;    |       |   |   |   |--TYPE -&gt; TYPE [295:13]&#10;    |       |   |   |   |   `--IDENT -&gt; String [295:13]&#10;    |       |   |   |   `--IDENT -&gt; s [295:20]&#10;    |       |   |   |--COLON -&gt; : [295:22]&#10;    |       |   |   `--EXPR -&gt; EXPR [295:24]&#10;    |       |   |       `--LITERAL_NEW -&gt; new [295:24]&#10;    |       |   |           |--IDENT -&gt; String [295:28]&#10;    |       |   |           |--ARRAY_DECLARATOR -&gt; [ [295:34]&#10;    |       |   |           |   `--RBRACK -&gt; ] [295:35]&#10;    |       |   |           `--ARRAY_INIT -&gt; { [295:36]&#10;    |       |   |               `--RCURLY -&gt; } [295:37]&#10;    |       |   |--RPAREN -&gt; ) [295:38]&#10;    |       |   `--EMPTY_STAT -&gt; ; [295:40]&#10;    |       |--LITERAL_FOR -&gt; for [296:8]&#10;    |       |   |--LPAREN -&gt; ( [296:12]&#10;    |       |   |--FOR_EACH_CLAUSE -&gt; FOR_EACH_CLAUSE [296:13]&#10;    |       |   |   |--VARIABLE_DEF -&gt; VARIABLE_DEF [296:13]&#10;    |       |   |   |   |--MODIFIERS -&gt; MODIFIERS [296:13]&#10;    |       |   |   |   |   `--FINAL -&gt; final [296:13]&#10;    |       |   |   |   |--TYPE -&gt; TYPE [296:19]&#10;    |       |   |   |   |   `--IDENT -&gt; String [296:19]&#10;    |       |   |   |   `--IDENT -&gt; s [296:26]&#10;    |       |   |   |--COLON -&gt; : [296:28]&#10;    |       |   |   `--EXPR -&gt; EXPR [296:30]&#10;    |       |   |       `--LITERAL_NEW -&gt; new [296:30]&#10;    |       |   |           |--IDENT -&gt; String [296:34]&#10;    |       |   |           |--ARRAY_DECLARATOR -&gt; [ [296:40]&#10;    |       |   |           |   `--RBRACK -&gt; ] [296:41]&#10;    |       |   |           `--ARRAY_INIT -&gt; { [296:42]&#10;    |       |   |               `--RCURLY -&gt; } [296:43]&#10;    |       |   |--RPAREN -&gt; ) [296:44]&#10;    |       |   `--EMPTY_STAT -&gt; ; [296:46]&#10;    |       |--LITERAL_IF -&gt; if [297:8]&#10;    |       |   |--LPAREN -&gt; ( [297:11]&#10;    |       |   |--EXPR -&gt; EXPR [297:12]&#10;    |       |   |   `--IDENT -&gt; b [297:12]&#10;    |       |   |--RPAREN -&gt; ) [297:13]&#10;    |       |   `--SLIST -&gt; { [297:15]&#10;    |       |       |--LITERAL_WHILE -&gt; while [297:17]&#10;    |       |       |   |--LPAREN -&gt; ( [297:23]&#10;    |       |       |   |--EXPR -&gt; EXPR [297:24]&#10;    |       |       |   |   `--LITERAL_TRUE -&gt; true [297:24]&#10;    |       |       |   |--RPAREN -&gt; ) [297:28]&#10;    |       |       |   `--EMPTY_STAT -&gt; ; [297:30]&#10;    |       |       `--RCURLY -&gt; } [297:32]&#10;    |       |--LITERAL_IF -&gt; if [298:8]&#10;    |       |   |--LPAREN -&gt; ( [298:11]&#10;    |       |   |--EXPR -&gt; EXPR [298:12]&#10;    |       |   |   `--IDENT -&gt; b [298:12]&#10;    |       |   |--RPAREN -&gt; ) [298:13]&#10;    |       |   `--SLIST -&gt; { [298:15]&#10;    |       |       |--LITERAL_WHILE -&gt; while [298:17]&#10;    |       |       |   |--LPAREN -&gt; ( [298:23]&#10;    |       |       |   |--EXPR -&gt; EXPR [298:24]&#10;    |       |       |   |   `--LITERAL_TRUE -&gt; true [298:24]&#10;    |       |       |   |--RPAREN -&gt; ) [298:28]&#10;    |       |       |   `--SLIST -&gt; { [298:30]&#10;    |       |       |       `--RCURLY -&gt; } [298:31]&#10;    |       |       `--RCURLY -&gt; } [298:33]&#10;    |       |--LITERAL_DO -&gt; do [299:8]&#10;    |       |   |--SLIST -&gt; { [299:11]&#10;    |       |   |   `--RCURLY -&gt; } [299:12]&#10;    |       |   |--DO_WHILE -&gt; while [299:14]&#10;    |       |   |--LPAREN -&gt; ( [299:20]&#10;    |       |   |--EXPR -&gt; EXPR [299:21]&#10;    |       |   |   `--LITERAL_FALSE -&gt; false [299:21]&#10;    |       |   |--RPAREN -&gt; ) [299:26]&#10;    |       |   `--SEMI -&gt; ; [299:27]&#10;    |       |--LITERAL_SYNCHRONIZED -&gt; synchronized [300:8]&#10;    |       |   |--LPAREN -&gt; ( [300:21]&#10;    |       |   |--EXPR -&gt; EXPR [300:22]&#10;    |       |   |   `--IDENT -&gt; f9 [300:22]&#10;    |       |   |--RPAREN -&gt; ) [300:24]&#10;    |       |   `--SLIST -&gt; { [300:26]&#10;    |       |       `--RCURLY -&gt; } [300:27]&#10;    |       |--LITERAL_SWITCH -&gt; switch [302:8]&#10;    |       |   |--LPAREN -&gt; ( [302:15]&#10;    |       |   |--EXPR -&gt; EXPR [302:16]&#10;    |       |   |   `--NUM_INT -&gt; 0 [302:16]&#10;    |       |   |--RPAREN -&gt; ) [302:17]&#10;    |       |   |--LCURLY -&gt; { [302:19]&#10;    |       |   |--CASE_GROUP -&gt; CASE_GROUP [303:12]&#10;    |       |   |   |--LITERAL_CASE -&gt; case [303:12]&#10;    |       |   |   |   |--EXPR -&gt; EXPR [303:17]&#10;    |       |   |   |   |   `--NUM_INT -&gt; 1 [303:17]&#10;    |       |   |   |   `--COLON -&gt; : [303:18]&#10;    |       |   |   |--LITERAL_CASE -&gt; case [304:12]&#10;    |       |   |   |   |--EXPR -&gt; EXPR [304:17]&#10;    |       |   |   |   |   `--NUM_INT -&gt; 0 [304:17]&#10;    |       |   |   |   `--COLON -&gt; : [304:18]&#10;    |       |   |   `--SLIST -&gt; SLIST [304:20]&#10;    |       |   |       `--LITERAL_BREAK -&gt; break [304:20]&#10;    |       |   |           `--SEMI -&gt; ; [304:25]&#10;    |       |   |--CASE_GROUP -&gt; CASE_GROUP [305:12]&#10;    |       |   |   |--LITERAL_DEFAULT -&gt; default [305:12]&#10;    |       |   |   |   `--COLON -&gt; : [305:19]&#10;    |       |   |   `--SLIST -&gt; SLIST [305:21]&#10;    |       |   |       `--LITERAL_BREAK -&gt; break [305:21]&#10;    |       |   |           `--SEMI -&gt; ; [305:26]&#10;    |       |   `--RCURLY -&gt; } [306:8]&#10;    |       |--LITERAL_TRY -&gt; try [308:8]&#10;    |       |   |--SLIST -&gt; { [308:12]&#10;    |       |   |   |--LITERAL_IF -&gt; if [309:12]&#10;    |       |   |   |   |--LPAREN -&gt; ( [309:15]&#10;    |       |   |   |   |--EXPR -&gt; EXPR [309:16]&#10;    |       |   |   |   |   `--IDENT -&gt; b [309:16]&#10;    |       |   |   |   |--RPAREN -&gt; ) [309:17]&#10;    |       |   |   |   `--SLIST -&gt; { [309:19]&#10;    |       |   |   |       |--LITERAL_THROW -&gt; throw [309:21]&#10;    |       |   |   |       |   |--EXPR -&gt; EXPR [309:27]&#10;    |       |   |   |       |   |   `--LITERAL_NEW -&gt; new [309:27]&#10;    |       |   |   |       |   |       |--IDENT -&gt; IOException [309:31]&#10;    |       |   |   |       |   |       |--LPAREN -&gt; ( [309:42]&#10;    |       |   |   |       |   |       |--ELIST -&gt; ELIST [309:43]&#10;    |       |   |   |       |   |       `--RPAREN -&gt; ) [309:43]&#10;    |       |   |   |       |   `--SEMI -&gt; ; [309:44]&#10;    |       |   |   |       `--RCURLY -&gt; } [309:46]&#10;    |       |   |   |--LITERAL_IF -&gt; if [310:12]&#10;    |       |   |   |   |--LPAREN -&gt; ( [310:15]&#10;    |       |   |   |   |--EXPR -&gt; EXPR [310:16]&#10;    |       |   |   |   |   `--IDENT -&gt; b [310:16]&#10;    |       |   |   |   |--RPAREN -&gt; ) [310:17]&#10;    |       |   |   |   `--SLIST -&gt; { [310:19]&#10;    |       |   |   |       |--LITERAL_THROW -&gt; throw [310:21]&#10;    |       |   |   |       |   |--EXPR -&gt; EXPR [310:27]&#10;    |       |   |   |       |   |   `--LITERAL_NEW -&gt; new [310:27]&#10;    |       |   |   |       |   |       |--IDENT -&gt; ArrayIndexOutOfBoundsException [310:31]&#10;    |       |   |   |       |   |       |--LPAREN -&gt; ( [310:61]&#10;    |       |   |   |       |   |       |--ELIST -&gt; ELIST [310:62]&#10;    |       |   |   |       |   |       `--RPAREN -&gt; ) [310:62]&#10;    |       |   |   |       |   `--SEMI -&gt; ; [310:63]&#10;    |       |   |   |       `--RCURLY -&gt; } [310:65]&#10;    |       |   |   |--LITERAL_THROW -&gt; throw [311:12]&#10;    |       |   |   |   |--EXPR -&gt; EXPR [311:18]&#10;    |       |   |   |   |   `--LITERAL_NEW -&gt; new [311:18]&#10;    |       |   |   |   |       |--IDENT -&gt; Exception [311:22]&#10;    |       |   |   |   |       |--LPAREN -&gt; ( [311:31]&#10;    |       |   |   |   |       |--ELIST -&gt; ELIST [311:32]&#10;    |       |   |   |   |       `--RPAREN -&gt; ) [311:32]&#10;    |       |   |   |   `--SEMI -&gt; ; [311:33]&#10;    |       |   |   `--RCURLY -&gt; } [312:8]&#10;    |       |   |--LITERAL_CATCH -&gt; catch [312:10]&#10;    |       |   |   |--LPAREN -&gt; ( [312:16]&#10;    |       |   |   |--PARAMETER_DEF -&gt; PARAMETER_DEF [312:29]&#10;    |       |   |   |   |--MODIFIERS -&gt; MODIFIERS [312:29]&#10;    |       |   |   |   |--TYPE -&gt; TYPE [312:29]&#10;    |       |   |   |   |   `--BOR -&gt; | [312:29]&#10;    |       |   |   |   |       |--IDENT -&gt; IOException [312:17]&#10;    |       |   |   |   |       `--IDENT -&gt; ArrayIndexOutOfBoundsException [312:31]&#10;    |       |   |   |   `--IDENT -&gt; e [312:62]&#10;    |       |   |   |--RPAREN -&gt; ) [312:63]&#10;    |       |   |   `--SLIST -&gt; { [312:65]&#10;    |       |   |       `--RCURLY -&gt; } [313:8]&#10;    |       |   |--LITERAL_CATCH -&gt; catch [313:10]&#10;    |       |   |   |--LPAREN -&gt; ( [313:16]&#10;    |       |   |   |--PARAMETER_DEF -&gt; PARAMETER_DEF [313:17]&#10;    |       |   |   |   |--MODIFIERS -&gt; MODIFIERS [313:17]&#10;    |       |   |   |   |--TYPE -&gt; TYPE [313:17]&#10;    |       |   |   |   |   `--IDENT -&gt; Exception [313:17]&#10;    |       |   |   |   `--IDENT -&gt; e [313:27]&#10;    |       |   |   |--RPAREN -&gt; ) [313:28]&#10;    |       |   |   `--SLIST -&gt; { [313:30]&#10;    |       |   |       `--RCURLY -&gt; } [314:8]&#10;    |       |   `--LITERAL_FINALLY -&gt; finally [314:10]&#10;    |       |       `--SLIST -&gt; { [314:18]&#10;    |       |           `--RCURLY -&gt; } [314:19]&#10;    |       |--LITERAL_TRY -&gt; try [315:8]&#10;    |       |   |--RESOURCE_SPECIFICATION -&gt; RESOURCE_SPECIFICATION [315:12]&#10;    |       |   |   |--LPAREN -&gt; ( [315:12]&#10;    |       |   |   |--RESOURCES -&gt; RESOURCES [315:13]&#10;    |       |   |   |   `--RESOURCE -&gt; RESOURCE [315:13]&#10;    |       |   |   |       |--MODIFIERS -&gt; MODIFIERS [315:13]&#10;    |       |   |   |       |--TYPE -&gt; TYPE [315:13]&#10;    |       |   |   |       |   `--IDENT -&gt; BufferedReader [315:13]&#10;    |       |   |   |       |--IDENT -&gt; br [315:28]&#10;    |       |   |   |       `--ASSIGN -&gt; = [315:31]&#10;    |       |   |   |           `--EXPR -&gt; EXPR [315:33]&#10;    |       |   |   |               `--LITERAL_NEW -&gt; new [315:33]&#10;    |       |   |   |                   |--IDENT -&gt; BufferedReader [315:37]&#10;    |       |   |   |                   |--LPAREN -&gt; ( [315:51]&#10;    |       |   |   |                   |--ELIST -&gt; ELIST [315:52]&#10;    |       |   |   |                   |   `--EXPR -&gt; EXPR [315:52]&#10;    |       |   |   |                   |       `--LITERAL_NEW -&gt; new [315:52]&#10;    |       |   |   |                   |           |--IDENT -&gt; InputStreamReader [315:56]&#10;    |       |   |   |                   |           |--LPAREN -&gt; ( [315:73]&#10;    |       |   |   |                   |           |--ELIST -&gt; ELIST [315:74]&#10;    |       |   |   |                   |           |   |--EXPR -&gt; EXPR [315:74]&#10;    |       |   |   |                   |           |   |   `--LITERAL_NULL -&gt; null [315:74]&#10;    |       |   |   |                   |           |   |--COMMA -&gt; , [315:78]&#10;    |       |   |   |                   |           |   `--EXPR -&gt; EXPR [315:80]&#10;    |       |   |   |                   |           |       `--STRING_LITERAL -&gt; &quot;utf-8&quot; [315:80]&#10;    |       |   |   |                   |           `--RPAREN -&gt; ) [315:87]&#10;    |       |   |   |                   `--RPAREN -&gt; ) [315:88]&#10;    |       |   |   `--RPAREN -&gt; ) [315:89]&#10;    |       |   `--SLIST -&gt; { [315:91]&#10;    |       |       `--RCURLY -&gt; } [315:92]&#10;    |       |--LITERAL_TRY -&gt; try [316:8]&#10;    |       |   |--RESOURCE_SPECIFICATION -&gt; RESOURCE_SPECIFICATION [316:12]&#10;    |       |   |   |--LPAREN -&gt; ( [316:12]&#10;    |       |   |   |--RESOURCES -&gt; RESOURCES [316:13]&#10;    |       |   |   |   |--RESOURCE -&gt; RESOURCE [316:13]&#10;    |       |   |   |   |   |--MODIFIERS -&gt; MODIFIERS [316:13]&#10;    |       |   |   |   |   |--TYPE -&gt; TYPE [316:13]&#10;    |       |   |   |   |   |   `--IDENT -&gt; BufferedReader [316:13]&#10;    |       |   |   |   |   |--IDENT -&gt; br1 [316:28]&#10;    |       |   |   |   |   `--ASSIGN -&gt; = [316:32]&#10;    |       |   |   |   |       `--EXPR -&gt; EXPR [316:34]&#10;    |       |   |   |   |           `--LITERAL_NEW -&gt; new [316:34]&#10;    |       |   |   |   |               |--IDENT -&gt; BufferedReader [316:38]&#10;    |       |   |   |   |               |--LPAREN -&gt; ( [316:52]&#10;    |       |   |   |   |               |--ELIST -&gt; ELIST [316:53]&#10;    |       |   |   |   |               |   `--EXPR -&gt; EXPR [316:53]&#10;    |       |   |   |   |               |       `--LITERAL_NEW -&gt; new [316:53]&#10;    |       |   |   |   |               |           |--IDENT -&gt; InputStreamReader [316:57]&#10;    |       |   |   |   |               |           |--LPAREN -&gt; ( [316:74]&#10;    |       |   |   |   |               |           |--ELIST -&gt; ELIST [316:75]&#10;    |       |   |   |   |               |           |   |--EXPR -&gt; EXPR [316:75]&#10;    |       |   |   |   |               |           |   |   `--LITERAL_NULL -&gt; null [316:75]&#10;    |       |   |   |   |               |           |   |--COMMA -&gt; , [316:79]&#10;    |       |   |   |   |               |           |   `--EXPR -&gt; EXPR [316:81]&#10;    |       |   |   |   |               |           |       `--STRING_LITERAL -&gt; &quot;utf-8&quot; [316:81]&#10;    |       |   |   |   |               |           `--RPAREN -&gt; ) [316:88]&#10;    |       |   |   |   |               `--RPAREN -&gt; ) [316:89]&#10;    |       |   |   |   |--SEMI -&gt; ; [316:90]&#10;    |       |   |   |   `--RESOURCE -&gt; RESOURCE [317:16]&#10;    |       |   |   |       |--MODIFIERS -&gt; MODIFIERS [317:16]&#10;    |       |   |   |       |--TYPE -&gt; TYPE [317:16]&#10;    |       |   |   |       |   `--IDENT -&gt; BufferedReader [317:16]&#10;    |       |   |   |       |--IDENT -&gt; br2 [317:31]&#10;    |       |   |   |       `--ASSIGN -&gt; = [317:35]&#10;    |       |   |   |           `--EXPR -&gt; EXPR [317:37]&#10;    |       |   |   |               `--LITERAL_NEW -&gt; new [317:37]&#10;    |       |   |   |                   |--IDENT -&gt; BufferedReader [317:41]&#10;    |       |   |   |                   |--LPAREN -&gt; ( [317:55]&#10;    |       |   |   |                   |--ELIST -&gt; ELIST [317:56]&#10;    |       |   |   |                   |   `--EXPR -&gt; EXPR [317:56]&#10;    |       |   |   |                   |       `--LITERAL_NEW -&gt; new [317:56]&#10;    |       |   |   |                   |           |--IDENT -&gt; InputStreamReader [317:60]&#10;    |       |   |   |                   |           |--LPAREN -&gt; ( [317:77]&#10;    |       |   |   |                   |           |--ELIST -&gt; ELIST [317:78]&#10;    |       |   |   |                   |           |   |--EXPR -&gt; EXPR [317:78]&#10;    |       |   |   |                   |           |   |   `--LITERAL_NULL -&gt; null [317:78]&#10;    |       |   |   |                   |           |   |--COMMA -&gt; , [317:82]&#10;    |       |   |   |                   |           |   `--EXPR -&gt; EXPR [317:84]&#10;    |       |   |   |                   |           |       `--STRING_LITERAL -&gt; &quot;utf-8&quot; [317:84]&#10;    |       |   |   |                   |           `--RPAREN -&gt; ) [317:91]&#10;    |       |   |   |                   `--RPAREN -&gt; ) [317:92]&#10;    |       |   |   |--SEMI -&gt; ; [317:93]&#10;    |       |   |   `--RPAREN -&gt; ) [317:94]&#10;    |       |   `--SLIST -&gt; { [317:96]&#10;    |       |       `--RCURLY -&gt; } [317:97]&#10;    |       |--EXPR -&gt; EXPR [320:14]&#10;    |       |   `--ASSIGN -&gt; = [320:14]&#10;    |       |       |--IDENT -&gt; test4 [320:8]&#10;    |       |       `--DOT -&gt; . [320:41]&#10;    |       |           |--IDENT -&gt; InputRegressionJavaClass1 [320:16]&#10;    |       |           `--LITERAL_CLASS -&gt; class [320:42]&#10;    |       |--SEMI -&gt; ; [320:47]&#10;    |       |--EXPR -&gt; EXPR [321:14]&#10;    |       |   `--ASSIGN -&gt; = [321:14]&#10;    |       |       |--IDENT -&gt; test4 [321:8]&#10;    |       |       `--DOT -&gt; . [321:22]&#10;    |       |           |--ARRAY_DECLARATOR -&gt; [ [321:20]&#10;    |       |           |   |--IDENT -&gt; List [321:16]&#10;    |       |           |   `--RBRACK -&gt; ] [321:21]&#10;    |       |           `--LITERAL_CLASS -&gt; class [321:23]&#10;    |       |--SEMI -&gt; ; [321:28]&#10;    |       |--EXPR -&gt; EXPR [322:14]&#10;    |       |   `--ASSIGN -&gt; = [322:14]&#10;    |       |       |--IDENT -&gt; test4 [322:8]&#10;    |       |       `--DOT -&gt; . [322:25]&#10;    |       |           |--ARRAY_DECLARATOR -&gt; [ [322:23]&#10;    |       |           |   |--LITERAL_BOOLEAN -&gt; boolean [322:16]&#10;    |       |           |   `--RBRACK -&gt; ] [322:24]&#10;    |       |           `--LITERAL_CLASS -&gt; class [322:26]&#10;    |       |--SEMI -&gt; ; [322:31]&#10;    |       |--EXPR -&gt; EXPR [323:18]&#10;    |       |   `--ASSIGN -&gt; = [323:18]&#10;    |       |       |--INDEX_OP -&gt; [ [323:14]&#10;    |       |       |   |--IDENT -&gt; varray [323:8]&#10;    |       |       |   |--EXPR -&gt; EXPR [323:15]&#10;    |       |       |   |   `--NUM_INT -&gt; 0 [323:15]&#10;    |       |       |   `--RBRACK -&gt; ] [323:16]&#10;    |       |       `--NUM_INT -&gt; 0 [323:20]&#10;    |       |--SEMI -&gt; ; [323:21]&#10;    |       |--LITERAL_FOR -&gt; for [324:8]&#10;    |       |   |--LPAREN -&gt; ( [324:12]&#10;    |       |   |--FOR_EACH_CLAUSE -&gt; FOR_EACH_CLAUSE [324:19]&#10;    |       |   |   |--VARIABLE_DEF -&gt; VARIABLE_DEF [324:19]&#10;    |       |   |   |   |--MODIFIERS -&gt; MODIFIERS [324:19]&#10;    |       |   |   |   |--TYPE -&gt; TYPE [324:19]&#10;    |       |   |   |   |   `--ARRAY_DECLARATOR -&gt; [ [324:19]&#10;    |       |   |   |   |       |--IDENT -&gt; String [324:13]&#10;    |       |   |   |   |       `--RBRACK -&gt; ] [324:20]&#10;    |       |   |   |   `--IDENT -&gt; s [324:22]&#10;    |       |   |   |--COLON -&gt; : [324:24]&#10;    |       |   |   `--EXPR -&gt; EXPR [324:26]&#10;    |       |   |       `--LITERAL_NEW -&gt; new [324:26]&#10;    |       |   |           |--IDENT -&gt; String [324:30]&#10;    |       |   |           |--ARRAY_DECLARATOR -&gt; [ [324:38]&#10;    |       |   |           |   |--ARRAY_DECLARATOR -&gt; [ [324:36]&#10;    |       |   |           |   |   `--RBRACK -&gt; ] [324:37]&#10;    |       |   |           |   `--RBRACK -&gt; ] [324:39]&#10;    |       |   |           `--ARRAY_INIT -&gt; { [324:40]&#10;    |       |   |               |--ARRAY_INIT -&gt; { [324:41]&#10;    |       |   |               |   `--RCURLY -&gt; } [324:42]&#10;    |       |   |               `--RCURLY -&gt; } [324:43]&#10;    |       |   |--RPAREN -&gt; ) [324:44]&#10;    |       |   `--EMPTY_STAT -&gt; ; [324:46]&#10;    |       |--LITERAL_FOR -&gt; for [325:8]&#10;    |       |   |--LPAREN -&gt; ( [325:12]&#10;    |       |   |--FOR_EACH_CLAUSE -&gt; FOR_EACH_CLAUSE [325:16]&#10;    |       |   |   |--VARIABLE_DEF -&gt; VARIABLE_DEF [325:16]&#10;    |       |   |   |   |--MODIFIERS -&gt; MODIFIERS [325:16]&#10;    |       |   |   |   |--TYPE -&gt; TYPE [325:16]&#10;    |       |   |   |   |   `--DOT -&gt; . [325:16]&#10;    |       |   |   |   |       |--IDENT -&gt; Map [325:13]&#10;    |       |   |   |   |       |--IDENT -&gt; Entry [325:17]&#10;    |       |   |   |   |       `--TYPE_ARGUMENTS -&gt; TYPE_ARGUMENTS [325:22]&#10;    |       |   |   |   |           |--GENERIC_START -&gt; &lt; [325:22]&#10;    |       |   |   |   |           |--TYPE_ARGUMENT -&gt; TYPE_ARGUMENT [325:23]&#10;    |       |   |   |   |           |   `--IDENT -&gt; String [325:23]&#10;    |       |   |   |   |           |--COMMA -&gt; , [325:29]&#10;    |       |   |   |   |           |--TYPE_ARGUMENT -&gt; TYPE_ARGUMENT [325:37]&#10;    |       |   |   |   |           |   `--ARRAY_DECLARATOR -&gt; [ [325:37]&#10;    |       |   |   |   |           |       |--IDENT -&gt; String [325:31]&#10;    |       |   |   |   |           |       `--RBRACK -&gt; ] [325:38]&#10;    |       |   |   |   |           `--GENERIC_END -&gt; &gt; [325:39]&#10;    |       |   |   |   `--IDENT -&gt; e [325:41]&#10;    |       |   |   |--COLON -&gt; : [325:43]&#10;    |       |   |   `--EXPR -&gt; EXPR [325:58]&#10;    |       |   |       `--METHOD_CALL -&gt; ( [325:58]&#10;    |       |   |           |--DOT -&gt; . [325:49]&#10;    |       |   |           |   |--IDENT -&gt; vmap [325:45]&#10;    |       |   |           |   `--IDENT -&gt; entrySet [325:50]&#10;    |       |   |           |--ELIST -&gt; ELIST [325:59]&#10;    |       |   |           `--RPAREN -&gt; ) [325:59]&#10;    |       |   |--RPAREN -&gt; ) [325:60]&#10;    |       |   `--SLIST -&gt; { [325:62]&#10;    |       |       `--RCURLY -&gt; } [325:64]&#10;    |       |--LITERAL_FOR -&gt; for [328:8]&#10;    |       |   |--LPAREN -&gt; ( [328:12]&#10;    |       |   |--FOR_INIT -&gt; FOR_INIT [328:13]&#10;    |       |   |--SEMI -&gt; ; [328:13]&#10;    |       |   |--FOR_CONDITION -&gt; FOR_CONDITION [328:14]&#10;    |       |   |--SEMI -&gt; ; [328:14]&#10;    |       |   |--FOR_ITERATOR -&gt; FOR_ITERATOR [328:15]&#10;    |       |   |--RPAREN -&gt; ) [328:15]&#10;    |       |   `--SLIST -&gt; { [328:17]&#10;    |       |       |--LITERAL_BREAK -&gt; break [328:18]&#10;    |       |       |   `--SEMI -&gt; ; [328:23]&#10;    |       |       `--RCURLY -&gt; } [328:24]&#10;    |       |--LABELED_STAT -&gt; : [329:19]&#10;    |       |   |--IDENT -&gt; test_label2 [329:8]&#10;    |       |   `--LITERAL_FOR -&gt; for [330:8]&#10;    |       |       |--LPAREN -&gt; ( [330:12]&#10;    |       |       |--FOR_INIT -&gt; FOR_INIT [330:13]&#10;    |       |       |--SEMI -&gt; ; [330:13]&#10;    |       |       |--FOR_CONDITION -&gt; FOR_CONDITION [330:14]&#10;    |       |       |--SEMI -&gt; ; [330:14]&#10;    |       |       |--FOR_ITERATOR -&gt; FOR_ITERATOR [330:15]&#10;    |       |       |--RPAREN -&gt; ) [330:15]&#10;    |       |       `--SLIST -&gt; { [330:17]&#10;    |       |           |--LITERAL_BREAK -&gt; break [330:18]&#10;    |       |           |   |--IDENT -&gt; test_label2 [330:24]&#10;    |       |           |   `--SEMI -&gt; ; [330:35]&#10;    |       |           `--RCURLY -&gt; } [330:36]&#10;    |       |--LITERAL_IF -&gt; if [331:8]&#10;    |       |   |--LPAREN -&gt; ( [331:11]&#10;    |       |   |--EXPR -&gt; EXPR [331:12]&#10;    |       |   |   `--IDENT -&gt; b [331:12]&#10;    |       |   |--RPAREN -&gt; ) [331:13]&#10;    |       |   `--SLIST -&gt; { [331:15]&#10;    |       |       |--LITERAL_FOR -&gt; for [331:17]&#10;    |       |       |   |--LPAREN -&gt; ( [331:21]&#10;    |       |       |   |--FOR_INIT -&gt; FOR_INIT [331:22]&#10;    |       |       |   |--SEMI -&gt; ; [331:22]&#10;    |       |       |   |--FOR_CONDITION -&gt; FOR_CONDITION [331:23]&#10;    |       |       |   |--SEMI -&gt; ; [331:23]&#10;    |       |       |   |--FOR_ITERATOR -&gt; FOR_ITERATOR [331:24]&#10;    |       |       |   |--RPAREN -&gt; ) [331:24]&#10;    |       |       |   `--SLIST -&gt; { [331:26]&#10;    |       |       |       |--LITERAL_CONTINUE -&gt; continue [331:27]&#10;    |       |       |       |   `--SEMI -&gt; ; [331:35]&#10;    |       |       |       `--RCURLY -&gt; } [331:36]&#10;    |       |       `--RCURLY -&gt; } [331:38]&#10;    |       |--LITERAL_IF -&gt; if [332:8]&#10;    |       |   |--LPAREN -&gt; ( [332:11]&#10;    |       |   |--EXPR -&gt; EXPR [332:12]&#10;    |       |   |   `--IDENT -&gt; b [332:12]&#10;    |       |   |--RPAREN -&gt; ) [332:13]&#10;    |       |   `--SLIST -&gt; { [332:15]&#10;    |       |       |--LABELED_STAT -&gt; : [332:28]&#10;    |       |       |   |--IDENT -&gt; test_label3 [332:17]&#10;    |       |       |   `--LITERAL_FOR -&gt; for [332:30]&#10;    |       |       |       |--LPAREN -&gt; ( [332:34]&#10;    |       |       |       |--FOR_INIT -&gt; FOR_INIT [332:35]&#10;    |       |       |       |--SEMI -&gt; ; [332:35]&#10;    |       |       |       |--FOR_CONDITION -&gt; FOR_CONDITION [332:36]&#10;    |       |       |       |--SEMI -&gt; ; [332:36]&#10;    |       |       |       |--FOR_ITERATOR -&gt; FOR_ITERATOR [332:37]&#10;    |       |       |       |--RPAREN -&gt; ) [332:37]&#10;    |       |       |       `--SLIST -&gt; { [332:39]&#10;    |       |       |           |--LITERAL_CONTINUE -&gt; continue [332:40]&#10;    |       |       |           |   |--IDENT -&gt; test_label3 [332:49]&#10;    |       |       |           |   `--SEMI -&gt; ; [332:60]&#10;    |       |       |           `--RCURLY -&gt; } [332:61]&#10;    |       |       `--RCURLY -&gt; } [332:63]&#10;    |       |--LITERAL_IF -&gt; if [333:8]&#10;    |       |   |--LPAREN -&gt; ( [333:11]&#10;    |       |   |--EXPR -&gt; EXPR [333:12]&#10;    |       |   |   `--LITERAL_FALSE -&gt; false [333:12]&#10;    |       |   |--RPAREN -&gt; ) [333:17]&#10;    |       |   `--LITERAL_RETURN -&gt; return [333:19]&#10;    |       |       `--SEMI -&gt; ; [333:25]&#10;    |       |--LITERAL_IF -&gt; if [334:8]&#10;    |       |   |--LPAREN -&gt; ( [334:11]&#10;    |       |   |--EXPR -&gt; EXPR [334:12]&#10;    |       |   |   `--LITERAL_FALSE -&gt; false [334:12]&#10;    |       |   |--RPAREN -&gt; ) [334:17]&#10;    |       |   `--LITERAL_THROW -&gt; throw [334:19]&#10;    |       |       |--EXPR -&gt; EXPR [334:25]&#10;    |       |       |   `--LITERAL_NEW -&gt; new [334:25]&#10;    |       |       |       |--IDENT -&gt; Exception [334:29]&#10;    |       |       |       |--LPAREN -&gt; ( [334:38]&#10;    |       |       |       |--ELIST -&gt; ELIST [334:39]&#10;    |       |       |       `--RPAREN -&gt; ) [334:39]&#10;    |       |       `--SEMI -&gt; ; [334:40]&#10;    |       |--LITERAL_ASSERT -&gt; assert [335:8]&#10;    |       |   |--EXPR -&gt; EXPR [335:14]&#10;    |       |   |   |--LPAREN -&gt; ( [335:14]&#10;    |       |   |   |--LITERAL_FALSE -&gt; false [335:15]&#10;    |       |   |   `--RPAREN -&gt; ) [335:20]&#10;    |       |   `--SEMI -&gt; ; [335:21]&#10;    |       |--LITERAL_ASSERT -&gt; assert [336:8]&#10;    |       |   |--EXPR -&gt; EXPR [336:15]&#10;    |       |   |   `--LITERAL_TRUE -&gt; true [336:15]&#10;    |       |   |--COLON -&gt; : [336:20]&#10;    |       |   |--EXPR -&gt; EXPR [336:22]&#10;    |       |   |   `--STRING_LITERAL -&gt; &quot;false&quot; [336:22]&#10;    |       |   `--SEMI -&gt; ; [336:29]&#10;    |       |--EXPR -&gt; EXPR [337:11]&#10;    |       |   `--ASSIGN -&gt; = [337:11]&#10;    |       |       |--IDENT -&gt; f9 [337:8]&#10;    |       |       `--TYPECAST -&gt; ( [337:13]&#10;    |       |           |--TYPE -&gt; TYPE [337:14]&#10;    |       |           |   `--IDENT -&gt; Object [337:14]&#10;    |       |           |--RPAREN -&gt; ) [337:20]&#10;    |       |           `--IDENT -&gt; f9 [337:22]&#10;    |       |--SEMI -&gt; ; [337:24]&#10;    |       |--EXPR -&gt; EXPR [338:17]&#10;    |       |   `--METHOD_CALL -&gt; ( [338:17]&#10;    |       |       |--DOT -&gt; . [338:10]&#10;    |       |       |   |--IDENT -&gt; f9 [338:8]&#10;    |       |       |   `--IDENT -&gt; equals [338:11]&#10;    |       |       |--ELIST -&gt; ELIST [338:18]&#10;    |       |       |   `--EXPR -&gt; EXPR [338:18]&#10;    |       |       |       |--LPAREN -&gt; ( [338:18]&#10;    |       |       |       |--LPAREN -&gt; ( [338:19]&#10;    |       |       |       |--ASSIGN -&gt; = [338:28]&#10;    |       |       |       |   |--IDENT -&gt; vstring [338:20]&#10;    |       |       |       |   `--STRING_LITERAL -&gt; &quot;&quot; [338:30]&#10;    |       |       |       |--RPAREN -&gt; ) [338:32]&#10;    |       |       |       `--RPAREN -&gt; ) [338:33]&#10;    |       |       `--RPAREN -&gt; ) [338:34]&#10;    |       |--SEMI -&gt; ; [338:35]&#10;    |       |--LITERAL_FOR -&gt; for [339:8]&#10;    |       |   |--LPAREN -&gt; ( [339:12]&#10;    |       |   |--FOR_INIT -&gt; FOR_INIT [339:13]&#10;    |       |   |   `--VARIABLE_DEF -&gt; VARIABLE_DEF [339:13]&#10;    |       |   |       |--MODIFIERS -&gt; MODIFIERS [339:13]&#10;    |       |   |       |--TYPE -&gt; TYPE [339:13]&#10;    |       |   |       |   `--LITERAL_INT -&gt; int [339:13]&#10;    |       |   |       |--IDENT -&gt; i [339:17]&#10;    |       |   |       `--ASSIGN -&gt; = [339:19]&#10;    |       |   |           `--EXPR -&gt; EXPR [339:21]&#10;    |       |   |               `--NUM_INT -&gt; 0 [339:21]&#10;    |       |   |--SEMI -&gt; ; [339:22]&#10;    |       |   |--FOR_CONDITION -&gt; FOR_CONDITION [339:24]&#10;    |       |   |   `--EXPR -&gt; EXPR [339:24]&#10;    |       |   |       |--LPAREN -&gt; ( [339:24]&#10;    |       |   |       |--LT -&gt; &lt; [339:29]&#10;    |       |   |       |   |--LPAREN -&gt; ( [339:25]&#10;    |       |   |       |   |--IDENT -&gt; i [339:26]&#10;    |       |   |       |   |--RPAREN -&gt; ) [339:27]&#10;    |       |   |       |   |--LPAREN -&gt; ( [339:31]&#10;    |       |   |       |   |--PLUS -&gt; + [339:33]&#10;    |       |   |       |   |   |--NUM_INT -&gt; 6 [339:32]&#10;    |       |   |       |   |   `--NUM_INT -&gt; 6 [339:34]&#10;    |       |   |       |   `--RPAREN -&gt; ) [339:35]&#10;    |       |   |       `--RPAREN -&gt; ) [339:36]&#10;    |       |   |--SEMI -&gt; ; [339:37]&#10;    |       |   |--FOR_ITERATOR -&gt; FOR_ITERATOR [339:40]&#10;    |       |   |   `--ELIST -&gt; ELIST [339:40]&#10;    |       |   |       `--EXPR -&gt; EXPR [339:40]&#10;    |       |   |           `--POST_INC -&gt; ++ [339:40]&#10;    |       |   |               `--IDENT -&gt; i [339:39]&#10;    |       |   |--RPAREN -&gt; ) [339:42]&#10;    |       |   `--EMPTY_STAT -&gt; ; [339:44]&#10;    |       |--LITERAL_IF -&gt; if [340:8]&#10;    |       |   |--LPAREN -&gt; ( [340:11]&#10;    |       |   |--EXPR -&gt; EXPR [340:12]&#10;    |       |   |   |--LPAREN -&gt; ( [340:12]&#10;    |       |   |   |--BAND -&gt; &amp; [340:15]&#10;    |       |   |   |   |--IDENT -&gt; b [340:13]&#10;    |       |   |   |   `--IDENT -&gt; b [340:17]&#10;    |       |   |   `--RPAREN -&gt; ) [340:18]&#10;    |       |   |--RPAREN -&gt; ) [340:19]&#10;    |       |   `--SLIST -&gt; { [340:21]&#10;    |       |       `--RCURLY -&gt; } [340:22]&#10;    |       |--EXPR -&gt; EXPR [343:13]&#10;    |       |   `--ASSIGN -&gt; = [343:13]&#10;    |       |       |--IDENT -&gt; vint [343:8]&#10;    |       |       `--QUESTION -&gt; ? [343:24]&#10;    |       |           |--IDENT -&gt; vboolean [343:15]&#10;    |       |           |--LPAREN -&gt; ( [343:26]&#10;    |       |           |--ASSIGN -&gt; = [343:32]&#10;    |       |           |   |--IDENT -&gt; vint [343:27]&#10;    |       |           |   `--NUM_INT -&gt; 1 [343:34]&#10;    |       |           |--RPAREN -&gt; ) [343:35]&#10;    |       |           |--COLON -&gt; : [343:37]&#10;    |       |           |--LPAREN -&gt; ( [343:39]&#10;    |       |           |--ASSIGN -&gt; = [343:45]&#10;    |       |           |   |--IDENT -&gt; vint [343:40]&#10;    |       |           |   `--NUM_INT -&gt; 0 [343:47]&#10;    |       |           `--RPAREN -&gt; ) [343:48]&#10;    |       |--SEMI -&gt; ; [343:49]&#10;    |       |--EXPR -&gt; EXPR [344:21]&#10;    |       |   `--ASSIGN -&gt; = [344:21]&#10;    |       |       |--INDEX_OP -&gt; [ [344:14]&#10;    |       |       |   |--IDENT -&gt; varray [344:8]&#10;    |       |       |   |--EXPR -&gt; EXPR [344:15]&#10;    |       |       |   |   `--IDENT -&gt; vint [344:15]&#10;    |       |       |   `--RBRACK -&gt; ] [344:19]&#10;    |       |       `--METHOD_CALL -&gt; ( [344:39]&#10;    |       |           |--DOT -&gt; . [344:30]&#10;    |       |           |   |--IDENT -&gt; Integer [344:23]&#10;    |       |           |   `--IDENT -&gt; parseInt [344:31]&#10;    |       |           |--ELIST -&gt; ELIST [344:40]&#10;    |       |           |   `--EXPR -&gt; EXPR [344:40]&#10;    |       |           |       `--STRING_LITERAL -&gt; &quot;0&quot; [344:40]&#10;    |       |           `--RPAREN -&gt; ) [344:43]&#10;    |       |--SEMI -&gt; ; [344:44]&#10;    |       `--RCURLY -&gt; } [345:4]&#10;    |--ANNOTATION_DEF -&gt; ANNOTATION_DEF [347:4]&#10;    |   |--MODIFIERS -&gt; MODIFIERS [347:4]&#10;    |   |   `--LITERAL_PUBLIC -&gt; public [347:4]&#10;    |   |--AT -&gt; @ [347:11]&#10;    |   |--LITERAL_INTERFACE -&gt; interface [347:12]&#10;    |   |--IDENT -&gt; innerAnnotation [347:22]&#10;    |   `--OBJBLOCK -&gt; OBJBLOCK [347:38]&#10;    |       |--LCURLY -&gt; { [347:38]&#10;    |       `--RCURLY -&gt; } [347:39]&#10;    `--RCURLY -&gt; } [348:0]]&#10;&gt; but was:&lt;...DEF -&gt; package [1:0][&#10;|--ANNOTATIONS -&gt; ANNOTATIONS [1:39]&#10;|--DOT -&gt; . [1:39]&#10;|   |--DOT -&gt; . [1:28]&#10;|   |   |--DOT -&gt; . [1:22]&#10;|   |   |   |--DOT -&gt; . [1:11]&#10;|   |   |   |   |--IDENT -&gt; com [1:8]&#10;|   |   |   |   `--IDENT -&gt; puppycrawl [1:12]&#10;|   |   |   `--IDENT -&gt; tools [1:23]&#10;|   |   `--IDENT -&gt; checkstyle [1:29]&#10;|   `--IDENT -&gt; grammar [1:40]&#10;`--SEMI -&gt; ; [1:47]&#10;STATIC_IMPORT -&gt; import [3:0]&#10;|--LITERAL_STATIC -&gt; static [3:7]&#10;|--DOT -&gt; . [3:30]&#10;|   |--DOT -&gt; . [3:23]&#10;|   |   |--DOT -&gt; . [3:18]&#10;|   |   |   |--IDENT -&gt; java [3:14]&#10;|   |   |   `--IDENT -&gt; lang [3:19]&#10;|   |   `--IDENT -&gt; String [3:24]&#10;|   `--IDENT -&gt; valueOf [3:31]&#10;`--SEMI -&gt; ; [3:38]&#10;IMPORT -&gt; import [5:0]&#10;|--DOT -&gt; . [5:14]&#10;|   |--DOT -&gt; . [5:11]&#10;|   |   |--IDENT -&gt; java [5:7]&#10;|   |   `--IDENT -&gt; io [5:12]&#10;|   `--IDENT -&gt; BufferedReader [5:15]&#10;`--SEMI -&gt; ; [5:29]&#10;IMPORT -&gt; import [6:0]&#10;|--DOT -&gt; . [6:14]&#10;|   |--DOT -&gt; . [6:11]&#10;|   |   |--IDENT -&gt; java [6:7]&#10;|   |   `--IDENT -&gt; io [6:12]&#10;|   `--IDENT -&gt; FileNotFoundException [6:15]&#10;`--SEMI -&gt; ; [6:36]&#10;IMPORT -&gt; import [7:0]&#10;|--DOT -&gt; . [7:14]&#10;|   |--DOT -&gt; . [7:11]&#10;|   |   |--IDENT -&gt; java [7:7]&#10;|   |   `--IDENT -&gt; io [7:12]&#10;|   `--IDENT -&gt; IOException [7:15]&#10;`--SEMI -&gt; ; [7:26]&#10;IMPORT -&gt; import [8:0]&#10;|--DOT -&gt; . [8:14]&#10;|   |--DOT -&gt; . [8:11]&#10;|   |   |--IDENT -&gt; java [8:7]&#10;|   |   `--IDENT -&gt; io [8:12]&#10;|   `--IDENT -&gt; InputStreamReader [8:15]&#10;`--SEMI -&gt; ; [8:32]&#10;IMPORT -&gt; import [9:0]&#10;|--DOT -&gt; . [9:16]&#10;|   |--DOT -&gt; . [9:11]&#10;|   |   |--IDENT -&gt; java [9:7]&#10;|   |   `--IDENT -&gt; util [9:12]&#10;|   `--IDENT -&gt; ArrayList [9:17]&#10;`--SEMI -&gt; ; [9:26]&#10;IMPORT -&gt; import [10:0]&#10;|--DOT -&gt; . [10:16]&#10;|   |--DOT -&gt; . [10:11]&#10;|   |   |--IDENT -&gt; java [10:7]&#10;|   |   `--IDENT -&gt; util [10:12]&#10;|   `--IDENT -&gt; HashMap [10:17]&#10;`--SEMI -&gt; ; [10:24]&#10;IMPORT -&gt; import [11:0]&#10;|--DOT -&gt; . [11:16]&#10;|   |--DOT -&gt; . [11:11]&#10;|   |   |--IDENT -&gt; java [11:7]&#10;|   |   `--IDENT -&gt; util [11:12]&#10;|   `--IDENT -&gt; Iterator [11:17]&#10;`--SEMI -&gt; ; [11:25]&#10;IMPORT -&gt; import [12:0]&#10;|--DOT -&gt; . [12:16]&#10;|   |--DOT -&gt; . [12:11]&#10;|   |   |--IDENT -&gt; java [12:7]&#10;|   |   `--IDENT -&gt; util [12:12]&#10;|   `--IDENT -&gt; List [12:17]&#10;`--SEMI -&gt; ; [12:21]&#10;IMPORT -&gt; import [13:0]&#10;|--DOT -&gt; . [13:16]&#10;|   |--DOT -&gt; . [13:11]&#10;|   |   |--IDENT -&gt; java [13:7]&#10;|   |   `--IDENT -&gt; util [13:12]&#10;|   `--IDENT -&gt; Map [13:17]&#10;`--SEMI -&gt; ; [13:20]&#10;IMPORT -&gt; import [15:0]&#10;|--DOT -&gt; . [15:16]&#10;|   |--DOT -&gt; . [15:12]&#10;|   |   |--IDENT -&gt; javax [15:7]&#10;|   |   `--IDENT -&gt; xml [15:13]&#10;|   `--STAR -&gt; * [15:17]&#10;`--SEMI -&gt; ; [15:18]&#10;CLASS_DEF -&gt; CLASS_DEF [17:0]&#10;|--MODIFIERS -&gt; MODIFIERS [17:0]&#10;|   `--LITERAL_PUBLIC -&gt; public [17:0]&#10;|--LITERAL_CLASS -&gt; class [17:7]&#10;|--IDENT -&gt; InputRegressionJavaClass1 [17:13]&#10;`--OBJBLOCK -&gt; OBJBLOCK [17:39]&#10;    |--LCURLY -&gt; { [17:39]&#10;    |--VARIABLE_DEF -&gt; VARIABLE_DEF [29:4]&#10;    |   |--MODIFIERS -&gt; MODIFIERS [29:4]&#10;    |   |   `--LITERAL_PUBLIC -&gt; public [29:4]&#10;    |   |--TYPE -&gt; TYPE [29:11]&#10;    |   |   `--LITERAL_INT -&gt; int [29:11]&#10;    |   |--IDENT -&gt; f1 [29:15]&#10;    |   `--SEMI -&gt; ; [29:17]&#10;    |--VARIABLE_DEF -&gt; VARIABLE_DEF [30:4]&#10;    |   |--MODIFIERS -&gt; MODIFIERS [30:4]&#10;    |   |   `--LITERAL_PRIVATE -&gt; private [30:4]&#10;    |   |--TYPE -&gt; TYPE [30:12]&#10;    |   |   `--LITERAL_INT -&gt; int [30:12]&#10;    |   |--IDENT -&gt; f2 [30:16]&#10;    |   `--SEMI -&gt; ; [30:18]&#10;    |--VARIABLE_DEF -&gt; VARIABLE_DEF [31:4]&#10;    |   |--MODIFIERS -&gt; MODIFIERS [31:4]&#10;    |   |   `--LITERAL_PROTECTED -&gt; protected [31:4]&#10;    |   |--TYPE -&gt; TYPE [31:14]&#10;    |   |   `--LITERAL_INT -&gt; int [31:14]&#10;    |   |--IDENT -&gt; f3 [31:18]&#10;    |   `--SEMI -&gt; ; [31:20]&#10;    |--VARIABLE_DEF -&gt; VARIABLE_DEF [32:4]&#10;    |   |--MODIFIERS -&gt; MODIFIERS [32:4]&#10;    |   |--TYPE -&gt; TYPE [32:4]&#10;    |   |   `--LITERAL_INT -&gt; int [32:4]&#10;    |   |--IDENT -&gt; f4 [32:8]&#10;    |   `--SEMI -&gt; ; [32:10]&#10;    |--VARIABLE_DEF -&gt; VARIABLE_DEF [33:4]&#10;    |   |--MODIFIERS -&gt; MODIFIERS [33:4]&#10;    |   |   `--LITERAL_STATIC -&gt; static [33:4]&#10;    |   |--TYPE -&gt; TYPE [33:11]&#10;    |   |   `--LITERAL_INT -&gt; int [33:11]&#10;    |   |--IDENT -&gt; f5 [33:15]&#10;    |   `--SEMI -&gt; ; [33:17]&#10;    |--VARIABLE_DEF -&gt; VARIABLE_DEF [34:4]&#10;    |   |--MODIFIERS -&gt; MODIFIERS [34:4]&#10;    |   |   `--FINAL -&gt; final [34:4]&#10;    |   |--TYPE -&gt; TYPE [34:10]&#10;    |   |   `--LITERAL_INT -&gt; int [34:10]&#10;    |   |--IDENT -&gt; f6 [34:14]&#10;    |   `--SEMI -&gt; ; [34:16]&#10;    |--VARIABLE_DEF -&gt; VARIABLE_DEF [35:4]&#10;    |   |--MODIFIERS -&gt; MODIFIERS [35:4]&#10;    |   |   `--LITERAL_VOLATILE -&gt; volatile [35:4]&#10;    |   |--TYPE -&gt; TYPE [35:13]&#10;    |   |   `--LITERAL_INT -&gt; int [35:13]&#10;    |   |--IDENT -&gt; f7 [35:17]&#10;    |   `--SEMI -&gt; ; [35:19]&#10;    |--VARIABLE_DEF -&gt; VARIABLE_DEF [36:4]&#10;    |   |--MODIFIERS -&gt; MODIFIERS [36:4]&#10;    |   |   `--LITERAL_TRANSIENT -&gt; transient [36:4]&#10;    |   |--TYPE -&gt; TYPE [36:14]&#10;    |   |   `--LITERAL_INT -&gt; int [36:14]&#10;    |   |--IDENT -&gt; f8 [36:18]&#10;    |   `--SEMI -&gt; ; [36:20]&#10;    |--VARIABLE_DEF -&gt; VARIABLE_DEF [37:4]&#10;    |   |--MODIFIERS -&gt; MODIFIERS [37:4]&#10;    |   |--TYPE -&gt; TYPE [37:4]&#10;    |   |   `--IDENT -&gt; Object [37:4]&#10;    |   |--IDENT -&gt; f9 [37:11]&#10;    |   `--SEMI -&gt; ; [37:13]&#10;    |--STATIC_INIT -&gt; STATIC_INIT [40:4]&#10;    |   `--SLIST -&gt; { [40:11]&#10;    |       `--RCURLY -&gt; } [40:12]&#10;    |--CTOR_DEF -&gt; CTOR_DEF [41:4]&#10;    |   |--MODIFIERS -&gt; MODIFIERS [41:4]&#10;    |   |   `--LITERAL_PUBLIC -&gt; public [41:4]&#10;    |   |--IDENT -&gt; InputRegressionJavaClass1 [41:11]&#10;    |   |--LPAREN -&gt; ( [41:36]&#10;    |   |--PARAMETERS -&gt; PARAMETERS [41:37]&#10;    |   |--RPAREN -&gt; ) [41:37]&#10;    |   `--SLIST -&gt; { [41:39]&#10;    |       |--EXPR -&gt; EXPR [41:43]&#10;    |       |   `--ASSIGN -&gt; = [41:43]&#10;    |       |       |--IDENT -&gt; f6 [41:40]&#10;    |       |       `--NUM_INT -&gt; 0 [41:45]&#10;    |       |--SEMI -&gt; ; [41:46]&#10;    |       `--RCURLY -&gt; } [41:47]&#10;    |--CTOR_DEF -&gt; CTOR_DEF [42:4]&#10;    |   |--MODIFIERS -&gt; MODIFIERS [42:4]&#10;    |   |   `--LITERAL_PUBLIC -&gt; public [42:4]&#10;    |   |--IDENT -&gt; InputRegressionJavaClass1 [42:11]&#10;    |   |--LPAREN -&gt; ( [42:36]&#10;    |   |--PARAMETERS -&gt; PARAMETERS [42:37]&#10;    |   |   `--PARAMETER_DEF -&gt; PARAMETER_DEF [42:37]&#10;    |   |       |--MODIFIERS -&gt; MODIFIERS [42:37]&#10;    |   |       |--TYPE -&gt; TYPE [42:37]&#10;    |   |       |   `--LITERAL_INT -&gt; int [42:37]&#10;    |   |       `--IDENT -&gt; i [42:41]&#10;    |   |--RPAREN -&gt; ) [42:42]&#10;    |   `--SLIST -&gt; { [42:44]&#10;    |       |--EXPR -&gt; EXPR [42:53]&#10;    |       |   `--ASSIGN -&gt; = [42:53]&#10;    |       |       |--DOT -&gt; . [42:49]&#10;    |       |       |   |--LITERAL_THIS -&gt; this [42:45]&#10;    |       |       |   `--IDENT -&gt; f6 [42:50]&#10;    |       |       `--IDENT -&gt; i [42:55]&#10;    |       |--SEMI -&gt; ; [42:56]&#10;    |       `--RCURLY -&gt; } [42:57]&#10;    |--CTOR_DEF -&gt; CTOR_DEF [43:4]&#10;    |   |--MODIFIERS -&gt; MODIFIERS [43:4]&#10;    |   |   `--LITERAL_PUBLIC -&gt; public [43:4]&#10;    |   |--IDENT -&gt; InputRegressionJavaClass1 [43:11]&#10;    |   |--LPAREN -&gt; ( [43:36]&#10;    |   |--PARAMETERS -&gt; PARAMETERS [43:37]&#10;    |   |   `--PARAMETER_DEF -&gt; PARAMETER_DEF [43:37]&#10;    |   |       |--MODIFIERS -&gt; MODIFIERS [43:37]&#10;    |   |       |--TYPE -&gt; TYPE [43:37]&#10;    |   |       |   `--LITERAL_FLOAT -&gt; float [43:37]&#10;    |   |       `--IDENT -&gt; f [43:43]&#10;    |   |--RPAREN -&gt; ) [43:44]&#10;    |   `--SLIST -&gt; { [43:46]&#10;    |       |--CTOR_CALL -&gt; this [43:47]&#10;    |       |   |--LPAREN -&gt; ( [43:51]&#10;    |       |   |--ELIST -&gt; ELIST [43:52]&#10;    |       |   |   `--EXPR -&gt; EXPR [43:52]&#10;    |       |   |       `--TYPECAST -&gt; ( [43:52]&#10;    |       |   |           |--TYPE -&gt; TYPE [43:53]&#10;    |       |   |           |   `--LITERAL_INT -&gt; int [43:53]&#10;    |       |   |           |--RPAREN -&gt; ) [43:56]&#10;    |       |   |           `--IDENT -&gt; f [43:57]&#10;    |       |   |--RPAREN -&gt; ) [43:58]&#10;    |       |   `--SEMI -&gt; ; [43:59]&#10;    |       `--RCURLY -&gt; } [43:60]&#10;    |--CTOR_DEF -&gt; CTOR_DEF [44:4]&#10;    |   |--MODIFIERS -&gt; MODIFIERS [44:4]&#10;    |   |--IDENT -&gt; InputRegressionJavaClass1 [44:4]&#10;    |   |--LPAREN -&gt; ( [44:29]&#10;    |   |--PARAMETERS -&gt; PARAMETERS [44:30]&#10;    |   |   `--PARAMETER_DEF -&gt; PARAMETER_DEF [44:30]&#10;    |   |       |--MODIFIERS -&gt; MODIFIERS [44:30]&#10;    |   |       |--TYPE -&gt; TYPE [44:30]&#10;    |   |       |   `--LITERAL_DOUBLE -&gt; double [44:30]&#10;    |   |       `--IDENT -&gt; a [44:37]&#10;    |   |--RPAREN -&gt; ) [44:38]&#10;    |   |--LITERAL_THROWS -&gt; throws [44:40]&#10;    |   |   `--IDENT -&gt; Exception [44:47]&#10;    |   `--SLIST -&gt; { [44:57]&#10;    |       |--EXPR -&gt; EXPR [44:61]&#10;    |       |   `--ASSIGN -&gt; = [44:61]&#10;    |       |       |--IDENT -&gt; f6 [44:58]&#10;    |       |       `--NUM_INT -&gt; 0 [44:63]&#10;    |       |--SEMI -&gt; ; [44:64]&#10;    |       `--RCURLY -&gt; } [44:65]&#10;    |--METHOD_DEF -&gt; METHOD_DEF [48:4]&#10;    |   |--MODIFIERS -&gt; MODIFIERS [48:4]&#10;    |   |   `--LITERAL_NATIVE -&gt; native [48:4]&#10;    |   |--TYPE -&gt; TYPE [48:11]&#10;    |   |   `--LITERAL_VOID -&gt; void [48:11]&#10;    |   |--IDENT -&gt; m1 [48:16]&#10;    |   |--LPAREN -&gt; ( [48:18]&#10;    |   |--PARAMETERS -&gt; PARAMETERS [48:19]&#10;    |   |--RPAREN -&gt; ) [48:19]&#10;    |   `--SEMI -&gt; ; [48:20]&#10;    |--METHOD_DEF -&gt; METHOD_DEF [49:4]&#10;    |   |--MODIFIERS -&gt; MODIFIERS [49:4]&#10;    |   |--TYPE -&gt; TYPE [49:4]&#10;    |   |   `--LITERAL_VOID -&gt; void [49:4]&#10;    |   |--IDENT -&gt; m2 [49:9]&#10;    |   |--LPAREN -&gt; ( [49:11]&#10;    |   |--PARAMETERS -&gt; PARAMETERS [49:12]&#10;    |   |--RPAREN -&gt; ) [49:12]&#10;    |   `--SLIST -&gt; { [49:14]&#10;    |       `--RCURLY -&gt; } [49:15]&#10;    |--METHOD_DEF -&gt; METHOD_DEF [50:4]&#10;    |   |--MODIFIERS -&gt; MODIFIERS [50:4]&#10;    |   |   `--LITERAL_SYNCHRONIZED -&gt; synchronized [50:4]&#10;    |   |--TYPE -&gt; TYPE [50:17]&#10;    |   |   `--LITERAL_VOID -&gt; void [50:17]&#10;    |   |--IDENT -&gt; m4 [50:22]&#10;    |   |--LPAREN -&gt; ( [50:24]&#10;    |   |--PARAMETERS -&gt; PARAMETERS [50:25]&#10;    |   |--RPAREN -&gt; ) [50:25]&#10;    |   `--SLIST -&gt; { [50:27]&#10;    |       `--RCURLY -&gt; } [50:28]&#10;    |--METHOD_DEF -&gt; METHOD_DEF [51:4]&#10;    |   |--MODIFIERS -&gt; MODIFIERS [51:4]&#10;    |   |   `--STRICTFP -&gt; strictfp [51:4]&#10;    |   |--TYPE -&gt; TYPE [51:13]&#10;    |   |   `--LITERAL_VOID -&gt; void [51:13]&#10;    |   |--IDENT -&gt; m5 [51:18]&#10;    |   |--LPAREN -&gt; ( [51:20]&#10;    |   |--PARAMETERS -&gt; PARAMETERS [51:21]&#10;    |   |--RPAREN -&gt; ) [51:21]&#10;    |   `--SLIST -&gt; { [51:23]&#10;    |       `--RCURLY -&gt; } [51:24]&#10;    |--METHOD_DEF -&gt; METHOD_DEF [54:4]&#10;    |   |--MODIFIERS -&gt; MODIFIERS [54:4]&#10;    |   |   `--LITERAL_PUBLIC -&gt; public [54:4]&#10;    |   |--TYPE -&gt; TYPE [54:14]&#10;    |   |   `--ARRAY_DECLARATOR -&gt; [ [54:14]&#10;    |   |       |--LITERAL_INT -&gt; int [54:11]&#10;    |   |       `--RBRACK -&gt; ] [54:15]&#10;    |   |--IDENT -&gt; m6 [54:17]&#10;    |   |--LPAREN -&gt; ( [54:19]&#10;    |   |--PARAMETERS -&gt; PARAMETERS [54:20]&#10;    |   |--RPAREN -&gt; ) [54:20]&#10;    |   `--SLIST -&gt; { [54:22]&#10;    |       |--LITERAL_RETURN -&gt; return [54:23]&#10;    |       |   |--EXPR -&gt; EXPR [54:30]&#10;    |       |   |   `--LITERAL_NULL -&gt; null [54:30]&#10;    |       |   `--SEMI -&gt; ; [54:34]&#10;    |       `--RCURLY -&gt; } [54:35]&#10;    |--METHOD_DEF -&gt; METHOD_DEF [55:4]&#10;    |   |--MODIFIERS -&gt; MODIFIERS [55:4]&#10;    |   |   `--LITERAL_PUBLIC -&gt; public [55:4]&#10;    |   |--TYPE -&gt; TYPE [55:20]&#10;    |   |   `--ARRAY_DECLARATOR -&gt; [ [55:20]&#10;    |   |       |--LITERAL_INT -&gt; int [55:11]&#10;    |   |       `--RBRACK -&gt; ] [55:21]&#10;    |   |--IDENT -&gt; m7 [55:15]&#10;    |   |--LPAREN -&gt; ( [55:17]&#10;    |   |--PARAMETERS -&gt; PARAMETERS [55:18]&#10;    |   |--RPAREN -&gt; ) [55:18]&#10;    |   `--SLIST -&gt; { [55:23]&#10;    |       |--LITERAL_RETURN -&gt; return [55:24]&#10;    |       |   |--EXPR -&gt; EXPR [55:31]&#10;    |       |   |   `--LITERAL_NULL -&gt; null [55:31]&#10;    |       |   `--SEMI -&gt; ; [55:35]&#10;    |       `--RCURLY -&gt; } [55:36]&#10;    |--METHOD_DEF -&gt; METHOD_DEF [58:4]&#10;    |   |--MODIFIERS -&gt; MODIFIERS [58:4]&#10;    |   |   `--LITERAL_PUBLIC -&gt; public [58:4]&#10;    |   |--TYPE -&gt; TYPE [58:11]&#10;    |   |   `--LITERAL_VOID -&gt; void [58:11]&#10;    |   |--IDENT -&gt; m10 [58:16]&#10;    |   |--LPAREN -&gt; ( [58:19]&#10;    |   |--PARAMETERS -&gt; PARAMETERS [58:20]&#10;    |   |   `--PARAMETER_DEF -&gt; PARAMETER_DEF [58:20]&#10;    |   |       |--MODIFIERS -&gt; MODIFIERS [58:20]&#10;    |   |       |--TYPE -&gt; TYPE [58:20]&#10;    |   |       |   `--IDENT -&gt; String [58:20]&#10;    |   |       `--IDENT -&gt; p1 [58:27]&#10;    |   |--RPAREN -&gt; ) [58:29]&#10;    |   `--SLIST -&gt; { [58:31]&#10;    |       `--RCURLY -&gt; } [58:32]&#10;    |--METHOD_DEF -&gt; METHOD_DEF [59:4]&#10;    |   |--MODIFIERS -&gt; MODIFIERS [59:4]&#10;    |   |   `--LITERAL_PUBLIC -&gt; public [59:4]&#10;    |   |--TYPE -&gt; TYPE [59:11]&#10;    |   |   `--LITERAL_VOID -&gt; void [59:11]&#10;    |   |--IDENT -&gt; m11 [59:16]&#10;    |   |--LPAREN -&gt; ( [59:19]&#10;    |   |--PARAMETERS -&gt; PARAMETERS [59:20]&#10;    |   |   `--PARAMETER_DEF -&gt; PARAMETER_DEF [59:20]&#10;    |   |       |--MODIFIERS -&gt; MODIFIERS [59:20]&#10;    |   |       |   `--FINAL -&gt; final [59:20]&#10;    |   |       |--TYPE -&gt; TYPE [59:26]&#10;    |   |       |   `--IDENT -&gt; String [59:26]&#10;    |   |       `--IDENT -&gt; p1 [59:33]&#10;    |   |--RPAREN -&gt; ) [59:35]&#10;    |   `--SLIST -&gt; { [59:37]&#10;    |       `--RCURLY -&gt; } [59:38]&#10;    |--METHOD_DEF -&gt; METHOD_DEF [60:4]&#10;    |   |--MODIFIERS -&gt; MODIFIERS [60:4]&#10;    |   |   `--LITERAL_PUBLIC -&gt; public [60:4]&#10;    |   |--TYPE -&gt; TYPE [60:11]&#10;    |   |   `--LITERAL_VOID -&gt; void [60:11]&#10;    |   |--IDENT -&gt; m12 [60:16]&#10;    |   |--LPAREN -&gt; ( [60:19]&#10;    |   |--PARAMETERS -&gt; PARAMETERS [60:26]&#10;    |   |   `--PARAMETER_DEF -&gt; PARAMETER_DEF [60:26]&#10;    |   |       |--MODIFIERS -&gt; MODIFIERS [60:26]&#10;    |   |       |--TYPE -&gt; TYPE [60:26]&#10;    |   |       |   `--ARRAY_DECLARATOR -&gt; [ [60:26]&#10;    |   |       |       |--IDENT -&gt; String [60:20]&#10;    |   |       |       `--RBRACK -&gt; ] [60:27]&#10;    |   |       `--IDENT -&gt; p1 [60:29]&#10;    |   |--RPAREN -&gt; ) [60:31]&#10;    |   `--SLIST -&gt; { [60:33]&#10;    |       `--RCURLY -&gt; } [60:34]&#10;    |--METHOD_DEF -&gt; METHOD_DEF [61:4]&#10;    |   |--MODIFIERS -&gt; MODIFIERS [61:4]&#10;    |   |   `--LITERAL_PUBLIC -&gt; public [61:4]&#10;    |   |--TYPE -&gt; TYPE [61:11]&#10;    |   |   `--LITERAL_VOID -&gt; void [61:11]&#10;    |   |--IDENT -&gt; m13 [61:16]&#10;    |   |--LPAREN -&gt; ( [61:19]&#10;    |   |--PARAMETERS -&gt; PARAMETERS [61:28]&#10;    |   |   `--PARAMETER_DEF -&gt; PARAMETER_DEF [61:28]&#10;    |   |       |--MODIFIERS -&gt; MODIFIERS [61:28]&#10;    |   |       |--TYPE -&gt; TYPE [61:28]&#10;    |   |       |   `--ARRAY_DECLARATOR -&gt; [ [61:28]&#10;    |   |       |       |--ARRAY_DECLARATOR -&gt; [ [61:26]&#10;    |   |       |       |   |--IDENT -&gt; String [61:20]&#10;    |   |       |       |   `--RBRACK -&gt; ] [61:27]&#10;    |   |       |       `--RBRACK -&gt; ] [61:29]&#10;    |   |       `--IDENT -&gt; p1 [61:31]&#10;    |   |--RPAREN -&gt; ) [61:33]&#10;    |   `--SLIST -&gt; { [61:35]&#10;    |       `--RCURLY -&gt; } [61:36]&#10;    |--METHOD_DEF -&gt; METHOD_DEF [62:4]&#10;    |   |--MODIFIERS -&gt; MODIFIERS [62:4]&#10;    |   |   `--LITERAL_PUBLIC -&gt; public [62:4]&#10;    |   |--TYPE -&gt; TYPE [62:11]&#10;    |   |   `--LITERAL_VOID -&gt; void [62:11]&#10;    |   |--IDENT -&gt; m14 [62:16]&#10;    |   |--LPAREN -&gt; ( [62:19]&#10;    |   |--PARAMETERS -&gt; PARAMETERS [62:20]&#10;    |   |   |--PARAMETER_DEF -&gt; PARAMETER_DEF [62:20]&#10;    |   |   |   |--MODIFIERS -&gt; MODIFIERS [62:20]&#10;    |   |   |   |--TYPE -&gt; TYPE [62:20]&#10;    |   |   |   |   `--IDENT -&gt; String [62:20]&#10;    |   |   |   `--IDENT -&gt; p1 [62:27]&#10;    |   |   |--COMMA -&gt; , [62:29]&#10;    |   |   `--PARAMETER_DEF -&gt; PARAMETER_DEF [62:31]&#10;    |   |       |--MODIFIERS -&gt; MODIFIERS [62:31]&#10;    |   |       |--TYPE -&gt; TYPE [62:31]&#10;    |   |       |   `--IDENT -&gt; String [62:31]&#10;    |   |       `--IDENT -&gt; p2 [62:38]&#10;    |   |--RPAREN -&gt; ) [62:40]&#10;    |   `--SLIST -&gt; { [62:42]&#10;    |       `--RCURLY -&gt; } [62:43]&#10;    |--METHOD_DEF -&gt; METHOD_DEF [63:4]&#10;    |   |--MODIFIERS -&gt; MODIFIERS [63:4]&#10;    |   |   `--LITERAL_PUBLIC -&gt; public [63:4]&#10;    |   |--TYPE -&gt; TYPE [63:11]&#10;    |   |   `--LITERAL_VOID -&gt; void [63:11]&#10;    |   |--IDENT -&gt; m15 [63:16]&#10;    |   |--LPAREN -&gt; ( [63:19]&#10;    |   |--PARAMETERS -&gt; PARAMETERS [63:20]&#10;    |   |   `--PARAMETER_DEF -&gt; PARAMETER_DEF [63:20]&#10;    |   |       |--MODIFIERS -&gt; MODIFIERS [63:20]&#10;    |   |       |--TYPE -&gt; TYPE [63:20]&#10;    |   |       |   `--IDENT -&gt; String [63:20]&#10;    |   |       |--ELLIPSIS -&gt; ... [63:26]&#10;    |   |       `--IDENT -&gt; p1 [63:30]&#10;    |   |--RPAREN -&gt; ) [63:32]&#10;    |   `--SLIST -&gt; { [63:34]&#10;    |       `--RCURLY -&gt; } [63:35]&#10;    |--METHOD_DEF -&gt; METHOD_DEF [64:4]&#10;    |   |--MODIFIERS -&gt; MODIFIERS [64:4]&#10;    |   |   `--LITERAL_PUBLIC -&gt; public [64:4]&#10;    |   |--TYPE -&gt; TYPE [64:11]&#10;    |   |   `--LITERAL_VOID -&gt; void [64:11]&#10;    |   |--IDENT -&gt; m16 [64:16]&#10;    |   |--LPAREN -&gt; ( [64:19]&#10;    |   |--PARAMETERS -&gt; PARAMETERS [64:26]&#10;    |   |   `--PARAMETER_DEF -&gt; PARAMETER_DEF [64:26]&#10;    |   |       |--MODIFIERS -&gt; MODIFIERS [64:26]&#10;    |   |       |--TYPE -&gt; TYPE [64:26]&#10;    |   |       |   `--ARRAY_DECLARATOR -&gt; [ [64:26]&#10;    |   |       |       |--IDENT -&gt; String [64:20]&#10;    |   |       |       `--RBRACK -&gt; ] [64:27]&#10;    |   |       |--ELLIPSIS -&gt; ... [64:28]&#10;    |   |       `--IDENT -&gt; p1 [64:32]&#10;    |   |--RPAREN -&gt; ) [64:34]&#10;    |   `--SLIST -&gt; { [64:36]&#10;    |       `--RCURLY -&gt; } [64:37]&#10;    |--METHOD_DEF -&gt; METHOD_DEF [65:4]&#10;    |   |--MODIFIERS -&gt; MODIFIERS [65:4]&#10;    |   |   `--LITERAL_PUBLIC -&gt; public [65:4]&#10;    |   |--TYPE -&gt; TYPE [65:11]&#10;    |   |   `--LITERAL_VOID -&gt; void [65:11]&#10;    |   |--IDENT -&gt; m17 [65:16]&#10;    |   |--LPAREN -&gt; ( [65:19]&#10;    |   |--PARAMETERS -&gt; PARAMETERS [65:20]&#10;    |   |   |--PARAMETER_DEF -&gt; PARAMETER_DEF [65:20]&#10;    |   |   |   |--MODIFIERS -&gt; MODIFIERS [65:20]&#10;    |   |   |   |--TYPE -&gt; TYPE [65:20]&#10;    |   |   |   |   `--LITERAL_INT -&gt; int [65:20]&#10;    |   |   |   `--IDENT -&gt; p1 [65:24]&#10;    |   |   |--COMMA -&gt; , [65:26]&#10;    |   |   `--PARAMETER_DEF -&gt; PARAMETER_DEF [65:34]&#10;    |   |       |--MODIFIERS -&gt; MODIFIERS [65:34]&#10;    |   |       |--TYPE -&gt; TYPE [65:34]&#10;    |   |       |   `--ARRAY_DECLARATOR -&gt; [ [65:34]&#10;    |   |       |       |--IDENT -&gt; String [65:28]&#10;    |   |       |       `--RBRACK -&gt; ] [65:35]&#10;    |   |       |--ELLIPSIS -&gt; ... [65:36]&#10;    |   |       `--IDENT -&gt; p2 [65:40]&#10;    |   |--RPAREN -&gt; ) [65:42]&#10;    |   `--SLIST -&gt; { [65:44]&#10;    |       `--RCURLY -&gt; } [65:45]&#10;    |--METHOD_DEF -&gt; METHOD_DEF [68:4]&#10;    |   |--MODIFIERS -&gt; MODIFIERS [68:4]&#10;    |   |   `--LITERAL_PUBLIC -&gt; public [68:4]&#10;    |   |--TYPE -&gt; TYPE [68:11]&#10;    |   |   `--LITERAL_VOID -&gt; void [68:11]&#10;    |   |--IDENT -&gt; m18 [68:16]&#10;    |   |--LPAREN -&gt; ( [68:19]&#10;    |   |--PARAMETERS -&gt; PARAMETERS [68:20]&#10;    |   |--RPAREN -&gt; ) [68:20]&#10;    |   |--LITERAL_THROWS -&gt; throws [68:22]&#10;    |   |   `--IDENT -&gt; Exception [68:29]&#10;    |   `--SLIST -&gt; { [68:39]&#10;    |       `--RCURLY -&gt; } [68:40]&#10;    |--METHOD_DEF -&gt; METHOD_DEF [69:4]&#10;    |   |--MODIFIERS -&gt; MODIFIERS [69:4]&#10;    |   |   `--LITERAL_PUBLIC -&gt; public [69:4]&#10;    |   |--TYPE -&gt; TYPE [69:11]&#10;    |   |   `--LITERAL_VOID -&gt; void [69:11]&#10;    |   |--IDENT -&gt; m19 [69:16]&#10;    |   |--LPAREN -&gt; ( [69:19]&#10;    |   |--PARAMETERS -&gt; PARAMETERS [69:20]&#10;    |   |--RPAREN -&gt; ) [69:20]&#10;    |   |--LITERAL_THROWS -&gt; throws [69:22]&#10;    |   |   |--IDENT -&gt; IOException [69:29]&#10;    |   |   |--COMMA -&gt; , [69:40]&#10;    |   |   `--IDENT -&gt; Exception [69:42]&#10;    |   `--SLIST -&gt; { [69:52]&#10;    |       `--RCURLY -&gt; } [69:53]&#10;    |--METHOD_DEF -&gt; METHOD_DEF [72:4]&#10;    |   |--MODIFIERS -&gt; MODIFIERS [72:4]&#10;    |   |   `--LITERAL_PUBLIC -&gt; public [72:4]&#10;    |   |--TYPE_PARAMETERS -&gt; TYPE_PARAMETERS [72:11]&#10;    |   |   |--GENERIC_START -&gt; &lt; [72:11]&#10;    |   |   |--TYPE_PARAMETER -&gt; TYPE_PARAMETER [72:12]&#10;    |   |   |   `--IDENT -&gt; T_$ [72:12]&#10;    |   |   `--GENERIC_END -&gt; &gt; [72:15]&#10;    |   |--TYPE -&gt; TYPE [72:17]&#10;    |   |   `--IDENT -&gt; T_$ [72:17]&#10;    |   |--IDENT -&gt; m20 [72:21]&#10;    |   |--LPAREN -&gt; ( [72:24]&#10;    |   |--PARAMETERS -&gt; PARAMETERS [72:25]&#10;    |   |--RPAREN -&gt; ) [72:25]&#10;    |   `--SLIST -&gt; { [72:27]&#10;    |       |--LITERAL_RETURN -&gt; return [72:28]&#10;    |       |   |--EXPR -&gt; EXPR [72:35]&#10;    |       |   |   `--LITERAL_NULL -&gt; null [72:35]&#10;    |       |   `--SEMI -&gt; ; [72:39]&#10;    |       `--RCURLY -&gt; } [72:40]&#10;    |--METHOD_DEF -&gt; METHOD_DEF [73:4]&#10;    |   |--MODIFIERS -&gt; MODIFIERS [73:4]&#10;    |   |   `--LITERAL_PUBLIC -&gt; public [73:4]&#10;    |   |--TYPE_PARAMETERS -&gt; TYPE_PARAMETERS [73:11]&#10;    |   |   |--GENERIC_START -&gt; &lt; [73:11]&#10;    |   |   |--TYPE_PARAMETER -&gt; TYPE_PARAMETER [73:12]&#10;    |   |   |   `--IDENT -&gt; $_T [73:12]&#10;    |   |   `--GENERIC_END -&gt; &gt; [73:15]&#10;    |   |--TYPE -&gt; TYPE [73:17]&#10;    |   |   `--IDENT -&gt; $_T [73:17]&#10;    |   |--IDENT -&gt; m21 [73:21]&#10;    |   |--LPAREN -&gt; ( [73:24]&#10;    |   |--PARAMETERS -&gt; PARAMETERS [73:25]&#10;    |   |--RPAREN -&gt; ) [73:25]&#10;    |   `--SLIST -&gt; { [73:27]&#10;    |       |--LITERAL_RETURN -&gt; return [73:28]&#10;    |       |   |--EXPR -&gt; EXPR [73:35]&#10;    |       |   |   `--LITERAL_NULL -&gt; null [73:35]&#10;    |       |   `--SEMI -&gt; ; [73:39]&#10;    |       `--RCURLY -&gt; } [73:40]&#10;    |--METHOD_DEF -&gt; METHOD_DEF [74:4]&#10;    |   |--MODIFIERS -&gt; MODIFIERS [74:4]&#10;    |   |   `--LITERAL_PUBLIC -&gt; public [74:4]&#10;    |   |--TYPE_PARAMETERS -&gt; TYPE_PARAMETERS [74:11]&#10;    |   |   |--GENERIC_START -&gt; &lt; [74:11]&#10;    |   |   |--TYPE_PARAMETER -&gt; TYPE_PARAMETER [74:12]&#10;    |   |   |   |--IDENT -&gt; T [74:12]&#10;    |   |   |   `--TYPE_UPPER_BOUNDS -&gt; extends [74:14]&#10;    |   |   |       |--IDENT -&gt; Enum [74:22]&#10;    |   |   |       `--TYPE_ARGUMENTS -&gt; TYPE_ARGUMENTS [74:26]&#10;    |   |   |           |--GENERIC_START -&gt; &lt; [74:26]&#10;    |   |   |           |--TYPE_ARGUMENT -&gt; TYPE_ARGUMENT [74:27]&#10;    |   |   |           |   `--TYPE -&gt; TYPE [74:27]&#10;    |   |   |           |       `--IDENT -&gt; T [74:27]&#10;    |   |   |           `--GENERIC_END -&gt; &gt; [74:28]&#10;    |   |   `--GENERIC_END -&gt; &gt; [74:29]&#10;    |   |--TYPE -&gt; TYPE [74:31]&#10;    |   |   `--LITERAL_VOID -&gt; void [74:31]&#10;    |   |--IDENT -&gt; m22 [74:36]&#10;    |   |--LPAREN -&gt; ( [74:39]&#10;    |   |--PARAMETERS -&gt; PARAMETERS [74:40]&#10;    |   |--RPAREN -&gt; ) [74:40]&#10;    |   `--SLIST -&gt; { [74:42]&#10;    |       `--RCURLY -&gt; } [74:43]&#10;    |--METHOD_DEF -&gt; METHOD_DEF [75:4]&#10;    |   |--MODIFIERS -&gt; MODIFIERS [75:4]&#10;    |   |   `--LITERAL_PUBLIC -&gt; public [75:4]&#10;    |   |--TYPE_PARAMETERS -&gt; TYPE_PARAMETERS [75:11]&#10;    |   |   |--GENERIC_START -&gt; &lt; [75:11]&#10;    |   |   |--TYPE_PARAMETER -&gt; TYPE_PARAMETER [75:12]&#10;    |   |   |   `--IDENT -&gt; T [75:12]&#10;    |   |   `--GENERIC_END -&gt; &gt; [75:13]&#10;    |   |--TYPE -&gt; TYPE [75:15]&#10;    |   |   `--LITERAL_VOID -&gt; void [75:15]&#10;    |   |--IDENT -&gt; m23 [75:20]&#10;    |   |--LPAREN -&gt; ( [75:23]&#10;    |   |--PARAMETERS -&gt; PARAMETERS [75:24]&#10;    |   |--RPAREN -&gt; ) [75:24]&#10;    |   `--SLIST -&gt; { [75:26]&#10;    |       `--RCURLY -&gt; } [75:27]&#10;    |--SEMI -&gt; ; [75:28]&#10;    |--METHOD_DEF -&gt; METHOD_DEF [76:4]&#10;    |   |--MODIFIERS -&gt; MODIFIERS [76:4]&#10;    |   |   `--LITERAL_PUBLIC -&gt; public [76:4]&#10;    |   |--TYPE_PARAMETERS -&gt; TYPE_PARAMETERS [76:11]&#10;    |   |   |--GENERIC_START -&gt; &lt; [76:11]&#10;    |   |   |--TYPE_PARAMETER -&gt; TYPE_PARAMETER [76:12]&#10;    |   |   |   |--IDENT -&gt; T [76:12]&#10;    |   |   |   `--TYPE_UPPER_BOUNDS -&gt; extends [76:14]&#10;    |   |   |       |--IDENT -&gt; RuntimeException [76:22]&#10;    |   |   |       |--TYPE_EXTENSION_AND -&gt; &amp; [76:39]&#10;    |   |   |       `--DOT -&gt; . [76:48]&#10;    |   |   |           |--DOT -&gt; . [76:45]&#10;    |   |   |           |   |--IDENT -&gt; java [76:41]&#10;    |   |   |           |   `--IDENT -&gt; io [76:46]&#10;    |   |   |           `--IDENT -&gt; Serializable [76:49]&#10;    |   |   `--GENERIC_END -&gt; &gt; [76:61]&#10;    |   |--TYPE -&gt; TYPE [76:63]&#10;    |   |   `--LITERAL_VOID -&gt; void [76:63]&#10;    |   |--IDENT -&gt; m24 [76:68]&#10;    |   |--LPAREN -&gt; ( [76:71]&#10;    |   |--PARAMETERS -&gt; PARAMETERS [76:72]&#10;    |   |--RPAREN -&gt; ) [76:72]&#10;    |   `--SLIST -&gt; { [76:74]&#10;    |       `--RCURLY -&gt; } [76:75]&#10;    |--METHOD_DEF -&gt; METHOD_DEF [79:4]&#10;    |   |--MODIFIERS -&gt; MODIFIERS [79:4]&#10;    |   |   |--ANNOTATION -&gt; ANNOTATION [79:4]&#10;    |   |   |   |--AT -&gt; @ [79:4]&#10;    |   |   |   |--IDENT -&gt; SuppressWarnings [79:5]&#10;    |   |   |   |--LPAREN -&gt; ( [79:21]&#10;    |   |   |   |--ANNOTATION_ARRAY_INIT -&gt; { [79:22]&#10;    |   |   |   |   `--RCURLY -&gt; } [79:23]&#10;    |   |   |   `--RPAREN -&gt; ) [79:24]&#10;    |   |   `--LITERAL_PUBLIC -&gt; public [80:4]&#10;    |   |--TYPE -&gt; TYPE [80:11]&#10;    |   |   `--LITERAL_VOID -&gt; void [80:11]&#10;    |   |--IDENT -&gt; m50 [80:16]&#10;    |   |--LPAREN -&gt; ( [80:19]&#10;    |   |--PARAMETERS -&gt; PARAMETERS [80:20]&#10;    |   |--RPAREN -&gt; ) [80:20]&#10;    |   `--SLIST -&gt; { [80:22]&#10;    |       `--RCURLY -&gt; } [80:23]&#10;    |--METHOD_DEF -&gt; METHOD_DEF [81:4]&#10;    |   |--MODIFIERS -&gt; MODIFIERS [81:4]&#10;    |   |   |--ANNOTATION -&gt; ANNOTATION [81:4]&#10;    |   |   |   |--AT -&gt; @ [81:4]&#10;    |   |   |   |--IDENT -&gt; SuppressWarnings [81:5]&#10;    |   |   |   |--LPAREN -&gt; ( [81:21]&#10;    |   |   |   |--ANNOTATION_ARRAY_INIT -&gt; { [81:22]&#10;    |   |   |   |   |--EXPR -&gt; EXPR [81:23]&#10;    |   |   |   |   |   `--STRING_LITERAL -&gt; &quot;1&quot; [81:23]&#10;    |   |   |   |   `--RCURLY -&gt; } [81:26]&#10;    |   |   |   `--RPAREN -&gt; ) [81:27]&#10;    |   |   `--LITERAL_PUBLIC -&gt; public [82:4]&#10;    |   |--TYPE -&gt; TYPE [82:11]&#10;    |   |   `--LITERAL_VOID -&gt; void [82:11]&#10;    |   |--IDENT -&gt; m51 [82:16]&#10;    |   |--LPAREN -&gt; ( [82:19]&#10;    |   |--PARAMETERS -&gt; PARAMETERS [82:20]&#10;    |   |--RPAREN -&gt; ) [82:20]&#10;    |   `--SLIST -&gt; { [82:22]&#10;    |       `--RCURLY -&gt; } [82:23]&#10;    |--METHOD_DEF -&gt; METHOD_DEF [83:4]&#10;    |   |--MODIFIERS -&gt; MODIFIERS [83:4]&#10;    |   |   |--ANNOTATION -&gt; ANNOTATION [83:4]&#10;    |   |   |   |--AT -&gt; @ [83:4]&#10;    |   |   |   |--IDENT -&gt; SuppressWarnings [83:5]&#10;    |   |   |   |--LPAREN -&gt; ( [83:21]&#10;    |   |   |   |--ANNOTATION_ARRAY_INIT -&gt; { [83:22]&#10;    |   |   |   |   |--EXPR -&gt; EXPR [83:23]&#10;    |   |   |   |   |   `--STRING_LITERAL -&gt; &quot;1&quot; [83:23]&#10;    |   |   |   |   |--COMMA -&gt; , [83:26]&#10;    |   |   |   |   |--EXPR -&gt; EXPR [83:27]&#10;    |   |   |   |   |   `--STRING_LITERAL -&gt; &quot;2&quot; [83:27]&#10;    |   |   |   |   `--RCURLY -&gt; } [83:30]&#10;    |   |   |   `--RPAREN -&gt; ) [83:31]&#10;    |   |   `--LITERAL_PUBLIC -&gt; public [84:4]&#10;    |   |--TYPE -&gt; TYPE [84:11]&#10;    |   |   `--LITERAL_VOID -&gt; void [84:11]&#10;    |   |--IDENT -&gt; m52 [84:16]&#10;    |   |--LPAREN -&gt; ( [84:19]&#10;    |   |--PARAMETERS -&gt; PARAMETERS [84:20]&#10;    |   |--RPAREN -&gt; ) [84:20]&#10;    |   `--SLIST -&gt; { [84:22]&#10;    |       `--RCURLY -&gt; } [84:23]&#10;    |--METHOD_DEF -&gt; METHOD_DEF [85:4]&#10;    |   |--MODIFIERS -&gt; MODIFIERS [85:4]&#10;    |   |   |--ANNOTATION -&gt; ANNOTATION [85:4]&#10;    |   |   |   |--AT -&gt; @ [85:4]&#10;    |   |   |   |--IDENT -&gt; SuppressWarnings [85:5]&#10;    |   |   |   |--LPAREN -&gt; ( [85:21]&#10;    |   |   |   |--ANNOTATION_MEMBER_VALUE_PAIR -&gt; ANNOTATION_MEMBER_VALUE_PAIR [85:22]&#10;    |   |   |   |   |--IDENT -&gt; value [85:22]&#10;    |   |   |   |   |--ASSIGN -&gt; = [85:27]&#10;    |   |   |   |   `--ANNOTATION_ARRAY_INIT -&gt; { [85:28]&#10;    |   |   |   |       |--EXPR -&gt; EXPR [85:29]&#10;    |   |   |   |       |   `--STRING_LITERAL -&gt; &quot;1&quot; [85:29]&#10;    |   |   |   |       `--RCURLY -&gt; } [85:32]&#10;    |   |   |   `--RPAREN -&gt; ) [85:33]&#10;    |   |   `--LITERAL_PUBLIC -&gt; public [86:4]&#10;    |   |--TYPE -&gt; TYPE [86:11]&#10;    |   |   `--LITERAL_VOID -&gt; void [86:11]&#10;    |   |--IDENT -&gt; m53 [86:16]&#10;    |   |--LPAREN -&gt; ( [86:19]&#10;    |   |--PARAMETERS -&gt; PARAMETERS [86:20]&#10;    |   |--RPAREN -&gt; ) [86:20]&#10;    |   `--SLIST -&gt; { [86:22]&#10;    |       `--RCURLY -&gt; } [86:23]&#10;    |--METHOD_DEF -&gt; METHOD_DEF [87:4]&#10;    |   |--MODIFIERS -&gt; MODIFIERS [87:4]&#10;    |   |   |--ANNOTATION -&gt; ANNOTATION [87:4]&#10;    |   |   |   |--AT -&gt; @ [87:4]&#10;    |   |   |   |--IDENT -&gt; SuppressWarnings [87:5]&#10;    |   |   |   |--LPAREN -&gt; ( [87:21]&#10;    |   |   |   |--ANNOTATION_MEMBER_VALUE_PAIR -&gt; ANNOTATION_MEMBER_VALUE_PAIR [87:22]&#10;    |   |   |   |   |--IDENT -&gt; value [87:22]&#10;    |   |   |   |   |--ASSIGN -&gt; = [87:27]&#10;    |   |   |   |   `--ANNOTATION_ARRAY_INIT -&gt; { [87:28]&#10;    |   |   |   |       |--EXPR -&gt; EXPR [87:29]&#10;    |   |   |   |       |   `--STRING_LITERAL -&gt; &quot;1&quot; [87:29]&#10;    |   |   |   |       |--COMMA -&gt; , [87:32]&#10;    |   |   |   |       `--RCURLY -&gt; } [87:33]&#10;    |   |   |   `--RPAREN -&gt; ) [87:34]&#10;    |   |   `--LITERAL_PUBLIC -&gt; public [88:4]&#10;    |   |--TYPE -&gt; TYPE [88:11]&#10;    |   |   `--LITERAL_VOID -&gt; void [88:11]&#10;    |   |--IDENT -&gt; m54 [88:16]&#10;    |   |--LPAREN -&gt; ( [88:19]&#10;    |   |--PARAMETERS -&gt; PARAMETERS [88:20]&#10;    |   |--RPAREN -&gt; ) [88:20]&#10;    |   `--SLIST -&gt; { [88:22]&#10;    |       `--RCURLY -&gt; } [88:23]&#10;    |--METHOD_DEF -&gt; METHOD_DEF [89:4]&#10;    |   |--MODIFIERS -&gt; MODIFIERS [89:4]&#10;    |   |   |--ANNOTATION -&gt; ANNOTATION [89:4]&#10;    |   |   |   |--AT -&gt; @ [89:4]&#10;    |   |   |   |--IDENT -&gt; SuppressWarnings [89:5]&#10;    |   |   |   |--LPAREN -&gt; ( [89:21]&#10;    |   |   |   |--ANNOTATION_MEMBER_VALUE_PAIR -&gt; ANNOTATION_MEMBER_VALUE_PAIR [89:22]&#10;    |   |   |   |   |--IDENT -&gt; value [89:22]&#10;    |   |   |   |   |--ASSIGN -&gt; = [89:27]&#10;    |   |   |   |   `--ANNOTATION_ARRAY_INIT -&gt; { [89:28]&#10;    |   |   |   |       |--EXPR -&gt; EXPR [89:29]&#10;    |   |   |   |       |   `--STRING_LITERAL -&gt; &quot;1&quot; [89:29]&#10;    |   |   |   |       |--COMMA -&gt; , [89:32]&#10;    |   |   |   |       |--EXPR -&gt; EXPR [89:33]&#10;    |   |   |   |       |   `--STRING_LITERAL -&gt; &quot;2&quot; [89:33]&#10;    |   |   |   |       `--RCURLY -&gt; } [89:36]&#10;    |   |   |   `--RPAREN -&gt; ) [89:37]&#10;    |   |   `--LITERAL_PUBLIC -&gt; public [90:4]&#10;    |   |--TYPE -&gt; TYPE [90:11]&#10;    |   |   `--LITERAL_VOID -&gt; void [90:11]&#10;    |   |--IDENT -&gt; m55 [90:16]&#10;    |   |--LPAREN -&gt; ( [90:19]&#10;    |   |--PARAMETERS -&gt; PARAMETERS [90:20]&#10;    |   |--RPAREN -&gt; ) [90:20]&#10;    |   `--SLIST -&gt; { [90:22]&#10;    |       `--RCURLY -&gt; } [90:23]&#10;    |--METHOD_DEF -&gt; METHOD_DEF [91:4]&#10;    |   |--MODIFIERS -&gt; MODIFIERS [91:4]&#10;    |   |   |--ANNOTATION -&gt; ANNOTATION [91:4]&#10;    |   |   |   |--AT -&gt; @ [91:4]&#10;    |   |   |   |--IDENT -&gt; InputRegressionJavaAnnotation1 [91:5]&#10;    |   |   |   |--LPAREN -&gt; ( [91:35]&#10;    |   |   |   |--ANNOTATION_MEMBER_VALUE_PAIR -&gt; ANNOTATION_MEMBER_VALUE_PAIR [91:36]&#10;    |   |   |   |   |--IDENT -&gt; m1 [91:36]&#10;    |   |   |   |   |--ASSIGN -&gt; = [91:38]&#10;    |   |   |   |   `--EXPR -&gt; EXPR [91:39]&#10;    |   |   |   |       `--STRING_LITERAL -&gt; &quot;1&quot; [91:39]&#10;    |   |   |   |--COMMA -&gt; , [91:42]&#10;    |   |   |   |--ANNOTATION_MEMBER_VALUE_PAIR -&gt; ANNOTATION_MEMBER_VALUE_PAIR [91:44]&#10;    |   |   |   |   |--IDENT -&gt; m2 [91:44]&#10;    |   |   |   |   |--ASSIGN -&gt; = [91:46]&#10;    |   |   |   |   `--EXPR -&gt; EXPR [91:47]&#10;    |   |   |   |       `--STRING_LITERAL -&gt; &quot;2&quot; [91:47]&#10;    |   |   |   `--RPAREN -&gt; ) [91:50]&#10;    |   |   `--LITERAL_PUBLIC -&gt; public [92:4]&#10;    |   |--TYPE -&gt; TYPE [92:11]&#10;    |   |   `--LITERAL_VOID -&gt; void [92:11]&#10;    |   |--IDENT -&gt; m56 [92:16]&#10;    |   |--LPAREN -&gt; ( [92:19]&#10;    |   |--PARAMETERS -&gt; PARAMETERS [92:20]&#10;    |   |--RPAREN -&gt; ) [92:20]&#10;    |   `--SLIST -&gt; { [92:22]&#10;    |       `--RCURLY -&gt; } [92:23]&#10;    |--METHOD_DEF -&gt; METHOD_DEF [93:4]&#10;    |   |--MODIFIERS -&gt; MODIFIERS [93:4]&#10;    |   |   |--ANNOTATION -&gt; ANNOTATION [93:4]&#10;    |   |   |   |--AT -&gt; @ [93:4]&#10;    |   |   |   |--IDENT -&gt; ComplexAnnotation [93:5]&#10;    |   |   |   |--LPAREN -&gt; ( [93:22]&#10;    |   |   |   |--ANNOTATION_ARRAY_INIT -&gt; { [93:23]&#10;    |   |   |   |   |--ANNOTATION -&gt; ANNOTATION [94:12]&#10;    |   |   |   |   |   |--AT -&gt; @ [94:12]&#10;    |   |   |   |   |   |--IDENT -&gt; InputRegressionJavaAnnotation1 [94:13]&#10;    |   |   |   |   |   |--LPAREN -&gt; ( [94:43]&#10;    |   |   |   |   |   |--ANNOTATION_MEMBER_VALUE_PAIR -&gt; ANNOTATION_MEMBER_VALUE_PAIR [94:44]&#10;    |   |   |   |   |   |   |--IDENT -&gt; m1 [94:44]&#10;    |   |   |   |   |   |   |--ASSIGN -&gt; = [94:47]&#10;    |   |   |   |   |   |   `--EXPR -&gt; EXPR [94:49]&#10;    |   |   |   |   |   |       `--STRING_LITERAL -&gt; &quot;1&quot; [94:49]&#10;    |   |   |   |   |   `--RPAREN -&gt; ) [94:52]&#10;    |   |   |   |   |--COMMA -&gt; , [94:53]&#10;    |   |   |   |   |--ANNOTATION -&gt; ANNOTATION [94:55]&#10;    |   |   |   |   |   |--AT -&gt; @ [94:55]&#10;    |   |   |   |   |   |--IDENT -&gt; InputRegressionJavaAnnotation1 [94:56]&#10;    |   |   |   |   |   |--LPAREN -&gt; ( [94:86]&#10;    |   |   |   |   |   |--ANNOTATION_MEMBER_VALUE_PAIR -&gt; ANNOTATION_MEMBER_VALUE_PAIR [94:87]&#10;    |   |   |   |   |   |   |--IDENT -&gt; m1 [94:87]&#10;    |   |   |   |   |   |   |--ASSIGN -&gt; = [94:90]&#10;    |   |   |   |   |   |   `--EXPR -&gt; EXPR [94:92]&#10;    |   |   |   |   |   |       `--STRING_LITERAL -&gt; &quot;1&quot; [94:92]&#10;    |   |   |   |   |   `--RPAREN -&gt; ) [94:95]&#10;    |   |   |   |   `--RCURLY -&gt; } [95:4]&#10;    |   |   |   `--RPAREN -&gt; ) [95:5]&#10;    |   |   `--LITERAL_PUBLIC -&gt; public [96:4]&#10;    |   |--TYPE -&gt; TYPE [96:11]&#10;    |   |   `--LITERAL_VOID -&gt; void [96:11]&#10;    |   |--IDENT -&gt; m57 [96:16]&#10;    |   |--LPAREN -&gt; ( [96:19]&#10;    |   |--PARAMETERS -&gt; PARAMETERS [96:20]&#10;    |   |--RPAREN -&gt; ) [96:20]&#10;    |   `--SLIST -&gt; { [96:22]&#10;    |       `--RCURLY -&gt; } [96:23]&#10;    |--METHOD_DEF -&gt; METHOD_DEF [97:4]&#10;    |   |--MODIFIERS -&gt; MODIFIERS [97:4]&#10;    |   |   `--LITERAL_PUBLIC -&gt; public [97:4]&#10;    |   |--TYPE -&gt; TYPE [97:11]&#10;    |   |   `--LITERAL_VOID -&gt; void [97:11]&#10;    |   |--IDENT -&gt; m58 [97:16]&#10;    |   |--LPAREN -&gt; ( [97:19]&#10;    |   |--PARAMETERS -&gt; PARAMETERS [97:20]&#10;    |   |   `--PARAMETER_DEF -&gt; PARAMETER_DEF [97:20]&#10;    |   |       |--MODIFIERS -&gt; MODIFIERS [97:20]&#10;    |   |       |   `--ANNOTATION -&gt; ANNOTATION [97:20]&#10;    |   |       |       |--AT -&gt; @ [97:20]&#10;    |   |       |       `--IDENT -&gt; Deprecated [97:21]&#10;    |   |       |--TYPE -&gt; TYPE [97:32]&#10;    |   |       |   `--IDENT -&gt; String [97:32]&#10;    |   |       `--IDENT -&gt; s [97:39]&#10;    |   |--RPAREN -&gt; ) [97:40]&#10;    |   `--SLIST -&gt; { [97:42]&#10;    |       `--RCURLY -&gt; } [97:43]&#10;    |--METHOD_DEF -&gt; METHOD_DEF [98:4]&#10;    |   |--MODIFIERS -&gt; MODIFIERS [98:4]&#10;    |   |   `--LITERAL_PUBLIC -&gt; public [98:4]&#10;    |   |--TYPE -&gt; TYPE [98:11]&#10;    |   |   `--LITERAL_VOID -&gt; void [98:11]&#10;    |   |--IDENT -&gt; m59 [98:16]&#10;    |   |--LPAREN -&gt; ( [98:19]&#10;    |   |--PARAMETERS -&gt; PARAMETERS [98:20]&#10;    |   |   `--PARAMETER_DEF -&gt; PARAMETER_DEF [98:20]&#10;    |   |       |--MODIFIERS -&gt; MODIFIERS [98:20]&#10;    |   |       |   |--FINAL -&gt; final [98:20]&#10;    |   |       |   `--ANNOTATION -&gt; ANNOTATION [98:26]&#10;    |   |       |       |--AT -&gt; @ [98:26]&#10;    |   |       |       `--IDENT -&gt; Deprecated [98:27]&#10;    |   |       |--TYPE -&gt; TYPE [98:38]&#10;    |   |       |   `--IDENT -&gt; List [98:38]&#10;    |   |       `--IDENT -&gt; l [98:43]&#10;    |   |--RPAREN -&gt; ) [98:44]&#10;    |   `--SLIST -&gt; { [98:46]&#10;    |       `--RCURLY -&gt; } [98:47]&#10;    |--INSTANCE_INIT -&gt; INSTANCE_INIT [101:4]&#10;    |   `--SLIST -&gt; { [101:4]&#10;    |       `--RCURLY -&gt; } [101:5]&#10;    |--SEMI -&gt; ; [102:4]&#10;    |--METHOD_DEF -&gt; METHOD_DEF [105:4]&#10;    |   |--MODIFIERS -&gt; MODIFIERS [105:4]&#10;    |   |   `--LITERAL_PUBLIC -&gt; public [105:4]&#10;    |   |--TYPE -&gt; TYPE [105:11]&#10;    |   |   `--LITERAL_VOID -&gt; void [105:11]&#10;    |   |--IDENT -&gt; instructions [105:16]&#10;    |   |--LPAREN -&gt; ( [105:28]&#10;    |   |--PARAMETERS -&gt; PARAMETERS [105:29]&#10;    |   |--RPAREN -&gt; ) [105:29]&#10;    |   |--LITERAL_THROWS -&gt; throws [105:31]&#10;    |   |   `--IDENT -&gt; Exception [105:38]&#10;    |   `--SLIST -&gt; { [105:48]&#10;    |       |--VARIABLE_DEF -&gt; VARIABLE_DEF [107:8]&#10;    |       |   |--MODIFIERS -&gt; MODIFIERS [107:8]&#10;    |       |   |--TYPE -&gt; TYPE [107:8]&#10;    |       |   |   `--LITERAL_BOOLEAN -&gt; boolean [107:8]&#10;    |       |   |--IDENT -&gt; b [107:16]&#10;    |       |   `--ASSIGN -&gt; = [107:18]&#10;    |       |       `--EXPR -&gt; EXPR [107:34]&#10;    |       |           `--GT -&gt; &gt; [107:34]&#10;    |       |               |--METHOD_CALL -&gt; ( [107:31]&#10;    |       |               |   |--DOT -&gt; . [107:24]&#10;    |       |               |   |   |--IDENT -&gt; Math [107:20]&#10;    |       |               |   |   `--IDENT -&gt; random [107:25]&#10;    |       |               |   |--ELIST -&gt; ELIST [107:32]&#10;    |       |               |   `--RPAREN -&gt; ) [107:32]&#10;    |       |               `--NUM_INT -&gt; 0 [107:36]&#10;    |       |--SEMI -&gt; ; [107:37]&#10;    |       |--VARIABLE_DEF -&gt; VARIABLE_DEF [110:8]&#10;    |       |   |--MODIFIERS -&gt; MODIFIERS [110:8]&#10;    |       |   |--TYPE -&gt; TYPE [110:8]&#10;    |       |   |   `--LITERAL_BYTE -&gt; byte [110:8]&#10;    |       |   `--IDENT -&gt; vbyte [110:13]&#10;    |       |--SEMI -&gt; ; [110:18]&#10;    |       |--VARIABLE_DEF -&gt; VARIABLE_DEF [111:8]&#10;    |       |   |--MODIFIERS -&gt; MODIFIERS [111:8]&#10;    |       |   |--TYPE -&gt; TYPE [111:8]&#10;    |       |   |   `--LITERAL_BOOLEAN -&gt; boolean [111:8]&#10;    |       |   `--IDENT -&gt; vboolean [111:16]&#10;    |       |--SEMI -&gt; ; [111:24]&#10;    |       |--VARIABLE_DEF -&gt; VARIABLE_DEF [112:8]&#10;    |       |   |--MODIFIERS -&gt; MODIFIERS [112:8]&#10;    |       |   |--TYPE -&gt; TYPE [112:8]&#10;    |       |   |   `--LITERAL_CHAR -&gt; char [112:8]&#10;    |       |   `--IDENT -&gt; vchar [112:13]&#10;    |       |--SEMI -&gt; ; [112:18]&#10;    |       |--VARIABLE_DEF -&gt; VARIABLE_DEF [113:8]&#10;    |       |   |--MODIFIERS -&gt; MODIFIERS [113:8]&#10;    |       |   |--TYPE -&gt; TYPE [113:8]&#10;    |       |   |   `--LITERAL_SHORT -&gt; short [113:8]&#10;    |       |   `--IDENT -&gt; vshort [113:14]&#10;    |       |--SEMI -&gt; ; [113:20]&#10;    |       |--VARIABLE_DEF -&gt; VARIABLE_DEF [114:8]&#10;    |       |   |--MODIFIERS -&gt; MODIFIERS [114:8]&#10;    |       |   |--TYPE -&gt; TYPE [114:8]&#10;    |       |   |   `--LITERAL_INT -&gt; int [114:8]&#10;    |       |   `--IDENT -&gt; vint [114:12]&#10;    |       |--SEMI -&gt; ; [114:16]&#10;    |       |--VARIABLE_DEF -&gt; VARIABLE_DEF [115:8]&#10;    |       |   |--MODIFIERS -&gt; MODIFIERS [115:8]&#10;    |       |   |--TYPE -&gt; TYPE [115:8]&#10;    |       |   |   `--LITERAL_LONG -&gt; long [115:8]&#10;    |       |   `--IDENT -&gt; vlong [115:13]&#10;    |       |--SEMI -&gt; ; [115:18]&#10;    |       |--VARIABLE_DEF -&gt; VARIABLE_DEF [116:8]&#10;    |       |   |--MODIFIERS -&gt; MODIFIERS [116:8]&#10;    |       |   |--TYPE -&gt; TYPE [116:8]&#10;    |       |   |   `--LITERAL_FLOAT -&gt; float [116:8]&#10;    |       |   `--IDENT -&gt; vfloat [116:14]&#10;    |       |--SEMI -&gt; ; [116:20]&#10;    |       |--VARIABLE_DEF -&gt; VARIABLE_DEF [117:8]&#10;    |       |   |--MODIFIERS -&gt; MODIFIERS [117:8]&#10;    |       |   |--TYPE -&gt; TYPE [117:8]&#10;    |       |   |   `--LITERAL_DOUBLE -&gt; double [117:8]&#10;    |       |   `--IDENT -&gt; vdouble [117:15]&#10;    |       |--SEMI -&gt; ; [117:22]&#10;    |       |--VARIABLE_DEF -&gt; VARIABLE_DEF [118:11]&#10;    |       |   |--MODIFIERS -&gt; MODIFIERS [118:11]&#10;    |       |   |--TYPE -&gt; TYPE [118:11]&#10;    |       |   |   `--ARRAY_DECLARATOR -&gt; [ [118:11]&#10;    |       |   |       |--LITERAL_INT -&gt; int [118:8]&#10;    |       |   |       `--RBRACK -&gt; ] [118:12]&#10;    |       |   `--IDENT -&gt; varray [118:14]&#10;    |       |--SEMI -&gt; ; [118:20]&#10;    |       |--VARIABLE_DEF -&gt; VARIABLE_DEF [119:19]&#10;    |       |   |--MODIFIERS -&gt; MODIFIERS [119:19]&#10;    |       |   |--TYPE -&gt; TYPE [119:19]&#10;    |       |   |   `--ARRAY_DECLARATOR -&gt; [ [119:19]&#10;    |       |   |       |--LITERAL_INT -&gt; int [119:8]&#10;    |       |   |       `--RBRACK -&gt; ] [119:20]&#10;    |       |   `--IDENT -&gt; varray2 [119:12]&#10;    |       |--SEMI -&gt; ; [119:21]&#10;    |       |--VARIABLE_DEF -&gt; VARIABLE_DEF [120:8]&#10;    |       |   |--MODIFIERS -&gt; MODIFIERS [120:8]&#10;    |       |   |--TYPE -&gt; TYPE [120:8]&#10;    |       |   |   `--LITERAL_BOOLEAN -&gt; boolean [120:8]&#10;    |       |   |--IDENT -&gt; test1 [120:16]&#10;    |       |   `--ASSIGN -&gt; = [120:22]&#10;    |       |       `--EXPR -&gt; EXPR [120:24]&#10;    |       |           `--LITERAL_TRUE -&gt; true [120:24]&#10;    |       |--SEMI -&gt; ; [120:28]&#10;    |       |--VARIABLE_DEF -&gt; VARIABLE_DEF [123:8]&#10;    |       |   |--MODIFIERS -&gt; MODIFIERS [123:8]&#10;    |       |   |--TYPE -&gt; TYPE [123:8]&#10;    |       |   |   `--IDENT -&gt; String [123:8]&#10;    |       |   `--IDENT -&gt; vstring [123:15]&#10;    |       |--SEMI -&gt; ; [123:22]&#10;    |       |--VARIABLE_DEF -&gt; VARIABLE_DEF [124:8]&#10;    |       |   |--MODIFIERS -&gt; MODIFIERS [124:8]&#10;    |       |   |--TYPE -&gt; TYPE [124:8]&#10;    |       |   |   |--IDENT -&gt; List [124:8]&#10;    |       |   |   `--TYPE_ARGUMENTS -&gt; TYPE_ARGUMENTS [124:12]&#10;    |       |   |       |--GENERIC_START -&gt; &lt; [124:12]&#10;    |       |   |       |--TYPE_ARGUMENT -&gt; TYPE_ARGUMENT [124:13]&#10;    |       |   |       |   `--IDENT -&gt; String [124:13]&#10;    |       |   |       `--GENERIC_END -&gt; &gt; [124:19]&#10;    |       |   `--IDENT -&gt; vlist [124:21]&#10;    |       |--SEMI -&gt; ; [124:26]&#10;    |       |--VARIABLE_DEF -&gt; VARIABLE_DEF [125:8]&#10;    |       |   |--MODIFIERS -&gt; MODIFIERS [125:8]&#10;    |       |   |--TYPE -&gt; TYPE [125:8]&#10;    |       |   |   |--IDENT -&gt; Map [125:8]&#10;    |       |   |   `--TYPE_ARGUMENTS -&gt; TYPE_ARGUMENTS [125:11]&#10;    |       |   |       |--GENERIC_START -&gt; &lt; [125:11]&#10;    |       |   |       |--TYPE_ARGUMENT -&gt; TYPE_ARGUMENT [125:12]&#10;    |       |   |       |   `--IDENT -&gt; String [125:12]&#10;    |       |   |       |--COMMA -&gt; , [125:18]&#10;    |       |   |       |--TYPE_ARGUMENT -&gt; TYPE_ARGUMENT [125:26]&#10;    |       |   |       |   `--ARRAY_DECLARATOR -&gt; [ [125:26]&#10;    |       |   |       |       |--IDENT -&gt; String [125:20]&#10;    |       |   |       |       `--RBRACK -&gt; ] [125:27]&#10;    |       |   |       `--GENERIC_END -&gt; &gt; [125:28]&#10;    |       |   `--IDENT -&gt; vmap [125:30]&#10;    |       |--SEMI -&gt; ; [125:34]&#10;    |       |--VARIABLE_DEF -&gt; VARIABLE_DEF [126:11]&#10;    |       |   |--MODIFIERS -&gt; MODIFIERS [126:11]&#10;    |       |   |--TYPE -&gt; TYPE [126:11]&#10;    |       |   |   `--ARRAY_DECLARATOR -&gt; [ [126:11]&#10;    |       |   |       |--LITERAL_INT -&gt; int [126:8]&#10;    |       |   |       `--RBRACK -&gt; ] [126:12]&#10;    |       |   |--IDENT -&gt; test2 [126:14]&#10;    |       |   `--ASSIGN -&gt; = [126:20]&#10;    |       |       `--ARRAY_INIT -&gt; { [126:22]&#10;    |       |           `--RCURLY -&gt; } [126:23]&#10;    |       |--SEMI -&gt; ; [126:24]&#10;    |       |--VARIABLE_DEF -&gt; VARIABLE_DEF [127:8]&#10;    |       |   |--MODIFIERS -&gt; MODIFIERS [127:8]&#10;    |       |   |--TYPE -&gt; TYPE [127:8]&#10;    |       |   |   |--IDENT -&gt; List [127:8]&#10;    |       |   |   `--TYPE_ARGUMENTS -&gt; TYPE_ARGUMENTS [127:12]&#10;    |       |   |       |--GENERIC_START -&gt; &lt; [127:12]&#10;    |       |   |       |--TYPE_ARGUMENT -&gt; TYPE_ARGUMENT [127:17]&#10;    |       |   |       |   `--ARRAY_DECLARATOR -&gt; [ [127:17]&#10;    |       |   |       |       |--LITERAL_CHAR -&gt; char [127:13]&#10;    |       |   |       |       `--RBRACK -&gt; ] [127:18]&#10;    |       |   |       `--GENERIC_END -&gt; &gt; [127:19]&#10;    |       |   `--IDENT -&gt; test3 [127:21]&#10;    |       |--SEMI -&gt; ; [127:26]&#10;    |       |--VARIABLE_DEF -&gt; VARIABLE_DEF [128:8]&#10;    |       |   |--MODIFIERS -&gt; MODIFIERS [128:8]&#10;    |       |   |--TYPE -&gt; TYPE [128:8]&#10;    |       |   |   |--IDENT -&gt; Class [128:8]&#10;    |       |   |   `--TYPE_ARGUMENTS -&gt; TYPE_ARGUMENTS [128:13]&#10;    |       |   |       |--GENERIC_START -&gt; &lt; [128:13]&#10;    |       |   |       |--TYPE_ARGUMENT -&gt; TYPE_ARGUMENT [128:14]&#10;    |       |   |       |   `--WILDCARD_TYPE -&gt; ? [128:14]&#10;    |       |   |       `--GENERIC_END -&gt; &gt; [128:15]&#10;    |       |   `--IDENT -&gt; test4 [128:17]&#10;    |       |--SEMI -&gt; ; [128:22]&#10;    |       |--VARIABLE_DEF -&gt; VARIABLE_DEF [129:8]&#10;    |       |   |--MODIFIERS -&gt; MODIFIERS [129:8]&#10;    |       |   |--TYPE -&gt; TYPE [129:8]&#10;    |       |   |   |--IDENT -&gt; List [129:8]&#10;    |       |   |   `--TYPE_ARGUMENTS -&gt; TYPE_ARGUMENTS [129:12]&#10;    |       |   |       |--GENERIC_START -&gt; &lt; [129:12]&#10;    |       |   |       |--TYPE_ARGUMENT -&gt; TYPE_ARGUMENT [129:13]&#10;    |       |   |       |   |--WILDCARD_TYPE -&gt; ? [129:13]&#10;    |       |   |       |   `--TYPE_UPPER_BOUNDS -&gt; extends [129:15]&#10;    |       |   |       |       `--IDENT -&gt; InputRegressionJavaClass1 [129:23]&#10;    |       |   |       `--GENERIC_END -&gt; &gt; [129:48]&#10;    |       |   `--IDENT -&gt; test5 [129:50]&#10;    |       |--SEMI -&gt; ; [129:55]&#10;    |       |--VARIABLE_DEF -&gt; VARIABLE_DEF [130:8]&#10;    |       |   |--MODIFIERS -&gt; MODIFIERS [130:8]&#10;    |       |   |--TYPE -&gt; TYPE [130:8]&#10;    |       |   |   |--IDENT -&gt; List [130:8]&#10;    |       |   |   `--TYPE_ARGUMENTS -&gt; TYPE_ARGUMENTS [130:12]&#10;    |       |   |       |--GENERIC_START -&gt; &lt; [130:12]&#10;    |       |   |       |--TYPE_ARGUMENT -&gt; TYPE_ARGUMENT [130:13]&#10;    |       |   |       |   |--WILDCARD_TYPE -&gt; ? [130:13]&#10;    |       |   |       |   `--TYPE_UPPER_BOUNDS -&gt; extends [130:15]&#10;    |       |   |       |       |--IDENT -&gt; List [130:23]&#10;    |       |   |       |       `--TYPE_ARGUMENTS -&gt; TYPE_ARGUMENTS [130:27]&#10;    |       |   |       |           |--GENERIC_START -&gt; &lt; [130:27]&#10;    |       |   |       |           |--TYPE_ARGUMENT -&gt; TYPE_ARGUMENT [130:28]&#10;    |       |   |       |           |   `--IDENT -&gt; Object [130:28]&#10;    |       |   |       |           `--GENERIC_END -&gt; &gt; [130:34]&#10;    |       |   |       `--GENERIC_END -&gt; &gt; [130:35]&#10;    |       |   `--IDENT -&gt; test6 [130:37]&#10;    |       |--SEMI -&gt; ; [130:42]&#10;    |       |--VARIABLE_DEF -&gt; VARIABLE_DEF [131:8]&#10;    |       |   |--MODIFIERS -&gt; MODIFIERS [131:8]&#10;    |       |   |--TYPE -&gt; TYPE [131:8]&#10;    |       |   |   |--IDENT -&gt; List [131:8]&#10;    |       |   |   `--TYPE_ARGUMENTS -&gt; TYPE_ARGUMENTS [131:12]&#10;    |       |   |       |--GENERIC_START -&gt; &lt; [131:12]&#10;    |       |   |       |--TYPE_ARGUMENT -&gt; TYPE_ARGUMENT [131:13]&#10;    |       |   |       |   |--WILDCARD_TYPE -&gt; ? [131:13]&#10;    |       |   |       |   `--TYPE_UPPER_BOUNDS -&gt; extends [131:15]&#10;    |       |   |       |       |--IDENT -&gt; List [131:23]&#10;    |       |   |       |       `--TYPE_ARGUMENTS -&gt; TYPE_ARGUMENTS [131:27]&#10;    |       |   |       |           |--GENERIC_START -&gt; &lt; [131:27]&#10;    |       |   |       |           |--TYPE_ARGUMENT -&gt; TYPE_ARGUMENT [131:28]&#10;    |       |   |       |           |   |--IDENT -&gt; List [131:28]&#10;    |       |   |       |           |   `--TYPE_ARGUMENTS -&gt; TYPE_ARGUMENTS [131:32]&#10;    |       |   |       |           |       |--GENERIC_START -&gt; &lt; [131:32]&#10;    |       |   |       |           |       |--TYPE_ARGUMENT -&gt; TYPE_ARGUMENT [131:33]&#10;    |       |   |       |           |       |   `--IDENT -&gt; Object [131:33]&#10;    |       |   |       |           |       `--GENERIC_END -&gt; &gt; [131:39]&#10;    |       |   |       |           `--GENERIC_END -&gt; &gt; [131:40]&#10;    |       |   |       `--GENERIC_END -&gt; &gt; [131:41]&#10;    |       |   `--IDENT -&gt; test7 [131:43]&#10;    |       |--SEMI -&gt; ; [131:48]&#10;    |       |--VARIABLE_DEF -&gt; VARIABLE_DEF [132:8]&#10;    |       |   |--MODIFIERS -&gt; MODIFIERS [132:8]&#10;    |       |   |--TYPE -&gt; TYPE [132:8]&#10;    |       |   |   |--IDENT -&gt; List [132:8]&#10;    |       |   |   `--TYPE_ARGUMENTS -&gt; TYPE_ARGUMENTS [132:12]&#10;    |       |   |       |--GENERIC_START -&gt; &lt; [132:12]&#10;    |       |   |       |--TYPE_ARGUMENT -&gt; TYPE_ARGUMENT [132:13]&#10;    |       |   |       |   |--WILDCARD_TYPE -&gt; ? [132:13]&#10;    |       |   |       |   `--ARRAY_DECLARATOR -&gt; [ [132:26]&#10;    |       |   |       |       |--TYPE_UPPER_BOUNDS -&gt; extends [132:15]&#10;    |       |   |       |       |   `--LITERAL_INT -&gt; int [132:23]&#10;    |       |   |       |       `--RBRACK -&gt; ] [132:27]&#10;    |       |   |       `--GENERIC_END -&gt; &gt; [132:28]&#10;    |       |   `--IDENT -&gt; test8 [132:30]&#10;    |       |--SEMI -&gt; ; [132:35]&#10;    |       |--VARIABLE_DEF -&gt; VARIABLE_DEF [133:8]&#10;    |       |   |--MODIFIERS -&gt; MODIFIERS [133:8]&#10;    |       |   |--TYPE -&gt; TYPE [133:8]&#10;    |       |   |   |--IDENT -&gt; List [133:8]&#10;    |       |   |   `--TYPE_ARGUMENTS -&gt; TYPE_ARGUMENTS [133:12]&#10;    |       |   |       |--GENERIC_START -&gt; &lt; [133:12]&#10;    |       |   |       |--TYPE_ARGUMENT -&gt; TYPE_ARGUMENT [133:13]&#10;    |       |   |       |   |--WILDCARD_TYPE -&gt; ? [133:13]&#10;    |       |   |       |   `--TYPE_LOWER_BOUNDS -&gt; super [133:15]&#10;    |       |   |       |       `--IDENT -&gt; InputRegressionJavaClass1 [133:21]&#10;    |       |   |       `--GENERIC_END -&gt; &gt; [133:46]&#10;    |       |   `--IDENT -&gt; test9 [133:48]&#10;    |       |--SEMI -&gt; ; [133:53]&#10;    |       |--EXPR -&gt; EXPR [136:17]&#10;    |       |   `--ASSIGN -&gt; = [136:17]&#10;    |       |       |--IDENT -&gt; vboolean [136:8]&#10;    |       |       `--LITERAL_TRUE -&gt; true [136:19]&#10;    |       |--SEMI -&gt; ; [136:23]&#10;    |       |--EXPR -&gt; EXPR [137:17]&#10;    |       |   `--ASSIGN -&gt; = [137:17]&#10;    |       |       |--IDENT -&gt; vboolean [137:8]&#10;    |       |       `--LITERAL_FALSE -&gt; false [137:19]&#10;    |       |--SEMI -&gt; ; [137:24]&#10;    |       |--EXPR -&gt; EXPR [138:14]&#10;    |       |   `--ASSIGN -&gt; = [138:14]&#10;    |       |       |--IDENT -&gt; vchar [138:8]&#10;    |       |       `--CHAR_LITERAL -&gt; &apos; &apos; [138:16]&#10;    |       |--SEMI -&gt; ; [138:19]&#10;    |       |--EXPR -&gt; EXPR [139:14]&#10;    |       |   `--ASSIGN -&gt; = [139:14]&#10;    |       |       |--IDENT -&gt; vchar [139:8]&#10;    |       |       `--CHAR_LITERAL -&gt; &apos;&quot;&apos; [139:16]&#10;    |       |--SEMI -&gt; ; [139:19]&#10;    |       |--EXPR -&gt; EXPR [140:14]&#10;    |       |   `--ASSIGN -&gt; = [140:14]&#10;    |       |       |--IDENT -&gt; vchar [140:8]&#10;    |       |       `--CHAR_LITERAL -&gt; &apos;\0&apos; [140:16]&#10;    |       |--SEMI -&gt; ; [140:20]&#10;    |       |--EXPR -&gt; EXPR [141:14]&#10;    |       |   `--ASSIGN -&gt; = [141:14]&#10;    |       |       |--IDENT -&gt; vchar [141:8]&#10;    |       |       `--CHAR_LITERAL -&gt; &apos;\&apos;&apos; [141:16]&#10;    |       |--SEMI -&gt; ; [141:20]&#10;    |       |--EXPR -&gt; EXPR [142:14]&#10;    |       |   `--ASSIGN -&gt; = [142:14]&#10;    |       |       |--IDENT -&gt; vchar [142:8]&#10;    |       |       `--CHAR_LITERAL -&gt; &apos;\n&apos; [142:16]&#10;    |       |--SEMI -&gt; ; [142:20]&#10;    |       |--EXPR -&gt; EXPR [143:14]&#10;    |       |   `--ASSIGN -&gt; = [143:14]&#10;    |       |       |--IDENT -&gt; vchar [143:8]&#10;    |       |       `--CHAR_LITERAL -&gt; &apos;\r&apos; [143:16]&#10;    |       |--SEMI -&gt; ; [143:20]&#10;    |       |--EXPR -&gt; EXPR [144:14]&#10;    |       |   `--ASSIGN -&gt; = [144:14]&#10;    |       |       |--IDENT -&gt; vchar [144:8]&#10;    |       |       `--CHAR_LITERAL -&gt; &apos;\t&apos; [144:16]&#10;    |       |--SEMI -&gt; ; [144:20]&#10;    |       |--EXPR -&gt; EXPR [145:14]&#10;    |       |   `--ASSIGN -&gt; = [145:14]&#10;    |       |       |--IDENT -&gt; vchar [145:8]&#10;    |       |       `--CHAR_LITERAL -&gt; &apos;\b&apos; [145:16]&#10;    |       |--SEMI -&gt; ; [145:20]&#10;    |       |--EXPR -&gt; EXPR [146:14]&#10;    |       |   `--ASSIGN -&gt; = [146:14]&#10;    |       |       |--IDENT -&gt; vchar [146:8]&#10;    |       |       `--CHAR_LITERAL -&gt; &apos;\f&apos; [146:16]&#10;    |       |--SEMI -&gt; ; [146:20]&#10;    |       |--EXPR -&gt; EXPR [147:14]&#10;    |       |   `--ASSIGN -&gt; = [147:14]&#10;    |       |       |--IDENT -&gt; vchar [147:8]&#10;    |       |       `--CHAR_LITERAL -&gt; &apos;\&quot;&apos; [147:16]&#10;    |       |--SEMI -&gt; ; [147:20]&#10;    |       |--EXPR -&gt; EXPR [148:14]&#10;    |       |   `--ASSIGN -&gt; = [148:14]&#10;    |       |       |--IDENT -&gt; vchar [148:8]&#10;    |       |       `--CHAR_LITERAL -&gt; &apos;\&apos;&apos; [148:16]&#10;    |       |--SEMI -&gt; ; [148:20]&#10;    |       |--EXPR -&gt; EXPR [149:14]&#10;    |       |   `--ASSIGN -&gt; = [149:14]&#10;    |       |       |--IDENT -&gt; vchar [149:8]&#10;    |       |       `--CHAR_LITERAL -&gt; &apos;\\&apos; [149:16]&#10;    |       |--SEMI -&gt; ; [149:20]&#10;    |       |--EXPR -&gt; EXPR [150:14]&#10;    |       |   `--ASSIGN -&gt; = [150:14]&#10;    |       |       |--IDENT -&gt; vchar [150:8]&#10;    |       |       `--CHAR_LITERAL -&gt; &apos;\00&apos; [150:16]&#10;    |       |--SEMI -&gt; ; [150:21]&#10;    |       |--EXPR -&gt; EXPR [151:14]&#10;    |       |   `--ASSIGN -&gt; = [151:14]&#10;    |       |       |--IDENT -&gt; vchar [151:8]&#10;    |       |       `--CHAR_LITERAL -&gt; &apos;\013&apos; [151:16]&#10;    |       |--SEMI -&gt; ; [151:22]&#10;    |       |--EXPR -&gt; EXPR [152:14]&#10;    |       |   `--ASSIGN -&gt; = [152:14]&#10;    |       |       |--IDENT -&gt; vchar [152:8]&#10;    |       |       `--CHAR_LITERAL -&gt; &apos;\4&apos; [152:16]&#10;    |       |--SEMI -&gt; ; [152:20]&#10;    |       |--EXPR -&gt; EXPR [153:14]&#10;    |       |   `--ASSIGN -&gt; = [153:14]&#10;    |       |       |--IDENT -&gt; vchar [153:8]&#10;    |       |       `--CHAR_LITERAL -&gt; &apos;\40&apos; [153:16]&#10;    |       |--SEMI -&gt; ; [153:21]&#10;    |       |--EXPR -&gt; EXPR [154:14]&#10;    |       |   `--ASSIGN -&gt; = [154:14]&#10;    |       |       |--IDENT -&gt; vchar [154:8]&#10;    |       |       `--CHAR_LITERAL -&gt; &apos;\u0000&apos; [154:16]&#10;    |       |--SEMI -&gt; ; [154:24]&#10;    |       |--EXPR -&gt; EXPR [155:14]&#10;    |       |   `--ASSIGN -&gt; = [155:14]&#10;    |       |       |--IDENT -&gt; vchar [155:8]&#10;    |       |       `--CHAR_LITERAL -&gt; &apos;\u1234&apos; [155:16]&#10;    |       |--SEMI -&gt; ; [155:24]&#10;    |       |--EXPR -&gt; EXPR [156:14]&#10;    |       |   `--ASSIGN -&gt; = [156:14]&#10;    |       |       |--IDENT -&gt; vchar [156:8]&#10;    |       |       `--CHAR_LITERAL -&gt; &apos;\u005C\u005C&apos; [156:16]&#10;    |       |--SEMI -&gt; ; [156:30]&#10;    |       |--EXPR -&gt; EXPR [157:14]&#10;    |       |   `--ASSIGN -&gt; = [157:14]&#10;    |       |       |--IDENT -&gt; vchar [157:8]&#10;    |       |       `--CHAR_LITERAL -&gt; &apos;\u005c\u005c&apos; [157:16]&#10;    |       |--SEMI -&gt; ; [157:30]&#10;    |       |--EXPR -&gt; EXPR [158:14]&#10;    |       |   `--ASSIGN -&gt; = [158:14]&#10;    |       |       |--IDENT -&gt; vchar [158:8]&#10;    |       |       `--CHAR_LITERAL -&gt; &apos;\uu005C\uuuuu005C&apos; [158:16]&#10;    |       |--SEMI -&gt; ; [158:35]&#10;    |       |--EXPR -&gt; EXPR [159:14]&#10;    |       |   `--ASSIGN -&gt; = [159:14]&#10;    |       |       |--IDENT -&gt; vchar [159:8]&#10;    |       |       `--CHAR_LITERAL -&gt; &apos;\u005cn&apos; [159:16]&#10;    |       |--SEMI -&gt; ; [159:25]&#10;    |       |--EXPR -&gt; EXPR [160:14]&#10;    |       |   `--ASSIGN -&gt; = [160:14]&#10;    |       |       |--IDENT -&gt; vchar [160:8]&#10;    |       |       `--CHAR_LITERAL -&gt; &apos;\u005cr&apos; [160:16]&#10;    |       |--SEMI -&gt; ; [160:25]&#10;    |       |--EXPR -&gt; EXPR [161:14]&#10;    |       |   `--ASSIGN -&gt; = [161:14]&#10;    |       |       |--IDENT -&gt; vchar [161:8]&#10;    |       |       `--CHAR_LITERAL -&gt; &apos;\u005ct&apos; [161:16]&#10;    |       |--SEMI -&gt; ; [161:25]&#10;    |       |--EXPR -&gt; EXPR [162:14]&#10;    |       |   `--ASSIGN -&gt; = [162:14]&#10;    |       |       |--IDENT -&gt; vchar [162:8]&#10;    |       |       `--CHAR_LITERAL -&gt; &apos;\u005cb&apos; [162:16]&#10;    |       |--SEMI -&gt; ; [162:25]&#10;    |       |--EXPR -&gt; EXPR [163:14]&#10;    |       |   `--ASSIGN -&gt; = [163:14]&#10;    |       |       |--IDENT -&gt; vchar [163:8]&#10;    |       |       `--CHAR_LITERAL -&gt; &apos;\u005cf&apos; [163:16]&#10;    |       |--SEMI -&gt; ; [163:25]&#10;    |       |--EXPR -&gt; EXPR [164:14]&#10;    |       |   `--ASSIGN -&gt; = [164:14]&#10;    |       |       |--IDENT -&gt; vchar [164:8]&#10;    |       |       `--CHAR_LITERAL -&gt; &apos;\u005c&quot;&apos; [164:16]&#10;    |       |--SEMI -&gt; ; [164:25]&#10;    |       |--EXPR -&gt; EXPR [165:14]&#10;    |       |   `--ASSIGN -&gt; = [165:14]&#10;    |       |       |--IDENT -&gt; vchar [165:8]&#10;    |       |       `--CHAR_LITERAL -&gt; &apos;\u005c&apos;&apos; [165:16]&#10;    |       |--SEMI -&gt; ; [165:25]&#10;    |       |--EXPR -&gt; EXPR [166:14]&#10;    |       |   `--ASSIGN -&gt; = [166:14]&#10;    |       |       |--IDENT -&gt; vchar [166:8]&#10;    |       |       `--CHAR_LITERAL -&gt; &apos;\u005c\&apos; [166:16]&#10;    |       |--SEMI -&gt; ; [166:25]&#10;    |       |--EXPR -&gt; EXPR [167:13]&#10;    |       |   `--ASSIGN -&gt; = [167:13]&#10;    |       |       |--IDENT -&gt; vint [167:8]&#10;    |       |       `--NUM_INT -&gt; 0 [167:15]&#10;    |       |--SEMI -&gt; ; [167:16]&#10;    |       |--EXPR -&gt; EXPR [168:13]&#10;    |       |   `--ASSIGN -&gt; = [168:13]&#10;    |       |       |--IDENT -&gt; vint [168:8]&#10;    |       |       `--UNARY_MINUS -&gt; - [168:15]&#10;    |       |           `--NUM_INT -&gt; 1 [168:16]&#10;    |       |--SEMI -&gt; ; [168:17]&#10;    |       |--EXPR -&gt; EXPR [169:13]&#10;    |       |   `--ASSIGN -&gt; = [169:13]&#10;    |       |       |--IDENT -&gt; vint [169:8]&#10;    |       |       `--UNARY_PLUS -&gt; + [169:15]&#10;    |       |           `--NUM_INT -&gt; 1 [169:16]&#10;    |       |--SEMI -&gt; ; [169:17]&#10;    |       |--EXPR -&gt; EXPR [170:13]&#10;    |       |   `--ASSIGN -&gt; = [170:13]&#10;    |       |       |--IDENT -&gt; vint [170:8]&#10;    |       |       `--NUM_INT -&gt; 100_000 [170:15]&#10;    |       |--SEMI -&gt; ; [170:22]&#10;    |       |--EXPR -&gt; EXPR [171:13]&#10;    |       |   `--ASSIGN -&gt; = [171:13]&#10;    |       |       |--IDENT -&gt; vint [171:8]&#10;    |       |       `--NUM_INT -&gt; 0x00 [171:15]&#10;    |       |--SEMI -&gt; ; [171:19]&#10;    |       |--EXPR -&gt; EXPR [172:13]&#10;    |       |   `--ASSIGN -&gt; = [172:13]&#10;    |       |       |--IDENT -&gt; vint [172:8]&#10;    |       |       `--NUM_INT -&gt; 0x12345678 [172:15]&#10;    |       |--SEMI -&gt; ; [172:25]&#10;    |       |--EXPR -&gt; EXPR [173:13]&#10;    |       |   `--ASSIGN -&gt; = [173:13]&#10;    |       |       |--IDENT -&gt; vint [173:8]&#10;    |       |       `--NUM_INT -&gt; 0X9 [173:15]&#10;    |       |--SEMI -&gt; ; [173:18]&#10;    |       |--EXPR -&gt; EXPR [174:13]&#10;    |       |   `--ASSIGN -&gt; = [174:13]&#10;    |       |       |--IDENT -&gt; vint [174:8]&#10;    |       |       `--NUM_INT -&gt; 0x1234_5678 [174:15]&#10;    |       |--SEMI -&gt; ; [174:26]&#10;    |       |--EXPR -&gt; EXPR [175:13]&#10;    |       |   `--ASSIGN -&gt; = [175:13]&#10;    |       |       |--IDENT -&gt; vint [175:8]&#10;    |       |       `--NUM_INT -&gt; 0b101 [175:15]&#10;    |       |--SEMI -&gt; ; [175:20]&#10;    |       |--EXPR -&gt; EXPR [176:13]&#10;    |       |   `--ASSIGN -&gt; = [176:13]&#10;    |       |       |--IDENT -&gt; vint [176:8]&#10;    |       |       `--NUM_INT -&gt; 0B101 [176:15]&#10;    |       |--SEMI -&gt; ; [176:20]&#10;    |       |--EXPR -&gt; EXPR [177:13]&#10;    |       |   `--ASSIGN -&gt; = [177:13]&#10;    |       |       |--IDENT -&gt; vint [177:8]&#10;    |       |       `--NUM_INT -&gt; 0b1 [177:15]&#10;    |       |--SEMI -&gt; ; [177:18]&#10;    |       |--EXPR -&gt; EXPR [178:13]&#10;    |       |   `--ASSIGN -&gt; = [178:13]&#10;    |       |       |--IDENT -&gt; vint [178:8]&#10;    |       |       `--NUM_INT -&gt; 0b1_0 [178:15]&#10;    |       |--SEMI -&gt; ; [178:20]&#10;    |       |--EXPR -&gt; EXPR [179:13]&#10;    |       |   `--ASSIGN -&gt; = [179:13]&#10;    |       |       |--IDENT -&gt; vint [179:8]&#10;    |       |       `--NUM_INT -&gt; 012345670 [179:15]&#10;    |       |--SEMI -&gt; ; [179:24]&#10;    |       |--EXPR -&gt; EXPR [180:13]&#10;    |       |   `--ASSIGN -&gt; = [180:13]&#10;    |       |       |--IDENT -&gt; vint [180:8]&#10;    |       |       `--NUM_INT -&gt; 01234_5670 [180:15]&#10;    |       |--SEMI -&gt; ; [180:25]&#10;    |       |--EXPR -&gt; EXPR [181:14]&#10;    |       |   `--ASSIGN -&gt; = [181:14]&#10;    |       |       |--IDENT -&gt; vlong [181:8]&#10;    |       |       `--NUM_LONG -&gt; 0L [181:16]&#10;    |       |--SEMI -&gt; ; [181:18]&#10;    |       |--EXPR -&gt; EXPR [182:14]&#10;    |       |   `--ASSIGN -&gt; = [182:14]&#10;    |       |       |--IDENT -&gt; vlong [182:8]&#10;    |       |       `--NUM_LONG -&gt; 1L [182:16]&#10;    |       |--SEMI -&gt; ; [182:18]&#10;    |       |--EXPR -&gt; EXPR [183:14]&#10;    |       |   `--ASSIGN -&gt; = [183:14]&#10;    |       |       |--IDENT -&gt; vlong [183:8]&#10;    |       |       `--NUM_LONG -&gt; 0b1L [183:16]&#10;    |       |--SEMI -&gt; ; [183:20]&#10;    |       |--EXPR -&gt; EXPR [184:14]&#10;    |       |   `--ASSIGN -&gt; = [184:14]&#10;    |       |       |--IDENT -&gt; vlong [184:8]&#10;    |       |       `--NUM_LONG -&gt; 1234567890l [184:16]&#10;    |       |--SEMI -&gt; ; [184:27]&#10;    |       |--EXPR -&gt; EXPR [185:14]&#10;    |       |   `--ASSIGN -&gt; = [185:14]&#10;    |       |       |--IDENT -&gt; vlong [185:8]&#10;    |       |       `--NUM_LONG -&gt; 1234567890L [185:16]&#10;    |       |--SEMI -&gt; ; [185:27]&#10;    |       |--EXPR -&gt; EXPR [186:14]&#10;    |       |   `--ASSIGN -&gt; = [186:14]&#10;    |       |       |--IDENT -&gt; vlong [186:8]&#10;    |       |       `--NUM_LONG -&gt; 0x0l [186:16]&#10;    |       |--SEMI -&gt; ; [186:20]&#10;    |       |--EXPR -&gt; EXPR [187:14]&#10;    |       |   `--ASSIGN -&gt; = [187:14]&#10;    |       |       |--IDENT -&gt; vlong [187:8]&#10;    |       |       `--NUM_LONG -&gt; 0xABCDEFl [187:16]&#10;    |       |--SEMI -&gt; ; [187:25]&#10;    |       |--EXPR -&gt; EXPR [188:14]&#10;    |       |   `--ASSIGN -&gt; = [188:14]&#10;    |       |       |--IDENT -&gt; vlong [188:8]&#10;    |       |       `--NUM_LONG -&gt; 0XABCDEFL [188:16]&#10;    |       |--SEMI -&gt; ; [188:25]&#10;    |       |--EXPR -&gt; EXPR [189:15]&#10;    |       |   `--ASSIGN -&gt; = [189:15]&#10;    |       |       |--IDENT -&gt; vfloat [189:8]&#10;    |       |       `--NUM_FLOAT -&gt; 0f [189:17]&#10;    |       |--SEMI -&gt; ; [189:19]&#10;    |       |--EXPR -&gt; EXPR [190:15]&#10;    |       |   `--ASSIGN -&gt; = [190:15]&#10;    |       |       |--IDENT -&gt; vfloat [190:8]&#10;    |       |       `--NUM_FLOAT -&gt; 0F [190:17]&#10;    |       |--SEMI -&gt; ; [190:19]&#10;    |       |--EXPR -&gt; EXPR [191:15]&#10;    |       |   `--ASSIGN -&gt; = [191:15]&#10;    |       |       |--IDENT -&gt; vfloat [191:8]&#10;    |       |       `--NUM_FLOAT -&gt; 1.1f [191:17]&#10;    |       |--SEMI -&gt; ; [191:21]&#10;    |       |--EXPR -&gt; EXPR [192:15]&#10;    |       |   `--ASSIGN -&gt; = [192:15]&#10;    |       |       |--IDENT -&gt; vfloat [192:8]&#10;    |       |       `--NUM_FLOAT -&gt; 1.10_1F [192:17]&#10;    |       |--SEMI -&gt; ; [192:24]&#10;    |       |--EXPR -&gt; EXPR [193:15]&#10;    |       |   `--ASSIGN -&gt; = [193:15]&#10;    |       |       |--IDENT -&gt; vfloat [193:8]&#10;    |       |       `--NUM_FLOAT -&gt; 0_1.1_1F [193:17]&#10;    |       |--SEMI -&gt; ; [193:25]&#10;    |       |--EXPR -&gt; EXPR [194:15]&#10;    |       |   `--ASSIGN -&gt; = [194:15]&#10;    |       |       |--IDENT -&gt; vfloat [194:8]&#10;    |       |       `--NUM_FLOAT -&gt; 1e0f [194:17]&#10;    |       |--SEMI -&gt; ; [194:21]&#10;    |       |--EXPR -&gt; EXPR [195:15]&#10;    |       |   `--ASSIGN -&gt; = [195:15]&#10;    |       |       |--IDENT -&gt; vfloat [195:8]&#10;    |       |       `--NUM_FLOAT -&gt; 1e0F [195:17]&#10;    |       |--SEMI -&gt; ; [195:21]&#10;    |       |--EXPR -&gt; EXPR [196:15]&#10;    |       |   `--ASSIGN -&gt; = [196:15]&#10;    |       |       |--IDENT -&gt; vfloat [196:8]&#10;    |       |       `--NUM_FLOAT -&gt; 1.0e0F [196:17]&#10;    |       |--SEMI -&gt; ; [196:23]&#10;    |       |--EXPR -&gt; EXPR [197:15]&#10;    |       |   `--ASSIGN -&gt; = [197:15]&#10;    |       |       |--IDENT -&gt; vfloat [197:8]&#10;    |       |       `--NUM_FLOAT -&gt; 0x2__3_34.4___AFP00_00f [197:17]&#10;    |       |--SEMI -&gt; ; [197:40]&#10;    |       |--EXPR -&gt; EXPR [198:16]&#10;    |       |   `--ASSIGN -&gt; = [198:16]&#10;    |       |       |--IDENT -&gt; vdouble [198:8]&#10;    |       |       `--NUM_FLOAT -&gt; 10. [198:18]&#10;    |       |--SEMI -&gt; ; [198:21]&#10;    |       |--EXPR -&gt; EXPR [199:16]&#10;    |       |   `--ASSIGN -&gt; = [199:16]&#10;    |       |       |--IDENT -&gt; vdouble [199:8]&#10;    |       |       `--NUM_FLOAT -&gt; .1 [199:18]&#10;    |       |--SEMI -&gt; ; [199:20]&#10;    |       |--EXPR -&gt; EXPR [200:16]&#10;    |       |   `--ASSIGN -&gt; = [200:16]&#10;    |       |       |--IDENT -&gt; vdouble [200:8]&#10;    |       |       `--NUM_FLOAT -&gt; .1__1_1 [200:18]&#10;    |       |--SEMI -&gt; ; [200:25]&#10;    |       |--EXPR -&gt; EXPR [201:16]&#10;    |       |   `--ASSIGN -&gt; = [201:16]&#10;    |       |       |--IDENT -&gt; vdouble [201:8]&#10;    |       |       `--NUM_FLOAT -&gt; 0.0 [201:18]&#10;    |       |--SEMI -&gt; ; [201:21]&#10;    |       |--EXPR -&gt; EXPR [202:16]&#10;    |       |   `--ASSIGN -&gt; = [202:16]&#10;    |       |       |--IDENT -&gt; vdouble [202:8]&#10;    |       |       `--NUM_FLOAT -&gt; 1000.0 [202:18]&#10;    |       |--SEMI -&gt; ; [202:24]&#10;    |       |--EXPR -&gt; EXPR [203:16]&#10;    |       |   `--ASSIGN -&gt; = [203:16]&#10;    |       |       |--IDENT -&gt; vdouble [203:8]&#10;    |       |       `--NUM_DOUBLE -&gt; .1d [203:18]&#10;    |       |--SEMI -&gt; ; [203:21]&#10;    |       |--EXPR -&gt; EXPR [204:16]&#10;    |       |   `--ASSIGN -&gt; = [204:16]&#10;    |       |       |--IDENT -&gt; vdouble [204:8]&#10;    |       |       `--NUM_DOUBLE -&gt; 1.D [204:18]&#10;    |       |--SEMI -&gt; ; [204:21]&#10;    |       |--EXPR -&gt; EXPR [205:16]&#10;    |       |   `--ASSIGN -&gt; = [205:16]&#10;    |       |       |--IDENT -&gt; vdouble [205:8]&#10;    |       |       `--NUM_DOUBLE -&gt; 0_1.0d [205:18]&#10;    |       |--SEMI -&gt; ; [205:24]&#10;    |       |--EXPR -&gt; EXPR [206:16]&#10;    |       |   `--ASSIGN -&gt; = [206:16]&#10;    |       |       |--IDENT -&gt; vdouble [206:8]&#10;    |       |       `--NUM_DOUBLE -&gt; 0_1.0D [206:18]&#10;    |       |--SEMI -&gt; ; [206:24]&#10;    |       |--EXPR -&gt; EXPR [207:16]&#10;    |       |   `--ASSIGN -&gt; = [207:16]&#10;    |       |       |--IDENT -&gt; vdouble [207:8]&#10;    |       |       `--NUM_FLOAT -&gt; 4e23 [207:18]&#10;    |       |--SEMI -&gt; ; [207:22]&#10;    |       |--EXPR -&gt; EXPR [208:16]&#10;    |       |   `--ASSIGN -&gt; = [208:16]&#10;    |       |       |--IDENT -&gt; vdouble [208:8]&#10;    |       |       `--NUM_FLOAT -&gt; 4E23 [208:18]&#10;    |       |--SEMI -&gt; ; [208:22]&#10;    |       |--EXPR -&gt; EXPR [209:16]&#10;    |       |   `--ASSIGN -&gt; = [209:16]&#10;    |       |       |--IDENT -&gt; vdouble [209:8]&#10;    |       |       `--NUM_FLOAT -&gt; 4E2_3 [209:18]&#10;    |       |--SEMI -&gt; ; [209:23]&#10;    |       |--EXPR -&gt; EXPR [210:16]&#10;    |       |   `--ASSIGN -&gt; = [210:16]&#10;    |       |       |--IDENT -&gt; vdouble [210:8]&#10;    |       |       `--NUM_FLOAT -&gt; 0x0.0000000000001p-1022 [210:18]&#10;    |       |--SEMI -&gt; ; [210:41]&#10;    |       |--EXPR -&gt; EXPR [211:16]&#10;    |       |   `--ASSIGN -&gt; = [211:16]&#10;    |       |       |--IDENT -&gt; vdouble [211:8]&#10;    |       |       `--NUM_FLOAT -&gt; 0x0.0000000000001P-1022 [211:18]&#10;    |       |--SEMI -&gt; ; [211:41]&#10;    |       |--EXPR -&gt; EXPR [212:16]&#10;    |       |   `--ASSIGN -&gt; = [212:16]&#10;    |       |       |--IDENT -&gt; vdouble [212:8]&#10;    |       |       `--NUM_FLOAT -&gt; 0X0.0000000000001p+1022 [212:18]&#10;    |       |--SEMI -&gt; ; [212:41]&#10;    |       |--EXPR -&gt; EXPR [213:16]&#10;    |       |   `--ASSIGN -&gt; = [213:16]&#10;    |       |       |--IDENT -&gt; vdouble [213:8]&#10;    |       |       `--NUM_FLOAT -&gt; 0X0.0000000000001P+1022 [213:18]&#10;    |       |--SEMI -&gt; ; [213:41]&#10;    |       |--EXPR -&gt; EXPR [214:16]&#10;    |       |   `--ASSIGN -&gt; = [214:16]&#10;    |       |       |--IDENT -&gt; vdouble [214:8]&#10;    |       |       `--NUM_FLOAT -&gt; 0x.0P0 [214:18]&#10;    |       |--SEMI -&gt; ; [214:24]&#10;    |       |--EXPR -&gt; EXPR [215:16]&#10;    |       |   `--ASSIGN -&gt; = [215:16]&#10;    |       |       |--IDENT -&gt; vdouble [215:8]&#10;    |       |       `--NUM_FLOAT -&gt; 0X0p+2 [215:18]&#10;    |       |--SEMI -&gt; ; [215:24]&#10;    |       |--EXPR -&gt; EXPR [216:16]&#10;    |       |   `--ASSIGN -&gt; = [216:16]&#10;    |       |       |--IDENT -&gt; vdouble [216:8]&#10;    |       |       `--NUM_FLOAT -&gt; 0X0p+20F [216:18]&#10;    |       |--SEMI -&gt; ; [216:26]&#10;    |       |--EXPR -&gt; EXPR [217:16]&#10;    |       |   `--ASSIGN -&gt; = [217:16]&#10;    |       |       |--IDENT -&gt; vdouble [217:8]&#10;    |       |       `--NUM_DOUBLE -&gt; 0X0p+2D [217:18]&#10;    |       |--SEMI -&gt; ; [217:25]&#10;    |       |--EXPR -&gt; EXPR [218:16]&#10;    |       |   `--ASSIGN -&gt; = [218:16]&#10;    |       |       |--IDENT -&gt; vdouble [218:8]&#10;    |       |       `--NUM_DOUBLE -&gt; 0X0p+2d [218:18]&#10;    |       |--SEMI -&gt; ; [218:25]&#10;    |       |--EXPR -&gt; EXPR [219:16]&#10;    |       |   `--ASSIGN -&gt; = [219:16]&#10;    |       |       |--IDENT -&gt; vdouble [219:8]&#10;    |       |       `--NUM_FLOAT -&gt; 0x1.P-1 [219:18]&#10;    |       |--SEMI -&gt; ; [219:25]&#10;    |       |--EXPR -&gt; EXPR [220:16]&#10;    |       |   `--ASSIGN -&gt; = [220:16]&#10;    |       |       |--IDENT -&gt; vdouble [220:8]&#10;    |       |       `--NUM_FLOAT -&gt; 0x.1___AFp1 [220:18]&#10;    |       |--SEMI -&gt; ; [220:29]&#10;    |       |--EXPR -&gt; EXPR [221:16]&#10;    |       |   `--ASSIGN -&gt; = [221:16]&#10;    |       |       |--IDENT -&gt; vstring [221:8]&#10;    |       |       `--LITERAL_NULL -&gt; null [221:18]&#10;    |       |--SEMI -&gt; ; [221:22]&#10;    |       |--EXPR -&gt; EXPR [222:16]&#10;    |       |   `--ASSIGN -&gt; = [222:16]&#10;    |       |       |--IDENT -&gt; vstring [222:8]&#10;    |       |       `--STRING_LITERAL -&gt; &quot;&quot; [222:18]&#10;    |       |--SEMI -&gt; ; [222:20]&#10;    |       |--EXPR -&gt; EXPR [223:16]&#10;    |       |   `--ASSIGN -&gt; = [223:16]&#10;    |       |       |--IDENT -&gt; vstring [223:8]&#10;    |       |       `--STRING_LITERAL -&gt; &quot;\\&quot; [223:18]&#10;    |       |--SEMI -&gt; ; [223:22]&#10;    |       |--EXPR -&gt; EXPR [226:13]&#10;    |       |   `--ASSIGN -&gt; = [226:13]&#10;    |       |       |--IDENT -&gt; vint [226:8]&#10;    |       |       `--PLUS -&gt; + [226:17]&#10;    |       |           |--NUM_INT -&gt; 1 [226:15]&#10;    |       |           `--NUM_INT -&gt; 1 [226:19]&#10;    |       |--SEMI -&gt; ; [226:20]&#10;    |       |--EXPR -&gt; EXPR [227:13]&#10;    |       |   `--ASSIGN -&gt; = [227:13]&#10;    |       |       |--IDENT -&gt; vint [227:8]&#10;    |       |       `--MINUS -&gt; - [227:17]&#10;    |       |           |--NUM_INT -&gt; 1 [227:15]&#10;    |       |           `--NUM_INT -&gt; 1 [227:19]&#10;    |       |--SEMI -&gt; ; [227:20]&#10;    |       |--EXPR -&gt; EXPR [228:13]&#10;    |       |   `--ASSIGN -&gt; = [228:13]&#10;    |       |       |--IDENT -&gt; vint [228:8]&#10;    |       |       `--STAR -&gt; * [228:17]&#10;    |       |           |--NUM_INT -&gt; 1 [228:15]&#10;    |       |           `--NUM_INT -&gt; 1 [228:19]&#10;    |       |--SEMI -&gt; ; [228:20]&#10;    |       |--EXPR -&gt; EXPR [229:13]&#10;    |       |   `--ASSIGN -&gt; = [229:13]&#10;    |       |       |--IDENT -&gt; vint [229:8]&#10;    |       |       `--DIV -&gt; / [229:17]&#10;    |       |           |--NUM_INT -&gt; 1 [229:15]&#10;    |       |           `--NUM_INT -&gt; 1 [229:19]&#10;    |       |--SEMI -&gt; ; [229:20]&#10;    |       |--EXPR -&gt; EXPR [230:13]&#10;    |       |   `--ASSIGN -&gt; = [230:13]&#10;    |       |       |--IDENT -&gt; vint [230:8]&#10;    |       |       `--MOD -&gt; % [230:17]&#10;    |       |           |--NUM_INT -&gt; 1 [230:15]&#10;    |       |           `--NUM_INT -&gt; 1 [230:19]&#10;    |       |--SEMI -&gt; ; [230:20]&#10;    |       |--EXPR -&gt; EXPR [231:13]&#10;    |       |   `--ASSIGN -&gt; = [231:13]&#10;    |       |       |--IDENT -&gt; vint [231:8]&#10;    |       |       `--BAND -&gt; &amp; [231:17]&#10;    |       |           |--NUM_INT -&gt; 1 [231:15]&#10;    |       |           `--NUM_INT -&gt; 1 [231:19]&#10;    |       |--SEMI -&gt; ; [231:20]&#10;    |       |--EXPR -&gt; EXPR [232:13]&#10;    |       |   `--ASSIGN -&gt; = [232:13]&#10;    |       |       |--IDENT -&gt; vint [232:8]&#10;    |       |       `--BOR -&gt; | [232:17]&#10;    |       |           |--NUM_INT -&gt; 1 [232:15]&#10;    |       |           `--NUM_INT -&gt; 1 [232:19]&#10;    |       |--SEMI -&gt; ; [232:20]&#10;    |       |--EXPR -&gt; EXPR [233:13]&#10;    |       |   `--ASSIGN -&gt; = [233:13]&#10;    |       |       |--IDENT -&gt; vint [233:8]&#10;    |       |       `--BXOR -&gt; ^ [233:17]&#10;    |       |           |--NUM_INT -&gt; 1 [233:15]&#10;    |       |           `--NUM_INT -&gt; 1 [233:19]&#10;    |       |--SEMI -&gt; ; [233:20]&#10;    |       |--EXPR -&gt; EXPR [234:13]&#10;    |       |   `--ASSIGN -&gt; = [234:13]&#10;    |       |       |--IDENT -&gt; vint [234:8]&#10;    |       |       `--BNOT -&gt; ~ [234:15]&#10;    |       |           `--NUM_INT -&gt; 1 [234:16]&#10;    |       |--SEMI -&gt; ; [234:17]&#10;    |       |--EXPR -&gt; EXPR [235:17]&#10;    |       |   `--ASSIGN -&gt; = [235:17]&#10;    |       |       |--IDENT -&gt; vboolean [235:8]&#10;    |       |       `--NOT_EQUAL -&gt; != [235:21]&#10;    |       |           |--NUM_INT -&gt; 1 [235:19]&#10;    |       |           `--NUM_INT -&gt; 0 [235:24]&#10;    |       |--SEMI -&gt; ; [235:25]&#10;    |       |--EXPR -&gt; EXPR [236:17]&#10;    |       |   `--ASSIGN -&gt; = [236:17]&#10;    |       |       |--IDENT -&gt; vboolean [236:8]&#10;    |       |       `--EQUAL -&gt; == [236:21]&#10;    |       |           |--NUM_INT -&gt; 1 [236:19]&#10;    |       |           `--NUM_INT -&gt; 0 [236:24]&#10;    |       |--SEMI -&gt; ; [236:25]&#10;    |       |--EXPR -&gt; EXPR [237:17]&#10;    |       |   `--ASSIGN -&gt; = [237:17]&#10;    |       |       |--IDENT -&gt; vboolean [237:8]&#10;    |       |       `--GT -&gt; &gt; [237:21]&#10;    |       |           |--NUM_INT -&gt; 1 [237:19]&#10;    |       |           `--NUM_INT -&gt; 0 [237:23]&#10;    |       |--SEMI -&gt; ; [237:24]&#10;    |       |--EXPR -&gt; EXPR [238:17]&#10;    |       |   `--ASSIGN -&gt; = [238:17]&#10;    |       |       |--IDENT -&gt; vboolean [238:8]&#10;    |       |       `--GE -&gt; &gt;= [238:21]&#10;    |       |           |--NUM_INT -&gt; 1 [238:19]&#10;    |       |           `--NUM_INT -&gt; 0 [238:24]&#10;    |       |--SEMI -&gt; ; [238:25]&#10;    |       |--EXPR -&gt; EXPR [239:17]&#10;    |       |   `--ASSIGN -&gt; = [239:17]&#10;    |       |       |--IDENT -&gt; vboolean [239:8]&#10;    |       |       `--LT -&gt; &lt; [239:21]&#10;    |       |           |--NUM_INT -&gt; 1 [239:19]&#10;    |       |           `--NUM_INT -&gt; 0 [239:23]&#10;    |       |--SEMI -&gt; ; [239:24]&#10;    |       |--EXPR -&gt; EXPR [240:17]&#10;    |       |   `--ASSIGN -&gt; = [240:17]&#10;    |       |       |--IDENT -&gt; vboolean [240:8]&#10;    |       |       `--LE -&gt; &lt;= [240:21]&#10;    |       |           |--NUM_INT -&gt; 1 [240:19]&#10;    |       |           `--NUM_INT -&gt; 0 [240:24]&#10;    |       |--SEMI -&gt; ; [240:25]&#10;    |       |--EXPR -&gt; EXPR [241:17]&#10;    |       |   `--ASSIGN -&gt; = [241:17]&#10;    |       |       |--IDENT -&gt; vboolean [241:8]&#10;    |       |       `--LAND -&gt; &amp;&amp; [241:24]&#10;    |       |           |--LITERAL_TRUE -&gt; true [241:19]&#10;    |       |           `--LITERAL_TRUE -&gt; true [241:27]&#10;    |       |--SEMI -&gt; ; [241:31]&#10;    |       |--EXPR -&gt; EXPR [242:17]&#10;    |       |   `--ASSIGN -&gt; = [242:17]&#10;    |       |       |--IDENT -&gt; vboolean [242:8]&#10;    |       |       `--LOR -&gt; || [242:24]&#10;    |       |           |--LITERAL_TRUE -&gt; true [242:19]&#10;    |       |           `--LITERAL_TRUE -&gt; true [242:27]&#10;    |       |--SEMI -&gt; ; [242:31]&#10;    |       |--EXPR -&gt; EXPR [243:17]&#10;    |       |   `--ASSIGN -&gt; = [243:17]&#10;    |       |       |--IDENT -&gt; vboolean [243:8]&#10;    |       |       `--QUESTION -&gt; ? [243:24]&#10;    |       |           |--LITERAL_TRUE -&gt; true [243:19]&#10;    |       |           |--LITERAL_TRUE -&gt; true [243:26]&#10;    |       |           |--COLON -&gt; : [243:31]&#10;    |       |           `--LITERAL_FALSE -&gt; false [243:33]&#10;    |       |--SEMI -&gt; ; [243:38]&#10;    |       |--EXPR -&gt; EXPR [244:17]&#10;    |       |   `--ASSIGN -&gt; = [244:17]&#10;    |       |       |--IDENT -&gt; vboolean [244:8]&#10;    |       |       `--LNOT -&gt; ! [244:19]&#10;    |       |           `--LITERAL_TRUE -&gt; true [244:20]&#10;    |       |--SEMI -&gt; ; [244:24]&#10;    |       |--EXPR -&gt; EXPR [245:17]&#10;    |       |   `--ASSIGN -&gt; = [245:17]&#10;    |       |       |--IDENT -&gt; vboolean [245:8]&#10;    |       |       `--LITERAL_INSTANCEOF -&gt; instanceof [245:22]&#10;    |       |           |--IDENT -&gt; f9 [245:19]&#10;    |       |           `--TYPE -&gt; TYPE [245:33]&#10;    |       |               `--IDENT -&gt; Object [245:33]&#10;    |       |--SEMI -&gt; ; [245:39]&#10;    |       |--EXPR -&gt; EXPR [246:13]&#10;    |       |   `--ASSIGN -&gt; = [246:13]&#10;    |       |       |--IDENT -&gt; vint [246:8]&#10;    |       |       `--SL -&gt; &lt;&lt; [246:17]&#10;    |       |           |--NUM_INT -&gt; 1 [246:15]&#10;    |       |           `--NUM_INT -&gt; 1 [246:20]&#10;    |       |--SEMI -&gt; ; [246:21]&#10;    |       |--EXPR -&gt; EXPR [247:13]&#10;    |       |   `--ASSIGN -&gt; = [247:13]&#10;    |       |       |--IDENT -&gt; vint [247:8]&#10;    |       |       `--SR -&gt; &gt;&gt; [247:17]&#10;    |       |           |--NUM_INT -&gt; 1 [247:15]&#10;    |       |           `--NUM_INT -&gt; 1 [247:20]&#10;    |       |--SEMI -&gt; ; [247:21]&#10;    |       |--EXPR -&gt; EXPR [248:13]&#10;    |       |   `--ASSIGN -&gt; = [248:13]&#10;    |       |       |--IDENT -&gt; vint [248:8]&#10;    |       |       `--BSR -&gt; &gt;&gt;&gt; [248:17]&#10;    |       |           |--NUM_INT -&gt; 1 [248:15]&#10;    |       |           `--NUM_INT -&gt; 1 [248:21]&#10;    |       |--SEMI -&gt; ; [248:22]&#10;    |       |--EXPR -&gt; EXPR [249:13]&#10;    |       |   `--PLUS_ASSIGN -&gt; += [249:13]&#10;    |       |       |--IDENT -&gt; vint [249:8]&#10;    |       |       `--NUM_INT -&gt; 1 [249:16]&#10;    |       |--SEMI -&gt; ; [249:17]&#10;    |       |--EXPR -&gt; EXPR [250:13]&#10;    |       |   `--MINUS_ASSIGN -&gt; -= [250:13]&#10;    |       |       |--IDENT -&gt; vint [250:8]&#10;    |       |       `--NUM_INT -&gt; 1 [250:16]&#10;    |       |--SEMI -&gt; ; [250:17]&#10;    |       |--EXPR -&gt; EXPR [251:13]&#10;    |       |   `--STAR_ASSIGN -&gt; *= [251:13]&#10;    |       |       |--IDENT -&gt; vint [251:8]&#10;    |       |       `--NUM_INT -&gt; 1 [251:16]&#10;    |       |--SEMI -&gt; ; [251:17]&#10;    |       |--EXPR -&gt; EXPR [252:13]&#10;    |       |   `--DIV_ASSIGN -&gt; /= [252:13]&#10;    |       |       |--IDENT -&gt; vint [252:8]&#10;    |       |       `--NUM_INT -&gt; 1 [252:16]&#10;    |       |--SEMI -&gt; ; [252:17]&#10;    |       |--EXPR -&gt; EXPR [253:13]&#10;    |       |   `--MOD_ASSIGN -&gt; %= [253:13]&#10;    |       |       |--IDENT -&gt; vint [253:8]&#10;    |       |       `--NUM_INT -&gt; 1 [253:16]&#10;    |       |--SEMI -&gt; ; [253:17]&#10;    |       |--EXPR -&gt; EXPR [254:13]&#10;    |       |   `--BAND_ASSIGN -&gt; &amp;= [254:13]&#10;    |       |       |--IDENT -&gt; vint [254:8]&#10;    |       |       `--NUM_INT -&gt; 1 [254:16]&#10;    |       |--SEMI -&gt; ; [254:17]&#10;    |       |--EXPR -&gt; EXPR [255:13]&#10;    |       |   `--BOR_ASSIGN -&gt; |= [255:13]&#10;    |       |       |--IDENT -&gt; vint [255:8]&#10;    |       |       `--NUM_INT -&gt; 1 [255:16]&#10;    |       |--SEMI -&gt; ; [255:17]&#10;    |       |--EXPR -&gt; EXPR [256:13]&#10;    |       |   `--BXOR_ASSIGN -&gt; ^= [256:13]&#10;    |       |       |--IDENT -&gt; vint [256:8]&#10;    |       |       `--NUM_INT -&gt; 1 [256:16]&#10;    |       |--SEMI -&gt; ; [256:17]&#10;    |       |--EXPR -&gt; EXPR [257:13]&#10;    |       |   `--SL_ASSIGN -&gt; &lt;&lt;= [257:13]&#10;    |       |       |--IDENT -&gt; vint [257:8]&#10;    |       |       `--NUM_INT -&gt; 1 [257:17]&#10;    |       |--SEMI -&gt; ; [257:18]&#10;    |       |--EXPR -&gt; EXPR [258:13]&#10;    |       |   `--SR_ASSIGN -&gt; &gt;&gt;= [258:13]&#10;    |       |       |--IDENT -&gt; vint [258:8]&#10;    |       |       `--NUM_INT -&gt; 1 [258:17]&#10;    |       |--SEMI -&gt; ; [258:18]&#10;    |       |--EXPR -&gt; EXPR [259:13]&#10;    |       |   `--BSR_ASSIGN -&gt; &gt;&gt;&gt;= [259:13]&#10;    |       |       |--IDENT -&gt; vint [259:8]&#10;    |       |       `--NUM_INT -&gt; 1 [259:18]&#10;    |       |--SEMI -&gt; ; [259:19]&#10;    |       |--EXPR -&gt; EXPR [260:12]&#10;    |       |   `--POST_INC -&gt; ++ [260:12]&#10;    |       |       `--IDENT -&gt; vint [260:8]&#10;    |       |--SEMI -&gt; ; [260:14]&#10;    |       |--EXPR -&gt; EXPR [261:12]&#10;    |       |   `--POST_DEC -&gt; -- [261:12]&#10;    |       |       `--IDENT -&gt; vint [261:8]&#10;    |       |--SEMI -&gt; ; [261:14]&#10;    |       |--EXPR -&gt; EXPR [262:8]&#10;    |       |   `--INC -&gt; ++ [262:8]&#10;    |       |       `--IDENT -&gt; vint [262:10]&#10;    |       |--SEMI -&gt; ; [262:14]&#10;    |       |--EXPR -&gt; EXPR [263:8]&#10;    |       |   `--DEC -&gt; -- [263:8]&#10;    |       |       `--IDENT -&gt; vint [263:10]&#10;    |       |--SEMI -&gt; ; [263:14]&#10;    |       |--VARIABLE_DEF -&gt; VARIABLE_DEF [264:14]&#10;    |       |   |--MODIFIERS -&gt; MODIFIERS [264:14]&#10;    |       |   |--TYPE -&gt; TYPE [264:14]&#10;    |       |   |   `--ARRAY_DECLARATOR -&gt; [ [264:14]&#10;    |       |   |       |--IDENT -&gt; String [264:8]&#10;    |       |   |       `--RBRACK -&gt; ] [264:15]&#10;    |       |   |--IDENT -&gt; arrayinit [264:17]&#10;    |       |   `--ASSIGN -&gt; = [264:27]&#10;    |       |       `--ARRAY_INIT -&gt; { [264:29]&#10;    |       |           `--RCURLY -&gt; } [264:30]&#10;    |       |--SEMI -&gt; ; [264:31]&#10;    |       |--VARIABLE_DEF -&gt; VARIABLE_DEF [265:14]&#10;    |       |   |--MODIFIERS -&gt; MODIFIERS [265:14]&#10;    |       |   |--TYPE -&gt; TYPE [265:14]&#10;    |       |   |   `--ARRAY_DECLARATOR -&gt; [ [265:14]&#10;    |       |   |       |--IDENT -&gt; String [265:8]&#10;    |       |   |       `--RBRACK -&gt; ] [265:15]&#10;    |       |   |--IDENT -&gt; arrayinit2 [265:17]&#10;    |       |   `--ASSIGN -&gt; = [265:28]&#10;    |       |       `--ARRAY_INIT -&gt; { [265:30]&#10;    |       |           |--EXPR -&gt; EXPR [265:31]&#10;    |       |           |   `--STRING_LITERAL -&gt; &quot;&quot; [265:31]&#10;    |       |           `--RCURLY -&gt; } [265:33]&#10;    |       |--SEMI -&gt; ; [265:34]&#10;    |       |--VARIABLE_DEF -&gt; VARIABLE_DEF [266:14]&#10;    |       |   |--MODIFIERS -&gt; MODIFIERS [266:14]&#10;    |       |   |--TYPE -&gt; TYPE [266:14]&#10;    |       |   |   `--ARRAY_DECLARATOR -&gt; [ [266:14]&#10;    |       |   |       |--IDENT -&gt; String [266:8]&#10;    |       |   |       `--RBRACK -&gt; ] [266:15]&#10;    |       |   |--IDENT -&gt; arrayinit3 [266:17]&#10;    |       |   `--ASSIGN -&gt; = [266:28]&#10;    |       |       `--ARRAY_INIT -&gt; { [266:30]&#10;    |       |           |--EXPR -&gt; EXPR [266:31]&#10;    |       |           |   `--STRING_LITERAL -&gt; &quot;&quot; [266:31]&#10;    |       |           |--COMMA -&gt; , [266:33]&#10;    |       |           |--EXPR -&gt; EXPR [266:35]&#10;    |       |           |   `--STRING_LITERAL -&gt; &quot;&quot; [266:35]&#10;    |       |           |--COMMA -&gt; , [266:37]&#10;    |       |           `--RCURLY -&gt; } [266:38]&#10;    |       |--SEMI -&gt; ; [266:39]&#10;    |       |--EXPR -&gt; EXPR [269:15]&#10;    |       |   `--ASSIGN -&gt; = [269:15]&#10;    |       |       |--IDENT -&gt; varray [269:8]&#10;    |       |       `--LITERAL_NEW -&gt; new [269:17]&#10;    |       |           |--LITERAL_INT -&gt; int [269:21]&#10;    |       |           |--ARRAY_DECLARATOR -&gt; [ [269:24]&#10;    |       |           |   `--RBRACK -&gt; ] [269:25]&#10;    |       |           `--ARRAY_INIT -&gt; { [269:26]&#10;    |       |               `--RCURLY -&gt; } [269:27]&#10;    |       |--SEMI -&gt; ; [269:28]&#10;    |       |--EXPR -&gt; EXPR [270:15]&#10;    |       |   `--ASSIGN -&gt; = [270:15]&#10;    |       |       |--IDENT -&gt; varray [270:8]&#10;    |       |       `--LITERAL_NEW -&gt; new [270:17]&#10;    |       |           |--LITERAL_INT -&gt; int [270:21]&#10;    |       |           |--ARRAY_DECLARATOR -&gt; [ [270:24]&#10;    |       |           |   `--RBRACK -&gt; ] [270:25]&#10;    |       |           `--ARRAY_INIT -&gt; { [270:26]&#10;    |       |               |--EXPR -&gt; EXPR [270:27]&#10;    |       |               |   `--NUM_INT -&gt; 0 [270:27]&#10;    |       |               `--RCURLY -&gt; } [270:28]&#10;    |       |--SEMI -&gt; ; [270:29]&#10;    |       |--EXPR -&gt; EXPR [271:15]&#10;    |       |   `--ASSIGN -&gt; = [271:15]&#10;    |       |       |--IDENT -&gt; varray [271:8]&#10;    |       |       `--LITERAL_NEW -&gt; new [271:17]&#10;    |       |           |--LITERAL_INT -&gt; int [271:21]&#10;    |       |           |--ARRAY_DECLARATOR -&gt; [ [271:24]&#10;    |       |           |   `--RBRACK -&gt; ] [271:25]&#10;    |       |           `--ARRAY_INIT -&gt; { [271:26]&#10;    |       |               |--EXPR -&gt; EXPR [271:27]&#10;    |       |               |   `--NUM_INT -&gt; 0 [271:27]&#10;    |       |               |--COMMA -&gt; , [271:28]&#10;    |       |               |--EXPR -&gt; EXPR [271:30]&#10;    |       |               |   `--NUM_INT -&gt; 1 [271:30]&#10;    |       |               `--RCURLY -&gt; } [271:31]&#10;    |       |--SEMI -&gt; ; [271:32]&#10;    |       |--EXPR -&gt; EXPR [272:15]&#10;    |       |   `--ASSIGN -&gt; = [272:15]&#10;    |       |       |--IDENT -&gt; varray [272:8]&#10;    |       |       `--LITERAL_NEW -&gt; new [272:17]&#10;    |       |           |--LITERAL_INT -&gt; int [272:21]&#10;    |       |           `--ARRAY_DECLARATOR -&gt; [ [272:24]&#10;    |       |               |--EXPR -&gt; EXPR [272:25]&#10;    |       |               |   `--NUM_INT -&gt; 5 [272:25]&#10;    |       |               `--RBRACK -&gt; ] [272:26]&#10;    |       |--SEMI -&gt; ; [272:27]&#10;    |       |--EXPR -&gt; EXPR [273:14]&#10;    |       |   `--ASSIGN -&gt; = [273:14]&#10;    |       |       |--IDENT -&gt; vlist [273:8]&#10;    |       |       `--LITERAL_NEW -&gt; new [273:16]&#10;    |       |           |--IDENT -&gt; ArrayList [273:20]&#10;    |       |           |--TYPE_ARGUMENTS -&gt; TYPE_ARGUMENTS [273:29]&#10;    |       |           |   |--GENERIC_START -&gt; &lt; [273:29]&#10;    |       |           |   |--TYPE_ARGUMENT -&gt; TYPE_ARGUMENT [273:30]&#10;    |       |           |   |   `--IDENT -&gt; String [273:30]&#10;    |       |           |   `--GENERIC_END -&gt; &gt; [273:36]&#10;    |       |           |--LPAREN -&gt; ( [273:37]&#10;    |       |           |--ELIST -&gt; ELIST [273:38]&#10;    |       |           `--RPAREN -&gt; ) [273:38]&#10;    |       |--SEMI -&gt; ; [273:39]&#10;    |       |--EXPR -&gt; EXPR [274:13]&#10;    |       |   `--ASSIGN -&gt; = [274:13]&#10;    |       |       |--IDENT -&gt; vmap [274:8]&#10;    |       |       `--LITERAL_NEW -&gt; new [274:15]&#10;    |       |           |--IDENT -&gt; HashMap [274:19]&#10;    |       |           |--TYPE_ARGUMENTS -&gt; TYPE_ARGUMENTS [274:26]&#10;    |       |           |   |--GENERIC_START -&gt; &lt; [274:26]&#10;    |       |           |   |--TYPE_ARGUMENT -&gt; TYPE_ARGUMENT [274:27]&#10;    |       |           |   |   `--IDENT -&gt; String [274:27]&#10;    |       |           |   |--COMMA -&gt; , [274:33]&#10;    |       |           |   |--TYPE_ARGUMENT -&gt; TYPE_ARGUMENT [274:41]&#10;    |       |           |   |   `--ARRAY_DECLARATOR -&gt; [ [274:41]&#10;    |       |           |   |       |--IDENT -&gt; String [274:35]&#10;    |       |           |   |       `--RBRACK -&gt; ] [274:42]&#10;    |       |           |   `--GENERIC_END -&gt; &gt; [274:43]&#10;    |       |           |--LPAREN -&gt; ( [274:44]&#10;    |       |           |--ELIST -&gt; ELIST [274:45]&#10;    |       |           `--RPAREN -&gt; ) [274:45]&#10;    |       |--SEMI -&gt; ; [274:46]&#10;    |       |--VARIABLE_DEF -&gt; VARIABLE_DEF [275:8]&#10;    |       |   |--MODIFIERS -&gt; MODIFIERS [275:8]&#10;    |       |   |--TYPE -&gt; TYPE [275:8]&#10;    |       |   |   `--IDENT -&gt; Object [275:8]&#10;    |       |   |--IDENT -&gt; anonymous [275:15]&#10;    |       |   `--ASSIGN -&gt; = [275:25]&#10;    |       |       `--EXPR -&gt; EXPR [275:27]&#10;    |       |           `--LITERAL_NEW -&gt; new [275:27]&#10;    |       |               |--IDENT -&gt; InputRegressionJavaClass1 [275:31]&#10;    |       |               |--LPAREN -&gt; ( [275:56]&#10;    |       |               |--ELIST -&gt; ELIST [275:57]&#10;    |       |               |--RPAREN -&gt; ) [275:57]&#10;    |       |               `--OBJBLOCK -&gt; OBJBLOCK [275:59]&#10;    |       |                   |--LCURLY -&gt; { [275:59]&#10;    |       |                   `--RCURLY -&gt; } [275:60]&#10;    |       |--SEMI -&gt; ; [275:61]&#10;    |       |--EMPTY_STAT -&gt; ; [278:8]&#10;    |       |--EXPR -&gt; EXPR [279:16]&#10;    |       |   `--ASSIGN -&gt; = [279:16]&#10;    |       |       |--DOT -&gt; . [279:12]&#10;    |       |       |   |--LITERAL_THIS -&gt; this [279:8]&#10;    |       |       |   `--IDENT -&gt; f1 [279:13]&#10;    |       |       `--NUM_INT -&gt; 0 [279:18]&#10;    |       |--SEMI -&gt; ; [279:19]&#10;    |       |--LABELED_STAT -&gt; : [282:19]&#10;    |       |   |--IDENT -&gt; test_label1 [282:8]&#10;    |       |   `--SLIST -&gt; { [285:8]&#10;    |       |       `--RCURLY -&gt; } [285:9]&#10;    |       |--LITERAL_IF -&gt; if [286:8]&#10;    |       |   |--LPAREN -&gt; ( [286:11]&#10;    |       |   |--EXPR -&gt; EXPR [286:12]&#10;    |       |   |   `--LITERAL_TRUE -&gt; true [286:12]&#10;    |       |   |--RPAREN -&gt; ) [286:16]&#10;    |       |   `--EMPTY_STAT -&gt; ; [286:18]&#10;    |       |--LITERAL_IF -&gt; if [287:8]&#10;    |       |   |--LPAREN -&gt; ( [287:11]&#10;    |       |   |--EXPR -&gt; EXPR [287:12]&#10;    |       |   |   `--LITERAL_TRUE -&gt; true [287:12]&#10;    |       |   |--RPAREN -&gt; ) [287:16]&#10;    |       |   `--SLIST -&gt; { [287:18]&#10;    |       |       `--RCURLY -&gt; } [287:19]&#10;    |       |--LITERAL_IF -&gt; if [288:8]&#10;    |       |   |--LPAREN -&gt; ( [288:11]&#10;    |       |   |--EXPR -&gt; EXPR [288:12]&#10;    |       |   |   `--LITERAL_TRUE -&gt; true [288:12]&#10;    |       |   |--RPAREN -&gt; ) [288:16]&#10;    |       |   |--SLIST -&gt; { [288:18]&#10;    |       |   |   `--RCURLY -&gt; } [288:19]&#10;    |       |   `--LITERAL_ELSE -&gt; else [288:21]&#10;    |       |       `--EMPTY_STAT -&gt; ; [288:26]&#10;    |       |--LITERAL_IF -&gt; if [289:8]&#10;    |       |   |--LPAREN -&gt; ( [289:11]&#10;    |       |   |--EXPR -&gt; EXPR [289:12]&#10;    |       |   |   `--LITERAL_TRUE -&gt; true [289:12]&#10;    |       |   |--RPAREN -&gt; ) [289:16]&#10;    |       |   |--SLIST -&gt; { [289:18]&#10;    |       |   |   `--RCURLY -&gt; } [289:19]&#10;    |       |   `--LITERAL_ELSE -&gt; else [289:21]&#10;    |       |       `--SLIST -&gt; { [289:26]&#10;    |       |           `--RCURLY -&gt; } [289:27]&#10;    |       |--LITERAL_IF -&gt; if [290:8]&#10;    |       |   |--LPAREN -&gt; ( [290:11]&#10;    |       |   |--EXPR -&gt; EXPR [290:12]&#10;    |       |   |   `--IDENT -&gt; b [290:12]&#10;    |       |   |--RPAREN -&gt; ) [290:13]&#10;    |       |   `--SLIST -&gt; { [290:15]&#10;    |       |       |--LITERAL_FOR -&gt; for [290:17]&#10;    |       |       |   |--LPAREN -&gt; ( [290:21]&#10;    |       |       |   |--FOR_INIT -&gt; FOR_INIT [290:22]&#10;    |       |       |   |--SEMI -&gt; ; [290:22]&#10;    |       |       |   |--FOR_CONDITION -&gt; FOR_CONDITION [290:23]&#10;    |       |       |   |--SEMI -&gt; ; [290:23]&#10;    |       |       |   |--FOR_ITERATOR -&gt; FOR_ITERATOR [290:24]&#10;    |       |       |   |--RPAREN -&gt; ) [290:24]&#10;    |       |       |   `--EMPTY_STAT -&gt; ; [290:26]&#10;    |       |       `--RCURLY -&gt; } [290:28]&#10;    |       |--LITERAL_IF -&gt; if [291:8]&#10;    |       |   |--LPAREN -&gt; ( [291:11]&#10;    |       |   |--EXPR -&gt; EXPR [291:12]&#10;    |       |   |   `--IDENT -&gt; b [291:12]&#10;    |       |   |--RPAREN -&gt; ) [291:13]&#10;    |       |   `--SLIST -&gt; { [291:15]&#10;    |       |       |--LITERAL_FOR -&gt; for [291:17]&#10;    |       |       |   |--LPAREN -&gt; ( [291:21]&#10;    |       |       |   |--FOR_INIT -&gt; FOR_INIT [291:22]&#10;    |       |       |   |--SEMI -&gt; ; [291:22]&#10;    |       |       |   |--FOR_CONDITION -&gt; FOR_CONDITION [291:23]&#10;    |       |       |   |--SEMI -&gt; ; [291:23]&#10;    |       |       |   |--FOR_ITERATOR -&gt; FOR_ITERATOR [291:24]&#10;    |       |       |   |--RPAREN -&gt; ) [291:24]&#10;    |       |       |   `--SLIST -&gt; { [291:26]&#10;    |       |       |       `--RCURLY -&gt; } [291:27]&#10;    |       |       `--RCURLY -&gt; } [291:29]&#10;    |       |--LITERAL_FOR -&gt; for [292:8]&#10;    |       |   |--LPAREN -&gt; ( [292:12]&#10;    |       |   |--FOR_INIT -&gt; FOR_INIT [292:13]&#10;    |       |   |   `--VARIABLE_DEF -&gt; VARIABLE_DEF [292:13]&#10;    |       |   |       |--MODIFIERS -&gt; MODIFIERS [292:13]&#10;    |       |   |       |--TYPE -&gt; TYPE [292:13]&#10;    |       |   |       |   `--LITERAL_INT -&gt; int [292:13]&#10;    |       |   |       |--IDENT -&gt; i [292:17]&#10;    |       |   |       `--ASSIGN -&gt; = [292:19]&#10;    |       |   |           `--EXPR -&gt; EXPR [292:21]&#10;    |       |   |               `--NUM_INT -&gt; 0 [292:21]&#10;    |       |   |--SEMI -&gt; ; [292:22]&#10;    |       |   |--FOR_CONDITION -&gt; FOR_CONDITION [292:26]&#10;    |       |   |   `--EXPR -&gt; EXPR [292:26]&#10;    |       |   |       `--LT -&gt; &lt; [292:26]&#10;    |       |   |           |--IDENT -&gt; i [292:24]&#10;    |       |   |           `--NUM_INT -&gt; 1 [292:28]&#10;    |       |   |--SEMI -&gt; ; [292:29]&#10;    |       |   |--FOR_ITERATOR -&gt; FOR_ITERATOR [292:32]&#10;    |       |   |   `--ELIST -&gt; ELIST [292:32]&#10;    |       |   |       `--EXPR -&gt; EXPR [292:32]&#10;    |       |   |           `--POST_INC -&gt; ++ [292:32]&#10;    |       |   |               `--IDENT -&gt; i [292:31]&#10;    |       |   |--RPAREN -&gt; ) [292:34]&#10;    |       |   `--SLIST -&gt; { [292:36]&#10;    |       |       `--RCURLY -&gt; } [292:37]&#10;    |       |--LITERAL_FOR -&gt; for [293:8]&#10;    |       |   |--LPAREN -&gt; ( [293:12]&#10;    |       |   |--FOR_INIT -&gt; FOR_INIT [293:13]&#10;    |       |   |   |--VARIABLE_DEF -&gt; VARIABLE_DEF [293:13]&#10;    |       |   |   |   |--MODIFIERS -&gt; MODIFIERS [293:13]&#10;    |       |   |   |   |--TYPE -&gt; TYPE [293:13]&#10;    |       |   |   |   |   `--LITERAL_INT -&gt; int [293:13]&#10;    |       |   |   |   |--IDENT -&gt; i [293:17]&#10;    |       |   |   |   `--ASSIGN -&gt; = [293:19]&#10;    |       |   |   |       `--EXPR -&gt; EXPR [293:21]&#10;    |       |   |   |           `--NUM_INT -&gt; 0 [293:21]&#10;    |       |   |   |--COMMA -&gt; , [293:22]&#10;    |       |   |   `--VARIABLE_DEF -&gt; VARIABLE_DEF [293:13]&#10;    |       |   |       |--MODIFIERS -&gt; MODIFIERS [293:13]&#10;    |       |   |       |--TYPE -&gt; TYPE [293:13]&#10;    |       |   |       |   `--LITERAL_INT -&gt; int [293:13]&#10;    |       |   |       |--IDENT -&gt; j [293:24]&#10;    |       |   |       `--ASSIGN -&gt; = [293:26]&#10;    |       |   |           `--EXPR -&gt; EXPR [293:28]&#10;    |       |   |               `--NUM_INT -&gt; 0 [293:28]&#10;    |       |   |--SEMI -&gt; ; [293:29]&#10;    |       |   |--FOR_CONDITION -&gt; FOR_CONDITION [293:33]&#10;    |       |   |   `--EXPR -&gt; EXPR [293:33]&#10;    |       |   |       `--LT -&gt; &lt; [293:33]&#10;    |       |   |           |--IDENT -&gt; i [293:31]&#10;    |       |   |           `--NUM_INT -&gt; 1 [293:35]&#10;    |       |   |--SEMI -&gt; ; [293:36]&#10;    |       |   |--FOR_ITERATOR -&gt; FOR_ITERATOR [293:39]&#10;    |       |   |   `--ELIST -&gt; ELIST [293:39]&#10;    |       |   |       |--EXPR -&gt; EXPR [293:39]&#10;    |       |   |       |   `--POST_INC -&gt; ++ [293:39]&#10;    |       |   |       |       `--IDENT -&gt; i [293:38]&#10;    |       |   |       |--COMMA -&gt; , [293:41]&#10;    |       |   |       `--EXPR -&gt; EXPR [293:45]&#10;    |       |   |           `--PLUS_ASSIGN -&gt; += [293:45]&#10;    |       |   |               |--IDENT -&gt; j [293:43]&#10;    |       |   |               `--NUM_INT -&gt; 2 [293:48]&#10;    |       |   |--RPAREN -&gt; ) [293:49]&#10;    |       |   `--SLIST -&gt; { [293:51]&#10;    |       |       `--RCURLY -&gt; } [293:52]&#10;    |       |--LITERAL_FOR -&gt; for [294:8]&#10;    |       |   |--LPAREN -&gt; ( [294:12]&#10;    |       |   |--FOR_EACH_CLAUSE -&gt; FOR_EACH_CLAUSE [294:13]&#10;    |       |   |   |--VARIABLE_DEF -&gt; VARIABLE_DEF [294:13]&#10;    |       |   |   |   |--MODIFIERS -&gt; MODIFIERS [294:13]&#10;    |       |   |   |   |--TYPE -&gt; TYPE [294:13]&#10;    |       |   |   |   |   `--LITERAL_INT -&gt; int [294:13]&#10;    |       |   |   |   `--IDENT -&gt; value [294:17]&#10;    |       |   |   |--COLON -&gt; : [294:22]&#10;    |       |   |   `--EXPR -&gt; EXPR [294:24]&#10;    |       |   |       `--LITERAL_NEW -&gt; new [294:24]&#10;    |       |   |           |--LITERAL_INT -&gt; int [294:28]&#10;    |       |   |           |--ARRAY_DECLARATOR -&gt; [ [294:31]&#10;    |       |   |           |   `--RBRACK -&gt; ] [294:32]&#10;    |       |   |           `--ARRAY_INIT -&gt; { [294:33]&#10;    |       |   |               `--RCURLY -&gt; } [294:34]&#10;    |       |   |--RPAREN -&gt; ) [294:35]&#10;    |       |   `--EMPTY_STAT -&gt; ; [294:37]&#10;    |       |--LITERAL_FOR -&gt; for [295:8]&#10;    |       |   |--LPAREN -&gt; ( [295:12]&#10;    |       |   |--FOR_EACH_CLAUSE -&gt; FOR_EACH_CLAUSE [295:13]&#10;    |       |   |   |--VARIABLE_DEF -&gt; VARIABLE_DEF [295:13]&#10;    |       |   |   |   |--MODIFIERS -&gt; MODIFIERS [295:13]&#10;    |       |   |   |   |--TYPE -&gt; TYPE [295:13]&#10;    |       |   |   |   |   `--IDENT -&gt; String [295:13]&#10;    |       |   |   |   `--IDENT -&gt; s [295:20]&#10;    |       |   |   |--COLON -&gt; : [295:22]&#10;    |       |   |   `--EXPR -&gt; EXPR [295:24]&#10;    |       |   |       `--LITERAL_NEW -&gt; new [295:24]&#10;    |       |   |           |--IDENT -&gt; String [295:28]&#10;    |       |   |           |--ARRAY_DECLARATOR -&gt; [ [295:34]&#10;    |       |   |           |   `--RBRACK -&gt; ] [295:35]&#10;    |       |   |           `--ARRAY_INIT -&gt; { [295:36]&#10;    |       |   |               `--RCURLY -&gt; } [295:37]&#10;    |       |   |--RPAREN -&gt; ) [295:38]&#10;    |       |   `--EMPTY_STAT -&gt; ; [295:40]&#10;    |       |--LITERAL_FOR -&gt; for [296:8]&#10;    |       |   |--LPAREN -&gt; ( [296:12]&#10;    |       |   |--FOR_EACH_CLAUSE -&gt; FOR_EACH_CLAUSE [296:13]&#10;    |       |   |   |--VARIABLE_DEF -&gt; VARIABLE_DEF [296:13]&#10;    |       |   |   |   |--MODIFIERS -&gt; MODIFIERS [296:13]&#10;    |       |   |   |   |   `--FINAL -&gt; final [296:13]&#10;    |       |   |   |   |--TYPE -&gt; TYPE [296:19]&#10;    |       |   |   |   |   `--IDENT -&gt; String [296:19]&#10;    |       |   |   |   `--IDENT -&gt; s [296:26]&#10;    |       |   |   |--COLON -&gt; : [296:28]&#10;    |       |   |   `--EXPR -&gt; EXPR [296:30]&#10;    |       |   |       `--LITERAL_NEW -&gt; new [296:30]&#10;    |       |   |           |--IDENT -&gt; String [296:34]&#10;    |       |   |           |--ARRAY_DECLARATOR -&gt; [ [296:40]&#10;    |       |   |           |   `--RBRACK -&gt; ] [296:41]&#10;    |       |   |           `--ARRAY_INIT -&gt; { [296:42]&#10;    |       |   |               `--RCURLY -&gt; } [296:43]&#10;    |       |   |--RPAREN -&gt; ) [296:44]&#10;    |       |   `--EMPTY_STAT -&gt; ; [296:46]&#10;    |       |--LITERAL_IF -&gt; if [297:8]&#10;    |       |   |--LPAREN -&gt; ( [297:11]&#10;    |       |   |--EXPR -&gt; EXPR [297:12]&#10;    |       |   |   `--IDENT -&gt; b [297:12]&#10;    |       |   |--RPAREN -&gt; ) [297:13]&#10;    |       |   `--SLIST -&gt; { [297:15]&#10;    |       |       |--LITERAL_WHILE -&gt; while [297:17]&#10;    |       |       |   |--LPAREN -&gt; ( [297:23]&#10;    |       |       |   |--EXPR -&gt; EXPR [297:24]&#10;    |       |       |   |   `--LITERAL_TRUE -&gt; true [297:24]&#10;    |       |       |   |--RPAREN -&gt; ) [297:28]&#10;    |       |       |   `--EMPTY_STAT -&gt; ; [297:30]&#10;    |       |       `--RCURLY -&gt; } [297:32]&#10;    |       |--LITERAL_IF -&gt; if [298:8]&#10;    |       |   |--LPAREN -&gt; ( [298:11]&#10;    |       |   |--EXPR -&gt; EXPR [298:12]&#10;    |       |   |   `--IDENT -&gt; b [298:12]&#10;    |       |   |--RPAREN -&gt; ) [298:13]&#10;    |       |   `--SLIST -&gt; { [298:15]&#10;    |       |       |--LITERAL_WHILE -&gt; while [298:17]&#10;    |       |       |   |--LPAREN -&gt; ( [298:23]&#10;    |       |       |   |--EXPR -&gt; EXPR [298:24]&#10;    |       |       |   |   `--LITERAL_TRUE -&gt; true [298:24]&#10;    |       |       |   |--RPAREN -&gt; ) [298:28]&#10;    |       |       |   `--SLIST -&gt; { [298:30]&#10;    |       |       |       `--RCURLY -&gt; } [298:31]&#10;    |       |       `--RCURLY -&gt; } [298:33]&#10;    |       |--LITERAL_DO -&gt; do [299:8]&#10;    |       |   |--SLIST -&gt; { [299:11]&#10;    |       |   |   `--RCURLY -&gt; } [299:12]&#10;    |       |   |--DO_WHILE -&gt; while [299:14]&#10;    |       |   |--LPAREN -&gt; ( [299:20]&#10;    |       |   |--EXPR -&gt; EXPR [299:21]&#10;    |       |   |   `--LITERAL_FALSE -&gt; false [299:21]&#10;    |       |   |--RPAREN -&gt; ) [299:26]&#10;    |       |   `--SEMI -&gt; ; [299:27]&#10;    |       |--LITERAL_SYNCHRONIZED -&gt; synchronized [300:8]&#10;    |       |   |--LPAREN -&gt; ( [300:21]&#10;    |       |   |--EXPR -&gt; EXPR [300:22]&#10;    |       |   |   `--IDENT -&gt; f9 [300:22]&#10;    |       |   |--RPAREN -&gt; ) [300:24]&#10;    |       |   `--SLIST -&gt; { [300:26]&#10;    |       |       `--RCURLY -&gt; } [300:27]&#10;    |       |--LITERAL_SWITCH -&gt; switch [302:8]&#10;    |       |   |--LPAREN -&gt; ( [302:15]&#10;    |       |   |--EXPR -&gt; EXPR [302:16]&#10;    |       |   |   `--NUM_INT -&gt; 0 [302:16]&#10;    |       |   |--RPAREN -&gt; ) [302:17]&#10;    |       |   |--LCURLY -&gt; { [302:19]&#10;    |       |   |--CASE_GROUP -&gt; CASE_GROUP [303:12]&#10;    |       |   |   |--LITERAL_CASE -&gt; case [303:12]&#10;    |       |   |   |   |--EXPR -&gt; EXPR [303:17]&#10;    |       |   |   |   |   `--NUM_INT -&gt; 1 [303:17]&#10;    |       |   |   |   `--COLON -&gt; : [303:18]&#10;    |       |   |   |--LITERAL_CASE -&gt; case [304:12]&#10;    |       |   |   |   |--EXPR -&gt; EXPR [304:17]&#10;    |       |   |   |   |   `--NUM_INT -&gt; 0 [304:17]&#10;    |       |   |   |   `--COLON -&gt; : [304:18]&#10;    |       |   |   `--SLIST -&gt; SLIST [304:20]&#10;    |       |   |       `--LITERAL_BREAK -&gt; break [304:20]&#10;    |       |   |           `--SEMI -&gt; ; [304:25]&#10;    |       |   |--CASE_GROUP -&gt; CASE_GROUP [305:12]&#10;    |       |   |   |--LITERAL_DEFAULT -&gt; default [305:12]&#10;    |       |   |   |   `--COLON -&gt; : [305:19]&#10;    |       |   |   `--SLIST -&gt; SLIST [305:21]&#10;    |       |   |       `--LITERAL_BREAK -&gt; break [305:21]&#10;    |       |   |           `--SEMI -&gt; ; [305:26]&#10;    |       |   `--RCURLY -&gt; } [306:8]&#10;    |       |--LITERAL_TRY -&gt; try [308:8]&#10;    |       |   |--SLIST -&gt; { [308:12]&#10;    |       |   |   |--LITERAL_IF -&gt; if [309:12]&#10;    |       |   |   |   |--LPAREN -&gt; ( [309:15]&#10;    |       |   |   |   |--EXPR -&gt; EXPR [309:16]&#10;    |       |   |   |   |   `--IDENT -&gt; b [309:16]&#10;    |       |   |   |   |--RPAREN -&gt; ) [309:17]&#10;    |       |   |   |   `--SLIST -&gt; { [309:19]&#10;    |       |   |   |       |--LITERAL_THROW -&gt; throw [309:21]&#10;    |       |   |   |       |   |--EXPR -&gt; EXPR [309:27]&#10;    |       |   |   |       |   |   `--LITERAL_NEW -&gt; new [309:27]&#10;    |       |   |   |       |   |       |--IDENT -&gt; IOException [309:31]&#10;    |       |   |   |       |   |       |--LPAREN -&gt; ( [309:42]&#10;    |       |   |   |       |   |       |--ELIST -&gt; ELIST [309:43]&#10;    |       |   |   |       |   |       `--RPAREN -&gt; ) [309:43]&#10;    |       |   |   |       |   `--SEMI -&gt; ; [309:44]&#10;    |       |   |   |       `--RCURLY -&gt; } [309:46]&#10;    |       |   |   |--LITERAL_IF -&gt; if [310:12]&#10;    |       |   |   |   |--LPAREN -&gt; ( [310:15]&#10;    |       |   |   |   |--EXPR -&gt; EXPR [310:16]&#10;    |       |   |   |   |   `--IDENT -&gt; b [310:16]&#10;    |       |   |   |   |--RPAREN -&gt; ) [310:17]&#10;    |       |   |   |   `--SLIST -&gt; { [310:19]&#10;    |       |   |   |       |--LITERAL_THROW -&gt; throw [310:21]&#10;    |       |   |   |       |   |--EXPR -&gt; EXPR [310:27]&#10;    |       |   |   |       |   |   `--LITERAL_NEW -&gt; new [310:27]&#10;    |       |   |   |       |   |       |--IDENT -&gt; ArrayIndexOutOfBoundsException [310:31]&#10;    |       |   |   |       |   |       |--LPAREN -&gt; ( [310:61]&#10;    |       |   |   |       |   |       |--ELIST -&gt; ELIST [310:62]&#10;    |       |   |   |       |   |       `--RPAREN -&gt; ) [310:62]&#10;    |       |   |   |       |   `--SEMI -&gt; ; [310:63]&#10;    |       |   |   |       `--RCURLY -&gt; } [310:65]&#10;    |       |   |   |--LITERAL_THROW -&gt; throw [311:12]&#10;    |       |   |   |   |--EXPR -&gt; EXPR [311:18]&#10;    |       |   |   |   |   `--LITERAL_NEW -&gt; new [311:18]&#10;    |       |   |   |   |       |--IDENT -&gt; Exception [311:22]&#10;    |       |   |   |   |       |--LPAREN -&gt; ( [311:31]&#10;    |       |   |   |   |       |--ELIST -&gt; ELIST [311:32]&#10;    |       |   |   |   |       `--RPAREN -&gt; ) [311:32]&#10;    |       |   |   |   `--SEMI -&gt; ; [311:33]&#10;    |       |   |   `--RCURLY -&gt; } [312:8]&#10;    |       |   |--LITERAL_CATCH -&gt; catch [312:10]&#10;    |       |   |   |--LPAREN -&gt; ( [312:16]&#10;    |       |   |   |--PARAMETER_DEF -&gt; PARAMETER_DEF [312:29]&#10;    |       |   |   |   |--MODIFIERS -&gt; MODIFIERS [312:29]&#10;    |       |   |   |   |--TYPE -&gt; TYPE [312:29]&#10;    |       |   |   |   |   `--BOR -&gt; | [312:29]&#10;    |       |   |   |   |       |--IDENT -&gt; IOException [312:17]&#10;    |       |   |   |   |       `--IDENT -&gt; ArrayIndexOutOfBoundsException [312:31]&#10;    |       |   |   |   `--IDENT -&gt; e [312:62]&#10;    |       |   |   |--RPAREN -&gt; ) [312:63]&#10;    |       |   |   `--SLIST -&gt; { [312:65]&#10;    |       |   |       `--RCURLY -&gt; } [313:8]&#10;    |       |   |--LITERAL_CATCH -&gt; catch [313:10]&#10;    |       |   |   |--LPAREN -&gt; ( [313:16]&#10;    |       |   |   |--PARAMETER_DEF -&gt; PARAMETER_DEF [313:17]&#10;    |       |   |   |   |--MODIFIERS -&gt; MODIFIERS [313:17]&#10;    |       |   |   |   |--TYPE -&gt; TYPE [313:17]&#10;    |       |   |   |   |   `--IDENT -&gt; Exception [313:17]&#10;    |       |   |   |   `--IDENT -&gt; e [313:27]&#10;    |       |   |   |--RPAREN -&gt; ) [313:28]&#10;    |       |   |   `--SLIST -&gt; { [313:30]&#10;    |       |   |       `--RCURLY -&gt; } [314:8]&#10;    |       |   `--LITERAL_FINALLY -&gt; finally [314:10]&#10;    |       |       `--SLIST -&gt; { [314:18]&#10;    |       |           `--RCURLY -&gt; } [314:19]&#10;    |       |--LITERAL_TRY -&gt; try [315:8]&#10;    |       |   |--RESOURCE_SPECIFICATION -&gt; RESOURCE_SPECIFICATION [315:12]&#10;    |       |   |   |--LPAREN -&gt; ( [315:12]&#10;    |       |   |   |--RESOURCES -&gt; RESOURCES [315:13]&#10;    |       |   |   |   `--RESOURCE -&gt; RESOURCE [315:13]&#10;    |       |   |   |       |--MODIFIERS -&gt; MODIFIERS [315:13]&#10;    |       |   |   |       |--TYPE -&gt; TYPE [315:13]&#10;    |       |   |   |       |   `--IDENT -&gt; BufferedReader [315:13]&#10;    |       |   |   |       |--IDENT -&gt; br [315:28]&#10;    |       |   |   |       `--ASSIGN -&gt; = [315:31]&#10;    |       |   |   |           `--EXPR -&gt; EXPR [315:33]&#10;    |       |   |   |               `--LITERAL_NEW -&gt; new [315:33]&#10;    |       |   |   |                   |--IDENT -&gt; BufferedReader [315:37]&#10;    |       |   |   |                   |--LPAREN -&gt; ( [315:51]&#10;    |       |   |   |                   |--ELIST -&gt; ELIST [315:52]&#10;    |       |   |   |                   |   `--EXPR -&gt; EXPR [315:52]&#10;    |       |   |   |                   |       `--LITERAL_NEW -&gt; new [315:52]&#10;    |       |   |   |                   |           |--IDENT -&gt; InputStreamReader [315:56]&#10;    |       |   |   |                   |           |--LPAREN -&gt; ( [315:73]&#10;    |       |   |   |                   |           |--ELIST -&gt; ELIST [315:74]&#10;    |       |   |   |                   |           |   |--EXPR -&gt; EXPR [315:74]&#10;    |       |   |   |                   |           |   |   `--LITERAL_NULL -&gt; null [315:74]&#10;    |       |   |   |                   |           |   |--COMMA -&gt; , [315:78]&#10;    |       |   |   |                   |           |   `--EXPR -&gt; EXPR [315:80]&#10;    |       |   |   |                   |           |       `--STRING_LITERAL -&gt; &quot;utf-8&quot; [315:80]&#10;    |       |   |   |                   |           `--RPAREN -&gt; ) [315:87]&#10;    |       |   |   |                   `--RPAREN -&gt; ) [315:88]&#10;    |       |   |   `--RPAREN -&gt; ) [315:89]&#10;    |       |   `--SLIST -&gt; { [315:91]&#10;    |       |       `--RCURLY -&gt; } [315:92]&#10;    |       |--LITERAL_TRY -&gt; try [316:8]&#10;    |       |   |--RESOURCE_SPECIFICATION -&gt; RESOURCE_SPECIFICATION [316:12]&#10;    |       |   |   |--LPAREN -&gt; ( [316:12]&#10;    |       |   |   |--RESOURCES -&gt; RESOURCES [316:13]&#10;    |       |   |   |   |--RESOURCE -&gt; RESOURCE [316:13]&#10;    |       |   |   |   |   |--MODIFIERS -&gt; MODIFIERS [316:13]&#10;    |       |   |   |   |   |--TYPE -&gt; TYPE [316:13]&#10;    |       |   |   |   |   |   `--IDENT -&gt; BufferedReader [316:13]&#10;    |       |   |   |   |   |--IDENT -&gt; br1 [316:28]&#10;    |       |   |   |   |   `--ASSIGN -&gt; = [316:32]&#10;    |       |   |   |   |       `--EXPR -&gt; EXPR [316:34]&#10;    |       |   |   |   |           `--LITERAL_NEW -&gt; new [316:34]&#10;    |       |   |   |   |               |--IDENT -&gt; BufferedReader [316:38]&#10;    |       |   |   |   |               |--LPAREN -&gt; ( [316:52]&#10;    |       |   |   |   |               |--ELIST -&gt; ELIST [316:53]&#10;    |       |   |   |   |               |   `--EXPR -&gt; EXPR [316:53]&#10;    |       |   |   |   |               |       `--LITERAL_NEW -&gt; new [316:53]&#10;    |       |   |   |   |               |           |--IDENT -&gt; InputStreamReader [316:57]&#10;    |       |   |   |   |               |           |--LPAREN -&gt; ( [316:74]&#10;    |       |   |   |   |               |           |--ELIST -&gt; ELIST [316:75]&#10;    |       |   |   |   |               |           |   |--EXPR -&gt; EXPR [316:75]&#10;    |       |   |   |   |               |           |   |   `--LITERAL_NULL -&gt; null [316:75]&#10;    |       |   |   |   |               |           |   |--COMMA -&gt; , [316:79]&#10;    |       |   |   |   |               |           |   `--EXPR -&gt; EXPR [316:81]&#10;    |       |   |   |   |               |           |       `--STRING_LITERAL -&gt; &quot;utf-8&quot; [316:81]&#10;    |       |   |   |   |               |           `--RPAREN -&gt; ) [316:88]&#10;    |       |   |   |   |               `--RPAREN -&gt; ) [316:89]&#10;    |       |   |   |   |--SEMI -&gt; ; [316:90]&#10;    |       |   |   |   `--RESOURCE -&gt; RESOURCE [317:16]&#10;    |       |   |   |       |--MODIFIERS -&gt; MODIFIERS [317:16]&#10;    |       |   |   |       |--TYPE -&gt; TYPE [317:16]&#10;    |       |   |   |       |   `--IDENT -&gt; BufferedReader [317:16]&#10;    |       |   |   |       |--IDENT -&gt; br2 [317:31]&#10;    |       |   |   |       `--ASSIGN -&gt; = [317:35]&#10;    |       |   |   |           `--EXPR -&gt; EXPR [317:37]&#10;    |       |   |   |               `--LITERAL_NEW -&gt; new [317:37]&#10;    |       |   |   |                   |--IDENT -&gt; BufferedReader [317:41]&#10;    |       |   |   |                   |--LPAREN -&gt; ( [317:55]&#10;    |       |   |   |                   |--ELIST -&gt; ELIST [317:56]&#10;    |       |   |   |                   |   `--EXPR -&gt; EXPR [317:56]&#10;    |       |   |   |                   |       `--LITERAL_NEW -&gt; new [317:56]&#10;    |       |   |   |                   |           |--IDENT -&gt; InputStreamReader [317:60]&#10;    |       |   |   |                   |           |--LPAREN -&gt; ( [317:77]&#10;    |       |   |   |                   |           |--ELIST -&gt; ELIST [317:78]&#10;    |       |   |   |                   |           |   |--EXPR -&gt; EXPR [317:78]&#10;    |       |   |   |                   |           |   |   `--LITERAL_NULL -&gt; null [317:78]&#10;    |       |   |   |                   |           |   |--COMMA -&gt; , [317:82]&#10;    |       |   |   |                   |           |   `--EXPR -&gt; EXPR [317:84]&#10;    |       |   |   |                   |           |       `--STRING_LITERAL -&gt; &quot;utf-8&quot; [317:84]&#10;    |       |   |   |                   |           `--RPAREN -&gt; ) [317:91]&#10;    |       |   |   |                   `--RPAREN -&gt; ) [317:92]&#10;    |       |   |   |--SEMI -&gt; ; [317:93]&#10;    |       |   |   `--RPAREN -&gt; ) [317:94]&#10;    |       |   `--SLIST -&gt; { [317:96]&#10;    |       |       `--RCURLY -&gt; } [317:97]&#10;    |       |--EXPR -&gt; EXPR [320:14]&#10;    |       |   `--ASSIGN -&gt; = [320:14]&#10;    |       |       |--IDENT -&gt; test4 [320:8]&#10;    |       |       `--DOT -&gt; . [320:41]&#10;    |       |           |--IDENT -&gt; InputRegressionJavaClass1 [320:16]&#10;    |       |           `--LITERAL_CLASS -&gt; class [320:42]&#10;    |       |--SEMI -&gt; ; [320:47]&#10;    |       |--EXPR -&gt; EXPR [321:14]&#10;    |       |   `--ASSIGN -&gt; = [321:14]&#10;    |       |       |--IDENT -&gt; test4 [321:8]&#10;    |       |       `--DOT -&gt; . [321:22]&#10;    |       |           |--ARRAY_DECLARATOR -&gt; [ [321:20]&#10;    |       |           |   |--IDENT -&gt; List [321:16]&#10;    |       |           |   `--RBRACK -&gt; ] [321:21]&#10;    |       |           `--LITERAL_CLASS -&gt; class [321:23]&#10;    |       |--SEMI -&gt; ; [321:28]&#10;    |       |--EXPR -&gt; EXPR [322:14]&#10;    |       |   `--ASSIGN -&gt; = [322:14]&#10;    |       |       |--IDENT -&gt; test4 [322:8]&#10;    |       |       `--DOT -&gt; . [322:25]&#10;    |       |           |--ARRAY_DECLARATOR -&gt; [ [322:23]&#10;    |       |           |   |--LITERAL_BOOLEAN -&gt; boolean [322:16]&#10;    |       |           |   `--RBRACK -&gt; ] [322:24]&#10;    |       |           `--LITERAL_CLASS -&gt; class [322:26]&#10;    |       |--SEMI -&gt; ; [322:31]&#10;    |       |--EXPR -&gt; EXPR [323:18]&#10;    |       |   `--ASSIGN -&gt; = [323:18]&#10;    |       |       |--INDEX_OP -&gt; [ [323:14]&#10;    |       |       |   |--IDENT -&gt; varray [323:8]&#10;    |       |       |   |--EXPR -&gt; EXPR [323:15]&#10;    |       |       |   |   `--NUM_INT -&gt; 0 [323:15]&#10;    |       |       |   `--RBRACK -&gt; ] [323:16]&#10;    |       |       `--NUM_INT -&gt; 0 [323:20]&#10;    |       |--SEMI -&gt; ; [323:21]&#10;    |       |--LITERAL_FOR -&gt; for [324:8]&#10;    |       |   |--LPAREN -&gt; ( [324:12]&#10;    |       |   |--FOR_EACH_CLAUSE -&gt; FOR_EACH_CLAUSE [324:19]&#10;    |       |   |   |--VARIABLE_DEF -&gt; VARIABLE_DEF [324:19]&#10;    |       |   |   |   |--MODIFIERS -&gt; MODIFIERS [324:19]&#10;    |       |   |   |   |--TYPE -&gt; TYPE [324:19]&#10;    |       |   |   |   |   `--ARRAY_DECLARATOR -&gt; [ [324:19]&#10;    |       |   |   |   |       |--IDENT -&gt; String [324:13]&#10;    |       |   |   |   |       `--RBRACK -&gt; ] [324:20]&#10;    |       |   |   |   `--IDENT -&gt; s [324:22]&#10;    |       |   |   |--COLON -&gt; : [324:24]&#10;    |       |   |   `--EXPR -&gt; EXPR [324:26]&#10;    |       |   |       `--LITERAL_NEW -&gt; new [324:26]&#10;    |       |   |           |--IDENT -&gt; String [324:30]&#10;    |       |   |           |--ARRAY_DECLARATOR -&gt; [ [324:38]&#10;    |       |   |           |   |--ARRAY_DECLARATOR -&gt; [ [324:36]&#10;    |       |   |           |   |   `--RBRACK -&gt; ] [324:37]&#10;    |       |   |           |   `--RBRACK -&gt; ] [324:39]&#10;    |       |   |           `--ARRAY_INIT -&gt; { [324:40]&#10;    |       |   |               |--ARRAY_INIT -&gt; { [324:41]&#10;    |       |   |               |   `--RCURLY -&gt; } [324:42]&#10;    |       |   |               `--RCURLY -&gt; } [324:43]&#10;    |       |   |--RPAREN -&gt; ) [324:44]&#10;    |       |   `--EMPTY_STAT -&gt; ; [324:46]&#10;    |       |--LITERAL_FOR -&gt; for [325:8]&#10;    |       |   |--LPAREN -&gt; ( [325:12]&#10;    |       |   |--FOR_EACH_CLAUSE -&gt; FOR_EACH_CLAUSE [325:16]&#10;    |       |   |   |--VARIABLE_DEF -&gt; VARIABLE_DEF [325:16]&#10;    |       |   |   |   |--MODIFIERS -&gt; MODIFIERS [325:16]&#10;    |       |   |   |   |--TYPE -&gt; TYPE [325:16]&#10;    |       |   |   |   |   `--DOT -&gt; . [325:16]&#10;    |       |   |   |   |       |--IDENT -&gt; Map [325:13]&#10;    |       |   |   |   |       |--IDENT -&gt; Entry [325:17]&#10;    |       |   |   |   |       `--TYPE_ARGUMENTS -&gt; TYPE_ARGUMENTS [325:22]&#10;    |       |   |   |   |           |--GENERIC_START -&gt; &lt; [325:22]&#10;    |       |   |   |   |           |--TYPE_ARGUMENT -&gt; TYPE_ARGUMENT [325:23]&#10;    |       |   |   |   |           |   `--IDENT -&gt; String [325:23]&#10;    |       |   |   |   |           |--COMMA -&gt; , [325:29]&#10;    |       |   |   |   |           |--TYPE_ARGUMENT -&gt; TYPE_ARGUMENT [325:37]&#10;    |       |   |   |   |           |   `--ARRAY_DECLARATOR -&gt; [ [325:37]&#10;    |       |   |   |   |           |       |--IDENT -&gt; String [325:31]&#10;    |       |   |   |   |           |       `--RBRACK -&gt; ] [325:38]&#10;    |       |   |   |   |           `--GENERIC_END -&gt; &gt; [325:39]&#10;    |       |   |   |   `--IDENT -&gt; e [325:41]&#10;    |       |   |   |--COLON -&gt; : [325:43]&#10;    |       |   |   `--EXPR -&gt; EXPR [325:58]&#10;    |       |   |       `--METHOD_CALL -&gt; ( [325:58]&#10;    |       |   |           |--DOT -&gt; . [325:49]&#10;    |       |   |           |   |--IDENT -&gt; vmap [325:45]&#10;    |       |   |           |   `--IDENT -&gt; entrySet [325:50]&#10;    |       |   |           |--ELIST -&gt; ELIST [325:59]&#10;    |       |   |           `--RPAREN -&gt; ) [325:59]&#10;    |       |   |--RPAREN -&gt; ) [325:60]&#10;    |       |   `--SLIST -&gt; { [325:62]&#10;    |       |       `--RCURLY -&gt; } [325:64]&#10;    |       |--LITERAL_FOR -&gt; for [328:8]&#10;    |       |   |--LPAREN -&gt; ( [328:12]&#10;    |       |   |--FOR_INIT -&gt; FOR_INIT [328:13]&#10;    |       |   |--SEMI -&gt; ; [328:13]&#10;    |       |   |--FOR_CONDITION -&gt; FOR_CONDITION [328:14]&#10;    |       |   |--SEMI -&gt; ; [328:14]&#10;    |       |   |--FOR_ITERATOR -&gt; FOR_ITERATOR [328:15]&#10;    |       |   |--RPAREN -&gt; ) [328:15]&#10;    |       |   `--SLIST -&gt; { [328:17]&#10;    |       |       |--LITERAL_BREAK -&gt; break [328:18]&#10;    |       |       |   `--SEMI -&gt; ; [328:23]&#10;    |       |       `--RCURLY -&gt; } [328:24]&#10;    |       |--LABELED_STAT -&gt; : [329:19]&#10;    |       |   |--IDENT -&gt; test_label2 [329:8]&#10;    |       |   `--LITERAL_FOR -&gt; for [330:8]&#10;    |       |       |--LPAREN -&gt; ( [330:12]&#10;    |       |       |--FOR_INIT -&gt; FOR_INIT [330:13]&#10;    |       |       |--SEMI -&gt; ; [330:13]&#10;    |       |       |--FOR_CONDITION -&gt; FOR_CONDITION [330:14]&#10;    |       |       |--SEMI -&gt; ; [330:14]&#10;    |       |       |--FOR_ITERATOR -&gt; FOR_ITERATOR [330:15]&#10;    |       |       |--RPAREN -&gt; ) [330:15]&#10;    |       |       `--SLIST -&gt; { [330:17]&#10;    |       |           |--LITERAL_BREAK -&gt; break [330:18]&#10;    |       |           |   |--IDENT -&gt; test_label2 [330:24]&#10;    |       |           |   `--SEMI -&gt; ; [330:35]&#10;    |       |           `--RCURLY -&gt; } [330:36]&#10;    |       |--LITERAL_IF -&gt; if [331:8]&#10;    |       |   |--LPAREN -&gt; ( [331:11]&#10;    |       |   |--EXPR -&gt; EXPR [331:12]&#10;    |       |   |   `--IDENT -&gt; b [331:12]&#10;    |       |   |--RPAREN -&gt; ) [331:13]&#10;    |       |   `--SLIST -&gt; { [331:15]&#10;    |       |       |--LITERAL_FOR -&gt; for [331:17]&#10;    |       |       |   |--LPAREN -&gt; ( [331:21]&#10;    |       |       |   |--FOR_INIT -&gt; FOR_INIT [331:22]&#10;    |       |       |   |--SEMI -&gt; ; [331:22]&#10;    |       |       |   |--FOR_CONDITION -&gt; FOR_CONDITION [331:23]&#10;    |       |       |   |--SEMI -&gt; ; [331:23]&#10;    |       |       |   |--FOR_ITERATOR -&gt; FOR_ITERATOR [331:24]&#10;    |       |       |   |--RPAREN -&gt; ) [331:24]&#10;    |       |       |   `--SLIST -&gt; { [331:26]&#10;    |       |       |       |--LITERAL_CONTINUE -&gt; continue [331:27]&#10;    |       |       |       |   `--SEMI -&gt; ; [331:35]&#10;    |       |       |       `--RCURLY -&gt; } [331:36]&#10;    |       |       `--RCURLY -&gt; } [331:38]&#10;    |       |--LITERAL_IF -&gt; if [332:8]&#10;    |       |   |--LPAREN -&gt; ( [332:11]&#10;    |       |   |--EXPR -&gt; EXPR [332:12]&#10;    |       |   |   `--IDENT -&gt; b [332:12]&#10;    |       |   |--RPAREN -&gt; ) [332:13]&#10;    |       |   `--SLIST -&gt; { [332:15]&#10;    |       |       |--LABELED_STAT -&gt; : [332:28]&#10;    |       |       |   |--IDENT -&gt; test_label3 [332:17]&#10;    |       |       |   `--LITERAL_FOR -&gt; for [332:30]&#10;    |       |       |       |--LPAREN -&gt; ( [332:34]&#10;    |       |       |       |--FOR_INIT -&gt; FOR_INIT [332:35]&#10;    |       |       |       |--SEMI -&gt; ; [332:35]&#10;    |       |       |       |--FOR_CONDITION -&gt; FOR_CONDITION [332:36]&#10;    |       |       |       |--SEMI -&gt; ; [332:36]&#10;    |       |       |       |--FOR_ITERATOR -&gt; FOR_ITERATOR [332:37]&#10;    |       |       |       |--RPAREN -&gt; ) [332:37]&#10;    |       |       |       `--SLIST -&gt; { [332:39]&#10;    |       |       |           |--LITERAL_CONTINUE -&gt; continue [332:40]&#10;    |       |       |           |   |--IDENT -&gt; test_label3 [332:49]&#10;    |       |       |           |   `--SEMI -&gt; ; [332:60]&#10;    |       |       |           `--RCURLY -&gt; } [332:61]&#10;    |       |       `--RCURLY -&gt; } [332:63]&#10;    |       |--LITERAL_IF -&gt; if [333:8]&#10;    |       |   |--LPAREN -&gt; ( [333:11]&#10;    |       |   |--EXPR -&gt; EXPR [333:12]&#10;    |       |   |   `--LITERAL_FALSE -&gt; false [333:12]&#10;    |       |   |--RPAREN -&gt; ) [333:17]&#10;    |       |   `--LITERAL_RETURN -&gt; return [333:19]&#10;    |       |       `--SEMI -&gt; ; [333:25]&#10;    |       |--LITERAL_IF -&gt; if [334:8]&#10;    |       |   |--LPAREN -&gt; ( [334:11]&#10;    |       |   |--EXPR -&gt; EXPR [334:12]&#10;    |       |   |   `--LITERAL_FALSE -&gt; false [334:12]&#10;    |       |   |--RPAREN -&gt; ) [334:17]&#10;    |       |   `--LITERAL_THROW -&gt; throw [334:19]&#10;    |       |       |--EXPR -&gt; EXPR [334:25]&#10;    |       |       |   `--LITERAL_NEW -&gt; new [334:25]&#10;    |       |       |       |--IDENT -&gt; Exception [334:29]&#10;    |       |       |       |--LPAREN -&gt; ( [334:38]&#10;    |       |       |       |--ELIST -&gt; ELIST [334:39]&#10;    |       |       |       `--RPAREN -&gt; ) [334:39]&#10;    |       |       `--SEMI -&gt; ; [334:40]&#10;    |       |--LITERAL_ASSERT -&gt; assert [335:8]&#10;    |       |   |--EXPR -&gt; EXPR [335:14]&#10;    |       |   |   |--LPAREN -&gt; ( [335:14]&#10;    |       |   |   |--LITERAL_FALSE -&gt; false [335:15]&#10;    |       |   |   `--RPAREN -&gt; ) [335:20]&#10;    |       |   `--SEMI -&gt; ; [335:21]&#10;    |       |--LITERAL_ASSERT -&gt; assert [336:8]&#10;    |       |   |--EXPR -&gt; EXPR [336:15]&#10;    |       |   |   `--LITERAL_TRUE -&gt; true [336:15]&#10;    |       |   |--COLON -&gt; : [336:20]&#10;    |       |   |--EXPR -&gt; EXPR [336:22]&#10;    |       |   |   `--STRING_LITERAL -&gt; &quot;false&quot; [336:22]&#10;    |       |   `--SEMI -&gt; ; [336:29]&#10;    |       |--EXPR -&gt; EXPR [337:11]&#10;    |       |   `--ASSIGN -&gt; = [337:11]&#10;    |       |       |--IDENT -&gt; f9 [337:8]&#10;    |       |       `--TYPECAST -&gt; ( [337:13]&#10;    |       |           |--TYPE -&gt; TYPE [337:14]&#10;    |       |           |   `--IDENT -&gt; Object [337:14]&#10;    |       |           |--RPAREN -&gt; ) [337:20]&#10;    |       |           `--IDENT -&gt; f9 [337:22]&#10;    |       |--SEMI -&gt; ; [337:24]&#10;    |       |--EXPR -&gt; EXPR [338:17]&#10;    |       |   `--METHOD_CALL -&gt; ( [338:17]&#10;    |       |       |--DOT -&gt; . [338:10]&#10;    |       |       |   |--IDENT -&gt; f9 [338:8]&#10;    |       |       |   `--IDENT -&gt; equals [338:11]&#10;    |       |       |--ELIST -&gt; ELIST [338:18]&#10;    |       |       |   `--EXPR -&gt; EXPR [338:18]&#10;    |       |       |       |--LPAREN -&gt; ( [338:18]&#10;    |       |       |       |--LPAREN -&gt; ( [338:19]&#10;    |       |       |       |--ASSIGN -&gt; = [338:28]&#10;    |       |       |       |   |--IDENT -&gt; vstring [338:20]&#10;    |       |       |       |   `--STRING_LITERAL -&gt; &quot;&quot; [338:30]&#10;    |       |       |       |--RPAREN -&gt; ) [338:32]&#10;    |       |       |       `--RPAREN -&gt; ) [338:33]&#10;    |       |       `--RPAREN -&gt; ) [338:34]&#10;    |       |--SEMI -&gt; ; [338:35]&#10;    |       |--LITERAL_FOR -&gt; for [339:8]&#10;    |       |   |--LPAREN -&gt; ( [339:12]&#10;    |       |   |--FOR_INIT -&gt; FOR_INIT [339:13]&#10;    |       |   |   `--VARIABLE_DEF -&gt; VARIABLE_DEF [339:13]&#10;    |       |   |       |--MODIFIERS -&gt; MODIFIERS [339:13]&#10;    |       |   |       |--TYPE -&gt; TYPE [339:13]&#10;    |       |   |       |   `--LITERAL_INT -&gt; int [339:13]&#10;    |       |   |       |--IDENT -&gt; i [339:17]&#10;    |       |   |       `--ASSIGN -&gt; = [339:19]&#10;    |       |   |           `--EXPR -&gt; EXPR [339:21]&#10;    |       |   |               `--NUM_INT -&gt; 0 [339:21]&#10;    |       |   |--SEMI -&gt; ; [339:22]&#10;    |       |   |--FOR_CONDITION -&gt; FOR_CONDITION [339:24]&#10;    |       |   |   `--EXPR -&gt; EXPR [339:24]&#10;    |       |   |       |--LPAREN -&gt; ( [339:24]&#10;    |       |   |       |--LT -&gt; &lt; [339:29]&#10;    |       |   |       |   |--LPAREN -&gt; ( [339:25]&#10;    |       |   |       |   |--IDENT -&gt; i [339:26]&#10;    |       |   |       |   |--RPAREN -&gt; ) [339:27]&#10;    |       |   |       |   |--LPAREN -&gt; ( [339:31]&#10;    |       |   |       |   |--PLUS -&gt; + [339:33]&#10;    |       |   |       |   |   |--NUM_INT -&gt; 6 [339:32]&#10;    |       |   |       |   |   `--NUM_INT -&gt; 6 [339:34]&#10;    |       |   |       |   `--RPAREN -&gt; ) [339:35]&#10;    |       |   |       `--RPAREN -&gt; ) [339:36]&#10;    |       |   |--SEMI -&gt; ; [339:37]&#10;    |       |   |--FOR_ITERATOR -&gt; FOR_ITERATOR [339:40]&#10;    |       |   |   `--ELIST -&gt; ELIST [339:40]&#10;    |       |   |       `--EXPR -&gt; EXPR [339:40]&#10;    |       |   |           `--POST_INC -&gt; ++ [339:40]&#10;    |       |   |               `--IDENT -&gt; i [339:39]&#10;    |       |   |--RPAREN -&gt; ) [339:42]&#10;    |       |   `--EMPTY_STAT -&gt; ; [339:44]&#10;    |       |--LITERAL_IF -&gt; if [340:8]&#10;    |       |   |--LPAREN -&gt; ( [340:11]&#10;    |       |   |--EXPR -&gt; EXPR [340:12]&#10;    |       |   |   |--LPAREN -&gt; ( [340:12]&#10;    |       |   |   |--BAND -&gt; &amp; [340:15]&#10;    |       |   |   |   |--IDENT -&gt; b [340:13]&#10;    |       |   |   |   `--IDENT -&gt; b [340:17]&#10;    |       |   |   `--RPAREN -&gt; ) [340:18]&#10;    |       |   |--RPAREN -&gt; ) [340:19]&#10;    |       |   `--SLIST -&gt; { [340:21]&#10;    |       |       `--RCURLY -&gt; } [340:22]&#10;    |       |--EXPR -&gt; EXPR [343:13]&#10;    |       |   `--ASSIGN -&gt; = [343:13]&#10;    |       |       |--IDENT -&gt; vint [343:8]&#10;    |       |       `--QUESTION -&gt; ? [343:24]&#10;    |       |           |--IDENT -&gt; vboolean [343:15]&#10;    |       |           |--LPAREN -&gt; ( [343:26]&#10;    |       |           |--ASSIGN -&gt; = [343:32]&#10;    |       |           |   |--IDENT -&gt; vint [343:27]&#10;    |       |           |   `--NUM_INT -&gt; 1 [343:34]&#10;    |       |           |--RPAREN -&gt; ) [343:35]&#10;    |       |           |--COLON -&gt; : [343:37]&#10;    |       |           |--LPAREN -&gt; ( [343:39]&#10;    |       |           |--ASSIGN -&gt; = [343:45]&#10;    |       |           |   |--IDENT -&gt; vint [343:40]&#10;    |       |           |   `--NUM_INT -&gt; 0 [343:47]&#10;    |       |           `--RPAREN -&gt; ) [343:48]&#10;    |       |--SEMI -&gt; ; [343:49]&#10;    |       |--EXPR -&gt; EXPR [344:21]&#10;    |       |   `--ASSIGN -&gt; = [344:21]&#10;    |       |       |--INDEX_OP -&gt; [ [344:14]&#10;    |       |       |   |--IDENT -&gt; varray [344:8]&#10;    |       |       |   |--EXPR -&gt; EXPR [344:15]&#10;    |       |       |   |   `--IDENT -&gt; vint [344:15]&#10;    |       |       |   `--RBRACK -&gt; ] [344:19]&#10;    |       |       `--METHOD_CALL -&gt; ( [344:39]&#10;    |       |           |--DOT -&gt; . [344:30]&#10;    |       |           |   |--IDENT -&gt; Integer [344:23]&#10;    |       |           |   `--IDENT -&gt; parseInt [344:31]&#10;    |       |           |--ELIST -&gt; ELIST [344:40]&#10;    |       |           |   `--EXPR -&gt; EXPR [344:40]&#10;    |       |           |       `--STRING_LITERAL -&gt; &quot;0&quot; [344:40]&#10;    |       |           `--RPAREN -&gt; ) [344:43]&#10;    |       |--SEMI -&gt; ; [344:44]&#10;    |       `--RCURLY -&gt; } [345:4]&#10;    |--ANNOTATION_DEF -&gt; ANNOTATION_DEF [347:4]&#10;    |   |--MODIFIERS -&gt; MODIFIERS [347:4]&#10;    |   |   `--LITERAL_PUBLIC -&gt; public [347:4]&#10;    |   |--AT -&gt; @ [347:11]&#10;    |   |--LITERAL_INTERFACE -&gt; interface [347:12]&#10;    |   |--IDENT -&gt; innerAnnotation [347:22]&#10;    |   `--OBJBLOCK -&gt; OBJBLOCK [347:38]&#10;    |       |--LCURLY -&gt; { [347:38]&#10;    |       `--RCURLY -&gt; } [347:39]&#10;    `--RCURLY -&gt; } [348:0]&#13;]&#10;&gt;" type="org.junit.ComparisonFailure"><![CDATA[org.junit.ComparisonFailure: 
Generated AST from Java file should match pre-defined AST expected:<...DEF -> package [1:0][
|--ANNOTATIONS -> ANNOTATIONS [1:39]
|--DOT -> . [1:39]
|   |--DOT -> . [1:28]
|   |   |--DOT -> . [1:22]
|   |   |   |--DOT -> . [1:11]
|   |   |   |   |--IDENT -> com [1:8]
|   |   |   |   `--IDENT -> puppycrawl [1:12]
|   |   |   `--IDENT -> tools [1:23]
|   |   `--IDENT -> checkstyle [1:29]
|   `--IDENT -> grammar [1:40]
`--SEMI -> ; [1:47]
STATIC_IMPORT -> import [3:0]
|--LITERAL_STATIC -> static [3:7]
|--DOT -> . [3:30]
|   |--DOT -> . [3:23]
|   |   |--DOT -> . [3:18]
|   |   |   |--IDENT -> java [3:14]
|   |   |   `--IDENT -> lang [3:19]
|   |   `--IDENT -> String [3:24]
|   `--IDENT -> valueOf [3:31]
`--SEMI -> ; [3:38]
IMPORT -> import [5:0]
|--DOT -> . [5:14]
|   |--DOT -> . [5:11]
|   |   |--IDENT -> java [5:7]
|   |   `--IDENT -> io [5:12]
|   `--IDENT -> BufferedReader [5:15]
`--SEMI -> ; [5:29]
IMPORT -> import [6:0]
|--DOT -> . [6:14]
|   |--DOT -> . [6:11]
|   |   |--IDENT -> java [6:7]
|   |   `--IDENT -> io [6:12]
|   `--IDENT -> FileNotFoundException [6:15]
`--SEMI -> ; [6:36]
IMPORT -> import [7:0]
|--DOT -> . [7:14]
|   |--DOT -> . [7:11]
|   |   |--IDENT -> java [7:7]
|   |   `--IDENT -> io [7:12]
|   `--IDENT -> IOException [7:15]
`--SEMI -> ; [7:26]
IMPORT -> import [8:0]
|--DOT -> . [8:14]
|   |--DOT -> . [8:11]
|   |   |--IDENT -> java [8:7]
|   |   `--IDENT -> io [8:12]
|   `--IDENT -> InputStreamReader [8:15]
`--SEMI -> ; [8:32]
IMPORT -> import [9:0]
|--DOT -> . [9:16]
|   |--DOT -> . [9:11]
|   |   |--IDENT -> java [9:7]
|   |   `--IDENT -> util [9:12]
|   `--IDENT -> ArrayList [9:17]
`--SEMI -> ; [9:26]
IMPORT -> import [10:0]
|--DOT -> . [10:16]
|   |--DOT -> . [10:11]
|   |   |--IDENT -> java [10:7]
|   |   `--IDENT -> util [10:12]
|   `--IDENT -> HashMap [10:17]
`--SEMI -> ; [10:24]
IMPORT -> import [11:0]
|--DOT -> . [11:16]
|   |--DOT -> . [11:11]
|   |   |--IDENT -> java [11:7]
|   |   `--IDENT -> util [11:12]
|   `--IDENT -> Iterator [11:17]
`--SEMI -> ; [11:25]
IMPORT -> import [12:0]
|--DOT -> . [12:16]
|   |--DOT -> . [12:11]
|   |   |--IDENT -> java [12:7]
|   |   `--IDENT -> util [12:12]
|   `--IDENT -> List [12:17]
`--SEMI -> ; [12:21]
IMPORT -> import [13:0]
|--DOT -> . [13:16]
|   |--DOT -> . [13:11]
|   |   |--IDENT -> java [13:7]
|   |   `--IDENT -> util [13:12]
|   `--IDENT -> Map [13:17]
`--SEMI -> ; [13:20]
IMPORT -> import [15:0]
|--DOT -> . [15:16]
|   |--DOT -> . [15:12]
|   |   |--IDENT -> javax [15:7]
|   |   `--IDENT -> xml [15:13]
|   `--STAR -> * [15:17]
`--SEMI -> ; [15:18]
CLASS_DEF -> CLASS_DEF [17:0]
|--MODIFIERS -> MODIFIERS [17:0]
|   `--LITERAL_PUBLIC -> public [17:0]
|--LITERAL_CLASS -> class [17:7]
|--IDENT -> InputRegressionJavaClass1 [17:13]
`--OBJBLOCK -> OBJBLOCK [17:39]
    |--LCURLY -> { [17:39]
    |--VARIABLE_DEF -> VARIABLE_DEF [29:4]
    |   |--MODIFIERS -> MODIFIERS [29:4]
    |   |   `--LITERAL_PUBLIC -> public [29:4]
    |   |--TYPE -> TYPE [29:11]
    |   |   `--LITERAL_INT -> int [29:11]
    |   |--IDENT -> f1 [29:15]
    |   `--SEMI -> ; [29:17]
    |--VARIABLE_DEF -> VARIABLE_DEF [30:4]
    |   |--MODIFIERS -> MODIFIERS [30:4]
    |   |   `--LITERAL_PRIVATE -> private [30:4]
    |   |--TYPE -> TYPE [30:12]
    |   |   `--LITERAL_INT -> int [30:12]
    |   |--IDENT -> f2 [30:16]
    |   `--SEMI -> ; [30:18]
    |--VARIABLE_DEF -> VARIABLE_DEF [31:4]
    |   |--MODIFIERS -> MODIFIERS [31:4]
    |   |   `--LITERAL_PROTECTED -> protected [31:4]
    |   |--TYPE -> TYPE [31:14]
    |   |   `--LITERAL_INT -> int [31:14]
    |   |--IDENT -> f3 [31:18]
    |   `--SEMI -> ; [31:20]
    |--VARIABLE_DEF -> VARIABLE_DEF [32:4]
    |   |--MODIFIERS -> MODIFIERS [32:4]
    |   |--TYPE -> TYPE [32:4]
    |   |   `--LITERAL_INT -> int [32:4]
    |   |--IDENT -> f4 [32:8]
    |   `--SEMI -> ; [32:10]
    |--VARIABLE_DEF -> VARIABLE_DEF [33:4]
    |   |--MODIFIERS -> MODIFIERS [33:4]
    |   |   `--LITERAL_STATIC -> static [33:4]
    |   |--TYPE -> TYPE [33:11]
    |   |   `--LITERAL_INT -> int [33:11]
    |   |--IDENT -> f5 [33:15]
    |   `--SEMI -> ; [33:17]
    |--VARIABLE_DEF -> VARIABLE_DEF [34:4]
    |   |--MODIFIERS -> MODIFIERS [34:4]
    |   |   `--FINAL -> final [34:4]
    |   |--TYPE -> TYPE [34:10]
    |   |   `--LITERAL_INT -> int [34:10]
    |   |--IDENT -> f6 [34:14]
    |   `--SEMI -> ; [34:16]
    |--VARIABLE_DEF -> VARIABLE_DEF [35:4]
    |   |--MODIFIERS -> MODIFIERS [35:4]
    |   |   `--LITERAL_VOLATILE -> volatile [35:4]
    |   |--TYPE -> TYPE [35:13]
    |   |   `--LITERAL_INT -> int [35:13]
    |   |--IDENT -> f7 [35:17]
    |   `--SEMI -> ; [35:19]
    |--VARIABLE_DEF -> VARIABLE_DEF [36:4]
    |   |--MODIFIERS -> MODIFIERS [36:4]
    |   |   `--LITERAL_TRANSIENT -> transient [36:4]
    |   |--TYPE -> TYPE [36:14]
    |   |   `--LITERAL_INT -> int [36:14]
    |   |--IDENT -> f8 [36:18]
    |   `--SEMI -> ; [36:20]
    |--VARIABLE_DEF -> VARIABLE_DEF [37:4]
    |   |--MODIFIERS -> MODIFIERS [37:4]
    |   |--TYPE -> TYPE [37:4]
    |   |   `--IDENT -> Object [37:4]
    |   |--IDENT -> f9 [37:11]
    |   `--SEMI -> ; [37:13]
    |--STATIC_INIT -> STATIC_INIT [40:4]
    |   `--SLIST -> { [40:11]
    |       `--RCURLY -> } [40:12]
    |--CTOR_DEF -> CTOR_DEF [41:4]
    |   |--MODIFIERS -> MODIFIERS [41:4]
    |   |   `--LITERAL_PUBLIC -> public [41:4]
    |   |--IDENT -> InputRegressionJavaClass1 [41:11]
    |   |--LPAREN -> ( [41:36]
    |   |--PARAMETERS -> PARAMETERS [41:37]
    |   |--RPAREN -> ) [41:37]
    |   `--SLIST -> { [41:39]
    |       |--EXPR -> EXPR [41:43]
    |       |   `--ASSIGN -> = [41:43]
    |       |       |--IDENT -> f6 [41:40]
    |       |       `--NUM_INT -> 0 [41:45]
    |       |--SEMI -> ; [41:46]
    |       `--RCURLY -> } [41:47]
    |--CTOR_DEF -> CTOR_DEF [42:4]
    |   |--MODIFIERS -> MODIFIERS [42:4]
    |   |   `--LITERAL_PUBLIC -> public [42:4]
    |   |--IDENT -> InputRegressionJavaClass1 [42:11]
    |   |--LPAREN -> ( [42:36]
    |   |--PARAMETERS -> PARAMETERS [42:37]
    |   |   `--PARAMETER_DEF -> PARAMETER_DEF [42:37]
    |   |       |--MODIFIERS -> MODIFIERS [42:37]
    |   |       |--TYPE -> TYPE [42:37]
    |   |       |   `--LITERAL_INT -> int [42:37]
    |   |       `--IDENT -> i [42:41]
    |   |--RPAREN -> ) [42:42]
    |   `--SLIST -> { [42:44]
    |       |--EXPR -> EXPR [42:53]
    |       |   `--ASSIGN -> = [42:53]
    |       |       |--DOT -> . [42:49]
    |       |       |   |--LITERAL_THIS -> this [42:45]
    |       |       |   `--IDENT -> f6 [42:50]
    |       |       `--IDENT -> i [42:55]
    |       |--SEMI -> ; [42:56]
    |       `--RCURLY -> } [42:57]
    |--CTOR_DEF -> CTOR_DEF [43:4]
    |   |--MODIFIERS -> MODIFIERS [43:4]
    |   |   `--LITERAL_PUBLIC -> public [43:4]
    |   |--IDENT -> InputRegressionJavaClass1 [43:11]
    |   |--LPAREN -> ( [43:36]
    |   |--PARAMETERS -> PARAMETERS [43:37]
    |   |   `--PARAMETER_DEF -> PARAMETER_DEF [43:37]
    |   |       |--MODIFIERS -> MODIFIERS [43:37]
    |   |       |--TYPE -> TYPE [43:37]
    |   |       |   `--LITERAL_FLOAT -> float [43:37]
    |   |       `--IDENT -> f [43:43]
    |   |--RPAREN -> ) [43:44]
    |   `--SLIST -> { [43:46]
    |       |--CTOR_CALL -> this [43:47]
    |       |   |--LPAREN -> ( [43:51]
    |       |   |--ELIST -> ELIST [43:52]
    |       |   |   `--EXPR -> EXPR [43:52]
    |       |   |       `--TYPECAST -> ( [43:52]
    |       |   |           |--TYPE -> TYPE [43:53]
    |       |   |           |   `--LITERAL_INT -> int [43:53]
    |       |   |           |--RPAREN -> ) [43:56]
    |       |   |           `--IDENT -> f [43:57]
    |       |   |--RPAREN -> ) [43:58]
    |       |   `--SEMI -> ; [43:59]
    |       `--RCURLY -> } [43:60]
    |--CTOR_DEF -> CTOR_DEF [44:4]
    |   |--MODIFIERS -> MODIFIERS [44:4]
    |   |--IDENT -> InputRegressionJavaClass1 [44:4]
    |   |--LPAREN -> ( [44:29]
    |   |--PARAMETERS -> PARAMETERS [44:30]
    |   |   `--PARAMETER_DEF -> PARAMETER_DEF [44:30]
    |   |       |--MODIFIERS -> MODIFIERS [44:30]
    |   |       |--TYPE -> TYPE [44:30]
    |   |       |   `--LITERAL_DOUBLE -> double [44:30]
    |   |       `--IDENT -> a [44:37]
    |   |--RPAREN -> ) [44:38]
    |   |--LITERAL_THROWS -> throws [44:40]
    |   |   `--IDENT -> Exception [44:47]
    |   `--SLIST -> { [44:57]
    |       |--EXPR -> EXPR [44:61]
    |       |   `--ASSIGN -> = [44:61]
    |       |       |--IDENT -> f6 [44:58]
    |       |       `--NUM_INT -> 0 [44:63]
    |       |--SEMI -> ; [44:64]
    |       `--RCURLY -> } [44:65]
    |--METHOD_DEF -> METHOD_DEF [48:4]
    |   |--MODIFIERS -> MODIFIERS [48:4]
    |   |   `--LITERAL_NATIVE -> native [48:4]
    |   |--TYPE -> TYPE [48:11]
    |   |   `--LITERAL_VOID -> void [48:11]
    |   |--IDENT -> m1 [48:16]
    |   |--LPAREN -> ( [48:18]
    |   |--PARAMETERS -> PARAMETERS [48:19]
    |   |--RPAREN -> ) [48:19]
    |   `--SEMI -> ; [48:20]
    |--METHOD_DEF -> METHOD_DEF [49:4]
    |   |--MODIFIERS -> MODIFIERS [49:4]
    |   |--TYPE -> TYPE [49:4]
    |   |   `--LITERAL_VOID -> void [49:4]
    |   |--IDENT -> m2 [49:9]
    |   |--LPAREN -> ( [49:11]
    |   |--PARAMETERS -> PARAMETERS [49:12]
    |   |--RPAREN -> ) [49:12]
    |   `--SLIST -> { [49:14]
    |       `--RCURLY -> } [49:15]
    |--METHOD_DEF -> METHOD_DEF [50:4]
    |   |--MODIFIERS -> MODIFIERS [50:4]
    |   |   `--LITERAL_SYNCHRONIZED -> synchronized [50:4]
    |   |--TYPE -> TYPE [50:17]
    |   |   `--LITERAL_VOID -> void [50:17]
    |   |--IDENT -> m4 [50:22]
    |   |--LPAREN -> ( [50:24]
    |   |--PARAMETERS -> PARAMETERS [50:25]
    |   |--RPAREN -> ) [50:25]
    |   `--SLIST -> { [50:27]
    |       `--RCURLY -> } [50:28]
    |--METHOD_DEF -> METHOD_DEF [51:4]
    |   |--MODIFIERS -> MODIFIERS [51:4]
    |   |   `--STRICTFP -> strictfp [51:4]
    |   |--TYPE -> TYPE [51:13]
    |   |   `--LITERAL_VOID -> void [51:13]
    |   |--IDENT -> m5 [51:18]
    |   |--LPAREN -> ( [51:20]
    |   |--PARAMETERS -> PARAMETERS [51:21]
    |   |--RPAREN -> ) [51:21]
    |   `--SLIST -> { [51:23]
    |       `--RCURLY -> } [51:24]
    |--METHOD_DEF -> METHOD_DEF [54:4]
    |   |--MODIFIERS -> MODIFIERS [54:4]
    |   |   `--LITERAL_PUBLIC -> public [54:4]
    |   |--TYPE -> TYPE [54:14]
    |   |   `--ARRAY_DECLARATOR -> [ [54:14]
    |   |       |--LITERAL_INT -> int [54:11]
    |   |       `--RBRACK -> ] [54:15]
    |   |--IDENT -> m6 [54:17]
    |   |--LPAREN -> ( [54:19]
    |   |--PARAMETERS -> PARAMETERS [54:20]
    |   |--RPAREN -> ) [54:20]
    |   `--SLIST -> { [54:22]
    |       |--LITERAL_RETURN -> return [54:23]
    |       |   |--EXPR -> EXPR [54:30]
    |       |   |   `--LITERAL_NULL -> null [54:30]
    |       |   `--SEMI -> ; [54:34]
    |       `--RCURLY -> } [54:35]
    |--METHOD_DEF -> METHOD_DEF [55:4]
    |   |--MODIFIERS -> MODIFIERS [55:4]
    |   |   `--LITERAL_PUBLIC -> public [55:4]
    |   |--TYPE -> TYPE [55:20]
    |   |   `--ARRAY_DECLARATOR -> [ [55:20]
    |   |       |--LITERAL_INT -> int [55:11]
    |   |       `--RBRACK -> ] [55:21]
    |   |--IDENT -> m7 [55:15]
    |   |--LPAREN -> ( [55:17]
    |   |--PARAMETERS -> PARAMETERS [55:18]
    |   |--RPAREN -> ) [55:18]
    |   `--SLIST -> { [55:23]
    |       |--LITERAL_RETURN -> return [55:24]
    |       |   |--EXPR -> EXPR [55:31]
    |       |   |   `--LITERAL_NULL -> null [55:31]
    |       |   `--SEMI -> ; [55:35]
    |       `--RCURLY -> } [55:36]
    |--METHOD_DEF -> METHOD_DEF [58:4]
    |   |--MODIFIERS -> MODIFIERS [58:4]
    |   |   `--LITERAL_PUBLIC -> public [58:4]
    |   |--TYPE -> TYPE [58:11]
    |   |   `--LITERAL_VOID -> void [58:11]
    |   |--IDENT -> m10 [58:16]
    |   |--LPAREN -> ( [58:19]
    |   |--PARAMETERS -> PARAMETERS [58:20]
    |   |   `--PARAMETER_DEF -> PARAMETER_DEF [58:20]
    |   |       |--MODIFIERS -> MODIFIERS [58:20]
    |   |       |--TYPE -> TYPE [58:20]
    |   |       |   `--IDENT -> String [58:20]
    |   |       `--IDENT -> p1 [58:27]
    |   |--RPAREN -> ) [58:29]
    |   `--SLIST -> { [58:31]
    |       `--RCURLY -> } [58:32]
    |--METHOD_DEF -> METHOD_DEF [59:4]
    |   |--MODIFIERS -> MODIFIERS [59:4]
    |   |   `--LITERAL_PUBLIC -> public [59:4]
    |   |--TYPE -> TYPE [59:11]
    |   |   `--LITERAL_VOID -> void [59:11]
    |   |--IDENT -> m11 [59:16]
    |   |--LPAREN -> ( [59:19]
    |   |--PARAMETERS -> PARAMETERS [59:20]
    |   |   `--PARAMETER_DEF -> PARAMETER_DEF [59:20]
    |   |       |--MODIFIERS -> MODIFIERS [59:20]
    |   |       |   `--FINAL -> final [59:20]
    |   |       |--TYPE -> TYPE [59:26]
    |   |       |   `--IDENT -> String [59:26]
    |   |       `--IDENT -> p1 [59:33]
    |   |--RPAREN -> ) [59:35]
    |   `--SLIST -> { [59:37]
    |       `--RCURLY -> } [59:38]
    |--METHOD_DEF -> METHOD_DEF [60:4]
    |   |--MODIFIERS -> MODIFIERS [60:4]
    |   |   `--LITERAL_PUBLIC -> public [60:4]
    |   |--TYPE -> TYPE [60:11]
    |   |   `--LITERAL_VOID -> void [60:11]
    |   |--IDENT -> m12 [60:16]
    |   |--LPAREN -> ( [60:19]
    |   |--PARAMETERS -> PARAMETERS [60:26]
    |   |   `--PARAMETER_DEF -> PARAMETER_DEF [60:26]
    |   |       |--MODIFIERS -> MODIFIERS [60:26]
    |   |       |--TYPE -> TYPE [60:26]
    |   |       |   `--ARRAY_DECLARATOR -> [ [60:26]
    |   |       |       |--IDENT -> String [60:20]
    |   |       |       `--RBRACK -> ] [60:27]
    |   |       `--IDENT -> p1 [60:29]
    |   |--RPAREN -> ) [60:31]
    |   `--SLIST -> { [60:33]
    |       `--RCURLY -> } [60:34]
    |--METHOD_DEF -> METHOD_DEF [61:4]
    |   |--MODIFIERS -> MODIFIERS [61:4]
    |   |   `--LITERAL_PUBLIC -> public [61:4]
    |   |--TYPE -> TYPE [61:11]
    |   |   `--LITERAL_VOID -> void [61:11]
    |   |--IDENT -> m13 [61:16]
    |   |--LPAREN -> ( [61:19]
    |   |--PARAMETERS -> PARAMETERS [61:28]
    |   |   `--PARAMETER_DEF -> PARAMETER_DEF [61:28]
    |   |       |--MODIFIERS -> MODIFIERS [61:28]
    |   |       |--TYPE -> TYPE [61:28]
    |   |       |   `--ARRAY_DECLARATOR -> [ [61:28]
    |   |       |       |--ARRAY_DECLARATOR -> [ [61:26]
    |   |       |       |   |--IDENT -> String [61:20]
    |   |       |       |   `--RBRACK -> ] [61:27]
    |   |       |       `--RBRACK -> ] [61:29]
    |   |       `--IDENT -> p1 [61:31]
    |   |--RPAREN -> ) [61:33]
    |   `--SLIST -> { [61:35]
    |       `--RCURLY -> } [61:36]
    |--METHOD_DEF -> METHOD_DEF [62:4]
    |   |--MODIFIERS -> MODIFIERS [62:4]
    |   |   `--LITERAL_PUBLIC -> public [62:4]
    |   |--TYPE -> TYPE [62:11]
    |   |   `--LITERAL_VOID -> void [62:11]
    |   |--IDENT -> m14 [62:16]
    |   |--LPAREN -> ( [62:19]
    |   |--PARAMETERS -> PARAMETERS [62:20]
    |   |   |--PARAMETER_DEF -> PARAMETER_DEF [62:20]
    |   |   |   |--MODIFIERS -> MODIFIERS [62:20]
    |   |   |   |--TYPE -> TYPE [62:20]
    |   |   |   |   `--IDENT -> String [62:20]
    |   |   |   `--IDENT -> p1 [62:27]
    |   |   |--COMMA -> , [62:29]
    |   |   `--PARAMETER_DEF -> PARAMETER_DEF [62:31]
    |   |       |--MODIFIERS -> MODIFIERS [62:31]
    |   |       |--TYPE -> TYPE [62:31]
    |   |       |   `--IDENT -> String [62:31]
    |   |       `--IDENT -> p2 [62:38]
    |   |--RPAREN -> ) [62:40]
    |   `--SLIST -> { [62:42]
    |       `--RCURLY -> } [62:43]
    |--METHOD_DEF -> METHOD_DEF [63:4]
    |   |--MODIFIERS -> MODIFIERS [63:4]
    |   |   `--LITERAL_PUBLIC -> public [63:4]
    |   |--TYPE -> TYPE [63:11]
    |   |   `--LITERAL_VOID -> void [63:11]
    |   |--IDENT -> m15 [63:16]
    |   |--LPAREN -> ( [63:19]
    |   |--PARAMETERS -> PARAMETERS [63:20]
    |   |   `--PARAMETER_DEF -> PARAMETER_DEF [63:20]
    |   |       |--MODIFIERS -> MODIFIERS [63:20]
    |   |       |--TYPE -> TYPE [63:20]
    |   |       |   `--IDENT -> String [63:20]
    |   |       |--ELLIPSIS -> ... [63:26]
    |   |       `--IDENT -> p1 [63:30]
    |   |--RPAREN -> ) [63:32]
    |   `--SLIST -> { [63:34]
    |       `--RCURLY -> } [63:35]
    |--METHOD_DEF -> METHOD_DEF [64:4]
    |   |--MODIFIERS -> MODIFIERS [64:4]
    |   |   `--LITERAL_PUBLIC -> public [64:4]
    |   |--TYPE -> TYPE [64:11]
    |   |   `--LITERAL_VOID -> void [64:11]
    |   |--IDENT -> m16 [64:16]
    |   |--LPAREN -> ( [64:19]
    |   |--PARAMETERS -> PARAMETERS [64:26]
    |   |   `--PARAMETER_DEF -> PARAMETER_DEF [64:26]
    |   |       |--MODIFIERS -> MODIFIERS [64:26]
    |   |       |--TYPE -> TYPE [64:26]
    |   |       |   `--ARRAY_DECLARATOR -> [ [64:26]
    |   |       |       |--IDENT -> String [64:20]
    |   |       |       `--RBRACK -> ] [64:27]
    |   |       |--ELLIPSIS -> ... [64:28]
    |   |       `--IDENT -> p1 [64:32]
    |   |--RPAREN -> ) [64:34]
    |   `--SLIST -> { [64:36]
    |       `--RCURLY -> } [64:37]
    |--METHOD_DEF -> METHOD_DEF [65:4]
    |   |--MODIFIERS -> MODIFIERS [65:4]
    |   |   `--LITERAL_PUBLIC -> public [65:4]
    |   |--TYPE -> TYPE [65:11]
    |   |   `--LITERAL_VOID -> void [65:11]
    |   |--IDENT -> m17 [65:16]
    |   |--LPAREN -> ( [65:19]
    |   |--PARAMETERS -> PARAMETERS [65:20]
    |   |   |--PARAMETER_DEF -> PARAMETER_DEF [65:20]
    |   |   |   |--MODIFIERS -> MODIFIERS [65:20]
    |   |   |   |--TYPE -> TYPE [65:20]
    |   |   |   |   `--LITERAL_INT -> int [65:20]
    |   |   |   `--IDENT -> p1 [65:24]
    |   |   |--COMMA -> , [65:26]
    |   |   `--PARAMETER_DEF -> PARAMETER_DEF [65:34]
    |   |       |--MODIFIERS -> MODIFIERS [65:34]
    |   |       |--TYPE -> TYPE [65:34]
    |   |       |   `--ARRAY_DECLARATOR -> [ [65:34]
    |   |       |       |--IDENT -> String [65:28]
    |   |       |       `--RBRACK -> ] [65:35]
    |   |       |--ELLIPSIS -> ... [65:36]
    |   |       `--IDENT -> p2 [65:40]
    |   |--RPAREN -> ) [65:42]
    |   `--SLIST -> { [65:44]
    |       `--RCURLY -> } [65:45]
    |--METHOD_DEF -> METHOD_DEF [68:4]
    |   |--MODIFIERS -> MODIFIERS [68:4]
    |   |   `--LITERAL_PUBLIC -> public [68:4]
    |   |--TYPE -> TYPE [68:11]
    |   |   `--LITERAL_VOID -> void [68:11]
    |   |--IDENT -> m18 [68:16]
    |   |--LPAREN -> ( [68:19]
    |   |--PARAMETERS -> PARAMETERS [68:20]
    |   |--RPAREN -> ) [68:20]
    |   |--LITERAL_THROWS -> throws [68:22]
    |   |   `--IDENT -> Exception [68:29]
    |   `--SLIST -> { [68:39]
    |       `--RCURLY -> } [68:40]
    |--METHOD_DEF -> METHOD_DEF [69:4]
    |   |--MODIFIERS -> MODIFIERS [69:4]
    |   |   `--LITERAL_PUBLIC -> public [69:4]
    |   |--TYPE -> TYPE [69:11]
    |   |   `--LITERAL_VOID -> void [69:11]
    |   |--IDENT -> m19 [69:16]
    |   |--LPAREN -> ( [69:19]
    |   |--PARAMETERS -> PARAMETERS [69:20]
    |   |--RPAREN -> ) [69:20]
    |   |--LITERAL_THROWS -> throws [69:22]
    |   |   |--IDENT -> IOException [69:29]
    |   |   |--COMMA -> , [69:40]
    |   |   `--IDENT -> Exception [69:42]
    |   `--SLIST -> { [69:52]
    |       `--RCURLY -> } [69:53]
    |--METHOD_DEF -> METHOD_DEF [72:4]
    |   |--MODIFIERS -> MODIFIERS [72:4]
    |   |   `--LITERAL_PUBLIC -> public [72:4]
    |   |--TYPE_PARAMETERS -> TYPE_PARAMETERS [72:11]
    |   |   |--GENERIC_START -> < [72:11]
    |   |   |--TYPE_PARAMETER -> TYPE_PARAMETER [72:12]
    |   |   |   `--IDENT -> T_$ [72:12]
    |   |   `--GENERIC_END -> > [72:15]
    |   |--TYPE -> TYPE [72:17]
    |   |   `--IDENT -> T_$ [72:17]
    |   |--IDENT -> m20 [72:21]
    |   |--LPAREN -> ( [72:24]
    |   |--PARAMETERS -> PARAMETERS [72:25]
    |   |--RPAREN -> ) [72:25]
    |   `--SLIST -> { [72:27]
    |       |--LITERAL_RETURN -> return [72:28]
    |       |   |--EXPR -> EXPR [72:35]
    |       |   |   `--LITERAL_NULL -> null [72:35]
    |       |   `--SEMI -> ; [72:39]
    |       `--RCURLY -> } [72:40]
    |--METHOD_DEF -> METHOD_DEF [73:4]
    |   |--MODIFIERS -> MODIFIERS [73:4]
    |   |   `--LITERAL_PUBLIC -> public [73:4]
    |   |--TYPE_PARAMETERS -> TYPE_PARAMETERS [73:11]
    |   |   |--GENERIC_START -> < [73:11]
    |   |   |--TYPE_PARAMETER -> TYPE_PARAMETER [73:12]
    |   |   |   `--IDENT -> $_T [73:12]
    |   |   `--GENERIC_END -> > [73:15]
    |   |--TYPE -> TYPE [73:17]
    |   |   `--IDENT -> $_T [73:17]
    |   |--IDENT -> m21 [73:21]
    |   |--LPAREN -> ( [73:24]
    |   |--PARAMETERS -> PARAMETERS [73:25]
    |   |--RPAREN -> ) [73:25]
    |   `--SLIST -> { [73:27]
    |       |--LITERAL_RETURN -> return [73:28]
    |       |   |--EXPR -> EXPR [73:35]
    |       |   |   `--LITERAL_NULL -> null [73:35]
    |       |   `--SEMI -> ; [73:39]
    |       `--RCURLY -> } [73:40]
    |--METHOD_DEF -> METHOD_DEF [74:4]
    |   |--MODIFIERS -> MODIFIERS [74:4]
    |   |   `--LITERAL_PUBLIC -> public [74:4]
    |   |--TYPE_PARAMETERS -> TYPE_PARAMETERS [74:11]
    |   |   |--GENERIC_START -> < [74:11]
    |   |   |--TYPE_PARAMETER -> TYPE_PARAMETER [74:12]
    |   |   |   |--IDENT -> T [74:12]
    |   |   |   `--TYPE_UPPER_BOUNDS -> extends [74:14]
    |   |   |       |--IDENT -> Enum [74:22]
    |   |   |       `--TYPE_ARGUMENTS -> TYPE_ARGUMENTS [74:26]
    |   |   |           |--GENERIC_START -> < [74:26]
    |   |   |           |--TYPE_ARGUMENT -> TYPE_ARGUMENT [74:27]
    |   |   |           |   `--TYPE -> TYPE [74:27]
    |   |   |           |       `--IDENT -> T [74:27]
    |   |   |           `--GENERIC_END -> > [74:28]
    |   |   `--GENERIC_END -> > [74:29]
    |   |--TYPE -> TYPE [74:31]
    |   |   `--LITERAL_VOID -> void [74:31]
    |   |--IDENT -> m22 [74:36]
    |   |--LPAREN -> ( [74:39]
    |   |--PARAMETERS -> PARAMETERS [74:40]
    |   |--RPAREN -> ) [74:40]
    |   `--SLIST -> { [74:42]
    |       `--RCURLY -> } [74:43]
    |--METHOD_DEF -> METHOD_DEF [75:4]
    |   |--MODIFIERS -> MODIFIERS [75:4]
    |   |   `--LITERAL_PUBLIC -> public [75:4]
    |   |--TYPE_PARAMETERS -> TYPE_PARAMETERS [75:11]
    |   |   |--GENERIC_START -> < [75:11]
    |   |   |--TYPE_PARAMETER -> TYPE_PARAMETER [75:12]
    |   |   |   `--IDENT -> T [75:12]
    |   |   `--GENERIC_END -> > [75:13]
    |   |--TYPE -> TYPE [75:15]
    |   |   `--LITERAL_VOID -> void [75:15]
    |   |--IDENT -> m23 [75:20]
    |   |--LPAREN -> ( [75:23]
    |   |--PARAMETERS -> PARAMETERS [75:24]
    |   |--RPAREN -> ) [75:24]
    |   `--SLIST -> { [75:26]
    |       `--RCURLY -> } [75:27]
    |--SEMI -> ; [75:28]
    |--METHOD_DEF -> METHOD_DEF [76:4]
    |   |--MODIFIERS -> MODIFIERS [76:4]
    |   |   `--LITERAL_PUBLIC -> public [76:4]
    |   |--TYPE_PARAMETERS -> TYPE_PARAMETERS [76:11]
    |   |   |--GENERIC_START -> < [76:11]
    |   |   |--TYPE_PARAMETER -> TYPE_PARAMETER [76:12]
    |   |   |   |--IDENT -> T [76:12]
    |   |   |   `--TYPE_UPPER_BOUNDS -> extends [76:14]
    |   |   |       |--IDENT -> RuntimeException [76:22]
    |   |   |       |--TYPE_EXTENSION_AND -> & [76:39]
    |   |   |       `--DOT -> . [76:48]
    |   |   |           |--DOT -> . [76:45]
    |   |   |           |   |--IDENT -> java [76:41]
    |   |   |           |   `--IDENT -> io [76:46]
    |   |   |           `--IDENT -> Serializable [76:49]
    |   |   `--GENERIC_END -> > [76:61]
    |   |--TYPE -> TYPE [76:63]
    |   |   `--LITERAL_VOID -> void [76:63]
    |   |--IDENT -> m24 [76:68]
    |   |--LPAREN -> ( [76:71]
    |   |--PARAMETERS -> PARAMETERS [76:72]
    |   |--RPAREN -> ) [76:72]
    |   `--SLIST -> { [76:74]
    |       `--RCURLY -> } [76:75]
    |--METHOD_DEF -> METHOD_DEF [79:4]
    |   |--MODIFIERS -> MODIFIERS [79:4]
    |   |   |--ANNOTATION -> ANNOTATION [79:4]
    |   |   |   |--AT -> @ [79:4]
    |   |   |   |--IDENT -> SuppressWarnings [79:5]
    |   |   |   |--LPAREN -> ( [79:21]
    |   |   |   |--ANNOTATION_ARRAY_INIT -> { [79:22]
    |   |   |   |   `--RCURLY -> } [79:23]
    |   |   |   `--RPAREN -> ) [79:24]
    |   |   `--LITERAL_PUBLIC -> public [80:4]
    |   |--TYPE -> TYPE [80:11]
    |   |   `--LITERAL_VOID -> void [80:11]
    |   |--IDENT -> m50 [80:16]
    |   |--LPAREN -> ( [80:19]
    |   |--PARAMETERS -> PARAMETERS [80:20]
    |   |--RPAREN -> ) [80:20]
    |   `--SLIST -> { [80:22]
    |       `--RCURLY -> } [80:23]
    |--METHOD_DEF -> METHOD_DEF [81:4]
    |   |--MODIFIERS -> MODIFIERS [81:4]
    |   |   |--ANNOTATION -> ANNOTATION [81:4]
    |   |   |   |--AT -> @ [81:4]
    |   |   |   |--IDENT -> SuppressWarnings [81:5]
    |   |   |   |--LPAREN -> ( [81:21]
    |   |   |   |--ANNOTATION_ARRAY_INIT -> { [81:22]
    |   |   |   |   |--EXPR -> EXPR [81:23]
    |   |   |   |   |   `--STRING_LITERAL -> "1" [81:23]
    |   |   |   |   `--RCURLY -> } [81:26]
    |   |   |   `--RPAREN -> ) [81:27]
    |   |   `--LITERAL_PUBLIC -> public [82:4]
    |   |--TYPE -> TYPE [82:11]
    |   |   `--LITERAL_VOID -> void [82:11]
    |   |--IDENT -> m51 [82:16]
    |   |--LPAREN -> ( [82:19]
    |   |--PARAMETERS -> PARAMETERS [82:20]
    |   |--RPAREN -> ) [82:20]
    |   `--SLIST -> { [82:22]
    |       `--RCURLY -> } [82:23]
    |--METHOD_DEF -> METHOD_DEF [83:4]
    |   |--MODIFIERS -> MODIFIERS [83:4]
    |   |   |--ANNOTATION -> ANNOTATION [83:4]
    |   |   |   |--AT -> @ [83:4]
    |   |   |   |--IDENT -> SuppressWarnings [83:5]
    |   |   |   |--LPAREN -> ( [83:21]
    |   |   |   |--ANNOTATION_ARRAY_INIT -> { [83:22]
    |   |   |   |   |--EXPR -> EXPR [83:23]
    |   |   |   |   |   `--STRING_LITERAL -> "1" [83:23]
    |   |   |   |   |--COMMA -> , [83:26]
    |   |   |   |   |--EXPR -> EXPR [83:27]
    |   |   |   |   |   `--STRING_LITERAL -> "2" [83:27]
    |   |   |   |   `--RCURLY -> } [83:30]
    |   |   |   `--RPAREN -> ) [83:31]
    |   |   `--LITERAL_PUBLIC -> public [84:4]
    |   |--TYPE -> TYPE [84:11]
    |   |   `--LITERAL_VOID -> void [84:11]
    |   |--IDENT -> m52 [84:16]
    |   |--LPAREN -> ( [84:19]
    |   |--PARAMETERS -> PARAMETERS [84:20]
    |   |--RPAREN -> ) [84:20]
    |   `--SLIST -> { [84:22]
    |       `--RCURLY -> } [84:23]
    |--METHOD_DEF -> METHOD_DEF [85:4]
    |   |--MODIFIERS -> MODIFIERS [85:4]
    |   |   |--ANNOTATION -> ANNOTATION [85:4]
    |   |   |   |--AT -> @ [85:4]
    |   |   |   |--IDENT -> SuppressWarnings [85:5]
    |   |   |   |--LPAREN -> ( [85:21]
    |   |   |   |--ANNOTATION_MEMBER_VALUE_PAIR -> ANNOTATION_MEMBER_VALUE_PAIR [85:22]
    |   |   |   |   |--IDENT -> value [85:22]
    |   |   |   |   |--ASSIGN -> = [85:27]
    |   |   |   |   `--ANNOTATION_ARRAY_INIT -> { [85:28]
    |   |   |   |       |--EXPR -> EXPR [85:29]
    |   |   |   |       |   `--STRING_LITERAL -> "1" [85:29]
    |   |   |   |       `--RCURLY -> } [85:32]
    |   |   |   `--RPAREN -> ) [85:33]
    |   |   `--LITERAL_PUBLIC -> public [86:4]
    |   |--TYPE -> TYPE [86:11]
    |   |   `--LITERAL_VOID -> void [86:11]
    |   |--IDENT -> m53 [86:16]
    |   |--LPAREN -> ( [86:19]
    |   |--PARAMETERS -> PARAMETERS [86:20]
    |   |--RPAREN -> ) [86:20]
    |   `--SLIST -> { [86:22]
    |       `--RCURLY -> } [86:23]
    |--METHOD_DEF -> METHOD_DEF [87:4]
    |   |--MODIFIERS -> MODIFIERS [87:4]
    |   |   |--ANNOTATION -> ANNOTATION [87:4]
    |   |   |   |--AT -> @ [87:4]
    |   |   |   |--IDENT -> SuppressWarnings [87:5]
    |   |   |   |--LPAREN -> ( [87:21]
    |   |   |   |--ANNOTATION_MEMBER_VALUE_PAIR -> ANNOTATION_MEMBER_VALUE_PAIR [87:22]
    |   |   |   |   |--IDENT -> value [87:22]
    |   |   |   |   |--ASSIGN -> = [87:27]
    |   |   |   |   `--ANNOTATION_ARRAY_INIT -> { [87:28]
    |   |   |   |       |--EXPR -> EXPR [87:29]
    |   |   |   |       |   `--STRING_LITERAL -> "1" [87:29]
    |   |   |   |       |--COMMA -> , [87:32]
    |   |   |   |       `--RCURLY -> } [87:33]
    |   |   |   `--RPAREN -> ) [87:34]
    |   |   `--LITERAL_PUBLIC -> public [88:4]
    |   |--TYPE -> TYPE [88:11]
    |   |   `--LITERAL_VOID -> void [88:11]
    |   |--IDENT -> m54 [88:16]
    |   |--LPAREN -> ( [88:19]
    |   |--PARAMETERS -> PARAMETERS [88:20]
    |   |--RPAREN -> ) [88:20]
    |   `--SLIST -> { [88:22]
    |       `--RCURLY -> } [88:23]
    |--METHOD_DEF -> METHOD_DEF [89:4]
    |   |--MODIFIERS -> MODIFIERS [89:4]
    |   |   |--ANNOTATION -> ANNOTATION [89:4]
    |   |   |   |--AT -> @ [89:4]
    |   |   |   |--IDENT -> SuppressWarnings [89:5]
    |   |   |   |--LPAREN -> ( [89:21]
    |   |   |   |--ANNOTATION_MEMBER_VALUE_PAIR -> ANNOTATION_MEMBER_VALUE_PAIR [89:22]
    |   |   |   |   |--IDENT -> value [89:22]
    |   |   |   |   |--ASSIGN -> = [89:27]
    |   |   |   |   `--ANNOTATION_ARRAY_INIT -> { [89:28]
    |   |   |   |       |--EXPR -> EXPR [89:29]
    |   |   |   |       |   `--STRING_LITERAL -> "1" [89:29]
    |   |   |   |       |--COMMA -> , [89:32]
    |   |   |   |       |--EXPR -> EXPR [89:33]
    |   |   |   |       |   `--STRING_LITERAL -> "2" [89:33]
    |   |   |   |       `--RCURLY -> } [89:36]
    |   |   |   `--RPAREN -> ) [89:37]
    |   |   `--LITERAL_PUBLIC -> public [90:4]
    |   |--TYPE -> TYPE [90:11]
    |   |   `--LITERAL_VOID -> void [90:11]
    |   |--IDENT -> m55 [90:16]
    |   |--LPAREN -> ( [90:19]
    |   |--PARAMETERS -> PARAMETERS [90:20]
    |   |--RPAREN -> ) [90:20]
    |   `--SLIST -> { [90:22]
    |       `--RCURLY -> } [90:23]
    |--METHOD_DEF -> METHOD_DEF [91:4]
    |   |--MODIFIERS -> MODIFIERS [91:4]
    |   |   |--ANNOTATION -> ANNOTATION [91:4]
    |   |   |   |--AT -> @ [91:4]
    |   |   |   |--IDENT -> InputRegressionJavaAnnotation1 [91:5]
    |   |   |   |--LPAREN -> ( [91:35]
    |   |   |   |--ANNOTATION_MEMBER_VALUE_PAIR -> ANNOTATION_MEMBER_VALUE_PAIR [91:36]
    |   |   |   |   |--IDENT -> m1 [91:36]
    |   |   |   |   |--ASSIGN -> = [91:38]
    |   |   |   |   `--EXPR -> EXPR [91:39]
    |   |   |   |       `--STRING_LITERAL -> "1" [91:39]
    |   |   |   |--COMMA -> , [91:42]
    |   |   |   |--ANNOTATION_MEMBER_VALUE_PAIR -> ANNOTATION_MEMBER_VALUE_PAIR [91:44]
    |   |   |   |   |--IDENT -> m2 [91:44]
    |   |   |   |   |--ASSIGN -> = [91:46]
    |   |   |   |   `--EXPR -> EXPR [91:47]
    |   |   |   |       `--STRING_LITERAL -> "2" [91:47]
    |   |   |   `--RPAREN -> ) [91:50]
    |   |   `--LITERAL_PUBLIC -> public [92:4]
    |   |--TYPE -> TYPE [92:11]
    |   |   `--LITERAL_VOID -> void [92:11]
    |   |--IDENT -> m56 [92:16]
    |   |--LPAREN -> ( [92:19]
    |   |--PARAMETERS -> PARAMETERS [92:20]
    |   |--RPAREN -> ) [92:20]
    |   `--SLIST -> { [92:22]
    |       `--RCURLY -> } [92:23]
    |--METHOD_DEF -> METHOD_DEF [93:4]
    |   |--MODIFIERS -> MODIFIERS [93:4]
    |   |   |--ANNOTATION -> ANNOTATION [93:4]
    |   |   |   |--AT -> @ [93:4]
    |   |   |   |--IDENT -> ComplexAnnotation [93:5]
    |   |   |   |--LPAREN -> ( [93:22]
    |   |   |   |--ANNOTATION_ARRAY_INIT -> { [93:23]
    |   |   |   |   |--ANNOTATION -> ANNOTATION [94:12]
    |   |   |   |   |   |--AT -> @ [94:12]
    |   |   |   |   |   |--IDENT -> InputRegressionJavaAnnotation1 [94:13]
    |   |   |   |   |   |--LPAREN -> ( [94:43]
    |   |   |   |   |   |--ANNOTATION_MEMBER_VALUE_PAIR -> ANNOTATION_MEMBER_VALUE_PAIR [94:44]
    |   |   |   |   |   |   |--IDENT -> m1 [94:44]
    |   |   |   |   |   |   |--ASSIGN -> = [94:47]
    |   |   |   |   |   |   `--EXPR -> EXPR [94:49]
    |   |   |   |   |   |       `--STRING_LITERAL -> "1" [94:49]
    |   |   |   |   |   `--RPAREN -> ) [94:52]
    |   |   |   |   |--COMMA -> , [94:53]
    |   |   |   |   |--ANNOTATION -> ANNOTATION [94:55]
    |   |   |   |   |   |--AT -> @ [94:55]
    |   |   |   |   |   |--IDENT -> InputRegressionJavaAnnotation1 [94:56]
    |   |   |   |   |   |--LPAREN -> ( [94:86]
    |   |   |   |   |   |--ANNOTATION_MEMBER_VALUE_PAIR -> ANNOTATION_MEMBER_VALUE_PAIR [94:87]
    |   |   |   |   |   |   |--IDENT -> m1 [94:87]
    |   |   |   |   |   |   |--ASSIGN -> = [94:90]
    |   |   |   |   |   |   `--EXPR -> EXPR [94:92]
    |   |   |   |   |   |       `--STRING_LITERAL -> "1" [94:92]
    |   |   |   |   |   `--RPAREN -> ) [94:95]
    |   |   |   |   `--RCURLY -> } [95:4]
    |   |   |   `--RPAREN -> ) [95:5]
    |   |   `--LITERAL_PUBLIC -> public [96:4]
    |   |--TYPE -> TYPE [96:11]
    |   |   `--LITERAL_VOID -> void [96:11]
    |   |--IDENT -> m57 [96:16]
    |   |--LPAREN -> ( [96:19]
    |   |--PARAMETERS -> PARAMETERS [96:20]
    |   |--RPAREN -> ) [96:20]
    |   `--SLIST -> { [96:22]
    |       `--RCURLY -> } [96:23]
    |--METHOD_DEF -> METHOD_DEF [97:4]
    |   |--MODIFIERS -> MODIFIERS [97:4]
    |   |   `--LITERAL_PUBLIC -> public [97:4]
    |   |--TYPE -> TYPE [97:11]
    |   |   `--LITERAL_VOID -> void [97:11]
    |   |--IDENT -> m58 [97:16]
    |   |--LPAREN -> ( [97:19]
    |   |--PARAMETERS -> PARAMETERS [97:20]
    |   |   `--PARAMETER_DEF -> PARAMETER_DEF [97:20]
    |   |       |--MODIFIERS -> MODIFIERS [97:20]
    |   |       |   `--ANNOTATION -> ANNOTATION [97:20]
    |   |       |       |--AT -> @ [97:20]
    |   |       |       `--IDENT -> Deprecated [97:21]
    |   |       |--TYPE -> TYPE [97:32]
    |   |       |   `--IDENT -> String [97:32]
    |   |       `--IDENT -> s [97:39]
    |   |--RPAREN -> ) [97:40]
    |   `--SLIST -> { [97:42]
    |       `--RCURLY -> } [97:43]
    |--METHOD_DEF -> METHOD_DEF [98:4]
    |   |--MODIFIERS -> MODIFIERS [98:4]
    |   |   `--LITERAL_PUBLIC -> public [98:4]
    |   |--TYPE -> TYPE [98:11]
    |   |   `--LITERAL_VOID -> void [98:11]
    |   |--IDENT -> m59 [98:16]
    |   |--LPAREN -> ( [98:19]
    |   |--PARAMETERS -> PARAMETERS [98:20]
    |   |   `--PARAMETER_DEF -> PARAMETER_DEF [98:20]
    |   |       |--MODIFIERS -> MODIFIERS [98:20]
    |   |       |   |--FINAL -> final [98:20]
    |   |       |   `--ANNOTATION -> ANNOTATION [98:26]
    |   |       |       |--AT -> @ [98:26]
    |   |       |       `--IDENT -> Deprecated [98:27]
    |   |       |--TYPE -> TYPE [98:38]
    |   |       |   `--IDENT -> List [98:38]
    |   |       `--IDENT -> l [98:43]
    |   |--RPAREN -> ) [98:44]
    |   `--SLIST -> { [98:46]
    |       `--RCURLY -> } [98:47]
    |--INSTANCE_INIT -> INSTANCE_INIT [101:4]
    |   `--SLIST -> { [101:4]
    |       `--RCURLY -> } [101:5]
    |--SEMI -> ; [102:4]
    |--METHOD_DEF -> METHOD_DEF [105:4]
    |   |--MODIFIERS -> MODIFIERS [105:4]
    |   |   `--LITERAL_PUBLIC -> public [105:4]
    |   |--TYPE -> TYPE [105:11]
    |   |   `--LITERAL_VOID -> void [105:11]
    |   |--IDENT -> instructions [105:16]
    |   |--LPAREN -> ( [105:28]
    |   |--PARAMETERS -> PARAMETERS [105:29]
    |   |--RPAREN -> ) [105:29]
    |   |--LITERAL_THROWS -> throws [105:31]
    |   |   `--IDENT -> Exception [105:38]
    |   `--SLIST -> { [105:48]
    |       |--VARIABLE_DEF -> VARIABLE_DEF [107:8]
    |       |   |--MODIFIERS -> MODIFIERS [107:8]
    |       |   |--TYPE -> TYPE [107:8]
    |       |   |   `--LITERAL_BOOLEAN -> boolean [107:8]
    |       |   |--IDENT -> b [107:16]
    |       |   `--ASSIGN -> = [107:18]
    |       |       `--EXPR -> EXPR [107:34]
    |       |           `--GT -> > [107:34]
    |       |               |--METHOD_CALL -> ( [107:31]
    |       |               |   |--DOT -> . [107:24]
    |       |               |   |   |--IDENT -> Math [107:20]
    |       |               |   |   `--IDENT -> random [107:25]
    |       |               |   |--ELIST -> ELIST [107:32]
    |       |               |   `--RPAREN -> ) [107:32]
    |       |               `--NUM_INT -> 0 [107:36]
    |       |--SEMI -> ; [107:37]
    |       |--VARIABLE_DEF -> VARIABLE_DEF [110:8]
    |       |   |--MODIFIERS -> MODIFIERS [110:8]
    |       |   |--TYPE -> TYPE [110:8]
    |       |   |   `--LITERAL_BYTE -> byte [110:8]
    |       |   `--IDENT -> vbyte [110:13]
    |       |--SEMI -> ; [110:18]
    |       |--VARIABLE_DEF -> VARIABLE_DEF [111:8]
    |       |   |--MODIFIERS -> MODIFIERS [111:8]
    |       |   |--TYPE -> TYPE [111:8]
    |       |   |   `--LITERAL_BOOLEAN -> boolean [111:8]
    |       |   `--IDENT -> vboolean [111:16]
    |       |--SEMI -> ; [111:24]
    |       |--VARIABLE_DEF -> VARIABLE_DEF [112:8]
    |       |   |--MODIFIERS -> MODIFIERS [112:8]
    |       |   |--TYPE -> TYPE [112:8]
    |       |   |   `--LITERAL_CHAR -> char [112:8]
    |       |   `--IDENT -> vchar [112:13]
    |       |--SEMI -> ; [112:18]
    |       |--VARIABLE_DEF -> VARIABLE_DEF [113:8]
    |       |   |--MODIFIERS -> MODIFIERS [113:8]
    |       |   |--TYPE -> TYPE [113:8]
    |       |   |   `--LITERAL_SHORT -> short [113:8]
    |       |   `--IDENT -> vshort [113:14]
    |       |--SEMI -> ; [113:20]
    |       |--VARIABLE_DEF -> VARIABLE_DEF [114:8]
    |       |   |--MODIFIERS -> MODIFIERS [114:8]
    |       |   |--TYPE -> TYPE [114:8]
    |       |   |   `--LITERAL_INT -> int [114:8]
    |       |   `--IDENT -> vint [114:12]
    |       |--SEMI -> ; [114:16]
    |       |--VARIABLE_DEF -> VARIABLE_DEF [115:8]
    |       |   |--MODIFIERS -> MODIFIERS [115:8]
    |       |   |--TYPE -> TYPE [115:8]
    |       |   |   `--LITERAL_LONG -> long [115:8]
    |       |   `--IDENT -> vlong [115:13]
    |       |--SEMI -> ; [115:18]
    |       |--VARIABLE_DEF -> VARIABLE_DEF [116:8]
    |       |   |--MODIFIERS -> MODIFIERS [116:8]
    |       |   |--TYPE -> TYPE [116:8]
    |       |   |   `--LITERAL_FLOAT -> float [116:8]
    |       |   `--IDENT -> vfloat [116:14]
    |       |--SEMI -> ; [116:20]
    |       |--VARIABLE_DEF -> VARIABLE_DEF [117:8]
    |       |   |--MODIFIERS -> MODIFIERS [117:8]
    |       |   |--TYPE -> TYPE [117:8]
    |       |   |   `--LITERAL_DOUBLE -> double [117:8]
    |       |   `--IDENT -> vdouble [117:15]
    |       |--SEMI -> ; [117:22]
    |       |--VARIABLE_DEF -> VARIABLE_DEF [118:11]
    |       |   |--MODIFIERS -> MODIFIERS [118:11]
    |       |   |--TYPE -> TYPE [118:11]
    |       |   |   `--ARRAY_DECLARATOR -> [ [118:11]
    |       |   |       |--LITERAL_INT -> int [118:8]
    |       |   |       `--RBRACK -> ] [118:12]
    |       |   `--IDENT -> varray [118:14]
    |       |--SEMI -> ; [118:20]
    |       |--VARIABLE_DEF -> VARIABLE_DEF [119:19]
    |       |   |--MODIFIERS -> MODIFIERS [119:19]
    |       |   |--TYPE -> TYPE [119:19]
    |       |   |   `--ARRAY_DECLARATOR -> [ [119:19]
    |       |   |       |--LITERAL_INT -> int [119:8]
    |       |   |       `--RBRACK -> ] [119:20]
    |       |   `--IDENT -> varray2 [119:12]
    |       |--SEMI -> ; [119:21]
    |       |--VARIABLE_DEF -> VARIABLE_DEF [120:8]
    |       |   |--MODIFIERS -> MODIFIERS [120:8]
    |       |   |--TYPE -> TYPE [120:8]
    |       |   |   `--LITERAL_BOOLEAN -> boolean [120:8]
    |       |   |--IDENT -> test1 [120:16]
    |       |   `--ASSIGN -> = [120:22]
    |       |       `--EXPR -> EXPR [120:24]
    |       |           `--LITERAL_TRUE -> true [120:24]
    |       |--SEMI -> ; [120:28]
    |       |--VARIABLE_DEF -> VARIABLE_DEF [123:8]
    |       |   |--MODIFIERS -> MODIFIERS [123:8]
    |       |   |--TYPE -> TYPE [123:8]
    |       |   |   `--IDENT -> String [123:8]
    |       |   `--IDENT -> vstring [123:15]
    |       |--SEMI -> ; [123:22]
    |       |--VARIABLE_DEF -> VARIABLE_DEF [124:8]
    |       |   |--MODIFIERS -> MODIFIERS [124:8]
    |       |   |--TYPE -> TYPE [124:8]
    |       |   |   |--IDENT -> List [124:8]
    |       |   |   `--TYPE_ARGUMENTS -> TYPE_ARGUMENTS [124:12]
    |       |   |       |--GENERIC_START -> < [124:12]
    |       |   |       |--TYPE_ARGUMENT -> TYPE_ARGUMENT [124:13]
    |       |   |       |   `--IDENT -> String [124:13]
    |       |   |       `--GENERIC_END -> > [124:19]
    |       |   `--IDENT -> vlist [124:21]
    |       |--SEMI -> ; [124:26]
    |       |--VARIABLE_DEF -> VARIABLE_DEF [125:8]
    |       |   |--MODIFIERS -> MODIFIERS [125:8]
    |       |   |--TYPE -> TYPE [125:8]
    |       |   |   |--IDENT -> Map [125:8]
    |       |   |   `--TYPE_ARGUMENTS -> TYPE_ARGUMENTS [125:11]
    |       |   |       |--GENERIC_START -> < [125:11]
    |       |   |       |--TYPE_ARGUMENT -> TYPE_ARGUMENT [125:12]
    |       |   |       |   `--IDENT -> String [125:12]
    |       |   |       |--COMMA -> , [125:18]
    |       |   |       |--TYPE_ARGUMENT -> TYPE_ARGUMENT [125:26]
    |       |   |       |   `--ARRAY_DECLARATOR -> [ [125:26]
    |       |   |       |       |--IDENT -> String [125:20]
    |       |   |       |       `--RBRACK -> ] [125:27]
    |       |   |       `--GENERIC_END -> > [125:28]
    |       |   `--IDENT -> vmap [125:30]
    |       |--SEMI -> ; [125:34]
    |       |--VARIABLE_DEF -> VARIABLE_DEF [126:11]
    |       |   |--MODIFIERS -> MODIFIERS [126:11]
    |       |   |--TYPE -> TYPE [126:11]
    |       |   |   `--ARRAY_DECLARATOR -> [ [126:11]
    |       |   |       |--LITERAL_INT -> int [126:8]
    |       |   |       `--RBRACK -> ] [126:12]
    |       |   |--IDENT -> test2 [126:14]
    |       |   `--ASSIGN -> = [126:20]
    |       |       `--ARRAY_INIT -> { [126:22]
    |       |           `--RCURLY -> } [126:23]
    |       |--SEMI -> ; [126:24]
    |       |--VARIABLE_DEF -> VARIABLE_DEF [127:8]
    |       |   |--MODIFIERS -> MODIFIERS [127:8]
    |       |   |--TYPE -> TYPE [127:8]
    |       |   |   |--IDENT -> List [127:8]
    |       |   |   `--TYPE_ARGUMENTS -> TYPE_ARGUMENTS [127:12]
    |       |   |       |--GENERIC_START -> < [127:12]
    |       |   |       |--TYPE_ARGUMENT -> TYPE_ARGUMENT [127:17]
    |       |   |       |   `--ARRAY_DECLARATOR -> [ [127:17]
    |       |   |       |       |--LITERAL_CHAR -> char [127:13]
    |       |   |       |       `--RBRACK -> ] [127:18]
    |       |   |       `--GENERIC_END -> > [127:19]
    |       |   `--IDENT -> test3 [127:21]
    |       |--SEMI -> ; [127:26]
    |       |--VARIABLE_DEF -> VARIABLE_DEF [128:8]
    |       |   |--MODIFIERS -> MODIFIERS [128:8]
    |       |   |--TYPE -> TYPE [128:8]
    |       |   |   |--IDENT -> Class [128:8]
    |       |   |   `--TYPE_ARGUMENTS -> TYPE_ARGUMENTS [128:13]
    |       |   |       |--GENERIC_START -> < [128:13]
    |       |   |       |--TYPE_ARGUMENT -> TYPE_ARGUMENT [128:14]
    |       |   |       |   `--WILDCARD_TYPE -> ? [128:14]
    |       |   |       `--GENERIC_END -> > [128:15]
    |       |   `--IDENT -> test4 [128:17]
    |       |--SEMI -> ; [128:22]
    |       |--VARIABLE_DEF -> VARIABLE_DEF [129:8]
    |       |   |--MODIFIERS -> MODIFIERS [129:8]
    |       |   |--TYPE -> TYPE [129:8]
    |       |   |   |--IDENT -> List [129:8]
    |       |   |   `--TYPE_ARGUMENTS -> TYPE_ARGUMENTS [129:12]
    |       |   |       |--GENERIC_START -> < [129:12]
    |       |   |       |--TYPE_ARGUMENT -> TYPE_ARGUMENT [129:13]
    |       |   |       |   |--WILDCARD_TYPE -> ? [129:13]
    |       |   |       |   `--TYPE_UPPER_BOUNDS -> extends [129:15]
    |       |   |       |       `--IDENT -> InputRegressionJavaClass1 [129:23]
    |       |   |       `--GENERIC_END -> > [129:48]
    |       |   `--IDENT -> test5 [129:50]
    |       |--SEMI -> ; [129:55]
    |       |--VARIABLE_DEF -> VARIABLE_DEF [130:8]
    |       |   |--MODIFIERS -> MODIFIERS [130:8]
    |       |   |--TYPE -> TYPE [130:8]
    |       |   |   |--IDENT -> List [130:8]
    |       |   |   `--TYPE_ARGUMENTS -> TYPE_ARGUMENTS [130:12]
    |       |   |       |--GENERIC_START -> < [130:12]
    |       |   |       |--TYPE_ARGUMENT -> TYPE_ARGUMENT [130:13]
    |       |   |       |   |--WILDCARD_TYPE -> ? [130:13]
    |       |   |       |   `--TYPE_UPPER_BOUNDS -> extends [130:15]
    |       |   |       |       |--IDENT -> List [130:23]
    |       |   |       |       `--TYPE_ARGUMENTS -> TYPE_ARGUMENTS [130:27]
    |       |   |       |           |--GENERIC_START -> < [130:27]
    |       |   |       |           |--TYPE_ARGUMENT -> TYPE_ARGUMENT [130:28]
    |       |   |       |           |   `--IDENT -> Object [130:28]
    |       |   |       |           `--GENERIC_END -> > [130:34]
    |       |   |       `--GENERIC_END -> > [130:35]
    |       |   `--IDENT -> test6 [130:37]
    |       |--SEMI -> ; [130:42]
    |       |--VARIABLE_DEF -> VARIABLE_DEF [131:8]
    |       |   |--MODIFIERS -> MODIFIERS [131:8]
    |       |   |--TYPE -> TYPE [131:8]
    |       |   |   |--IDENT -> List [131:8]
    |       |   |   `--TYPE_ARGUMENTS -> TYPE_ARGUMENTS [131:12]
    |       |   |       |--GENERIC_START -> < [131:12]
    |       |   |       |--TYPE_ARGUMENT -> TYPE_ARGUMENT [131:13]
    |       |   |       |   |--WILDCARD_TYPE -> ? [131:13]
    |       |   |       |   `--TYPE_UPPER_BOUNDS -> extends [131:15]
    |       |   |       |       |--IDENT -> List [131:23]
    |       |   |       |       `--TYPE_ARGUMENTS -> TYPE_ARGUMENTS [131:27]
    |       |   |       |           |--GENERIC_START -> < [131:27]
    |       |   |       |           |--TYPE_ARGUMENT -> TYPE_ARGUMENT [131:28]
    |       |   |       |           |   |--IDENT -> List [131:28]
    |       |   |       |           |   `--TYPE_ARGUMENTS -> TYPE_ARGUMENTS [131:32]
    |       |   |       |           |       |--GENERIC_START -> < [131:32]
    |       |   |       |           |       |--TYPE_ARGUMENT -> TYPE_ARGUMENT [131:33]
    |       |   |       |           |       |   `--IDENT -> Object [131:33]
    |       |   |       |           |       `--GENERIC_END -> > [131:39]
    |       |   |       |           `--GENERIC_END -> > [131:40]
    |       |   |       `--GENERIC_END -> > [131:41]
    |       |   `--IDENT -> test7 [131:43]
    |       |--SEMI -> ; [131:48]
    |       |--VARIABLE_DEF -> VARIABLE_DEF [132:8]
    |       |   |--MODIFIERS -> MODIFIERS [132:8]
    |       |   |--TYPE -> TYPE [132:8]
    |       |   |   |--IDENT -> List [132:8]
    |       |   |   `--TYPE_ARGUMENTS -> TYPE_ARGUMENTS [132:12]
    |       |   |       |--GENERIC_START -> < [132:12]
    |       |   |       |--TYPE_ARGUMENT -> TYPE_ARGUMENT [132:13]
    |       |   |       |   |--WILDCARD_TYPE -> ? [132:13]
    |       |   |       |   `--ARRAY_DECLARATOR -> [ [132:26]
    |       |   |       |       |--TYPE_UPPER_BOUNDS -> extends [132:15]
    |       |   |       |       |   `--LITERAL_INT -> int [132:23]
    |       |   |       |       `--RBRACK -> ] [132:27]
    |       |   |       `--GENERIC_END -> > [132:28]
    |       |   `--IDENT -> test8 [132:30]
    |       |--SEMI -> ; [132:35]
    |       |--VARIABLE_DEF -> VARIABLE_DEF [133:8]
    |       |   |--MODIFIERS -> MODIFIERS [133:8]
    |       |   |--TYPE -> TYPE [133:8]
    |       |   |   |--IDENT -> List [133:8]
    |       |   |   `--TYPE_ARGUMENTS -> TYPE_ARGUMENTS [133:12]
    |       |   |       |--GENERIC_START -> < [133:12]
    |       |   |       |--TYPE_ARGUMENT -> TYPE_ARGUMENT [133:13]
    |       |   |       |   |--WILDCARD_TYPE -> ? [133:13]
    |       |   |       |   `--TYPE_LOWER_BOUNDS -> super [133:15]
    |       |   |       |       `--IDENT -> InputRegressionJavaClass1 [133:21]
    |       |   |       `--GENERIC_END -> > [133:46]
    |       |   `--IDENT -> test9 [133:48]
    |       |--SEMI -> ; [133:53]
    |       |--EXPR -> EXPR [136:17]
    |       |   `--ASSIGN -> = [136:17]
    |       |       |--IDENT -> vboolean [136:8]
    |       |       `--LITERAL_TRUE -> true [136:19]
    |       |--SEMI -> ; [136:23]
    |       |--EXPR -> EXPR [137:17]
    |       |   `--ASSIGN -> = [137:17]
    |       |       |--IDENT -> vboolean [137:8]
    |       |       `--LITERAL_FALSE -> false [137:19]
    |       |--SEMI -> ; [137:24]
    |       |--EXPR -> EXPR [138:14]
    |       |   `--ASSIGN -> = [138:14]
    |       |       |--IDENT -> vchar [138:8]
    |       |       `--CHAR_LITERAL -> ' ' [138:16]
    |       |--SEMI -> ; [138:19]
    |       |--EXPR -> EXPR [139:14]
    |       |   `--ASSIGN -> = [139:14]
    |       |       |--IDENT -> vchar [139:8]
    |       |       `--CHAR_LITERAL -> '"' [139:16]
    |       |--SEMI -> ; [139:19]
    |       |--EXPR -> EXPR [140:14]
    |       |   `--ASSIGN -> = [140:14]
    |       |       |--IDENT -> vchar [140:8]
    |       |       `--CHAR_LITERAL -> '\0' [140:16]
    |       |--SEMI -> ; [140:20]
    |       |--EXPR -> EXPR [141:14]
    |       |   `--ASSIGN -> = [141:14]
    |       |       |--IDENT -> vchar [141:8]
    |       |       `--CHAR_LITERAL -> '\'' [141:16]
    |       |--SEMI -> ; [141:20]
    |       |--EXPR -> EXPR [142:14]
    |       |   `--ASSIGN -> = [142:14]
    |       |       |--IDENT -> vchar [142:8]
    |       |       `--CHAR_LITERAL -> '\n' [142:16]
    |       |--SEMI -> ; [142:20]
    |       |--EXPR -> EXPR [143:14]
    |       |   `--ASSIGN -> = [143:14]
    |       |       |--IDENT -> vchar [143:8]
    |       |       `--CHAR_LITERAL -> '\r' [143:16]
    |       |--SEMI -> ; [143:20]
    |       |--EXPR -> EXPR [144:14]
    |       |   `--ASSIGN -> = [144:14]
    |       |       |--IDENT -> vchar [144:8]
    |       |       `--CHAR_LITERAL -> '\t' [144:16]
    |       |--SEMI -> ; [144:20]
    |       |--EXPR -> EXPR [145:14]
    |       |   `--ASSIGN -> = [145:14]
    |       |       |--IDENT -> vchar [145:8]
    |       |       `--CHAR_LITERAL -> '\b' [145:16]
    |       |--SEMI -> ; [145:20]
    |       |--EXPR -> EXPR [146:14]
    |       |   `--ASSIGN -> = [146:14]
    |       |       |--IDENT -> vchar [146:8]
    |       |       `--CHAR_LITERAL -> '\f' [146:16]
    |       |--SEMI -> ; [146:20]
    |       |--EXPR -> EXPR [147:14]
    |       |   `--ASSIGN -> = [147:14]
    |       |       |--IDENT -> vchar [147:8]
    |       |       `--CHAR_LITERAL -> '\"' [147:16]
    |       |--SEMI -> ; [147:20]
    |       |--EXPR -> EXPR [148:14]
    |       |   `--ASSIGN -> = [148:14]
    |       |       |--IDENT -> vchar [148:8]
    |       |       `--CHAR_LITERAL -> '\'' [148:16]
    |       |--SEMI -> ; [148:20]
    |       |--EXPR -> EXPR [149:14]
    |       |   `--ASSIGN -> = [149:14]
    |       |       |--IDENT -> vchar [149:8]
    |       |       `--CHAR_LITERAL -> '\\' [149:16]
    |       |--SEMI -> ; [149:20]
    |       |--EXPR -> EXPR [150:14]
    |       |   `--ASSIGN -> = [150:14]
    |       |       |--IDENT -> vchar [150:8]
    |       |       `--CHAR_LITERAL -> '\00' [150:16]
    |       |--SEMI -> ; [150:21]
    |       |--EXPR -> EXPR [151:14]
    |       |   `--ASSIGN -> = [151:14]
    |       |       |--IDENT -> vchar [151:8]
    |       |       `--CHAR_LITERAL -> '\013' [151:16]
    |       |--SEMI -> ; [151:22]
    |       |--EXPR -> EXPR [152:14]
    |       |   `--ASSIGN -> = [152:14]
    |       |       |--IDENT -> vchar [152:8]
    |       |       `--CHAR_LITERAL -> '\4' [152:16]
    |       |--SEMI -> ; [152:20]
    |       |--EXPR -> EXPR [153:14]
    |       |   `--ASSIGN -> = [153:14]
    |       |       |--IDENT -> vchar [153:8]
    |       |       `--CHAR_LITERAL -> '\40' [153:16]
    |       |--SEMI -> ; [153:21]
    |       |--EXPR -> EXPR [154:14]
    |       |   `--ASSIGN -> = [154:14]
    |       |       |--IDENT -> vchar [154:8]
    |       |       `--CHAR_LITERAL -> '\u0000' [154:16]
    |       |--SEMI -> ; [154:24]
    |       |--EXPR -> EXPR [155:14]
    |       |   `--ASSIGN -> = [155:14]
    |       |       |--IDENT -> vchar [155:8]
    |       |       `--CHAR_LITERAL -> '\u1234' [155:16]
    |       |--SEMI -> ; [155:24]
    |       |--EXPR -> EXPR [156:14]
    |       |   `--ASSIGN -> = [156:14]
    |       |       |--IDENT -> vchar [156:8]
    |       |       `--CHAR_LITERAL -> '\u005C\u005C' [156:16]
    |       |--SEMI -> ; [156:30]
    |       |--EXPR -> EXPR [157:14]
    |       |   `--ASSIGN -> = [157:14]
    |       |       |--IDENT -> vchar [157:8]
    |       |       `--CHAR_LITERAL -> '\u005c\u005c' [157:16]
    |       |--SEMI -> ; [157:30]
    |       |--EXPR -> EXPR [158:14]
    |       |   `--ASSIGN -> = [158:14]
    |       |       |--IDENT -> vchar [158:8]
    |       |       `--CHAR_LITERAL -> '\uu005C\uuuuu005C' [158:16]
    |       |--SEMI -> ; [158:35]
    |       |--EXPR -> EXPR [159:14]
    |       |   `--ASSIGN -> = [159:14]
    |       |       |--IDENT -> vchar [159:8]
    |       |       `--CHAR_LITERAL -> '\u005cn' [159:16]
    |       |--SEMI -> ; [159:25]
    |       |--EXPR -> EXPR [160:14]
    |       |   `--ASSIGN -> = [160:14]
    |       |       |--IDENT -> vchar [160:8]
    |       |       `--CHAR_LITERAL -> '\u005cr' [160:16]
    |       |--SEMI -> ; [160:25]
    |       |--EXPR -> EXPR [161:14]
    |       |   `--ASSIGN -> = [161:14]
    |       |       |--IDENT -> vchar [161:8]
    |       |       `--CHAR_LITERAL -> '\u005ct' [161:16]
    |       |--SEMI -> ; [161:25]
    |       |--EXPR -> EXPR [162:14]
    |       |   `--ASSIGN -> = [162:14]
    |       |       |--IDENT -> vchar [162:8]
    |       |       `--CHAR_LITERAL -> '\u005cb' [162:16]
    |       |--SEMI -> ; [162:25]
    |       |--EXPR -> EXPR [163:14]
    |       |   `--ASSIGN -> = [163:14]
    |       |       |--IDENT -> vchar [163:8]
    |       |       `--CHAR_LITERAL -> '\u005cf' [163:16]
    |       |--SEMI -> ; [163:25]
    |       |--EXPR -> EXPR [164:14]
    |       |   `--ASSIGN -> = [164:14]
    |       |       |--IDENT -> vchar [164:8]
    |       |       `--CHAR_LITERAL -> '\u005c"' [164:16]
    |       |--SEMI -> ; [164:25]
    |       |--EXPR -> EXPR [165:14]
    |       |   `--ASSIGN -> = [165:14]
    |       |       |--IDENT -> vchar [165:8]
    |       |       `--CHAR_LITERAL -> '\u005c'' [165:16]
    |       |--SEMI -> ; [165:25]
    |       |--EXPR -> EXPR [166:14]
    |       |   `--ASSIGN -> = [166:14]
    |       |       |--IDENT -> vchar [166:8]
    |       |       `--CHAR_LITERAL -> '\u005c\' [166:16]
    |       |--SEMI -> ; [166:25]
    |       |--EXPR -> EXPR [167:13]
    |       |   `--ASSIGN -> = [167:13]
    |       |       |--IDENT -> vint [167:8]
    |       |       `--NUM_INT -> 0 [167:15]
    |       |--SEMI -> ; [167:16]
    |       |--EXPR -> EXPR [168:13]
    |       |   `--ASSIGN -> = [168:13]
    |       |       |--IDENT -> vint [168:8]
    |       |       `--UNARY_MINUS -> - [168:15]
    |       |           `--NUM_INT -> 1 [168:16]
    |       |--SEMI -> ; [168:17]
    |       |--EXPR -> EXPR [169:13]
    |       |   `--ASSIGN -> = [169:13]
    |       |       |--IDENT -> vint [169:8]
    |       |       `--UNARY_PLUS -> + [169:15]
    |       |           `--NUM_INT -> 1 [169:16]
    |       |--SEMI -> ; [169:17]
    |       |--EXPR -> EXPR [170:13]
    |       |   `--ASSIGN -> = [170:13]
    |       |       |--IDENT -> vint [170:8]
    |       |       `--NUM_INT -> 100_000 [170:15]
    |       |--SEMI -> ; [170:22]
    |       |--EXPR -> EXPR [171:13]
    |       |   `--ASSIGN -> = [171:13]
    |       |       |--IDENT -> vint [171:8]
    |       |       `--NUM_INT -> 0x00 [171:15]
    |       |--SEMI -> ; [171:19]
    |       |--EXPR -> EXPR [172:13]
    |       |   `--ASSIGN -> = [172:13]
    |       |       |--IDENT -> vint [172:8]
    |       |       `--NUM_INT -> 0x12345678 [172:15]
    |       |--SEMI -> ; [172:25]
    |       |--EXPR -> EXPR [173:13]
    |       |   `--ASSIGN -> = [173:13]
    |       |       |--IDENT -> vint [173:8]
    |       |       `--NUM_INT -> 0X9 [173:15]
    |       |--SEMI -> ; [173:18]
    |       |--EXPR -> EXPR [174:13]
    |       |   `--ASSIGN -> = [174:13]
    |       |       |--IDENT -> vint [174:8]
    |       |       `--NUM_INT -> 0x1234_5678 [174:15]
    |       |--SEMI -> ; [174:26]
    |       |--EXPR -> EXPR [175:13]
    |       |   `--ASSIGN -> = [175:13]
    |       |       |--IDENT -> vint [175:8]
    |       |       `--NUM_INT -> 0b101 [175:15]
    |       |--SEMI -> ; [175:20]
    |       |--EXPR -> EXPR [176:13]
    |       |   `--ASSIGN -> = [176:13]
    |       |       |--IDENT -> vint [176:8]
    |       |       `--NUM_INT -> 0B101 [176:15]
    |       |--SEMI -> ; [176:20]
    |       |--EXPR -> EXPR [177:13]
    |       |   `--ASSIGN -> = [177:13]
    |       |       |--IDENT -> vint [177:8]
    |       |       `--NUM_INT -> 0b1 [177:15]
    |       |--SEMI -> ; [177:18]
    |       |--EXPR -> EXPR [178:13]
    |       |   `--ASSIGN -> = [178:13]
    |       |       |--IDENT -> vint [178:8]
    |       |       `--NUM_INT -> 0b1_0 [178:15]
    |       |--SEMI -> ; [178:20]
    |       |--EXPR -> EXPR [179:13]
    |       |   `--ASSIGN -> = [179:13]
    |       |       |--IDENT -> vint [179:8]
    |       |       `--NUM_INT -> 012345670 [179:15]
    |       |--SEMI -> ; [179:24]
    |       |--EXPR -> EXPR [180:13]
    |       |   `--ASSIGN -> = [180:13]
    |       |       |--IDENT -> vint [180:8]
    |       |       `--NUM_INT -> 01234_5670 [180:15]
    |       |--SEMI -> ; [180:25]
    |       |--EXPR -> EXPR [181:14]
    |       |   `--ASSIGN -> = [181:14]
    |       |       |--IDENT -> vlong [181:8]
    |       |       `--NUM_LONG -> 0L [181:16]
    |       |--SEMI -> ; [181:18]
    |       |--EXPR -> EXPR [182:14]
    |       |   `--ASSIGN -> = [182:14]
    |       |       |--IDENT -> vlong [182:8]
    |       |       `--NUM_LONG -> 1L [182:16]
    |       |--SEMI -> ; [182:18]
    |       |--EXPR -> EXPR [183:14]
    |       |   `--ASSIGN -> = [183:14]
    |       |       |--IDENT -> vlong [183:8]
    |       |       `--NUM_LONG -> 0b1L [183:16]
    |       |--SEMI -> ; [183:20]
    |       |--EXPR -> EXPR [184:14]
    |       |   `--ASSIGN -> = [184:14]
    |       |       |--IDENT -> vlong [184:8]
    |       |       `--NUM_LONG -> 1234567890l [184:16]
    |       |--SEMI -> ; [184:27]
    |       |--EXPR -> EXPR [185:14]
    |       |   `--ASSIGN -> = [185:14]
    |       |       |--IDENT -> vlong [185:8]
    |       |       `--NUM_LONG -> 1234567890L [185:16]
    |       |--SEMI -> ; [185:27]
    |       |--EXPR -> EXPR [186:14]
    |       |   `--ASSIGN -> = [186:14]
    |       |       |--IDENT -> vlong [186:8]
    |       |       `--NUM_LONG -> 0x0l [186:16]
    |       |--SEMI -> ; [186:20]
    |       |--EXPR -> EXPR [187:14]
    |       |   `--ASSIGN -> = [187:14]
    |       |       |--IDENT -> vlong [187:8]
    |       |       `--NUM_LONG -> 0xABCDEFl [187:16]
    |       |--SEMI -> ; [187:25]
    |       |--EXPR -> EXPR [188:14]
    |       |   `--ASSIGN -> = [188:14]
    |       |       |--IDENT -> vlong [188:8]
    |       |       `--NUM_LONG -> 0XABCDEFL [188:16]
    |       |--SEMI -> ; [188:25]
    |       |--EXPR -> EXPR [189:15]
    |       |   `--ASSIGN -> = [189:15]
    |       |       |--IDENT -> vfloat [189:8]
    |       |       `--NUM_FLOAT -> 0f [189:17]
    |       |--SEMI -> ; [189:19]
    |       |--EXPR -> EXPR [190:15]
    |       |   `--ASSIGN -> = [190:15]
    |       |       |--IDENT -> vfloat [190:8]
    |       |       `--NUM_FLOAT -> 0F [190:17]
    |       |--SEMI -> ; [190:19]
    |       |--EXPR -> EXPR [191:15]
    |       |   `--ASSIGN -> = [191:15]
    |       |       |--IDENT -> vfloat [191:8]
    |       |       `--NUM_FLOAT -> 1.1f [191:17]
    |       |--SEMI -> ; [191:21]
    |       |--EXPR -> EXPR [192:15]
    |       |   `--ASSIGN -> = [192:15]
    |       |       |--IDENT -> vfloat [192:8]
    |       |       `--NUM_FLOAT -> 1.10_1F [192:17]
    |       |--SEMI -> ; [192:24]
    |       |--EXPR -> EXPR [193:15]
    |       |   `--ASSIGN -> = [193:15]
    |       |       |--IDENT -> vfloat [193:8]
    |       |       `--NUM_FLOAT -> 0_1.1_1F [193:17]
    |       |--SEMI -> ; [193:25]
    |       |--EXPR -> EXPR [194:15]
    |       |   `--ASSIGN -> = [194:15]
    |       |       |--IDENT -> vfloat [194:8]
    |       |       `--NUM_FLOAT -> 1e0f [194:17]
    |       |--SEMI -> ; [194:21]
    |       |--EXPR -> EXPR [195:15]
    |       |   `--ASSIGN -> = [195:15]
    |       |       |--IDENT -> vfloat [195:8]
    |       |       `--NUM_FLOAT -> 1e0F [195:17]
    |       |--SEMI -> ; [195:21]
    |       |--EXPR -> EXPR [196:15]
    |       |   `--ASSIGN -> = [196:15]
    |       |       |--IDENT -> vfloat [196:8]
    |       |       `--NUM_FLOAT -> 1.0e0F [196:17]
    |       |--SEMI -> ; [196:23]
    |       |--EXPR -> EXPR [197:15]
    |       |   `--ASSIGN -> = [197:15]
    |       |       |--IDENT -> vfloat [197:8]
    |       |       `--NUM_FLOAT -> 0x2__3_34.4___AFP00_00f [197:17]
    |       |--SEMI -> ; [197:40]
    |       |--EXPR -> EXPR [198:16]
    |       |   `--ASSIGN -> = [198:16]
    |       |       |--IDENT -> vdouble [198:8]
    |       |       `--NUM_FLOAT -> 10. [198:18]
    |       |--SEMI -> ; [198:21]
    |       |--EXPR -> EXPR [199:16]
    |       |   `--ASSIGN -> = [199:16]
    |       |       |--IDENT -> vdouble [199:8]
    |       |       `--NUM_FLOAT -> .1 [199:18]
    |       |--SEMI -> ; [199:20]
    |       |--EXPR -> EXPR [200:16]
    |       |   `--ASSIGN -> = [200:16]
    |       |       |--IDENT -> vdouble [200:8]
    |       |       `--NUM_FLOAT -> .1__1_1 [200:18]
    |       |--SEMI -> ; [200:25]
    |       |--EXPR -> EXPR [201:16]
    |       |   `--ASSIGN -> = [201:16]
    |       |       |--IDENT -> vdouble [201:8]
    |       |       `--NUM_FLOAT -> 0.0 [201:18]
    |       |--SEMI -> ; [201:21]
    |       |--EXPR -> EXPR [202:16]
    |       |   `--ASSIGN -> = [202:16]
    |       |       |--IDENT -> vdouble [202:8]
    |       |       `--NUM_FLOAT -> 1000.0 [202:18]
    |       |--SEMI -> ; [202:24]
    |       |--EXPR -> EXPR [203:16]
    |       |   `--ASSIGN -> = [203:16]
    |       |       |--IDENT -> vdouble [203:8]
    |       |       `--NUM_DOUBLE -> .1d [203:18]
    |       |--SEMI -> ; [203:21]
    |       |--EXPR -> EXPR [204:16]
    |       |   `--ASSIGN -> = [204:16]
    |       |       |--IDENT -> vdouble [204:8]
    |       |       `--NUM_DOUBLE -> 1.D [204:18]
    |       |--SEMI -> ; [204:21]
    |       |--EXPR -> EXPR [205:16]
    |       |   `--ASSIGN -> = [205:16]
    |       |       |--IDENT -> vdouble [205:8]
    |       |       `--NUM_DOUBLE -> 0_1.0d [205:18]
    |       |--SEMI -> ; [205:24]
    |       |--EXPR -> EXPR [206:16]
    |       |   `--ASSIGN -> = [206:16]
    |       |       |--IDENT -> vdouble [206:8]
    |       |       `--NUM_DOUBLE -> 0_1.0D [206:18]
    |       |--SEMI -> ; [206:24]
    |       |--EXPR -> EXPR [207:16]
    |       |   `--ASSIGN -> = [207:16]
    |       |       |--IDENT -> vdouble [207:8]
    |       |       `--NUM_FLOAT -> 4e23 [207:18]
    |       |--SEMI -> ; [207:22]
    |       |--EXPR -> EXPR [208:16]
    |       |   `--ASSIGN -> = [208:16]
    |       |       |--IDENT -> vdouble [208:8]
    |       |       `--NUM_FLOAT -> 4E23 [208:18]
    |       |--SEMI -> ; [208:22]
    |       |--EXPR -> EXPR [209:16]
    |       |   `--ASSIGN -> = [209:16]
    |       |       |--IDENT -> vdouble [209:8]
    |       |       `--NUM_FLOAT -> 4E2_3 [209:18]
    |       |--SEMI -> ; [209:23]
    |       |--EXPR -> EXPR [210:16]
    |       |   `--ASSIGN -> = [210:16]
    |       |       |--IDENT -> vdouble [210:8]
    |       |       `--NUM_FLOAT -> 0x0.0000000000001p-1022 [210:18]
    |       |--SEMI -> ; [210:41]
    |       |--EXPR -> EXPR [211:16]
    |       |   `--ASSIGN -> = [211:16]
    |       |       |--IDENT -> vdouble [211:8]
    |       |       `--NUM_FLOAT -> 0x0.0000000000001P-1022 [211:18]
    |       |--SEMI -> ; [211:41]
    |       |--EXPR -> EXPR [212:16]
    |       |   `--ASSIGN -> = [212:16]
    |       |       |--IDENT -> vdouble [212:8]
    |       |       `--NUM_FLOAT -> 0X0.0000000000001p+1022 [212:18]
    |       |--SEMI -> ; [212:41]
    |       |--EXPR -> EXPR [213:16]
    |       |   `--ASSIGN -> = [213:16]
    |       |       |--IDENT -> vdouble [213:8]
    |       |       `--NUM_FLOAT -> 0X0.0000000000001P+1022 [213:18]
    |       |--SEMI -> ; [213:41]
    |       |--EXPR -> EXPR [214:16]
    |       |   `--ASSIGN -> = [214:16]
    |       |       |--IDENT -> vdouble [214:8]
    |       |       `--NUM_FLOAT -> 0x.0P0 [214:18]
    |       |--SEMI -> ; [214:24]
    |       |--EXPR -> EXPR [215:16]
    |       |   `--ASSIGN -> = [215:16]
    |       |       |--IDENT -> vdouble [215:8]
    |       |       `--NUM_FLOAT -> 0X0p+2 [215:18]
    |       |--SEMI -> ; [215:24]
    |       |--EXPR -> EXPR [216:16]
    |       |   `--ASSIGN -> = [216:16]
    |       |       |--IDENT -> vdouble [216:8]
    |       |       `--NUM_FLOAT -> 0X0p+20F [216:18]
    |       |--SEMI -> ; [216:26]
    |       |--EXPR -> EXPR [217:16]
    |       |   `--ASSIGN -> = [217:16]
    |       |       |--IDENT -> vdouble [217:8]
    |       |       `--NUM_DOUBLE -> 0X0p+2D [217:18]
    |       |--SEMI -> ; [217:25]
    |       |--EXPR -> EXPR [218:16]
    |       |   `--ASSIGN -> = [218:16]
    |       |       |--IDENT -> vdouble [218:8]
    |       |       `--NUM_DOUBLE -> 0X0p+2d [218:18]
    |       |--SEMI -> ; [218:25]
    |       |--EXPR -> EXPR [219:16]
    |       |   `--ASSIGN -> = [219:16]
    |       |       |--IDENT -> vdouble [219:8]
    |       |       `--NUM_FLOAT -> 0x1.P-1 [219:18]
    |       |--SEMI -> ; [219:25]
    |       |--EXPR -> EXPR [220:16]
    |       |   `--ASSIGN -> = [220:16]
    |       |       |--IDENT -> vdouble [220:8]
    |       |       `--NUM_FLOAT -> 0x.1___AFp1 [220:18]
    |       |--SEMI -> ; [220:29]
    |       |--EXPR -> EXPR [221:16]
    |       |   `--ASSIGN -> = [221:16]
    |       |       |--IDENT -> vstring [221:8]
    |       |       `--LITERAL_NULL -> null [221:18]
    |       |--SEMI -> ; [221:22]
    |       |--EXPR -> EXPR [222:16]
    |       |   `--ASSIGN -> = [222:16]
    |       |       |--IDENT -> vstring [222:8]
    |       |       `--STRING_LITERAL -> "" [222:18]
    |       |--SEMI -> ; [222:20]
    |       |--EXPR -> EXPR [223:16]
    |       |   `--ASSIGN -> = [223:16]
    |       |       |--IDENT -> vstring [223:8]
    |       |       `--STRING_LITERAL -> "\\" [223:18]
    |       |--SEMI -> ; [223:22]
    |       |--EXPR -> EXPR [226:13]
    |       |   `--ASSIGN -> = [226:13]
    |       |       |--IDENT -> vint [226:8]
    |       |       `--PLUS -> + [226:17]
    |       |           |--NUM_INT -> 1 [226:15]
    |       |           `--NUM_INT -> 1 [226:19]
    |       |--SEMI -> ; [226:20]
    |       |--EXPR -> EXPR [227:13]
    |       |   `--ASSIGN -> = [227:13]
    |       |       |--IDENT -> vint [227:8]
    |       |       `--MINUS -> - [227:17]
    |       |           |--NUM_INT -> 1 [227:15]
    |       |           `--NUM_INT -> 1 [227:19]
    |       |--SEMI -> ; [227:20]
    |       |--EXPR -> EXPR [228:13]
    |       |   `--ASSIGN -> = [228:13]
    |       |       |--IDENT -> vint [228:8]
    |       |       `--STAR -> * [228:17]
    |       |           |--NUM_INT -> 1 [228:15]
    |       |           `--NUM_INT -> 1 [228:19]
    |       |--SEMI -> ; [228:20]
    |       |--EXPR -> EXPR [229:13]
    |       |   `--ASSIGN -> = [229:13]
    |       |       |--IDENT -> vint [229:8]
    |       |       `--DIV -> / [229:17]
    |       |           |--NUM_INT -> 1 [229:15]
    |       |           `--NUM_INT -> 1 [229:19]
    |       |--SEMI -> ; [229:20]
    |       |--EXPR -> EXPR [230:13]
    |       |   `--ASSIGN -> = [230:13]
    |       |       |--IDENT -> vint [230:8]
    |       |       `--MOD -> % [230:17]
    |       |           |--NUM_INT -> 1 [230:15]
    |       |           `--NUM_INT -> 1 [230:19]
    |       |--SEMI -> ; [230:20]
    |       |--EXPR -> EXPR [231:13]
    |       |   `--ASSIGN -> = [231:13]
    |       |       |--IDENT -> vint [231:8]
    |       |       `--BAND -> & [231:17]
    |       |           |--NUM_INT -> 1 [231:15]
    |       |           `--NUM_INT -> 1 [231:19]
    |       |--SEMI -> ; [231:20]
    |       |--EXPR -> EXPR [232:13]
    |       |   `--ASSIGN -> = [232:13]
    |       |       |--IDENT -> vint [232:8]
    |       |       `--BOR -> | [232:17]
    |       |           |--NUM_INT -> 1 [232:15]
    |       |           `--NUM_INT -> 1 [232:19]
    |       |--SEMI -> ; [232:20]
    |       |--EXPR -> EXPR [233:13]
    |       |   `--ASSIGN -> = [233:13]
    |       |       |--IDENT -> vint [233:8]
    |       |       `--BXOR -> ^ [233:17]
    |       |           |--NUM_INT -> 1 [233:15]
    |       |           `--NUM_INT -> 1 [233:19]
    |       |--SEMI -> ; [233:20]
    |       |--EXPR -> EXPR [234:13]
    |       |   `--ASSIGN -> = [234:13]
    |       |       |--IDENT -> vint [234:8]
    |       |       `--BNOT -> ~ [234:15]
    |       |           `--NUM_INT -> 1 [234:16]
    |       |--SEMI -> ; [234:17]
    |       |--EXPR -> EXPR [235:17]
    |       |   `--ASSIGN -> = [235:17]
    |       |       |--IDENT -> vboolean [235:8]
    |       |       `--NOT_EQUAL -> != [235:21]
    |       |           |--NUM_INT -> 1 [235:19]
    |       |           `--NUM_INT -> 0 [235:24]
    |       |--SEMI -> ; [235:25]
    |       |--EXPR -> EXPR [236:17]
    |       |   `--ASSIGN -> = [236:17]
    |       |       |--IDENT -> vboolean [236:8]
    |       |       `--EQUAL -> == [236:21]
    |       |           |--NUM_INT -> 1 [236:19]
    |       |           `--NUM_INT -> 0 [236:24]
    |       |--SEMI -> ; [236:25]
    |       |--EXPR -> EXPR [237:17]
    |       |   `--ASSIGN -> = [237:17]
    |       |       |--IDENT -> vboolean [237:8]
    |       |       `--GT -> > [237:21]
    |       |           |--NUM_INT -> 1 [237:19]
    |       |           `--NUM_INT -> 0 [237:23]
    |       |--SEMI -> ; [237:24]
    |       |--EXPR -> EXPR [238:17]
    |       |   `--ASSIGN -> = [238:17]
    |       |       |--IDENT -> vboolean [238:8]
    |       |       `--GE -> >= [238:21]
    |       |           |--NUM_INT -> 1 [238:19]
    |       |           `--NUM_INT -> 0 [238:24]
    |       |--SEMI -> ; [238:25]
    |       |--EXPR -> EXPR [239:17]
    |       |   `--ASSIGN -> = [239:17]
    |       |       |--IDENT -> vboolean [239:8]
    |       |       `--LT -> < [239:21]
    |       |           |--NUM_INT -> 1 [239:19]
    |       |           `--NUM_INT -> 0 [239:23]
    |       |--SEMI -> ; [239:24]
    |       |--EXPR -> EXPR [240:17]
    |       |   `--ASSIGN -> = [240:17]
    |       |       |--IDENT -> vboolean [240:8]
    |       |       `--LE -> <= [240:21]
    |       |           |--NUM_INT -> 1 [240:19]
    |       |           `--NUM_INT -> 0 [240:24]
    |       |--SEMI -> ; [240:25]
    |       |--EXPR -> EXPR [241:17]
    |       |   `--ASSIGN -> = [241:17]
    |       |       |--IDENT -> vboolean [241:8]
    |       |       `--LAND -> && [241:24]
    |       |           |--LITERAL_TRUE -> true [241:19]
    |       |           `--LITERAL_TRUE -> true [241:27]
    |       |--SEMI -> ; [241:31]
    |       |--EXPR -> EXPR [242:17]
    |       |   `--ASSIGN -> = [242:17]
    |       |       |--IDENT -> vboolean [242:8]
    |       |       `--LOR -> || [242:24]
    |       |           |--LITERAL_TRUE -> true [242:19]
    |       |           `--LITERAL_TRUE -> true [242:27]
    |       |--SEMI -> ; [242:31]
    |       |--EXPR -> EXPR [243:17]
    |       |   `--ASSIGN -> = [243:17]
    |       |       |--IDENT -> vboolean [243:8]
    |       |       `--QUESTION -> ? [243:24]
    |       |           |--LITERAL_TRUE -> true [243:19]
    |       |           |--LITERAL_TRUE -> true [243:26]
    |       |           |--COLON -> : [243:31]
    |       |           `--LITERAL_FALSE -> false [243:33]
    |       |--SEMI -> ; [243:38]
    |       |--EXPR -> EXPR [244:17]
    |       |   `--ASSIGN -> = [244:17]
    |       |       |--IDENT -> vboolean [244:8]
    |       |       `--LNOT -> ! [244:19]
    |       |           `--LITERAL_TRUE -> true [244:20]
    |       |--SEMI -> ; [244:24]
    |       |--EXPR -> EXPR [245:17]
    |       |   `--ASSIGN -> = [245:17]
    |       |       |--IDENT -> vboolean [245:8]
    |       |       `--LITERAL_INSTANCEOF -> instanceof [245:22]
    |       |           |--IDENT -> f9 [245:19]
    |       |           `--TYPE -> TYPE [245:33]
    |       |               `--IDENT -> Object [245:33]
    |       |--SEMI -> ; [245:39]
    |       |--EXPR -> EXPR [246:13]
    |       |   `--ASSIGN -> = [246:13]
    |       |       |--IDENT -> vint [246:8]
    |       |       `--SL -> << [246:17]
    |       |           |--NUM_INT -> 1 [246:15]
    |       |           `--NUM_INT -> 1 [246:20]
    |       |--SEMI -> ; [246:21]
    |       |--EXPR -> EXPR [247:13]
    |       |   `--ASSIGN -> = [247:13]
    |       |       |--IDENT -> vint [247:8]
    |       |       `--SR -> >> [247:17]
    |       |           |--NUM_INT -> 1 [247:15]
    |       |           `--NUM_INT -> 1 [247:20]
    |       |--SEMI -> ; [247:21]
    |       |--EXPR -> EXPR [248:13]
    |       |   `--ASSIGN -> = [248:13]
    |       |       |--IDENT -> vint [248:8]
    |       |       `--BSR -> >>> [248:17]
    |       |           |--NUM_INT -> 1 [248:15]
    |       |           `--NUM_INT -> 1 [248:21]
    |       |--SEMI -> ; [248:22]
    |       |--EXPR -> EXPR [249:13]
    |       |   `--PLUS_ASSIGN -> += [249:13]
    |       |       |--IDENT -> vint [249:8]
    |       |       `--NUM_INT -> 1 [249:16]
    |       |--SEMI -> ; [249:17]
    |       |--EXPR -> EXPR [250:13]
    |       |   `--MINUS_ASSIGN -> -= [250:13]
    |       |       |--IDENT -> vint [250:8]
    |       |       `--NUM_INT -> 1 [250:16]
    |       |--SEMI -> ; [250:17]
    |       |--EXPR -> EXPR [251:13]
    |       |   `--STAR_ASSIGN -> *= [251:13]
    |       |       |--IDENT -> vint [251:8]
    |       |       `--NUM_INT -> 1 [251:16]
    |       |--SEMI -> ; [251:17]
    |       |--EXPR -> EXPR [252:13]
    |       |   `--DIV_ASSIGN -> /= [252:13]
    |       |       |--IDENT -> vint [252:8]
    |       |       `--NUM_INT -> 1 [252:16]
    |       |--SEMI -> ; [252:17]
    |       |--EXPR -> EXPR [253:13]
    |       |   `--MOD_ASSIGN -> %= [253:13]
    |       |       |--IDENT -> vint [253:8]
    |       |       `--NUM_INT -> 1 [253:16]
    |       |--SEMI -> ; [253:17]
    |       |--EXPR -> EXPR [254:13]
    |       |   `--BAND_ASSIGN -> &= [254:13]
    |       |       |--IDENT -> vint [254:8]
    |       |       `--NUM_INT -> 1 [254:16]
    |       |--SEMI -> ; [254:17]
    |       |--EXPR -> EXPR [255:13]
    |       |   `--BOR_ASSIGN -> |= [255:13]
    |       |       |--IDENT -> vint [255:8]
    |       |       `--NUM_INT -> 1 [255:16]
    |       |--SEMI -> ; [255:17]
    |       |--EXPR -> EXPR [256:13]
    |       |   `--BXOR_ASSIGN -> ^= [256:13]
    |       |       |--IDENT -> vint [256:8]
    |       |       `--NUM_INT -> 1 [256:16]
    |       |--SEMI -> ; [256:17]
    |       |--EXPR -> EXPR [257:13]
    |       |   `--SL_ASSIGN -> <<= [257:13]
    |       |       |--IDENT -> vint [257:8]
    |       |       `--NUM_INT -> 1 [257:17]
    |       |--SEMI -> ; [257:18]
    |       |--EXPR -> EXPR [258:13]
    |       |   `--SR_ASSIGN -> >>= [258:13]
    |       |       |--IDENT -> vint [258:8]
    |       |       `--NUM_INT -> 1 [258:17]
    |       |--SEMI -> ; [258:18]
    |       |--EXPR -> EXPR [259:13]
    |       |   `--BSR_ASSIGN -> >>>= [259:13]
    |       |       |--IDENT -> vint [259:8]
    |       |       `--NUM_INT -> 1 [259:18]
    |       |--SEMI -> ; [259:19]
    |       |--EXPR -> EXPR [260:12]
    |       |   `--POST_INC -> ++ [260:12]
    |       |       `--IDENT -> vint [260:8]
    |       |--SEMI -> ; [260:14]
    |       |--EXPR -> EXPR [261:12]
    |       |   `--POST_DEC -> -- [261:12]
    |       |       `--IDENT -> vint [261:8]
    |       |--SEMI -> ; [261:14]
    |       |--EXPR -> EXPR [262:8]
    |       |   `--INC -> ++ [262:8]
    |       |       `--IDENT -> vint [262:10]
    |       |--SEMI -> ; [262:14]
    |       |--EXPR -> EXPR [263:8]
    |       |   `--DEC -> -- [263:8]
    |       |       `--IDENT -> vint [263:10]
    |       |--SEMI -> ; [263:14]
    |       |--VARIABLE_DEF -> VARIABLE_DEF [264:14]
    |       |   |--MODIFIERS -> MODIFIERS [264:14]
    |       |   |--TYPE -> TYPE [264:14]
    |       |   |   `--ARRAY_DECLARATOR -> [ [264:14]
    |       |   |       |--IDENT -> String [264:8]
    |       |   |       `--RBRACK -> ] [264:15]
    |       |   |--IDENT -> arrayinit [264:17]
    |       |   `--ASSIGN -> = [264:27]
    |       |       `--ARRAY_INIT -> { [264:29]
    |       |           `--RCURLY -> } [264:30]
    |       |--SEMI -> ; [264:31]
    |       |--VARIABLE_DEF -> VARIABLE_DEF [265:14]
    |       |   |--MODIFIERS -> MODIFIERS [265:14]
    |       |   |--TYPE -> TYPE [265:14]
    |       |   |   `--ARRAY_DECLARATOR -> [ [265:14]
    |       |   |       |--IDENT -> String [265:8]
    |       |   |       `--RBRACK -> ] [265:15]
    |       |   |--IDENT -> arrayinit2 [265:17]
    |       |   `--ASSIGN -> = [265:28]
    |       |       `--ARRAY_INIT -> { [265:30]
    |       |           |--EXPR -> EXPR [265:31]
    |       |           |   `--STRING_LITERAL -> "" [265:31]
    |       |           `--RCURLY -> } [265:33]
    |       |--SEMI -> ; [265:34]
    |       |--VARIABLE_DEF -> VARIABLE_DEF [266:14]
    |       |   |--MODIFIERS -> MODIFIERS [266:14]
    |       |   |--TYPE -> TYPE [266:14]
    |       |   |   `--ARRAY_DECLARATOR -> [ [266:14]
    |       |   |       |--IDENT -> String [266:8]
    |       |   |       `--RBRACK -> ] [266:15]
    |       |   |--IDENT -> arrayinit3 [266:17]
    |       |   `--ASSIGN -> = [266:28]
    |       |       `--ARRAY_INIT -> { [266:30]
    |       |           |--EXPR -> EXPR [266:31]
    |       |           |   `--STRING_LITERAL -> "" [266:31]
    |       |           |--COMMA -> , [266:33]
    |       |           |--EXPR -> EXPR [266:35]
    |       |           |   `--STRING_LITERAL -> "" [266:35]
    |       |           |--COMMA -> , [266:37]
    |       |           `--RCURLY -> } [266:38]
    |       |--SEMI -> ; [266:39]
    |       |--EXPR -> EXPR [269:15]
    |       |   `--ASSIGN -> = [269:15]
    |       |       |--IDENT -> varray [269:8]
    |       |       `--LITERAL_NEW -> new [269:17]
    |       |           |--LITERAL_INT -> int [269:21]
    |       |           |--ARRAY_DECLARATOR -> [ [269:24]
    |       |           |   `--RBRACK -> ] [269:25]
    |       |           `--ARRAY_INIT -> { [269:26]
    |       |               `--RCURLY -> } [269:27]
    |       |--SEMI -> ; [269:28]
    |       |--EXPR -> EXPR [270:15]
    |       |   `--ASSIGN -> = [270:15]
    |       |       |--IDENT -> varray [270:8]
    |       |       `--LITERAL_NEW -> new [270:17]
    |       |           |--LITERAL_INT -> int [270:21]
    |       |           |--ARRAY_DECLARATOR -> [ [270:24]
    |       |           |   `--RBRACK -> ] [270:25]
    |       |           `--ARRAY_INIT -> { [270:26]
    |       |               |--EXPR -> EXPR [270:27]
    |       |               |   `--NUM_INT -> 0 [270:27]
    |       |               `--RCURLY -> } [270:28]
    |       |--SEMI -> ; [270:29]
    |       |--EXPR -> EXPR [271:15]
    |       |   `--ASSIGN -> = [271:15]
    |       |       |--IDENT -> varray [271:8]
    |       |       `--LITERAL_NEW -> new [271:17]
    |       |           |--LITERAL_INT -> int [271:21]
    |       |           |--ARRAY_DECLARATOR -> [ [271:24]
    |       |           |   `--RBRACK -> ] [271:25]
    |       |           `--ARRAY_INIT -> { [271:26]
    |       |               |--EXPR -> EXPR [271:27]
    |       |               |   `--NUM_INT -> 0 [271:27]
    |       |               |--COMMA -> , [271:28]
    |       |               |--EXPR -> EXPR [271:30]
    |       |               |   `--NUM_INT -> 1 [271:30]
    |       |               `--RCURLY -> } [271:31]
    |       |--SEMI -> ; [271:32]
    |       |--EXPR -> EXPR [272:15]
    |       |   `--ASSIGN -> = [272:15]
    |       |       |--IDENT -> varray [272:8]
    |       |       `--LITERAL_NEW -> new [272:17]
    |       |           |--LITERAL_INT -> int [272:21]
    |       |           `--ARRAY_DECLARATOR -> [ [272:24]
    |       |               |--EXPR -> EXPR [272:25]
    |       |               |   `--NUM_INT -> 5 [272:25]
    |       |               `--RBRACK -> ] [272:26]
    |       |--SEMI -> ; [272:27]
    |       |--EXPR -> EXPR [273:14]
    |       |   `--ASSIGN -> = [273:14]
    |       |       |--IDENT -> vlist [273:8]
    |       |       `--LITERAL_NEW -> new [273:16]
    |       |           |--IDENT -> ArrayList [273:20]
    |       |           |--TYPE_ARGUMENTS -> TYPE_ARGUMENTS [273:29]
    |       |           |   |--GENERIC_START -> < [273:29]
    |       |           |   |--TYPE_ARGUMENT -> TYPE_ARGUMENT [273:30]
    |       |           |   |   `--IDENT -> String [273:30]
    |       |           |   `--GENERIC_END -> > [273:36]
    |       |           |--LPAREN -> ( [273:37]
    |       |           |--ELIST -> ELIST [273:38]
    |       |           `--RPAREN -> ) [273:38]
    |       |--SEMI -> ; [273:39]
    |       |--EXPR -> EXPR [274:13]
    |       |   `--ASSIGN -> = [274:13]
    |       |       |--IDENT -> vmap [274:8]
    |       |       `--LITERAL_NEW -> new [274:15]
    |       |           |--IDENT -> HashMap [274:19]
    |       |           |--TYPE_ARGUMENTS -> TYPE_ARGUMENTS [274:26]
    |       |           |   |--GENERIC_START -> < [274:26]
    |       |           |   |--TYPE_ARGUMENT -> TYPE_ARGUMENT [274:27]
    |       |           |   |   `--IDENT -> String [274:27]
    |       |           |   |--COMMA -> , [274:33]
    |       |           |   |--TYPE_ARGUMENT -> TYPE_ARGUMENT [274:41]
    |       |           |   |   `--ARRAY_DECLARATOR -> [ [274:41]
    |       |           |   |       |--IDENT -> String [274:35]
    |       |           |   |       `--RBRACK -> ] [274:42]
    |       |           |   `--GENERIC_END -> > [274:43]
    |       |           |--LPAREN -> ( [274:44]
    |       |           |--ELIST -> ELIST [274:45]
    |       |           `--RPAREN -> ) [274:45]
    |       |--SEMI -> ; [274:46]
    |       |--VARIABLE_DEF -> VARIABLE_DEF [275:8]
    |       |   |--MODIFIERS -> MODIFIERS [275:8]
    |       |   |--TYPE -> TYPE [275:8]
    |       |   |   `--IDENT -> Object [275:8]
    |       |   |--IDENT -> anonymous [275:15]
    |       |   `--ASSIGN -> = [275:25]
    |       |       `--EXPR -> EXPR [275:27]
    |       |           `--LITERAL_NEW -> new [275:27]
    |       |               |--IDENT -> InputRegressionJavaClass1 [275:31]
    |       |               |--LPAREN -> ( [275:56]
    |       |               |--ELIST -> ELIST [275:57]
    |       |               |--RPAREN -> ) [275:57]
    |       |               `--OBJBLOCK -> OBJBLOCK [275:59]
    |       |                   |--LCURLY -> { [275:59]
    |       |                   `--RCURLY -> } [275:60]
    |       |--SEMI -> ; [275:61]
    |       |--EMPTY_STAT -> ; [278:8]
    |       |--EXPR -> EXPR [279:16]
    |       |   `--ASSIGN -> = [279:16]
    |       |       |--DOT -> . [279:12]
    |       |       |   |--LITERAL_THIS -> this [279:8]
    |       |       |   `--IDENT -> f1 [279:13]
    |       |       `--NUM_INT -> 0 [279:18]
    |       |--SEMI -> ; [279:19]
    |       |--LABELED_STAT -> : [282:19]
    |       |   |--IDENT -> test_label1 [282:8]
    |       |   `--SLIST -> { [285:8]
    |       |       `--RCURLY -> } [285:9]
    |       |--LITERAL_IF -> if [286:8]
    |       |   |--LPAREN -> ( [286:11]
    |       |   |--EXPR -> EXPR [286:12]
    |       |   |   `--LITERAL_TRUE -> true [286:12]
    |       |   |--RPAREN -> ) [286:16]
    |       |   `--EMPTY_STAT -> ; [286:18]
    |       |--LITERAL_IF -> if [287:8]
    |       |   |--LPAREN -> ( [287:11]
    |       |   |--EXPR -> EXPR [287:12]
    |       |   |   `--LITERAL_TRUE -> true [287:12]
    |       |   |--RPAREN -> ) [287:16]
    |       |   `--SLIST -> { [287:18]
    |       |       `--RCURLY -> } [287:19]
    |       |--LITERAL_IF -> if [288:8]
    |       |   |--LPAREN -> ( [288:11]
    |       |   |--EXPR -> EXPR [288:12]
    |       |   |   `--LITERAL_TRUE -> true [288:12]
    |       |   |--RPAREN -> ) [288:16]
    |       |   |--SLIST -> { [288:18]
    |       |   |   `--RCURLY -> } [288:19]
    |       |   `--LITERAL_ELSE -> else [288:21]
    |       |       `--EMPTY_STAT -> ; [288:26]
    |       |--LITERAL_IF -> if [289:8]
    |       |   |--LPAREN -> ( [289:11]
    |       |   |--EXPR -> EXPR [289:12]
    |       |   |   `--LITERAL_TRUE -> true [289:12]
    |       |   |--RPAREN -> ) [289:16]
    |       |   |--SLIST -> { [289:18]
    |       |   |   `--RCURLY -> } [289:19]
    |       |   `--LITERAL_ELSE -> else [289:21]
    |       |       `--SLIST -> { [289:26]
    |       |           `--RCURLY -> } [289:27]
    |       |--LITERAL_IF -> if [290:8]
    |       |   |--LPAREN -> ( [290:11]
    |       |   |--EXPR -> EXPR [290:12]
    |       |   |   `--IDENT -> b [290:12]
    |       |   |--RPAREN -> ) [290:13]
    |       |   `--SLIST -> { [290:15]
    |       |       |--LITERAL_FOR -> for [290:17]
    |       |       |   |--LPAREN -> ( [290:21]
    |       |       |   |--FOR_INIT -> FOR_INIT [290:22]
    |       |       |   |--SEMI -> ; [290:22]
    |       |       |   |--FOR_CONDITION -> FOR_CONDITION [290:23]
    |       |       |   |--SEMI -> ; [290:23]
    |       |       |   |--FOR_ITERATOR -> FOR_ITERATOR [290:24]
    |       |       |   |--RPAREN -> ) [290:24]
    |       |       |   `--EMPTY_STAT -> ; [290:26]
    |       |       `--RCURLY -> } [290:28]
    |       |--LITERAL_IF -> if [291:8]
    |       |   |--LPAREN -> ( [291:11]
    |       |   |--EXPR -> EXPR [291:12]
    |       |   |   `--IDENT -> b [291:12]
    |       |   |--RPAREN -> ) [291:13]
    |       |   `--SLIST -> { [291:15]
    |       |       |--LITERAL_FOR -> for [291:17]
    |       |       |   |--LPAREN -> ( [291:21]
    |       |       |   |--FOR_INIT -> FOR_INIT [291:22]
    |       |       |   |--SEMI -> ; [291:22]
    |       |       |   |--FOR_CONDITION -> FOR_CONDITION [291:23]
    |       |       |   |--SEMI -> ; [291:23]
    |       |       |   |--FOR_ITERATOR -> FOR_ITERATOR [291:24]
    |       |       |   |--RPAREN -> ) [291:24]
    |       |       |   `--SLIST -> { [291:26]
    |       |       |       `--RCURLY -> } [291:27]
    |       |       `--RCURLY -> } [291:29]
    |       |--LITERAL_FOR -> for [292:8]
    |       |   |--LPAREN -> ( [292:12]
    |       |   |--FOR_INIT -> FOR_INIT [292:13]
    |       |   |   `--VARIABLE_DEF -> VARIABLE_DEF [292:13]
    |       |   |       |--MODIFIERS -> MODIFIERS [292:13]
    |       |   |       |--TYPE -> TYPE [292:13]
    |       |   |       |   `--LITERAL_INT -> int [292:13]
    |       |   |       |--IDENT -> i [292:17]
    |       |   |       `--ASSIGN -> = [292:19]
    |       |   |           `--EXPR -> EXPR [292:21]
    |       |   |               `--NUM_INT -> 0 [292:21]
    |       |   |--SEMI -> ; [292:22]
    |       |   |--FOR_CONDITION -> FOR_CONDITION [292:26]
    |       |   |   `--EXPR -> EXPR [292:26]
    |       |   |       `--LT -> < [292:26]
    |       |   |           |--IDENT -> i [292:24]
    |       |   |           `--NUM_INT -> 1 [292:28]
    |       |   |--SEMI -> ; [292:29]
    |       |   |--FOR_ITERATOR -> FOR_ITERATOR [292:32]
    |       |   |   `--ELIST -> ELIST [292:32]
    |       |   |       `--EXPR -> EXPR [292:32]
    |       |   |           `--POST_INC -> ++ [292:32]
    |       |   |               `--IDENT -> i [292:31]
    |       |   |--RPAREN -> ) [292:34]
    |       |   `--SLIST -> { [292:36]
    |       |       `--RCURLY -> } [292:37]
    |       |--LITERAL_FOR -> for [293:8]
    |       |   |--LPAREN -> ( [293:12]
    |       |   |--FOR_INIT -> FOR_INIT [293:13]
    |       |   |   |--VARIABLE_DEF -> VARIABLE_DEF [293:13]
    |       |   |   |   |--MODIFIERS -> MODIFIERS [293:13]
    |       |   |   |   |--TYPE -> TYPE [293:13]
    |       |   |   |   |   `--LITERAL_INT -> int [293:13]
    |       |   |   |   |--IDENT -> i [293:17]
    |       |   |   |   `--ASSIGN -> = [293:19]
    |       |   |   |       `--EXPR -> EXPR [293:21]
    |       |   |   |           `--NUM_INT -> 0 [293:21]
    |       |   |   |--COMMA -> , [293:22]
    |       |   |   `--VARIABLE_DEF -> VARIABLE_DEF [293:13]
    |       |   |       |--MODIFIERS -> MODIFIERS [293:13]
    |       |   |       |--TYPE -> TYPE [293:13]
    |       |   |       |   `--LITERAL_INT -> int [293:13]
    |       |   |       |--IDENT -> j [293:24]
    |       |   |       `--ASSIGN -> = [293:26]
    |       |   |           `--EXPR -> EXPR [293:28]
    |       |   |               `--NUM_INT -> 0 [293:28]
    |       |   |--SEMI -> ; [293:29]
    |       |   |--FOR_CONDITION -> FOR_CONDITION [293:33]
    |       |   |   `--EXPR -> EXPR [293:33]
    |       |   |       `--LT -> < [293:33]
    |       |   |           |--IDENT -> i [293:31]
    |       |   |           `--NUM_INT -> 1 [293:35]
    |       |   |--SEMI -> ; [293:36]
    |       |   |--FOR_ITERATOR -> FOR_ITERATOR [293:39]
    |       |   |   `--ELIST -> ELIST [293:39]
    |       |   |       |--EXPR -> EXPR [293:39]
    |       |   |       |   `--POST_INC -> ++ [293:39]
    |       |   |       |       `--IDENT -> i [293:38]
    |       |   |       |--COMMA -> , [293:41]
    |       |   |       `--EXPR -> EXPR [293:45]
    |       |   |           `--PLUS_ASSIGN -> += [293:45]
    |       |   |               |--IDENT -> j [293:43]
    |       |   |               `--NUM_INT -> 2 [293:48]
    |       |   |--RPAREN -> ) [293:49]
    |       |   `--SLIST -> { [293:51]
    |       |       `--RCURLY -> } [293:52]
    |       |--LITERAL_FOR -> for [294:8]
    |       |   |--LPAREN -> ( [294:12]
    |       |   |--FOR_EACH_CLAUSE -> FOR_EACH_CLAUSE [294:13]
    |       |   |   |--VARIABLE_DEF -> VARIABLE_DEF [294:13]
    |       |   |   |   |--MODIFIERS -> MODIFIERS [294:13]
    |       |   |   |   |--TYPE -> TYPE [294:13]
    |       |   |   |   |   `--LITERAL_INT -> int [294:13]
    |       |   |   |   `--IDENT -> value [294:17]
    |       |   |   |--COLON -> : [294:22]
    |       |   |   `--EXPR -> EXPR [294:24]
    |       |   |       `--LITERAL_NEW -> new [294:24]
    |       |   |           |--LITERAL_INT -> int [294:28]
    |       |   |           |--ARRAY_DECLARATOR -> [ [294:31]
    |       |   |           |   `--RBRACK -> ] [294:32]
    |       |   |           `--ARRAY_INIT -> { [294:33]
    |       |   |               `--RCURLY -> } [294:34]
    |       |   |--RPAREN -> ) [294:35]
    |       |   `--EMPTY_STAT -> ; [294:37]
    |       |--LITERAL_FOR -> for [295:8]
    |       |   |--LPAREN -> ( [295:12]
    |       |   |--FOR_EACH_CLAUSE -> FOR_EACH_CLAUSE [295:13]
    |       |   |   |--VARIABLE_DEF -> VARIABLE_DEF [295:13]
    |       |   |   |   |--MODIFIERS -> MODIFIERS [295:13]
    |       |   |   |   |--TYPE -> TYPE [295:13]
    |       |   |   |   |   `--IDENT -> String [295:13]
    |       |   |   |   `--IDENT -> s [295:20]
    |       |   |   |--COLON -> : [295:22]
    |       |   |   `--EXPR -> EXPR [295:24]
    |       |   |       `--LITERAL_NEW -> new [295:24]
    |       |   |           |--IDENT -> String [295:28]
    |       |   |           |--ARRAY_DECLARATOR -> [ [295:34]
    |       |   |           |   `--RBRACK -> ] [295:35]
    |       |   |           `--ARRAY_INIT -> { [295:36]
    |       |   |               `--RCURLY -> } [295:37]
    |       |   |--RPAREN -> ) [295:38]
    |       |   `--EMPTY_STAT -> ; [295:40]
    |       |--LITERAL_FOR -> for [296:8]
    |       |   |--LPAREN -> ( [296:12]
    |       |   |--FOR_EACH_CLAUSE -> FOR_EACH_CLAUSE [296:13]
    |       |   |   |--VARIABLE_DEF -> VARIABLE_DEF [296:13]
    |       |   |   |   |--MODIFIERS -> MODIFIERS [296:13]
    |       |   |   |   |   `--FINAL -> final [296:13]
    |       |   |   |   |--TYPE -> TYPE [296:19]
    |       |   |   |   |   `--IDENT -> String [296:19]
    |       |   |   |   `--IDENT -> s [296:26]
    |       |   |   |--COLON -> : [296:28]
    |       |   |   `--EXPR -> EXPR [296:30]
    |       |   |       `--LITERAL_NEW -> new [296:30]
    |       |   |           |--IDENT -> String [296:34]
    |       |   |           |--ARRAY_DECLARATOR -> [ [296:40]
    |       |   |           |   `--RBRACK -> ] [296:41]
    |       |   |           `--ARRAY_INIT -> { [296:42]
    |       |   |               `--RCURLY -> } [296:43]
    |       |   |--RPAREN -> ) [296:44]
    |       |   `--EMPTY_STAT -> ; [296:46]
    |       |--LITERAL_IF -> if [297:8]
    |       |   |--LPAREN -> ( [297:11]
    |       |   |--EXPR -> EXPR [297:12]
    |       |   |   `--IDENT -> b [297:12]
    |       |   |--RPAREN -> ) [297:13]
    |       |   `--SLIST -> { [297:15]
    |       |       |--LITERAL_WHILE -> while [297:17]
    |       |       |   |--LPAREN -> ( [297:23]
    |       |       |   |--EXPR -> EXPR [297:24]
    |       |       |   |   `--LITERAL_TRUE -> true [297:24]
    |       |       |   |--RPAREN -> ) [297:28]
    |       |       |   `--EMPTY_STAT -> ; [297:30]
    |       |       `--RCURLY -> } [297:32]
    |       |--LITERAL_IF -> if [298:8]
    |       |   |--LPAREN -> ( [298:11]
    |       |   |--EXPR -> EXPR [298:12]
    |       |   |   `--IDENT -> b [298:12]
    |       |   |--RPAREN -> ) [298:13]
    |       |   `--SLIST -> { [298:15]
    |       |       |--LITERAL_WHILE -> while [298:17]
    |       |       |   |--LPAREN -> ( [298:23]
    |       |       |   |--EXPR -> EXPR [298:24]
    |       |       |   |   `--LITERAL_TRUE -> true [298:24]
    |       |       |   |--RPAREN -> ) [298:28]
    |       |       |   `--SLIST -> { [298:30]
    |       |       |       `--RCURLY -> } [298:31]
    |       |       `--RCURLY -> } [298:33]
    |       |--LITERAL_DO -> do [299:8]
    |       |   |--SLIST -> { [299:11]
    |       |   |   `--RCURLY -> } [299:12]
    |       |   |--DO_WHILE -> while [299:14]
    |       |   |--LPAREN -> ( [299:20]
    |       |   |--EXPR -> EXPR [299:21]
    |       |   |   `--LITERAL_FALSE -> false [299:21]
    |       |   |--RPAREN -> ) [299:26]
    |       |   `--SEMI -> ; [299:27]
    |       |--LITERAL_SYNCHRONIZED -> synchronized [300:8]
    |       |   |--LPAREN -> ( [300:21]
    |       |   |--EXPR -> EXPR [300:22]
    |       |   |   `--IDENT -> f9 [300:22]
    |       |   |--RPAREN -> ) [300:24]
    |       |   `--SLIST -> { [300:26]
    |       |       `--RCURLY -> } [300:27]
    |       |--LITERAL_SWITCH -> switch [302:8]
    |       |   |--LPAREN -> ( [302:15]
    |       |   |--EXPR -> EXPR [302:16]
    |       |   |   `--NUM_INT -> 0 [302:16]
    |       |   |--RPAREN -> ) [302:17]
    |       |   |--LCURLY -> { [302:19]
    |       |   |--CASE_GROUP -> CASE_GROUP [303:12]
    |       |   |   |--LITERAL_CASE -> case [303:12]
    |       |   |   |   |--EXPR -> EXPR [303:17]
    |       |   |   |   |   `--NUM_INT -> 1 [303:17]
    |       |   |   |   `--COLON -> : [303:18]
    |       |   |   |--LITERAL_CASE -> case [304:12]
    |       |   |   |   |--EXPR -> EXPR [304:17]
    |       |   |   |   |   `--NUM_INT -> 0 [304:17]
    |       |   |   |   `--COLON -> : [304:18]
    |       |   |   `--SLIST -> SLIST [304:20]
    |       |   |       `--LITERAL_BREAK -> break [304:20]
    |       |   |           `--SEMI -> ; [304:25]
    |       |   |--CASE_GROUP -> CASE_GROUP [305:12]
    |       |   |   |--LITERAL_DEFAULT -> default [305:12]
    |       |   |   |   `--COLON -> : [305:19]
    |       |   |   `--SLIST -> SLIST [305:21]
    |       |   |       `--LITERAL_BREAK -> break [305:21]
    |       |   |           `--SEMI -> ; [305:26]
    |       |   `--RCURLY -> } [306:8]
    |       |--LITERAL_TRY -> try [308:8]
    |       |   |--SLIST -> { [308:12]
    |       |   |   |--LITERAL_IF -> if [309:12]
    |       |   |   |   |--LPAREN -> ( [309:15]
    |       |   |   |   |--EXPR -> EXPR [309:16]
    |       |   |   |   |   `--IDENT -> b [309:16]
    |       |   |   |   |--RPAREN -> ) [309:17]
    |       |   |   |   `--SLIST -> { [309:19]
    |       |   |   |       |--LITERAL_THROW -> throw [309:21]
    |       |   |   |       |   |--EXPR -> EXPR [309:27]
    |       |   |   |       |   |   `--LITERAL_NEW -> new [309:27]
    |       |   |   |       |   |       |--IDENT -> IOException [309:31]
    |       |   |   |       |   |       |--LPAREN -> ( [309:42]
    |       |   |   |       |   |       |--ELIST -> ELIST [309:43]
    |       |   |   |       |   |       `--RPAREN -> ) [309:43]
    |       |   |   |       |   `--SEMI -> ; [309:44]
    |       |   |   |       `--RCURLY -> } [309:46]
    |       |   |   |--LITERAL_IF -> if [310:12]
    |       |   |   |   |--LPAREN -> ( [310:15]
    |       |   |   |   |--EXPR -> EXPR [310:16]
    |       |   |   |   |   `--IDENT -> b [310:16]
    |       |   |   |   |--RPAREN -> ) [310:17]
    |       |   |   |   `--SLIST -> { [310:19]
    |       |   |   |       |--LITERAL_THROW -> throw [310:21]
    |       |   |   |       |   |--EXPR -> EXPR [310:27]
    |       |   |   |       |   |   `--LITERAL_NEW -> new [310:27]
    |       |   |   |       |   |       |--IDENT -> ArrayIndexOutOfBoundsException [310:31]
    |       |   |   |       |   |       |--LPAREN -> ( [310:61]
    |       |   |   |       |   |       |--ELIST -> ELIST [310:62]
    |       |   |   |       |   |       `--RPAREN -> ) [310:62]
    |       |   |   |       |   `--SEMI -> ; [310:63]
    |       |   |   |       `--RCURLY -> } [310:65]
    |       |   |   |--LITERAL_THROW -> throw [311:12]
    |       |   |   |   |--EXPR -> EXPR [311:18]
    |       |   |   |   |   `--LITERAL_NEW -> new [311:18]
    |       |   |   |   |       |--IDENT -> Exception [311:22]
    |       |   |   |   |       |--LPAREN -> ( [311:31]
    |       |   |   |   |       |--ELIST -> ELIST [311:32]
    |       |   |   |   |       `--RPAREN -> ) [311:32]
    |       |   |   |   `--SEMI -> ; [311:33]
    |       |   |   `--RCURLY -> } [312:8]
    |       |   |--LITERAL_CATCH -> catch [312:10]
    |       |   |   |--LPAREN -> ( [312:16]
    |       |   |   |--PARAMETER_DEF -> PARAMETER_DEF [312:29]
    |       |   |   |   |--MODIFIERS -> MODIFIERS [312:29]
    |       |   |   |   |--TYPE -> TYPE [312:29]
    |       |   |   |   |   `--BOR -> | [312:29]
    |       |   |   |   |       |--IDENT -> IOException [312:17]
    |       |   |   |   |       `--IDENT -> ArrayIndexOutOfBoundsException [312:31]
    |       |   |   |   `--IDENT -> e [312:62]
    |       |   |   |--RPAREN -> ) [312:63]
    |       |   |   `--SLIST -> { [312:65]
    |       |   |       `--RCURLY -> } [313:8]
    |       |   |--LITERAL_CATCH -> catch [313:10]
    |       |   |   |--LPAREN -> ( [313:16]
    |       |   |   |--PARAMETER_DEF -> PARAMETER_DEF [313:17]
    |       |   |   |   |--MODIFIERS -> MODIFIERS [313:17]
    |       |   |   |   |--TYPE -> TYPE [313:17]
    |       |   |   |   |   `--IDENT -> Exception [313:17]
    |       |   |   |   `--IDENT -> e [313:27]
    |       |   |   |--RPAREN -> ) [313:28]
    |       |   |   `--SLIST -> { [313:30]
    |       |   |       `--RCURLY -> } [314:8]
    |       |   `--LITERAL_FINALLY -> finally [314:10]
    |       |       `--SLIST -> { [314:18]
    |       |           `--RCURLY -> } [314:19]
    |       |--LITERAL_TRY -> try [315:8]
    |       |   |--RESOURCE_SPECIFICATION -> RESOURCE_SPECIFICATION [315:12]
    |       |   |   |--LPAREN -> ( [315:12]
    |       |   |   |--RESOURCES -> RESOURCES [315:13]
    |       |   |   |   `--RESOURCE -> RESOURCE [315:13]
    |       |   |   |       |--MODIFIERS -> MODIFIERS [315:13]
    |       |   |   |       |--TYPE -> TYPE [315:13]
    |       |   |   |       |   `--IDENT -> BufferedReader [315:13]
    |       |   |   |       |--IDENT -> br [315:28]
    |       |   |   |       `--ASSIGN -> = [315:31]
    |       |   |   |           `--EXPR -> EXPR [315:33]
    |       |   |   |               `--LITERAL_NEW -> new [315:33]
    |       |   |   |                   |--IDENT -> BufferedReader [315:37]
    |       |   |   |                   |--LPAREN -> ( [315:51]
    |       |   |   |                   |--ELIST -> ELIST [315:52]
    |       |   |   |                   |   `--EXPR -> EXPR [315:52]
    |       |   |   |                   |       `--LITERAL_NEW -> new [315:52]
    |       |   |   |                   |           |--IDENT -> InputStreamReader [315:56]
    |       |   |   |                   |           |--LPAREN -> ( [315:73]
    |       |   |   |                   |           |--ELIST -> ELIST [315:74]
    |       |   |   |                   |           |   |--EXPR -> EXPR [315:74]
    |       |   |   |                   |           |   |   `--LITERAL_NULL -> null [315:74]
    |       |   |   |                   |           |   |--COMMA -> , [315:78]
    |       |   |   |                   |           |   `--EXPR -> EXPR [315:80]
    |       |   |   |                   |           |       `--STRING_LITERAL -> "utf-8" [315:80]
    |       |   |   |                   |           `--RPAREN -> ) [315:87]
    |       |   |   |                   `--RPAREN -> ) [315:88]
    |       |   |   `--RPAREN -> ) [315:89]
    |       |   `--SLIST -> { [315:91]
    |       |       `--RCURLY -> } [315:92]
    |       |--LITERAL_TRY -> try [316:8]
    |       |   |--RESOURCE_SPECIFICATION -> RESOURCE_SPECIFICATION [316:12]
    |       |   |   |--LPAREN -> ( [316:12]
    |       |   |   |--RESOURCES -> RESOURCES [316:13]
    |       |   |   |   |--RESOURCE -> RESOURCE [316:13]
    |       |   |   |   |   |--MODIFIERS -> MODIFIERS [316:13]
    |       |   |   |   |   |--TYPE -> TYPE [316:13]
    |       |   |   |   |   |   `--IDENT -> BufferedReader [316:13]
    |       |   |   |   |   |--IDENT -> br1 [316:28]
    |       |   |   |   |   `--ASSIGN -> = [316:32]
    |       |   |   |   |       `--EXPR -> EXPR [316:34]
    |       |   |   |   |           `--LITERAL_NEW -> new [316:34]
    |       |   |   |   |               |--IDENT -> BufferedReader [316:38]
    |       |   |   |   |               |--LPAREN -> ( [316:52]
    |       |   |   |   |               |--ELIST -> ELIST [316:53]
    |       |   |   |   |               |   `--EXPR -> EXPR [316:53]
    |       |   |   |   |               |       `--LITERAL_NEW -> new [316:53]
    |       |   |   |   |               |           |--IDENT -> InputStreamReader [316:57]
    |       |   |   |   |               |           |--LPAREN -> ( [316:74]
    |       |   |   |   |               |           |--ELIST -> ELIST [316:75]
    |       |   |   |   |               |           |   |--EXPR -> EXPR [316:75]
    |       |   |   |   |               |           |   |   `--LITERAL_NULL -> null [316:75]
    |       |   |   |   |               |           |   |--COMMA -> , [316:79]
    |       |   |   |   |               |           |   `--EXPR -> EXPR [316:81]
    |       |   |   |   |               |           |       `--STRING_LITERAL -> "utf-8" [316:81]
    |       |   |   |   |               |           `--RPAREN -> ) [316:88]
    |       |   |   |   |               `--RPAREN -> ) [316:89]
    |       |   |   |   |--SEMI -> ; [316:90]
    |       |   |   |   `--RESOURCE -> RESOURCE [317:16]
    |       |   |   |       |--MODIFIERS -> MODIFIERS [317:16]
    |       |   |   |       |--TYPE -> TYPE [317:16]
    |       |   |   |       |   `--IDENT -> BufferedReader [317:16]
    |       |   |   |       |--IDENT -> br2 [317:31]
    |       |   |   |       `--ASSIGN -> = [317:35]
    |       |   |   |           `--EXPR -> EXPR [317:37]
    |       |   |   |               `--LITERAL_NEW -> new [317:37]
    |       |   |   |                   |--IDENT -> BufferedReader [317:41]
    |       |   |   |                   |--LPAREN -> ( [317:55]
    |       |   |   |                   |--ELIST -> ELIST [317:56]
    |       |   |   |                   |   `--EXPR -> EXPR [317:56]
    |       |   |   |                   |       `--LITERAL_NEW -> new [317:56]
    |       |   |   |                   |           |--IDENT -> InputStreamReader [317:60]
    |       |   |   |                   |           |--LPAREN -> ( [317:77]
    |       |   |   |                   |           |--ELIST -> ELIST [317:78]
    |       |   |   |                   |           |   |--EXPR -> EXPR [317:78]
    |       |   |   |                   |           |   |   `--LITERAL_NULL -> null [317:78]
    |       |   |   |                   |           |   |--COMMA -> , [317:82]
    |       |   |   |                   |           |   `--EXPR -> EXPR [317:84]
    |       |   |   |                   |           |       `--STRING_LITERAL -> "utf-8" [317:84]
    |       |   |   |                   |           `--RPAREN -> ) [317:91]
    |       |   |   |                   `--RPAREN -> ) [317:92]
    |       |   |   |--SEMI -> ; [317:93]
    |       |   |   `--RPAREN -> ) [317:94]
    |       |   `--SLIST -> { [317:96]
    |       |       `--RCURLY -> } [317:97]
    |       |--EXPR -> EXPR [320:14]
    |       |   `--ASSIGN -> = [320:14]
    |       |       |--IDENT -> test4 [320:8]
    |       |       `--DOT -> . [320:41]
    |       |           |--IDENT -> InputRegressionJavaClass1 [320:16]
    |       |           `--LITERAL_CLASS -> class [320:42]
    |       |--SEMI -> ; [320:47]
    |       |--EXPR -> EXPR [321:14]
    |       |   `--ASSIGN -> = [321:14]
    |       |       |--IDENT -> test4 [321:8]
    |       |       `--DOT -> . [321:22]
    |       |           |--ARRAY_DECLARATOR -> [ [321:20]
    |       |           |   |--IDENT -> List [321:16]
    |       |           |   `--RBRACK -> ] [321:21]
    |       |           `--LITERAL_CLASS -> class [321:23]
    |       |--SEMI -> ; [321:28]
    |       |--EXPR -> EXPR [322:14]
    |       |   `--ASSIGN -> = [322:14]
    |       |       |--IDENT -> test4 [322:8]
    |       |       `--DOT -> . [322:25]
    |       |           |--ARRAY_DECLARATOR -> [ [322:23]
    |       |           |   |--LITERAL_BOOLEAN -> boolean [322:16]
    |       |           |   `--RBRACK -> ] [322:24]
    |       |           `--LITERAL_CLASS -> class [322:26]
    |       |--SEMI -> ; [322:31]
    |       |--EXPR -> EXPR [323:18]
    |       |   `--ASSIGN -> = [323:18]
    |       |       |--INDEX_OP -> [ [323:14]
    |       |       |   |--IDENT -> varray [323:8]
    |       |       |   |--EXPR -> EXPR [323:15]
    |       |       |   |   `--NUM_INT -> 0 [323:15]
    |       |       |   `--RBRACK -> ] [323:16]
    |       |       `--NUM_INT -> 0 [323:20]
    |       |--SEMI -> ; [323:21]
    |       |--LITERAL_FOR -> for [324:8]
    |       |   |--LPAREN -> ( [324:12]
    |       |   |--FOR_EACH_CLAUSE -> FOR_EACH_CLAUSE [324:19]
    |       |   |   |--VARIABLE_DEF -> VARIABLE_DEF [324:19]
    |       |   |   |   |--MODIFIERS -> MODIFIERS [324:19]
    |       |   |   |   |--TYPE -> TYPE [324:19]
    |       |   |   |   |   `--ARRAY_DECLARATOR -> [ [324:19]
    |       |   |   |   |       |--IDENT -> String [324:13]
    |       |   |   |   |       `--RBRACK -> ] [324:20]
    |       |   |   |   `--IDENT -> s [324:22]
    |       |   |   |--COLON -> : [324:24]
    |       |   |   `--EXPR -> EXPR [324:26]
    |       |   |       `--LITERAL_NEW -> new [324:26]
    |       |   |           |--IDENT -> String [324:30]
    |       |   |           |--ARRAY_DECLARATOR -> [ [324:38]
    |       |   |           |   |--ARRAY_DECLARATOR -> [ [324:36]
    |       |   |           |   |   `--RBRACK -> ] [324:37]
    |       |   |           |   `--RBRACK -> ] [324:39]
    |       |   |           `--ARRAY_INIT -> { [324:40]
    |       |   |               |--ARRAY_INIT -> { [324:41]
    |       |   |               |   `--RCURLY -> } [324:42]
    |       |   |               `--RCURLY -> } [324:43]
    |       |   |--RPAREN -> ) [324:44]
    |       |   `--EMPTY_STAT -> ; [324:46]
    |       |--LITERAL_FOR -> for [325:8]
    |       |   |--LPAREN -> ( [325:12]
    |       |   |--FOR_EACH_CLAUSE -> FOR_EACH_CLAUSE [325:16]
    |       |   |   |--VARIABLE_DEF -> VARIABLE_DEF [325:16]
    |       |   |   |   |--MODIFIERS -> MODIFIERS [325:16]
    |       |   |   |   |--TYPE -> TYPE [325:16]
    |       |   |   |   |   `--DOT -> . [325:16]
    |       |   |   |   |       |--IDENT -> Map [325:13]
    |       |   |   |   |       |--IDENT -> Entry [325:17]
    |       |   |   |   |       `--TYPE_ARGUMENTS -> TYPE_ARGUMENTS [325:22]
    |       |   |   |   |           |--GENERIC_START -> < [325:22]
    |       |   |   |   |           |--TYPE_ARGUMENT -> TYPE_ARGUMENT [325:23]
    |       |   |   |   |           |   `--IDENT -> String [325:23]
    |       |   |   |   |           |--COMMA -> , [325:29]
    |       |   |   |   |           |--TYPE_ARGUMENT -> TYPE_ARGUMENT [325:37]
    |       |   |   |   |           |   `--ARRAY_DECLARATOR -> [ [325:37]
    |       |   |   |   |           |       |--IDENT -> String [325:31]
    |       |   |   |   |           |       `--RBRACK -> ] [325:38]
    |       |   |   |   |           `--GENERIC_END -> > [325:39]
    |       |   |   |   `--IDENT -> e [325:41]
    |       |   |   |--COLON -> : [325:43]
    |       |   |   `--EXPR -> EXPR [325:58]
    |       |   |       `--METHOD_CALL -> ( [325:58]
    |       |   |           |--DOT -> . [325:49]
    |       |   |           |   |--IDENT -> vmap [325:45]
    |       |   |           |   `--IDENT -> entrySet [325:50]
    |       |   |           |--ELIST -> ELIST [325:59]
    |       |   |           `--RPAREN -> ) [325:59]
    |       |   |--RPAREN -> ) [325:60]
    |       |   `--SLIST -> { [325:62]
    |       |       `--RCURLY -> } [325:64]
    |       |--LITERAL_FOR -> for [328:8]
    |       |   |--LPAREN -> ( [328:12]
    |       |   |--FOR_INIT -> FOR_INIT [328:13]
    |       |   |--SEMI -> ; [328:13]
    |       |   |--FOR_CONDITION -> FOR_CONDITION [328:14]
    |       |   |--SEMI -> ; [328:14]
    |       |   |--FOR_ITERATOR -> FOR_ITERATOR [328:15]
    |       |   |--RPAREN -> ) [328:15]
    |       |   `--SLIST -> { [328:17]
    |       |       |--LITERAL_BREAK -> break [328:18]
    |       |       |   `--SEMI -> ; [328:23]
    |       |       `--RCURLY -> } [328:24]
    |       |--LABELED_STAT -> : [329:19]
    |       |   |--IDENT -> test_label2 [329:8]
    |       |   `--LITERAL_FOR -> for [330:8]
    |       |       |--LPAREN -> ( [330:12]
    |       |       |--FOR_INIT -> FOR_INIT [330:13]
    |       |       |--SEMI -> ; [330:13]
    |       |       |--FOR_CONDITION -> FOR_CONDITION [330:14]
    |       |       |--SEMI -> ; [330:14]
    |       |       |--FOR_ITERATOR -> FOR_ITERATOR [330:15]
    |       |       |--RPAREN -> ) [330:15]
    |       |       `--SLIST -> { [330:17]
    |       |           |--LITERAL_BREAK -> break [330:18]
    |       |           |   |--IDENT -> test_label2 [330:24]
    |       |           |   `--SEMI -> ; [330:35]
    |       |           `--RCURLY -> } [330:36]
    |       |--LITERAL_IF -> if [331:8]
    |       |   |--LPAREN -> ( [331:11]
    |       |   |--EXPR -> EXPR [331:12]
    |       |   |   `--IDENT -> b [331:12]
    |       |   |--RPAREN -> ) [331:13]
    |       |   `--SLIST -> { [331:15]
    |       |       |--LITERAL_FOR -> for [331:17]
    |       |       |   |--LPAREN -> ( [331:21]
    |       |       |   |--FOR_INIT -> FOR_INIT [331:22]
    |       |       |   |--SEMI -> ; [331:22]
    |       |       |   |--FOR_CONDITION -> FOR_CONDITION [331:23]
    |       |       |   |--SEMI -> ; [331:23]
    |       |       |   |--FOR_ITERATOR -> FOR_ITERATOR [331:24]
    |       |       |   |--RPAREN -> ) [331:24]
    |       |       |   `--SLIST -> { [331:26]
    |       |       |       |--LITERAL_CONTINUE -> continue [331:27]
    |       |       |       |   `--SEMI -> ; [331:35]
    |       |       |       `--RCURLY -> } [331:36]
    |       |       `--RCURLY -> } [331:38]
    |       |--LITERAL_IF -> if [332:8]
    |       |   |--LPAREN -> ( [332:11]
    |       |   |--EXPR -> EXPR [332:12]
    |       |   |   `--IDENT -> b [332:12]
    |       |   |--RPAREN -> ) [332:13]
    |       |   `--SLIST -> { [332:15]
    |       |       |--LABELED_STAT -> : [332:28]
    |       |       |   |--IDENT -> test_label3 [332:17]
    |       |       |   `--LITERAL_FOR -> for [332:30]
    |       |       |       |--LPAREN -> ( [332:34]
    |       |       |       |--FOR_INIT -> FOR_INIT [332:35]
    |       |       |       |--SEMI -> ; [332:35]
    |       |       |       |--FOR_CONDITION -> FOR_CONDITION [332:36]
    |       |       |       |--SEMI -> ; [332:36]
    |       |       |       |--FOR_ITERATOR -> FOR_ITERATOR [332:37]
    |       |       |       |--RPAREN -> ) [332:37]
    |       |       |       `--SLIST -> { [332:39]
    |       |       |           |--LITERAL_CONTINUE -> continue [332:40]
    |       |       |           |   |--IDENT -> test_label3 [332:49]
    |       |       |           |   `--SEMI -> ; [332:60]
    |       |       |           `--RCURLY -> } [332:61]
    |       |       `--RCURLY -> } [332:63]
    |       |--LITERAL_IF -> if [333:8]
    |       |   |--LPAREN -> ( [333:11]
    |       |   |--EXPR -> EXPR [333:12]
    |       |   |   `--LITERAL_FALSE -> false [333:12]
    |       |   |--RPAREN -> ) [333:17]
    |       |   `--LITERAL_RETURN -> return [333:19]
    |       |       `--SEMI -> ; [333:25]
    |       |--LITERAL_IF -> if [334:8]
    |       |   |--LPAREN -> ( [334:11]
    |       |   |--EXPR -> EXPR [334:12]
    |       |   |   `--LITERAL_FALSE -> false [334:12]
    |       |   |--RPAREN -> ) [334:17]
    |       |   `--LITERAL_THROW -> throw [334:19]
    |       |       |--EXPR -> EXPR [334:25]
    |       |       |   `--LITERAL_NEW -> new [334:25]
    |       |       |       |--IDENT -> Exception [334:29]
    |       |       |       |--LPAREN -> ( [334:38]
    |       |       |       |--ELIST -> ELIST [334:39]
    |       |       |       `--RPAREN -> ) [334:39]
    |       |       `--SEMI -> ; [334:40]
    |       |--LITERAL_ASSERT -> assert [335:8]
    |       |   |--EXPR -> EXPR [335:14]
    |       |   |   |--LPAREN -> ( [335:14]
    |       |   |   |--LITERAL_FALSE -> false [335:15]
    |       |   |   `--RPAREN -> ) [335:20]
    |       |   `--SEMI -> ; [335:21]
    |       |--LITERAL_ASSERT -> assert [336:8]
    |       |   |--EXPR -> EXPR [336:15]
    |       |   |   `--LITERAL_TRUE -> true [336:15]
    |       |   |--COLON -> : [336:20]
    |       |   |--EXPR -> EXPR [336:22]
    |       |   |   `--STRING_LITERAL -> "false" [336:22]
    |       |   `--SEMI -> ; [336:29]
    |       |--EXPR -> EXPR [337:11]
    |       |   `--ASSIGN -> = [337:11]
    |       |       |--IDENT -> f9 [337:8]
    |       |       `--TYPECAST -> ( [337:13]
    |       |           |--TYPE -> TYPE [337:14]
    |       |           |   `--IDENT -> Object [337:14]
    |       |           |--RPAREN -> ) [337:20]
    |       |           `--IDENT -> f9 [337:22]
    |       |--SEMI -> ; [337:24]
    |       |--EXPR -> EXPR [338:17]
    |       |   `--METHOD_CALL -> ( [338:17]
    |       |       |--DOT -> . [338:10]
    |       |       |   |--IDENT -> f9 [338:8]
    |       |       |   `--IDENT -> equals [338:11]
    |       |       |--ELIST -> ELIST [338:18]
    |       |       |   `--EXPR -> EXPR [338:18]
    |       |       |       |--LPAREN -> ( [338:18]
    |       |       |       |--LPAREN -> ( [338:19]
    |       |       |       |--ASSIGN -> = [338:28]
    |       |       |       |   |--IDENT -> vstring [338:20]
    |       |       |       |   `--STRING_LITERAL -> "" [338:30]
    |       |       |       |--RPAREN -> ) [338:32]
    |       |       |       `--RPAREN -> ) [338:33]
    |       |       `--RPAREN -> ) [338:34]
    |       |--SEMI -> ; [338:35]
    |       |--LITERAL_FOR -> for [339:8]
    |       |   |--LPAREN -> ( [339:12]
    |       |   |--FOR_INIT -> FOR_INIT [339:13]
    |       |   |   `--VARIABLE_DEF -> VARIABLE_DEF [339:13]
    |       |   |       |--MODIFIERS -> MODIFIERS [339:13]
    |       |   |       |--TYPE -> TYPE [339:13]
    |       |   |       |   `--LITERAL_INT -> int [339:13]
    |       |   |       |--IDENT -> i [339:17]
    |       |   |       `--ASSIGN -> = [339:19]
    |       |   |           `--EXPR -> EXPR [339:21]
    |       |   |               `--NUM_INT -> 0 [339:21]
    |       |   |--SEMI -> ; [339:22]
    |       |   |--FOR_CONDITION -> FOR_CONDITION [339:24]
    |       |   |   `--EXPR -> EXPR [339:24]
    |       |   |       |--LPAREN -> ( [339:24]
    |       |   |       |--LT -> < [339:29]
    |       |   |       |   |--LPAREN -> ( [339:25]
    |       |   |       |   |--IDENT -> i [339:26]
    |       |   |       |   |--RPAREN -> ) [339:27]
    |       |   |       |   |--LPAREN -> ( [339:31]
    |       |   |       |   |--PLUS -> + [339:33]
    |       |   |       |   |   |--NUM_INT -> 6 [339:32]
    |       |   |       |   |   `--NUM_INT -> 6 [339:34]
    |       |   |       |   `--RPAREN -> ) [339:35]
    |       |   |       `--RPAREN -> ) [339:36]
    |       |   |--SEMI -> ; [339:37]
    |       |   |--FOR_ITERATOR -> FOR_ITERATOR [339:40]
    |       |   |   `--ELIST -> ELIST [339:40]
    |       |   |       `--EXPR -> EXPR [339:40]
    |       |   |           `--POST_INC -> ++ [339:40]
    |       |   |               `--IDENT -> i [339:39]
    |       |   |--RPAREN -> ) [339:42]
    |       |   `--EMPTY_STAT -> ; [339:44]
    |       |--LITERAL_IF -> if [340:8]
    |       |   |--LPAREN -> ( [340:11]
    |       |   |--EXPR -> EXPR [340:12]
    |       |   |   |--LPAREN -> ( [340:12]
    |       |   |   |--BAND -> & [340:15]
    |       |   |   |   |--IDENT -> b [340:13]
    |       |   |   |   `--IDENT -> b [340:17]
    |       |   |   `--RPAREN -> ) [340:18]
    |       |   |--RPAREN -> ) [340:19]
    |       |   `--SLIST -> { [340:21]
    |       |       `--RCURLY -> } [340:22]
    |       |--EXPR -> EXPR [343:13]
    |       |   `--ASSIGN -> = [343:13]
    |       |       |--IDENT -> vint [343:8]
    |       |       `--QUESTION -> ? [343:24]
    |       |           |--IDENT -> vboolean [343:15]
    |       |           |--LPAREN -> ( [343:26]
    |       |           |--ASSIGN -> = [343:32]
    |       |           |   |--IDENT -> vint [343:27]
    |       |           |   `--NUM_INT -> 1 [343:34]
    |       |           |--RPAREN -> ) [343:35]
    |       |           |--COLON -> : [343:37]
    |       |           |--LPAREN -> ( [343:39]
    |       |           |--ASSIGN -> = [343:45]
    |       |           |   |--IDENT -> vint [343:40]
    |       |           |   `--NUM_INT -> 0 [343:47]
    |       |           `--RPAREN -> ) [343:48]
    |       |--SEMI -> ; [343:49]
    |       |--EXPR -> EXPR [344:21]
    |       |   `--ASSIGN -> = [344:21]
    |       |       |--INDEX_OP -> [ [344:14]
    |       |       |   |--IDENT -> varray [344:8]
    |       |       |   |--EXPR -> EXPR [344:15]
    |       |       |   |   `--IDENT -> vint [344:15]
    |       |       |   `--RBRACK -> ] [344:19]
    |       |       `--METHOD_CALL -> ( [344:39]
    |       |           |--DOT -> . [344:30]
    |       |           |   |--IDENT -> Integer [344:23]
    |       |           |   `--IDENT -> parseInt [344:31]
    |       |           |--ELIST -> ELIST [344:40]
    |       |           |   `--EXPR -> EXPR [344:40]
    |       |           |       `--STRING_LITERAL -> "0" [344:40]
    |       |           `--RPAREN -> ) [344:43]
    |       |--SEMI -> ; [344:44]
    |       `--RCURLY -> } [345:4]
    |--ANNOTATION_DEF -> ANNOTATION_DEF [347:4]
    |   |--MODIFIERS -> MODIFIERS [347:4]
    |   |   `--LITERAL_PUBLIC -> public [347:4]
    |   |--AT -> @ [347:11]
    |   |--LITERAL_INTERFACE -> interface [347:12]
    |   |--IDENT -> innerAnnotation [347:22]
    |   `--OBJBLOCK -> OBJBLOCK [347:38]
    |       |--LCURLY -> { [347:38]
    |       `--RCURLY -> } [347:39]
    `--RCURLY -> } [348:0]]
> but was:<...DEF -> package [1:0][
|--ANNOTATIONS -> ANNOTATIONS [1:39]
|--DOT -> . [1:39]
|   |--DOT -> . [1:28]
|   |   |--DOT -> . [1:22]
|   |   |   |--DOT -> . [1:11]
|   |   |   |   |--IDENT -> com [1:8]
|   |   |   |   `--IDENT -> puppycrawl [1:12]
|   |   |   `--IDENT -> tools [1:23]
|   |   `--IDENT -> checkstyle [1:29]
|   `--IDENT -> grammar [1:40]
`--SEMI -> ; [1:47]
STATIC_IMPORT -> import [3:0]
|--LITERAL_STATIC -> static [3:7]
|--DOT -> . [3:30]
|   |--DOT -> . [3:23]
|   |   |--DOT -> . [3:18]
|   |   |   |--IDENT -> java [3:14]
|   |   |   `--IDENT -> lang [3:19]
|   |   `--IDENT -> String [3:24]
|   `--IDENT -> valueOf [3:31]
`--SEMI -> ; [3:38]
IMPORT -> import [5:0]
|--DOT -> . [5:14]
|   |--DOT -> . [5:11]
|   |   |--IDENT -> java [5:7]
|   |   `--IDENT -> io [5:12]
|   `--IDENT -> BufferedReader [5:15]
`--SEMI -> ; [5:29]
IMPORT -> import [6:0]
|--DOT -> . [6:14]
|   |--DOT -> . [6:11]
|   |   |--IDENT -> java [6:7]
|   |   `--IDENT -> io [6:12]
|   `--IDENT -> FileNotFoundException [6:15]
`--SEMI -> ; [6:36]
IMPORT -> import [7:0]
|--DOT -> . [7:14]
|   |--DOT -> . [7:11]
|   |   |--IDENT -> java [7:7]
|   |   `--IDENT -> io [7:12]
|   `--IDENT -> IOException [7:15]
`--SEMI -> ; [7:26]
IMPORT -> import [8:0]
|--DOT -> . [8:14]
|   |--DOT -> . [8:11]
|   |   |--IDENT -> java [8:7]
|   |   `--IDENT -> io [8:12]
|   `--IDENT -> InputStreamReader [8:15]
`--SEMI -> ; [8:32]
IMPORT -> import [9:0]
|--DOT -> . [9:16]
|   |--DOT -> . [9:11]
|   |   |--IDENT -> java [9:7]
|   |   `--IDENT -> util [9:12]
|   `--IDENT -> ArrayList [9:17]
`--SEMI -> ; [9:26]
IMPORT -> import [10:0]
|--DOT -> . [10:16]
|   |--DOT -> . [10:11]
|   |   |--IDENT -> java [10:7]
|   |   `--IDENT -> util [10:12]
|   `--IDENT -> HashMap [10:17]
`--SEMI -> ; [10:24]
IMPORT -> import [11:0]
|--DOT -> . [11:16]
|   |--DOT -> . [11:11]
|   |   |--IDENT -> java [11:7]
|   |   `--IDENT -> util [11:12]
|   `--IDENT -> Iterator [11:17]
`--SEMI -> ; [11:25]
IMPORT -> import [12:0]
|--DOT -> . [12:16]
|   |--DOT -> . [12:11]
|   |   |--IDENT -> java [12:7]
|   |   `--IDENT -> util [12:12]
|   `--IDENT -> List [12:17]
`--SEMI -> ; [12:21]
IMPORT -> import [13:0]
|--DOT -> . [13:16]
|   |--DOT -> . [13:11]
|   |   |--IDENT -> java [13:7]
|   |   `--IDENT -> util [13:12]
|   `--IDENT -> Map [13:17]
`--SEMI -> ; [13:20]
IMPORT -> import [15:0]
|--DOT -> . [15:16]
|   |--DOT -> . [15:12]
|   |   |--IDENT -> javax [15:7]
|   |   `--IDENT -> xml [15:13]
|   `--STAR -> * [15:17]
`--SEMI -> ; [15:18]
CLASS_DEF -> CLASS_DEF [17:0]
|--MODIFIERS -> MODIFIERS [17:0]
|   `--LITERAL_PUBLIC -> public [17:0]
|--LITERAL_CLASS -> class [17:7]
|--IDENT -> InputRegressionJavaClass1 [17:13]
`--OBJBLOCK -> OBJBLOCK [17:39]
    |--LCURLY -> { [17:39]
    |--VARIABLE_DEF -> VARIABLE_DEF [29:4]
    |   |--MODIFIERS -> MODIFIERS [29:4]
    |   |   `--LITERAL_PUBLIC -> public [29:4]
    |   |--TYPE -> TYPE [29:11]
    |   |   `--LITERAL_INT -> int [29:11]
    |   |--IDENT -> f1 [29:15]
    |   `--SEMI -> ; [29:17]
    |--VARIABLE_DEF -> VARIABLE_DEF [30:4]
    |   |--MODIFIERS -> MODIFIERS [30:4]
    |   |   `--LITERAL_PRIVATE -> private [30:4]
    |   |--TYPE -> TYPE [30:12]
    |   |   `--LITERAL_INT -> int [30:12]
    |   |--IDENT -> f2 [30:16]
    |   `--SEMI -> ; [30:18]
    |--VARIABLE_DEF -> VARIABLE_DEF [31:4]
    |   |--MODIFIERS -> MODIFIERS [31:4]
    |   |   `--LITERAL_PROTECTED -> protected [31:4]
    |   |--TYPE -> TYPE [31:14]
    |   |   `--LITERAL_INT -> int [31:14]
    |   |--IDENT -> f3 [31:18]
    |   `--SEMI -> ; [31:20]
    |--VARIABLE_DEF -> VARIABLE_DEF [32:4]
    |   |--MODIFIERS -> MODIFIERS [32:4]
    |   |--TYPE -> TYPE [32:4]
    |   |   `--LITERAL_INT -> int [32:4]
    |   |--IDENT -> f4 [32:8]
    |   `--SEMI -> ; [32:10]
    |--VARIABLE_DEF -> VARIABLE_DEF [33:4]
    |   |--MODIFIERS -> MODIFIERS [33:4]
    |   |   `--LITERAL_STATIC -> static [33:4]
    |   |--TYPE -> TYPE [33:11]
    |   |   `--LITERAL_INT -> int [33:11]
    |   |--IDENT -> f5 [33:15]
    |   `--SEMI -> ; [33:17]
    |--VARIABLE_DEF -> VARIABLE_DEF [34:4]
    |   |--MODIFIERS -> MODIFIERS [34:4]
    |   |   `--FINAL -> final [34:4]
    |   |--TYPE -> TYPE [34:10]
    |   |   `--LITERAL_INT -> int [34:10]
    |   |--IDENT -> f6 [34:14]
    |   `--SEMI -> ; [34:16]
    |--VARIABLE_DEF -> VARIABLE_DEF [35:4]
    |   |--MODIFIERS -> MODIFIERS [35:4]
    |   |   `--LITERAL_VOLATILE -> volatile [35:4]
    |   |--TYPE -> TYPE [35:13]
    |   |   `--LITERAL_INT -> int [35:13]
    |   |--IDENT -> f7 [35:17]
    |   `--SEMI -> ; [35:19]
    |--VARIABLE_DEF -> VARIABLE_DEF [36:4]
    |   |--MODIFIERS -> MODIFIERS [36:4]
    |   |   `--LITERAL_TRANSIENT -> transient [36:4]
    |   |--TYPE -> TYPE [36:14]
    |   |   `--LITERAL_INT -> int [36:14]
    |   |--IDENT -> f8 [36:18]
    |   `--SEMI -> ; [36:20]
    |--VARIABLE_DEF -> VARIABLE_DEF [37:4]
    |   |--MODIFIERS -> MODIFIERS [37:4]
    |   |--TYPE -> TYPE [37:4]
    |   |   `--IDENT -> Object [37:4]
    |   |--IDENT -> f9 [37:11]
    |   `--SEMI -> ; [37:13]
    |--STATIC_INIT -> STATIC_INIT [40:4]
    |   `--SLIST -> { [40:11]
    |       `--RCURLY -> } [40:12]
    |--CTOR_DEF -> CTOR_DEF [41:4]
    |   |--MODIFIERS -> MODIFIERS [41:4]
    |   |   `--LITERAL_PUBLIC -> public [41:4]
    |   |--IDENT -> InputRegressionJavaClass1 [41:11]
    |   |--LPAREN -> ( [41:36]
    |   |--PARAMETERS -> PARAMETERS [41:37]
    |   |--RPAREN -> ) [41:37]
    |   `--SLIST -> { [41:39]
    |       |--EXPR -> EXPR [41:43]
    |       |   `--ASSIGN -> = [41:43]
    |       |       |--IDENT -> f6 [41:40]
    |       |       `--NUM_INT -> 0 [41:45]
    |       |--SEMI -> ; [41:46]
    |       `--RCURLY -> } [41:47]
    |--CTOR_DEF -> CTOR_DEF [42:4]
    |   |--MODIFIERS -> MODIFIERS [42:4]
    |   |   `--LITERAL_PUBLIC -> public [42:4]
    |   |--IDENT -> InputRegressionJavaClass1 [42:11]
    |   |--LPAREN -> ( [42:36]
    |   |--PARAMETERS -> PARAMETERS [42:37]
    |   |   `--PARAMETER_DEF -> PARAMETER_DEF [42:37]
    |   |       |--MODIFIERS -> MODIFIERS [42:37]
    |   |       |--TYPE -> TYPE [42:37]
    |   |       |   `--LITERAL_INT -> int [42:37]
    |   |       `--IDENT -> i [42:41]
    |   |--RPAREN -> ) [42:42]
    |   `--SLIST -> { [42:44]
    |       |--EXPR -> EXPR [42:53]
    |       |   `--ASSIGN -> = [42:53]
    |       |       |--DOT -> . [42:49]
    |       |       |   |--LITERAL_THIS -> this [42:45]
    |       |       |   `--IDENT -> f6 [42:50]
    |       |       `--IDENT -> i [42:55]
    |       |--SEMI -> ; [42:56]
    |       `--RCURLY -> } [42:57]
    |--CTOR_DEF -> CTOR_DEF [43:4]
    |   |--MODIFIERS -> MODIFIERS [43:4]
    |   |   `--LITERAL_PUBLIC -> public [43:4]
    |   |--IDENT -> InputRegressionJavaClass1 [43:11]
    |   |--LPAREN -> ( [43:36]
    |   |--PARAMETERS -> PARAMETERS [43:37]
    |   |   `--PARAMETER_DEF -> PARAMETER_DEF [43:37]
    |   |       |--MODIFIERS -> MODIFIERS [43:37]
    |   |       |--TYPE -> TYPE [43:37]
    |   |       |   `--LITERAL_FLOAT -> float [43:37]
    |   |       `--IDENT -> f [43:43]
    |   |--RPAREN -> ) [43:44]
    |   `--SLIST -> { [43:46]
    |       |--CTOR_CALL -> this [43:47]
    |       |   |--LPAREN -> ( [43:51]
    |       |   |--ELIST -> ELIST [43:52]
    |       |   |   `--EXPR -> EXPR [43:52]
    |       |   |       `--TYPECAST -> ( [43:52]
    |       |   |           |--TYPE -> TYPE [43:53]
    |       |   |           |   `--LITERAL_INT -> int [43:53]
    |       |   |           |--RPAREN -> ) [43:56]
    |       |   |           `--IDENT -> f [43:57]
    |       |   |--RPAREN -> ) [43:58]
    |       |   `--SEMI -> ; [43:59]
    |       `--RCURLY -> } [43:60]
    |--CTOR_DEF -> CTOR_DEF [44:4]
    |   |--MODIFIERS -> MODIFIERS [44:4]
    |   |--IDENT -> InputRegressionJavaClass1 [44:4]
    |   |--LPAREN -> ( [44:29]
    |   |--PARAMETERS -> PARAMETERS [44:30]
    |   |   `--PARAMETER_DEF -> PARAMETER_DEF [44:30]
    |   |       |--MODIFIERS -> MODIFIERS [44:30]
    |   |       |--TYPE -> TYPE [44:30]
    |   |       |   `--LITERAL_DOUBLE -> double [44:30]
    |   |       `--IDENT -> a [44:37]
    |   |--RPAREN -> ) [44:38]
    |   |--LITERAL_THROWS -> throws [44:40]
    |   |   `--IDENT -> Exception [44:47]
    |   `--SLIST -> { [44:57]
    |       |--EXPR -> EXPR [44:61]
    |       |   `--ASSIGN -> = [44:61]
    |       |       |--IDENT -> f6 [44:58]
    |       |       `--NUM_INT -> 0 [44:63]
    |       |--SEMI -> ; [44:64]
    |       `--RCURLY -> } [44:65]
    |--METHOD_DEF -> METHOD_DEF [48:4]
    |   |--MODIFIERS -> MODIFIERS [48:4]
    |   |   `--LITERAL_NATIVE -> native [48:4]
    |   |--TYPE -> TYPE [48:11]
    |   |   `--LITERAL_VOID -> void [48:11]
    |   |--IDENT -> m1 [48:16]
    |   |--LPAREN -> ( [48:18]
    |   |--PARAMETERS -> PARAMETERS [48:19]
    |   |--RPAREN -> ) [48:19]
    |   `--SEMI -> ; [48:20]
    |--METHOD_DEF -> METHOD_DEF [49:4]
    |   |--MODIFIERS -> MODIFIERS [49:4]
    |   |--TYPE -> TYPE [49:4]
    |   |   `--LITERAL_VOID -> void [49:4]
    |   |--IDENT -> m2 [49:9]
    |   |--LPAREN -> ( [49:11]
    |   |--PARAMETERS -> PARAMETERS [49:12]
    |   |--RPAREN -> ) [49:12]
    |   `--SLIST -> { [49:14]
    |       `--RCURLY -> } [49:15]
    |--METHOD_DEF -> METHOD_DEF [50:4]
    |   |--MODIFIERS -> MODIFIERS [50:4]
    |   |   `--LITERAL_SYNCHRONIZED -> synchronized [50:4]
    |   |--TYPE -> TYPE [50:17]
    |   |   `--LITERAL_VOID -> void [50:17]
    |   |--IDENT -> m4 [50:22]
    |   |--LPAREN -> ( [50:24]
    |   |--PARAMETERS -> PARAMETERS [50:25]
    |   |--RPAREN -> ) [50:25]
    |   `--SLIST -> { [50:27]
    |       `--RCURLY -> } [50:28]
    |--METHOD_DEF -> METHOD_DEF [51:4]
    |   |--MODIFIERS -> MODIFIERS [51:4]
    |   |   `--STRICTFP -> strictfp [51:4]
    |   |--TYPE -> TYPE [51:13]
    |   |   `--LITERAL_VOID -> void [51:13]
    |   |--IDENT -> m5 [51:18]
    |   |--LPAREN -> ( [51:20]
    |   |--PARAMETERS -> PARAMETERS [51:21]
    |   |--RPAREN -> ) [51:21]
    |   `--SLIST -> { [51:23]
    |       `--RCURLY -> } [51:24]
    |--METHOD_DEF -> METHOD_DEF [54:4]
    |   |--MODIFIERS -> MODIFIERS [54:4]
    |   |   `--LITERAL_PUBLIC -> public [54:4]
    |   |--TYPE -> TYPE [54:14]
    |   |   `--ARRAY_DECLARATOR -> [ [54:14]
    |   |       |--LITERAL_INT -> int [54:11]
    |   |       `--RBRACK -> ] [54:15]
    |   |--IDENT -> m6 [54:17]
    |   |--LPAREN -> ( [54:19]
    |   |--PARAMETERS -> PARAMETERS [54:20]
    |   |--RPAREN -> ) [54:20]
    |   `--SLIST -> { [54:22]
    |       |--LITERAL_RETURN -> return [54:23]
    |       |   |--EXPR -> EXPR [54:30]
    |       |   |   `--LITERAL_NULL -> null [54:30]
    |       |   `--SEMI -> ; [54:34]
    |       `--RCURLY -> } [54:35]
    |--METHOD_DEF -> METHOD_DEF [55:4]
    |   |--MODIFIERS -> MODIFIERS [55:4]
    |   |   `--LITERAL_PUBLIC -> public [55:4]
    |   |--TYPE -> TYPE [55:20]
    |   |   `--ARRAY_DECLARATOR -> [ [55:20]
    |   |       |--LITERAL_INT -> int [55:11]
    |   |       `--RBRACK -> ] [55:21]
    |   |--IDENT -> m7 [55:15]
    |   |--LPAREN -> ( [55:17]
    |   |--PARAMETERS -> PARAMETERS [55:18]
    |   |--RPAREN -> ) [55:18]
    |   `--SLIST -> { [55:23]
    |       |--LITERAL_RETURN -> return [55:24]
    |       |   |--EXPR -> EXPR [55:31]
    |       |   |   `--LITERAL_NULL -> null [55:31]
    |       |   `--SEMI -> ; [55:35]
    |       `--RCURLY -> } [55:36]
    |--METHOD_DEF -> METHOD_DEF [58:4]
    |   |--MODIFIERS -> MODIFIERS [58:4]
    |   |   `--LITERAL_PUBLIC -> public [58:4]
    |   |--TYPE -> TYPE [58:11]
    |   |   `--LITERAL_VOID -> void [58:11]
    |   |--IDENT -> m10 [58:16]
    |   |--LPAREN -> ( [58:19]
    |   |--PARAMETERS -> PARAMETERS [58:20]
    |   |   `--PARAMETER_DEF -> PARAMETER_DEF [58:20]
    |   |       |--MODIFIERS -> MODIFIERS [58:20]
    |   |       |--TYPE -> TYPE [58:20]
    |   |       |   `--IDENT -> String [58:20]
    |   |       `--IDENT -> p1 [58:27]
    |   |--RPAREN -> ) [58:29]
    |   `--SLIST -> { [58:31]
    |       `--RCURLY -> } [58:32]
    |--METHOD_DEF -> METHOD_DEF [59:4]
    |   |--MODIFIERS -> MODIFIERS [59:4]
    |   |   `--LITERAL_PUBLIC -> public [59:4]
    |   |--TYPE -> TYPE [59:11]
    |   |   `--LITERAL_VOID -> void [59:11]
    |   |--IDENT -> m11 [59:16]
    |   |--LPAREN -> ( [59:19]
    |   |--PARAMETERS -> PARAMETERS [59:20]
    |   |   `--PARAMETER_DEF -> PARAMETER_DEF [59:20]
    |   |       |--MODIFIERS -> MODIFIERS [59:20]
    |   |       |   `--FINAL -> final [59:20]
    |   |       |--TYPE -> TYPE [59:26]
    |   |       |   `--IDENT -> String [59:26]
    |   |       `--IDENT -> p1 [59:33]
    |   |--RPAREN -> ) [59:35]
    |   `--SLIST -> { [59:37]
    |       `--RCURLY -> } [59:38]
    |--METHOD_DEF -> METHOD_DEF [60:4]
    |   |--MODIFIERS -> MODIFIERS [60:4]
    |   |   `--LITERAL_PUBLIC -> public [60:4]
    |   |--TYPE -> TYPE [60:11]
    |   |   `--LITERAL_VOID -> void [60:11]
    |   |--IDENT -> m12 [60:16]
    |   |--LPAREN -> ( [60:19]
    |   |--PARAMETERS -> PARAMETERS [60:26]
    |   |   `--PARAMETER_DEF -> PARAMETER_DEF [60:26]
    |   |       |--MODIFIERS -> MODIFIERS [60:26]
    |   |       |--TYPE -> TYPE [60:26]
    |   |       |   `--ARRAY_DECLARATOR -> [ [60:26]
    |   |       |       |--IDENT -> String [60:20]
    |   |       |       `--RBRACK -> ] [60:27]
    |   |       `--IDENT -> p1 [60:29]
    |   |--RPAREN -> ) [60:31]
    |   `--SLIST -> { [60:33]
    |       `--RCURLY -> } [60:34]
    |--METHOD_DEF -> METHOD_DEF [61:4]
    |   |--MODIFIERS -> MODIFIERS [61:4]
    |   |   `--LITERAL_PUBLIC -> public [61:4]
    |   |--TYPE -> TYPE [61:11]
    |   |   `--LITERAL_VOID -> void [61:11]
    |   |--IDENT -> m13 [61:16]
    |   |--LPAREN -> ( [61:19]
    |   |--PARAMETERS -> PARAMETERS [61:28]
    |   |   `--PARAMETER_DEF -> PARAMETER_DEF [61:28]
    |   |       |--MODIFIERS -> MODIFIERS [61:28]
    |   |       |--TYPE -> TYPE [61:28]
    |   |       |   `--ARRAY_DECLARATOR -> [ [61:28]
    |   |       |       |--ARRAY_DECLARATOR -> [ [61:26]
    |   |       |       |   |--IDENT -> String [61:20]
    |   |       |       |   `--RBRACK -> ] [61:27]
    |   |       |       `--RBRACK -> ] [61:29]
    |   |       `--IDENT -> p1 [61:31]
    |   |--RPAREN -> ) [61:33]
    |   `--SLIST -> { [61:35]
    |       `--RCURLY -> } [61:36]
    |--METHOD_DEF -> METHOD_DEF [62:4]
    |   |--MODIFIERS -> MODIFIERS [62:4]
    |   |   `--LITERAL_PUBLIC -> public [62:4]
    |   |--TYPE -> TYPE [62:11]
    |   |   `--LITERAL_VOID -> void [62:11]
    |   |--IDENT -> m14 [62:16]
    |   |--LPAREN -> ( [62:19]
    |   |--PARAMETERS -> PARAMETERS [62:20]
    |   |   |--PARAMETER_DEF -> PARAMETER_DEF [62:20]
    |   |   |   |--MODIFIERS -> MODIFIERS [62:20]
    |   |   |   |--TYPE -> TYPE [62:20]
    |   |   |   |   `--IDENT -> String [62:20]
    |   |   |   `--IDENT -> p1 [62:27]
    |   |   |--COMMA -> , [62:29]
    |   |   `--PARAMETER_DEF -> PARAMETER_DEF [62:31]
    |   |       |--MODIFIERS -> MODIFIERS [62:31]
    |   |       |--TYPE -> TYPE [62:31]
    |   |       |   `--IDENT -> String [62:31]
    |   |       `--IDENT -> p2 [62:38]
    |   |--RPAREN -> ) [62:40]
    |   `--SLIST -> { [62:42]
    |       `--RCURLY -> } [62:43]
    |--METHOD_DEF -> METHOD_DEF [63:4]
    |   |--MODIFIERS -> MODIFIERS [63:4]
    |   |   `--LITERAL_PUBLIC -> public [63:4]
    |   |--TYPE -> TYPE [63:11]
    |   |   `--LITERAL_VOID -> void [63:11]
    |   |--IDENT -> m15 [63:16]
    |   |--LPAREN -> ( [63:19]
    |   |--PARAMETERS -> PARAMETERS [63:20]
    |   |   `--PARAMETER_DEF -> PARAMETER_DEF [63:20]
    |   |       |--MODIFIERS -> MODIFIERS [63:20]
    |   |       |--TYPE -> TYPE [63:20]
    |   |       |   `--IDENT -> String [63:20]
    |   |       |--ELLIPSIS -> ... [63:26]
    |   |       `--IDENT -> p1 [63:30]
    |   |--RPAREN -> ) [63:32]
    |   `--SLIST -> { [63:34]
    |       `--RCURLY -> } [63:35]
    |--METHOD_DEF -> METHOD_DEF [64:4]
    |   |--MODIFIERS -> MODIFIERS [64:4]
    |   |   `--LITERAL_PUBLIC -> public [64:4]
    |   |--TYPE -> TYPE [64:11]
    |   |   `--LITERAL_VOID -> void [64:11]
    |   |--IDENT -> m16 [64:16]
    |   |--LPAREN -> ( [64:19]
    |   |--PARAMETERS -> PARAMETERS [64:26]
    |   |   `--PARAMETER_DEF -> PARAMETER_DEF [64:26]
    |   |       |--MODIFIERS -> MODIFIERS [64:26]
    |   |       |--TYPE -> TYPE [64:26]
    |   |       |   `--ARRAY_DECLARATOR -> [ [64:26]
    |   |       |       |--IDENT -> String [64:20]
    |   |       |       `--RBRACK -> ] [64:27]
    |   |       |--ELLIPSIS -> ... [64:28]
    |   |       `--IDENT -> p1 [64:32]
    |   |--RPAREN -> ) [64:34]
    |   `--SLIST -> { [64:36]
    |       `--RCURLY -> } [64:37]
    |--METHOD_DEF -> METHOD_DEF [65:4]
    |   |--MODIFIERS -> MODIFIERS [65:4]
    |   |   `--LITERAL_PUBLIC -> public [65:4]
    |   |--TYPE -> TYPE [65:11]
    |   |   `--LITERAL_VOID -> void [65:11]
    |   |--IDENT -> m17 [65:16]
    |   |--LPAREN -> ( [65:19]
    |   |--PARAMETERS -> PARAMETERS [65:20]
    |   |   |--PARAMETER_DEF -> PARAMETER_DEF [65:20]
    |   |   |   |--MODIFIERS -> MODIFIERS [65:20]
    |   |   |   |--TYPE -> TYPE [65:20]
    |   |   |   |   `--LITERAL_INT -> int [65:20]
    |   |   |   `--IDENT -> p1 [65:24]
    |   |   |--COMMA -> , [65:26]
    |   |   `--PARAMETER_DEF -> PARAMETER_DEF [65:34]
    |   |       |--MODIFIERS -> MODIFIERS [65:34]
    |   |       |--TYPE -> TYPE [65:34]
    |   |       |   `--ARRAY_DECLARATOR -> [ [65:34]
    |   |       |       |--IDENT -> String [65:28]
    |   |       |       `--RBRACK -> ] [65:35]
    |   |       |--ELLIPSIS -> ... [65:36]
    |   |       `--IDENT -> p2 [65:40]
    |   |--RPAREN -> ) [65:42]
    |   `--SLIST -> { [65:44]
    |       `--RCURLY -> } [65:45]
    |--METHOD_DEF -> METHOD_DEF [68:4]
    |   |--MODIFIERS -> MODIFIERS [68:4]
    |   |   `--LITERAL_PUBLIC -> public [68:4]
    |   |--TYPE -> TYPE [68:11]
    |   |   `--LITERAL_VOID -> void [68:11]
    |   |--IDENT -> m18 [68:16]
    |   |--LPAREN -> ( [68:19]
    |   |--PARAMETERS -> PARAMETERS [68:20]
    |   |--RPAREN -> ) [68:20]
    |   |--LITERAL_THROWS -> throws [68:22]
    |   |   `--IDENT -> Exception [68:29]
    |   `--SLIST -> { [68:39]
    |       `--RCURLY -> } [68:40]
    |--METHOD_DEF -> METHOD_DEF [69:4]
    |   |--MODIFIERS -> MODIFIERS [69:4]
    |   |   `--LITERAL_PUBLIC -> public [69:4]
    |   |--TYPE -> TYPE [69:11]
    |   |   `--LITERAL_VOID -> void [69:11]
    |   |--IDENT -> m19 [69:16]
    |   |--LPAREN -> ( [69:19]
    |   |--PARAMETERS -> PARAMETERS [69:20]
    |   |--RPAREN -> ) [69:20]
    |   |--LITERAL_THROWS -> throws [69:22]
    |   |   |--IDENT -> IOException [69:29]
    |   |   |--COMMA -> , [69:40]
    |   |   `--IDENT -> Exception [69:42]
    |   `--SLIST -> { [69:52]
    |       `--RCURLY -> } [69:53]
    |--METHOD_DEF -> METHOD_DEF [72:4]
    |   |--MODIFIERS -> MODIFIERS [72:4]
    |   |   `--LITERAL_PUBLIC -> public [72:4]
    |   |--TYPE_PARAMETERS -> TYPE_PARAMETERS [72:11]
    |   |   |--GENERIC_START -> < [72:11]
    |   |   |--TYPE_PARAMETER -> TYPE_PARAMETER [72:12]
    |   |   |   `--IDENT -> T_$ [72:12]
    |   |   `--GENERIC_END -> > [72:15]
    |   |--TYPE -> TYPE [72:17]
    |   |   `--IDENT -> T_$ [72:17]
    |   |--IDENT -> m20 [72:21]
    |   |--LPAREN -> ( [72:24]
    |   |--PARAMETERS -> PARAMETERS [72:25]
    |   |--RPAREN -> ) [72:25]
    |   `--SLIST -> { [72:27]
    |       |--LITERAL_RETURN -> return [72:28]
    |       |   |--EXPR -> EXPR [72:35]
    |       |   |   `--LITERAL_NULL -> null [72:35]
    |       |   `--SEMI -> ; [72:39]
    |       `--RCURLY -> } [72:40]
    |--METHOD_DEF -> METHOD_DEF [73:4]
    |   |--MODIFIERS -> MODIFIERS [73:4]
    |   |   `--LITERAL_PUBLIC -> public [73:4]
    |   |--TYPE_PARAMETERS -> TYPE_PARAMETERS [73:11]
    |   |   |--GENERIC_START -> < [73:11]
    |   |   |--TYPE_PARAMETER -> TYPE_PARAMETER [73:12]
    |   |   |   `--IDENT -> $_T [73:12]
    |   |   `--GENERIC_END -> > [73:15]
    |   |--TYPE -> TYPE [73:17]
    |   |   `--IDENT -> $_T [73:17]
    |   |--IDENT -> m21 [73:21]
    |   |--LPAREN -> ( [73:24]
    |   |--PARAMETERS -> PARAMETERS [73:25]
    |   |--RPAREN -> ) [73:25]
    |   `--SLIST -> { [73:27]
    |       |--LITERAL_RETURN -> return [73:28]
    |       |   |--EXPR -> EXPR [73:35]
    |       |   |   `--LITERAL_NULL -> null [73:35]
    |       |   `--SEMI -> ; [73:39]
    |       `--RCURLY -> } [73:40]
    |--METHOD_DEF -> METHOD_DEF [74:4]
    |   |--MODIFIERS -> MODIFIERS [74:4]
    |   |   `--LITERAL_PUBLIC -> public [74:4]
    |   |--TYPE_PARAMETERS -> TYPE_PARAMETERS [74:11]
    |   |   |--GENERIC_START -> < [74:11]
    |   |   |--TYPE_PARAMETER -> TYPE_PARAMETER [74:12]
    |   |   |   |--IDENT -> T [74:12]
    |   |   |   `--TYPE_UPPER_BOUNDS -> extends [74:14]
    |   |   |       |--IDENT -> Enum [74:22]
    |   |   |       `--TYPE_ARGUMENTS -> TYPE_ARGUMENTS [74:26]
    |   |   |           |--GENERIC_START -> < [74:26]
    |   |   |           |--TYPE_ARGUMENT -> TYPE_ARGUMENT [74:27]
    |   |   |           |   `--TYPE -> TYPE [74:27]
    |   |   |           |       `--IDENT -> T [74:27]
    |   |   |           `--GENERIC_END -> > [74:28]
    |   |   `--GENERIC_END -> > [74:29]
    |   |--TYPE -> TYPE [74:31]
    |   |   `--LITERAL_VOID -> void [74:31]
    |   |--IDENT -> m22 [74:36]
    |   |--LPAREN -> ( [74:39]
    |   |--PARAMETERS -> PARAMETERS [74:40]
    |   |--RPAREN -> ) [74:40]
    |   `--SLIST -> { [74:42]
    |       `--RCURLY -> } [74:43]
    |--METHOD_DEF -> METHOD_DEF [75:4]
    |   |--MODIFIERS -> MODIFIERS [75:4]
    |   |   `--LITERAL_PUBLIC -> public [75:4]
    |   |--TYPE_PARAMETERS -> TYPE_PARAMETERS [75:11]
    |   |   |--GENERIC_START -> < [75:11]
    |   |   |--TYPE_PARAMETER -> TYPE_PARAMETER [75:12]
    |   |   |   `--IDENT -> T [75:12]
    |   |   `--GENERIC_END -> > [75:13]
    |   |--TYPE -> TYPE [75:15]
    |   |   `--LITERAL_VOID -> void [75:15]
    |   |--IDENT -> m23 [75:20]
    |   |--LPAREN -> ( [75:23]
    |   |--PARAMETERS -> PARAMETERS [75:24]
    |   |--RPAREN -> ) [75:24]
    |   `--SLIST -> { [75:26]
    |       `--RCURLY -> } [75:27]
    |--SEMI -> ; [75:28]
    |--METHOD_DEF -> METHOD_DEF [76:4]
    |   |--MODIFIERS -> MODIFIERS [76:4]
    |   |   `--LITERAL_PUBLIC -> public [76:4]
    |   |--TYPE_PARAMETERS -> TYPE_PARAMETERS [76:11]
    |   |   |--GENERIC_START -> < [76:11]
    |   |   |--TYPE_PARAMETER -> TYPE_PARAMETER [76:12]
    |   |   |   |--IDENT -> T [76:12]
    |   |   |   `--TYPE_UPPER_BOUNDS -> extends [76:14]
    |   |   |       |--IDENT -> RuntimeException [76:22]
    |   |   |       |--TYPE_EXTENSION_AND -> & [76:39]
    |   |   |       `--DOT -> . [76:48]
    |   |   |           |--DOT -> . [76:45]
    |   |   |           |   |--IDENT -> java [76:41]
    |   |   |           |   `--IDENT -> io [76:46]
    |   |   |           `--IDENT -> Serializable [76:49]
    |   |   `--GENERIC_END -> > [76:61]
    |   |--TYPE -> TYPE [76:63]
    |   |   `--LITERAL_VOID -> void [76:63]
    |   |--IDENT -> m24 [76:68]
    |   |--LPAREN -> ( [76:71]
    |   |--PARAMETERS -> PARAMETERS [76:72]
    |   |--RPAREN -> ) [76:72]
    |   `--SLIST -> { [76:74]
    |       `--RCURLY -> } [76:75]
    |--METHOD_DEF -> METHOD_DEF [79:4]
    |   |--MODIFIERS -> MODIFIERS [79:4]
    |   |   |--ANNOTATION -> ANNOTATION [79:4]
    |   |   |   |--AT -> @ [79:4]
    |   |   |   |--IDENT -> SuppressWarnings [79:5]
    |   |   |   |--LPAREN -> ( [79:21]
    |   |   |   |--ANNOTATION_ARRAY_INIT -> { [79:22]
    |   |   |   |   `--RCURLY -> } [79:23]
    |   |   |   `--RPAREN -> ) [79:24]
    |   |   `--LITERAL_PUBLIC -> public [80:4]
    |   |--TYPE -> TYPE [80:11]
    |   |   `--LITERAL_VOID -> void [80:11]
    |   |--IDENT -> m50 [80:16]
    |   |--LPAREN -> ( [80:19]
    |   |--PARAMETERS -> PARAMETERS [80:20]
    |   |--RPAREN -> ) [80:20]
    |   `--SLIST -> { [80:22]
    |       `--RCURLY -> } [80:23]
    |--METHOD_DEF -> METHOD_DEF [81:4]
    |   |--MODIFIERS -> MODIFIERS [81:4]
    |   |   |--ANNOTATION -> ANNOTATION [81:4]
    |   |   |   |--AT -> @ [81:4]
    |   |   |   |--IDENT -> SuppressWarnings [81:5]
    |   |   |   |--LPAREN -> ( [81:21]
    |   |   |   |--ANNOTATION_ARRAY_INIT -> { [81:22]
    |   |   |   |   |--EXPR -> EXPR [81:23]
    |   |   |   |   |   `--STRING_LITERAL -> "1" [81:23]
    |   |   |   |   `--RCURLY -> } [81:26]
    |   |   |   `--RPAREN -> ) [81:27]
    |   |   `--LITERAL_PUBLIC -> public [82:4]
    |   |--TYPE -> TYPE [82:11]
    |   |   `--LITERAL_VOID -> void [82:11]
    |   |--IDENT -> m51 [82:16]
    |   |--LPAREN -> ( [82:19]
    |   |--PARAMETERS -> PARAMETERS [82:20]
    |   |--RPAREN -> ) [82:20]
    |   `--SLIST -> { [82:22]
    |       `--RCURLY -> } [82:23]
    |--METHOD_DEF -> METHOD_DEF [83:4]
    |   |--MODIFIERS -> MODIFIERS [83:4]
    |   |   |--ANNOTATION -> ANNOTATION [83:4]
    |   |   |   |--AT -> @ [83:4]
    |   |   |   |--IDENT -> SuppressWarnings [83:5]
    |   |   |   |--LPAREN -> ( [83:21]
    |   |   |   |--ANNOTATION_ARRAY_INIT -> { [83:22]
    |   |   |   |   |--EXPR -> EXPR [83:23]
    |   |   |   |   |   `--STRING_LITERAL -> "1" [83:23]
    |   |   |   |   |--COMMA -> , [83:26]
    |   |   |   |   |--EXPR -> EXPR [83:27]
    |   |   |   |   |   `--STRING_LITERAL -> "2" [83:27]
    |   |   |   |   `--RCURLY -> } [83:30]
    |   |   |   `--RPAREN -> ) [83:31]
    |   |   `--LITERAL_PUBLIC -> public [84:4]
    |   |--TYPE -> TYPE [84:11]
    |   |   `--LITERAL_VOID -> void [84:11]
    |   |--IDENT -> m52 [84:16]
    |   |--LPAREN -> ( [84:19]
    |   |--PARAMETERS -> PARAMETERS [84:20]
    |   |--RPAREN -> ) [84:20]
    |   `--SLIST -> { [84:22]
    |       `--RCURLY -> } [84:23]
    |--METHOD_DEF -> METHOD_DEF [85:4]
    |   |--MODIFIERS -> MODIFIERS [85:4]
    |   |   |--ANNOTATION -> ANNOTATION [85:4]
    |   |   |   |--AT -> @ [85:4]
    |   |   |   |--IDENT -> SuppressWarnings [85:5]
    |   |   |   |--LPAREN -> ( [85:21]
    |   |   |   |--ANNOTATION_MEMBER_VALUE_PAIR -> ANNOTATION_MEMBER_VALUE_PAIR [85:22]
    |   |   |   |   |--IDENT -> value [85:22]
    |   |   |   |   |--ASSIGN -> = [85:27]
    |   |   |   |   `--ANNOTATION_ARRAY_INIT -> { [85:28]
    |   |   |   |       |--EXPR -> EXPR [85:29]
    |   |   |   |       |   `--STRING_LITERAL -> "1" [85:29]
    |   |   |   |       `--RCURLY -> } [85:32]
    |   |   |   `--RPAREN -> ) [85:33]
    |   |   `--LITERAL_PUBLIC -> public [86:4]
    |   |--TYPE -> TYPE [86:11]
    |   |   `--LITERAL_VOID -> void [86:11]
    |   |--IDENT -> m53 [86:16]
    |   |--LPAREN -> ( [86:19]
    |   |--PARAMETERS -> PARAMETERS [86:20]
    |   |--RPAREN -> ) [86:20]
    |   `--SLIST -> { [86:22]
    |       `--RCURLY -> } [86:23]
    |--METHOD_DEF -> METHOD_DEF [87:4]
    |   |--MODIFIERS -> MODIFIERS [87:4]
    |   |   |--ANNOTATION -> ANNOTATION [87:4]
    |   |   |   |--AT -> @ [87:4]
    |   |   |   |--IDENT -> SuppressWarnings [87:5]
    |   |   |   |--LPAREN -> ( [87:21]
    |   |   |   |--ANNOTATION_MEMBER_VALUE_PAIR -> ANNOTATION_MEMBER_VALUE_PAIR [87:22]
    |   |   |   |   |--IDENT -> value [87:22]
    |   |   |   |   |--ASSIGN -> = [87:27]
    |   |   |   |   `--ANNOTATION_ARRAY_INIT -> { [87:28]
    |   |   |   |       |--EXPR -> EXPR [87:29]
    |   |   |   |       |   `--STRING_LITERAL -> "1" [87:29]
    |   |   |   |       |--COMMA -> , [87:32]
    |   |   |   |       `--RCURLY -> } [87:33]
    |   |   |   `--RPAREN -> ) [87:34]
    |   |   `--LITERAL_PUBLIC -> public [88:4]
    |   |--TYPE -> TYPE [88:11]
    |   |   `--LITERAL_VOID -> void [88:11]
    |   |--IDENT -> m54 [88:16]
    |   |--LPAREN -> ( [88:19]
    |   |--PARAMETERS -> PARAMETERS [88:20]
    |   |--RPAREN -> ) [88:20]
    |   `--SLIST -> { [88:22]
    |       `--RCURLY -> } [88:23]
    |--METHOD_DEF -> METHOD_DEF [89:4]
    |   |--MODIFIERS -> MODIFIERS [89:4]
    |   |   |--ANNOTATION -> ANNOTATION [89:4]
    |   |   |   |--AT -> @ [89:4]
    |   |   |   |--IDENT -> SuppressWarnings [89:5]
    |   |   |   |--LPAREN -> ( [89:21]
    |   |   |   |--ANNOTATION_MEMBER_VALUE_PAIR -> ANNOTATION_MEMBER_VALUE_PAIR [89:22]
    |   |   |   |   |--IDENT -> value [89:22]
    |   |   |   |   |--ASSIGN -> = [89:27]
    |   |   |   |   `--ANNOTATION_ARRAY_INIT -> { [89:28]
    |   |   |   |       |--EXPR -> EXPR [89:29]
    |   |   |   |       |   `--STRING_LITERAL -> "1" [89:29]
    |   |   |   |       |--COMMA -> , [89:32]
    |   |   |   |       |--EXPR -> EXPR [89:33]
    |   |   |   |       |   `--STRING_LITERAL -> "2" [89:33]
    |   |   |   |       `--RCURLY -> } [89:36]
    |   |   |   `--RPAREN -> ) [89:37]
    |   |   `--LITERAL_PUBLIC -> public [90:4]
    |   |--TYPE -> TYPE [90:11]
    |   |   `--LITERAL_VOID -> void [90:11]
    |   |--IDENT -> m55 [90:16]
    |   |--LPAREN -> ( [90:19]
    |   |--PARAMETERS -> PARAMETERS [90:20]
    |   |--RPAREN -> ) [90:20]
    |   `--SLIST -> { [90:22]
    |       `--RCURLY -> } [90:23]
    |--METHOD_DEF -> METHOD_DEF [91:4]
    |   |--MODIFIERS -> MODIFIERS [91:4]
    |   |   |--ANNOTATION -> ANNOTATION [91:4]
    |   |   |   |--AT -> @ [91:4]
    |   |   |   |--IDENT -> InputRegressionJavaAnnotation1 [91:5]
    |   |   |   |--LPAREN -> ( [91:35]
    |   |   |   |--ANNOTATION_MEMBER_VALUE_PAIR -> ANNOTATION_MEMBER_VALUE_PAIR [91:36]
    |   |   |   |   |--IDENT -> m1 [91:36]
    |   |   |   |   |--ASSIGN -> = [91:38]
    |   |   |   |   `--EXPR -> EXPR [91:39]
    |   |   |   |       `--STRING_LITERAL -> "1" [91:39]
    |   |   |   |--COMMA -> , [91:42]
    |   |   |   |--ANNOTATION_MEMBER_VALUE_PAIR -> ANNOTATION_MEMBER_VALUE_PAIR [91:44]
    |   |   |   |   |--IDENT -> m2 [91:44]
    |   |   |   |   |--ASSIGN -> = [91:46]
    |   |   |   |   `--EXPR -> EXPR [91:47]
    |   |   |   |       `--STRING_LITERAL -> "2" [91:47]
    |   |   |   `--RPAREN -> ) [91:50]
    |   |   `--LITERAL_PUBLIC -> public [92:4]
    |   |--TYPE -> TYPE [92:11]
    |   |   `--LITERAL_VOID -> void [92:11]
    |   |--IDENT -> m56 [92:16]
    |   |--LPAREN -> ( [92:19]
    |   |--PARAMETERS -> PARAMETERS [92:20]
    |   |--RPAREN -> ) [92:20]
    |   `--SLIST -> { [92:22]
    |       `--RCURLY -> } [92:23]
    |--METHOD_DEF -> METHOD_DEF [93:4]
    |   |--MODIFIERS -> MODIFIERS [93:4]
    |   |   |--ANNOTATION -> ANNOTATION [93:4]
    |   |   |   |--AT -> @ [93:4]
    |   |   |   |--IDENT -> ComplexAnnotation [93:5]
    |   |   |   |--LPAREN -> ( [93:22]
    |   |   |   |--ANNOTATION_ARRAY_INIT -> { [93:23]
    |   |   |   |   |--ANNOTATION -> ANNOTATION [94:12]
    |   |   |   |   |   |--AT -> @ [94:12]
    |   |   |   |   |   |--IDENT -> InputRegressionJavaAnnotation1 [94:13]
    |   |   |   |   |   |--LPAREN -> ( [94:43]
    |   |   |   |   |   |--ANNOTATION_MEMBER_VALUE_PAIR -> ANNOTATION_MEMBER_VALUE_PAIR [94:44]
    |   |   |   |   |   |   |--IDENT -> m1 [94:44]
    |   |   |   |   |   |   |--ASSIGN -> = [94:47]
    |   |   |   |   |   |   `--EXPR -> EXPR [94:49]
    |   |   |   |   |   |       `--STRING_LITERAL -> "1" [94:49]
    |   |   |   |   |   `--RPAREN -> ) [94:52]
    |   |   |   |   |--COMMA -> , [94:53]
    |   |   |   |   |--ANNOTATION -> ANNOTATION [94:55]
    |   |   |   |   |   |--AT -> @ [94:55]
    |   |   |   |   |   |--IDENT -> InputRegressionJavaAnnotation1 [94:56]
    |   |   |   |   |   |--LPAREN -> ( [94:86]
    |   |   |   |   |   |--ANNOTATION_MEMBER_VALUE_PAIR -> ANNOTATION_MEMBER_VALUE_PAIR [94:87]
    |   |   |   |   |   |   |--IDENT -> m1 [94:87]
    |   |   |   |   |   |   |--ASSIGN -> = [94:90]
    |   |   |   |   |   |   `--EXPR -> EXPR [94:92]
    |   |   |   |   |   |       `--STRING_LITERAL -> "1" [94:92]
    |   |   |   |   |   `--RPAREN -> ) [94:95]
    |   |   |   |   `--RCURLY -> } [95:4]
    |   |   |   `--RPAREN -> ) [95:5]
    |   |   `--LITERAL_PUBLIC -> public [96:4]
    |   |--TYPE -> TYPE [96:11]
    |   |   `--LITERAL_VOID -> void [96:11]
    |   |--IDENT -> m57 [96:16]
    |   |--LPAREN -> ( [96:19]
    |   |--PARAMETERS -> PARAMETERS [96:20]
    |   |--RPAREN -> ) [96:20]
    |   `--SLIST -> { [96:22]
    |       `--RCURLY -> } [96:23]
    |--METHOD_DEF -> METHOD_DEF [97:4]
    |   |--MODIFIERS -> MODIFIERS [97:4]
    |   |   `--LITERAL_PUBLIC -> public [97:4]
    |   |--TYPE -> TYPE [97:11]
    |   |   `--LITERAL_VOID -> void [97:11]
    |   |--IDENT -> m58 [97:16]
    |   |--LPAREN -> ( [97:19]
    |   |--PARAMETERS -> PARAMETERS [97:20]
    |   |   `--PARAMETER_DEF -> PARAMETER_DEF [97:20]
    |   |       |--MODIFIERS -> MODIFIERS [97:20]
    |   |       |   `--ANNOTATION -> ANNOTATION [97:20]
    |   |       |       |--AT -> @ [97:20]
    |   |       |       `--IDENT -> Deprecated [97:21]
    |   |       |--TYPE -> TYPE [97:32]
    |   |       |   `--IDENT -> String [97:32]
    |   |       `--IDENT -> s [97:39]
    |   |--RPAREN -> ) [97:40]
    |   `--SLIST -> { [97:42]
    |       `--RCURLY -> } [97:43]
    |--METHOD_DEF -> METHOD_DEF [98:4]
    |   |--MODIFIERS -> MODIFIERS [98:4]
    |   |   `--LITERAL_PUBLIC -> public [98:4]
    |   |--TYPE -> TYPE [98:11]
    |   |   `--LITERAL_VOID -> void [98:11]
    |   |--IDENT -> m59 [98:16]
    |   |--LPAREN -> ( [98:19]
    |   |--PARAMETERS -> PARAMETERS [98:20]
    |   |   `--PARAMETER_DEF -> PARAMETER_DEF [98:20]
    |   |       |--MODIFIERS -> MODIFIERS [98:20]
    |   |       |   |--FINAL -> final [98:20]
    |   |       |   `--ANNOTATION -> ANNOTATION [98:26]
    |   |       |       |--AT -> @ [98:26]
    |   |       |       `--IDENT -> Deprecated [98:27]
    |   |       |--TYPE -> TYPE [98:38]
    |   |       |   `--IDENT -> List [98:38]
    |   |       `--IDENT -> l [98:43]
    |   |--RPAREN -> ) [98:44]
    |   `--SLIST -> { [98:46]
    |       `--RCURLY -> } [98:47]
    |--INSTANCE_INIT -> INSTANCE_INIT [101:4]
    |   `--SLIST -> { [101:4]
    |       `--RCURLY -> } [101:5]
    |--SEMI -> ; [102:4]
    |--METHOD_DEF -> METHOD_DEF [105:4]
    |   |--MODIFIERS -> MODIFIERS [105:4]
    |   |   `--LITERAL_PUBLIC -> public [105:4]
    |   |--TYPE -> TYPE [105:11]
    |   |   `--LITERAL_VOID -> void [105:11]
    |   |--IDENT -> instructions [105:16]
    |   |--LPAREN -> ( [105:28]
    |   |--PARAMETERS -> PARAMETERS [105:29]
    |   |--RPAREN -> ) [105:29]
    |   |--LITERAL_THROWS -> throws [105:31]
    |   |   `--IDENT -> Exception [105:38]
    |   `--SLIST -> { [105:48]
    |       |--VARIABLE_DEF -> VARIABLE_DEF [107:8]
    |       |   |--MODIFIERS -> MODIFIERS [107:8]
    |       |   |--TYPE -> TYPE [107:8]
    |       |   |   `--LITERAL_BOOLEAN -> boolean [107:8]
    |       |   |--IDENT -> b [107:16]
    |       |   `--ASSIGN -> = [107:18]
    |       |       `--EXPR -> EXPR [107:34]
    |       |           `--GT -> > [107:34]
    |       |               |--METHOD_CALL -> ( [107:31]
    |       |               |   |--DOT -> . [107:24]
    |       |               |   |   |--IDENT -> Math [107:20]
    |       |               |   |   `--IDENT -> random [107:25]
    |       |               |   |--ELIST -> ELIST [107:32]
    |       |               |   `--RPAREN -> ) [107:32]
    |       |               `--NUM_INT -> 0 [107:36]
    |       |--SEMI -> ; [107:37]
    |       |--VARIABLE_DEF -> VARIABLE_DEF [110:8]
    |       |   |--MODIFIERS -> MODIFIERS [110:8]
    |       |   |--TYPE -> TYPE [110:8]
    |       |   |   `--LITERAL_BYTE -> byte [110:8]
    |       |   `--IDENT -> vbyte [110:13]
    |       |--SEMI -> ; [110:18]
    |       |--VARIABLE_DEF -> VARIABLE_DEF [111:8]
    |       |   |--MODIFIERS -> MODIFIERS [111:8]
    |       |   |--TYPE -> TYPE [111:8]
    |       |   |   `--LITERAL_BOOLEAN -> boolean [111:8]
    |       |   `--IDENT -> vboolean [111:16]
    |       |--SEMI -> ; [111:24]
    |       |--VARIABLE_DEF -> VARIABLE_DEF [112:8]
    |       |   |--MODIFIERS -> MODIFIERS [112:8]
    |       |   |--TYPE -> TYPE [112:8]
    |       |   |   `--LITERAL_CHAR -> char [112:8]
    |       |   `--IDENT -> vchar [112:13]
    |       |--SEMI -> ; [112:18]
    |       |--VARIABLE_DEF -> VARIABLE_DEF [113:8]
    |       |   |--MODIFIERS -> MODIFIERS [113:8]
    |       |   |--TYPE -> TYPE [113:8]
    |       |   |   `--LITERAL_SHORT -> short [113:8]
    |       |   `--IDENT -> vshort [113:14]
    |       |--SEMI -> ; [113:20]
    |       |--VARIABLE_DEF -> VARIABLE_DEF [114:8]
    |       |   |--MODIFIERS -> MODIFIERS [114:8]
    |       |   |--TYPE -> TYPE [114:8]
    |       |   |   `--LITERAL_INT -> int [114:8]
    |       |   `--IDENT -> vint [114:12]
    |       |--SEMI -> ; [114:16]
    |       |--VARIABLE_DEF -> VARIABLE_DEF [115:8]
    |       |   |--MODIFIERS -> MODIFIERS [115:8]
    |       |   |--TYPE -> TYPE [115:8]
    |       |   |   `--LITERAL_LONG -> long [115:8]
    |       |   `--IDENT -> vlong [115:13]
    |       |--SEMI -> ; [115:18]
    |       |--VARIABLE_DEF -> VARIABLE_DEF [116:8]
    |       |   |--MODIFIERS -> MODIFIERS [116:8]
    |       |   |--TYPE -> TYPE [116:8]
    |       |   |   `--LITERAL_FLOAT -> float [116:8]
    |       |   `--IDENT -> vfloat [116:14]
    |       |--SEMI -> ; [116:20]
    |       |--VARIABLE_DEF -> VARIABLE_DEF [117:8]
    |       |   |--MODIFIERS -> MODIFIERS [117:8]
    |       |   |--TYPE -> TYPE [117:8]
    |       |   |   `--LITERAL_DOUBLE -> double [117:8]
    |       |   `--IDENT -> vdouble [117:15]
    |       |--SEMI -> ; [117:22]
    |       |--VARIABLE_DEF -> VARIABLE_DEF [118:11]
    |       |   |--MODIFIERS -> MODIFIERS [118:11]
    |       |   |--TYPE -> TYPE [118:11]
    |       |   |   `--ARRAY_DECLARATOR -> [ [118:11]
    |       |   |       |--LITERAL_INT -> int [118:8]
    |       |   |       `--RBRACK -> ] [118:12]
    |       |   `--IDENT -> varray [118:14]
    |       |--SEMI -> ; [118:20]
    |       |--VARIABLE_DEF -> VARIABLE_DEF [119:19]
    |       |   |--MODIFIERS -> MODIFIERS [119:19]
    |       |   |--TYPE -> TYPE [119:19]
    |       |   |   `--ARRAY_DECLARATOR -> [ [119:19]
    |       |   |       |--LITERAL_INT -> int [119:8]
    |       |   |       `--RBRACK -> ] [119:20]
    |       |   `--IDENT -> varray2 [119:12]
    |       |--SEMI -> ; [119:21]
    |       |--VARIABLE_DEF -> VARIABLE_DEF [120:8]
    |       |   |--MODIFIERS -> MODIFIERS [120:8]
    |       |   |--TYPE -> TYPE [120:8]
    |       |   |   `--LITERAL_BOOLEAN -> boolean [120:8]
    |       |   |--IDENT -> test1 [120:16]
    |       |   `--ASSIGN -> = [120:22]
    |       |       `--EXPR -> EXPR [120:24]
    |       |           `--LITERAL_TRUE -> true [120:24]
    |       |--SEMI -> ; [120:28]
    |       |--VARIABLE_DEF -> VARIABLE_DEF [123:8]
    |       |   |--MODIFIERS -> MODIFIERS [123:8]
    |       |   |--TYPE -> TYPE [123:8]
    |       |   |   `--IDENT -> String [123:8]
    |       |   `--IDENT -> vstring [123:15]
    |       |--SEMI -> ; [123:22]
    |       |--VARIABLE_DEF -> VARIABLE_DEF [124:8]
    |       |   |--MODIFIERS -> MODIFIERS [124:8]
    |       |   |--TYPE -> TYPE [124:8]
    |       |   |   |--IDENT -> List [124:8]
    |       |   |   `--TYPE_ARGUMENTS -> TYPE_ARGUMENTS [124:12]
    |       |   |       |--GENERIC_START -> < [124:12]
    |       |   |       |--TYPE_ARGUMENT -> TYPE_ARGUMENT [124:13]
    |       |   |       |   `--IDENT -> String [124:13]
    |       |   |       `--GENERIC_END -> > [124:19]
    |       |   `--IDENT -> vlist [124:21]
    |       |--SEMI -> ; [124:26]
    |       |--VARIABLE_DEF -> VARIABLE_DEF [125:8]
    |       |   |--MODIFIERS -> MODIFIERS [125:8]
    |       |   |--TYPE -> TYPE [125:8]
    |       |   |   |--IDENT -> Map [125:8]
    |       |   |   `--TYPE_ARGUMENTS -> TYPE_ARGUMENTS [125:11]
    |       |   |       |--GENERIC_START -> < [125:11]
    |       |   |       |--TYPE_ARGUMENT -> TYPE_ARGUMENT [125:12]
    |       |   |       |   `--IDENT -> String [125:12]
    |       |   |       |--COMMA -> , [125:18]
    |       |   |       |--TYPE_ARGUMENT -> TYPE_ARGUMENT [125:26]
    |       |   |       |   `--ARRAY_DECLARATOR -> [ [125:26]
    |       |   |       |       |--IDENT -> String [125:20]
    |       |   |       |       `--RBRACK -> ] [125:27]
    |       |   |       `--GENERIC_END -> > [125:28]
    |       |   `--IDENT -> vmap [125:30]
    |       |--SEMI -> ; [125:34]
    |       |--VARIABLE_DEF -> VARIABLE_DEF [126:11]
    |       |   |--MODIFIERS -> MODIFIERS [126:11]
    |       |   |--TYPE -> TYPE [126:11]
    |       |   |   `--ARRAY_DECLARATOR -> [ [126:11]
    |       |   |       |--LITERAL_INT -> int [126:8]
    |       |   |       `--RBRACK -> ] [126:12]
    |       |   |--IDENT -> test2 [126:14]
    |       |   `--ASSIGN -> = [126:20]
    |       |       `--ARRAY_INIT -> { [126:22]
    |       |           `--RCURLY -> } [126:23]
    |       |--SEMI -> ; [126:24]
    |       |--VARIABLE_DEF -> VARIABLE_DEF [127:8]
    |       |   |--MODIFIERS -> MODIFIERS [127:8]
    |       |   |--TYPE -> TYPE [127:8]
    |       |   |   |--IDENT -> List [127:8]
    |       |   |   `--TYPE_ARGUMENTS -> TYPE_ARGUMENTS [127:12]
    |       |   |       |--GENERIC_START -> < [127:12]
    |       |   |       |--TYPE_ARGUMENT -> TYPE_ARGUMENT [127:17]
    |       |   |       |   `--ARRAY_DECLARATOR -> [ [127:17]
    |       |   |       |       |--LITERAL_CHAR -> char [127:13]
    |       |   |       |       `--RBRACK -> ] [127:18]
    |       |   |       `--GENERIC_END -> > [127:19]
    |       |   `--IDENT -> test3 [127:21]
    |       |--SEMI -> ; [127:26]
    |       |--VARIABLE_DEF -> VARIABLE_DEF [128:8]
    |       |   |--MODIFIERS -> MODIFIERS [128:8]
    |       |   |--TYPE -> TYPE [128:8]
    |       |   |   |--IDENT -> Class [128:8]
    |       |   |   `--TYPE_ARGUMENTS -> TYPE_ARGUMENTS [128:13]
    |       |   |       |--GENERIC_START -> < [128:13]
    |       |   |       |--TYPE_ARGUMENT -> TYPE_ARGUMENT [128:14]
    |       |   |       |   `--WILDCARD_TYPE -> ? [128:14]
    |       |   |       `--GENERIC_END -> > [128:15]
    |       |   `--IDENT -> test4 [128:17]
    |       |--SEMI -> ; [128:22]
    |       |--VARIABLE_DEF -> VARIABLE_DEF [129:8]
    |       |   |--MODIFIERS -> MODIFIERS [129:8]
    |       |   |--TYPE -> TYPE [129:8]
    |       |   |   |--IDENT -> List [129:8]
    |       |   |   `--TYPE_ARGUMENTS -> TYPE_ARGUMENTS [129:12]
    |       |   |       |--GENERIC_START -> < [129:12]
    |       |   |       |--TYPE_ARGUMENT -> TYPE_ARGUMENT [129:13]
    |       |   |       |   |--WILDCARD_TYPE -> ? [129:13]
    |       |   |       |   `--TYPE_UPPER_BOUNDS -> extends [129:15]
    |       |   |       |       `--IDENT -> InputRegressionJavaClass1 [129:23]
    |       |   |       `--GENERIC_END -> > [129:48]
    |       |   `--IDENT -> test5 [129:50]
    |       |--SEMI -> ; [129:55]
    |       |--VARIABLE_DEF -> VARIABLE_DEF [130:8]
    |       |   |--MODIFIERS -> MODIFIERS [130:8]
    |       |   |--TYPE -> TYPE [130:8]
    |       |   |   |--IDENT -> List [130:8]
    |       |   |   `--TYPE_ARGUMENTS -> TYPE_ARGUMENTS [130:12]
    |       |   |       |--GENERIC_START -> < [130:12]
    |       |   |       |--TYPE_ARGUMENT -> TYPE_ARGUMENT [130:13]
    |       |   |       |   |--WILDCARD_TYPE -> ? [130:13]
    |       |   |       |   `--TYPE_UPPER_BOUNDS -> extends [130:15]
    |       |   |       |       |--IDENT -> List [130:23]
    |       |   |       |       `--TYPE_ARGUMENTS -> TYPE_ARGUMENTS [130:27]
    |       |   |       |           |--GENERIC_START -> < [130:27]
    |       |   |       |           |--TYPE_ARGUMENT -> TYPE_ARGUMENT [130:28]
    |       |   |       |           |   `--IDENT -> Object [130:28]
    |       |   |       |           `--GENERIC_END -> > [130:34]
    |       |   |       `--GENERIC_END -> > [130:35]
    |       |   `--IDENT -> test6 [130:37]
    |       |--SEMI -> ; [130:42]
    |       |--VARIABLE_DEF -> VARIABLE_DEF [131:8]
    |       |   |--MODIFIERS -> MODIFIERS [131:8]
    |       |   |--TYPE -> TYPE [131:8]
    |       |   |   |--IDENT -> List [131:8]
    |       |   |   `--TYPE_ARGUMENTS -> TYPE_ARGUMENTS [131:12]
    |       |   |       |--GENERIC_START -> < [131:12]
    |       |   |       |--TYPE_ARGUMENT -> TYPE_ARGUMENT [131:13]
    |       |   |       |   |--WILDCARD_TYPE -> ? [131:13]
    |       |   |       |   `--TYPE_UPPER_BOUNDS -> extends [131:15]
    |       |   |       |       |--IDENT -> List [131:23]
    |       |   |       |       `--TYPE_ARGUMENTS -> TYPE_ARGUMENTS [131:27]
    |       |   |       |           |--GENERIC_START -> < [131:27]
    |       |   |       |           |--TYPE_ARGUMENT -> TYPE_ARGUMENT [131:28]
    |       |   |       |           |   |--IDENT -> List [131:28]
    |       |   |       |           |   `--TYPE_ARGUMENTS -> TYPE_ARGUMENTS [131:32]
    |       |   |       |           |       |--GENERIC_START -> < [131:32]
    |       |   |       |           |       |--TYPE_ARGUMENT -> TYPE_ARGUMENT [131:33]
    |       |   |       |           |       |   `--IDENT -> Object [131:33]
    |       |   |       |           |       `--GENERIC_END -> > [131:39]
    |       |   |       |           `--GENERIC_END -> > [131:40]
    |       |   |       `--GENERIC_END -> > [131:41]
    |       |   `--IDENT -> test7 [131:43]
    |       |--SEMI -> ; [131:48]
    |       |--VARIABLE_DEF -> VARIABLE_DEF [132:8]
    |       |   |--MODIFIERS -> MODIFIERS [132:8]
    |       |   |--TYPE -> TYPE [132:8]
    |       |   |   |--IDENT -> List [132:8]
    |       |   |   `--TYPE_ARGUMENTS -> TYPE_ARGUMENTS [132:12]
    |       |   |       |--GENERIC_START -> < [132:12]
    |       |   |       |--TYPE_ARGUMENT -> TYPE_ARGUMENT [132:13]
    |       |   |       |   |--WILDCARD_TYPE -> ? [132:13]
    |       |   |       |   `--ARRAY_DECLARATOR -> [ [132:26]
    |       |   |       |       |--TYPE_UPPER_BOUNDS -> extends [132:15]
    |       |   |       |       |   `--LITERAL_INT -> int [132:23]
    |       |   |       |       `--RBRACK -> ] [132:27]
    |       |   |       `--GENERIC_END -> > [132:28]
    |       |   `--IDENT -> test8 [132:30]
    |       |--SEMI -> ; [132:35]
    |       |--VARIABLE_DEF -> VARIABLE_DEF [133:8]
    |       |   |--MODIFIERS -> MODIFIERS [133:8]
    |       |   |--TYPE -> TYPE [133:8]
    |       |   |   |--IDENT -> List [133:8]
    |       |   |   `--TYPE_ARGUMENTS -> TYPE_ARGUMENTS [133:12]
    |       |   |       |--GENERIC_START -> < [133:12]
    |       |   |       |--TYPE_ARGUMENT -> TYPE_ARGUMENT [133:13]
    |       |   |       |   |--WILDCARD_TYPE -> ? [133:13]
    |       |   |       |   `--TYPE_LOWER_BOUNDS -> super [133:15]
    |       |   |       |       `--IDENT -> InputRegressionJavaClass1 [133:21]
    |       |   |       `--GENERIC_END -> > [133:46]
    |       |   `--IDENT -> test9 [133:48]
    |       |--SEMI -> ; [133:53]
    |       |--EXPR -> EXPR [136:17]
    |       |   `--ASSIGN -> = [136:17]
    |       |       |--IDENT -> vboolean [136:8]
    |       |       `--LITERAL_TRUE -> true [136:19]
    |       |--SEMI -> ; [136:23]
    |       |--EXPR -> EXPR [137:17]
    |       |   `--ASSIGN -> = [137:17]
    |       |       |--IDENT -> vboolean [137:8]
    |       |       `--LITERAL_FALSE -> false [137:19]
    |       |--SEMI -> ; [137:24]
    |       |--EXPR -> EXPR [138:14]
    |       |   `--ASSIGN -> = [138:14]
    |       |       |--IDENT -> vchar [138:8]
    |       |       `--CHAR_LITERAL -> ' ' [138:16]
    |       |--SEMI -> ; [138:19]
    |       |--EXPR -> EXPR [139:14]
    |       |   `--ASSIGN -> = [139:14]
    |       |       |--IDENT -> vchar [139:8]
    |       |       `--CHAR_LITERAL -> '"' [139:16]
    |       |--SEMI -> ; [139:19]
    |       |--EXPR -> EXPR [140:14]
    |       |   `--ASSIGN -> = [140:14]
    |       |       |--IDENT -> vchar [140:8]
    |       |       `--CHAR_LITERAL -> '\0' [140:16]
    |       |--SEMI -> ; [140:20]
    |       |--EXPR -> EXPR [141:14]
    |       |   `--ASSIGN -> = [141:14]
    |       |       |--IDENT -> vchar [141:8]
    |       |       `--CHAR_LITERAL -> '\'' [141:16]
    |       |--SEMI -> ; [141:20]
    |       |--EXPR -> EXPR [142:14]
    |       |   `--ASSIGN -> = [142:14]
    |       |       |--IDENT -> vchar [142:8]
    |       |       `--CHAR_LITERAL -> '\n' [142:16]
    |       |--SEMI -> ; [142:20]
    |       |--EXPR -> EXPR [143:14]
    |       |   `--ASSIGN -> = [143:14]
    |       |       |--IDENT -> vchar [143:8]
    |       |       `--CHAR_LITERAL -> '\r' [143:16]
    |       |--SEMI -> ; [143:20]
    |       |--EXPR -> EXPR [144:14]
    |       |   `--ASSIGN -> = [144:14]
    |       |       |--IDENT -> vchar [144:8]
    |       |       `--CHAR_LITERAL -> '\t' [144:16]
    |       |--SEMI -> ; [144:20]
    |       |--EXPR -> EXPR [145:14]
    |       |   `--ASSIGN -> = [145:14]
    |       |       |--IDENT -> vchar [145:8]
    |       |       `--CHAR_LITERAL -> '\b' [145:16]
    |       |--SEMI -> ; [145:20]
    |       |--EXPR -> EXPR [146:14]
    |       |   `--ASSIGN -> = [146:14]
    |       |       |--IDENT -> vchar [146:8]
    |       |       `--CHAR_LITERAL -> '\f' [146:16]
    |       |--SEMI -> ; [146:20]
    |       |--EXPR -> EXPR [147:14]
    |       |   `--ASSIGN -> = [147:14]
    |       |       |--IDENT -> vchar [147:8]
    |       |       `--CHAR_LITERAL -> '\"' [147:16]
    |       |--SEMI -> ; [147:20]
    |       |--EXPR -> EXPR [148:14]
    |       |   `--ASSIGN -> = [148:14]
    |       |       |--IDENT -> vchar [148:8]
    |       |       `--CHAR_LITERAL -> '\'' [148:16]
    |       |--SEMI -> ; [148:20]
    |       |--EXPR -> EXPR [149:14]
    |       |   `--ASSIGN -> = [149:14]
    |       |       |--IDENT -> vchar [149:8]
    |       |       `--CHAR_LITERAL -> '\\' [149:16]
    |       |--SEMI -> ; [149:20]
    |       |--EXPR -> EXPR [150:14]
    |       |   `--ASSIGN -> = [150:14]
    |       |       |--IDENT -> vchar [150:8]
    |       |       `--CHAR_LITERAL -> '\00' [150:16]
    |       |--SEMI -> ; [150:21]
    |       |--EXPR -> EXPR [151:14]
    |       |   `--ASSIGN -> = [151:14]
    |       |       |--IDENT -> vchar [151:8]
    |       |       `--CHAR_LITERAL -> '\013' [151:16]
    |       |--SEMI -> ; [151:22]
    |       |--EXPR -> EXPR [152:14]
    |       |   `--ASSIGN -> = [152:14]
    |       |       |--IDENT -> vchar [152:8]
    |       |       `--CHAR_LITERAL -> '\4' [152:16]
    |       |--SEMI -> ; [152:20]
    |       |--EXPR -> EXPR [153:14]
    |       |   `--ASSIGN -> = [153:14]
    |       |       |--IDENT -> vchar [153:8]
    |       |       `--CHAR_LITERAL -> '\40' [153:16]
    |       |--SEMI -> ; [153:21]
    |       |--EXPR -> EXPR [154:14]
    |       |   `--ASSIGN -> = [154:14]
    |       |       |--IDENT -> vchar [154:8]
    |       |       `--CHAR_LITERAL -> '\u0000' [154:16]
    |       |--SEMI -> ; [154:24]
    |       |--EXPR -> EXPR [155:14]
    |       |   `--ASSIGN -> = [155:14]
    |       |       |--IDENT -> vchar [155:8]
    |       |       `--CHAR_LITERAL -> '\u1234' [155:16]
    |       |--SEMI -> ; [155:24]
    |       |--EXPR -> EXPR [156:14]
    |       |   `--ASSIGN -> = [156:14]
    |       |       |--IDENT -> vchar [156:8]
    |       |       `--CHAR_LITERAL -> '\u005C\u005C' [156:16]
    |       |--SEMI -> ; [156:30]
    |       |--EXPR -> EXPR [157:14]
    |       |   `--ASSIGN -> = [157:14]
    |       |       |--IDENT -> vchar [157:8]
    |       |       `--CHAR_LITERAL -> '\u005c\u005c' [157:16]
    |       |--SEMI -> ; [157:30]
    |       |--EXPR -> EXPR [158:14]
    |       |   `--ASSIGN -> = [158:14]
    |       |       |--IDENT -> vchar [158:8]
    |       |       `--CHAR_LITERAL -> '\uu005C\uuuuu005C' [158:16]
    |       |--SEMI -> ; [158:35]
    |       |--EXPR -> EXPR [159:14]
    |       |   `--ASSIGN -> = [159:14]
    |       |       |--IDENT -> vchar [159:8]
    |       |       `--CHAR_LITERAL -> '\u005cn' [159:16]
    |       |--SEMI -> ; [159:25]
    |       |--EXPR -> EXPR [160:14]
    |       |   `--ASSIGN -> = [160:14]
    |       |       |--IDENT -> vchar [160:8]
    |       |       `--CHAR_LITERAL -> '\u005cr' [160:16]
    |       |--SEMI -> ; [160:25]
    |       |--EXPR -> EXPR [161:14]
    |       |   `--ASSIGN -> = [161:14]
    |       |       |--IDENT -> vchar [161:8]
    |       |       `--CHAR_LITERAL -> '\u005ct' [161:16]
    |       |--SEMI -> ; [161:25]
    |       |--EXPR -> EXPR [162:14]
    |       |   `--ASSIGN -> = [162:14]
    |       |       |--IDENT -> vchar [162:8]
    |       |       `--CHAR_LITERAL -> '\u005cb' [162:16]
    |       |--SEMI -> ; [162:25]
    |       |--EXPR -> EXPR [163:14]
    |       |   `--ASSIGN -> = [163:14]
    |       |       |--IDENT -> vchar [163:8]
    |       |       `--CHAR_LITERAL -> '\u005cf' [163:16]
    |       |--SEMI -> ; [163:25]
    |       |--EXPR -> EXPR [164:14]
    |       |   `--ASSIGN -> = [164:14]
    |       |       |--IDENT -> vchar [164:8]
    |       |       `--CHAR_LITERAL -> '\u005c"' [164:16]
    |       |--SEMI -> ; [164:25]
    |       |--EXPR -> EXPR [165:14]
    |       |   `--ASSIGN -> = [165:14]
    |       |       |--IDENT -> vchar [165:8]
    |       |       `--CHAR_LITERAL -> '\u005c'' [165:16]
    |       |--SEMI -> ; [165:25]
    |       |--EXPR -> EXPR [166:14]
    |       |   `--ASSIGN -> = [166:14]
    |       |       |--IDENT -> vchar [166:8]
    |       |       `--CHAR_LITERAL -> '\u005c\' [166:16]
    |       |--SEMI -> ; [166:25]
    |       |--EXPR -> EXPR [167:13]
    |       |   `--ASSIGN -> = [167:13]
    |       |       |--IDENT -> vint [167:8]
    |       |       `--NUM_INT -> 0 [167:15]
    |       |--SEMI -> ; [167:16]
    |       |--EXPR -> EXPR [168:13]
    |       |   `--ASSIGN -> = [168:13]
    |       |       |--IDENT -> vint [168:8]
    |       |       `--UNARY_MINUS -> - [168:15]
    |       |           `--NUM_INT -> 1 [168:16]
    |       |--SEMI -> ; [168:17]
    |       |--EXPR -> EXPR [169:13]
    |       |   `--ASSIGN -> = [169:13]
    |       |       |--IDENT -> vint [169:8]
    |       |       `--UNARY_PLUS -> + [169:15]
    |       |           `--NUM_INT -> 1 [169:16]
    |       |--SEMI -> ; [169:17]
    |       |--EXPR -> EXPR [170:13]
    |       |   `--ASSIGN -> = [170:13]
    |       |       |--IDENT -> vint [170:8]
    |       |       `--NUM_INT -> 100_000 [170:15]
    |       |--SEMI -> ; [170:22]
    |       |--EXPR -> EXPR [171:13]
    |       |   `--ASSIGN -> = [171:13]
    |       |       |--IDENT -> vint [171:8]
    |       |       `--NUM_INT -> 0x00 [171:15]
    |       |--SEMI -> ; [171:19]
    |       |--EXPR -> EXPR [172:13]
    |       |   `--ASSIGN -> = [172:13]
    |       |       |--IDENT -> vint [172:8]
    |       |       `--NUM_INT -> 0x12345678 [172:15]
    |       |--SEMI -> ; [172:25]
    |       |--EXPR -> EXPR [173:13]
    |       |   `--ASSIGN -> = [173:13]
    |       |       |--IDENT -> vint [173:8]
    |       |       `--NUM_INT -> 0X9 [173:15]
    |       |--SEMI -> ; [173:18]
    |       |--EXPR -> EXPR [174:13]
    |       |   `--ASSIGN -> = [174:13]
    |       |       |--IDENT -> vint [174:8]
    |       |       `--NUM_INT -> 0x1234_5678 [174:15]
    |       |--SEMI -> ; [174:26]
    |       |--EXPR -> EXPR [175:13]
    |       |   `--ASSIGN -> = [175:13]
    |       |       |--IDENT -> vint [175:8]
    |       |       `--NUM_INT -> 0b101 [175:15]
    |       |--SEMI -> ; [175:20]
    |       |--EXPR -> EXPR [176:13]
    |       |   `--ASSIGN -> = [176:13]
    |       |       |--IDENT -> vint [176:8]
    |       |       `--NUM_INT -> 0B101 [176:15]
    |       |--SEMI -> ; [176:20]
    |       |--EXPR -> EXPR [177:13]
    |       |   `--ASSIGN -> = [177:13]
    |       |       |--IDENT -> vint [177:8]
    |       |       `--NUM_INT -> 0b1 [177:15]
    |       |--SEMI -> ; [177:18]
    |       |--EXPR -> EXPR [178:13]
    |       |   `--ASSIGN -> = [178:13]
    |       |       |--IDENT -> vint [178:8]
    |       |       `--NUM_INT -> 0b1_0 [178:15]
    |       |--SEMI -> ; [178:20]
    |       |--EXPR -> EXPR [179:13]
    |       |   `--ASSIGN -> = [179:13]
    |       |       |--IDENT -> vint [179:8]
    |       |       `--NUM_INT -> 012345670 [179:15]
    |       |--SEMI -> ; [179:24]
    |       |--EXPR -> EXPR [180:13]
    |       |   `--ASSIGN -> = [180:13]
    |       |       |--IDENT -> vint [180:8]
    |       |       `--NUM_INT -> 01234_5670 [180:15]
    |       |--SEMI -> ; [180:25]
    |       |--EXPR -> EXPR [181:14]
    |       |   `--ASSIGN -> = [181:14]
    |       |       |--IDENT -> vlong [181:8]
    |       |       `--NUM_LONG -> 0L [181:16]
    |       |--SEMI -> ; [181:18]
    |       |--EXPR -> EXPR [182:14]
    |       |   `--ASSIGN -> = [182:14]
    |       |       |--IDENT -> vlong [182:8]
    |       |       `--NUM_LONG -> 1L [182:16]
    |       |--SEMI -> ; [182:18]
    |       |--EXPR -> EXPR [183:14]
    |       |   `--ASSIGN -> = [183:14]
    |       |       |--IDENT -> vlong [183:8]
    |       |       `--NUM_LONG -> 0b1L [183:16]
    |       |--SEMI -> ; [183:20]
    |       |--EXPR -> EXPR [184:14]
    |       |   `--ASSIGN -> = [184:14]
    |       |       |--IDENT -> vlong [184:8]
    |       |       `--NUM_LONG -> 1234567890l [184:16]
    |       |--SEMI -> ; [184:27]
    |       |--EXPR -> EXPR [185:14]
    |       |   `--ASSIGN -> = [185:14]
    |       |       |--IDENT -> vlong [185:8]
    |       |       `--NUM_LONG -> 1234567890L [185:16]
    |       |--SEMI -> ; [185:27]
    |       |--EXPR -> EXPR [186:14]
    |       |   `--ASSIGN -> = [186:14]
    |       |       |--IDENT -> vlong [186:8]
    |       |       `--NUM_LONG -> 0x0l [186:16]
    |       |--SEMI -> ; [186:20]
    |       |--EXPR -> EXPR [187:14]
    |       |   `--ASSIGN -> = [187:14]
    |       |       |--IDENT -> vlong [187:8]
    |       |       `--NUM_LONG -> 0xABCDEFl [187:16]
    |       |--SEMI -> ; [187:25]
    |       |--EXPR -> EXPR [188:14]
    |       |   `--ASSIGN -> = [188:14]
    |       |       |--IDENT -> vlong [188:8]
    |       |       `--NUM_LONG -> 0XABCDEFL [188:16]
    |       |--SEMI -> ; [188:25]
    |       |--EXPR -> EXPR [189:15]
    |       |   `--ASSIGN -> = [189:15]
    |       |       |--IDENT -> vfloat [189:8]
    |       |       `--NUM_FLOAT -> 0f [189:17]
    |       |--SEMI -> ; [189:19]
    |       |--EXPR -> EXPR [190:15]
    |       |   `--ASSIGN -> = [190:15]
    |       |       |--IDENT -> vfloat [190:8]
    |       |       `--NUM_FLOAT -> 0F [190:17]
    |       |--SEMI -> ; [190:19]
    |       |--EXPR -> EXPR [191:15]
    |       |   `--ASSIGN -> = [191:15]
    |       |       |--IDENT -> vfloat [191:8]
    |       |       `--NUM_FLOAT -> 1.1f [191:17]
    |       |--SEMI -> ; [191:21]
    |       |--EXPR -> EXPR [192:15]
    |       |   `--ASSIGN -> = [192:15]
    |       |       |--IDENT -> vfloat [192:8]
    |       |       `--NUM_FLOAT -> 1.10_1F [192:17]
    |       |--SEMI -> ; [192:24]
    |       |--EXPR -> EXPR [193:15]
    |       |   `--ASSIGN -> = [193:15]
    |       |       |--IDENT -> vfloat [193:8]
    |       |       `--NUM_FLOAT -> 0_1.1_1F [193:17]
    |       |--SEMI -> ; [193:25]
    |       |--EXPR -> EXPR [194:15]
    |       |   `--ASSIGN -> = [194:15]
    |       |       |--IDENT -> vfloat [194:8]
    |       |       `--NUM_FLOAT -> 1e0f [194:17]
    |       |--SEMI -> ; [194:21]
    |       |--EXPR -> EXPR [195:15]
    |       |   `--ASSIGN -> = [195:15]
    |       |       |--IDENT -> vfloat [195:8]
    |       |       `--NUM_FLOAT -> 1e0F [195:17]
    |       |--SEMI -> ; [195:21]
    |       |--EXPR -> EXPR [196:15]
    |       |   `--ASSIGN -> = [196:15]
    |       |       |--IDENT -> vfloat [196:8]
    |       |       `--NUM_FLOAT -> 1.0e0F [196:17]
    |       |--SEMI -> ; [196:23]
    |       |--EXPR -> EXPR [197:15]
    |       |   `--ASSIGN -> = [197:15]
    |       |       |--IDENT -> vfloat [197:8]
    |       |       `--NUM_FLOAT -> 0x2__3_34.4___AFP00_00f [197:17]
    |       |--SEMI -> ; [197:40]
    |       |--EXPR -> EXPR [198:16]
    |       |   `--ASSIGN -> = [198:16]
    |       |       |--IDENT -> vdouble [198:8]
    |       |       `--NUM_FLOAT -> 10. [198:18]
    |       |--SEMI -> ; [198:21]
    |       |--EXPR -> EXPR [199:16]
    |       |   `--ASSIGN -> = [199:16]
    |       |       |--IDENT -> vdouble [199:8]
    |       |       `--NUM_FLOAT -> .1 [199:18]
    |       |--SEMI -> ; [199:20]
    |       |--EXPR -> EXPR [200:16]
    |       |   `--ASSIGN -> = [200:16]
    |       |       |--IDENT -> vdouble [200:8]
    |       |       `--NUM_FLOAT -> .1__1_1 [200:18]
    |       |--SEMI -> ; [200:25]
    |       |--EXPR -> EXPR [201:16]
    |       |   `--ASSIGN -> = [201:16]
    |       |       |--IDENT -> vdouble [201:8]
    |       |       `--NUM_FLOAT -> 0.0 [201:18]
    |       |--SEMI -> ; [201:21]
    |       |--EXPR -> EXPR [202:16]
    |       |   `--ASSIGN -> = [202:16]
    |       |       |--IDENT -> vdouble [202:8]
    |       |       `--NUM_FLOAT -> 1000.0 [202:18]
    |       |--SEMI -> ; [202:24]
    |       |--EXPR -> EXPR [203:16]
    |       |   `--ASSIGN -> = [203:16]
    |       |       |--IDENT -> vdouble [203:8]
    |       |       `--NUM_DOUBLE -> .1d [203:18]
    |       |--SEMI -> ; [203:21]
    |       |--EXPR -> EXPR [204:16]
    |       |   `--ASSIGN -> = [204:16]
    |       |       |--IDENT -> vdouble [204:8]
    |       |       `--NUM_DOUBLE -> 1.D [204:18]
    |       |--SEMI -> ; [204:21]
    |       |--EXPR -> EXPR [205:16]
    |       |   `--ASSIGN -> = [205:16]
    |       |       |--IDENT -> vdouble [205:8]
    |       |       `--NUM_DOUBLE -> 0_1.0d [205:18]
    |       |--SEMI -> ; [205:24]
    |       |--EXPR -> EXPR [206:16]
    |       |   `--ASSIGN -> = [206:16]
    |       |       |--IDENT -> vdouble [206:8]
    |       |       `--NUM_DOUBLE -> 0_1.0D [206:18]
    |       |--SEMI -> ; [206:24]
    |       |--EXPR -> EXPR [207:16]
    |       |   `--ASSIGN -> = [207:16]
    |       |       |--IDENT -> vdouble [207:8]
    |       |       `--NUM_FLOAT -> 4e23 [207:18]
    |       |--SEMI -> ; [207:22]
    |       |--EXPR -> EXPR [208:16]
    |       |   `--ASSIGN -> = [208:16]
    |       |       |--IDENT -> vdouble [208:8]
    |       |       `--NUM_FLOAT -> 4E23 [208:18]
    |       |--SEMI -> ; [208:22]
    |       |--EXPR -> EXPR [209:16]
    |       |   `--ASSIGN -> = [209:16]
    |       |       |--IDENT -> vdouble [209:8]
    |       |       `--NUM_FLOAT -> 4E2_3 [209:18]
    |       |--SEMI -> ; [209:23]
    |       |--EXPR -> EXPR [210:16]
    |       |   `--ASSIGN -> = [210:16]
    |       |       |--IDENT -> vdouble [210:8]
    |       |       `--NUM_FLOAT -> 0x0.0000000000001p-1022 [210:18]
    |       |--SEMI -> ; [210:41]
    |       |--EXPR -> EXPR [211:16]
    |       |   `--ASSIGN -> = [211:16]
    |       |       |--IDENT -> vdouble [211:8]
    |       |       `--NUM_FLOAT -> 0x0.0000000000001P-1022 [211:18]
    |       |--SEMI -> ; [211:41]
    |       |--EXPR -> EXPR [212:16]
    |       |   `--ASSIGN -> = [212:16]
    |       |       |--IDENT -> vdouble [212:8]
    |       |       `--NUM_FLOAT -> 0X0.0000000000001p+1022 [212:18]
    |       |--SEMI -> ; [212:41]
    |       |--EXPR -> EXPR [213:16]
    |       |   `--ASSIGN -> = [213:16]
    |       |       |--IDENT -> vdouble [213:8]
    |       |       `--NUM_FLOAT -> 0X0.0000000000001P+1022 [213:18]
    |       |--SEMI -> ; [213:41]
    |       |--EXPR -> EXPR [214:16]
    |       |   `--ASSIGN -> = [214:16]
    |       |       |--IDENT -> vdouble [214:8]
    |       |       `--NUM_FLOAT -> 0x.0P0 [214:18]
    |       |--SEMI -> ; [214:24]
    |       |--EXPR -> EXPR [215:16]
    |       |   `--ASSIGN -> = [215:16]
    |       |       |--IDENT -> vdouble [215:8]
    |       |       `--NUM_FLOAT -> 0X0p+2 [215:18]
    |       |--SEMI -> ; [215:24]
    |       |--EXPR -> EXPR [216:16]
    |       |   `--ASSIGN -> = [216:16]
    |       |       |--IDENT -> vdouble [216:8]
    |       |       `--NUM_FLOAT -> 0X0p+20F [216:18]
    |       |--SEMI -> ; [216:26]
    |       |--EXPR -> EXPR [217:16]
    |       |   `--ASSIGN -> = [217:16]
    |       |       |--IDENT -> vdouble [217:8]
    |       |       `--NUM_DOUBLE -> 0X0p+2D [217:18]
    |       |--SEMI -> ; [217:25]
    |       |--EXPR -> EXPR [218:16]
    |       |   `--ASSIGN -> = [218:16]
    |       |       |--IDENT -> vdouble [218:8]
    |       |       `--NUM_DOUBLE -> 0X0p+2d [218:18]
    |       |--SEMI -> ; [218:25]
    |       |--EXPR -> EXPR [219:16]
    |       |   `--ASSIGN -> = [219:16]
    |       |       |--IDENT -> vdouble [219:8]
    |       |       `--NUM_FLOAT -> 0x1.P-1 [219:18]
    |       |--SEMI -> ; [219:25]
    |       |--EXPR -> EXPR [220:16]
    |       |   `--ASSIGN -> = [220:16]
    |       |       |--IDENT -> vdouble [220:8]
    |       |       `--NUM_FLOAT -> 0x.1___AFp1 [220:18]
    |       |--SEMI -> ; [220:29]
    |       |--EXPR -> EXPR [221:16]
    |       |   `--ASSIGN -> = [221:16]
    |       |       |--IDENT -> vstring [221:8]
    |       |       `--LITERAL_NULL -> null [221:18]
    |       |--SEMI -> ; [221:22]
    |       |--EXPR -> EXPR [222:16]
    |       |   `--ASSIGN -> = [222:16]
    |       |       |--IDENT -> vstring [222:8]
    |       |       `--STRING_LITERAL -> "" [222:18]
    |       |--SEMI -> ; [222:20]
    |       |--EXPR -> EXPR [223:16]
    |       |   `--ASSIGN -> = [223:16]
    |       |       |--IDENT -> vstring [223:8]
    |       |       `--STRING_LITERAL -> "\\" [223:18]
    |       |--SEMI -> ; [223:22]
    |       |--EXPR -> EXPR [226:13]
    |       |   `--ASSIGN -> = [226:13]
    |       |       |--IDENT -> vint [226:8]
    |       |       `--PLUS -> + [226:17]
    |       |           |--NUM_INT -> 1 [226:15]
    |       |           `--NUM_INT -> 1 [226:19]
    |       |--SEMI -> ; [226:20]
    |       |--EXPR -> EXPR [227:13]
    |       |   `--ASSIGN -> = [227:13]
    |       |       |--IDENT -> vint [227:8]
    |       |       `--MINUS -> - [227:17]
    |       |           |--NUM_INT -> 1 [227:15]
    |       |           `--NUM_INT -> 1 [227:19]
    |       |--SEMI -> ; [227:20]
    |       |--EXPR -> EXPR [228:13]
    |       |   `--ASSIGN -> = [228:13]
    |       |       |--IDENT -> vint [228:8]
    |       |       `--STAR -> * [228:17]
    |       |           |--NUM_INT -> 1 [228:15]
    |       |           `--NUM_INT -> 1 [228:19]
    |       |--SEMI -> ; [228:20]
    |       |--EXPR -> EXPR [229:13]
    |       |   `--ASSIGN -> = [229:13]
    |       |       |--IDENT -> vint [229:8]
    |       |       `--DIV -> / [229:17]
    |       |           |--NUM_INT -> 1 [229:15]
    |       |           `--NUM_INT -> 1 [229:19]
    |       |--SEMI -> ; [229:20]
    |       |--EXPR -> EXPR [230:13]
    |       |   `--ASSIGN -> = [230:13]
    |       |       |--IDENT -> vint [230:8]
    |       |       `--MOD -> % [230:17]
    |       |           |--NUM_INT -> 1 [230:15]
    |       |           `--NUM_INT -> 1 [230:19]
    |       |--SEMI -> ; [230:20]
    |       |--EXPR -> EXPR [231:13]
    |       |   `--ASSIGN -> = [231:13]
    |       |       |--IDENT -> vint [231:8]
    |       |       `--BAND -> & [231:17]
    |       |           |--NUM_INT -> 1 [231:15]
    |       |           `--NUM_INT -> 1 [231:19]
    |       |--SEMI -> ; [231:20]
    |       |--EXPR -> EXPR [232:13]
    |       |   `--ASSIGN -> = [232:13]
    |       |       |--IDENT -> vint [232:8]
    |       |       `--BOR -> | [232:17]
    |       |           |--NUM_INT -> 1 [232:15]
    |       |           `--NUM_INT -> 1 [232:19]
    |       |--SEMI -> ; [232:20]
    |       |--EXPR -> EXPR [233:13]
    |       |   `--ASSIGN -> = [233:13]
    |       |       |--IDENT -> vint [233:8]
    |       |       `--BXOR -> ^ [233:17]
    |       |           |--NUM_INT -> 1 [233:15]
    |       |           `--NUM_INT -> 1 [233:19]
    |       |--SEMI -> ; [233:20]
    |       |--EXPR -> EXPR [234:13]
    |       |   `--ASSIGN -> = [234:13]
    |       |       |--IDENT -> vint [234:8]
    |       |       `--BNOT -> ~ [234:15]
    |       |           `--NUM_INT -> 1 [234:16]
    |       |--SEMI -> ; [234:17]
    |       |--EXPR -> EXPR [235:17]
    |       |   `--ASSIGN -> = [235:17]
    |       |       |--IDENT -> vboolean [235:8]
    |       |       `--NOT_EQUAL -> != [235:21]
    |       |           |--NUM_INT -> 1 [235:19]
    |       |           `--NUM_INT -> 0 [235:24]
    |       |--SEMI -> ; [235:25]
    |       |--EXPR -> EXPR [236:17]
    |       |   `--ASSIGN -> = [236:17]
    |       |       |--IDENT -> vboolean [236:8]
    |       |       `--EQUAL -> == [236:21]
    |       |           |--NUM_INT -> 1 [236:19]
    |       |           `--NUM_INT -> 0 [236:24]
    |       |--SEMI -> ; [236:25]
    |       |--EXPR -> EXPR [237:17]
    |       |   `--ASSIGN -> = [237:17]
    |       |       |--IDENT -> vboolean [237:8]
    |       |       `--GT -> > [237:21]
    |       |           |--NUM_INT -> 1 [237:19]
    |       |           `--NUM_INT -> 0 [237:23]
    |       |--SEMI -> ; [237:24]
    |       |--EXPR -> EXPR [238:17]
    |       |   `--ASSIGN -> = [238:17]
    |       |       |--IDENT -> vboolean [238:8]
    |       |       `--GE -> >= [238:21]
    |       |           |--NUM_INT -> 1 [238:19]
    |       |           `--NUM_INT -> 0 [238:24]
    |       |--SEMI -> ; [238:25]
    |       |--EXPR -> EXPR [239:17]
    |       |   `--ASSIGN -> = [239:17]
    |       |       |--IDENT -> vboolean [239:8]
    |       |       `--LT -> < [239:21]
    |       |           |--NUM_INT -> 1 [239:19]
    |       |           `--NUM_INT -> 0 [239:23]
    |       |--SEMI -> ; [239:24]
    |       |--EXPR -> EXPR [240:17]
    |       |   `--ASSIGN -> = [240:17]
    |       |       |--IDENT -> vboolean [240:8]
    |       |       `--LE -> <= [240:21]
    |       |           |--NUM_INT -> 1 [240:19]
    |       |           `--NUM_INT -> 0 [240:24]
    |       |--SEMI -> ; [240:25]
    |       |--EXPR -> EXPR [241:17]
    |       |   `--ASSIGN -> = [241:17]
    |       |       |--IDENT -> vboolean [241:8]
    |       |       `--LAND -> && [241:24]
    |       |           |--LITERAL_TRUE -> true [241:19]
    |       |           `--LITERAL_TRUE -> true [241:27]
    |       |--SEMI -> ; [241:31]
    |       |--EXPR -> EXPR [242:17]
    |       |   `--ASSIGN -> = [242:17]
    |       |       |--IDENT -> vboolean [242:8]
    |       |       `--LOR -> || [242:24]
    |       |           |--LITERAL_TRUE -> true [242:19]
    |       |           `--LITERAL_TRUE -> true [242:27]
    |       |--SEMI -> ; [242:31]
    |       |--EXPR -> EXPR [243:17]
    |       |   `--ASSIGN -> = [243:17]
    |       |       |--IDENT -> vboolean [243:8]
    |       |       `--QUESTION -> ? [243:24]
    |       |           |--LITERAL_TRUE -> true [243:19]
    |       |           |--LITERAL_TRUE -> true [243:26]
    |       |           |--COLON -> : [243:31]
    |       |           `--LITERAL_FALSE -> false [243:33]
    |       |--SEMI -> ; [243:38]
    |       |--EXPR -> EXPR [244:17]
    |       |   `--ASSIGN -> = [244:17]
    |       |       |--IDENT -> vboolean [244:8]
    |       |       `--LNOT -> ! [244:19]
    |       |           `--LITERAL_TRUE -> true [244:20]
    |       |--SEMI -> ; [244:24]
    |       |--EXPR -> EXPR [245:17]
    |       |   `--ASSIGN -> = [245:17]
    |       |       |--IDENT -> vboolean [245:8]
    |       |       `--LITERAL_INSTANCEOF -> instanceof [245:22]
    |       |           |--IDENT -> f9 [245:19]
    |       |           `--TYPE -> TYPE [245:33]
    |       |               `--IDENT -> Object [245:33]
    |       |--SEMI -> ; [245:39]
    |       |--EXPR -> EXPR [246:13]
    |       |   `--ASSIGN -> = [246:13]
    |       |       |--IDENT -> vint [246:8]
    |       |       `--SL -> << [246:17]
    |       |           |--NUM_INT -> 1 [246:15]
    |       |           `--NUM_INT -> 1 [246:20]
    |       |--SEMI -> ; [246:21]
    |       |--EXPR -> EXPR [247:13]
    |       |   `--ASSIGN -> = [247:13]
    |       |       |--IDENT -> vint [247:8]
    |       |       `--SR -> >> [247:17]
    |       |           |--NUM_INT -> 1 [247:15]
    |       |           `--NUM_INT -> 1 [247:20]
    |       |--SEMI -> ; [247:21]
    |       |--EXPR -> EXPR [248:13]
    |       |   `--ASSIGN -> = [248:13]
    |       |       |--IDENT -> vint [248:8]
    |       |       `--BSR -> >>> [248:17]
    |       |           |--NUM_INT -> 1 [248:15]
    |       |           `--NUM_INT -> 1 [248:21]
    |       |--SEMI -> ; [248:22]
    |       |--EXPR -> EXPR [249:13]
    |       |   `--PLUS_ASSIGN -> += [249:13]
    |       |       |--IDENT -> vint [249:8]
    |       |       `--NUM_INT -> 1 [249:16]
    |       |--SEMI -> ; [249:17]
    |       |--EXPR -> EXPR [250:13]
    |       |   `--MINUS_ASSIGN -> -= [250:13]
    |       |       |--IDENT -> vint [250:8]
    |       |       `--NUM_INT -> 1 [250:16]
    |       |--SEMI -> ; [250:17]
    |       |--EXPR -> EXPR [251:13]
    |       |   `--STAR_ASSIGN -> *= [251:13]
    |       |       |--IDENT -> vint [251:8]
    |       |       `--NUM_INT -> 1 [251:16]
    |       |--SEMI -> ; [251:17]
    |       |--EXPR -> EXPR [252:13]
    |       |   `--DIV_ASSIGN -> /= [252:13]
    |       |       |--IDENT -> vint [252:8]
    |       |       `--NUM_INT -> 1 [252:16]
    |       |--SEMI -> ; [252:17]
    |       |--EXPR -> EXPR [253:13]
    |       |   `--MOD_ASSIGN -> %= [253:13]
    |       |       |--IDENT -> vint [253:8]
    |       |       `--NUM_INT -> 1 [253:16]
    |       |--SEMI -> ; [253:17]
    |       |--EXPR -> EXPR [254:13]
    |       |   `--BAND_ASSIGN -> &= [254:13]
    |       |       |--IDENT -> vint [254:8]
    |       |       `--NUM_INT -> 1 [254:16]
    |       |--SEMI -> ; [254:17]
    |       |--EXPR -> EXPR [255:13]
    |       |   `--BOR_ASSIGN -> |= [255:13]
    |       |       |--IDENT -> vint [255:8]
    |       |       `--NUM_INT -> 1 [255:16]
    |       |--SEMI -> ; [255:17]
    |       |--EXPR -> EXPR [256:13]
    |       |   `--BXOR_ASSIGN -> ^= [256:13]
    |       |       |--IDENT -> vint [256:8]
    |       |       `--NUM_INT -> 1 [256:16]
    |       |--SEMI -> ; [256:17]
    |       |--EXPR -> EXPR [257:13]
    |       |   `--SL_ASSIGN -> <<= [257:13]
    |       |       |--IDENT -> vint [257:8]
    |       |       `--NUM_INT -> 1 [257:17]
    |       |--SEMI -> ; [257:18]
    |       |--EXPR -> EXPR [258:13]
    |       |   `--SR_ASSIGN -> >>= [258:13]
    |       |       |--IDENT -> vint [258:8]
    |       |       `--NUM_INT -> 1 [258:17]
    |       |--SEMI -> ; [258:18]
    |       |--EXPR -> EXPR [259:13]
    |       |   `--BSR_ASSIGN -> >>>= [259:13]
    |       |       |--IDENT -> vint [259:8]
    |       |       `--NUM_INT -> 1 [259:18]
    |       |--SEMI -> ; [259:19]
    |       |--EXPR -> EXPR [260:12]
    |       |   `--POST_INC -> ++ [260:12]
    |       |       `--IDENT -> vint [260:8]
    |       |--SEMI -> ; [260:14]
    |       |--EXPR -> EXPR [261:12]
    |       |   `--POST_DEC -> -- [261:12]
    |       |       `--IDENT -> vint [261:8]
    |       |--SEMI -> ; [261:14]
    |       |--EXPR -> EXPR [262:8]
    |       |   `--INC -> ++ [262:8]
    |       |       `--IDENT -> vint [262:10]
    |       |--SEMI -> ; [262:14]
    |       |--EXPR -> EXPR [263:8]
    |       |   `--DEC -> -- [263:8]
    |       |       `--IDENT -> vint [263:10]
    |       |--SEMI -> ; [263:14]
    |       |--VARIABLE_DEF -> VARIABLE_DEF [264:14]
    |       |   |--MODIFIERS -> MODIFIERS [264:14]
    |       |   |--TYPE -> TYPE [264:14]
    |       |   |   `--ARRAY_DECLARATOR -> [ [264:14]
    |       |   |       |--IDENT -> String [264:8]
    |       |   |       `--RBRACK -> ] [264:15]
    |       |   |--IDENT -> arrayinit [264:17]
    |       |   `--ASSIGN -> = [264:27]
    |       |       `--ARRAY_INIT -> { [264:29]
    |       |           `--RCURLY -> } [264:30]
    |       |--SEMI -> ; [264:31]
    |       |--VARIABLE_DEF -> VARIABLE_DEF [265:14]
    |       |   |--MODIFIERS -> MODIFIERS [265:14]
    |       |   |--TYPE -> TYPE [265:14]
    |       |   |   `--ARRAY_DECLARATOR -> [ [265:14]
    |       |   |       |--IDENT -> String [265:8]
    |       |   |       `--RBRACK -> ] [265:15]
    |       |   |--IDENT -> arrayinit2 [265:17]
    |       |   `--ASSIGN -> = [265:28]
    |       |       `--ARRAY_INIT -> { [265:30]
    |       |           |--EXPR -> EXPR [265:31]
    |       |           |   `--STRING_LITERAL -> "" [265:31]
    |       |           `--RCURLY -> } [265:33]
    |       |--SEMI -> ; [265:34]
    |       |--VARIABLE_DEF -> VARIABLE_DEF [266:14]
    |       |   |--MODIFIERS -> MODIFIERS [266:14]
    |       |   |--TYPE -> TYPE [266:14]
    |       |   |   `--ARRAY_DECLARATOR -> [ [266:14]
    |       |   |       |--IDENT -> String [266:8]
    |       |   |       `--RBRACK -> ] [266:15]
    |       |   |--IDENT -> arrayinit3 [266:17]
    |       |   `--ASSIGN -> = [266:28]
    |       |       `--ARRAY_INIT -> { [266:30]
    |       |           |--EXPR -> EXPR [266:31]
    |       |           |   `--STRING_LITERAL -> "" [266:31]
    |       |           |--COMMA -> , [266:33]
    |       |           |--EXPR -> EXPR [266:35]
    |       |           |   `--STRING_LITERAL -> "" [266:35]
    |       |           |--COMMA -> , [266:37]
    |       |           `--RCURLY -> } [266:38]
    |       |--SEMI -> ; [266:39]
    |       |--EXPR -> EXPR [269:15]
    |       |   `--ASSIGN -> = [269:15]
    |       |       |--IDENT -> varray [269:8]
    |       |       `--LITERAL_NEW -> new [269:17]
    |       |           |--LITERAL_INT -> int [269:21]
    |       |           |--ARRAY_DECLARATOR -> [ [269:24]
    |       |           |   `--RBRACK -> ] [269:25]
    |       |           `--ARRAY_INIT -> { [269:26]
    |       |               `--RCURLY -> } [269:27]
    |       |--SEMI -> ; [269:28]
    |       |--EXPR -> EXPR [270:15]
    |       |   `--ASSIGN -> = [270:15]
    |       |       |--IDENT -> varray [270:8]
    |       |       `--LITERAL_NEW -> new [270:17]
    |       |           |--LITERAL_INT -> int [270:21]
    |       |           |--ARRAY_DECLARATOR -> [ [270:24]
    |       |           |   `--RBRACK -> ] [270:25]
    |       |           `--ARRAY_INIT -> { [270:26]
    |       |               |--EXPR -> EXPR [270:27]
    |       |               |   `--NUM_INT -> 0 [270:27]
    |       |               `--RCURLY -> } [270:28]
    |       |--SEMI -> ; [270:29]
    |       |--EXPR -> EXPR [271:15]
    |       |   `--ASSIGN -> = [271:15]
    |       |       |--IDENT -> varray [271:8]
    |       |       `--LITERAL_NEW -> new [271:17]
    |       |           |--LITERAL_INT -> int [271:21]
    |       |           |--ARRAY_DECLARATOR -> [ [271:24]
    |       |           |   `--RBRACK -> ] [271:25]
    |       |           `--ARRAY_INIT -> { [271:26]
    |       |               |--EXPR -> EXPR [271:27]
    |       |               |   `--NUM_INT -> 0 [271:27]
    |       |               |--COMMA -> , [271:28]
    |       |               |--EXPR -> EXPR [271:30]
    |       |               |   `--NUM_INT -> 1 [271:30]
    |       |               `--RCURLY -> } [271:31]
    |       |--SEMI -> ; [271:32]
    |       |--EXPR -> EXPR [272:15]
    |       |   `--ASSIGN -> = [272:15]
    |       |       |--IDENT -> varray [272:8]
    |       |       `--LITERAL_NEW -> new [272:17]
    |       |           |--LITERAL_INT -> int [272:21]
    |       |           `--ARRAY_DECLARATOR -> [ [272:24]
    |       |               |--EXPR -> EXPR [272:25]
    |       |               |   `--NUM_INT -> 5 [272:25]
    |       |               `--RBRACK -> ] [272:26]
    |       |--SEMI -> ; [272:27]
    |       |--EXPR -> EXPR [273:14]
    |       |   `--ASSIGN -> = [273:14]
    |       |       |--IDENT -> vlist [273:8]
    |       |       `--LITERAL_NEW -> new [273:16]
    |       |           |--IDENT -> ArrayList [273:20]
    |       |           |--TYPE_ARGUMENTS -> TYPE_ARGUMENTS [273:29]
    |       |           |   |--GENERIC_START -> < [273:29]
    |       |           |   |--TYPE_ARGUMENT -> TYPE_ARGUMENT [273:30]
    |       |           |   |   `--IDENT -> String [273:30]
    |       |           |   `--GENERIC_END -> > [273:36]
    |       |           |--LPAREN -> ( [273:37]
    |       |           |--ELIST -> ELIST [273:38]
    |       |           `--RPAREN -> ) [273:38]
    |       |--SEMI -> ; [273:39]
    |       |--EXPR -> EXPR [274:13]
    |       |   `--ASSIGN -> = [274:13]
    |       |       |--IDENT -> vmap [274:8]
    |       |       `--LITERAL_NEW -> new [274:15]
    |       |           |--IDENT -> HashMap [274:19]
    |       |           |--TYPE_ARGUMENTS -> TYPE_ARGUMENTS [274:26]
    |       |           |   |--GENERIC_START -> < [274:26]
    |       |           |   |--TYPE_ARGUMENT -> TYPE_ARGUMENT [274:27]
    |       |           |   |   `--IDENT -> String [274:27]
    |       |           |   |--COMMA -> , [274:33]
    |       |           |   |--TYPE_ARGUMENT -> TYPE_ARGUMENT [274:41]
    |       |           |   |   `--ARRAY_DECLARATOR -> [ [274:41]
    |       |           |   |       |--IDENT -> String [274:35]
    |       |           |   |       `--RBRACK -> ] [274:42]
    |       |           |   `--GENERIC_END -> > [274:43]
    |       |           |--LPAREN -> ( [274:44]
    |       |           |--ELIST -> ELIST [274:45]
    |       |           `--RPAREN -> ) [274:45]
    |       |--SEMI -> ; [274:46]
    |       |--VARIABLE_DEF -> VARIABLE_DEF [275:8]
    |       |   |--MODIFIERS -> MODIFIERS [275:8]
    |       |   |--TYPE -> TYPE [275:8]
    |       |   |   `--IDENT -> Object [275:8]
    |       |   |--IDENT -> anonymous [275:15]
    |       |   `--ASSIGN -> = [275:25]
    |       |       `--EXPR -> EXPR [275:27]
    |       |           `--LITERAL_NEW -> new [275:27]
    |       |               |--IDENT -> InputRegressionJavaClass1 [275:31]
    |       |               |--LPAREN -> ( [275:56]
    |       |               |--ELIST -> ELIST [275:57]
    |       |               |--RPAREN -> ) [275:57]
    |       |               `--OBJBLOCK -> OBJBLOCK [275:59]
    |       |                   |--LCURLY -> { [275:59]
    |       |                   `--RCURLY -> } [275:60]
    |       |--SEMI -> ; [275:61]
    |       |--EMPTY_STAT -> ; [278:8]
    |       |--EXPR -> EXPR [279:16]
    |       |   `--ASSIGN -> = [279:16]
    |       |       |--DOT -> . [279:12]
    |       |       |   |--LITERAL_THIS -> this [279:8]
    |       |       |   `--IDENT -> f1 [279:13]
    |       |       `--NUM_INT -> 0 [279:18]
    |       |--SEMI -> ; [279:19]
    |       |--LABELED_STAT -> : [282:19]
    |       |   |--IDENT -> test_label1 [282:8]
    |       |   `--SLIST -> { [285:8]
    |       |       `--RCURLY -> } [285:9]
    |       |--LITERAL_IF -> if [286:8]
    |       |   |--LPAREN -> ( [286:11]
    |       |   |--EXPR -> EXPR [286:12]
    |       |   |   `--LITERAL_TRUE -> true [286:12]
    |       |   |--RPAREN -> ) [286:16]
    |       |   `--EMPTY_STAT -> ; [286:18]
    |       |--LITERAL_IF -> if [287:8]
    |       |   |--LPAREN -> ( [287:11]
    |       |   |--EXPR -> EXPR [287:12]
    |       |   |   `--LITERAL_TRUE -> true [287:12]
    |       |   |--RPAREN -> ) [287:16]
    |       |   `--SLIST -> { [287:18]
    |       |       `--RCURLY -> } [287:19]
    |       |--LITERAL_IF -> if [288:8]
    |       |   |--LPAREN -> ( [288:11]
    |       |   |--EXPR -> EXPR [288:12]
    |       |   |   `--LITERAL_TRUE -> true [288:12]
    |       |   |--RPAREN -> ) [288:16]
    |       |   |--SLIST -> { [288:18]
    |       |   |   `--RCURLY -> } [288:19]
    |       |   `--LITERAL_ELSE -> else [288:21]
    |       |       `--EMPTY_STAT -> ; [288:26]
    |       |--LITERAL_IF -> if [289:8]
    |       |   |--LPAREN -> ( [289:11]
    |       |   |--EXPR -> EXPR [289:12]
    |       |   |   `--LITERAL_TRUE -> true [289:12]
    |       |   |--RPAREN -> ) [289:16]
    |       |   |--SLIST -> { [289:18]
    |       |   |   `--RCURLY -> } [289:19]
    |       |   `--LITERAL_ELSE -> else [289:21]
    |       |       `--SLIST -> { [289:26]
    |       |           `--RCURLY -> } [289:27]
    |       |--LITERAL_IF -> if [290:8]
    |       |   |--LPAREN -> ( [290:11]
    |       |   |--EXPR -> EXPR [290:12]
    |       |   |   `--IDENT -> b [290:12]
    |       |   |--RPAREN -> ) [290:13]
    |       |   `--SLIST -> { [290:15]
    |       |       |--LITERAL_FOR -> for [290:17]
    |       |       |   |--LPAREN -> ( [290:21]
    |       |       |   |--FOR_INIT -> FOR_INIT [290:22]
    |       |       |   |--SEMI -> ; [290:22]
    |       |       |   |--FOR_CONDITION -> FOR_CONDITION [290:23]
    |       |       |   |--SEMI -> ; [290:23]
    |       |       |   |--FOR_ITERATOR -> FOR_ITERATOR [290:24]
    |       |       |   |--RPAREN -> ) [290:24]
    |       |       |   `--EMPTY_STAT -> ; [290:26]
    |       |       `--RCURLY -> } [290:28]
    |       |--LITERAL_IF -> if [291:8]
    |       |   |--LPAREN -> ( [291:11]
    |       |   |--EXPR -> EXPR [291:12]
    |       |   |   `--IDENT -> b [291:12]
    |       |   |--RPAREN -> ) [291:13]
    |       |   `--SLIST -> { [291:15]
    |       |       |--LITERAL_FOR -> for [291:17]
    |       |       |   |--LPAREN -> ( [291:21]
    |       |       |   |--FOR_INIT -> FOR_INIT [291:22]
    |       |       |   |--SEMI -> ; [291:22]
    |       |       |   |--FOR_CONDITION -> FOR_CONDITION [291:23]
    |       |       |   |--SEMI -> ; [291:23]
    |       |       |   |--FOR_ITERATOR -> FOR_ITERATOR [291:24]
    |       |       |   |--RPAREN -> ) [291:24]
    |       |       |   `--SLIST -> { [291:26]
    |       |       |       `--RCURLY -> } [291:27]
    |       |       `--RCURLY -> } [291:29]
    |       |--LITERAL_FOR -> for [292:8]
    |       |   |--LPAREN -> ( [292:12]
    |       |   |--FOR_INIT -> FOR_INIT [292:13]
    |       |   |   `--VARIABLE_DEF -> VARIABLE_DEF [292:13]
    |       |   |       |--MODIFIERS -> MODIFIERS [292:13]
    |       |   |       |--TYPE -> TYPE [292:13]
    |       |   |       |   `--LITERAL_INT -> int [292:13]
    |       |   |       |--IDENT -> i [292:17]
    |       |   |       `--ASSIGN -> = [292:19]
    |       |   |           `--EXPR -> EXPR [292:21]
    |       |   |               `--NUM_INT -> 0 [292:21]
    |       |   |--SEMI -> ; [292:22]
    |       |   |--FOR_CONDITION -> FOR_CONDITION [292:26]
    |       |   |   `--EXPR -> EXPR [292:26]
    |       |   |       `--LT -> < [292:26]
    |       |   |           |--IDENT -> i [292:24]
    |       |   |           `--NUM_INT -> 1 [292:28]
    |       |   |--SEMI -> ; [292:29]
    |       |   |--FOR_ITERATOR -> FOR_ITERATOR [292:32]
    |       |   |   `--ELIST -> ELIST [292:32]
    |       |   |       `--EXPR -> EXPR [292:32]
    |       |   |           `--POST_INC -> ++ [292:32]
    |       |   |               `--IDENT -> i [292:31]
    |       |   |--RPAREN -> ) [292:34]
    |       |   `--SLIST -> { [292:36]
    |       |       `--RCURLY -> } [292:37]
    |       |--LITERAL_FOR -> for [293:8]
    |       |   |--LPAREN -> ( [293:12]
    |       |   |--FOR_INIT -> FOR_INIT [293:13]
    |       |   |   |--VARIABLE_DEF -> VARIABLE_DEF [293:13]
    |       |   |   |   |--MODIFIERS -> MODIFIERS [293:13]
    |       |   |   |   |--TYPE -> TYPE [293:13]
    |       |   |   |   |   `--LITERAL_INT -> int [293:13]
    |       |   |   |   |--IDENT -> i [293:17]
    |       |   |   |   `--ASSIGN -> = [293:19]
    |       |   |   |       `--EXPR -> EXPR [293:21]
    |       |   |   |           `--NUM_INT -> 0 [293:21]
    |       |   |   |--COMMA -> , [293:22]
    |       |   |   `--VARIABLE_DEF -> VARIABLE_DEF [293:13]
    |       |   |       |--MODIFIERS -> MODIFIERS [293:13]
    |       |   |       |--TYPE -> TYPE [293:13]
    |       |   |       |   `--LITERAL_INT -> int [293:13]
    |       |   |       |--IDENT -> j [293:24]
    |       |   |       `--ASSIGN -> = [293:26]
    |       |   |           `--EXPR -> EXPR [293:28]
    |       |   |               `--NUM_INT -> 0 [293:28]
    |       |   |--SEMI -> ; [293:29]
    |       |   |--FOR_CONDITION -> FOR_CONDITION [293:33]
    |       |   |   `--EXPR -> EXPR [293:33]
    |       |   |       `--LT -> < [293:33]
    |       |   |           |--IDENT -> i [293:31]
    |       |   |           `--NUM_INT -> 1 [293:35]
    |       |   |--SEMI -> ; [293:36]
    |       |   |--FOR_ITERATOR -> FOR_ITERATOR [293:39]
    |       |   |   `--ELIST -> ELIST [293:39]
    |       |   |       |--EXPR -> EXPR [293:39]
    |       |   |       |   `--POST_INC -> ++ [293:39]
    |       |   |       |       `--IDENT -> i [293:38]
    |       |   |       |--COMMA -> , [293:41]
    |       |   |       `--EXPR -> EXPR [293:45]
    |       |   |           `--PLUS_ASSIGN -> += [293:45]
    |       |   |               |--IDENT -> j [293:43]
    |       |   |               `--NUM_INT -> 2 [293:48]
    |       |   |--RPAREN -> ) [293:49]
    |       |   `--SLIST -> { [293:51]
    |       |       `--RCURLY -> } [293:52]
    |       |--LITERAL_FOR -> for [294:8]
    |       |   |--LPAREN -> ( [294:12]
    |       |   |--FOR_EACH_CLAUSE -> FOR_EACH_CLAUSE [294:13]
    |       |   |   |--VARIABLE_DEF -> VARIABLE_DEF [294:13]
    |       |   |   |   |--MODIFIERS -> MODIFIERS [294:13]
    |       |   |   |   |--TYPE -> TYPE [294:13]
    |       |   |   |   |   `--LITERAL_INT -> int [294:13]
    |       |   |   |   `--IDENT -> value [294:17]
    |       |   |   |--COLON -> : [294:22]
    |       |   |   `--EXPR -> EXPR [294:24]
    |       |   |       `--LITERAL_NEW -> new [294:24]
    |       |   |           |--LITERAL_INT -> int [294:28]
    |       |   |           |--ARRAY_DECLARATOR -> [ [294:31]
    |       |   |           |   `--RBRACK -> ] [294:32]
    |       |   |           `--ARRAY_INIT -> { [294:33]
    |       |   |               `--RCURLY -> } [294:34]
    |       |   |--RPAREN -> ) [294:35]
    |       |   `--EMPTY_STAT -> ; [294:37]
    |       |--LITERAL_FOR -> for [295:8]
    |       |   |--LPAREN -> ( [295:12]
    |       |   |--FOR_EACH_CLAUSE -> FOR_EACH_CLAUSE [295:13]
    |       |   |   |--VARIABLE_DEF -> VARIABLE_DEF [295:13]
    |       |   |   |   |--MODIFIERS -> MODIFIERS [295:13]
    |       |   |   |   |--TYPE -> TYPE [295:13]
    |       |   |   |   |   `--IDENT -> String [295:13]
    |       |   |   |   `--IDENT -> s [295:20]
    |       |   |   |--COLON -> : [295:22]
    |       |   |   `--EXPR -> EXPR [295:24]
    |       |   |       `--LITERAL_NEW -> new [295:24]
    |       |   |           |--IDENT -> String [295:28]
    |       |   |           |--ARRAY_DECLARATOR -> [ [295:34]
    |       |   |           |   `--RBRACK -> ] [295:35]
    |       |   |           `--ARRAY_INIT -> { [295:36]
    |       |   |               `--RCURLY -> } [295:37]
    |       |   |--RPAREN -> ) [295:38]
    |       |   `--EMPTY_STAT -> ; [295:40]
    |       |--LITERAL_FOR -> for [296:8]
    |       |   |--LPAREN -> ( [296:12]
    |       |   |--FOR_EACH_CLAUSE -> FOR_EACH_CLAUSE [296:13]
    |       |   |   |--VARIABLE_DEF -> VARIABLE_DEF [296:13]
    |       |   |   |   |--MODIFIERS -> MODIFIERS [296:13]
    |       |   |   |   |   `--FINAL -> final [296:13]
    |       |   |   |   |--TYPE -> TYPE [296:19]
    |       |   |   |   |   `--IDENT -> String [296:19]
    |       |   |   |   `--IDENT -> s [296:26]
    |       |   |   |--COLON -> : [296:28]
    |       |   |   `--EXPR -> EXPR [296:30]
    |       |   |       `--LITERAL_NEW -> new [296:30]
    |       |   |           |--IDENT -> String [296:34]
    |       |   |           |--ARRAY_DECLARATOR -> [ [296:40]
    |       |   |           |   `--RBRACK -> ] [296:41]
    |       |   |           `--ARRAY_INIT -> { [296:42]
    |       |   |               `--RCURLY -> } [296:43]
    |       |   |--RPAREN -> ) [296:44]
    |       |   `--EMPTY_STAT -> ; [296:46]
    |       |--LITERAL_IF -> if [297:8]
    |       |   |--LPAREN -> ( [297:11]
    |       |   |--EXPR -> EXPR [297:12]
    |       |   |   `--IDENT -> b [297:12]
    |       |   |--RPAREN -> ) [297:13]
    |       |   `--SLIST -> { [297:15]
    |       |       |--LITERAL_WHILE -> while [297:17]
    |       |       |   |--LPAREN -> ( [297:23]
    |       |       |   |--EXPR -> EXPR [297:24]
    |       |       |   |   `--LITERAL_TRUE -> true [297:24]
    |       |       |   |--RPAREN -> ) [297:28]
    |       |       |   `--EMPTY_STAT -> ; [297:30]
    |       |       `--RCURLY -> } [297:32]
    |       |--LITERAL_IF -> if [298:8]
    |       |   |--LPAREN -> ( [298:11]
    |       |   |--EXPR -> EXPR [298:12]
    |       |   |   `--IDENT -> b [298:12]
    |       |   |--RPAREN -> ) [298:13]
    |       |   `--SLIST -> { [298:15]
    |       |       |--LITERAL_WHILE -> while [298:17]
    |       |       |   |--LPAREN -> ( [298:23]
    |       |       |   |--EXPR -> EXPR [298:24]
    |       |       |   |   `--LITERAL_TRUE -> true [298:24]
    |       |       |   |--RPAREN -> ) [298:28]
    |       |       |   `--SLIST -> { [298:30]
    |       |       |       `--RCURLY -> } [298:31]
    |       |       `--RCURLY -> } [298:33]
    |       |--LITERAL_DO -> do [299:8]
    |       |   |--SLIST -> { [299:11]
    |       |   |   `--RCURLY -> } [299:12]
    |       |   |--DO_WHILE -> while [299:14]
    |       |   |--LPAREN -> ( [299:20]
    |       |   |--EXPR -> EXPR [299:21]
    |       |   |   `--LITERAL_FALSE -> false [299:21]
    |       |   |--RPAREN -> ) [299:26]
    |       |   `--SEMI -> ; [299:27]
    |       |--LITERAL_SYNCHRONIZED -> synchronized [300:8]
    |       |   |--LPAREN -> ( [300:21]
    |       |   |--EXPR -> EXPR [300:22]
    |       |   |   `--IDENT -> f9 [300:22]
    |       |   |--RPAREN -> ) [300:24]
    |       |   `--SLIST -> { [300:26]
    |       |       `--RCURLY -> } [300:27]
    |       |--LITERAL_SWITCH -> switch [302:8]
    |       |   |--LPAREN -> ( [302:15]
    |       |   |--EXPR -> EXPR [302:16]
    |       |   |   `--NUM_INT -> 0 [302:16]
    |       |   |--RPAREN -> ) [302:17]
    |       |   |--LCURLY -> { [302:19]
    |       |   |--CASE_GROUP -> CASE_GROUP [303:12]
    |       |   |   |--LITERAL_CASE -> case [303:12]
    |       |   |   |   |--EXPR -> EXPR [303:17]
    |       |   |   |   |   `--NUM_INT -> 1 [303:17]
    |       |   |   |   `--COLON -> : [303:18]
    |       |   |   |--LITERAL_CASE -> case [304:12]
    |       |   |   |   |--EXPR -> EXPR [304:17]
    |       |   |   |   |   `--NUM_INT -> 0 [304:17]
    |       |   |   |   `--COLON -> : [304:18]
    |       |   |   `--SLIST -> SLIST [304:20]
    |       |   |       `--LITERAL_BREAK -> break [304:20]
    |       |   |           `--SEMI -> ; [304:25]
    |       |   |--CASE_GROUP -> CASE_GROUP [305:12]
    |       |   |   |--LITERAL_DEFAULT -> default [305:12]
    |       |   |   |   `--COLON -> : [305:19]
    |       |   |   `--SLIST -> SLIST [305:21]
    |       |   |       `--LITERAL_BREAK -> break [305:21]
    |       |   |           `--SEMI -> ; [305:26]
    |       |   `--RCURLY -> } [306:8]
    |       |--LITERAL_TRY -> try [308:8]
    |       |   |--SLIST -> { [308:12]
    |       |   |   |--LITERAL_IF -> if [309:12]
    |       |   |   |   |--LPAREN -> ( [309:15]
    |       |   |   |   |--EXPR -> EXPR [309:16]
    |       |   |   |   |   `--IDENT -> b [309:16]
    |       |   |   |   |--RPAREN -> ) [309:17]
    |       |   |   |   `--SLIST -> { [309:19]
    |       |   |   |       |--LITERAL_THROW -> throw [309:21]
    |       |   |   |       |   |--EXPR -> EXPR [309:27]
    |       |   |   |       |   |   `--LITERAL_NEW -> new [309:27]
    |       |   |   |       |   |       |--IDENT -> IOException [309:31]
    |       |   |   |       |   |       |--LPAREN -> ( [309:42]
    |       |   |   |       |   |       |--ELIST -> ELIST [309:43]
    |       |   |   |       |   |       `--RPAREN -> ) [309:43]
    |       |   |   |       |   `--SEMI -> ; [309:44]
    |       |   |   |       `--RCURLY -> } [309:46]
    |       |   |   |--LITERAL_IF -> if [310:12]
    |       |   |   |   |--LPAREN -> ( [310:15]
    |       |   |   |   |--EXPR -> EXPR [310:16]
    |       |   |   |   |   `--IDENT -> b [310:16]
    |       |   |   |   |--RPAREN -> ) [310:17]
    |       |   |   |   `--SLIST -> { [310:19]
    |       |   |   |       |--LITERAL_THROW -> throw [310:21]
    |       |   |   |       |   |--EXPR -> EXPR [310:27]
    |       |   |   |       |   |   `--LITERAL_NEW -> new [310:27]
    |       |   |   |       |   |       |--IDENT -> ArrayIndexOutOfBoundsException [310:31]
    |       |   |   |       |   |       |--LPAREN -> ( [310:61]
    |       |   |   |       |   |       |--ELIST -> ELIST [310:62]
    |       |   |   |       |   |       `--RPAREN -> ) [310:62]
    |       |   |   |       |   `--SEMI -> ; [310:63]
    |       |   |   |       `--RCURLY -> } [310:65]
    |       |   |   |--LITERAL_THROW -> throw [311:12]
    |       |   |   |   |--EXPR -> EXPR [311:18]
    |       |   |   |   |   `--LITERAL_NEW -> new [311:18]
    |       |   |   |   |       |--IDENT -> Exception [311:22]
    |       |   |   |   |       |--LPAREN -> ( [311:31]
    |       |   |   |   |       |--ELIST -> ELIST [311:32]
    |       |   |   |   |       `--RPAREN -> ) [311:32]
    |       |   |   |   `--SEMI -> ; [311:33]
    |       |   |   `--RCURLY -> } [312:8]
    |       |   |--LITERAL_CATCH -> catch [312:10]
    |       |   |   |--LPAREN -> ( [312:16]
    |       |   |   |--PARAMETER_DEF -> PARAMETER_DEF [312:29]
    |       |   |   |   |--MODIFIERS -> MODIFIERS [312:29]
    |       |   |   |   |--TYPE -> TYPE [312:29]
    |       |   |   |   |   `--BOR -> | [312:29]
    |       |   |   |   |       |--IDENT -> IOException [312:17]
    |       |   |   |   |       `--IDENT -> ArrayIndexOutOfBoundsException [312:31]
    |       |   |   |   `--IDENT -> e [312:62]
    |       |   |   |--RPAREN -> ) [312:63]
    |       |   |   `--SLIST -> { [312:65]
    |       |   |       `--RCURLY -> } [313:8]
    |       |   |--LITERAL_CATCH -> catch [313:10]
    |       |   |   |--LPAREN -> ( [313:16]
    |       |   |   |--PARAMETER_DEF -> PARAMETER_DEF [313:17]
    |       |   |   |   |--MODIFIERS -> MODIFIERS [313:17]
    |       |   |   |   |--TYPE -> TYPE [313:17]
    |       |   |   |   |   `--IDENT -> Exception [313:17]
    |       |   |   |   `--IDENT -> e [313:27]
    |       |   |   |--RPAREN -> ) [313:28]
    |       |   |   `--SLIST -> { [313:30]
    |       |   |       `--RCURLY -> } [314:8]
    |       |   `--LITERAL_FINALLY -> finally [314:10]
    |       |       `--SLIST -> { [314:18]
    |       |           `--RCURLY -> } [314:19]
    |       |--LITERAL_TRY -> try [315:8]
    |       |   |--RESOURCE_SPECIFICATION -> RESOURCE_SPECIFICATION [315:12]
    |       |   |   |--LPAREN -> ( [315:12]
    |       |   |   |--RESOURCES -> RESOURCES [315:13]
    |       |   |   |   `--RESOURCE -> RESOURCE [315:13]
    |       |   |   |       |--MODIFIERS -> MODIFIERS [315:13]
    |       |   |   |       |--TYPE -> TYPE [315:13]
    |       |   |   |       |   `--IDENT -> BufferedReader [315:13]
    |       |   |   |       |--IDENT -> br [315:28]
    |       |   |   |       `--ASSIGN -> = [315:31]
    |       |   |   |           `--EXPR -> EXPR [315:33]
    |       |   |   |               `--LITERAL_NEW -> new [315:33]
    |       |   |   |                   |--IDENT -> BufferedReader [315:37]
    |       |   |   |                   |--LPAREN -> ( [315:51]
    |       |   |   |                   |--ELIST -> ELIST [315:52]
    |       |   |   |                   |   `--EXPR -> EXPR [315:52]
    |       |   |   |                   |       `--LITERAL_NEW -> new [315:52]
    |       |   |   |                   |           |--IDENT -> InputStreamReader [315:56]
    |       |   |   |                   |           |--LPAREN -> ( [315:73]
    |       |   |   |                   |           |--ELIST -> ELIST [315:74]
    |       |   |   |                   |           |   |--EXPR -> EXPR [315:74]
    |       |   |   |                   |           |   |   `--LITERAL_NULL -> null [315:74]
    |       |   |   |                   |           |   |--COMMA -> , [315:78]
    |       |   |   |                   |           |   `--EXPR -> EXPR [315:80]
    |       |   |   |                   |           |       `--STRING_LITERAL -> "utf-8" [315:80]
    |       |   |   |                   |           `--RPAREN -> ) [315:87]
    |       |   |   |                   `--RPAREN -> ) [315:88]
    |       |   |   `--RPAREN -> ) [315:89]
    |       |   `--SLIST -> { [315:91]
    |       |       `--RCURLY -> } [315:92]
    |       |--LITERAL_TRY -> try [316:8]
    |       |   |--RESOURCE_SPECIFICATION -> RESOURCE_SPECIFICATION [316:12]
    |       |   |   |--LPAREN -> ( [316:12]
    |       |   |   |--RESOURCES -> RESOURCES [316:13]
    |       |   |   |   |--RESOURCE -> RESOURCE [316:13]
    |       |   |   |   |   |--MODIFIERS -> MODIFIERS [316:13]
    |       |   |   |   |   |--TYPE -> TYPE [316:13]
    |       |   |   |   |   |   `--IDENT -> BufferedReader [316:13]
    |       |   |   |   |   |--IDENT -> br1 [316:28]
    |       |   |   |   |   `--ASSIGN -> = [316:32]
    |       |   |   |   |       `--EXPR -> EXPR [316:34]
    |       |   |   |   |           `--LITERAL_NEW -> new [316:34]
    |       |   |   |   |               |--IDENT -> BufferedReader [316:38]
    |       |   |   |   |               |--LPAREN -> ( [316:52]
    |       |   |   |   |               |--ELIST -> ELIST [316:53]
    |       |   |   |   |               |   `--EXPR -> EXPR [316:53]
    |       |   |   |   |               |       `--LITERAL_NEW -> new [316:53]
    |       |   |   |   |               |           |--IDENT -> InputStreamReader [316:57]
    |       |   |   |   |               |           |--LPAREN -> ( [316:74]
    |       |   |   |   |               |           |--ELIST -> ELIST [316:75]
    |       |   |   |   |               |           |   |--EXPR -> EXPR [316:75]
    |       |   |   |   |               |           |   |   `--LITERAL_NULL -> null [316:75]
    |       |   |   |   |               |           |   |--COMMA -> , [316:79]
    |       |   |   |   |               |           |   `--EXPR -> EXPR [316:81]
    |       |   |   |   |               |           |       `--STRING_LITERAL -> "utf-8" [316:81]
    |       |   |   |   |               |           `--RPAREN -> ) [316:88]
    |       |   |   |   |               `--RPAREN -> ) [316:89]
    |       |   |   |   |--SEMI -> ; [316:90]
    |       |   |   |   `--RESOURCE -> RESOURCE [317:16]
    |       |   |   |       |--MODIFIERS -> MODIFIERS [317:16]
    |       |   |   |       |--TYPE -> TYPE [317:16]
    |       |   |   |       |   `--IDENT -> BufferedReader [317:16]
    |       |   |   |       |--IDENT -> br2 [317:31]
    |       |   |   |       `--ASSIGN -> = [317:35]
    |       |   |   |           `--EXPR -> EXPR [317:37]
    |       |   |   |               `--LITERAL_NEW -> new [317:37]
    |       |   |   |                   |--IDENT -> BufferedReader [317:41]
    |       |   |   |                   |--LPAREN -> ( [317:55]
    |       |   |   |                   |--ELIST -> ELIST [317:56]
    |       |   |   |                   |   `--EXPR -> EXPR [317:56]
    |       |   |   |                   |       `--LITERAL_NEW -> new [317:56]
    |       |   |   |                   |           |--IDENT -> InputStreamReader [317:60]
    |       |   |   |                   |           |--LPAREN -> ( [317:77]
    |       |   |   |                   |           |--ELIST -> ELIST [317:78]
    |       |   |   |                   |           |   |--EXPR -> EXPR [317:78]
    |       |   |   |                   |           |   |   `--LITERAL_NULL -> null [317:78]
    |       |   |   |                   |           |   |--COMMA -> , [317:82]
    |       |   |   |                   |           |   `--EXPR -> EXPR [317:84]
    |       |   |   |                   |           |       `--STRING_LITERAL -> "utf-8" [317:84]
    |       |   |   |                   |           `--RPAREN -> ) [317:91]
    |       |   |   |                   `--RPAREN -> ) [317:92]
    |       |   |   |--SEMI -> ; [317:93]
    |       |   |   `--RPAREN -> ) [317:94]
    |       |   `--SLIST -> { [317:96]
    |       |       `--RCURLY -> } [317:97]
    |       |--EXPR -> EXPR [320:14]
    |       |   `--ASSIGN -> = [320:14]
    |       |       |--IDENT -> test4 [320:8]
    |       |       `--DOT -> . [320:41]
    |       |           |--IDENT -> InputRegressionJavaClass1 [320:16]
    |       |           `--LITERAL_CLASS -> class [320:42]
    |       |--SEMI -> ; [320:47]
    |       |--EXPR -> EXPR [321:14]
    |       |   `--ASSIGN -> = [321:14]
    |       |       |--IDENT -> test4 [321:8]
    |       |       `--DOT -> . [321:22]
    |       |           |--ARRAY_DECLARATOR -> [ [321:20]
    |       |           |   |--IDENT -> List [321:16]
    |       |           |   `--RBRACK -> ] [321:21]
    |       |           `--LITERAL_CLASS -> class [321:23]
    |       |--SEMI -> ; [321:28]
    |       |--EXPR -> EXPR [322:14]
    |       |   `--ASSIGN -> = [322:14]
    |       |       |--IDENT -> test4 [322:8]
    |       |       `--DOT -> . [322:25]
    |       |           |--ARRAY_DECLARATOR -> [ [322:23]
    |       |           |   |--LITERAL_BOOLEAN -> boolean [322:16]
    |       |           |   `--RBRACK -> ] [322:24]
    |       |           `--LITERAL_CLASS -> class [322:26]
    |       |--SEMI -> ; [322:31]
    |       |--EXPR -> EXPR [323:18]
    |       |   `--ASSIGN -> = [323:18]
    |       |       |--INDEX_OP -> [ [323:14]
    |       |       |   |--IDENT -> varray [323:8]
    |       |       |   |--EXPR -> EXPR [323:15]
    |       |       |   |   `--NUM_INT -> 0 [323:15]
    |       |       |   `--RBRACK -> ] [323:16]
    |       |       `--NUM_INT -> 0 [323:20]
    |       |--SEMI -> ; [323:21]
    |       |--LITERAL_FOR -> for [324:8]
    |       |   |--LPAREN -> ( [324:12]
    |       |   |--FOR_EACH_CLAUSE -> FOR_EACH_CLAUSE [324:19]
    |       |   |   |--VARIABLE_DEF -> VARIABLE_DEF [324:19]
    |       |   |   |   |--MODIFIERS -> MODIFIERS [324:19]
    |       |   |   |   |--TYPE -> TYPE [324:19]
    |       |   |   |   |   `--ARRAY_DECLARATOR -> [ [324:19]
    |       |   |   |   |       |--IDENT -> String [324:13]
    |       |   |   |   |       `--RBRACK -> ] [324:20]
    |       |   |   |   `--IDENT -> s [324:22]
    |       |   |   |--COLON -> : [324:24]
    |       |   |   `--EXPR -> EXPR [324:26]
    |       |   |       `--LITERAL_NEW -> new [324:26]
    |       |   |           |--IDENT -> String [324:30]
    |       |   |           |--ARRAY_DECLARATOR -> [ [324:38]
    |       |   |           |   |--ARRAY_DECLARATOR -> [ [324:36]
    |       |   |           |   |   `--RBRACK -> ] [324:37]
    |       |   |           |   `--RBRACK -> ] [324:39]
    |       |   |           `--ARRAY_INIT -> { [324:40]
    |       |   |               |--ARRAY_INIT -> { [324:41]
    |       |   |               |   `--RCURLY -> } [324:42]
    |       |   |               `--RCURLY -> } [324:43]
    |       |   |--RPAREN -> ) [324:44]
    |       |   `--EMPTY_STAT -> ; [324:46]
    |       |--LITERAL_FOR -> for [325:8]
    |       |   |--LPAREN -> ( [325:12]
    |       |   |--FOR_EACH_CLAUSE -> FOR_EACH_CLAUSE [325:16]
    |       |   |   |--VARIABLE_DEF -> VARIABLE_DEF [325:16]
    |       |   |   |   |--MODIFIERS -> MODIFIERS [325:16]
    |       |   |   |   |--TYPE -> TYPE [325:16]
    |       |   |   |   |   `--DOT -> . [325:16]
    |       |   |   |   |       |--IDENT -> Map [325:13]
    |       |   |   |   |       |--IDENT -> Entry [325:17]
    |       |   |   |   |       `--TYPE_ARGUMENTS -> TYPE_ARGUMENTS [325:22]
    |       |   |   |   |           |--GENERIC_START -> < [325:22]
    |       |   |   |   |           |--TYPE_ARGUMENT -> TYPE_ARGUMENT [325:23]
    |       |   |   |   |           |   `--IDENT -> String [325:23]
    |       |   |   |   |           |--COMMA -> , [325:29]
    |       |   |   |   |           |--TYPE_ARGUMENT -> TYPE_ARGUMENT [325:37]
    |       |   |   |   |           |   `--ARRAY_DECLARATOR -> [ [325:37]
    |       |   |   |   |           |       |--IDENT -> String [325:31]
    |       |   |   |   |           |       `--RBRACK -> ] [325:38]
    |       |   |   |   |           `--GENERIC_END -> > [325:39]
    |       |   |   |   `--IDENT -> e [325:41]
    |       |   |   |--COLON -> : [325:43]
    |       |   |   `--EXPR -> EXPR [325:58]
    |       |   |       `--METHOD_CALL -> ( [325:58]
    |       |   |           |--DOT -> . [325:49]
    |       |   |           |   |--IDENT -> vmap [325:45]
    |       |   |           |   `--IDENT -> entrySet [325:50]
    |       |   |           |--ELIST -> ELIST [325:59]
    |       |   |           `--RPAREN -> ) [325:59]
    |       |   |--RPAREN -> ) [325:60]
    |       |   `--SLIST -> { [325:62]
    |       |       `--RCURLY -> } [325:64]
    |       |--LITERAL_FOR -> for [328:8]
    |       |   |--LPAREN -> ( [328:12]
    |       |   |--FOR_INIT -> FOR_INIT [328:13]
    |       |   |--SEMI -> ; [328:13]
    |       |   |--FOR_CONDITION -> FOR_CONDITION [328:14]
    |       |   |--SEMI -> ; [328:14]
    |       |   |--FOR_ITERATOR -> FOR_ITERATOR [328:15]
    |       |   |--RPAREN -> ) [328:15]
    |       |   `--SLIST -> { [328:17]
    |       |       |--LITERAL_BREAK -> break [328:18]
    |       |       |   `--SEMI -> ; [328:23]
    |       |       `--RCURLY -> } [328:24]
    |       |--LABELED_STAT -> : [329:19]
    |       |   |--IDENT -> test_label2 [329:8]
    |       |   `--LITERAL_FOR -> for [330:8]
    |       |       |--LPAREN -> ( [330:12]
    |       |       |--FOR_INIT -> FOR_INIT [330:13]
    |       |       |--SEMI -> ; [330:13]
    |       |       |--FOR_CONDITION -> FOR_CONDITION [330:14]
    |       |       |--SEMI -> ; [330:14]
    |       |       |--FOR_ITERATOR -> FOR_ITERATOR [330:15]
    |       |       |--RPAREN -> ) [330:15]
    |       |       `--SLIST -> { [330:17]
    |       |           |--LITERAL_BREAK -> break [330:18]
    |       |           |   |--IDENT -> test_label2 [330:24]
    |       |           |   `--SEMI -> ; [330:35]
    |       |           `--RCURLY -> } [330:36]
    |       |--LITERAL_IF -> if [331:8]
    |       |   |--LPAREN -> ( [331:11]
    |       |   |--EXPR -> EXPR [331:12]
    |       |   |   `--IDENT -> b [331:12]
    |       |   |--RPAREN -> ) [331:13]
    |       |   `--SLIST -> { [331:15]
    |       |       |--LITERAL_FOR -> for [331:17]
    |       |       |   |--LPAREN -> ( [331:21]
    |       |       |   |--FOR_INIT -> FOR_INIT [331:22]
    |       |       |   |--SEMI -> ; [331:22]
    |       |       |   |--FOR_CONDITION -> FOR_CONDITION [331:23]
    |       |       |   |--SEMI -> ; [331:23]
    |       |       |   |--FOR_ITERATOR -> FOR_ITERATOR [331:24]
    |       |       |   |--RPAREN -> ) [331:24]
    |       |       |   `--SLIST -> { [331:26]
    |       |       |       |--LITERAL_CONTINUE -> continue [331:27]
    |       |       |       |   `--SEMI -> ; [331:35]
    |       |       |       `--RCURLY -> } [331:36]
    |       |       `--RCURLY -> } [331:38]
    |       |--LITERAL_IF -> if [332:8]
    |       |   |--LPAREN -> ( [332:11]
    |       |   |--EXPR -> EXPR [332:12]
    |       |   |   `--IDENT -> b [332:12]
    |       |   |--RPAREN -> ) [332:13]
    |       |   `--SLIST -> { [332:15]
    |       |       |--LABELED_STAT -> : [332:28]
    |       |       |   |--IDENT -> test_label3 [332:17]
    |       |       |   `--LITERAL_FOR -> for [332:30]
    |       |       |       |--LPAREN -> ( [332:34]
    |       |       |       |--FOR_INIT -> FOR_INIT [332:35]
    |       |       |       |--SEMI -> ; [332:35]
    |       |       |       |--FOR_CONDITION -> FOR_CONDITION [332:36]
    |       |       |       |--SEMI -> ; [332:36]
    |       |       |       |--FOR_ITERATOR -> FOR_ITERATOR [332:37]
    |       |       |       |--RPAREN -> ) [332:37]
    |       |       |       `--SLIST -> { [332:39]
    |       |       |           |--LITERAL_CONTINUE -> continue [332:40]
    |       |       |           |   |--IDENT -> test_label3 [332:49]
    |       |       |           |   `--SEMI -> ; [332:60]
    |       |       |           `--RCURLY -> } [332:61]
    |       |       `--RCURLY -> } [332:63]
    |       |--LITERAL_IF -> if [333:8]
    |       |   |--LPAREN -> ( [333:11]
    |       |   |--EXPR -> EXPR [333:12]
    |       |   |   `--LITERAL_FALSE -> false [333:12]
    |       |   |--RPAREN -> ) [333:17]
    |       |   `--LITERAL_RETURN -> return [333:19]
    |       |       `--SEMI -> ; [333:25]
    |       |--LITERAL_IF -> if [334:8]
    |       |   |--LPAREN -> ( [334:11]
    |       |   |--EXPR -> EXPR [334:12]
    |       |   |   `--LITERAL_FALSE -> false [334:12]
    |       |   |--RPAREN -> ) [334:17]
    |       |   `--LITERAL_THROW -> throw [334:19]
    |       |       |--EXPR -> EXPR [334:25]
    |       |       |   `--LITERAL_NEW -> new [334:25]
    |       |       |       |--IDENT -> Exception [334:29]
    |       |       |       |--LPAREN -> ( [334:38]
    |       |       |       |--ELIST -> ELIST [334:39]
    |       |       |       `--RPAREN -> ) [334:39]
    |       |       `--SEMI -> ; [334:40]
    |       |--LITERAL_ASSERT -> assert [335:8]
    |       |   |--EXPR -> EXPR [335:14]
    |       |   |   |--LPAREN -> ( [335:14]
    |       |   |   |--LITERAL_FALSE -> false [335:15]
    |       |   |   `--RPAREN -> ) [335:20]
    |       |   `--SEMI -> ; [335:21]
    |       |--LITERAL_ASSERT -> assert [336:8]
    |       |   |--EXPR -> EXPR [336:15]
    |       |   |   `--LITERAL_TRUE -> true [336:15]
    |       |   |--COLON -> : [336:20]
    |       |   |--EXPR -> EXPR [336:22]
    |       |   |   `--STRING_LITERAL -> "false" [336:22]
    |       |   `--SEMI -> ; [336:29]
    |       |--EXPR -> EXPR [337:11]
    |       |   `--ASSIGN -> = [337:11]
    |       |       |--IDENT -> f9 [337:8]
    |       |       `--TYPECAST -> ( [337:13]
    |       |           |--TYPE -> TYPE [337:14]
    |       |           |   `--IDENT -> Object [337:14]
    |       |           |--RPAREN -> ) [337:20]
    |       |           `--IDENT -> f9 [337:22]
    |       |--SEMI -> ; [337:24]
    |       |--EXPR -> EXPR [338:17]
    |       |   `--METHOD_CALL -> ( [338:17]
    |       |       |--DOT -> . [338:10]
    |       |       |   |--IDENT -> f9 [338:8]
    |       |       |   `--IDENT -> equals [338:11]
    |       |       |--ELIST -> ELIST [338:18]
    |       |       |   `--EXPR -> EXPR [338:18]
    |       |       |       |--LPAREN -> ( [338:18]
    |       |       |       |--LPAREN -> ( [338:19]
    |       |       |       |--ASSIGN -> = [338:28]
    |       |       |       |   |--IDENT -> vstring [338:20]
    |       |       |       |   `--STRING_LITERAL -> "" [338:30]
    |       |       |       |--RPAREN -> ) [338:32]
    |       |       |       `--RPAREN -> ) [338:33]
    |       |       `--RPAREN -> ) [338:34]
    |       |--SEMI -> ; [338:35]
    |       |--LITERAL_FOR -> for [339:8]
    |       |   |--LPAREN -> ( [339:12]
    |       |   |--FOR_INIT -> FOR_INIT [339:13]
    |       |   |   `--VARIABLE_DEF -> VARIABLE_DEF [339:13]
    |       |   |       |--MODIFIERS -> MODIFIERS [339:13]
    |       |   |       |--TYPE -> TYPE [339:13]
    |       |   |       |   `--LITERAL_INT -> int [339:13]
    |       |   |       |--IDENT -> i [339:17]
    |       |   |       `--ASSIGN -> = [339:19]
    |       |   |           `--EXPR -> EXPR [339:21]
    |       |   |               `--NUM_INT -> 0 [339:21]
    |       |   |--SEMI -> ; [339:22]
    |       |   |--FOR_CONDITION -> FOR_CONDITION [339:24]
    |       |   |   `--EXPR -> EXPR [339:24]
    |       |   |       |--LPAREN -> ( [339:24]
    |       |   |       |--LT -> < [339:29]
    |       |   |       |   |--LPAREN -> ( [339:25]
    |       |   |       |   |--IDENT -> i [339:26]
    |       |   |       |   |--RPAREN -> ) [339:27]
    |       |   |       |   |--LPAREN -> ( [339:31]
    |       |   |       |   |--PLUS -> + [339:33]
    |       |   |       |   |   |--NUM_INT -> 6 [339:32]
    |       |   |       |   |   `--NUM_INT -> 6 [339:34]
    |       |   |       |   `--RPAREN -> ) [339:35]
    |       |   |       `--RPAREN -> ) [339:36]
    |       |   |--SEMI -> ; [339:37]
    |       |   |--FOR_ITERATOR -> FOR_ITERATOR [339:40]
    |       |   |   `--ELIST -> ELIST [339:40]
    |       |   |       `--EXPR -> EXPR [339:40]
    |       |   |           `--POST_INC -> ++ [339:40]
    |       |   |               `--IDENT -> i [339:39]
    |       |   |--RPAREN -> ) [339:42]
    |       |   `--EMPTY_STAT -> ; [339:44]
    |       |--LITERAL_IF -> if [340:8]
    |       |   |--LPAREN -> ( [340:11]
    |       |   |--EXPR -> EXPR [340:12]
    |       |   |   |--LPAREN -> ( [340:12]
    |       |   |   |--BAND -> & [340:15]
    |       |   |   |   |--IDENT -> b [340:13]
    |       |   |   |   `--IDENT -> b [340:17]
    |       |   |   `--RPAREN -> ) [340:18]
    |       |   |--RPAREN -> ) [340:19]
    |       |   `--SLIST -> { [340:21]
    |       |       `--RCURLY -> } [340:22]
    |       |--EXPR -> EXPR [343:13]
    |       |   `--ASSIGN -> = [343:13]
    |       |       |--IDENT -> vint [343:8]
    |       |       `--QUESTION -> ? [343:24]
    |       |           |--IDENT -> vboolean [343:15]
    |       |           |--LPAREN -> ( [343:26]
    |       |           |--ASSIGN -> = [343:32]
    |       |           |   |--IDENT -> vint [343:27]
    |       |           |   `--NUM_INT -> 1 [343:34]
    |       |           |--RPAREN -> ) [343:35]
    |       |           |--COLON -> : [343:37]
    |       |           |--LPAREN -> ( [343:39]
    |       |           |--ASSIGN -> = [343:45]
    |       |           |   |--IDENT -> vint [343:40]
    |       |           |   `--NUM_INT -> 0 [343:47]
    |       |           `--RPAREN -> ) [343:48]
    |       |--SEMI -> ; [343:49]
    |       |--EXPR -> EXPR [344:21]
    |       |   `--ASSIGN -> = [344:21]
    |       |       |--INDEX_OP -> [ [344:14]
    |       |       |   |--IDENT -> varray [344:8]
    |       |       |   |--EXPR -> EXPR [344:15]
    |       |       |   |   `--IDENT -> vint [344:15]
    |       |       |   `--RBRACK -> ] [344:19]
    |       |       `--METHOD_CALL -> ( [344:39]
    |       |           |--DOT -> . [344:30]
    |       |           |   |--IDENT -> Integer [344:23]
    |       |           |   `--IDENT -> parseInt [344:31]
    |       |           |--ELIST -> ELIST [344:40]
    |       |           |   `--EXPR -> EXPR [344:40]
    |       |           |       `--STRING_LITERAL -> "0" [344:40]
    |       |           `--RPAREN -> ) [344:43]
    |       |--SEMI -> ; [344:44]
    |       `--RCURLY -> } [345:4]
    |--ANNOTATION_DEF -> ANNOTATION_DEF [347:4]
    |   |--MODIFIERS -> MODIFIERS [347:4]
    |   |   `--LITERAL_PUBLIC -> public [347:4]
    |   |--AT -> @ [347:11]
    |   |--LITERAL_INTERFACE -> interface [347:12]
    |   |--IDENT -> innerAnnotation [347:22]
    |   `--OBJBLOCK -> OBJBLOCK [347:38]
    |       |--LCURLY -> { [347:38]
    |       `--RCURLY -> } [347:39]
    `--RCURLY -> } [348:0]]
>
	at com.puppycrawl.tools.checkstyle.grammar.AstRegressionTest.testClassAstTree1(AstRegressionTest.java:55)
]]></failure>
  </testcase>
  <testcase name="testClassAstTree2" classname="com.puppycrawl.tools.checkstyle.grammar.AstRegressionTest" time="0.016">
    <failure message="Generated AST from Java file should match pre-defined AST expected:&lt;...DEF -&gt; package [1:0][&#10;|--ANNOTATIONS -&gt; ANNOTATIONS [1:39]&#10;|--DOT -&gt; . [1:39]&#10;|   |--DOT -&gt; . [1:28]&#10;|   |   |--DOT -&gt; . [1:22]&#10;|   |   |   |--DOT -&gt; . [1:11]&#10;|   |   |   |   |--IDENT -&gt; com [1:8]&#10;|   |   |   |   `--IDENT -&gt; puppycrawl [1:12]&#10;|   |   |   `--IDENT -&gt; tools [1:23]&#10;|   |   `--IDENT -&gt; checkstyle [1:29]&#10;|   `--IDENT -&gt; grammar [1:40]&#10;`--SEMI -&gt; ; [1:47]&#10;IMPORT -&gt; import [3:0]&#10;|--DOT -&gt; . [3:16]&#10;|   |--DOT -&gt; . [3:11]&#10;|   |   |--IDENT -&gt; java [3:7]&#10;|   |   `--IDENT -&gt; util [3:12]&#10;|   `--IDENT -&gt; ArrayList [3:17]&#10;`--SEMI -&gt; ; [3:26]&#10;IMPORT -&gt; import [4:0]&#10;|--DOT -&gt; . [4:16]&#10;|   |--DOT -&gt; . [4:11]&#10;|   |   |--IDENT -&gt; java [4:7]&#10;|   |   `--IDENT -&gt; util [4:12]&#10;|   `--IDENT -&gt; Collection [4:17]&#10;`--SEMI -&gt; ; [4:27]&#10;IMPORT -&gt; import [5:0]&#10;|--DOT -&gt; . [5:16]&#10;|   |--DOT -&gt; . [5:11]&#10;|   |   |--IDENT -&gt; java [5:7]&#10;|   |   `--IDENT -&gt; util [5:12]&#10;|   `--IDENT -&gt; List [5:17]&#10;`--SEMI -&gt; ; [5:21]&#10;CLASS_DEF -&gt; CLASS_DEF [7:0]&#10;|--MODIFIERS -&gt; MODIFIERS [7:0]&#10;|   `--ANNOTATION -&gt; ANNOTATION [7:0]&#10;|       |--AT -&gt; @ [7:0]&#10;|       |--IDENT -&gt; SuppressWarnings [7:1]&#10;|       |--LPAREN -&gt; ( [7:17]&#10;|       |--EXPR -&gt; EXPR [7:18]&#10;|       |   `--STRING_LITERAL -&gt; &quot;serial&quot; [7:18]&#10;|       `--RPAREN -&gt; ) [7:26]&#10;|--LITERAL_CLASS -&gt; class [8:0]&#10;|--IDENT -&gt; InputRegressionJavaClass2 [8:6]&#10;|--EXTENDS_CLAUSE -&gt; extends [8:32]&#10;|   `--IDENT -&gt; ArrayList [8:40]&#10;|--IMPLEMENTS_CLAUSE -&gt; implements [8:50]&#10;|   |--IDENT -&gt; List [8:61]&#10;|   |--COMMA -&gt; , [8:65]&#10;|   `--IDENT -&gt; Collection [8:67]&#10;`--OBJBLOCK -&gt; OBJBLOCK [8:78]&#10;    |--LCURLY -&gt; { [8:78]&#10;    |--CTOR_DEF -&gt; CTOR_DEF [9:4]&#10;    |   |--MODIFIERS -&gt; MODIFIERS [9:4]&#10;    |   |   `--LITERAL_PUBLIC -&gt; public [9:4]&#10;    |   |--IDENT -&gt; InputRegressionJavaClass2 [9:11]&#10;    |   |--LPAREN -&gt; ( [9:36]&#10;    |   |--PARAMETERS -&gt; PARAMETERS [9:37]&#10;    |   |--RPAREN -&gt; ) [9:37]&#10;    |   `--SLIST -&gt; { [9:39]&#10;    |       |--SUPER_CTOR_CALL -&gt; super [9:41]&#10;    |       |   |--LPAREN -&gt; ( [9:46]&#10;    |       |   |--ELIST -&gt; ELIST [9:47]&#10;    |       |   |--RPAREN -&gt; ) [9:47]&#10;    |       |   `--SEMI -&gt; ; [9:48]&#10;    |       `--RCURLY -&gt; } [9:50]&#10;    |--METHOD_DEF -&gt; METHOD_DEF [11:4]&#10;    |   |--MODIFIERS -&gt; MODIFIERS [11:4]&#10;    |   |   |--ANNOTATION -&gt; ANNOTATION [11:4]&#10;    |   |   |   |--AT -&gt; @ [11:4]&#10;    |   |   |   `--IDENT -&gt; Override [11:5]&#10;    |   |   `--LITERAL_PUBLIC -&gt; public [12:4]&#10;    |   |--TYPE -&gt; TYPE [12:11]&#10;    |   |   `--LITERAL_INT -&gt; int [12:11]&#10;    |   |--IDENT -&gt; size [12:15]&#10;    |   |--LPAREN -&gt; ( [12:19]&#10;    |   |--PARAMETERS -&gt; PARAMETERS [12:20]&#10;    |   |--RPAREN -&gt; ) [12:20]&#10;    |   `--SLIST -&gt; { [12:22]&#10;    |       |--LITERAL_RETURN -&gt; return [12:24]&#10;    |       |   |--EXPR -&gt; EXPR [12:41]&#10;    |       |   |   `--METHOD_CALL -&gt; ( [12:41]&#10;    |       |   |       |--DOT -&gt; . [12:36]&#10;    |       |   |       |   |--LITERAL_SUPER -&gt; super [12:31]&#10;    |       |   |       |   `--IDENT -&gt; size [12:37]&#10;    |       |   |       |--ELIST -&gt; ELIST [12:42]&#10;    |       |   |       `--RPAREN -&gt; ) [12:42]&#10;    |       |   `--SEMI -&gt; ; [12:43]&#10;    |       `--RCURLY -&gt; } [12:45]&#10;    |--METHOD_DEF -&gt; METHOD_DEF [13:4]&#10;    |   |--MODIFIERS -&gt; MODIFIERS [13:4]&#10;    |   |   |--ANNOTATION -&gt; ANNOTATION [13:4]&#10;    |   |   |   |--AT -&gt; @ [13:4]&#10;    |   |   |   |--IDENT -&gt; Override [13:5]&#10;    |   |   |   |--LPAREN -&gt; ( [13:13]&#10;    |   |   |   `--RPAREN -&gt; ) [13:14]&#10;    |   |   `--LITERAL_PUBLIC -&gt; public [14:4]&#10;    |   |--TYPE -&gt; TYPE [14:11]&#10;    |   |   `--LITERAL_BOOLEAN -&gt; boolean [14:11]&#10;    |   |--IDENT -&gt; isEmpty [14:19]&#10;    |   |--LPAREN -&gt; ( [14:26]&#10;    |   |--PARAMETERS -&gt; PARAMETERS [14:27]&#10;    |   |--RPAREN -&gt; ) [14:27]&#10;    |   `--SLIST -&gt; { [14:29]&#10;    |       |--LITERAL_RETURN -&gt; return [14:31]&#10;    |       |   |--EXPR -&gt; EXPR [14:77]&#10;    |       |   |   `--METHOD_CALL -&gt; ( [14:77]&#10;    |       |   |       |--DOT -&gt; . [14:69]&#10;    |       |   |       |   |--DOT -&gt; . [14:63]&#10;    |       |   |       |   |   |--IDENT -&gt; InputRegressionJavaClass2 [14:38]&#10;    |       |   |       |   |   `--LITERAL_SUPER -&gt; super [14:64]&#10;    |       |   |       |   `--IDENT -&gt; isEmpty [14:70]&#10;    |       |   |       |--ELIST -&gt; ELIST [14:78]&#10;    |       |   |       `--RPAREN -&gt; ) [14:78]&#10;    |       |   `--SEMI -&gt; ; [14:79]&#10;    |       `--RCURLY -&gt; } [14:81]&#10;    |--CLASS_DEF -&gt; CLASS_DEF [16:4]&#10;    |   |--MODIFIERS -&gt; MODIFIERS [16:4]&#10;    |   |   `--LITERAL_PUBLIC -&gt; public [16:4]&#10;    |   |--LITERAL_CLASS -&gt; class [16:11]&#10;    |   |--IDENT -&gt; Inner1 [16:17]&#10;    |   `--OBJBLOCK -&gt; OBJBLOCK [16:24]&#10;    |       |--LCURLY -&gt; { [16:24]&#10;    |       |--METHOD_DEF -&gt; METHOD_DEF [17:8]&#10;    |       |   |--MODIFIERS -&gt; MODIFIERS [17:8]&#10;    |       |   |   `--LITERAL_PUBLIC -&gt; public [17:8]&#10;    |       |   |--TYPE -&gt; TYPE [17:15]&#10;    |       |   |   `--LITERAL_VOID -&gt; void [17:15]&#10;    |       |   |--IDENT -&gt; m [17:20]&#10;    |       |   |--LPAREN -&gt; ( [17:21]&#10;    |       |   |--PARAMETERS -&gt; PARAMETERS [17:22]&#10;    |       |   |--RPAREN -&gt; ) [17:22]&#10;    |       |   `--SLIST -&gt; { [17:24]&#10;    |       |       |--CLASS_DEF -&gt; CLASS_DEF [18:12]&#10;    |       |       |   |--MODIFIERS -&gt; MODIFIERS [18:12]&#10;    |       |       |   |--LITERAL_CLASS -&gt; class [18:12]&#10;    |       |       |   |--IDENT -&gt; Inner2 [18:18]&#10;    |       |       |   `--OBJBLOCK -&gt; OBJBLOCK [18:25]&#10;    |       |       |       |--LCURLY -&gt; { [18:25]&#10;    |       |       |       `--RCURLY -&gt; } [19:12]&#10;    |       |       `--RCURLY -&gt; } [20:8]&#10;    |       |--SEMI -&gt; ; [20:9]&#10;    |       |--METHOD_DEF -&gt; METHOD_DEF [22:8]&#10;    |       |   |--MODIFIERS -&gt; MODIFIERS [22:8]&#10;    |       |   |   `--LITERAL_PUBLIC -&gt; public [22:8]&#10;    |       |   |--TYPE -&gt; TYPE [22:15]&#10;    |       |   |   `--IDENT -&gt; InputRegressionJavaClass2 [22:15]&#10;    |       |   |--IDENT -&gt; m2 [22:41]&#10;    |       |   |--LPAREN -&gt; ( [22:43]&#10;    |       |   |--PARAMETERS -&gt; PARAMETERS [22:44]&#10;    |       |   |--RPAREN -&gt; ) [22:44]&#10;    |       |   `--SLIST -&gt; { [22:46]&#10;    |       |       |--LITERAL_RETURN -&gt; return [23:12]&#10;    |       |       |   |--EXPR -&gt; EXPR [23:44]&#10;    |       |       |   |   `--DOT -&gt; . [23:44]&#10;    |       |       |   |       |--IDENT -&gt; InputRegressionJavaClass2 [23:19]&#10;    |       |       |   |       `--LITERAL_THIS -&gt; this [23:45]&#10;    |       |       |   `--SEMI -&gt; ; [23:49]&#10;    |       |       `--RCURLY -&gt; } [24:8]&#10;    |       `--RCURLY -&gt; } [25:4]&#10;    |--METHOD_DEF -&gt; METHOD_DEF [27:4]&#10;    |   |--MODIFIERS -&gt; MODIFIERS [27:4]&#10;    |   |   `--LITERAL_PUBLIC -&gt; public [27:4]&#10;    |   |--TYPE -&gt; TYPE [27:11]&#10;    |   |   `--LITERAL_VOID -&gt; void [27:11]&#10;    |   |--IDENT -&gt; m [27:16]&#10;    |   |--LPAREN -&gt; ( [27:17]&#10;    |   |--PARAMETERS -&gt; PARAMETERS [27:18]&#10;    |   |--RPAREN -&gt; ) [27:18]&#10;    |   `--SLIST -&gt; { [27:20]&#10;    |       |--EXPR -&gt; EXPR [27:41]&#10;    |       |   `--METHOD_CALL -&gt; ( [27:41]&#10;    |       |       |--DOT -&gt; . [27:39]&#10;    |       |       |   |--DOT -&gt; . [27:26]&#10;    |       |       |   |   |--LITERAL_THIS -&gt; this [27:22]&#10;    |       |       |   |   `--LITERAL_NEW -&gt; new [27:27]&#10;    |       |       |   |       |--IDENT -&gt; Inner1 [27:31]&#10;    |       |       |   |       |--LPAREN -&gt; ( [27:37]&#10;    |       |       |   |       |--ELIST -&gt; ELIST [27:38]&#10;    |       |       |   |       `--RPAREN -&gt; ) [27:38]&#10;    |       |       |   `--IDENT -&gt; m [27:40]&#10;    |       |       |--ELIST -&gt; ELIST [27:42]&#10;    |       |       `--RPAREN -&gt; ) [27:42]&#10;    |       |--SEMI -&gt; ; [27:43]&#10;    |       `--RCURLY -&gt; } [27:45]&#10;    `--RCURLY -&gt; } [28:0]&#10;CLASS_DEF -&gt; CLASS_DEF [29:0]&#10;|--MODIFIERS -&gt; MODIFIERS [29:0]&#10;|--LITERAL_CLASS -&gt; class [29:0]&#10;|--IDENT -&gt; _c1 [29:6]&#10;`--OBJBLOCK -&gt; OBJBLOCK [29:10]&#10;    |--LCURLY -&gt; { [29:10]&#10;    `--RCURLY -&gt; } [29:11]&#10;CLASS_DEF -&gt; CLASS_DEF [30:0]&#10;|--MODIFIERS -&gt; MODIFIERS [30:0]&#10;|   `--ABSTRACT -&gt; abstract [30:0]&#10;|--LITERAL_CLASS -&gt; class [30:9]&#10;|--IDENT -&gt; c2 [30:15]&#10;`--OBJBLOCK -&gt; OBJBLOCK [30:18]&#10;    |--LCURLY -&gt; { [30:18]&#10;    `--RCURLY -&gt; } [30:19]&#10;CLASS_DEF -&gt; CLASS_DEF [31:0]&#10;|--MODIFIERS -&gt; MODIFIERS [31:0]&#10;|--LITERAL_CLASS -&gt; class [31:0]&#10;|--IDENT -&gt; c3 [31:6]&#10;|--TYPE_PARAMETERS -&gt; TYPE_PARAMETERS [31:8]&#10;|   |--GENERIC_START -&gt; &lt; [31:8]&#10;|   |--TYPE_PARAMETER -&gt; TYPE_PARAMETER [31:9]&#10;|   |   `--IDENT -&gt; A [31:9]&#10;|   `--GENERIC_END -&gt; &gt; [31:10]&#10;`--OBJBLOCK -&gt; OBJBLOCK [31:12]&#10;    |--LCURLY -&gt; { [31:12]&#10;    |--METHOD_DEF -&gt; METHOD_DEF [31:14]&#10;    |   |--MODIFIERS -&gt; MODIFIERS [31:14]&#10;    |   |   `--LITERAL_PUBLIC -&gt; public [31:14]&#10;    |   |--TYPE -&gt; TYPE [31:21]&#10;    |   |   |--IDENT -&gt; c3 [31:21]&#10;    |   |   `--TYPE_ARGUMENTS -&gt; TYPE_ARGUMENTS [31:23]&#10;    |   |       |--GENERIC_START -&gt; &lt; [31:23]&#10;    |   |       |--TYPE_ARGUMENT -&gt; TYPE_ARGUMENT [31:24]&#10;    |   |       |   `--IDENT -&gt; A [31:24]&#10;    |   |       `--GENERIC_END -&gt; &gt; [31:25]&#10;    |   |--IDENT -&gt; m [31:27]&#10;    |   |--LPAREN -&gt; ( [31:28]&#10;    |   |--PARAMETERS -&gt; PARAMETERS [31:29]&#10;    |   |--RPAREN -&gt; ) [31:29]&#10;    |   `--SLIST -&gt; { [31:30]&#10;    |       |--LITERAL_RETURN -&gt; return [31:31]&#10;    |       |   |--EXPR -&gt; EXPR [31:38]&#10;    |       |   |   `--LITERAL_NULL -&gt; null [31:38]&#10;    |       |   `--SEMI -&gt; ; [31:42]&#10;    |       `--RCURLY -&gt; } [31:43]&#10;    `--RCURLY -&gt; } [31:45]&#10;CLASS_DEF -&gt; CLASS_DEF [32:0]&#10;|--MODIFIERS -&gt; MODIFIERS [32:0]&#10;|--LITERAL_CLASS -&gt; class [32:0]&#10;|--IDENT -&gt; c4 [32:6]&#10;|--TYPE_PARAMETERS -&gt; TYPE_PARAMETERS [32:8]&#10;|   |--GENERIC_START -&gt; &lt; [32:8]&#10;|   |--TYPE_PARAMETER -&gt; TYPE_PARAMETER [32:9]&#10;|   |   `--IDENT -&gt; A [32:9]&#10;|   |--COMMA -&gt; , [32:10]&#10;|   |--TYPE_PARAMETER -&gt; TYPE_PARAMETER [32:11]&#10;|   |   `--IDENT -&gt; B [32:11]&#10;|   `--GENERIC_END -&gt; &gt; [32:12]&#10;|--EXTENDS_CLAUSE -&gt; extends [32:14]&#10;|   |--IDENT -&gt; c3 [32:22]&#10;|   `--TYPE_ARGUMENTS -&gt; TYPE_ARGUMENTS [32:24]&#10;|       |--GENERIC_START -&gt; &lt; [32:24]&#10;|       |--TYPE_ARGUMENT -&gt; TYPE_ARGUMENT [32:25]&#10;|       |   `--IDENT -&gt; A [32:25]&#10;|       `--GENERIC_END -&gt; &gt; [32:26]&#10;`--OBJBLOCK -&gt; OBJBLOCK [32:28]&#10;    |--LCURLY -&gt; { [32:28]&#10;    |--CLASS_DEF -&gt; CLASS_DEF [33:4]&#10;    |   |--MODIFIERS -&gt; MODIFIERS [33:4]&#10;    |   |--LITERAL_CLASS -&gt; class [33:4]&#10;    |   |--IDENT -&gt; c4a [33:10]&#10;    |   `--OBJBLOCK -&gt; OBJBLOCK [33:14]&#10;    |       |--LCURLY -&gt; { [33:14]&#10;    |       `--RCURLY -&gt; } [33:15]&#10;    |--CTOR_DEF -&gt; CTOR_DEF [35:4]&#10;    |   |--MODIFIERS -&gt; MODIFIERS [35:4]&#10;    |   |   `--LITERAL_PUBLIC -&gt; public [35:4]&#10;    |   |--IDENT -&gt; c4 [35:11]&#10;    |   |--LPAREN -&gt; ( [35:13]&#10;    |   |--PARAMETERS -&gt; PARAMETERS [35:14]&#10;    |   |--RPAREN -&gt; ) [35:14]&#10;    |   `--SLIST -&gt; { [35:16]&#10;    |       |--SUPER_CTOR_CALL -&gt; super [35:26]&#10;    |       |   |--TYPE_ARGUMENTS -&gt; TYPE_ARGUMENTS [35:18]&#10;    |       |   |   |--GENERIC_START -&gt; &lt; [35:18]&#10;    |       |   |   |--TYPE_ARGUMENT -&gt; TYPE_ARGUMENT [35:19]&#10;    |       |   |   |   `--IDENT -&gt; String [35:19]&#10;    |       |   |   `--GENERIC_END -&gt; &gt; [35:25]&#10;    |       |   |--LPAREN -&gt; ( [35:31]&#10;    |       |   |--ELIST -&gt; ELIST [35:32]&#10;    |       |   |--RPAREN -&gt; ) [35:32]&#10;    |       |   `--SEMI -&gt; ; [35:33]&#10;    |       `--RCURLY -&gt; } [35:35]&#10;    |--METHOD_DEF -&gt; METHOD_DEF [36:4]&#10;    |   |--MODIFIERS -&gt; MODIFIERS [36:4]&#10;    |   |   `--LITERAL_PUBLIC -&gt; public [36:4]&#10;    |   |--TYPE -&gt; TYPE [36:11]&#10;    |   |   |--IDENT -&gt; c3 [36:11]&#10;    |   |   `--TYPE_ARGUMENTS -&gt; TYPE_ARGUMENTS [36:13]&#10;    |   |       |--GENERIC_START -&gt; &lt; [36:13]&#10;    |   |       |--TYPE_ARGUMENT -&gt; TYPE_ARGUMENT [36:14]&#10;    |   |       |   `--IDENT -&gt; A [36:14]&#10;    |   |       `--GENERIC_END -&gt; &gt; [36:15]&#10;    |   |--IDENT -&gt; m [36:17]&#10;    |   |--LPAREN -&gt; ( [36:18]&#10;    |   |--PARAMETERS -&gt; PARAMETERS [36:19]&#10;    |   |--RPAREN -&gt; ) [36:19]&#10;    |   `--SLIST -&gt; { [36:21]&#10;    |       |--LITERAL_RETURN -&gt; return [36:23]&#10;    |       |   |--EXPR -&gt; EXPR [36:40]&#10;    |       |   |   `--METHOD_CALL -&gt; ( [36:40]&#10;    |       |   |       |--DOT -&gt; . [36:35]&#10;    |       |   |       |   |--LITERAL_SUPER -&gt; super [36:30]&#10;    |       |   |       |   |--TYPE_ARGUMENTS -&gt; TYPE_ARGUMENTS [36:36]&#10;    |       |   |       |   |   |--GENERIC_START -&gt; &lt; [36:36]&#10;    |       |   |       |   |   |--TYPE_ARGUMENT -&gt; TYPE_ARGUMENT [36:37]&#10;    |       |   |       |   |   |   `--IDENT -&gt; A [36:37]&#10;    |       |   |       |   |   `--GENERIC_END -&gt; &gt; [36:38]&#10;    |       |   |       |   `--IDENT -&gt; m [36:39]&#10;    |       |   |       |--ELIST -&gt; ELIST [36:41]&#10;    |       |   |       `--RPAREN -&gt; ) [36:41]&#10;    |       |   `--SEMI -&gt; ; [36:42]&#10;    |       `--RCURLY -&gt; } [36:44]&#10;    `--RCURLY -&gt; } [37:0]&#10;CLASS_DEF -&gt; CLASS_DEF [38:0]&#10;|--MODIFIERS -&gt; MODIFIERS [38:0]&#10;|--LITERAL_CLASS -&gt; class [38:0]&#10;|--IDENT -&gt; c5 [38:6]&#10;|--EXTENDS_CLAUSE -&gt; extends [38:9]&#10;|   `--DOT -&gt; . [38:19]&#10;|       |--IDENT -&gt; c4 [38:17]&#10;|       `--IDENT -&gt; c4a [38:20]&#10;`--OBJBLOCK -&gt; OBJBLOCK [38:24]&#10;    |--LCURLY -&gt; { [38:24]&#10;    |--CTOR_DEF -&gt; CTOR_DEF [39:4]&#10;    |   |--MODIFIERS -&gt; MODIFIERS [39:4]&#10;    |   |--IDENT -&gt; c5 [39:4]&#10;    |   |--LPAREN -&gt; ( [39:6]&#10;    |   |--PARAMETERS -&gt; PARAMETERS [39:7]&#10;    |   |--RPAREN -&gt; ) [39:7]&#10;    |   `--SLIST -&gt; { [39:9]&#10;    |       |--SUPER_CTOR_CALL -&gt; super [39:20]&#10;    |       |   |--LITERAL_NEW -&gt; new [39:11]&#10;    |       |   |   |--IDENT -&gt; c4 [39:15]&#10;    |       |   |   |--LPAREN -&gt; ( [39:17]&#10;    |       |   |   |--ELIST -&gt; ELIST [39:18]&#10;    |       |   |   `--RPAREN -&gt; ) [39:18]&#10;    |       |   |--DOT -&gt; . [39:19]&#10;    |       |   |--LPAREN -&gt; ( [39:25]&#10;    |       |   |--ELIST -&gt; ELIST [39:26]&#10;    |       |   |--RPAREN -&gt; ) [39:26]&#10;    |       |   `--SEMI -&gt; ; [39:27]&#10;    |       `--RCURLY -&gt; } [39:29]&#10;    |--CTOR_DEF -&gt; CTOR_DEF [40:4]&#10;    |   |--MODIFIERS -&gt; MODIFIERS [40:4]&#10;    |   |--IDENT -&gt; c5 [40:4]&#10;    |   |--LPAREN -&gt; ( [40:6]&#10;    |   |--PARAMETERS -&gt; PARAMETERS [40:7]&#10;    |   |   `--PARAMETER_DEF -&gt; PARAMETER_DEF [40:7]&#10;    |   |       |--MODIFIERS -&gt; MODIFIERS [40:7]&#10;    |   |       |--TYPE -&gt; TYPE [40:7]&#10;    |   |       |   `--LITERAL_INT -&gt; int [40:7]&#10;    |   |       `--IDENT -&gt; a [40:11]&#10;    |   |--RPAREN -&gt; ) [40:12]&#10;    |   `--SLIST -&gt; { [40:14]&#10;    |       |--SUPER_CTOR_CALL -&gt; super [40:33]&#10;    |       |   |--LITERAL_NEW -&gt; new [40:16]&#10;    |       |   |   |--IDENT -&gt; c4 [40:20]&#10;    |       |   |   |--LPAREN -&gt; ( [40:22]&#10;    |       |   |   |--ELIST -&gt; ELIST [40:23]&#10;    |       |   |   `--RPAREN -&gt; ) [40:23]&#10;    |       |   |--DOT -&gt; . [40:24]&#10;    |       |   |--TYPE_ARGUMENTS -&gt; TYPE_ARGUMENTS [40:25]&#10;    |       |   |   |--GENERIC_START -&gt; &lt; [40:25]&#10;    |       |   |   |--TYPE_ARGUMENT -&gt; TYPE_ARGUMENT [40:26]&#10;    |       |   |   |   `--IDENT -&gt; String [40:26]&#10;    |       |   |   `--GENERIC_END -&gt; &gt; [40:32]&#10;    |       |   |--LPAREN -&gt; ( [40:38]&#10;    |       |   |--ELIST -&gt; ELIST [40:39]&#10;    |       |   |--RPAREN -&gt; ) [40:39]&#10;    |       |   `--SEMI -&gt; ; [40:40]&#10;    |       `--RCURLY -&gt; } [40:42]&#10;    `--RCURLY -&gt; } [41:0]&#10;INTERFACE_DEF -&gt; INTERFACE_DEF [42:0]&#10;|--MODIFIERS -&gt; MODIFIERS [42:0]&#10;|--LITERAL_INTERFACE -&gt; interface [42:0]&#10;|--IDENT -&gt; i1 [42:10]&#10;`--OBJBLOCK -&gt; OBJBLOCK [42:13]&#10;    |--LCURLY -&gt; { [42:13]&#10;    `--RCURLY -&gt; } [42:14]&#10;CLASS_DEF -&gt; CLASS_DEF [43:0]&#10;|--MODIFIERS -&gt; MODIFIERS [43:0]&#10;|--LITERAL_CLASS -&gt; class [43:0]&#10;|--IDENT -&gt; c6 [43:6]&#10;|--TYPE_PARAMETERS -&gt; TYPE_PARAMETERS [43:8]&#10;|   |--GENERIC_START -&gt; &lt; [43:8]&#10;|   |--TYPE_PARAMETER -&gt; TYPE_PARAMETER [43:9]&#10;|   |   |--IDENT -&gt; T [43:9]&#10;|   |   `--TYPE_UPPER_BOUNDS -&gt; extends [43:11]&#10;|   |       |--IDENT -&gt; c3 [43:19]&#10;|   |       |--TYPE_ARGUMENTS -&gt; TYPE_ARGUMENTS [43:21]&#10;|   |       |   |--GENERIC_START -&gt; &lt; [43:21]&#10;|   |       |   |--TYPE_ARGUMENT -&gt; TYPE_ARGUMENT [43:22]&#10;|   |       |   |   `--TYPE -&gt; TYPE [43:22]&#10;|   |       |   |       `--IDENT -&gt; T [43:22]&#10;|   |       |   `--GENERIC_END -&gt; &gt; [43:23]&#10;|   |       |--TYPE_EXTENSION_AND -&gt; &amp; [43:25]&#10;|   |       `--IDENT -&gt; i1 [43:27]&#10;|   `--GENERIC_END -&gt; &gt; [43:29]&#10;`--OBJBLOCK -&gt; OBJBLOCK [43:31]&#10;    |--LCURLY -&gt; { [43:31]&#10;    `--RCURLY -&gt; } [43:32]]&#10;&gt; but was:&lt;...DEF -&gt; package [1:0][&#10;|--ANNOTATIONS -&gt; ANNOTATIONS [1:39]&#10;|--DOT -&gt; . [1:39]&#10;|   |--DOT -&gt; . [1:28]&#10;|   |   |--DOT -&gt; . [1:22]&#10;|   |   |   |--DOT -&gt; . [1:11]&#10;|   |   |   |   |--IDENT -&gt; com [1:8]&#10;|   |   |   |   `--IDENT -&gt; puppycrawl [1:12]&#10;|   |   |   `--IDENT -&gt; tools [1:23]&#10;|   |   `--IDENT -&gt; checkstyle [1:29]&#10;|   `--IDENT -&gt; grammar [1:40]&#10;`--SEMI -&gt; ; [1:47]&#10;IMPORT -&gt; import [3:0]&#10;|--DOT -&gt; . [3:16]&#10;|   |--DOT -&gt; . [3:11]&#10;|   |   |--IDENT -&gt; java [3:7]&#10;|   |   `--IDENT -&gt; util [3:12]&#10;|   `--IDENT -&gt; ArrayList [3:17]&#10;`--SEMI -&gt; ; [3:26]&#10;IMPORT -&gt; import [4:0]&#10;|--DOT -&gt; . [4:16]&#10;|   |--DOT -&gt; . [4:11]&#10;|   |   |--IDENT -&gt; java [4:7]&#10;|   |   `--IDENT -&gt; util [4:12]&#10;|   `--IDENT -&gt; Collection [4:17]&#10;`--SEMI -&gt; ; [4:27]&#10;IMPORT -&gt; import [5:0]&#10;|--DOT -&gt; . [5:16]&#10;|   |--DOT -&gt; . [5:11]&#10;|   |   |--IDENT -&gt; java [5:7]&#10;|   |   `--IDENT -&gt; util [5:12]&#10;|   `--IDENT -&gt; List [5:17]&#10;`--SEMI -&gt; ; [5:21]&#10;CLASS_DEF -&gt; CLASS_DEF [7:0]&#10;|--MODIFIERS -&gt; MODIFIERS [7:0]&#10;|   `--ANNOTATION -&gt; ANNOTATION [7:0]&#10;|       |--AT -&gt; @ [7:0]&#10;|       |--IDENT -&gt; SuppressWarnings [7:1]&#10;|       |--LPAREN -&gt; ( [7:17]&#10;|       |--EXPR -&gt; EXPR [7:18]&#10;|       |   `--STRING_LITERAL -&gt; &quot;serial&quot; [7:18]&#10;|       `--RPAREN -&gt; ) [7:26]&#10;|--LITERAL_CLASS -&gt; class [8:0]&#10;|--IDENT -&gt; InputRegressionJavaClass2 [8:6]&#10;|--EXTENDS_CLAUSE -&gt; extends [8:32]&#10;|   `--IDENT -&gt; ArrayList [8:40]&#10;|--IMPLEMENTS_CLAUSE -&gt; implements [8:50]&#10;|   |--IDENT -&gt; List [8:61]&#10;|   |--COMMA -&gt; , [8:65]&#10;|   `--IDENT -&gt; Collection [8:67]&#10;`--OBJBLOCK -&gt; OBJBLOCK [8:78]&#10;    |--LCURLY -&gt; { [8:78]&#10;    |--CTOR_DEF -&gt; CTOR_DEF [9:4]&#10;    |   |--MODIFIERS -&gt; MODIFIERS [9:4]&#10;    |   |   `--LITERAL_PUBLIC -&gt; public [9:4]&#10;    |   |--IDENT -&gt; InputRegressionJavaClass2 [9:11]&#10;    |   |--LPAREN -&gt; ( [9:36]&#10;    |   |--PARAMETERS -&gt; PARAMETERS [9:37]&#10;    |   |--RPAREN -&gt; ) [9:37]&#10;    |   `--SLIST -&gt; { [9:39]&#10;    |       |--SUPER_CTOR_CALL -&gt; super [9:41]&#10;    |       |   |--LPAREN -&gt; ( [9:46]&#10;    |       |   |--ELIST -&gt; ELIST [9:47]&#10;    |       |   |--RPAREN -&gt; ) [9:47]&#10;    |       |   `--SEMI -&gt; ; [9:48]&#10;    |       `--RCURLY -&gt; } [9:50]&#10;    |--METHOD_DEF -&gt; METHOD_DEF [11:4]&#10;    |   |--MODIFIERS -&gt; MODIFIERS [11:4]&#10;    |   |   |--ANNOTATION -&gt; ANNOTATION [11:4]&#10;    |   |   |   |--AT -&gt; @ [11:4]&#10;    |   |   |   `--IDENT -&gt; Override [11:5]&#10;    |   |   `--LITERAL_PUBLIC -&gt; public [12:4]&#10;    |   |--TYPE -&gt; TYPE [12:11]&#10;    |   |   `--LITERAL_INT -&gt; int [12:11]&#10;    |   |--IDENT -&gt; size [12:15]&#10;    |   |--LPAREN -&gt; ( [12:19]&#10;    |   |--PARAMETERS -&gt; PARAMETERS [12:20]&#10;    |   |--RPAREN -&gt; ) [12:20]&#10;    |   `--SLIST -&gt; { [12:22]&#10;    |       |--LITERAL_RETURN -&gt; return [12:24]&#10;    |       |   |--EXPR -&gt; EXPR [12:41]&#10;    |       |   |   `--METHOD_CALL -&gt; ( [12:41]&#10;    |       |   |       |--DOT -&gt; . [12:36]&#10;    |       |   |       |   |--LITERAL_SUPER -&gt; super [12:31]&#10;    |       |   |       |   `--IDENT -&gt; size [12:37]&#10;    |       |   |       |--ELIST -&gt; ELIST [12:42]&#10;    |       |   |       `--RPAREN -&gt; ) [12:42]&#10;    |       |   `--SEMI -&gt; ; [12:43]&#10;    |       `--RCURLY -&gt; } [12:45]&#10;    |--METHOD_DEF -&gt; METHOD_DEF [13:4]&#10;    |   |--MODIFIERS -&gt; MODIFIERS [13:4]&#10;    |   |   |--ANNOTATION -&gt; ANNOTATION [13:4]&#10;    |   |   |   |--AT -&gt; @ [13:4]&#10;    |   |   |   |--IDENT -&gt; Override [13:5]&#10;    |   |   |   |--LPAREN -&gt; ( [13:13]&#10;    |   |   |   `--RPAREN -&gt; ) [13:14]&#10;    |   |   `--LITERAL_PUBLIC -&gt; public [14:4]&#10;    |   |--TYPE -&gt; TYPE [14:11]&#10;    |   |   `--LITERAL_BOOLEAN -&gt; boolean [14:11]&#10;    |   |--IDENT -&gt; isEmpty [14:19]&#10;    |   |--LPAREN -&gt; ( [14:26]&#10;    |   |--PARAMETERS -&gt; PARAMETERS [14:27]&#10;    |   |--RPAREN -&gt; ) [14:27]&#10;    |   `--SLIST -&gt; { [14:29]&#10;    |       |--LITERAL_RETURN -&gt; return [14:31]&#10;    |       |   |--EXPR -&gt; EXPR [14:77]&#10;    |       |   |   `--METHOD_CALL -&gt; ( [14:77]&#10;    |       |   |       |--DOT -&gt; . [14:69]&#10;    |       |   |       |   |--DOT -&gt; . [14:63]&#10;    |       |   |       |   |   |--IDENT -&gt; InputRegressionJavaClass2 [14:38]&#10;    |       |   |       |   |   `--LITERAL_SUPER -&gt; super [14:64]&#10;    |       |   |       |   `--IDENT -&gt; isEmpty [14:70]&#10;    |       |   |       |--ELIST -&gt; ELIST [14:78]&#10;    |       |   |       `--RPAREN -&gt; ) [14:78]&#10;    |       |   `--SEMI -&gt; ; [14:79]&#10;    |       `--RCURLY -&gt; } [14:81]&#10;    |--CLASS_DEF -&gt; CLASS_DEF [16:4]&#10;    |   |--MODIFIERS -&gt; MODIFIERS [16:4]&#10;    |   |   `--LITERAL_PUBLIC -&gt; public [16:4]&#10;    |   |--LITERAL_CLASS -&gt; class [16:11]&#10;    |   |--IDENT -&gt; Inner1 [16:17]&#10;    |   `--OBJBLOCK -&gt; OBJBLOCK [16:24]&#10;    |       |--LCURLY -&gt; { [16:24]&#10;    |       |--METHOD_DEF -&gt; METHOD_DEF [17:8]&#10;    |       |   |--MODIFIERS -&gt; MODIFIERS [17:8]&#10;    |       |   |   `--LITERAL_PUBLIC -&gt; public [17:8]&#10;    |       |   |--TYPE -&gt; TYPE [17:15]&#10;    |       |   |   `--LITERAL_VOID -&gt; void [17:15]&#10;    |       |   |--IDENT -&gt; m [17:20]&#10;    |       |   |--LPAREN -&gt; ( [17:21]&#10;    |       |   |--PARAMETERS -&gt; PARAMETERS [17:22]&#10;    |       |   |--RPAREN -&gt; ) [17:22]&#10;    |       |   `--SLIST -&gt; { [17:24]&#10;    |       |       |--CLASS_DEF -&gt; CLASS_DEF [18:12]&#10;    |       |       |   |--MODIFIERS -&gt; MODIFIERS [18:12]&#10;    |       |       |   |--LITERAL_CLASS -&gt; class [18:12]&#10;    |       |       |   |--IDENT -&gt; Inner2 [18:18]&#10;    |       |       |   `--OBJBLOCK -&gt; OBJBLOCK [18:25]&#10;    |       |       |       |--LCURLY -&gt; { [18:25]&#10;    |       |       |       `--RCURLY -&gt; } [19:12]&#10;    |       |       `--RCURLY -&gt; } [20:8]&#10;    |       |--SEMI -&gt; ; [20:9]&#10;    |       |--METHOD_DEF -&gt; METHOD_DEF [22:8]&#10;    |       |   |--MODIFIERS -&gt; MODIFIERS [22:8]&#10;    |       |   |   `--LITERAL_PUBLIC -&gt; public [22:8]&#10;    |       |   |--TYPE -&gt; TYPE [22:15]&#10;    |       |   |   `--IDENT -&gt; InputRegressionJavaClass2 [22:15]&#10;    |       |   |--IDENT -&gt; m2 [22:41]&#10;    |       |   |--LPAREN -&gt; ( [22:43]&#10;    |       |   |--PARAMETERS -&gt; PARAMETERS [22:44]&#10;    |       |   |--RPAREN -&gt; ) [22:44]&#10;    |       |   `--SLIST -&gt; { [22:46]&#10;    |       |       |--LITERAL_RETURN -&gt; return [23:12]&#10;    |       |       |   |--EXPR -&gt; EXPR [23:44]&#10;    |       |       |   |   `--DOT -&gt; . [23:44]&#10;    |       |       |   |       |--IDENT -&gt; InputRegressionJavaClass2 [23:19]&#10;    |       |       |   |       `--LITERAL_THIS -&gt; this [23:45]&#10;    |       |       |   `--SEMI -&gt; ; [23:49]&#10;    |       |       `--RCURLY -&gt; } [24:8]&#10;    |       `--RCURLY -&gt; } [25:4]&#10;    |--METHOD_DEF -&gt; METHOD_DEF [27:4]&#10;    |   |--MODIFIERS -&gt; MODIFIERS [27:4]&#10;    |   |   `--LITERAL_PUBLIC -&gt; public [27:4]&#10;    |   |--TYPE -&gt; TYPE [27:11]&#10;    |   |   `--LITERAL_VOID -&gt; void [27:11]&#10;    |   |--IDENT -&gt; m [27:16]&#10;    |   |--LPAREN -&gt; ( [27:17]&#10;    |   |--PARAMETERS -&gt; PARAMETERS [27:18]&#10;    |   |--RPAREN -&gt; ) [27:18]&#10;    |   `--SLIST -&gt; { [27:20]&#10;    |       |--EXPR -&gt; EXPR [27:41]&#10;    |       |   `--METHOD_CALL -&gt; ( [27:41]&#10;    |       |       |--DOT -&gt; . [27:39]&#10;    |       |       |   |--DOT -&gt; . [27:26]&#10;    |       |       |   |   |--LITERAL_THIS -&gt; this [27:22]&#10;    |       |       |   |   `--LITERAL_NEW -&gt; new [27:27]&#10;    |       |       |   |       |--IDENT -&gt; Inner1 [27:31]&#10;    |       |       |   |       |--LPAREN -&gt; ( [27:37]&#10;    |       |       |   |       |--ELIST -&gt; ELIST [27:38]&#10;    |       |       |   |       `--RPAREN -&gt; ) [27:38]&#10;    |       |       |   `--IDENT -&gt; m [27:40]&#10;    |       |       |--ELIST -&gt; ELIST [27:42]&#10;    |       |       `--RPAREN -&gt; ) [27:42]&#10;    |       |--SEMI -&gt; ; [27:43]&#10;    |       `--RCURLY -&gt; } [27:45]&#10;    `--RCURLY -&gt; } [28:0]&#10;CLASS_DEF -&gt; CLASS_DEF [29:0]&#10;|--MODIFIERS -&gt; MODIFIERS [29:0]&#10;|--LITERAL_CLASS -&gt; class [29:0]&#10;|--IDENT -&gt; _c1 [29:6]&#10;`--OBJBLOCK -&gt; OBJBLOCK [29:10]&#10;    |--LCURLY -&gt; { [29:10]&#10;    `--RCURLY -&gt; } [29:11]&#10;CLASS_DEF -&gt; CLASS_DEF [30:0]&#10;|--MODIFIERS -&gt; MODIFIERS [30:0]&#10;|   `--ABSTRACT -&gt; abstract [30:0]&#10;|--LITERAL_CLASS -&gt; class [30:9]&#10;|--IDENT -&gt; c2 [30:15]&#10;`--OBJBLOCK -&gt; OBJBLOCK [30:18]&#10;    |--LCURLY -&gt; { [30:18]&#10;    `--RCURLY -&gt; } [30:19]&#10;CLASS_DEF -&gt; CLASS_DEF [31:0]&#10;|--MODIFIERS -&gt; MODIFIERS [31:0]&#10;|--LITERAL_CLASS -&gt; class [31:0]&#10;|--IDENT -&gt; c3 [31:6]&#10;|--TYPE_PARAMETERS -&gt; TYPE_PARAMETERS [31:8]&#10;|   |--GENERIC_START -&gt; &lt; [31:8]&#10;|   |--TYPE_PARAMETER -&gt; TYPE_PARAMETER [31:9]&#10;|   |   `--IDENT -&gt; A [31:9]&#10;|   `--GENERIC_END -&gt; &gt; [31:10]&#10;`--OBJBLOCK -&gt; OBJBLOCK [31:12]&#10;    |--LCURLY -&gt; { [31:12]&#10;    |--METHOD_DEF -&gt; METHOD_DEF [31:14]&#10;    |   |--MODIFIERS -&gt; MODIFIERS [31:14]&#10;    |   |   `--LITERAL_PUBLIC -&gt; public [31:14]&#10;    |   |--TYPE -&gt; TYPE [31:21]&#10;    |   |   |--IDENT -&gt; c3 [31:21]&#10;    |   |   `--TYPE_ARGUMENTS -&gt; TYPE_ARGUMENTS [31:23]&#10;    |   |       |--GENERIC_START -&gt; &lt; [31:23]&#10;    |   |       |--TYPE_ARGUMENT -&gt; TYPE_ARGUMENT [31:24]&#10;    |   |       |   `--IDENT -&gt; A [31:24]&#10;    |   |       `--GENERIC_END -&gt; &gt; [31:25]&#10;    |   |--IDENT -&gt; m [31:27]&#10;    |   |--LPAREN -&gt; ( [31:28]&#10;    |   |--PARAMETERS -&gt; PARAMETERS [31:29]&#10;    |   |--RPAREN -&gt; ) [31:29]&#10;    |   `--SLIST -&gt; { [31:30]&#10;    |       |--LITERAL_RETURN -&gt; return [31:31]&#10;    |       |   |--EXPR -&gt; EXPR [31:38]&#10;    |       |   |   `--LITERAL_NULL -&gt; null [31:38]&#10;    |       |   `--SEMI -&gt; ; [31:42]&#10;    |       `--RCURLY -&gt; } [31:43]&#10;    `--RCURLY -&gt; } [31:45]&#10;CLASS_DEF -&gt; CLASS_DEF [32:0]&#10;|--MODIFIERS -&gt; MODIFIERS [32:0]&#10;|--LITERAL_CLASS -&gt; class [32:0]&#10;|--IDENT -&gt; c4 [32:6]&#10;|--TYPE_PARAMETERS -&gt; TYPE_PARAMETERS [32:8]&#10;|   |--GENERIC_START -&gt; &lt; [32:8]&#10;|   |--TYPE_PARAMETER -&gt; TYPE_PARAMETER [32:9]&#10;|   |   `--IDENT -&gt; A [32:9]&#10;|   |--COMMA -&gt; , [32:10]&#10;|   |--TYPE_PARAMETER -&gt; TYPE_PARAMETER [32:11]&#10;|   |   `--IDENT -&gt; B [32:11]&#10;|   `--GENERIC_END -&gt; &gt; [32:12]&#10;|--EXTENDS_CLAUSE -&gt; extends [32:14]&#10;|   |--IDENT -&gt; c3 [32:22]&#10;|   `--TYPE_ARGUMENTS -&gt; TYPE_ARGUMENTS [32:24]&#10;|       |--GENERIC_START -&gt; &lt; [32:24]&#10;|       |--TYPE_ARGUMENT -&gt; TYPE_ARGUMENT [32:25]&#10;|       |   `--IDENT -&gt; A [32:25]&#10;|       `--GENERIC_END -&gt; &gt; [32:26]&#10;`--OBJBLOCK -&gt; OBJBLOCK [32:28]&#10;    |--LCURLY -&gt; { [32:28]&#10;    |--CLASS_DEF -&gt; CLASS_DEF [33:4]&#10;    |   |--MODIFIERS -&gt; MODIFIERS [33:4]&#10;    |   |--LITERAL_CLASS -&gt; class [33:4]&#10;    |   |--IDENT -&gt; c4a [33:10]&#10;    |   `--OBJBLOCK -&gt; OBJBLOCK [33:14]&#10;    |       |--LCURLY -&gt; { [33:14]&#10;    |       `--RCURLY -&gt; } [33:15]&#10;    |--CTOR_DEF -&gt; CTOR_DEF [35:4]&#10;    |   |--MODIFIERS -&gt; MODIFIERS [35:4]&#10;    |   |   `--LITERAL_PUBLIC -&gt; public [35:4]&#10;    |   |--IDENT -&gt; c4 [35:11]&#10;    |   |--LPAREN -&gt; ( [35:13]&#10;    |   |--PARAMETERS -&gt; PARAMETERS [35:14]&#10;    |   |--RPAREN -&gt; ) [35:14]&#10;    |   `--SLIST -&gt; { [35:16]&#10;    |       |--SUPER_CTOR_CALL -&gt; super [35:26]&#10;    |       |   |--TYPE_ARGUMENTS -&gt; TYPE_ARGUMENTS [35:18]&#10;    |       |   |   |--GENERIC_START -&gt; &lt; [35:18]&#10;    |       |   |   |--TYPE_ARGUMENT -&gt; TYPE_ARGUMENT [35:19]&#10;    |       |   |   |   `--IDENT -&gt; String [35:19]&#10;    |       |   |   `--GENERIC_END -&gt; &gt; [35:25]&#10;    |       |   |--LPAREN -&gt; ( [35:31]&#10;    |       |   |--ELIST -&gt; ELIST [35:32]&#10;    |       |   |--RPAREN -&gt; ) [35:32]&#10;    |       |   `--SEMI -&gt; ; [35:33]&#10;    |       `--RCURLY -&gt; } [35:35]&#10;    |--METHOD_DEF -&gt; METHOD_DEF [36:4]&#10;    |   |--MODIFIERS -&gt; MODIFIERS [36:4]&#10;    |   |   `--LITERAL_PUBLIC -&gt; public [36:4]&#10;    |   |--TYPE -&gt; TYPE [36:11]&#10;    |   |   |--IDENT -&gt; c3 [36:11]&#10;    |   |   `--TYPE_ARGUMENTS -&gt; TYPE_ARGUMENTS [36:13]&#10;    |   |       |--GENERIC_START -&gt; &lt; [36:13]&#10;    |   |       |--TYPE_ARGUMENT -&gt; TYPE_ARGUMENT [36:14]&#10;    |   |       |   `--IDENT -&gt; A [36:14]&#10;    |   |       `--GENERIC_END -&gt; &gt; [36:15]&#10;    |   |--IDENT -&gt; m [36:17]&#10;    |   |--LPAREN -&gt; ( [36:18]&#10;    |   |--PARAMETERS -&gt; PARAMETERS [36:19]&#10;    |   |--RPAREN -&gt; ) [36:19]&#10;    |   `--SLIST -&gt; { [36:21]&#10;    |       |--LITERAL_RETURN -&gt; return [36:23]&#10;    |       |   |--EXPR -&gt; EXPR [36:40]&#10;    |       |   |   `--METHOD_CALL -&gt; ( [36:40]&#10;    |       |   |       |--DOT -&gt; . [36:35]&#10;    |       |   |       |   |--LITERAL_SUPER -&gt; super [36:30]&#10;    |       |   |       |   |--TYPE_ARGUMENTS -&gt; TYPE_ARGUMENTS [36:36]&#10;    |       |   |       |   |   |--GENERIC_START -&gt; &lt; [36:36]&#10;    |       |   |       |   |   |--TYPE_ARGUMENT -&gt; TYPE_ARGUMENT [36:37]&#10;    |       |   |       |   |   |   `--IDENT -&gt; A [36:37]&#10;    |       |   |       |   |   `--GENERIC_END -&gt; &gt; [36:38]&#10;    |       |   |       |   `--IDENT -&gt; m [36:39]&#10;    |       |   |       |--ELIST -&gt; ELIST [36:41]&#10;    |       |   |       `--RPAREN -&gt; ) [36:41]&#10;    |       |   `--SEMI -&gt; ; [36:42]&#10;    |       `--RCURLY -&gt; } [36:44]&#10;    `--RCURLY -&gt; } [37:0]&#10;CLASS_DEF -&gt; CLASS_DEF [38:0]&#10;|--MODIFIERS -&gt; MODIFIERS [38:0]&#10;|--LITERAL_CLASS -&gt; class [38:0]&#10;|--IDENT -&gt; c5 [38:6]&#10;|--EXTENDS_CLAUSE -&gt; extends [38:9]&#10;|   `--DOT -&gt; . [38:19]&#10;|       |--IDENT -&gt; c4 [38:17]&#10;|       `--IDENT -&gt; c4a [38:20]&#10;`--OBJBLOCK -&gt; OBJBLOCK [38:24]&#10;    |--LCURLY -&gt; { [38:24]&#10;    |--CTOR_DEF -&gt; CTOR_DEF [39:4]&#10;    |   |--MODIFIERS -&gt; MODIFIERS [39:4]&#10;    |   |--IDENT -&gt; c5 [39:4]&#10;    |   |--LPAREN -&gt; ( [39:6]&#10;    |   |--PARAMETERS -&gt; PARAMETERS [39:7]&#10;    |   |--RPAREN -&gt; ) [39:7]&#10;    |   `--SLIST -&gt; { [39:9]&#10;    |       |--SUPER_CTOR_CALL -&gt; super [39:20]&#10;    |       |   |--LITERAL_NEW -&gt; new [39:11]&#10;    |       |   |   |--IDENT -&gt; c4 [39:15]&#10;    |       |   |   |--LPAREN -&gt; ( [39:17]&#10;    |       |   |   |--ELIST -&gt; ELIST [39:18]&#10;    |       |   |   `--RPAREN -&gt; ) [39:18]&#10;    |       |   |--DOT -&gt; . [39:19]&#10;    |       |   |--LPAREN -&gt; ( [39:25]&#10;    |       |   |--ELIST -&gt; ELIST [39:26]&#10;    |       |   |--RPAREN -&gt; ) [39:26]&#10;    |       |   `--SEMI -&gt; ; [39:27]&#10;    |       `--RCURLY -&gt; } [39:29]&#10;    |--CTOR_DEF -&gt; CTOR_DEF [40:4]&#10;    |   |--MODIFIERS -&gt; MODIFIERS [40:4]&#10;    |   |--IDENT -&gt; c5 [40:4]&#10;    |   |--LPAREN -&gt; ( [40:6]&#10;    |   |--PARAMETERS -&gt; PARAMETERS [40:7]&#10;    |   |   `--PARAMETER_DEF -&gt; PARAMETER_DEF [40:7]&#10;    |   |       |--MODIFIERS -&gt; MODIFIERS [40:7]&#10;    |   |       |--TYPE -&gt; TYPE [40:7]&#10;    |   |       |   `--LITERAL_INT -&gt; int [40:7]&#10;    |   |       `--IDENT -&gt; a [40:11]&#10;    |   |--RPAREN -&gt; ) [40:12]&#10;    |   `--SLIST -&gt; { [40:14]&#10;    |       |--SUPER_CTOR_CALL -&gt; super [40:33]&#10;    |       |   |--LITERAL_NEW -&gt; new [40:16]&#10;    |       |   |   |--IDENT -&gt; c4 [40:20]&#10;    |       |   |   |--LPAREN -&gt; ( [40:22]&#10;    |       |   |   |--ELIST -&gt; ELIST [40:23]&#10;    |       |   |   `--RPAREN -&gt; ) [40:23]&#10;    |       |   |--DOT -&gt; . [40:24]&#10;    |       |   |--TYPE_ARGUMENTS -&gt; TYPE_ARGUMENTS [40:25]&#10;    |       |   |   |--GENERIC_START -&gt; &lt; [40:25]&#10;    |       |   |   |--TYPE_ARGUMENT -&gt; TYPE_ARGUMENT [40:26]&#10;    |       |   |   |   `--IDENT -&gt; String [40:26]&#10;    |       |   |   `--GENERIC_END -&gt; &gt; [40:32]&#10;    |       |   |--LPAREN -&gt; ( [40:38]&#10;    |       |   |--ELIST -&gt; ELIST [40:39]&#10;    |       |   |--RPAREN -&gt; ) [40:39]&#10;    |       |   `--SEMI -&gt; ; [40:40]&#10;    |       `--RCURLY -&gt; } [40:42]&#10;    `--RCURLY -&gt; } [41:0]&#10;INTERFACE_DEF -&gt; INTERFACE_DEF [42:0]&#10;|--MODIFIERS -&gt; MODIFIERS [42:0]&#10;|--LITERAL_INTERFACE -&gt; interface [42:0]&#10;|--IDENT -&gt; i1 [42:10]&#10;`--OBJBLOCK -&gt; OBJBLOCK [42:13]&#10;    |--LCURLY -&gt; { [42:13]&#10;    `--RCURLY -&gt; } [42:14]&#10;CLASS_DEF -&gt; CLASS_DEF [43:0]&#10;|--MODIFIERS -&gt; MODIFIERS [43:0]&#10;|--LITERAL_CLASS -&gt; class [43:0]&#10;|--IDENT -&gt; c6 [43:6]&#10;|--TYPE_PARAMETERS -&gt; TYPE_PARAMETERS [43:8]&#10;|   |--GENERIC_START -&gt; &lt; [43:8]&#10;|   |--TYPE_PARAMETER -&gt; TYPE_PARAMETER [43:9]&#10;|   |   |--IDENT -&gt; T [43:9]&#10;|   |   `--TYPE_UPPER_BOUNDS -&gt; extends [43:11]&#10;|   |       |--IDENT -&gt; c3 [43:19]&#10;|   |       |--TYPE_ARGUMENTS -&gt; TYPE_ARGUMENTS [43:21]&#10;|   |       |   |--GENERIC_START -&gt; &lt; [43:21]&#10;|   |       |   |--TYPE_ARGUMENT -&gt; TYPE_ARGUMENT [43:22]&#10;|   |       |   |   `--TYPE -&gt; TYPE [43:22]&#10;|   |       |   |       `--IDENT -&gt; T [43:22]&#10;|   |       |   `--GENERIC_END -&gt; &gt; [43:23]&#10;|   |       |--TYPE_EXTENSION_AND -&gt; &amp; [43:25]&#10;|   |       `--IDENT -&gt; i1 [43:27]&#10;|   `--GENERIC_END -&gt; &gt; [43:29]&#10;`--OBJBLOCK -&gt; OBJBLOCK [43:31]&#10;    |--LCURLY -&gt; { [43:31]&#10;    `--RCURLY -&gt; } [43:32]&#13;]&#10;&gt;" type="org.junit.ComparisonFailure"><![CDATA[org.junit.ComparisonFailure: 
Generated AST from Java file should match pre-defined AST expected:<...DEF -> package [1:0][
|--ANNOTATIONS -> ANNOTATIONS [1:39]
|--DOT -> . [1:39]
|   |--DOT -> . [1:28]
|   |   |--DOT -> . [1:22]
|   |   |   |--DOT -> . [1:11]
|   |   |   |   |--IDENT -> com [1:8]
|   |   |   |   `--IDENT -> puppycrawl [1:12]
|   |   |   `--IDENT -> tools [1:23]
|   |   `--IDENT -> checkstyle [1:29]
|   `--IDENT -> grammar [1:40]
`--SEMI -> ; [1:47]
IMPORT -> import [3:0]
|--DOT -> . [3:16]
|   |--DOT -> . [3:11]
|   |   |--IDENT -> java [3:7]
|   |   `--IDENT -> util [3:12]
|   `--IDENT -> ArrayList [3:17]
`--SEMI -> ; [3:26]
IMPORT -> import [4:0]
|--DOT -> . [4:16]
|   |--DOT -> . [4:11]
|   |   |--IDENT -> java [4:7]
|   |   `--IDENT -> util [4:12]
|   `--IDENT -> Collection [4:17]
`--SEMI -> ; [4:27]
IMPORT -> import [5:0]
|--DOT -> . [5:16]
|   |--DOT -> . [5:11]
|   |   |--IDENT -> java [5:7]
|   |   `--IDENT -> util [5:12]
|   `--IDENT -> List [5:17]
`--SEMI -> ; [5:21]
CLASS_DEF -> CLASS_DEF [7:0]
|--MODIFIERS -> MODIFIERS [7:0]
|   `--ANNOTATION -> ANNOTATION [7:0]
|       |--AT -> @ [7:0]
|       |--IDENT -> SuppressWarnings [7:1]
|       |--LPAREN -> ( [7:17]
|       |--EXPR -> EXPR [7:18]
|       |   `--STRING_LITERAL -> "serial" [7:18]
|       `--RPAREN -> ) [7:26]
|--LITERAL_CLASS -> class [8:0]
|--IDENT -> InputRegressionJavaClass2 [8:6]
|--EXTENDS_CLAUSE -> extends [8:32]
|   `--IDENT -> ArrayList [8:40]
|--IMPLEMENTS_CLAUSE -> implements [8:50]
|   |--IDENT -> List [8:61]
|   |--COMMA -> , [8:65]
|   `--IDENT -> Collection [8:67]
`--OBJBLOCK -> OBJBLOCK [8:78]
    |--LCURLY -> { [8:78]
    |--CTOR_DEF -> CTOR_DEF [9:4]
    |   |--MODIFIERS -> MODIFIERS [9:4]
    |   |   `--LITERAL_PUBLIC -> public [9:4]
    |   |--IDENT -> InputRegressionJavaClass2 [9:11]
    |   |--LPAREN -> ( [9:36]
    |   |--PARAMETERS -> PARAMETERS [9:37]
    |   |--RPAREN -> ) [9:37]
    |   `--SLIST -> { [9:39]
    |       |--SUPER_CTOR_CALL -> super [9:41]
    |       |   |--LPAREN -> ( [9:46]
    |       |   |--ELIST -> ELIST [9:47]
    |       |   |--RPAREN -> ) [9:47]
    |       |   `--SEMI -> ; [9:48]
    |       `--RCURLY -> } [9:50]
    |--METHOD_DEF -> METHOD_DEF [11:4]
    |   |--MODIFIERS -> MODIFIERS [11:4]
    |   |   |--ANNOTATION -> ANNOTATION [11:4]
    |   |   |   |--AT -> @ [11:4]
    |   |   |   `--IDENT -> Override [11:5]
    |   |   `--LITERAL_PUBLIC -> public [12:4]
    |   |--TYPE -> TYPE [12:11]
    |   |   `--LITERAL_INT -> int [12:11]
    |   |--IDENT -> size [12:15]
    |   |--LPAREN -> ( [12:19]
    |   |--PARAMETERS -> PARAMETERS [12:20]
    |   |--RPAREN -> ) [12:20]
    |   `--SLIST -> { [12:22]
    |       |--LITERAL_RETURN -> return [12:24]
    |       |   |--EXPR -> EXPR [12:41]
    |       |   |   `--METHOD_CALL -> ( [12:41]
    |       |   |       |--DOT -> . [12:36]
    |       |   |       |   |--LITERAL_SUPER -> super [12:31]
    |       |   |       |   `--IDENT -> size [12:37]
    |       |   |       |--ELIST -> ELIST [12:42]
    |       |   |       `--RPAREN -> ) [12:42]
    |       |   `--SEMI -> ; [12:43]
    |       `--RCURLY -> } [12:45]
    |--METHOD_DEF -> METHOD_DEF [13:4]
    |   |--MODIFIERS -> MODIFIERS [13:4]
    |   |   |--ANNOTATION -> ANNOTATION [13:4]
    |   |   |   |--AT -> @ [13:4]
    |   |   |   |--IDENT -> Override [13:5]
    |   |   |   |--LPAREN -> ( [13:13]
    |   |   |   `--RPAREN -> ) [13:14]
    |   |   `--LITERAL_PUBLIC -> public [14:4]
    |   |--TYPE -> TYPE [14:11]
    |   |   `--LITERAL_BOOLEAN -> boolean [14:11]
    |   |--IDENT -> isEmpty [14:19]
    |   |--LPAREN -> ( [14:26]
    |   |--PARAMETERS -> PARAMETERS [14:27]
    |   |--RPAREN -> ) [14:27]
    |   `--SLIST -> { [14:29]
    |       |--LITERAL_RETURN -> return [14:31]
    |       |   |--EXPR -> EXPR [14:77]
    |       |   |   `--METHOD_CALL -> ( [14:77]
    |       |   |       |--DOT -> . [14:69]
    |       |   |       |   |--DOT -> . [14:63]
    |       |   |       |   |   |--IDENT -> InputRegressionJavaClass2 [14:38]
    |       |   |       |   |   `--LITERAL_SUPER -> super [14:64]
    |       |   |       |   `--IDENT -> isEmpty [14:70]
    |       |   |       |--ELIST -> ELIST [14:78]
    |       |   |       `--RPAREN -> ) [14:78]
    |       |   `--SEMI -> ; [14:79]
    |       `--RCURLY -> } [14:81]
    |--CLASS_DEF -> CLASS_DEF [16:4]
    |   |--MODIFIERS -> MODIFIERS [16:4]
    |   |   `--LITERAL_PUBLIC -> public [16:4]
    |   |--LITERAL_CLASS -> class [16:11]
    |   |--IDENT -> Inner1 [16:17]
    |   `--OBJBLOCK -> OBJBLOCK [16:24]
    |       |--LCURLY -> { [16:24]
    |       |--METHOD_DEF -> METHOD_DEF [17:8]
    |       |   |--MODIFIERS -> MODIFIERS [17:8]
    |       |   |   `--LITERAL_PUBLIC -> public [17:8]
    |       |   |--TYPE -> TYPE [17:15]
    |       |   |   `--LITERAL_VOID -> void [17:15]
    |       |   |--IDENT -> m [17:20]
    |       |   |--LPAREN -> ( [17:21]
    |       |   |--PARAMETERS -> PARAMETERS [17:22]
    |       |   |--RPAREN -> ) [17:22]
    |       |   `--SLIST -> { [17:24]
    |       |       |--CLASS_DEF -> CLASS_DEF [18:12]
    |       |       |   |--MODIFIERS -> MODIFIERS [18:12]
    |       |       |   |--LITERAL_CLASS -> class [18:12]
    |       |       |   |--IDENT -> Inner2 [18:18]
    |       |       |   `--OBJBLOCK -> OBJBLOCK [18:25]
    |       |       |       |--LCURLY -> { [18:25]
    |       |       |       `--RCURLY -> } [19:12]
    |       |       `--RCURLY -> } [20:8]
    |       |--SEMI -> ; [20:9]
    |       |--METHOD_DEF -> METHOD_DEF [22:8]
    |       |   |--MODIFIERS -> MODIFIERS [22:8]
    |       |   |   `--LITERAL_PUBLIC -> public [22:8]
    |       |   |--TYPE -> TYPE [22:15]
    |       |   |   `--IDENT -> InputRegressionJavaClass2 [22:15]
    |       |   |--IDENT -> m2 [22:41]
    |       |   |--LPAREN -> ( [22:43]
    |       |   |--PARAMETERS -> PARAMETERS [22:44]
    |       |   |--RPAREN -> ) [22:44]
    |       |   `--SLIST -> { [22:46]
    |       |       |--LITERAL_RETURN -> return [23:12]
    |       |       |   |--EXPR -> EXPR [23:44]
    |       |       |   |   `--DOT -> . [23:44]
    |       |       |   |       |--IDENT -> InputRegressionJavaClass2 [23:19]
    |       |       |   |       `--LITERAL_THIS -> this [23:45]
    |       |       |   `--SEMI -> ; [23:49]
    |       |       `--RCURLY -> } [24:8]
    |       `--RCURLY -> } [25:4]
    |--METHOD_DEF -> METHOD_DEF [27:4]
    |   |--MODIFIERS -> MODIFIERS [27:4]
    |   |   `--LITERAL_PUBLIC -> public [27:4]
    |   |--TYPE -> TYPE [27:11]
    |   |   `--LITERAL_VOID -> void [27:11]
    |   |--IDENT -> m [27:16]
    |   |--LPAREN -> ( [27:17]
    |   |--PARAMETERS -> PARAMETERS [27:18]
    |   |--RPAREN -> ) [27:18]
    |   `--SLIST -> { [27:20]
    |       |--EXPR -> EXPR [27:41]
    |       |   `--METHOD_CALL -> ( [27:41]
    |       |       |--DOT -> . [27:39]
    |       |       |   |--DOT -> . [27:26]
    |       |       |   |   |--LITERAL_THIS -> this [27:22]
    |       |       |   |   `--LITERAL_NEW -> new [27:27]
    |       |       |   |       |--IDENT -> Inner1 [27:31]
    |       |       |   |       |--LPAREN -> ( [27:37]
    |       |       |   |       |--ELIST -> ELIST [27:38]
    |       |       |   |       `--RPAREN -> ) [27:38]
    |       |       |   `--IDENT -> m [27:40]
    |       |       |--ELIST -> ELIST [27:42]
    |       |       `--RPAREN -> ) [27:42]
    |       |--SEMI -> ; [27:43]
    |       `--RCURLY -> } [27:45]
    `--RCURLY -> } [28:0]
CLASS_DEF -> CLASS_DEF [29:0]
|--MODIFIERS -> MODIFIERS [29:0]
|--LITERAL_CLASS -> class [29:0]
|--IDENT -> _c1 [29:6]
`--OBJBLOCK -> OBJBLOCK [29:10]
    |--LCURLY -> { [29:10]
    `--RCURLY -> } [29:11]
CLASS_DEF -> CLASS_DEF [30:0]
|--MODIFIERS -> MODIFIERS [30:0]
|   `--ABSTRACT -> abstract [30:0]
|--LITERAL_CLASS -> class [30:9]
|--IDENT -> c2 [30:15]
`--OBJBLOCK -> OBJBLOCK [30:18]
    |--LCURLY -> { [30:18]
    `--RCURLY -> } [30:19]
CLASS_DEF -> CLASS_DEF [31:0]
|--MODIFIERS -> MODIFIERS [31:0]
|--LITERAL_CLASS -> class [31:0]
|--IDENT -> c3 [31:6]
|--TYPE_PARAMETERS -> TYPE_PARAMETERS [31:8]
|   |--GENERIC_START -> < [31:8]
|   |--TYPE_PARAMETER -> TYPE_PARAMETER [31:9]
|   |   `--IDENT -> A [31:9]
|   `--GENERIC_END -> > [31:10]
`--OBJBLOCK -> OBJBLOCK [31:12]
    |--LCURLY -> { [31:12]
    |--METHOD_DEF -> METHOD_DEF [31:14]
    |   |--MODIFIERS -> MODIFIERS [31:14]
    |   |   `--LITERAL_PUBLIC -> public [31:14]
    |   |--TYPE -> TYPE [31:21]
    |   |   |--IDENT -> c3 [31:21]
    |   |   `--TYPE_ARGUMENTS -> TYPE_ARGUMENTS [31:23]
    |   |       |--GENERIC_START -> < [31:23]
    |   |       |--TYPE_ARGUMENT -> TYPE_ARGUMENT [31:24]
    |   |       |   `--IDENT -> A [31:24]
    |   |       `--GENERIC_END -> > [31:25]
    |   |--IDENT -> m [31:27]
    |   |--LPAREN -> ( [31:28]
    |   |--PARAMETERS -> PARAMETERS [31:29]
    |   |--RPAREN -> ) [31:29]
    |   `--SLIST -> { [31:30]
    |       |--LITERAL_RETURN -> return [31:31]
    |       |   |--EXPR -> EXPR [31:38]
    |       |   |   `--LITERAL_NULL -> null [31:38]
    |       |   `--SEMI -> ; [31:42]
    |       `--RCURLY -> } [31:43]
    `--RCURLY -> } [31:45]
CLASS_DEF -> CLASS_DEF [32:0]
|--MODIFIERS -> MODIFIERS [32:0]
|--LITERAL_CLASS -> class [32:0]
|--IDENT -> c4 [32:6]
|--TYPE_PARAMETERS -> TYPE_PARAMETERS [32:8]
|   |--GENERIC_START -> < [32:8]
|   |--TYPE_PARAMETER -> TYPE_PARAMETER [32:9]
|   |   `--IDENT -> A [32:9]
|   |--COMMA -> , [32:10]
|   |--TYPE_PARAMETER -> TYPE_PARAMETER [32:11]
|   |   `--IDENT -> B [32:11]
|   `--GENERIC_END -> > [32:12]
|--EXTENDS_CLAUSE -> extends [32:14]
|   |--IDENT -> c3 [32:22]
|   `--TYPE_ARGUMENTS -> TYPE_ARGUMENTS [32:24]
|       |--GENERIC_START -> < [32:24]
|       |--TYPE_ARGUMENT -> TYPE_ARGUMENT [32:25]
|       |   `--IDENT -> A [32:25]
|       `--GENERIC_END -> > [32:26]
`--OBJBLOCK -> OBJBLOCK [32:28]
    |--LCURLY -> { [32:28]
    |--CLASS_DEF -> CLASS_DEF [33:4]
    |   |--MODIFIERS -> MODIFIERS [33:4]
    |   |--LITERAL_CLASS -> class [33:4]
    |   |--IDENT -> c4a [33:10]
    |   `--OBJBLOCK -> OBJBLOCK [33:14]
    |       |--LCURLY -> { [33:14]
    |       `--RCURLY -> } [33:15]
    |--CTOR_DEF -> CTOR_DEF [35:4]
    |   |--MODIFIERS -> MODIFIERS [35:4]
    |   |   `--LITERAL_PUBLIC -> public [35:4]
    |   |--IDENT -> c4 [35:11]
    |   |--LPAREN -> ( [35:13]
    |   |--PARAMETERS -> PARAMETERS [35:14]
    |   |--RPAREN -> ) [35:14]
    |   `--SLIST -> { [35:16]
    |       |--SUPER_CTOR_CALL -> super [35:26]
    |       |   |--TYPE_ARGUMENTS -> TYPE_ARGUMENTS [35:18]
    |       |   |   |--GENERIC_START -> < [35:18]
    |       |   |   |--TYPE_ARGUMENT -> TYPE_ARGUMENT [35:19]
    |       |   |   |   `--IDENT -> String [35:19]
    |       |   |   `--GENERIC_END -> > [35:25]
    |       |   |--LPAREN -> ( [35:31]
    |       |   |--ELIST -> ELIST [35:32]
    |       |   |--RPAREN -> ) [35:32]
    |       |   `--SEMI -> ; [35:33]
    |       `--RCURLY -> } [35:35]
    |--METHOD_DEF -> METHOD_DEF [36:4]
    |   |--MODIFIERS -> MODIFIERS [36:4]
    |   |   `--LITERAL_PUBLIC -> public [36:4]
    |   |--TYPE -> TYPE [36:11]
    |   |   |--IDENT -> c3 [36:11]
    |   |   `--TYPE_ARGUMENTS -> TYPE_ARGUMENTS [36:13]
    |   |       |--GENERIC_START -> < [36:13]
    |   |       |--TYPE_ARGUMENT -> TYPE_ARGUMENT [36:14]
    |   |       |   `--IDENT -> A [36:14]
    |   |       `--GENERIC_END -> > [36:15]
    |   |--IDENT -> m [36:17]
    |   |--LPAREN -> ( [36:18]
    |   |--PARAMETERS -> PARAMETERS [36:19]
    |   |--RPAREN -> ) [36:19]
    |   `--SLIST -> { [36:21]
    |       |--LITERAL_RETURN -> return [36:23]
    |       |   |--EXPR -> EXPR [36:40]
    |       |   |   `--METHOD_CALL -> ( [36:40]
    |       |   |       |--DOT -> . [36:35]
    |       |   |       |   |--LITERAL_SUPER -> super [36:30]
    |       |   |       |   |--TYPE_ARGUMENTS -> TYPE_ARGUMENTS [36:36]
    |       |   |       |   |   |--GENERIC_START -> < [36:36]
    |       |   |       |   |   |--TYPE_ARGUMENT -> TYPE_ARGUMENT [36:37]
    |       |   |       |   |   |   `--IDENT -> A [36:37]
    |       |   |       |   |   `--GENERIC_END -> > [36:38]
    |       |   |       |   `--IDENT -> m [36:39]
    |       |   |       |--ELIST -> ELIST [36:41]
    |       |   |       `--RPAREN -> ) [36:41]
    |       |   `--SEMI -> ; [36:42]
    |       `--RCURLY -> } [36:44]
    `--RCURLY -> } [37:0]
CLASS_DEF -> CLASS_DEF [38:0]
|--MODIFIERS -> MODIFIERS [38:0]
|--LITERAL_CLASS -> class [38:0]
|--IDENT -> c5 [38:6]
|--EXTENDS_CLAUSE -> extends [38:9]
|   `--DOT -> . [38:19]
|       |--IDENT -> c4 [38:17]
|       `--IDENT -> c4a [38:20]
`--OBJBLOCK -> OBJBLOCK [38:24]
    |--LCURLY -> { [38:24]
    |--CTOR_DEF -> CTOR_DEF [39:4]
    |   |--MODIFIERS -> MODIFIERS [39:4]
    |   |--IDENT -> c5 [39:4]
    |   |--LPAREN -> ( [39:6]
    |   |--PARAMETERS -> PARAMETERS [39:7]
    |   |--RPAREN -> ) [39:7]
    |   `--SLIST -> { [39:9]
    |       |--SUPER_CTOR_CALL -> super [39:20]
    |       |   |--LITERAL_NEW -> new [39:11]
    |       |   |   |--IDENT -> c4 [39:15]
    |       |   |   |--LPAREN -> ( [39:17]
    |       |   |   |--ELIST -> ELIST [39:18]
    |       |   |   `--RPAREN -> ) [39:18]
    |       |   |--DOT -> . [39:19]
    |       |   |--LPAREN -> ( [39:25]
    |       |   |--ELIST -> ELIST [39:26]
    |       |   |--RPAREN -> ) [39:26]
    |       |   `--SEMI -> ; [39:27]
    |       `--RCURLY -> } [39:29]
    |--CTOR_DEF -> CTOR_DEF [40:4]
    |   |--MODIFIERS -> MODIFIERS [40:4]
    |   |--IDENT -> c5 [40:4]
    |   |--LPAREN -> ( [40:6]
    |   |--PARAMETERS -> PARAMETERS [40:7]
    |   |   `--PARAMETER_DEF -> PARAMETER_DEF [40:7]
    |   |       |--MODIFIERS -> MODIFIERS [40:7]
    |   |       |--TYPE -> TYPE [40:7]
    |   |       |   `--LITERAL_INT -> int [40:7]
    |   |       `--IDENT -> a [40:11]
    |   |--RPAREN -> ) [40:12]
    |   `--SLIST -> { [40:14]
    |       |--SUPER_CTOR_CALL -> super [40:33]
    |       |   |--LITERAL_NEW -> new [40:16]
    |       |   |   |--IDENT -> c4 [40:20]
    |       |   |   |--LPAREN -> ( [40:22]
    |       |   |   |--ELIST -> ELIST [40:23]
    |       |   |   `--RPAREN -> ) [40:23]
    |       |   |--DOT -> . [40:24]
    |       |   |--TYPE_ARGUMENTS -> TYPE_ARGUMENTS [40:25]
    |       |   |   |--GENERIC_START -> < [40:25]
    |       |   |   |--TYPE_ARGUMENT -> TYPE_ARGUMENT [40:26]
    |       |   |   |   `--IDENT -> String [40:26]
    |       |   |   `--GENERIC_END -> > [40:32]
    |       |   |--LPAREN -> ( [40:38]
    |       |   |--ELIST -> ELIST [40:39]
    |       |   |--RPAREN -> ) [40:39]
    |       |   `--SEMI -> ; [40:40]
    |       `--RCURLY -> } [40:42]
    `--RCURLY -> } [41:0]
INTERFACE_DEF -> INTERFACE_DEF [42:0]
|--MODIFIERS -> MODIFIERS [42:0]
|--LITERAL_INTERFACE -> interface [42:0]
|--IDENT -> i1 [42:10]
`--OBJBLOCK -> OBJBLOCK [42:13]
    |--LCURLY -> { [42:13]
    `--RCURLY -> } [42:14]
CLASS_DEF -> CLASS_DEF [43:0]
|--MODIFIERS -> MODIFIERS [43:0]
|--LITERAL_CLASS -> class [43:0]
|--IDENT -> c6 [43:6]
|--TYPE_PARAMETERS -> TYPE_PARAMETERS [43:8]
|   |--GENERIC_START -> < [43:8]
|   |--TYPE_PARAMETER -> TYPE_PARAMETER [43:9]
|   |   |--IDENT -> T [43:9]
|   |   `--TYPE_UPPER_BOUNDS -> extends [43:11]
|   |       |--IDENT -> c3 [43:19]
|   |       |--TYPE_ARGUMENTS -> TYPE_ARGUMENTS [43:21]
|   |       |   |--GENERIC_START -> < [43:21]
|   |       |   |--TYPE_ARGUMENT -> TYPE_ARGUMENT [43:22]
|   |       |   |   `--TYPE -> TYPE [43:22]
|   |       |   |       `--IDENT -> T [43:22]
|   |       |   `--GENERIC_END -> > [43:23]
|   |       |--TYPE_EXTENSION_AND -> & [43:25]
|   |       `--IDENT -> i1 [43:27]
|   `--GENERIC_END -> > [43:29]
`--OBJBLOCK -> OBJBLOCK [43:31]
    |--LCURLY -> { [43:31]
    `--RCURLY -> } [43:32]]
> but was:<...DEF -> package [1:0][
|--ANNOTATIONS -> ANNOTATIONS [1:39]
|--DOT -> . [1:39]
|   |--DOT -> . [1:28]
|   |   |--DOT -> . [1:22]
|   |   |   |--DOT -> . [1:11]
|   |   |   |   |--IDENT -> com [1:8]
|   |   |   |   `--IDENT -> puppycrawl [1:12]
|   |   |   `--IDENT -> tools [1:23]
|   |   `--IDENT -> checkstyle [1:29]
|   `--IDENT -> grammar [1:40]
`--SEMI -> ; [1:47]
IMPORT -> import [3:0]
|--DOT -> . [3:16]
|   |--DOT -> . [3:11]
|   |   |--IDENT -> java [3:7]
|   |   `--IDENT -> util [3:12]
|   `--IDENT -> ArrayList [3:17]
`--SEMI -> ; [3:26]
IMPORT -> import [4:0]
|--DOT -> . [4:16]
|   |--DOT -> . [4:11]
|   |   |--IDENT -> java [4:7]
|   |   `--IDENT -> util [4:12]
|   `--IDENT -> Collection [4:17]
`--SEMI -> ; [4:27]
IMPORT -> import [5:0]
|--DOT -> . [5:16]
|   |--DOT -> . [5:11]
|   |   |--IDENT -> java [5:7]
|   |   `--IDENT -> util [5:12]
|   `--IDENT -> List [5:17]
`--SEMI -> ; [5:21]
CLASS_DEF -> CLASS_DEF [7:0]
|--MODIFIERS -> MODIFIERS [7:0]
|   `--ANNOTATION -> ANNOTATION [7:0]
|       |--AT -> @ [7:0]
|       |--IDENT -> SuppressWarnings [7:1]
|       |--LPAREN -> ( [7:17]
|       |--EXPR -> EXPR [7:18]
|       |   `--STRING_LITERAL -> "serial" [7:18]
|       `--RPAREN -> ) [7:26]
|--LITERAL_CLASS -> class [8:0]
|--IDENT -> InputRegressionJavaClass2 [8:6]
|--EXTENDS_CLAUSE -> extends [8:32]
|   `--IDENT -> ArrayList [8:40]
|--IMPLEMENTS_CLAUSE -> implements [8:50]
|   |--IDENT -> List [8:61]
|   |--COMMA -> , [8:65]
|   `--IDENT -> Collection [8:67]
`--OBJBLOCK -> OBJBLOCK [8:78]
    |--LCURLY -> { [8:78]
    |--CTOR_DEF -> CTOR_DEF [9:4]
    |   |--MODIFIERS -> MODIFIERS [9:4]
    |   |   `--LITERAL_PUBLIC -> public [9:4]
    |   |--IDENT -> InputRegressionJavaClass2 [9:11]
    |   |--LPAREN -> ( [9:36]
    |   |--PARAMETERS -> PARAMETERS [9:37]
    |   |--RPAREN -> ) [9:37]
    |   `--SLIST -> { [9:39]
    |       |--SUPER_CTOR_CALL -> super [9:41]
    |       |   |--LPAREN -> ( [9:46]
    |       |   |--ELIST -> ELIST [9:47]
    |       |   |--RPAREN -> ) [9:47]
    |       |   `--SEMI -> ; [9:48]
    |       `--RCURLY -> } [9:50]
    |--METHOD_DEF -> METHOD_DEF [11:4]
    |   |--MODIFIERS -> MODIFIERS [11:4]
    |   |   |--ANNOTATION -> ANNOTATION [11:4]
    |   |   |   |--AT -> @ [11:4]
    |   |   |   `--IDENT -> Override [11:5]
    |   |   `--LITERAL_PUBLIC -> public [12:4]
    |   |--TYPE -> TYPE [12:11]
    |   |   `--LITERAL_INT -> int [12:11]
    |   |--IDENT -> size [12:15]
    |   |--LPAREN -> ( [12:19]
    |   |--PARAMETERS -> PARAMETERS [12:20]
    |   |--RPAREN -> ) [12:20]
    |   `--SLIST -> { [12:22]
    |       |--LITERAL_RETURN -> return [12:24]
    |       |   |--EXPR -> EXPR [12:41]
    |       |   |   `--METHOD_CALL -> ( [12:41]
    |       |   |       |--DOT -> . [12:36]
    |       |   |       |   |--LITERAL_SUPER -> super [12:31]
    |       |   |       |   `--IDENT -> size [12:37]
    |       |   |       |--ELIST -> ELIST [12:42]
    |       |   |       `--RPAREN -> ) [12:42]
    |       |   `--SEMI -> ; [12:43]
    |       `--RCURLY -> } [12:45]
    |--METHOD_DEF -> METHOD_DEF [13:4]
    |   |--MODIFIERS -> MODIFIERS [13:4]
    |   |   |--ANNOTATION -> ANNOTATION [13:4]
    |   |   |   |--AT -> @ [13:4]
    |   |   |   |--IDENT -> Override [13:5]
    |   |   |   |--LPAREN -> ( [13:13]
    |   |   |   `--RPAREN -> ) [13:14]
    |   |   `--LITERAL_PUBLIC -> public [14:4]
    |   |--TYPE -> TYPE [14:11]
    |   |   `--LITERAL_BOOLEAN -> boolean [14:11]
    |   |--IDENT -> isEmpty [14:19]
    |   |--LPAREN -> ( [14:26]
    |   |--PARAMETERS -> PARAMETERS [14:27]
    |   |--RPAREN -> ) [14:27]
    |   `--SLIST -> { [14:29]
    |       |--LITERAL_RETURN -> return [14:31]
    |       |   |--EXPR -> EXPR [14:77]
    |       |   |   `--METHOD_CALL -> ( [14:77]
    |       |   |       |--DOT -> . [14:69]
    |       |   |       |   |--DOT -> . [14:63]
    |       |   |       |   |   |--IDENT -> InputRegressionJavaClass2 [14:38]
    |       |   |       |   |   `--LITERAL_SUPER -> super [14:64]
    |       |   |       |   `--IDENT -> isEmpty [14:70]
    |       |   |       |--ELIST -> ELIST [14:78]
    |       |   |       `--RPAREN -> ) [14:78]
    |       |   `--SEMI -> ; [14:79]
    |       `--RCURLY -> } [14:81]
    |--CLASS_DEF -> CLASS_DEF [16:4]
    |   |--MODIFIERS -> MODIFIERS [16:4]
    |   |   `--LITERAL_PUBLIC -> public [16:4]
    |   |--LITERAL_CLASS -> class [16:11]
    |   |--IDENT -> Inner1 [16:17]
    |   `--OBJBLOCK -> OBJBLOCK [16:24]
    |       |--LCURLY -> { [16:24]
    |       |--METHOD_DEF -> METHOD_DEF [17:8]
    |       |   |--MODIFIERS -> MODIFIERS [17:8]
    |       |   |   `--LITERAL_PUBLIC -> public [17:8]
    |       |   |--TYPE -> TYPE [17:15]
    |       |   |   `--LITERAL_VOID -> void [17:15]
    |       |   |--IDENT -> m [17:20]
    |       |   |--LPAREN -> ( [17:21]
    |       |   |--PARAMETERS -> PARAMETERS [17:22]
    |       |   |--RPAREN -> ) [17:22]
    |       |   `--SLIST -> { [17:24]
    |       |       |--CLASS_DEF -> CLASS_DEF [18:12]
    |       |       |   |--MODIFIERS -> MODIFIERS [18:12]
    |       |       |   |--LITERAL_CLASS -> class [18:12]
    |       |       |   |--IDENT -> Inner2 [18:18]
    |       |       |   `--OBJBLOCK -> OBJBLOCK [18:25]
    |       |       |       |--LCURLY -> { [18:25]
    |       |       |       `--RCURLY -> } [19:12]
    |       |       `--RCURLY -> } [20:8]
    |       |--SEMI -> ; [20:9]
    |       |--METHOD_DEF -> METHOD_DEF [22:8]
    |       |   |--MODIFIERS -> MODIFIERS [22:8]
    |       |   |   `--LITERAL_PUBLIC -> public [22:8]
    |       |   |--TYPE -> TYPE [22:15]
    |       |   |   `--IDENT -> InputRegressionJavaClass2 [22:15]
    |       |   |--IDENT -> m2 [22:41]
    |       |   |--LPAREN -> ( [22:43]
    |       |   |--PARAMETERS -> PARAMETERS [22:44]
    |       |   |--RPAREN -> ) [22:44]
    |       |   `--SLIST -> { [22:46]
    |       |       |--LITERAL_RETURN -> return [23:12]
    |       |       |   |--EXPR -> EXPR [23:44]
    |       |       |   |   `--DOT -> . [23:44]
    |       |       |   |       |--IDENT -> InputRegressionJavaClass2 [23:19]
    |       |       |   |       `--LITERAL_THIS -> this [23:45]
    |       |       |   `--SEMI -> ; [23:49]
    |       |       `--RCURLY -> } [24:8]
    |       `--RCURLY -> } [25:4]
    |--METHOD_DEF -> METHOD_DEF [27:4]
    |   |--MODIFIERS -> MODIFIERS [27:4]
    |   |   `--LITERAL_PUBLIC -> public [27:4]
    |   |--TYPE -> TYPE [27:11]
    |   |   `--LITERAL_VOID -> void [27:11]
    |   |--IDENT -> m [27:16]
    |   |--LPAREN -> ( [27:17]
    |   |--PARAMETERS -> PARAMETERS [27:18]
    |   |--RPAREN -> ) [27:18]
    |   `--SLIST -> { [27:20]
    |       |--EXPR -> EXPR [27:41]
    |       |   `--METHOD_CALL -> ( [27:41]
    |       |       |--DOT -> . [27:39]
    |       |       |   |--DOT -> . [27:26]
    |       |       |   |   |--LITERAL_THIS -> this [27:22]
    |       |       |   |   `--LITERAL_NEW -> new [27:27]
    |       |       |   |       |--IDENT -> Inner1 [27:31]
    |       |       |   |       |--LPAREN -> ( [27:37]
    |       |       |   |       |--ELIST -> ELIST [27:38]
    |       |       |   |       `--RPAREN -> ) [27:38]
    |       |       |   `--IDENT -> m [27:40]
    |       |       |--ELIST -> ELIST [27:42]
    |       |       `--RPAREN -> ) [27:42]
    |       |--SEMI -> ; [27:43]
    |       `--RCURLY -> } [27:45]
    `--RCURLY -> } [28:0]
CLASS_DEF -> CLASS_DEF [29:0]
|--MODIFIERS -> MODIFIERS [29:0]
|--LITERAL_CLASS -> class [29:0]
|--IDENT -> _c1 [29:6]
`--OBJBLOCK -> OBJBLOCK [29:10]
    |--LCURLY -> { [29:10]
    `--RCURLY -> } [29:11]
CLASS_DEF -> CLASS_DEF [30:0]
|--MODIFIERS -> MODIFIERS [30:0]
|   `--ABSTRACT -> abstract [30:0]
|--LITERAL_CLASS -> class [30:9]
|--IDENT -> c2 [30:15]
`--OBJBLOCK -> OBJBLOCK [30:18]
    |--LCURLY -> { [30:18]
    `--RCURLY -> } [30:19]
CLASS_DEF -> CLASS_DEF [31:0]
|--MODIFIERS -> MODIFIERS [31:0]
|--LITERAL_CLASS -> class [31:0]
|--IDENT -> c3 [31:6]
|--TYPE_PARAMETERS -> TYPE_PARAMETERS [31:8]
|   |--GENERIC_START -> < [31:8]
|   |--TYPE_PARAMETER -> TYPE_PARAMETER [31:9]
|   |   `--IDENT -> A [31:9]
|   `--GENERIC_END -> > [31:10]
`--OBJBLOCK -> OBJBLOCK [31:12]
    |--LCURLY -> { [31:12]
    |--METHOD_DEF -> METHOD_DEF [31:14]
    |   |--MODIFIERS -> MODIFIERS [31:14]
    |   |   `--LITERAL_PUBLIC -> public [31:14]
    |   |--TYPE -> TYPE [31:21]
    |   |   |--IDENT -> c3 [31:21]
    |   |   `--TYPE_ARGUMENTS -> TYPE_ARGUMENTS [31:23]
    |   |       |--GENERIC_START -> < [31:23]
    |   |       |--TYPE_ARGUMENT -> TYPE_ARGUMENT [31:24]
    |   |       |   `--IDENT -> A [31:24]
    |   |       `--GENERIC_END -> > [31:25]
    |   |--IDENT -> m [31:27]
    |   |--LPAREN -> ( [31:28]
    |   |--PARAMETERS -> PARAMETERS [31:29]
    |   |--RPAREN -> ) [31:29]
    |   `--SLIST -> { [31:30]
    |       |--LITERAL_RETURN -> return [31:31]
    |       |   |--EXPR -> EXPR [31:38]
    |       |   |   `--LITERAL_NULL -> null [31:38]
    |       |   `--SEMI -> ; [31:42]
    |       `--RCURLY -> } [31:43]
    `--RCURLY -> } [31:45]
CLASS_DEF -> CLASS_DEF [32:0]
|--MODIFIERS -> MODIFIERS [32:0]
|--LITERAL_CLASS -> class [32:0]
|--IDENT -> c4 [32:6]
|--TYPE_PARAMETERS -> TYPE_PARAMETERS [32:8]
|   |--GENERIC_START -> < [32:8]
|   |--TYPE_PARAMETER -> TYPE_PARAMETER [32:9]
|   |   `--IDENT -> A [32:9]
|   |--COMMA -> , [32:10]
|   |--TYPE_PARAMETER -> TYPE_PARAMETER [32:11]
|   |   `--IDENT -> B [32:11]
|   `--GENERIC_END -> > [32:12]
|--EXTENDS_CLAUSE -> extends [32:14]
|   |--IDENT -> c3 [32:22]
|   `--TYPE_ARGUMENTS -> TYPE_ARGUMENTS [32:24]
|       |--GENERIC_START -> < [32:24]
|       |--TYPE_ARGUMENT -> TYPE_ARGUMENT [32:25]
|       |   `--IDENT -> A [32:25]
|       `--GENERIC_END -> > [32:26]
`--OBJBLOCK -> OBJBLOCK [32:28]
    |--LCURLY -> { [32:28]
    |--CLASS_DEF -> CLASS_DEF [33:4]
    |   |--MODIFIERS -> MODIFIERS [33:4]
    |   |--LITERAL_CLASS -> class [33:4]
    |   |--IDENT -> c4a [33:10]
    |   `--OBJBLOCK -> OBJBLOCK [33:14]
    |       |--LCURLY -> { [33:14]
    |       `--RCURLY -> } [33:15]
    |--CTOR_DEF -> CTOR_DEF [35:4]
    |   |--MODIFIERS -> MODIFIERS [35:4]
    |   |   `--LITERAL_PUBLIC -> public [35:4]
    |   |--IDENT -> c4 [35:11]
    |   |--LPAREN -> ( [35:13]
    |   |--PARAMETERS -> PARAMETERS [35:14]
    |   |--RPAREN -> ) [35:14]
    |   `--SLIST -> { [35:16]
    |       |--SUPER_CTOR_CALL -> super [35:26]
    |       |   |--TYPE_ARGUMENTS -> TYPE_ARGUMENTS [35:18]
    |       |   |   |--GENERIC_START -> < [35:18]
    |       |   |   |--TYPE_ARGUMENT -> TYPE_ARGUMENT [35:19]
    |       |   |   |   `--IDENT -> String [35:19]
    |       |   |   `--GENERIC_END -> > [35:25]
    |       |   |--LPAREN -> ( [35:31]
    |       |   |--ELIST -> ELIST [35:32]
    |       |   |--RPAREN -> ) [35:32]
    |       |   `--SEMI -> ; [35:33]
    |       `--RCURLY -> } [35:35]
    |--METHOD_DEF -> METHOD_DEF [36:4]
    |   |--MODIFIERS -> MODIFIERS [36:4]
    |   |   `--LITERAL_PUBLIC -> public [36:4]
    |   |--TYPE -> TYPE [36:11]
    |   |   |--IDENT -> c3 [36:11]
    |   |   `--TYPE_ARGUMENTS -> TYPE_ARGUMENTS [36:13]
    |   |       |--GENERIC_START -> < [36:13]
    |   |       |--TYPE_ARGUMENT -> TYPE_ARGUMENT [36:14]
    |   |       |   `--IDENT -> A [36:14]
    |   |       `--GENERIC_END -> > [36:15]
    |   |--IDENT -> m [36:17]
    |   |--LPAREN -> ( [36:18]
    |   |--PARAMETERS -> PARAMETERS [36:19]
    |   |--RPAREN -> ) [36:19]
    |   `--SLIST -> { [36:21]
    |       |--LITERAL_RETURN -> return [36:23]
    |       |   |--EXPR -> EXPR [36:40]
    |       |   |   `--METHOD_CALL -> ( [36:40]
    |       |   |       |--DOT -> . [36:35]
    |       |   |       |   |--LITERAL_SUPER -> super [36:30]
    |       |   |       |   |--TYPE_ARGUMENTS -> TYPE_ARGUMENTS [36:36]
    |       |   |       |   |   |--GENERIC_START -> < [36:36]
    |       |   |       |   |   |--TYPE_ARGUMENT -> TYPE_ARGUMENT [36:37]
    |       |   |       |   |   |   `--IDENT -> A [36:37]
    |       |   |       |   |   `--GENERIC_END -> > [36:38]
    |       |   |       |   `--IDENT -> m [36:39]
    |       |   |       |--ELIST -> ELIST [36:41]
    |       |   |       `--RPAREN -> ) [36:41]
    |       |   `--SEMI -> ; [36:42]
    |       `--RCURLY -> } [36:44]
    `--RCURLY -> } [37:0]
CLASS_DEF -> CLASS_DEF [38:0]
|--MODIFIERS -> MODIFIERS [38:0]
|--LITERAL_CLASS -> class [38:0]
|--IDENT -> c5 [38:6]
|--EXTENDS_CLAUSE -> extends [38:9]
|   `--DOT -> . [38:19]
|       |--IDENT -> c4 [38:17]
|       `--IDENT -> c4a [38:20]
`--OBJBLOCK -> OBJBLOCK [38:24]
    |--LCURLY -> { [38:24]
    |--CTOR_DEF -> CTOR_DEF [39:4]
    |   |--MODIFIERS -> MODIFIERS [39:4]
    |   |--IDENT -> c5 [39:4]
    |   |--LPAREN -> ( [39:6]
    |   |--PARAMETERS -> PARAMETERS [39:7]
    |   |--RPAREN -> ) [39:7]
    |   `--SLIST -> { [39:9]
    |       |--SUPER_CTOR_CALL -> super [39:20]
    |       |   |--LITERAL_NEW -> new [39:11]
    |       |   |   |--IDENT -> c4 [39:15]
    |       |   |   |--LPAREN -> ( [39:17]
    |       |   |   |--ELIST -> ELIST [39:18]
    |       |   |   `--RPAREN -> ) [39:18]
    |       |   |--DOT -> . [39:19]
    |       |   |--LPAREN -> ( [39:25]
    |       |   |--ELIST -> ELIST [39:26]
    |       |   |--RPAREN -> ) [39:26]
    |       |   `--SEMI -> ; [39:27]
    |       `--RCURLY -> } [39:29]
    |--CTOR_DEF -> CTOR_DEF [40:4]
    |   |--MODIFIERS -> MODIFIERS [40:4]
    |   |--IDENT -> c5 [40:4]
    |   |--LPAREN -> ( [40:6]
    |   |--PARAMETERS -> PARAMETERS [40:7]
    |   |   `--PARAMETER_DEF -> PARAMETER_DEF [40:7]
    |   |       |--MODIFIERS -> MODIFIERS [40:7]
    |   |       |--TYPE -> TYPE [40:7]
    |   |       |   `--LITERAL_INT -> int [40:7]
    |   |       `--IDENT -> a [40:11]
    |   |--RPAREN -> ) [40:12]
    |   `--SLIST -> { [40:14]
    |       |--SUPER_CTOR_CALL -> super [40:33]
    |       |   |--LITERAL_NEW -> new [40:16]
    |       |   |   |--IDENT -> c4 [40:20]
    |       |   |   |--LPAREN -> ( [40:22]
    |       |   |   |--ELIST -> ELIST [40:23]
    |       |   |   `--RPAREN -> ) [40:23]
    |       |   |--DOT -> . [40:24]
    |       |   |--TYPE_ARGUMENTS -> TYPE_ARGUMENTS [40:25]
    |       |   |   |--GENERIC_START -> < [40:25]
    |       |   |   |--TYPE_ARGUMENT -> TYPE_ARGUMENT [40:26]
    |       |   |   |   `--IDENT -> String [40:26]
    |       |   |   `--GENERIC_END -> > [40:32]
    |       |   |--LPAREN -> ( [40:38]
    |       |   |--ELIST -> ELIST [40:39]
    |       |   |--RPAREN -> ) [40:39]
    |       |   `--SEMI -> ; [40:40]
    |       `--RCURLY -> } [40:42]
    `--RCURLY -> } [41:0]
INTERFACE_DEF -> INTERFACE_DEF [42:0]
|--MODIFIERS -> MODIFIERS [42:0]
|--LITERAL_INTERFACE -> interface [42:0]
|--IDENT -> i1 [42:10]
`--OBJBLOCK -> OBJBLOCK [42:13]
    |--LCURLY -> { [42:13]
    `--RCURLY -> } [42:14]
CLASS_DEF -> CLASS_DEF [43:0]
|--MODIFIERS -> MODIFIERS [43:0]
|--LITERAL_CLASS -> class [43:0]
|--IDENT -> c6 [43:6]
|--TYPE_PARAMETERS -> TYPE_PARAMETERS [43:8]
|   |--GENERIC_START -> < [43:8]
|   |--TYPE_PARAMETER -> TYPE_PARAMETER [43:9]
|   |   |--IDENT -> T [43:9]
|   |   `--TYPE_UPPER_BOUNDS -> extends [43:11]
|   |       |--IDENT -> c3 [43:19]
|   |       |--TYPE_ARGUMENTS -> TYPE_ARGUMENTS [43:21]
|   |       |   |--GENERIC_START -> < [43:21]
|   |       |   |--TYPE_ARGUMENT -> TYPE_ARGUMENT [43:22]
|   |       |   |   `--TYPE -> TYPE [43:22]
|   |       |   |       `--IDENT -> T [43:22]
|   |       |   `--GENERIC_END -> > [43:23]
|   |       |--TYPE_EXTENSION_AND -> & [43:25]
|   |       `--IDENT -> i1 [43:27]
|   `--GENERIC_END -> > [43:29]
`--OBJBLOCK -> OBJBLOCK [43:31]
    |--LCURLY -> { [43:31]
    `--RCURLY -> } [43:32]]
>
	at com.puppycrawl.tools.checkstyle.grammar.AstRegressionTest.testClassAstTree2(AstRegressionTest.java:61)
]]></failure>
  </testcase>
  <testcase name="testUnusedConstructors1" classname="com.puppycrawl.tools.checkstyle.grammar.AstRegressionTest" time="0"/>
  <testcase name="testUnusedConstructors2" classname="com.puppycrawl.tools.checkstyle.grammar.AstRegressionTest" time="0"/>
  <testcase name="testUnusedConstructors3" classname="com.puppycrawl.tools.checkstyle.grammar.AstRegressionTest" time="0"/>
  <testcase name="testInputSemicolonBetweenImports" classname="com.puppycrawl.tools.checkstyle.grammar.AstRegressionTest" time="0">
    <failure message="Generated AST from Java file should match pre-defined AST expected:&lt;...DEF -&gt; package [2:0][&#10;|--ANNOTATIONS -&gt; ANNOTATIONS [2:39]&#10;|--DOT -&gt; . [2:39]&#10;|   |--DOT -&gt; . [2:28]&#10;|   |   |--DOT -&gt; . [2:22]&#10;|   |   |   |--DOT -&gt; . [2:11]&#10;|   |   |   |   |--IDENT -&gt; com [2:8]&#10;|   |   |   |   `--IDENT -&gt; puppycrawl [2:12]&#10;|   |   |   `--IDENT -&gt; tools [2:23]&#10;|   |   `--IDENT -&gt; checkstyle [2:29]&#10;|   `--IDENT -&gt; grammar [2:40]&#10;`--SEMI -&gt; ; [2:47]&#10;IMPORT -&gt; import [3:0]&#10;|--DOT -&gt; . [3:16]&#10;|   |--DOT -&gt; . [3:11]&#10;|   |   |--IDENT -&gt; java [3:7]&#10;|   |   `--IDENT -&gt; util [3:12]&#10;|   `--IDENT -&gt; Arrays [3:17]&#10;`--SEMI -&gt; ; [3:23]&#10;SEMI -&gt; ; [4:0]&#10;IMPORT -&gt; import [5:0]&#10;|--DOT -&gt; . [5:16]&#10;|   |--DOT -&gt; . [5:11]&#10;|   |   |--IDENT -&gt; java [5:7]&#10;|   |   `--IDENT -&gt; util [5:12]&#10;|   `--IDENT -&gt; ArrayList [5:17]&#10;`--SEMI -&gt; ; [5:26]&#10;CLASS_DEF -&gt; CLASS_DEF [10:0]&#10;|--MODIFIERS -&gt; MODIFIERS [10:0]&#10;|   `--LITERAL_PUBLIC -&gt; public [10:0]&#10;|--LITERAL_CLASS -&gt; class [10:7]&#10;|--IDENT -&gt; InputSemicolonBetweenImports [10:13]&#10;`--OBJBLOCK -&gt; OBJBLOCK [11:0]&#10;    |--LCURLY -&gt; { [11:0]&#10;    `--RCURLY -&gt; } [12:0]]&#10;&gt; but was:&lt;...DEF -&gt; package [2:0][&#10;|--ANNOTATIONS -&gt; ANNOTATIONS [2:39]&#10;|--DOT -&gt; . [2:39]&#10;|   |--DOT -&gt; . [2:28]&#10;|   |   |--DOT -&gt; . [2:22]&#10;|   |   |   |--DOT -&gt; . [2:11]&#10;|   |   |   |   |--IDENT -&gt; com [2:8]&#10;|   |   |   |   `--IDENT -&gt; puppycrawl [2:12]&#10;|   |   |   `--IDENT -&gt; tools [2:23]&#10;|   |   `--IDENT -&gt; checkstyle [2:29]&#10;|   `--IDENT -&gt; grammar [2:40]&#10;`--SEMI -&gt; ; [2:47]&#10;IMPORT -&gt; import [3:0]&#10;|--DOT -&gt; . [3:16]&#10;|   |--DOT -&gt; . [3:11]&#10;|   |   |--IDENT -&gt; java [3:7]&#10;|   |   `--IDENT -&gt; util [3:12]&#10;|   `--IDENT -&gt; Arrays [3:17]&#10;`--SEMI -&gt; ; [3:23]&#10;SEMI -&gt; ; [4:0]&#10;IMPORT -&gt; import [5:0]&#10;|--DOT -&gt; . [5:16]&#10;|   |--DOT -&gt; . [5:11]&#10;|   |   |--IDENT -&gt; java [5:7]&#10;|   |   `--IDENT -&gt; util [5:12]&#10;|   `--IDENT -&gt; ArrayList [5:17]&#10;`--SEMI -&gt; ; [5:26]&#10;CLASS_DEF -&gt; CLASS_DEF [10:0]&#10;|--MODIFIERS -&gt; MODIFIERS [10:0]&#10;|   `--LITERAL_PUBLIC -&gt; public [10:0]&#10;|--LITERAL_CLASS -&gt; class [10:7]&#10;|--IDENT -&gt; InputSemicolonBetweenImports [10:13]&#10;`--OBJBLOCK -&gt; OBJBLOCK [11:0]&#10;    |--LCURLY -&gt; { [11:0]&#10;    `--RCURLY -&gt; } [12:0]&#13;]&#10;&gt;" type="org.junit.ComparisonFailure"><![CDATA[org.junit.ComparisonFailure: 
Generated AST from Java file should match pre-defined AST expected:<...DEF -> package [2:0][
|--ANNOTATIONS -> ANNOTATIONS [2:39]
|--DOT -> . [2:39]
|   |--DOT -> . [2:28]
|   |   |--DOT -> . [2:22]
|   |   |   |--DOT -> . [2:11]
|   |   |   |   |--IDENT -> com [2:8]
|   |   |   |   `--IDENT -> puppycrawl [2:12]
|   |   |   `--IDENT -> tools [2:23]
|   |   `--IDENT -> checkstyle [2:29]
|   `--IDENT -> grammar [2:40]
`--SEMI -> ; [2:47]
IMPORT -> import [3:0]
|--DOT -> . [3:16]
|   |--DOT -> . [3:11]
|   |   |--IDENT -> java [3:7]
|   |   `--IDENT -> util [3:12]
|   `--IDENT -> Arrays [3:17]
`--SEMI -> ; [3:23]
SEMI -> ; [4:0]
IMPORT -> import [5:0]
|--DOT -> . [5:16]
|   |--DOT -> . [5:11]
|   |   |--IDENT -> java [5:7]
|   |   `--IDENT -> util [5:12]
|   `--IDENT -> ArrayList [5:17]
`--SEMI -> ; [5:26]
CLASS_DEF -> CLASS_DEF [10:0]
|--MODIFIERS -> MODIFIERS [10:0]
|   `--LITERAL_PUBLIC -> public [10:0]
|--LITERAL_CLASS -> class [10:7]
|--IDENT -> InputSemicolonBetweenImports [10:13]
`--OBJBLOCK -> OBJBLOCK [11:0]
    |--LCURLY -> { [11:0]
    `--RCURLY -> } [12:0]]
> but was:<...DEF -> package [2:0][
|--ANNOTATIONS -> ANNOTATIONS [2:39]
|--DOT -> . [2:39]
|   |--DOT -> . [2:28]
|   |   |--DOT -> . [2:22]
|   |   |   |--DOT -> . [2:11]
|   |   |   |   |--IDENT -> com [2:8]
|   |   |   |   `--IDENT -> puppycrawl [2:12]
|   |   |   `--IDENT -> tools [2:23]
|   |   `--IDENT -> checkstyle [2:29]
|   `--IDENT -> grammar [2:40]
`--SEMI -> ; [2:47]
IMPORT -> import [3:0]
|--DOT -> . [3:16]
|   |--DOT -> . [3:11]
|   |   |--IDENT -> java [3:7]
|   |   `--IDENT -> util [3:12]
|   `--IDENT -> Arrays [3:17]
`--SEMI -> ; [3:23]
SEMI -> ; [4:0]
IMPORT -> import [5:0]
|--DOT -> . [5:16]
|   |--DOT -> . [5:11]
|   |   |--IDENT -> java [5:7]
|   |   `--IDENT -> util [5:12]
|   `--IDENT -> ArrayList [5:17]
`--SEMI -> ; [5:26]
CLASS_DEF -> CLASS_DEF [10:0]
|--MODIFIERS -> MODIFIERS [10:0]
|   `--LITERAL_PUBLIC -> public [10:0]
|--LITERAL_CLASS -> class [10:7]
|--IDENT -> InputSemicolonBetweenImports [10:13]
`--OBJBLOCK -> OBJBLOCK [11:0]
    |--LCURLY -> { [11:0]
    `--RCURLY -> } [12:0]]
>
	at com.puppycrawl.tools.checkstyle.grammar.AstRegressionTest.testInputSemicolonBetweenImports(AstRegressionTest.java:73)
]]></failure>
  </testcase>
  <testcase name="testImpossibleValid" classname="com.puppycrawl.tools.checkstyle.grammar.AstRegressionTest" time="0"/>
  <testcase name="testInterfaceAstTree1" classname="com.puppycrawl.tools.checkstyle.grammar.AstRegressionTest" time="0">
    <failure message="Generated AST from Java file should match pre-defined AST expected:&lt;...DEF -&gt; package [1:0][&#10;|--ANNOTATIONS -&gt; ANNOTATIONS [1:39]&#10;|--DOT -&gt; . [1:39]&#10;|   |--DOT -&gt; . [1:28]&#10;|   |   |--DOT -&gt; . [1:22]&#10;|   |   |   |--DOT -&gt; . [1:11]&#10;|   |   |   |   |--IDENT -&gt; com [1:8]&#10;|   |   |   |   `--IDENT -&gt; puppycrawl [1:12]&#10;|   |   |   `--IDENT -&gt; tools [1:23]&#10;|   |   `--IDENT -&gt; checkstyle [1:29]&#10;|   `--IDENT -&gt; grammar [1:40]&#10;`--SEMI -&gt; ; [1:47]&#10;IMPORT -&gt; import [4:0]&#10;|--DOT -&gt; . [4:16]&#10;|   |--DOT -&gt; . [4:11]&#10;|   |   |--IDENT -&gt; java [4:7]&#10;|   |   `--IDENT -&gt; util [4:12]&#10;|   `--IDENT -&gt; Collection [4:17]&#10;`--SEMI -&gt; ; [4:27]&#10;IMPORT -&gt; import [5:0]&#10;|--DOT -&gt; . [5:16]&#10;|   |--DOT -&gt; . [5:11]&#10;|   |   |--IDENT -&gt; java [5:7]&#10;|   |   `--IDENT -&gt; util [5:12]&#10;|   `--IDENT -&gt; List [5:17]&#10;`--SEMI -&gt; ; [5:21]&#10;INTERFACE_DEF -&gt; INTERFACE_DEF [7:0]&#10;|--MODIFIERS -&gt; MODIFIERS [7:0]&#10;|   `--LITERAL_PUBLIC -&gt; public [7:0]&#10;|--LITERAL_INTERFACE -&gt; interface [7:7]&#10;|--IDENT -&gt; InputRegressionJavaInterface1 [7:17]&#10;|--EXTENDS_CLAUSE -&gt; extends [7:47]&#10;|   |--IDENT -&gt; List [7:55]&#10;|   |--COMMA -&gt; , [7:59]&#10;|   `--IDENT -&gt; Collection [7:61]&#10;`--OBJBLOCK -&gt; OBJBLOCK [7:72]&#10;    |--LCURLY -&gt; { [7:72]&#10;    `--RCURLY -&gt; } [8:0]]&#10;&gt; but was:&lt;...DEF -&gt; package [1:0][&#10;|--ANNOTATIONS -&gt; ANNOTATIONS [1:39]&#10;|--DOT -&gt; . [1:39]&#10;|   |--DOT -&gt; . [1:28]&#10;|   |   |--DOT -&gt; . [1:22]&#10;|   |   |   |--DOT -&gt; . [1:11]&#10;|   |   |   |   |--IDENT -&gt; com [1:8]&#10;|   |   |   |   `--IDENT -&gt; puppycrawl [1:12]&#10;|   |   |   `--IDENT -&gt; tools [1:23]&#10;|   |   `--IDENT -&gt; checkstyle [1:29]&#10;|   `--IDENT -&gt; grammar [1:40]&#10;`--SEMI -&gt; ; [1:47]&#10;IMPORT -&gt; import [4:0]&#10;|--DOT -&gt; . [4:16]&#10;|   |--DOT -&gt; . [4:11]&#10;|   |   |--IDENT -&gt; java [4:7]&#10;|   |   `--IDENT -&gt; util [4:12]&#10;|   `--IDENT -&gt; Collection [4:17]&#10;`--SEMI -&gt; ; [4:27]&#10;IMPORT -&gt; import [5:0]&#10;|--DOT -&gt; . [5:16]&#10;|   |--DOT -&gt; . [5:11]&#10;|   |   |--IDENT -&gt; java [5:7]&#10;|   |   `--IDENT -&gt; util [5:12]&#10;|   `--IDENT -&gt; List [5:17]&#10;`--SEMI -&gt; ; [5:21]&#10;INTERFACE_DEF -&gt; INTERFACE_DEF [7:0]&#10;|--MODIFIERS -&gt; MODIFIERS [7:0]&#10;|   `--LITERAL_PUBLIC -&gt; public [7:0]&#10;|--LITERAL_INTERFACE -&gt; interface [7:7]&#10;|--IDENT -&gt; InputRegressionJavaInterface1 [7:17]&#10;|--EXTENDS_CLAUSE -&gt; extends [7:47]&#10;|   |--IDENT -&gt; List [7:55]&#10;|   |--COMMA -&gt; , [7:59]&#10;|   `--IDENT -&gt; Collection [7:61]&#10;`--OBJBLOCK -&gt; OBJBLOCK [7:72]&#10;    |--LCURLY -&gt; { [7:72]&#10;    `--RCURLY -&gt; } [8:0]&#13;]&#10;&gt;" type="org.junit.ComparisonFailure"><![CDATA[org.junit.ComparisonFailure: 
Generated AST from Java file should match pre-defined AST expected:<...DEF -> package [1:0][
|--ANNOTATIONS -> ANNOTATIONS [1:39]
|--DOT -> . [1:39]
|   |--DOT -> . [1:28]
|   |   |--DOT -> . [1:22]
|   |   |   |--DOT -> . [1:11]
|   |   |   |   |--IDENT -> com [1:8]
|   |   |   |   `--IDENT -> puppycrawl [1:12]
|   |   |   `--IDENT -> tools [1:23]
|   |   `--IDENT -> checkstyle [1:29]
|   `--IDENT -> grammar [1:40]
`--SEMI -> ; [1:47]
IMPORT -> import [4:0]
|--DOT -> . [4:16]
|   |--DOT -> . [4:11]
|   |   |--IDENT -> java [4:7]
|   |   `--IDENT -> util [4:12]
|   `--IDENT -> Collection [4:17]
`--SEMI -> ; [4:27]
IMPORT -> import [5:0]
|--DOT -> . [5:16]
|   |--DOT -> . [5:11]
|   |   |--IDENT -> java [5:7]
|   |   `--IDENT -> util [5:12]
|   `--IDENT -> List [5:17]
`--SEMI -> ; [5:21]
INTERFACE_DEF -> INTERFACE_DEF [7:0]
|--MODIFIERS -> MODIFIERS [7:0]
|   `--LITERAL_PUBLIC -> public [7:0]
|--LITERAL_INTERFACE -> interface [7:7]
|--IDENT -> InputRegressionJavaInterface1 [7:17]
|--EXTENDS_CLAUSE -> extends [7:47]
|   |--IDENT -> List [7:55]
|   |--COMMA -> , [7:59]
|   `--IDENT -> Collection [7:61]
`--OBJBLOCK -> OBJBLOCK [7:72]
    |--LCURLY -> { [7:72]
    `--RCURLY -> } [8:0]]
> but was:<...DEF -> package [1:0][
|--ANNOTATIONS -> ANNOTATIONS [1:39]
|--DOT -> . [1:39]
|   |--DOT -> . [1:28]
|   |   |--DOT -> . [1:22]
|   |   |   |--DOT -> . [1:11]
|   |   |   |   |--IDENT -> com [1:8]
|   |   |   |   `--IDENT -> puppycrawl [1:12]
|   |   |   `--IDENT -> tools [1:23]
|   |   `--IDENT -> checkstyle [1:29]
|   `--IDENT -> grammar [1:40]
`--SEMI -> ; [1:47]
IMPORT -> import [4:0]
|--DOT -> . [4:16]
|   |--DOT -> . [4:11]
|   |   |--IDENT -> java [4:7]
|   |   `--IDENT -> util [4:12]
|   `--IDENT -> Collection [4:17]
`--SEMI -> ; [4:27]
IMPORT -> import [5:0]
|--DOT -> . [5:16]
|   |--DOT -> . [5:11]
|   |   |--IDENT -> java [5:7]
|   |   `--IDENT -> util [5:12]
|   `--IDENT -> List [5:17]
`--SEMI -> ; [5:21]
INTERFACE_DEF -> INTERFACE_DEF [7:0]
|--MODIFIERS -> MODIFIERS [7:0]
|   `--LITERAL_PUBLIC -> public [7:0]
|--LITERAL_INTERFACE -> interface [7:7]
|--IDENT -> InputRegressionJavaInterface1 [7:17]
|--EXTENDS_CLAUSE -> extends [7:47]
|   |--IDENT -> List [7:55]
|   |--COMMA -> , [7:59]
|   `--IDENT -> Collection [7:61]
`--OBJBLOCK -> OBJBLOCK [7:72]
    |--LCURLY -> { [7:72]
    `--RCURLY -> } [8:0]]
>
	at com.puppycrawl.tools.checkstyle.grammar.AstRegressionTest.testInterfaceAstTree1(AstRegressionTest.java:79)
]]></failure>
  </testcase>
  <testcase name="testInterfaceAstTree2" classname="com.puppycrawl.tools.checkstyle.grammar.AstRegressionTest" time="0">
    <failure message="Generated AST from Java file should match pre-defined AST expected:&lt;...DEF -&gt; package [1:0][&#10;|--ANNOTATIONS -&gt; ANNOTATIONS [1:39]&#10;|--DOT -&gt; . [1:39]&#10;|   |--DOT -&gt; . [1:28]&#10;|   |   |--DOT -&gt; . [1:22]&#10;|   |   |   |--DOT -&gt; . [1:11]&#10;|   |   |   |   |--IDENT -&gt; com [1:8]&#10;|   |   |   |   `--IDENT -&gt; puppycrawl [1:12]&#10;|   |   |   `--IDENT -&gt; tools [1:23]&#10;|   |   `--IDENT -&gt; checkstyle [1:29]&#10;|   `--IDENT -&gt; grammar [1:40]&#10;`--SEMI -&gt; ; [1:47]&#10;INTERFACE_DEF -&gt; INTERFACE_DEF [3:0]&#10;|--MODIFIERS -&gt; MODIFIERS [3:0]&#10;|   `--LITERAL_PUBLIC -&gt; public [3:0]&#10;|--LITERAL_INTERFACE -&gt; interface [3:7]&#10;|--IDENT -&gt; InputRegressionJavaInterface2 [3:17]&#10;`--OBJBLOCK -&gt; OBJBLOCK [3:47]&#10;    |--LCURLY -&gt; { [3:47]&#10;    `--RCURLY -&gt; } [4:0]&#10;INTERFACE_DEF -&gt; INTERFACE_DEF [5:0]&#10;|--MODIFIERS -&gt; MODIFIERS [5:0]&#10;|--LITERAL_INTERFACE -&gt; interface [5:0]&#10;|--IDENT -&gt; MyInterface [5:10]&#10;|--TYPE_PARAMETERS -&gt; TYPE_PARAMETERS [5:21]&#10;|   |--GENERIC_START -&gt; &lt; [5:21]&#10;|   |--TYPE_PARAMETER -&gt; TYPE_PARAMETER [5:22]&#10;|   |   `--IDENT -&gt; T [5:22]&#10;|   `--GENERIC_END -&gt; &gt; [5:23]&#10;`--OBJBLOCK -&gt; OBJBLOCK [5:25]&#10;    |--LCURLY -&gt; { [5:25]&#10;    `--RCURLY -&gt; } [6:0]]&#10;&gt; but was:&lt;...DEF -&gt; package [1:0][&#10;|--ANNOTATIONS -&gt; ANNOTATIONS [1:39]&#10;|--DOT -&gt; . [1:39]&#10;|   |--DOT -&gt; . [1:28]&#10;|   |   |--DOT -&gt; . [1:22]&#10;|   |   |   |--DOT -&gt; . [1:11]&#10;|   |   |   |   |--IDENT -&gt; com [1:8]&#10;|   |   |   |   `--IDENT -&gt; puppycrawl [1:12]&#10;|   |   |   `--IDENT -&gt; tools [1:23]&#10;|   |   `--IDENT -&gt; checkstyle [1:29]&#10;|   `--IDENT -&gt; grammar [1:40]&#10;`--SEMI -&gt; ; [1:47]&#10;INTERFACE_DEF -&gt; INTERFACE_DEF [3:0]&#10;|--MODIFIERS -&gt; MODIFIERS [3:0]&#10;|   `--LITERAL_PUBLIC -&gt; public [3:0]&#10;|--LITERAL_INTERFACE -&gt; interface [3:7]&#10;|--IDENT -&gt; InputRegressionJavaInterface2 [3:17]&#10;`--OBJBLOCK -&gt; OBJBLOCK [3:47]&#10;    |--LCURLY -&gt; { [3:47]&#10;    `--RCURLY -&gt; } [4:0]&#10;INTERFACE_DEF -&gt; INTERFACE_DEF [5:0]&#10;|--MODIFIERS -&gt; MODIFIERS [5:0]&#10;|--LITERAL_INTERFACE -&gt; interface [5:0]&#10;|--IDENT -&gt; MyInterface [5:10]&#10;|--TYPE_PARAMETERS -&gt; TYPE_PARAMETERS [5:21]&#10;|   |--GENERIC_START -&gt; &lt; [5:21]&#10;|   |--TYPE_PARAMETER -&gt; TYPE_PARAMETER [5:22]&#10;|   |   `--IDENT -&gt; T [5:22]&#10;|   `--GENERIC_END -&gt; &gt; [5:23]&#10;`--OBJBLOCK -&gt; OBJBLOCK [5:25]&#10;    |--LCURLY -&gt; { [5:25]&#10;    `--RCURLY -&gt; } [6:0]&#13;]&#10;&gt;" type="org.junit.ComparisonFailure"><![CDATA[org.junit.ComparisonFailure: 
Generated AST from Java file should match pre-defined AST expected:<...DEF -> package [1:0][
|--ANNOTATIONS -> ANNOTATIONS [1:39]
|--DOT -> . [1:39]
|   |--DOT -> . [1:28]
|   |   |--DOT -> . [1:22]
|   |   |   |--DOT -> . [1:11]
|   |   |   |   |--IDENT -> com [1:8]
|   |   |   |   `--IDENT -> puppycrawl [1:12]
|   |   |   `--IDENT -> tools [1:23]
|   |   `--IDENT -> checkstyle [1:29]
|   `--IDENT -> grammar [1:40]
`--SEMI -> ; [1:47]
INTERFACE_DEF -> INTERFACE_DEF [3:0]
|--MODIFIERS -> MODIFIERS [3:0]
|   `--LITERAL_PUBLIC -> public [3:0]
|--LITERAL_INTERFACE -> interface [3:7]
|--IDENT -> InputRegressionJavaInterface2 [3:17]
`--OBJBLOCK -> OBJBLOCK [3:47]
    |--LCURLY -> { [3:47]
    `--RCURLY -> } [4:0]
INTERFACE_DEF -> INTERFACE_DEF [5:0]
|--MODIFIERS -> MODIFIERS [5:0]
|--LITERAL_INTERFACE -> interface [5:0]
|--IDENT -> MyInterface [5:10]
|--TYPE_PARAMETERS -> TYPE_PARAMETERS [5:21]
|   |--GENERIC_START -> < [5:21]
|   |--TYPE_PARAMETER -> TYPE_PARAMETER [5:22]
|   |   `--IDENT -> T [5:22]
|   `--GENERIC_END -> > [5:23]
`--OBJBLOCK -> OBJBLOCK [5:25]
    |--LCURLY -> { [5:25]
    `--RCURLY -> } [6:0]]
> but was:<...DEF -> package [1:0][
|--ANNOTATIONS -> ANNOTATIONS [1:39]
|--DOT -> . [1:39]
|   |--DOT -> . [1:28]
|   |   |--DOT -> . [1:22]
|   |   |   |--DOT -> . [1:11]
|   |   |   |   |--IDENT -> com [1:8]
|   |   |   |   `--IDENT -> puppycrawl [1:12]
|   |   |   `--IDENT -> tools [1:23]
|   |   `--IDENT -> checkstyle [1:29]
|   `--IDENT -> grammar [1:40]
`--SEMI -> ; [1:47]
INTERFACE_DEF -> INTERFACE_DEF [3:0]
|--MODIFIERS -> MODIFIERS [3:0]
|   `--LITERAL_PUBLIC -> public [3:0]
|--LITERAL_INTERFACE -> interface [3:7]
|--IDENT -> InputRegressionJavaInterface2 [3:17]
`--OBJBLOCK -> OBJBLOCK [3:47]
    |--LCURLY -> { [3:47]
    `--RCURLY -> } [4:0]
INTERFACE_DEF -> INTERFACE_DEF [5:0]
|--MODIFIERS -> MODIFIERS [5:0]
|--LITERAL_INTERFACE -> interface [5:0]
|--IDENT -> MyInterface [5:10]
|--TYPE_PARAMETERS -> TYPE_PARAMETERS [5:21]
|   |--GENERIC_START -> < [5:21]
|   |--TYPE_PARAMETER -> TYPE_PARAMETER [5:22]
|   |   `--IDENT -> T [5:22]
|   `--GENERIC_END -> > [5:23]
`--OBJBLOCK -> OBJBLOCK [5:25]
    |--LCURLY -> { [5:25]
    `--RCURLY -> } [6:0]]
>
	at com.puppycrawl.tools.checkstyle.grammar.AstRegressionTest.testInterfaceAstTree2(AstRegressionTest.java:85)
]]></failure>
  </testcase>
  <testcase name="testEnumAstTree1" classname="com.puppycrawl.tools.checkstyle.grammar.AstRegressionTest" time="0.016">
    <failure message="Generated AST from Java file should match pre-defined AST expected:&lt;...DEF -&gt; package [1:0][&#10;|--ANNOTATIONS -&gt; ANNOTATIONS [1:39]&#10;|--DOT -&gt; . [1:39]&#10;|   |--DOT -&gt; . [1:28]&#10;|   |   |--DOT -&gt; . [1:22]&#10;|   |   |   |--DOT -&gt; . [1:11]&#10;|   |   |   |   |--IDENT -&gt; com [1:8]&#10;|   |   |   |   `--IDENT -&gt; puppycrawl [1:12]&#10;|   |   |   `--IDENT -&gt; tools [1:23]&#10;|   |   `--IDENT -&gt; checkstyle [1:29]&#10;|   `--IDENT -&gt; grammar [1:40]&#10;`--SEMI -&gt; ; [1:47]&#10;ENUM_DEF -&gt; ENUM_DEF [3:0]&#10;|--MODIFIERS -&gt; MODIFIERS [3:0]&#10;|   `--LITERAL_PUBLIC -&gt; public [3:0]&#10;|--ENUM -&gt; enum [3:7]&#10;|--IDENT -&gt; InputRegressionJavaEnum1 [3:12]&#10;`--OBJBLOCK -&gt; OBJBLOCK [3:37]&#10;    |--LCURLY -&gt; { [3:37]&#10;    |--ENUM_CONSTANT_DEF -&gt; ENUM_CONSTANT_DEF [4:4]&#10;    |   |--ANNOTATIONS -&gt; ANNOTATIONS [4:4]&#10;    |   |--IDENT -&gt; E1 [4:4]&#10;    |   |--LPAREN -&gt; ( [4:6]&#10;    |   |--ELIST -&gt; ELIST [4:7]&#10;    |   `--RPAREN -&gt; ) [4:7]&#10;    |--COMMA -&gt; , [4:8]&#10;    |--ENUM_CONSTANT_DEF -&gt; ENUM_CONSTANT_DEF [4:10]&#10;    |   |--ANNOTATIONS -&gt; ANNOTATIONS [4:10]&#10;    |   |--IDENT -&gt; E2 [4:10]&#10;    |   `--OBJBLOCK -&gt; OBJBLOCK [4:13]&#10;    |       |--LCURLY -&gt; { [4:13]&#10;    |       |--CLASS_DEF -&gt; CLASS_DEF [5:8]&#10;    |       |   |--MODIFIERS -&gt; MODIFIERS [5:8]&#10;    |       |   |--LITERAL_CLASS -&gt; class [5:8]&#10;    |       |   |--IDENT -&gt; anonymous [5:14]&#10;    |       |   `--OBJBLOCK -&gt; OBJBLOCK [5:24]&#10;    |       |       |--LCURLY -&gt; { [5:24]&#10;    |       |       `--RCURLY -&gt; } [5:25]&#10;    |       |--VARIABLE_DEF -&gt; VARIABLE_DEF [6:8]&#10;    |       |   |--MODIFIERS -&gt; MODIFIERS [6:8]&#10;    |       |   |   |--LITERAL_PRIVATE -&gt; private [6:8]&#10;    |       |   |   |--LITERAL_STATIC -&gt; static [6:16]&#10;    |       |   |   `--FINAL -&gt; final [6:23]&#10;    |       |   |--TYPE -&gt; TYPE [6:29]&#10;    |       |   |   `--LITERAL_INT -&gt; int [6:29]&#10;    |       |   |--IDENT -&gt; f [6:33]&#10;    |       |   |--ASSIGN -&gt; = [6:35]&#10;    |       |   |   `--EXPR -&gt; EXPR [6:37]&#10;    |       |   |       `--NUM_INT -&gt; 1 [6:37]&#10;    |       |   `--SEMI -&gt; ; [6:38]&#10;    |       |--METHOD_DEF -&gt; METHOD_DEF [8:8]&#10;    |       |   |--MODIFIERS -&gt; MODIFIERS [8:8]&#10;    |       |   |   |--ANNOTATION -&gt; ANNOTATION [8:8]&#10;    |       |   |   |   |--AT -&gt; @ [8:8]&#10;    |       |   |   |   `--IDENT -&gt; Override [8:9]&#10;    |       |   |   `--LITERAL_PUBLIC -&gt; public [9:8]&#10;    |       |   |--TYPE -&gt; TYPE [9:15]&#10;    |       |   |   `--LITERAL_VOID -&gt; void [9:15]&#10;    |       |   |--IDENT -&gt; override [9:20]&#10;    |       |   |--LPAREN -&gt; ( [9:28]&#10;    |       |   |--PARAMETERS -&gt; PARAMETERS [9:29]&#10;    |       |   |--RPAREN -&gt; ) [9:29]&#10;    |       |   `--SLIST -&gt; { [9:31]&#10;    |       |       `--RCURLY -&gt; } [9:32]&#10;    |       |--SEMI -&gt; ; [9:33]&#10;    |       |--METHOD_DEF -&gt; METHOD_DEF [10:8]&#10;    |       |   |--MODIFIERS -&gt; MODIFIERS [10:8]&#10;    |       |   |   `--LITERAL_PUBLIC -&gt; public [10:8]&#10;    |       |   |--TYPE_PARAMETERS -&gt; TYPE_PARAMETERS [10:15]&#10;    |       |   |   |--GENERIC_START -&gt; &lt; [10:15]&#10;    |       |   |   |--TYPE_PARAMETER -&gt; TYPE_PARAMETER [10:16]&#10;    |       |   |   |   `--IDENT -&gt; T [10:16]&#10;    |       |   |   `--GENERIC_END -&gt; &gt; [10:17]&#10;    |       |   |--TYPE -&gt; TYPE [10:19]&#10;    |       |   |   `--LITERAL_VOID -&gt; void [10:19]&#10;    |       |   |--IDENT -&gt; m1 [10:24]&#10;    |       |   |--LPAREN -&gt; ( [10:26]&#10;    |       |   |--PARAMETERS -&gt; PARAMETERS [10:27]&#10;    |       |   |--RPAREN -&gt; ) [10:27]&#10;    |       |   `--SLIST -&gt; { [10:29]&#10;    |       |       `--RCURLY -&gt; } [10:30]&#10;    |       |--SEMI -&gt; ; [10:31]&#10;    |       |--METHOD_DEF -&gt; METHOD_DEF [11:8]&#10;    |       |   |--MODIFIERS -&gt; MODIFIERS [11:8]&#10;    |       |   |   `--LITERAL_PUBLIC -&gt; public [11:8]&#10;    |       |   |--TYPE -&gt; TYPE [11:15]&#10;    |       |   |   `--LITERAL_VOID -&gt; void [11:15]&#10;    |       |   |--IDENT -&gt; m2 [11:20]&#10;    |       |   |--LPAREN -&gt; ( [11:22]&#10;    |       |   |--PARAMETERS -&gt; PARAMETERS [11:23]&#10;    |       |   |--RPAREN -&gt; ) [11:23]&#10;    |       |   |--LITERAL_THROWS -&gt; throws [11:25]&#10;    |       |   |   `--IDENT -&gt; Exception [11:32]&#10;    |       |   `--SLIST -&gt; { [11:42]&#10;    |       |       |--LITERAL_THROW -&gt; throw [11:44]&#10;    |       |       |   |--EXPR -&gt; EXPR [11:50]&#10;    |       |       |   |   `--LITERAL_NEW -&gt; new [11:50]&#10;    |       |       |   |       |--IDENT -&gt; Exception [11:54]&#10;    |       |       |   |       |--LPAREN -&gt; ( [11:63]&#10;    |       |       |   |       |--ELIST -&gt; ELIST [11:64]&#10;    |       |       |   |       `--RPAREN -&gt; ) [11:64]&#10;    |       |       |   `--SEMI -&gt; ; [11:65]&#10;    |       |       `--RCURLY -&gt; } [11:67]&#10;    |       |--SEMI -&gt; ; [11:68]&#10;    |       |--METHOD_DEF -&gt; METHOD_DEF [12:8]&#10;    |       |   |--MODIFIERS -&gt; MODIFIERS [12:8]&#10;    |       |   |   |--LITERAL_PUBLIC -&gt; public [12:8]&#10;    |       |   |   `--LITERAL_NATIVE -&gt; native [12:15]&#10;    |       |   |--TYPE -&gt; TYPE [12:22]&#10;    |       |   |   `--LITERAL_VOID -&gt; void [12:22]&#10;    |       |   |--IDENT -&gt; m3 [12:27]&#10;    |       |   |--LPAREN -&gt; ( [12:29]&#10;    |       |   |--PARAMETERS -&gt; PARAMETERS [12:30]&#10;    |       |   |--RPAREN -&gt; ) [12:30]&#10;    |       |   |--LITERAL_THROWS -&gt; throws [12:32]&#10;    |       |   |   `--IDENT -&gt; Exception [12:39]&#10;    |       |   `--SEMI -&gt; ; [12:48]&#10;    |       |--INSTANCE_INIT -&gt; INSTANCE_INIT [14:8]&#10;    |       |   `--SLIST -&gt; { [14:8]&#10;    |       |       |--EMPTY_STAT -&gt; ; [14:9]&#10;    |       |       `--RCURLY -&gt; } [14:10]&#10;    |       `--RCURLY -&gt; } [15:4]&#10;    |--SEMI -&gt; ; [16:4]&#10;    |--METHOD_DEF -&gt; METHOD_DEF [18:4]&#10;    |   |--MODIFIERS -&gt; MODIFIERS [18:4]&#10;    |   |   `--LITERAL_PUBLIC -&gt; public [18:4]&#10;    |   |--TYPE -&gt; TYPE [18:11]&#10;    |   |   `--LITERAL_VOID -&gt; void [18:11]&#10;    |   |--IDENT -&gt; override [18:16]&#10;    |   |--LPAREN -&gt; ( [18:24]&#10;    |   |--PARAMETERS -&gt; PARAMETERS [18:25]&#10;    |   |--RPAREN -&gt; ) [18:25]&#10;    |   `--SLIST -&gt; { [18:27]&#10;    |       `--RCURLY -&gt; } [18:28]&#10;    `--RCURLY -&gt; } [19:0]&#10;ENUM_DEF -&gt; ENUM_DEF [20:0]&#10;|--MODIFIERS -&gt; MODIFIERS [20:0]&#10;|--ENUM -&gt; enum [20:0]&#10;|--IDENT -&gt; e1 [20:5]&#10;`--OBJBLOCK -&gt; OBJBLOCK [20:8]&#10;    |--LCURLY -&gt; { [20:8]&#10;    |--ENUM_CONSTANT_DEF -&gt; ENUM_CONSTANT_DEF [21:4]&#10;    |   |--ANNOTATIONS -&gt; ANNOTATIONS [21:4]&#10;    |   |--IDENT -&gt; E1 [21:4]&#10;    |   |--LPAREN -&gt; ( [21:6]&#10;    |   |--ELIST -&gt; ELIST [21:7]&#10;    |   `--RPAREN -&gt; ) [21:7]&#10;    |--COMMA -&gt; , [21:8]&#10;    |--SEMI -&gt; ; [21:9]&#10;    `--RCURLY -&gt; } [22:0]&#10;ENUM_DEF -&gt; ENUM_DEF [23:0]&#10;|--MODIFIERS -&gt; MODIFIERS [23:0]&#10;|--ENUM -&gt; enum [23:0]&#10;|--IDENT -&gt; e2 [23:5]&#10;`--OBJBLOCK -&gt; OBJBLOCK [23:8]&#10;    |--LCURLY -&gt; { [23:8]&#10;    |--ENUM_CONSTANT_DEF -&gt; ENUM_CONSTANT_DEF [24:4]&#10;    |   |--ANNOTATIONS -&gt; ANNOTATIONS [24:4]&#10;    |   |--IDENT -&gt; E1 [24:4]&#10;    |   |--LPAREN -&gt; ( [24:6]&#10;    |   |--ELIST -&gt; ELIST [24:7]&#10;    |   `--RPAREN -&gt; ) [24:7]&#10;    |--SEMI -&gt; ; [24:8]&#10;    |--SEMI -&gt; ; [24:9]&#10;    `--RCURLY -&gt; } [25:0]]&#10;&gt; but was:&lt;...DEF -&gt; package [1:0][&#10;|--ANNOTATIONS -&gt; ANNOTATIONS [1:39]&#10;|--DOT -&gt; . [1:39]&#10;|   |--DOT -&gt; . [1:28]&#10;|   |   |--DOT -&gt; . [1:22]&#10;|   |   |   |--DOT -&gt; . [1:11]&#10;|   |   |   |   |--IDENT -&gt; com [1:8]&#10;|   |   |   |   `--IDENT -&gt; puppycrawl [1:12]&#10;|   |   |   `--IDENT -&gt; tools [1:23]&#10;|   |   `--IDENT -&gt; checkstyle [1:29]&#10;|   `--IDENT -&gt; grammar [1:40]&#10;`--SEMI -&gt; ; [1:47]&#10;ENUM_DEF -&gt; ENUM_DEF [3:0]&#10;|--MODIFIERS -&gt; MODIFIERS [3:0]&#10;|   `--LITERAL_PUBLIC -&gt; public [3:0]&#10;|--ENUM -&gt; enum [3:7]&#10;|--IDENT -&gt; InputRegressionJavaEnum1 [3:12]&#10;`--OBJBLOCK -&gt; OBJBLOCK [3:37]&#10;    |--LCURLY -&gt; { [3:37]&#10;    |--ENUM_CONSTANT_DEF -&gt; ENUM_CONSTANT_DEF [4:4]&#10;    |   |--ANNOTATIONS -&gt; ANNOTATIONS [4:4]&#10;    |   |--IDENT -&gt; E1 [4:4]&#10;    |   |--LPAREN -&gt; ( [4:6]&#10;    |   |--ELIST -&gt; ELIST [4:7]&#10;    |   `--RPAREN -&gt; ) [4:7]&#10;    |--COMMA -&gt; , [4:8]&#10;    |--ENUM_CONSTANT_DEF -&gt; ENUM_CONSTANT_DEF [4:10]&#10;    |   |--ANNOTATIONS -&gt; ANNOTATIONS [4:10]&#10;    |   |--IDENT -&gt; E2 [4:10]&#10;    |   `--OBJBLOCK -&gt; OBJBLOCK [4:13]&#10;    |       |--LCURLY -&gt; { [4:13]&#10;    |       |--CLASS_DEF -&gt; CLASS_DEF [5:8]&#10;    |       |   |--MODIFIERS -&gt; MODIFIERS [5:8]&#10;    |       |   |--LITERAL_CLASS -&gt; class [5:8]&#10;    |       |   |--IDENT -&gt; anonymous [5:14]&#10;    |       |   `--OBJBLOCK -&gt; OBJBLOCK [5:24]&#10;    |       |       |--LCURLY -&gt; { [5:24]&#10;    |       |       `--RCURLY -&gt; } [5:25]&#10;    |       |--VARIABLE_DEF -&gt; VARIABLE_DEF [6:8]&#10;    |       |   |--MODIFIERS -&gt; MODIFIERS [6:8]&#10;    |       |   |   |--LITERAL_PRIVATE -&gt; private [6:8]&#10;    |       |   |   |--LITERAL_STATIC -&gt; static [6:16]&#10;    |       |   |   `--FINAL -&gt; final [6:23]&#10;    |       |   |--TYPE -&gt; TYPE [6:29]&#10;    |       |   |   `--LITERAL_INT -&gt; int [6:29]&#10;    |       |   |--IDENT -&gt; f [6:33]&#10;    |       |   |--ASSIGN -&gt; = [6:35]&#10;    |       |   |   `--EXPR -&gt; EXPR [6:37]&#10;    |       |   |       `--NUM_INT -&gt; 1 [6:37]&#10;    |       |   `--SEMI -&gt; ; [6:38]&#10;    |       |--METHOD_DEF -&gt; METHOD_DEF [8:8]&#10;    |       |   |--MODIFIERS -&gt; MODIFIERS [8:8]&#10;    |       |   |   |--ANNOTATION -&gt; ANNOTATION [8:8]&#10;    |       |   |   |   |--AT -&gt; @ [8:8]&#10;    |       |   |   |   `--IDENT -&gt; Override [8:9]&#10;    |       |   |   `--LITERAL_PUBLIC -&gt; public [9:8]&#10;    |       |   |--TYPE -&gt; TYPE [9:15]&#10;    |       |   |   `--LITERAL_VOID -&gt; void [9:15]&#10;    |       |   |--IDENT -&gt; override [9:20]&#10;    |       |   |--LPAREN -&gt; ( [9:28]&#10;    |       |   |--PARAMETERS -&gt; PARAMETERS [9:29]&#10;    |       |   |--RPAREN -&gt; ) [9:29]&#10;    |       |   `--SLIST -&gt; { [9:31]&#10;    |       |       `--RCURLY -&gt; } [9:32]&#10;    |       |--SEMI -&gt; ; [9:33]&#10;    |       |--METHOD_DEF -&gt; METHOD_DEF [10:8]&#10;    |       |   |--MODIFIERS -&gt; MODIFIERS [10:8]&#10;    |       |   |   `--LITERAL_PUBLIC -&gt; public [10:8]&#10;    |       |   |--TYPE_PARAMETERS -&gt; TYPE_PARAMETERS [10:15]&#10;    |       |   |   |--GENERIC_START -&gt; &lt; [10:15]&#10;    |       |   |   |--TYPE_PARAMETER -&gt; TYPE_PARAMETER [10:16]&#10;    |       |   |   |   `--IDENT -&gt; T [10:16]&#10;    |       |   |   `--GENERIC_END -&gt; &gt; [10:17]&#10;    |       |   |--TYPE -&gt; TYPE [10:19]&#10;    |       |   |   `--LITERAL_VOID -&gt; void [10:19]&#10;    |       |   |--IDENT -&gt; m1 [10:24]&#10;    |       |   |--LPAREN -&gt; ( [10:26]&#10;    |       |   |--PARAMETERS -&gt; PARAMETERS [10:27]&#10;    |       |   |--RPAREN -&gt; ) [10:27]&#10;    |       |   `--SLIST -&gt; { [10:29]&#10;    |       |       `--RCURLY -&gt; } [10:30]&#10;    |       |--SEMI -&gt; ; [10:31]&#10;    |       |--METHOD_DEF -&gt; METHOD_DEF [11:8]&#10;    |       |   |--MODIFIERS -&gt; MODIFIERS [11:8]&#10;    |       |   |   `--LITERAL_PUBLIC -&gt; public [11:8]&#10;    |       |   |--TYPE -&gt; TYPE [11:15]&#10;    |       |   |   `--LITERAL_VOID -&gt; void [11:15]&#10;    |       |   |--IDENT -&gt; m2 [11:20]&#10;    |       |   |--LPAREN -&gt; ( [11:22]&#10;    |       |   |--PARAMETERS -&gt; PARAMETERS [11:23]&#10;    |       |   |--RPAREN -&gt; ) [11:23]&#10;    |       |   |--LITERAL_THROWS -&gt; throws [11:25]&#10;    |       |   |   `--IDENT -&gt; Exception [11:32]&#10;    |       |   `--SLIST -&gt; { [11:42]&#10;    |       |       |--LITERAL_THROW -&gt; throw [11:44]&#10;    |       |       |   |--EXPR -&gt; EXPR [11:50]&#10;    |       |       |   |   `--LITERAL_NEW -&gt; new [11:50]&#10;    |       |       |   |       |--IDENT -&gt; Exception [11:54]&#10;    |       |       |   |       |--LPAREN -&gt; ( [11:63]&#10;    |       |       |   |       |--ELIST -&gt; ELIST [11:64]&#10;    |       |       |   |       `--RPAREN -&gt; ) [11:64]&#10;    |       |       |   `--SEMI -&gt; ; [11:65]&#10;    |       |       `--RCURLY -&gt; } [11:67]&#10;    |       |--SEMI -&gt; ; [11:68]&#10;    |       |--METHOD_DEF -&gt; METHOD_DEF [12:8]&#10;    |       |   |--MODIFIERS -&gt; MODIFIERS [12:8]&#10;    |       |   |   |--LITERAL_PUBLIC -&gt; public [12:8]&#10;    |       |   |   `--LITERAL_NATIVE -&gt; native [12:15]&#10;    |       |   |--TYPE -&gt; TYPE [12:22]&#10;    |       |   |   `--LITERAL_VOID -&gt; void [12:22]&#10;    |       |   |--IDENT -&gt; m3 [12:27]&#10;    |       |   |--LPAREN -&gt; ( [12:29]&#10;    |       |   |--PARAMETERS -&gt; PARAMETERS [12:30]&#10;    |       |   |--RPAREN -&gt; ) [12:30]&#10;    |       |   |--LITERAL_THROWS -&gt; throws [12:32]&#10;    |       |   |   `--IDENT -&gt; Exception [12:39]&#10;    |       |   `--SEMI -&gt; ; [12:48]&#10;    |       |--INSTANCE_INIT -&gt; INSTANCE_INIT [14:8]&#10;    |       |   `--SLIST -&gt; { [14:8]&#10;    |       |       |--EMPTY_STAT -&gt; ; [14:9]&#10;    |       |       `--RCURLY -&gt; } [14:10]&#10;    |       `--RCURLY -&gt; } [15:4]&#10;    |--SEMI -&gt; ; [16:4]&#10;    |--METHOD_DEF -&gt; METHOD_DEF [18:4]&#10;    |   |--MODIFIERS -&gt; MODIFIERS [18:4]&#10;    |   |   `--LITERAL_PUBLIC -&gt; public [18:4]&#10;    |   |--TYPE -&gt; TYPE [18:11]&#10;    |   |   `--LITERAL_VOID -&gt; void [18:11]&#10;    |   |--IDENT -&gt; override [18:16]&#10;    |   |--LPAREN -&gt; ( [18:24]&#10;    |   |--PARAMETERS -&gt; PARAMETERS [18:25]&#10;    |   |--RPAREN -&gt; ) [18:25]&#10;    |   `--SLIST -&gt; { [18:27]&#10;    |       `--RCURLY -&gt; } [18:28]&#10;    `--RCURLY -&gt; } [19:0]&#10;ENUM_DEF -&gt; ENUM_DEF [20:0]&#10;|--MODIFIERS -&gt; MODIFIERS [20:0]&#10;|--ENUM -&gt; enum [20:0]&#10;|--IDENT -&gt; e1 [20:5]&#10;`--OBJBLOCK -&gt; OBJBLOCK [20:8]&#10;    |--LCURLY -&gt; { [20:8]&#10;    |--ENUM_CONSTANT_DEF -&gt; ENUM_CONSTANT_DEF [21:4]&#10;    |   |--ANNOTATIONS -&gt; ANNOTATIONS [21:4]&#10;    |   |--IDENT -&gt; E1 [21:4]&#10;    |   |--LPAREN -&gt; ( [21:6]&#10;    |   |--ELIST -&gt; ELIST [21:7]&#10;    |   `--RPAREN -&gt; ) [21:7]&#10;    |--COMMA -&gt; , [21:8]&#10;    |--SEMI -&gt; ; [21:9]&#10;    `--RCURLY -&gt; } [22:0]&#10;ENUM_DEF -&gt; ENUM_DEF [23:0]&#10;|--MODIFIERS -&gt; MODIFIERS [23:0]&#10;|--ENUM -&gt; enum [23:0]&#10;|--IDENT -&gt; e2 [23:5]&#10;`--OBJBLOCK -&gt; OBJBLOCK [23:8]&#10;    |--LCURLY -&gt; { [23:8]&#10;    |--ENUM_CONSTANT_DEF -&gt; ENUM_CONSTANT_DEF [24:4]&#10;    |   |--ANNOTATIONS -&gt; ANNOTATIONS [24:4]&#10;    |   |--IDENT -&gt; E1 [24:4]&#10;    |   |--LPAREN -&gt; ( [24:6]&#10;    |   |--ELIST -&gt; ELIST [24:7]&#10;    |   `--RPAREN -&gt; ) [24:7]&#10;    |--SEMI -&gt; ; [24:8]&#10;    |--SEMI -&gt; ; [24:9]&#10;    `--RCURLY -&gt; } [25:0]&#13;]&#10;&gt;" type="org.junit.ComparisonFailure"><![CDATA[org.junit.ComparisonFailure: 
Generated AST from Java file should match pre-defined AST expected:<...DEF -> package [1:0][
|--ANNOTATIONS -> ANNOTATIONS [1:39]
|--DOT -> . [1:39]
|   |--DOT -> . [1:28]
|   |   |--DOT -> . [1:22]
|   |   |   |--DOT -> . [1:11]
|   |   |   |   |--IDENT -> com [1:8]
|   |   |   |   `--IDENT -> puppycrawl [1:12]
|   |   |   `--IDENT -> tools [1:23]
|   |   `--IDENT -> checkstyle [1:29]
|   `--IDENT -> grammar [1:40]
`--SEMI -> ; [1:47]
ENUM_DEF -> ENUM_DEF [3:0]
|--MODIFIERS -> MODIFIERS [3:0]
|   `--LITERAL_PUBLIC -> public [3:0]
|--ENUM -> enum [3:7]
|--IDENT -> InputRegressionJavaEnum1 [3:12]
`--OBJBLOCK -> OBJBLOCK [3:37]
    |--LCURLY -> { [3:37]
    |--ENUM_CONSTANT_DEF -> ENUM_CONSTANT_DEF [4:4]
    |   |--ANNOTATIONS -> ANNOTATIONS [4:4]
    |   |--IDENT -> E1 [4:4]
    |   |--LPAREN -> ( [4:6]
    |   |--ELIST -> ELIST [4:7]
    |   `--RPAREN -> ) [4:7]
    |--COMMA -> , [4:8]
    |--ENUM_CONSTANT_DEF -> ENUM_CONSTANT_DEF [4:10]
    |   |--ANNOTATIONS -> ANNOTATIONS [4:10]
    |   |--IDENT -> E2 [4:10]
    |   `--OBJBLOCK -> OBJBLOCK [4:13]
    |       |--LCURLY -> { [4:13]
    |       |--CLASS_DEF -> CLASS_DEF [5:8]
    |       |   |--MODIFIERS -> MODIFIERS [5:8]
    |       |   |--LITERAL_CLASS -> class [5:8]
    |       |   |--IDENT -> anonymous [5:14]
    |       |   `--OBJBLOCK -> OBJBLOCK [5:24]
    |       |       |--LCURLY -> { [5:24]
    |       |       `--RCURLY -> } [5:25]
    |       |--VARIABLE_DEF -> VARIABLE_DEF [6:8]
    |       |   |--MODIFIERS -> MODIFIERS [6:8]
    |       |   |   |--LITERAL_PRIVATE -> private [6:8]
    |       |   |   |--LITERAL_STATIC -> static [6:16]
    |       |   |   `--FINAL -> final [6:23]
    |       |   |--TYPE -> TYPE [6:29]
    |       |   |   `--LITERAL_INT -> int [6:29]
    |       |   |--IDENT -> f [6:33]
    |       |   |--ASSIGN -> = [6:35]
    |       |   |   `--EXPR -> EXPR [6:37]
    |       |   |       `--NUM_INT -> 1 [6:37]
    |       |   `--SEMI -> ; [6:38]
    |       |--METHOD_DEF -> METHOD_DEF [8:8]
    |       |   |--MODIFIERS -> MODIFIERS [8:8]
    |       |   |   |--ANNOTATION -> ANNOTATION [8:8]
    |       |   |   |   |--AT -> @ [8:8]
    |       |   |   |   `--IDENT -> Override [8:9]
    |       |   |   `--LITERAL_PUBLIC -> public [9:8]
    |       |   |--TYPE -> TYPE [9:15]
    |       |   |   `--LITERAL_VOID -> void [9:15]
    |       |   |--IDENT -> override [9:20]
    |       |   |--LPAREN -> ( [9:28]
    |       |   |--PARAMETERS -> PARAMETERS [9:29]
    |       |   |--RPAREN -> ) [9:29]
    |       |   `--SLIST -> { [9:31]
    |       |       `--RCURLY -> } [9:32]
    |       |--SEMI -> ; [9:33]
    |       |--METHOD_DEF -> METHOD_DEF [10:8]
    |       |   |--MODIFIERS -> MODIFIERS [10:8]
    |       |   |   `--LITERAL_PUBLIC -> public [10:8]
    |       |   |--TYPE_PARAMETERS -> TYPE_PARAMETERS [10:15]
    |       |   |   |--GENERIC_START -> < [10:15]
    |       |   |   |--TYPE_PARAMETER -> TYPE_PARAMETER [10:16]
    |       |   |   |   `--IDENT -> T [10:16]
    |       |   |   `--GENERIC_END -> > [10:17]
    |       |   |--TYPE -> TYPE [10:19]
    |       |   |   `--LITERAL_VOID -> void [10:19]
    |       |   |--IDENT -> m1 [10:24]
    |       |   |--LPAREN -> ( [10:26]
    |       |   |--PARAMETERS -> PARAMETERS [10:27]
    |       |   |--RPAREN -> ) [10:27]
    |       |   `--SLIST -> { [10:29]
    |       |       `--RCURLY -> } [10:30]
    |       |--SEMI -> ; [10:31]
    |       |--METHOD_DEF -> METHOD_DEF [11:8]
    |       |   |--MODIFIERS -> MODIFIERS [11:8]
    |       |   |   `--LITERAL_PUBLIC -> public [11:8]
    |       |   |--TYPE -> TYPE [11:15]
    |       |   |   `--LITERAL_VOID -> void [11:15]
    |       |   |--IDENT -> m2 [11:20]
    |       |   |--LPAREN -> ( [11:22]
    |       |   |--PARAMETERS -> PARAMETERS [11:23]
    |       |   |--RPAREN -> ) [11:23]
    |       |   |--LITERAL_THROWS -> throws [11:25]
    |       |   |   `--IDENT -> Exception [11:32]
    |       |   `--SLIST -> { [11:42]
    |       |       |--LITERAL_THROW -> throw [11:44]
    |       |       |   |--EXPR -> EXPR [11:50]
    |       |       |   |   `--LITERAL_NEW -> new [11:50]
    |       |       |   |       |--IDENT -> Exception [11:54]
    |       |       |   |       |--LPAREN -> ( [11:63]
    |       |       |   |       |--ELIST -> ELIST [11:64]
    |       |       |   |       `--RPAREN -> ) [11:64]
    |       |       |   `--SEMI -> ; [11:65]
    |       |       `--RCURLY -> } [11:67]
    |       |--SEMI -> ; [11:68]
    |       |--METHOD_DEF -> METHOD_DEF [12:8]
    |       |   |--MODIFIERS -> MODIFIERS [12:8]
    |       |   |   |--LITERAL_PUBLIC -> public [12:8]
    |       |   |   `--LITERAL_NATIVE -> native [12:15]
    |       |   |--TYPE -> TYPE [12:22]
    |       |   |   `--LITERAL_VOID -> void [12:22]
    |       |   |--IDENT -> m3 [12:27]
    |       |   |--LPAREN -> ( [12:29]
    |       |   |--PARAMETERS -> PARAMETERS [12:30]
    |       |   |--RPAREN -> ) [12:30]
    |       |   |--LITERAL_THROWS -> throws [12:32]
    |       |   |   `--IDENT -> Exception [12:39]
    |       |   `--SEMI -> ; [12:48]
    |       |--INSTANCE_INIT -> INSTANCE_INIT [14:8]
    |       |   `--SLIST -> { [14:8]
    |       |       |--EMPTY_STAT -> ; [14:9]
    |       |       `--RCURLY -> } [14:10]
    |       `--RCURLY -> } [15:4]
    |--SEMI -> ; [16:4]
    |--METHOD_DEF -> METHOD_DEF [18:4]
    |   |--MODIFIERS -> MODIFIERS [18:4]
    |   |   `--LITERAL_PUBLIC -> public [18:4]
    |   |--TYPE -> TYPE [18:11]
    |   |   `--LITERAL_VOID -> void [18:11]
    |   |--IDENT -> override [18:16]
    |   |--LPAREN -> ( [18:24]
    |   |--PARAMETERS -> PARAMETERS [18:25]
    |   |--RPAREN -> ) [18:25]
    |   `--SLIST -> { [18:27]
    |       `--RCURLY -> } [18:28]
    `--RCURLY -> } [19:0]
ENUM_DEF -> ENUM_DEF [20:0]
|--MODIFIERS -> MODIFIERS [20:0]
|--ENUM -> enum [20:0]
|--IDENT -> e1 [20:5]
`--OBJBLOCK -> OBJBLOCK [20:8]
    |--LCURLY -> { [20:8]
    |--ENUM_CONSTANT_DEF -> ENUM_CONSTANT_DEF [21:4]
    |   |--ANNOTATIONS -> ANNOTATIONS [21:4]
    |   |--IDENT -> E1 [21:4]
    |   |--LPAREN -> ( [21:6]
    |   |--ELIST -> ELIST [21:7]
    |   `--RPAREN -> ) [21:7]
    |--COMMA -> , [21:8]
    |--SEMI -> ; [21:9]
    `--RCURLY -> } [22:0]
ENUM_DEF -> ENUM_DEF [23:0]
|--MODIFIERS -> MODIFIERS [23:0]
|--ENUM -> enum [23:0]
|--IDENT -> e2 [23:5]
`--OBJBLOCK -> OBJBLOCK [23:8]
    |--LCURLY -> { [23:8]
    |--ENUM_CONSTANT_DEF -> ENUM_CONSTANT_DEF [24:4]
    |   |--ANNOTATIONS -> ANNOTATIONS [24:4]
    |   |--IDENT -> E1 [24:4]
    |   |--LPAREN -> ( [24:6]
    |   |--ELIST -> ELIST [24:7]
    |   `--RPAREN -> ) [24:7]
    |--SEMI -> ; [24:8]
    |--SEMI -> ; [24:9]
    `--RCURLY -> } [25:0]]
> but was:<...DEF -> package [1:0][
|--ANNOTATIONS -> ANNOTATIONS [1:39]
|--DOT -> . [1:39]
|   |--DOT -> . [1:28]
|   |   |--DOT -> . [1:22]
|   |   |   |--DOT -> . [1:11]
|   |   |   |   |--IDENT -> com [1:8]
|   |   |   |   `--IDENT -> puppycrawl [1:12]
|   |   |   `--IDENT -> tools [1:23]
|   |   `--IDENT -> checkstyle [1:29]
|   `--IDENT -> grammar [1:40]
`--SEMI -> ; [1:47]
ENUM_DEF -> ENUM_DEF [3:0]
|--MODIFIERS -> MODIFIERS [3:0]
|   `--LITERAL_PUBLIC -> public [3:0]
|--ENUM -> enum [3:7]
|--IDENT -> InputRegressionJavaEnum1 [3:12]
`--OBJBLOCK -> OBJBLOCK [3:37]
    |--LCURLY -> { [3:37]
    |--ENUM_CONSTANT_DEF -> ENUM_CONSTANT_DEF [4:4]
    |   |--ANNOTATIONS -> ANNOTATIONS [4:4]
    |   |--IDENT -> E1 [4:4]
    |   |--LPAREN -> ( [4:6]
    |   |--ELIST -> ELIST [4:7]
    |   `--RPAREN -> ) [4:7]
    |--COMMA -> , [4:8]
    |--ENUM_CONSTANT_DEF -> ENUM_CONSTANT_DEF [4:10]
    |   |--ANNOTATIONS -> ANNOTATIONS [4:10]
    |   |--IDENT -> E2 [4:10]
    |   `--OBJBLOCK -> OBJBLOCK [4:13]
    |       |--LCURLY -> { [4:13]
    |       |--CLASS_DEF -> CLASS_DEF [5:8]
    |       |   |--MODIFIERS -> MODIFIERS [5:8]
    |       |   |--LITERAL_CLASS -> class [5:8]
    |       |   |--IDENT -> anonymous [5:14]
    |       |   `--OBJBLOCK -> OBJBLOCK [5:24]
    |       |       |--LCURLY -> { [5:24]
    |       |       `--RCURLY -> } [5:25]
    |       |--VARIABLE_DEF -> VARIABLE_DEF [6:8]
    |       |   |--MODIFIERS -> MODIFIERS [6:8]
    |       |   |   |--LITERAL_PRIVATE -> private [6:8]
    |       |   |   |--LITERAL_STATIC -> static [6:16]
    |       |   |   `--FINAL -> final [6:23]
    |       |   |--TYPE -> TYPE [6:29]
    |       |   |   `--LITERAL_INT -> int [6:29]
    |       |   |--IDENT -> f [6:33]
    |       |   |--ASSIGN -> = [6:35]
    |       |   |   `--EXPR -> EXPR [6:37]
    |       |   |       `--NUM_INT -> 1 [6:37]
    |       |   `--SEMI -> ; [6:38]
    |       |--METHOD_DEF -> METHOD_DEF [8:8]
    |       |   |--MODIFIERS -> MODIFIERS [8:8]
    |       |   |   |--ANNOTATION -> ANNOTATION [8:8]
    |       |   |   |   |--AT -> @ [8:8]
    |       |   |   |   `--IDENT -> Override [8:9]
    |       |   |   `--LITERAL_PUBLIC -> public [9:8]
    |       |   |--TYPE -> TYPE [9:15]
    |       |   |   `--LITERAL_VOID -> void [9:15]
    |       |   |--IDENT -> override [9:20]
    |       |   |--LPAREN -> ( [9:28]
    |       |   |--PARAMETERS -> PARAMETERS [9:29]
    |       |   |--RPAREN -> ) [9:29]
    |       |   `--SLIST -> { [9:31]
    |       |       `--RCURLY -> } [9:32]
    |       |--SEMI -> ; [9:33]
    |       |--METHOD_DEF -> METHOD_DEF [10:8]
    |       |   |--MODIFIERS -> MODIFIERS [10:8]
    |       |   |   `--LITERAL_PUBLIC -> public [10:8]
    |       |   |--TYPE_PARAMETERS -> TYPE_PARAMETERS [10:15]
    |       |   |   |--GENERIC_START -> < [10:15]
    |       |   |   |--TYPE_PARAMETER -> TYPE_PARAMETER [10:16]
    |       |   |   |   `--IDENT -> T [10:16]
    |       |   |   `--GENERIC_END -> > [10:17]
    |       |   |--TYPE -> TYPE [10:19]
    |       |   |   `--LITERAL_VOID -> void [10:19]
    |       |   |--IDENT -> m1 [10:24]
    |       |   |--LPAREN -> ( [10:26]
    |       |   |--PARAMETERS -> PARAMETERS [10:27]
    |       |   |--RPAREN -> ) [10:27]
    |       |   `--SLIST -> { [10:29]
    |       |       `--RCURLY -> } [10:30]
    |       |--SEMI -> ; [10:31]
    |       |--METHOD_DEF -> METHOD_DEF [11:8]
    |       |   |--MODIFIERS -> MODIFIERS [11:8]
    |       |   |   `--LITERAL_PUBLIC -> public [11:8]
    |       |   |--TYPE -> TYPE [11:15]
    |       |   |   `--LITERAL_VOID -> void [11:15]
    |       |   |--IDENT -> m2 [11:20]
    |       |   |--LPAREN -> ( [11:22]
    |       |   |--PARAMETERS -> PARAMETERS [11:23]
    |       |   |--RPAREN -> ) [11:23]
    |       |   |--LITERAL_THROWS -> throws [11:25]
    |       |   |   `--IDENT -> Exception [11:32]
    |       |   `--SLIST -> { [11:42]
    |       |       |--LITERAL_THROW -> throw [11:44]
    |       |       |   |--EXPR -> EXPR [11:50]
    |       |       |   |   `--LITERAL_NEW -> new [11:50]
    |       |       |   |       |--IDENT -> Exception [11:54]
    |       |       |   |       |--LPAREN -> ( [11:63]
    |       |       |   |       |--ELIST -> ELIST [11:64]
    |       |       |   |       `--RPAREN -> ) [11:64]
    |       |       |   `--SEMI -> ; [11:65]
    |       |       `--RCURLY -> } [11:67]
    |       |--SEMI -> ; [11:68]
    |       |--METHOD_DEF -> METHOD_DEF [12:8]
    |       |   |--MODIFIERS -> MODIFIERS [12:8]
    |       |   |   |--LITERAL_PUBLIC -> public [12:8]
    |       |   |   `--LITERAL_NATIVE -> native [12:15]
    |       |   |--TYPE -> TYPE [12:22]
    |       |   |   `--LITERAL_VOID -> void [12:22]
    |       |   |--IDENT -> m3 [12:27]
    |       |   |--LPAREN -> ( [12:29]
    |       |   |--PARAMETERS -> PARAMETERS [12:30]
    |       |   |--RPAREN -> ) [12:30]
    |       |   |--LITERAL_THROWS -> throws [12:32]
    |       |   |   `--IDENT -> Exception [12:39]
    |       |   `--SEMI -> ; [12:48]
    |       |--INSTANCE_INIT -> INSTANCE_INIT [14:8]
    |       |   `--SLIST -> { [14:8]
    |       |       |--EMPTY_STAT -> ; [14:9]
    |       |       `--RCURLY -> } [14:10]
    |       `--RCURLY -> } [15:4]
    |--SEMI -> ; [16:4]
    |--METHOD_DEF -> METHOD_DEF [18:4]
    |   |--MODIFIERS -> MODIFIERS [18:4]
    |   |   `--LITERAL_PUBLIC -> public [18:4]
    |   |--TYPE -> TYPE [18:11]
    |   |   `--LITERAL_VOID -> void [18:11]
    |   |--IDENT -> override [18:16]
    |   |--LPAREN -> ( [18:24]
    |   |--PARAMETERS -> PARAMETERS [18:25]
    |   |--RPAREN -> ) [18:25]
    |   `--SLIST -> { [18:27]
    |       `--RCURLY -> } [18:28]
    `--RCURLY -> } [19:0]
ENUM_DEF -> ENUM_DEF [20:0]
|--MODIFIERS -> MODIFIERS [20:0]
|--ENUM -> enum [20:0]
|--IDENT -> e1 [20:5]
`--OBJBLOCK -> OBJBLOCK [20:8]
    |--LCURLY -> { [20:8]
    |--ENUM_CONSTANT_DEF -> ENUM_CONSTANT_DEF [21:4]
    |   |--ANNOTATIONS -> ANNOTATIONS [21:4]
    |   |--IDENT -> E1 [21:4]
    |   |--LPAREN -> ( [21:6]
    |   |--ELIST -> ELIST [21:7]
    |   `--RPAREN -> ) [21:7]
    |--COMMA -> , [21:8]
    |--SEMI -> ; [21:9]
    `--RCURLY -> } [22:0]
ENUM_DEF -> ENUM_DEF [23:0]
|--MODIFIERS -> MODIFIERS [23:0]
|--ENUM -> enum [23:0]
|--IDENT -> e2 [23:5]
`--OBJBLOCK -> OBJBLOCK [23:8]
    |--LCURLY -> { [23:8]
    |--ENUM_CONSTANT_DEF -> ENUM_CONSTANT_DEF [24:4]
    |   |--ANNOTATIONS -> ANNOTATIONS [24:4]
    |   |--IDENT -> E1 [24:4]
    |   |--LPAREN -> ( [24:6]
    |   |--ELIST -> ELIST [24:7]
    |   `--RPAREN -> ) [24:7]
    |--SEMI -> ; [24:8]
    |--SEMI -> ; [24:9]
    `--RCURLY -> } [25:0]]
>
	at com.puppycrawl.tools.checkstyle.grammar.AstRegressionTest.testEnumAstTree1(AstRegressionTest.java:97)
]]></failure>
  </testcase>
  <testcase name="testEnumAstTree2" classname="com.puppycrawl.tools.checkstyle.grammar.AstRegressionTest" time="0">
    <failure message="Generated AST from Java file should match pre-defined AST expected:&lt;...DEF -&gt; package [1:0][&#10;|--ANNOTATIONS -&gt; ANNOTATIONS [1:39]&#10;|--DOT -&gt; . [1:39]&#10;|   |--DOT -&gt; . [1:28]&#10;|   |   |--DOT -&gt; . [1:22]&#10;|   |   |   |--DOT -&gt; . [1:11]&#10;|   |   |   |   |--IDENT -&gt; com [1:8]&#10;|   |   |   |   `--IDENT -&gt; puppycrawl [1:12]&#10;|   |   |   `--IDENT -&gt; tools [1:23]&#10;|   |   `--IDENT -&gt; checkstyle [1:29]&#10;|   `--IDENT -&gt; grammar [1:40]&#10;`--SEMI -&gt; ; [1:47]&#10;ENUM_DEF -&gt; ENUM_DEF [3:0]&#10;|--MODIFIERS -&gt; MODIFIERS [3:0]&#10;|   `--LITERAL_PUBLIC -&gt; public [3:0]&#10;|--ENUM -&gt; enum [3:7]&#10;|--IDENT -&gt; InputRegressionJavaEnum2 [3:12]&#10;`--OBJBLOCK -&gt; OBJBLOCK [3:37]&#10;    |--LCURLY -&gt; { [3:37]&#10;    `--RCURLY -&gt; } [4:0]]&#10;&gt; but was:&lt;...DEF -&gt; package [1:0][&#10;|--ANNOTATIONS -&gt; ANNOTATIONS [1:39]&#10;|--DOT -&gt; . [1:39]&#10;|   |--DOT -&gt; . [1:28]&#10;|   |   |--DOT -&gt; . [1:22]&#10;|   |   |   |--DOT -&gt; . [1:11]&#10;|   |   |   |   |--IDENT -&gt; com [1:8]&#10;|   |   |   |   `--IDENT -&gt; puppycrawl [1:12]&#10;|   |   |   `--IDENT -&gt; tools [1:23]&#10;|   |   `--IDENT -&gt; checkstyle [1:29]&#10;|   `--IDENT -&gt; grammar [1:40]&#10;`--SEMI -&gt; ; [1:47]&#10;ENUM_DEF -&gt; ENUM_DEF [3:0]&#10;|--MODIFIERS -&gt; MODIFIERS [3:0]&#10;|   `--LITERAL_PUBLIC -&gt; public [3:0]&#10;|--ENUM -&gt; enum [3:7]&#10;|--IDENT -&gt; InputRegressionJavaEnum2 [3:12]&#10;`--OBJBLOCK -&gt; OBJBLOCK [3:37]&#10;    |--LCURLY -&gt; { [3:37]&#10;    `--RCURLY -&gt; } [4:0]&#13;]&#10;&gt;" type="org.junit.ComparisonFailure"><![CDATA[org.junit.ComparisonFailure: 
Generated AST from Java file should match pre-defined AST expected:<...DEF -> package [1:0][
|--ANNOTATIONS -> ANNOTATIONS [1:39]
|--DOT -> . [1:39]
|   |--DOT -> . [1:28]
|   |   |--DOT -> . [1:22]
|   |   |   |--DOT -> . [1:11]
|   |   |   |   |--IDENT -> com [1:8]
|   |   |   |   `--IDENT -> puppycrawl [1:12]
|   |   |   `--IDENT -> tools [1:23]
|   |   `--IDENT -> checkstyle [1:29]
|   `--IDENT -> grammar [1:40]
`--SEMI -> ; [1:47]
ENUM_DEF -> ENUM_DEF [3:0]
|--MODIFIERS -> MODIFIERS [3:0]
|   `--LITERAL_PUBLIC -> public [3:0]
|--ENUM -> enum [3:7]
|--IDENT -> InputRegressionJavaEnum2 [3:12]
`--OBJBLOCK -> OBJBLOCK [3:37]
    |--LCURLY -> { [3:37]
    `--RCURLY -> } [4:0]]
> but was:<...DEF -> package [1:0][
|--ANNOTATIONS -> ANNOTATIONS [1:39]
|--DOT -> . [1:39]
|   |--DOT -> . [1:28]
|   |   |--DOT -> . [1:22]
|   |   |   |--DOT -> . [1:11]
|   |   |   |   |--IDENT -> com [1:8]
|   |   |   |   `--IDENT -> puppycrawl [1:12]
|   |   |   `--IDENT -> tools [1:23]
|   |   `--IDENT -> checkstyle [1:29]
|   `--IDENT -> grammar [1:40]
`--SEMI -> ; [1:47]
ENUM_DEF -> ENUM_DEF [3:0]
|--MODIFIERS -> MODIFIERS [3:0]
|   `--LITERAL_PUBLIC -> public [3:0]
|--ENUM -> enum [3:7]
|--IDENT -> InputRegressionJavaEnum2 [3:12]
`--OBJBLOCK -> OBJBLOCK [3:37]
    |--LCURLY -> { [3:37]
    `--RCURLY -> } [4:0]]
>
	at com.puppycrawl.tools.checkstyle.grammar.AstRegressionTest.testEnumAstTree2(AstRegressionTest.java:103)
]]></failure>
  </testcase>
  <testcase name="testImpossibleExceptions" classname="com.puppycrawl.tools.checkstyle.grammar.AstRegressionTest" time="0"/>
  <testcase name="testTypecast" classname="com.puppycrawl.tools.checkstyle.grammar.AstRegressionTest" time="0">
    <failure message="Generated AST from Java file should match pre-defined AST expected:&lt;...DEF -&gt; package [1:0][&#10;|--ANNOTATIONS -&gt; ANNOTATIONS [1:39]&#10;|--DOT -&gt; . [1:39]&#10;|   |--DOT -&gt; . [1:28]&#10;|   |   |--DOT -&gt; . [1:22]&#10;|   |   |   |--DOT -&gt; . [1:11]&#10;|   |   |   |   |--IDENT -&gt; com [1:8]&#10;|   |   |   |   `--IDENT -&gt; puppycrawl [1:12]&#10;|   |   |   `--IDENT -&gt; tools [1:23]&#10;|   |   `--IDENT -&gt; checkstyle [1:29]&#10;|   `--IDENT -&gt; grammar [1:40]&#10;`--SEMI -&gt; ; [1:47]&#10;IMPORT -&gt; import [3:0]&#10;|--DOT -&gt; . [3:14]&#10;|   |--DOT -&gt; . [3:11]&#10;|   |   |--IDENT -&gt; java [3:7]&#10;|   |   `--IDENT -&gt; io [3:12]&#10;|   `--IDENT -&gt; Serializable [3:15]&#10;`--SEMI -&gt; ; [3:27]&#10;CLASS_DEF -&gt; CLASS_DEF [5:0]&#10;|--MODIFIERS -&gt; MODIFIERS [5:0]&#10;|--LITERAL_CLASS -&gt; class [5:0]&#10;|--IDENT -&gt; InputRegressionJavaTypecast [5:6]&#10;`--OBJBLOCK -&gt; OBJBLOCK [5:34]&#10;    |--LCURLY -&gt; { [5:34]&#10;    |--VARIABLE_DEF -&gt; VARIABLE_DEF [7:4]&#10;    |   |--MODIFIERS -&gt; MODIFIERS [7:4]&#10;    |   |--TYPE -&gt; TYPE [7:4]&#10;    |   |   `--IDENT -&gt; Object [7:4]&#10;    |   |--IDENT -&gt; field [7:11]&#10;    |   |--ASSIGN -&gt; = [7:17]&#10;    |   |   `--EXPR -&gt; EXPR [7:19]&#10;    |   |       `--TYPECAST -&gt; ( [7:19]&#10;    |   |           |--TYPE -&gt; TYPE [7:20]&#10;    |   |           |   `--IDENT -&gt; Cloneable [7:20]&#10;    |   |           |--TYPE_EXTENSION_AND -&gt; &amp; [7:30]&#10;    |   |           |--TYPE -&gt; TYPE [7:32]&#10;    |   |           |   `--IDENT -&gt; Serializable [7:32]&#10;    |   |           |--RPAREN -&gt; ) [7:44]&#10;    |   |           `--LITERAL_NULL -&gt; null [7:46]&#10;    |   `--SEMI -&gt; ; [7:50]&#10;    `--RCURLY -&gt; } [9:0]]&#10;&gt; but was:&lt;...DEF -&gt; package [1:0][&#10;|--ANNOTATIONS -&gt; ANNOTATIONS [1:39]&#10;|--DOT -&gt; . [1:39]&#10;|   |--DOT -&gt; . [1:28]&#10;|   |   |--DOT -&gt; . [1:22]&#10;|   |   |   |--DOT -&gt; . [1:11]&#10;|   |   |   |   |--IDENT -&gt; com [1:8]&#10;|   |   |   |   `--IDENT -&gt; puppycrawl [1:12]&#10;|   |   |   `--IDENT -&gt; tools [1:23]&#10;|   |   `--IDENT -&gt; checkstyle [1:29]&#10;|   `--IDENT -&gt; grammar [1:40]&#10;`--SEMI -&gt; ; [1:47]&#10;IMPORT -&gt; import [3:0]&#10;|--DOT -&gt; . [3:14]&#10;|   |--DOT -&gt; . [3:11]&#10;|   |   |--IDENT -&gt; java [3:7]&#10;|   |   `--IDENT -&gt; io [3:12]&#10;|   `--IDENT -&gt; Serializable [3:15]&#10;`--SEMI -&gt; ; [3:27]&#10;CLASS_DEF -&gt; CLASS_DEF [5:0]&#10;|--MODIFIERS -&gt; MODIFIERS [5:0]&#10;|--LITERAL_CLASS -&gt; class [5:0]&#10;|--IDENT -&gt; InputRegressionJavaTypecast [5:6]&#10;`--OBJBLOCK -&gt; OBJBLOCK [5:34]&#10;    |--LCURLY -&gt; { [5:34]&#10;    |--VARIABLE_DEF -&gt; VARIABLE_DEF [7:4]&#10;    |   |--MODIFIERS -&gt; MODIFIERS [7:4]&#10;    |   |--TYPE -&gt; TYPE [7:4]&#10;    |   |   `--IDENT -&gt; Object [7:4]&#10;    |   |--IDENT -&gt; field [7:11]&#10;    |   |--ASSIGN -&gt; = [7:17]&#10;    |   |   `--EXPR -&gt; EXPR [7:19]&#10;    |   |       `--TYPECAST -&gt; ( [7:19]&#10;    |   |           |--TYPE -&gt; TYPE [7:20]&#10;    |   |           |   `--IDENT -&gt; Cloneable [7:20]&#10;    |   |           |--TYPE_EXTENSION_AND -&gt; &amp; [7:30]&#10;    |   |           |--TYPE -&gt; TYPE [7:32]&#10;    |   |           |   `--IDENT -&gt; Serializable [7:32]&#10;    |   |           |--RPAREN -&gt; ) [7:44]&#10;    |   |           `--LITERAL_NULL -&gt; null [7:46]&#10;    |   `--SEMI -&gt; ; [7:50]&#10;    `--RCURLY -&gt; } [9:0]&#13;]&#10;&gt;" type="org.junit.ComparisonFailure"><![CDATA[org.junit.ComparisonFailure: 
Generated AST from Java file should match pre-defined AST expected:<...DEF -> package [1:0][
|--ANNOTATIONS -> ANNOTATIONS [1:39]
|--DOT -> . [1:39]
|   |--DOT -> . [1:28]
|   |   |--DOT -> . [1:22]
|   |   |   |--DOT -> . [1:11]
|   |   |   |   |--IDENT -> com [1:8]
|   |   |   |   `--IDENT -> puppycrawl [1:12]
|   |   |   `--IDENT -> tools [1:23]
|   |   `--IDENT -> checkstyle [1:29]
|   `--IDENT -> grammar [1:40]
`--SEMI -> ; [1:47]
IMPORT -> import [3:0]
|--DOT -> . [3:14]
|   |--DOT -> . [3:11]
|   |   |--IDENT -> java [3:7]
|   |   `--IDENT -> io [3:12]
|   `--IDENT -> Serializable [3:15]
`--SEMI -> ; [3:27]
CLASS_DEF -> CLASS_DEF [5:0]
|--MODIFIERS -> MODIFIERS [5:0]
|--LITERAL_CLASS -> class [5:0]
|--IDENT -> InputRegressionJavaTypecast [5:6]
`--OBJBLOCK -> OBJBLOCK [5:34]
    |--LCURLY -> { [5:34]
    |--VARIABLE_DEF -> VARIABLE_DEF [7:4]
    |   |--MODIFIERS -> MODIFIERS [7:4]
    |   |--TYPE -> TYPE [7:4]
    |   |   `--IDENT -> Object [7:4]
    |   |--IDENT -> field [7:11]
    |   |--ASSIGN -> = [7:17]
    |   |   `--EXPR -> EXPR [7:19]
    |   |       `--TYPECAST -> ( [7:19]
    |   |           |--TYPE -> TYPE [7:20]
    |   |           |   `--IDENT -> Cloneable [7:20]
    |   |           |--TYPE_EXTENSION_AND -> & [7:30]
    |   |           |--TYPE -> TYPE [7:32]
    |   |           |   `--IDENT -> Serializable [7:32]
    |   |           |--RPAREN -> ) [7:44]
    |   |           `--LITERAL_NULL -> null [7:46]
    |   `--SEMI -> ; [7:50]
    `--RCURLY -> } [9:0]]
> but was:<...DEF -> package [1:0][
|--ANNOTATIONS -> ANNOTATIONS [1:39]
|--DOT -> . [1:39]
|   |--DOT -> . [1:28]
|   |   |--DOT -> . [1:22]
|   |   |   |--DOT -> . [1:11]
|   |   |   |   |--IDENT -> com [1:8]
|   |   |   |   `--IDENT -> puppycrawl [1:12]
|   |   |   `--IDENT -> tools [1:23]
|   |   `--IDENT -> checkstyle [1:29]
|   `--IDENT -> grammar [1:40]
`--SEMI -> ; [1:47]
IMPORT -> import [3:0]
|--DOT -> . [3:14]
|   |--DOT -> . [3:11]
|   |   |--IDENT -> java [3:7]
|   |   `--IDENT -> io [3:12]
|   `--IDENT -> Serializable [3:15]
`--SEMI -> ; [3:27]
CLASS_DEF -> CLASS_DEF [5:0]
|--MODIFIERS -> MODIFIERS [5:0]
|--LITERAL_CLASS -> class [5:0]
|--IDENT -> InputRegressionJavaTypecast [5:6]
`--OBJBLOCK -> OBJBLOCK [5:34]
    |--LCURLY -> { [5:34]
    |--VARIABLE_DEF -> VARIABLE_DEF [7:4]
    |   |--MODIFIERS -> MODIFIERS [7:4]
    |   |--TYPE -> TYPE [7:4]
    |   |   `--IDENT -> Object [7:4]
    |   |--IDENT -> field [7:11]
    |   |--ASSIGN -> = [7:17]
    |   |   `--EXPR -> EXPR [7:19]
    |   |       `--TYPECAST -> ( [7:19]
    |   |           |--TYPE -> TYPE [7:20]
    |   |           |   `--IDENT -> Cloneable [7:20]
    |   |           |--TYPE_EXTENSION_AND -> & [7:30]
    |   |           |--TYPE -> TYPE [7:32]
    |   |           |   `--IDENT -> Serializable [7:32]
    |   |           |--RPAREN -> ) [7:44]
    |   |           `--LITERAL_NULL -> null [7:46]
    |   `--SEMI -> ; [7:50]
    `--RCURLY -> } [9:0]]
>
	at com.puppycrawl.tools.checkstyle.grammar.AstRegressionTest.testTypecast(AstRegressionTest.java:115)
]]></failure>
  </testcase>
  <testcase name="testNewlineCr" classname="com.puppycrawl.tools.checkstyle.grammar.AstRegressionTest" time="0">
    <failure message="Generated AST from Java file should match pre-defined AST expected:&lt;..._COMMENT -&gt; // [1:0][&#10;`--COMMENT_CONTENT -&gt; //////////////////////////////////////////////////////////////////////\r [1:2]&#10;SINGLE_LINE_COMMENT -&gt; // [2:0]&#10;`--COMMENT_CONTENT -&gt;  Test case file for checkstyle.\r [2:2]&#10;SINGLE_LINE_COMMENT -&gt; // [3:0]&#10;`--COMMENT_CONTENT -&gt;  Created: 2015\r [3:2]&#10;SINGLE_LINE_COMMENT -&gt; // [4:0]&#10;`--COMMENT_CONTENT -&gt; //////////////////////////////////////////////////////////////////////\r [4:2]&#10;PACKAGE_DEF -&gt; package [5:0]&#10;|--ANNOTATIONS -&gt; ANNOTATIONS [5:39]&#10;|--DOT -&gt; . [5:39]&#10;|   |--DOT -&gt; . [5:28]&#10;|   |   |--DOT -&gt; . [5:22]&#10;|   |   |   |--DOT -&gt; . [5:11]&#10;|   |   |   |   |--IDENT -&gt; com [5:8]&#10;|   |   |   |   `--IDENT -&gt; puppycrawl [5:12]&#10;|   |   |   `--IDENT -&gt; tools [5:23]&#10;|   |   `--IDENT -&gt; checkstyle [5:29]&#10;|   `--IDENT -&gt; grammar [5:40]&#10;`--SEMI -&gt; ; [5:47]&#10;INTERFACE_DEF -&gt; INTERFACE_DEF [12:0]&#10;|--MODIFIERS -&gt; MODIFIERS [12:0]&#10;|   |--BLOCK_COMMENT_BEGIN -&gt; /* [7:0]&#10;|   |   |--COMMENT_CONTENT -&gt; *\r * Test using the CR\r * dot.\r * @author Martin Steiger\r * [7:2]&#10;|   |   `--BLOCK_COMMENT_END -&gt; */ [11:2]&#10;|   `--LITERAL_PUBLIC -&gt; public [12:0]&#10;|--LITERAL_INTERFACE -&gt; interface [12:7]&#10;|--IDENT -&gt; InputAstRegressionNewlineCrAtEndOfFile [12:17]&#10;`--OBJBLOCK -&gt; OBJBLOCK [13:0]&#10;    |--LCURLY -&gt; { [13:0]&#10;    |--BLOCK_COMMENT_BEGIN -&gt; /* [14:0]&#10;    |   |--COMMENT_CONTENT -&gt; * Test with ending with CR newline\r [14:2]&#10;    |   `--BLOCK_COMMENT_END -&gt; */ [15:0]&#10;    `--RCURLY -&gt; } [16:0]]&#10;&gt; but was:&lt;..._COMMENT -&gt; // [1:0][&#10;`--COMMENT_CONTENT -&gt; //////////////////////////////////////////////////////////////////////\r [1:2]&#10;SINGLE_LINE_COMMENT -&gt; // [2:0]&#10;`--COMMENT_CONTENT -&gt;  Test case file for checkstyle.\r [2:2]&#10;SINGLE_LINE_COMMENT -&gt; // [3:0]&#10;`--COMMENT_CONTENT -&gt;  Created: 2015\r [3:2]&#10;SINGLE_LINE_COMMENT -&gt; // [4:0]&#10;`--COMMENT_CONTENT -&gt; //////////////////////////////////////////////////////////////////////\r [4:2]&#10;PACKAGE_DEF -&gt; package [5:0]&#10;|--ANNOTATIONS -&gt; ANNOTATIONS [5:39]&#10;|--DOT -&gt; . [5:39]&#10;|   |--DOT -&gt; . [5:28]&#10;|   |   |--DOT -&gt; . [5:22]&#10;|   |   |   |--DOT -&gt; . [5:11]&#10;|   |   |   |   |--IDENT -&gt; com [5:8]&#10;|   |   |   |   `--IDENT -&gt; puppycrawl [5:12]&#10;|   |   |   `--IDENT -&gt; tools [5:23]&#10;|   |   `--IDENT -&gt; checkstyle [5:29]&#10;|   `--IDENT -&gt; grammar [5:40]&#10;`--SEMI -&gt; ; [5:47]&#10;INTERFACE_DEF -&gt; INTERFACE_DEF [12:0]&#10;|--MODIFIERS -&gt; MODIFIERS [12:0]&#10;|   |--BLOCK_COMMENT_BEGIN -&gt; /* [7:0]&#10;|   |   |--COMMENT_CONTENT -&gt; *\r * Test using the CR\r * dot.\r * @author Martin Steiger\r * [7:2]&#10;|   |   `--BLOCK_COMMENT_END -&gt; */ [11:2]&#10;|   `--LITERAL_PUBLIC -&gt; public [12:0]&#10;|--LITERAL_INTERFACE -&gt; interface [12:7]&#10;|--IDENT -&gt; InputAstRegressionNewlineCrAtEndOfFile [12:17]&#10;`--OBJBLOCK -&gt; OBJBLOCK [13:0]&#10;    |--LCURLY -&gt; { [13:0]&#10;    |--BLOCK_COMMENT_BEGIN -&gt; /* [14:0]&#10;    |   |--COMMENT_CONTENT -&gt; * Test with ending with CR newline\r [14:2]&#10;    |   `--BLOCK_COMMENT_END -&gt; */ [15:0]&#10;    `--RCURLY -&gt; } [16:0]&#13;]&#10;&gt;" type="org.junit.ComparisonFailure"><![CDATA[org.junit.ComparisonFailure: 
Generated AST from Java file should match pre-defined AST expected:<..._COMMENT -> // [1:0][
`--COMMENT_CONTENT -> //////////////////////////////////////////////////////////////////////\r [1:2]
SINGLE_LINE_COMMENT -> // [2:0]
`--COMMENT_CONTENT ->  Test case file for checkstyle.\r [2:2]
SINGLE_LINE_COMMENT -> // [3:0]
`--COMMENT_CONTENT ->  Created: 2015\r [3:2]
SINGLE_LINE_COMMENT -> // [4:0]
`--COMMENT_CONTENT -> //////////////////////////////////////////////////////////////////////\r [4:2]
PACKAGE_DEF -> package [5:0]
|--ANNOTATIONS -> ANNOTATIONS [5:39]
|--DOT -> . [5:39]
|   |--DOT -> . [5:28]
|   |   |--DOT -> . [5:22]
|   |   |   |--DOT -> . [5:11]
|   |   |   |   |--IDENT -> com [5:8]
|   |   |   |   `--IDENT -> puppycrawl [5:12]
|   |   |   `--IDENT -> tools [5:23]
|   |   `--IDENT -> checkstyle [5:29]
|   `--IDENT -> grammar [5:40]
`--SEMI -> ; [5:47]
INTERFACE_DEF -> INTERFACE_DEF [12:0]
|--MODIFIERS -> MODIFIERS [12:0]
|   |--BLOCK_COMMENT_BEGIN -> /* [7:0]
|   |   |--COMMENT_CONTENT -> *\r * Test using the CR\r * dot.\r * @author Martin Steiger\r * [7:2]
|   |   `--BLOCK_COMMENT_END -> */ [11:2]
|   `--LITERAL_PUBLIC -> public [12:0]
|--LITERAL_INTERFACE -> interface [12:7]
|--IDENT -> InputAstRegressionNewlineCrAtEndOfFile [12:17]
`--OBJBLOCK -> OBJBLOCK [13:0]
    |--LCURLY -> { [13:0]
    |--BLOCK_COMMENT_BEGIN -> /* [14:0]
    |   |--COMMENT_CONTENT -> * Test with ending with CR newline\r [14:2]
    |   `--BLOCK_COMMENT_END -> */ [15:0]
    `--RCURLY -> } [16:0]]
> but was:<..._COMMENT -> // [1:0][
`--COMMENT_CONTENT -> //////////////////////////////////////////////////////////////////////\r [1:2]
SINGLE_LINE_COMMENT -> // [2:0]
`--COMMENT_CONTENT ->  Test case file for checkstyle.\r [2:2]
SINGLE_LINE_COMMENT -> // [3:0]
`--COMMENT_CONTENT ->  Created: 2015\r [3:2]
SINGLE_LINE_COMMENT -> // [4:0]
`--COMMENT_CONTENT -> //////////////////////////////////////////////////////////////////////\r [4:2]
PACKAGE_DEF -> package [5:0]
|--ANNOTATIONS -> ANNOTATIONS [5:39]
|--DOT -> . [5:39]
|   |--DOT -> . [5:28]
|   |   |--DOT -> . [5:22]
|   |   |   |--DOT -> . [5:11]
|   |   |   |   |--IDENT -> com [5:8]
|   |   |   |   `--IDENT -> puppycrawl [5:12]
|   |   |   `--IDENT -> tools [5:23]
|   |   `--IDENT -> checkstyle [5:29]
|   `--IDENT -> grammar [5:40]
`--SEMI -> ; [5:47]
INTERFACE_DEF -> INTERFACE_DEF [12:0]
|--MODIFIERS -> MODIFIERS [12:0]
|   |--BLOCK_COMMENT_BEGIN -> /* [7:0]
|   |   |--COMMENT_CONTENT -> *\r * Test using the CR\r * dot.\r * @author Martin Steiger\r * [7:2]
|   |   `--BLOCK_COMMENT_END -> */ [11:2]
|   `--LITERAL_PUBLIC -> public [12:0]
|--LITERAL_INTERFACE -> interface [12:7]
|--IDENT -> InputAstRegressionNewlineCrAtEndOfFile [12:17]
`--OBJBLOCK -> OBJBLOCK [13:0]
    |--LCURLY -> { [13:0]
    |--BLOCK_COMMENT_BEGIN -> /* [14:0]
    |   |--COMMENT_CONTENT -> * Test with ending with CR newline\r [14:2]
    |   `--BLOCK_COMMENT_END -> */ [15:0]
    `--RCURLY -> } [16:0]]
>
	at com.puppycrawl.tools.checkstyle.grammar.AstRegressionTest.testNewlineCr(AstRegressionTest.java:171)
]]></failure>
  </testcase>
  <testcase name="testJava8ClassAstTree1" classname="com.puppycrawl.tools.checkstyle.grammar.AstRegressionTest" time="0.031">
    <failure message="Generated AST from Java file should match pre-defined AST expected:&lt;...DEF -&gt; package [2:0][&#10;|--ANNOTATIONS -&gt; ANNOTATIONS [2:39]&#10;|--DOT -&gt; . [2:39]&#10;|   |--DOT -&gt; . [2:28]&#10;|   |   |--DOT -&gt; . [2:22]&#10;|   |   |   |--DOT -&gt; . [2:11]&#10;|   |   |   |   |--IDENT -&gt; com [2:8]&#10;|   |   |   |   `--IDENT -&gt; puppycrawl [2:12]&#10;|   |   |   `--IDENT -&gt; tools [2:23]&#10;|   |   `--IDENT -&gt; checkstyle [2:29]&#10;|   `--IDENT -&gt; grammar [2:40]&#10;`--SEMI -&gt; ; [2:47]&#10;IMPORT -&gt; import [4:0]&#10;|--DOT -&gt; . [4:27]&#10;|   |--DOT -&gt; . [4:16]&#10;|   |   |--DOT -&gt; . [4:11]&#10;|   |   |   |--IDENT -&gt; java [4:7]&#10;|   |   |   `--IDENT -&gt; lang [4:12]&#10;|   |   `--IDENT -&gt; annotation [4:17]&#10;|   `--IDENT -&gt; ElementType [4:28]&#10;`--SEMI -&gt; ; [4:39]&#10;IMPORT -&gt; import [5:0]&#10;|--DOT -&gt; . [5:27]&#10;|   |--DOT -&gt; . [5:16]&#10;|   |   |--DOT -&gt; . [5:11]&#10;|   |   |   |--IDENT -&gt; java [5:7]&#10;|   |   |   `--IDENT -&gt; lang [5:12]&#10;|   |   `--IDENT -&gt; annotation [5:17]&#10;|   `--IDENT -&gt; Retention [5:28]&#10;`--SEMI -&gt; ; [5:37]&#10;IMPORT -&gt; import [6:0]&#10;|--DOT -&gt; . [6:27]&#10;|   |--DOT -&gt; . [6:16]&#10;|   |   |--DOT -&gt; . [6:11]&#10;|   |   |   |--IDENT -&gt; java [6:7]&#10;|   |   |   `--IDENT -&gt; lang [6:12]&#10;|   |   `--IDENT -&gt; annotation [6:17]&#10;|   `--IDENT -&gt; RetentionPolicy [6:28]&#10;`--SEMI -&gt; ; [6:43]&#10;IMPORT -&gt; import [7:0]&#10;|--DOT -&gt; . [7:27]&#10;|   |--DOT -&gt; . [7:16]&#10;|   |   |--DOT -&gt; . [7:11]&#10;|   |   |   |--IDENT -&gt; java [7:7]&#10;|   |   |   `--IDENT -&gt; lang [7:12]&#10;|   |   `--IDENT -&gt; annotation [7:17]&#10;|   `--IDENT -&gt; Target [7:28]&#10;`--SEMI -&gt; ; [7:34]&#10;IMPORT -&gt; import [8:0]&#10;|--DOT -&gt; . [8:16]&#10;|   |--DOT -&gt; . [8:11]&#10;|   |   |--IDENT -&gt; java [8:7]&#10;|   |   `--IDENT -&gt; util [8:12]&#10;|   `--IDENT -&gt; ArrayList [8:17]&#10;`--SEMI -&gt; ; [8:26]&#10;IMPORT -&gt; import [9:0]&#10;|--DOT -&gt; . [9:16]&#10;|   |--DOT -&gt; . [9:11]&#10;|   |   |--IDENT -&gt; java [9:7]&#10;|   |   `--IDENT -&gt; util [9:12]&#10;|   `--IDENT -&gt; Collections [9:17]&#10;`--SEMI -&gt; ; [9:28]&#10;IMPORT -&gt; import [10:0]&#10;|--DOT -&gt; . [10:16]&#10;|   |--DOT -&gt; . [10:11]&#10;|   |   |--IDENT -&gt; java [10:7]&#10;|   |   `--IDENT -&gt; util [10:12]&#10;|   `--IDENT -&gt; Comparator [10:17]&#10;`--SEMI -&gt; ; [10:27]&#10;IMPORT -&gt; import [11:0]&#10;|--DOT -&gt; . [11:16]&#10;|   |--DOT -&gt; . [11:11]&#10;|   |   |--IDENT -&gt; java [11:7]&#10;|   |   `--IDENT -&gt; util [11:12]&#10;|   `--IDENT -&gt; Map [11:17]&#10;`--SEMI -&gt; ; [11:20]&#10;IMPORT -&gt; import [12:0]&#10;|--DOT -&gt; . [12:16]&#10;|   |--DOT -&gt; . [12:11]&#10;|   |   |--IDENT -&gt; java [12:7]&#10;|   |   `--IDENT -&gt; util [12:12]&#10;|   `--IDENT -&gt; List [12:17]&#10;`--SEMI -&gt; ; [12:21]&#10;IMPORT -&gt; import [13:0]&#10;|--DOT -&gt; . [13:25]&#10;|   |--DOT -&gt; . [13:16]&#10;|   |   |--DOT -&gt; . [13:11]&#10;|   |   |   |--IDENT -&gt; java [13:7]&#10;|   |   |   `--IDENT -&gt; util [13:12]&#10;|   |   `--IDENT -&gt; function [13:17]&#10;|   `--IDENT -&gt; IntBinaryOperator [13:26]&#10;`--SEMI -&gt; ; [13:43]&#10;IMPORT -&gt; import [14:0]&#10;|--DOT -&gt; . [14:25]&#10;|   |--DOT -&gt; . [14:16]&#10;|   |   |--DOT -&gt; . [14:11]&#10;|   |   |   |--IDENT -&gt; java [14:7]&#10;|   |   |   `--IDENT -&gt; util [14:12]&#10;|   |   `--IDENT -&gt; function [14:17]&#10;|   `--IDENT -&gt; Predicate [14:26]&#10;`--SEMI -&gt; ; [14:35]&#10;IMPORT -&gt; import [15:0]&#10;|--DOT -&gt; . [15:25]&#10;|   |--DOT -&gt; . [15:16]&#10;|   |   |--DOT -&gt; . [15:11]&#10;|   |   |   |--IDENT -&gt; java [15:7]&#10;|   |   |   `--IDENT -&gt; util [15:12]&#10;|   |   `--IDENT -&gt; function [15:17]&#10;|   `--IDENT -&gt; Supplier [15:26]&#10;`--SEMI -&gt; ; [15:34]&#10;CLASS_DEF -&gt; CLASS_DEF [17:0]&#10;|--MODIFIERS -&gt; MODIFIERS [17:0]&#10;|   `--LITERAL_PUBLIC -&gt; public [17:0]&#10;|--LITERAL_CLASS -&gt; class [17:7]&#10;|--IDENT -&gt; InputRegressionJava8Class1 [17:13]&#10;`--OBJBLOCK -&gt; OBJBLOCK [17:40]&#10;    |--LCURLY -&gt; { [17:40]&#10;    |--CLASS_DEF -&gt; CLASS_DEF [18:4]&#10;    |   |--MODIFIERS -&gt; MODIFIERS [18:4]&#10;    |   |   `--LITERAL_STATIC -&gt; static [18:4]&#10;    |   |--LITERAL_CLASS -&gt; class [18:11]&#10;    |   |--IDENT -&gt; Inner1 [18:17]&#10;    |   `--OBJBLOCK -&gt; OBJBLOCK [18:24]&#10;    |       |--LCURLY -&gt; { [18:24]&#10;    |       |--CLASS_DEF -&gt; CLASS_DEF [18:26]&#10;    |       |   |--MODIFIERS -&gt; MODIFIERS [18:26]&#10;    |       |   |   `--LITERAL_STATIC -&gt; static [18:26]&#10;    |       |   |--LITERAL_CLASS -&gt; class [18:33]&#10;    |       |   |--IDENT -&gt; Inner2 [18:39]&#10;    |       |   |--TYPE_PARAMETERS -&gt; TYPE_PARAMETERS [18:45]&#10;    |       |   |   |--GENERIC_START -&gt; &lt; [18:45]&#10;    |       |   |   |--TYPE_PARAMETER -&gt; TYPE_PARAMETER [18:46]&#10;    |       |   |   |   `--IDENT -&gt; V [18:46]&#10;    |       |   |   `--GENERIC_END -&gt; &gt; [18:47]&#10;    |       |   `--OBJBLOCK -&gt; OBJBLOCK [18:49]&#10;    |       |       |--LCURLY -&gt; { [18:49]&#10;    |       |       |--METHOD_DEF -&gt; METHOD_DEF [18:51]&#10;    |       |       |   |--MODIFIERS -&gt; MODIFIERS [18:51]&#10;    |       |       |   |   `--LITERAL_PUBLIC -&gt; public [18:51]&#10;    |       |       |   |--TYPE -&gt; TYPE [18:58]&#10;    |       |       |   |   `--LITERAL_VOID -&gt; void [18:58]&#10;    |       |       |   |--IDENT -&gt; m [18:63]&#10;    |       |       |   |--LPAREN -&gt; ( [18:64]&#10;    |       |       |   |--PARAMETERS -&gt; PARAMETERS [18:65]&#10;    |       |       |   |--RPAREN -&gt; ) [18:65]&#10;    |       |       |   `--SLIST -&gt; { [18:67]&#10;    |       |       |       `--RCURLY -&gt; } [18:68]&#10;    |       |       `--RCURLY -&gt; } [18:70]&#10;    |       `--RCURLY -&gt; } [18:72]&#10;    |--CLASS_DEF -&gt; CLASS_DEF [19:4]&#10;    |   |--MODIFIERS -&gt; MODIFIERS [19:4]&#10;    |   |   `--LITERAL_STATIC -&gt; static [19:4]&#10;    |   |--LITERAL_CLASS -&gt; class [19:11]&#10;    |   |--IDENT -&gt; Inner3 [19:17]&#10;    |   |--TYPE_PARAMETERS -&gt; TYPE_PARAMETERS [19:23]&#10;    |   |   |--GENERIC_START -&gt; &lt; [19:23]&#10;    |   |   |--TYPE_PARAMETER -&gt; TYPE_PARAMETER [19:24]&#10;    |   |   |   `--IDENT -&gt; T [19:24]&#10;    |   |   `--GENERIC_END -&gt; &gt; [19:25]&#10;    |   `--OBJBLOCK -&gt; OBJBLOCK [19:27]&#10;    |       |--LCURLY -&gt; { [19:27]&#10;    |       |--METHOD_DEF -&gt; METHOD_DEF [19:29]&#10;    |       |   |--MODIFIERS -&gt; MODIFIERS [19:29]&#10;    |       |   |   `--LITERAL_PUBLIC -&gt; public [19:29]&#10;    |       |   |--TYPE -&gt; TYPE [19:36]&#10;    |       |   |   `--LITERAL_VOID -&gt; void [19:36]&#10;    |       |   |--IDENT -&gt; m [19:41]&#10;    |       |   |--LPAREN -&gt; ( [19:42]&#10;    |       |   |--PARAMETERS -&gt; PARAMETERS [19:43]&#10;    |       |   |--RPAREN -&gt; ) [19:43]&#10;    |       |   `--SLIST -&gt; { [19:45]&#10;    |       |       `--RCURLY -&gt; } [19:46]&#10;    |       `--RCURLY -&gt; } [19:48]&#10;    |--METHOD_DEF -&gt; METHOD_DEF [21:4]&#10;    |   |--MODIFIERS -&gt; MODIFIERS [21:4]&#10;    |   |   `--LITERAL_PUBLIC -&gt; public [21:4]&#10;    |   |--TYPE -&gt; TYPE [21:11]&#10;    |   |   `--LITERAL_VOID -&gt; void [21:11]&#10;    |   |--IDENT -&gt; m [21:16]&#10;    |   |--LPAREN -&gt; ( [21:17]&#10;    |   |--PARAMETERS -&gt; PARAMETERS [21:18]&#10;    |   |--RPAREN -&gt; ) [21:18]&#10;    |   `--SLIST -&gt; { [21:20]&#10;    |       `--RCURLY -&gt; } [21:21]&#10;    |--METHOD_DEF -&gt; METHOD_DEF [22:4]&#10;    |   |--MODIFIERS -&gt; MODIFIERS [22:4]&#10;    |   |   |--LITERAL_PUBLIC -&gt; public [22:4]&#10;    |   |   `--LITERAL_STATIC -&gt; static [22:11]&#10;    |   |--TYPE -&gt; TYPE [22:18]&#10;    |   |   `--LITERAL_VOID -&gt; void [22:18]&#10;    |   |--IDENT -&gt; sm [22:23]&#10;    |   |--LPAREN -&gt; ( [22:25]&#10;    |   |--PARAMETERS -&gt; PARAMETERS [22:26]&#10;    |   |--RPAREN -&gt; ) [22:26]&#10;    |   `--SLIST -&gt; { [22:28]&#10;    |       `--RCURLY -&gt; } [22:29]&#10;    |--METHOD_DEF -&gt; METHOD_DEF [23:4]&#10;    |   |--MODIFIERS -&gt; MODIFIERS [23:4]&#10;    |   |--TYPE -&gt; TYPE [23:4]&#10;    |   |   `--LITERAL_VOID -&gt; void [23:4]&#10;    |   |--IDENT -&gt; m1 [23:9]&#10;    |   |--LPAREN -&gt; ( [23:11]&#10;    |   |--PARAMETERS -&gt; PARAMETERS [23:12]&#10;    |   |--RPAREN -&gt; ) [23:12]&#10;    |   |--LITERAL_THROWS -&gt; throws [23:14]&#10;    |   |   |--ANNOTATIONS -&gt; ANNOTATIONS [23:21]&#10;    |   |   |   `--ANNOTATION -&gt; ANNOTATION [23:21]&#10;    |   |   |       |--AT -&gt; @ [23:21]&#10;    |   |   |       `--IDENT -&gt; Nullable [23:22]&#10;    |   |   `--IDENT -&gt; Exception [23:31]&#10;    |   `--SLIST -&gt; { [23:41]&#10;    |       `--RCURLY -&gt; } [23:42]&#10;    |--METHOD_DEF -&gt; METHOD_DEF [24:4]&#10;    |   |--MODIFIERS -&gt; MODIFIERS [24:4]&#10;    |   |   |--LITERAL_PUBLIC -&gt; public [24:4]&#10;    |   |   `--LITERAL_STATIC -&gt; static [24:11]&#10;    |   |--TYPE_PARAMETERS -&gt; TYPE_PARAMETERS [24:18]&#10;    |   |   |--GENERIC_START -&gt; &lt; [24:18]&#10;    |   |   |--TYPE_PARAMETER -&gt; TYPE_PARAMETER [24:19]&#10;    |   |   |   `--IDENT -&gt; T [24:19]&#10;    |   |   `--GENERIC_END -&gt; &gt; [24:20]&#10;    |   |--TYPE -&gt; TYPE [24:22]&#10;    |   |   `--LITERAL_VOID -&gt; void [24:22]&#10;    |   |--IDENT -&gt; m2 [24:27]&#10;    |   |--LPAREN -&gt; ( [24:29]&#10;    |   |--PARAMETERS -&gt; PARAMETERS [24:42]&#10;    |   |   `--PARAMETER_DEF -&gt; PARAMETER_DEF [24:42]&#10;    |   |       |--MODIFIERS -&gt; MODIFIERS [24:42]&#10;    |   |       |--TYPE -&gt; TYPE [24:42]&#10;    |   |       |   `--ARRAY_DECLARATOR -&gt; [ [24:42]&#10;    |   |       |       |--IDENT -&gt; T [24:30]&#10;    |   |       |       |--ANNOTATIONS -&gt; ANNOTATIONS [24:32]&#10;    |   |       |       |   `--ANNOTATION -&gt; ANNOTATION [24:32]&#10;    |   |       |       |       |--AT -&gt; @ [24:32]&#10;    |   |       |       |       `--IDENT -&gt; Nullable [24:33]&#10;    |   |       |       `--RBRACK -&gt; ] [24:43]&#10;    |   |       `--IDENT -&gt; array [24:45]&#10;    |   |--RPAREN -&gt; ) [24:50]&#10;    |   `--SLIST -&gt; { [24:52]&#10;    |       `--RCURLY -&gt; } [24:53]&#10;    |--METHOD_DEF -&gt; METHOD_DEF [25:4]&#10;    |   |--MODIFIERS -&gt; MODIFIERS [25:4]&#10;    |   |   `--LITERAL_PUBLIC -&gt; public [25:4]&#10;    |   |--TYPE -&gt; TYPE [25:11]&#10;    |   |   `--LITERAL_VOID -&gt; void [25:11]&#10;    |   |--IDENT -&gt; m3 [25:16]&#10;    |   |--LPAREN -&gt; ( [25:18]&#10;    |   |--PARAMETERS -&gt; PARAMETERS [25:19]&#10;    |   |--RPAREN -&gt; ) [25:19]&#10;    |   |--LITERAL_THROWS -&gt; throws [25:21]&#10;    |   |   |--IDENT -&gt; NullPointerException [25:28]&#10;    |   |   |--COMMA -&gt; , [25:48]&#10;    |   |   |--ANNOTATIONS -&gt; ANNOTATIONS [25:50]&#10;    |   |   |   `--ANNOTATION -&gt; ANNOTATION [25:50]&#10;    |   |   |       |--AT -&gt; @ [25:50]&#10;    |   |   |       `--IDENT -&gt; Nullable [25:51]&#10;    |   |   `--IDENT -&gt; ArrayIndexOutOfBoundsException [25:60]&#10;    |   `--SLIST -&gt; { [25:91]&#10;    |       `--RCURLY -&gt; } [25:92]&#10;    |--METHOD_DEF -&gt; METHOD_DEF [26:4]&#10;    |   |--MODIFIERS -&gt; MODIFIERS [26:4]&#10;    |   |   `--LITERAL_PUBLIC -&gt; public [26:4]&#10;    |   |--TYPE -&gt; TYPE [26:11]&#10;    |   |   `--LITERAL_VOID -&gt; void [26:11]&#10;    |   |--IDENT -&gt; m4 [26:16]&#10;    |   |--LPAREN -&gt; ( [26:18]&#10;    |   |--PARAMETERS -&gt; PARAMETERS [26:19]&#10;    |   |   `--PARAMETER_DEF -&gt; PARAMETER_DEF [26:19]&#10;    |   |       |--MODIFIERS -&gt; MODIFIERS [26:19]&#10;    |   |       |--TYPE -&gt; TYPE [26:19]&#10;    |   |       |   `--IDENT -&gt; InputRegressionJava8Class1 [26:19]&#10;    |   |       `--LITERAL_THIS -&gt; this [26:46]&#10;    |   |--RPAREN -&gt; ) [26:50]&#10;    |   `--SLIST -&gt; { [26:52]&#10;    |       `--RCURLY -&gt; } [26:53]&#10;    |--METHOD_DEF -&gt; METHOD_DEF [27:4]&#10;    |   |--MODIFIERS -&gt; MODIFIERS [27:4]&#10;    |   |   `--LITERAL_PUBLIC -&gt; public [27:4]&#10;    |   |--TYPE -&gt; TYPE [27:11]&#10;    |   |   `--LITERAL_VOID -&gt; void [27:11]&#10;    |   |--IDENT -&gt; m5 [27:16]&#10;    |   |--LPAREN -&gt; ( [27:18]&#10;    |   |--PARAMETERS -&gt; PARAMETERS [27:19]&#10;    |   |   `--PARAMETER_DEF -&gt; PARAMETER_DEF [27:19]&#10;    |   |       |--MODIFIERS -&gt; MODIFIERS [27:19]&#10;    |   |       |   `--ANNOTATION -&gt; ANNOTATION [27:19]&#10;    |   |       |       |--AT -&gt; @ [27:19]&#10;    |   |       |       `--IDENT -&gt; Nullable [27:20]&#10;    |   |       |--TYPE -&gt; TYPE [27:29]&#10;    |   |       |   `--IDENT -&gt; InputRegressionJava8Class1 [27:29]&#10;    |   |       `--LITERAL_THIS -&gt; this [27:56]&#10;    |   |--RPAREN -&gt; ) [27:60]&#10;    |   `--SLIST -&gt; { [27:62]&#10;    |       `--RCURLY -&gt; } [27:63]&#10;    |--INSTANCE_INIT -&gt; INSTANCE_INIT [29:4]&#10;    |   `--SLIST -&gt; { [29:4]&#10;    |       |--VARIABLE_DEF -&gt; VARIABLE_DEF [30:8]&#10;    |       |   |--MODIFIERS -&gt; MODIFIERS [30:8]&#10;    |       |   |--TYPE -&gt; TYPE [30:8]&#10;    |       |   |   |--IDENT -&gt; List [30:8]&#10;    |       |   |   `--TYPE_ARGUMENTS -&gt; TYPE_ARGUMENTS [30:12]&#10;    |       |   |       |--GENERIC_START -&gt; &lt; [30:12]&#10;    |       |   |       |--TYPE_ARGUMENT -&gt; TYPE_ARGUMENT [30:13]&#10;    |       |   |       |   `--IDENT -&gt; String [30:13]&#10;    |       |   |       `--GENERIC_END -&gt; &gt; [30:19]&#10;    |       |   |--IDENT -&gt; vlist [30:21]&#10;    |       |   `--ASSIGN -&gt; = [30:27]&#10;    |       |       `--EXPR -&gt; EXPR [30:29]&#10;    |       |           `--LITERAL_NEW -&gt; new [30:29]&#10;    |       |               |--IDENT -&gt; ArrayList [30:33]&#10;    |       |               |--TYPE_ARGUMENTS -&gt; TYPE_ARGUMENTS [30:42]&#10;    |       |               |   |--GENERIC_START -&gt; &lt; [30:42]&#10;    |       |               |   |--TYPE_ARGUMENT -&gt; TYPE_ARGUMENT [30:43]&#10;    |       |               |   |   `--IDENT -&gt; String [30:43]&#10;    |       |               |   `--GENERIC_END -&gt; &gt; [30:49]&#10;    |       |               |--LPAREN -&gt; ( [30:50]&#10;    |       |               |--ELIST -&gt; ELIST [30:51]&#10;    |       |               `--RPAREN -&gt; ) [30:51]&#10;    |       |--SEMI -&gt; ; [30:52]&#10;    |       `--RCURLY -&gt; } [31:4]&#10;    |--METHOD_DEF -&gt; METHOD_DEF [33:4]&#10;    |   |--MODIFIERS -&gt; MODIFIERS [33:4]&#10;    |   |   `--LITERAL_PUBLIC -&gt; public [33:4]&#10;    |   |--TYPE -&gt; TYPE [33:11]&#10;    |   |   `--LITERAL_VOID -&gt; void [33:11]&#10;    |   |--IDENT -&gt; instructions [33:16]&#10;    |   |--LPAREN -&gt; ( [33:28]&#10;    |   |--PARAMETERS -&gt; PARAMETERS [33:29]&#10;    |   |--RPAREN -&gt; ) [33:29]&#10;    |   `--SLIST -&gt; { [33:31]&#10;    |       |--VARIABLE_DEF -&gt; VARIABLE_DEF [35:8]&#10;    |       |   |--MODIFIERS -&gt; MODIFIERS [35:8]&#10;    |       |   |--TYPE -&gt; TYPE [35:8]&#10;    |       |   |   `--LITERAL_BOOLEAN -&gt; boolean [35:8]&#10;    |       |   |--IDENT -&gt; b [35:16]&#10;    |       |   `--ASSIGN -&gt; = [35:18]&#10;    |       |       `--EXPR -&gt; EXPR [35:34]&#10;    |       |           `--GT -&gt; &gt; [35:34]&#10;    |       |               |--METHOD_CALL -&gt; ( [35:31]&#10;    |       |               |   |--DOT -&gt; . [35:24]&#10;    |       |               |   |   |--IDENT -&gt; Math [35:20]&#10;    |       |               |   |   `--IDENT -&gt; random [35:25]&#10;    |       |               |   |--ELIST -&gt; ELIST [35:32]&#10;    |       |               |   `--RPAREN -&gt; ) [35:32]&#10;    |       |               `--NUM_INT -&gt; 0 [35:36]&#10;    |       |--SEMI -&gt; ; [35:37]&#10;    |       |--VARIABLE_DEF -&gt; VARIABLE_DEF [37:8]&#10;    |       |   |--MODIFIERS -&gt; MODIFIERS [37:8]&#10;    |       |   |--TYPE -&gt; TYPE [37:8]&#10;    |       |   |   `--LITERAL_INT -&gt; int [37:8]&#10;    |       |   `--IDENT -&gt; vint [37:12]&#10;    |       |--SEMI -&gt; ; [37:16]&#10;    |       |--VARIABLE_DEF -&gt; VARIABLE_DEF [38:8]&#10;    |       |   |--MODIFIERS -&gt; MODIFIERS [38:8]&#10;    |       |   |--TYPE -&gt; TYPE [38:8]&#10;    |       |   |   `--IDENT -&gt; Object [38:8]&#10;    |       |   |--IDENT -&gt; o [38:15]&#10;    |       |   `--ASSIGN -&gt; = [38:17]&#10;    |       |       `--EXPR -&gt; EXPR [38:19]&#10;    |       |           `--LITERAL_NULL -&gt; null [38:19]&#10;    |       |--SEMI -&gt; ; [38:23]&#10;    |       |--VARIABLE_DEF -&gt; VARIABLE_DEF [39:8]&#10;    |       |   |--MODIFIERS -&gt; MODIFIERS [39:8]&#10;    |       |   |--TYPE -&gt; TYPE [39:8]&#10;    |       |   |   |--IDENT -&gt; List [39:8]&#10;    |       |   |   `--TYPE_ARGUMENTS -&gt; TYPE_ARGUMENTS [39:12]&#10;    |       |   |       |--GENERIC_START -&gt; &lt; [39:12]&#10;    |       |   |       |--TYPE_ARGUMENT -&gt; TYPE_ARGUMENT [39:13]&#10;    |       |   |       |   `--IDENT -&gt; String [39:13]&#10;    |       |   |       `--GENERIC_END -&gt; &gt; [39:19]&#10;    |       |   `--IDENT -&gt; vlist [39:21]&#10;    |       |--SEMI -&gt; ; [39:26]&#10;    |       |--EXPR -&gt; EXPR [40:14]&#10;    |       |   `--ASSIGN -&gt; = [40:14]&#10;    |       |       |--IDENT -&gt; vlist [40:8]&#10;    |       |       `--LITERAL_NEW -&gt; new [40:16]&#10;    |       |           |--IDENT -&gt; ArrayList [40:20]&#10;    |       |           |--TYPE_ARGUMENTS -&gt; TYPE_ARGUMENTS [40:29]&#10;    |       |           |   |--GENERIC_START -&gt; &lt; [40:29]&#10;    |       |           |   |--TYPE_ARGUMENT -&gt; TYPE_ARGUMENT [40:30]&#10;    |       |           |   |   `--IDENT -&gt; String [40:30]&#10;    |       |           |   `--GENERIC_END -&gt; &gt; [40:36]&#10;    |       |           |--LPAREN -&gt; ( [40:37]&#10;    |       |           |--ELIST -&gt; ELIST [40:38]&#10;    |       |           `--RPAREN -&gt; ) [40:38]&#10;    |       |--SEMI -&gt; ; [40:39]&#10;    |       |--VARIABLE_DEF -&gt; VARIABLE_DEF [41:8]&#10;    |       |   |--MODIFIERS -&gt; MODIFIERS [41:8]&#10;    |       |   |--TYPE -&gt; TYPE [41:8]&#10;    |       |   |   |--IDENT -&gt; Supplier [41:8]&#10;    |       |   |   `--TYPE_ARGUMENTS -&gt; TYPE_ARGUMENTS [41:16]&#10;    |       |   |       |--GENERIC_START -&gt; &lt; [41:16]&#10;    |       |   |       |--TYPE_ARGUMENT -&gt; TYPE_ARGUMENT [41:17]&#10;    |       |   |       |   `--WILDCARD_TYPE -&gt; ? [41:17]&#10;    |       |   |       `--GENERIC_END -&gt; &gt; [41:18]&#10;    |       |   `--IDENT -&gt; s [41:20]&#10;    |       |--SEMI -&gt; ; [41:21]&#10;    |       |--VARIABLE_DEF -&gt; VARIABLE_DEF [44:11]&#10;    |       |   |--MODIFIERS -&gt; MODIFIERS [44:11]&#10;    |       |   |--TYPE -&gt; TYPE [44:11]&#10;    |       |   |   `--DOT -&gt; . [44:11]&#10;    |       |   |       |--IDENT -&gt; Map [44:8]&#10;    |       |   |       |--ANNOTATIONS -&gt; ANNOTATIONS [44:12]&#10;    |       |   |       |   `--ANNOTATION -&gt; ANNOTATION [44:12]&#10;    |       |   |       |       |--AT -&gt; @ [44:12]&#10;    |       |   |       |       `--IDENT -&gt; Nullable [44:13]&#10;    |       |   |       `--IDENT -&gt; Entry [44:22]&#10;    |       |   `--IDENT -&gt; e [44:28]&#10;    |       |--SEMI -&gt; ; [44:29]&#10;    |       |--VARIABLE_DEF -&gt; VARIABLE_DEF [45:8]&#10;    |       |   |--MODIFIERS -&gt; MODIFIERS [45:8]&#10;    |       |   |--TYPE -&gt; TYPE [45:8]&#10;    |       |   |   `--IDENT -&gt; String [45:8]&#10;    |       |   |--IDENT -&gt; str [45:15]&#10;    |       |   `--ASSIGN -&gt; = [45:19]&#10;    |       |       `--EXPR -&gt; EXPR [45:21]&#10;    |       |           `--TYPECAST -&gt; ( [45:21]&#10;    |       |               |--TYPE -&gt; TYPE [45:22]&#10;    |       |               |   |--ANNOTATIONS -&gt; ANNOTATIONS [45:22]&#10;    |       |               |   |   `--ANNOTATION -&gt; ANNOTATION [45:22]&#10;    |       |               |   |       |--AT -&gt; @ [45:22]&#10;    |       |               |   |       `--IDENT -&gt; Nullable [45:23]&#10;    |       |               |   `--IDENT -&gt; String [45:32]&#10;    |       |               |--RPAREN -&gt; ) [45:38]&#10;    |       |               `--STRING_LITERAL -&gt; &quot;&quot; [45:40]&#10;    |       |--SEMI -&gt; ; [45:42]&#10;    |       |--EXPR -&gt; EXPR [46:42]&#10;    |       |   `--METHOD_CALL -&gt; ( [46:42]&#10;    |       |       |--DOT -&gt; . [46:22]&#10;    |       |       |   |--LPAREN -&gt; ( [46:8]&#10;    |       |       |   |--LITERAL_NEW -&gt; new [46:9]&#10;    |       |       |   |   |--IDENT -&gt; Inner3 [46:13]&#10;    |       |       |   |   |--LPAREN -&gt; ( [46:19]&#10;    |       |       |   |   |--ELIST -&gt; ELIST [46:20]&#10;    |       |       |   |   `--RPAREN -&gt; ) [46:20]&#10;    |       |       |   |--RPAREN -&gt; ) [46:21]&#10;    |       |       |   |--TYPE_ARGUMENTS -&gt; TYPE_ARGUMENTS [46:23]&#10;    |       |       |   |   |--GENERIC_START -&gt; &lt; [46:23]&#10;    |       |       |   |   |--TYPE_ARGUMENT -&gt; TYPE_ARGUMENT [46:24]&#10;    |       |       |   |   |   |--ANNOTATIONS -&gt; ANNOTATIONS [46:24]&#10;    |       |       |   |   |   |   `--ANNOTATION -&gt; ANNOTATION [46:24]&#10;    |       |       |   |   |   |       |--AT -&gt; @ [46:24]&#10;    |       |       |   |   |   |       `--IDENT -&gt; Nullable [46:25]&#10;    |       |       |   |   |   `--IDENT -&gt; String [46:34]&#10;    |       |       |   |   `--GENERIC_END -&gt; &gt; [46:40]&#10;    |       |       |   `--IDENT -&gt; m [46:41]&#10;    |       |       |--ELIST -&gt; ELIST [46:43]&#10;    |       |       `--RPAREN -&gt; ) [46:43]&#10;    |       |--SEMI -&gt; ; [46:44]&#10;    |       |--VARIABLE_DEF -&gt; VARIABLE_DEF [49:8]&#10;    |       |   |--MODIFIERS -&gt; MODIFIERS [49:8]&#10;    |       |   |--TYPE -&gt; TYPE [49:8]&#10;    |       |   |   `--IDENT -&gt; IntBinaryOperator [49:8]&#10;    |       |   |--IDENT -&gt; ibo [49:26]&#10;    |       |   `--ASSIGN -&gt; = [49:30]&#10;    |       |       `--EXPR -&gt; EXPR [49:36]&#10;    |       |           `--METHOD_REF -&gt; :: [49:36]&#10;    |       |               |--IDENT -&gt; Math [49:32]&#10;    |       |               `--IDENT -&gt; max [49:38]&#10;    |       |--SEMI -&gt; ; [49:41]&#10;    |       |--EXPR -&gt; EXPR [50:10]&#10;    |       |   `--ASSIGN -&gt; = [50:10]&#10;    |       |       |--IDENT -&gt; s [50:8]&#10;    |       |       `--METHOD_REF -&gt; :: [50:38]&#10;    |       |           |--IDENT -&gt; InputRegressionJava8Class1 [50:12]&#10;    |       |           `--LITERAL_NEW -&gt; new [50:40]&#10;    |       |--SEMI -&gt; ; [50:43]&#10;    |       |--EXPR -&gt; EXPR [51:10]&#10;    |       |   `--ASSIGN -&gt; = [51:10]&#10;    |       |       |--IDENT -&gt; s [51:8]&#10;    |       |       `--METHOD_REF -&gt; :: [51:33]&#10;    |       |           |--DOT -&gt; . [51:18]&#10;    |       |           |   |--IDENT -&gt; Inner1 [51:12]&#10;    |       |           |   |--IDENT -&gt; Inner2 [51:19]&#10;    |       |           |   `--TYPE_ARGUMENTS -&gt; TYPE_ARGUMENTS [51:25]&#10;    |       |           |       |--GENERIC_START -&gt; &lt; [51:25]&#10;    |       |           |       |--TYPE_ARGUMENT -&gt; TYPE_ARGUMENT [51:26]&#10;    |       |           |       |   `--IDENT -&gt; String [51:26]&#10;    |       |           |       `--GENERIC_END -&gt; &gt; [51:32]&#10;    |       |           `--LITERAL_NEW -&gt; new [51:35]&#10;    |       |--SEMI -&gt; ; [51:38]&#10;    |       |--VARIABLE_DEF -&gt; VARIABLE_DEF [54:8]&#10;    |       |   |--MODIFIERS -&gt; MODIFIERS [54:8]&#10;    |       |   |--TYPE -&gt; TYPE [54:8]&#10;    |       |   |   `--IDENT -&gt; Runnable [54:8]&#10;    |       |   |--IDENT -&gt; r1 [54:17]&#10;    |       |   `--ASSIGN -&gt; = [54:20]&#10;    |       |       `--LAMBDA -&gt; -&gt; [54:25]&#10;    |       |           |--LPAREN -&gt; ( [54:22]&#10;    |       |           |--PARAMETERS -&gt; PARAMETERS [54:23]&#10;    |       |           |--RPAREN -&gt; ) [54:23]&#10;    |       |           `--EXPR -&gt; EXPR [54:29]&#10;    |       |               `--METHOD_CALL -&gt; ( [54:29]&#10;    |       |                   |--IDENT -&gt; m [54:28]&#10;    |       |                   |--ELIST -&gt; ELIST [54:30]&#10;    |       |                   `--RPAREN -&gt; ) [54:30]&#10;    |       |--SEMI -&gt; ; [54:31]&#10;    |       |--VARIABLE_DEF -&gt; VARIABLE_DEF [55:8]&#10;    |       |   |--MODIFIERS -&gt; MODIFIERS [55:8]&#10;    |       |   |--TYPE -&gt; TYPE [55:8]&#10;    |       |   |   `--IDENT -&gt; Runnable [55:8]&#10;    |       |   |--IDENT -&gt; r2 [55:17]&#10;    |       |   `--ASSIGN -&gt; = [55:20]&#10;    |       |       `--LAMBDA -&gt; -&gt; [55:25]&#10;    |       |           |--LPAREN -&gt; ( [55:22]&#10;    |       |           |--PARAMETERS -&gt; PARAMETERS [55:23]&#10;    |       |           |--RPAREN -&gt; ) [55:23]&#10;    |       |           `--SLIST -&gt; { [55:28]&#10;    |       |               |--EXPR -&gt; EXPR [55:31]&#10;    |       |               |   `--METHOD_CALL -&gt; ( [55:31]&#10;    |       |               |       |--IDENT -&gt; m [55:30]&#10;    |       |               |       |--ELIST -&gt; ELIST [55:32]&#10;    |       |               |       `--RPAREN -&gt; ) [55:32]&#10;    |       |               |--SEMI -&gt; ; [55:33]&#10;    |       |               `--RCURLY -&gt; } [55:35]&#10;    |       |--SEMI -&gt; ; [55:37]&#10;    |       |--EXPR -&gt; EXPR [56:24]&#10;    |       |   `--METHOD_CALL -&gt; ( [56:24]&#10;    |       |       |--DOT -&gt; . [56:19]&#10;    |       |       |   |--IDENT -&gt; Collections [56:8]&#10;    |       |       |   `--IDENT -&gt; sort [56:20]&#10;    |       |       |--ELIST -&gt; ELIST [56:25]&#10;    |       |       |   |--EXPR -&gt; EXPR [56:25]&#10;    |       |       |   |   `--IDENT -&gt; vlist [56:25]&#10;    |       |       |   |--COMMA -&gt; , [56:30]&#10;    |       |       |   `--LAMBDA -&gt; -&gt; [56:40]&#10;    |       |       |       |--LPAREN -&gt; ( [56:32]&#10;    |       |       |       |--PARAMETERS -&gt; PARAMETERS [56:33]&#10;    |       |       |       |   |--PARAMETER_DEF -&gt; PARAMETER_DEF [56:33]&#10;    |       |       |       |   |   |--MODIFIERS -&gt; MODIFIERS [56:33]&#10;    |       |       |       |   |   |--TYPE -&gt; TYPE [56:33]&#10;    |       |       |       |   |   `--IDENT -&gt; l [56:33]&#10;    |       |       |       |   |--COMMA -&gt; , [56:34]&#10;    |       |       |       |   `--PARAMETER_DEF -&gt; PARAMETER_DEF [56:37]&#10;    |       |       |       |       |--MODIFIERS -&gt; MODIFIERS [56:37]&#10;    |       |       |       |       |--TYPE -&gt; TYPE [56:37]&#10;    |       |       |       |       `--IDENT -&gt; r [56:37]&#10;    |       |       |       |--RPAREN -&gt; ) [56:38]&#10;    |       |       |       `--EXPR -&gt; EXPR [56:50]&#10;    |       |       |           `--QUESTION -&gt; ? [56:50]&#10;    |       |       |               |--EQUAL -&gt; == [56:45]&#10;    |       |       |               |   |--IDENT -&gt; l [56:43]&#10;    |       |       |               |   `--IDENT -&gt; r [56:48]&#10;    |       |       |               |--NUM_INT -&gt; 0 [56:52]&#10;    |       |       |               |--COLON -&gt; : [56:54]&#10;    |       |       |               `--NUM_INT -&gt; 1 [56:56]&#10;    |       |       `--RPAREN -&gt; ) [56:57]&#10;    |       |--SEMI -&gt; ; [56:58]&#10;    |       |--VARIABLE_DEF -&gt; VARIABLE_DEF [57:8]&#10;    |       |   |--MODIFIERS -&gt; MODIFIERS [57:8]&#10;    |       |   |--TYPE -&gt; TYPE [57:8]&#10;    |       |   |   |--IDENT -&gt; Predicate [57:8]&#10;    |       |   |   `--TYPE_ARGUMENTS -&gt; TYPE_ARGUMENTS [57:17]&#10;    |       |   |       |--GENERIC_START -&gt; &lt; [57:17]&#10;    |       |   |       |--TYPE_ARGUMENT -&gt; TYPE_ARGUMENT [57:18]&#10;    |       |   |       |   `--WILDCARD_TYPE -&gt; ? [57:18]&#10;    |       |   |       `--GENERIC_END -&gt; &gt; [57:19]&#10;    |       |   |--IDENT -&gt; t [57:21]&#10;    |       |   `--ASSIGN -&gt; = [57:23]&#10;    |       |       `--EXPR -&gt; EXPR [57:29]&#10;    |       |           `--QUESTION -&gt; ? [57:29]&#10;    |       |               |--LPAREN -&gt; ( [57:25]&#10;    |       |               |--IDENT -&gt; b [57:26]&#10;    |       |               |--RPAREN -&gt; ) [57:27]&#10;    |       |               |--LITERAL_NULL -&gt; null [57:31]&#10;    |       |               |--COLON -&gt; : [57:36]&#10;    |       |               `--LAMBDA -&gt; -&gt; [57:45]&#10;    |       |                   |--IDENT -&gt; object [57:38]&#10;    |       |                   `--EXPR -&gt; EXPR [57:56]&#10;    |       |                       `--METHOD_CALL -&gt; ( [57:56]&#10;    |       |                           |--DOT -&gt; . [57:49]&#10;    |       |                           |   |--IDENT -&gt; o [57:48]&#10;    |       |                           |   `--IDENT -&gt; equals [57:50]&#10;    |       |                           |--ELIST -&gt; ELIST [57:57]&#10;    |       |                           |   `--EXPR -&gt; EXPR [57:57]&#10;    |       |                           |       `--IDENT -&gt; object [57:57]&#10;    |       |                           `--RPAREN -&gt; ) [57:63]&#10;    |       |--SEMI -&gt; ; [57:64]&#10;    |       |--VARIABLE_DEF -&gt; VARIABLE_DEF [58:8]&#10;    |       |   |--MODIFIERS -&gt; MODIFIERS [58:8]&#10;    |       |   |--TYPE -&gt; TYPE [58:8]&#10;    |       |   |   `--IDENT -&gt; Double [58:8]&#10;    |       |   |--IDENT -&gt; mPi [58:15]&#10;    |       |   `--ASSIGN -&gt; = [58:19]&#10;    |       |       `--EXPR -&gt; EXPR [58:25]&#10;    |       |           `--DOT -&gt; . [58:25]&#10;    |       |               |--IDENT -&gt; Math [58:21]&#10;    |       |               `--IDENT -&gt; PI [58:26]&#10;    |       |--SEMI -&gt; ; [58:28]&#10;    |       `--RCURLY -&gt; } [59:4]&#10;    |--VARIABLE_DEF -&gt; VARIABLE_DEF [61:4]&#10;    |   |--MODIFIERS -&gt; MODIFIERS [61:4]&#10;    |   |   |--LITERAL_STATIC -&gt; static [61:4]&#10;    |   |   `--FINAL -&gt; final [61:11]&#10;    |   |--TYPE -&gt; TYPE [61:17]&#10;    |   |   |--IDENT -&gt; Comparator [61:17]&#10;    |   |   `--TYPE_ARGUMENTS -&gt; TYPE_ARGUMENTS [61:27]&#10;    |   |       |--GENERIC_START -&gt; &lt; [61:27]&#10;    |   |       |--TYPE_ARGUMENT -&gt; TYPE_ARGUMENT [61:28]&#10;    |   |       |   `--WILDCARD_TYPE -&gt; ? [61:28]&#10;    |   |       `--GENERIC_END -&gt; &gt; [61:29]&#10;    |   |--IDENT -&gt; f [61:31]&#10;    |   |--ASSIGN -&gt; = [61:33]&#10;    |   |   `--EXPR -&gt; EXPR [61:35]&#10;    |   |       `--TYPECAST -&gt; ( [61:35]&#10;    |   |           |--TYPE -&gt; TYPE [61:36]&#10;    |   |           |   |--IDENT -&gt; Comparator [61:36]&#10;    |   |           |   `--TYPE_ARGUMENTS -&gt; TYPE_ARGUMENTS [61:46]&#10;    |   |           |       |--GENERIC_START -&gt; &lt; [61:46]&#10;    |   |           |       |--TYPE_ARGUMENT -&gt; TYPE_ARGUMENT [61:47]&#10;    |   |           |       |   `--WILDCARD_TYPE -&gt; ? [61:47]&#10;    |   |           |       `--GENERIC_END -&gt; &gt; [61:48]&#10;    |   |           |--RPAREN -&gt; ) [61:49]&#10;    |   |           `--LAMBDA -&gt; -&gt; [61:74]&#10;    |   |               |--LPAREN -&gt; ( [61:51]&#10;    |   |               |--PARAMETERS -&gt; PARAMETERS [61:52]&#10;    |   |               |   |--PARAMETER_DEF -&gt; PARAMETER_DEF [61:52]&#10;    |   |               |   |   |--MODIFIERS -&gt; MODIFIERS [61:52]&#10;    |   |               |   |   |--TYPE -&gt; TYPE [61:52]&#10;    |   |               |   |   `--IDENT -&gt; dateTime1 [61:52]&#10;    |   |               |   |--COMMA -&gt; , [61:61]&#10;    |   |               |   `--PARAMETER_DEF -&gt; PARAMETER_DEF [61:63]&#10;    |   |               |       |--MODIFIERS -&gt; MODIFIERS [61:63]&#10;    |   |               |       |--TYPE -&gt; TYPE [61:63]&#10;    |   |               |       `--IDENT -&gt; dateTime2 [61:63]&#10;    |   |               |--RPAREN -&gt; ) [61:72]&#10;    |   |               `--SLIST -&gt; { [61:77]&#10;    |   |                   |--LITERAL_RETURN -&gt; return [61:79]&#10;    |   |                   |   |--EXPR -&gt; EXPR [61:86]&#10;    |   |                   |   |   `--NUM_INT -&gt; 0 [61:86]&#10;    |   |                   |   `--SEMI -&gt; ; [61:87]&#10;    |   |                   `--RCURLY -&gt; } [61:89]&#10;    |   `--SEMI -&gt; ; [61:90]&#10;    |--CLASS_DEF -&gt; CLASS_DEF [63:4]&#10;    |   |--MODIFIERS -&gt; MODIFIERS [63:4]&#10;    |   |   `--LITERAL_PRIVATE -&gt; private [63:4]&#10;    |   |--LITERAL_CLASS -&gt; class [63:12]&#10;    |   |--IDENT -&gt; Inner [63:18]&#10;    |   `--OBJBLOCK -&gt; OBJBLOCK [63:24]&#10;    |       |--LCURLY -&gt; { [63:24]&#10;    |       |--CTOR_DEF -&gt; CTOR_DEF [64:8]&#10;    |       |   |--MODIFIERS -&gt; MODIFIERS [64:8]&#10;    |       |   |   `--LITERAL_PUBLIC -&gt; public [64:8]&#10;    |       |   |--IDENT -&gt; Inner [64:15]&#10;    |       |   |--LPAREN -&gt; ( [64:20]&#10;    |       |   |--PARAMETERS -&gt; PARAMETERS [64:21]&#10;    |       |   |   `--PARAMETER_DEF -&gt; PARAMETER_DEF [64:21]&#10;    |       |   |       |--MODIFIERS -&gt; MODIFIERS [64:21]&#10;    |       |   |       |--TYPE -&gt; TYPE [64:21]&#10;    |       |   |       |   `--IDENT -&gt; InputRegressionJava8Class1 [64:21]&#10;    |       |   |       `--DOT -&gt; . [64:74]&#10;    |       |   |           |--IDENT -&gt; InputRegressionJava8Class1 [64:48]&#10;    |       |   |           `--LITERAL_THIS -&gt; this [64:75]&#10;    |       |   |--RPAREN -&gt; ) [64:79]&#10;    |       |   `--SLIST -&gt; { [64:81]&#10;    |       |       `--RCURLY -&gt; } [64:82]&#10;    |       `--RCURLY -&gt; } [65:4]&#10;    `--RCURLY -&gt; } [66:0]&#10;SEMI -&gt; ; [67:0]&#10;CLASS_DEF -&gt; CLASS_DEF [68:0]&#10;|--MODIFIERS -&gt; MODIFIERS [68:0]&#10;|--LITERAL_CLASS -&gt; class [68:0]&#10;|--IDENT -&gt; InputRegressionJava8TypeParam [68:6]&#10;|--TYPE_PARAMETERS -&gt; TYPE_PARAMETERS [68:36]&#10;|   |--GENERIC_START -&gt; &lt; [68:36]&#10;|   |--TYPE_PARAMETER -&gt; TYPE_PARAMETER [68:37]&#10;|   |   |--ANNOTATIONS -&gt; ANNOTATIONS [68:37]&#10;|   |   |   `--ANNOTATION -&gt; ANNOTATION [68:37]&#10;|   |   |       |--AT -&gt; @ [68:37]&#10;|   |   |       `--IDENT -&gt; Nullable [68:38]&#10;|   |   `--IDENT -&gt; T [68:47]&#10;|   `--GENERIC_END -&gt; &gt; [68:48]&#10;`--OBJBLOCK -&gt; OBJBLOCK [68:50]&#10;    |--LCURLY -&gt; { [68:50]&#10;    `--RCURLY -&gt; } [69:0]&#10;ANNOTATION_DEF -&gt; ANNOTATION_DEF [70:0]&#10;|--MODIFIERS -&gt; MODIFIERS [70:0]&#10;|   |--ANNOTATION -&gt; ANNOTATION [70:0]&#10;|   |   |--AT -&gt; @ [70:0]&#10;|   |   |--IDENT -&gt; Retention [70:1]&#10;|   |   |--LPAREN -&gt; ( [70:10]&#10;|   |   |--EXPR -&gt; EXPR [70:26]&#10;|   |   |   `--DOT -&gt; . [70:26]&#10;|   |   |       |--IDENT -&gt; RetentionPolicy [70:11]&#10;|   |   |       `--IDENT -&gt; CLASS [70:27]&#10;|   |   `--RPAREN -&gt; ) [70:32]&#10;|   `--ANNOTATION -&gt; ANNOTATION [71:0]&#10;|       |--AT -&gt; @ [71:0]&#10;|       |--IDENT -&gt; Target [71:1]&#10;|       |--LPAREN -&gt; ( [71:7]&#10;|       |--ANNOTATION_ARRAY_INIT -&gt; { [71:8]&#10;|       |   |--EXPR -&gt; EXPR [71:21]&#10;|       |   |   `--DOT -&gt; . [71:21]&#10;|       |   |       |--IDENT -&gt; ElementType [71:10]&#10;|       |   |       `--IDENT -&gt; TYPE_USE [71:22]&#10;|       |   `--RCURLY -&gt; } [71:31]&#10;|       `--RPAREN -&gt; ) [71:32]&#10;|--AT -&gt; @ [72:0]&#10;|--LITERAL_INTERFACE -&gt; interface [72:1]&#10;|--IDENT -&gt; Nullable [72:11]&#10;`--OBJBLOCK -&gt; OBJBLOCK [72:20]&#10;    |--LCURLY -&gt; { [72:20]&#10;    `--RCURLY -&gt; } [73:0]]&#10;&gt; but was:&lt;...DEF -&gt; package [2:0][&#10;|--ANNOTATIONS -&gt; ANNOTATIONS [2:39]&#10;|--DOT -&gt; . [2:39]&#10;|   |--DOT -&gt; . [2:28]&#10;|   |   |--DOT -&gt; . [2:22]&#10;|   |   |   |--DOT -&gt; . [2:11]&#10;|   |   |   |   |--IDENT -&gt; com [2:8]&#10;|   |   |   |   `--IDENT -&gt; puppycrawl [2:12]&#10;|   |   |   `--IDENT -&gt; tools [2:23]&#10;|   |   `--IDENT -&gt; checkstyle [2:29]&#10;|   `--IDENT -&gt; grammar [2:40]&#10;`--SEMI -&gt; ; [2:47]&#10;IMPORT -&gt; import [4:0]&#10;|--DOT -&gt; . [4:27]&#10;|   |--DOT -&gt; . [4:16]&#10;|   |   |--DOT -&gt; . [4:11]&#10;|   |   |   |--IDENT -&gt; java [4:7]&#10;|   |   |   `--IDENT -&gt; lang [4:12]&#10;|   |   `--IDENT -&gt; annotation [4:17]&#10;|   `--IDENT -&gt; ElementType [4:28]&#10;`--SEMI -&gt; ; [4:39]&#10;IMPORT -&gt; import [5:0]&#10;|--DOT -&gt; . [5:27]&#10;|   |--DOT -&gt; . [5:16]&#10;|   |   |--DOT -&gt; . [5:11]&#10;|   |   |   |--IDENT -&gt; java [5:7]&#10;|   |   |   `--IDENT -&gt; lang [5:12]&#10;|   |   `--IDENT -&gt; annotation [5:17]&#10;|   `--IDENT -&gt; Retention [5:28]&#10;`--SEMI -&gt; ; [5:37]&#10;IMPORT -&gt; import [6:0]&#10;|--DOT -&gt; . [6:27]&#10;|   |--DOT -&gt; . [6:16]&#10;|   |   |--DOT -&gt; . [6:11]&#10;|   |   |   |--IDENT -&gt; java [6:7]&#10;|   |   |   `--IDENT -&gt; lang [6:12]&#10;|   |   `--IDENT -&gt; annotation [6:17]&#10;|   `--IDENT -&gt; RetentionPolicy [6:28]&#10;`--SEMI -&gt; ; [6:43]&#10;IMPORT -&gt; import [7:0]&#10;|--DOT -&gt; . [7:27]&#10;|   |--DOT -&gt; . [7:16]&#10;|   |   |--DOT -&gt; . [7:11]&#10;|   |   |   |--IDENT -&gt; java [7:7]&#10;|   |   |   `--IDENT -&gt; lang [7:12]&#10;|   |   `--IDENT -&gt; annotation [7:17]&#10;|   `--IDENT -&gt; Target [7:28]&#10;`--SEMI -&gt; ; [7:34]&#10;IMPORT -&gt; import [8:0]&#10;|--DOT -&gt; . [8:16]&#10;|   |--DOT -&gt; . [8:11]&#10;|   |   |--IDENT -&gt; java [8:7]&#10;|   |   `--IDENT -&gt; util [8:12]&#10;|   `--IDENT -&gt; ArrayList [8:17]&#10;`--SEMI -&gt; ; [8:26]&#10;IMPORT -&gt; import [9:0]&#10;|--DOT -&gt; . [9:16]&#10;|   |--DOT -&gt; . [9:11]&#10;|   |   |--IDENT -&gt; java [9:7]&#10;|   |   `--IDENT -&gt; util [9:12]&#10;|   `--IDENT -&gt; Collections [9:17]&#10;`--SEMI -&gt; ; [9:28]&#10;IMPORT -&gt; import [10:0]&#10;|--DOT -&gt; . [10:16]&#10;|   |--DOT -&gt; . [10:11]&#10;|   |   |--IDENT -&gt; java [10:7]&#10;|   |   `--IDENT -&gt; util [10:12]&#10;|   `--IDENT -&gt; Comparator [10:17]&#10;`--SEMI -&gt; ; [10:27]&#10;IMPORT -&gt; import [11:0]&#10;|--DOT -&gt; . [11:16]&#10;|   |--DOT -&gt; . [11:11]&#10;|   |   |--IDENT -&gt; java [11:7]&#10;|   |   `--IDENT -&gt; util [11:12]&#10;|   `--IDENT -&gt; Map [11:17]&#10;`--SEMI -&gt; ; [11:20]&#10;IMPORT -&gt; import [12:0]&#10;|--DOT -&gt; . [12:16]&#10;|   |--DOT -&gt; . [12:11]&#10;|   |   |--IDENT -&gt; java [12:7]&#10;|   |   `--IDENT -&gt; util [12:12]&#10;|   `--IDENT -&gt; List [12:17]&#10;`--SEMI -&gt; ; [12:21]&#10;IMPORT -&gt; import [13:0]&#10;|--DOT -&gt; . [13:25]&#10;|   |--DOT -&gt; . [13:16]&#10;|   |   |--DOT -&gt; . [13:11]&#10;|   |   |   |--IDENT -&gt; java [13:7]&#10;|   |   |   `--IDENT -&gt; util [13:12]&#10;|   |   `--IDENT -&gt; function [13:17]&#10;|   `--IDENT -&gt; IntBinaryOperator [13:26]&#10;`--SEMI -&gt; ; [13:43]&#10;IMPORT -&gt; import [14:0]&#10;|--DOT -&gt; . [14:25]&#10;|   |--DOT -&gt; . [14:16]&#10;|   |   |--DOT -&gt; . [14:11]&#10;|   |   |   |--IDENT -&gt; java [14:7]&#10;|   |   |   `--IDENT -&gt; util [14:12]&#10;|   |   `--IDENT -&gt; function [14:17]&#10;|   `--IDENT -&gt; Predicate [14:26]&#10;`--SEMI -&gt; ; [14:35]&#10;IMPORT -&gt; import [15:0]&#10;|--DOT -&gt; . [15:25]&#10;|   |--DOT -&gt; . [15:16]&#10;|   |   |--DOT -&gt; . [15:11]&#10;|   |   |   |--IDENT -&gt; java [15:7]&#10;|   |   |   `--IDENT -&gt; util [15:12]&#10;|   |   `--IDENT -&gt; function [15:17]&#10;|   `--IDENT -&gt; Supplier [15:26]&#10;`--SEMI -&gt; ; [15:34]&#10;CLASS_DEF -&gt; CLASS_DEF [17:0]&#10;|--MODIFIERS -&gt; MODIFIERS [17:0]&#10;|   `--LITERAL_PUBLIC -&gt; public [17:0]&#10;|--LITERAL_CLASS -&gt; class [17:7]&#10;|--IDENT -&gt; InputRegressionJava8Class1 [17:13]&#10;`--OBJBLOCK -&gt; OBJBLOCK [17:40]&#10;    |--LCURLY -&gt; { [17:40]&#10;    |--CLASS_DEF -&gt; CLASS_DEF [18:4]&#10;    |   |--MODIFIERS -&gt; MODIFIERS [18:4]&#10;    |   |   `--LITERAL_STATIC -&gt; static [18:4]&#10;    |   |--LITERAL_CLASS -&gt; class [18:11]&#10;    |   |--IDENT -&gt; Inner1 [18:17]&#10;    |   `--OBJBLOCK -&gt; OBJBLOCK [18:24]&#10;    |       |--LCURLY -&gt; { [18:24]&#10;    |       |--CLASS_DEF -&gt; CLASS_DEF [18:26]&#10;    |       |   |--MODIFIERS -&gt; MODIFIERS [18:26]&#10;    |       |   |   `--LITERAL_STATIC -&gt; static [18:26]&#10;    |       |   |--LITERAL_CLASS -&gt; class [18:33]&#10;    |       |   |--IDENT -&gt; Inner2 [18:39]&#10;    |       |   |--TYPE_PARAMETERS -&gt; TYPE_PARAMETERS [18:45]&#10;    |       |   |   |--GENERIC_START -&gt; &lt; [18:45]&#10;    |       |   |   |--TYPE_PARAMETER -&gt; TYPE_PARAMETER [18:46]&#10;    |       |   |   |   `--IDENT -&gt; V [18:46]&#10;    |       |   |   `--GENERIC_END -&gt; &gt; [18:47]&#10;    |       |   `--OBJBLOCK -&gt; OBJBLOCK [18:49]&#10;    |       |       |--LCURLY -&gt; { [18:49]&#10;    |       |       |--METHOD_DEF -&gt; METHOD_DEF [18:51]&#10;    |       |       |   |--MODIFIERS -&gt; MODIFIERS [18:51]&#10;    |       |       |   |   `--LITERAL_PUBLIC -&gt; public [18:51]&#10;    |       |       |   |--TYPE -&gt; TYPE [18:58]&#10;    |       |       |   |   `--LITERAL_VOID -&gt; void [18:58]&#10;    |       |       |   |--IDENT -&gt; m [18:63]&#10;    |       |       |   |--LPAREN -&gt; ( [18:64]&#10;    |       |       |   |--PARAMETERS -&gt; PARAMETERS [18:65]&#10;    |       |       |   |--RPAREN -&gt; ) [18:65]&#10;    |       |       |   `--SLIST -&gt; { [18:67]&#10;    |       |       |       `--RCURLY -&gt; } [18:68]&#10;    |       |       `--RCURLY -&gt; } [18:70]&#10;    |       `--RCURLY -&gt; } [18:72]&#10;    |--CLASS_DEF -&gt; CLASS_DEF [19:4]&#10;    |   |--MODIFIERS -&gt; MODIFIERS [19:4]&#10;    |   |   `--LITERAL_STATIC -&gt; static [19:4]&#10;    |   |--LITERAL_CLASS -&gt; class [19:11]&#10;    |   |--IDENT -&gt; Inner3 [19:17]&#10;    |   |--TYPE_PARAMETERS -&gt; TYPE_PARAMETERS [19:23]&#10;    |   |   |--GENERIC_START -&gt; &lt; [19:23]&#10;    |   |   |--TYPE_PARAMETER -&gt; TYPE_PARAMETER [19:24]&#10;    |   |   |   `--IDENT -&gt; T [19:24]&#10;    |   |   `--GENERIC_END -&gt; &gt; [19:25]&#10;    |   `--OBJBLOCK -&gt; OBJBLOCK [19:27]&#10;    |       |--LCURLY -&gt; { [19:27]&#10;    |       |--METHOD_DEF -&gt; METHOD_DEF [19:29]&#10;    |       |   |--MODIFIERS -&gt; MODIFIERS [19:29]&#10;    |       |   |   `--LITERAL_PUBLIC -&gt; public [19:29]&#10;    |       |   |--TYPE -&gt; TYPE [19:36]&#10;    |       |   |   `--LITERAL_VOID -&gt; void [19:36]&#10;    |       |   |--IDENT -&gt; m [19:41]&#10;    |       |   |--LPAREN -&gt; ( [19:42]&#10;    |       |   |--PARAMETERS -&gt; PARAMETERS [19:43]&#10;    |       |   |--RPAREN -&gt; ) [19:43]&#10;    |       |   `--SLIST -&gt; { [19:45]&#10;    |       |       `--RCURLY -&gt; } [19:46]&#10;    |       `--RCURLY -&gt; } [19:48]&#10;    |--METHOD_DEF -&gt; METHOD_DEF [21:4]&#10;    |   |--MODIFIERS -&gt; MODIFIERS [21:4]&#10;    |   |   `--LITERAL_PUBLIC -&gt; public [21:4]&#10;    |   |--TYPE -&gt; TYPE [21:11]&#10;    |   |   `--LITERAL_VOID -&gt; void [21:11]&#10;    |   |--IDENT -&gt; m [21:16]&#10;    |   |--LPAREN -&gt; ( [21:17]&#10;    |   |--PARAMETERS -&gt; PARAMETERS [21:18]&#10;    |   |--RPAREN -&gt; ) [21:18]&#10;    |   `--SLIST -&gt; { [21:20]&#10;    |       `--RCURLY -&gt; } [21:21]&#10;    |--METHOD_DEF -&gt; METHOD_DEF [22:4]&#10;    |   |--MODIFIERS -&gt; MODIFIERS [22:4]&#10;    |   |   |--LITERAL_PUBLIC -&gt; public [22:4]&#10;    |   |   `--LITERAL_STATIC -&gt; static [22:11]&#10;    |   |--TYPE -&gt; TYPE [22:18]&#10;    |   |   `--LITERAL_VOID -&gt; void [22:18]&#10;    |   |--IDENT -&gt; sm [22:23]&#10;    |   |--LPAREN -&gt; ( [22:25]&#10;    |   |--PARAMETERS -&gt; PARAMETERS [22:26]&#10;    |   |--RPAREN -&gt; ) [22:26]&#10;    |   `--SLIST -&gt; { [22:28]&#10;    |       `--RCURLY -&gt; } [22:29]&#10;    |--METHOD_DEF -&gt; METHOD_DEF [23:4]&#10;    |   |--MODIFIERS -&gt; MODIFIERS [23:4]&#10;    |   |--TYPE -&gt; TYPE [23:4]&#10;    |   |   `--LITERAL_VOID -&gt; void [23:4]&#10;    |   |--IDENT -&gt; m1 [23:9]&#10;    |   |--LPAREN -&gt; ( [23:11]&#10;    |   |--PARAMETERS -&gt; PARAMETERS [23:12]&#10;    |   |--RPAREN -&gt; ) [23:12]&#10;    |   |--LITERAL_THROWS -&gt; throws [23:14]&#10;    |   |   |--ANNOTATIONS -&gt; ANNOTATIONS [23:21]&#10;    |   |   |   `--ANNOTATION -&gt; ANNOTATION [23:21]&#10;    |   |   |       |--AT -&gt; @ [23:21]&#10;    |   |   |       `--IDENT -&gt; Nullable [23:22]&#10;    |   |   `--IDENT -&gt; Exception [23:31]&#10;    |   `--SLIST -&gt; { [23:41]&#10;    |       `--RCURLY -&gt; } [23:42]&#10;    |--METHOD_DEF -&gt; METHOD_DEF [24:4]&#10;    |   |--MODIFIERS -&gt; MODIFIERS [24:4]&#10;    |   |   |--LITERAL_PUBLIC -&gt; public [24:4]&#10;    |   |   `--LITERAL_STATIC -&gt; static [24:11]&#10;    |   |--TYPE_PARAMETERS -&gt; TYPE_PARAMETERS [24:18]&#10;    |   |   |--GENERIC_START -&gt; &lt; [24:18]&#10;    |   |   |--TYPE_PARAMETER -&gt; TYPE_PARAMETER [24:19]&#10;    |   |   |   `--IDENT -&gt; T [24:19]&#10;    |   |   `--GENERIC_END -&gt; &gt; [24:20]&#10;    |   |--TYPE -&gt; TYPE [24:22]&#10;    |   |   `--LITERAL_VOID -&gt; void [24:22]&#10;    |   |--IDENT -&gt; m2 [24:27]&#10;    |   |--LPAREN -&gt; ( [24:29]&#10;    |   |--PARAMETERS -&gt; PARAMETERS [24:42]&#10;    |   |   `--PARAMETER_DEF -&gt; PARAMETER_DEF [24:42]&#10;    |   |       |--MODIFIERS -&gt; MODIFIERS [24:42]&#10;    |   |       |--TYPE -&gt; TYPE [24:42]&#10;    |   |       |   `--ARRAY_DECLARATOR -&gt; [ [24:42]&#10;    |   |       |       |--IDENT -&gt; T [24:30]&#10;    |   |       |       |--ANNOTATIONS -&gt; ANNOTATIONS [24:32]&#10;    |   |       |       |   `--ANNOTATION -&gt; ANNOTATION [24:32]&#10;    |   |       |       |       |--AT -&gt; @ [24:32]&#10;    |   |       |       |       `--IDENT -&gt; Nullable [24:33]&#10;    |   |       |       `--RBRACK -&gt; ] [24:43]&#10;    |   |       `--IDENT -&gt; array [24:45]&#10;    |   |--RPAREN -&gt; ) [24:50]&#10;    |   `--SLIST -&gt; { [24:52]&#10;    |       `--RCURLY -&gt; } [24:53]&#10;    |--METHOD_DEF -&gt; METHOD_DEF [25:4]&#10;    |   |--MODIFIERS -&gt; MODIFIERS [25:4]&#10;    |   |   `--LITERAL_PUBLIC -&gt; public [25:4]&#10;    |   |--TYPE -&gt; TYPE [25:11]&#10;    |   |   `--LITERAL_VOID -&gt; void [25:11]&#10;    |   |--IDENT -&gt; m3 [25:16]&#10;    |   |--LPAREN -&gt; ( [25:18]&#10;    |   |--PARAMETERS -&gt; PARAMETERS [25:19]&#10;    |   |--RPAREN -&gt; ) [25:19]&#10;    |   |--LITERAL_THROWS -&gt; throws [25:21]&#10;    |   |   |--IDENT -&gt; NullPointerException [25:28]&#10;    |   |   |--COMMA -&gt; , [25:48]&#10;    |   |   |--ANNOTATIONS -&gt; ANNOTATIONS [25:50]&#10;    |   |   |   `--ANNOTATION -&gt; ANNOTATION [25:50]&#10;    |   |   |       |--AT -&gt; @ [25:50]&#10;    |   |   |       `--IDENT -&gt; Nullable [25:51]&#10;    |   |   `--IDENT -&gt; ArrayIndexOutOfBoundsException [25:60]&#10;    |   `--SLIST -&gt; { [25:91]&#10;    |       `--RCURLY -&gt; } [25:92]&#10;    |--METHOD_DEF -&gt; METHOD_DEF [26:4]&#10;    |   |--MODIFIERS -&gt; MODIFIERS [26:4]&#10;    |   |   `--LITERAL_PUBLIC -&gt; public [26:4]&#10;    |   |--TYPE -&gt; TYPE [26:11]&#10;    |   |   `--LITERAL_VOID -&gt; void [26:11]&#10;    |   |--IDENT -&gt; m4 [26:16]&#10;    |   |--LPAREN -&gt; ( [26:18]&#10;    |   |--PARAMETERS -&gt; PARAMETERS [26:19]&#10;    |   |   `--PARAMETER_DEF -&gt; PARAMETER_DEF [26:19]&#10;    |   |       |--MODIFIERS -&gt; MODIFIERS [26:19]&#10;    |   |       |--TYPE -&gt; TYPE [26:19]&#10;    |   |       |   `--IDENT -&gt; InputRegressionJava8Class1 [26:19]&#10;    |   |       `--LITERAL_THIS -&gt; this [26:46]&#10;    |   |--RPAREN -&gt; ) [26:50]&#10;    |   `--SLIST -&gt; { [26:52]&#10;    |       `--RCURLY -&gt; } [26:53]&#10;    |--METHOD_DEF -&gt; METHOD_DEF [27:4]&#10;    |   |--MODIFIERS -&gt; MODIFIERS [27:4]&#10;    |   |   `--LITERAL_PUBLIC -&gt; public [27:4]&#10;    |   |--TYPE -&gt; TYPE [27:11]&#10;    |   |   `--LITERAL_VOID -&gt; void [27:11]&#10;    |   |--IDENT -&gt; m5 [27:16]&#10;    |   |--LPAREN -&gt; ( [27:18]&#10;    |   |--PARAMETERS -&gt; PARAMETERS [27:19]&#10;    |   |   `--PARAMETER_DEF -&gt; PARAMETER_DEF [27:19]&#10;    |   |       |--MODIFIERS -&gt; MODIFIERS [27:19]&#10;    |   |       |   `--ANNOTATION -&gt; ANNOTATION [27:19]&#10;    |   |       |       |--AT -&gt; @ [27:19]&#10;    |   |       |       `--IDENT -&gt; Nullable [27:20]&#10;    |   |       |--TYPE -&gt; TYPE [27:29]&#10;    |   |       |   `--IDENT -&gt; InputRegressionJava8Class1 [27:29]&#10;    |   |       `--LITERAL_THIS -&gt; this [27:56]&#10;    |   |--RPAREN -&gt; ) [27:60]&#10;    |   `--SLIST -&gt; { [27:62]&#10;    |       `--RCURLY -&gt; } [27:63]&#10;    |--INSTANCE_INIT -&gt; INSTANCE_INIT [29:4]&#10;    |   `--SLIST -&gt; { [29:4]&#10;    |       |--VARIABLE_DEF -&gt; VARIABLE_DEF [30:8]&#10;    |       |   |--MODIFIERS -&gt; MODIFIERS [30:8]&#10;    |       |   |--TYPE -&gt; TYPE [30:8]&#10;    |       |   |   |--IDENT -&gt; List [30:8]&#10;    |       |   |   `--TYPE_ARGUMENTS -&gt; TYPE_ARGUMENTS [30:12]&#10;    |       |   |       |--GENERIC_START -&gt; &lt; [30:12]&#10;    |       |   |       |--TYPE_ARGUMENT -&gt; TYPE_ARGUMENT [30:13]&#10;    |       |   |       |   `--IDENT -&gt; String [30:13]&#10;    |       |   |       `--GENERIC_END -&gt; &gt; [30:19]&#10;    |       |   |--IDENT -&gt; vlist [30:21]&#10;    |       |   `--ASSIGN -&gt; = [30:27]&#10;    |       |       `--EXPR -&gt; EXPR [30:29]&#10;    |       |           `--LITERAL_NEW -&gt; new [30:29]&#10;    |       |               |--IDENT -&gt; ArrayList [30:33]&#10;    |       |               |--TYPE_ARGUMENTS -&gt; TYPE_ARGUMENTS [30:42]&#10;    |       |               |   |--GENERIC_START -&gt; &lt; [30:42]&#10;    |       |               |   |--TYPE_ARGUMENT -&gt; TYPE_ARGUMENT [30:43]&#10;    |       |               |   |   `--IDENT -&gt; String [30:43]&#10;    |       |               |   `--GENERIC_END -&gt; &gt; [30:49]&#10;    |       |               |--LPAREN -&gt; ( [30:50]&#10;    |       |               |--ELIST -&gt; ELIST [30:51]&#10;    |       |               `--RPAREN -&gt; ) [30:51]&#10;    |       |--SEMI -&gt; ; [30:52]&#10;    |       `--RCURLY -&gt; } [31:4]&#10;    |--METHOD_DEF -&gt; METHOD_DEF [33:4]&#10;    |   |--MODIFIERS -&gt; MODIFIERS [33:4]&#10;    |   |   `--LITERAL_PUBLIC -&gt; public [33:4]&#10;    |   |--TYPE -&gt; TYPE [33:11]&#10;    |   |   `--LITERAL_VOID -&gt; void [33:11]&#10;    |   |--IDENT -&gt; instructions [33:16]&#10;    |   |--LPAREN -&gt; ( [33:28]&#10;    |   |--PARAMETERS -&gt; PARAMETERS [33:29]&#10;    |   |--RPAREN -&gt; ) [33:29]&#10;    |   `--SLIST -&gt; { [33:31]&#10;    |       |--VARIABLE_DEF -&gt; VARIABLE_DEF [35:8]&#10;    |       |   |--MODIFIERS -&gt; MODIFIERS [35:8]&#10;    |       |   |--TYPE -&gt; TYPE [35:8]&#10;    |       |   |   `--LITERAL_BOOLEAN -&gt; boolean [35:8]&#10;    |       |   |--IDENT -&gt; b [35:16]&#10;    |       |   `--ASSIGN -&gt; = [35:18]&#10;    |       |       `--EXPR -&gt; EXPR [35:34]&#10;    |       |           `--GT -&gt; &gt; [35:34]&#10;    |       |               |--METHOD_CALL -&gt; ( [35:31]&#10;    |       |               |   |--DOT -&gt; . [35:24]&#10;    |       |               |   |   |--IDENT -&gt; Math [35:20]&#10;    |       |               |   |   `--IDENT -&gt; random [35:25]&#10;    |       |               |   |--ELIST -&gt; ELIST [35:32]&#10;    |       |               |   `--RPAREN -&gt; ) [35:32]&#10;    |       |               `--NUM_INT -&gt; 0 [35:36]&#10;    |       |--SEMI -&gt; ; [35:37]&#10;    |       |--VARIABLE_DEF -&gt; VARIABLE_DEF [37:8]&#10;    |       |   |--MODIFIERS -&gt; MODIFIERS [37:8]&#10;    |       |   |--TYPE -&gt; TYPE [37:8]&#10;    |       |   |   `--LITERAL_INT -&gt; int [37:8]&#10;    |       |   `--IDENT -&gt; vint [37:12]&#10;    |       |--SEMI -&gt; ; [37:16]&#10;    |       |--VARIABLE_DEF -&gt; VARIABLE_DEF [38:8]&#10;    |       |   |--MODIFIERS -&gt; MODIFIERS [38:8]&#10;    |       |   |--TYPE -&gt; TYPE [38:8]&#10;    |       |   |   `--IDENT -&gt; Object [38:8]&#10;    |       |   |--IDENT -&gt; o [38:15]&#10;    |       |   `--ASSIGN -&gt; = [38:17]&#10;    |       |       `--EXPR -&gt; EXPR [38:19]&#10;    |       |           `--LITERAL_NULL -&gt; null [38:19]&#10;    |       |--SEMI -&gt; ; [38:23]&#10;    |       |--VARIABLE_DEF -&gt; VARIABLE_DEF [39:8]&#10;    |       |   |--MODIFIERS -&gt; MODIFIERS [39:8]&#10;    |       |   |--TYPE -&gt; TYPE [39:8]&#10;    |       |   |   |--IDENT -&gt; List [39:8]&#10;    |       |   |   `--TYPE_ARGUMENTS -&gt; TYPE_ARGUMENTS [39:12]&#10;    |       |   |       |--GENERIC_START -&gt; &lt; [39:12]&#10;    |       |   |       |--TYPE_ARGUMENT -&gt; TYPE_ARGUMENT [39:13]&#10;    |       |   |       |   `--IDENT -&gt; String [39:13]&#10;    |       |   |       `--GENERIC_END -&gt; &gt; [39:19]&#10;    |       |   `--IDENT -&gt; vlist [39:21]&#10;    |       |--SEMI -&gt; ; [39:26]&#10;    |       |--EXPR -&gt; EXPR [40:14]&#10;    |       |   `--ASSIGN -&gt; = [40:14]&#10;    |       |       |--IDENT -&gt; vlist [40:8]&#10;    |       |       `--LITERAL_NEW -&gt; new [40:16]&#10;    |       |           |--IDENT -&gt; ArrayList [40:20]&#10;    |       |           |--TYPE_ARGUMENTS -&gt; TYPE_ARGUMENTS [40:29]&#10;    |       |           |   |--GENERIC_START -&gt; &lt; [40:29]&#10;    |       |           |   |--TYPE_ARGUMENT -&gt; TYPE_ARGUMENT [40:30]&#10;    |       |           |   |   `--IDENT -&gt; String [40:30]&#10;    |       |           |   `--GENERIC_END -&gt; &gt; [40:36]&#10;    |       |           |--LPAREN -&gt; ( [40:37]&#10;    |       |           |--ELIST -&gt; ELIST [40:38]&#10;    |       |           `--RPAREN -&gt; ) [40:38]&#10;    |       |--SEMI -&gt; ; [40:39]&#10;    |       |--VARIABLE_DEF -&gt; VARIABLE_DEF [41:8]&#10;    |       |   |--MODIFIERS -&gt; MODIFIERS [41:8]&#10;    |       |   |--TYPE -&gt; TYPE [41:8]&#10;    |       |   |   |--IDENT -&gt; Supplier [41:8]&#10;    |       |   |   `--TYPE_ARGUMENTS -&gt; TYPE_ARGUMENTS [41:16]&#10;    |       |   |       |--GENERIC_START -&gt; &lt; [41:16]&#10;    |       |   |       |--TYPE_ARGUMENT -&gt; TYPE_ARGUMENT [41:17]&#10;    |       |   |       |   `--WILDCARD_TYPE -&gt; ? [41:17]&#10;    |       |   |       `--GENERIC_END -&gt; &gt; [41:18]&#10;    |       |   `--IDENT -&gt; s [41:20]&#10;    |       |--SEMI -&gt; ; [41:21]&#10;    |       |--VARIABLE_DEF -&gt; VARIABLE_DEF [44:11]&#10;    |       |   |--MODIFIERS -&gt; MODIFIERS [44:11]&#10;    |       |   |--TYPE -&gt; TYPE [44:11]&#10;    |       |   |   `--DOT -&gt; . [44:11]&#10;    |       |   |       |--IDENT -&gt; Map [44:8]&#10;    |       |   |       |--ANNOTATIONS -&gt; ANNOTATIONS [44:12]&#10;    |       |   |       |   `--ANNOTATION -&gt; ANNOTATION [44:12]&#10;    |       |   |       |       |--AT -&gt; @ [44:12]&#10;    |       |   |       |       `--IDENT -&gt; Nullable [44:13]&#10;    |       |   |       `--IDENT -&gt; Entry [44:22]&#10;    |       |   `--IDENT -&gt; e [44:28]&#10;    |       |--SEMI -&gt; ; [44:29]&#10;    |       |--VARIABLE_DEF -&gt; VARIABLE_DEF [45:8]&#10;    |       |   |--MODIFIERS -&gt; MODIFIERS [45:8]&#10;    |       |   |--TYPE -&gt; TYPE [45:8]&#10;    |       |   |   `--IDENT -&gt; String [45:8]&#10;    |       |   |--IDENT -&gt; str [45:15]&#10;    |       |   `--ASSIGN -&gt; = [45:19]&#10;    |       |       `--EXPR -&gt; EXPR [45:21]&#10;    |       |           `--TYPECAST -&gt; ( [45:21]&#10;    |       |               |--TYPE -&gt; TYPE [45:22]&#10;    |       |               |   |--ANNOTATIONS -&gt; ANNOTATIONS [45:22]&#10;    |       |               |   |   `--ANNOTATION -&gt; ANNOTATION [45:22]&#10;    |       |               |   |       |--AT -&gt; @ [45:22]&#10;    |       |               |   |       `--IDENT -&gt; Nullable [45:23]&#10;    |       |               |   `--IDENT -&gt; String [45:32]&#10;    |       |               |--RPAREN -&gt; ) [45:38]&#10;    |       |               `--STRING_LITERAL -&gt; &quot;&quot; [45:40]&#10;    |       |--SEMI -&gt; ; [45:42]&#10;    |       |--EXPR -&gt; EXPR [46:42]&#10;    |       |   `--METHOD_CALL -&gt; ( [46:42]&#10;    |       |       |--DOT -&gt; . [46:22]&#10;    |       |       |   |--LPAREN -&gt; ( [46:8]&#10;    |       |       |   |--LITERAL_NEW -&gt; new [46:9]&#10;    |       |       |   |   |--IDENT -&gt; Inner3 [46:13]&#10;    |       |       |   |   |--LPAREN -&gt; ( [46:19]&#10;    |       |       |   |   |--ELIST -&gt; ELIST [46:20]&#10;    |       |       |   |   `--RPAREN -&gt; ) [46:20]&#10;    |       |       |   |--RPAREN -&gt; ) [46:21]&#10;    |       |       |   |--TYPE_ARGUMENTS -&gt; TYPE_ARGUMENTS [46:23]&#10;    |       |       |   |   |--GENERIC_START -&gt; &lt; [46:23]&#10;    |       |       |   |   |--TYPE_ARGUMENT -&gt; TYPE_ARGUMENT [46:24]&#10;    |       |       |   |   |   |--ANNOTATIONS -&gt; ANNOTATIONS [46:24]&#10;    |       |       |   |   |   |   `--ANNOTATION -&gt; ANNOTATION [46:24]&#10;    |       |       |   |   |   |       |--AT -&gt; @ [46:24]&#10;    |       |       |   |   |   |       `--IDENT -&gt; Nullable [46:25]&#10;    |       |       |   |   |   `--IDENT -&gt; String [46:34]&#10;    |       |       |   |   `--GENERIC_END -&gt; &gt; [46:40]&#10;    |       |       |   `--IDENT -&gt; m [46:41]&#10;    |       |       |--ELIST -&gt; ELIST [46:43]&#10;    |       |       `--RPAREN -&gt; ) [46:43]&#10;    |       |--SEMI -&gt; ; [46:44]&#10;    |       |--VARIABLE_DEF -&gt; VARIABLE_DEF [49:8]&#10;    |       |   |--MODIFIERS -&gt; MODIFIERS [49:8]&#10;    |       |   |--TYPE -&gt; TYPE [49:8]&#10;    |       |   |   `--IDENT -&gt; IntBinaryOperator [49:8]&#10;    |       |   |--IDENT -&gt; ibo [49:26]&#10;    |       |   `--ASSIGN -&gt; = [49:30]&#10;    |       |       `--EXPR -&gt; EXPR [49:36]&#10;    |       |           `--METHOD_REF -&gt; :: [49:36]&#10;    |       |               |--IDENT -&gt; Math [49:32]&#10;    |       |               `--IDENT -&gt; max [49:38]&#10;    |       |--SEMI -&gt; ; [49:41]&#10;    |       |--EXPR -&gt; EXPR [50:10]&#10;    |       |   `--ASSIGN -&gt; = [50:10]&#10;    |       |       |--IDENT -&gt; s [50:8]&#10;    |       |       `--METHOD_REF -&gt; :: [50:38]&#10;    |       |           |--IDENT -&gt; InputRegressionJava8Class1 [50:12]&#10;    |       |           `--LITERAL_NEW -&gt; new [50:40]&#10;    |       |--SEMI -&gt; ; [50:43]&#10;    |       |--EXPR -&gt; EXPR [51:10]&#10;    |       |   `--ASSIGN -&gt; = [51:10]&#10;    |       |       |--IDENT -&gt; s [51:8]&#10;    |       |       `--METHOD_REF -&gt; :: [51:33]&#10;    |       |           |--DOT -&gt; . [51:18]&#10;    |       |           |   |--IDENT -&gt; Inner1 [51:12]&#10;    |       |           |   |--IDENT -&gt; Inner2 [51:19]&#10;    |       |           |   `--TYPE_ARGUMENTS -&gt; TYPE_ARGUMENTS [51:25]&#10;    |       |           |       |--GENERIC_START -&gt; &lt; [51:25]&#10;    |       |           |       |--TYPE_ARGUMENT -&gt; TYPE_ARGUMENT [51:26]&#10;    |       |           |       |   `--IDENT -&gt; String [51:26]&#10;    |       |           |       `--GENERIC_END -&gt; &gt; [51:32]&#10;    |       |           `--LITERAL_NEW -&gt; new [51:35]&#10;    |       |--SEMI -&gt; ; [51:38]&#10;    |       |--VARIABLE_DEF -&gt; VARIABLE_DEF [54:8]&#10;    |       |   |--MODIFIERS -&gt; MODIFIERS [54:8]&#10;    |       |   |--TYPE -&gt; TYPE [54:8]&#10;    |       |   |   `--IDENT -&gt; Runnable [54:8]&#10;    |       |   |--IDENT -&gt; r1 [54:17]&#10;    |       |   `--ASSIGN -&gt; = [54:20]&#10;    |       |       `--LAMBDA -&gt; -&gt; [54:25]&#10;    |       |           |--LPAREN -&gt; ( [54:22]&#10;    |       |           |--PARAMETERS -&gt; PARAMETERS [54:23]&#10;    |       |           |--RPAREN -&gt; ) [54:23]&#10;    |       |           `--EXPR -&gt; EXPR [54:29]&#10;    |       |               `--METHOD_CALL -&gt; ( [54:29]&#10;    |       |                   |--IDENT -&gt; m [54:28]&#10;    |       |                   |--ELIST -&gt; ELIST [54:30]&#10;    |       |                   `--RPAREN -&gt; ) [54:30]&#10;    |       |--SEMI -&gt; ; [54:31]&#10;    |       |--VARIABLE_DEF -&gt; VARIABLE_DEF [55:8]&#10;    |       |   |--MODIFIERS -&gt; MODIFIERS [55:8]&#10;    |       |   |--TYPE -&gt; TYPE [55:8]&#10;    |       |   |   `--IDENT -&gt; Runnable [55:8]&#10;    |       |   |--IDENT -&gt; r2 [55:17]&#10;    |       |   `--ASSIGN -&gt; = [55:20]&#10;    |       |       `--LAMBDA -&gt; -&gt; [55:25]&#10;    |       |           |--LPAREN -&gt; ( [55:22]&#10;    |       |           |--PARAMETERS -&gt; PARAMETERS [55:23]&#10;    |       |           |--RPAREN -&gt; ) [55:23]&#10;    |       |           `--SLIST -&gt; { [55:28]&#10;    |       |               |--EXPR -&gt; EXPR [55:31]&#10;    |       |               |   `--METHOD_CALL -&gt; ( [55:31]&#10;    |       |               |       |--IDENT -&gt; m [55:30]&#10;    |       |               |       |--ELIST -&gt; ELIST [55:32]&#10;    |       |               |       `--RPAREN -&gt; ) [55:32]&#10;    |       |               |--SEMI -&gt; ; [55:33]&#10;    |       |               `--RCURLY -&gt; } [55:35]&#10;    |       |--SEMI -&gt; ; [55:37]&#10;    |       |--EXPR -&gt; EXPR [56:24]&#10;    |       |   `--METHOD_CALL -&gt; ( [56:24]&#10;    |       |       |--DOT -&gt; . [56:19]&#10;    |       |       |   |--IDENT -&gt; Collections [56:8]&#10;    |       |       |   `--IDENT -&gt; sort [56:20]&#10;    |       |       |--ELIST -&gt; ELIST [56:25]&#10;    |       |       |   |--EXPR -&gt; EXPR [56:25]&#10;    |       |       |   |   `--IDENT -&gt; vlist [56:25]&#10;    |       |       |   |--COMMA -&gt; , [56:30]&#10;    |       |       |   `--LAMBDA -&gt; -&gt; [56:40]&#10;    |       |       |       |--LPAREN -&gt; ( [56:32]&#10;    |       |       |       |--PARAMETERS -&gt; PARAMETERS [56:33]&#10;    |       |       |       |   |--PARAMETER_DEF -&gt; PARAMETER_DEF [56:33]&#10;    |       |       |       |   |   |--MODIFIERS -&gt; MODIFIERS [56:33]&#10;    |       |       |       |   |   |--TYPE -&gt; TYPE [56:33]&#10;    |       |       |       |   |   `--IDENT -&gt; l [56:33]&#10;    |       |       |       |   |--COMMA -&gt; , [56:34]&#10;    |       |       |       |   `--PARAMETER_DEF -&gt; PARAMETER_DEF [56:37]&#10;    |       |       |       |       |--MODIFIERS -&gt; MODIFIERS [56:37]&#10;    |       |       |       |       |--TYPE -&gt; TYPE [56:37]&#10;    |       |       |       |       `--IDENT -&gt; r [56:37]&#10;    |       |       |       |--RPAREN -&gt; ) [56:38]&#10;    |       |       |       `--EXPR -&gt; EXPR [56:50]&#10;    |       |       |           `--QUESTION -&gt; ? [56:50]&#10;    |       |       |               |--EQUAL -&gt; == [56:45]&#10;    |       |       |               |   |--IDENT -&gt; l [56:43]&#10;    |       |       |               |   `--IDENT -&gt; r [56:48]&#10;    |       |       |               |--NUM_INT -&gt; 0 [56:52]&#10;    |       |       |               |--COLON -&gt; : [56:54]&#10;    |       |       |               `--NUM_INT -&gt; 1 [56:56]&#10;    |       |       `--RPAREN -&gt; ) [56:57]&#10;    |       |--SEMI -&gt; ; [56:58]&#10;    |       |--VARIABLE_DEF -&gt; VARIABLE_DEF [57:8]&#10;    |       |   |--MODIFIERS -&gt; MODIFIERS [57:8]&#10;    |       |   |--TYPE -&gt; TYPE [57:8]&#10;    |       |   |   |--IDENT -&gt; Predicate [57:8]&#10;    |       |   |   `--TYPE_ARGUMENTS -&gt; TYPE_ARGUMENTS [57:17]&#10;    |       |   |       |--GENERIC_START -&gt; &lt; [57:17]&#10;    |       |   |       |--TYPE_ARGUMENT -&gt; TYPE_ARGUMENT [57:18]&#10;    |       |   |       |   `--WILDCARD_TYPE -&gt; ? [57:18]&#10;    |       |   |       `--GENERIC_END -&gt; &gt; [57:19]&#10;    |       |   |--IDENT -&gt; t [57:21]&#10;    |       |   `--ASSIGN -&gt; = [57:23]&#10;    |       |       `--EXPR -&gt; EXPR [57:29]&#10;    |       |           `--QUESTION -&gt; ? [57:29]&#10;    |       |               |--LPAREN -&gt; ( [57:25]&#10;    |       |               |--IDENT -&gt; b [57:26]&#10;    |       |               |--RPAREN -&gt; ) [57:27]&#10;    |       |               |--LITERAL_NULL -&gt; null [57:31]&#10;    |       |               |--COLON -&gt; : [57:36]&#10;    |       |               `--LAMBDA -&gt; -&gt; [57:45]&#10;    |       |                   |--IDENT -&gt; object [57:38]&#10;    |       |                   `--EXPR -&gt; EXPR [57:56]&#10;    |       |                       `--METHOD_CALL -&gt; ( [57:56]&#10;    |       |                           |--DOT -&gt; . [57:49]&#10;    |       |                           |   |--IDENT -&gt; o [57:48]&#10;    |       |                           |   `--IDENT -&gt; equals [57:50]&#10;    |       |                           |--ELIST -&gt; ELIST [57:57]&#10;    |       |                           |   `--EXPR -&gt; EXPR [57:57]&#10;    |       |                           |       `--IDENT -&gt; object [57:57]&#10;    |       |                           `--RPAREN -&gt; ) [57:63]&#10;    |       |--SEMI -&gt; ; [57:64]&#10;    |       |--VARIABLE_DEF -&gt; VARIABLE_DEF [58:8]&#10;    |       |   |--MODIFIERS -&gt; MODIFIERS [58:8]&#10;    |       |   |--TYPE -&gt; TYPE [58:8]&#10;    |       |   |   `--IDENT -&gt; Double [58:8]&#10;    |       |   |--IDENT -&gt; mPi [58:15]&#10;    |       |   `--ASSIGN -&gt; = [58:19]&#10;    |       |       `--EXPR -&gt; EXPR [58:25]&#10;    |       |           `--DOT -&gt; . [58:25]&#10;    |       |               |--IDENT -&gt; Math [58:21]&#10;    |       |               `--IDENT -&gt; PI [58:26]&#10;    |       |--SEMI -&gt; ; [58:28]&#10;    |       `--RCURLY -&gt; } [59:4]&#10;    |--VARIABLE_DEF -&gt; VARIABLE_DEF [61:4]&#10;    |   |--MODIFIERS -&gt; MODIFIERS [61:4]&#10;    |   |   |--LITERAL_STATIC -&gt; static [61:4]&#10;    |   |   `--FINAL -&gt; final [61:11]&#10;    |   |--TYPE -&gt; TYPE [61:17]&#10;    |   |   |--IDENT -&gt; Comparator [61:17]&#10;    |   |   `--TYPE_ARGUMENTS -&gt; TYPE_ARGUMENTS [61:27]&#10;    |   |       |--GENERIC_START -&gt; &lt; [61:27]&#10;    |   |       |--TYPE_ARGUMENT -&gt; TYPE_ARGUMENT [61:28]&#10;    |   |       |   `--WILDCARD_TYPE -&gt; ? [61:28]&#10;    |   |       `--GENERIC_END -&gt; &gt; [61:29]&#10;    |   |--IDENT -&gt; f [61:31]&#10;    |   |--ASSIGN -&gt; = [61:33]&#10;    |   |   `--EXPR -&gt; EXPR [61:35]&#10;    |   |       `--TYPECAST -&gt; ( [61:35]&#10;    |   |           |--TYPE -&gt; TYPE [61:36]&#10;    |   |           |   |--IDENT -&gt; Comparator [61:36]&#10;    |   |           |   `--TYPE_ARGUMENTS -&gt; TYPE_ARGUMENTS [61:46]&#10;    |   |           |       |--GENERIC_START -&gt; &lt; [61:46]&#10;    |   |           |       |--TYPE_ARGUMENT -&gt; TYPE_ARGUMENT [61:47]&#10;    |   |           |       |   `--WILDCARD_TYPE -&gt; ? [61:47]&#10;    |   |           |       `--GENERIC_END -&gt; &gt; [61:48]&#10;    |   |           |--RPAREN -&gt; ) [61:49]&#10;    |   |           `--LAMBDA -&gt; -&gt; [61:74]&#10;    |   |               |--LPAREN -&gt; ( [61:51]&#10;    |   |               |--PARAMETERS -&gt; PARAMETERS [61:52]&#10;    |   |               |   |--PARAMETER_DEF -&gt; PARAMETER_DEF [61:52]&#10;    |   |               |   |   |--MODIFIERS -&gt; MODIFIERS [61:52]&#10;    |   |               |   |   |--TYPE -&gt; TYPE [61:52]&#10;    |   |               |   |   `--IDENT -&gt; dateTime1 [61:52]&#10;    |   |               |   |--COMMA -&gt; , [61:61]&#10;    |   |               |   `--PARAMETER_DEF -&gt; PARAMETER_DEF [61:63]&#10;    |   |               |       |--MODIFIERS -&gt; MODIFIERS [61:63]&#10;    |   |               |       |--TYPE -&gt; TYPE [61:63]&#10;    |   |               |       `--IDENT -&gt; dateTime2 [61:63]&#10;    |   |               |--RPAREN -&gt; ) [61:72]&#10;    |   |               `--SLIST -&gt; { [61:77]&#10;    |   |                   |--LITERAL_RETURN -&gt; return [61:79]&#10;    |   |                   |   |--EXPR -&gt; EXPR [61:86]&#10;    |   |                   |   |   `--NUM_INT -&gt; 0 [61:86]&#10;    |   |                   |   `--SEMI -&gt; ; [61:87]&#10;    |   |                   `--RCURLY -&gt; } [61:89]&#10;    |   `--SEMI -&gt; ; [61:90]&#10;    |--CLASS_DEF -&gt; CLASS_DEF [63:4]&#10;    |   |--MODIFIERS -&gt; MODIFIERS [63:4]&#10;    |   |   `--LITERAL_PRIVATE -&gt; private [63:4]&#10;    |   |--LITERAL_CLASS -&gt; class [63:12]&#10;    |   |--IDENT -&gt; Inner [63:18]&#10;    |   `--OBJBLOCK -&gt; OBJBLOCK [63:24]&#10;    |       |--LCURLY -&gt; { [63:24]&#10;    |       |--CTOR_DEF -&gt; CTOR_DEF [64:8]&#10;    |       |   |--MODIFIERS -&gt; MODIFIERS [64:8]&#10;    |       |   |   `--LITERAL_PUBLIC -&gt; public [64:8]&#10;    |       |   |--IDENT -&gt; Inner [64:15]&#10;    |       |   |--LPAREN -&gt; ( [64:20]&#10;    |       |   |--PARAMETERS -&gt; PARAMETERS [64:21]&#10;    |       |   |   `--PARAMETER_DEF -&gt; PARAMETER_DEF [64:21]&#10;    |       |   |       |--MODIFIERS -&gt; MODIFIERS [64:21]&#10;    |       |   |       |--TYPE -&gt; TYPE [64:21]&#10;    |       |   |       |   `--IDENT -&gt; InputRegressionJava8Class1 [64:21]&#10;    |       |   |       `--DOT -&gt; . [64:74]&#10;    |       |   |           |--IDENT -&gt; InputRegressionJava8Class1 [64:48]&#10;    |       |   |           `--LITERAL_THIS -&gt; this [64:75]&#10;    |       |   |--RPAREN -&gt; ) [64:79]&#10;    |       |   `--SLIST -&gt; { [64:81]&#10;    |       |       `--RCURLY -&gt; } [64:82]&#10;    |       `--RCURLY -&gt; } [65:4]&#10;    `--RCURLY -&gt; } [66:0]&#10;SEMI -&gt; ; [67:0]&#10;CLASS_DEF -&gt; CLASS_DEF [68:0]&#10;|--MODIFIERS -&gt; MODIFIERS [68:0]&#10;|--LITERAL_CLASS -&gt; class [68:0]&#10;|--IDENT -&gt; InputRegressionJava8TypeParam [68:6]&#10;|--TYPE_PARAMETERS -&gt; TYPE_PARAMETERS [68:36]&#10;|   |--GENERIC_START -&gt; &lt; [68:36]&#10;|   |--TYPE_PARAMETER -&gt; TYPE_PARAMETER [68:37]&#10;|   |   |--ANNOTATIONS -&gt; ANNOTATIONS [68:37]&#10;|   |   |   `--ANNOTATION -&gt; ANNOTATION [68:37]&#10;|   |   |       |--AT -&gt; @ [68:37]&#10;|   |   |       `--IDENT -&gt; Nullable [68:38]&#10;|   |   `--IDENT -&gt; T [68:47]&#10;|   `--GENERIC_END -&gt; &gt; [68:48]&#10;`--OBJBLOCK -&gt; OBJBLOCK [68:50]&#10;    |--LCURLY -&gt; { [68:50]&#10;    `--RCURLY -&gt; } [69:0]&#10;ANNOTATION_DEF -&gt; ANNOTATION_DEF [70:0]&#10;|--MODIFIERS -&gt; MODIFIERS [70:0]&#10;|   |--ANNOTATION -&gt; ANNOTATION [70:0]&#10;|   |   |--AT -&gt; @ [70:0]&#10;|   |   |--IDENT -&gt; Retention [70:1]&#10;|   |   |--LPAREN -&gt; ( [70:10]&#10;|   |   |--EXPR -&gt; EXPR [70:26]&#10;|   |   |   `--DOT -&gt; . [70:26]&#10;|   |   |       |--IDENT -&gt; RetentionPolicy [70:11]&#10;|   |   |       `--IDENT -&gt; CLASS [70:27]&#10;|   |   `--RPAREN -&gt; ) [70:32]&#10;|   `--ANNOTATION -&gt; ANNOTATION [71:0]&#10;|       |--AT -&gt; @ [71:0]&#10;|       |--IDENT -&gt; Target [71:1]&#10;|       |--LPAREN -&gt; ( [71:7]&#10;|       |--ANNOTATION_ARRAY_INIT -&gt; { [71:8]&#10;|       |   |--EXPR -&gt; EXPR [71:21]&#10;|       |   |   `--DOT -&gt; . [71:21]&#10;|       |   |       |--IDENT -&gt; ElementType [71:10]&#10;|       |   |       `--IDENT -&gt; TYPE_USE [71:22]&#10;|       |   `--RCURLY -&gt; } [71:31]&#10;|       `--RPAREN -&gt; ) [71:32]&#10;|--AT -&gt; @ [72:0]&#10;|--LITERAL_INTERFACE -&gt; interface [72:1]&#10;|--IDENT -&gt; Nullable [72:11]&#10;`--OBJBLOCK -&gt; OBJBLOCK [72:20]&#10;    |--LCURLY -&gt; { [72:20]&#10;    `--RCURLY -&gt; } [73:0]&#13;]&#10;&gt;" type="org.junit.ComparisonFailure"><![CDATA[org.junit.ComparisonFailure: 
Generated AST from Java file should match pre-defined AST expected:<...DEF -> package [2:0][
|--ANNOTATIONS -> ANNOTATIONS [2:39]
|--DOT -> . [2:39]
|   |--DOT -> . [2:28]
|   |   |--DOT -> . [2:22]
|   |   |   |--DOT -> . [2:11]
|   |   |   |   |--IDENT -> com [2:8]
|   |   |   |   `--IDENT -> puppycrawl [2:12]
|   |   |   `--IDENT -> tools [2:23]
|   |   `--IDENT -> checkstyle [2:29]
|   `--IDENT -> grammar [2:40]
`--SEMI -> ; [2:47]
IMPORT -> import [4:0]
|--DOT -> . [4:27]
|   |--DOT -> . [4:16]
|   |   |--DOT -> . [4:11]
|   |   |   |--IDENT -> java [4:7]
|   |   |   `--IDENT -> lang [4:12]
|   |   `--IDENT -> annotation [4:17]
|   `--IDENT -> ElementType [4:28]
`--SEMI -> ; [4:39]
IMPORT -> import [5:0]
|--DOT -> . [5:27]
|   |--DOT -> . [5:16]
|   |   |--DOT -> . [5:11]
|   |   |   |--IDENT -> java [5:7]
|   |   |   `--IDENT -> lang [5:12]
|   |   `--IDENT -> annotation [5:17]
|   `--IDENT -> Retention [5:28]
`--SEMI -> ; [5:37]
IMPORT -> import [6:0]
|--DOT -> . [6:27]
|   |--DOT -> . [6:16]
|   |   |--DOT -> . [6:11]
|   |   |   |--IDENT -> java [6:7]
|   |   |   `--IDENT -> lang [6:12]
|   |   `--IDENT -> annotation [6:17]
|   `--IDENT -> RetentionPolicy [6:28]
`--SEMI -> ; [6:43]
IMPORT -> import [7:0]
|--DOT -> . [7:27]
|   |--DOT -> . [7:16]
|   |   |--DOT -> . [7:11]
|   |   |   |--IDENT -> java [7:7]
|   |   |   `--IDENT -> lang [7:12]
|   |   `--IDENT -> annotation [7:17]
|   `--IDENT -> Target [7:28]
`--SEMI -> ; [7:34]
IMPORT -> import [8:0]
|--DOT -> . [8:16]
|   |--DOT -> . [8:11]
|   |   |--IDENT -> java [8:7]
|   |   `--IDENT -> util [8:12]
|   `--IDENT -> ArrayList [8:17]
`--SEMI -> ; [8:26]
IMPORT -> import [9:0]
|--DOT -> . [9:16]
|   |--DOT -> . [9:11]
|   |   |--IDENT -> java [9:7]
|   |   `--IDENT -> util [9:12]
|   `--IDENT -> Collections [9:17]
`--SEMI -> ; [9:28]
IMPORT -> import [10:0]
|--DOT -> . [10:16]
|   |--DOT -> . [10:11]
|   |   |--IDENT -> java [10:7]
|   |   `--IDENT -> util [10:12]
|   `--IDENT -> Comparator [10:17]
`--SEMI -> ; [10:27]
IMPORT -> import [11:0]
|--DOT -> . [11:16]
|   |--DOT -> . [11:11]
|   |   |--IDENT -> java [11:7]
|   |   `--IDENT -> util [11:12]
|   `--IDENT -> Map [11:17]
`--SEMI -> ; [11:20]
IMPORT -> import [12:0]
|--DOT -> . [12:16]
|   |--DOT -> . [12:11]
|   |   |--IDENT -> java [12:7]
|   |   `--IDENT -> util [12:12]
|   `--IDENT -> List [12:17]
`--SEMI -> ; [12:21]
IMPORT -> import [13:0]
|--DOT -> . [13:25]
|   |--DOT -> . [13:16]
|   |   |--DOT -> . [13:11]
|   |   |   |--IDENT -> java [13:7]
|   |   |   `--IDENT -> util [13:12]
|   |   `--IDENT -> function [13:17]
|   `--IDENT -> IntBinaryOperator [13:26]
`--SEMI -> ; [13:43]
IMPORT -> import [14:0]
|--DOT -> . [14:25]
|   |--DOT -> . [14:16]
|   |   |--DOT -> . [14:11]
|   |   |   |--IDENT -> java [14:7]
|   |   |   `--IDENT -> util [14:12]
|   |   `--IDENT -> function [14:17]
|   `--IDENT -> Predicate [14:26]
`--SEMI -> ; [14:35]
IMPORT -> import [15:0]
|--DOT -> . [15:25]
|   |--DOT -> . [15:16]
|   |   |--DOT -> . [15:11]
|   |   |   |--IDENT -> java [15:7]
|   |   |   `--IDENT -> util [15:12]
|   |   `--IDENT -> function [15:17]
|   `--IDENT -> Supplier [15:26]
`--SEMI -> ; [15:34]
CLASS_DEF -> CLASS_DEF [17:0]
|--MODIFIERS -> MODIFIERS [17:0]
|   `--LITERAL_PUBLIC -> public [17:0]
|--LITERAL_CLASS -> class [17:7]
|--IDENT -> InputRegressionJava8Class1 [17:13]
`--OBJBLOCK -> OBJBLOCK [17:40]
    |--LCURLY -> { [17:40]
    |--CLASS_DEF -> CLASS_DEF [18:4]
    |   |--MODIFIERS -> MODIFIERS [18:4]
    |   |   `--LITERAL_STATIC -> static [18:4]
    |   |--LITERAL_CLASS -> class [18:11]
    |   |--IDENT -> Inner1 [18:17]
    |   `--OBJBLOCK -> OBJBLOCK [18:24]
    |       |--LCURLY -> { [18:24]
    |       |--CLASS_DEF -> CLASS_DEF [18:26]
    |       |   |--MODIFIERS -> MODIFIERS [18:26]
    |       |   |   `--LITERAL_STATIC -> static [18:26]
    |       |   |--LITERAL_CLASS -> class [18:33]
    |       |   |--IDENT -> Inner2 [18:39]
    |       |   |--TYPE_PARAMETERS -> TYPE_PARAMETERS [18:45]
    |       |   |   |--GENERIC_START -> < [18:45]
    |       |   |   |--TYPE_PARAMETER -> TYPE_PARAMETER [18:46]
    |       |   |   |   `--IDENT -> V [18:46]
    |       |   |   `--GENERIC_END -> > [18:47]
    |       |   `--OBJBLOCK -> OBJBLOCK [18:49]
    |       |       |--LCURLY -> { [18:49]
    |       |       |--METHOD_DEF -> METHOD_DEF [18:51]
    |       |       |   |--MODIFIERS -> MODIFIERS [18:51]
    |       |       |   |   `--LITERAL_PUBLIC -> public [18:51]
    |       |       |   |--TYPE -> TYPE [18:58]
    |       |       |   |   `--LITERAL_VOID -> void [18:58]
    |       |       |   |--IDENT -> m [18:63]
    |       |       |   |--LPAREN -> ( [18:64]
    |       |       |   |--PARAMETERS -> PARAMETERS [18:65]
    |       |       |   |--RPAREN -> ) [18:65]
    |       |       |   `--SLIST -> { [18:67]
    |       |       |       `--RCURLY -> } [18:68]
    |       |       `--RCURLY -> } [18:70]
    |       `--RCURLY -> } [18:72]
    |--CLASS_DEF -> CLASS_DEF [19:4]
    |   |--MODIFIERS -> MODIFIERS [19:4]
    |   |   `--LITERAL_STATIC -> static [19:4]
    |   |--LITERAL_CLASS -> class [19:11]
    |   |--IDENT -> Inner3 [19:17]
    |   |--TYPE_PARAMETERS -> TYPE_PARAMETERS [19:23]
    |   |   |--GENERIC_START -> < [19:23]
    |   |   |--TYPE_PARAMETER -> TYPE_PARAMETER [19:24]
    |   |   |   `--IDENT -> T [19:24]
    |   |   `--GENERIC_END -> > [19:25]
    |   `--OBJBLOCK -> OBJBLOCK [19:27]
    |       |--LCURLY -> { [19:27]
    |       |--METHOD_DEF -> METHOD_DEF [19:29]
    |       |   |--MODIFIERS -> MODIFIERS [19:29]
    |       |   |   `--LITERAL_PUBLIC -> public [19:29]
    |       |   |--TYPE -> TYPE [19:36]
    |       |   |   `--LITERAL_VOID -> void [19:36]
    |       |   |--IDENT -> m [19:41]
    |       |   |--LPAREN -> ( [19:42]
    |       |   |--PARAMETERS -> PARAMETERS [19:43]
    |       |   |--RPAREN -> ) [19:43]
    |       |   `--SLIST -> { [19:45]
    |       |       `--RCURLY -> } [19:46]
    |       `--RCURLY -> } [19:48]
    |--METHOD_DEF -> METHOD_DEF [21:4]
    |   |--MODIFIERS -> MODIFIERS [21:4]
    |   |   `--LITERAL_PUBLIC -> public [21:4]
    |   |--TYPE -> TYPE [21:11]
    |   |   `--LITERAL_VOID -> void [21:11]
    |   |--IDENT -> m [21:16]
    |   |--LPAREN -> ( [21:17]
    |   |--PARAMETERS -> PARAMETERS [21:18]
    |   |--RPAREN -> ) [21:18]
    |   `--SLIST -> { [21:20]
    |       `--RCURLY -> } [21:21]
    |--METHOD_DEF -> METHOD_DEF [22:4]
    |   |--MODIFIERS -> MODIFIERS [22:4]
    |   |   |--LITERAL_PUBLIC -> public [22:4]
    |   |   `--LITERAL_STATIC -> static [22:11]
    |   |--TYPE -> TYPE [22:18]
    |   |   `--LITERAL_VOID -> void [22:18]
    |   |--IDENT -> sm [22:23]
    |   |--LPAREN -> ( [22:25]
    |   |--PARAMETERS -> PARAMETERS [22:26]
    |   |--RPAREN -> ) [22:26]
    |   `--SLIST -> { [22:28]
    |       `--RCURLY -> } [22:29]
    |--METHOD_DEF -> METHOD_DEF [23:4]
    |   |--MODIFIERS -> MODIFIERS [23:4]
    |   |--TYPE -> TYPE [23:4]
    |   |   `--LITERAL_VOID -> void [23:4]
    |   |--IDENT -> m1 [23:9]
    |   |--LPAREN -> ( [23:11]
    |   |--PARAMETERS -> PARAMETERS [23:12]
    |   |--RPAREN -> ) [23:12]
    |   |--LITERAL_THROWS -> throws [23:14]
    |   |   |--ANNOTATIONS -> ANNOTATIONS [23:21]
    |   |   |   `--ANNOTATION -> ANNOTATION [23:21]
    |   |   |       |--AT -> @ [23:21]
    |   |   |       `--IDENT -> Nullable [23:22]
    |   |   `--IDENT -> Exception [23:31]
    |   `--SLIST -> { [23:41]
    |       `--RCURLY -> } [23:42]
    |--METHOD_DEF -> METHOD_DEF [24:4]
    |   |--MODIFIERS -> MODIFIERS [24:4]
    |   |   |--LITERAL_PUBLIC -> public [24:4]
    |   |   `--LITERAL_STATIC -> static [24:11]
    |   |--TYPE_PARAMETERS -> TYPE_PARAMETERS [24:18]
    |   |   |--GENERIC_START -> < [24:18]
    |   |   |--TYPE_PARAMETER -> TYPE_PARAMETER [24:19]
    |   |   |   `--IDENT -> T [24:19]
    |   |   `--GENERIC_END -> > [24:20]
    |   |--TYPE -> TYPE [24:22]
    |   |   `--LITERAL_VOID -> void [24:22]
    |   |--IDENT -> m2 [24:27]
    |   |--LPAREN -> ( [24:29]
    |   |--PARAMETERS -> PARAMETERS [24:42]
    |   |   `--PARAMETER_DEF -> PARAMETER_DEF [24:42]
    |   |       |--MODIFIERS -> MODIFIERS [24:42]
    |   |       |--TYPE -> TYPE [24:42]
    |   |       |   `--ARRAY_DECLARATOR -> [ [24:42]
    |   |       |       |--IDENT -> T [24:30]
    |   |       |       |--ANNOTATIONS -> ANNOTATIONS [24:32]
    |   |       |       |   `--ANNOTATION -> ANNOTATION [24:32]
    |   |       |       |       |--AT -> @ [24:32]
    |   |       |       |       `--IDENT -> Nullable [24:33]
    |   |       |       `--RBRACK -> ] [24:43]
    |   |       `--IDENT -> array [24:45]
    |   |--RPAREN -> ) [24:50]
    |   `--SLIST -> { [24:52]
    |       `--RCURLY -> } [24:53]
    |--METHOD_DEF -> METHOD_DEF [25:4]
    |   |--MODIFIERS -> MODIFIERS [25:4]
    |   |   `--LITERAL_PUBLIC -> public [25:4]
    |   |--TYPE -> TYPE [25:11]
    |   |   `--LITERAL_VOID -> void [25:11]
    |   |--IDENT -> m3 [25:16]
    |   |--LPAREN -> ( [25:18]
    |   |--PARAMETERS -> PARAMETERS [25:19]
    |   |--RPAREN -> ) [25:19]
    |   |--LITERAL_THROWS -> throws [25:21]
    |   |   |--IDENT -> NullPointerException [25:28]
    |   |   |--COMMA -> , [25:48]
    |   |   |--ANNOTATIONS -> ANNOTATIONS [25:50]
    |   |   |   `--ANNOTATION -> ANNOTATION [25:50]
    |   |   |       |--AT -> @ [25:50]
    |   |   |       `--IDENT -> Nullable [25:51]
    |   |   `--IDENT -> ArrayIndexOutOfBoundsException [25:60]
    |   `--SLIST -> { [25:91]
    |       `--RCURLY -> } [25:92]
    |--METHOD_DEF -> METHOD_DEF [26:4]
    |   |--MODIFIERS -> MODIFIERS [26:4]
    |   |   `--LITERAL_PUBLIC -> public [26:4]
    |   |--TYPE -> TYPE [26:11]
    |   |   `--LITERAL_VOID -> void [26:11]
    |   |--IDENT -> m4 [26:16]
    |   |--LPAREN -> ( [26:18]
    |   |--PARAMETERS -> PARAMETERS [26:19]
    |   |   `--PARAMETER_DEF -> PARAMETER_DEF [26:19]
    |   |       |--MODIFIERS -> MODIFIERS [26:19]
    |   |       |--TYPE -> TYPE [26:19]
    |   |       |   `--IDENT -> InputRegressionJava8Class1 [26:19]
    |   |       `--LITERAL_THIS -> this [26:46]
    |   |--RPAREN -> ) [26:50]
    |   `--SLIST -> { [26:52]
    |       `--RCURLY -> } [26:53]
    |--METHOD_DEF -> METHOD_DEF [27:4]
    |   |--MODIFIERS -> MODIFIERS [27:4]
    |   |   `--LITERAL_PUBLIC -> public [27:4]
    |   |--TYPE -> TYPE [27:11]
    |   |   `--LITERAL_VOID -> void [27:11]
    |   |--IDENT -> m5 [27:16]
    |   |--LPAREN -> ( [27:18]
    |   |--PARAMETERS -> PARAMETERS [27:19]
    |   |   `--PARAMETER_DEF -> PARAMETER_DEF [27:19]
    |   |       |--MODIFIERS -> MODIFIERS [27:19]
    |   |       |   `--ANNOTATION -> ANNOTATION [27:19]
    |   |       |       |--AT -> @ [27:19]
    |   |       |       `--IDENT -> Nullable [27:20]
    |   |       |--TYPE -> TYPE [27:29]
    |   |       |   `--IDENT -> InputRegressionJava8Class1 [27:29]
    |   |       `--LITERAL_THIS -> this [27:56]
    |   |--RPAREN -> ) [27:60]
    |   `--SLIST -> { [27:62]
    |       `--RCURLY -> } [27:63]
    |--INSTANCE_INIT -> INSTANCE_INIT [29:4]
    |   `--SLIST -> { [29:4]
    |       |--VARIABLE_DEF -> VARIABLE_DEF [30:8]
    |       |   |--MODIFIERS -> MODIFIERS [30:8]
    |       |   |--TYPE -> TYPE [30:8]
    |       |   |   |--IDENT -> List [30:8]
    |       |   |   `--TYPE_ARGUMENTS -> TYPE_ARGUMENTS [30:12]
    |       |   |       |--GENERIC_START -> < [30:12]
    |       |   |       |--TYPE_ARGUMENT -> TYPE_ARGUMENT [30:13]
    |       |   |       |   `--IDENT -> String [30:13]
    |       |   |       `--GENERIC_END -> > [30:19]
    |       |   |--IDENT -> vlist [30:21]
    |       |   `--ASSIGN -> = [30:27]
    |       |       `--EXPR -> EXPR [30:29]
    |       |           `--LITERAL_NEW -> new [30:29]
    |       |               |--IDENT -> ArrayList [30:33]
    |       |               |--TYPE_ARGUMENTS -> TYPE_ARGUMENTS [30:42]
    |       |               |   |--GENERIC_START -> < [30:42]
    |       |               |   |--TYPE_ARGUMENT -> TYPE_ARGUMENT [30:43]
    |       |               |   |   `--IDENT -> String [30:43]
    |       |               |   `--GENERIC_END -> > [30:49]
    |       |               |--LPAREN -> ( [30:50]
    |       |               |--ELIST -> ELIST [30:51]
    |       |               `--RPAREN -> ) [30:51]
    |       |--SEMI -> ; [30:52]
    |       `--RCURLY -> } [31:4]
    |--METHOD_DEF -> METHOD_DEF [33:4]
    |   |--MODIFIERS -> MODIFIERS [33:4]
    |   |   `--LITERAL_PUBLIC -> public [33:4]
    |   |--TYPE -> TYPE [33:11]
    |   |   `--LITERAL_VOID -> void [33:11]
    |   |--IDENT -> instructions [33:16]
    |   |--LPAREN -> ( [33:28]
    |   |--PARAMETERS -> PARAMETERS [33:29]
    |   |--RPAREN -> ) [33:29]
    |   `--SLIST -> { [33:31]
    |       |--VARIABLE_DEF -> VARIABLE_DEF [35:8]
    |       |   |--MODIFIERS -> MODIFIERS [35:8]
    |       |   |--TYPE -> TYPE [35:8]
    |       |   |   `--LITERAL_BOOLEAN -> boolean [35:8]
    |       |   |--IDENT -> b [35:16]
    |       |   `--ASSIGN -> = [35:18]
    |       |       `--EXPR -> EXPR [35:34]
    |       |           `--GT -> > [35:34]
    |       |               |--METHOD_CALL -> ( [35:31]
    |       |               |   |--DOT -> . [35:24]
    |       |               |   |   |--IDENT -> Math [35:20]
    |       |               |   |   `--IDENT -> random [35:25]
    |       |               |   |--ELIST -> ELIST [35:32]
    |       |               |   `--RPAREN -> ) [35:32]
    |       |               `--NUM_INT -> 0 [35:36]
    |       |--SEMI -> ; [35:37]
    |       |--VARIABLE_DEF -> VARIABLE_DEF [37:8]
    |       |   |--MODIFIERS -> MODIFIERS [37:8]
    |       |   |--TYPE -> TYPE [37:8]
    |       |   |   `--LITERAL_INT -> int [37:8]
    |       |   `--IDENT -> vint [37:12]
    |       |--SEMI -> ; [37:16]
    |       |--VARIABLE_DEF -> VARIABLE_DEF [38:8]
    |       |   |--MODIFIERS -> MODIFIERS [38:8]
    |       |   |--TYPE -> TYPE [38:8]
    |       |   |   `--IDENT -> Object [38:8]
    |       |   |--IDENT -> o [38:15]
    |       |   `--ASSIGN -> = [38:17]
    |       |       `--EXPR -> EXPR [38:19]
    |       |           `--LITERAL_NULL -> null [38:19]
    |       |--SEMI -> ; [38:23]
    |       |--VARIABLE_DEF -> VARIABLE_DEF [39:8]
    |       |   |--MODIFIERS -> MODIFIERS [39:8]
    |       |   |--TYPE -> TYPE [39:8]
    |       |   |   |--IDENT -> List [39:8]
    |       |   |   `--TYPE_ARGUMENTS -> TYPE_ARGUMENTS [39:12]
    |       |   |       |--GENERIC_START -> < [39:12]
    |       |   |       |--TYPE_ARGUMENT -> TYPE_ARGUMENT [39:13]
    |       |   |       |   `--IDENT -> String [39:13]
    |       |   |       `--GENERIC_END -> > [39:19]
    |       |   `--IDENT -> vlist [39:21]
    |       |--SEMI -> ; [39:26]
    |       |--EXPR -> EXPR [40:14]
    |       |   `--ASSIGN -> = [40:14]
    |       |       |--IDENT -> vlist [40:8]
    |       |       `--LITERAL_NEW -> new [40:16]
    |       |           |--IDENT -> ArrayList [40:20]
    |       |           |--TYPE_ARGUMENTS -> TYPE_ARGUMENTS [40:29]
    |       |           |   |--GENERIC_START -> < [40:29]
    |       |           |   |--TYPE_ARGUMENT -> TYPE_ARGUMENT [40:30]
    |       |           |   |   `--IDENT -> String [40:30]
    |       |           |   `--GENERIC_END -> > [40:36]
    |       |           |--LPAREN -> ( [40:37]
    |       |           |--ELIST -> ELIST [40:38]
    |       |           `--RPAREN -> ) [40:38]
    |       |--SEMI -> ; [40:39]
    |       |--VARIABLE_DEF -> VARIABLE_DEF [41:8]
    |       |   |--MODIFIERS -> MODIFIERS [41:8]
    |       |   |--TYPE -> TYPE [41:8]
    |       |   |   |--IDENT -> Supplier [41:8]
    |       |   |   `--TYPE_ARGUMENTS -> TYPE_ARGUMENTS [41:16]
    |       |   |       |--GENERIC_START -> < [41:16]
    |       |   |       |--TYPE_ARGUMENT -> TYPE_ARGUMENT [41:17]
    |       |   |       |   `--WILDCARD_TYPE -> ? [41:17]
    |       |   |       `--GENERIC_END -> > [41:18]
    |       |   `--IDENT -> s [41:20]
    |       |--SEMI -> ; [41:21]
    |       |--VARIABLE_DEF -> VARIABLE_DEF [44:11]
    |       |   |--MODIFIERS -> MODIFIERS [44:11]
    |       |   |--TYPE -> TYPE [44:11]
    |       |   |   `--DOT -> . [44:11]
    |       |   |       |--IDENT -> Map [44:8]
    |       |   |       |--ANNOTATIONS -> ANNOTATIONS [44:12]
    |       |   |       |   `--ANNOTATION -> ANNOTATION [44:12]
    |       |   |       |       |--AT -> @ [44:12]
    |       |   |       |       `--IDENT -> Nullable [44:13]
    |       |   |       `--IDENT -> Entry [44:22]
    |       |   `--IDENT -> e [44:28]
    |       |--SEMI -> ; [44:29]
    |       |--VARIABLE_DEF -> VARIABLE_DEF [45:8]
    |       |   |--MODIFIERS -> MODIFIERS [45:8]
    |       |   |--TYPE -> TYPE [45:8]
    |       |   |   `--IDENT -> String [45:8]
    |       |   |--IDENT -> str [45:15]
    |       |   `--ASSIGN -> = [45:19]
    |       |       `--EXPR -> EXPR [45:21]
    |       |           `--TYPECAST -> ( [45:21]
    |       |               |--TYPE -> TYPE [45:22]
    |       |               |   |--ANNOTATIONS -> ANNOTATIONS [45:22]
    |       |               |   |   `--ANNOTATION -> ANNOTATION [45:22]
    |       |               |   |       |--AT -> @ [45:22]
    |       |               |   |       `--IDENT -> Nullable [45:23]
    |       |               |   `--IDENT -> String [45:32]
    |       |               |--RPAREN -> ) [45:38]
    |       |               `--STRING_LITERAL -> "" [45:40]
    |       |--SEMI -> ; [45:42]
    |       |--EXPR -> EXPR [46:42]
    |       |   `--METHOD_CALL -> ( [46:42]
    |       |       |--DOT -> . [46:22]
    |       |       |   |--LPAREN -> ( [46:8]
    |       |       |   |--LITERAL_NEW -> new [46:9]
    |       |       |   |   |--IDENT -> Inner3 [46:13]
    |       |       |   |   |--LPAREN -> ( [46:19]
    |       |       |   |   |--ELIST -> ELIST [46:20]
    |       |       |   |   `--RPAREN -> ) [46:20]
    |       |       |   |--RPAREN -> ) [46:21]
    |       |       |   |--TYPE_ARGUMENTS -> TYPE_ARGUMENTS [46:23]
    |       |       |   |   |--GENERIC_START -> < [46:23]
    |       |       |   |   |--TYPE_ARGUMENT -> TYPE_ARGUMENT [46:24]
    |       |       |   |   |   |--ANNOTATIONS -> ANNOTATIONS [46:24]
    |       |       |   |   |   |   `--ANNOTATION -> ANNOTATION [46:24]
    |       |       |   |   |   |       |--AT -> @ [46:24]
    |       |       |   |   |   |       `--IDENT -> Nullable [46:25]
    |       |       |   |   |   `--IDENT -> String [46:34]
    |       |       |   |   `--GENERIC_END -> > [46:40]
    |       |       |   `--IDENT -> m [46:41]
    |       |       |--ELIST -> ELIST [46:43]
    |       |       `--RPAREN -> ) [46:43]
    |       |--SEMI -> ; [46:44]
    |       |--VARIABLE_DEF -> VARIABLE_DEF [49:8]
    |       |   |--MODIFIERS -> MODIFIERS [49:8]
    |       |   |--TYPE -> TYPE [49:8]
    |       |   |   `--IDENT -> IntBinaryOperator [49:8]
    |       |   |--IDENT -> ibo [49:26]
    |       |   `--ASSIGN -> = [49:30]
    |       |       `--EXPR -> EXPR [49:36]
    |       |           `--METHOD_REF -> :: [49:36]
    |       |               |--IDENT -> Math [49:32]
    |       |               `--IDENT -> max [49:38]
    |       |--SEMI -> ; [49:41]
    |       |--EXPR -> EXPR [50:10]
    |       |   `--ASSIGN -> = [50:10]
    |       |       |--IDENT -> s [50:8]
    |       |       `--METHOD_REF -> :: [50:38]
    |       |           |--IDENT -> InputRegressionJava8Class1 [50:12]
    |       |           `--LITERAL_NEW -> new [50:40]
    |       |--SEMI -> ; [50:43]
    |       |--EXPR -> EXPR [51:10]
    |       |   `--ASSIGN -> = [51:10]
    |       |       |--IDENT -> s [51:8]
    |       |       `--METHOD_REF -> :: [51:33]
    |       |           |--DOT -> . [51:18]
    |       |           |   |--IDENT -> Inner1 [51:12]
    |       |           |   |--IDENT -> Inner2 [51:19]
    |       |           |   `--TYPE_ARGUMENTS -> TYPE_ARGUMENTS [51:25]
    |       |           |       |--GENERIC_START -> < [51:25]
    |       |           |       |--TYPE_ARGUMENT -> TYPE_ARGUMENT [51:26]
    |       |           |       |   `--IDENT -> String [51:26]
    |       |           |       `--GENERIC_END -> > [51:32]
    |       |           `--LITERAL_NEW -> new [51:35]
    |       |--SEMI -> ; [51:38]
    |       |--VARIABLE_DEF -> VARIABLE_DEF [54:8]
    |       |   |--MODIFIERS -> MODIFIERS [54:8]
    |       |   |--TYPE -> TYPE [54:8]
    |       |   |   `--IDENT -> Runnable [54:8]
    |       |   |--IDENT -> r1 [54:17]
    |       |   `--ASSIGN -> = [54:20]
    |       |       `--LAMBDA -> -> [54:25]
    |       |           |--LPAREN -> ( [54:22]
    |       |           |--PARAMETERS -> PARAMETERS [54:23]
    |       |           |--RPAREN -> ) [54:23]
    |       |           `--EXPR -> EXPR [54:29]
    |       |               `--METHOD_CALL -> ( [54:29]
    |       |                   |--IDENT -> m [54:28]
    |       |                   |--ELIST -> ELIST [54:30]
    |       |                   `--RPAREN -> ) [54:30]
    |       |--SEMI -> ; [54:31]
    |       |--VARIABLE_DEF -> VARIABLE_DEF [55:8]
    |       |   |--MODIFIERS -> MODIFIERS [55:8]
    |       |   |--TYPE -> TYPE [55:8]
    |       |   |   `--IDENT -> Runnable [55:8]
    |       |   |--IDENT -> r2 [55:17]
    |       |   `--ASSIGN -> = [55:20]
    |       |       `--LAMBDA -> -> [55:25]
    |       |           |--LPAREN -> ( [55:22]
    |       |           |--PARAMETERS -> PARAMETERS [55:23]
    |       |           |--RPAREN -> ) [55:23]
    |       |           `--SLIST -> { [55:28]
    |       |               |--EXPR -> EXPR [55:31]
    |       |               |   `--METHOD_CALL -> ( [55:31]
    |       |               |       |--IDENT -> m [55:30]
    |       |               |       |--ELIST -> ELIST [55:32]
    |       |               |       `--RPAREN -> ) [55:32]
    |       |               |--SEMI -> ; [55:33]
    |       |               `--RCURLY -> } [55:35]
    |       |--SEMI -> ; [55:37]
    |       |--EXPR -> EXPR [56:24]
    |       |   `--METHOD_CALL -> ( [56:24]
    |       |       |--DOT -> . [56:19]
    |       |       |   |--IDENT -> Collections [56:8]
    |       |       |   `--IDENT -> sort [56:20]
    |       |       |--ELIST -> ELIST [56:25]
    |       |       |   |--EXPR -> EXPR [56:25]
    |       |       |   |   `--IDENT -> vlist [56:25]
    |       |       |   |--COMMA -> , [56:30]
    |       |       |   `--LAMBDA -> -> [56:40]
    |       |       |       |--LPAREN -> ( [56:32]
    |       |       |       |--PARAMETERS -> PARAMETERS [56:33]
    |       |       |       |   |--PARAMETER_DEF -> PARAMETER_DEF [56:33]
    |       |       |       |   |   |--MODIFIERS -> MODIFIERS [56:33]
    |       |       |       |   |   |--TYPE -> TYPE [56:33]
    |       |       |       |   |   `--IDENT -> l [56:33]
    |       |       |       |   |--COMMA -> , [56:34]
    |       |       |       |   `--PARAMETER_DEF -> PARAMETER_DEF [56:37]
    |       |       |       |       |--MODIFIERS -> MODIFIERS [56:37]
    |       |       |       |       |--TYPE -> TYPE [56:37]
    |       |       |       |       `--IDENT -> r [56:37]
    |       |       |       |--RPAREN -> ) [56:38]
    |       |       |       `--EXPR -> EXPR [56:50]
    |       |       |           `--QUESTION -> ? [56:50]
    |       |       |               |--EQUAL -> == [56:45]
    |       |       |               |   |--IDENT -> l [56:43]
    |       |       |               |   `--IDENT -> r [56:48]
    |       |       |               |--NUM_INT -> 0 [56:52]
    |       |       |               |--COLON -> : [56:54]
    |       |       |               `--NUM_INT -> 1 [56:56]
    |       |       `--RPAREN -> ) [56:57]
    |       |--SEMI -> ; [56:58]
    |       |--VARIABLE_DEF -> VARIABLE_DEF [57:8]
    |       |   |--MODIFIERS -> MODIFIERS [57:8]
    |       |   |--TYPE -> TYPE [57:8]
    |       |   |   |--IDENT -> Predicate [57:8]
    |       |   |   `--TYPE_ARGUMENTS -> TYPE_ARGUMENTS [57:17]
    |       |   |       |--GENERIC_START -> < [57:17]
    |       |   |       |--TYPE_ARGUMENT -> TYPE_ARGUMENT [57:18]
    |       |   |       |   `--WILDCARD_TYPE -> ? [57:18]
    |       |   |       `--GENERIC_END -> > [57:19]
    |       |   |--IDENT -> t [57:21]
    |       |   `--ASSIGN -> = [57:23]
    |       |       `--EXPR -> EXPR [57:29]
    |       |           `--QUESTION -> ? [57:29]
    |       |               |--LPAREN -> ( [57:25]
    |       |               |--IDENT -> b [57:26]
    |       |               |--RPAREN -> ) [57:27]
    |       |               |--LITERAL_NULL -> null [57:31]
    |       |               |--COLON -> : [57:36]
    |       |               `--LAMBDA -> -> [57:45]
    |       |                   |--IDENT -> object [57:38]
    |       |                   `--EXPR -> EXPR [57:56]
    |       |                       `--METHOD_CALL -> ( [57:56]
    |       |                           |--DOT -> . [57:49]
    |       |                           |   |--IDENT -> o [57:48]
    |       |                           |   `--IDENT -> equals [57:50]
    |       |                           |--ELIST -> ELIST [57:57]
    |       |                           |   `--EXPR -> EXPR [57:57]
    |       |                           |       `--IDENT -> object [57:57]
    |       |                           `--RPAREN -> ) [57:63]
    |       |--SEMI -> ; [57:64]
    |       |--VARIABLE_DEF -> VARIABLE_DEF [58:8]
    |       |   |--MODIFIERS -> MODIFIERS [58:8]
    |       |   |--TYPE -> TYPE [58:8]
    |       |   |   `--IDENT -> Double [58:8]
    |       |   |--IDENT -> mPi [58:15]
    |       |   `--ASSIGN -> = [58:19]
    |       |       `--EXPR -> EXPR [58:25]
    |       |           `--DOT -> . [58:25]
    |       |               |--IDENT -> Math [58:21]
    |       |               `--IDENT -> PI [58:26]
    |       |--SEMI -> ; [58:28]
    |       `--RCURLY -> } [59:4]
    |--VARIABLE_DEF -> VARIABLE_DEF [61:4]
    |   |--MODIFIERS -> MODIFIERS [61:4]
    |   |   |--LITERAL_STATIC -> static [61:4]
    |   |   `--FINAL -> final [61:11]
    |   |--TYPE -> TYPE [61:17]
    |   |   |--IDENT -> Comparator [61:17]
    |   |   `--TYPE_ARGUMENTS -> TYPE_ARGUMENTS [61:27]
    |   |       |--GENERIC_START -> < [61:27]
    |   |       |--TYPE_ARGUMENT -> TYPE_ARGUMENT [61:28]
    |   |       |   `--WILDCARD_TYPE -> ? [61:28]
    |   |       `--GENERIC_END -> > [61:29]
    |   |--IDENT -> f [61:31]
    |   |--ASSIGN -> = [61:33]
    |   |   `--EXPR -> EXPR [61:35]
    |   |       `--TYPECAST -> ( [61:35]
    |   |           |--TYPE -> TYPE [61:36]
    |   |           |   |--IDENT -> Comparator [61:36]
    |   |           |   `--TYPE_ARGUMENTS -> TYPE_ARGUMENTS [61:46]
    |   |           |       |--GENERIC_START -> < [61:46]
    |   |           |       |--TYPE_ARGUMENT -> TYPE_ARGUMENT [61:47]
    |   |           |       |   `--WILDCARD_TYPE -> ? [61:47]
    |   |           |       `--GENERIC_END -> > [61:48]
    |   |           |--RPAREN -> ) [61:49]
    |   |           `--LAMBDA -> -> [61:74]
    |   |               |--LPAREN -> ( [61:51]
    |   |               |--PARAMETERS -> PARAMETERS [61:52]
    |   |               |   |--PARAMETER_DEF -> PARAMETER_DEF [61:52]
    |   |               |   |   |--MODIFIERS -> MODIFIERS [61:52]
    |   |               |   |   |--TYPE -> TYPE [61:52]
    |   |               |   |   `--IDENT -> dateTime1 [61:52]
    |   |               |   |--COMMA -> , [61:61]
    |   |               |   `--PARAMETER_DEF -> PARAMETER_DEF [61:63]
    |   |               |       |--MODIFIERS -> MODIFIERS [61:63]
    |   |               |       |--TYPE -> TYPE [61:63]
    |   |               |       `--IDENT -> dateTime2 [61:63]
    |   |               |--RPAREN -> ) [61:72]
    |   |               `--SLIST -> { [61:77]
    |   |                   |--LITERAL_RETURN -> return [61:79]
    |   |                   |   |--EXPR -> EXPR [61:86]
    |   |                   |   |   `--NUM_INT -> 0 [61:86]
    |   |                   |   `--SEMI -> ; [61:87]
    |   |                   `--RCURLY -> } [61:89]
    |   `--SEMI -> ; [61:90]
    |--CLASS_DEF -> CLASS_DEF [63:4]
    |   |--MODIFIERS -> MODIFIERS [63:4]
    |   |   `--LITERAL_PRIVATE -> private [63:4]
    |   |--LITERAL_CLASS -> class [63:12]
    |   |--IDENT -> Inner [63:18]
    |   `--OBJBLOCK -> OBJBLOCK [63:24]
    |       |--LCURLY -> { [63:24]
    |       |--CTOR_DEF -> CTOR_DEF [64:8]
    |       |   |--MODIFIERS -> MODIFIERS [64:8]
    |       |   |   `--LITERAL_PUBLIC -> public [64:8]
    |       |   |--IDENT -> Inner [64:15]
    |       |   |--LPAREN -> ( [64:20]
    |       |   |--PARAMETERS -> PARAMETERS [64:21]
    |       |   |   `--PARAMETER_DEF -> PARAMETER_DEF [64:21]
    |       |   |       |--MODIFIERS -> MODIFIERS [64:21]
    |       |   |       |--TYPE -> TYPE [64:21]
    |       |   |       |   `--IDENT -> InputRegressionJava8Class1 [64:21]
    |       |   |       `--DOT -> . [64:74]
    |       |   |           |--IDENT -> InputRegressionJava8Class1 [64:48]
    |       |   |           `--LITERAL_THIS -> this [64:75]
    |       |   |--RPAREN -> ) [64:79]
    |       |   `--SLIST -> { [64:81]
    |       |       `--RCURLY -> } [64:82]
    |       `--RCURLY -> } [65:4]
    `--RCURLY -> } [66:0]
SEMI -> ; [67:0]
CLASS_DEF -> CLASS_DEF [68:0]
|--MODIFIERS -> MODIFIERS [68:0]
|--LITERAL_CLASS -> class [68:0]
|--IDENT -> InputRegressionJava8TypeParam [68:6]
|--TYPE_PARAMETERS -> TYPE_PARAMETERS [68:36]
|   |--GENERIC_START -> < [68:36]
|   |--TYPE_PARAMETER -> TYPE_PARAMETER [68:37]
|   |   |--ANNOTATIONS -> ANNOTATIONS [68:37]
|   |   |   `--ANNOTATION -> ANNOTATION [68:37]
|   |   |       |--AT -> @ [68:37]
|   |   |       `--IDENT -> Nullable [68:38]
|   |   `--IDENT -> T [68:47]
|   `--GENERIC_END -> > [68:48]
`--OBJBLOCK -> OBJBLOCK [68:50]
    |--LCURLY -> { [68:50]
    `--RCURLY -> } [69:0]
ANNOTATION_DEF -> ANNOTATION_DEF [70:0]
|--MODIFIERS -> MODIFIERS [70:0]
|   |--ANNOTATION -> ANNOTATION [70:0]
|   |   |--AT -> @ [70:0]
|   |   |--IDENT -> Retention [70:1]
|   |   |--LPAREN -> ( [70:10]
|   |   |--EXPR -> EXPR [70:26]
|   |   |   `--DOT -> . [70:26]
|   |   |       |--IDENT -> RetentionPolicy [70:11]
|   |   |       `--IDENT -> CLASS [70:27]
|   |   `--RPAREN -> ) [70:32]
|   `--ANNOTATION -> ANNOTATION [71:0]
|       |--AT -> @ [71:0]
|       |--IDENT -> Target [71:1]
|       |--LPAREN -> ( [71:7]
|       |--ANNOTATION_ARRAY_INIT -> { [71:8]
|       |   |--EXPR -> EXPR [71:21]
|       |   |   `--DOT -> . [71:21]
|       |   |       |--IDENT -> ElementType [71:10]
|       |   |       `--IDENT -> TYPE_USE [71:22]
|       |   `--RCURLY -> } [71:31]
|       `--RPAREN -> ) [71:32]
|--AT -> @ [72:0]
|--LITERAL_INTERFACE -> interface [72:1]
|--IDENT -> Nullable [72:11]
`--OBJBLOCK -> OBJBLOCK [72:20]
    |--LCURLY -> { [72:20]
    `--RCURLY -> } [73:0]]
> but was:<...DEF -> package [2:0][
|--ANNOTATIONS -> ANNOTATIONS [2:39]
|--DOT -> . [2:39]
|   |--DOT -> . [2:28]
|   |   |--DOT -> . [2:22]
|   |   |   |--DOT -> . [2:11]
|   |   |   |   |--IDENT -> com [2:8]
|   |   |   |   `--IDENT -> puppycrawl [2:12]
|   |   |   `--IDENT -> tools [2:23]
|   |   `--IDENT -> checkstyle [2:29]
|   `--IDENT -> grammar [2:40]
`--SEMI -> ; [2:47]
IMPORT -> import [4:0]
|--DOT -> . [4:27]
|   |--DOT -> . [4:16]
|   |   |--DOT -> . [4:11]
|   |   |   |--IDENT -> java [4:7]
|   |   |   `--IDENT -> lang [4:12]
|   |   `--IDENT -> annotation [4:17]
|   `--IDENT -> ElementType [4:28]
`--SEMI -> ; [4:39]
IMPORT -> import [5:0]
|--DOT -> . [5:27]
|   |--DOT -> . [5:16]
|   |   |--DOT -> . [5:11]
|   |   |   |--IDENT -> java [5:7]
|   |   |   `--IDENT -> lang [5:12]
|   |   `--IDENT -> annotation [5:17]
|   `--IDENT -> Retention [5:28]
`--SEMI -> ; [5:37]
IMPORT -> import [6:0]
|--DOT -> . [6:27]
|   |--DOT -> . [6:16]
|   |   |--DOT -> . [6:11]
|   |   |   |--IDENT -> java [6:7]
|   |   |   `--IDENT -> lang [6:12]
|   |   `--IDENT -> annotation [6:17]
|   `--IDENT -> RetentionPolicy [6:28]
`--SEMI -> ; [6:43]
IMPORT -> import [7:0]
|--DOT -> . [7:27]
|   |--DOT -> . [7:16]
|   |   |--DOT -> . [7:11]
|   |   |   |--IDENT -> java [7:7]
|   |   |   `--IDENT -> lang [7:12]
|   |   `--IDENT -> annotation [7:17]
|   `--IDENT -> Target [7:28]
`--SEMI -> ; [7:34]
IMPORT -> import [8:0]
|--DOT -> . [8:16]
|   |--DOT -> . [8:11]
|   |   |--IDENT -> java [8:7]
|   |   `--IDENT -> util [8:12]
|   `--IDENT -> ArrayList [8:17]
`--SEMI -> ; [8:26]
IMPORT -> import [9:0]
|--DOT -> . [9:16]
|   |--DOT -> . [9:11]
|   |   |--IDENT -> java [9:7]
|   |   `--IDENT -> util [9:12]
|   `--IDENT -> Collections [9:17]
`--SEMI -> ; [9:28]
IMPORT -> import [10:0]
|--DOT -> . [10:16]
|   |--DOT -> . [10:11]
|   |   |--IDENT -> java [10:7]
|   |   `--IDENT -> util [10:12]
|   `--IDENT -> Comparator [10:17]
`--SEMI -> ; [10:27]
IMPORT -> import [11:0]
|--DOT -> . [11:16]
|   |--DOT -> . [11:11]
|   |   |--IDENT -> java [11:7]
|   |   `--IDENT -> util [11:12]
|   `--IDENT -> Map [11:17]
`--SEMI -> ; [11:20]
IMPORT -> import [12:0]
|--DOT -> . [12:16]
|   |--DOT -> . [12:11]
|   |   |--IDENT -> java [12:7]
|   |   `--IDENT -> util [12:12]
|   `--IDENT -> List [12:17]
`--SEMI -> ; [12:21]
IMPORT -> import [13:0]
|--DOT -> . [13:25]
|   |--DOT -> . [13:16]
|   |   |--DOT -> . [13:11]
|   |   |   |--IDENT -> java [13:7]
|   |   |   `--IDENT -> util [13:12]
|   |   `--IDENT -> function [13:17]
|   `--IDENT -> IntBinaryOperator [13:26]
`--SEMI -> ; [13:43]
IMPORT -> import [14:0]
|--DOT -> . [14:25]
|   |--DOT -> . [14:16]
|   |   |--DOT -> . [14:11]
|   |   |   |--IDENT -> java [14:7]
|   |   |   `--IDENT -> util [14:12]
|   |   `--IDENT -> function [14:17]
|   `--IDENT -> Predicate [14:26]
`--SEMI -> ; [14:35]
IMPORT -> import [15:0]
|--DOT -> . [15:25]
|   |--DOT -> . [15:16]
|   |   |--DOT -> . [15:11]
|   |   |   |--IDENT -> java [15:7]
|   |   |   `--IDENT -> util [15:12]
|   |   `--IDENT -> function [15:17]
|   `--IDENT -> Supplier [15:26]
`--SEMI -> ; [15:34]
CLASS_DEF -> CLASS_DEF [17:0]
|--MODIFIERS -> MODIFIERS [17:0]
|   `--LITERAL_PUBLIC -> public [17:0]
|--LITERAL_CLASS -> class [17:7]
|--IDENT -> InputRegressionJava8Class1 [17:13]
`--OBJBLOCK -> OBJBLOCK [17:40]
    |--LCURLY -> { [17:40]
    |--CLASS_DEF -> CLASS_DEF [18:4]
    |   |--MODIFIERS -> MODIFIERS [18:4]
    |   |   `--LITERAL_STATIC -> static [18:4]
    |   |--LITERAL_CLASS -> class [18:11]
    |   |--IDENT -> Inner1 [18:17]
    |   `--OBJBLOCK -> OBJBLOCK [18:24]
    |       |--LCURLY -> { [18:24]
    |       |--CLASS_DEF -> CLASS_DEF [18:26]
    |       |   |--MODIFIERS -> MODIFIERS [18:26]
    |       |   |   `--LITERAL_STATIC -> static [18:26]
    |       |   |--LITERAL_CLASS -> class [18:33]
    |       |   |--IDENT -> Inner2 [18:39]
    |       |   |--TYPE_PARAMETERS -> TYPE_PARAMETERS [18:45]
    |       |   |   |--GENERIC_START -> < [18:45]
    |       |   |   |--TYPE_PARAMETER -> TYPE_PARAMETER [18:46]
    |       |   |   |   `--IDENT -> V [18:46]
    |       |   |   `--GENERIC_END -> > [18:47]
    |       |   `--OBJBLOCK -> OBJBLOCK [18:49]
    |       |       |--LCURLY -> { [18:49]
    |       |       |--METHOD_DEF -> METHOD_DEF [18:51]
    |       |       |   |--MODIFIERS -> MODIFIERS [18:51]
    |       |       |   |   `--LITERAL_PUBLIC -> public [18:51]
    |       |       |   |--TYPE -> TYPE [18:58]
    |       |       |   |   `--LITERAL_VOID -> void [18:58]
    |       |       |   |--IDENT -> m [18:63]
    |       |       |   |--LPAREN -> ( [18:64]
    |       |       |   |--PARAMETERS -> PARAMETERS [18:65]
    |       |       |   |--RPAREN -> ) [18:65]
    |       |       |   `--SLIST -> { [18:67]
    |       |       |       `--RCURLY -> } [18:68]
    |       |       `--RCURLY -> } [18:70]
    |       `--RCURLY -> } [18:72]
    |--CLASS_DEF -> CLASS_DEF [19:4]
    |   |--MODIFIERS -> MODIFIERS [19:4]
    |   |   `--LITERAL_STATIC -> static [19:4]
    |   |--LITERAL_CLASS -> class [19:11]
    |   |--IDENT -> Inner3 [19:17]
    |   |--TYPE_PARAMETERS -> TYPE_PARAMETERS [19:23]
    |   |   |--GENERIC_START -> < [19:23]
    |   |   |--TYPE_PARAMETER -> TYPE_PARAMETER [19:24]
    |   |   |   `--IDENT -> T [19:24]
    |   |   `--GENERIC_END -> > [19:25]
    |   `--OBJBLOCK -> OBJBLOCK [19:27]
    |       |--LCURLY -> { [19:27]
    |       |--METHOD_DEF -> METHOD_DEF [19:29]
    |       |   |--MODIFIERS -> MODIFIERS [19:29]
    |       |   |   `--LITERAL_PUBLIC -> public [19:29]
    |       |   |--TYPE -> TYPE [19:36]
    |       |   |   `--LITERAL_VOID -> void [19:36]
    |       |   |--IDENT -> m [19:41]
    |       |   |--LPAREN -> ( [19:42]
    |       |   |--PARAMETERS -> PARAMETERS [19:43]
    |       |   |--RPAREN -> ) [19:43]
    |       |   `--SLIST -> { [19:45]
    |       |       `--RCURLY -> } [19:46]
    |       `--RCURLY -> } [19:48]
    |--METHOD_DEF -> METHOD_DEF [21:4]
    |   |--MODIFIERS -> MODIFIERS [21:4]
    |   |   `--LITERAL_PUBLIC -> public [21:4]
    |   |--TYPE -> TYPE [21:11]
    |   |   `--LITERAL_VOID -> void [21:11]
    |   |--IDENT -> m [21:16]
    |   |--LPAREN -> ( [21:17]
    |   |--PARAMETERS -> PARAMETERS [21:18]
    |   |--RPAREN -> ) [21:18]
    |   `--SLIST -> { [21:20]
    |       `--RCURLY -> } [21:21]
    |--METHOD_DEF -> METHOD_DEF [22:4]
    |   |--MODIFIERS -> MODIFIERS [22:4]
    |   |   |--LITERAL_PUBLIC -> public [22:4]
    |   |   `--LITERAL_STATIC -> static [22:11]
    |   |--TYPE -> TYPE [22:18]
    |   |   `--LITERAL_VOID -> void [22:18]
    |   |--IDENT -> sm [22:23]
    |   |--LPAREN -> ( [22:25]
    |   |--PARAMETERS -> PARAMETERS [22:26]
    |   |--RPAREN -> ) [22:26]
    |   `--SLIST -> { [22:28]
    |       `--RCURLY -> } [22:29]
    |--METHOD_DEF -> METHOD_DEF [23:4]
    |   |--MODIFIERS -> MODIFIERS [23:4]
    |   |--TYPE -> TYPE [23:4]
    |   |   `--LITERAL_VOID -> void [23:4]
    |   |--IDENT -> m1 [23:9]
    |   |--LPAREN -> ( [23:11]
    |   |--PARAMETERS -> PARAMETERS [23:12]
    |   |--RPAREN -> ) [23:12]
    |   |--LITERAL_THROWS -> throws [23:14]
    |   |   |--ANNOTATIONS -> ANNOTATIONS [23:21]
    |   |   |   `--ANNOTATION -> ANNOTATION [23:21]
    |   |   |       |--AT -> @ [23:21]
    |   |   |       `--IDENT -> Nullable [23:22]
    |   |   `--IDENT -> Exception [23:31]
    |   `--SLIST -> { [23:41]
    |       `--RCURLY -> } [23:42]
    |--METHOD_DEF -> METHOD_DEF [24:4]
    |   |--MODIFIERS -> MODIFIERS [24:4]
    |   |   |--LITERAL_PUBLIC -> public [24:4]
    |   |   `--LITERAL_STATIC -> static [24:11]
    |   |--TYPE_PARAMETERS -> TYPE_PARAMETERS [24:18]
    |   |   |--GENERIC_START -> < [24:18]
    |   |   |--TYPE_PARAMETER -> TYPE_PARAMETER [24:19]
    |   |   |   `--IDENT -> T [24:19]
    |   |   `--GENERIC_END -> > [24:20]
    |   |--TYPE -> TYPE [24:22]
    |   |   `--LITERAL_VOID -> void [24:22]
    |   |--IDENT -> m2 [24:27]
    |   |--LPAREN -> ( [24:29]
    |   |--PARAMETERS -> PARAMETERS [24:42]
    |   |   `--PARAMETER_DEF -> PARAMETER_DEF [24:42]
    |   |       |--MODIFIERS -> MODIFIERS [24:42]
    |   |       |--TYPE -> TYPE [24:42]
    |   |       |   `--ARRAY_DECLARATOR -> [ [24:42]
    |   |       |       |--IDENT -> T [24:30]
    |   |       |       |--ANNOTATIONS -> ANNOTATIONS [24:32]
    |   |       |       |   `--ANNOTATION -> ANNOTATION [24:32]
    |   |       |       |       |--AT -> @ [24:32]
    |   |       |       |       `--IDENT -> Nullable [24:33]
    |   |       |       `--RBRACK -> ] [24:43]
    |   |       `--IDENT -> array [24:45]
    |   |--RPAREN -> ) [24:50]
    |   `--SLIST -> { [24:52]
    |       `--RCURLY -> } [24:53]
    |--METHOD_DEF -> METHOD_DEF [25:4]
    |   |--MODIFIERS -> MODIFIERS [25:4]
    |   |   `--LITERAL_PUBLIC -> public [25:4]
    |   |--TYPE -> TYPE [25:11]
    |   |   `--LITERAL_VOID -> void [25:11]
    |   |--IDENT -> m3 [25:16]
    |   |--LPAREN -> ( [25:18]
    |   |--PARAMETERS -> PARAMETERS [25:19]
    |   |--RPAREN -> ) [25:19]
    |   |--LITERAL_THROWS -> throws [25:21]
    |   |   |--IDENT -> NullPointerException [25:28]
    |   |   |--COMMA -> , [25:48]
    |   |   |--ANNOTATIONS -> ANNOTATIONS [25:50]
    |   |   |   `--ANNOTATION -> ANNOTATION [25:50]
    |   |   |       |--AT -> @ [25:50]
    |   |   |       `--IDENT -> Nullable [25:51]
    |   |   `--IDENT -> ArrayIndexOutOfBoundsException [25:60]
    |   `--SLIST -> { [25:91]
    |       `--RCURLY -> } [25:92]
    |--METHOD_DEF -> METHOD_DEF [26:4]
    |   |--MODIFIERS -> MODIFIERS [26:4]
    |   |   `--LITERAL_PUBLIC -> public [26:4]
    |   |--TYPE -> TYPE [26:11]
    |   |   `--LITERAL_VOID -> void [26:11]
    |   |--IDENT -> m4 [26:16]
    |   |--LPAREN -> ( [26:18]
    |   |--PARAMETERS -> PARAMETERS [26:19]
    |   |   `--PARAMETER_DEF -> PARAMETER_DEF [26:19]
    |   |       |--MODIFIERS -> MODIFIERS [26:19]
    |   |       |--TYPE -> TYPE [26:19]
    |   |       |   `--IDENT -> InputRegressionJava8Class1 [26:19]
    |   |       `--LITERAL_THIS -> this [26:46]
    |   |--RPAREN -> ) [26:50]
    |   `--SLIST -> { [26:52]
    |       `--RCURLY -> } [26:53]
    |--METHOD_DEF -> METHOD_DEF [27:4]
    |   |--MODIFIERS -> MODIFIERS [27:4]
    |   |   `--LITERAL_PUBLIC -> public [27:4]
    |   |--TYPE -> TYPE [27:11]
    |   |   `--LITERAL_VOID -> void [27:11]
    |   |--IDENT -> m5 [27:16]
    |   |--LPAREN -> ( [27:18]
    |   |--PARAMETERS -> PARAMETERS [27:19]
    |   |   `--PARAMETER_DEF -> PARAMETER_DEF [27:19]
    |   |       |--MODIFIERS -> MODIFIERS [27:19]
    |   |       |   `--ANNOTATION -> ANNOTATION [27:19]
    |   |       |       |--AT -> @ [27:19]
    |   |       |       `--IDENT -> Nullable [27:20]
    |   |       |--TYPE -> TYPE [27:29]
    |   |       |   `--IDENT -> InputRegressionJava8Class1 [27:29]
    |   |       `--LITERAL_THIS -> this [27:56]
    |   |--RPAREN -> ) [27:60]
    |   `--SLIST -> { [27:62]
    |       `--RCURLY -> } [27:63]
    |--INSTANCE_INIT -> INSTANCE_INIT [29:4]
    |   `--SLIST -> { [29:4]
    |       |--VARIABLE_DEF -> VARIABLE_DEF [30:8]
    |       |   |--MODIFIERS -> MODIFIERS [30:8]
    |       |   |--TYPE -> TYPE [30:8]
    |       |   |   |--IDENT -> List [30:8]
    |       |   |   `--TYPE_ARGUMENTS -> TYPE_ARGUMENTS [30:12]
    |       |   |       |--GENERIC_START -> < [30:12]
    |       |   |       |--TYPE_ARGUMENT -> TYPE_ARGUMENT [30:13]
    |       |   |       |   `--IDENT -> String [30:13]
    |       |   |       `--GENERIC_END -> > [30:19]
    |       |   |--IDENT -> vlist [30:21]
    |       |   `--ASSIGN -> = [30:27]
    |       |       `--EXPR -> EXPR [30:29]
    |       |           `--LITERAL_NEW -> new [30:29]
    |       |               |--IDENT -> ArrayList [30:33]
    |       |               |--TYPE_ARGUMENTS -> TYPE_ARGUMENTS [30:42]
    |       |               |   |--GENERIC_START -> < [30:42]
    |       |               |   |--TYPE_ARGUMENT -> TYPE_ARGUMENT [30:43]
    |       |               |   |   `--IDENT -> String [30:43]
    |       |               |   `--GENERIC_END -> > [30:49]
    |       |               |--LPAREN -> ( [30:50]
    |       |               |--ELIST -> ELIST [30:51]
    |       |               `--RPAREN -> ) [30:51]
    |       |--SEMI -> ; [30:52]
    |       `--RCURLY -> } [31:4]
    |--METHOD_DEF -> METHOD_DEF [33:4]
    |   |--MODIFIERS -> MODIFIERS [33:4]
    |   |   `--LITERAL_PUBLIC -> public [33:4]
    |   |--TYPE -> TYPE [33:11]
    |   |   `--LITERAL_VOID -> void [33:11]
    |   |--IDENT -> instructions [33:16]
    |   |--LPAREN -> ( [33:28]
    |   |--PARAMETERS -> PARAMETERS [33:29]
    |   |--RPAREN -> ) [33:29]
    |   `--SLIST -> { [33:31]
    |       |--VARIABLE_DEF -> VARIABLE_DEF [35:8]
    |       |   |--MODIFIERS -> MODIFIERS [35:8]
    |       |   |--TYPE -> TYPE [35:8]
    |       |   |   `--LITERAL_BOOLEAN -> boolean [35:8]
    |       |   |--IDENT -> b [35:16]
    |       |   `--ASSIGN -> = [35:18]
    |       |       `--EXPR -> EXPR [35:34]
    |       |           `--GT -> > [35:34]
    |       |               |--METHOD_CALL -> ( [35:31]
    |       |               |   |--DOT -> . [35:24]
    |       |               |   |   |--IDENT -> Math [35:20]
    |       |               |   |   `--IDENT -> random [35:25]
    |       |               |   |--ELIST -> ELIST [35:32]
    |       |               |   `--RPAREN -> ) [35:32]
    |       |               `--NUM_INT -> 0 [35:36]
    |       |--SEMI -> ; [35:37]
    |       |--VARIABLE_DEF -> VARIABLE_DEF [37:8]
    |       |   |--MODIFIERS -> MODIFIERS [37:8]
    |       |   |--TYPE -> TYPE [37:8]
    |       |   |   `--LITERAL_INT -> int [37:8]
    |       |   `--IDENT -> vint [37:12]
    |       |--SEMI -> ; [37:16]
    |       |--VARIABLE_DEF -> VARIABLE_DEF [38:8]
    |       |   |--MODIFIERS -> MODIFIERS [38:8]
    |       |   |--TYPE -> TYPE [38:8]
    |       |   |   `--IDENT -> Object [38:8]
    |       |   |--IDENT -> o [38:15]
    |       |   `--ASSIGN -> = [38:17]
    |       |       `--EXPR -> EXPR [38:19]
    |       |           `--LITERAL_NULL -> null [38:19]
    |       |--SEMI -> ; [38:23]
    |       |--VARIABLE_DEF -> VARIABLE_DEF [39:8]
    |       |   |--MODIFIERS -> MODIFIERS [39:8]
    |       |   |--TYPE -> TYPE [39:8]
    |       |   |   |--IDENT -> List [39:8]
    |       |   |   `--TYPE_ARGUMENTS -> TYPE_ARGUMENTS [39:12]
    |       |   |       |--GENERIC_START -> < [39:12]
    |       |   |       |--TYPE_ARGUMENT -> TYPE_ARGUMENT [39:13]
    |       |   |       |   `--IDENT -> String [39:13]
    |       |   |       `--GENERIC_END -> > [39:19]
    |       |   `--IDENT -> vlist [39:21]
    |       |--SEMI -> ; [39:26]
    |       |--EXPR -> EXPR [40:14]
    |       |   `--ASSIGN -> = [40:14]
    |       |       |--IDENT -> vlist [40:8]
    |       |       `--LITERAL_NEW -> new [40:16]
    |       |           |--IDENT -> ArrayList [40:20]
    |       |           |--TYPE_ARGUMENTS -> TYPE_ARGUMENTS [40:29]
    |       |           |   |--GENERIC_START -> < [40:29]
    |       |           |   |--TYPE_ARGUMENT -> TYPE_ARGUMENT [40:30]
    |       |           |   |   `--IDENT -> String [40:30]
    |       |           |   `--GENERIC_END -> > [40:36]
    |       |           |--LPAREN -> ( [40:37]
    |       |           |--ELIST -> ELIST [40:38]
    |       |           `--RPAREN -> ) [40:38]
    |       |--SEMI -> ; [40:39]
    |       |--VARIABLE_DEF -> VARIABLE_DEF [41:8]
    |       |   |--MODIFIERS -> MODIFIERS [41:8]
    |       |   |--TYPE -> TYPE [41:8]
    |       |   |   |--IDENT -> Supplier [41:8]
    |       |   |   `--TYPE_ARGUMENTS -> TYPE_ARGUMENTS [41:16]
    |       |   |       |--GENERIC_START -> < [41:16]
    |       |   |       |--TYPE_ARGUMENT -> TYPE_ARGUMENT [41:17]
    |       |   |       |   `--WILDCARD_TYPE -> ? [41:17]
    |       |   |       `--GENERIC_END -> > [41:18]
    |       |   `--IDENT -> s [41:20]
    |       |--SEMI -> ; [41:21]
    |       |--VARIABLE_DEF -> VARIABLE_DEF [44:11]
    |       |   |--MODIFIERS -> MODIFIERS [44:11]
    |       |   |--TYPE -> TYPE [44:11]
    |       |   |   `--DOT -> . [44:11]
    |       |   |       |--IDENT -> Map [44:8]
    |       |   |       |--ANNOTATIONS -> ANNOTATIONS [44:12]
    |       |   |       |   `--ANNOTATION -> ANNOTATION [44:12]
    |       |   |       |       |--AT -> @ [44:12]
    |       |   |       |       `--IDENT -> Nullable [44:13]
    |       |   |       `--IDENT -> Entry [44:22]
    |       |   `--IDENT -> e [44:28]
    |       |--SEMI -> ; [44:29]
    |       |--VARIABLE_DEF -> VARIABLE_DEF [45:8]
    |       |   |--MODIFIERS -> MODIFIERS [45:8]
    |       |   |--TYPE -> TYPE [45:8]
    |       |   |   `--IDENT -> String [45:8]
    |       |   |--IDENT -> str [45:15]
    |       |   `--ASSIGN -> = [45:19]
    |       |       `--EXPR -> EXPR [45:21]
    |       |           `--TYPECAST -> ( [45:21]
    |       |               |--TYPE -> TYPE [45:22]
    |       |               |   |--ANNOTATIONS -> ANNOTATIONS [45:22]
    |       |               |   |   `--ANNOTATION -> ANNOTATION [45:22]
    |       |               |   |       |--AT -> @ [45:22]
    |       |               |   |       `--IDENT -> Nullable [45:23]
    |       |               |   `--IDENT -> String [45:32]
    |       |               |--RPAREN -> ) [45:38]
    |       |               `--STRING_LITERAL -> "" [45:40]
    |       |--SEMI -> ; [45:42]
    |       |--EXPR -> EXPR [46:42]
    |       |   `--METHOD_CALL -> ( [46:42]
    |       |       |--DOT -> . [46:22]
    |       |       |   |--LPAREN -> ( [46:8]
    |       |       |   |--LITERAL_NEW -> new [46:9]
    |       |       |   |   |--IDENT -> Inner3 [46:13]
    |       |       |   |   |--LPAREN -> ( [46:19]
    |       |       |   |   |--ELIST -> ELIST [46:20]
    |       |       |   |   `--RPAREN -> ) [46:20]
    |       |       |   |--RPAREN -> ) [46:21]
    |       |       |   |--TYPE_ARGUMENTS -> TYPE_ARGUMENTS [46:23]
    |       |       |   |   |--GENERIC_START -> < [46:23]
    |       |       |   |   |--TYPE_ARGUMENT -> TYPE_ARGUMENT [46:24]
    |       |       |   |   |   |--ANNOTATIONS -> ANNOTATIONS [46:24]
    |       |       |   |   |   |   `--ANNOTATION -> ANNOTATION [46:24]
    |       |       |   |   |   |       |--AT -> @ [46:24]
    |       |       |   |   |   |       `--IDENT -> Nullable [46:25]
    |       |       |   |   |   `--IDENT -> String [46:34]
    |       |       |   |   `--GENERIC_END -> > [46:40]
    |       |       |   `--IDENT -> m [46:41]
    |       |       |--ELIST -> ELIST [46:43]
    |       |       `--RPAREN -> ) [46:43]
    |       |--SEMI -> ; [46:44]
    |       |--VARIABLE_DEF -> VARIABLE_DEF [49:8]
    |       |   |--MODIFIERS -> MODIFIERS [49:8]
    |       |   |--TYPE -> TYPE [49:8]
    |       |   |   `--IDENT -> IntBinaryOperator [49:8]
    |       |   |--IDENT -> ibo [49:26]
    |       |   `--ASSIGN -> = [49:30]
    |       |       `--EXPR -> EXPR [49:36]
    |       |           `--METHOD_REF -> :: [49:36]
    |       |               |--IDENT -> Math [49:32]
    |       |               `--IDENT -> max [49:38]
    |       |--SEMI -> ; [49:41]
    |       |--EXPR -> EXPR [50:10]
    |       |   `--ASSIGN -> = [50:10]
    |       |       |--IDENT -> s [50:8]
    |       |       `--METHOD_REF -> :: [50:38]
    |       |           |--IDENT -> InputRegressionJava8Class1 [50:12]
    |       |           `--LITERAL_NEW -> new [50:40]
    |       |--SEMI -> ; [50:43]
    |       |--EXPR -> EXPR [51:10]
    |       |   `--ASSIGN -> = [51:10]
    |       |       |--IDENT -> s [51:8]
    |       |       `--METHOD_REF -> :: [51:33]
    |       |           |--DOT -> . [51:18]
    |       |           |   |--IDENT -> Inner1 [51:12]
    |       |           |   |--IDENT -> Inner2 [51:19]
    |       |           |   `--TYPE_ARGUMENTS -> TYPE_ARGUMENTS [51:25]
    |       |           |       |--GENERIC_START -> < [51:25]
    |       |           |       |--TYPE_ARGUMENT -> TYPE_ARGUMENT [51:26]
    |       |           |       |   `--IDENT -> String [51:26]
    |       |           |       `--GENERIC_END -> > [51:32]
    |       |           `--LITERAL_NEW -> new [51:35]
    |       |--SEMI -> ; [51:38]
    |       |--VARIABLE_DEF -> VARIABLE_DEF [54:8]
    |       |   |--MODIFIERS -> MODIFIERS [54:8]
    |       |   |--TYPE -> TYPE [54:8]
    |       |   |   `--IDENT -> Runnable [54:8]
    |       |   |--IDENT -> r1 [54:17]
    |       |   `--ASSIGN -> = [54:20]
    |       |       `--LAMBDA -> -> [54:25]
    |       |           |--LPAREN -> ( [54:22]
    |       |           |--PARAMETERS -> PARAMETERS [54:23]
    |       |           |--RPAREN -> ) [54:23]
    |       |           `--EXPR -> EXPR [54:29]
    |       |               `--METHOD_CALL -> ( [54:29]
    |       |                   |--IDENT -> m [54:28]
    |       |                   |--ELIST -> ELIST [54:30]
    |       |                   `--RPAREN -> ) [54:30]
    |       |--SEMI -> ; [54:31]
    |       |--VARIABLE_DEF -> VARIABLE_DEF [55:8]
    |       |   |--MODIFIERS -> MODIFIERS [55:8]
    |       |   |--TYPE -> TYPE [55:8]
    |       |   |   `--IDENT -> Runnable [55:8]
    |       |   |--IDENT -> r2 [55:17]
    |       |   `--ASSIGN -> = [55:20]
    |       |       `--LAMBDA -> -> [55:25]
    |       |           |--LPAREN -> ( [55:22]
    |       |           |--PARAMETERS -> PARAMETERS [55:23]
    |       |           |--RPAREN -> ) [55:23]
    |       |           `--SLIST -> { [55:28]
    |       |               |--EXPR -> EXPR [55:31]
    |       |               |   `--METHOD_CALL -> ( [55:31]
    |       |               |       |--IDENT -> m [55:30]
    |       |               |       |--ELIST -> ELIST [55:32]
    |       |               |       `--RPAREN -> ) [55:32]
    |       |               |--SEMI -> ; [55:33]
    |       |               `--RCURLY -> } [55:35]
    |       |--SEMI -> ; [55:37]
    |       |--EXPR -> EXPR [56:24]
    |       |   `--METHOD_CALL -> ( [56:24]
    |       |       |--DOT -> . [56:19]
    |       |       |   |--IDENT -> Collections [56:8]
    |       |       |   `--IDENT -> sort [56:20]
    |       |       |--ELIST -> ELIST [56:25]
    |       |       |   |--EXPR -> EXPR [56:25]
    |       |       |   |   `--IDENT -> vlist [56:25]
    |       |       |   |--COMMA -> , [56:30]
    |       |       |   `--LAMBDA -> -> [56:40]
    |       |       |       |--LPAREN -> ( [56:32]
    |       |       |       |--PARAMETERS -> PARAMETERS [56:33]
    |       |       |       |   |--PARAMETER_DEF -> PARAMETER_DEF [56:33]
    |       |       |       |   |   |--MODIFIERS -> MODIFIERS [56:33]
    |       |       |       |   |   |--TYPE -> TYPE [56:33]
    |       |       |       |   |   `--IDENT -> l [56:33]
    |       |       |       |   |--COMMA -> , [56:34]
    |       |       |       |   `--PARAMETER_DEF -> PARAMETER_DEF [56:37]
    |       |       |       |       |--MODIFIERS -> MODIFIERS [56:37]
    |       |       |       |       |--TYPE -> TYPE [56:37]
    |       |       |       |       `--IDENT -> r [56:37]
    |       |       |       |--RPAREN -> ) [56:38]
    |       |       |       `--EXPR -> EXPR [56:50]
    |       |       |           `--QUESTION -> ? [56:50]
    |       |       |               |--EQUAL -> == [56:45]
    |       |       |               |   |--IDENT -> l [56:43]
    |       |       |               |   `--IDENT -> r [56:48]
    |       |       |               |--NUM_INT -> 0 [56:52]
    |       |       |               |--COLON -> : [56:54]
    |       |       |               `--NUM_INT -> 1 [56:56]
    |       |       `--RPAREN -> ) [56:57]
    |       |--SEMI -> ; [56:58]
    |       |--VARIABLE_DEF -> VARIABLE_DEF [57:8]
    |       |   |--MODIFIERS -> MODIFIERS [57:8]
    |       |   |--TYPE -> TYPE [57:8]
    |       |   |   |--IDENT -> Predicate [57:8]
    |       |   |   `--TYPE_ARGUMENTS -> TYPE_ARGUMENTS [57:17]
    |       |   |       |--GENERIC_START -> < [57:17]
    |       |   |       |--TYPE_ARGUMENT -> TYPE_ARGUMENT [57:18]
    |       |   |       |   `--WILDCARD_TYPE -> ? [57:18]
    |       |   |       `--GENERIC_END -> > [57:19]
    |       |   |--IDENT -> t [57:21]
    |       |   `--ASSIGN -> = [57:23]
    |       |       `--EXPR -> EXPR [57:29]
    |       |           `--QUESTION -> ? [57:29]
    |       |               |--LPAREN -> ( [57:25]
    |       |               |--IDENT -> b [57:26]
    |       |               |--RPAREN -> ) [57:27]
    |       |               |--LITERAL_NULL -> null [57:31]
    |       |               |--COLON -> : [57:36]
    |       |               `--LAMBDA -> -> [57:45]
    |       |                   |--IDENT -> object [57:38]
    |       |                   `--EXPR -> EXPR [57:56]
    |       |                       `--METHOD_CALL -> ( [57:56]
    |       |                           |--DOT -> . [57:49]
    |       |                           |   |--IDENT -> o [57:48]
    |       |                           |   `--IDENT -> equals [57:50]
    |       |                           |--ELIST -> ELIST [57:57]
    |       |                           |   `--EXPR -> EXPR [57:57]
    |       |                           |       `--IDENT -> object [57:57]
    |       |                           `--RPAREN -> ) [57:63]
    |       |--SEMI -> ; [57:64]
    |       |--VARIABLE_DEF -> VARIABLE_DEF [58:8]
    |       |   |--MODIFIERS -> MODIFIERS [58:8]
    |       |   |--TYPE -> TYPE [58:8]
    |       |   |   `--IDENT -> Double [58:8]
    |       |   |--IDENT -> mPi [58:15]
    |       |   `--ASSIGN -> = [58:19]
    |       |       `--EXPR -> EXPR [58:25]
    |       |           `--DOT -> . [58:25]
    |       |               |--IDENT -> Math [58:21]
    |       |               `--IDENT -> PI [58:26]
    |       |--SEMI -> ; [58:28]
    |       `--RCURLY -> } [59:4]
    |--VARIABLE_DEF -> VARIABLE_DEF [61:4]
    |   |--MODIFIERS -> MODIFIERS [61:4]
    |   |   |--LITERAL_STATIC -> static [61:4]
    |   |   `--FINAL -> final [61:11]
    |   |--TYPE -> TYPE [61:17]
    |   |   |--IDENT -> Comparator [61:17]
    |   |   `--TYPE_ARGUMENTS -> TYPE_ARGUMENTS [61:27]
    |   |       |--GENERIC_START -> < [61:27]
    |   |       |--TYPE_ARGUMENT -> TYPE_ARGUMENT [61:28]
    |   |       |   `--WILDCARD_TYPE -> ? [61:28]
    |   |       `--GENERIC_END -> > [61:29]
    |   |--IDENT -> f [61:31]
    |   |--ASSIGN -> = [61:33]
    |   |   `--EXPR -> EXPR [61:35]
    |   |       `--TYPECAST -> ( [61:35]
    |   |           |--TYPE -> TYPE [61:36]
    |   |           |   |--IDENT -> Comparator [61:36]
    |   |           |   `--TYPE_ARGUMENTS -> TYPE_ARGUMENTS [61:46]
    |   |           |       |--GENERIC_START -> < [61:46]
    |   |           |       |--TYPE_ARGUMENT -> TYPE_ARGUMENT [61:47]
    |   |           |       |   `--WILDCARD_TYPE -> ? [61:47]
    |   |           |       `--GENERIC_END -> > [61:48]
    |   |           |--RPAREN -> ) [61:49]
    |   |           `--LAMBDA -> -> [61:74]
    |   |               |--LPAREN -> ( [61:51]
    |   |               |--PARAMETERS -> PARAMETERS [61:52]
    |   |               |   |--PARAMETER_DEF -> PARAMETER_DEF [61:52]
    |   |               |   |   |--MODIFIERS -> MODIFIERS [61:52]
    |   |               |   |   |--TYPE -> TYPE [61:52]
    |   |               |   |   `--IDENT -> dateTime1 [61:52]
    |   |               |   |--COMMA -> , [61:61]
    |   |               |   `--PARAMETER_DEF -> PARAMETER_DEF [61:63]
    |   |               |       |--MODIFIERS -> MODIFIERS [61:63]
    |   |               |       |--TYPE -> TYPE [61:63]
    |   |               |       `--IDENT -> dateTime2 [61:63]
    |   |               |--RPAREN -> ) [61:72]
    |   |               `--SLIST -> { [61:77]
    |   |                   |--LITERAL_RETURN -> return [61:79]
    |   |                   |   |--EXPR -> EXPR [61:86]
    |   |                   |   |   `--NUM_INT -> 0 [61:86]
    |   |                   |   `--SEMI -> ; [61:87]
    |   |                   `--RCURLY -> } [61:89]
    |   `--SEMI -> ; [61:90]
    |--CLASS_DEF -> CLASS_DEF [63:4]
    |   |--MODIFIERS -> MODIFIERS [63:4]
    |   |   `--LITERAL_PRIVATE -> private [63:4]
    |   |--LITERAL_CLASS -> class [63:12]
    |   |--IDENT -> Inner [63:18]
    |   `--OBJBLOCK -> OBJBLOCK [63:24]
    |       |--LCURLY -> { [63:24]
    |       |--CTOR_DEF -> CTOR_DEF [64:8]
    |       |   |--MODIFIERS -> MODIFIERS [64:8]
    |       |   |   `--LITERAL_PUBLIC -> public [64:8]
    |       |   |--IDENT -> Inner [64:15]
    |       |   |--LPAREN -> ( [64:20]
    |       |   |--PARAMETERS -> PARAMETERS [64:21]
    |       |   |   `--PARAMETER_DEF -> PARAMETER_DEF [64:21]
    |       |   |       |--MODIFIERS -> MODIFIERS [64:21]
    |       |   |       |--TYPE -> TYPE [64:21]
    |       |   |       |   `--IDENT -> InputRegressionJava8Class1 [64:21]
    |       |   |       `--DOT -> . [64:74]
    |       |   |           |--IDENT -> InputRegressionJava8Class1 [64:48]
    |       |   |           `--LITERAL_THIS -> this [64:75]
    |       |   |--RPAREN -> ) [64:79]
    |       |   `--SLIST -> { [64:81]
    |       |       `--RCURLY -> } [64:82]
    |       `--RCURLY -> } [65:4]
    `--RCURLY -> } [66:0]
SEMI -> ; [67:0]
CLASS_DEF -> CLASS_DEF [68:0]
|--MODIFIERS -> MODIFIERS [68:0]
|--LITERAL_CLASS -> class [68:0]
|--IDENT -> InputRegressionJava8TypeParam [68:6]
|--TYPE_PARAMETERS -> TYPE_PARAMETERS [68:36]
|   |--GENERIC_START -> < [68:36]
|   |--TYPE_PARAMETER -> TYPE_PARAMETER [68:37]
|   |   |--ANNOTATIONS -> ANNOTATIONS [68:37]
|   |   |   `--ANNOTATION -> ANNOTATION [68:37]
|   |   |       |--AT -> @ [68:37]
|   |   |       `--IDENT -> Nullable [68:38]
|   |   `--IDENT -> T [68:47]
|   `--GENERIC_END -> > [68:48]
`--OBJBLOCK -> OBJBLOCK [68:50]
    |--LCURLY -> { [68:50]
    `--RCURLY -> } [69:0]
ANNOTATION_DEF -> ANNOTATION_DEF [70:0]
|--MODIFIERS -> MODIFIERS [70:0]
|   |--ANNOTATION -> ANNOTATION [70:0]
|   |   |--AT -> @ [70:0]
|   |   |--IDENT -> Retention [70:1]
|   |   |--LPAREN -> ( [70:10]
|   |   |--EXPR -> EXPR [70:26]
|   |   |   `--DOT -> . [70:26]
|   |   |       |--IDENT -> RetentionPolicy [70:11]
|   |   |       `--IDENT -> CLASS [70:27]
|   |   `--RPAREN -> ) [70:32]
|   `--ANNOTATION -> ANNOTATION [71:0]
|       |--AT -> @ [71:0]
|       |--IDENT -> Target [71:1]
|       |--LPAREN -> ( [71:7]
|       |--ANNOTATION_ARRAY_INIT -> { [71:8]
|       |   |--EXPR -> EXPR [71:21]
|       |   |   `--DOT -> . [71:21]
|       |   |       |--IDENT -> ElementType [71:10]
|       |   |       `--IDENT -> TYPE_USE [71:22]
|       |   `--RCURLY -> } [71:31]
|       `--RPAREN -> ) [71:32]
|--AT -> @ [72:0]
|--LITERAL_INTERFACE -> interface [72:1]
|--IDENT -> Nullable [72:11]
`--OBJBLOCK -> OBJBLOCK [72:20]
    |--LCURLY -> { [72:20]
    `--RCURLY -> } [73:0]]
>
	at com.puppycrawl.tools.checkstyle.grammar.AstRegressionTest.testJava8ClassAstTree1(AstRegressionTest.java:67)
]]></failure>
  </testcase>
  <testcase name="testAnnotationAstTree1" classname="com.puppycrawl.tools.checkstyle.grammar.AstRegressionTest" time="0">
    <failure message="Generated AST from Java file should match pre-defined AST expected:&lt;...DEF -&gt; package [1:0][&#10;|--ANNOTATIONS -&gt; ANNOTATIONS [1:39]&#10;|--DOT -&gt; . [1:39]&#10;|   |--DOT -&gt; . [1:28]&#10;|   |   |--DOT -&gt; . [1:22]&#10;|   |   |   |--DOT -&gt; . [1:11]&#10;|   |   |   |   |--IDENT -&gt; com [1:8]&#10;|   |   |   |   `--IDENT -&gt; puppycrawl [1:12]&#10;|   |   |   `--IDENT -&gt; tools [1:23]&#10;|   |   `--IDENT -&gt; checkstyle [1:29]&#10;|   `--IDENT -&gt; grammar [1:40]&#10;`--SEMI -&gt; ; [1:47]&#10;ANNOTATION_DEF -&gt; ANNOTATION_DEF [3:0]&#10;|--MODIFIERS -&gt; MODIFIERS [3:0]&#10;|--AT -&gt; @ [3:0]&#10;|--LITERAL_INTERFACE -&gt; interface [3:1]&#10;|--IDENT -&gt; InputRegressionJavaAnnotation1 [3:11]&#10;`--OBJBLOCK -&gt; OBJBLOCK [3:42]&#10;    |--LCURLY -&gt; { [3:42]&#10;    |--VARIABLE_DEF -&gt; VARIABLE_DEF [4:4]&#10;    |   |--MODIFIERS -&gt; MODIFIERS [4:4]&#10;    |   |--TYPE -&gt; TYPE [4:4]&#10;    |   |   `--LITERAL_INT -&gt; int [4:4]&#10;    |   |--IDENT -&gt; f1 [4:8]&#10;    |   |--ASSIGN -&gt; = [4:11]&#10;    |   |   `--EXPR -&gt; EXPR [4:13]&#10;    |   |       `--NUM_INT -&gt; 0 [4:13]&#10;    |   `--SEMI -&gt; ; [4:14]&#10;    |--ANNOTATION_FIELD_DEF -&gt; ANNOTATION_FIELD_DEF [6:10]&#10;    |   |--MODIFIERS -&gt; MODIFIERS [6:10]&#10;    |   |--TYPE -&gt; TYPE [6:10]&#10;    |   |   `--ARRAY_DECLARATOR -&gt; [ [6:10]&#10;    |   |       |--IDENT -&gt; String [6:4]&#10;    |   |       `--RBRACK -&gt; ] [6:11]&#10;    |   |--IDENT -&gt; m1 [6:13]&#10;    |   |--LPAREN -&gt; ( [6:15]&#10;    |   |--RPAREN -&gt; ) [6:16]&#10;    |   `--SEMI -&gt; ; [6:17]&#10;    |--ANNOTATION_FIELD_DEF -&gt; ANNOTATION_FIELD_DEF [7:10]&#10;    |   |--MODIFIERS -&gt; MODIFIERS [7:10]&#10;    |   |--TYPE -&gt; TYPE [7:10]&#10;    |   |   `--ARRAY_DECLARATOR -&gt; [ [7:10]&#10;    |   |       |--IDENT -&gt; String [7:4]&#10;    |   |       `--RBRACK -&gt; ] [7:11]&#10;    |   |--IDENT -&gt; m2 [7:13]&#10;    |   |--LPAREN -&gt; ( [7:15]&#10;    |   |--RPAREN -&gt; ) [7:16]&#10;    |   |--LITERAL_DEFAULT -&gt; default [7:18]&#10;    |   |   `--ANNOTATION_ARRAY_INIT -&gt; { [7:26]&#10;    |   |       `--RCURLY -&gt; } [7:27]&#10;    |   `--SEMI -&gt; ; [7:28]&#10;    |--CLASS_DEF -&gt; CLASS_DEF [9:4]&#10;    |   |--MODIFIERS -&gt; MODIFIERS [9:4]&#10;    |   |--LITERAL_CLASS -&gt; class [9:4]&#10;    |   |--IDENT -&gt; SomeClass [9:10]&#10;    |   `--OBJBLOCK -&gt; OBJBLOCK [9:20]&#10;    |       |--LCURLY -&gt; { [9:20]&#10;    |       |--CTOR_DEF -&gt; CTOR_DEF [10:8]&#10;    |       |   |--MODIFIERS -&gt; MODIFIERS [10:8]&#10;    |       |   |   `--LITERAL_PRIVATE -&gt; private [10:8]&#10;    |       |   |--IDENT -&gt; SomeClass [10:16]&#10;    |       |   |--LPAREN -&gt; ( [10:25]&#10;    |       |   |--PARAMETERS -&gt; PARAMETERS [10:26]&#10;    |       |   |--RPAREN -&gt; ) [10:26]&#10;    |       |   `--SLIST -&gt; { [10:28]&#10;    |       |       `--RCURLY -&gt; } [10:29]&#10;    |       `--RCURLY -&gt; } [11:4]&#10;    `--RCURLY -&gt; } [12:0]&#10;ANNOTATION_DEF -&gt; ANNOTATION_DEF [13:0]&#10;|--MODIFIERS -&gt; MODIFIERS [13:0]&#10;|--AT -&gt; @ [13:0]&#10;|--LITERAL_INTERFACE -&gt; interface [13:1]&#10;|--IDENT -&gt; ComplexAnnotation [13:11]&#10;`--OBJBLOCK -&gt; OBJBLOCK [13:29]&#10;    |--LCURLY -&gt; { [13:29]&#10;    |--ANNOTATION_FIELD_DEF -&gt; ANNOTATION_FIELD_DEF [14:34]&#10;    |   |--MODIFIERS -&gt; MODIFIERS [14:34]&#10;    |   |--TYPE -&gt; TYPE [14:34]&#10;    |   |   `--ARRAY_DECLARATOR -&gt; [ [14:34]&#10;    |   |       |--IDENT -&gt; InputRegressionJavaAnnotation1 [14:4]&#10;    |   |       `--RBRACK -&gt; ] [14:35]&#10;    |   |--IDENT -&gt; value [14:37]&#10;    |   |--LPAREN -&gt; ( [14:42]&#10;    |   |--RPAREN -&gt; ) [14:43]&#10;    |   `--SEMI -&gt; ; [14:44]&#10;    `--RCURLY -&gt; } [15:0]]&#10;&gt; but was:&lt;...DEF -&gt; package [1:0][&#10;|--ANNOTATIONS -&gt; ANNOTATIONS [1:39]&#10;|--DOT -&gt; . [1:39]&#10;|   |--DOT -&gt; . [1:28]&#10;|   |   |--DOT -&gt; . [1:22]&#10;|   |   |   |--DOT -&gt; . [1:11]&#10;|   |   |   |   |--IDENT -&gt; com [1:8]&#10;|   |   |   |   `--IDENT -&gt; puppycrawl [1:12]&#10;|   |   |   `--IDENT -&gt; tools [1:23]&#10;|   |   `--IDENT -&gt; checkstyle [1:29]&#10;|   `--IDENT -&gt; grammar [1:40]&#10;`--SEMI -&gt; ; [1:47]&#10;ANNOTATION_DEF -&gt; ANNOTATION_DEF [3:0]&#10;|--MODIFIERS -&gt; MODIFIERS [3:0]&#10;|--AT -&gt; @ [3:0]&#10;|--LITERAL_INTERFACE -&gt; interface [3:1]&#10;|--IDENT -&gt; InputRegressionJavaAnnotation1 [3:11]&#10;`--OBJBLOCK -&gt; OBJBLOCK [3:42]&#10;    |--LCURLY -&gt; { [3:42]&#10;    |--VARIABLE_DEF -&gt; VARIABLE_DEF [4:4]&#10;    |   |--MODIFIERS -&gt; MODIFIERS [4:4]&#10;    |   |--TYPE -&gt; TYPE [4:4]&#10;    |   |   `--LITERAL_INT -&gt; int [4:4]&#10;    |   |--IDENT -&gt; f1 [4:8]&#10;    |   |--ASSIGN -&gt; = [4:11]&#10;    |   |   `--EXPR -&gt; EXPR [4:13]&#10;    |   |       `--NUM_INT -&gt; 0 [4:13]&#10;    |   `--SEMI -&gt; ; [4:14]&#10;    |--ANNOTATION_FIELD_DEF -&gt; ANNOTATION_FIELD_DEF [6:10]&#10;    |   |--MODIFIERS -&gt; MODIFIERS [6:10]&#10;    |   |--TYPE -&gt; TYPE [6:10]&#10;    |   |   `--ARRAY_DECLARATOR -&gt; [ [6:10]&#10;    |   |       |--IDENT -&gt; String [6:4]&#10;    |   |       `--RBRACK -&gt; ] [6:11]&#10;    |   |--IDENT -&gt; m1 [6:13]&#10;    |   |--LPAREN -&gt; ( [6:15]&#10;    |   |--RPAREN -&gt; ) [6:16]&#10;    |   `--SEMI -&gt; ; [6:17]&#10;    |--ANNOTATION_FIELD_DEF -&gt; ANNOTATION_FIELD_DEF [7:10]&#10;    |   |--MODIFIERS -&gt; MODIFIERS [7:10]&#10;    |   |--TYPE -&gt; TYPE [7:10]&#10;    |   |   `--ARRAY_DECLARATOR -&gt; [ [7:10]&#10;    |   |       |--IDENT -&gt; String [7:4]&#10;    |   |       `--RBRACK -&gt; ] [7:11]&#10;    |   |--IDENT -&gt; m2 [7:13]&#10;    |   |--LPAREN -&gt; ( [7:15]&#10;    |   |--RPAREN -&gt; ) [7:16]&#10;    |   |--LITERAL_DEFAULT -&gt; default [7:18]&#10;    |   |   `--ANNOTATION_ARRAY_INIT -&gt; { [7:26]&#10;    |   |       `--RCURLY -&gt; } [7:27]&#10;    |   `--SEMI -&gt; ; [7:28]&#10;    |--CLASS_DEF -&gt; CLASS_DEF [9:4]&#10;    |   |--MODIFIERS -&gt; MODIFIERS [9:4]&#10;    |   |--LITERAL_CLASS -&gt; class [9:4]&#10;    |   |--IDENT -&gt; SomeClass [9:10]&#10;    |   `--OBJBLOCK -&gt; OBJBLOCK [9:20]&#10;    |       |--LCURLY -&gt; { [9:20]&#10;    |       |--CTOR_DEF -&gt; CTOR_DEF [10:8]&#10;    |       |   |--MODIFIERS -&gt; MODIFIERS [10:8]&#10;    |       |   |   `--LITERAL_PRIVATE -&gt; private [10:8]&#10;    |       |   |--IDENT -&gt; SomeClass [10:16]&#10;    |       |   |--LPAREN -&gt; ( [10:25]&#10;    |       |   |--PARAMETERS -&gt; PARAMETERS [10:26]&#10;    |       |   |--RPAREN -&gt; ) [10:26]&#10;    |       |   `--SLIST -&gt; { [10:28]&#10;    |       |       `--RCURLY -&gt; } [10:29]&#10;    |       `--RCURLY -&gt; } [11:4]&#10;    `--RCURLY -&gt; } [12:0]&#10;ANNOTATION_DEF -&gt; ANNOTATION_DEF [13:0]&#10;|--MODIFIERS -&gt; MODIFIERS [13:0]&#10;|--AT -&gt; @ [13:0]&#10;|--LITERAL_INTERFACE -&gt; interface [13:1]&#10;|--IDENT -&gt; ComplexAnnotation [13:11]&#10;`--OBJBLOCK -&gt; OBJBLOCK [13:29]&#10;    |--LCURLY -&gt; { [13:29]&#10;    |--ANNOTATION_FIELD_DEF -&gt; ANNOTATION_FIELD_DEF [14:34]&#10;    |   |--MODIFIERS -&gt; MODIFIERS [14:34]&#10;    |   |--TYPE -&gt; TYPE [14:34]&#10;    |   |   `--ARRAY_DECLARATOR -&gt; [ [14:34]&#10;    |   |       |--IDENT -&gt; InputRegressionJavaAnnotation1 [14:4]&#10;    |   |       `--RBRACK -&gt; ] [14:35]&#10;    |   |--IDENT -&gt; value [14:37]&#10;    |   |--LPAREN -&gt; ( [14:42]&#10;    |   |--RPAREN -&gt; ) [14:43]&#10;    |   `--SEMI -&gt; ; [14:44]&#10;    `--RCURLY -&gt; } [15:0]&#13;]&#10;&gt;" type="org.junit.ComparisonFailure"><![CDATA[org.junit.ComparisonFailure: 
Generated AST from Java file should match pre-defined AST expected:<...DEF -> package [1:0][
|--ANNOTATIONS -> ANNOTATIONS [1:39]
|--DOT -> . [1:39]
|   |--DOT -> . [1:28]
|   |   |--DOT -> . [1:22]
|   |   |   |--DOT -> . [1:11]
|   |   |   |   |--IDENT -> com [1:8]
|   |   |   |   `--IDENT -> puppycrawl [1:12]
|   |   |   `--IDENT -> tools [1:23]
|   |   `--IDENT -> checkstyle [1:29]
|   `--IDENT -> grammar [1:40]
`--SEMI -> ; [1:47]
ANNOTATION_DEF -> ANNOTATION_DEF [3:0]
|--MODIFIERS -> MODIFIERS [3:0]
|--AT -> @ [3:0]
|--LITERAL_INTERFACE -> interface [3:1]
|--IDENT -> InputRegressionJavaAnnotation1 [3:11]
`--OBJBLOCK -> OBJBLOCK [3:42]
    |--LCURLY -> { [3:42]
    |--VARIABLE_DEF -> VARIABLE_DEF [4:4]
    |   |--MODIFIERS -> MODIFIERS [4:4]
    |   |--TYPE -> TYPE [4:4]
    |   |   `--LITERAL_INT -> int [4:4]
    |   |--IDENT -> f1 [4:8]
    |   |--ASSIGN -> = [4:11]
    |   |   `--EXPR -> EXPR [4:13]
    |   |       `--NUM_INT -> 0 [4:13]
    |   `--SEMI -> ; [4:14]
    |--ANNOTATION_FIELD_DEF -> ANNOTATION_FIELD_DEF [6:10]
    |   |--MODIFIERS -> MODIFIERS [6:10]
    |   |--TYPE -> TYPE [6:10]
    |   |   `--ARRAY_DECLARATOR -> [ [6:10]
    |   |       |--IDENT -> String [6:4]
    |   |       `--RBRACK -> ] [6:11]
    |   |--IDENT -> m1 [6:13]
    |   |--LPAREN -> ( [6:15]
    |   |--RPAREN -> ) [6:16]
    |   `--SEMI -> ; [6:17]
    |--ANNOTATION_FIELD_DEF -> ANNOTATION_FIELD_DEF [7:10]
    |   |--MODIFIERS -> MODIFIERS [7:10]
    |   |--TYPE -> TYPE [7:10]
    |   |   `--ARRAY_DECLARATOR -> [ [7:10]
    |   |       |--IDENT -> String [7:4]
    |   |       `--RBRACK -> ] [7:11]
    |   |--IDENT -> m2 [7:13]
    |   |--LPAREN -> ( [7:15]
    |   |--RPAREN -> ) [7:16]
    |   |--LITERAL_DEFAULT -> default [7:18]
    |   |   `--ANNOTATION_ARRAY_INIT -> { [7:26]
    |   |       `--RCURLY -> } [7:27]
    |   `--SEMI -> ; [7:28]
    |--CLASS_DEF -> CLASS_DEF [9:4]
    |   |--MODIFIERS -> MODIFIERS [9:4]
    |   |--LITERAL_CLASS -> class [9:4]
    |   |--IDENT -> SomeClass [9:10]
    |   `--OBJBLOCK -> OBJBLOCK [9:20]
    |       |--LCURLY -> { [9:20]
    |       |--CTOR_DEF -> CTOR_DEF [10:8]
    |       |   |--MODIFIERS -> MODIFIERS [10:8]
    |       |   |   `--LITERAL_PRIVATE -> private [10:8]
    |       |   |--IDENT -> SomeClass [10:16]
    |       |   |--LPAREN -> ( [10:25]
    |       |   |--PARAMETERS -> PARAMETERS [10:26]
    |       |   |--RPAREN -> ) [10:26]
    |       |   `--SLIST -> { [10:28]
    |       |       `--RCURLY -> } [10:29]
    |       `--RCURLY -> } [11:4]
    `--RCURLY -> } [12:0]
ANNOTATION_DEF -> ANNOTATION_DEF [13:0]
|--MODIFIERS -> MODIFIERS [13:0]
|--AT -> @ [13:0]
|--LITERAL_INTERFACE -> interface [13:1]
|--IDENT -> ComplexAnnotation [13:11]
`--OBJBLOCK -> OBJBLOCK [13:29]
    |--LCURLY -> { [13:29]
    |--ANNOTATION_FIELD_DEF -> ANNOTATION_FIELD_DEF [14:34]
    |   |--MODIFIERS -> MODIFIERS [14:34]
    |   |--TYPE -> TYPE [14:34]
    |   |   `--ARRAY_DECLARATOR -> [ [14:34]
    |   |       |--IDENT -> InputRegressionJavaAnnotation1 [14:4]
    |   |       `--RBRACK -> ] [14:35]
    |   |--IDENT -> value [14:37]
    |   |--LPAREN -> ( [14:42]
    |   |--RPAREN -> ) [14:43]
    |   `--SEMI -> ; [14:44]
    `--RCURLY -> } [15:0]]
> but was:<...DEF -> package [1:0][
|--ANNOTATIONS -> ANNOTATIONS [1:39]
|--DOT -> . [1:39]
|   |--DOT -> . [1:28]
|   |   |--DOT -> . [1:22]
|   |   |   |--DOT -> . [1:11]
|   |   |   |   |--IDENT -> com [1:8]
|   |   |   |   `--IDENT -> puppycrawl [1:12]
|   |   |   `--IDENT -> tools [1:23]
|   |   `--IDENT -> checkstyle [1:29]
|   `--IDENT -> grammar [1:40]
`--SEMI -> ; [1:47]
ANNOTATION_DEF -> ANNOTATION_DEF [3:0]
|--MODIFIERS -> MODIFIERS [3:0]
|--AT -> @ [3:0]
|--LITERAL_INTERFACE -> interface [3:1]
|--IDENT -> InputRegressionJavaAnnotation1 [3:11]
`--OBJBLOCK -> OBJBLOCK [3:42]
    |--LCURLY -> { [3:42]
    |--VARIABLE_DEF -> VARIABLE_DEF [4:4]
    |   |--MODIFIERS -> MODIFIERS [4:4]
    |   |--TYPE -> TYPE [4:4]
    |   |   `--LITERAL_INT -> int [4:4]
    |   |--IDENT -> f1 [4:8]
    |   |--ASSIGN -> = [4:11]
    |   |   `--EXPR -> EXPR [4:13]
    |   |       `--NUM_INT -> 0 [4:13]
    |   `--SEMI -> ; [4:14]
    |--ANNOTATION_FIELD_DEF -> ANNOTATION_FIELD_DEF [6:10]
    |   |--MODIFIERS -> MODIFIERS [6:10]
    |   |--TYPE -> TYPE [6:10]
    |   |   `--ARRAY_DECLARATOR -> [ [6:10]
    |   |       |--IDENT -> String [6:4]
    |   |       `--RBRACK -> ] [6:11]
    |   |--IDENT -> m1 [6:13]
    |   |--LPAREN -> ( [6:15]
    |   |--RPAREN -> ) [6:16]
    |   `--SEMI -> ; [6:17]
    |--ANNOTATION_FIELD_DEF -> ANNOTATION_FIELD_DEF [7:10]
    |   |--MODIFIERS -> MODIFIERS [7:10]
    |   |--TYPE -> TYPE [7:10]
    |   |   `--ARRAY_DECLARATOR -> [ [7:10]
    |   |       |--IDENT -> String [7:4]
    |   |       `--RBRACK -> ] [7:11]
    |   |--IDENT -> m2 [7:13]
    |   |--LPAREN -> ( [7:15]
    |   |--RPAREN -> ) [7:16]
    |   |--LITERAL_DEFAULT -> default [7:18]
    |   |   `--ANNOTATION_ARRAY_INIT -> { [7:26]
    |   |       `--RCURLY -> } [7:27]
    |   `--SEMI -> ; [7:28]
    |--CLASS_DEF -> CLASS_DEF [9:4]
    |   |--MODIFIERS -> MODIFIERS [9:4]
    |   |--LITERAL_CLASS -> class [9:4]
    |   |--IDENT -> SomeClass [9:10]
    |   `--OBJBLOCK -> OBJBLOCK [9:20]
    |       |--LCURLY -> { [9:20]
    |       |--CTOR_DEF -> CTOR_DEF [10:8]
    |       |   |--MODIFIERS -> MODIFIERS [10:8]
    |       |   |   `--LITERAL_PRIVATE -> private [10:8]
    |       |   |--IDENT -> SomeClass [10:16]
    |       |   |--LPAREN -> ( [10:25]
    |       |   |--PARAMETERS -> PARAMETERS [10:26]
    |       |   |--RPAREN -> ) [10:26]
    |       |   `--SLIST -> { [10:28]
    |       |       `--RCURLY -> } [10:29]
    |       `--RCURLY -> } [11:4]
    `--RCURLY -> } [12:0]
ANNOTATION_DEF -> ANNOTATION_DEF [13:0]
|--MODIFIERS -> MODIFIERS [13:0]
|--AT -> @ [13:0]
|--LITERAL_INTERFACE -> interface [13:1]
|--IDENT -> ComplexAnnotation [13:11]
`--OBJBLOCK -> OBJBLOCK [13:29]
    |--LCURLY -> { [13:29]
    |--ANNOTATION_FIELD_DEF -> ANNOTATION_FIELD_DEF [14:34]
    |   |--MODIFIERS -> MODIFIERS [14:34]
    |   |--TYPE -> TYPE [14:34]
    |   |   `--ARRAY_DECLARATOR -> [ [14:34]
    |   |       |--IDENT -> InputRegressionJavaAnnotation1 [14:4]
    |   |       `--RBRACK -> ] [14:35]
    |   |--IDENT -> value [14:37]
    |   |--LPAREN -> ( [14:42]
    |   |--RPAREN -> ) [14:43]
    |   `--SEMI -> ; [14:44]
    `--RCURLY -> } [15:0]]
>
	at com.puppycrawl.tools.checkstyle.grammar.AstRegressionTest.testAnnotationAstTree1(AstRegressionTest.java:109)
]]></failure>
  </testcase>
</testsuite>