<?xml version="1.0" encoding="UTF-8" ?>
<testsuite tests="95" failures="0" name="org.apache.commons.io.FileUtilsTestCase" time="3.338" errors="0" skipped="0">
  <properties>
    <property name="java.runtime.name" value="Java(TM) SE Runtime Environment"/>
    <property name="sun.boot.library.path" value="C:\Program Files\Java\jdk1.8.0_45\jre\bin"/>
    <property name="java.vm.version" value="25.45-b02"/>
    <property name="java.vm.vendor" value="Oracle Corporation"/>
    <property name="java.vendor.url" value="http://java.oracle.com/"/>
    <property name="path.separator" value=";"/>
    <property name="java.vm.name" value="Java HotSpot(TM) 64-Bit Server VM"/>
    <property name="file.encoding.pkg" value="sun.io"/>
    <property name="user.script" value=""/>
    <property name="user.country" value="IN"/>
    <property name="sun.java.launcher" value="SUN_STANDARD"/>
    <property name="sun.os.patch.level" value=""/>
    <property name="java.vm.specification.name" value="Java Virtual Machine Specification"/>
    <property name="user.dir" value="F:\sd\commons-io-commons-io-2.0"/>
    <property name="java.runtime.version" value="1.8.0_45-b15"/>
    <property name="java.awt.graphicsenv" value="sun.awt.Win32GraphicsEnvironment"/>
    <property name="basedir" value="F:\sd\commons-io-commons-io-2.0"/>
    <property name="java.endorsed.dirs" value="C:\Program Files\Java\jdk1.8.0_45\jre\lib\endorsed"/>
    <property name="os.arch" value="amd64"/>
    <property name="java.io.tmpdir" value="C:\Users\RAVNEE~1\AppData\Local\Temp\"/>
    <property name="line.separator" value="
"/>
    <property name="java.vm.specification.vendor" value="Oracle Corporation"/>
    <property name="user.variant" value=""/>
    <property name="os.name" value="Windows 8.1"/>
    <property name="sun.jnu.encoding" value="Cp1252"/>
    <property name="java.library.path" value="C:\Program Files\Java\jdk1.8.0_45\jre\bin;C:\WINDOWS\Sun\Java\bin;C:\WINDOWS\system32;C:\WINDOWS;C:\Program Files (x86)\Common Files\Oracle\Java\javapath;E:\app\RAVNEET\product\11.2.0\dbhome_1\bin;C:\ProgramData\Oracle\Java\javapath;C:\Program Files (x86)\Intel\iCLS Client\;C:\Program Files\Intel\iCLS Client\;C:\Program Files (x86)\NVIDIA Corporation\PhysX\Common;C:\Windows\system32;C:\Windows;C:\Windows\System32\Wbem;C:\Windows\System32\WindowsPowerShell\v1.0\;C:\Program Files\Intel\Intel(R) Management Engine Components\DAL;C:\Program Files (x86)\Intel\Intel(R) Management Engine Components\DAL;C:\Program Files\Intel\Intel(R) Management Engine Components\IPT;C:\Program Files (x86)\Intel\Intel(R) Management Engine Components\IPT;C:\Program Files\Java\jdk1.8.0_45\bin;C:\Program Files\Java\jre1.8.0_45\bin;C:\Program Files\Microsoft SQL Server\Client SDK\ODBC\110\Tools\Binn\;C:\Program Files (x86)\Microsoft SQL Server\120\Tools\Binn\;C:\Program Files\Microsoft SQL Server\120\Tools\Binn\;C:\Program Files\Microsoft SQL Server\120\DTS\Binn\;C:\Program Files (x86)\Microsoft SQL Server\120\Tools\Binn\ManagementStudio\;C:\Program Files (x86)\Microsoft SQL Server\120\DTS\Binn\;C:\WINDOWS\system32;C:\WINDOWS;C:\WINDOWS\System32\Wbem;C:\WINDOWS\System32\WindowsPowerShell\v1.0\;C:\WINDOWS\System32\OpenSSH\;;C:\Program Files\NVIDIA Corporation\NVIDIA NvDLISR;C:\Users\RAVNEET SINGH BRAR\AppData\Local\Programs\Python\Python37-32\Scripts\;C:\Users\RAVNEET SINGH BRAR\AppData\Local\Programs\Python\Python37-32\;C:\Users\RAVNEET SINGH BRAR\AppData\Local\Microsoft\WindowsApps;C:\Users\RAVNEET SINGH BRAR\AppData\Local\atom\bin;C:\Program Files\JetBrains\PyCharm Community Edition 2019.1.2\bin;;C:\Program Files\JetBrains\IntelliJ IDEA Community Edition 2019.1.2\bin;;."/>
    <property name="java.specification.name" value="Java Platform API Specification"/>
    <property name="java.class.version" value="52.0"/>
    <property name="sun.management.compiler" value="HotSpot 64-Bit Tiered Compilers"/>
    <property name="os.version" value="6.3"/>
    <property name="user.home" value="C:\Users\RAVNEET SINGH BRAR"/>
    <property name="user.timezone" value="America/New_York"/>
    <property name="java.awt.printerjob" value="sun.awt.windows.WPrinterJob"/>
    <property name="file.encoding" value="Cp1252"/>
    <property name="java.specification.version" value="1.8"/>
    <property name="user.name" value="RAVNEET SINGH BRAR"/>
    <property name="java.class.path" value="C:\Users\RAVNEE~1\AppData\Local\Temp\surefirebooter5806450189092162211.jar;C:\\Users\\RAVNEET SINGH BRAR\\.m2\\repository\\org\\jacoco\\org.jacoco.agent\\0.7.7.201606060606\\org.jacoco.agent-0.7.7.201606060606-runtime.jar"/>
    <property name="java.vm.specification.version" value="1.8"/>
    <property name="sun.arch.data.model" value="64"/>
    <property name="java.home" value="C:\Program Files\Java\jdk1.8.0_45\jre"/>
    <property name="sun.java.command" value="C:\Users\RAVNEE~1\AppData\Local\Temp\surefirebooter5806450189092162211.jar C:\Users\RAVNEE~1\AppData\Local\Temp\surefire8875807426115812427tmp C:\Users\RAVNEE~1\AppData\Local\Temp\surefire8849650570592187332tmp"/>
    <property name="java.specification.vendor" value="Oracle Corporation"/>
    <property name="user.language" value="en"/>
    <property name="awt.toolkit" value="sun.awt.windows.WToolkit"/>
    <property name="java.vm.info" value="mixed mode"/>
    <property name="java.version" value="1.8.0_45"/>
    <property name="java.ext.dirs" value="C:\Program Files\Java\jdk1.8.0_45\jre\lib\ext;C:\WINDOWS\Sun\Java\lib\ext"/>
    <property name="sun.boot.class.path" value="C:\Program Files\Java\jdk1.8.0_45\jre\lib\resources.jar;C:\Program Files\Java\jdk1.8.0_45\jre\lib\rt.jar;C:\Program Files\Java\jdk1.8.0_45\jre\lib\sunrsasign.jar;C:\Program Files\Java\jdk1.8.0_45\jre\lib\jsse.jar;C:\Program Files\Java\jdk1.8.0_45\jre\lib\jce.jar;C:\Program Files\Java\jdk1.8.0_45\jre\lib\charsets.jar;C:\Program Files\Java\jdk1.8.0_45\jre\lib\jfr.jar;C:\Program Files\Java\jdk1.8.0_45\jre\classes"/>
    <property name="java.vendor" value="Oracle Corporation"/>
    <property name="localRepository" value="C:\Users\RAVNEET SINGH BRAR\.m2\repository"/>
    <property name="file.separator" value="\"/>
    <property name="java.vendor.url.bug" value="http://bugreport.sun.com/bugreport/"/>
    <property name="sun.cpu.endian" value="little"/>
    <property name="sun.io.unicode.encoding" value="UnicodeLittle"/>
    <property name="sun.desktop" value="windows"/>
    <property name="sun.cpu.isalist" value="amd64"/>
  </properties>
  <testcase classname="org.apache.commons.io.FileUtilsTestCase" name="testListFiles" time="0.126"/>
  <testcase classname="org.apache.commons.io.FileUtilsTestCase" name="testSizeOf" time="0.012"/>
  <testcase classname="org.apache.commons.io.FileUtilsTestCase" name="testToFile1" time="0.008"/>
  <testcase classname="org.apache.commons.io.FileUtilsTestCase" name="testToFiles1" time="0.01"/>
  <testcase classname="org.apache.commons.io.FileUtilsTestCase" name="testToFiles3" time="0.007"/>
  <testcase classname="org.apache.commons.io.FileUtilsTestCase" name="testToURLs1" time="0.012"/>
  <testcase classname="org.apache.commons.io.FileUtilsTestCase" name="testForceMkdir" time="0.012"/>
  <testcase classname="org.apache.commons.io.FileUtilsTestCase" name="testToFile5" time="0.009"/>
  <testcase classname="org.apache.commons.io.FileUtilsTestCase" name="testToFiles2" time="0.009"/>
  <testcase classname="org.apache.commons.io.FileUtilsTestCase" name="testCopyFile1" time="0.015"/>
  <testcase classname="org.apache.commons.io.FileUtilsTestCase" name="testToFileUtf8" time="0.007"/>
  <testcase classname="org.apache.commons.io.FileUtilsTestCase" name="testCopyToSelf" time="0.008"/>
  <testcase classname="org.apache.commons.io.FileUtilsTestCase" name="testToFile2" time="0.005"/>
  <testcase classname="org.apache.commons.io.FileUtilsTestCase" name="testToFiles4" time="0.008"/>
  <testcase classname="org.apache.commons.io.FileUtilsTestCase" name="testToFile3" time="0.005"/>
  <testcase classname="org.apache.commons.io.FileUtilsTestCase" name="testFileUtils" time="0.016"/>
  <testcase classname="org.apache.commons.io.FileUtilsTestCase" name="testTouch" time="0.016"/>
  <testcase classname="org.apache.commons.io.FileUtilsTestCase" name="testCopyFile2" time="0.011"/>
  <testcase classname="org.apache.commons.io.FileUtilsTestCase" name="testToFile4" time="0.009"/>
  <testcase classname="org.apache.commons.io.FileUtilsTestCase" name="testDecodeUrl" time="0.011"/>
  <testcase classname="org.apache.commons.io.FileUtilsTestCase" name="testChecksum" time="0.011"/>
  <testcase classname="org.apache.commons.io.FileUtilsTestCase" name="testReadLines" time="0.014"/>
  <testcase classname="org.apache.commons.io.FileUtilsTestCase" name="testIterateFiles" time="0.024"/>
  <testcase classname="org.apache.commons.io.FileUtilsTestCase" name="testWriteLines_4arg_Writer_nullData" time="0.006"/>
  <testcase classname="org.apache.commons.io.FileUtilsTestCase" name="testCopyDirectoryToDirectory_NonExistingDest" time="0.041"/>
  <testcase classname="org.apache.commons.io.FileUtilsTestCase" name="test_openOutputStream_noParentCreateFile" time="0.014"/>
  <testcase classname="org.apache.commons.io.FileUtilsTestCase" name="test_openOutputStream_noParentNoFile" time="0.005"/>
  <testcase classname="org.apache.commons.io.FileUtilsTestCase" name="test_openOutputStream_existsButIsDirectory" time="0.007"/>
  <testcase classname="org.apache.commons.io.FileUtilsTestCase" name="testCopyDirectoryToNonExistingDest" time="0.03"/>
  <testcase classname="org.apache.commons.io.FileUtilsTestCase" name="testMoveDirectoryToDirectory_Errors" time="0.006"/>
  <testcase classname="org.apache.commons.io.FileUtilsTestCase" name="testWriteLines_4arg_nullSeparator" time="0.01"/>
  <testcase classname="org.apache.commons.io.FileUtilsTestCase" name="test_openInputStream_existsButIsDirectory" time="0.006"/>
  <testcase classname="org.apache.commons.io.FileUtilsTestCase" name="testReadFileToStringWithDefaultEncoding" time="0.008"/>
  <testcase classname="org.apache.commons.io.FileUtilsTestCase" name="testCopyFile2WithoutFileDatePreservation" time="0.008"/>
  <testcase classname="org.apache.commons.io.FileUtilsTestCase" name="testWriteLines_3arg_nullSeparator" time="0.009"/>
  <testcase classname="org.apache.commons.io.FileUtilsTestCase" name="test_openOutputStream_notExistsCannotCreate" time="0.006"/>
  <testcase classname="org.apache.commons.io.FileUtilsTestCase" name="testForceDeleteAFile2" time="0.006"/>
  <testcase classname="org.apache.commons.io.FileUtilsTestCase" name="testWriteLines_4arg" time="0.01"/>
  <testcase classname="org.apache.commons.io.FileUtilsTestCase" name="testMoveFile_CopyDelete_Failed" time="0.008"/>
  <testcase classname="org.apache.commons.io.FileUtilsTestCase" name="testChecksumOnNullFile" time="0.004"/>
  <testcase classname="org.apache.commons.io.FileUtilsTestCase" name="testMoveFileToDirectory_Errors" time="0.007"/>
  <testcase classname="org.apache.commons.io.FileUtilsTestCase" name="testCopyURLToFile" time="0.023"/>
  <testcase classname="org.apache.commons.io.FileUtilsTestCase" name="testByteCountToDisplaySize" time="0.005"/>
  <testcase classname="org.apache.commons.io.FileUtilsTestCase" name="testCopyDirectoryFiltered" time="0.044"/>
  <testcase classname="org.apache.commons.io.FileUtilsTestCase" name="testContentEquals" time="0.022"/>
  <testcase classname="org.apache.commons.io.FileUtilsTestCase" name="testSizeOfDirectory" time="0.008"/>
  <testcase classname="org.apache.commons.io.FileUtilsTestCase" name="testWriteStringToFile2" time="0.008"/>
  <testcase classname="org.apache.commons.io.FileUtilsTestCase" name="testMoveDirectory_Errors" time="0.007"/>
  <testcase classname="org.apache.commons.io.FileUtilsTestCase" name="testMoveDirectoryToDirectory" time="0.01"/>
  <testcase classname="org.apache.commons.io.FileUtilsTestCase" name="testDecodeUrlNullSafe" time="0.005"/>
  <testcase classname="org.apache.commons.io.FileUtilsTestCase" name="testWriteCharSequence2" time="0.008"/>
  <testcase classname="org.apache.commons.io.FileUtilsTestCase" name="testCopyDirectoryPreserveDates" time="0.032"/>
  <testcase classname="org.apache.commons.io.FileUtilsTestCase" name="testChecksumDouble" time="0.013"/>
  <testcase classname="org.apache.commons.io.FileUtilsTestCase" name="testDecodeUrlEncodingUtf8" time="0.006"/>
  <testcase classname="org.apache.commons.io.FileUtilsTestCase" name="testWriteCharSequence1" time="0.008"/>
  <testcase classname="org.apache.commons.io.FileUtilsTestCase" name="testDeleteQuietlyFile" time="0.005"/>
  <testcase classname="org.apache.commons.io.FileUtilsTestCase" name="testMoveFile_CopyDelete" time="0.007"/>
  <testcase classname="org.apache.commons.io.FileUtilsTestCase" name="testForceDeleteAFile1" time="0.006"/>
  <testcase classname="org.apache.commons.io.FileUtilsTestCase" name="testForceDeleteDir" time="0.009"/>
  <testcase classname="org.apache.commons.io.FileUtilsTestCase" name="test_openOutputStream_notExists" time="0.008"/>
  <testcase classname="org.apache.commons.io.FileUtilsTestCase" name="testCopyDirectoryToExistingDest" time="0.026"/>
  <testcase classname="org.apache.commons.io.FileUtilsTestCase" name="testCopyDirectoryToItself" time="0.009"/>
  <testcase classname="org.apache.commons.io.FileUtilsTestCase" name="testChecksumCRC32" time="0.008"/>
  <testcase classname="org.apache.commons.io.FileUtilsTestCase" name="testDeleteQuietlyDir" time="0.006"/>
  <testcase classname="org.apache.commons.io.FileUtilsTestCase" name="testDecodeUrlLenient" time="0.005"/>
  <testcase classname="org.apache.commons.io.FileUtilsTestCase" name="testCopyDirectoryToChild" time="0.062"/>
  <testcase classname="org.apache.commons.io.FileUtilsTestCase" name="testCopyDirectoryErrors" time="0.007"/>
  <testcase classname="org.apache.commons.io.FileUtilsTestCase" name="testWriteStringToFile1" time="0.007"/>
  <testcase classname="org.apache.commons.io.FileUtilsTestCase" name="testCopyURLToFileWithTimeout" time="0.01"/>
  <testcase classname="org.apache.commons.io.FileUtilsTestCase" name="testIsFileNewerOlder" time="2.009"/>
  <testcase classname="org.apache.commons.io.FileUtilsTestCase" name="testCopyDirectoryToGrandChild" time="0.06"/>
  <testcase classname="org.apache.commons.io.FileUtilsTestCase" name="testCopyFile1ToDir" time="0.007"/>
  <testcase classname="org.apache.commons.io.FileUtilsTestCase" name="testMoveFile_Errors" time="0.006"/>
  <testcase classname="org.apache.commons.io.FileUtilsTestCase" name="testMoveFile_Rename" time="0.006"/>
  <testcase classname="org.apache.commons.io.FileUtilsTestCase" name="testReadFileToStringWithEncoding" time="0.007"/>
  <testcase classname="org.apache.commons.io.FileUtilsTestCase" name="testChecksumOnNullChecksum" time="0.007"/>
  <testcase classname="org.apache.commons.io.FileUtilsTestCase" name="testWriteByteArrayToFile" time="0.006"/>
  <testcase classname="org.apache.commons.io.FileUtilsTestCase" name="test_openOutputStream_exists" time="0.007"/>
  <testcase classname="org.apache.commons.io.FileUtilsTestCase" name="testForceDeleteAFile3" time="0.005"/>
  <testcase classname="org.apache.commons.io.FileUtilsTestCase" name="testCopyFile2ToDir" time="0.008"/>
  <testcase classname="org.apache.commons.io.FileUtilsTestCase" name="testDeleteQuietlyForNull" time="0.006"/>
  <testcase classname="org.apache.commons.io.FileUtilsTestCase" name="testReadFileToByteArray" time="0.008"/>
  <testcase classname="org.apache.commons.io.FileUtilsTestCase" name="testDeleteQuietlyNonExistent" time="0.006"/>
  <testcase classname="org.apache.commons.io.FileUtilsTestCase" name="testMoveFileToDirectory" time="0.007"/>
  <testcase classname="org.apache.commons.io.FileUtilsTestCase" name="testChecksumOnDirectory" time="0.005"/>
  <testcase classname="org.apache.commons.io.FileUtilsTestCase" name="testMoveDirectory_CopyDelete" time="0.014"/>
  <testcase classname="org.apache.commons.io.FileUtilsTestCase" name="testMoveToDirectory" time="0.008"/>
  <testcase classname="org.apache.commons.io.FileUtilsTestCase" name="testMoveToDirectory_Errors" time="0.004"/>
  <testcase classname="org.apache.commons.io.FileUtilsTestCase" name="testMoveDirectory_Rename" time="0.008"/>
  <testcase classname="org.apache.commons.io.FileUtilsTestCase" name="testGetTempDirectory" time="0.004"/>
  <testcase classname="org.apache.commons.io.FileUtilsTestCase" name="testGetUserDirectoryPath" time="0.004"/>
  <testcase classname="org.apache.commons.io.FileUtilsTestCase" name="testGetUserDirectory" time="0.005"/>
  <testcase classname="org.apache.commons.io.FileUtilsTestCase" name="test_openInputStream_notExists" time="0.006"/>
  <testcase classname="org.apache.commons.io.FileUtilsTestCase" name="test_openInputStream_exists" time="0.008"/>
  <testcase classname="org.apache.commons.io.FileUtilsTestCase" name="testGetTempDirectoryPath" time="0.005"/>
</testsuite>